0.005 0 0 0 0 -5.78929e-06 -1.86572e-06 1.95524e-06 5.8786e-06 -1.08855e-06 -3.24258e-07 4.15278e-07 1.17964e-06 1.47851e-05 4.73107e-06 -4.64023e-06 -1.46942e-05
0.025 0 0 0 0 -4.3211e-06 -3.92981e-07 3.42798e-06 7.34677e-06 5.73064e-07 1.3361e-06 2.07563e-06 2.84124e-06 1.64304e-05 6.37652e-06 -2.99478e-06 -1.30488e-05
0.045 0 0 0 0 -1.54403e-06 2.3902e-06 6.21114e-06 1.01237e-05 4.68902e-06 5.45185e-06 6.19136e-06 6.95712e-06 2.05929e-05 1.05384e-05 1.16712e-06 -8.88642e-06
0.065 0 0 0 0 1.66954e-06 5.60747e-06 9.4283e-06 1.33369e-05 1.09705e-05 1.17353e-05 1.24748e-05 1.32385e-05 2.76643e-05 1.76085e-05 8.23714e-06 -1.81506e-06
0.085 0 0 0 0 5.41113e-06 9.35321e-06 1.31739e-05 1.70781e-05 1.89204e-05 1.96863e-05 2.04257e-05 2.11882e-05 3.79793e-05 2.79221e-05 1.85507e-05 8.49969e-06
0.105 0 0 0 0 9.69849e-06 1.36463e-05 1.74669e-05 2.13649e-05 2.79627e-05 2.87279e-05 2.94671e-05 3.02299e-05 5.05832e-05 4.0525e-05 3.11535e-05 2.11034e-05
0.125 0 0 0 0 1.281e-05 1.67585e-05 2.05788e-05 2.44758e-05 3.61642e-05 3.69315e-05 3.76707e-05 3.84311e-05 6.2093e-05 5.20332e-05 4.26616e-05 3.26129e-05
0.145 0 0 0 0 1.29243e-05 1.68657e-05 2.06859e-05 2.45897e-05 3.97969e-05 4.05683e-05 4.13074e-05 4.20636e-05 6.79533e-05 5.78921e-05 4.85205e-05 3.8473e-05
0.165 0 0 0 0 1.74081e-05 2.13659e-05 2.51861e-05 2.90735e-05 4.42371e-05 4.50017e-05 4.57408e-05 4.65037e-05 7.30297e-05 6.29695e-05 5.35979e-05 4.35494e-05
0.185 0 0 0 0 2.45595e-05 2.85389e-05 3.23592e-05 3.62248e-05 5.18711e-05 5.26319e-05 5.3371e-05 5.41375e-05 7.87335e-05 6.8673e-05 5.93013e-05 4.92532e-05
0.205 0 0 0 0 2.57811e-05 2.97515e-05 3.35717e-05 3.7446e-05 5.7387e-05 5.81606e-05 5.88997e-05 5.96536e-05 8.22009e-05 7.21361e-05 6.27645e-05 5.27205e-05
0.225 0 0 0 0 2.33655e-05 2.73232e-05 3.11433e-05 3.50302e-05 5.747e-05 5.82471e-05 5.89861e-05 5.97365e-05 8.52142e-05 7.51489e-05 6.57772e-05 5.57337e-05
0.245 0 0 0 0 2.34042e-05 2.73725e-05 3.11926e-05 3.50689e-05 5.60008e-05 5.67628e-05 5.75017e-05 5.82668e-05 8.95356e-05 7.94744e-05 7.01027e-05 6.00548e-05
0.265 0 0 0 0 1.48331e-05 1.87757e-05 2.25958e-05 2.64979e-05 4.59621e-05 4.67293e-05 4.74682e-05 4.82281e-05 8.03494e-05 7.02885e-05 6.09167e-05 5.08686e-05
0.285 0 0 0 0 1.69905e-05 2.09467e-05 2.47668e-05 2.86553e-05 4.38844e-05 4.46493e-05 4.53881e-05 4.61503e-05 7.26704e-05 6.26098e-05 5.3238e-05 4.31896e-05
0.305 0 0 0 0 1.12216e-05 1.51638e-05 1.89839e-05 2.28864e-05 3.28726e-05 3.36466e-05 3.43855e-05 3.51385e-05 5.38303e-05 4.37683e-05 3.43966e-05 2.43496e-05
0.325 0 0 0 0 -4.44122e-08 3.87833e-06 7.69843e-06 1.16204e-05 1.20148e-05 1.27867e-05 1.35256e-05 1.42806e-05 2.92001e-05 1.91414e-05 9.76966e-06 -2.80653e-07
0.345 0 0 0 0 1.14807e-05 1.54707e-05 1.92906e-05 2.31449e-05 1.35123e-05 1.42482e-05 1.49872e-05 1.57784e-05 2.93661e-05 1.93158e-05 9.94402e-06 -1.1473e-07
0.365 0 0 0 0 -1.06063e-05 -6.7085e-06 -2.88851e-06 1.05809e-06 -4.54431e-06 -3.76518e-06 -3.02629e-06 -2.27845e-06 7.76452e-06 -2.29411e-06 -1.16659e-05 -2.17165e-05
0.385 0 0 0 0 -2.38579e-05 -1.99954e-05 -1.61753e-05 -1.21934e-05 -2.13275e-05 -2.05447e-05 -1.98059e-05 -1.90621e-05 -7.12347e-06 -1.71804e-05 -2.65523e-05 -3.66047e-05
0.405 0 0 0 0 -1.57507e-05 -1.18188e-05 -7.99901e-06 -4.08713e-06 -2.77271e-05 -2.69946e-05 -2.6256e-05 -2.54618e-05 -1.05932e-05 -2.06366e-05 -3.00084e-05 -4.00743e-05
0.425 0 0 0 0 -4.90557e-06 -9.42454e-07 2.87733e-06 6.75783e-06 -1.76304e-05 -1.6896e-05 -1.61573e-05 -1.53653e-05 -9.42281e-06 -1.9469e-05 -2.88411e-05 -3.89044e-05
0.445 0 0 0 0 -1.65199e-06 2.27079e-06 6.09047e-06 1.00113e-05 8.58942e-07 1.64594e-06 2.38432e-06 3.12321e-06 -1.22156e-06 -1.12843e-05 -2.06562e-05 -3.07033e-05
0.465 0 0 0 0 1.02317e-05 1.41774e-05 1.79971e-05 2.1895e-05 2.39622e-05 2.4743e-05 2.54815e-05 2.62268e-05 3.17685e-05 2.17047e-05 1.23326e-05 2.28632e-06
0.485 0 0 0 0 2.66417e-05 3.06447e-05 3.44644e-05 3.83048e-05 4.97327e-05 5.04705e-05 5.12089e-05 5.19971e-05 8.1517e-05 7.14624e-05 6.20904e-05 5.20352e-05
0.505 0 0 0 0 5.07889e-06 8.96911e-06 1.27887e-05 1.67418e-05 4.78495e-05 4.86319e-05 4.93698e-05 5.01122e-05 9.44727e-05 8.44079e-05 7.50356e-05 6.49899e-05
0.525 0 0 0 0 -9.29712e-07 2.93501e-06 6.7544e-06 1.07325e-05 4.32604e-05 4.40511e-05 4.47892e-05 4.55235e-05 9.14663e-05 8.14005e-05 7.20282e-05 6.19834e-05
0.545 0 0 0 0 6.14082e-05 6.55199e-05 6.93393e-05 7.30703e-05 9.05483e-05 9.12514e-05 9.19894e-05 9.28109e-05 0.000125801 0.000115749 0.000106377 9.63186e-05
0.565 0 0 0 0 6.81604e-05 7.22244e-05 7.60435e-05 7.98214e-05 0.000115164 0.000115946 0.000116684 0.000117427 0.000127511 0.000117433 0.00010806 9.80274e-05
0.585 0 0 0 0 4.83486e-05 5.22899e-05 5.61088e-05 6.00087e-05 0.000116587 0.000117434 0.000118172 0.00011885 0.000134744 0.000124651 0.000115278 0.000105261
0.605 0 0 0 0 7.44258e-05 7.8514e-05 8.23327e-05 8.60853e-05 0.000138158 0.000138886 0.000139623 0.00014042 0.000196047 0.000185983 0.00017661 0.000166563
0.625 0 0 0 0 4.27817e-05 4.67537e-05 5.05724e-05 5.44414e-05 0.000116728 0.000117474 0.000118211 0.000118986 0.00019683 0.000186765 0.000177393 0.000167345
0.645 0 0 0 0 1.17446e-05 1.55828e-05 1.94012e-05 2.34034e-05 8.93191e-05 9.01374e-05 9.08743e-05 9.1578e-05 0.000156431 0.000146351 0.000136978 0.000126946
0.665 0 0 0 0 6.19665e-05 6.60349e-05 6.98533e-05 7.36251e-05 0.000108401 0.000109138 0.000109875 0.00011066 0.000146502 0.000136437 0.000127064 0.000117017
0.685 0 0 0 0 9.4886e-05 9.90697e-05 0.000102889 0.000106546 0.000128323 0.00012905 0.000129787 0.000130581 0.00013473 0.000124661 0.000115289 0.000105245
0.705 0 0 0 0 0.000126925 0.000131135 0.000134953 0.000138583 0.000190503 0.000191276 0.000192013 0.000192761 0.000190643 0.000180554 0.000171181 0.000161158
0.725 0 0 0 0 0.00014469 0.000148855 0.000152672 0.000156343 0.00026505 0.000265856 0.000266593 0.000267309 0.000309023 0.000298919 0.000289546 0.000279537
0.745 0 0 0 0 8.76871e-05 9.15984e-05 9.54139e-05 9.9335e-05 0.000257206 0.000258051 0.000258786 0.000259459 0.000377131 0.000367023 0.000357649 0.000347643
0.765 0 0 0 0 5.16392e-05 5.55009e-05 5.93166e-05 6.32875e-05 0.000211313 0.000212081 0.000212814 0.00021356 0.000380749 0.000370669 0.000361294 0.000351258
0.785 0 0 0 0 5.67772e-05 6.07559e-05 6.45715e-05 6.84252e-05 0.000163428 0.000164138 0.000164871 0.000165675 0.000292883 0.00028282 0.000273446 0.000263392
0.805 0 0 0 0 5.92016e-05 6.32226e-05 6.70382e-05 7.08497e-05 0.000110074 0.00011086 0.000111594 0.000112322 0.000127057 0.000116972 0.000107598 9.75654e-05
0.825 0 0 0 0 3.73815e-05 4.13973e-05 4.52128e-05 4.90296e-05 2.78e-05 2.8626e-05 2.93572e-05 3.00395e-05 -3.96258e-05 -4.97164e-05 -5.90917e-05 -6.91204e-05
0.845 0 0 0 0 -1.09144e-05 -6.90507e-06 -3.09095e-06 7.28748e-07 -7.90221e-05 -7.82896e-05 -7.7558e-05 -7.67816e-05 -0.000141615 -0.000151667 -0.000161042 -0.00017111
0.865 0 0 0 0 -0.000123374 -0.000119633 -0.00011582 -0.000111736 -0.000219303 -0.000218601 -0.000217869 -0.000217063 -0.000230585 -0.000240605 -0.000249981 -0.000260081
0.885 0 0 0 0 -0.000210089 -0.000206582 -0.00020277 -0.000198454 -0.000324822 -0.000324105 -0.000323374 -0.000322583 -0.000312631 -0.000322637 -0.000332013 -0.000342128
0.905 0 0 0 0 -0.000168345 -0.000164646 -0.000160835 -0.000156712 -0.000314966 -0.000314301 -0.00031357 -0.000312727 -0.000342394 -0.000352392 -0.000361768 -0.000371891
0.925 0 0 0 0 -5.11236e-05 -4.70945e-05 -4.32838e-05 -3.94936e-05 -0.000198503 -0.000197838 -0.000197108 -0.000196269 -0.000301012 -0.000311034 -0.000320411 -0.000330511
0.945 0 0 0 0 6.39764e-05 6.81841e-05 7.19948e-05 7.56064e-05 -6.26122e-06 -5.50197e-06 -4.77315e-06 -4.03037e-06 -0.000134191 -0.000144267 -0.000153644 -0.000163691
0.965 0 0 0 0 4.35849e-05 4.74912e-05 5.13022e-05 5.52155e-05 9.69629e-05 9.78598e-05 9.85889e-05 9.91943e-05 6.69748e-05 5.68587e-05 4.74813e-05 3.74737e-05
0.985 0 0 0 0 4.3011e-05 4.68892e-05 5.07e-05 5.46411e-05 0.000174796 0.000175544 0.000176273 0.000177028 0.000323058 0.000312984 0.000303606 0.000293557
1.005 0 0 0 0 9.75541e-05 0.000101583 0.000105394 0.000109185 0.00028023 0.000280852 0.000281577 0.000282449 0.00052172 0.000511665 0.000502287 0.000492215
1.025 0 0 0 0 0.000187104 0.00019121 0.000195017 0.000198722 0.000429838 0.000430631 0.000431357 0.000432061 0.000602408 0.000592284 0.000582906 0.000572903
1.045 0 0 0 0 0.000262896 0.000267094 0.000270901 0.00027451 0.000529163 0.00053013 0.000530858 0.000531388 0.000591884 0.000581692 0.000572313 0.000562377
1.065 0 0 0 0 0.000250938 0.000255219 0.000259025 0.000262552 0.000464739 0.000465612 0.000466339 0.000466963 0.000518363 0.000508203 0.000498824 0.000488857
1.085 0 0 0 0 0.00017752 0.000181807 0.000185614 0.000189135 0.000318058 0.000318719 0.000319446 0.000320282 0.000435986 0.000425904 0.000416525 0.000406479
1.105 0 0 0 0 5.78553e-06 9.57862e-06 1.3385e-05 1.73988e-05 0.000111095 0.000111844 0.000112571 0.000113317 0.00024657 0.000236499 0.000227121 0.000217064
1.125 0 0 0 0 -5.9257e-05 -5.5576e-05 -5.17695e-05 -4.76434e-05 -2.08032e-05 -2.00172e-05 -1.92903e-05 -1.85798e-05 5.14427e-05 4.13756e-05 3.19966e-05 2.19355e-05
1.145 0 0 0 0 -3.55425e-05 -3.15974e-05 -2.77912e-05 -2.39295e-05 -0.000105698 -0.000105002 -0.000104275 -0.000103475 -0.000139327 -0.000149369 -0.000158747 -0.000168832
1.165 0 0 0 0 -8.39282e-05 -8.00397e-05 -7.62333e-05 -7.23148e-05 -0.000231459 -0.000230719 -0.000229993 -0.000229236 -0.000355327 -0.00036537 -0.000374749 -0.000384834
1.185 0 0 0 0 -0.000175031 -0.000171354 -0.000167547 -0.000163418 -0.000369016 -0.000368253 -0.000367528 -0.000366797 -0.000507313 -0.000517343 -0.000526722 -0.00053682
1.205 0 0 0 0 -0.000275314 -0.000271829 -0.000268026 -0.000263712 -0.000507803 -0.000507111 -0.000506385 -0.000505583 -0.000595309 -0.000605298 -0.000614678 -0.000624818
1.225 0 0 0 0 -0.000437718 -0.00043465 -0.000430848 -0.000426122 -0.000713247 -0.000712532 -0.000711807 -0.000711028 -0.000765521 -0.000775483 -0.000784863 -0.000795031
1.245 0 0 0 0 -0.000603051 -0.000600334 -0.000596535 -0.000591471 -0.000981531 -0.00098079 -0.000980066 -0.000979318 -0.00107486 -0.00108479 -0.00109417 -0.00110437
1.265 0 0 0 0 -0.00066921 -0.000666366 -0.000662577 -0.000657667 -0.00123469 -0.00123408 -0.00123336 -0.00123249 -0.00145276 -0.00146264 -0.00147202 -0.00148228
1.285 0 0 0 0 -0.000680872 -0.00067779 -0.00067401 -0.000669365 -0.00142206 -0.00142155 -0.00142083 -0.00141989 -0.00181296 -0.00182281 -0.0018322 -0.00184249
1.305 0 0 0 0 -0.000657533 -0.000654318 -0.00065054 -0.000646036 -0.00146802 -0.00146747 -0.00146676 -0.00146587 -0.00198272 -0.00199258 -0.00200197 -0.00201226
1.325 0 0 0 0 -0.000581137 -0.0005778 -0.000574024 -0.000569642 -0.00132449 -0.00132392 -0.00132321 -0.00132234 -0.00181271 -0.00182259 -0.00183198 -0.00184225
1.345 0 0 0 0 -0.000637427 -0.000634572 -0.000630795 -0.000625931 -0.0012003 -0.00119958 -0.00119887 -0.00119815 -0.001506 -0.00151593 -0.00152532 -0.00153554
1.365 0 0 0 0 -0.000769346 -0.000767083 -0.000763303 -0.000757842 -0.00119261 -0.00119184 -0.00119114 -0.00119047 -0.00126394 -0.00127385 -0.00128324 -0.00129348
1.385 0 0 0 0 -0.000817758 -0.000815511 -0.00081173 -0.000806251 -0.0012583 -0.0012577 -0.00125699 -0.00125615 -0.00123116 -0.00124101 -0.00125041 -0.0012607
1.405 0 0 0 0 -0.000874772 -0.000872516 -0.000868733 -0.00086326 -0.00145747 -0.00145685 -0.00145614 -0.00145533 -0.00158894 -0.00159879 -0.00160818 -0.00161848
1.425 0 0 0 0 -0.000858969 -0.000856382 -0.000852607 -0.000847486 -0.00166847 -0.00166782 -0.00166711 -0.00166633 -0.0021081 -0.00211795 -0.00212734 -0.00213764
1.445 0 0 0 0 -0.000757572 -0.000754338 -0.000750572 -0.000746121 -0.00177361 -0.00177314 -0.00177245 -0.0017715 -0.00244623 -0.00245605 -0.00246544 -0.00247579
1.465 0 0 0 0 -0.000606486 -0.000602763 -0.000598997 -0.000595038 -0.00161656 -0.00161623 -0.00161553 -0.00161445 -0.00230818 -0.00231799 -0.00232738 -0.00233774
1.485 0 0 0 0 -0.000381118 -0.000377247 -0.000373481 -0.00036967 -0.00107112 -0.00107068 -0.00106999 -0.00106902 -0.00155229 -0.00156219 -0.00157158 -0.00158185
1.505 0 0 0 0 4.50273e-05 4.92703e-05 5.30364e-05 5.64759e-05 -7.516e-05 -7.45833e-05 -7.38871e-05 -7.30656e-05 -0.000179183 -0.000189224 -0.000198619 -0.000208746
1.525 0 0 0 0 0.000580182 0.000584871 0.000588632 0.0005916 0.00115576 0.00115654 0.00115723 0.00115784 0.00148611 0.00147588 0.00146648 0.00145654
1.545 0 0 0 0 0.00124437 0.00124986 0.00125357 0.00125559 0.00250572 0.00250657 0.00250724 0.00250769 0.00322422 0.00321377 0.00320435 0.0031946
1.565 0 0 0 0 0.00193826 0.00194467 0.00194832 0.00194917 0.00381822 0.00381915 0.00381978 0.00382005 0.00481972 0.00480906 0.00479963 0.00479007
1.585 0 0 0 0 0.00251879 0.00252587 0.00252946 0.00252937 0.00493068 0.00493176 0.00493236 0.00493238 0.00613296 0.00612209 0.00611265 0.00610327
1.605 0 0 0 0 0.00268966 0.00269646 0.0027 0.00270002 0.00546985 0.00547121 0.00547178 0.00547144 0.00686175 0.00685072 0.00684128 0.00683203
1.625 0 0 0 0 0.0025797 0.00258621 0.00258976 0.00259006 0.00538453 0.00538572 0.00538628 0.00538605 0.00694813 0.00693715 0.0069277 0.00691838
1.645 0 0 0 0 0.002418 0.00242471 0.00242825 0.00242836 0.00491849 0.00491921 0.00491976 0.00492 0.00644583 0.00643504 0.00642559 0.00641609
1.665 0 0 0 0 0.00207265 0.00207891 0.00208245 0.002083 0.00413997 0.00414077 0.00414132 0.00414146 0.0052878 0.00527705 0.0052676 0.00525805
1.685 0 0 0 0 0.00161774 0.00162333 0.00162687 0.00162807 0.0031383 0.00313931 0.00313987 0.00313979 0.00376678 0.00375608 0.00374663 0.00373703
1.705 0 0 0 0 0.000837946 0.000842326 0.000845857 0.000848263 0.00165296 0.00165389 0.00165444 0.00165444 0.0019187 0.0019082 0.00189875 0.00188895
1.725 0 0 0 0 -0.000550613 -0.000548863 -0.000545327 -0.000540265 -0.000639655 -0.000638894 -0.000638345 -0.000638178 -0.000562843 -0.000572989 -0.000582442 -0.000592599
1.745 0 0 0 0 -0.0022444 -0.0022457 -0.0022422 -0.00223433 -0.00357126 -0.00357089 -0.00357034 -0.00356979 -0.00379958 -0.00380923 -0.00381869 -0.00382934
1.765 0 0 0 0 -0.00375435 -0.00375781 -0.00375449 -0.0037453 -0.00667648 -0.00667683 -0.00667636 -0.00667532 -0.0076642 -0.00767334 -0.00768283 -0.00769403
1.785 0 0 0 0 -0.00471066 -0.0047148 -0.00471177 -0.00470311 -0.00930652 -0.00930774 -0.00930746 -0.00930622 -0.011525 -0.0115338 -0.0115433 -0.011555
1.805 0 0 0 0 -0.00516312 -0.00516702 -0.00516431 -0.00515697 -0.0110126 -0.0110146 -0.0110146 -0.0110136 -0.0144599 -0.0144686 -0.0144782 -0.0144903
1.825 0 0 0 0 -0.00531799 -0.00532159 -0.00531907 -0.00531229 -0.0116413 -0.0116437 -0.0116438 -0.0116428 -0.0156085 -0.0156172 -0.0156268 -0.015639
1.845 0 0 0 0 -0.00503475 -0.005038 -0.00503546 -0.00502902 -0.0109315 -0.0109341 -0.0109343 -0.0109331 -0.0143904 -0.0143991 -0.0144087 -0.0144209
1.865 0 0 0 0 -0.00407406 -0.00407649 -0.00407394 -0.00406831 -0.00860439 -0.00860701 -0.00860717 -0.008606 -0.0108977 -0.0109066 -0.0109163 -0.0109282
1.885 0 0 0 0 -0.00252387 -0.00252542 -0.00252284 -0.00251812 -0.00491474 -0.00491633 -0.00491651 -0.00491645 -0.00596247 -0.00597207 -0.00598174 -0.00599305
1.905 0 0 0 0 -0.000939279 -0.000940352 -0.000937791 -0.000933571 -0.00104457 -0.00104455 -0.00104471 -0.00104621 -0.000963348 -0.000973796 -0.000983476 -0.000993951
1.925 0 0 0 0 0.000957428 0.000959463 0.000962091 0.000963408 0.00254689 0.00254685 0.00254665 0.00254524 0.00365615 0.00364534 0.00363568 0.00362562
1.945 0 0 0 0 0.00303428 0.00304103 0.00304372 0.00304034 0.00587859 0.00587778 0.00587761 0.00587703 0.00766069 0.00764962 0.00763996 0.00763014
1.965 0 0 0 0 0.00446755 0.00447535 0.0044777 0.00447203 0.00863112 0.00863117 0.0086309 0.00862906 0.010639 0.0106273 0.0106176 0.0106083
1.985 0 0 0 0 0.00512536 0.00513221 0.00513427 0.00512838 0.010347 0.0103482 0.0103478 0.0103444 0.012638 0.0126257 0.012616 0.0126073
2.005 0 0 0 0 0.00514242 0.00514917 0.00515122 0.00514535 0.0106003 0.0106007 0.0106002 0.0105973 0.0135058 0.0134936 0.0134839 0.0134749
2.025 0 0 0 0 0.00453089 0.0045371 0.00453914 0.00453384 0.0095232 0.00952253 0.00952203 0.00952013 0.0127671 0.0127553 0.0127456 0.0127362
2.045 0 0 0 0 0.00348344 0.00348775 0.0034898 0.0034864 0.00758338 0.00758291 0.0075824 0.00758026 0.0102321 0.0102205 0.0102107 0.0102011
2.065 0 0 0 0 0.00271661 0.00272061 0.00272265 0.00271956 0.00542618 0.00542571 0.00542516 0.00542296 0.00676278 0.00675133 0.00674156 0.00673181
2.085 0 0 0 0 0.00235478 0.00236044 0.00236247 0.00235771 0.00346451 0.00346304 0.00346249 0.00346126 0.00350347 0.00349241 0.00348263 0.00347246
2.105 0 0 0 0 0.00202282 0.00202916 0.00203116 0.00202569 0.00215874 0.00215675 0.00215621 0.00215556 0.00146274 0.00145194 0.00144216 0.00143175
2.125 0 0 0 0 0.000757503 0.00075965 0.000761683 0.000760504 0.000890842 0.000890146 0.000889615 0.000887686 0.000298978 0.000288045 0.000278259 0.000267971
2.145 0 0 0 0 -0.00135828 -0.00136235 -0.00136034 -0.00135518 -0.00126153 -0.00126142 -0.00126195 -0.00126466 -0.000989117 -0.00099986 -0.00100965 -0.00102014
2.165 0 0 0 0 -0.00254355 -0.0025484 -0.00254637 -0.00254044 -0.00348677 -0.003489 -0.00348957 -0.00348994 -0.00258278 -0.00259254 -0.0026023 -0.00261373
2.185 0 0 0 0 -0.00209761 -0.00209837 -0.00209632 -0.00209436 -0.00430493 -0.00430907 -0.00430962 -0.00430814 -0.00435015 -0.00435943 -0.0043692 -0.00438113
2.205 0 0 0 0 -0.000911571 -0.000909639 -0.000907631 -0.000908382 -0.0033849 -0.00338704 -0.0033876 -0.00338813 -0.00557341 -0.00558351 -0.00559326 -0.00560434
2.225 0 0 0 0 -0.00034508 -0.000343689 -0.000341678 -0.000341905 -0.00225703 -0.00225666 -0.00225724 -0.00226032 -0.00540165 -0.00541261 -0.00542236 -0.00543257
2.245 0 0 0 0 -0.000538752 -0.000537944 -0.00053591 -0.000535522 -0.00186191 -0.00186298 -0.00186354 -0.00186518 -0.00336454 -0.00337506 -0.00338483 -0.0033955
2.265 0 0 0 0 -0.000786469 -0.00078615 -0.000784112 -0.000783236 -0.00128042 -0.00128404 -0.00128461 -0.00128367 -0.000211093 -0.000220813 -0.00023058 -0.000242056
2.285 0 0 0 0 -0.00054991 -0.000551636 -0.000549608 -0.00054671 0.000411295 0.000409128 0.000408576 0.000408122 0.00245239 0.00244215 0.00243237 0.00242141
2.305 0 0 0 0 0.000175274 0.000172379 0.000174462 0.000178561 0.0021997 0.00220076 0.00220017 0.00219642 0.0034381 0.00342673 0.00341697 0.00340715
2.325 0 0 0 0 0.00167758 0.00168007 0.00168213 0.0016808 0.00326052 0.00326053 0.00325996 0.00325725 0.00354249 0.00353114 0.00352136 0.00351152
2.345 0 0 0 0 0.00346138 0.00347162 0.00347365 0.0034645 0.00430647 0.00430323 0.00430267 0.00430325 0.00423585 0.00422513 0.00421537 0.00420492
2.365 0 0 0 0 0.00427353 0.00428407 0.00428609 0.00427653 0.00608315 0.00608109 0.00608054 0.00607996 0.00612794 0.00611668 0.00610691 0.00609698
2.385 0 0 0 0 0.0041406 0.00414599 0.00414801 0.00414356 0.00811525 0.00811666 0.00811611 0.00811208 0.00918971 0.00917741 0.00916766 0.0091588
2.405 0 0 0 0 0.00281624 0.0028159 0.00281788 0.00281906 0.00799767 0.00799966 0.00799916 0.00799457 0.011141 0.0111287 0.0111189 0.01111
2.425 0 0 0 0 0.00120498 0.00120287 0.00120485 0.0012078 0.00546288 0.00546147 0.00546073 0.0054589 0.0100199 0.0100088 0.00999889 0.00998851
2.445 0 0 0 0 0.0011818 0.00118395 0.00118596 0.00118472 0.00327216 0.00326816 0.00326741 0.00326807 0.00640745 0.00639706 0.0063872 0.00637599
2.465 0 0 0 0 0.00214421 0.00215038 0.00215234 0.00214702 0.00251291 0.00251094 0.00251025 0.00250897 0.00181951 0.00180837 0.00179854 0.0017881
2.485 0 0 0 0 0.00208899 0.00209477 0.00209674 0.00209182 0.00152016 0.00152118 0.00152049 0.00151629 -0.00190076 -0.00191273 -0.00192256 -0.00193214
2.505 0 0 0 0 -0.000407439 -0.000406757 -0.000404768 -0.000404284 -0.00184024 -0.00184021 -0.00184085 -0.00184399 -0.00428139 -0.00429257 -0.00430241 -0.00431286
2.525 0 0 0 0 -0.00458662 -0.00459445 -0.00459246 -0.0045836 -0.00714802 -0.00715148 -0.00715217 -0.00715188 -0.00662539 -0.00663466 -0.00664448 -0.00665683
2.545 0 0 0 0 -0.0078723 -0.00788481 -0.00788195 -0.00786702 -0.011769 -0.0117741 -0.011775 -0.0117734 -0.0103921 -0.0104003 -0.0104101 -0.0104235
2.565 0 0 0 0 -0.00841447 -0.0084278 -0.00842605 -0.00841148 -0.0137948 -0.0137973 -0.0137981 -0.0137988 -0.0152894 -0.015298 -0.0153076 -0.0153203
2.585 0 0 0 0 -0.00594844 -0.00595308 -0.0059517 -0.0059467 -0.0130848 -0.0130872 -0.0130878 -0.0130891 -0.0185615 -0.0185712 -0.0185813 -0.0185937
2.605 0 0 0 0 -0.00268829 -0.00268266 -0.00268245 -0.00268983 -0.0105745 -0.0105778 -0.0105788 -0.0105783 -0.0176532 -0.0176635 -0.0176726 -0.0176838
2.625 0 0 0 0 -0.00150332 -0.00149762 -0.00149668 -0.00150323 -0.0072007 -0.00720413 -0.00720518 -0.00720533 -0.0123699 -0.0123807 -0.0123907 -0.0124023
2.645 0 0 0 0 -0.00237518 -0.00237956 -0.00237756 -0.00237257 -0.00361889 -0.00362051 -0.0036222 -0.00362653 -0.00436545 -0.00437656 -0.00438649 -0.00439788
2.665 0 0 0 0 -0.00247082 -0.00248005 -0.00247741 -0.00246641 -6.98839e-06 -8.52371e-06 -9.9951e-06 -1.48852e-05 0.00376643 0.00375496 0.00374465 0.00373322
2.685 0 0 0 0 0.000434848 0.000432256 0.000434841 0.000438502 0.0043726 0.00436758 0.00436585 0.00436408 0.00974371 0.00973285 0.00972269 0.00971061
2.705 0 0 0 0 0.00478695 0.004795 0.00479735 0.0047894 0.00927464 0.00927064 0.00926912 0.00926678 0.0123592 0.012347 0.0123368 0.012326
2.725 0 0 0 0 0.00765075 0.00766176 0.0076631 0.0076515 0.0128384 0.0128392 0.0128377 0.0128305 0.0127347 0.0127203 0.0127103 0.0127017
2.745 0 0 0 0 0.00771533 0.0077265 0.00772752 0.00771579 0.012825 0.0128258 0.0128242 0.0128171 0.0126718 0.0126576 0.0126478 0.0126393
2.765 0 0 0 0 0.00507533 0.00508281 0.00508416 0.00507582 0.00936438 0.00936053 0.00935924 0.00935707 0.0121624 0.0121501 0.0121397 0.0121288
2.785 0 0 0 0 0.000958539 0.000956201 0.000957537 0.000958407 0.00456734 0.0045623 0.00456072 0.00455927 0.00937232 0.00936148 0.00935155 0.00933968
2.805 0 0 0 0 -0.00229239 -0.00230158 -0.00229922 -0.00228962 -0.000109829 -0.000111786 -0.000113273 -0.000117852 0.00321344 0.00320195 0.00319149 0.00317965
2.825 0 0 0 0 -0.00326704 -0.00327433 -0.00327244 -0.00326554 -0.00467851 -0.00467989 -0.00468164 -0.00468604 -0.005239 -0.00525001 -0.00525988 -0.00527149
2.845 0 0 0 0 -0.00307987 -0.00307827 -0.0030773 -0.00308067 -0.00901372 -0.0090177 -0.00901897 -0.00901882 -0.0134676 -0.013478 -0.0134881 -0.0135004
2.865 0 0 0 0 -0.00431469 -0.00431238 -0.00431244 -0.004318 -0.0128208 -0.0128254 -0.0128264 -0.0128248 -0.0194499 -0.0194599 -0.0194694 -0.0194816
2.885 0 0 0 0 -0.00761721 -0.0076232 -0.00762361 -0.00761896 -0.0161481 -0.0161503 -0.0161513 -0.016152 -0.0222178 -0.0222277 -0.0222373 -0.0222496
2.905 0 0 0 0 -0.0106427 -0.0106561 -0.0106579 -0.0106447 -0.0184887 -0.0184914 -0.0184921 -0.0184918 -0.0218277 -0.0218367 -0.0218465 -0.0218602
2.925 0 0 0 0 -0.0114364 -0.0114499 -0.0114508 -0.0114353 -0.0185358 -0.0185415 -0.0185425 -0.0185403 -0.019645 -0.0196527 -0.0196622 -0.0196768
2.945 0 0 0 0 -0.00948691 -0.00949824 -0.00949834 -0.00948549 -0.015467 -0.0154712 -0.0154721 -0.0154717 -0.0169027 -0.0169116 -0.0169218 -0.0169359
2.965 0 0 0 0 -0.00504655 -0.00505131 -0.00505108 -0.00504712 -0.00977706 -0.00977908 -0.00978058 -0.0097831 -0.0130396 -0.0130501 -0.0130597 -0.0130714
2.985 0 0 0 0 0.000330093 0.000335157 0.000336299 0.000329515 -0.00281653 -0.00281891 -0.0028203 -0.00282289 -0.00669555 -0.00670751 -0.00671792 -0.00672909
3.005 0 0 0 0 0.00418488 0.00419416 0.00419469 0.00418135 0.0041752 0.00417161 0.00416985 0.00416724 0.00228131 0.00226927 0.00225951 0.00224907
3.025 0 0 0 0 0.00578358 0.00579002 0.00579085 0.00578114 0.0106431 0.0106411 0.0106397 0.0106355 0.0127327 0.0127196 0.0127092 0.012699
3.045 0 0 0 0 0.00691651 0.00691468 0.00691322 0.00691081 0.0162972 0.0162995 0.0162977 0.0162901 0.0226053 0.0225917 0.022582 0.0225733
3.065 0 0 0 0 0.00873263 0.00873381 0.0087317 0.00873744 0.0209817 0.0209889 0.0209879 0.0209837 0.0293493 0.0293369 0.0293279 0.0293186
3.085 0 0 0 0 0.0109068 0.0109186 0.0109151 0.0109257 0.0243118 0.0243227 0.0243213 0.0243135 0.0316827 0.0316693 0.0316612 0.0316539
3.105 0 0 0 0 0.0129544 0.0129612 0.0129485 0.0129482 0.0253562 0.0253693 0.0253693 0.0253605 0.0301884 0.0301727 0.0301638 0.0301573
3.125 0 0 0 0 0.0139263 0.0139467 0.0139431 0.0139431 0.0230349 0.0230398 0.0230385 0.0230322 0.0259928 0.0259783 0.0259694 0.0259615
3.145 0 0 0 0 0.012476 0.0124979 0.0124961 0.012487 0.0179507 0.0179469 0.0179455 0.0179446 0.0199905 0.019977 0.0199668 0.0199563
3.165 0 0 0 0 0.00793991 0.00794911 0.00794778 0.00794188 0.0114913 0.0114873 0.0114852 0.0114825 0.012756 0.0127432 0.0127332 0.0127222
3.185 0 0 0 0 0.00186092 0.00185039 0.00184825 0.00185038 0.00421877 0.00421844 0.00421663 0.00420956 0.00490088 0.0048872 0.00487627 0.00486525
3.205 0 0 0 0 -0.00343881 -0.0034504 -0.00345088 -0.00344804 -0.00368473 -0.00368813 -0.00369031 -0.00369583 -0.00315009 -0.00316204 -0.00317284 -0.00318535
3.225 0 0 0 0 -0.00693157 -0.0069425 -0.00694291 -0.00693701 -0.0112761 -0.0112847 -0.0112875 -0.0112893 -0.011576 -0.0115855 -0.0115955 -0.0116096
3.245 0 0 0 0 -0.009282 -0.0092923 -0.00929367 -0.00928761 -0.0172203 -0.0172285 -0.0172305 -0.0172301 -0.0203456 -0.0203549 -0.0203656 -0.0203805
3.265 0 0 0 0 -0.0109138 -0.0109236 -0.010929 -0.0109254 -0.0210842 -0.0210904 -0.0210927 -0.0210929 -0.0277312 -0.0277403 -0.0277492 -0.0277622
3.285 0 0 0 0 -0.0116028 -0.0116089 -0.0116179 -0.0116232 -0.0233035 -0.0233072 -0.0233077 -0.0233034 -0.0312246 -0.0312343 -0.0312442 -0.0312577
3.305 0 0 0 0 -0.0116428 -0.0116462 -0.0116575 -0.0116627 -0.0237965 -0.0238063 -0.0238078 -0.0237986 -0.0300983 -0.0301053 -0.0301134 -0.0301277
3.325 0 0 0 0 -0.0111995 -0.0112046 -0.0112148 -0.0112187 -0.0215705 -0.0215817 -0.0215824 -0.0215731 -0.0253417 -0.0253492 -0.0253593 -0.0253755
3.345 0 0 0 0 -0.00993123 -0.00994594 -0.00995456 -0.00995297 -0.0164673 -0.0164738 -0.0164756 -0.0164748 -0.0186707 -0.01868 -0.0186897 -0.0187039
3.365 0 0 0 0 -0.00684783 -0.00686648 -0.00687279 -0.00687146 -0.00971796 -0.00971959 -0.00972155 -0.00972785 -0.0110108 -0.0110227 -0.0110336 -0.0110465
3.385 0 0 0 0 -0.00207471 -0.00208592 -0.00209023 -0.00209823 -0.00282129 -0.00282483 -0.00282711 -0.00283213 -0.00303928 -0.00305147 -0.00306241 -0.00307506
3.405 0 0 0 0 0.00277538 0.00277619 0.00277727 0.0027739 0.00372578 0.00371903 0.00371656 0.00371424 0.00448747 0.00447514 0.00446387 0.00445111
3.425 0 0 0 0 0.00602561 0.00603161 0.00603031 0.00602698 0.00955826 0.00955501 0.00955233 0.0095475 0.0108729 0.0108602 0.0108503 0.0108395
3.445 0 0 0 0 0.00748239 0.00748649 0.00748324 0.00748619 0.0138621 0.0138656 0.0138639 0.0138556 0.0159446 0.0159299 0.0159194 0.01591
3.465 0 0 0 0 0.00781812 0.0078211 0.00781709 0.00782298 0.015764 0.015769 0.0157669 0.0157583 0.0193793 0.0193658 0.0193567 0.019348
3.485 0 0 0 0 0.00744172 0.00744422 0.00744063 0.00744554 0.015239 0.0152413 0.0152397 0.015235 0.0201972 0.0201843 0.0201742 0.0201636
3.505 0 0 0 0 0.00629959 0.00630077 0.00629748 0.00630039 0.0129415 0.0129416 0.0129393 0.012935 0.0174966 0.0174847 0.0174755 0.0174649
3.525 0 0 0 0 0.00450614 0.0045033 0.00450105 0.00450356 0.00925359 0.00925399 0.00925206 0.00924548 0.011606 0.0115924 0.0115817 0.0115709
3.545 0 0 0 0 0.00215068 0.00214436 0.00214272 0.0021414 0.0039067 0.00390492 0.00390242 0.0038951 0.00383146 0.00381802 0.00380745 0.00379656
3.565 0 0 0 0 -0.000947007 -0.000950541 -0.000952652 -0.000959689 -0.00295181 -0.00295645 -0.00295867 -0.00296306 -0.00447561 -0.00448803 -0.00449932 -0.00451203
3.585 0 0 0 0 -0.00482288 -0.00482661 -0.00483219 -0.00483821 -0.0100545 -0.0100624 -0.0100642 -0.010063 -0.0123892 -0.0123991 -0.0124088 -0.0124223
3.605 0 0 0 0 -0.00873671 -0.00874481 -0.00875262 -0.00875331 -0.0160206 -0.0160275 -0.0160288 -0.0160262 -0.0191924 -0.0192018 -0.0192118 -0.019226
3.625 0 0 0 0 -0.0113862 -0.0113978 -0.011407 -0.011405 -0.0200737 -0.0200796 -0.0200809 -0.0200779 -0.0241079 -0.0241169 -0.0241264 -0.0241406
3.645 0 0 0 0 -0.0120833 -0.0120892 -0.0120968 -0.0120939 -0.0218502 -0.0218577 -0.0218591 -0.0218546 -0.0264505 -0.026459 -0.0264684 -0.0264828
3.665 0 0 0 0 -0.0110848 -0.0110882 -0.0110959 -0.0110966 -0.0210263 -0.0210348 -0.0210362 -0.0210305 -0.0258147 -0.025823 -0.0258324 -0.025847
3.685 0 0 0 0 -0.00882898 -0.00883182 -0.00883893 -0.00884341 -0.017421 -0.0174289 -0.0174305 -0.0174264 -0.0219388 -0.021948 -0.0219576 -0.0219715
3.705 0 0 0 0 -0.00566818 -0.0056732 -0.00567941 -0.00568724 -0.0113768 -0.0113829 -0.0113847 -0.0113847 -0.0148237 -0.0148344 -0.0148446 -0.0148578
3.725 0 0 0 0 -0.00171153 -0.00171745 -0.00172105 -0.0017309 -0.00356368 -0.00356849 -0.00357091 -0.00357548 -0.00493203 -0.00494409 -0.00495483 -0.00496731
3.745 0 0 0 0 0.0029302 0.00292829 0.0029279 0.00292773 0.00531668 0.0053129 0.00531139 0.00530769 0.00660597 0.00659278 0.00658115 0.00656885
3.765 0 0 0 0 0.00790697 0.00791337 0.00790967 0.0079103 0.0145215 0.0145218 0.0145196 0.0145145 0.0181699 0.0181575 0.0181485 0.0181386
3.785 0 0 0 0 0.012689 0.0127007 0.0126954 0.0126995 0.0231555 0.0231615 0.0231601 0.0231539 0.0282712 0.0282568 0.0282471 0.0282384
3.805 0 0 0 0 0.0171952 0.0172165 0.0172075 0.0172146 0.0302853 0.0302947 0.030293 0.0302863 0.036193 0.0361784 0.0361703 0.0361634
3.825 0 0 0 0 0.021571 0.0216078 0.0215968 0.0216033 0.0350569 0.0350658 0.0350649 0.0350591 0.0413606 0.0413469 0.0413407 0.0413356
3.845 0 0 0 0 0.0256333 0.025658 0.0256454 0.0256518 0.0374729 0.0374813 0.0374815 0.0374763 0.0433721 0.0433579 0.0433497 0.0433427
3.865 0 0 0 0 0.0286931 0.0287195 0.0287109 0.0287123 0.0378812 0.0378847 0.0378842 0.0378807 0.0422644 0.0422508 0.0422422 0.042234
3.885 0 0 0 0 0.0300298 0.0300567 0.0300505 0.0300493 0.0368951 0.0368961 0.0368956 0.0368907 0.0390614 0.0390469 0.0390375 0.0390289
3.905 0 0 0 0 0.0290958 0.029122 0.029119 0.029119 0.0346634 0.0346636 0.0346623 0.0346556 0.0352512 0.035236 0.0352256 0.0352166
3.925 0 0 0 0 0.0261159 0.0261336 0.0261316 0.0261326 0.0311778 0.0311782 0.0311764 0.0311687 0.0319464 0.0319313 0.031921 0.0319121
3.945 0 0 0 0 0.0220241 0.0220322 0.0220302 0.0220322 0.0267222 0.0267207 0.0267185 0.0267128 0.0289955 0.028982 0.0289716 0.0289611
3.965 0 0 0 0 0.017933 0.0179312 0.0179292 0.0179316 0.0220697 0.022067 0.022065 0.0220609 0.0253879 0.0253752 0.0253645 0.025353
3.985 0 0 0 0 0.0145394 0.0145323 0.0145309 0.0145342 0.0176806 0.0176776 0.0176755 0.0176702 0.0202615 0.0202488 0.0202378 0.020226
4.005 0 0 0 0 0.0119148 0.0119061 0.0119074 0.0119118 0.0132043 0.0132017 0.0131997 0.0131925 0.0137124 0.0136985 0.0136863 0.0136742
4.025 0 0 0 0 0.00990697 0.00990351 0.00990711 0.00991063 0.00843604 0.00843161 0.00842872 0.00842153 0.00696655 0.00695336 0.00694125 0.00692866
4.045 0 0 0 0 0.00776215 0.00776424 0.00776886 0.00777369 0.00374223 0.00373451 0.00373175 0.00372844 0.00114541 0.00113325 0.00112084 0.00110703
4.065 0 0 0 0 0.0043735 0.0043775 0.00438343 0.00439253 -0.000626351 -0.000635106 -0.000638449 -0.000641356 -0.00357923 -0.00359075 -0.00360302 -0.00361722
4.085 0 0 0 0 -0.000627646 -0.000628391 -0.000621365 -0.000604918 -0.0048588 -0.00486511 -0.00486856 -0.00487498 -0.00747489 -0.00748735 -0.00750065 -0.0075151
4.105 0 0 0 0 -0.00620655 -0.00621153 -0.00620808 -0.00620002 -0.00907079 -0.00907313 -0.00907526 -0.0090823 -0.010591 -0.0106042 -0.0106178 -0.0106322
4.125 0 0 0 0 -0.0103445 -0.0103526 -0.0103494 -0.0103358 -0.0131691 -0.0131742 -0.0131789 -0.0131864 -0.0132903 -0.0133006 -0.0133099 -0.0133223
4.145 0 0 0 0 -0.0123574 -0.0123719 -0.0123799 -0.0123743 -0.0167329 -0.0167391 -0.0167412 -0.0167436 -0.0165665 -0.0165764 -0.0165877 -0.016603
4.165 0 0 0 0 -0.0127094 -0.0127208 -0.012727 -0.012719 -0.0189346 -0.0189409 -0.018943 -0.0189442 -0.0207053 -0.0207144 -0.0207238 -0.0207376
4.185 0 0 0 0 -0.0118691 -0.0118786 -0.0118849 -0.0118813 -0.0195538 -0.0195569 -0.0195583 -0.0195596 -0.0241919 -0.0242018 -0.0242113 -0.0242243
4.205 0 0 0 0 -0.0107064 -0.0107093 -0.0107126 -0.0107108 -0.0192889 -0.019292 -0.0192937 -0.0192944 -0.0253024 -0.0253132 -0.0253232 -0.0253358
4.225 0 0 0 0 -0.0101448 -0.0101472 -0.0101503 -0.0101498 -0.0184783 -0.0184846 -0.0184868 -0.0184857 -0.0233958 -0.0234051 -0.0234145 -0.023428
4.245 0 0 0 0 -0.0104316 -0.0104372 -0.0104401 -0.010437 -0.016765 -0.0167715 -0.0167738 -0.0167744 -0.0192907 -0.0193009 -0.0193117 -0.0193261
4.265 0 0 0 0 -0.0106376 -0.0106529 -0.0106558 -0.0106467 -0.0139551 -0.0139589 -0.0139618 -0.0139683 -0.0144171 -0.0144275 -0.0144374 -0.0144506
4.285 0 0 0 0 -0.00905319 -0.00907085 -0.00907351 -0.00906513 -0.0101451 -0.0101459 -0.010148 -0.0101558 -0.00953536 -0.00954755 -0.00955908 -0.00957226
4.305 0 0 0 0 -0.00520197 -0.00521332 -0.00521251 -0.00520829 -0.00567863 -0.00568174 -0.00568456 -0.00569139 -0.00503755 -0.00504931 -0.00506031 -0.00507315
4.325 0 0 0 0 -0.00035138 -0.000355596 -0.000352965 -0.000352596 -0.000830885 -0.000834599 -0.000836923 -0.000842953 -0.000988881 -0.00100249 -0.00101621 -0.0010303
4.345 0 0 0 0 0.00404742 0.00404972 0.00405143 0.00404912 0.00399769 0.00399379 0.00399115 0.00398451 0.00299063 0.00297683 0.00296401 0.00295116
4.365 0 0 0 0 0.00688883 0.00689325 0.00689509 0.0068969 0.00790893 0.00790608 0.0079038 0.00789666 0.00709779 0.00708348 0.00707086 0.00705873
4.385 0 0 0 0 0.0079072 0.00791203 0.00791261 0.00791795 0.0104687 0.0104665 0.0104643 0.0104571 0.0111529 0.0111391 0.0111275 0.0111161
4.405 0 0 0 0 0.00771471 0.00771805 0.00771876 0.00772942 0.0119732 0.011973 0.0119713 0.0119644 0.0145197 0.0145061 0.0144944 0.0144829
4.425 0 0 0 0 0.00727014 0.00727146 0.00727172 0.00728642 0.0128017 0.0128037 0.012802 0.012794 0.0163685 0.016355 0.0163438 0.0163327
4.445 0 0 0 0 0.00742629 0.0074277 0.00742819 0.0074439 0.0130744 0.0130772 0.0130756 0.0130667 0.0163622 0.0163482 0.0163369 0.016326
4.465 0 0 0 0 0.00815908 0.00816279 0.00816337 0.00817504 0.0125905 0.0125912 0.0125894 0.0125809 0.014686 0.014672 0.0146605 0.0146496
4.485 0 0 0 0 0.0086006 0.00860669 0.00860786 0.00861369 0.0112116 0.0112089 0.0112068 0.0112 0.0119043 0.0118905 0.0118788 0.0118672
4.505 0 0 0 0 0.0075568 0.00756161 0.00756339 0.0075653 0.00874787 0.00874408 0.00874183 0.00873563 0.00845334 0.00843955 0.00842744 0.00841535
4.525 0 0 0 0 0.00469291 0.00469291 0.00469525 0.00469672 0.00517829 0.00517492 0.0051725 0.00516576 0.0047056 0.0046918 0.00467921 0.0046666
4.545 0 0 0 0 0.00100245 0.000997432 0.00100094 0.00100608 0.000986272 0.000982923 0.000980412 0.000973502 0.00102469 0.00101111 0.000998054 0.000984736
4.565 0 0 0 0 -0.00253601 -0.00254414 -0.00254092 -0.00253269 -0.00325537 -0.00325971 -0.00326269 -0.00326925 -0.00279348 -0.00280588 -0.00281817 -0.00283178
4.585 0 0 0 0 -0.00551951 -0.00552649 -0.00552378 -0.00551586 -0.00720053 -0.00720429 -0.00720665 -0.00721274 -0.00717963 -0.007192 -0.00720438 -0.00721821
4.605 0 0 0 0 -0.00764094 -0.00764995 -0.00765017 -0.00764258 -0.0107917 -0.0107956 -0.0107985 -0.0108049 -0.0120192 -0.0120304 -0.012041 -0.0120539
4.625 0 0 0 0 -0.00889732 -0.00890397 -0.00890594 -0.00890146 -0.0140442 -0.0140486 -0.0140508 -0.0140542 -0.0166206 -0.0166316 -0.0166427 -0.0166563
4.645 0 0 0 0 -0.00984039 -0.00984428 -0.00984731 -0.00984493 -0.0168193 -0.0168254 -0.0168276 -0.0168278 -0.0203734 -0.0203833 -0.0203934 -0.0204071
4.665 0 0 0 0 -0.011016 -0.0110211 -0.0110259 -0.0110244 -0.0187881 -0.0187941 -0.018796 -0.0187952 -0.0227948 -0.0228043 -0.0228143 -0.0228282
4.685 0 0 0 0 -0.0122535 -0.0122613 -0.012266 -0.012261 -0.0196728 -0.0196773 -0.0196793 -0.0196803 -0.0234878 -0.0234977 -0.0235077 -0.0235212
4.705 0 0 0 0 -0.0128413 -0.0128535 -0.0128586 -0.012851 -0.01936 -0.0193639 -0.0193661 -0.0193688 -0.0223352 -0.0223449 -0.0223545 -0.0223679
4.725 0 0 0 0 -0.0122921 -0.0123041 -0.0123082 -0.0123004 -0.0178739 -0.0178782 -0.0178804 -0.0178836 -0.0198231 -0.0198333 -0.0198437 -0.0198576
4.745 0 0 0 0 -0.0103422 -0.0103532 -0.0103569 -0.0103525 -0.0149979 -0.0150032 -0.0150056 -0.0150091 -0.0164144 -0.0164245 -0.0164345 -0.0164482
4.765 0 0 0 0 -0.00718675 -0.00719439 -0.00719514 -0.00719304 -0.0106454 -0.0106497 -0.0106521 -0.0106573 -0.0121647 -0.0121762 -0.0121875 -0.0122011
4.785 0 0 0 0 -0.00331898 -0.00332389 -0.00332096 -0.00331828 -0.00522171 -0.00522506 -0.00522833 -0.00523688 -0.00680736 -0.00682008 -0.00683203 -0.00684494
4.805 0 0 0 0 0.000925396 0.000923891 0.000926749 0.000927194 0.000783242 0.00078049 0.000778021 0.000770175 -3.57833e-05 -4.96702e-05 -6.28365e-05 -7.60387e-05
4.825 0 0 0 0 0.00557132 0.00557529 0.00557676 0.00557946 0.00729442 0.0072904 0.00728855 0.007283 0.00803949 0.00802549 0.00801236 0.00799936
4.845 0 0 0 0 0.010565 0.0105739 0.0105738 0.0105811 0.0145856 0.0145834 0.0145812 0.0145755 0.0168129 0.0168002 0.01679 0.0167792
4.865 0 0 0 0 0.0157934 0.0158079 0.0158072 0.0158205 0.0225341 0.022537 0.0225358 0.0225282 0.0256061 0.0255919 0.0255812 0.0255713
4.885 0 0 0 0 0.021292 0.0213107 0.0213061 0.0213188 0.0303191 0.0303263 0.0303253 0.0303162 0.0339511 0.0339362 0.0339268 0.0339191
4.905 0 0 0 0 0.0271306 0.0271525 0.0271451 0.0271556 0.0372313 0.0372391 0.0372384 0.0372303 0.0415873 0.0415726 0.0415638 0.0415564
4.925 0 0 0 0 0.0331939 0.0332178 0.0332088 0.0332138 0.0432448 0.043251 0.0432508 0.0432461 0.048142 0.0481276 0.0481188 0.048111
4.945 0 0 0 0 0.0390279 0.0390535 0.0390451 0.0390501 0.0486628 0.0486678 0.0486673 0.0486626 0.0532728 0.0532586 0.0532496 0.0532414
4.965 0 0 0 0 0.0441525 0.0441807 0.0441738 0.044178 0.0533297 0.0533347 0.0533341 0.0533281 0.0569475 0.0569325 0.0569233 0.0569157
4.985 0 0 0 0 0.0478743 0.0479038 0.0478984 0.0479038 0.0565311 0.056536 0.0565352 0.0565282 0.0593378 0.0593221 0.059312 0.0593042
5.005 0 0 0 0 0.0496393 0.0496697 0.0496638 0.0496663 0.0577841 0.0577871 0.0577861 0.0577802 0.0605799 0.0605649 0.0605553 0.0605473
5.025 0 0 0 0 0.0492809 0.0493105 0.0493049 0.049307 0.0573798 0.0573821 0.0573813 0.0573769 0.0606961 0.0606812 0.0606712 0.0606625
5.045 0 0 0 0 0.0473025 0.0473257 0.0473199 0.0473255 0.0558782 0.0558824 0.0558815 0.0558755 0.0596625 0.0596478 0.0596381 0.0596297
5.065 0 0 0 0 0.0449726 0.0449895 0.044984 0.0449921 0.0535783 0.0535838 0.053583 0.0535758 0.0575567 0.0575418 0.057532 0.0575238
5.085 0 0 0 0 0.0433073 0.0433209 0.0433158 0.0433211 0.0507123 0.0507153 0.0507144 0.0507086 0.0544671 0.0544527 0.0544425 0.0544332
5.105 0 0 0 0 0.0422281 0.0422411 0.0422372 0.0422365 0.0475779 0.0475767 0.0475753 0.0475714 0.0503761 0.0503624 0.0503519 0.0503417
5.125 0 0 0 0 0.0409327 0.0409441 0.0409414 0.0409369 0.0442991 0.0442954 0.0442938 0.0442902 0.0454807 0.0454666 0.0454553 0.0454443
5.145 0 0 0 0 0.03887 0.0388781 0.0388771 0.0388716 0.0407513 0.0407475 0.0407454 0.0407405 0.0405062 0.0404919 0.0404806 0.0404697
5.165 0 0 0 0 0.0360233 0.0360269 0.0360278 0.0360238 0.0367995 0.0367948 0.0367924 0.0367874 0.0361898 0.0361758 0.0361638 0.0361522
5.185 0 0 0 0 0.0326783 0.0326782 0.032681 0.03268 0.0327631 0.0327571 0.0327544 0.0327499 0.0327155 0.0327021 0.0326896 0.0326768
5.205 0 0 0 0 0.0293904 0.029388 0.029392 0.0293948 0.0293964 0.0293902 0.0293871 0.0293823 0.0298814 0.0298681 0.0298553 0.0298421
5.225 0 0 0 0 0.0266814 0.0266768 0.026682 0.026689 0.0269649 0.0269603 0.0269574 0.0269507 0.027387 0.0273729 0.0273595 0.0273462
5.245 0 0 0 0 0.0249805 0.0249752 0.024981 0.0249902 0.0251775 0.0251739 0.0251709 0.0251629 0.025222 0.0252076 0.025194 0.0251809
5.265 0 0 0 0 0.0243852 0.0243808 0.024387 0.0243957 0.0237967 0.0237922 0.023789 0.0237814 0.0235403 0.0235262 0.0235124 0.0234989
5.285 0 0 0 0 0.0244525 0.0244506 0.0244566 0.0244633 0.022922 0.0229155 0.0229122 0.0229059 0.0223434 0.02233 0.0223164 0.0223025
5.305 0 0 0 0 0.0246611 0.02466 0.0246661 0.0246723 0.0227893 0.0227828 0.0227794 0.022773 0.0217253 0.0217118 0.0216983 0.0216846
5.325 0 0 0 0 0.0249472 0.024945 0.0249512 0.024958 0.0234526 0.0234476 0.0234442 0.0234363 0.0221104 0.0220964 0.0220828 0.0220695
5.345 0 0 0 0 0.0255003 0.0254973 0.0255036 0.0255112 0.0246883 0.0246838 0.0246804 0.0246723 0.0237778 0.0237636 0.0237502 0.0237371
5.365 0 0 0 0 0.0265434 0.0265411 0.0265473 0.0265551 0.0265286 0.0265233 0.02652 0.0265135 0.0266086 0.0265947 0.0265813 0.026568
5.385 0 0 0 0 0.0280192 0.0280175 0.0280225 0.0280304 0.0290936 0.029088 0.0290851 0.0290793 0.0300106 0.029997 0.0299839 0.0299709
5.405 0 0 0 0 0.0298428 0.0298431 0.0298468 0.029857 0.0322712 0.0322679 0.0322654 0.0322581 0.0335011 0.0334869 0.0334742 0.033462
5.425 0 0 0 0 0.0317688 0.0317728 0.031776 0.0317885 0.0354163 0.0354155 0.035413 0.035404 0.0367521 0.0367372 0.0367249 0.0367138
5.445 0 0 0 0 0.0333954 0.033403 0.0334055 0.0334184 0.0377861 0.037786 0.0377836 0.0377747 0.0394672 0.0394524 0.0394403 0.0394296
5.465 0 0 0 0 0.0340384 0.0340472 0.0340492 0.0340617 0.0387784 0.038778 0.0387758 0.0387677 0.040981 0.0409664 0.0409545 0.0409436
5.485 0 0 0 0 0.0331656 0.033172 0.0331741 0.0331876 0.0380209 0.0380209 0.0380186 0.0380104 0.0404984 0.0404839 0.040472 0.0404611
5.505 0 0 0 0 0.0309396 0.0309404 0.0309428 0.030957 0.0353457 0.0353461 0.0353438 0.0353347 0.0376363 0.0376217 0.0376096 0.0375985
5.525 0 0 0 0 0.0277947 0.0277909 0.0277951 0.0278074 0.0306348 0.030633 0.0306304 0.0306218 0.0323187 0.0323044 0.0322918 0.0322798
5.545 0 0 0 0 0.0238711 0.0238663 0.0238721 0.0238808 0.0240733 0.0240683 0.0240655 0.0240589 0.0246867 0.0246726 0.0246586 0.0246448
5.565 0 0 0 0 0.018798 0.0187964 0.0188039 0.0188168 0.0161633 0.0161564 0.0161531 0.0161467 0.0151342 0.0151208 0.0151064 0.0150915
5.585 0 0 0 0 0.0121418 0.0121435 0.0121527 0.012172 0.00735689 0.00735008 0.00734657 0.00734029 0.00451266 0.00449963 0.00448484 0.00446939
5.605 0 0 0 0 0.0041317 0.00413615 0.00414895 0.00417516 -0.0018407 -0.00184744 -0.00185131 -0.00185858 -0.00573891 -0.00575215 -0.0057685 -0.00578532
5.625 0 0 0 0 -0.00456826 -0.00456419 -0.00455087 -0.00452532 -0.0107159 -0.0107225 -0.0107254 -0.0107311 -0.0143907 -0.0144048 -0.014424 -0.0144432
5.645 0 0 0 0 -0.0129499 -0.0129682 -0.0129818 -0.0129825 -0.0186073 -0.0186076 -0.0186052 -0.0186056 -0.0212045 -0.0212181 -0.0212359 -0.021255
5.665 0 0 0 0 -0.0195683 -0.019574 -0.0195702 -0.0195618 -0.0248887 -0.0248955 -0.0248975 -0.0248981 -0.0264796 -0.02649 -0.0265025 -0.0265186
5.685 0 0 0 0 -0.0237544 -0.0237673 -0.0237774 -0.0237844 -0.0289392 -0.0289426 -0.0289423 -0.0289413 -0.030381 -0.0303933 -0.030408 -0.0304253
5.705 0 0 0 0 -0.0246934 -0.0246999 -0.0247045 -0.0247059 -0.0304742 -0.0304805 -0.0304829 -0.0304831 -0.0326945 -0.0327054 -0.0327173 -0.0327323
5.725 0 0 0 0 -0.0233833 -0.0233902 -0.0233989 -0.0234052 -0.0301004 -0.0301057 -0.0301072 -0.030106 -0.0334089 -0.0334197 -0.0334321 -0.0334476
5.745 0 0 0 0 -0.0217002 -0.0217011 -0.0217066 -0.0217125 -0.028875 -0.0288812 -0.0288823 -0.0288805 -0.0329194 -0.0329308 -0.0329437 -0.0329592
5.765 0 0 0 0 -0.020788 -0.0207919 -0.0207986 -0.0208048 -0.0273132 -0.0273187 -0.0273198 -0.0273192 -0.0311961 -0.0312069 -0.0312187 -0.0312334
5.785 0 0 0 0 -0.020664 -0.0206688 -0.0206732 -0.0206773 -0.0256348 -0.0256387 -0.0256391 -0.0256404 -0.0283309 -0.0283437 -0.0283581 -0.0283739
5.805 0 0 0 0 -0.0204462 -0.0204557 -0.0204604 -0.0204627 -0.0237189 -0.0237236 -0.0237254 -0.0237289 -0.0247494 -0.0247608 -0.024773 -0.0247875
5.825 0 0 0 0 -0.0192777 -0.0192862 -0.0192889 -0.0192913 -0.0212484 -0.0212525 -0.0212537 -0.021257 -0.0210974 -0.0211107 -0.0211257 -0.0211418
5.845 0 0 0 0 -0.0169695 -0.0169767 -0.0169771 -0.0169786 -0.0181566 -0.0181613 -0.0181638 -0.0181685 -0.0179778 -0.0179902 -0.0180032 -0.0180178
5.865 0 0 0 0 -0.0141724 -0.014175 -0.014173 -0.0141751 -0.0149609 -0.0149644 -0.0149663 -0.0149719 -0.0155171 -0.0155316 -0.0155473 -0.0155628
5.885 0 0 0 0 -0.0114695 -0.0114692 -0.0114656 -0.011467 -0.0121584 -0.012162 -0.0121644 -0.012171 -0.013245 -0.0132596 -0.0132749 -0.0132898
5.905 0 0 0 0 -0.0095136 -0.00951041 -0.00950601 -0.00950829 -0.0100447 -0.0100493 -0.0100516 -0.0100572 -0.010876 -0.0108909 -0.0109067 -0.0109219
5.925 0 0 0 0 -0.00864193 -0.00863716 -0.00863203 -0.0086335 -0.008555 -0.00856015 -0.00856204 -0.00856621 -0.00860319 -0.00861853 -0.00863554 -0.00865157
5.945 0 0 0 0 -0.00859588 -0.00859318 -0.00858967 -0.00858896 -0.00746324 -0.00746751 -0.00746923 -0.00747444 -0.00676394 -0.00677874 -0.00679436 -0.00680927
5.965 0 0 0 0 -0.00890183 -0.00890045 -0.00889673 -0.00889253 -0.00686683 -0.00686929 -0.00687054 -0.00687678 -0.00572588 -0.00574158 -0.00575806 -0.00577305
5.985 0 0 0 0 -0.0091312 -0.0091305 -0.00912693 -0.00912235 -0.00700701 -0.0070095 -0.00701109 -0.0070177 -0.00575174 -0.00576711 -0.0057831 -0.00579784
6.005 0 0 0 0 -0.00927736 -0.00927578 -0.00927209 -0.00927014 -0.00793496 -0.00793896 -0.00794061 -0.00794596 -0.00697207 -0.00698708 -0.00700307 -0.0070182
6.025 0 0 0 0 -0.00964411 -0.00964119 -0.00963666 -0.00963714 -0.00943866 -0.0094436 -0.00944563 -0.00945027 -0.00924584 -0.00926096 -0.00927764 -0.00929352
6.045 0 0 0 0 -0.0106337 -0.0106313 -0.0106274 -0.010629 -0.0114103 -0.011415 -0.0114174 -0.0114229 -0.0121866 -0.0122012 -0.012217 -0.0122323
6.065 0 0 0 0 -0.0122894 -0.0122868 -0.0122829 -0.0122851 -0.0138171 -0.0138215 -0.0138237 -0.0138297 -0.0151851 -0.0151999 -0.0152159 -0.0152314
6.085 0 0 0 0 -0.0144061 -0.0144046 -0.0144023 -0.0144046 -0.0166564 -0.0166617 -0.016664 -0.0166689 -0.0179644 -0.017978 -0.0179929 -0.0180084
6.105 0 0 0 0 -0.016653 -0.0166529 -0.0166531 -0.016656 -0.0196379 -0.0196441 -0.0196459 -0.0196489 -0.0206537 -0.0206666 -0.0206815 -0.0206975
6.125 0 0 0 0 -0.0185897 -0.018592 -0.0185947 -0.0185982 -0.0222814 -0.0222876 -0.0222891 -0.0222911 -0.0234368 -0.0234491 -0.0234633 -0.0234794
6.145 0 0 0 0 -0.0197476 -0.0197511 -0.0197555 -0.0197593 -0.0242064 -0.0242119 -0.0242133 -0.0242147 -0.0260818 -0.0260939 -0.0261077 -0.0261234
6.165 0 0 0 0 -0.0199788 -0.0199808 -0.0199851 -0.0199896 -0.0253273 -0.0253327 -0.0253339 -0.0253344 -0.0280551 -0.0280672 -0.028081 -0.0280967
6.185 0 0 0 0 -0.0195576 -0.019557 -0.0195609 -0.0195663 -0.0256258 -0.0256324 -0.0256337 -0.025633 -0.0288527 -0.0288644 -0.028878 -0.0288938
6.205 0 0 0 0 -0.0188609 -0.0188587 -0.0188616 -0.0188673 -0.0249111 -0.0249181 -0.0249194 -0.0249185 -0.0281241 -0.0281359 -0.0281498 -0.0281659
6.225 0 0 0 0 -0.0180776 -0.0180768 -0.018079 -0.0180838 -0.0231281 -0.0231345 -0.0231361 -0.023137 -0.025846 -0.0258582 -0.0258721 -0.0258878
6.245 0 0 0 0 -0.0169987 -0.017 -0.0170008 -0.0170043 -0.0204441 -0.0204495 -0.0204512 -0.0204547 -0.0222319 -0.0222449 -0.0222594 -0.022275
6.265 0 0 0 0 -0.0155229 -0.0155254 -0.0155247 -0.0155272 -0.0173568 -0.0173617 -0.0173637 -0.0173684 -0.018006 -0.0180194 -0.0180342 -0.0180496
6.285 0 0 0 0 -0.0136905 -0.0136919 -0.0136893 -0.0136911 -0.0142523 -0.0142572 -0.0142594 -0.0142641 -0.0140119 -0.0140258 -0.0140409 -0.0140564
6.305 0 0 0 0 -0.0115284 -0.0115281 -0.0115247 -0.0115247 -0.0112481 -0.0112529 -0.011255 -0.0112599 -0.0107131 -0.0107275 -0.0107433 -0.0107589
6.325 0 0 0 0 -0.00910099 -0.00909869 -0.00909451 -0.00909351 -0.00839996 -0.00840411 -0.00840579 -0.00841114 -0.00806521 -0.00808049 -0.00809695 -0.00811237
6.345 0 0 0 0 -0.00645615 -0.00645021 -0.00644505 -0.00644466 -0.00566035 -0.00566468 -0.00566631 -0.00567155 -0.00560835 -0.00562408 -0.00564098 -0.00565641
6.365 0 0 0 0 -0.0038164 -0.00380674 -0.00380064 -0.0038008 -0.00298374 -0.00298887 -0.00299064 -0.00299531 -0.00297667 -0.00299254 -0.00300979 -0.00302545
6.385 0 0 0 0 -0.0017124 -0.00169997 -0.00169333 -0.00169309 -0.000554984 -0.000560451 -0.000562105 -0.000566446 -0.000328892 -0.000345161 -0.000362953 -0.000378823
6.405 0 0 0 0 -0.000487438 -0.000473457 -0.000466866 -0.000464921 0.00136859 0.00136379 0.00136223 0.00135729 0.00197382 0.0019572 0.00193937 0.00192381
6.425 0 0 0 0 -7.76451e-05 -6.33712e-05 -5.70114e-05 -5.26016e-05 0.00257767 0.00257394 0.00257241 0.00256659 0.00364338 0.0036266 0.00360904 0.00359396
6.445 0 0 0 0 -1.22506e-05 2.03332e-06 8.25072e-06 1.42471e-05 0.00315081 0.00314754 0.00314606 0.00313999 0.00464525 0.00462845 0.00461096 0.00459601
6.465 0 0 0 0 0.00019557 0.000210475 0.000216573 0.000222442 0.0033856 0.00338194 0.00338052 0.00337492 0.00505294 0.00503621 0.00501866 0.00500358
6.485 0 0 0 0 0.000654262 0.000670378 0.000676283 0.000680865 0.00351781 0.00351342 0.00351196 0.00350666 0.00492557 0.00490883 0.00489127 0.00487618
6.505 0 0 0 0 0.000912126 0.000928927 0.00093468 0.000937844 0.00333541 0.00333091 0.00332948 0.00332411 0.00418071 0.00416366 0.00414586 0.00413079
6.525 0 0 0 0 0.000681393 0.000697688 0.000703588 0.000705744 0.00267796 0.00267343 0.00267193 0.00266645 0.00306296 0.0030459 0.00302806 0.00301294
6.545 0 0 0 0 -0.000228393 -0.000213934 -0.000207944 -0.000206329 0.00140435 0.00139938 0.00139781 0.00139261 0.00172569 0.00170881 0.00169095 0.00167564
6.565 0 0 0 0 -0.00148012 -0.001468 -0.00146192 -0.00146045 -0.000115877 -0.00012156 -0.000123254 -0.00012787 0.000429121 0.000412562 0.000394675 0.000378995
6.585 0 0 0 0 -0.00246095 -0.00245044 -0.0024444 -0.00244288 -0.00125827 -0.00126423 -0.00126599 -0.00127039 -0.000571373 -0.000587655 -0.000605426 -0.000621248
6.605 0 0 0 0 -0.00299001 -0.0029804 -0.00297427 -0.00297257 -0.00190483 -0.00191044 -0.00191217 -0.00191689 -0.00137239 -0.0013888 -0.00140664 -0.00142243
6.625 0 0 0 0 -0.00398985 -0.003982 -0.00397582 -0.00397384 -0.00315558 -0.00316054 -0.00316229 -0.00316765 -0.00293834 -0.00295483 -0.0029727 -0.00298841
6.645 0 0 0 0 -0.00535986 -0.00535336 -0.00534692 -0.0053453 -0.00514731 -0.00515256 -0.00515455 -0.00515979 -0.00516426 -0.00518051 -0.00519837 -0.00521432
6.665 0 0 0 0 -0.00634342 -0.00633705 -0.00633023 -0.00632962 -0.00702388 -0.00703023 -0.00703248 -0.0070368 -0.00724834 -0.00726415 -0.00728204 -0.00729852
6.685 0 0 0 0 -0.00692414 -0.0069174 -0.00691075 -0.0069108 -0.00828447 -0.00829133 -0.00829365 -0.00829791 -0.00892561 -0.00894109 -0.0089588 -0.00897536
6.705 0 0 0 0 -0.00737551 -0.00736915 -0.00736271 -0.00736234 -0.00895441 -0.00896049 -0.00896279 -0.00896803 -0.0100984 -0.0101141 -0.0101319 -0.0101482
6.725 0 0 0 0 -0.00798579 -0.00798027 -0.0079745 -0.00797335 -0.00954229 -0.00954779 -0.00955004 -0.00955594 -0.0108155 -0.0108313 -0.0108489 -0.0108651
6.745 0 0 0 0 -0.00876168 -0.00875651 -0.00875157 -0.0087502 -0.0103208 -0.0103269 -0.0103291 -0.0103344 -0.0111962 -0.0112115 -0.011229 -0.0112454
6.765 0 0 0 0 -0.00954399 -0.00953872 -0.00953402 -0.00953258 -0.0111155 -0.0111225 -0.0111247 -0.011129 -0.0115164 -0.0115312 -0.0115485 -0.0115652
6.785 0 0 0 0 -0.0097724 -0.00976749 -0.00976296 -0.00976132 -0.0112994 -0.0113063 -0.0113086 -0.0113131 -0.0116753 -0.01169 -0.0117071 -0.0117236
6.805 0 0 0 0 -0.00896088 -0.00895587 -0.00895094 -0.00894955 -0.0104591 -0.0104653 -0.0104676 -0.0104728 -0.0112428 -0.011258 -0.0112754 -0.0112918
6.825 0 0 0 0 -0.00704188 -0.00703543 -0.00702866 -0.00702835 -0.00848876 -0.00849468 -0.008497 -0.00850231 -0.00964586 -0.00966157 -0.00967922 -0.0096955
6.845 0 0 0 0 -0.00446476 -0.00445554 -0.00444865 -0.00445005 -0.00549075 -0.00549704 -0.0054995 -0.00550445 -0.00658118 -0.00659708 -0.00661469 -0.00663075
6.865 0 0 0 0 -0.00174831 -0.00173709 -0.00172994 -0.00173049 -0.0016614 -0.00166762 -0.0016699 -0.00167431 -0.00214586 -0.00216203 -0.00217986 -0.00219592
6.885 0 0 0 0 0.00124581 0.00126051 0.00126733 0.00126969 0.00302119 0.00301616 0.00301469 0.00300987 0.00355631 0.00353935 0.00352131 0.00350584
6.905 0 0 0 0 0.00482273 0.00484196 0.00484921 0.00485609 0.00841899 0.00841539 0.00841386 0.00840804 0.010084 0.0100668 0.010049 0.0100342
6.925 0 0 0 0 0.00869465 0.00871696 0.00872689 0.00873807 0.0137458 0.013744 0.0137425 0.013736 0.0162817 0.0162639 0.0162462 0.016232
6.945 0 0 0 0 0.0122475 0.0122673 0.0122757 0.0122919 0.0180513 0.0180506 0.0180481 0.0180405 0.0209546 0.0209385 0.0209236 0.0209108
6.965 0 0 0 0 0.0150058 0.0150246 0.0150327 0.0150485 0.020854 0.020854 0.0208511 0.0208419 0.0236042 0.0235893 0.0235777 0.0235677
6.985 0 0 0 0 0.0168943 0.0169104 0.0169161 0.0169322 0.0222789 0.022279 0.0222769 0.0222689 0.02456 0.0245448 0.024532 0.0245208
7.005 0 0 0 0 0.0176351 0.0176513 0.0176551 0.0176657 0.0224464 0.0224455 0.0224429 0.0224346 0.0242075 0.0241931 0.0241821 0.0241719
7.025 0 0 0 0 0.0169057 0.0169209 0.0169264 0.0169378 0.0212803 0.0212791 0.0212768 0.0212688 0.0227564 0.0227413 0.0227288 0.0227177
7.045 0 0 0 0 0.0147727 0.0147851 0.0147907 0.0148008 0.0187468 0.0187449 0.0187419 0.0187336 0.0202826 0.0202681 0.0202561 0.020245
7.065 0 0 0 0 0.0120019 0.0120111 0.0120173 0.0120247 0.0152357 0.0152324 0.0152301 0.0152235 0.0169442 0.0169293 0.0169157 0.0169032
7.085 0 0 0 0 0.00933479 0.00934025 0.00934626 0.00935084 0.0113549 0.0113494 0.0113469 0.0113417 0.0128246 0.0128101 0.0127959 0.0127822
7.105 0 0 0 0 0.00686289 0.00686577 0.00687209 0.00687473 0.00738504 0.00737899 0.00737638 0.00737131 0.00792223 0.00790786 0.00789363 0.00787984
7.125 0 0 0 0 0.00437859 0.00438009 0.00438703 0.00439035 0.00337073 0.00336528 0.00336251 0.0033565 0.00259783 0.00258332 0.00256836 0.00255388
7.145 0 0 0 0 0.00189014 0.00189207 0.00189902 0.00190356 -0.000470372 -0.000476061 -0.000478961 -0.000485167 -0.00224863 -0.00226303 -0.00227813 -0.00229282
7.165 0 0 0 0 -0.000435831 -0.000433282 -0.000426182 -0.00041992 -0.00371323 -0.00371993 -0.00372291 -0.00372794 -0.00577101 -0.00578485 -0.00579983 -0.0058149
7.185 0 0 0 0 -0.00239104 -0.00238895 -0.00238131 -0.00237258 -0.00581572 -0.00582271 -0.00582542 -0.00583007 -0.00759383 -0.00760776 -0.00762366 -0.0076397
7.205 0 0 0 0 -0.00376108 -0.00376092 -0.00375238 -0.00374166 -0.00652759 -0.00653371 -0.00653656 -0.0065425 -0.00784498 -0.00785941 -0.00787563 -0.00789156
7.225 0 0 0 0 -0.00434196 -0.00434439 -0.00433584 -0.00432415 -0.00617731 -0.00618203 -0.006185 -0.00619215 -0.00700254 -0.00701738 -0.00703341 -0.00704873
7.245 0 0 0 0 -0.00386478 -0.00386756 -0.00385879 -0.0038474 -0.00514254 -0.0051471 -0.00514988 -0.00515685 -0.00548946 -0.0055045 -0.00552102 -0.00553667
7.265 0 0 0 0 -0.00201669 -0.00201716 -0.00200856 -0.00200074 -0.00317532 -0.0031811 -0.00318414 -0.00319013 -0.00331638 -0.00333117 -0.00334728 -0.00336273
7.285 0 0 0 0 0.000959423 0.000961782 0.000970444 0.000975371 4.35439e-05 3.75134e-05 3.46579e-05 2.91322e-05 -0.000357197 -0.000372211 -0.000388549 -0.000404046
7.305 0 0 0 0 0.00434903 0.00435476 0.00436359 0.00436765 0.00424574 0.00424076 0.00423786 0.00423142 0.00350637 0.00349059 0.00347432 0.00345961
7.325 0 0 0 0 0.00756912 0.00757828 0.00758688 0.00759206 0.00869816 0.0086942 0.0086918 0.00868506 0.00831208 0.00829574 0.00827945 0.00826531
7.345 0 0 0 0 0.0103456 0.0103563 0.0103648 0.0103741 0.0128567 0.012853 0.0128507 0.0128442 0.0137023 0.0136865 0.013671 0.0136572
7.365 0 0 0 0 0.0124582 0.0124704 0.012479 0.0124921 0.0165249 0.0165226 0.0165201 0.0165131 0.0187551 0.0187402 0.0187265 0.0187142
7.385 0 0 0 0 0.0141724 0.0141846 0.0141929 0.0142126 0.0197546 0.019755 0.0197527 0.0197442 0.0227544 0.0227391 0.0227257 0.0227139
7.405 0 0 0 0 0.0159593 0.0159712 0.0159773 0.0159976 0.0224178 0.0224203 0.0224176 0.0224072 0.0254859 0.0254709 0.0254592 0.0254492
7.425 0 0 0 0 0.0179445 0.0179575 0.0179633 0.0179825 0.0242202 0.0242227 0.0242204 0.0242107 0.0270114 0.0269963 0.0269844 0.0269742
7.445 0 0 0 0 0.0193283 0.019343 0.0193474 0.0193614 0.0247134 0.0247134 0.0247109 0.0247029 0.0270594 0.0270448 0.0270332 0.0270226
7.465 0 0 0 0 0.0191034 0.0191188 0.0191246 0.019137 0.0236477 0.0236463 0.0236437 0.0236358 0.0254155 0.025401 0.0253892 0.0253783
7.485 0 0 0 0 0.0170418 0.0170515 0.0170571 0.0170696 0.0210037 0.0210027 0.0210001 0.0209913 0.0222963 0.0222814 0.0222691 0.0222581
7.505 0 0 0 0 0.0139085 0.0139146 0.0139212 0.0139311 0.0169985 0.0169961 0.0169934 0.0169851 0.018203 0.0181883 0.0181755 0.0181638
7.525 0 0 0 0 0.0104335 0.0104358 0.0104433 0.0104495 0.0120286 0.0120234 0.0120209 0.0120154 0.0132315 0.0132169 0.0132024 0.0131885
7.545 0 0 0 0 0.00702171 0.00702257 0.00703032 0.00703509 0.00686769 0.00686104 0.00685799 0.00685324 0.00745496 0.00744078 0.00742592 0.00741119
7.565 0 0 0 0 0.00366354 0.00366356 0.00367114 0.00367766 0.00201469 0.00200878 0.00200567 0.00199945 0.0012115 0.00119731 0.0011823 0.00116751
7.585 0 0 0 0 0.000201646 0.000201513 0.000209835 0.000220773 -0.00266938 -0.00267422 -0.00267713 -0.0026844 -0.00482054 -0.00483506 -0.00485081 -0.00486605
7.605 0 0 0 0 -0.00370484 -0.00370363 -0.00369414 -0.00368004 -0.00762207 -0.00762754 -0.00763044 -0.00763665 -0.0102021 -0.0102165 -0.0102329 -0.010249
7.625 0 0 0 0 -0.008429 -0.00842229 -0.00841218 -0.00840078 -0.0129153 -0.0129228 -0.0129254 -0.0129294 -0.0150887 -0.0151023 -0.0151191 -0.0151365
7.645 0 0 0 0 -0.0135213 -0.0135258 -0.0135286 -0.0135264 -0.0180369 -0.0180439 -0.0180465 -0.018049 -0.0197354 -0.0197463 -0.0197582 -0.019773
7.665 0 0 0 0 -0.0181663 -0.01817 -0.0181721 -0.0181721 -0.0226113 -0.0226169 -0.0226185 -0.0226201 -0.0242197 -0.0242313 -0.0242438 -0.0242586
7.685 0 0 0 0 -0.0215349 -0.0215441 -0.0215489 -0.0215479 -0.026461 -0.0264652 -0.0264665 -0.026468 -0.0283404 -0.0283517 -0.0283637 -0.0283784
7.705 0 0 0 0 -0.0233297 -0.0233364 -0.0233401 -0.0233371 -0.0294198 -0.0294257 -0.0294275 -0.0294275 -0.0318544 -0.0318647 -0.0318757 -0.0318902
7.725 0 0 0 0 -0.0240683 -0.0240752 -0.0240819 -0.0240827 -0.0313897 -0.0313955 -0.0313963 -0.031394 -0.034618 -0.0346282 -0.0346399 -0.0346553
7.745 0 0 0 0 -0.0242063 -0.0242126 -0.0242202 -0.0242229 -0.0323103 -0.0323164 -0.0323174 -0.0323143 -0.0363274 -0.0363371 -0.0363479 -0.0363625
7.765 0 0 0 0 -0.0240563 -0.0240626 -0.02407 -0.0240733 -0.0322137 -0.0322189 -0.0322194 -0.0322163 -0.0365253 -0.0365355 -0.0365469 -0.036562
7.785 0 0 0 0 -0.0237715 -0.0237785 -0.0237855 -0.0237881 -0.0313259 -0.0313311 -0.0313321 -0.03133 -0.0351573 -0.0351675 -0.0351785 -0.0351931
7.805 0 0 0 0 -0.0230834 -0.0230911 -0.0230969 -0.0230991 -0.0295537 -0.0295593 -0.0295602 -0.0295588 -0.0323682 -0.0323786 -0.0323902 -0.0324054
7.825 0 0 0 0 -0.0215529 -0.0215616 -0.0215669 -0.0215698 -0.026622 -0.0266275 -0.0266289 -0.0266292 -0.0284815 -0.0284924 -0.0285043 -0.0285192
7.845 0 0 0 0 -0.0189563 -0.0189648 -0.0189686 -0.0189732 -0.0224656 -0.0224705 -0.0224721 -0.0224747 -0.0237909 -0.0238025 -0.0238146 -0.0238291
7.865 0 0 0 0 -0.0156967 -0.0157028 -0.015703 -0.0157067 -0.0176669 -0.0176707 -0.0176729 -0.0176781 -0.0186962 -0.0187091 -0.0187222 -0.0187364
7.885 0 0 0 0 -0.0122453 -0.0122486 -0.0122456 -0.0122474 -0.0128749 -0.0128788 -0.0128813 -0.0128876 -0.0134405 -0.0134542 -0.0134679 -0.0134819
7.905 0 0 0 0 -0.0089418 -0.00894079 -0.00893646 -0.00893647 -0.00843958 -0.0084437 -0.00844566 -0.00845081 -0.00825363 -0.0082683 -0.00828344 -0.00829807
7.925 0 0 0 0 -0.00595889 -0.00595398 -0.00594954 -0.00594835 -0.00448198 -0.0044867 -0.00448853 -0.00449348 -0.00354999 -0.00356477 -0.00357986 -0.00359418
7.945 0 0 0 0 -0.00334386 -0.00333534 -0.00333036 -0.00332726 -0.00101496 -0.00101912 -0.00102111 -0.00102672 0.000298122 0.000283023 0.000267951 0.000253979
7.965 0 0 0 0 -0.00109 -0.00107805 -0.00107225 -0.00106776 0.00178974 0.00178639 0.00178461 0.00177836 0.00310958 0.00309345 0.0030774 0.00306339
7.985 0 0 0 0 0.000822095 0.000836216 0.000842439 0.000846797 0.00371986 0.0037163 0.00371448 0.00370822 0.00492707 0.0049107 0.00489449 0.00488053
8.005 0 0 0 0 0.00229057 0.00230601 0.00231266 0.00231557 0.00480645 0.00480174 0.00479972 0.00479432 0.0058946 0.00587856 0.00586243 0.00584822
8.025 0 0 0 0 0.00314798 0.00316457 0.00317185 0.00317354 0.00529718 0.00529176 0.00528983 0.00528516 0.00618476 0.00616845 0.00615158 0.0061368
8.045 0 0 0 0 0.00344622 0.00346296 0.00347031 0.00347188 0.00550326 0.00549814 0.00549627 0.00549134 0.00614569 0.00612912 0.00611201 0.00609722
8.065 0 0 0 0 0.00340581 0.00342208 0.0034292 0.00343138 0.00560141 0.00559687 0.00559489 0.00558926 0.0061809 0.00616438 0.00614765 0.00613322
8.085 0 0 0 0 0.00324225 0.0032583 0.0032655 0.00326838 0.00563507 0.00563059 0.00562877 0.00562329 0.00646911 0.00645244 0.00643541 0.00642081
8.105 0 0 0 0 0.00308906 0.00310482 0.00311188 0.00311509 0.00565516 0.00565031 0.00564843 0.00564328 0.00687217 0.00685582 0.00683902 0.00682437
8.125 0 0 0 0 0.00264751 0.00266226 0.00266926 0.00267322 0.00536348 0.00535892 0.00535707 0.00535172 0.00675703 0.00674069 0.00672393 0.00670932
8.145 0 0 0 0 0.0019363 0.00194941 0.0019565 0.0019611 0.00460291 0.00459891 0.00459712 0.00459128 0.00586373 0.00584718 0.00583026 0.00581566
8.165 0 0 0 0 0.0012304 0.001242 0.00124909 0.00125275 0.00341253 0.00340815 0.00340618 0.0034004 0.00437276 0.00435645 0.00433972 0.0043251
8.185 0 0 0 0 0.000677474 0.000688583 0.000696108 0.000697491 0.00201961 0.00201393 0.00201183 0.00200712 0.00260999 0.00259386 0.00257678 0.00256159
8.205 0 0 0 0 0.000169499 0.00018036 0.000188276 0.000187736 0.000713884 0.000707475 0.000705085 0.000700864 0.000856651 0.000840818 0.000823772 0.0008083
8.225 0 0 0 0 -0.000289596 -0.000279238 -0.00027115 -0.000272068 -0.000155782 -0.000162018 -0.000164586 -0.000169125 -0.000441394 -0.000457253 -0.000474259 -0.000489698
8.245 0 0 0 0 -0.000696949 -0.000687291 -0.000679171 -0.000679618 -0.000578447 -0.000584206 -0.000586756 -0.000591748 -0.00100027 -0.00101628 -0.00103335 -0.00104874
8.265 0 0 0 0 -0.00111468 -0.00110583 -0.00109791 -0.00109778 -0.000806789 -0.000812568 -0.000815032 -0.000819934 -0.000925908 -0.000941786 -0.000958751 -0.00097409
8.285 0 0 0 0 -0.00175812 -0.00175033 -0.00174253 -0.00174158 -0.00120517 -0.00121113 -0.00121348 -0.00121799 -0.000821767 -0.000837541 -0.000854546 -0.00087006
8.305 0 0 0 0 -0.00246753 -0.00246107 -0.00245347 -0.00245166 -0.00176002 -0.00176589 -0.00176816 -0.00177271 -0.00109456 -0.0011102 -0.0011271 -0.00114262
8.325 0 0 0 0 -0.00301441 -0.00300879 -0.00300116 -0.00299911 -0.0024369 -0.00244246 -0.00244478 -0.00244969 -0.00191909 -0.00193479 -0.00195168 -0.00196715
8.345 0 0 0 0 -0.00316227 -0.00315621 -0.00314827 -0.00314709 -0.00310147 -0.0031071 -0.00310959 -0.00311459 -0.00304731 -0.00306304 -0.00308009 -0.00309569
8.365 0 0 0 0 -0.00270925 -0.00270168 -0.00269364 -0.00269427 -0.00332653 -0.00333282 -0.00333555 -0.00334027 -0.00381013 -0.00382564 -0.00384255 -0.00385823
8.385 0 0 0 0 -0.00174121 -0.00173172 -0.00172365 -0.00172581 -0.00268307 -0.00268978 -0.0026925 -0.00269704 -0.00355579 -0.00357129 -0.00358821 -0.00360391
8.405 0 0 0 0 -0.000510443 -0.000499836 -0.000491707 -0.000493875 -0.0010428 -0.00104915 -0.00105189 -0.00105667 -0.00191648 -0.00193225 -0.00194918 -0.00196465
8.425 0 0 0 0 0.000902694 0.000914312 0.000922147 0.00092161 0.0014503 0.00144447 0.00144209 0.00143733 0.00116328 0.00114716 0.00113013 0.00111492
8.445 0 0 0 0 0.00286938 0.00288377 0.00289098 0.00289308 0.00483392 0.00482875 0.00482682 0.00482191 0.00561127 0.00559494 0.00557806 0.00556326
8.465 0 0 0 0 0.00570559 0.00572443 0.00573164 0.00573718 0.00918502 0.0091807 0.00917889 0.00917348 0.0110087 0.0109922 0.0109755 0.0109613
8.485 0 0 0 0 0.00947976 0.00950043 0.00951048 0.00952333 0.0143314 0.0143294 0.0143277 0.0143212 0.0167587 0.0167417 0.0167252 0.0167116
8.505 0 0 0 0 0.0139706 0.0139892 0.0139957 0.014013 0.019802 0.019802 0.0197989 0.0197893 0.0223965 0.0223815 0.0223694 0.0223589
8.525 0 0 0 0 0.0187008 0.0187166 0.0187167 0.0187294 0.0250157 0.0250177 0.025016 0.0250076 0.0276332 0.0276184 0.0276073 0.0275976
8.545 0 0 0 0 0.0230833 0.0231025 0.0231018 0.0231124 0.0296597 0.0296615 0.0296599 0.0296525 0.0323051 0.0322901 0.0322786 0.0322686
8.565 0 0 0 0 0.0267255 0.0267505 0.0267497 0.0267577 0.0336826 0.0336839 0.0336817 0.0336745 0.0364165 0.0364022 0.0363924 0.0363835
8.585 0 0 0 0 0.0293589 0.0293841 0.0293838 0.0293941 0.0368957 0.0368984 0.0368969 0.0368897 0.039835 0.0398197 0.0398086 0.0397993
8.605 0 0 0 0 0.0308644 0.0308901 0.0308869 0.0308951 0.0390354 0.0390389 0.0390372 0.0390299 0.0423364 0.0423218 0.0423121 0.0423038
8.625 0 0 0 0 0.0313847 0.0314101 0.0314078 0.0314183 0.0400057 0.0400099 0.0400086 0.0400013 0.0437268 0.0437118 0.0437016 0.0436931
8.645 0 0 0 0 0.0310246 0.0310488 0.0310461 0.0310571 0.0397655 0.0397698 0.0397684 0.0397611 0.0437168 0.0437021 0.043692 0.0436834
8.665 0 0 0 0 0.0297837 0.0298044 0.0298019 0.0298125 0.0381542 0.0381585 0.0381571 0.0381494 0.0419688 0.0419541 0.0419441 0.0419355
8.685 0 0 0 0 0.0278639 0.0278807 0.0278791 0.0278885 0.0351179 0.0351207 0.0351192 0.0351119 0.0384325 0.0384179 0.0384072 0.0383978
8.705 0 0 0 0 0.0253988 0.0254106 0.0254095 0.0254143 0.0307563 0.0307562 0.0307542 0.0307477 0.0332519 0.0332377 0.033227 0.033217
8.725 0 0 0 0 0.0224624 0.0224701 0.0224715 0.0224728 0.0254688 0.0254648 0.0254626 0.0254575 0.0268465 0.0268325 0.0268206 0.026809
8.745 0 0 0 0 0.0191693 0.019173 0.0191763 0.0191743 0.0198664 0.0198602 0.0198574 0.0198531 0.019957 0.0199433 0.0199308 0.0199183
8.765 0 0 0 0 0.015441 0.0154448 0.0154503 0.0154497 0.0143278 0.0143211 0.0143179 0.0143124 0.0132843 0.0132705 0.0132572 0.0132438
8.785 0 0 0 0 0.011133 0.0111359 0.0111424 0.0111453 0.00894578 0.00893934 0.00893615 0.00893027 0.00727959 0.00726559 0.00725125 0.00723704
8.805 0 0 0 0 0.00628849 0.00628974 0.00629717 0.00630531 0.00370317 0.00369685 0.00369373 0.00368747 0.00209115 0.00207729 0.00206253 0.00204775
8.825 0 0 0 0 0.0012029 0.00120215 0.00121078 0.00122351 -0.00130558 -0.00131168 -0.00131473 -0.00132118 -0.00242761 -0.00244169 -0.00245747 -0.00247322
8.845 0 0 0 0 -0.0036872 -0.00368966 -0.00367966 -0.00366334 -0.00590103 -0.00590638 -0.00590926 -0.00591606 -0.00658098 -0.00659594 -0.00661336 -0.00663008
8.865 0 0 0 0 -0.00814989 -0.00814719 -0.00813689 -0.0081249 -0.0102282 -0.0102333 -0.0102358 -0.0102423 -0.0108273 -0.0108425 -0.0108605 -0.0108775
8.885 0 0 0 0 -0.0119333 -0.0119377 -0.0119349 -0.0119271 -0.0146437 -0.0146494 -0.0146531 -0.0146595 -0.0155423 -0.0155537 -0.0155652 -0.015579
8.905 0 0 0 0 -0.0150749 -0.0150727 -0.015069 -0.0150659 -0.019234 -0.0192403 -0.0192424 -0.019245 -0.0207566 -0.0207692 -0.0207836 -0.0207995
8.925 0 0 0 0 -0.0178531 -0.0178583 -0.0178635 -0.0178655 -0.02381 -0.0238167 -0.0238184 -0.0238178 -0.026317 -0.0263271 -0.0263381 -0.0263527
8.945 0 0 0 0 -0.0207721 -0.0207752 -0.0207806 -0.0207834 -0.0281368 -0.0281432 -0.0281444 -0.0281419 -0.0317692 -0.0317795 -0.0317909 -0.0318057
8.965 0 0 0 0 -0.0239541 -0.0239614 -0.0239693 -0.0239718 -0.0320611 -0.0320655 -0.0320661 -0.0320634 -0.0363961 -0.0364062 -0.0364175 -0.0364323
8.985 0 0 0 0 -0.027147 -0.0271551 -0.0271619 -0.0271599 -0.0354767 -0.0354819 -0.0354832 -0.0354808 -0.0396785 -0.0396879 -0.0396978 -0.039712
9.005 0 0 0 0 -0.0302246 -0.0302344 -0.0302409 -0.0302371 -0.0382214 -0.0382265 -0.0382273 -0.038225 -0.041697 -0.0417064 -0.0417172 -0.0417323
9.025 0 0 0 0 -0.0325706 -0.03258 -0.0325846 -0.0325766 -0.0398776 -0.0398832 -0.0398847 -0.039884 -0.0426729 -0.0426824 -0.0426929 -0.0427077
9.045 0 0 0 0 -0.0335375 -0.0335507 -0.0335559 -0.033547 -0.0401561 -0.0401605 -0.0401621 -0.0401629 -0.0426852 -0.0426947 -0.0427049 -0.0427192
9.065 0 0 0 0 -0.0326885 -0.0327 -0.0327044 -0.0326967 -0.0391019 -0.0391059 -0.0391072 -0.0391083 -0.0417035 -0.0417138 -0.041725 -0.0417396
9.085 0 0 0 0 -0.030183 -0.0301913 -0.0301961 -0.0301941 -0.0366949 -0.0367008 -0.0367025 -0.0367021 -0.0395482 -0.0395578 -0.039568 -0.0395822
9.105 0 0 0 0 -0.0270328 -0.027037 -0.0270403 -0.0270434 -0.0329697 -0.0329755 -0.032977 -0.0329769 -0.0360782 -0.036089 -0.0361003 -0.0361147
9.125 0 0 0 0 -0.0240587 -0.0240641 -0.0240669 -0.0240719 -0.028287 -0.0282913 -0.0282935 -0.0282966 -0.0311351 -0.0311466 -0.0311576 -0.0311708
9.145 0 0 0 0 -0.0214203 -0.0214253 -0.0214249 -0.0214288 -0.0232928 -0.0232959 -0.0232982 -0.0233047 -0.0248192 -0.0248322 -0.0248445 -0.0248578
9.165 0 0 0 0 -0.0189933 -0.0189961 -0.0189941 -0.0189955 -0.0186048 -0.0186087 -0.0186108 -0.0186161 -0.018066 -0.0180793 -0.0180922 -0.0181058
9.185 0 0 0 0 -0.0165862 -0.0165864 -0.0165836 -0.0165802 -0.0144346 -0.0144389 -0.0144413 -0.0144466 -0.0122491 -0.0122621 -0.0122749 -0.0122883
9.205 0 0 0 0 -0.013933 -0.0139285 -0.0139247 -0.0139181 -0.0106984 -0.0107013 -0.0107034 -0.0107099 -0.00821923 -0.00823332 -0.00824695 -0.00826014
9.225 0 0 0 0 -0.01085 -0.0108416 -0.0108368 -0.01083 -0.00758402 -0.00758614 -0.00758826 -0.00759615 -0.00594722 -0.00596239 -0.00597655 -0.00598934
9.245 0 0 0 0 -0.00750756 -0.0074963 -0.00749072 -0.00748789 -0.00535131 -0.00535506 -0.00535734 -0.00536425 -0.00475773 -0.00477292 -0.00478736 -0.00480052
9.265 0 0 0 0 -0.00465703 -0.00464326 -0.00463651 -0.00463884 -0.00397849 -0.00398509 -0.00398761 -0.00399193 -0.00407455 -0.0040896 -0.0041052 -0.00411983
9.285 0 0 0 0 -0.00309349 -0.0030782 -0.00307045 -0.00307464 -0.00309719 -0.00310462 -0.00310729 -0.00311076 -0.00355724 -0.00357252 -0.00358898 -0.00360441
9.305 0 0 0 0 -0.0032123 -0.00319806 -0.00319093 -0.00319334 -0.00260673 -0.00261277 -0.00261532 -0.0026201 -0.00306439 -0.00307979 -0.0030957 -0.00311034
9.325 0 0 0 0 -0.00469881 -0.00468847 -0.0046819 -0.00467944 -0.00292149 -0.00292495 -0.0029268 -0.00293347 -0.00267355 -0.00268962 -0.0027057 -0.0027198
9.345 0 0 0 0 -0.00662834 -0.00662195 -0.00661558 -0.00661051 -0.00424904 -0.00425274 -0.00425462 -0.00426087 -0.00276528 -0.00278086 -0.00279684 -0.00281131
9.365 0 0 0 0 -0.00820523 -0.00820096 -0.00819476 -0.00819059 -0.00618518 -0.00619072 -0.00619284 -0.00619742 -0.0039874 -0.00400187 -0.00401735 -0.00403233
9.385 0 0 0 0 -0.00914065 -0.00913617 -0.00912917 -0.00912677 -0.00815241 -0.00815877 -0.00816096 -0.00816495 -0.00668992 -0.00670464 -0.00672085 -0.0067365
9.405 0 0 0 0 -0.00951606 -0.00951122 -0.00950387 -0.00950322 -0.00996544 -0.00997073 -0.00997345 -0.00997908 -0.0103448 -0.0103597 -0.0103757 -0.0103908
9.425 0 0 0 0 -0.00964864 -0.0096416 -0.0096344 -0.00963603 -0.011686 -0.0116916 -0.0116944 -0.0117005 -0.013706 -0.013721 -0.0137368 -0.0137519
9.445 0 0 0 0 -0.0101145 -0.0101052 -0.0100981 -0.0101008 -0.0133176 -0.0133247 -0.0133274 -0.0133313 -0.015813 -0.0158272 -0.015843 -0.0158585
9.465 0 0 0 0 -0.0113389 -0.0113301 -0.0113228 -0.0113246 -0.0145988 -0.0146069 -0.0146096 -0.0146127 -0.0165136 -0.0165273 -0.0165428 -0.0165587
9.485 0 0 0 0 -0.0129341 -0.0129279 -0.0129208 -0.0129204 -0.01517 -0.0151772 -0.01518 -0.0151845 -0.0161196 -0.0161334 -0.0161488 -0.0161645
9.505 0 0 0 0 -0.0139636 -0.0139603 -0.0139536 -0.0139516 -0.0150525 -0.0150584 -0.0150614 -0.0150669 -0.0151563 -0.0151702 -0.0151851 -0.0152001
9.525 0 0 0 0 -0.0136226 -0.0136194 -0.0136126 -0.0136109 -0.0143684 -0.0143745 -0.0143774 -0.0143824 -0.0140538 -0.0140678 -0.0140829 -0.0140981
9.545 0 0 0 0 -0.01176 -0.0117552 -0.0117481 -0.0117481 -0.0128969 -0.0129038 -0.0129067 -0.0129109 -0.0128787 -0.0128927 -0.0129082 -0.0129239
9.565 0 0 0 0 -0.00901051 -0.0090029 -0.0089954 -0.00899764 -0.0104055 -0.0104122 -0.0104149 -0.0104195 -0.0112981 -0.0113128 -0.011329 -0.0113446
9.585 0 0 0 0 -0.00629645 -0.0062869 -0.00627946 -0.00628241 -0.00730377 -0.00730928 -0.00731218 -0.00731826 -0.00886985 -0.008885 -0.00890075 -0.00891549
9.605 0 0 0 0 -0.0044562 -0.00444552 -0.00443784 -0.00443951 -0.00455389 -0.00455899 -0.00456166 -0.00456755 -0.00564143 -0.00565713 -0.00567339 -0.00568819
9.625 0 0 0 0 -0.00379593 -0.00378442 -0.00377708 -0.00377684 -0.00269914 -0.00270497 -0.00270706 -0.00271159 -0.00225594 -0.00227151 -0.00228797 -0.00230301
9.645 0 0 0 0 -0.00373614 -0.00372533 -0.00371874 -0.00371529 -0.00130101 -0.00130649 -0.00130859 -0.0013132 0.000618023 0.000602939 0.000587128 0.000572357
9.665 0 0 0 0 -0.00337367 -0.00336275 -0.00335612 -0.00334885 0.000172193 0.000169024 0.000167146 0.00016114 0.00256624 0.00255059 0.00253464 0.00252036
9.685 0 0 0 0 -0.00226869 -0.00225635 -0.00224938 -0.00224095 0.00152931 0.00152738 0.00152549 0.00151804 0.00345269 0.00343655 0.00342083 0.00340727
9.705 0 0 0 0 -0.00057857 -0.00056308 -0.000555432 -0.000549958 0.00243345 0.00242989 0.00242788 0.00242122 0.00358359 0.00356738 0.00355163 0.00353801
9.725 0 0 0 0 0.00107903 0.00109773 0.00110622 0.00110715 0.0029409 0.00293495 0.00293281 0.00292825 0.00344668 0.00343059 0.00341426 0.00339983
9.745 0 0 0 0 0.00187131 0.00189093 0.00189969 0.00189858 0.00316651 0.00315969 0.00315734 0.00315336 0.00326641 0.00325049 0.00323407 0.00321941
9.765 0 0 0 0 0.00141661 0.00143478 0.00144331 0.00144401 0.00308724 0.00308184 0.00307967 0.00307449 0.00317851 0.00316225 0.0031459 0.00313166
9.785 0 0 0 0 0.000172406 0.000187455 0.000195677 0.000199936 0.00264573 0.00264189 0.00263982 0.0026333 0.00333351 0.00331705 0.00330091 0.00328707
9.805 0 0 0 0 -0.00107039 -0.00105787 -0.00104983 -0.0010437 0.00188381 0.0018798 0.00187784 0.00187178 0.00352146 0.00350535 0.00348924 0.00347514
9.825 0 0 0 0 -0.00183677 -0.00182555 -0.00181761 -0.00181181 0.00102903 0.00102408 0.00102208 0.00101711 0.00317095 0.00315545 0.00313948 0.00312499
9.845 0 0 0 0 -0.00213199 -0.00212133 -0.00211316 -0.00210849 0.000216928 0.000211633 0.000209605 0.000204604 0.00184328 0.00182758 0.00181137 0.00179676
9.865 0 0 0 0 -0.00225362 -0.00224325 -0.00223479 -0.00223198 -0.000769264 -0.000774189 -0.000776447 -0.000782233 -0.000332989 -0.00034897 -0.000365186 -0.000379574
9.885 0 0 0 0 -0.00259448 -0.00258388 -0.00257479 -0.00257455 -0.00223764 -0.00224309 -0.00224568 -0.00225116 -0.00277149 -0.0027874 -0.00280378 -0.00281846
9.905 0 0 0 0 -0.00348969 -0.00347923 -0.00346998 -0.0034715 -0.00410085 -0.00410755 -0.0041104 -0.00411515 -0.00490387 -0.00491923 -0.00493549 -0.00495059
9.925 0 0 0 0 -0.00500218 -0.00499353 -0.00498456 -0.00498542 -0.00589473 -0.00590178 -0.00590462 -0.00590905 -0.00649074 -0.00650572 -0.00652186 -0.00653718
9.945 0 0 0 0 -0.00669277 -0.00668743 -0.00667888 -0.00667712 -0.00723245 -0.00723849 -0.00724125 -0.00724639 -0.00750274 -0.00751787 -0.00753413 -0.00754944
9.965 0 0 0 0 -0.00787725 -0.00787429 -0.00786628 -0.00786257 -0.00805659 -0.00806192 -0.0080645 -0.00807012 -0.00801931 -0.00803447 -0.00805066 -0.00806586
9.985 0 0 0 0 -0.0080628 -0.00805984 -0.00805182 -0.00804825 -0.00834242 -0.00834824 -0.00835091 -0.00835608 -0.00814451 -0.00815946 -0.00817561 -0.00819098
10.005 0 0 0 0 -0.00723194 -0.00722709 -0.00721893 -0.00721704 -0.0078982 -0.00790482 -0.00790755 -0.00791211 -0.00792148 -0.00793628 -0.00795249 -0.00796806
10.025 0 0 0 0 -0.00577829 -0.00577126 -0.00576312 -0.0057628 -0.00660614 -0.00661268 -0.00661549 -0.00662038 -0.00720294 -0.00721786 -0.00723391 -0.0072492
10.045 0 0 0 0 -0.00413721 -0.00412855 -0.00412031 -0.00412047 -0.00465282 -0.00465853 -0.00466131 -0.00466697 -0.00563365 -0.00564909 -0.00566526 -0.00568016
10.065 0 0 0 0 -0.0024816 -0.00247147 -0.00246338 -0.00246313 -0.002287 -0.00229267 -0.00229525 -0.00230062 -0.00289641 -0.00291205 -0.00292827 -0.00294305
10.085 0 0 0 0 -0.00101121 -0.00099912 -0.000991426 -0.000989942 0.00021636 0.000210307 0.000208155 0.000203589 0.000657831 0.000642197 0.000625927 0.000611162
10.105 0 0 0 0 0.000123334 0.000137249 0.000144606 0.000149001 0.00264576 0.0026404 0.00263843 0.00263353 0.00415292 0.00413717 0.00412101 0.00410652
10.125 0 0 0 0 0.000835408 0.000850135 0.000857259 0.000865285 0.00455725 0.00455409 0.00455216 0.00454571 0.00661415 0.006598 0.00658207 0.0065683
10.145 0 0 0 0 0.00123683 0.00125201 0.00125905 0.00126869 0.00543764 0.0054357 0.0054338 0.00542635 0.00752733 0.00751083 0.00749492 0.00748155
10.165 0 0 0 0 0.00146596 0.00148178 0.00148903 0.00149657 0.00511055 0.0051073 0.00510537 0.00509869 0.00691631 0.00689997 0.00688396 0.00687027
10.185 0 0 0 0 0.00133817 0.00135414 0.00136173 0.00136521 0.00378686 0.00378132 0.00377924 0.00377424 0.00501977 0.00500386 0.00498767 0.00497329
10.205 0 0 0 0 0.000543845 0.00055842 0.000566477 0.000567355 0.00186429 0.00185781 0.0018555 0.00185096 0.0022738 0.00225799 0.00224161 0.0022269
10.225 0 0 0 0 -0.000922921 -0.000911104 -0.000902755 -0.000902443 -0.00034362 -0.000349567 -0.000352063 -0.000357218 -0.00064251 -0.000658337 -0.000674726 -0.000689469
10.245 0 0 0 0 -0.00293736 -0.00292851 -0.00292008 -0.00291927 -0.00286167 -0.00286744 -0.0028701 -0.00287555 -0.00332274 -0.00333838 -0.00335469 -0.00336955
10.265 0 0 0 0 -0.00531225 -0.00530612 -0.00529779 -0.00529618 -0.00569827 -0.00570454 -0.00570725 -0.0057122 -0.00584196 -0.00585715 -0.0058735 -0.00588882
10.285 0 0 0 0 -0.00772753 -0.00772396 -0.00771572 -0.00771239 -0.00855239 -0.008559 -0.00856183 -0.00856658 -0.00847606 -0.00849082 -0.0085071 -0.0085228
10.305 0 0 0 0 -0.00979294 -0.00979092 -0.00978271 -0.00977692 -0.011069 -0.011075 -0.0110778 -0.0110832 -0.0113064 -0.0113211 -0.0113374 -0.0113532
10.325 0 0 0 0 -0.0112587 -0.0112559 -0.0112477 -0.0112413 -0.0131874 -0.0131932 -0.013196 -0.0132019 -0.0141145 -0.0141291 -0.0141452 -0.0141608
10.345 0 0 0 0 -0.0120076 -0.012003 -0.0119951 -0.0119892 -0.0148803 -0.0148871 -0.0148901 -0.0148955 -0.0164276 -0.0164414 -0.0164565 -0.0164719
10.365 0 0 0 0 -0.0121771 -0.0121696 -0.0121613 -0.0121566 -0.0158977 -0.0159056 -0.0159083 -0.0159118 -0.0178012 -0.0178148 -0.0178304 -0.0178464
10.385 0 0 0 0 -0.0121109 -0.0121032 -0.0120951 -0.0120906 -0.0160287 -0.016037 -0.0160399 -0.016043 -0.0180843 -0.0180976 -0.0181128 -0.0181287
10.405 0 0 0 0 -0.0120367 -0.0120304 -0.0120222 -0.012017 -0.0153955 -0.0154026 -0.0154055 -0.01541 -0.0173257 -0.0173396 -0.0173551 -0.0173708
10.425 0 0 0 0 -0.01182 -0.011816 -0.0118078 -0.0118018 -0.0143143 -0.0143206 -0.0143236 -0.0143294 -0.0156886 -0.0157027 -0.0157183 -0.0157337
10.445 0 0 0 0 -0.0111565 -0.0111537 -0.0111455 -0.0111397 -0.012904 -0.0129104 -0.0129133 -0.0129188 -0.0134688 -0.013483 -0.0134988 -0.0135144
10.465 0 0 0 0 -0.00999985 -0.00999725 -0.00998879 -0.00998379 -0.0111322 -0.0111387 -0.0111416 -0.0111467 -0.0111617 -0.0111762 -0.0111924 -0.0112082
10.485 0 0 0 0 -0.00848832 -0.00848541 -0.00847705 -0.00847284 -0.00904954 -0.00905538 -0.00905818 -0.0090637 -0.00909822 -0.00911306 -0.00912919 -0.00914463
10.505 0 0 0 0 -0.00677197 -0.00676734 -0.00675899 -0.00675549 -0.00693339 -0.00693861 -0.00694134 -0.00694738 -0.00723292 -0.00724818 -0.00726436 -0.00727946
10.525 0 0 0 0 -0.00507081 -0.00506399 -0.00505569 -0.00505328 -0.00505837 -0.00506396 -0.00506667 -0.00507232 -0.0053696 -0.00538498 -0.00540126 -0.00541634
10.545 0 0 0 0 -0.00372741 -0.00371896 -0.00371073 -0.00370898 -0.00349933 -0.00350563 -0.00350833 -0.00351323 -0.00351717 -0.00353239 -0.0035486 -0.00356373
10.565 0 0 0 0 -0.0028849 -0.00287563 -0.00286752 -0.00286511 -0.00212911 -0.00213522 -0.00213762 -0.00214239 -0.0017893 -0.00180475 -0.00182114 -0.00183623
10.585 0 0 0 0 -0.002306 -0.0022967 -0.00228896 -0.00228478 -0.000834122 -0.000839241 -0.000841452 -0.000847074 -0.000200171 -0.000215867 -0.000232079 -0.000246708
10.605 0 0 0 0 -0.00170732 -0.00169738 -0.00168981 -0.00168432 0.000300543 0.000296049 0.00029392 0.000287759 0.00120236 0.00118649 0.00117034 0.00115598
10.625 0 0 0 0 -0.000953493 -0.00094228 -0.000934683 -0.000929285 0.00120866 0.00120385 0.00120177 0.00119601 0.00231484 0.00229896 0.0022827 0.00226821
10.645 0 0 0 0 -0.000163143 -0.000150714 -0.000143055 -0.000138487 0.00189377 0.0018884 0.00188626 0.00188096 0.00298127 0.0029655 0.00294925 0.00293468
10.665 0 0 0 0 0.00046908 0.000482326 0.000490103 0.000494109 0.00238193 0.00237662 0.00237448 0.00236908 0.00319179 0.00317586 0.00315952 0.00314497
10.685 0 0 0 0 0.000782089 0.000795644 0.000803519 0.000807295 0.00258248 0.00257749 0.00257536 0.00256964 0.00309081 0.00307469 0.00305823 0.00304376
10.705 0 0 0 0 0.000673187 0.000686505 0.000694396 0.000697935 0.00236926 0.00236413 0.00236196 0.00235629 0.00282553 0.00280948 0.00279308 0.00277859
10.725 0 0 0 0 0.000113248 0.000125503 0.000133433 0.000136996 0.00173939 0.00173388 0.00173166 0.00172636 0.00239125 0.00237537 0.00235895 0.00234428
10.745 0 0 0 0 -0.000785545 -0.000775122 -0.000767221 -0.000763205 0.00080972 0.000804095 0.00080186 0.000796647 0.00165639 0.00164067 0.00162429 0.00160948
10.765 0 0 0 0 -0.00177296 -0.00176435 -0.00175646 -0.00175208 -0.00030111 -0.00030652 -0.00030878 -0.000314245 0.000527284 0.000511634 0.000495312 0.000480525
10.785 0 0 0 0 -0.00260829 -0.00260083 -0.00259273 -0.0025888 -0.00153967 -0.00154516 -0.00154749 -0.00155295 -0.000960592 -0.000976212 -0.000992625 -0.00100756
10.805 0 0 0 0 -0.0032442 -0.00323691 -0.00322848 -0.00322571 -0.00286547 -0.00287142 -0.00287402 -0.00287923 -0.00267927 -0.0026947 -0.00271114 -0.00272632
10.825 0 0 0 0 -0.00384247 -0.00383529 -0.00382665 -0.00382485 -0.00418602 -0.00419233 -0.00419515 -0.00420022 -0.00445103 -0.00446629 -0.00448274 -0.00449813
10.845 0 0 0 0 -0.0045677 -0.00456124 -0.00455271 -0.00455101 -0.00539103 -0.00539723 -0.00540011 -0.00540552 -0.00603938 -0.00605456 -0.00607092 -0.0060863
10.865 0 0 0 0 -0.00542402 -0.00541874 -0.00541027 -0.00540794 -0.00644224 -0.00644816 -0.00645102 -0.00645676 -0.00722444 -0.0072396 -0.00725594 -0.0072713
10.885 0 0 0 0 -0.00627121 -0.00626679 -0.00625831 -0.00625517 -0.00732083 -0.00732678 -0.00732963 -0.0073353 -0.00793311 -0.00794816 -0.00796453 -0.00798003
10.905 0 0 0 0 -0.00693988 -0.00693615 -0.0069277 -0.00692394 -0.00794926 -0.00795541 -0.00795825 -0.00796368 -0.00828744 -0.00830234 -0.0083187 -0.00833432
10.925 0 0 0 0 -0.00727745 -0.00727422 -0.00726575 -0.00726152 -0.00822386 -0.00822992 -0.00823277 -0.00823824 -0.00845831 -0.00847322 -0.00848963 -0.00850527
10.945 0 0 0 0 -0.00718358 -0.00718036 -0.00717189 -0.00716766 -0.00812729 -0.00813309 -0.00813595 -0.00814169 -0.00849817 -0.00851317 -0.00852956 -0.00854512
10.965 0 0 0 0 -0.00669091 -0.00668697 -0.00667854 -0.00667502 -0.00773778 -0.00774361 -0.00774648 -0.00775227 -0.00832625 -0.00834129 -0.00835764 -0.00837313
10.985 0 0 0 0 -0.0059969 -0.00599195 -0.00598353 -0.00598099 -0.00712458 -0.0071307 -0.00713354 -0.00713909 -0.00783343 -0.00784845 -0.00786481 -0.00788031
11.005 0 0 0 0 -0.00534127 -0.00533569 -0.00532725 -0.0053252 -0.00631164 -0.00631784 -0.00632069 -0.00632612 -0.00696909 -0.00698415 -0.00700048 -0.00701593
11.025 0 0 0 0 -0.00483634 -0.00483052 -0.00482199 -0.00481958 -0.00534816 -0.00535408 -0.00535692 -0.00536243 -0.00576852 -0.00578376 -0.00580016 -0.0058155
11.045 0 0 0 0 -0.00441091 -0.00440505 -0.00439666 -0.00439365 -0.00433765 -0.00434333 -0.00434596 -0.00435141 -0.00436136 -0.00437675 -0.0043932 -0.00440843
11.065 0 0 0 0 -0.00391709 -0.00391093 -0.00390274 -0.00389921 -0.00336041 -0.00336613 -0.00336863 -0.00337384 -0.0029641 -0.00297948 -0.00299585 -0.00301101
11.085 0 0 0 0 -0.00327758 -0.00327079 -0.00326274 -0.00325911 -0.00242776 -0.00243358 -0.00243598 -0.002441 -0.00180629 -0.00182169 -0.00183806 -0.00185318
11.105 0 0 0 0 -0.0025319 -0.00252418 -0.00251621 -0.00251275 -0.00155203 -0.0015577 -0.00156005 -0.00156521 -0.00100165 -0.00101717 -0.00103353 -0.00104851
11.125 0 0 0 0 -0.00179918 -0.00179044 -0.00178245 -0.00177929 -0.000814362 -0.000819842 -0.000822152 -0.000827524 -0.000490274 -0.000505958 -0.000522381 -0.000537244
11.145 0 0 0 0 -0.00123261 -0.001223 -0.00121495 -0.00121226 -0.000312209 -0.000317792 -0.000320121 -0.000325423 -0.00012552 -0.000141246 -0.000157711 -0.000172577
