0.005 0 0 0 0 -5.80902e-06 -1.8855e-06 1.93546e-06 5.85886e-06 -1.10868e-06 -3.44371e-07 3.95166e-07 1.15952e-06 1.4765e-05 4.711e-06 -4.6603e-06 -1.47143e-05
0.025 0 0 0 0 -4.21168e-06 -2.83128e-07 3.53783e-06 7.45618e-06 6.64891e-07 1.42775e-06 2.16728e-06 2.93307e-06 1.65225e-05 6.46866e-06 -2.90265e-06 -1.29567e-05
0.045 0 0 0 0 -9.07771e-07 3.02834e-06 6.84927e-06 1.076e-05 5.44963e-06 6.21203e-06 6.95154e-06 7.71773e-06 2.13331e-05 1.12786e-05 1.9073e-06 -8.14622e-06
0.065 0 0 0 0 2.1955e-06 6.13382e-06 9.95463e-06 1.38628e-05 1.20707e-05 1.28362e-05 1.35756e-05 1.43387e-05 2.88051e-05 1.87489e-05 9.37759e-06 -6.74294e-07
0.085 0 0 0 0 4.5399e-06 8.47768e-06 1.22983e-05 1.62067e-05 1.86798e-05 1.94475e-05 2.01869e-05 2.09476e-05 3.81455e-05 2.80879e-05 1.87165e-05 8.66585e-06
0.105 0 0 0 0 6.46991e-06 1.0409e-05 1.42296e-05 1.81364e-05 2.40833e-05 2.48495e-05 2.55887e-05 2.63506e-05 4.74246e-05 3.73667e-05 2.79952e-05 1.79447e-05
0.125 0 0 0 0 8.1257e-06 1.20665e-05 1.5887e-05 1.97919e-05 2.81863e-05 2.89515e-05 2.96907e-05 3.04533e-05 5.39998e-05 4.39416e-05 3.45701e-05 2.45197e-05
0.145 0 0 0 0 9.336e-06 1.32772e-05 1.70976e-05 2.1002e-05 3.0684e-05 3.14516e-05 3.21908e-05 3.2951e-05 5.6145e-05 4.60859e-05 3.67144e-05 2.6665e-05
0.165 0 0 0 0 9.71565e-06 1.3658e-05 1.74785e-05 2.13817e-05 3.03766e-05 3.11457e-05 3.18849e-05 3.26436e-05 5.39098e-05 4.38502e-05 3.44786e-05 2.44297e-05
0.185 0 0 0 0 8.41224e-06 1.23556e-05 1.6176e-05 2.00782e-05 2.63519e-05 2.71191e-05 2.78583e-05 2.86189e-05 4.82307e-05 3.81719e-05 2.88004e-05 1.87506e-05
0.205 0 0 0 0 4.62842e-06 8.56692e-06 1.23873e-05 1.62944e-05 1.8982e-05 1.97473e-05 2.04864e-05 2.1249e-05 3.97503e-05 2.96931e-05 2.03215e-05 1.02703e-05
0.225 0 0 0 0 -1.13977e-06 2.78751e-06 6.60793e-06 1.05262e-05 9.32367e-06 1.0089e-05 1.08282e-05 1.15906e-05 2.87374e-05 1.86814e-05 9.30984e-06 -7.42672e-07
0.245 0 0 0 0 -7.14875e-06 -3.23163e-06 5.88808e-07 4.51728e-06 -1.61014e-06 -8.4538e-07 -1.06213e-07 6.56807e-07 1.56315e-05 5.57704e-06 -3.79449e-06 -1.38485e-05
0.265 0 0 0 0 -1.20848e-05 -8.17222e-06 -4.35198e-06 -4.19425e-07 -1.2648e-05 -1.1886e-05 -1.11469e-05 -1.03814e-05 1.36702e-06 -8.68555e-06 -1.80572e-05 -2.81132e-05
0.285 0 0 0 0 -1.60312e-05 -1.21211e-05 -8.30108e-06 -4.36649e-06 -2.24683e-05 -2.17082e-05 -2.09692e-05 -2.02021e-05 -1.24868e-05 -2.25379e-05 -3.19096e-05 -4.19673e-05
0.305 0 0 0 0 -1.95524e-05 -1.5647e-05 -1.1827e-05 -7.88812e-06 -3.02789e-05 -2.95183e-05 -2.87794e-05 -2.80131e-05 -2.38197e-05 -3.38702e-05 -4.3242e-05 -5.33005e-05
0.325 0 0 0 0 -2.2576e-05 -1.86757e-05 -1.48558e-05 -1.09119e-05 -3.58635e-05 -3.51029e-05 -3.43642e-05 -3.35979e-05 -3.07676e-05 -4.08174e-05 -5.01892e-05 -6.02485e-05
0.345 0 0 0 0 -2.44616e-05 -2.05644e-05 -1.67446e-05 -1.27976e-05 -3.87341e-05 -3.79753e-05 -3.72365e-05 -3.64685e-05 -3.27509e-05 -4.27997e-05 -5.21715e-05 -6.22318e-05
0.365 0 0 0 0 -2.45524e-05 -2.06562e-05 -1.68363e-05 -1.28884e-05 -3.7994e-05 -3.7236e-05 -3.64972e-05 -3.57284e-05 -3.05051e-05 -4.05537e-05 -4.99255e-05 -5.9986e-05
0.385 0 0 0 0 -2.24291e-05 -1.85312e-05 -1.47114e-05 -1.07652e-05 -3.33755e-05 -3.26156e-05 -3.18769e-05 -3.11098e-05 -2.50032e-05 -3.50529e-05 -4.44247e-05 -5.44841e-05
0.405 0 0 0 0 -1.8253e-05 -1.43488e-05 -1.0529e-05 -6.58913e-06 -2.5798e-05 -2.50363e-05 -2.42976e-05 -2.35323e-05 -1.66921e-05 -2.67433e-05 -3.61151e-05 -4.6173e-05
0.425 0 0 0 0 -1.3104e-05 -9.19063e-06 -5.37079e-06 -1.44004e-06 -1.66492e-05 -1.58873e-05 -1.51485e-05 -1.43836e-05 -5.86845e-06 -1.59209e-05 -2.52927e-05 -3.53494e-05
0.445 0 0 0 0 -8.40742e-06 -4.48768e-06 -6.67842e-07 3.25649e-06 -7.06489e-06 -6.30228e-06 -5.56351e-06 -4.79927e-06 6.60183e-06 -3.45186e-06 -1.28237e-05 -2.28791e-05
0.465 0 0 0 0 -4.76097e-06 -8.39156e-07 2.98068e-06 6.90295e-06 1.96656e-06 2.73112e-06 3.46989e-06 4.23218e-06 1.91394e-05 9.08426e-06 -2.87547e-07 -1.03415e-05
0.485 0 0 0 0 -1.75083e-06 2.17282e-06 5.99266e-06 9.91308e-06 9.47637e-06 1.02422e-05 1.09809e-05 1.1742e-05 2.98158e-05 1.97596e-05 1.03878e-05 3.34887e-07
0.505 0 0 0 0 9.63602e-07 4.89161e-06 8.71145e-06 1.26275e-05 1.4802e-05 1.55675e-05 1.63063e-05 1.70677e-05 3.68943e-05 2.68375e-05 1.74657e-05 7.41341e-06
0.525 0 0 0 0 2.89023e-06 6.82253e-06 1.06424e-05 1.45541e-05 1.75694e-05 1.8335e-05 1.90737e-05 1.9835e-05 3.94605e-05 2.94032e-05 2.00314e-05 9.97955e-06
0.545 0 0 0 0 3.17535e-06 7.10867e-06 1.09285e-05 1.48393e-05 1.72969e-05 1.80636e-05 1.88024e-05 1.95626e-05 3.77556e-05 2.7698e-05 1.83262e-05 8.27465e-06
0.565 0 0 0 0 1.40101e-06 5.33196e-06 9.1518e-06 1.30649e-05 1.35678e-05 1.43343e-05 1.50731e-05 1.58334e-05 3.27133e-05 2.26561e-05 1.32843e-05 3.23234e-06
0.585 0 0 0 0 -1.57865e-06 2.34943e-06 6.16927e-06 1.00853e-05 7.44157e-06 8.20564e-06 8.94441e-06 9.70718e-06 2.57622e-05 1.57064e-05 6.33462e-06 -3.71878e-06
0.605 0 0 0 0 -5.82338e-06 -1.90214e-06 1.9177e-06 5.84053e-06 -3.05878e-07 4.57175e-07 1.19594e-06 1.95973e-06 1.67891e-05 6.73462e-06 -2.63719e-06 -1.26918e-05
0.625 0 0 0 0 -1.05128e-05 -6.60017e-06 -2.78033e-06 1.15111e-06 -8.79587e-06 -8.03222e-06 -7.29345e-06 -6.53026e-06 6.1342e-06 -3.91938e-06 -1.32912e-05 -2.33467e-05
0.645 0 0 0 0 -1.31847e-05 -9.27241e-06 -5.45257e-06 -1.5208e-06 -1.58526e-05 -1.50913e-05 -1.43525e-05 -1.3587e-05 -3.62728e-06 -1.36795e-05 -2.30513e-05 -3.31082e-05
0.665 0 0 0 0 -1.51991e-05 -1.1287e-05 -7.46712e-06 -3.53516e-06 -2.15603e-05 -2.08004e-05 -2.00616e-05 -1.92947e-05 -1.19748e-05 -2.20261e-05 -3.1398e-05 -4.14558e-05
0.685 0 0 0 0 -1.62495e-05 -1.23383e-05 -8.5185e-06 -4.58562e-06 -2.42771e-05 -2.35168e-05 -2.2778e-05 -2.20115e-05 -1.63621e-05 -2.64132e-05 -3.57851e-05 -4.5843e-05
0.705 0 0 0 0 -1.67931e-05 -1.28845e-05 -9.06468e-06 -5.12921e-06 -2.43893e-05 -2.36278e-05 -2.28891e-05 -2.21237e-05 -1.61908e-05 -2.62422e-05 -3.5614e-05 -4.56717e-05
0.725 0 0 0 0 -1.52094e-05 -1.1298e-05 -7.47811e-06 -3.54552e-06 -2.10283e-05 -2.02685e-05 -1.95297e-05 -1.87627e-05 -1.06784e-05 -2.07297e-05 -3.01015e-05 -4.01593e-05
0.745 0 0 0 0 -1.21132e-05 -8.19785e-06 -4.37801e-06 -4.4933e-07 -1.431e-05 -1.35499e-05 -1.28112e-05 -1.20444e-05 -1.48691e-06 -1.1539e-05 -2.09108e-05 -3.09678e-05
0.765 0 0 0 0 -1.09631e-05 -7.0542e-06 -3.23436e-06 7.00818e-07 -8.50778e-06 -7.74168e-06 -7.00291e-06 -6.24217e-06 6.38035e-06 -3.67387e-06 -1.30457e-05 -2.31006e-05
0.785 0 0 0 0 -5.66068e-06 -1.73876e-06 2.08108e-06 6.00324e-06 -1.73163e-07 5.89904e-07 1.32867e-06 2.09245e-06 1.67404e-05 6.68583e-06 -2.68597e-06 -1.27406e-05
0.805 0 0 0 0 -3.7002e-06 2.23031e-07 4.04287e-06 7.96372e-06 4.21799e-06 4.98223e-06 5.721e-06 6.4836e-06 2.24327e-05 1.23774e-05 3.0056e-06 -7.04823e-06
0.825 0 0 0 0 -1.42158e-06 2.50543e-06 6.32527e-06 1.02423e-05 8.32558e-06 9.09061e-06 9.82938e-06 1.05912e-05 2.698e-05 1.69239e-05 7.55211e-06 -2.50094e-06
0.845 0 0 0 0 -3.33741e-06 5.813e-07 4.40114e-06 8.3265e-06 7.01867e-06 7.7872e-06 8.52597e-06 9.28428e-06 2.58404e-05 1.57837e-05 6.41184e-06 -3.64057e-06
0.865 0 0 0 0 1.35617e-06 5.29595e-06 9.11579e-06 1.30201e-05 9.93012e-06 1.06886e-05 1.14274e-05 1.21957e-05 2.87958e-05 1.87412e-05 9.36938e-06 -6.85114e-07
0.885 0 0 0 0 5.64642e-06 9.59606e-06 1.34159e-05 1.73103e-05 1.56046e-05 1.6364e-05 1.71028e-05 1.78702e-05 3.30371e-05 2.29812e-05 1.36094e-05 3.55614e-06
0.905 0 0 0 0 4.92667e-06 8.86053e-06 1.26804e-05 1.65906e-05 1.98687e-05 2.06416e-05 2.13804e-05 2.21343e-05 3.69222e-05 2.68624e-05 1.74906e-05 7.4413e-06
0.925 0 0 0 0 2.44449e-06 6.36933e-06 1.01892e-05 1.41084e-05 1.9208e-05 1.99802e-05 2.0719e-05 2.14736e-05 4.05138e-05 3.04546e-05 2.10828e-05 1.10328e-05
0.945 0 0 0 0 -7.47507e-07 3.17778e-06 6.99762e-06 1.09164e-05 1.31333e-05 1.38934e-05 1.46322e-05 1.53988e-05 3.93023e-05 2.92474e-05 1.98756e-05 9.82135e-06
0.965 0 0 0 0 8.34527e-06 1.23063e-05 1.61261e-05 2.00092e-05 2.03543e-05 2.11027e-05 2.18415e-05 2.26198e-05 4.43562e-05 3.43029e-05 2.49311e-05 1.48753e-05
0.985 0 0 0 0 3.50036e-06 7.42487e-06 1.12447e-05 1.51643e-05 1.98243e-05 2.06035e-05 2.13423e-05 2.20897e-05 3.62187e-05 2.61572e-05 1.67854e-05 6.73774e-06
1.005 0 0 0 0 -7.08898e-06 -3.19507e-06 6.24795e-07 4.57502e-06 6.81281e-06 7.6005e-06 8.33921e-06 9.07826e-06 2.22391e-05 1.21772e-05 2.80543e-06 -7.24185e-06
1.025 0 0 0 0 -1.68231e-05 -1.29191e-05 -9.09924e-06 -5.15914e-06 -1.81029e-05 -1.735e-05 -1.66113e-05 -1.58375e-05 2.64496e-06 -7.40407e-06 -1.67759e-05 -2.6836e-05
1.045 0 0 0 0 -1.93762e-05 -1.54515e-05 -1.16317e-05 -7.7123e-06 -3.3367e-05 -3.26336e-05 -3.18948e-05 -3.11014e-05 -1.68672e-05 -2.69097e-05 -3.62815e-05 -4.63481e-05
1.065 0 0 0 0 -2.7233e-05 -2.33479e-05 -1.95281e-05 -1.55691e-05 -4.24261e-05 -4.16561e-05 -4.09175e-05 -4.01609e-05 -4.19148e-05 -5.19664e-05 -6.13383e-05 -7.13958e-05
1.085 0 0 0 0 -3.80287e-05 -3.41775e-05 -3.03576e-05 -2.63648e-05 -5.82769e-05 -5.74899e-05 -5.67518e-05 -5.60133e-05 -6.63874e-05 -7.64418e-05 -8.58138e-05 -9.5869e-05
1.105 0 0 0 0 -3.66898e-05 -3.27912e-05 -2.8972e-05 -2.50281e-05 -7.14511e-05 -7.0711e-05 -6.99727e-05 -6.9187e-05 -7.39517e-05 -8.39922e-05 -9.33642e-05 -0.000103434
1.125 0 0 0 0 -1.21815e-05 -8.19382e-06 -4.37478e-06 -5.2037e-07 -4.71564e-05 -4.64525e-05 -4.5714e-05 -4.48918e-05 -4.63371e-05 -5.63718e-05 -6.57439e-05 -7.58191e-05
1.145 0 0 0 0 1.24402e-05 1.64233e-05 2.02424e-05 2.41017e-05 1.13942e-05 1.21563e-05 1.28947e-05 1.36586e-05 8.78242e-06 -1.27562e-06 -1.06477e-05 -2.06995e-05
1.165 0 0 0 0 -6.6058e-06 -2.77863e-06 1.03997e-06 5.05362e-06 3.14057e-05 3.22569e-05 3.29959e-05 3.36718e-05 4.40785e-05 3.39971e-05 2.46248e-05 1.45961e-05
1.185 0 0 0 0 -4.52706e-06 -6.46284e-07 3.17237e-06 7.13247e-06 3.09753e-05 3.17407e-05 3.24785e-05 3.32376e-05 8.33659e-05 7.33081e-05 6.39356e-05 5.38823e-05
1.205 0 0 0 0 2.42418e-05 2.82713e-05 3.209e-05 3.59021e-05 4.68836e-05 4.75566e-05 4.82941e-05 4.91446e-05 0.000113145 0.000103108 9.37356e-05 8.36609e-05
1.225 0 0 0 0 3.56483e-05 3.96291e-05 4.34472e-05 4.73064e-05 7.77009e-05 7.84757e-05 7.92132e-05 7.99619e-05 0.000107841 9.77714e-05 8.83987e-05 7.83568e-05
1.245 0 0 0 0 1.96753e-05 2.35366e-05 2.73543e-05 3.1332e-05 7.4894e-05 7.57754e-05 7.65131e-05 7.71556e-05 7.57207e-05 6.56223e-05 5.62498e-05 4.62365e-05
1.265 0 0 0 0 -1.5365e-05 -1.1505e-05 -7.68724e-06 -3.70814e-06 1.16391e-06 1.95594e-06 2.69369e-06 3.42562e-06 2.21956e-05 1.21319e-05 2.75919e-06 -7.28885e-06
1.285 0 0 0 0 -3.28036e-05 -2.88415e-05 -2.50238e-05 -2.11469e-05 -7.07408e-05 -7.00972e-05 -6.93596e-05 -6.84792e-05 -2.96671e-05 -3.9682e-05 -4.90545e-05 -5.91515e-05
1.305 0 0 0 0 -2.91731e-05 -2.52187e-05 -2.14014e-05 -1.75179e-05 -7.40773e-05 -7.33843e-05 -7.26464e-05 -7.18152e-05 -6.98398e-05 -7.98697e-05 -8.92424e-05 -9.93245e-05
1.325 0 0 0 0 -7.41227e-06 -3.50468e-06 3.12533e-07 4.24261e-06 -2.39311e-05 -2.30997e-05 -2.23629e-05 -2.16725e-05 -7.12826e-05 -8.13594e-05 -9.07327e-05 -0.00010077
1.345 0 0 0 0 -1.91666e-05 -1.5314e-05 -1.14967e-05 -7.51152e-06 -2.63368e-05 -2.54922e-05 -2.47552e-05 -2.40779e-05 -6.10354e-05 -7.11136e-05 -8.04869e-05 -9.05226e-05
1.365 0 0 0 0 -1.97672e-05 -1.581e-05 -1.19927e-05 -8.11201e-06 -4.29466e-05 -4.22628e-05 -4.15259e-05 -4.06878e-05 -1.2916e-05 -2.29461e-05 -3.23192e-05 -4.24028e-05
1.385 0 0 0 0 -1.8635e-05 -1.4687e-05 -1.08695e-05 -6.97948e-06 -2.50011e-05 -2.43329e-05 -2.35961e-05 -2.27426e-05 3.33971e-05 2.33708e-05 1.39977e-05 3.91031e-06
1.405 0 0 0 0 -4.17719e-05 -3.80421e-05 -3.42244e-05 -3.01161e-05 -6.97606e-06 -6.1269e-06 -5.3902e-06 -4.71779e-06 2.315e-05 1.30738e-05 3.70081e-06 -6.33667e-06
1.425 0 0 0 0 -2.45245e-05 -2.07212e-05 -1.69036e-05 -1.28686e-05 -4.48519e-06 -3.64759e-06 -2.91078e-06 -2.22668e-06 2.56288e-06 -7.51288e-06 -1.68861e-05 -2.69241e-05
1.445 0 0 0 0 3.8721e-05 4.28676e-05 4.66853e-05 5.03771e-05 1.16393e-05 1.22918e-05 1.30285e-05 1.38977e-05 1.61814e-05 6.14879e-06 -3.22428e-06 -1.33053e-05
1.465 0 0 0 0 5.55692e-05 5.97143e-05 6.35325e-05 6.72268e-05 4.76311e-05 4.83311e-05 4.9068e-05 4.98897e-05 4.068e-05 3.06292e-05 2.12558e-05 1.11926e-05
1.485 0 0 0 0 1.52749e-06 5.32641e-06 9.14464e-06 1.31851e-05 5.60286e-05 5.69318e-05 5.76685e-05 5.82869e-05 5.55404e-05 4.54388e-05 3.60657e-05 2.60536e-05
1.505 0 0 0 0 -4.86106e-05 -4.49198e-05 -4.11019e-05 -3.69542e-05 1.79151e-06 2.63609e-06 3.37315e-06 4.05012e-06 5.86414e-05 4.85673e-05 3.91938e-05 2.91538e-05
1.525 0 0 0 0 -1.06013e-05 -6.58457e-06 -2.76675e-06 1.0551e-06 -2.04677e-05 -1.98829e-05 -1.91466e-05 -1.82112e-05 7.24052e-05 6.24006e-05 5.30272e-05 4.29167e-05
1.545 0 0 0 0 6.42763e-05 6.84717e-05 7.22897e-05 7.59331e-05 6.09239e-05 6.15608e-05 6.22974e-05 6.31809e-05 8.73584e-05 7.73229e-05 6.79492e-05 5.78694e-05
1.565 0 0 0 0 6.00917e-05 6.40019e-05 6.78185e-05 7.17442e-05 0.000128813 0.000129785 0.000130521 0.000131068 7.19673e-05 6.18314e-05 5.24581e-05 4.24789e-05
1.585 0 0 0 0 -4.39873e-05 -4.03753e-05 -3.65584e-05 -3.23342e-05 1.51523e-05 1.61428e-05 1.68793e-05 1.74089e-05 3.19204e-06 -6.9274e-06 -1.63008e-05 -2.62972e-05
1.605 0 0 0 0 -4.66152e-05 -4.26086e-05 -3.87913e-05 -3.4962e-05 -9.95446e-05 -9.90297e-05 -9.82933e-05 -9.72884e-05 -1.77294e-06 -1.17484e-05 -2.11218e-05 -3.12624e-05
1.625 0 0 0 0 1.86634e-05 2.2909e-05 2.67253e-05 3.03133e-05 -4.86253e-05 -4.81701e-05 -4.74329e-05 -4.63668e-05 2.11204e-05 1.11488e-05 1.77507e-06 -8.37038e-06
1.645 0 0 0 0 2.54787e-05 2.93042e-05 3.312e-05 3.71276e-05 7.61469e-05 7.71348e-05 7.78718e-05 7.8405e-05 1.06638e-05 5.29802e-07 -8.8439e-06 -1.88271e-05
1.665 0 0 0 0 -1.0827e-05 -7.20824e-06 -3.39289e-06 8.20787e-07 6.82015e-05 6.93088e-05 7.00454e-05 7.04586e-05 -1.18297e-06 -1.13459e-05 -2.07202e-05 -3.0676e-05
1.685 0 0 0 0 -2.17715e-05 -1.77516e-05 -1.39362e-05 -1.01234e-05 -5.61572e-05 -5.55812e-05 -5.48448e-05 -5.39007e-05 1.71196e-05 7.11932e-06 -2.25479e-06 -1.23733e-05
1.705 0 0 0 0 -1.51212e-05 -1.09374e-05 -7.12153e-06 -3.47206e-06 -8.61351e-05 -8.5738e-05 -8.50018e-05 -8.38797e-05 3.02269e-05 2.02782e-05 1.09036e-05 7.32604e-07
1.725 0 0 0 0 -2.33224e-05 -1.95662e-05 -1.57503e-05 -1.16735e-05 1.07583e-05 1.16532e-05 1.23895e-05 1.30143e-05 3.68495e-06 -6.41189e-06 -1.57861e-05 -2.58086e-05
1.745 0 0 0 0 -2.01826e-05 -1.65802e-05 -1.27644e-05 -8.53359e-06 4.99601e-05 5.10716e-05 5.18081e-05 5.22165e-05 -2.71862e-05 -3.73488e-05 -4.67231e-05 -5.66798e-05
1.765 0 0 0 0 1.39059e-05 1.7992e-05 2.18076e-05 2.55546e-05 -2.34854e-05 -2.28322e-05 -2.20958e-05 -2.1229e-05 -1.73071e-05 -2.73379e-05 -3.6712e-05 -4.68003e-05
1.785 0 0 0 0 8.53343e-06 1.27788e-05 1.65943e-05 2.01815e-05 -7.23173e-05 -7.1881e-05 -7.11444e-05 -7.00606e-05 -4.04496e-06 -1.40097e-05 -2.33839e-05 -3.35384e-05
1.805 0 0 0 0 -7.41983e-05 -7.05488e-05 -6.67332e-05 -6.25498e-05 -6.0985e-05 -6.0116e-05 -5.93795e-05 -5.87286e-05 -4.80577e-05 -5.81356e-05 -6.75098e-05 -7.75511e-05
1.825 0 0 0 0 -5.17141e-05 -4.81029e-05 -4.42869e-05 -4.00641e-05 -7.22401e-06 -6.23212e-06 -5.4957e-06 -4.96785e-06 -3.4342e-05 -4.44623e-05 -5.38366e-05 -6.38358e-05
1.845 0 0 0 0 1.98265e-05 2.39216e-05 2.77378e-05 3.14768e-05 -1.18319e-05 -1.11817e-05 -1.04454e-05 -9.57599e-06 -2.15338e-07 -1.02465e-05 -1.96206e-05 -2.97087e-05
1.865 0 0 0 0 8.54565e-05 8.98205e-05 9.36374e-05 9.7109e-05 4.56013e-05 4.61212e-05 4.68574e-05 4.78569e-05 7.37706e-05 6.37645e-05 5.43901e-05 4.42768e-05
1.885 0 0 0 0 7.68608e-05 8.08487e-05 8.4665e-05 8.85119e-05 0.000158042 0.000158919 0.000159655 0.000160297 0.000156706 0.000146593 0.000137218 0.000127212
1.905 0 0 0 0 1.32323e-05 1.68373e-05 2.06513e-05 2.48755e-05 0.000170339 0.000171401 0.000172137 0.000172594 0.00020798 0.000197822 0.000188448 0.000178486
1.925 0 0 0 0 -3.88927e-05 -3.51543e-05 -3.134e-05 -2.72491e-05 3.72706e-05 3.79958e-05 3.87309e-05 3.95222e-05 0.000181751 0.000171705 0.000162331 0.000152256
1.945 0 0 0 0 -7.33354e-06 -3.21514e-06 5.99512e-07 4.31107e-06 -3.47759e-05 -3.43292e-05 -3.35949e-05 -3.25263e-05 0.000104036 9.4067e-05 8.46919e-05 7.45392e-05
1.965 0 0 0 0 -3.12181e-05 -2.73651e-05 -2.35504e-05 -1.95733e-05 -5.44782e-05 -5.36674e-05 -5.29331e-05 -5.22286e-05 -8.69111e-05 -9.69827e-05 -0.000106358 -0.000116408
1.985 0 0 0 0 -0.000104679 -0.000101151 -9.73363e-05 -9.30333e-05 -0.000149899 -0.000148821 -0.00014809 -0.00014766 -0.000305233 -0.000315369 -0.000324746 -0.000334734
2.005 0 0 0 0 -0.000111332 -0.000107409 -0.000103599 -9.97e-05 -0.000296069 -0.000295425 -0.000294695 -0.000293834 -0.000396203 -0.000406205 -0.000415581 -0.000425703
2.025 0 0 0 0 -6.791e-05 -6.36195e-05 -5.98122e-05 -5.62898e-05 -0.00030779 -0.000307467 -0.000306734 -0.000305546 -0.000335237 -0.000345151 -0.000354528 -0.000364739
2.045 0 0 0 0 -8.01192e-05 -7.63141e-05 -7.25072e-05 -6.84998e-05 -0.000161307 -0.000160533 -0.000159799 -0.000159062 -0.000217147 -0.000227197 -0.000236573 -0.000246649
2.065 0 0 0 0 -0.000100159 -9.68055e-05 -9.29978e-05 -8.85381e-05 -3.29292e-05 -3.17942e-05 -3.10613e-05 -3.06856e-05 -7.75189e-05 -8.76759e-05 -9.70529e-05 -0.000107022
2.085 0 0 0 0 2.02301e-05 2.42094e-05 2.80172e-05 3.18515e-05 5.81259e-05 5.88044e-05 5.95368e-05 6.03682e-05 0.000139975 0.000129929 0.000120552 0.000110473
2.105 0 0 0 0 0.000149012 0.000153509 0.000157319 0.000160639 0.000185929 0.000186332 0.000187064 0.00018817 0.000329912 0.000319921 0.000310544 0.000300409
2.125 0 0 0 0 0.000135066 0.000139035 0.000142841 0.00014668 0.000323107 0.000324036 0.000324768 0.000325349 0.000390965 0.000380817 0.00037144 0.000361462
2.145 0 0 0 0 7.9282e-05 8.28584e-05 8.66611e-05 9.08873e-05 0.000331275 0.000332471 0.000333205 0.000333522 0.000376543 0.000366327 0.000356949 0.000347039
2.165 0 0 0 0 0.000142079 0.000146325 0.000150129 0.000153686 0.000258487 0.000259103 0.000259837 0.000260733 0.000396854 0.000386799 0.000377421 0.000367349
2.185 0 0 0 0 0.0001607 0.000165206 0.000169012 0.000172311 0.000205984 0.000206396 0.000207129 0.000208229 0.000349466 0.00033947 0.000330092 0.000319961
2.205 0 0 0 0 5.9344e-05 6.31555e-05 6.69607e-05 7.09549e-05 0.000185012 0.000185981 0.000186714 0.000187256 0.000201323 0.00019118 0.000181802 0.000171818
2.225 0 0 0 0 1.19593e-05 1.55926e-05 1.93975e-05 2.35698e-05 0.000123791 0.000124877 0.00012561 0.000126035 9.12032e-05 8.10359e-05 7.1658e-05 6.1698e-05
2.245 0 0 0 0 4.52649e-05 4.94802e-05 5.32847e-05 5.68744e-05 9.34736e-06 9.89481e-06 1.06278e-05 1.15913e-05 5.08346e-05 4.08238e-05 3.14463e-05 2.13304e-05
2.265 0 0 0 0 -2.47885e-05 -2.06871e-05 -1.68825e-05 -1.31789e-05 -0.000106234 -0.000105733 -0.000104999 -0.000103989 -5.36054e-05 -6.3587e-05 -7.2965e-05 -8.31104e-05
2.285 0 0 0 0 -0.000165814 -0.000162435 -0.00015863 -0.000154203 -0.000192142 -0.000191178 -0.000190445 -0.000189898 -0.000224332 -0.000234423 -0.000243801 -0.000253836
2.305 0 0 0 0 -0.000184094 -0.000180653 -0.000176847 -0.000172479 -0.000273008 -0.000272102 -0.000271369 -0.000270764 -0.00034192 -0.000351989 -0.000361367 -0.000371426
2.325 0 0 0 0 -0.000100994 -9.68976e-05 -9.30911e-05 -8.9378e-05 -0.000322102 -0.000321639 -0.000320906 -0.000319859 -0.000379638 -0.000389589 -0.000398967 -0.000409142
2.345 0 0 0 0 -0.00017858 -0.000174815 -0.000171009 -0.000166968 -0.000392925 -0.000392276 -0.000391543 -0.000390683 -0.000490458 -0.000500449 -0.000509827 -0.000519964
2.365 0 0 0 0 -0.000293317 -0.000290128 -0.000286321 -0.000281702 -0.000455885 -0.000454911 -0.000454179 -0.000453646 -0.000585633 -0.000595698 -0.000605075 -0.000615138
2.385 0 0 0 0 -0.000149284 -0.000145422 -0.000141616 -0.00013767 -0.000358346 -0.000357747 -0.000357015 -0.000356105 -0.000440298 -0.00045028 -0.000459659 -0.000469805
2.405 0 0 0 0 8.95871e-05 9.41833e-05 9.79883e-05 0.000101199 -6.64867e-05 -6.61102e-05 -6.5378e-05 -6.42462e-05 -0.000116383 -0.000126349 -0.000135727 -0.000145887
2.425 0 0 0 0 5.72969e-05 6.11057e-05 6.49111e-05 6.89093e-05 0.000160888 0.000161914 0.000162647 0.000163128 0.000118947 0.000108787 9.94087e-05 8.94407e-05
2.445 0 0 0 0 -7.83999e-05 -7.52865e-05 -7.14818e-05 -6.67901e-05 0.0001627 0.000163953 0.000164685 0.000164941 0.000261732 0.00025153 0.000242151 0.000232227
2.465 0 0 0 0 -5.48366e-05 -5.10767e-05 -4.72715e-05 -4.32252e-05 4.28857e-05 4.34009e-05 4.41299e-05 4.51137e-05 0.000330334 0.000320341 0.000310961 0.00030082
2.485 0 0 0 0 9.07703e-05 9.52439e-05 9.90493e-05 0.000102383 7.66275e-05 7.68567e-05 7.75848e-05 7.88527e-05 0.000281234 0.0002713 0.00026192 0.000251722
2.505 0 0 0 0 0.000250406 0.000254837 0.000258643 0.00026202 0.000345455 0.000346361 0.000347088 0.000347679 0.000230803 0.000220633 0.000211254 0.000201291
2.525 0 0 0 0 0.000257157 0.000261208 0.000265011 0.000268759 0.000462431 0.00046379 0.000464513 0.000464644 0.000243615 0.000233305 0.000223925 0.000214097
2.545 0 0 0 0 0.000199282 0.000203589 0.000207392 0.000210884 0.000340401 0.000341122 0.000341846 0.000342615 0.000412471 0.000402364 0.000392985 0.000382955
2.565 0 0 0 0 0.000142557 0.000147007 0.000150811 0.000154161 0.000266218 0.000266416 0.000267141 0.000268432 0.000625001 0.000615058 0.000605677 0.000595482
2.585 0 0 0 0 1.91853e-05 2.27262e-05 2.65302e-05 3.07893e-05 0.00030185 0.000302688 0.000303409 0.000304052 0.000601189 0.000591075 0.000581695 0.000571669
2.605 0 0 0 0 2.37185e-05 2.70149e-05 3.08171e-05 3.53174e-05 0.000322605 0.000323888 0.000324611 0.000324811 0.000406113 0.000395865 0.000386484 0.00037659
2.625 0 0 0 0 0.000160303 0.00016465 0.000168452 0.000171902 0.00019724 0.000197933 0.000198654 0.000199443 0.000173831 0.000163738 0.000154357 0.000144309
2.645 0 0 0 0 0.000275102 0.000280264 0.000284068 0.000286706 0.000136738 0.000136965 0.000137686 0.000138941 6.31171e-05 5.31431e-05 4.37616e-05 3.35941e-05
2.665 0 0 0 0 8.2921e-05 8.69807e-05 9.07847e-05 9.45246e-05 9.32728e-05 9.41728e-05 9.48943e-05 9.54762e-05 -2.50153e-05 -3.51536e-05 -4.4535e-05 -5.4538e-05
2.685 0 0 0 0 -0.000236393 -0.000233614 -0.00022981 -0.00022479 -0.000116864 -0.000115545 -0.000114823 -0.00011466 -0.000115379 -0.000125579 -0.000134961 -0.000144902
2.705 0 0 0 0 -0.000342835 -0.000339655 -0.00033585 -0.000331231 -0.000434557 -0.000434028 -0.000433306 -0.000432354 -0.000219451 -0.000229391 -0.000238772 -0.000248973
2.725 0 0 0 0 -0.000323809 -0.000320042 -0.000316245 -0.00031223 -0.000646399 -0.000646296 -0.000645573 -0.000644192 -0.000511133 -0.000520945 -0.000530326 -0.000540658
2.745 0 0 0 0 -0.000276549 -0.000272979 -0.000269181 -0.000264968 -0.000619526 -0.000618753 -0.000618037 -0.000617343 -0.000894444 -0.000904464 -0.000913847 -0.00092397
2.765 0 0 0 0 -0.000149663 -0.00014592 -0.000142121 -0.00013808 -0.000487879 -0.000486768 -0.000486063 -0.000485734 -0.00101923 -0.00102938 -0.00103877 -0.00104877
2.785 0 0 0 0 -6.59608e-05 -6.16558e-05 -5.78578e-05 -5.43828e-05 -0.000433494 -0.000432913 -0.000432205 -0.00043134 -0.000774985 -0.000784994 -0.000794381 -0.000804529
2.805 0 0 0 0 -0.000234344 -0.00023061 -0.000226812 -0.000222766 -0.000464154 -0.000463753 -0.000463044 -0.000462 -0.000430841 -0.000440767 -0.000450154 -0.000460385
2.825 0 0 0 0 -0.000432662 -0.000430029 -0.000426229 -0.000421077 -0.000428548 -0.00042774 -0.000427032 -0.000426398 -0.000187682 -0.000197695 -0.000207082 -0.000217226
2.845 0 0 0 0 -0.000267698 -0.000264656 -0.000260857 -0.000256115 -0.000217834 -0.000217028 -0.00021632 -0.000215685 -2.2021e-05 -3.20681e-05 -4.14554e-05 -5.15656e-05
2.865 0 0 0 0 0.000136975 0.000141441 0.00014524 0.000148558 9.90196e-05 9.95425e-05 0.000100249 0.000101168 7.71874e-05 6.71446e-05 5.77581e-05 4.76443e-05
2.885 0 0 0 0 0.00036599 0.000370926 0.000374727 0.000377578 0.00037875 0.000379498 0.000380205 0.000380898 0.000157923 0.000147765 0.000138378 0.000128378
2.905 0 0 0 0 0.00024122 0.000245355 0.000249156 0.00025281 0.000423017 0.000424173 0.00042488 0.000425165 0.000281579 0.000271321 0.000261934 0.000252034
2.925 0 0 0 0 2.50844e-05 2.86988e-05 3.24999e-05 3.66728e-05 0.00025688 0.000257724 0.000258431 0.000259029 0.000479266 0.000469144 0.000459757 0.000449722
2.945 0 0 0 0 -7.09604e-05 -6.72714e-05 -6.34699e-05 -5.93709e-05 9.93788e-05 9.97159e-05 0.00010042 0.000101515 0.000567071 0.000557112 0.000547724 0.00053752
2.965 0 0 0 0 -2.38964e-05 -2.01654e-05 -1.63639e-05 -1.23068e-05 0.000118531 0.000119112 0.000119817 0.00012067 0.000393737 0.000383699 0.000374311 0.000364188
2.985 0 0 0 0 0.000172646 0.000176761 0.000180563 0.000184236 0.00027359 0.000274608 0.000275313 0.00027573 0.000143577 0.000133372 0.000123984 0.000114028
3.005 0 0 0 0 0.000404262 0.000409259 0.000413061 0.000415852 0.000412279 0.000413114 0.000413818 0.000414416 0.00011441 0.000104214 9.48264e-05 8.48607e-05
3.025 0 0 0 0 0.000419224 0.000424369 0.000428173 0.000430821 0.000466659 0.000467207 0.00046791 0.000468795 0.000359123 0.000349006 0.000339618 0.000329572
3.045 0 0 0 0 0.000131906 0.000135779 0.000139583 0.000143504 0.000412869 0.000413678 0.000414381 0.000415003 0.000644357 0.000634216 0.000624828 0.000614808
3.065 0 0 0 0 -0.000151706 -0.000148927 -0.000145127 -0.000140121 0.000261605 0.000262601 0.000263299 0.000263719 0.000735896 0.000725748 0.000716359 0.000706343
3.085 0 0 0 0 -0.000161921 -0.000158738 -0.000154936 -0.000150334 6.64241e-05 6.70737e-05 6.7773e-05 6.85415e-05 0.000495129 0.000485093 0.000475704 0.000465579
3.105 0 0 0 0 -4.14075e-06 2.15813e-08 3.82386e-06 7.44936e-06 -8.855e-05 -8.81013e-05 -8.74008e-05 -8.64301e-05 -4.93613e-05 -5.93623e-05 -6.8752e-05 -7.89144e-05
3.125 0 0 0 0 6.98224e-05 7.42766e-05 7.80776e-05 8.14092e-05 -0.000205552 -0.000204771 -0.000204072 -0.000203434 -0.000629432 -0.00063954 -0.000648929 -0.000658983
3.145 0 0 0 0 -7.46606e-05 -7.06192e-05 -6.68182e-05 -6.30738e-05 -0.000425277 -0.000424302 -0.000423605 -0.000423165 -0.000956347 -0.000966482 -0.000975871 -0.000985901
3.165 0 0 0 0 -0.000340721 -0.00033717 -0.000333369 -0.000329134 -0.00073605 -0.000735474 -0.000734777 -0.000733937 -0.000945437 -0.000955398 -0.000964787 -0.00097499
3.185 0 0 0 0 -0.000480187 -0.000476892 -0.000473096 -0.000468616 -0.000832742 -0.000832541 -0.000831843 -0.000830629 -0.000704287 -0.000714111 -0.000723501 -0.000733841
3.205 0 0 0 0 -0.000435703 -0.000432703 -0.000428907 -0.000424134 -0.000622215 -0.000621649 -0.00062095 -0.000620102 -0.000502657 -0.000512602 -0.000521992 -0.000532211
3.225 0 0 0 0 -9.95292e-05 -9.5925e-05 -9.21282e-05 -8.79585e-05 -0.000157098 -0.000156189 -0.00015549 -0.000154985 -0.000266712 -0.000276831 -0.00028622 -0.000296266
3.245 0 0 0 0 0.000284138 0.000288822 0.00029262 0.00029571 0.000285017 0.000285809 0.000286507 0.00028713 6.9504e-05 5.93403e-05 4.99505e-05 3.99499e-05
3.265 0 0 0 0 0.000378975 0.000383778 0.000387576 0.000390548 0.000520634 0.000521351 0.000522049 0.000522746 0.000462751 0.000452586 0.000443196 0.000433197
3.285 0 0 0 0 0.000196552 0.00020045 0.000204247 0.000208121 0.00055719 0.000558064 0.000558762 0.000559303 0.000810359 0.000800179 0.000790789 0.000780805
3.305 0 0 0 0 6.71524e-05 7.05818e-05 7.43764e-05 7.87166e-05 0.000526345 0.000527162 0.00052786 0.000528459 0.00101501 0.00100487 0.000995482 0.000985459
3.325 0 0 0 0 5.88456e-05 6.24486e-05 6.6243e-05 7.04098e-05 0.00042079 0.000421477 0.000422175 0.000422901 0.000859223 0.000849126 0.000839736 0.000829669
3.345 0 0 0 0 0.000197765 0.000202053 0.000205848 0.000209332 0.000354266 0.000354921 0.000355618 0.000356375 0.00046266 0.000452549 0.000443159 0.000433104
3.365 0 0 0 0 0.000433035 0.00043819 0.000441985 0.000444601 0.000440163 0.000440835 0.000441531 0.000442272 0.000201977 0.000191818 0.000182428 0.000172422
3.385 0 0 0 0 0.000367353 0.00037215 0.000375946 0.00037892 0.000407493 0.00040842 0.000409117 0.000409602 0.000115971 0.000105748 9.63577e-05 8.64162e-05
3.405 0 0 0 0 -0.000161757 -0.000158646 -0.00015485 -0.00015019 -5.9785e-05 -5.86831e-05 -5.79862e-05 -5.76755e-05 -3.08478e-05 -4.10169e-05 -5.04071e-05 -6.0403e-05
3.425 0 0 0 0 -0.000637516 -0.000635235 -0.000631437 -0.000625939 -0.000714189 -0.000713633 -0.000712937 -0.000712083 -0.000324705 -0.000334611 -0.000344002 -0.00035426
3.445 0 0 0 0 -0.000616955 -0.000613886 -0.000610095 -0.000605404 -0.00101774 -0.00101775 -0.00101706 -0.00101563 -0.00075211 -0.000761844 -0.000771235 -0.000781668
3.465 0 0 0 0 -0.000210305 -0.000206099 -0.000202308 -0.00019876 -0.000751032 -0.000750639 -0.000749941 -0.00074892 -0.00113275 -0.00114268 -0.00115207 -0.0011623
3.485 0 0 0 0 6.08923e-05 6.52948e-05 6.90883e-05 7.2443e-05 -0.000380252 -0.000379042 -0.000378368 -0.000378221 -0.00124728 -0.00125753 -0.00126692 -0.00127687
3.505 0 0 0 0 3.67107e-05 4.09747e-05 4.47682e-05 4.82623e-05 -0.000272217 -0.000271217 -0.000270538 -0.000270177 -0.000844036 -0.000854212 -0.000863606 -0.000873615
3.525 0 0 0 0 -6.18401e-05 -5.76395e-05 -5.38462e-05 -5.02878e-05 -0.000179776 -0.000179675 -0.000178993 -0.000177728 2.71642e-05 1.72686e-05 7.87466e-06 -2.41559e-06
3.545 0 0 0 0 -3.30131e-05 -2.93665e-05 -2.55741e-05 -2.14629e-05 0.00027324 0.000273462 0.000274141 0.000275276 0.000931274 0.000921314 0.000911919 0.000901683
3.565 0 0 0 0 0.000177931 0.000181029 0.000184808 0.000189432 0.000914373 0.000915616 0.00091629 0.000916396 0.0014463 0.00143598 0.00142659 0.00141671
3.585 0 0 0 0 0.000613307 0.000617553 0.000621322 0.00062476 0.00137073 0.00137203 0.00137271 0.00137276 0.00162607 0.00161565 0.00160625 0.00159647
3.605 0 0 0 0 0.00107857 0.0010849 0.00108867 0.00109003 0.00161717 0.00161759 0.00161826 0.00161918 0.00176129 0.00175103 0.00174163 0.00173169
3.625 0 0 0 0 0.00118928 0.00119578 0.00119955 0.00120072 0.00181556 0.00181602 0.00181669 0.00181757 0.00198074 0.00197044 0.00196104 0.00195113
3.645 0 0 0 0 0.00083923 0.000843746 0.000847511 0.000850653 0.00182391 0.00182531 0.00182599 0.00182594 0.00217129 0.00216078 0.00215138 0.00214169
3.665 0 0 0 0 0.000396257 0.000399476 0.000403233 0.000407655 0.00142327 0.00142459 0.00142525 0.00142524 0.00213325 0.00212284 0.00211344 0.00210364
3.685 0 0 0 0 0.000130255 0.000133824 0.000137581 0.000141654 0.000728699 0.000729022 0.000729683 0.000730659 0.00158383 0.00157377 0.00156436 0.0015542
3.705 0 0 0 0 -0.000150791 -0.000147323 -0.000143563 -0.000139386 -7.44991e-05 -7.41557e-05 -7.3492e-05 -7.25339e-05 0.000285127 0.000275135 0.000265725 0.000255496
3.725 0 0 0 0 -0.000520861 -0.000518129 -0.000514366 -0.000509446 -0.000977928 -0.000976826 -0.000976161 -0.00097596 -0.00145798 -0.0014681 -0.00147751 -0.00148761
3.745 0 0 0 0 -0.000819217 -0.000816231 -0.000812509 -0.000807955 -0.00196641 -0.0019657 -0.00196505 -0.00196452 -0.00294686 -0.0029568 -0.00296621 -0.0029765
3.765 0 0 0 0 -0.00136848 -0.00136595 -0.00136227 -0.00135743 -0.00309983 -0.00309989 -0.00309925 -0.00309799 -0.00408106 -0.00409066 -0.00410008 -0.00411072
3.785 0 0 0 0 -0.00204884 -0.00204801 -0.00204437 -0.00203797 -0.00399989 -0.00399995 -0.00399932 -0.00399807 -0.00483478 -0.00484424 -0.00485366 -0.00486445
3.805 0 0 0 0 -0.00243823 -0.00243869 -0.00243506 -0.00242745 -0.00441891 -0.00441861 -0.00441798 -0.0044171 -0.0052387 -0.00524819 -0.00525761 -0.00526838
3.825 0 0 0 0 -0.00235839 -0.00235847 -0.00235484 -0.00234764 -0.00443301 -0.0044328 -0.00443218 -0.00443123 -0.0053809 -0.00539038 -0.0053998 -0.00541058
3.845 0 0 0 0 -0.0017942 -0.00179241 -0.0017888 -0.00178349 -0.00391074 -0.00391098 -0.00391037 -0.00390901 -0.00503805 -0.00504751 -0.00505694 -0.00506773
3.865 0 0 0 0 -0.000990135 -0.000986671 -0.000983058 -0.00097944 -0.00270443 -0.00270454 -0.00270393 -0.00270271 -0.00389775 -0.00390743 -0.00391686 -0.00392745
3.885 0 0 0 0 -0.00038907 -0.000385593 -0.000381978 -0.000378371 -0.00117702 -0.00117628 -0.00117568 -0.00117532 -0.00202235 -0.00203243 -0.00204187 -0.00205205
3.905 0 0 0 0 2.69218e-05 3.00586e-05 3.36739e-05 3.76237e-05 0.000263208 0.000264217 0.000264819 0.00026491 0.000313016 0.000302742 0.000293307 0.000283314
3.925 0 0 0 0 0.000601752 0.000605754 0.000609382 0.000612487 0.00164144 0.00164183 0.00164243 0.00164314 0.00267459 0.00266436 0.00265493 0.00264489
3.945 0 0 0 0 0.00158771 0.00159351 0.00159705 0.00159811 0.00333805 0.00333817 0.00333872 0.00333953 0.0047496 0.00473917 0.00472972 0.00471984
3.965 0 0 0 0 0.00292783 0.00293567 0.00293913 0.00293768 0.00546892 0.0054698 0.00547032 0.0054703 0.0066285 0.00661754 0.00660807 0.00659871
3.985 0 0 0 0 0.00419207 0.00420161 0.0042049 0.00420101 0.00754888 0.00755041 0.0075509 0.00755013 0.00857959 0.00856813 0.00855865 0.00854976
4.005 0 0 0 0 0.00486278 0.00487284 0.004876 0.00487093 0.0089759 0.00897721 0.00897764 0.00897682 0.0105971 0.0105855 0.010576 0.0105673
4.025 0 0 0 0 0.00483544 0.00484448 0.00484752 0.00484312 0.00961411 0.00961483 0.00961509 0.00961434 0.0122585 0.0122469 0.0122373 0.0122284
4.045 0 0 0 0 0.00434223 0.00434917 0.00435219 0.00434979 0.00949989 0.00950065 0.00950078 0.00949955 0.0127939 0.0127822 0.0127727 0.0127637
4.065 0 0 0 0 0.00355319 0.00355812 0.00356111 0.00356069 0.00834642 0.00834764 0.00834777 0.00834606 0.0114209 0.0114092 0.0113996 0.0113906
4.085 0 0 0 0 0.00240802 0.00241175 0.00241474 0.0024155 0.00575956 0.00576055 0.00576066 0.00575913 0.00783156 0.00782023 0.00781064 0.0078013
4.105 0 0 0 0 0.00077703 0.000779733 0.000782702 0.000784507 0.00181524 0.00181531 0.0018154 0.00181474 0.00244646 0.00243578 0.00242619 0.00241619
4.125 0 0 0 0 -0.001358 -0.0013573 -0.00135432 -0.00135036 -0.00290424 -0.00290489 -0.00290476 -0.00290459 -0.00382035 -0.00383031 -0.0038399 -0.00385063
4.145 0 0 0 0 -0.00382512 -0.00382855 -0.00382582 -0.00381884 -0.00778287 -0.00778412 -0.00778417 -0.00778405 -0.0100416 -0.0100509 -0.0100606 -0.010072
4.165 0 0 0 0 -0.00600779 -0.00601475 -0.0060127 -0.00600433 -0.0120648 -0.0120674 -0.0120678 -0.0120671 -0.0152734 -0.0152822 -0.0152919 -0.0153043
4.185 0 0 0 0 -0.007461 -0.0074678 -0.00746706 -0.00745917 -0.0150205 -0.0150248 -0.0150251 -0.0150229 -0.0188528 -0.0188608 -0.0188704 -0.0188835
4.205 0 0 0 0 -0.00812799 -0.00813456 -0.0081343 -0.00812605 -0.0162549 -0.0162596 -0.0162598 -0.0162571 -0.0204415 -0.0204493 -0.020459 -0.0204724
4.225 0 0 0 0 -0.0080187 -0.00802586 -0.00802554 -0.00801674 -0.0157942 -0.0157982 -0.0157985 -0.0157965 -0.019919 -0.0199271 -0.0199367 -0.0199499
4.245 0 0 0 0 -0.00703584 -0.00704214 -0.00704164 -0.00703394 -0.0138085 -0.0138123 -0.0138126 -0.0138111 -0.0173193 -0.0173277 -0.0173374 -0.0173503
4.265 0 0 0 0 -0.00526326 -0.00526743 -0.00526664 -0.00526148 -0.010448 -0.0104518 -0.0104523 -0.0104512 -0.0129643 -0.0129731 -0.0129828 -0.0129953
4.285 0 0 0 0 -0.00315007 -0.0031527 -0.00315149 -0.00314835 -0.00613601 -0.00613882 -0.00613943 -0.00613975 -0.00756829 -0.00757793 -0.00758778 -0.0075995
4.305 0 0 0 0 -0.000923832 -0.000925221 -0.000923555 -0.000922088 -0.00147234 -0.00147376 -0.00147451 -0.00147662 -0.00176468 -0.00177526 -0.00178517 -0.00179598
4.325 0 0 0 0 0.00155254 0.00155392 0.00155538 0.00155274 0.00321241 0.00321107 0.0032103 0.00320805 0.00415016 0.00413907 0.00412923 0.00411904
4.345 0 0 0 0 0.00375903 0.00376421 0.00376589 0.00375967 0.00743557 0.00743438 0.00743366 0.00743143 0.00948826 0.00947664 0.00946683 0.00945721
4.365 0 0 0 0 0.00531115 0.00531725 0.00531883 0.00531094 0.0108009 0.0108007 0.0108 0.0107968 0.013698 0.0136857 0.0136758 0.0136668
4.385 0 0 0 0 0.00640289 0.00640869 0.00640944 0.00640104 0.0130844 0.0130851 0.0130842 0.0130797 0.0166048 0.0165921 0.0165823 0.0165738
4.405 0 0 0 0 0.00697743 0.00698383 0.00698405 0.00697487 0.0140206 0.0140211 0.0140202 0.014016 0.0178547 0.0178418 0.017832 0.0178235
4.425 0 0 0 0 0.00671022 0.00671644 0.00671663 0.00670755 0.0134208 0.0134211 0.0134203 0.0134162 0.0170692 0.0170564 0.0170466 0.017038
4.445 0 0 0 0 0.00566139 0.00566607 0.00566639 0.00565881 0.0114058 0.0114061 0.0114052 0.011401 0.0144026 0.01439 0.0143802 0.0143714
4.465 0 0 0 0 0.004234 0.00423742 0.00423797 0.00423161 0.00835917 0.00835858 0.00835765 0.0083541 0.0104634 0.0104513 0.0104414 0.0104321
4.485 0 0 0 0 0.00256606 0.00256825 0.00256903 0.00256383 0.00471672 0.00471487 0.00471384 0.00471128 0.00580653 0.00579517 0.00578528 0.0057752
4.505 0 0 0 0 0.00078831 0.000788866 0.000789864 0.000786953 0.00106185 0.00105944 0.00105841 0.00105643 0.00107408 0.00106323 0.00105326 0.00104259
4.525 0 0 0 0 -0.000937473 -0.000938053 -0.000937021 -0.000937856 -0.00224468 -0.0022472 -0.00224818 -0.00224987 -0.00316956 -0.00317998 -0.00318991 -0.00320098
4.545 0 0 0 0 -0.00227144 -0.00227338 -0.00227262 -0.00227206 -0.00488353 -0.00488671 -0.00488762 -0.00488844 -0.00638719 -0.00639708 -0.00640697 -0.00641852
4.565 0 0 0 0 -0.00299673 -0.00299897 -0.00299833 -0.00299742 -0.00644025 -0.00644411 -0.0064449 -0.00644483 -0.0082179 -0.00822743 -0.00823732 -0.00824926
4.585 0 0 0 0 -0.00321124 -0.00321403 -0.00321343 -0.00321199 -0.00675897 -0.00676263 -0.00676345 -0.00676359 -0.00865268 -0.00866218 -0.00867202 -0.00868393
4.605 0 0 0 0 -0.0031404 -0.00314421 -0.00314354 -0.00314111 -0.00620272 -0.00620545 -0.0062063 -0.00620741 -0.00796087 -0.00797071 -0.00798061 -0.00799226
4.625 0 0 0 0 -0.00302866 -0.00303342 -0.00303267 -0.00302942 -0.00547561 -0.00547791 -0.00547882 -0.00548049 -0.0067143 -0.00672429 -0.00673416 -0.00674562
4.645 0 0 0 0 -0.00280402 -0.00280866 -0.00280784 -0.00280474 -0.00481392 -0.0048166 -0.00481752 -0.00481887 -0.00540866 -0.00541862 -0.00542853 -0.00544006
4.665 0 0 0 0 -0.0022644 -0.00226792 -0.00226702 -0.00226505 -0.00394436 -0.00394734 -0.0039483 -0.00394943 -0.0042849 -0.00429489 -0.0043048 -0.00431629
4.685 0 0 0 0 -0.00140009 -0.00140212 -0.00140111 -0.00140069 -0.00268532 -0.00268785 -0.00268884 -0.00269052 -0.00327177 -0.00328209 -0.00329202 -0.00330319
4.705 0 0 0 0 -0.000488373 -0.000489202 -0.000488068 -0.000488861 -0.0013024 -0.00130435 -0.00130535 -0.00130766 -0.00212379 -0.00213447 -0.00214442 -0.00215523
4.725 0 0 0 0 4.70222e-05 4.66242e-05 4.7666e-05 4.62336e-05 -0.000247511 -0.000249376 -0.000250362 -0.000252793 -0.000769504 -0.000780321 -0.000790261 -0.000800929
4.745 0 0 0 0 -0.000144088 -0.00014569 -0.000144628 -0.000144843 8.3323e-05 8.14828e-05 8.0463e-05 7.80291e-05 0.000319675 0.000308874 0.000298936 0.000288256
4.765 0 0 0 0 -0.000727915 -0.000731008 -0.000729744 -0.000728016 -0.000281986 -0.000283877 -0.000284901 -0.000287361 0.000590749 0.000580059 0.000570113 0.000559323
4.785 0 0 0 0 -0.000730663 -0.000732983 -0.000731769 -0.00073083 -0.000611849 -0.000614336 -0.000615339 -0.000617159 0.000177571 0.000167076 0.000157136 0.000146152
4.805 0 0 0 0 -0.000112581 -0.000112821 -0.000111795 -0.000113378 -0.000504519 -0.000507163 -0.000508139 -0.000509692 -0.000605448 -0.000615987 -0.000625932 -0.00063689
4.825 0 0 0 0 0.000331596 0.000332414 0.000333577 0.000331091 -0.000258463 -0.000260309 -0.000261312 -0.000263709 -0.00131744 -0.0013283 -0.00133823 -0.00134886
4.845 0 0 0 0 0.000213368 0.000213523 0.000214652 0.000212779 -0.000296156 -0.000297602 -0.000298601 -0.000301397 -0.00138473 -0.00139568 -0.00140562 -0.00141615
4.865 0 0 0 0 -3.95585e-05 -3.98185e-05 -3.88026e-05 -4.03791e-05 -0.000359255 -0.000361741 -0.000362715 -0.000364457 -0.000495492 -0.000506096 -0.000516035 -0.000526919
4.885 0 0 0 0 1.75823e-05 1.71066e-05 1.81192e-05 1.66942e-05 0.000185668 0.000182506 0.000181523 0.000180433 0.000952937 0.000942503 0.000932563 0.000921511
4.905 0 0 0 0 0.000287609 0.000285857 0.000286972 0.000286832 0.00122036 0.00121855 0.00121752 0.00121499 0.00209041 0.00207951 0.00206958 0.00205903
4.925 0 0 0 0 0.000786129 0.000784366 0.000785416 0.00078509 0.002123 0.00212225 0.0021212 0.00211756 0.00266459 0.00265327 0.00264336 0.00263323
4.945 0 0 0 0 0.00166496 0.00166646 0.00166738 0.00166344 0.00280217 0.00280015 0.00279911 0.0027968 0.0031971 0.00318599 0.00317608 0.00316574
4.965 0 0 0 0 0.00260575 0.00261037 0.00261118 0.00260387 0.00376408 0.00376096 0.00375994 0.00375878 0.0041879 0.00417693 0.00416703 0.00415656
4.985 0 0 0 0 0.00294431 0.00294781 0.0029486 0.00294244 0.00497992 0.00497837 0.00497735 0.00497465 0.00555215 0.00554065 0.00553077 0.00552084
5.005 0 0 0 0 0.00269874 0.00269924 0.00270001 0.00269696 0.00574519 0.00574535 0.00574434 0.00573995 0.00694401 0.00693205 0.00692217 0.00691271
5.025 0 0 0 0 0.00245286 0.00245293 0.00245371 0.00245105 0.00569462 0.00569374 0.00569279 0.00568949 0.00786462 0.00785302 0.00784313 0.0078333
5.045 0 0 0 0 0.00250867 0.00251031 0.00251108 0.0025068 0.00535327 0.00535076 0.00534979 0.00534809 0.00779403 0.00778289 0.00777301 0.00776271
5.065 0 0 0 0 0.00260828 0.00261023 0.00261102 0.00260645 0.00511698 0.00511533 0.00511434 0.00511175 0.0065856 0.00657418 0.00656429 0.00655426
5.085 0 0 0 0 0.00239174 0.00239294 0.0023938 0.00239 0.00446357 0.0044634 0.00446238 0.00445826 0.00470487 0.00469306 0.00468317 0.00467353
5.105 0 0 0 0 0.0014683 0.00146872 0.00146971 0.00146686 0.00258642 0.00258542 0.00258436 0.00258098 0.00253942 0.00252804 0.00251813 0.00250805
5.125 0 0 0 0 -0.00048556 -0.000487031 -0.000485887 -0.000485867 -0.000614663 -0.000617147 -0.000618109 -0.000619886 -0.00025773 -0.000268272 -0.000278236 -0.000289207
5.145 0 0 0 0 -0.00288132 -0.00288713 -0.00288641 -0.0028822 -0.0043096 -0.00431228 -0.0043132 -0.00431451 -0.00404157 -0.00405152 -0.00406148 -0.00407305
5.165 0 0 0 0 -0.00473677 -0.00474507 -0.00474461 -0.00473763 -0.00777583 -0.00777829 -0.00777918 -0.00778051 -0.0086512 -0.00866076 -0.00867059 -0.00868244
5.185 0 0 0 0 -0.0057503 -0.00575755 -0.00575731 -0.00575115 -0.0108632 -0.0108665 -0.0108671 -0.0108673 -0.0134474 -0.0134565 -0.0134663 -0.0134787
5.205 0 0 0 0 -0.00628495 -0.00628981 -0.00628984 -0.00628591 -0.0133094 -0.0133142 -0.0133148 -0.0133131 -0.0173476 -0.017356 -0.0173658 -0.0173787
5.225 0 0 0 0 -0.0066456 -0.00665005 -0.00665034 -0.00664694 -0.0144906 -0.0144958 -0.0144963 -0.0144942 -0.019149 -0.0191572 -0.019167 -0.0191803
5.245 0 0 0 0 -0.00676701 -0.00677306 -0.00677328 -0.00676831 -0.0140457 -0.0140502 -0.0140507 -0.0140495 -0.0182549 -0.0182634 -0.0182732 -0.0182862
5.265 0 0 0 0 -0.0062855 -0.00629301 -0.00629302 -0.00628679 -0.0120776 -0.0120815 -0.0120822 -0.0120819 -0.0149694 -0.0149782 -0.014988 -0.0150007
5.285 0 0 0 0 -0.00498848 -0.00499565 -0.00499533 -0.00498978 -0.00894042 -0.00894402 -0.00894487 -0.00894525 -0.01034 -0.0103492 -0.0103591 -0.0103714
5.305 0 0 0 0 -0.00258208 -0.00258608 -0.00258534 -0.00258335 -0.00458743 -0.00459083 -0.00459185 -0.00459286 -0.00502679 -0.0050367 -0.00504664 -0.00505836
5.325 0 0 0 0 0.000807458 0.000808487 0.000809546 0.000806461 0.000960549 0.000957952 0.000956907 0.000954981 0.000909506 0.000898616 0.000888584 0.000877764
5.345 0 0 0 0 0.00422434 0.00423006 0.00423072 0.00422231 0.00695599 0.0069548 0.0069537 0.00695038 0.00745291 0.00744099 0.00743113 0.00742154
5.365 0 0 0 0 0.00654003 0.00654725 0.00654755 0.00653749 0.0120803 0.0120808 0.0120799 0.0120753 0.0140688 0.0140558 0.0140459 0.0140373
5.385 0 0 0 0 0.00732029 0.00732517 0.00732471 0.00731716 0.0152052 0.0152071 0.0152064 0.0152007 0.0194553 0.0194419 0.0194322 0.0194241
5.405 0 0 0 0 0.00704616 0.007047 0.00704596 0.00704258 0.0161448 0.0161477 0.0161469 0.016141 0.0220628 0.0220493 0.0220395 0.0220311
5.425 0 0 0 0 0.00670898 0.00670917 0.00670821 0.00670535 0.0155439 0.0155467 0.0155458 0.0155398 0.0212759 0.0212626 0.0212528 0.0212444
5.445 0 0 0 0 0.0070012 0.00700555 0.00700486 0.0069978 0.0141491 0.0141504 0.0141493 0.014144 0.0179565 0.0179432 0.0179333 0.0179245
5.465 0 0 0 0 0.00705298 0.00706176 0.00706178 0.007051 0.0120407 0.0120402 0.0120388 0.0120341 0.0134637 0.0134506 0.0134406 0.0134316
5.485 0 0 0 0 0.0051051 0.00511088 0.00511103 0.00510235 0.00834462 0.00834409 0.00834262 0.00833738 0.00844888 0.00843593 0.00842585 0.00841649
5.505 0 0 0 0 0.00150761 0.00150593 0.00150628 0.00150402 0.00312381 0.00312233 0.00312074 0.00311606 0.00353083 0.00351882 0.00350867 0.00349833
5.525 0 0 0 0 -0.00169586 -0.00170021 -0.00169949 -0.00169789 -0.00211166 -0.00211613 -0.00211765 -0.0021195 -0.00100888 -0.00101941 -0.00102968 -0.00104161
5.545 0 0 0 0 -0.00345837 -0.00346378 -0.0034633 -0.0034606 -0.00588674 -0.00589264 -0.00589422 -0.00589468 -0.00560103 -0.00561056 -0.00562051 -0.0056331
5.565 0 0 0 0 -0.00439444 -0.00440099 -0.00440082 -0.00439688 -0.00834812 -0.0083521 -0.00835346 -0.00835556 -0.010497 -0.010507 -0.0105173 -0.0105297
5.585 0 0 0 0 -0.00524965 -0.00525684 -0.00525717 -0.00525277 -0.0107024 -0.0107056 -0.0107071 -0.0107101 -0.0148537 -0.0148636 -0.0148735 -0.0148857
5.605 0 0 0 0 -0.00615274 -0.00615834 -0.00615881 -0.00615569 -0.0131536 -0.0131593 -0.0131605 -0.0131604 -0.0174073 -0.0174164 -0.0174265 -0.0174398
5.625 0 0 0 0 -0.00710388 -0.00711013 -0.00711076 -0.00710682 -0.014612 -0.0146198 -0.0146209 -0.0146187 -0.0179143 -0.0179225 -0.0179324 -0.0179463
5.645 0 0 0 0 -0.00788568 -0.00789657 -0.00789704 -0.0078883 -0.0144272 -0.0144327 -0.0144338 -0.014434 -0.0171198 -0.0171285 -0.0171386 -0.0171522
5.665 0 0 0 0 -0.0074485 -0.00746092 -0.00746108 -0.00745073 -0.0128273 -0.0128308 -0.0128321 -0.0128346 -0.0153199 -0.0153294 -0.0153394 -0.0153522
5.685 0 0 0 0 -0.00490657 -0.00491216 -0.00491205 -0.00490887 -0.00970173 -0.0097073 -0.00970868 -0.00970928 -0.0119541 -0.0119635 -0.0119737 -0.0119866
5.705 0 0 0 0 -0.00149117 -0.00148937 -0.00148895 -0.00149393 -0.00498572 -0.00499255 -0.00499408 -0.00499381 -0.00700606 -0.00701588 -0.00702599 -0.00703848
5.725 0 0 0 0 0.000689901 0.000690873 0.000691798 0.000688342 0.000162289 0.000159443 0.000157754 0.000153828 -0.00123683 -0.00124837 -0.00125865 -0.00126958
5.745 0 0 0 0 0.00120567 0.00120073 0.00120105 0.00120287 0.00378821 0.00378967 0.00378816 0.00378107 0.00437696 0.00436434 0.00435432 0.00434476
5.765 0 0 0 0 0.00143612 0.00143049 0.00143057 0.00143288 0.00542725 0.00542699 0.00542577 0.0054213 0.00879964 0.00878772 0.00877764 0.00876737
5.785 0 0 0 0 0.00236209 0.0023605 0.00236045 0.00235868 0.00643891 0.00643549 0.00643417 0.0064329 0.0109015 0.0108905 0.0108806 0.0108696
5.805 0 0 0 0 0.00346117 0.00346175 0.00346182 0.00345835 0.00749808 0.00749684 0.00749553 0.00749186 0.0101547 0.0101426 0.0101325 0.0101225
5.825 0 0 0 0 0.00411228 0.00411389 0.00411407 0.00410986 0.00769444 0.00769615 0.00769475 0.0076876 0.00779128 0.00777795 0.00776792 0.007759
5.845 0 0 0 0 0.00408097 0.00408598 0.00408638 0.0040786 0.006284 0.00628293 0.00628138 0.00627652 0.00576335 0.00575076 0.00574068 0.00573098
5.865 0 0 0 0 0.00331731 0.00332401 0.00332455 0.00331468 0.00442683 0.00442131 0.00441971 0.00441913 0.00504547 0.00503429 0.00502413 0.00501297
5.885 0 0 0 0 0.00270919 0.00271293 0.00271338 0.00270635 0.00440963 0.00440474 0.00440318 0.00440227 0.00592208 0.00591097 0.00590085 0.0058897
5.905 0 0 0 0 0.00299624 0.00299597 0.00299615 0.00299337 0.00637012 0.00636977 0.00636838 0.00636347 0.00790823 0.00789585 0.00788581 0.00787599
5.925 0 0 0 0 0.00421252 0.00421338 0.00421337 0.00420984 0.00867278 0.00867388 0.0086726 0.00866661 0.0103576 0.0103446 0.0103346 0.0103254
5.945 0 0 0 0 0.00555989 0.00556536 0.00556531 0.00555746 0.0102842 0.010283 0.0102817 0.0102781 0.0126346 0.012622 0.0126121 0.0126025
5.965 0 0 0 0 0.00587552 0.00588114 0.005881 0.00587307 0.0110687 0.0110677 0.0110664 0.0110629 0.0139035 0.013891 0.013881 0.0138715
5.985 0 0 0 0 0.00536097 0.0053628 0.00536255 0.00535829 0.0112009 0.0112024 0.0112012 0.0111955 0.0140517 0.0140386 0.0140286 0.0140197
6.005 0 0 0 0 0.00474016 0.00474049 0.00474027 0.00473733 0.0103408 0.0103424 0.0103413 0.0103353 0.0131358 0.0131228 0.0131128 0.0131038
6.025 0 0 0 0 0.00403985 0.00404153 0.00404153 0.00403693 0.0083208 0.00831973 0.00831841 0.00831461 0.0109216 0.0109093 0.0108993 0.0108894
6.045 0 0 0 0 0.00270519 0.0027061 0.00270637 0.00270208 0.00540295 0.00540053 0.00539907 0.00539601 0.00714363 0.00713186 0.00712177 0.0071113
6.065 0 0 0 0 0.00063256 0.000629888 0.000630474 0.000629695 0.00172298 0.00172114 0.00171954 0.00171531 0.00209085 0.00207913 0.00206896 0.00205832
6.085 0 0 0 0 -0.00186488 -0.00186968 -0.00186899 -0.00186695 -0.002961 -0.00296319 -0.00296469 -0.00296879 -0.00372255 -0.00373369 -0.00374392 -0.00375521
6.105 0 0 0 0 -0.00470317 -0.00470994 -0.00470956 -0.00470496 -0.00856861 -0.00857331 -0.00857479 -0.00857635 -0.0101187 -0.0101283 -0.0101383 -0.0101508
6.125 0 0 0 0 -0.0079204 -0.00793069 -0.00793084 -0.00792204 -0.0144905 -0.0144962 -0.0144975 -0.0144974 -0.0171203 -0.0171291 -0.0171392 -0.0171528
6.145 0 0 0 0 -0.0107705 -0.0107804 -0.0107824 -0.0107692 -0.0196835 -0.0196894 -0.0196903 -0.0196888 -0.0238933 -0.0239012 -0.023911 -0.0239253
6.165 0 0 0 0 -0.0121768 -0.012184 -0.0121907 -0.0121835 -0.0228617 -0.0228684 -0.0228689 -0.0228635 -0.028458 -0.028465 -0.0284743 -0.0284891
6.185 0 0 0 0 -0.0117685 -0.0117705 -0.0117764 -0.0117726 -0.0232522 -0.0232606 -0.0232608 -0.0232526 -0.0292167 -0.0292232 -0.0292326 -0.0292479
6.205 0 0 0 0 -0.010046 -0.0100461 -0.0100519 -0.010052 -0.0206267 -0.020636 -0.0206364 -0.020628 -0.0258971 -0.0259039 -0.0259134 -0.0259286
6.225 0 0 0 0 -0.0084043 -0.00840939 -0.00841483 -0.00841373 -0.0160496 -0.0160557 -0.0160564 -0.0160528 -0.0199183 -0.0199266 -0.0199363 -0.0199503
6.245 0 0 0 0 -0.00720618 -0.0072195 -0.00722463 -0.00722031 -0.0112281 -0.0112299 -0.0112309 -0.0112334 -0.0130512 -0.0130614 -0.0130718 -0.0130846
6.265 0 0 0 0 -0.00541901 -0.00543367 -0.00543724 -0.0054334 -0.00693007 -0.00693174 -0.00693317 -0.00693696 -0.00651854 -0.00652919 -0.00653953 -0.00655187
6.285 0 0 0 0 -0.00192636 -0.00193318 -0.00193507 -0.0019393 -0.00215752 -0.00216234 -0.00216385 -0.00216527 -0.000633033 -0.000643705 -0.00065435 -0.000666872
6.305 0 0 0 0 0.0026748 0.00267644 0.00267668 0.00266686 0.00389471 0.00388934 0.00388738 0.00388549 0.00473342 0.00472192 0.00471139 0.00469993
6.325 0 0 0 0 0.00618125 0.00618735 0.00618715 0.00617448 0.00996891 0.00996835 0.00996626 0.00995951 0.00986175 0.00984834 0.00983828 0.00982924
6.345 0 0 0 0 0.00729437 0.00729778 0.0072973 0.00728884 0.0137704 0.0137739 0.0137724 0.0137625 0.01494 0.0149251 0.0149146 0.0149065
6.365 0 0 0 0 0.00682367 0.00682389 0.00682235 0.0068155 0.0147223 0.0147235 0.0147216 0.0147144 0.0193343 0.019321 0.0193114 0.0193029
6.385 0 0 0 0 0.00586713 0.00586538 0.00586385 0.00585852 0.0141166 0.0141142 0.0141123 0.0141089 0.0210984 0.0210866 0.0210766 0.0210658
6.405 0 0 0 0 0.0050611 0.00505671 0.00505501 0.00505182 0.0128625 0.0128619 0.0128599 0.0128545 0.0187754 0.0187633 0.0187537 0.0187437
6.425 0 0 0 0 0.00451852 0.00451495 0.00451392 0.00451017 0.0103248 0.0103263 0.0103245 0.0103162 0.012882 0.0128683 0.012858 0.0128487
6.445 0 0 0 0 0.00348421 0.00348504 0.00348465 0.00347595 0.00562015 0.0056184 0.00561618 0.00560986 0.00526845 0.00525537 0.00524504 0.00523497
6.465 0 0 0 0 0.00080816 0.000810495 0.000809963 0.000801153 -0.000776378 -0.000781087 -0.000782666 -0.000784413 -0.00241388 -0.0024254 -0.00243605 -0.00244805
6.485 0 0 0 0 -0.00363801 -0.00363946 -0.00364249 -0.00364596 -0.00762979 -0.00763558 -0.00763676 -0.00763597 -0.00953131 -0.00954132 -0.00955167 -0.00956486
6.505 0 0 0 0 -0.00840082 -0.008411 -0.00841576 -0.00840872 -0.0139466 -0.0139509 -0.0139519 -0.0139513 -0.015952 -0.0159611 -0.015971 -0.0159846
6.525 0 0 0 0 -0.0114663 -0.0114792 -0.0114853 -0.0114751 -0.0188562 -0.0188609 -0.0188614 -0.0188589 -0.0213524 -0.0213607 -0.0213707 -0.0213853
6.545 0 0 0 0 -0.0120221 -0.0120293 -0.0120355 -0.0120279 -0.021571 -0.0215787 -0.0215791 -0.0215728 -0.0252709 -0.0252781 -0.0252876 -0.0253028
6.565 0 0 0 0 -0.0108018 -0.0108028 -0.0108091 -0.0108074 -0.0215781 -0.0215871 -0.0215872 -0.021579 -0.0269319 -0.0269389 -0.0269486 -0.0269641
6.585 0 0 0 0 -0.00882911 -0.00882831 -0.00883427 -0.00883646 -0.0189448 -0.0189523 -0.0189528 -0.0189468 -0.0251699 -0.025178 -0.0251875 -0.0252018
6.605 0 0 0 0 -0.00654155 -0.00654216 -0.00654707 -0.00655117 -0.0141819 -0.0141878 -0.0141886 -0.0141855 -0.0192237 -0.019233 -0.019243 -0.0192566
6.625 0 0 0 0 -0.0038939 -0.00389744 -0.00390081 -0.00390601 -0.00778276 -0.00778825 -0.00778958 -0.00778944 -0.00974202 -0.00975228 -0.00976261 -0.00977575
6.645 0 0 0 0 -0.000859135 -0.000865368 -0.000866849 -0.000871626 -0.000280942 -0.000285166 -0.000287074 -0.000289712 0.00109664 0.00108529 0.00107461 0.00106234
6.665 0 0 0 0 0.00277236 0.0027672 0.00276638 0.00276329 0.00754065 0.00753905 0.00753697 0.00753159 0.011083 0.0110709 0.011061 0.0110505
6.685 0 0 0 0 0.00684046 0.00684156 0.0068407 0.00683384 0.0146403 0.0146408 0.0146388 0.0146321 0.0190323 0.0190189 0.0190089 0.0189995
6.705 0 0 0 0 0.0105769 0.0105869 0.0105837 0.0105755 0.0201969 0.0201991 0.0201977 0.020191 0.0247815 0.0247672 0.0247573 0.0247488
6.725 0 0 0 0 0.0136344 0.0136419 0.0136307 0.01362 0.0237997 0.0238031 0.0238024 0.0237962 0.0285449 0.0285305 0.0285213 0.0285137
6.745 0 0 0 0 0.0163706 0.0163852 0.0163775 0.0163634 0.0257998 0.0257993 0.0257982 0.0257961 0.0306192 0.0306055 0.0305959 0.030587
6.765 0 0 0 0 0.0182533 0.0182738 0.0182666 0.0182444 0.0266031 0.0265994 0.0265983 0.0265992 0.0308375 0.0308246 0.0308159 0.0308071
6.785 0 0 0 0 0.0184576 0.0184824 0.0184788 0.0184591 0.0260698 0.0260655 0.026064 0.0260638 0.0291218 0.0291088 0.0291 0.0290912
6.805 0 0 0 0 0.016885 0.0169051 0.0169025 0.0168864 0.023977 0.0239746 0.0239731 0.0239708 0.0262098 0.0261958 0.0261862 0.0261775
6.825 0 0 0 0 0.0142904 0.0143047 0.0143013 0.0142866 0.0204386 0.0204348 0.0204327 0.0204305 0.0228888 0.0228761 0.0228671 0.022858
6.845 0 0 0 0 0.0113446 0.0113528 0.01135 0.0113373 0.0160885 0.0160825 0.0160806 0.0160804 0.0190457 0.0190333 0.0190231 0.0190122
6.865 0 0 0 0 0.00798693 0.00798882 0.0079857 0.00797528 0.0113153 0.0113089 0.0113065 0.0113056 0.0137732 0.0137617 0.0137521 0.0137411
6.885 0 0 0 0 0.00419682 0.00419205 0.00419185 0.00418881 0.00585922 0.00585481 0.00585276 0.00584937 0.00672785 0.00671528 0.00670411 0.00669247
6.905 0 0 0 0 0.000205486 0.000199024 0.000198733 0.000199199 -0.000595399 -0.000598089 -0.000599727 -0.000603757 -0.00139274 -0.00140505 -0.00141651 -0.00142873
6.925 0 0 0 0 -0.00372874 -0.00372745 -0.00372545 -0.00372408 -0.00743974 -0.00744483 -0.00744612 -0.00744703 -0.00936105 -0.0093721 -0.00938376 -0.00939744
6.945 0 0 0 0 -0.00713884 -0.00714217 -0.00714649 -0.00714597 -0.0134358 -0.013443 -0.0134448 -0.0134427 -0.0161606 -0.0161693 -0.0161786 -0.0161922
6.965 0 0 0 0 -0.00968071 -0.00968809 -0.0096968 -0.00969781 -0.017747 -0.0177537 -0.0177542 -0.0177499 -0.0213018 -0.0213103 -0.0213207 -0.0213357
6.985 0 0 0 0 -0.0113487 -0.0113483 -0.0113517 -0.0113467 -0.0202532 -0.0202605 -0.0202614 -0.0202575 -0.0245882 -0.0245963 -0.0246061 -0.0246207
7.005 0 0 0 0 -0.0123797 -0.0123829 -0.0123879 -0.0123806 -0.0212072 -0.0212126 -0.0212134 -0.0212111 -0.0257431 -0.0257515 -0.0257611 -0.0257753
7.025 0 0 0 0 -0.0125439 -0.0125465 -0.0125497 -0.0125406 -0.0208077 -0.0208131 -0.0208139 -0.020812 -0.0246707 -0.0246794 -0.0246896 -0.024704
7.045 0 0 0 0 -0.0116323 -0.0116355 -0.0116391 -0.0116316 -0.018998 -0.0190044 -0.0190056 -0.0190036 -0.0218035 -0.0218119 -0.0218217 -0.021836
7.065 0 0 0 0 -0.00974597 -0.00974868 -0.00975146 -0.00974736 -0.0156944 -0.0157004 -0.0157015 -0.0157006 -0.0178283 -0.0178377 -0.0178482 -0.0178625
7.085 0 0 0 0 -0.00705443 -0.00705755 -0.00705979 -0.0070598 -0.0111567 -0.011161 -0.0111626 -0.0111642 -0.0130496 -0.01306 -0.0130706 -0.0130838
7.105 0 0 0 0 -0.00391097 -0.0039126 -0.00391235 -0.00391518 -0.00611975 -0.00612316 -0.00612488 -0.0061285 -0.00754325 -0.00755491 -0.00756627 -0.00757905
7.125 0 0 0 0 -0.00090127 -0.000902444 -0.000902171 -0.000906723 -0.00131264 -0.00131614 -0.00131791 -0.00132183 -0.00166863 -0.00168117 -0.00169317 -0.00170577
7.145 0 0 0 0 0.00158417 0.00158611 0.0015875 0.00158394 0.00296155 0.00295698 0.00295492 0.00295132 0.00392183 0.00390924 0.00389732 0.00388498
7.165 0 0 0 0 0.00374996 0.00375331 0.00375517 0.00375405 0.00674167 0.00673805 0.00673596 0.0067317 0.008687 0.00867446 0.00866356 0.00865235
7.185 0 0 0 0 0.00589978 0.00590268 0.00590164 0.00589897 0.0100315 0.0100289 0.0100271 0.0100227 0.0123706 0.0123579 0.0123474 0.0123367
7.205 0 0 0 0 0.00785605 0.00786224 0.00786137 0.00785666 0.0125212 0.0125187 0.0125168 0.0125125 0.0148057 0.0147928 0.0147827 0.0147725
7.225 0 0 0 0 0.00904765 0.00905667 0.00905569 0.00904921 0.0137695 0.0137665 0.0137645 0.0137608 0.0158615 0.0158487 0.0158385 0.0158284
7.245 0 0 0 0 0.00894917 0.00895764 0.00895618 0.00894891 0.0135008 0.0134977 0.0134958 0.0134922 0.0154756 0.0154626 0.0154525 0.0154424
7.265 0 0 0 0 0.00757252 0.00757794 0.00757689 0.00757196 0.0117556 0.0117526 0.0117506 0.0117465 0.0137253 0.0137125 0.0137023 0.0136919
7.285 0 0 0 0 0.00560216 0.00560367 0.00560318 0.00559998 0.00898519 0.00898183 0.00897981 0.00897578 0.0108917 0.0108791 0.0108685 0.0108577
7.305 0 0 0 0 0.00371035 0.00371075 0.00371199 0.00370993 0.00580471 0.00579991 0.00579769 0.00579431 0.00726543 0.00725316 0.00724214 0.00723048
7.325 0 0 0 0 0.00194586 0.0019454 0.00194716 0.00194459 0.00253297 0.00252797 0.00252583 0.00252282 0.00300868 0.00299634 0.00298476 0.00297251
7.345 0 0 0 0 2.15536e-05 1.97131e-05 2.08127e-05 1.93633e-05 -0.0008516 -0.000855171 -0.000856879 -0.000860421 -0.00156359 -0.00157604 -0.00158796 -0.00160053
7.365 0 0 0 0 -0.00217232 -0.00217352 -0.00217214 -0.00217138 -0.0043819 -0.00438577 -0.00438749 -0.00439066 -0.00588334 -0.0058953 -0.00590711 -0.00592003
7.385 0 0 0 0 -0.00422784 -0.00422616 -0.00422474 -0.00422301 -0.00764656 -0.00765201 -0.00765392 -0.00765548 -0.00931301 -0.00932364 -0.00933434 -0.00934734
7.405 0 0 0 0 -0.00567472 -0.00567369 -0.00567416 -0.00567311 -0.00993651 -0.00994268 -0.00994415 -0.00994406 -0.0115676 -0.0115777 -0.0115884 -0.0116019
7.425 0 0 0 0 -0.00626748 -0.00626763 -0.00626865 -0.00626667 -0.0107838 -0.0107896 -0.0107911 -0.0107913 -0.0126277 -0.0126376 -0.012648 -0.0126613
7.445 0 0 0 0 -0.00595332 -0.00595348 -0.00595411 -0.00595224 -0.0102895 -0.0102945 -0.0102959 -0.0102969 -0.0124453 -0.0124557 -0.0124663 -0.0124795
7.465 0 0 0 0 -0.00465397 -0.00465263 -0.00465251 -0.00465269 -0.00856415 -0.00856945 -0.00857107 -0.00857211 -0.0106772 -0.0106878 -0.0106985 -0.0107116
7.485 0 0 0 0 -0.00281985 -0.00281778 -0.00281681 -0.0028195 -0.00581846 -0.00582417 -0.00582586 -0.00582697 -0.00740919 -0.0074202 -0.00743137 -0.00744454
7.505 0 0 0 0 -0.00101299 -0.00101311 -0.00101191 -0.00101531 -0.0023649 -0.00236933 -0.00237111 -0.00237387 -0.00312961 -0.00314161 -0.00315335 -0.00316617
7.525 0 0 0 0 0.000899637 0.000899333 0.0009009 0.000898686 0.00157161 0.00156783 0.00156577 0.00156186 0.00183391 0.00182136 0.00180978 0.00179772
7.545 0 0 0 0 0.00336619 0.00336777 0.00336935 0.00336802 0.005752 0.00574817 0.00574593 0.00574165 0.00714087 0.0071283 0.00711726 0.00710589
7.565 0 0 0 0 0.00615962 0.00616356 0.00616215 0.00615688 0.0098324 0.00982842 0.00982633 0.00982297 0.0120502 0.012038 0.0120279 0.0120171
7.585 0 0 0 0 0.00864446 0.00865201 0.00865061 0.00864403 0.0134292 0.0134262 0.0134244 0.013421 0.0158856 0.0158728 0.0158625 0.0158521
7.605 0 0 0 0 0.0106159 0.0106267 0.0106251 0.0106173 0.0162681 0.016266 0.0162641 0.0162602 0.018673 0.0186599 0.0186501 0.0186405
7.625 0 0 0 0 0.0119793 0.0119919 0.0119897 0.0119799 0.0180255 0.0180233 0.0180216 0.0180182 0.0205825 0.0205692 0.0205594 0.0205499
7.645 0 0 0 0 0.0123351 0.0123489 0.0123465 0.0123358 0.0184353 0.018432 0.0184302 0.0184278 0.0213425 0.0213297 0.02132 0.0213104
7.665 0 0 0 0 0.0113504 0.011361 0.0113585 0.0113493 0.0173811 0.0173783 0.0173765 0.0173737 0.0204492 0.0204362 0.0204264 0.0204166
7.685 0 0 0 0 0.00942594 0.00943178 0.00942972 0.00942372 0.0149657 0.0149636 0.0149618 0.0149578 0.0178218 0.0178088 0.0177988 0.0177889
7.705 0 0 0 0 0.00724349 0.00724567 0.00724441 0.00723959 0.011396 0.011393 0.011391 0.0113873 0.0136943 0.0136816 0.0136712 0.0136607
7.725 0 0 0 0 0.00489711 0.0048982 0.00489898 0.00489434 0.00692834 0.00692292 0.00692063 0.00691799 0.00823792 0.00822574 0.00821495 0.00820342
7.745 0 0 0 0 0.00223282 0.00223278 0.00223429 0.00223028 0.0020503 0.00204493 0.00204289 0.00204069 0.00194377 0.00193153 0.00191991 0.00190746
7.765 0 0 0 0 -0.00097232 -0.000974115 -0.000973013 -0.000973043 -0.0030071 -0.00301118 -0.00301278 -0.00301559 -0.00450371 -0.00451594 -0.00452809 -0.00454111
7.785 0 0 0 0 -0.00470868 -0.00470723 -0.00470504 -0.00470178 -0.00832851 -0.00833265 -0.00833417 -0.00833652 -0.0105178 -0.0105288 -0.0105399 -0.0105529
7.805 0 0 0 0 -0.00832968 -0.00833169 -0.00833281 -0.0083264 -0.0136166 -0.0136218 -0.0136234 -0.0136239 -0.015773 -0.0157827 -0.0157928 -0.0158062
7.825 0 0 0 0 -0.0110709 -0.0110749 -0.0110793 -0.0110728 -0.0179418 -0.0179483 -0.0179494 -0.0179472 -0.0201813 -0.0201899 -0.0202001 -0.0202148
7.845 0 0 0 0 -0.0125989 -0.0126016 -0.0126051 -0.0125957 -0.0205252 -0.0205315 -0.0205326 -0.0205304 -0.0236354 -0.0236437 -0.0236535 -0.0236679
7.865 0 0 0 0 -0.0128822 -0.0128857 -0.0128899 -0.0128813 -0.0213394 -0.0213442 -0.021345 -0.0213433 -0.0255809 -0.0255895 -0.0255994 -0.0256136
7.885 0 0 0 0 -0.0121336 -0.0121347 -0.0121385 -0.0121324 -0.0207921 -0.0207975 -0.0207984 -0.020796 -0.0253929 -0.0254015 -0.0254114 -0.0254256
7.905 0 0 0 0 -0.0107152 -0.0107143 -0.0107178 -0.0107156 -0.0188466 -0.0188536 -0.0188545 -0.018851 -0.022781 -0.0227896 -0.0227997 -0.0228142
7.925 0 0 0 0 -0.0088362 -0.00883643 -0.0088397 -0.00884012 -0.0151333 -0.0151399 -0.0151411 -0.0151392 -0.0179348 -0.017944 -0.0179544 -0.0179685
7.945 0 0 0 0 -0.00646908 -0.00647226 -0.00647411 -0.00647526 -0.00989855 -0.0099025 -0.00990402 -0.00990628 -0.0114644 -0.0114752 -0.0114861 -0.0114992
7.965 0 0 0 0 -0.00336974 -0.00337374 -0.00337335 -0.00337547 -0.0039308 -0.00393321 -0.00393522 -0.00394035 -0.00408664 -0.00409876 -0.00411012 -0.00412242
7.985 0 0 0 0 0.000475186 0.00047489 0.000476434 0.000474599 0.00210492 0.00210138 0.0020994 0.00209499 0.00338247 0.00336963 0.00335752 0.0033452
8.005 0 0 0 0 0.00470533 0.00470969 0.00471222 0.00471137 0.00795689 0.00795288 0.00795088 0.00794726 0.0101563 0.0101437 0.0101327 0.0101213
8.025 0 0 0 0 0.00876844 0.00877735 0.00877574 0.00876854 0.0134721 0.0134684 0.0134662 0.0134628 0.0158306 0.0158182 0.0158086 0.0157985
8.045 0 0 0 0 0.0120197 0.0120316 0.012028 0.0120173 0.0180309 0.0180291 0.0180274 0.0180237 0.0203289 0.0203152 0.0203052 0.0202959
8.065 0 0 0 0 0.0140987 0.014115 0.0141118 0.0140995 0.0209727 0.0209706 0.0209688 0.0209656 0.0237082 0.0236949 0.0236857 0.0236769
8.085 0 0 0 0 0.0149879 0.015005 0.0150015 0.0149873 0.02225 0.0222468 0.0222453 0.022244 0.0258193 0.0258061 0.0257966 0.0257874
8.105 0 0 0 0 0.0146914 0.0147077 0.0147045 0.0146916 0.022223 0.0222197 0.0222181 0.0222167 0.0262515 0.0262387 0.0262294 0.0262201
8.125 0 0 0 0 0.0134299 0.0134421 0.0134389 0.013429 0.0209147 0.020913 0.0209114 0.0209084 0.0246819 0.0246686 0.0246591 0.02465
8.145 0 0 0 0 0.011515 0.011523 0.01152 0.0115117 0.0179505 0.0179489 0.0179471 0.0179433 0.021068 0.0210548 0.0210451 0.0210357
8.165 0 0 0 0 0.00924655 0.00925246 0.00925068 0.00924174 0.0135025 0.0134981 0.0134961 0.0134938 0.015781 0.0157685 0.0157583 0.0157478
8.185 0 0 0 0 0.00656091 0.00656464 0.00656435 0.00655515 0.00830947 0.00830265 0.00830036 0.00829932 0.00933895 0.009327 0.0093164 0.0093048
8.205 0 0 0 0 0.00311594 0.00311707 0.00311899 0.00311403 0.00276678 0.00276135 0.00275926 0.00275715 0.00223869 0.00222642 0.00221496 0.00220272
8.225 0 0 0 0 -0.00115195 -0.00115428 -0.00115253 -0.00115052 -0.00320543 -0.00320879 -0.00321027 -0.00321374 -0.00488931 -0.00490187 -0.00491438 -0.00492746
8.245 0 0 0 0 -0.00574598 -0.00574656 -0.00574543 -0.00574135 -0.00949469 -0.00949866 -0.00950018 -0.00950249 -0.0114329 -0.0114436 -0.0114543 -0.0114672
8.265 0 0 0 0 -0.00972823 -0.0097297 -0.00972871 -0.00971958 -0.0154076 -0.0154134 -0.0154149 -0.0154145 -0.0172137 -0.0172231 -0.0172335 -0.0172476
8.285 0 0 0 0 -0.0125306 -0.012534 -0.0125371 -0.0125272 -0.0199748 -0.0199815 -0.0199828 -0.0199806 -0.022345 -0.0223532 -0.0223632 -0.0223779
8.305 0 0 0 0 -0.0140717 -0.0140767 -0.0140813 -0.0140705 -0.0227238 -0.0227293 -0.0227303 -0.0227283 -0.0265423 -0.0265505 -0.02656 -0.0265743
8.325 0 0 0 0 -0.0144221 -0.0144276 -0.0144328 -0.0144227 -0.0237903 -0.0237943 -0.023795 -0.0237933 -0.0288362 -0.0288446 -0.0288542 -0.0288683
8.345 0 0 0 0 -0.0137232 -0.013726 -0.0137311 -0.013724 -0.023376 -0.0233817 -0.0233823 -0.0233788 -0.028407 -0.0284149 -0.0284244 -0.0284387
8.365 0 0 0 0 -0.0125318 -0.0125327 -0.0125368 -0.012532 -0.0213805 -0.0213874 -0.0213881 -0.021384 -0.0253882 -0.0253964 -0.0254063 -0.0254211
8.385 0 0 0 0 -0.0110707 -0.0110751 -0.011079 -0.0110745 -0.0176856 -0.017691 -0.0176921 -0.0176911 -0.0204627 -0.0204717 -0.0204817 -0.0204957
8.405 0 0 0 0 -0.0087983 -0.00880533 -0.00880771 -0.00880413 -0.0125847 -0.0125873 -0.0125888 -0.0125919 -0.0141549 -0.0141656 -0.0141763 -0.0141895
8.425 0 0 0 0 -0.00526789 -0.00527341 -0.00527434 -0.00527534 -0.00667146 -0.00667419 -0.00667616 -0.0066807 -0.00697765 -0.00698916 -0.00700009 -0.00701256
8.445 0 0 0 0 -0.000793673 -0.000793614 -0.000792945 -0.000797042 -0.000298429 -0.000302817 -0.000304587 -0.000307638 0.00043894 0.00042646 0.00041423 0.000401354
8.465 0 0 0 0 0.00398323 0.00398841 0.00399161 0.00399033 0.00631447 0.00631002 0.00630781 0.00630399 0.00760468 0.00759168 0.00757983 0.00756798
8.485 0 0 0 0 0.00858528 0.00859406 0.00859165 0.00858373 0.012793 0.0127895 0.0127869 0.0127827 0.0144234 0.0144112 0.0144021 0.0143926
8.505 0 0 0 0 0.012548 0.0125606 0.0125572 0.0125462 0.0185349 0.0185328 0.0185314 0.0185283 0.0208363 0.0208226 0.0208123 0.0208027
8.525 0 0 0 0 0.0155592 0.0155781 0.015575 0.0155608 0.0230851 0.0230821 0.0230804 0.0230785 0.0265 0.0264871 0.0264783 0.0264696
8.545 0 0 0 0 0.0177911 0.0178101 0.0178047 0.017787 0.026493 0.0264901 0.0264889 0.0264886 0.0309587 0.0309453 0.0309362 0.0309274
8.565 0 0 0 0 0.0193649 0.0193881 0.0193825 0.019364 0.0288549 0.0288519 0.0288505 0.0288503 0.0337211 0.0337079 0.0336991 0.0336906
8.585 0 0 0 0 0.0202534 0.0202784 0.0202713 0.0202503 0.0298383 0.0298356 0.0298343 0.0298342 0.0344158 0.0344025 0.0343944 0.0343866
8.605 0 0 0 0 0.0202005 0.0202268 0.020222 0.0202027 0.0290442 0.0290407 0.0290393 0.0290393 0.0330225 0.0330091 0.033 0.0329915
8.625 0 0 0 0 0.0189162 0.0189405 0.0189356 0.0189149 0.0265162 0.0265115 0.0265096 0.0265099 0.0298469 0.029834 0.0298256 0.0298171
8.645 0 0 0 0 0.0163633 0.0163822 0.0163783 0.0163601 0.0225478 0.0225426 0.0225409 0.0225411 0.0252547 0.0252417 0.0252322 0.0252226
8.665 0 0 0 0 0.0127661 0.0127778 0.012775 0.0127599 0.017331 0.0173252 0.017323 0.0173224 0.019421 0.0194085 0.0193991 0.0193892
8.685 0 0 0 0 0.00856375 0.00856989 0.00857014 0.00855983 0.0111087 0.0111018 0.0110994 0.0110986 0.0124821 0.0124698 0.0124592 0.0124479
8.705 0 0 0 0 0.00403698 0.00403754 0.00403934 0.00403317 0.00427902 0.00427211 0.00426984 0.0042688 0.00463532 0.00462303 0.00461133 0.00459884
8.725 0 0 0 0 -0.000813245 -0.000816102 -0.00081387 -0.000812159 -0.00275898 -0.00276375 -0.00276537 -0.00276761 -0.00372512 -0.00373758 -0.00375034 -0.00376381
8.745 0 0 0 0 -0.0058779 -0.00587611 -0.00587288 -0.00586774 -0.00976746 -0.00977109 -0.00977211 -0.0097743 -0.0119156 -0.011927 -0.0119391 -0.0119528
8.765 0 0 0 0 -0.0104185 -0.0104235 -0.0104265 -0.0104176 -0.0164587 -0.0164631 -0.016465 -0.0164663 -0.0192133 -0.0192224 -0.0192316 -0.0192443
8.785 0 0 0 0 -0.0139643 -0.0139701 -0.0139754 -0.0139663 -0.0221673 -0.0221729 -0.0221736 -0.0221711 -0.0252806 -0.025289 -0.0252995 -0.0253145
8.805 0 0 0 0 -0.016628 -0.0166394 -0.0166448 -0.0166261 -0.0262154 -0.0262201 -0.0262211 -0.0262195 -0.0301226 -0.0301298 -0.030138 -0.0301518
8.825 0 0 0 0 -0.0189442 -0.0189621 -0.0189689 -0.0189482 -0.0286077 -0.0286087 -0.0286093 -0.0286097 -0.0334739 -0.0334812 -0.0334894 -0.0335029
8.845 0 0 0 0 -0.020619 -0.0206371 -0.0206495 -0.0206411 -0.0298243 -0.0298241 -0.0298225 -0.0298197 -0.0347151 -0.0347235 -0.0347328 -0.0347468
8.865 0 0 0 0 -0.0212679 -0.0212826 -0.02129 -0.021276 -0.02979 -0.029793 -0.0297932 -0.0297916 -0.0335706 -0.0335782 -0.0335867 -0.0336005
8.885 0 0 0 0 -0.0205143 -0.0205278 -0.0205324 -0.020518 -0.0279566 -0.0279603 -0.027961 -0.0279598 -0.0304653 -0.0304737 -0.0304836 -0.0304982
8.905 0 0 0 0 -0.0182202 -0.0182346 -0.0182384 -0.018226 -0.0241679 -0.0241712 -0.0241732 -0.0241745 -0.026159 -0.0261673 -0.0261758 -0.0261889
8.925 0 0 0 0 -0.0147519 -0.0147651 -0.0147688 -0.0147626 -0.0190179 -0.0190191 -0.0190203 -0.0190236 -0.0210382 -0.0210485 -0.0210588 -0.0210719
8.945 0 0 0 0 -0.0105996 -0.0106101 -0.0106127 -0.0106111 -0.0133021 -0.0133033 -0.0133052 -0.0133102 -0.0150259 -0.0150365 -0.015046 -0.0150578
8.965 0 0 0 0 -0.00629938 -0.00630369 -0.00630307 -0.00630592 -0.00740939 -0.00741176 -0.00741335 -0.00741774 -0.00810951 -0.00812143 -0.00813295 -0.00814567
8.985 0 0 0 0 -0.00210901 -0.00210624 -0.00210305 -0.002105 -0.001318 -0.00132224 -0.0013243 -0.00132834 -0.000711276 -0.0007239 -0.000735929 -0.00074838
9.005 0 0 0 0 0.00216427 0.0021736 0.00217809 0.00217717 0.00492106 0.00491632 0.00491351 0.00490835 0.00660801 0.00659527 0.00658361 0.00657184
9.025 0 0 0 0 0.00682598 0.00683455 0.00683716 0.00683754 0.01108 0.0110769 0.0110755 0.0110716 0.0134246 0.0134108 0.0133988 0.0133875
9.045 0 0 0 0 0.0114577 0.0114744 0.0114718 0.0114615 0.0168638 0.0168587 0.0168562 0.0168536 0.0194403 0.0194285 0.01942 0.0194105
9.065 0 0 0 0 0.0153389 0.0153591 0.0153538 0.0153369 0.0217656 0.0217614 0.0217599 0.021759 0.0244112 0.0243978 0.024388 0.0243787
9.085 0 0 0 0 0.017942 0.0179701 0.0179665 0.0179495 0.0253319 0.0253269 0.0253249 0.0253238 0.0282878 0.0282753 0.0282671 0.0282586
9.105 0 0 0 0 0.0194629 0.0194777 0.0194696 0.0194544 0.0274057 0.0274053 0.0274051 0.0274033 0.0310405 0.0310269 0.0310178 0.0310094
9.125 0 0 0 0 0.0200684 0.0200872 0.0200833 0.0200719 0.0280585 0.028056 0.0280548 0.0280531 0.0322993 0.0322862 0.0322765 0.0322671
9.145 0 0 0 0 0.0195823 0.0196004 0.0195961 0.0195828 0.0273896 0.027387 0.0273852 0.0273833 0.0315089 0.031496 0.0314872 0.0314786
9.165 0 0 0 0 0.0180521 0.018067 0.0180635 0.0180533 0.0252984 0.0252968 0.0252952 0.0252918 0.0286492 0.0286356 0.0286258 0.0286166
9.185 0 0 0 0 0.0158248 0.0158357 0.0158315 0.0158203 0.0216298 0.0216274 0.0216256 0.0216221 0.0241735 0.0241605 0.0241513 0.0241423
9.205 0 0 0 0 0.0130825 0.0130907 0.0130881 0.0130769 0.016677 0.0166716 0.0166698 0.0166683 0.0185245 0.0185121 0.0185019 0.0184911
9.225 0 0 0 0 0.00971288 0.00971824 0.00971793 0.00970799 0.0111429 0.0111356 0.0111333 0.0111323 0.0120028 0.0119912 0.0119811 0.0119696
9.245 0 0 0 0 0.00580872 0.00581057 0.00581237 0.00580807 0.00553817 0.00553253 0.00553051 0.0055282 0.00512171 0.00510938 0.00509772 0.00508538
9.265 0 0 0 0 0.00162272 0.00162419 0.00162864 0.00163123 -1.90855e-06 -7.00624e-06 -9.3677e-06 -1.3266e-05 -0.00138505 -0.00139738 -0.00140969 -0.00142266
9.285 0 0 0 0 -0.00265788 -0.0026573 -0.00265259 -0.00264508 -0.00540958 -0.00541536 -0.00541784 -0.0054212 -0.00702474 -0.00703635 -0.00704853 -0.00706203
9.305 0 0 0 0 -0.00689001 -0.00688833 -0.00688562 -0.00688082 -0.0103745 -0.0103794 -0.0103806 -0.0103821 -0.0117839 -0.0117952 -0.0118074 -0.0118213
9.325 0 0 0 0 -0.0105336 -0.0105397 -0.0105399 -0.0105308 -0.0145832 -0.0145877 -0.0145898 -0.0145921 -0.0159186 -0.0159281 -0.0159374 -0.01595
9.345 0 0 0 0 -0.0131087 -0.013117 -0.0131198 -0.0131113 -0.0178846 -0.0178879 -0.0178889 -0.0178903 -0.0195569 -0.0195672 -0.0195783 -0.0195922
9.365 0 0 0 0 -0.0143382 -0.0143461 -0.0143487 -0.014338 -0.0201613 -0.0201655 -0.0201671 -0.0201679 -0.0225454 -0.0225544 -0.0225637 -0.0225769
9.385 0 0 0 0 -0.0145059 -0.0145123 -0.0145153 -0.0145071 -0.0213063 -0.0213108 -0.0213117 -0.0213107 -0.0244768 -0.0244858 -0.0244959 -0.0245099
9.405 0 0 0 0 -0.0140491 -0.0140535 -0.0140562 -0.0140493 -0.0212722 -0.0212771 -0.0212782 -0.0212768 -0.0249338 -0.0249428 -0.0249525 -0.0249663
9.425 0 0 0 0 -0.0133208 -0.013326 -0.0133287 -0.0133227 -0.020086 -0.0200906 -0.0200917 -0.0200909 -0.0236134 -0.0236223 -0.023632 -0.0236457
9.445 0 0 0 0 -0.012408 -0.0124138 -0.0124159 -0.0124101 -0.0179232 -0.0179271 -0.0179283 -0.017929 -0.0206246 -0.0206345 -0.0206449 -0.0206584
9.465 0 0 0 0 -0.01114 -0.0111479 -0.0111489 -0.0111428 -0.0150005 -0.0150039 -0.0150057 -0.0150083 -0.0164941 -0.0165041 -0.0165139 -0.0165269
9.485 0 0 0 0 -0.00926025 -0.00926802 -0.00926802 -0.00926361 -0.0114679 -0.0114706 -0.0114724 -0.0114765 -0.0118992 -0.0119103 -0.0119212 -0.0119341
9.505 0 0 0 0 -0.00666843 -0.00667526 -0.00667299 -0.0066695 -0.00748333 -0.00748578 -0.00748828 -0.00749384 -0.00736814 -0.00737945 -0.00738994 -0.00740207
9.525 0 0 0 0 -0.00351272 -0.0035158 -0.00351258 -0.00351117 -0.00328763 -0.00329017 -0.00329234 -0.00329783 -0.00304597 -0.0030587 -0.00307081 -0.0030833
9.545 0 0 0 0 -9.49075e-05 -9.35886e-05 -8.96538e-05 -8.97826e-05 0.000807966 0.000804452 0.000801916 0.000796453 0.0011348 0.00112212 0.00111029 0.00109815
9.565 0 0 0 0 0.00313793 0.00314428 0.00314849 0.00314571 0.00453836 0.00453373 0.00453118 0.00452676 0.00512561 0.00511251 0.00510017 0.00508788
9.585 0 0 0 0 0.00575945 0.00576671 0.0057707 0.0057694 0.00784654 0.00784186 0.0078396 0.00783567 0.00878382 0.00877074 0.00875882 0.00874699
9.605 0 0 0 0 0.00753315 0.00753947 0.00753966 0.00753664 0.0107027 0.0106992 0.0106968 0.0106919 0.0120153 0.0120027 0.0119924 0.011982
9.625 0 0 0 0 0.00861564 0.0086202 0.00862062 0.00862056 0.012868 0.0128664 0.0128648 0.0128594 0.0147334 0.0147197 0.0147082 0.0146975
9.645 0 0 0 0 0.0092723 0.00927691 0.00927495 0.00927231 0.0141672 0.0141653 0.0141633 0.0141582 0.0167033 0.0166906 0.0166808 0.0166709
9.665 0 0 0 0 0.00965059 0.00965618 0.00965574 0.00965429 0.0146507 0.0146483 0.0146466 0.0146425 0.0175529 0.0175397 0.0175287 0.0175179
9.685 0 0 0 0 0.00956496 0.00957023 0.00956865 0.00956587 0.0143746 0.0143722 0.0143701 0.0143656 0.0169732 0.0169604 0.0169503 0.0169401
9.705 0 0 0 0 0.00886737 0.00887179 0.00887137 0.00886988 0.0131436 0.0131417 0.0131398 0.0131346 0.0150337 0.0150204 0.0150095 0.0149991
9.725 0 0 0 0 0.00749182 0.00749569 0.00749623 0.00749468 0.0107507 0.0107478 0.0107456 0.0107404 0.0120569 0.0120439 0.0120332 0.0120225
9.745 0 0 0 0 0.00546498 0.00546795 0.00547007 0.00546805 0.00737636 0.00737161 0.00736922 0.00736527 0.00833661 0.00832401 0.0083128 0.00830127
9.765 0 0 0 0 0.00289481 0.00289662 0.00289991 0.00289832 0.00352684 0.00352125 0.00351882 0.00351541 0.00404997 0.00403745 0.00402539 0.00401285
9.785 0 0 0 0 2.34211e-05 2.31641e-05 2.64385e-05 2.7246e-05 -0.000403275 -0.000407935 -0.00041033 -0.000414416 -0.000572738 -0.000585006 -0.000596809 -0.000609324
9.805 0 0 0 0 -0.00290448 -0.00290724 -0.00290392 -0.00290019 -0.00431026 -0.00431379 -0.00431584 -0.00432025 -0.00516813 -0.00518055 -0.00519295 -0.00520603
9.825 0 0 0 0 -0.00560747 -0.00560855 -0.00560543 -0.00560094 -0.00812902 -0.00813312 -0.00813505 -0.00813834 -0.0093705 -0.00938203 -0.00939354 -0.00940656
9.845 0 0 0 0 -0.00784136 -0.00784337 -0.00784292 -0.00783933 -0.0115478 -0.0115531 -0.0115549 -0.0115561 -0.0129894 -0.0129995 -0.0130099 -0.0130232
9.865 0 0 0 0 -0.00953344 -0.00953419 -0.00953342 -0.00952845 -0.0141169 -0.0141224 -0.0141239 -0.0141243 -0.0159424 -0.0159526 -0.0159635 -0.0159772
9.885 0 0 0 0 -0.0105261 -0.0105301 -0.010532 -0.0105273 -0.0155734 -0.0155782 -0.0155797 -0.0155803 -0.0179494 -0.017959 -0.017969 -0.0179823
9.905 0 0 0 0 -0.0106511 -0.0106539 -0.0106548 -0.0106496 -0.0158769 -0.0158813 -0.0158826 -0.0158833 -0.0185498 -0.01856 -0.0185706 -0.0185841
9.925 0 0 0 0 -0.00987538 -0.00987758 -0.00987882 -0.00987542 -0.0150132 -0.0150184 -0.01502 -0.01502 -0.0174932 -0.0175029 -0.017513 -0.0175264
9.945 0 0 0 0 -0.00845328 -0.00845425 -0.00845437 -0.00845257 -0.0128686 -0.0128741 -0.0128756 -0.012876 -0.0148706 -0.0148807 -0.0148914 -0.0149049
9.965 0 0 0 0 -0.00654209 -0.00654361 -0.00654201 -0.00654021 -0.00946963 -0.00947404 -0.00947595 -0.00947855 -0.0109044 -0.0109153 -0.0109262 -0.0109392
9.985 0 0 0 0 -0.00408929 -0.00409253 -0.00408999 -0.00408885 -0.00515415 -0.00515705 -0.00515927 -0.00516432 -0.00581437 -0.00582644 -0.00583795 -0.0058504
10.005 0 0 0 0 -0.00102782 -0.00102771 -0.00102356 -0.001022 -0.000358517 -0.000362115 -0.000364568 -0.000369914 3.71843e-05 2.43673e-05 1.21477e-05 -2.75534e-07
10.025 0 0 0 0 0.00258587 0.00258997 0.0025936 0.00259318 0.00462363 0.00461898 0.00461618 0.00461124 0.00604522 0.00603258 0.00602098 0.00600911
10.045 0 0 0 0 0.0064095 0.00641473 0.00641757 0.0064187 0.00959884 0.00959504 0.00959322 0.00958925 0.0115493 0.011536 0.011524 0.0115121
10.065 0 0 0 0 0.0098636 0.00987042 0.00986777 0.00986271 0.0142367 0.0142339 0.0142318 0.0142272 0.0161983 0.0161858 0.0161762 0.0161663
10.085 0 0 0 0 0.0126214 0.01263 0.0126272 0.0126216 0.0179817 0.0179805 0.0179792 0.0179746 0.0200289 0.0200149 0.020004 0.019994
10.105 0 0 0 0 0.0144465 0.014459 0.0144561 0.0144484 0.0204128 0.0204108 0.020409 0.0204051 0.0230085 0.0229955 0.022986 0.0229766
10.125 0 0 0 0 0.0152408 0.0152533 0.0152502 0.0152417 0.02154 0.0215375 0.0215361 0.0215335 0.0248032 0.02479 0.02478 0.0247702
10.145 0 0 0 0 0.0149621 0.0149738 0.0149708 0.0149637 0.0215501 0.021548 0.0215465 0.0215433 0.0250095 0.0249964 0.0249865 0.0249768
10.165 0 0 0 0 0.0138635 0.0138721 0.0138687 0.0138628 0.0203584 0.0203575 0.020356 0.0203515 0.0235081 0.0234947 0.0234849 0.0234756
10.185 0 0 0 0 0.012268 0.0122744 0.0122719 0.0122669 0.0177435 0.0177417 0.0177401 0.0177359 0.0204179 0.0204046 0.0203942 0.0203841
10.205 0 0 0 0 0.0101839 0.0101887 0.010187 0.0101801 0.0138402 0.0138358 0.0138338 0.0138309 0.015867 0.0158546 0.0158445 0.0158339
10.225 0 0 0 0 0.00745759 0.00746099 0.00746208 0.00745681 0.00914587 0.00913989 0.00913767 0.00913542 0.0101129 0.0101006 0.0100894 0.0100776
10.245 0 0 0 0 0.00405689 0.00405795 0.00405986 0.0040563 0.00399325 0.00398813 0.00398586 0.00398282 0.00366743 0.00365508 0.00364358 0.00363144
10.265 0 0 0 0 0.000103887 0.000104598 0.000108571 0.000110655 -0.00154663 -0.0015515 -0.0015537 -0.00155734 -0.00282684 -0.00283932 -0.00285191 -0.0028651
10.285 0 0 0 0 -0.00432175 -0.00432158 -0.00431689 -0.00431178 -0.00728837 -0.0072934 -0.00729539 -0.00729774 -0.00891238 -0.00892406 -0.00893651 -0.00895038
10.305 0 0 0 0 -0.00876594 -0.00876981 -0.00877106 -0.00876692 -0.0127534 -0.0127584 -0.0127605 -0.0127622 -0.0143703 -0.0143802 -0.0143901 -0.0144029
10.325 0 0 0 0 -0.0125184 -0.0125228 -0.0125222 -0.0125133 -0.0174475 -0.0174521 -0.0174535 -0.0174542 -0.0191672 -0.0191769 -0.0191873 -0.0192012
10.345 0 0 0 0 -0.0152199 -0.015228 -0.0152308 -0.0152199 -0.0211326 -0.0211364 -0.0211375 -0.0211379 -0.0233761 -0.0233854 -0.0233953 -0.023409
10.365 0 0 0 0 -0.0168555 -0.0168651 -0.0168688 -0.0168578 -0.0237626 -0.0237663 -0.0237672 -0.0237667 -0.0268138 -0.0268224 -0.0268319 -0.0268458
10.385 0 0 0 0 -0.0175614 -0.0175707 -0.0175759 -0.0175657 -0.0252761 -0.0252797 -0.0252803 -0.0252791 -0.0289856 -0.0289944 -0.0290042 -0.0290182
10.405 0 0 0 0 -0.0174514 -0.01746 -0.0174655 -0.0174563 -0.0255457 -0.0255501 -0.0255508 -0.0255487 -0.0294391 -0.0294473 -0.0294566 -0.0294706
10.425 0 0 0 0 -0.0167283 -0.0167357 -0.0167401 -0.0167315 -0.0244207 -0.0244251 -0.0244258 -0.0244239 -0.0280276 -0.0280362 -0.0280461 -0.0280603
10.445 0 0 0 0 -0.0154081 -0.015417 -0.0154213 -0.0154139 -0.0218605 -0.0218643 -0.0218653 -0.021865 -0.0248475 -0.0248564 -0.024866 -0.0248796
10.465 0 0 0 0 -0.0133902 -0.0133992 -0.0134017 -0.0133954 -0.0180802 -0.018083 -0.0180843 -0.0180862 -0.0201835 -0.0201935 -0.0202037 -0.020217
10.485 0 0 0 0 -0.0106469 -0.0106561 -0.0106581 -0.0106548 -0.0134593 -0.0134616 -0.0134633 -0.0134671 -0.014529 -0.0145397 -0.01455 -0.0145627
10.505 0 0 0 0 -0.00737738 -0.00738361 -0.00738227 -0.00738069 -0.00836354 -0.0083658 -0.00836795 -0.00837322 -0.00849024 -0.00850179 -0.00851267 -0.00852501
10.525 0 0 0 0 -0.00383796 -0.00384055 -0.00383828 -0.00383761 -0.00317159 -0.00317431 -0.0031764 -0.00318177 -0.00260319 -0.00261583 -0.00262779 -0.00264017
10.545 0 0 0 0 -0.000143837 -0.000141164 -0.00013713 -0.000136143 0.00173152 0.00172811 0.00172547 0.00171943 0.00281202 0.00279903 0.00278693 0.00277486
10.565 0 0 0 0 0.00362952 0.00363736 0.00364206 0.0036418 0.00614024 0.00613603 0.00613346 0.00612833 0.00757953 0.00756598 0.00755332 0.00754118
10.585 0 0 0 0 0.00713606 0.00714353 0.00714539 0.00714327 0.0100838 0.0100792 0.0100767 0.0100728 0.0116071 0.0115947 0.0115841 0.0115731
10.605 0 0 0 0 0.00976941 0.00977869 0.00977975 0.0097764 0.0134919 0.0134885 0.0134863 0.013482 0.0149134 0.0149005 0.01489 0.0148796
10.625 0 0 0 0 0.0112565 0.0112643 0.0112619 0.0112572 0.0159411 0.0159395 0.015938 0.0159332 0.017574 0.0175603 0.0175494 0.0175393
10.645 0 0 0 0 0.0116746 0.0116832 0.0116806 0.0116758 0.0170748 0.017073 0.0170711 0.0170663 0.0194961 0.019483 0.0194732 0.0194636
10.665 0 0 0 0 0.0113404 0.011348 0.0113458 0.0113418 0.0170003 0.016998 0.0169965 0.016993 0.0202572 0.020244 0.0202332 0.0202227
10.685 0 0 0 0 0.0105044 0.0105108 0.0105087 0.0105051 0.0160592 0.0160567 0.0160547 0.0160507 0.0193971 0.0193846 0.0193748 0.0193647
10.705 0 0 0 0 0.0094765 0.00948137 0.00948054 0.00947873 0.0143429 0.0143409 0.0143391 0.0143344 0.0169013 0.016888 0.0168772 0.0168667
10.725 0 0 0 0 0.0083299 0.00833452 0.00833394 0.00833034 0.0117766 0.0117733 0.011771 0.0117663 0.0132381 0.0132254 0.0132151 0.0132047
10.745 0 0 0 0 0.00685875 0.00686365 0.00686521 0.00686086 0.00851842 0.00851318 0.00851086 0.00850757 0.00904168 0.00902909 0.00901791 0.00900638
10.765 0 0 0 0 0.00476639 0.00476971 0.00477142 0.00476616 0.0049933 0.00498745 0.00498511 0.00498253 0.00482127 0.00480911 0.00479782 0.00478573
10.785 0 0 0 0 0.00211677 0.00211934 0.00212295 0.00212137 0.00155323 0.00154791 0.00154551 0.00154197 0.000959589 0.00094716 0.000935163 0.0009226
10.805 0 0 0 0 -0.000682897 -0.000682972 -0.000679434 -0.000677714 -0.00166562 -0.00167022 -0.00167242 -0.00167649 -0.0023222 -0.00233459 -0.00234686 -0.00235976
10.825 0 0 0 0 -0.00320346 -0.00320655 -0.0032038 -0.00320009 -0.00455349 -0.00455759 -0.00455965 -0.00456349 -0.0050276 -0.00503971 -0.00505184 -0.00506493
10.845 0 0 0 0 -0.005071 -0.00507268 -0.00506978 -0.00506555 -0.0069098 -0.00691427 -0.00691623 -0.00691946 -0.00732316 -0.00733486 -0.00734671 -0.00735991
10.865 0 0 0 0 -0.0060236 -0.00602456 -0.00602206 -0.00601783 -0.0085008 -0.00850591 -0.00850805 -0.00851064 -0.00927002 -0.0092808 -0.00929164 -0.00930463
10.885 0 0 0 0 -0.00610159 -0.00610034 -0.00609765 -0.00609433 -0.00921317 -0.00921822 -0.00922001 -0.00922205 -0.010659 -0.0106702 -0.0106817 -0.0106951
10.905 0 0 0 0 -0.00558385 -0.00558238 -0.00558024 -0.00557809 -0.00911471 -0.00912018 -0.00912215 -0.0091238 -0.0111179 -0.0111286 -0.0111394 -0.0111525
10.925 0 0 0 0 -0.00491062 -0.00490815 -0.00490557 -0.00490441 -0.00834658 -0.00835192 -0.00835358 -0.00835507 -0.0103823 -0.0103936 -0.0104053 -0.0104188
10.945 0 0 0 0 -0.00430166 -0.00430081 -0.00429805 -0.00429645 -0.00700151 -0.00700674 -0.00700877 -0.00701117 -0.00848734 -0.00849851 -0.0085098 -0.00852288
10.965 0 0 0 0 -0.00364507 -0.0036455 -0.00364211 -0.00364002 -0.00514402 -0.00514833 -0.0051504 -0.00515407 -0.00574959 -0.00576155 -0.0057735 -0.00578654
10.985 0 0 0 0 -0.00261167 -0.00261323 -0.00260944 -0.00260625 -0.00288687 -0.00289087 -0.00289328 -0.00289795 -0.00265994 -0.00267218 -0.00268407 -0.00269671
11.005 0 0 0 0 -0.000984731 -0.000984498 -0.000980164 -0.000977381 -0.00040306 -0.000407691 -0.000410317 -0.000415069 0.00031979 0.000307459 0.000295536 0.000283007
11.025 0 0 0 0 0.00113861 0.00114096 0.0011451 0.00114592 0.00212385 0.00211895 0.00211638 0.00211189 0.00290472 0.00289216 0.00288015 0.00286778
11.045 0 0 0 0 0.00335295 0.00335662 0.00335937 0.00335774 0.00453156 0.00452681 0.00452452 0.00452051 0.00506246 0.00504969 0.00503769 0.00502548
11.065 0 0 0 0 0.00511144 0.00511657 0.0051194 0.00511774 0.00661672 0.00661231 0.00660989 0.00660554 0.00694291 0.00693021 0.0069189 0.00690739
11.085 0 0 0 0 0.00605269 0.00605796 0.00606044 0.00605955 0.00813269 0.00812882 0.00812647 0.00812171 0.00867793 0.00866511 0.00865404 0.0086429
11.105 0 0 0 0 0.00616815 0.00617279 0.00617496 0.00617512 0.00891422 0.00891067 0.00890842 0.00890353 0.0101441 0.0101312 0.01012 0.0101089
11.125 0 0 0 0 0.00573155 0.00573516 0.00573702 0.00573799 0.00898013 0.00897671 0.00897447 0.0089696 0.010939 0.0109263 0.0109154 0.0109042
11.145 0 0 0 0 0.00511818 0.00512084 0.00512312 0.00512495 0.00843932 0.00843607 0.00843394 0.00842908 0.0106349 0.010622 0.0106107 0.0105992
11.165 0 0 0 0 0.00455812 0.00456067 0.00456306 0.00456405 0.00735481 0.0073512 0.00734886 0.00734386 0.00909191 0.0090792 0.009068 0.00905662
11.185 0 0 0 0 0.00400037 0.0040031 0.00400614 0.0040062 0.00573751 0.00573327 0.00573092 0.00572633 0.0065751 0.00656222 0.00655048 0.00653864
11.205 0 0 0 0 0.0031415 0.0031447 0.0031479 0.00314623 0.00364772 0.0036428 0.00364033 0.00363632 0.00358884 0.00357631 0.00356462 0.00355251
11.225 0 0 0 0 0.00171012 0.00171356 0.00171786 0.0017172 0.00124364 0.00123874 0.00123638 0.00123243 0.000632794 0.000620205 0.000607976 0.000595329
11.245 0 0 0 0 -0.000308584 -0.000306975 -0.00030312 -0.000302546 -0.00127579 -0.00128056 -0.00128287 -0.00128682 -0.00199895 -0.00201113 -0.00202304 -0.00203574
11.265 0 0 0 0 -0.00259572 -0.00259731 -0.00259383 -0.00259074 -0.00375007 -0.00375412 -0.00375631 -0.00376051 -0.00426557 -0.00427779 -0.00428992 -0.00430286
11.285 0 0 0 0 -0.00462129 -0.00462342 -0.00462027 -0.00461601 -0.00602162 -0.00602545 -0.00602748 -0.00603145 -0.00630988 -0.00632185 -0.00633374 -0.00634673
11.305 0 0 0 0 -0.00590845 -0.00591061 -0.0059081 -0.00590356 -0.00788121 -0.00788575 -0.00788794 -0.00789123 -0.00827632 -0.00828735 -0.00829828 -0.00831113
11.325 0 0 0 0 -0.00635865 -0.00635869 -0.00635634 -0.00635281 -0.00912249 -0.00912739 -0.00912923 -0.00913154 -0.0101109 -0.010122 -0.0101334 -0.0101467
11.345 0 0 0 0 -0.00618519 -0.0061843 -0.00618235 -0.00617979 -0.00967326 -0.0096786 -0.00968053 -0.00968221 -0.0114692 -0.0114798 -0.0114906 -0.0115037
11.365 0 0 0 0 -0.00578286 -0.00578038 -0.00577809 -0.00577658 -0.00960175 -0.009607 -0.00960865 -0.00960996 -0.0118751 -0.0118861 -0.0118975 -0.0119109
11.385 0 0 0 0 -0.00541618 -0.00541448 -0.00541233 -0.00541091 -0.00898006 -0.00898551 -0.0089874 -0.00898893 -0.0110517 -0.0110625 -0.0110735 -0.0110867
11.405 0 0 0 0 -0.00509846 -0.00509789 -0.00509527 -0.00509337 -0.00781366 -0.00781864 -0.00782049 -0.00782283 -0.00911749 -0.00912877 -0.00914029 -0.00915356
11.425 0 0 0 0 -0.00454304 -0.00454446 -0.00454155 -0.00453885 -0.00609975 -0.00610411 -0.0061063 -0.00610995 -0.00651287 -0.00652443 -0.00653584 -0.00654869
11.445 0 0 0 0 -0.00342393 -0.00342613 -0.00342269 -0.00341999 -0.00392798 -0.0039318 -0.00393412 -0.00393868 -0.00372847 -0.00374061 -0.00375244 -0.00376514
11.465 0 0 0 0 -0.00163961 -0.00163986 -0.00163545 -0.00163268 -0.00148221 -0.00148648 -0.00148906 -0.00149385 -0.00108195 -0.00109441 -0.00110649 -0.00111912
11.485 0 0 0 0 0.00057335 0.000575071 0.000578953 0.000579373 0.001037 0.00103235 0.00102979 0.00102532 0.00134485 0.00133246 0.00132068 0.00130836
11.505 0 0 0 0 0.00275958 0.00276359 0.00276686 0.00276453 0.00346426 0.0034595 0.00345726 0.00345342 0.00363055 0.00361769 0.00360542 0.00359299
