-5704.21 -7446.31 -7433.13 -5867.08
-11493.5 -14842.9 -14840 -11592.3
-17271.3 -22198.4 -22210.9 -17271.6
-22889.5 -29355.1 -29333.7 -22873.7
-27908.5 -35961.8 -35739.1 -28251.3
-31933.6 -41643.6 -41085.8 -33216.8
-35120.2 -46454.8 -45474.6 -37488.3
-37722.7 -50506.8 -48972.1 -41072.7
-39904.7 -53906.9 -51815.8 -44041
-41769.2 -56799 -54154.7 -46507
-42582.2 -58470.3 -55469.7 -47187.4
-42921.8 -60641.8 -53729.1 -46808.8
-41889 -60557.2 -53445.6 -45773.9
-41635.9 -60972 -53819.5 -45281.7
-42872.6 -60239 -53923.5 -46463.4
-41268.3 -60177.5 -55278.5 -40947.3
-42368.1 -61153.3 -56249.1 -39979.6
-42825.5 -61942.9 -56880.6 -39254.1
-44075.2 -59696.3 -53895.1 -40125.5
-44790.3 -60003.3 -54019.8 -39929.5
-45352.4 -60212.2 -54217.9 -39581.1
-45866.5 -60294.4 -54283.1 -39602.7
