-8.92705e-06 3.39846e-05
-8.92172e-06 3.17147e-05
-8.91047e-06 2.85085e-05
-8.89504e-06 2.60557e-05
-8.87765e-06 2.5045e-05
-8.85877e-06 2.52343e-05
-8.83831e-06 2.60933e-05
-8.81817e-06 2.70905e-05
-8.8025e-06 2.79091e-05
-8.79478e-06 2.85037e-05
-8.79627e-06 2.90084e-05
-8.80736e-06 2.95821e-05
-8.82796e-06 3.02945e-05
-8.85644e-06 3.11197e-05
-8.88943e-06 3.20217e-05
-8.92339e-06 3.30623e-05
-8.95606e-06 3.44409e-05
-8.9866e-06 3.64278e-05
-9.01427e-06 3.9212e-05
-9.03896e-06 4.27539e-05
-9.0613e-06 4.67259e-05
-9.08241e-06 5.05848e-05
-9.10295e-06 5.37535e-05
-9.1228e-06 5.58231e-05
-9.14151e-06 5.66861e-05
-9.1584e-06 5.65407e-05
-9.17246e-06 5.5775e-05
-9.18193e-06 5.4791e-05
-9.18495e-06 5.38575e-05
-9.18022e-06 5.3049e-05
-9.16725e-06 5.22785e-05
-9.14636e-06 5.13882e-05
-9.11874e-06 5.02376e-05
-9.08639e-06 4.87464e-05
-9.05167e-06 4.68913e-05
-9.01676e-06 4.46766e-05
-8.98325e-06 4.21106e-05
-8.95204e-06 3.92078e-05
-8.92343e-06 3.60202e-05
-8.89725e-06 3.26825e-05
-8.87308e-06 2.94324e-05
-8.85067e-06 2.65768e-05
-8.83016e-06 2.44069e-05
-8.81207e-06 2.31029e-05
-8.79713e-06 2.26743e-05
-8.78634e-06 2.29648e-05
-8.78082e-06 2.37191e-05
-8.78153e-06 2.46795e-05
-8.78908e-06 2.56708e-05
-8.80354e-06 2.66409e-05
-8.82437e-06 2.76513e-05
-8.85049e-06 2.88321e-05
-8.88039e-06 3.0322e-05
-8.91235e-06 3.22163e-05
-8.94471e-06 3.45418e-05
-8.97622e-06 3.72613e-05
-9.00613e-06 4.02981e-05
-9.03429e-06 4.35537e-05
-9.061e-06 4.69095e-05
-9.08678e-06 5.02179e-05
-9.11212e-06 5.33002e-05
-9.13713e-06 5.59613e-05
-9.16172e-06 5.80233e-05
-9.18478e-06 5.93665e-05
-9.20476e-06 5.99716e-05
-9.22e-06 5.9931e-05
-9.22912e-06 5.94209e-05
-9.231e-06 5.86443e-05
-9.22493e-06 5.77676e-05
-9.21081e-06 5.68674e-05
-9.1893e-06 5.59124e-05
-9.16177e-06 5.47865e-05
-9.12996e-06 5.33369e-05
-9.09571e-06 5.14211e-05
-9.06075e-06 4.8944e-05
-9.02632e-06 4.58858e-05
-8.99311e-06 4.23199e-05
-8.96115e-06 3.84132e-05
-8.93013e-06 3.4405e-05
-8.89957e-06 3.05697e-05
-8.86921e-06 2.71708e-05
-8.83917e-06 2.44185e-05
-8.81023e-06 2.24384e-05
-8.78376e-06 2.12465e-05
-8.76144e-06 2.07421e-05
-8.74504e-06 2.07337e-05
-8.73608e-06 2.09974e-05
-8.73549e-06 2.13481e-05
-8.74348e-06 2.17024e-05
-8.75945e-06 2.21084e-05
-8.78217e-06 2.27312e-05
-8.81001e-06 2.37926e-05
-8.84125e-06 2.549e-05
-8.87434e-06 2.7925e-05
-8.90813e-06 3.10684e-05
-8.94197e-06 3.47673e-05
-8.97572e-06 3.87834e-05
-9.00952e-06 4.28424e-05
-9.04355e-06 4.66811e-05
-9.07774e-06 5.00833e-05
-9.11159e-06 5.28978e-05
-9.14405e-06 5.50399e-05
-9.17353e-06 5.64854e-05
-9.19813e-06 5.72674e-05
-9.21588e-06 5.74721e-05
-9.22515e-06 5.72245e-05
-9.2249e-06 5.66695e-05
-9.21492e-06 5.59482e-05
-9.19593e-06 5.51584e-05
-9.16946e-06 5.42984e-05
-9.13754e-06 5.32324e-05
-9.1023e-06 5.17175e-05
-9.0656e-06 4.94958e-05
-9.02888e-06 4.64131e-05
-8.99294e-06 4.25073e-05
-8.95798e-06 3.8019e-05
-8.92367e-06 3.33229e-05
-8.88945e-06 2.8829e-05
-8.85489e-06 2.49017e-05
-8.82011e-06 2.1812e-05
-8.78616e-06 1.9706e-05
-8.75478e-06 1.85905e-05
-8.72832e-06 1.83435e-05
-8.70942e-06 1.87503e-05
-8.70041e-06 1.9558e-05
-8.70283e-06 2.05368e-05
-8.71705e-06 2.15301e-05
-8.74216e-06 2.24803e-05
-8.77609e-06 2.34364e-05
-8.81599e-06 2.45551e-05
-8.85872e-06 2.60887e-05
-8.90157e-06 2.8333e-05
-8.94264e-06 3.15152e-05
-8.98097e-06 3.5655e-05
-9.01642e-06 4.04819e-05
-9.04936e-06 4.54851e-05
-9.08044e-06 5.00798e-05
-9.1103e-06 5.37953e-05
-9.13917e-06 5.63921e-05
-9.16658e-06 5.78813e-05
-9.19132e-06 5.84713e-05
-9.21166e-06 5.84796e-05
-9.22575e-06 5.82399e-05
-9.23214e-06 5.80212e-05
-9.23016e-06 5.79627e-05
-9.22001e-06 5.80278e-05
-9.2027e-06 5.79919e-05
-9.17968e-06 5.74972e-05
-9.15248e-06 5.61839e-05
-9.12233e-06 5.38384e-05
-9.0901e-06 5.04653e-05
-9.05604e-06 4.62598e-05
-9.01981e-06 4.15328e-05
-8.98082e-06 3.66466e-05
-8.93873e-06 3.19684e-05
-8.89387e-06 2.78196e-05
-8.84742e-06 2.4408e-05
-8.8013e-06 2.17758e-05
-8.75791e-06 1.98084e-05
-8.71986e-06 1.8306e-05
-8.68967e-06 1.70817e-05
-8.66927e-06 1.60505e-05
-8.6599e-06 1.52709e-05
-8.66197e-06 1.49097e-05
-8.67509e-06 1.51503e-05
-8.69817e-06 1.61104e-05
-8.72954e-06 1.78156e-05
-8.76723e-06 2.02352e-05
-8.80944e-06 2.33289e-05
-8.85466e-06 2.70353e-05
-8.90156e-06 3.11964e-05
-8.9487e-06 3.55009e-05
-8.99444e-06 3.95288e-05
-9.03701e-06 4.28855e-05
-9.07466e-06 4.53432e-05
-9.10574e-06 4.69093e-05
-9.12882e-06 4.77992e-05
-9.14291e-06 4.8335e-05
-9.14766e-06 4.88092e-05
-9.14345e-06 4.93577e-05
-9.13133e-06 4.98846e-05
-9.11271e-06 5.00607e-05
-9.08906e-06 4.94075e-05
-9.06147e-06 4.74591e-05
-9.03034e-06 4.39479e-05
-8.99533e-06 3.89339e-05
-8.95556e-06 3.28348e-05
-8.91009e-06 2.63694e-05
-8.85864e-06 2.04263e-05
-8.80235e-06 1.58493e-05
-8.74417e-06 1.31788e-05
-8.68819e-06 1.24609e-05
-8.63972e-06 1.32262e-05
-8.60406e-06 1.46731e-05
-8.58555e-06 1.59776e-05
-8.58669e-06 1.65821e-05
-8.60748e-06 1.63472e-05
-8.64528e-06 1.55414e-05
-8.69529e-06 1.47313e-05
-8.7516e-06 1.4654e-05
-8.80866e-06 1.60894e-05
-8.86275e-06 1.96736e-05
-8.91255e-06 2.56551e-05
-8.959e-06 3.37086e-05
-9.00446e-06 4.29106e-05
-9.05162e-06 5.19047e-05
-9.10226e-06 5.92404e-05
-9.15683e-06 6.38237e-05
-9.21216e-06 6.52908e-05
-9.26338e-06 6.40797e-05
-9.30498e-06 6.1145e-05
-9.33076e-06 5.75816e-05
-9.33543e-06 5.43778e-05
-9.31628e-06 5.22474e-05
-9.27413e-06 5.14907e-05
-9.21365e-06 5.19286e-05
-9.14211e-06 5.29267e-05
-9.06751e-06 5.35033e-05
-8.99733e-06 5.25565e-05
-8.9369e-06 4.91874e-05
-8.88823e-06 4.29935e-05
-8.84976e-06 3.42284e-05
-8.817e-06 2.37842e-05
-8.78407e-06 1.30097e-05
-8.74615e-06 3.43352e-06
-8.69911e-06 -3.52972e-06
-8.64266e-06 -6.8696e-06
-8.58118e-06 -6.22406e-06
-8.52333e-06 -1.98815e-06
-8.47977e-06 4.78834e-06
-8.46099e-06 1.26643e-05
-8.47504e-06 2.0107e-05
-8.5257e-06 2.57556e-05
-8.61088e-06 2.86758e-05
-8.72211e-06 2.86396e-05
-8.84599e-06 2.63219e-05
-8.96712e-06 2.31983e-05
-9.07092e-06 2.10982e-05
-9.14612e-06 2.16375e-05
-9.18677e-06 2.57557e-05
-9.1936e-06 3.34394e-05
-9.1739e-06 4.37085e-05
-9.13976e-06 5.4903e-05
-9.10523e-06 6.51399e-05
-9.08449e-06 7.27525e-05
-9.08514e-06 7.65821e-05
-9.10926e-06 7.61691e-05
-9.15354e-06 7.1817e-05
-9.20877e-06 6.45622e-05
-9.26231e-06 5.60344e-05
-9.30114e-06 4.81191e-05
-9.31458e-06 4.24658e-05
-9.29717e-06 4.0035e-05
-9.24947e-06 4.08559e-05
-9.17724e-06 4.40496e-05
-9.09052e-06 4.80905e-05
-9.00135e-06 5.12035e-05
-8.92094e-06 5.17734e-05
-8.85709e-06 4.87056e-05
-8.8124e-06 4.17074e-05
-8.78442e-06 3.14165e-05
-8.76679e-06 1.93058e-05
-8.75108e-06 7.36699e-06
-8.72928e-06 -2.34992e-06
-8.69645e-06 -8.20918e-06
-8.65194e-06 -9.33282e-06
-8.60058e-06 -5.78008e-06
-8.55164e-06 1.40219e-06
-8.51625e-06 1.03147e-05
-8.50448e-06 1.86225e-05
-8.52267e-06 2.41923e-05
-8.57158e-06 2.57403e-05
-8.64607e-06 2.32486e-05
-8.73582e-06 1.79576e-05
-8.82729e-06 1.19454e-05
-8.90678e-06 7.54741e-06
-8.9639e-06 6.85735e-06
-8.99467e-06 1.13204e-05
-9.00277e-06 2.13157e-05
-8.99832e-06 3.57833e-05
-8.99472e-06 5.21744e-05
-9.00471e-06 6.69787e-05
-9.0368e-06 7.6796e-05
-9.09383e-06 7.95138e-05
-9.16995e-06 7.49727e-05
-9.25253e-06 6.48849e-05
-9.3243e-06 5.215e-05
-9.36911e-06 4.00694e-05
-9.3734e-06 3.16401e-05
-9.33173e-06 2.88908e-05
-9.24798e-06 3.23443e-05
-9.13555e-06 4.07827e-05
-9.01507e-06 5.14466e-05
-8.90628e-06 6.06293e-05
-8.82467e-06 6.46474e-05
-8.77878e-06 6.09853e-05
-8.76732e-06 4.91526e-05
-8.77948e-06 3.08091e-05
-8.79708e-06 9.18044e-06
-8.79992e-06 -1.1833e-05
-8.77222e-06 -2.85695e-05
-8.70204e-06 -3.8449e-05
-8.58846e-06 -4.05877e-05
-8.44348e-06 -3.59699e-05
-8.28753e-06 -2.71445e-05
-8.14445e-06 -1.75239e-05
-8.03597e-06 -1.0425e-05
-7.9775e-06 -8.11849e-06
-7.97641e-06 -1.12452e-05
-8.03015e-06 -1.88211e-05
-8.1261e-06 -2.8684e-05
-8.245e-06 -3.80267e-05
-8.36692e-06 -4.38714e-05
-8.47599e-06 -4.35734e-05
-8.5644e-06 -3.54177e-05
-8.63342e-06 -1.91406e-05
-8.69262e-06 3.88812e-06
-8.75762e-06 3.0927e-05
-8.84576e-06 5.84209e-05
-8.97122e-06 8.26193e-05
-9.14309e-06 0.000100212
-9.35041e-06 0.000109016
-9.57381e-06 0.000108793
-9.7903e-06 0.000101653
-9.97432e-06 9.16738e-05
-1.01031e-05 8.38219e-05
-1.01615e-05 8.23607e-05
-1.01457e-05 8.93309e-05
-1.00663e-05 0.000103789
-9.94945e-06 0.000122178
-9.81924e-06 0.000139513
-9.69906e-06 0.000150851
-9.60722e-06 0.000152417
-9.55508e-06 0.000142342
-9.53754e-06 0.000121077
-9.53454e-06 9.14317e-05
-9.51729e-06 5.80342e-05
-9.45838e-06 2.61856e-05
-9.33816e-06 4.83528e-07
-9.14854e-06 -1.62973e-05
-8.8955e-06 -2.37163e-05
-8.5998e-06 -2.35213e-05
-8.29393e-06 -1.90239e-05
-8.01401e-06 -1.42037e-05
-7.79173e-06 -1.27293e-05
-7.649e-06 -1.70543e-05
-7.59447e-06 -2.77348e-05
-7.6224e-06 -4.31415e-05
-7.71908e-06 -5.97304e-05
-7.86119e-06 -7.29277e-05
-8.02316e-06 -7.83406e-05
-8.18595e-06 -7.29404e-05
-8.34007e-06 -5.58572e-05
-8.4863e-06 -2.86577e-05
-8.63288e-06 4.9434e-06
-8.79171e-06 3.99711e-05
-8.97399e-06 7.14666e-05
-9.18672e-06 9.57395e-05
-9.42891e-06 0.000111262
-9.68988e-06 0.000118861
-9.95063e-06 0.000121137
-1.0188e-05 0.000121376
-1.03792e-05 0.000122496
-1.05062e-05 0.00012635
-1.05599e-05 0.000133449
-1.05423e-05 0.00014301
-1.04671e-05 0.000153137
-1.03502e-05 0.000160989
-1.02065e-05 0.000163247
-1.00504e-05 0.000157
-9.8897e-06 0.00014068
-9.72424e-06 0.000114684
-9.54652e-06 8.14797e-05
-9.34597e-06 4.5106e-05
-9.11357e-06 1.01476e-05
-8.84604e-06 -1.94504e-05
-8.54737e-06 -4.13261e-05
-8.22874e-06 -5.5162e-05
-7.9124e-06 -6.24763e-05
-7.62311e-06 -6.59399e-05
-7.38636e-06 -6.84256e-05
-7.22271e-06 -7.22395e-05
-7.14375e-06 -7.85865e-05
-7.15111e-06 -8.72772e-05
-7.23662e-06 -9.67062e-05
-7.38177e-06 -0.000104171
-7.56449e-06 -0.000106589
-7.76493e-06 -0.00010137
-7.96948e-06 -8.71169e-05
-8.17164e-06 -6.39027e-05
-8.37266e-06 -3.31771e-05
-8.58033e-06 2.51348e-06
-8.80574e-06 3.98679e-05
-9.05844e-06 7.53305e-05
-9.3432e-06 0.000105786
-9.65522e-06 0.000129324
-9.98204e-06 0.000145615
-1.03044e-05 0.000155787
-1.05989e-05 0.000161841
-1.08422e-05 0.000165937
-1.1012e-05 0.000169665
-1.10941e-05 0.000173578
-1.10823e-05 0.000176977
-1.0979e-05 0.000178079
-1.0796e-05 0.0001746
-1.05482e-05 0.000164525
-1.02508e-05 0.000146754
-9.91936e-06 0.000121397
-9.56708e-06 8.97199e-05
-9.20305e-06 5.38233e-05
-8.83348e-06 1.61587e-05
-8.46309e-06 -2.08845e-05
-8.09631e-06 -5.52117e-05
-7.74325e-06 -8.51342e-05
-7.41405e-06 -0.000109621
-7.12472e-06 -0.000128382
-6.88446e-06 -0.000141697
-6.70513e-06 -0.000150086
-6.59732e-06 -0.000153961
-6.56929e-06 -0.000153473
-6.62656e-06 -0.000148552
-6.7675e-06 -0.000139048
-6.98535e-06 -0.000124805
-7.2705e-06 -0.00010564
-7.61102e-06 -8.13978e-05
-7.99434e-06 -5.21898e-05
-8.40715e-06 -1.87161e-05
-8.8356e-06 1.76282e-05
-9.2659e-06 5.50218e-05
-9.68698e-06 9.16257e-05
-1.00875e-05 0.000125947
-1.04573e-05 0.000156949
-1.07888e-05 0.000184155
-1.1082e-05 0.00020764
-1.13236e-05 0.000227749
-1.15074e-05 0.000244744
-1.1631e-05 0.000258369
-1.16943e-05 0.000267758
-1.16993e-05 0.000271708
-1.16489e-05 0.000269123
-1.15457e-05 0.000259391
-1.13919e-05 0.000242513
-1.11878e-05 0.000219042
-1.09318e-05 0.000189903
-1.0622e-05 0.000156311
-1.02593e-05 0.000119804
-9.8492e-06 8.21994e-05
-9.40158e-06 4.53737e-05
-8.93141e-06 1.09339e-05
-8.45832e-06 -2.00672e-05
-8.00194e-06 -4.72704e-05
-7.59079e-06 -7.07712e-05
-7.24467e-06 -9.10093e-05
-6.97966e-06 -0.000108473
-6.80548e-06 -0.000123474
-6.72483e-06 -0.000135854
-6.73314e-06 -0.000144788
-6.82137e-06 -0.000148866
-6.97695e-06 -0.000146535
-7.18591e-06 -0.00013667
-7.43493e-06 -0.000119035
-7.71307e-06 -9.44419e-05
-8.01229e-06 -6.46049e-05
-8.32728e-06 -3.17447e-05
-8.65428e-06 1.9136e-06
-8.98954e-06 3.45444e-05
-9.32773e-06 6.48897e-05
-9.66313e-06 9.2161e-05
-9.98524e-06 0.000115947
-1.0282e-05 0.000136071
-1.05407e-05 0.000152597
-1.07499e-05 0.000165834
-1.09009e-05 0.000176213
-1.09891e-05 0.000184042
-1.10139e-05 0.00018927
-1.09782e-05 0.000191382
-1.08873e-05 0.000189445
-1.07476e-05 0.000182295
-1.0565e-05 0.000168834
-1.03438e-05 0.000148313
-1.00856e-05 0.00012057
-9.78977e-06 8.6248e-05
-9.45472e-06 4.6967e-05
-9.08018e-06 5.27158e-06
-8.66921e-06 -3.573e-05
-8.22749e-06 -7.29382e-05
-7.77641e-06 -0.000103794
-7.33605e-06 -0.000127015
-6.93253e-06 -0.00014285
-6.59355e-06 -0.000152831
-6.34543e-06 -0.00015908
-6.20587e-06 -0.000163491
-6.18332e-06 -0.000167157
-6.27411e-06 -0.000170131
-6.46441e-06 -0.000171456
-6.7318e-06 -0.000169382
-7.04943e-06 -0.000161778
-7.39074e-06 -0.000146706
-7.73516e-06 -0.000123024
-8.07058e-06 -9.07602e-05
-8.39342e-06 -5.11422e-05
-8.7083e-06 -6.3711e-06
-9.02512e-06 4.06584e-05
-9.35415e-06 8.66655e-05
-9.70442e-06 0.000128368
-1.00748e-05 0.000163148
-1.04566e-05 0.000189653
-1.0834e-05 0.00020812
-1.11856e-05 0.000220142
-1.14873e-05 0.000227978
-1.17158e-05 0.000233741
-1.18538e-05 0.000238788
-1.18928e-05 0.000243495
-1.1833e-05 0.000247329
-1.16845e-05 0.000248999
-1.14658e-05 0.000246703
-1.11972e-05 0.000238437
-1.08975e-05 0.000222449
-1.05819e-05 0.000197728
-1.0259e-05 0.000164445
-9.93103e-06 0.000124211
-9.59497e-06 7.99661e-05
-9.24653e-06 3.54175e-05
-8.8833e-06 -5.84405e-06
-8.50659e-06 -4.12093e-05
-8.11941e-06 -6.96281e-05
-7.74184e-06 -9.15905e-05
-7.38829e-06 -0.000108915
-7.07656e-06 -0.000123929
-6.82238e-06 -0.000138623
-6.63625e-06 -0.000153948
-6.52307e-06 -0.000169427
-6.48559e-06 -0.000183161
-6.51372e-06 -0.000192153
-6.59701e-06 -0.000193199
-6.73085e-06 -0.000183958
-6.91368e-06 -0.000163725
-7.14636e-06 -0.000133569
-7.43145e-06 -9.59868e-05
-7.77145e-06 -5.44265e-05
-8.16675e-06 -1.27328e-05
-8.61097e-06 2.55099e-05
-9.08701e-06 5.77506e-05
-9.57245e-06 8.3046e-05
-1.00378e-05 0.000102368
-1.04546e-05 0.000118295
-1.07989e-05 0.000134386
-1.10559e-05 0.000154063
-1.12237e-05 0.000179138
-1.13125e-05 0.00020868
-1.13404e-05 0.000238986
-1.13293e-05 0.000264816
-1.13037e-05 0.000281257
-1.12763e-05 0.000285329
-1.12525e-05 0.000276908
-1.12313e-05 0.000258512
-1.12012e-05 0.000234102
-1.1144e-05 0.000207561
-1.10396e-05 0.000181573
-1.08711e-05 0.000157367
-1.06314e-05 0.000135125
-1.03251e-05 0.000114416
-9.9649e-06 9.42806e-05
-9.5695e-06 7.32053e-05
-9.15896e-06 4.94082e-05
-8.75185e-06 2.14972e-05
-8.36267e-06 -1.08426e-05
-7.99746e-06 -4.65888e-05
-7.66645e-06 -8.34892e-05
-7.3716e-06 -0.000118597
-7.1134e-06 -0.000148549
-6.89502e-06 -0.000170086
-6.72405e-06 -0.000180868
-6.61084e-06 -0.000180313
-6.56778e-06 -0.000169898
-6.60505e-06 -0.00015274
-6.72928e-06 -0.000132562
-6.94209e-06 -0.000112466
-7.23715e-06 -9.40027e-05
-7.60024e-06 -7.68905e-05
-8.01039e-06 -5.94191e-05
-8.44278e-06 -3.93004e-05
-8.87262e-06 -1.45877e-05
-9.27825e-06 1.56228e-05
-9.64444e-06 5.08719e-05
-9.96658e-06 8.93811e-05
-1.02471e-05 0.000128513
-1.04933e-05 0.000165299
-1.07139e-05 0.000196956
-1.09154e-05 0.00022124
-1.10982e-05 0.000236589
-1.12548e-05 0.000242172
-1.13707e-05 0.000237962
-1.14265e-05 0.000224828
-1.14029e-05 0.000204562
-1.12844e-05 0.000179631
-1.10627e-05 0.000152589
-1.07385e-05 0.000125301
-1.03219e-05 9.83341e-05
-9.8316e-06 7.09441e-05
-9.29205e-06 4.16376e-05
-8.73089e-06 8.92426e-06
-8.17572e-06 -2.80451e-05
-7.64664e-06 -6.91237e-05
-7.16845e-06 -0.000113018
-6.74834e-06 -0.000157726
-6.39066e-06 -0.000200818
-6.10391e-06 -0.000239634
-5.87329e-06 -0.000271223
-5.69089e-06 -0.000292647
-5.55662e-06 -0.000301686
-5.48156e-06 -0.000297776
-5.48479e-06 -0.000282422
-5.57898e-06 -0.000258671
-5.77061e-06 -0.000229944
-6.0641e-06 -0.000198942
-6.45792e-06 -0.00016724
-6.94031e-06 -0.000135366
-7.48849e-06 -0.000102936
-8.07373e-06 -6.87301e-05
-8.66947e-06 -3.0877e-05
-9.25382e-06 1.25319e-05
-9.80641e-06 6.24019e-05
-1.03229e-05 0.00011758
-1.07988e-05 0.000175061
-1.1237e-05 0.000230661
-1.16415e-05 0.000280218
-1.20368e-05 0.000320465
-1.23996e-05 0.000349192
-1.27095e-05 0.000365513
-1.29445e-05 0.000369844
-1.30894e-05 0.000363821
-1.31335e-05 0.00034995
-1.3063e-05 0.000330965
-1.28642e-05 0.000309081
-1.25379e-05 0.000285326
-1.21e-05 0.000259308
-1.15725e-05 0.000229545
-1.09791e-05 0.000194138
-1.0345e-05 0.000151468
-9.69675e-06 0.00010072
-9.05477e-06 4.22277e-05
-8.42965e-06 -2.23671e-05
-7.81426e-06 -9.01141e-05
-7.22838e-06 -0.000156734
-6.66834e-06 -0.000217635
-6.13815e-06 -0.000268641
-5.65155e-06 -0.00030696
-5.23108e-06 -0.000331377
-4.88943e-06 -0.000341871
-4.65798e-06 -0.000339171
-4.56545e-06 -0.000324421
-4.64075e-06 -0.000299161
-4.90472e-06 -0.000265184
-5.35821e-06 -0.000224407
-5.98571e-06 -0.000178491
-6.76021e-06 -0.000128534
-7.64648e-06 -7.51003e-05
-8.599e-06 -1.853e-05
-9.56534e-06 4.07693e-05
-1.0489e-05 0.000102024
-1.13387e-05 0.000163636
-1.2077e-05 0.000223358
-1.26786e-05 0.000278424
-1.31292e-05 0.000326041
-1.34263e-05 0.000363741
-1.35963e-05 0.000389679
-1.3628e-05 0.000402562
-1.35222e-05 0.000401901
-1.33018e-05 0.00038811
-1.29868e-05 0.000362576
-1.25903e-05 0.000327621
-1.21227e-05 0.000286073
-1.15943e-05 0.000240648
-1.10232e-05 0.000193412
-1.0429e-05 0.000145495
-9.82531e-06 9.71323e-05
-9.22576e-06 4.80224e-05
-8.6459e-06 -2.1633e-06
-8.08791e-06 -5.33512e-05
-7.57611e-06 -0.000104563
-7.10833e-06 -0.000154395
-6.68366e-06 -0.000200974
-6.30318e-06 -0.000242161
-5.96906e-06 -0.000275736
-5.68621e-06 -0.000299683
-5.46451e-06 -0.000312659
-5.31741e-06 -0.00031442
-5.25995e-06 -0.000305876
-5.30568e-06 -0.000288676
-5.46514e-06 -0.00026459
-5.7444e-06 -0.00023505
-6.14197e-06 -0.000200996
-6.64738e-06 -0.000162972
-7.24208e-06 -0.000121292
-7.90143e-06 -7.62049e-05
-8.59791e-06 -2.80303e-05
-9.30281e-06 2.26949e-05
-9.98267e-06 7.51036e-05
-1.06233e-05 0.000127658
-1.1201e-05 0.000178502
-1.17026e-05 0.000225356
-1.21178e-05 0.000266046
-1.24409e-05 0.000298884
-1.26697e-05 0.000322873
-1.28048e-05 0.000337617
-1.28476e-05 0.000343124
-1.27998e-05 0.000339735
-1.26647e-05 0.00032815
-1.24476e-05 0.000309344
-1.21553e-05 0.000284327
-1.17958e-05 0.000253955
-1.13781e-05 0.000218929
-1.09134e-05 0.000179883
-1.04133e-05 0.000137389
-9.88955e-06 9.19075e-05
-9.35247e-06 4.38301e-05
-8.81177e-06 -6.30001e-06
-8.26638e-06 -5.74917e-05
-7.7395e-06 -0.000107883
-7.23664e-06 -0.000155235
-6.76671e-06 -0.000197128
-6.34148e-06 -0.000231436
-5.97498e-06 -0.000256687
-5.68453e-06 -0.000272207
-5.48738e-06 -0.000278201
-5.39787e-06 -0.000275703
-5.42627e-06 -0.000266358
-5.57589e-06 -0.000251936
-5.84209e-06 -0.000233684
-6.21215e-06 -0.000211935
-6.66631e-06 -0.000186345
-7.17975e-06 -0.000156535
-7.7244e-06 -0.000122561
-8.27247e-06 -8.48419e-05
-8.80126e-06 -4.36816e-05
-9.29745e-06 1.06929e-06
-9.75315e-06 4.98144e-05
-1.01759e-05 0.000102421
-1.05758e-05 0.000157657
-1.09639e-05 0.000212887
-1.1351e-05 0.000264745
-1.17442e-05 0.000310291
-1.21449e-05 0.000347801
-1.25475e-05 0.000376659
-1.29365e-05 0.000396654
-1.32881e-05 0.000407586
-1.35703e-05 0.000409416
-1.37469e-05 0.000402792
-1.37948e-05 0.000389322
-1.36987e-05 0.000371102
-1.34534e-05 0.000349804
-1.30655e-05 0.000325818
-1.25541e-05 0.000298128
-1.1946e-05 0.00026493
-1.12727e-05 0.000224529
-1.05672e-05 0.000176113
-9.85884e-06 0.00012016
-9.17065e-06 5.84217e-05
-8.51852e-06 -6.48637e-06
-7.89695e-06 -7.17337e-05
-7.32954e-06 -0.00013449
-6.80641e-06 -0.000192731
-6.32388e-06 -0.000244966
-5.87939e-06 -0.000290241
-5.47638e-06 -0.00032778
-5.13254e-06 -0.000356311
-4.85641e-06 -0.000373394
-4.65884e-06 -0.000376219
-4.57062e-06 -0.00036347
-4.61945e-06 -0.000336526
-4.82294e-06 -0.000299209
-5.18812e-06 -0.000256121
-5.71107e-06 -0.000210798
-6.37809e-06 -0.000164738
-7.1649e-06 -0.000117525
-8.03343e-06 -6.76711e-05
-8.93835e-06 -1.3599e-05
-9.83424e-06 4.5605e-05
-1.06743e-05 0.000109864
-1.14432e-05 0.000177741
-1.21176e-05 0.000246657
-1.26905e-05 0.000312765
-1.31635e-05 0.00037142
-1.35462e-05 0.000417976
-1.38541e-05 0.000448617
-1.40532e-05 0.000460805
-1.41252e-05 0.000453726
-1.40633e-05 0.000428194
-1.38549e-05 0.000386575
-1.34859e-05 0.000332713
-1.29451e-05 0.000271423
-1.22334e-05 0.000207513
-1.13764e-05 0.000144503
-1.04131e-05 8.35849e-05
-9.38524e-06 2.35419e-05
-8.32816e-06 -3.8303e-05
-7.30534e-06 -0.000103922
-6.36627e-06 -0.000174003
-5.54069e-06 -0.000247021
-4.84371e-06 -0.000319819
-4.2893e-06 -0.000388261
-3.90161e-06 -0.00044767
-3.64008e-06 -0.000492837
-3.48041e-06 -0.000519005
-3.41003e-06 -0.000522855
-3.45644e-06 -0.000503432
-3.64964e-06 -0.000462173
-4.0093e-06 -0.000402484
-4.54391e-06 -0.000329021
-5.26406e-06 -0.000247021
-6.17362e-06 -0.000161652
-7.25362e-06 -7.72618e-05
-8.45989e-06 3.30894e-06
-9.7152e-06 7.91228e-05
-1.0985e-05 0.000150262
-1.21923e-05 0.000217839
-1.32691e-05 0.000282585
-1.41568e-05 0.00034447
-1.4821e-05 0.000402231
-1.52534e-05 0.000453178
-1.54935e-05 0.000493899
-1.55091e-05 0.000520441
-1.53137e-05 0.000529727
-1.49526e-05 0.000519878
-1.44709e-05 0.00049049
-1.3896e-05 0.000442843
-1.32429e-05 0.000379936
-1.25218e-05 0.000306119
-1.17462e-05 0.00022637
-1.09288e-05 0.000145615
-1.0081e-05 6.82229e-05
-9.22144e-06 -2.45414e-06
-8.35404e-06 -6.46279e-05
-7.55243e-06 -0.000117654
-6.83608e-06 -0.00016283
-6.22853e-06 -0.000202337
-5.74859e-06 -0.000238517
-5.41125e-06 -0.000272882
-5.2166e-06 -0.000305298
-5.14849e-06 -0.000333657
-5.18781e-06 -0.000354272
-5.31462e-06 -0.000363041
-5.51188e-06 -0.000356714
-5.7671e-06 -0.000333939
-6.07257e-06 -0.00029559
-6.4329e-06 -0.00024446
-6.85925e-06 -0.000184591
-7.36154e-06 -0.000120582
-7.94443e-06 -5.69151e-05
-8.60526e-06 2.73767e-06
-9.31734e-06 5.62098e-05
-1.00693e-05 0.000102681
-1.08186e-05 0.000143263
-1.15239e-05 0.000179827
-1.21464e-05 0.000214354
-1.26552e-05 0.000248102
-1.30292e-05 0.000281141
-1.32622e-05 0.000312341
-1.33613e-05 0.000339685
-1.33434e-05 0.00036072
-1.32314e-05 0.000372952
-1.30492e-05 0.000374261
-1.28178e-05 0.000363369
-1.25514e-05 0.000340214
-1.22563e-05 0.000306011
-1.19312e-05 0.000262908
-1.1569e-05 0.000213412
-1.11599e-05 0.000159975
-1.06948e-05 0.000104964
-1.01707e-05 5.07609e-05
-9.5942e-06 -3.25295e-07
-8.96605e-06 -4.648e-05
-8.32847e-06 -8.6439e-05
-7.71347e-06 -0.000120459
-7.15383e-06 -0.000149935
-6.66876e-06 -0.000176972
-6.28138e-06 -0.000203573
-6.0044e-06 -0.000230957
-5.84176e-06 -0.000258849
-5.78307e-06 -0.000285332
-5.80325e-06 -0.000307252
-5.88294e-06 -0.000321051
-6.00524e-06 -0.00032364
-6.15597e-06 -0.000313118
-6.32946e-06 -0.000289234
-6.53065e-06 -0.000253549
-6.77449e-06 -0.000209204
-7.07696e-06 -0.000160309
-7.44892e-06 -0.000111053
-7.89559e-06 -6.47209e-05
-8.41452e-06 -2.28735e-05
-8.99205e-06 1.49007e-05
-9.59604e-06 5.05463e-05
-1.02084e-05 8.61125e-05
-1.07986e-05 0.000123142
-1.13376e-05 0.000161809
-1.1804e-05 0.000200869
-1.21824e-05 0.00023803
-1.24656e-05 0.000270467
-1.26539e-05 0.000295441
-1.27507e-05 0.00031075
-1.27585e-05 0.000314912
-1.26788e-05 0.000307229
-1.25122e-05 0.000287768
-1.22569e-05 0.000257284
-1.19103e-05 0.000217136
-1.14704e-05 0.000169288
-1.09405e-05 0.000116352
-1.03303e-05 6.14076e-05
-9.65805e-06 7.47451e-06
-8.93693e-06 -4.32797e-05
-8.21002e-06 -8.95548e-05
-7.51111e-06 -0.000131509
-6.87226e-06 -0.000169743
-6.32368e-06 -0.00020469
-5.88977e-06 -0.000236111
-5.58921e-06 -0.00026294
-5.43001e-06 -0.000283521
-5.40951e-06 -0.000296093
-5.51631e-06 -0.000299266
-5.73384e-06 -0.000292329
-6.04342e-06 -0.000275252
-6.4263e-06 -0.000248464
-6.86638e-06 -0.00021258
-7.35222e-06 -0.000168333
-7.87664e-06 -0.000116758
-8.43476e-06 -5.94209e-05
-9.02412e-06 1.66567e-06
-9.63051e-06 6.45727e-05
-1.02658e-05 0.000127498
-1.09183e-05 0.000189606
-1.15809e-05 0.000249886
-1.22408e-05 0.000307033
-1.28814e-05 0.000359295
-1.34818e-05 0.000404568
-1.4018e-05 0.000440843
-1.44645e-05 0.000466584
-1.47945e-05 0.000481144
-1.49854e-05 0.000484716
-1.50205e-05 0.000477923
-1.48897e-05 0.000461404
-1.45915e-05 0.000435828
-1.41349e-05 0.000402172
-1.35403e-05 0.000361787
-1.2837e-05 0.000316016
-1.20593e-05 0.00026565
-1.12428e-05 0.000210797
-1.04212e-05 0.000151325
-9.62418e-06 8.75839e-05
-8.87617e-06 2.09681e-05
-8.17745e-06 -4.61933e-05
-7.56225e-06 -0.000110597
-7.03235e-06 -0.000169329
-6.58153e-06 -0.00021983
-6.20651e-06 -0.000260091
-5.90942e-06 -0.000288841
-5.69261e-06 -0.000305616
-5.563e-06 -0.000310832
-5.52885e-06 -0.000305677
-5.59716e-06 -0.000291687
-5.77373e-06 -0.000270136
-6.06067e-06 -0.000241724
-6.45565e-06 -0.00020689
-6.94948e-06 -0.000166514
-7.52445e-06 -0.000122428
-8.15565e-06 -7.72422e-05
-8.81361e-06 -3.34107e-05
-9.46809e-06 7.94123e-06
-1.00824e-05 4.75417e-05
-1.06422e-05 8.70718e-05
-1.11308e-05 0.00012826
-1.15386e-05 0.000171633
-1.18655e-05 0.000216257
-1.21201e-05 0.000259995
-1.23179e-05 0.000299877
-1.24763e-05 0.000332397
-1.26078e-05 0.000354032
-1.2715e-05 0.000361999
-1.279e-05 0.000355023
-1.28162e-05 0.000334002
-1.27711e-05 0.000302204
-1.26317e-05 0.0002648
-1.23827e-05 0.00022767
-1.20227e-05 0.00019578
-1.15665e-05 0.000171734
-1.1043e-05 0.000155163
-1.04923e-05 0.000143137
-9.95954e-06 0.000131204
-9.4863e-06 0.000114549
-9.10076e-06 8.91348e-05
-8.81167e-06 5.26918e-05
-8.60847e-06 5.33733e-06
-8.44727e-06 -5.03127e-05
-8.31201e-06 -0.000108899
-8.15675e-06 -0.000163647
-7.94837e-06 -0.000207258
-7.67547e-06 -0.000233534
-7.35197e-06 -0.000238847
-7.01554e-06 -0.000223189
-6.72257e-06 -0.000190583
-6.53246e-06 -0.0001485
-6.49845e-06 -0.00010601
-6.65745e-06 -7.11614e-05
-7.01663e-06 -4.8806e-05
-7.55349e-06 -3.94965e-05
-8.21793e-06 -3.93892e-05
-8.94004e-06 -4.13336e-05
-9.64517e-06 -3.70511e-05
-1.02674e-05 -1.95549e-05
-1.07625e-05 1.52576e-05
-1.111e-05 6.81396e-05
-1.13405e-05 0.000136183
-1.14962e-05 0.000213585
-1.16372e-05 0.000291893
-1.18195e-05 0.000361528
-1.20827e-05 0.000413919
-1.24413e-05 0.000443749
-1.28809e-05 0.000450302
-1.336e-05 0.000437468
-1.38157e-05 0.000412528
-1.41792e-05 0.000384162
-1.43906e-05 0.000360264
-1.44096e-05 0.00034612
-1.42242e-05 0.000343311
-1.38528e-05 0.000349345
-1.33395e-05 0.000358086
-1.27426e-05 0.00036113
-1.21207e-05 0.000350004
-1.15221e-05 0.000318696
-1.09768e-05 0.000265688
-1.04932e-05 0.000194638
-1.00591e-05 0.000113306
-9.64935e-06 3.1349e-05
-9.22248e-06 -4.21136e-05
-8.77424e-06 -9.93665e-05
-8.30248e-06 -0.000135908
-7.82457e-06 -0.000150348
-7.38113e-06 -0.000144919
-7.02312e-06 -0.000125397
-6.80056e-06 -0.00010017
-6.75046e-06 -7.85446e-05
-6.88449e-06 -6.87102e-05
-7.18112e-06 -7.56362e-05
-7.58828e-06 -9.94237e-05
-8.03441e-06 -0.000134939
-8.44177e-06 -0.000173262
-8.73498e-06 -0.000204489
-8.86001e-06 -0.000220656
-8.79437e-06 -0.000217858
-8.55285e-06 -0.000197135
-8.18318e-06 -0.000164054
-7.75593e-06 -0.000127064
-7.35044e-06 -9.5171e-05
-7.0392e-06 -7.57302e-05
-6.87298e-06 -7.2931e-05
-6.87092e-06 -8.69974e-05
-7.01934e-06 -0.000114091
-7.27797e-06 -0.000146995
-7.59139e-06 -0.000176624
-7.90417e-06 -0.00019407
-8.17267e-06 -0.000192723
-8.37497e-06 -0.000169927
-8.51362e-06 -0.000127861
-8.61192e-06 -7.32965e-05
-8.70571e-06 -1.60982e-05
-8.82968e-06 3.32179e-05
-8.99743e-06 6.6122e-05
-9.22845e-06 7.74772e-05
-9.49539e-06 6.67531e-05
-9.7575e-06 3.73866e-05
-9.95943e-06 -3.60549e-06
-1.00423e-05 -4.67727e-05
-9.97147e-06 -8.2064e-05
-9.73471e-06 -0.000101521
-9.35024e-06 -0.000101553
-8.86464e-06 -8.45216e-05
-8.34429e-06 -5.83801e-05
-7.86256e-06 -3.40245e-05
-7.48564e-06 -2.14737e-05
-7.25897e-06 -2.67609e-05
-7.1993e-06 -5.04462e-05
-7.29267e-06 -8.76129e-05
-7.49887e-06 -0.000129148
-7.76309e-06 -0.000163974
-8.03117e-06 -0.000181728
-8.26553e-06 -0.000175393
-8.45277e-06 -0.000143276
-8.60422e-06 -8.95329e-05
-8.75224e-06 -2.28199e-05
-8.93577e-06 4.63273e-05
-9.19858e-06 0.000107912
-9.56488e-06 0.000154731
-1.00331e-05 0.000183135
-1.05742e-05 0.000193493
-1.11377e-05 0.000190056
-1.16631e-05 0.000180056
-1.20924e-05 0.000172016
-1.23825e-05 0.000173642
-1.25145e-05 0.000189781
-1.24989e-05 0.000220968
-1.23708e-05 0.000263064
-1.21824e-05 0.000308306
-1.19913e-05 0.000347463
-1.18488e-05 0.000372378
-1.17888e-05 0.000377958
-1.18206e-05 0.000363174
-1.19258e-05 0.000331245
-1.20647e-05 0.000289086
-1.21872e-05 0.000245757
-1.22454e-05 0.000210215
-1.22052e-05 0.000189045
-1.2054e-05 0.000184738
-1.18038e-05 0.000194959
-1.1487e-05 0.000213105
-1.11474e-05 0.00023004
-1.08282e-05 0.000236631
-1.05613e-05 0.000226282
-1.03592e-05 0.000196592
-1.0212e-05 0.000149746
-1.00908e-05 9.1779e-05
-9.95618e-06 3.10364e-05
-9.76995e-06 -2.37998e-05
-9.48824e-06 -6.57692e-05
-9.1342e-06 -9.07339e-05
-8.71616e-06 -9.87063e-05
-8.27132e-06 -9.30903e-05
-7.85096e-06 -7.96739e-05
-7.50896e-06 -6.51346e-05
-7.29122e-06 -5.54559e-05
-7.22577e-06 -5.45482e-05
-7.31439e-06 -6.33188e-05
-7.53579e-06 -7.95729e-05
-7.85038e-06 -9.87926e-05
-8.20792e-06 -0.000115426
-8.55515e-06 -0.000124219
-8.84712e-06 -0.00012135
-9.05809e-06 -0.000105212
-9.18269e-06 -7.68474e-05
-9.23501e-06 -3.97875e-05
-9.24476e-06 7.24538e-07
-9.24661e-06 3.87926e-05
-9.2695e-06 6.90174e-05
-9.346e-06 8.71391e-05
-9.47654e-06 9.10387e-05
-9.64773e-06 8.08123e-05
-9.82872e-06 5.90188e-05
-9.97944e-06 3.03895e-05
-1.0059e-05 9.774e-07
-1.00362e-05 -2.31505e-05
-9.89741e-06 -3.72564e-05
-9.65103e-06 -3.9031e-05
-9.3275e-06 -2.92887e-05
-8.97333e-06 -1.18477e-05
-8.64252e-06 7.69885e-06
-8.38731e-06 2.39562e-05
-8.24967e-06 3.33905e-05
-8.25378e-06 3.4966e-05
-8.40117e-06 2.99869e-05
-8.67107e-06 2.16666e-05
-9.02681e-06 1.45144e-05
-9.42513e-06 1.34526e-05
-9.82526e-06 2.27578e-05
-1.01963e-05 4.5068e-05
-1.05198e-05 8.0687e-05
-1.08025e-05 0.000127156
-1.10545e-05 0.000179359
-1.12926e-05 0.000229949
-1.15291e-05 0.000270601
-1.17653e-05 0.000293912
-1.19875e-05 0.000295382
-1.21678e-05 0.000274804
-1.22663e-05 0.000236496
-1.22405e-05 0.000188089
-1.20551e-05 0.000138278
-1.1691e-05 9.44536e-05
-1.11523e-05 6.07878e-05
-1.04683e-05 3.7254e-05
-9.68999e-06 2.01311e-05
-8.88258e-06 3.6402e-06
-8.11458e-06 -1.81683e-05
-7.43146e-06 -5.00391e-05
-6.89332e-06 -9.42322e-05
-6.50295e-06 -0.000150606
-6.23908e-06 -0.000216512
-6.05921e-06 -0.000287456
-5.91017e-06 -0.000357806
-5.73716e-06 -0.000421421
-5.49983e-06 -0.000472362
-5.18212e-06 -0.000505861
-4.79668e-06 -0.000519482
-4.36802e-06 -0.00051389
-3.95611e-06 -0.000493242
-3.62495e-06 -0.000464027
-3.43401e-06 -0.000433038
-3.43083e-06 -0.000405075
-3.64287e-06 -0.000381513
-4.07455e-06 -0.000360138
-4.70878e-06 -0.000336056
-5.50719e-06 -0.000303333
-6.41851e-06 -0.000256821
-7.39187e-06 -0.000193634
-8.38423e-06 -0.000114029
-9.36393e-06 -2.17437e-05
-1.02933e-05 7.64886e-05
-1.11842e-05 0.000171534
-1.20106e-05 0.000255398
-1.27616e-05 0.000322291
-1.34185e-05 0.000370011
-1.39579e-05 0.000399691
-1.43554e-05 0.000415072
-1.4592e-05 0.000421374
-1.4659e-05 0.000423883
-1.45612e-05 0.000426824
-1.43227e-05 0.000432794
-1.39858e-05 0.000442421
-1.36041e-05 0.000454061
-1.32323e-05 0.000463922
-1.29155e-05 0.000467015
-1.26834e-05 0.000458679
-1.2545e-05 0.00043602
-1.24858e-05 0.000398882
-1.24708e-05 0.000350009
-1.24514e-05 0.000294297
-1.23753e-05 0.000237432
-1.21956e-05 0.000184434
-1.18792e-05 0.000138339
-1.14117e-05 9.92816e-05
-1.08003e-05 6.44206e-05
-1.00706e-05 2.89908e-05
-9.26092e-06 -1.18888e-05
-8.39511e-06 -6.17254e-05
-7.55169e-06 -0.000121366
-6.75253e-06 -0.000189985
-6.01535e-06 -0.000265015
-5.34387e-06 -0.000343063
-4.73193e-06 -0.000420622
-4.16644e-06 -0.000494629
-3.66446e-06 -0.000562911
-3.2131e-06 -0.000623647
-2.78099e-06 -0.000675314
-2.35757e-06 -0.00071676
-1.95087e-06 -0.000747318
-1.58367e-06 -0.000766609
-1.28555e-06 -0.000774126
-1.09001e-06 -0.000769215
-1.03047e-06 -0.000751286
-1.1402e-06 -0.000720166
-1.44471e-06 -0.000676539
-1.95409e-06 -0.000622114
-2.66173e-06 -0.000559358
-3.5483e-06 -0.000490825
-4.58425e-06 -0.000418432
-5.72557e-06 -0.00034308
-6.91839e-06 -0.000264739
-8.10949e-06 -0.000182978
-9.25252e-06 -9.76838e-05
-1.03116e-05 -9.66653e-06
-1.12136e-05 7.92812e-05
-1.20212e-05 0.0001651
-1.27034e-05 0.000244221
-1.32619e-05 0.000312966
-1.37011e-05 0.000369089
-1.40328e-05 0.000412635
-1.42752e-05 0.000446161
-1.44538e-05 0.000474008
-1.45893e-05 0.000500906
-1.47014e-05 0.000530305
-1.48486e-05 0.000563498
-1.50382e-05 0.000599103
-1.52779e-05 0.000634376
-1.55697e-05 0.000666405
-1.59139e-05 0.000693074
-1.6303e-05 0.000713264
-1.67158e-05 0.000726765
-1.71145e-05 0.000734173
-1.74606e-05 0.000736753
-1.77255e-05 0.000736097
-1.78856e-05 0.000733694
-1.79193e-05 0.000730196
-1.78171e-05 0.000724655
-1.75819e-05 0.000713907
-1.72213e-05 0.00069254
-1.67379e-05 0.000653737
-1.61254e-05 0.000590727
-1.53715e-05 0.000498438
-1.44537e-05 0.000375191
-1.33398e-05 0.000223754
-1.19985e-05 5.10311e-05
-1.03589e-05 -0.000134016
-8.52235e-06 -0.000320931
-6.46409e-06 -0.000502234
-4.22998e-06 -0.000672838
-1.96965e-06 -0.000830539
1.59847e-07 -0.00097468
2.12774e-06 -0.00110494
3.84391e-06 -0.00122159
5.23782e-06 -0.00132491
6.399e-06 -0.00141614
7.99588e-06 -0.00150039
8.88242e-06 -0.00155789
8.87584e-06 -0.00157702
8.17811e-06 -0.00155052
6.9884e-06 -0.00147326
5.348e-06 -0.00134214
3.29253e-06 -0.00115913
8.3061e-07 -0.000930746
-2.01514e-06 -0.000666481
-5.20391e-06 -0.000377669
-8.68979e-06 -7.6353e-05
-1.17412e-05 0.000224571
-1.51644e-05 0.00051479
-1.87814e-05 0.00079039
-2.2759e-05 0.00104791
-2.67179e-05 0.0012844
-3.03914e-05 0.00149814
-3.20912e-05 0.00170383
-3.15789e-05 0.00189797
-2.95777e-05 0.00206603
-2.70604e-05 0.00219259
-2.51673e-05 0.00226146
-2.45571e-05 0.00226198
-2.3907e-05 0.0022061
-2.30929e-05 0.0020935
-2.21666e-05 0.00192684
-2.12153e-05 0.00171268
-2.02714e-05 0.00146054
-1.93039e-05 0.00118068
-1.82637e-05 0.000882973
-1.71721e-05 0.000576315
-1.60834e-05 0.000268974
-1.3404e-05 -3.53332e-05
-9.89605e-06 -0.00030913
-6.58506e-06 -0.000567067
-3.65686e-06 -0.000803919
-1.13067e-06 -0.00101627
1.13305e-06 -0.00120099
3.12846e-06 -0.00135588
4.62188e-06 -0.00147963
7.27088e-06 -0.00159179
9.45987e-06 -0.00167529
1.10774e-05 -0.00172787
1.12353e-05 -0.00174226
1.05352e-05 -0.00172396
9.41882e-06 -0.00167343
7.99137e-06 -0.00158661
6.17293e-06 -0.0014602
3.90769e-06 -0.00129264
1.22892e-06 -0.00108408
-1.81233e-06 -0.00083714
-5.23649e-06 -0.000558035
-9.09153e-06 -0.000257234
-1.25981e-05 5.7393e-05
-1.37484e-05 0.000369103
-1.51189e-05 0.000666062
-1.68108e-05 0.000942382
-1.87349e-05 0.00119593
-2.06341e-05 0.00142835
-2.22727e-05 0.00164306
-2.35663e-05 0.00184318
-2.45058e-05 0.0020292
-2.50135e-05 0.00219742
-2.14632e-05 0.00237964
-1.55571e-05 0.00254775
-1.01533e-05 0.00266456
-7.85341e-06 0.00269929
-7.56542e-06 0.00265441
-7.88126e-06 0.00253651
-8.6883e-06 0.00234625
-1.0022e-05 0.00209225
-1.18006e-05 0.00178894
-1.37327e-05 0.00145258
-1.54767e-05 0.0010983
-1.68957e-05 0.000737292
-1.80618e-05 0.00037676
-1.70569e-05 1.32778e-05
-1.16575e-05 -0.000309038
-6.2526e-06 -0.000623505
-1.2233e-06 -0.000926614
3.37285e-06 -0.00121696
7.62736e-06 -0.00149183
1.27499e-05 -0.00175722
2.75444e-05 -0.0021002
4.40692e-05 -0.00240584
5.85863e-05 -0.00264054
6.73591e-05 -0.00276457
6.70887e-05 -0.00275328
6.36915e-05 -0.00264661
5.7946e-05 -0.00244886
5.00937e-05 -0.0021722
4.01641e-05 -0.00183384
2.84252e-05 -0.00145124
1.5514e-05 -0.00103977
2.01992e-06 -0.000609682
-1.20086e-05 -0.000165246
-1.64246e-05 0.000280137
-1.5817e-05 0.000710051
-1.47877e-05 0.0011448
-1.3798e-05 0.00157553
-1.2889e-05 0.00198875
-1.18319e-05 0.00236885
-9.4498e-06 0.00270893
7.34935e-06 0.00311154
2.51538e-05 0.00344779
3.87024e-05 0.00368237
4.66358e-05 0.00380715
4.64009e-05 0.00379555
4.37466e-05 0.00367551
3.93623e-05 0.00344025
3.25219e-05 0.00308949
2.31632e-05 0.00263351
1.19994e-05 0.00209092
-6.05651e-08 0.00148271
-1.24205e-05 0.000828711
-2.31027e-05 0.000124698
-6.19488e-06 -0.000553935
1.54029e-05 -0.00123221
3.66118e-05 -0.00188947
5.6049e-05 -0.00250901
0.000104351 -0.00330924
0.000191775 -0.00428609
0.000299638 -0.00529827
0.000412281 -0.00628111
0.000516509 -0.00716851
0.000607264 -0.00793644
0.000689939 -0.00858824
0.000761424 -0.00912451
0.000784022 -0.00932185
0.000766864 -0.00918559
0.00072698 -0.00876967
0.00066416 -0.00805046
0.00057496 -0.00701885
0.000461799 -0.00572264
0.00033283 -0.00425376
0.000199715 -0.00272434
7.08206e-05 -0.00119219
-1.44585e-05 0.000214123
4.58087e-07 0.00105156
1.9745e-05 0.0018036
3.37017e-05 0.00245969
4.09454e-05 0.003033
4.66545e-05 0.00355499
9.61901e-05 0.0043061
0.000160921 0.00504719
0.000231619 0.00577884
0.000290517 0.00640372
0.000349502 0.00699019
0.000420445 0.00760049
0.000488882 0.00814186
0.000537906 0.00850276
0.00054621 0.00852411
0.000527771 0.00823086
0.00048182 0.00756699
0.000408784 0.00654155
0.000311914 0.00522168
0.000202565 0.00374195
9.34961e-05 0.00225261
2.13526e-06 0.000839973
-1.11983e-05 -0.000373894
8.02991e-05 -0.00145011
0.000180631 -0.00243291
0.000267871 -0.00328538
0.00034002 -0.00403353
0.000404121 -0.00472097
0.000470158 -0.00537947
0.000535018 -0.00600651
0.000585758 -0.00655971
0.00062492 -0.00704188
0.00065955 -0.00746439
0.000688567 -0.00780488
0.000703691 -0.00800584
0.000697719 -0.00800238
0.000670297 -0.00775075
0.000620801 -0.00721778
0.000546265 -0.0063936
0.000447896 -0.0053159
0.000333869 -0.00407124
0.000215253 -0.00277076
0.000101689 -0.00150795
4.00208e-06 -0.000290314
1.30195e-05 0.000729841
6.71536e-05 0.00153905
0.000120876 0.00228897
0.000163159 0.00296634
0.000197962 0.00360933
0.000237256 0.00426493
0.000286159 0.00494369
0.000333477 0.00560074
0.000373446 0.00620561
0.000410686 0.00675001
0.000446828 0.00721036
0.000475177 0.00753994
0.000487392 0.0076871
0.000481973 0.00762094
0.000461371 0.00733077
0.000424688 0.00681038
0.000370501 0.00607377
0.000303379 0.00517344
0.000231268 0.00418901
0.000161063 0.00319928
9.61715e-05 0.00226349
4.02308e-05 0.00141118
-2.8475e-06 0.000626542
-1.49358e-05 -7.9713e-05
3.73041e-05 -0.000795176
0.000112331 -0.00154121
0.000189751 -0.00231502
0.000261562 -0.00309698
0.000329412 -0.00387575
0.000397413 -0.00463726
0.00046169 -0.005335
0.000511273 -0.00590177
0.000542358 -0.00629445
0.000557927 -0.00649495
0.000557951 -0.00648689
0.000538822 -0.00626133
0.000499374 -0.00582961
0.000444621 -0.0052333
0.000381398 -0.00452973
0.000313148 -0.00377175
0.000241939 -0.00300485
0.000171697 -0.00226929
0.000106577 -0.00159149
4.85353e-05 -0.000954482
-1.90393e-06 -0.000348628
-1.9593e-05 0.00021837
4.59189e-06 0.000737547
4.24878e-05 0.00129469
8.06693e-05 0.00186134
0.000116741 0.00241386
0.000151491 0.00292733
0.00018506 0.00337474
0.000211986 0.00371515
0.000226333 0.00391293
0.000228985 0.00395826
0.000222269 0.00385483
0.000205764 0.00360753
0.000178399 0.00322703
0.00014206 0.00273897
0.000101493 0.00218185
6.05915e-05 0.00159218
2.0515e-05 0.000997411
-1.32382e-05 0.00038678
-1.28106e-05 -0.000211804
3.2744e-05 -0.000794911
9.12736e-05 -0.00138825
0.00014804 -0.00196782
0.000199045 -0.00252187
0.000247404 -0.00306146
0.000297136 -0.00359066
0.000345479 -0.00409196
0.000384952 -0.00452879
0.00041478 -0.00488101
0.000436612 -0.00513191
0.000448723 -0.0052571
0.000446621 -0.00522837
0.000427702 -0.00503015
0.000393929 -0.00466763
0.000347886 -0.00415815
0.000290283 -0.00352254
0.000222256 -0.0027873
0.000147258 -0.0019838
6.89774e-05 -0.00113768
-2.99599e-06 -0.000218912
6.46e-06 0.000650632
5.99701e-05 0.0014565
0.000119949 0.00228915
0.000173539 0.00309714
0.000221096 0.0038786
0.000269906 0.00464499
0.000323011 0.00539044
0.000371447 0.00607091
0.000409366 0.0066544
0.000440311 0.00713239
0.000466324 0.00749159
0.000483473 0.00770663
0.000486588 0.00775292
0.000475894 0.00762623
0.000455066 0.00733717
0.000424498 0.00689271
0.000382569 0.00629965
0.000330775 0.00557691
0.000272381 0.00475162
0.000209831 0.00384716
0.000143276 0.00287972
7.36242e-05 0.00186738
7.48396e-06 0.000785917
-4.5619e-06 -0.000336943
9.21869e-05 -0.00147687
0.00021005 -0.00265627
0.000319576 -0.00377117
0.00041019 -0.00477703
0.000487731 -0.00566781
0.000562824 -0.0064621
0.000631163 -0.00713462
0.000677297 -0.00763229
0.00070257 -0.00795092
0.000716008 -0.00810953
0.000717831 -0.00810435
0.000702074 -0.00792401
0.000665924 -0.00756794
0.000615778 -0.00706398
0.000557691 -0.00644387
0.000490654 -0.0057236
0.000413268 -0.00491704
0.000328911 -0.0040478
0.000242548 -0.0031409
0.000155925 -0.00220785
6.79476e-05 -0.00123777
-1.08249e-05 -0.000230337
6.27694e-07 0.00067442
6.20991e-05 0.00155343
0.000126922 0.00241259
0.000179358 0.00318858
0.000221447 0.00387219
0.000260676 0.00446695
0.000298869 0.00496786
0.000325972 0.00534008
0.000337932 0.00557009
0.000342208 0.00567599
0.00034266 0.00567236
0.000336312 0.0055616
0.000320152 0.00534741
0.000297567 0.00505345
0.000274065 0.00470826
0.000249556 0.00432056
0.00022087 0.00388571
0.000187409 0.00340025
0.000150667 0.00286041
0.000110338 0.00225504
6.39409e-05 0.0015703
1.35302e-05 0.000775875
-1.17817e-05 -0.000125169
5.61561e-05 -0.00106695
0.000150622 -0.00205372
0.000241402 -0.00299831
0.000315404 -0.00383025
0.000375302 -0.00453078
0.000429876 -0.00511103
0.000478712 -0.005566
0.000510093 -0.00587045
0.000524766 -0.00604013
0.000532604 -0.00611714
0.000536798 -0.00612465
0.000533358 -0.00606451
0.000519208 -0.00593622
0.000498249 -0.00575232
0.000474636 -0.00552088
0.000445778 -0.00522767
0.000407482 -0.00485117
0.000359795 -0.00438137
0.000305273 -0.00381948
0.000244813 -0.00316899
0.000177758 -0.0024381
0.000105244 -0.00165204
3.45075e-05 -0.000835832
-1.59677e-05 -3.10712e-05
5.06334e-06 0.000655177
4.83025e-05 0.00124907
8.44337e-05 0.0017419
0.000107142 0.00210872
0.000119942 0.00236007
0.000129137 0.00252241
0.000136431 0.00261497
0.000136912 0.00263958
0.000132233 0.0026155
0.000128223 0.00257003
0.000126169 0.00251225
0.000123172 0.00243481
0.000116678 0.00232664
0.000107823 0.00218404
9.7675e-05 0.00200188
8.38243e-05 0.00176641
6.38344e-05 0.00146706
3.87166e-05 0.00110683
1.11472e-05 0.000689647
-1.18405e-05 0.000196188
-4.0916e-10 -0.000341973
4.124e-05 -0.000857239
8.8145e-05 -0.00136583
0.00012968 -0.00182028
0.000161932 -0.00219335
0.000187322 -0.00248514
0.000209224 -0.00270592
0.000226649 -0.00286135
0.000237053 -0.00295968
0.000243463 -0.00302482
0.000249919 -0.00308176
0.000256965 -0.00314195
0.000262693 -0.00320333
0.000266231 -0.00325965
0.000268462 -0.00330331
0.000268776 -0.00331895
0.000264477 -0.00328484
0.000253568 -0.00318317
0.000235915 -0.00300436
0.000211938 -0.00274421
0.000181282 -0.00240142
0.000143576 -0.00198096
0.000100143 -0.00149876
5.38696e-05 -0.000980666
9.68205e-06 -0.000434069
-1.25703e-05 0.000124911
6.87598e-06 0.000605638
3.57659e-05 0.00102027
6.05733e-05 0.00138891
7.90113e-05 0.00170448
9.40248e-05 0.00198009
0.000110057 0.00223594
0.000126683 0.00247694
0.000140327 0.00269362
0.000151803 0.00288481
0.000163095 0.00304704
0.000172693 0.00316179
0.00017701 0.00320377
0.000174004 0.00315544
0.000164388 0.00301162
0.000148582 0.00277074
0.000125481 0.0024316
9.48811e-05 0.00200027
5.89165e-05 0.00149317
2.03946e-05 0.000932038
-1.37506e-05 0.000298598
-2.00207e-06 -0.000379192
5.46676e-05 -0.00104795
0.000121418 -0.0017381
0.000184032 -0.00239523
0.000238431 -0.00299729
0.000288279 -0.00355476
0.000339135 -0.00408163
0.000387862 -0.00456982
0.000427989 -0.00500069
0.000461015 -0.00537463
0.000490231 -0.00569181
0.000514366 -0.00593816
0.000528763 -0.0060898
0.000531165 -0.00613125
0.00052369 -0.00606279
0.000507579 -0.00588644
0.000481189 -0.00559888
0.000443443 -0.00520013
0.000395773 -0.00469856
0.00034037 -0.00410599
0.000277809 -0.00343182
0.000208021 -0.00268651
0.000133324 -0.00188819
5.71365e-05 -0.00105054
-9.18375e-06 -0.0001705
2.46641e-06 0.000625829
5.23303e-05 0.00135821
0.000104321 0.00207038
0.000146629 0.00271435
0.000181314 0.00329524
0.000215495 0.00382855
0.000251728 0.00432091
0.000282565 0.00475174
0.000305416 0.00511532
0.000325442 0.00542282
0.000344825 0.00567415
0.000360161 0.00585348
0.000366886 0.00594214
0.000365745 0.00593608
0.000359663 0.00584091
0.000347857 0.00565437
0.00032802 0.00537433
0.000300902 0.00501039
0.000269595 0.00458061
0.000235858 0.00410149
0.000199628 0.00358595
0.000161444 0.00304981
0.000123519 0.00251257
8.77038e-05 0.00198967
5.46646e-05 0.00148897
2.44632e-05 0.000989939
-1.73597e-06 0.000507761
-1.29874e-05 1.54569e-05
1.33764e-05 -0.000490739
5.85123e-05 -0.000977505
0.00010515 -0.00146631
0.000145689 -0.00192417
0.000181072 -0.0023426
0.000213444 -0.00271126
0.000241463 -0.00301191
0.000260285 -0.00322054
0.000268583 -0.00332866
0.000269359 -0.00334312
0.000264122 -0.00327375
0.000251996 -0.00312808
0.000232998 -0.00292013
0.000210067 -0.00267521
0.000186795 -0.00242099
0.000164303 -0.00217501
0.000142114 -0.00194388
0.000120479 -0.00172789
9.97716e-05 -0.00152092
7.91457e-05 -0.00130936
5.71779e-05 -0.00107678
3.27052e-05 -0.000811164
7.56958e-06 -0.000499715
-1.36754e-05 -0.000138559
-1.51442e-05 0.000247282
5.67825e-06 0.000629504
3.22365e-05 0.000997173
5.58689e-05 0.00132924
7.42284e-05 0.0016015
8.75347e-05 0.00180699
9.70614e-05 0.00194953
0.000102179 0.0020335
0.000102688 0.00206866
0.000100891 0.00207321
9.89964e-05 0.00206297
9.73593e-05 0.0020454
9.53591e-05 0.002021
9.28529e-05 0.00198711
8.99707e-05 0.00193709
8.56328e-05 0.00185704
7.78255e-05 0.00172886
6.51656e-05 0.00153769
4.76465e-05 0.00127608
2.50692e-05 0.000942095
-4.89811e-07 0.000534912
-1.5991e-05 3.21658e-05
8.93113e-06 -0.000503812
5.68887e-05 -0.00104415
0.000107963 -0.00157983
0.000151894 -0.00205474
0.000186729 -0.0024497
0.000216176 -0.0027704
0.000242871 -0.00302429
0.000262663 -0.00320676
0.000273525 -0.0033189
0.000278542 -0.00337257
0.000279702 -0.00337304
0.000275218 -0.00331257
0.000262038 -0.00317659
0.000239863 -0.00295766
0.000210425 -0.00265601
0.00017408 -0.00227238
0.000130428 -0.00181131
8.03999e-05 -0.00128774
2.84738e-05 -0.000718861
-1.35811e-05 -0.000102577
-6.08312e-06 0.000483231
3.07364e-05 0.00103759
7.04794e-05 0.00159393
0.000105258 0.00211411
0.000135209 0.00258775
0.00016375 0.00301508
0.000191486 0.00339285
0.000213612 0.00370518
