-20712.2 1110.21
-20699.5 1035.93
-20673 931.002
-20636.7 850.736
-20596.2 817.662
-20552.3 823.859
-20504.8 851.987
-20458 884.636
-20421.6 911.44
-20403.7 930.909
-20407.1 947.435
-20432.9 966.216
-20480.8 989.544
-20546.9 1016.56
-20623.6 1046.1
-20702.5 1080.17
-20778.4 1125.3
-20848.4 1190.23
-20911.4 1281.21
-20967.1 1396.95
-21017.1 1526.73
-21064.3 1652.81
-21110.3 1756.33
-21155.3 1823.94
-21198.3 1852.12
-21237.5 1847.36
-21270.2 1822.29
-21292.2 1790.07
-21299.2 1759.51
-21288.2 1733.03
-21258.1 1707.81
-21209.5 1678.66
-21145.4 1640.98
-21070.2 1592.16
-20989.5 1531.42
-20908.4 1458.9
-20830.6 1374.89
-20758.1 1279.84
-20691.6 1175.48
-20630.8 1066.19
-20574.6 959.775
-20522.6 866.276
-20474.8 795.234
-20432.6 752.562
-20397.9 738.536
-20372.8 748.049
-20360 772.747
-20361.6 804.193
-20379.2 836.65
-20412.8 868.411
-20461.2 901.494
-20521.9 940.157
-20591.3 988.938
-20665.6 1050.96
-20740.8 1127.1
-20814 1216.15
-20883.5 1315.58
-20948.9 1422.17
-21010.9 1532.05
-21070.9 1640.37
-21129.7 1741.3
-21187.8 1828.43
-21244.2 1895.83
-21297 1939.7
-21343 1959.46
-21378.4 1958.12
-21399.6 1941.42
-21403.9 1916
-21389.8 1887.29
-21357 1857.82
-21307 1826.54
-21243.1 1789.68
-21169.2 1742.22
-21089.6 1679.49
-21008.4 1598.38
-20928.4 1498.25
-20851.2 1381.5
-20777 1253.58
-20704.9 1122.35
-20633.9 996.77
-20563.3 885.482
-20493.6 795.368
-20426.3 730.541
-20364.6 691.536
-20312.7 675.029
-20274.6 674.756
-20253.8 683.388
-20252.4 694.873
-20271 706.472
-20308.1 719.766
-20360.9 740.156
-20425.5 774.909
-20498.1 830.487
-20575 910.215
-20653.5 1013.14
-20732.1 1134.25
-20810.5 1265.74
-20889.1 1398.64
-20968.1 1524.33
-21047.6 1635.72
-21126.2 1727.88
-21201.6 1798.01
-21270.1 1845.34
-21327.3 1870.95
-21368.5 1877.65
-21390.1 1869.54
-21389.5 1851.37
-21366.3 1827.76
-21322.2 1801.9
-21260.7 1773.74
-21186.5 1738.83
-21104.6 1689.23
-21019.4 1616.49
-20934 1515.55
-20850.5 1387.67
-20769.3 1240.71
-20689.6 1086.95
-20610.1 939.812
-20529.8 811.225
-20449 710.062
-20369.9 641.134
-20296.8 604.63
-20235.4 596.545
-20191.4 609.864
-20170.5 636.31
-20176.1 668.358
-20209.2 700.88
-20267.5 731.993
-20346.4 763.299
-20439 799.926
-20538.3 850.142
-20637.9 923.625
-20733.3 1027.82
-20822.4 1163.36
-20904.7 1321.41
-20981.2 1485.22
-21053.5 1635.66
-21122.8 1757.31
-21189.9 1842.34
-21253.6 1891.1
-21311.1 1910.42
-21358.3 1910.69
-21391.1 1902.84
-21405.9 1895.68
-21401.3 1893.77
-21377.7 1895.9
-21337.5 1894.72
-21284 1878.52
-21220.8 1835.52
-21150.8 1758.73
-21075.9 1648.28
-20996.8 1510.58
-20912.6 1355.81
-20822 1195.83
-20724.2 1042.65
-20620 906.814
-20512.1 795.111
-20404.9 708.926
-20304.1 644.511
-20215.7 595.319
-20145.4 555.254
-20097.9 521.512
-20075.9 496.006
-20080.7 484.188
-20111.2 492.068
-20164.8 523.502
-20237.7 579.333
-20325.2 658.556
-20423.3 759.85
-20528.4 881.207
-20637.3 1017.45
-20746.9 1158.39
-20853.1 1290.27
-20952 1400.18
-21039.5 1480.65
-21111.7 1531.92
-21165.3 1561.06
-21198.1 1578.61
-21209.1 1594.13
-21199.3 1612.09
-21171.2 1629.34
-21127.9 1635.11
-21073 1613.72
-21008.9 1549.93
-20936.5 1434.96
-20855.2 1270.79
-20762.8 1071.1
-20657.1 859.403
-20537.6 664.815
-20406.7 514.958
-20271.2 427.579
-20141 404.082
-20028.4 429.137
-19945.6 476.514
-19902.6 519.225
-19905.2 539.017
-19953.5 531.326
-20041.3 504.944
-20157.5 478.419
-20288.4 475.888
-20420.9 522.888
-20546.6 640.241
-20662.3 836.087
-20770.2 1099.78
-20875.8 1401.07
-20985.4 1695.56
-21103.1 1935.74
-21228.1 2085.55
-21355.6 2133.44
-21474.6 2093.78
-21571.2 1997.7
-21631.1 1881.02
-21641.9 1776.12
-21597.4 1706.37
-21499.5 1681.59
-21359 1695.93
-21192.8 1728.61
-21019.5 1747.49
-20856.4 1716.49
-20716 1606.18
-20602.9 1403.38
-20513.5 1116.39
-20437.4 774.422
-20360.9 421.646
-20270.7 108.387
-20159.7 -119.369
-20027.7 -228.611
-19884.9 -207.474
-19750.5 -68.781
-19649.3 153.096
-19605.6 410.974
-19638.3 654.663
-19756 839.61
-19953.9 935.225
-20212.3 934.04
-20500.1 858.153
-20781.5 755.881
-21022.7 687.118
-21197.4 704.774
-21291.9 839.613
-21307.7 1091.2
-21262 1427.43
-21182.7 1793.96
-21102.5 2129.13
-21050.7 2377.86
-21050 2502.92
-21106 2489.4
-21208.9 2346.91
-21337.2 2109.37
-21461.6 1830.15
-21551.8 1570.98
-21583.1 1385.88
-21542.6 1306.3
-21431.8 1333.17
-21264 1437.74
-21062.5 1570.05
-20855.3 1671.97
-20668.5 1690.63
-20520.2 1590.19
-20416.3 1361.05
-20351.3 1024.1
-20310.3 627.575
-20273.8 236.675
-20223.2 -81.477
-20146.4 -273.252
-20042.7 -310.01
-19923.4 -193.685
-19809.7 41.4786
-19727.5 333.295
-19700.2 605.311
-19742.4 787.678
-19856 838.362
-20029.1 756.777
-20237.6 583.538
-20450.1 386.686
-20634.8 242.687
-20767.5 220.093
-20839 366.224
-20857.8 693.49
-20847.5 1167.19
-20839.2 1703.87
-20862.4 2188.59
-20937 2510.03
-21067.7 2598.76
-21244.5 2450.08
-21436.4 2119.78
-21603.1 1702.81
-21707.2 1307.27
-21717.2 1031.27
-21620.4 941.256
-21425.8 1054.33
-21164.6 1330.62
-20884.7 1679.78
-20631.9 1980.44
-20442.3 2112
-20335.7 1992.1
-20309.1 1604.67
-20337.3 1004.06
-20378.2 295.896
-20383.6 -391.977
-20313.6 -939.166
-20146.8 -1262.11
-19882.4 -1332.05
-19545.6 -1180.86
-19183.2 -891.894
-18850.8 -576.895
-18598.8 -344.461
-18462.9 -268.941
-18460.4 -371.314
-18585.3 -619.368
-18808.2 -942.3
-19084.4 -1248.2
-19367 -1439.46
-19620.2 -1429.68
-19825.6 -1162.64
-19986 -629.695
-20123.5 124.317
-20274.6 1009.63
-20479.5 1909.81
-20769.8 2701.91
-21156.8 3276.16
-21631.1 3563.39
-22148.9 3555.95
-22651.9 3322.14
-23079.4 2995.42
-23378.6 2738.33
-23514.1 2690.49
-23477.5 2918.71
-23292.6 3392.08
-23009 3992.41
-22692.9 4557.99
-22404.5 4927.83
-22190.3 4978.98
-22069.2 4649.13
-22028.5 3952.85
-22021.5 2982.2
-21981.4 1888.69
-21844.4 845.909
-21565 4.37735
-21124.5 -545.059
-20536.6 -787.97
-19849.5 -781.586
-19138.9 -634.331
-18488.5 -476.504
-17972.1 -428.229
-17640.5 -569.842
-17513.8 -919.545
-17580.2 -1423.7
-17801 -1966.02
-18124.3 -2397.07
-18496.9 -2573.78
-18875.1 -2396.97
-19233.2 -1837.63
-19572.7 -947.096
-19912.8 153.009
-20281.4 1299.82
-20705 2330.89
-21199 3125.58
-21761.5 3633.79
-22367.7 3882.58
-22973.5 3957.1
-23524.8 3964.92
-23969 4001.58
-24263.9 4127.76
-24388.5 4360.19
-24346.9 4673.18
-24165.9 5003.88
-23887.8 5260
-23552.9 5333.71
-23190 5129.18
-22816.7 4594.83
-22432.3 3743.68
-22019.4 2656.49
-21553.4 1465.54
-21013.3 320.951
-20391.6 -648.131
-19697.6 -1364.38
-18959.8 -1816.92
-18225.1 -2056.37
-17553.1 -2169.76
-17003.1 -2251.14
-16623 -2376.01
-16439.6 -2583.8
-16455.1 -2868.08
-16648.3 -3175.95
-16980.2 -3419.58
-17402.2 -3498.4
-17867.9 -3327.54
-18343.1 -2860.85
-18812.7 -2100.76
-19279.6 -1094.78
-19761.5 73.7226
-20284.6 1296.7
-20872.1 2457.57
-21533.3 3454.67
-22257.9 4225.29
-23017 4758.66
-23765.7 5091.67
-24448.1 5289.7
-25007.5 5422.96
-25396.8 5544.28
-25582.9 5671.73
-25551.8 5782.52
-25311.4 5818.53
-24886.4 5704.62
-24310.6 5374.75
-23619.7 4792.89
-22849.6 3962.63
-22031.1 2925.46
-21185.3 1750.13
-20326.5 516.944
-19465.7 -695.895
-18616.6 -1819.22
-17796.9 -2798.82
-17030.8 -3600.35
-16347.1 -4212.87
-15780.2 -4647.49
-15358 -4921.33
-15105.1 -5047.82
-15039.9 -5031.84
-15173 -4870.71
-15500.4 -4559.53
-16006.6 -4093.17
-16669.1 -3465.69
-17460.2 -2671.94
-18350.7 -1715.61
-19309.3 -619.692
-20304 570.192
-21304.5 1794.16
-22282.6 2992.47
-23212.7 4116.09
-24071.2 5131.08
-24836.1 6021.03
-25488.3 6785.74
-26022.5 7440.22
-26425.3 7993.12
-26692.5 8436.28
-26825.6 8741.64
-26831.3 8870.11
-26714.1 8785.47
-26474.5 8466.8
-26117.2 7914.19
-25642.9 7145.7
-25048.1 6191.6
-24328.4 5091.72
-23485.8 3896.41
-22532.9 2665.16
-21492.8 1459.42
-20400 331.847
-19300.6 -683.148
-18248.1 -1572.32
-17295 -2341.42
-16491.5 -3003.95
-15875.7 -3575.71
-15471 -4066.86
-15283.5 -4472.2
-15302.7 -4764.68
-15507.6 -4898.2
-15869 -4821.88
-16354.5 -4498.88
-16933.1 -3921.46
-17579.3 -3116.23
-18274.4 -2139.3
-19005.7 -1063.47
-19764.2 38.3804
-20542 1106.59
-21328.3 2099.69
-22106.8 2992.41
-22854.4 3771.07
-23543.3 4429.84
-24143.7 4970.84
-24629.1 5404.16
-24979.5 5743.93
-25184.3 6000.23
-25241.8 6171.37
-25158.8 6240.51
-24947.4 6177.08
-24622.8 5943
-24198.8 5502.25
-23684.9 4830.35
-23084.9 3921.99
-22397.6 2798.2
-21619 1512.07
-20748.4 146.936
-19793.2 -1195.48
-18774.4 -2412.34
-17726.7 -3422.52
-16703.5 -4182.79
-15765.9 -4701.22
-14978.3 -5028.01
-14399.1 -5232.19
-14072.1 -5376.19
-14016.7 -5495.75
-14224.5 -5592.67
-14664.2 -5635.71
-15285.1 -5567.76
-16023.1 -5318.8
-16816 -4825.32
-17616.2 -4049.91
-18395.5 -2993.53
-19145.4 -1696.36
-19875.6 -230.681
-20610 1308.9
-21375.3 2814.57
-22187.8 4179.76
-23047.1 5318.3
-23933.3 6185.99
-24809.3 6790.5
-25625.7 7184.07
-26326.4 7440.57
-26857 7629.22
-27177.3 7794.44
-27267.7 7948.54
-27128.7 8074.04
-26783.7 8128.74
-26275.6 8053.55
-25651.7 7782.91
-24955.3 7259.43
-24221.9 6449.99
-23471.9 5360.25
-22709.8 4042.9
-21929 2594.22
-21119.2 1135.63
-20274.8 -215.276
-19399.1 -1373.14
-18509.1 -2301.9
-17632.1 -3020.9
-16810.7 -3588.1
-16086.5 -4079.65
-15495.8 -4560.73
-15063.3 -5062.48
-14800.1 -5569.27
-14702.4 -6017.34
-14759 -6310.44
-14950.8 -6344.43
-15261.8 -6041.87
-15686.5 -5379.4
-16227.1 -4392.01
-16889.5 -3161.5
-17679.3 -1800.73
-18596.6 -435.764
-19627.3 816.16
-20734.7 1871.11
-21862.2 2699.1
-22942.9 3331.58
-23910.7 3852.98
-24709.9 4379.74
-25306.4 5023.86
-25695.5 5844.75
-25900.7 6811.84
-25964.6 7803.96
-25937.9 8649.55
-25868.4 9186.29
-25799.1 9318.75
-25743.8 9043.03
-25694.5 8440.7
-25624.7 7641.45
-25491.7 6772.44
-25249.1 5921.55
-24857.6 5128.99
-24300.8 4400.73
-23589 3722.67
-22752.2 3063.4
-21833.6 2373.35
-20879.6 1594.19
-19933.4 680.383
-19028.7 -378.414
-18188.2 -1547.17
-17422.2 -2754.81
-16737 -3904.2
-16136.8 -4884.81
-15629.2 -5589.91
-15231.9 -5942.93
-14968.8 -5924.74
-14868.8 -5583.73
-14955.4 -5021.93
-15244 -4361.28
-15738.4 -3703.3
-16424 -3098.76
-17267.5 -2538.47
-18220.3 -1966.43
-19224.6 -1307.73
-20222.3 -498.748
-21163.5 490.217
-22014.9 1643.77
-22763.2 2904.21
-23413.6 4185.21
-23984.2 5389.45
-24495.7 6425.77
-24962.9 7220.74
-25387 7723.18
-25750.8 7905.95
-26019.9 7768.11
-26149.6 7338.06
-26094.7 6674.51
-25819.5 5858.21
-25304.4 4972.81
-24551 4079.33
-23583.2 3196.37
-22444 2299.57
-21190.3 1340.04
-19886.1 269.008
-18595.7 -941.362
-17376 -2284.53
-16265.2 -3721.54
-15288.7 -5185.27
-14451.1 -6595.16
-13745.1 -7860.08
-13172.8 -8888.84
-12722.4 -9586.29
-12399.4 -9880.54
-12225 -9752.53
-12232.5 -9249.8
-12451.3 -8472.14
-12896.5 -7531.56
-13578.4 -6516.49
-14493.4 -5478.5
-15614.1 -4434.85
-16887.7 -3373.02
-18247.4 -2253.06
-19630.8 -1013.76
-20986.7 407.262
-22276.5 2038.37
-23476.8 3844.35
-24580.7 5726.03
-25596.7 7546.14
-26534.5 9168.44
-27387.8 10476.7
-28175.9 11409.2
-28861.2 11938.6
-29395.7 12078.7
-29732.2 11881.5
-29834.6 11427.3
-29670.8 10805.7
-29208.8 10089.2
-28450.9 9311.38
-27433.6 8459.5
-26207.8 7484.99
-24829.1 6325.69
-23356 4928.57
-21849.8 3266.98
-20358 1351.85
-18903.6 -762.804
-17496.2 -2976.56
-16133.9 -5157.43
-14831 -7151.16
-13597.8 -8820.95
-12457.8 -10074.2
-11449.7 -10868.9
-10643.8 -11210.6
-10106.1 -11122.2
-9891.09 -10639.2
-10066 -9812.16
-10679.3 -8699.65
-11732.9 -7364.52
-13190.8 -5861.14
-14990.2 -4225.42
-17049.3 -2475.9
-19260.5 -623.929
-21501.9 1317.05
-23657.8 3319.7
-25628.7 5336.34
-27340.6 7291.16
-28734.9 9093.57
-29778.9 10652.2
-30466.5 11886.2
-30813 12728.4
-30860 13146.2
-30614.2 13124.6
-30102.1 12673.1
-29370.3 11837
-28449.2 10692.5
-27362.9 9332.15
-26135.2 7844.83
-24808.3 6298.22
-23427.7 4729.32
-22025.1 3145.81
-20631.9 1537.87
-19282.9 -105.026
-18010.2 -1776.16
-16824.8 -3452.01
-15736.8 -5083.26
-14748.6 -6608.09
-13863.2 -7956.36
-13085.7 -9055.5
-12427.7 -9839.43
-11912.1 -10264.2
-11570.3 -10321.9
-11436.9 -10042.1
-11543.1 -9478.92
-11913.6 -8690.31
-12562.4 -7723.1
-13486.1 -6608.1
-14660.3 -5363.11
-16042 -3998.42
-17573.8 -2522.17
-19190.6 -945.02
-20824.7 715.237
-22412.3 2428.51
-23898.1 4148.51
-25237.1 5812.64
-26399.1 7346.19
-27361.1 8677.99
-28109.4 9752.8
-28639.3 10538
-28952.1 11020.6
-29051.2 11200.8
-28940.1 11089.8
-28626.3 10710.5
-28121.9 10094.8
-27442.8 9275.69
-26607.4 8281.22
-25637.2 7134.39
-24557.4 5855.94
-23395.6 4464.59
-22178.6 2975.44
-20930.4 1401.33
-19672.3 -239.737
-18425.5 -1911.61
-17204.4 -3560.69
-16034.9 -5110.75
-14941.7 -6482.16
-13952.5 -7605.29
-13100.2 -8431.89
-12424.9 -8939.99
-11966.6 -9136.2
-11758.7 -9054.4
-11824.6 -8748.44
-12172.3 -8276.23
-12790.7 -7678.59
-13650.5 -6966.49
-14705.7 -6128.63
-15898.5 -5152.58
-17163.9 -4040.21
-18437.2 -2805.2
-19665.2 -1457.57
-20815 7.17165
-21877 1601.38
-22860.3 3322.53
-23786.1 5130.41
-24684.2 6938.11
-25580 8635.46
-26490.2 10126.2
-27418.5 11354
-28351.8 12298.5
-29254.1 12952.9
-30065.1 13309.9
-30712.8 13368.7
-31123.1 13151.8
-31234.3 12710.8
-31011.1 12114.2
-30441 11416.8
-29539.8 10631.5
-28351.7 9724.85
-26938.8 8637.86
-25374.6 7315.04
-23735.6 5729.81
-22089.7 3897.78
-20490.6 1876.35
-18973.5 -248.547
-17557.6 -2379.25
-16239.2 -4433.44
-15022 -6340.02
-13899.1 -8049.99
-12864.7 -9532.12
-11927 -10761
-11102.2 -11691.3
-10436 -12246.8
-9974.58 -12338.9
-9769.62 -11921.5
-9883.07 -11039.3
-10355.8 -9817.44
-11204.3 -8406.65
-12419.3 -6922.67
-13969 -5414.56
-15797 -3868.71
-17814.7 -2236.39
-19914.7 -466.33
-21991.8 1471.42
-23956.7 3571.59
-25738.5 5793.19
-27300.5 8048.81
-28627 10212.6
-29721.6 12132.4
-30590.6 13653.6
-31233.7 14646.2
-31665.1 15040.7
-31832.4 14808.9
-31688.5 13972.9
-31204.4 12610.2
-30347 10846.7
-29090.6 8839.86
-27437.1 6747.31
-25445.8 4684.22
-23207.8 2689.65
-20818.3 723.917
-18384.9 -1295.89
-16024.6 -3441.35
-13840.9 -5735.39
-11919.8 -8125.64
-10297.3 -10508.7
-8990.98 -12746.7
-7986.84 -14676.1
-7291.24 -16141.6
-6865.95 -16990.1
-6694.99 -17115
-6802.83 -16479
-7251.68 -15128.2
-8087.3 -13173.8
-9329.37 -10768.4
-11002.5 -8083.6
-13115.7 -5288.43
-15624.8 -2525.31
-18423.3 112.119
-21372.2 2586.39
-24319.4 4914.2
-27118.5 7125.78
-29614.4 9244.73
-31671.2 11270.1
-33209.1 13160.4
-34204.3 14827.5
-34661.1 16145.8
-34629.6 17004.7
-34155.3 17305.6
-33316.2 16983.2
-32197.1 16021
-30861.5 14460.9
-29344 12401.2
-27668.7 9984.24
-25866.7 7373.08
-23967.6 4728.99
-21997.6 2195.02
-19996.5 -118.452
-18034.1 -2143.36
-16174.8 -3878.21
-14508.3 -5356.77
-13093.8 -6649.81
-11976.3 -7833.96
-11189.9 -8958.73
-10735.2 -10019.7
-10574.7 -10947.8
-10664.3 -11622.5
-10958.2 -11909.5
-11416.5 -11702.3
-12009.4 -10956.6
-12719.2 -9701.01
-13556.3 -8026.92
-14546.8 -6066.67
-15713.8 -3970.85
-17067.7 -1886.29
-18598.2 66.1013
-20269.7 1811.62
-22018.5 3331.35
-23755.3 4659.25
-25389.6 5855.72
-26832.1 6985.52
-28010.1 8089.87
-28875.5 9171.01
-29413.4 10192
-29640.6 11086.8
-29596.9 11775.2
-29335.5 12175.5
-28912.1 12218.3
-28374.4 11861.7
-27755.6 11103.6
-27069.9 9983.67
-26314.5 8572.39
-25473.1 6951.76
-24522.5 5202.14
-23442 3400.96
-22223.7 1626.29
-20880.6 -45.777
-19450.8 -1550.37
-17978.8 -2856.63
-16548.9 -3970
-15247.2 -4934.7
-14118.5 -5819.63
-13216.5 -6690.27
-12571.1 -7586.53
-12191.1 -8499.4
-12052.6 -9366.16
-12097.7 -10083.6
-12281.7 -10535.2
-12565.6 -10619.9
-12915.8 -10275.4
-13318.8 -9493.38
-13786.3 -8324.98
-14352.8 -6873.01
-15055.5 -5272.08
-15919.7 -3659.36
-16957.2 -2142.34
-18160.7 -772.474
-19498.1 463.61
-20914.6 1626.79
-22342.5 2789.23
-23710.3 4000.86
-24958.7 5266.1
-26038.2 6544.26
-26913.1 7760.31
-27567.5 8821.78
-28002.2 9639.02
-28225.4 10140
-28243.2 10276.2
-28058.1 10024.6
-27670.8 9387.41
-27077.9 8389.33
-26272.4 7074.77
-25250.5 5508.14
-24019.2 3774.89
-22601.2 1975.93
-21036 210.579
-19380.3 -1446.21
-17703.7 -2958.59
-16078.5 -4331.64
-14591.8 -5583.01
-13314.7 -6726.81
-12304.4 -7755.23
-11604.1 -8633.32
-11232.6 -9306.92
-11184 -9718.38
-11431.8 -9822.23
-11937.2 -9595.09
-12656.5 -9035.96
-13546 -8158.85
-14568.5 -6983.92
-15697.3 -5535.17
-16915.6 -3846.5
-18212 -1969.19
-19576.2 30.1243
-21000 2084.73
-22473.1 4143.43
-23982.3 6175.8
-25514.9 8148.37
-27041.6 10018.4
-28523.9 11728.6
-29913.6 13210.1
-31155.3 14397.1
-32189.5 15239.4
-32954.4 15715.8
-33397.4 15832.7
-33478.9 15610.3
-33175.1 15069.4
-32482.3 14232
-31421.5 13130
-30040 11807.8
-28405.9 10309.1
-26599.1 8660.02
-24702.2 6864
-22793.4 4916.75
-20941.4 2829.75
-19201.4 648.923
-17615.7 -1541.42
-16198.2 -3647.24
-14963.7 -5569.44
-13912.4 -7222.31
-13038.2 -8540.04
-12345.8 -9480.99
-11840.8 -10030
-11539.3 -10200.8
-11460 -10032
-11618.7 -9573.92
-12028.9 -8868.28
-12695.6 -7938
-13613.3 -6797.46
-14760.6 -5475.48
-16096.4 -4031.99
-17562.7 -2552.52
-19090.1 -1117.55
-20605.8 235.604
-22043.8 1528.59
-23349.3 2820.68
-24481.7 4168.3
-25424.6 5587.58
-26179.4 7047.83
-26766.2 8479.1
-27221.5 9784.23
-27585.8 10848.4
-27889 11556.4
-28137.1 11817.1
-28311.3 11588.7
-28372.3 10900.4
-28267.5 9859.28
-27943.6 8634.6
-27365.1 7418.86
-26528.8 6374.72
-25468.8 5587.41
-24252.6 5044.82
-22973 4651.08
-21735.2 4260.36
-20635.7 3715.04
-19739.9 2882.92
-19068 1689.72
-18592.9 139.725
-18249.9 -1675.19
-17940 -3591.62
-17575.6 -5383.4
-17088.4 -6810.74
-16452.4 -7670.74
-15700.5 -7844.67
-14918.9 -7331.97
-14238.2 -6264.39
-13796.5 -4886.47
-13717.5 -3495.27
-14086.8 -2354.26
-14921.1 -1622.31
-16168.1 -1317.53
-17711.6 -1314.04
-19389.1 -1377.72
-21026.7 -1237.61
-22470.1 -665.119
-23616.4 474.054
-24434.3 2201.56
-24967.8 4427.53
-25321.9 6960.44
-25641.2 9523.01
-26057.3 11801.8
-26663.1 13516.2
-27492.8 14492.4
-28513.2 14706.8
-29626.1 14286.6
-30684.9 13469.9
-31529.5 12541.2
-32020.7 11758.7
-32064.9 11295.6
-31634 11203.6
-30771.2 11401.2
-29578.5 11687.4
-28191.8 11787.1
-26747 11422.8
-25356 10397.7
-24089.3 8662.1
-22965.6 6335.75
-21957 3672.78
-21003.3 989.564
-20037.8 -1408.82
-19013.3 -3279.67
-17916.2 -4475.53
-16805 -4948.2
-15774.7 -4770.43
-14942.9 -4131.24
-14425.9 -3305.25
-14309.4 -2597.18
-14620.8 -2275.18
-15309.9 -2501.95
-16255.9 -3280.81
-17292.5 -4443.65
-18236.8 -5698.09
-18915.7 -6720.06
-19204.8 -7249.16
-19052.3 -7157.55
-18491.2 -6479.05
-17632.3 -5395.88
-16639.7 -4184.77
-15697.5 -3140.51
-14974.4 -2503.98
-14588.2 -2412.32
-14583.4 -2872.89
-14928.3 -3759.99
-15529.2 -4837.35
-16257.4 -5807.45
-16984.1 -6378.68
-17607.9 -6334.56
-18077.9 -5588.18
-18400 -4210.84
-18628.2 -2424.3
-18843.1 -551.961
-19125.8 1061.88
-19531 2135.28
-20067.6 2506.72
-20687.7 2155.59
-21295.8 1194.21
-21761.7 -147.402
-21958.3 -1558.85
-21795.7 -2713.22
-21244.9 -3349.98
-20351.6 -3351.03
-19223.4 -2793.38
-18014.4 -1937.47
-16894.7 -1140.07
-16018 -729.283
-15491.4 -902.398
-15353.9 -1677.72
-15571.6 -2894.56
-16049.9 -4254.29
-16661 -5394.11
-17282.5 -5975.16
-17827 -5767.72
-18262 -4716.16
-18613.8 -2956.48
-18955.2 -772.509
-19385 1488.27
-19995.9 3502.6
-20842.3 5034.66
-21926.7 5964.1
-23182.4 6303.02
-24491.7 6190.48
-25712.4 5863.05
-26709.6 5599.8
-27383.6 5653.06
-27689.5 6181.35
-27650 7201.92
-27347.9 8579.52
-26905.7 10060.1
-26457.8 11341.5
-26124.2 12156.8
-25984.2 12339.5
-26057.9 11855.4
-26302.5 10810
-26625.2 9429.58
-26909.7 8010.89
-27045 6847.15
-26951.5 6154.02
-26600.3 6012.98
-26018.9 6347.66
-25282.9 6941.81
-24493.9 7496.28
-23752.4 7712.07
-23132.2 7373.25
-22662.6 6401.12
-22320.8 4867.27
-22039 2969.32
-21724.4 980.747
-21287.4 -813.982
-20669.9 -2180.53
-19850 -2997.13
-18878.8 -3258.05
-17845.2 -3074.17
-16868.6 -2634.89
-16074 -2158.84
-15568 -1841.95
-15416 -1812.22
-15621.9 -2099.39
-16136.3 -2631.58
-16868 -3260.81
-17697.6 -3805.25
-18503.7 -4092.98
-19182 -3999.06
-19672.2 -3470.64
-19961.5 -2541.94
-20082.3 -1328.62
-20100.7 -2.86908
-20101 1242.9
-20163 2229.89
-20339.8 2822.8
-20642.6 2950.4
-21040.3 2615.57
-21460.6 1902.02
-21809.3 964.88
-21991.9 2.25904
-21936.9 -787.422
-21613.6 -1249.11
-21041.1 -1307.2
-20289.4 -988.219
-19466.6 -417.163
-18698 222.835
-18105 755.136
-17785.3 1064.04
-17794.8 1115.62
-18137.2 952.595
-18764.3 680.171
-19590.8 445.992
-20516.3 411.227
-21445.9 715.9
-22308 1446.38
-23065.9 2611.51
-23719.1 4132.15
-24299.4 5840.43
-24847 7495.96
-25392.2 8826.26
-25938.4 9589.05
-26454.4 9637.14
-26873.2 8963.37
-27102 7709.08
-27042.1 6124.15
-26611.2 4493.23
-25765.2 3058.32
-24513.2 1956.07
-22923.1 1185.7
-21113.7 625.233
-19236.9 85.4429
-17451.2 -628.38
-15894.7 -1665.77
-14645.8 -3111.7
-13735.5 -4956.73
-13117.3 -7113.76
-12693.8 -9435.65
-12341.9 -11738.1
-11934.9 -13820.2
-11379.2 -15487.4
-10636.2 -16583.7
-9727.34 -17027.7
-8731.46 -16844.7
-7774.47 -16168.6
-7005.08 -15212
-6561.45 -14197.4
-6554.06 -13281.8
-7046.7 -12510.3
-8049.65 -11810.5
-9523.17 -11022
-11378.1 -9950.55
-13495.4 -8427.62
-15756.9 -6358.76
-18062.4 -3752.32
-20335.5 -731.131
-22523.2 2476.41
-24587.2 5586.16
-26497.9 8330.47
-28235.3 10519.4
-29756 12081
-31005.7 13052.2
-31927.3 13555.5
-32476.2 13761.7
-32631.6 13843.8
-32404.2 13940.1
-31849.5 14135.5
-31066 14450.5
-30178.3 14831.5
-29313.5 15154.2
-28577.3 15255.5
-28038.3 14982.5
-27716.7 14240.6
-27579.1 13024.6
-27544.2 11424.4
-27499.2 9600.29
-27322.3 7738.42
-26904.9 6003.15
-26169.6 4493.9
-25083.5 3215.07
-23662.6 2073.68
-21965.6 913.907
-20081.4 -424.085
-18116.4 -2046.47
-16159 -3997.86
-14297.4 -6243.68
-12579.1 -8699.33
-11012.9 -11253.8
-9585.09 -13792.2
-8265.52 -16214.4
-7014.86 -18436.9
-5821.09 -20403.4
-4684.07 -22074.7
-3588.3 -23414.6
-2559.1 -24402.1
-1653.73 -25025.6
-944.015 -25269.1
-489.696 -25108.3
-351.374 -24521.2
-606.31 -23502.3
-1313.78 -22073.9
-2497.25 -20291.8
-4141.34 -18237.1
-6201.15 -15993.2
-8608 -13622.9
-11259.7 -11155.7
-14031 -8590.61
-16798.3 -5913.56
-19453.7 -3120.86
-21909.5 -239.727
-24106.1 2651.42
-25984 5458.58
-27561.2 8047.64
-28851.4 10297.2
-29865.6 12133.8
-30631.3 13558.8
-31190.8 14655.9
-31602.6 15567.2
-31914.5 16447.4
-32171.8 17409.4
-32432.3 18483.8
-32768.1 19634
-33214.6 20772.4
-33785.5 21805.2
-34489.6 22664.3
-35315.8 23313.9
-36217.6 23747.5
-37107.2 23984.8
-37892.7 24066.7
-38503.4 24044.6
-38875 23965.9
-38953.2 23851.4
-38715.9 23670
-38169.4 23318.1
-37331.5 22618.4
-36208.5 21348
-34785.4 19284.9
-33033.9 16263.1
-30901.5 12227.7
-28313.5 7269.36
-25195.4 1614.24
-21511.1 -4414.41
-17219.5 -10529.5
-12410.4 -16461.2
-7194.58 -22042.9
-1725.43 -27173.2
3700.01 -31818.9
8760.88 -36008.2
13234.3 -39752.4
16945.3 -43062.3
19718.5 -45909.7
21360.9 -48137.4
21959.4 -49642
21484.7 -50143.1
19959.4 -49293.4
17460.3 -46813.2
14092.4 -42602.9
9931.58 -36726.1
4977.13 -29391.4
-748.909 -20904.4
-7188.27 -11629.5
-14272.8 -1953.45
-21958.4 7727.62
-29855.1 17220.3
-37985.3 26202.9
-45963 34447.8
-53688.9 41973.2
-60639.1 48737.1
-66519.7 54558.4
-71058.6 59344.8
-74157.7 63033.4
-75825.6 65556.4
-76053.1 66855.9
-74948 66822.2
-72619.9 65136.5
-69035.9 61747.4
-64353.2 56735.4
-58870.1 50298.8
-52807.9 42723.4
-46258.2 34316.4
-39266.5 25373.2
-32019.3 16160.8
-24767.8 6927.94
-17845.9 -1905.83
-10707.3 -10655.3
-3762.44 -18915.4
2358.72 -26500.7
7619.31 -33301.6
12347.9 -39217.5
16536.9 -44177.6
19652.9 -48140.6
21496.4 -50969.7
22648.6 -52854.6
23047.6 -53908.8
22599.7 -54210.8
21188.3 -53650.2
19144 -52094.5
16745.1 -49416.3
13842 -45515.2
10323.5 -40342
6263.19 -33902.1
1751.85 -26275.7
-3317.1 -17655.8
-9153.59 -8367.47
-15806.4 1085.2
-22964.5 10376.2
-30305.9 19240.1
-38064.1 27494
-46009.9 35073.2
-53594.8 42022.5
-60344 48440.8
-66114.6 54419.5
-70893.6 59973.1
-74454.3 64990.4
-76709.4 68898.3
-77406.9 71651
-76894.1 73321.2
-75588.8 73763.1
-73684.4 72499.9
-70985.6 69212.5
-67269.2 63915.9
-62858.5 56852.3
-57990.7 48422.4
-52506.3 39073.2
-46104.3 29217.3
-38811.3 19164
-30988.4 9116.77
-22988.8 -593.675
-14403.5 -10421.5
-5006.5 -20088
3646.83 -29407
11435 -38335.5
18589 -46789.2
25238.2 -54497.3
30386.9 -60363.8
33886.9 -64503.5
36746 -67234
38314.2 -68439.6
38237.1 -68156.3
35782.4 -65516.5
32361.2 -60599.4
27955.7 -53712.1
21900.6 -45302.5
14008.2 -35815.3
4934.85 -25623.9
-4546.48 -14971.4
-14658.2 -3993.96
-26110.2 7296.55
-36473.1 19192
-46062.6 31210
-55627.7 43117.8
-64890.5 54542.7
-72938.2 65045.8
-79099.1 74016.2
-84445.7 79447.3
-87017.3 83269.1
-88310.5 85718.4
-88783.9 86896
-88609.1 86626
-87235.4 83844
-82951.5 78347.4
-77155.1 70168.4
-70528.1 59561.5
-62695.9 46941.4
-53032.2 32770.2
-41457.1 17499.1
-29245.6 1737.04
-18204.5 -14622.6
-1974.7 -31301.2
14323.7 -47451.8
28556.6 -62698.3
38046.6 -73465.2
47874.4 -79474.4
60504.3 -83378.7
68454 -86307.9
70728.5 -88806.5
70786 -90917.4
70984.2 -92242.2
71197.6 -92905.7
68249.5 -93437.8
60992.3 -92521.4
53661.2 -88522.9
48282.7 -81017.1
41643.3 -70164.2
32017 -56631.4
20236.9 -41366.6
9126.82 -25378.5
-1621.87 -9859.43
-17804.8 5167.47
-36103 24385.7
-43501.5 41298.6
-55419.4 56215.6
-74345.7 69521.2
-93428.8 81622.8
-104935 89330.5
-105943 94078
-107530 97783.3
-110964 101085
-112277 103860
-109062 105719
-101733 106809
-95551.1 107280
-90516.1 106741
-85385.5 102778
-78418.8 94170.4
-69929.6 81054
-62441.9 64437.4
-55907.6 45936.7
-48480.4 27239.4
-39481 10102.4
-33637.3 -4200.83
-24642.3 -15320.9
-4390.49 -24196.2
12016.5 -31975.8
21546.3 -39207.3
28117.7 -46034
38908.3 -52196.8
51089 -57901.9
55504.1 -63454.1
54376.1 -68694
53607.3 -73245
53962.9 -76804.6
52174.8 -79058.2
46654.3 -79481.5
40713.1 -77247.4
36630 -71792.1
32302.5 -63186.8
25746.2 -52010.8
17695 -39144.3
9771.52 -25659.1
1750.1 -12684.9
-8638.49 -1634.98
-25613.7 8828.23
-32078.9 19042.1
-35587.4 28261.9
-45966.4 37135.2
-61958.8 46023.1
-73878.6 54753
-76756.4 63074.7
-79566.6 71131.8
-86288.9 78861.7
-90986.2 85713.6
-90102.6 91129.6
-86815.1 94799.7
-85832.2 96473.9
-86064.9 95689.1
-83590.8 91971.9
-78861.2 85282.4
-74665.4 76010.3
-71201 64796.4
-66104.1 52430
-58281.7 39787.6
-49277.3 27704.9
-40326.7 16776.1
-30728.8 7288.19
-21651.3 -386.776
-13700.5 -7178.43
822.61 -13993.5
13896.4 -21206.8
20317.5 -29060.4
23133.9 -37180.4
27493.7 -44986.3
33398 -51978
35631.3 -57868.4
33992.1 -62212.1
32854.4 -64453.4
33557.5 -64305.7
33631.9 -61843.5
30963 -57370.1
27014.4 -51213.6
23721.9 -43833.4
20023.5 -35895.3
14091.3 -28050.2
6167.37 -20714
-2084.04 -14031.3
-10124.5 -8063.05
-18757.7 -2676.24
-29783.8 2954.12
-37596.8 9750.89
-40288.2 16700.8
-44765.9 23835.8
-51368.8 30933.7
-56130 37424.7
-56490.5 42793.7
-55170 46757.9
-55896.9 49174.3
-56795.9 49783.6
-55248 48405.6
-52075.4 45152.2
-49509.3 40326.1
-47675.9 34249
-44507.1 27228.3
-39374 19639
-33680 11907.9
-28489.3 4586.94
-24855 -1794.4
-19021.7 -7588.91
-8020.9 -13070.9
1031.39 -18537.3
6014.4 -24067.1
9305.08 -29581.6
14796.2 -34801
21162.1 -39648.2
24116.5 -44088.3
24556 -47830.3
25435.8 -50448.6
27056.9 -51656.4
27398.3 -51314.5
25374.8 -49328.4
22492.3 -45626.7
19848.4 -40304.6
16357.6 -33681.2
10912.7 -26139.3
3881.15 -17986.6
-3730.7 -9467.01
-12590.8 -1259.25
-26980.1 7947.11
-33443 18140.6
-36805.2 28342
-45553.5 38651.2
-58936.4 48994.7
-69561.8 58949.5
-73416.3 68141.3
-77250.8 76551.8
-84629.9 84073.9
-90806.8 90244.3
-92481.4 94651.4
-91790.4 97158
-92264.9 97745.3
-93060.6 96269.9
-90932.4 92593.4
-86051.2 86813.8
-80798.2 79200.9
-75652.9 70013.9
-68956.8 59458.4
-59920 47758.6
-49841.9 35212.1
-39848.9 22108.2
-29681.1 8982.69
-22626.2 -2918.62
-14890.7 -14596.9
5761.61 -25534.8
21937.7 -36146.6
28465.2 -46393
31609.4 -55684.2
40154.2 -63480.1
51907.6 -69677.2
56149.3 -74597.2
54616.8 -78074
54634.9 -79726.1
56872.9 -79478.1
56473.7 -77548.4
50692.9 -74163.6
43519.4 -69287.2
38275.7 -62981.8
32611.8 -55621.7
23976 -47575
13623.4 -38991.9
4315.99 -29909
-3807.41 -20435.6
-12778.8 -10844.1
-23351.5 -1626.15
-38144.9 9089.46
-40586.4 19911.9
-40510.3 30174.8
-47798.3 39991.5
-58943.2 48997.1
-65635.6 56604.9
-65336.5 62562.5
-66804.8 67114.4
-72935.8 70326.9
-77186.8 71913.9
-76324.4 71802.9
-73674.7 70250.3
-73119.5 67602.7
-72834.7 64006
-68949.2 59506.8
-62367.4 54281.4
-56392.2 48529.7
-51408.5 42239.4
-45319.5 35202.3
-37463.8 27231.1
-29764.3 18297.9
-23690.7 8700.14
-20064.9 -591.384
-18504.3 -10248.5
-4736.03 -19705.9
7611.58 -28812.7
12137.1 -37360.5
13576 -44756
19611 -50477.2
30185.6 -54475.3
35997.2 -57255
36497.1 -59032.3
37869.4 -59743.1
41389.7 -59525
43053.7 -58728.5
39856.2 -57603.8
34603.5 -56048.8
30730.8 -53858.6
26871.7 -50994.6
20688.1 -47421.7
13002.4 -42960.8
6304.47 -37413
1083.05 -30774
-4422.93 -23280.5
-10785.5 -15258.5
-16864 -7161.45
-22758.4 314.318
-30252.7 8317.64
-29985.9 15476.1
-30974.2 21446.8
-36813.4 26268.6
-43991.5 29813.1
-47559.1 32021.5
-47232.1 33101.8
-48823.8 33516.2
-52110.9 33477.6
-52674.6 32968.5
-49813.3 32043.7
-46265.1 30826.5
-44024.5 29337.2
-41415.1 27400.5
-36714.6 24820.5
-31499.7 21552.3
-27695.6 17616
-24963.2 13002.6
-21914.5 7799.72
-18822.9 2508.71
-18326.3 -2483.41
-16037.2 -7783.82
-10349.3 -12785.2
-6384.03 -17331.9
-5068.99 -21225.6
-3868.29 -24256.7
-128.199 -26314.8
4318.86 -27611.7
6482.05 -28486.2
7441.79 -29104.9
9117.35 -29576.1
11107.6 -30055.8
11703.6 -30664.7
10565.1 -31363.8
9178.38 -31947.9
8205.16 -32196.9
6808.43 -31944.4
4551.91 -31029.4
2117.31 -29289.8
192.468 -26620.6
-1540.35 -23034.2
-3776.36 -18644.5
-6545.7 -13627.5
-9519.46 -8227.56
-12950.3 -2931.03
-18133.4 1875.97
-23257.9 7220.34
-24667.5 12335.4
-27689.3 16983.1
-33955.7 21225.8
-40700.6 25027.2
-44550.1 28373.3
-46420.2 31392.3
-49604.9 34220.4
-53061.4 36764.9
-54205.9 38788.5
-53160.4 40079.4
-51850.2 40481.3
-50970.9 39825.3
-49146 37934.8
-45737 34741.1
-41933.9 30321.8
-38531.1 24812.7
-34914.6 18352.3
-30334.8 11123.2
-25429.6 3688.27
-23596.1 -3172.53
-18456 -10033.8
-7890.32 -16575.3
531.898 -22926.3
4752.95 -29034
8042.39 -34740.3
14825.9 -39827
22622.8 -44414.1
26693.9 -48697.1
28479.3 -52559.6
31160.3 -55738.4
34643.5 -58090
36340.4 -59574.6
35315.8 -60104.5
33684.4 -59498
32597.6 -57670.4
30707.2 -54700.4
26943.9 -50679.2
22022.8 -45637
17089.8 -39605
11912.3 -32705.4
5515.83 -25134.6
-2057.19 -17081.8
-9922.09 -8795.4
-18399.7 -895.754
-31104.5 8011.5
-34938.2 17153.2
-36727.6 25805.4
-44165.7 34057.1
-54880.6 41804
-62026 48712.3
-63238.7 54682.6
-65298.9 59982.3
-70691.2 64731.6
-74446 68687.1
-74145.5 71663.5
-72437.7 73670.5
-72519.5 74733.8
-73249.7 74717.6
-71692 73439.6
-68513.9 70925
-66076 67333.6
-64523.1 62790.9
-62093.1 57376.2
-58014.7 51233.5
-53541.8 44617.3
-49486 37783
-45023.5 30903.7
-39422.1 24109.2
-33244.8 17518
-27454.7 11363.5
-22195.9 5636.56
-17895.3 808.399
-14293.4 -3673.24
-7628.52 -8389.34
-1254.91 -13105.3
1364.92 -17800.3
2008.14 -22236.5
3633.89 -26056.3
6521.9 -29040.9
7916.57 -31162.7
7208.61 -32381.8
6786.06 -32572.2
7456.11 -31759.8
7730.49 -30150.4
6433.15 -27996.7
4349.46 -25507.3
2647.37 -22883.8
874.186 -20355.2
-1920.44 -18074.7
-5496.84 -16025.4
-8897.74 -14059.4
-11846.7 -12004.2
-14845.4 -9712.16
-17963.3 -7081.56
-20702 -4103.46
-22950.5 -773.111
-25777 3264.48
-27047.9 7780.35
-26928.1 12225.1
-27952.7 16290.1
-30494.5 19734.9
-33091 22384.8
-34551 24197.2
-35980.6 25308.1
-38460.5 25915.7
-40925.7 26156.6
-42213.8 26131.9
-42534 25943.1
-42658.6 25656.1
-42510.4 25232.4
-41332 24532.7
-39123.5 23387.8
-36606 21633.5
-34084.8 19111.6
-31275 15696.2
-27957.1 11356.2
-24592.3 6238
-22085 955.68
-21172.2 -4346.08
-15608.2 -9758.11
-8220.19 -14902.2
-3521.98 -19607.4
-1403.2 -23669.2
1472.17 -26871
6892.38 -29142.7
11382.7 -30725.8
12862.9 -31805.5
13393.1 -32337
14514.7 -32246.7
15180.5 -31531.5
13573.1 -30187.8
10030.2 -28105.7
6266.49 -25141.7
2434.57 -21290
-2486.85 -16685.5
-8591.3 -11500.1
-14965.7 -5920.74
-21470.8 -388.528
-29691.3 6133.71
-32442.5 13117
-34166 19922
-39463.2 26534.2
-46276.4 32705
-50675.3 38140.1
-51680.3 42726.5
-53437.7 46588.6
