0.02 -0.0146988
0.04 -0.0468954
0.06 0.0209973
0.08 0.108513
0.1 -0.0473229
0.12 -0.162863
0.14 -0.11499
0.16 0.0201658
0.18 0.0613441
0.2 -0.0012326
0.22 0.06881
0.24 0.055016
0.26 0.0510635
0.28 0.121194
0.3 0.160508
0.32 0.0918158
0.34 -0.0682687
0.36 -0.191712
0.38 -0.116401
0.4 0.0823096
0.42 0.0938967
0.44 -0.108101
0.46 -0.187965
0.48 -0.217832
0.5 -0.0730199
0.52 0.163963
0.54 0.236766
0.56 0.136237
0.58 -0.0252652
0.6 0.0714461
0.62 0.193122
0.64 0.0739738
0.66 -0.159934
0.68 -0.332987
0.7 -0.310988
0.72 0.0361003
0.74 0.184728
0.76 0.130186
0.78 0.0251901
0.8 -0.0802765
0.82 0.121512
0.84 0.283195
0.86 0.0330918
0.88 -0.277397
0.9 -0.289346
0.92 0.00305709
0.94 0.222845
0.96 -0.0408048
0.98 -0.28471
1 -0.144234
1.02 0.0719472
1.04 0.208358
1.06 0.321772
1.08 0.246134
1.1 0.148223
1.12 0.0372699
1.14 -0.221435
1.16 -0.307548
1.18 -0.231997
1.2 -0.188219
1.22 -0.0274018
1.24 0.0230458
1.26 0.0237697
1.28 -0.075457
1.3 0.064029
1.32 0.447662
1.34 0.377738
1.36 0.230137
1.38 -0.0973446
1.4 -0.227845
1.42 -0.089948
1.44 -0.201995
1.46 -0.362283
1.48 -0.357627
1.5 0.000432609
1.52 0.266431
1.54 0.357637
1.56 0.282687
1.58 0.166843
1.6 -0.185003
1.62 -0.174066
1.64 -0.0857942
1.66 -0.0438576
1.68 0.128348
1.7 -0.0736818
1.72 -0.053212
1.74 -0.000541808
1.76 0.0806635
1.78 -0.107914
1.8 -0.159734
1.82 -0.345198
1.84 -0.167569
1.86 0.325944
1.88 0.50149
1.9 0.39874
1.92 0.236891
1.94 0.0644753
1.96 -0.0335714
1.98 -0.1493
2 -0.501817
2.02 -0.6236
2.04 -0.40629
2.06 0.129145
2.08 0.361783
2.1 0.310755
2.12 0.191459
2.14 0.237363
2.16 0.31646
2.18 0.37532
2.2 0.00459983
2.22 -0.508241
2.24 -0.926137
2.26 -0.575772
2.28 0.15662
2.3 -0.0228913
2.32 -0.135816
2.34 0.0645095
2.36 0.503595
2.38 1.09922
2.4 1.15957
2.42 0.124971
2.44 -0.777497
2.46 -0.904962
2.48 -0.426276
2.5 0.655519
2.52 0.469373
2.54 -0.988886
2.56 -1.47886
2.58 -0.777098
2.6 0.560253
2.62 1.03126
2.64 0.680502
2.66 0.0666815
2.68 -0.160475
2.7 0.623472
2.72 1.28513
2.74 0.796394
2.76 -0.891295
2.78 -1.43927
2.8 -0.90335
2.82 -0.275206
2.84 -0.0967296
2.86 -0.327148
2.88 -0.609458
2.9 0.123937
2.92 1.88758
2.94 2.34528
2.96 0.834295
2.98 -1.20796
3 -1.65821
3.02 -0.715567
3.04 0.383257
3.06 0.211692
3.08 -1.24632
3.1 -2.00217
3.12 -0.788007
3.14 1.17469
3.16 2.64499
3.18 1.96948
3.2 -0.300723
3.22 -0.711549
3.24 0.585038
3.26 1.19938
3.28 -0.248974
3.3 -1.9323
3.32 -2.16351
3.34 -0.962917
3.36 0.296612
3.38 0.664654
3.4 0.1728
3.42 0.134944
3.44 0.992941
3.46 1.49999
3.48 0.971569
3.5 -0.40495
3.52 -0.599115
3.54 -0.0291598
3.56 0.0234248
3.58 -0.936597
3.6 -1.58402
3.62 -0.826307
3.64 0.234921
3.66 0.801692
3.68 0.158679
3.7 -0.185929
3.72 0.733757
3.74 1.06116
3.76 0.73852
3.78 0.245767
3.8 0.363313
3.82 0.242911
3.84 -0.262441
3.86 -0.941666
3.88 -1.9316
3.9 -1.32193
3.92 -0.176413
3.94 0.56202
3.96 0.359892
3.98 -0.220283
4 0.332383
4.02 1.53525
4.04 1.7919
4.06 0.836895
4.08 -0.243715
4.1 -0.370893
4.12 -0.644657
4.14 -1.39379
4.16 -1.61097
4.18 -1.44254
4.2 -0.343078
4.22 1.16701
4.24 1.52616
4.26 0.898307
4.28 0.773542
4.3 1.41344
4.32 0.885807
4.34 -0.276047
4.36 -1.0976
4.38 -1.44073
4.4 -1.52951
4.42 -1.27924
4.44 -0.88988
4.46 -0.0398244
4.48 1.1371
4.5 1.02896
4.52 0.907752
4.54 0.557777
4.56 0.539432
4.58 0.6563
4.6 0.23946
4.62 -0.323609
4.64 -0.414122
4.66 -0.237038
4.68 -0.395813
4.7 -1.02335
4.72 -1.25172
4.74 -0.893898
4.76 -0.182679
4.78 0.971053
4.8 1.33804
4.82 0.74608
4.84 0.293739
4.86 0.678357
4.88 0.887068
4.9 -0.142173
4.92 -1.03885
4.94 -0.933242
4.96 0.0329887
4.98 -0.201091
5 -1.20124
5.02 -1.15724
5.04 -0.578713
5.06 0.837529
5.08 2.15861
5.1 2.1479
5.12 0.440287
5.14 -0.285336
5.16 0.0738416
5.18 -0.166396
5.2 -0.932875
5.22 -1.46708
5.24 -1.42397
5.26 -0.90419
5.28 0.182606
5.3 0.777665
5.32 0.995546
5.34 1.10755
5.36 0.717108
5.38 0.192816
5.4 -0.160426
5.42 0.126345
5.44 0.106483
5.46 0.0128031
5.48 -0.34321
5.5 -1.27916
5.52 -1.19225
5.54 -0.587634
5.56 -0.344332
5.58 -0.0920101
5.6 0.308334
5.62 1.36863
5.64 1.68801
5.66 0.948906
5.68 0.435305
5.7 -0.164288
5.72 -0.579259
5.74 -0.898526
5.76 -1.03628
5.78 -1.30879
5.8 -1.04001
5.82 -0.296752
5.84 0.171116
5.86 0.833712
5.88 1.75928
5.9 1.95639
5.92 1.39767
5.94 0.826707
5.96 -0.119212
5.98 -1.02552
6 -0.939773
6.02 -0.665345
6.04 -1.31085
6.06 -1.74327
6.08 -1.35779
6.1 -0.973847
6.12 -0.357294
6.14 0.427911
6.16 1.24782
6.18 1.89626
6.2 2.38812
6.22 2.31792
6.24 1.6948
6.26 0.798046
6.28 -0.5489
6.3 -1.83644
6.32 -3.11369
6.34 -3.53631
6.36 -3.20816
6.38 -1.64635
6.4 0.566689
6.42 1.80639
6.44 2.42552
6.46 2.86011
6.48 3.32416
6.5 3.4327
6.52 2.56192
6.54 -0.524308
6.56 -3.56094
6.58 -4.1678
6.6 -3.06224
6.62 -2.38355
6.64 -2.25451
6.66 -1.45954
6.68 -0.14056
6.7 2.26335
6.72 3.96585
6.74 4.07868
6.76 3.28893
6.78 2.49529
6.8 0.766978
6.82 -0.906478
6.84 -2.28046
6.86 -3.57517
6.88 -3.74941
6.9 -3.60424
6.92 -2.51274
6.94 -0.59399
6.96 1.23988
6.98 2.47832
7 3.60415
7.02 3.64743
7.04 2.67715
7.06 1.35152
7.08 -0.307859
7.1 -1.06812
7.12 -1.06028
7.14 -1.82455
7.16 -3.51895
7.18 -3.46289
7.2 -1.43785
7.22 0.644255
7.24 1.44627
7.26 1.16921
7.28 1.61565
7.3 2.4287
7.32 3.08588
7.34 2.43873
7.36 0.455954
7.38 -2.2938
7.4 -3.70867
7.42 -1.89047
7.44 -0.222576
7.46 -1.03948
7.48 -2.53212
7.5 -2.56435
7.52 -0.198581
7.54 2.53714
7.56 3.64626
7.58 3.29414
7.6 2.15979
7.62 1.84826
7.64 0.694413
7.66 -0.639079
7.68 -1.77456
7.7 -2.70503
7.72 -2.50586
7.74 -2.04652
7.76 -0.79451
7.78 -1.27843
7.8 -1.17832
7.82 0.769101
7.84 2.46774
7.86 3.96941
7.88 4.37212
7.9 2.62989
7.92 -0.0712359
7.94 -2.46625
7.96 -2.90487
7.98 -2.86991
8 -3.34576
8.02 -3.26142
8.04 -2.65277
8.06 0.215916
8.08 3.34554
8.1 4.64229
8.12 4.35171
8.14 3.03602
8.16 1.16133
8.18 0.11629
8.2 -0.977709
8.22 -2.69852
8.24 -3.27592
8.26 -2.41912
8.28 -0.847409
8.3 -0.679097
8.32 -1.03027
8.34 -0.00833361
8.36 0.614169
8.38 0.697494
8.4 1.02396
8.42 2.0153
8.44 2.72996
8.46 2.12569
8.48 0.943813
8.5 -0.508931
8.52 -1.37666
8.54 -1.31862
8.56 -1.17727
8.58 -1.28065
8.6 -2.65236
8.62 -2.42828
8.64 0.0744217
8.66 2.12307
8.68 2.10608
8.7 0.833922
8.72 1.13536
8.74 1.59885
8.76 1.8835
8.78 0.176341
8.8 -2.84165
8.82 -4.08659
8.84 -2.59491
8.86 -0.0804886
8.88 1.44834
8.9 1.67093
8.92 1.03523
8.94 1.55182
8.96 2.48835
8.98 1.24887
9 -1.09057
9.02 -1.6928
9.04 -1.23741
9.06 -0.950144
9.08 -1.40269
9.1 -1.72455
9.12 -0.811752
9.14 0.932318
9.16 2.34955
9.18 2.29085
9.2 1.33888
9.22 0.715397
9.24 0.489844
9.26 0.464373
9.28 -0.932188
9.3 -2.49278
9.32 -2.45717
9.34 -1.74057
9.36 -0.747811
9.38 0.0277429
9.4 -0.0105389
9.42 0.65338
9.44 2.28207
9.46 2.9959
9.48 2.29119
9.5 0.913248
9.52 0.410525
9.54 -0.615318
9.56 -1.25724
9.58 -2.38674
9.6 -3.74935
9.62 -2.68696
9.64 -0.597665
9.66 -0.196844
9.68 -0.586427
9.7 0.544246
9.72 2.94206
9.74 4.54874
9.76 3.93149
9.78 2.14485
9.8 -0.0330469
9.82 -1.26463
9.84 -1.10414
9.86 -1.87715
9.88 -3.24961
9.9 -3.13339
9.92 -1.57984
9.94 -0.0938876
9.96 0.528517
9.98 1.20818
10 1.22285
10.02 1.39665
10.04 2.20293
10.06 1.56719
10.08 -0.0149885
10.1 -0.918182
10.12 -1.25034
10.14 -1.41149
10.16 -1.14548
10.18 -0.299327
10.2 0.664137
10.22 0.476843
10.24 -0.750481
10.26 -1.6722
10.28 -0.432892
10.3 2.56735
10.32 3.76342
10.34 1.89705
10.36 -0.402502
10.38 -0.818875
10.4 -0.711806
10.42 -1.27403
10.44 -2.04141
10.46 -2.8306
10.48 -2.66737
10.5 -1.31602
10.52 0.599696
10.54 2.95315
10.56 4.7754
10.58 5.06453
10.6 3.5823
10.62 0.270734
10.64 -2.73238
10.66 -3.44775
10.68 -4.24123
10.7 -5.074
10.72 -4.84336
10.74 -1.69091
10.76 1.7594
10.78 4.63821
10.8 5.81315
10.82 4.77842
10.84 4.1628
10.86 3.42206
10.88 1.62766
10.9 -1.69347
10.92 -5.56053
10.94 -8.22217
10.96 -7.50306
10.98 -4.71485
11 -1.46825
11.02 0.577897
11.04 3.16022
11.06 5.12679
11.08 6.68617
11.1 5.84687
11.12 3.71269
11.14 1.61533
11.16 0.5648
11.18 0.056913
11.2 -2.23462
11.22 -4.48316
11.24 -6.53228
11.26 -5.96674
11.28 -4.96267
11.3 -2.65007
11.32 1.15262
11.34 3.82417
11.36 5.73868
11.38 6.15273
11.4 4.85453
11.42 3.81582
11.44 2.1921
11.46 -0.853359
11.48 -4.06943
11.5 -5.18968
11.52 -6.11373
11.54 -5.59141
11.56 -2.42605
11.58 0.161797
11.6 2.65443
11.62 3.28788
11.64 3.98392
11.66 4.98928
11.68 4.18171
11.7 1.89659
11.72 0.0214051
11.74 -1.29708
11.76 -2.48612
11.78 -4.34233
11.8 -5.5458
11.82 -5.23738
11.84 -4.50779
11.86 -2.60821
11.88 0.542739
11.9 2.74664
11.92 6.28502
11.94 9.55689
11.96 8.22259
11.98 5.19287
12 0.551667
12.02 -2.85921
12.04 -4.96351
12.06 -6.63315
12.08 -8.04596
12.1 -6.52809
12.12 -3.03198
12.14 -0.241464
12.16 2.68578
12.18 5.70317
12.2 7.80718
12.22 8.07761
12.24 6.90405
12.26 3.73024
12.28 0.438956
12.3 -3.57086
12.32 -8.71149
12.34 -12.9701
12.36 -12.6213
12.38 -8.35238
12.4 -2.10062
12.42 4.55839
12.44 9.28856
12.46 12.0136
12.48 12.4466
12.5 10.9855
12.52 5.94959
12.54 -1.95238
12.56 -7.05851
12.58 -8.46675
12.6 -8.22324
12.62 -7.28347
12.64 -7.85292
12.66 -7.70154
12.68 -4.81484
12.7 0.541218
12.72 6.84147
12.74 11.2059
12.76 13.0833
12.78 12.1321
12.8 8.12592
12.82 2.38028
12.84 -3.69917
12.86 -9.51925
12.88 -12.159
12.9 -11.5805
12.92 -10.2039
12.94 -7.05415
12.96 -2.05745
12.98 3.02318
13 7.27625
13.02 10.4559
13.04 11.9992
13.06 11.4015
13.08 8.68117
13.1 4.99217
13.12 1.28574
13.14 -3.17699
13.16 -8.52988
13.18 -13.1769
13.2 -15.3082
13.22 -13.859
13.24 -9.65244
13.26 -3.90827
13.28 2.60947
13.3 9.28522
13.32 14.9751
13.34 17.9847
13.36 17.4838
13.38 13.1703
13.4 5.47725
13.42 -3.16538
13.44 -11.4996
13.46 -18.5447
13.48 -21.403
13.5 -18.1645
13.52 -9.62636
13.54 -0.0882
13.56 7.56747
13.58 12.4997
13.6 14.7268
13.62 15.4983
13.64 13.7842
13.66 8.91413
13.68 1.64857
13.7 -6.25444
13.72 -13.0493
13.74 -17.6824
13.76 -18.5027
13.78 -14.0648
13.8 -6.21944
13.82 1.18987
13.84 5.82804
13.86 7.92875
13.88 9.91636
13.9 12.7832
13.92 16.6262
13.94 17.0866
13.96 11.8249
13.98 2.28825
14 -8.94119
14.02 -17.6393
14.04 -23.0199
14.06 -23.5817
14.08 -18.5369
14.1 -9.39087
14.12 3.06977
14.14 14.9351
14.16 23.9032
14.18 28.3292
14.2 25.4521
14.22 16.9115
14.24 6.23294
14.26 -3.88741
14.28 -12.8464
14.3 -20.464
14.32 -25.7297
14.34 -29.0822
14.36 -27.0352
14.38 -15.8334
14.4 0.733932
14.42 16.1912
14.44 24.4037
14.46 25.3585
14.48 23.2057
14.5 19.0971
14.52 13.0441
14.54 4.07768
14.56 -7.07411
14.58 -17.4777
14.6 -24.6595
14.62 -25.7692
14.64 -19.8151
14.66 -8.23727
14.68 5.12455
14.7 16.0419
14.72 21.8709
14.74 22.0979
14.76 18.4249
14.78 12.1835
14.8 2.9659
14.82 -7.84989
14.84 -16.4906
14.86 -21.1733
14.88 -22.3758
14.9 -19.5303
14.92 -11.7093
14.94 -0.46035
14.96 10.5769
14.98 16.8242
15 15.8139
15.02 10.6121
15.04 6.51646
15.06 5.89738
15.08 5.9842
15.1 2.6867
15.12 -2.91903
15.14 -7.47319
15.16 -10.0084
15.18 -11.458
15.2 -13.071
15.22 -11.1405
15.24 -3.40583
15.26 6.40525
15.28 14.3296
15.3 15.8939
15.32 11.7281
15.34 6.39449
15.36 1.87006
15.38 -2.98107
15.4 -8.26221
15.42 -10.2584
15.44 -7.15618
15.46 -2.73604
15.48 -0.611165
15.5 0.0990217
15.52 1.30293
15.54 1.93523
15.56 0.475572
15.58 -0.718562
15.6 -0.0327973
15.62 1.78205
15.64 4.09357
15.66 4.81039
15.68 2.52239
15.7 1.23636
15.72 1.57649
15.74 0.589725
15.76 -2.5696
15.78 -5.50987
15.8 -6.15135
15.82 -4.81634
15.84 -3.31995
15.86 -3.29951
15.88 -2.17346
15.9 1.48988
15.92 7.39765
15.94 10.8533
15.96 9.49715
15.98 5.81187
16 3.2404
16.02 2.26371
16.04 -1.77391
16.06 -8.0495
16.08 -12.4929
16.1 -13.1477
16.12 -9.49419
16.14 -3.04784
16.16 4.30381
16.18 10.8926
16.2 15.1584
16.22 15.7796
16.24 12.0459
16.26 5.48368
16.28 -1.70588
16.3 -7.66863
16.32 -12.8975
16.34 -17.4806
16.36 -19.0815
16.38 -15.8401
16.4 -8.76489
16.42 -0.919087
16.44 5.85626
16.46 11.5249
16.48 15.7099
16.5 17.0457
16.52 15.6207
16.54 11.1208
16.56 4.87926
16.58 -1.56792
16.6 -7.69324
16.62 -12.9824
16.64 -16.7555
16.66 -17.3073
16.68 -14.1052
16.7 -8.15231
16.72 -0.986829
16.74 5.98615
16.76 11.7656
16.78 15.2916
16.8 15.7781
16.82 12.7722
16.84 7.72672
16.86 1.84162
16.88 -3.54659
16.9 -6.63389
16.92 -7.49208
16.94 -6.66176
16.96 -6.26234
16.98 -5.89856
17 -3.89348
17.02 -1.16611
17.04 1.61023
17.06 3.15354
17.08 2.92217
17.1 2.73129
17.12 2.88783
17.14 3.25214
17.16 3.71332
17.18 3.59422
17.2 2.629
17.22 1.14625
17.24 -0.796131
17.26 -2.32727
17.28 -3.4351
17.3 -4.27846
17.32 -4.46222
17.34 -3.84564
17.36 -1.95767
17.38 0.153461
17.4 2.18264
17.42 2.51091
17.44 1.29695
17.46 0.65024
17.48 1.02811
17.5 1.96123
17.52 1.58959
17.54 -0.0152536
17.56 -1.56526
17.58 -2.21275
17.6 -2.55732
17.62 -3.10992
17.64 -4.12933
17.66 -4.44228
17.68 -2.88623
17.7 0.218989
17.72 3.85002
17.74 6.82645
17.76 8.38788
17.78 7.91441
17.8 6.17118
17.82 3.05553
17.84 -0.245233
17.86 -2.80972
17.88 -4.88179
17.9 -7.66777
17.92 -11.2427
17.94 -12.176
17.96 -9.00571
17.98 -2.69172
18 4.11611
18.02 9.3522
18.04 12.6746
18.06 14.4645
18.08 14.4298
18.1 10.1957
18.12 2.623
18.14 -5.00709
18.16 -10.6765
18.18 -14.0355
18.2 -15.4721
18.22 -14.0338
18.24 -9.64689
18.26 -2.62391
18.28 4.64924
18.3 8.62911
18.32 9.17243
18.34 8.48692
18.36 8.3626
18.38 7.23896
18.4 3.31225
18.42 -1.53951
18.44 -5.53563
18.46 -7.25664
18.48 -7.09977
18.5 -5.74652
18.52 -2.79203
18.54 1.38584
18.56 5.67384
18.58 7.95998
18.6 8.03791
18.62 6.96103
18.64 5.45952
18.66 3.16351
18.68 -0.759547
18.7 -5.45646
18.72 -9.11095
18.74 -10.7104
18.76 -10.4137
18.78 -8.69383
18.8 -5.76508
18.82 -1.90669
18.84 2.41691
18.86 6.10623
18.88 9.09406
18.9 11.5755
18.92 13.0322
18.94 12.0459
18.96 8.07447
18.98 1.35525
19 -6.45345
19.02 -12.1315
19.04 -14.3576
19.06 -13.6836
19.08 -10.8889
19.1 -6.09502
19.12 -0.238254
19.14 5.26008
19.16 9.41807
19.18 11.0759
19.2 10.4781
19.22 7.85045
19.24 3.48596
19.26 -1.10914
19.28 -5.04599
19.3 -7.24005
19.32 -7.72202
19.34 -7.18133
19.36 -5.83012
19.38 -3.14914
19.4 0.561362
19.42 4.335
19.44 7.69325
19.46 9.80979
19.48 9.08004
19.5 5.45351
19.52 0.950341
19.54 -3.10021
19.56 -5.92948
19.58 -7.37317
19.6 -7.72059
19.62 -7.15785
19.64 -5.09033
19.66 -1.40252
19.68 3.0231
19.7 6.27403
19.72 7.64632
19.74 7.22863
19.76 5.34613
19.78 2.28545
19.8 -1.17106
19.82 -3.66561
19.84 -5.15612
19.86 -5.72952
19.88 -4.91134
19.9 -3.18821
19.92 -0.880086
19.94 1.77261
19.96 3.23514
19.98 3.38862
20 3.40929
20.02 4.08492
20.04 5.31582
20.06 6.15866
20.08 4.96846
20.1 1.53556
20.12 -2.90818
20.14 -7.55131
20.16 -11.3049
20.18 -12.2233
20.2 -10.0489
20.22 -5.71568
20.24 -0.574344
20.26 4.42204
20.28 8.0837
20.3 10.0674
20.32 10.5195
20.34 9.50415
20.36 7.05222
20.38 3.09744
20.4 -1.24542
20.42 -5.24151
20.44 -8.43025
20.46 -10.5673
20.48 -10.4795
20.5 -8.06598
20.52 -4.61017
20.54 -1.21019
20.56 2.26253
20.58 6.66912
20.6 10.9747
20.62 13.8653
20.64 13.1917
20.66 7.65202
20.68 0.133065
20.7 -5.50475
20.72 -8.87979
20.74 -11.0204
20.76 -13.4807
20.78 -15.1679
20.8 -12.0142
20.82 -4.42343
20.84 4.32513
20.86 10.9351
20.88 14.7143
20.9 16.3853
20.92 15.3087
20.94 11.1816
20.96 4.31735
20.98 -2.90212
21 -7.9611
21.02 -10.744
21.04 -12.5487
21.06 -13.6804
21.08 -12.3846
21.1 -7.14889
21.12 0.802282
21.14 8.14303
21.16 12.9272
21.18 14.7449
21.2 14.1539
21.22 10.611
21.24 3.40798
21.26 -5.68621
21.28 -13.5367
21.3 -17.3691
21.32 -16.3357
21.34 -11.9342
21.36 -5.53838
21.38 1.85361
21.4 8.44878
21.42 12.5904
21.44 13.5571
21.46 12.7033
21.48 11.6407
21.5 8.93024
21.52 3.52025
21.54 -3.56531
21.56 -10.9243
21.58 -15.8102
21.6 -17.0419
21.62 -14.2104
21.64 -8.99005
21.66 -3.25497
21.68 2.94383
21.7 8.76824
21.72 13.9384
21.74 17.579
21.76 17.5066
21.78 13.2081
21.8 4.93419
21.82 -4.79591
21.84 -11.7794
21.86 -14.9434
21.88 -15.1212
21.9 -13.2179
21.92 -9.4874
21.94 -4.33142
21.96 1.69013
21.98 7.7024
22 12.0759
22.02 13.325
22.04 12.0727
22.06 9.02115
22.08 4.18216
22.1 -1.71093
22.12 -6.93359
22.14 -10.5188
22.16 -12.0575
22.18 -10.9503
22.2 -7.38458
22.22 -2.89527
22.24 1.21316
22.26 4.33097
22.28 5.59837
22.3 6.63853
22.32 7.71793
22.34 7.60273
22.36 5.88612
22.38 3.01996
22.4 -0.74089
22.42 -4.95705
22.44 -8.56823
22.46 -10.3418
22.48 -9.2309
22.5 -5.29584
22.52 -0.0632027
22.54 4.23564
22.56 6.8701
22.58 8.68635
22.6 9.98102
22.62 9.90351
22.64 7.10651
22.66 1.22457
22.68 -5.422
22.7 -10.2024
22.72 -11.6748
22.74 -10.6024
22.76 -7.48756
22.78 -2.454
22.8 2.81951
22.82 7.42238
22.84 10.0478
22.86 9.89376
22.88 7.28754
22.9 2.73584
22.92 -2.23417
22.94 -6.33991
22.96 -8.68165
22.98 -8.63795
23 -6.9415
23.02 -3.75063
23.04 0.0744299
23.06 3.00642
23.08 5.29071
23.1 6.33709
23.12 6.0475
23.14 5.65139
23.16 4.94057
23.18 2.91211
23.2 -0.010592
23.22 -3.11302
23.24 -5.87019
23.26 -7.4053
23.28 -8.35124
23.3 -7.32934
23.32 -4.56232
23.34 -0.989549
23.36 3.98301
23.38 8.06889
23.4 9.43809
23.42 8.11683
23.44 5.64727
23.46 3.39489
23.48 -0.294741
23.5 -5.16694
23.52 -7.81408
23.54 -7.69905
23.56 -5.56917
23.58 -2.45684
23.6 0.762262
23.62 2.37121
23.64 3.48252
23.66 4.86638
23.68 3.93864
23.7 1.79246
23.72 -0.121403
23.74 -1.74794
23.76 -1.83177
23.78 -0.90926
23.8 0.10739
23.82 -0.257278
23.84 -1.23909
23.86 -1.09459
23.88 -0.754704
23.9 -0.158398
23.92 -0.179398
23.94 -0.91084
23.96 -0.690043
23.98 0.802474
24 2.41441
24.02 2.92647
24.04 1.23949
24.06 -0.204335
24.08 -0.512849
24.1 -1.04709
24.12 -1.90727
24.14 -3.09868
24.16 -3.89188
24.18 -2.76448
24.2 0.660856
24.22 3.53423
24.24 4.28882
24.26 2.86576
24.28 1.42802
24.3 0.795131
24.32 0.137184
24.34 -0.272152
24.36 -0.250449
24.38 0.395766
24.4 0.788879
24.42 -0.929186
24.44 -3.84193
24.46 -5.17169
24.48 -3.71692
24.5 -0.837483
24.52 1.26096
24.54 2.69004
24.56 4.1072
24.58 5.02627
24.6 4.10768
24.62 1.95006
24.64 0.759264
24.66 0.202251
24.68 -1.14133
24.7 -3.58481
24.72 -5.84813
24.74 -6.27311
24.76 -4.14375
24.78 -0.609792
24.8 1.27447
24.82 1.78488
24.84 2.75538
24.86 4.64335
24.88 6.3551
24.9 5.19312
24.92 1.76242
24.94 -1.67939
24.96 -4.07047
24.98 -5.25509
25 -5.60734
25.02 -4.44176
25.04 -1.75089
25.06 0.597846
25.08 1.87403
25.1 2.43081
25.12 3.31829
25.14 5.22621
25.16 5.83195
25.18 3.73294
25.2 0.11433
25.22 -2.90779
25.24 -3.98938
25.26 -3.89036
25.28 -4.45436
25.3 -5.37497
25.32 -4.36852
25.34 -1.34496
25.36 1.18912
25.38 2.24344
25.4 2.91259
25.42 4.22032
25.44 5.46188
25.46 4.8995
25.48 2.92213
25.5 1.28837
25.52 0.443515
25.54 -0.633607
25.56 -2.9391
25.58 -5.76051
25.6 -6.60666
25.62 -4.29371
25.64 -1.70659
25.66 -0.445271
25.68 0.78586
25.7 2.82844
25.72 5.62775
25.74 7.60926
25.76 7.27717
25.78 4.4976
25.8 1.04233
25.82 -2.03201
25.84 -5.49316
25.86 -9.01125
25.88 -10.4403
25.9 -8.61183
25.92 -4.52208
25.94 0.0629495
25.96 3.80601
25.98 6.41178
26 7.89187
26.02 7.98692
26.04 6.43939
26.06 3.48415
26.08 0.15302
26.1 -2.48475
26.12 -4.63451
26.14 -6.72524
26.16 -7.7042
26.18 -6.5512
26.2 -3.60205
26.22 -0.139445
26.24 3.05305
26.26 5.76079
26.28 7.34033
26.3 7.15785
26.32 5.46126
26.34 2.7974
26.36 -0.146805
26.38 -2.68439
26.4 -4.70752
26.42 -5.85826
26.44 -6.04433
26.46 -4.67048
26.48 -1.9235
26.5 0.375703
26.52 2.06632
26.54 3.56516
26.56 4.73326
26.58 4.85357
26.6 3.23078
26.62 0.938774
26.64 -1.05927
26.66 -2.40036
26.68 -3.11899
26.7 -3.68158
26.72 -3.75415
26.74 -2.54563
26.76 -0.0754235
26.78 2.28366
26.8 3.07292
26.82 2.2226
26.84 1.28922
26.86 1.37117
26.88 1.55569
26.9 0.716877
26.92 -0.911063
26.94 -2.14413
26.96 -2.23282
26.98 -1.57383
27 -0.985024
27.02 -0.199056
27.04 0.819212
27.06 1.91789
27.08 2.47537
27.1 1.56781
27.12 -0.187756
27.14 -1.54559
27.16 -1.65654
27.18 -0.976348
27.2 -0.540447
27.22 -0.2627
27.24 0.843986
27.26 2.2924
27.28 2.74988
27.3 1.16962
27.32 -1.26568
27.34 -3.30995
27.36 -4.9239
27.38 -5.01287
27.4 -2.93919
27.42 0.477341
27.44 3.27602
27.46 4.70565
27.48 4.755
27.5 3.47815
27.52 1.95337
27.54 0.540578
27.56 -0.704857
27.58 -2.24765
27.6 -3.84221
27.62 -4.01362
27.64 -2.73862
27.66 -0.926452
27.68 0.724213
27.7 2.22512
27.72 3.43567
27.74 3.65991
27.76 2.92296
27.78 1.43837
27.8 -0.509613
27.82 -2.1547
27.84 -3.19378
27.86 -3.59327
27.88 -3.36953
27.9 -1.98315
27.92 0.290069
27.94 2.11893
27.96 3.31444
27.98 3.82555
28 4.03567
28.02 4.04266
28.04 2.8416
28.06 0.0540099
28.08 -3.37255
28.1 -5.76501
28.12 -6.13324
28.14 -4.97911
28.16 -3.29879
28.18 -1.64665
28.2 0.60559
28.22 3.34228
28.24 5.44716
28.26 6.64675
28.28 6.28964
28.3 4.01973
28.32 0.394808
28.34 -2.92539
28.36 -5.12348
28.38 -6.08244
28.4 -5.56285
28.42 -4.33998
28.44 -2.80006
28.46 -0.574511
28.48 1.85511
28.5 3.61605
28.52 4.55295
28.54 5.19622
28.56 5.59073
28.58 4.96528
28.6 3.0962
28.62 0.398561
28.64 -2.78843
28.66 -5.46645
28.68 -6.66157
28.7 -6.27107
28.72 -4.79258
28.74 -2.74652
28.76 -0.15833
28.78 2.46127
28.8 4.28563
28.82 4.87098
28.84 4.54779
28.86 3.55584
28.88 2.32614
28.9 0.531337
28.92 -1.57873
28.94 -3.5402
28.96 -4.96488
28.98 -5.06692
29 -3.82879
29.02 -1.14634
29.04 1.65781
29.06 3.43231
29.08 3.79191
29.1 3.40538
29.12 2.93183
29.14 2.05422
29.16 0.624386
29.18 -1.36796
29.2 -3.19244
29.22 -3.5822
29.24 -2.38312
29.26 -1.44207
29.28 -1.38258
29.3 -1.43363
29.32 -0.550866
29.34 1.48338
29.36 3.41793
29.38 4.34175
29.4 3.82561
29.42 1.9526
29.44 -0.262475
29.46 -1.60468
29.48 -1.55606
29.5 -0.342736
29.52 0.724851
29.54 -0.259491
29.56 -2.77989
29.58 -4.51482
29.6 -4.77103
29.62 -3.99412
29.64 -2.90731
29.66 -0.980634
29.68 3.30363
29.7 8.68416
29.72 11.5507
29.74 8.93772
29.76 2.67037
29.78 -2.72775
29.8 -5.42986
29.82 -5.14493
29.84 -4.31083
29.86 -3.80476
29.88 -2.64818
29.9 -2.31293
29.92 -2.10871
29.94 -1.68956
29.96 -1.0528
29.98 1.06689
30 5.23332
30.02 7.55034
30.04 5.94925
30.06 4.22277
30.08 2.74887
30.1 0.716203
30.12 -2.43843
30.14 -7.44216
30.16 -10.6641
30.18 -8.77974
30.2 -3.53242
30.22 0.927141
30.24 2.52357
30.26 3.2106
30.28 4.70731
30.3 6.35315
30.32 6.5913
30.34 5.20975
30.36 3.05691
30.38 1.20978
30.4 -0.591766
30.42 -3.77561
30.44 -7.47088
30.46 -9.69465
30.48 -9.02014
30.5 -5.95581
30.52 -2.04372
30.54 2.73649
30.56 7.738
30.58 11.2211
30.6 11.1753
30.62 7.24163
30.64 1.92026
30.66 -2.30525
30.68 -4.79249
30.7 -6.25464
30.72 -6.76367
30.74 -6.30747
30.76 -4.76536
30.78 -2.75881
30.8 -0.352612
30.82 2.34147
30.84 4.73064
30.86 6.53364
30.88 6.60501
30.9 4.79185
30.92 2.76715
30.94 1.49826
30.96 -0.167193
30.98 -3.35441
31 -6.85367
31.02 -8.47782
31.04 -7.36589
31.06 -4.25055
31.08 -1.07226
31.1 1.73305
31.12 4.66067
31.14 7.22777
31.16 8.57545
31.18 7.6473
31.2 4.96319
31.22 2.07928
31.24 -0.727816
31.26 -4.21507
31.28 -7.81891
31.3 -10.1387
31.32 -10.261
31.34 -7.94109
31.36 -4.12332
31.38 0.142097
31.4 4.56276
31.42 8.83785
31.44 11.7248
31.46 11.8639
31.48 9.03527
31.5 4.22143
31.52 -0.818409
31.54 -4.96252
31.56 -8.31323
31.58 -10.618
31.6 -11.0702
31.62 -9.04739
31.64 -5.27001
31.66 -0.744501
31.68 3.92834
31.7 8.02457
31.72 10.6452
31.74 11.017
31.76 9.1344
31.78 5.4716
31.8 0.996433
31.82 -3.55436
31.84 -7.50157
31.86 -10.0049
31.88 -10.9145
31.9 -9.54759
31.92 -5.65727
31.94 -0.380731
31.96 5.13617
31.98 9.09103
32 10.1085
32.02 8.68223
32.04 6.01193
32.06 3.17812
32.08 0.398262
32.1 -2.80135
32.12 -6.01828
32.14 -7.98037
32.16 -8.11389
32.18 -6.80227
32.2 -4.77807
32.22 -2.06026
32.24 1.30995
32.26 5.61332
32.28 9.76982
32.3 10.7858
32.32 8.34841
32.34 4.07175
32.36 -0.422314
32.38 -4.57121
32.4 -8.08859
32.42 -10.1214
32.44 -9.89511
32.46 -6.85599
32.48 -1.69032
32.5 3.9516
32.52 8.28935
32.54 9.92167
32.56 9.11105
32.58 6.51888
32.6 3.14826
32.62 0.137704
32.64 -2.29202
32.66 -4.44575
32.68 -6.46851
32.7 -8.05953
32.72 -8.0888
32.74 -6.54309
32.76 -3.84993
32.78 -0.194308
32.8 3.5428
32.82 6.82325
32.84 9.28897
32.86 10.0963
32.88 7.98995
32.9 3.71637
32.92 -0.69957
32.94 -4.06769
32.96 -6.43966
32.98 -7.82706
33 -8.10673
33.02 -7.4151
33.04 -5.08265
33.06 -1.27284
33.08 2.47789
33.1 5.37454
33.12 7.39046
33.14 8.31776
33.16 7.73734
33.18 5.40081
33.2 1.60553
33.22 -1.98494
33.24 -4.42987
33.26 -5.95993
33.28 -7.01739
33.3 -7.55709
33.32 -6.35811
33.34 -3.51289
33.36 0.348002
33.38 4.24312
33.4 7.05715
33.42 8.05179
33.44 7.2124
33.46 4.94263
33.48 2.05389
33.5 -0.904481
33.52 -3.68386
33.54 -5.10983
33.56 -5.40889
33.58 -5.5383
33.6 -5.18322
33.62 -3.09972
33.64 -0.302834
33.66 1.9881
33.68 4.14367
33.7 5.88518
33.72 6.28936
33.74 4.98574
33.76 2.49366
33.78 -0.494024
33.8 -2.89529
33.82 -4.19698
33.84 -4.70031
33.86 -4.78938
33.88 -4.00571
33.9 -2.16552
33.92 0.198251
33.94 2.61751
33.96 4.47331
33.98 5.62018
34 5.96923
34.02 5.12865
34.04 2.90714
34.06 -0.580393
34.08 -4.09392
34.1 -6.53694
34.12 -7.37227
34.14 -6.87048
34.16 -5.1678
34.18 -2.04321
34.2 1.41274
34.22 4.67723
34.24 6.91028
34.26 7.51882
34.28 6.53887
34.3 4.15984
34.32 0.723403
34.34 -2.61995
34.36 -5.04016
34.38 -6.26567
34.4 -6.05884
34.42 -4.86331
34.44 -3.081
34.46 -1.0733
34.48 1.18225
34.5 3.52119
34.52 5.545
34.54 6.54867
34.56 6.06253
34.58 4.05826
34.6 1.12192
34.62 -1.8214
34.64 -4.29834
34.66 -5.91408
34.68 -6.38585
34.7 -5.72915
34.72 -3.69182
34.74 -0.87519
34.76 2.0239
34.78 4.49078
34.8 5.81834
34.82 5.93755
34.84 4.90443
34.86 2.8882
34.88 0.32788
34.9 -2.05226
34.92 -3.50839
34.94 -3.84296
34.96 -3.65862
34.98 -3.39369
35 -2.56193
35.02 -1.14246
35.04 0.416029
35.06 2.03252
35.08 3.36143
35.1 4.02908
35.12 3.84532
35.14 2.89579
35.16 1.30596
35.18 -0.875138
35.2 -2.85593
35.22 -3.78933
35.24 -3.98852
35.26 -3.51796
35.28 -1.99099
35.3 0.0465156
35.32 1.64301
35.34 2.53309
35.36 2.83647
35.38 2.7992
35.4 2.61768
35.42 2.19946
35.44 1.16626
35.46 -0.710041
35.48 -2.32972
35.5 -3.09583
35.52 -3.26133
35.54 -3.0307
35.56 -2.38034
35.58 -1.23008
35.6 0.184276
35.62 1.71556
35.64 2.68995
35.66 2.82154
35.68 2.4879
35.7 2.22014
35.72 1.75052
35.74 0.372511
35.76 -1.12251
35.78 -2.22891
35.8 -2.72327
35.82 -2.63254
35.84 -1.99388
35.86 -0.905611
35.88 0.100874
35.9 1.19037
35.92 2.31364
35.94 2.72743
35.96 2.27216
35.98 1.51206
36 0.633333
36.02 -0.291376
36.04 -1.24642
36.06 -2.23548
36.08 -3.06174
36.1 -3.25503
36.12 -2.45091
36.14 -0.969003
36.16 0.606221
36.18 1.78014
36.2 2.34444
36.22 2.73401
36.24 2.98307
36.26 2.47588
36.28 1.21564
36.3 -0.42676
36.32 -1.87482
36.34 -2.55084
36.36 -2.60964
36.38 -2.24282
36.4 -1.43575
36.42 -0.131744
36.44 1.00989
36.46 1.74807
36.48 2.14131
36.5 2.22782
36.52 2.07204
36.54 1.42758
36.56 0.555753
36.58 -0.428132
36.6 -1.33563
36.62 -2.27355
36.64 -3.16475
36.66 -3.57765
36.68 -3.15829
36.7 -1.67296
36.72 0.418692
36.74 2.05396
36.76 2.85746
36.78 3.18188
36.8 3.40714
36.82 3.3782
36.84 2.5306
36.86 0.915578
36.88 -1.05902
36.9 -2.5174
36.92 -3.24555
36.94 -3.52907
36.96 -3.31737
36.98 -2.52461
37 -1.22434
37.02 0.2193
37.04 1.60736
37.06 2.96807
37.08 3.69029
37.1 3.631
37.12 2.9114
37.14 1.33182
37.16 -0.46253
37.18 -2.18911
37.2 -3.28243
37.22 -3.40078
37.24 -3.03565
37.26 -2.25219
37.28 -0.881717
37.3 0.735148
37.32 1.94815
37.34 2.63426
37.36 2.80227
37.38 2.57313
37.4 2.29907
37.42 1.67983
37.44 0.436299
37.46 -1.08673
37.48 -2.43544
37.5 -3.29888
37.52 -3.59306
37.54 -3.22809
37.56 -2.25093
37.58 -0.996821
37.6 0.502299
37.62 2.27886
37.64 3.7324
37.66 4.44165
37.68 4.07597
37.7 2.94428
37.72 1.36592
37.74 -0.699521
37.76 -2.74294
37.78 -4.07415
37.8 -4.30567
37.82 -3.68429
37.84 -2.61523
37.86 -1.43037
37.88 -0.174561
37.9 1.31927
37.92 2.84329
37.94 3.95828
37.96 4.32308
37.98 3.63944
38 2.20067
38.02 0.559267
38.04 -1.23246
38.06 -2.79257
38.08 -3.83762
38.1 -4.05103
38.12 -3.37167
38.14 -2.35745
38.16 -0.688065
38.18 1.40896
38.2 3.11467
38.22 3.95085
38.24 3.63472
38.26 2.79235
38.28 1.66517
38.3 0.312915
38.32 -1.2558
38.34 -2.758
38.36 -3.61936
38.38 -3.64692
38.4 -2.6825
38.42 -1.35763
38.44 -0.0433562
38.46 1.22941
38.48 2.35045
38.5 3.15958
38.52 3.18179
38.54 2.51287
38.56 1.44515
38.58 -0.0137187
38.6 -1.55338
38.62 -2.80128
38.64 -3.41219
38.66 -3.17458
38.68 -2.11905
38.7 -0.76537
38.72 0.50732
38.74 1.88268
38.76 2.92706
38.78 3.3797
38.8 2.96475
38.82 1.8666
38.84 0.611116
38.86 -0.739693
38.88 -1.86028
38.9 -2.82793
38.92 -3.30496
38.94 -2.82747
38.96 -1.47236
38.98 0.000270771
39 1.05987
39.02 1.99337
39.04 2.63399
39.06 2.87184
39.08 2.47397
39.1 1.40515
39.12 0.21307
39.14 -0.773593
39.16 -1.55968
39.18 -2.28948
39.2 -2.76562
39.22 -2.74936
39.24 -2.10878
39.26 -0.808414
39.28 0.708157
39.3 2.07312
39.32 3.07627
39.34 3.34641
39.36 2.56318
39.38 0.998887
39.4 -0.375455
39.42 -1.14378
39.44 -1.54563
39.46 -1.9107
39.48 -2.23796
39.5 -2.15478
39.52 -1.35089
39.54 -0.0929239
39.56 0.83799
39.58 1.28251
39.6 1.64318
39.62 2.02895
39.64 1.99329
39.66 1.40618
39.68 0.396297
39.7 -0.757976
39.72 -1.7016
39.74 -2.31358
39.76 -2.29771
39.78 -1.63245
39.8 -0.723893
39.82 0.0737473
39.84 0.66988
39.86 1.04395
39.88 1.21695
39.9 1.39097
39.92 1.47267
39.94 1.42766
39.96 1.11447
39.98 0.440529
40 -0.376962
40.02 -1.26704
40.04 -1.94355
40.06 -2.03912
40.08 -1.65567
40.1 -0.991726
40.12 -0.284197
40.14 0.362762
40.16 0.990838
40.18 1.43819
40.2 1.68571
40.22 1.88404
40.24 1.79667
40.26 1.17186
40.28 0.0812545
40.3 -1.41575
40.32 -2.52352
40.34 -2.54721
40.36 -1.80444
40.38 -0.88032
40.4 -0.157016
40.42 0.577723
40.44 1.49847
40.46 2.09898
40.48 1.77942
40.5 0.821082
40.52 0.0300666
40.54 -0.432958
40.56 -0.713965
40.58 -0.901763
40.6 -1.0833
40.62 -1.04703
40.64 -0.600831
40.66 -0.126244
40.68 0.0164749
40.7 0.0733682
40.72 0.357219
40.74 0.737215
40.76 1.04578
40.78 1.14817
40.8 0.942705
40.82 0.609322
40.84 0.144841
40.86 -0.515353
40.88 -1.17971
40.9 -1.50634
40.92 -1.27445
40.94 -0.798929
40.96 -0.378586
40.98 -0.0547719
41 0.400521
41.02 1.04677
41.04 1.51024
41.06 1.45416
41.08 0.995712
41.1 0.451602
41.12 -0.0742409
41.14 -0.621634
41.16 -1.153
41.18 -1.29694
41.2 -1.02364
41.22 -0.477081
41.24 -0.0430807
41.26 0.130101
41.28 0.41492
41.3 0.855621
41.32 1.19644
41.34 1.06534
41.36 0.507031
41.38 -0.0304125
41.4 -0.337118
41.42 -0.561422
41.44 -0.917591
41.46 -1.18516
41.48 -1.07292
41.5 -0.723555
41.52 -0.217105
41.54 0.200236
41.56 0.653142
41.58 1.10118
41.6 1.31579
41.62 1.19232
41.64 0.648749
41.66 0.052657
41.68 -0.406144
41.7 -0.715362
41.72 -0.915543
41.74 -1.09436
41.76 -1.03164
41.78 -0.668357
41.8 -0.251228
41.82 0.141585
41.84 0.450767
41.86 0.775092
41.88 1.05688
41.9 1.08577
41.92 0.763425
41.94 0.307348
41.96 -0.021689
41.98 -0.233049
42 -0.530074
42.02 -0.880277
42.04 -1.01147
42.06 -0.838707
42.08 -0.548869
42.1 -0.280922
42.12 0.0368715
42.14 0.435559
42.16 0.87937
42.18 1.12455
42.2 0.988089
42.22 0.620421
42.24 0.206723
42.26 -0.194445
42.28 -0.561423
42.3 -0.848447
42.32 -0.914807
42.34 -0.712285
42.36 -0.426458
42.38 -0.145143
42.4 0.137398
42.42 0.397044
42.44 0.641394
42.46 0.745698
42.48 0.62064
42.5 0.332634
42.52 0.0903426
42.54 -0.0782457
42.56 -0.230967
42.58 -0.41487
42.6 -0.574346
42.62 -0.516269
42.64 -0.322607
42.66 -0.121621
42.68 0.0459093
42.7 0.188295
42.72 0.359303
42.74 0.5009
42.76 0.514569
42.78 0.382905
42.8 0.181621
42.82 -0.0334773
42.84 -0.219878
42.86 -0.374883
42.88 -0.484906
42.9 -0.481645
42.92 -0.36453
42.94 -0.169382
42.96 0.0534958
42.98 0.26454
43 0.431901
43.02 0.513294
43.04 0.481355
43.06 0.330197
43.08 0.112591
43.1 -0.115854
43.12 -0.314136
43.14 -0.465793
43.16 -0.527382
43.18 -0.464673
43.2 -0.292101
43.22 -0.0607979
43.24 0.15324
43.26 0.328036
43.28 0.441517
43.3 0.48322
43.32 0.430269
43.34 0.282441
43.36 0.0718331
43.38 -0.156592
43.4 -0.34178
43.42 -0.461011
43.44 -0.490395
43.46 -0.417817
43.48 -0.264946
43.5 -0.0618875
43.52 0.148662
43.54 0.322472
43.56 0.430287
43.58 0.451393
43.6 0.379579
43.62 0.235796
43.64 0.0521259
43.66 -0.136174
43.68 -0.292162
43.7 -0.391448
43.72 -0.416513
43.74 -0.358326
43.76 -0.227316
43.78 -0.0544057
43.8 0.122488
43.82 0.271389
43.84 0.367298
43.86 0.393105
43.88 0.341808
43.9 0.222234
43.92 0.0610232
43.94 -0.106291
43.96 -0.247218
43.98 -0.325977
44 -0.353259
44.02 -0.312597
