0.02 -0.0114524
0.04 -0.0296046
0.06 0.0402669
0.08 0.074469
0.1 -0.112737
0.12 -0.115791
0.14 0.0596981
0.16 0.101047
0.18 -0.0763524
0.2 -0.145248
0.22 0.127067
0.24 0.16547
0.26 -0.0162291
0.28 -0.058502
0.3 0.0750829
0.32 0.124455
0.34 -0.0315933
0.36 -0.157879
0.38 -0.0240189
0.4 0.143122
0.42 -0.00592702
0.44 -0.223437
0.46 -0.062074
0.48 0.0705577
0.5 0.0358855
0.52 -0.0361804
0.54 -0.0286802
0.56 0.085517
0.58 0.111195
0.6 0.128132
0.62 0.0169926
0.64 -0.138739
0.66 -0.0910325
0.68 0.00871202
0.7 -0.0394769
0.72 -0.0187238
0.74 -0.0801801
0.76 -0.00842858
0.78 0.135956
0.8 0.0640714
0.82 0.0632621
0.84 0.0355551
0.86 -0.13157
0.88 -0.102303
0.9 0.0851935
0.92 0.120945
0.94 -0.0848316
0.96 -0.323221
0.98 -0.0464152
1 0.342442
1.02 0.0920537
1.04 -0.28359
1.06 -0.0121158
1.08 0.377506
1.1 0.303375
1.12 -0.151863
1.14 -0.414634
1.16 -0.0394395
1.18 0.243259
1.2 -0.101719
1.22 -0.315106
1.24 -0.101532
1.26 0.242847
1.28 0.107495
1.3 -0.0717509
1.32 0.127434
1.34 0.130825
1.36 0.165319
1.38 -0.0304922
1.4 -0.100868
1.42 0.0164897
1.44 -0.164274
1.46 -0.270669
1.48 -0.101734
1.5 0.204129
1.52 0.0979203
1.54 -0.0678291
1.56 0.0547676
1.58 0.274089
1.6 -0.0218516
1.62 -0.141896
1.64 -0.103009
1.66 -0.00194042
1.68 0.162056
1.7 -0.130079
1.72 -0.0832091
1.74 0.07798
1.76 0.123975
1.78 -0.176352
1.8 -0.155928
1.82 -0.119796
1.84 0.102701
1.86 0.258157
1.88 0.0196811
1.9 -0.0340075
1.92 0.246017
1.94 0.282551
1.96 -0.039745
1.98 -0.317843
2 -0.368589
2.02 -0.0592233
2.04 0.0743932
2.06 0.0028665
2.08 -0.17677
2.1 0.0277294
2.12 0.36914
2.14 0.363877
2.16 -0.0116873
2.18 -0.0944419
2.2 -0.0441105
2.22 -0.0480508
2.24 -0.334218
2.26 -0.22736
2.28 0.0843141
2.3 -0.318068
2.32 -0.14656
2.34 0.379019
2.36 0.494799
2.38 0.347007
2.4 0.148296
2.42 -0.183143
2.44 -0.0290292
2.46 0.0946046
2.48 -0.214565
2.5 -0.00868346
2.52 -0.214598
2.54 -0.67254
2.56 -0.111948
2.58 0.292536
2.6 0.0817749
2.62 -0.410156
2.64 0.0208398
2.66 0.719536
2.68 0.525249
2.7 0.139721
2.72 0.000753023
2.74 0.0479491
2.76 -0.292347
2.78 -0.0376667
2.8 -0.090607
2.82 -0.633691
2.84 -0.653526
2.86 0.000728718
2.88 0.287561
2.9 0.36865
2.92 0.77768
2.94 0.481844
2.96 -0.181045
2.98 -0.295408
3 0.253042
3.02 0.0652372
3.04 -0.636477
3.06 -0.882545
3.08 -0.51182
3.1 0.135765
3.12 0.387405
3.14 -0.0186934
3.16 0.289377
3.18 0.64441
3.2 0.257409
3.22 0.592707
3.24 0.672989
3.26 -0.349518
3.28 -1.33122
3.3 -0.518151
3.32 0.564962
3.34 -0.00829825
3.36 -1.21294
3.38 -0.754865
3.4 0.781562
3.42 1.40379
3.44 0.502198
3.46 -0.577098
3.48 -0.20054
3.5 0.581655
3.52 0.893566
3.54 -0.171501
3.56 -1.27971
3.58 -0.990039
3.6 0.32917
3.62 0.791188
3.64 -0.473723
3.66 -1.0222
3.68 -0.133521
3.7 1.23956
3.72 1.31168
3.74 -0.581091
3.76 -1.01347
3.78 0.690525
3.8 1.79664
3.82 0.0119559
3.84 -1.76263
3.86 -0.905086
3.88 0.322086
3.9 0.565227
3.92 -0.762806
3.94 -1.16285
3.96 0.113309
3.98 1.09758
4 0.90153
4.02 0.054374
4.04 -0.254799
4.06 0.398951
4.08 0.89823
4.1 0.399149
4.12 -1.132
4.14 -1.61158
4.16 -0.184704
4.18 0.413543
4.2 -0.148269
4.22 -0.340362
4.24 0.150496
4.26 0.846937
4.28 1.21045
4.3 0.798307
4.32 -0.613343
4.34 -0.714322
4.36 0.346857
4.38 0.208591
4.4 -1.24674
4.42 -1.54788
4.44 -0.231815
4.46 1.01091
4.48 0.771779
4.5 -0.731537
4.52 -0.107372
4.54 1.19924
4.56 1.15395
4.58 -0.22044
4.6 -1.00804
4.62 -0.0323387
4.64 1.00297
4.66 0.195954
4.68 -1.31524
4.7 -1.26608
4.72 0.290319
4.74 0.684025
4.76 -0.502192
4.78 -0.555901
4.8 0.522926
4.82 1.02579
4.84 0.514131
4.86 0.0784267
4.88 -0.0206239
4.9 -0.312541
4.92 -0.128428
4.94 0.149132
4.96 0.0782033
4.98 -0.983315
5 -1.13485
5.02 0.36537
5.04 0.632948
5.06 0.0562142
5.08 0.0976618
5.1 0.75046
5.12 0.558751
5.14 0.526925
5.16 0.224113
5.18 -0.81216
5.2 -1.0038
5.22 -0.158301
5.24 0.113699
5.26 -0.605869
5.28 -0.558154
5.3 0.203337
5.32 0.939306
5.34 0.828373
5.36 -0.106367
5.38 -0.333131
5.4 0.267921
5.42 0.740955
5.44 -0.151337
5.46 -0.700885
5.48 -0.266542
5.5 -0.177838
5.52 -0.089227
5.54 -0.425818
5.56 -0.779392
5.58 -0.101927
5.6 0.74012
5.62 1.09581
5.64 0.222558
5.66 -0.383395
5.68 0.598296
5.7 0.798318
5.72 -0.329364
5.74 -1.24902
5.76 -0.67038
5.78 -0.000144191
5.8 -0.035686
5.82 -0.476309
5.84 -0.534484
5.86 0.590963
5.88 1.57989
5.9 0.826469
5.92 -0.201507
5.94 0.282148
5.96 0.627412
5.98 -0.178727
6 -0.731307
6.02 -0.666916
6.04 -0.770179
6.06 -0.540579
6.08 -0.248932
6.1 -0.665483
6.12 -0.563819
6.14 0.312571
6.16 1.02103
6.18 0.930651
6.2 0.781951
6.22 0.899195
6.24 0.998399
6.26 0.607467
6.28 -0.479074
6.3 -1.15897
6.32 -1.44173
6.34 -1.27933
6.36 -1.35991
6.38 -0.859824
6.4 0.231167
6.42 0.656039
6.44 1.01911
6.46 1.55311
6.48 1.88963
6.5 1.57559
6.52 0.759202
6.54 -0.90555
6.56 -1.48465
6.58 -0.734795
6.6 -0.930529
6.62 -2.3782
6.64 -2.18879
6.66 0.234064
6.68 1.34354
6.7 0.968331
6.72 0.441347
6.74 1.29607
6.76 2.59921
6.78 2.21804
6.8 -0.469973
6.82 -1.59157
6.84 -0.612317
6.86 -0.56304
6.88 -1.69188
6.9 -2.79346
6.92 -1.45904
6.94 0.789415
6.96 1.11091
6.98 0.221694
7 1.02016
7.02 2.23489
7.04 1.90364
7.06 0.365096
7.08 -0.863391
7.1 -0.2118
7.12 0.432251
7.14 -1.14009
7.16 -2.97929
7.18 -1.4031
7.2 1.05155
7.22 0.565334
7.24 -1.19077
7.26 -0.507077
7.28 2.4528
7.3 2.81678
7.32 0.461609
7.34 -0.941463
7.36 0.211654
7.38 0.624762
7.4 -0.948873
7.42 -1.41658
7.44 -1.12677
7.46 -1.07608
7.48 -0.685619
7.5 -0.194368
7.52 0.355087
7.54 0.508417
7.56 0.732812
7.58 1.62319
7.6 1.86353
7.62 1.40817
7.64 -0.466567
7.66 -1.06101
7.68 -0.305154
7.7 -0.44211
7.72 -1.20928
7.74 -1.78029
7.76 -0.442273
7.78 -0.435693
7.8 -0.326498
7.82 0.789517
7.84 1.04809
7.86 1.50726
7.88 1.91654
7.9 1.08217
7.92 -0.125571
7.94 -0.966488
7.96 -0.752493
7.98 -1.34468
8 -2.43766
8.02 -1.78966
8.04 -0.524061
8.06 1.12326
8.08 1.31431
8.1 0.776593
8.12 1.61215
8.14 2.49394
8.16 1.23501
8.18 -0.420464
8.2 -1.2517
8.22 -1.31295
8.24 -0.610624
8.26 -0.541783
8.28 -0.974307
8.3 -1.50851
8.32 -0.499661
8.34 1.46125
8.36 0.619838
8.38 -1.05973
8.4 -0.127038
8.42 2.30559
8.44 2.26843
8.46 -0.230615
8.48 -0.907843
8.5 0.451797
8.52 0.954865
8.54 -0.56777
8.56 -2.05663
8.58 -1.23063
8.6 -0.50176
8.62 0.0155458
8.64 0.276039
8.66 -0.123214
8.68 -0.0891868
8.7 0.822805
8.72 2.17995
8.74 0.951379
8.76 -0.549024
8.78 -1.04904
8.8 -0.752627
8.82 -0.310008
8.84 -0.642098
8.86 -1.15904
8.88 -0.482558
8.9 1.15032
8.92 1.48817
8.94 1.09491
8.96 0.562889
8.98 -0.475384
9 -0.552361
9.02 0.644946
9.04 0.123494
9.06 -1.67836
9.08 -1.95135
9.1 -0.0890038
9.12 1.32054
9.14 0.499296
9.16 -0.49544
9.18 0.211923
9.2 1.68678
9.22 1.61285
9.24 -0.210923
9.26 -1.00672
9.28 -0.796007
9.3 -0.250823
9.32 -0.188625
9.34 -1.29244
9.36 -1.38256
9.38 0.04485
9.4 0.710183
9.42 0.706819
9.44 0.865092
9.46 0.815872
9.48 0.806265
9.5 0.798011
9.52 0.861802
9.54 -0.574511
9.56 -1.21031
9.58 -1.25896
9.6 -1.42734
9.62 -0.480047
9.64 -0.168284
9.66 -1.32344
9.68 -0.997976
9.7 1.61645
9.72 2.87885
9.74 1.24
9.76 -0.254238
9.78 1.04305
9.8 1.91292
9.82 0.227296
9.84 -1.69379
9.86 -2.33323
9.88 -1.15654
9.9 0.269275
9.92 -0.277628
9.94 -1.60636
9.96 -0.909989
9.98 1.71287
10 1.84283
10.02 0.0864403
10.04 -0.039321
10.06 0.610976
10.08 0.730235
10.1 0.105239
10.12 -0.982345
10.14 -1.28742
10.16 -0.298505
10.18 0.630556
10.2 0.345559
10.22 -0.796145
10.24 -0.985775
10.26 0.0190345
10.28 1.20095
10.3 1.40999
10.32 0.116995
10.34 -0.541185
10.36 0.861305
10.38 1.80159
10.4 -0.53507
10.42 -2.91926
10.44 -1.59409
10.46 0.51154
10.48 0.0300391
10.5 -1.70208
10.52 -1.11036
10.54 2.14893
10.56 3.75047
10.58 1.89819
10.6 -0.144712
10.62 -0.365905
10.64 0.35011
10.66 -0.122198
10.68 -3.25589
10.7 -4.37095
10.72 -1.62907
10.74 1.89525
10.76 1.05273
10.78 -0.309292
10.8 1.50117
10.82 3.79009
10.84 3.91491
10.86 0.930422
10.88 -1.40418
10.9 -1.21474
10.92 -1.00427
10.94 -2.92167
10.96 -4.10894
10.98 -2.98999
11 -0.461637
11.02 0.625827
11.04 1.58403
11.06 2.09108
11.08 3.09539
11.1 2.62716
11.12 1.63903
11.14 1.02496
11.16 0.836145
11.18 0.14189
11.2 -2.09381
11.22 -2.63279
11.24 -2.43553
11.26 -1.65687
11.28 -2.73559
11.3 -2.26258
11.32 0.951485
11.34 2.58447
11.36 2.52209
11.38 1.94393
11.4 1.94018
11.42 2.88257
11.44 1.67344
11.46 -1.55378
11.48 -2.95937
11.5 -1.25635
11.52 -1.75802
11.54 -3.24987
11.56 -1.81381
11.58 0.166138
11.6 1.88755
11.62 1.22188
11.64 1.37127
11.66 2.79176
11.68 2.25378
11.7 0.311899
11.72 -0.218608
11.74 0.0214809
11.76 -0.800434
11.78 -2.84985
11.8 -3.21038
11.82 -1.70858
11.84 -1.46587
11.86 -1.58603
11.88 -0.188646
11.9 1.24072
11.92 3.90826
11.94 5.07009
11.96 2.22311
11.98 1.29671
12 1.18028
12.02 0.371627
12.04 -2.4275
12.06 -4.85231
12.08 -4.4697
12.1 -1.17214
12.12 0.0686674
12.14 -1.77199
12.16 -0.566687
12.18 3.84342
12.2 5.72023
12.22 3.16495
12.24 1.11987
12.26 1.4238
12.28 2.20443
12.3 -0.995362
12.32 -6.28155
12.34 -7.56469
12.36 -3.59151
12.38 -1.28717
12.4 -2.14553
12.42 -0.587483
12.44 4.28356
12.46 8.0059
12.48 6.53577
12.5 3.22374
12.52 1.01989
12.54 -0.269108
12.56 -0.755495
12.58 -3.04665
12.6 -5.86912
12.62 -5.07667
12.64 -3.15741
12.66 -2.10423
12.68 -1.842
12.7 -0.482584
12.72 2.95059
12.74 5.63901
12.76 6.31669
12.78 5.19619
12.8 3.1681
12.82 1.23949
12.84 -1.11371
12.86 -4.53175
12.88 -5.82683
12.9 -5.04783
12.92 -4.90208
12.94 -3.66433
12.96 -0.737615
12.98 1.75809
13 3.22517
13.02 4.59386
13.04 5.7558
13.06 5.63571
13.08 3.96281
13.1 2.17518
13.12 0.887448
13.14 -1.43573
13.16 -4.70226
13.18 -6.68355
13.2 -6.61087
13.22 -5.55378
13.24 -4.61935
13.26 -2.73302
13.28 1.10691
13.3 5.36039
13.32 7.63086
13.34 7.66214
13.36 7.2624
13.38 6.32388
13.4 3.08626
13.42 -1.51423
13.44 -5.97799
13.46 -9.0682
13.48 -9.31281
13.5 -7.19262
13.52 -4.06146
13.54 -1.27458
13.56 2.22148
13.58 6.18422
13.6 8.05344
13.62 7.63602
13.64 5.54471
13.66 3.28803
13.68 1.04897
13.7 -2.17437
13.72 -6.1607
13.74 -9.03888
13.76 -8.619
13.78 -5.21266
13.8 -2.20438
13.82 -0.923954
13.84 0.868642
13.86 4.05419
13.88 6.83976
13.9 7.14225
13.92 7.11549
13.94 6.56902
13.96 4.8547
13.98 1.45728
14 -3.89214
14.02 -8.25874
14.04 -10.9929
14.06 -10.8577
14.08 -7.92662
14.1 -4.01874
14.12 1.43254
14.14 6.66481
14.16 11.0237
14.18 13.4303
14.2 11.3857
14.22 7.16605
14.24 3.37266
14.26 -0.530994
14.28 -5.89096
14.3 -10.9551
14.32 -12.9772
14.34 -13.5556
14.36 -11.6227
14.38 -5.74555
14.4 0.779212
14.42 5.93047
14.44 9.17409
14.46 11.7418
14.48 13.3339
14.5 10.4598
14.52 4.6477
14.54 -0.169927
14.56 -3.09024
14.58 -6.38971
14.6 -11.1793
14.62 -13.066
14.64 -9.08835
14.66 -2.13867
14.68 2.91284
14.7 5.65468
14.72 8.52882
14.74 10.9892
14.76 10.353
14.78 5.77791
14.8 -0.498828
14.82 -4.68753
14.84 -6.06412
14.86 -8.15676
14.88 -11.5468
14.9 -11.026
14.92 -4.5173
14.94 2.29548
14.96 4.77402
14.98 4.62673
15 5.25451
15.02 6.84742
15.04 6.48998
15.06 3.45166
15.08 0.359127
15.1 -0.842903
15.12 -0.328808
15.14 -1.10499
15.16 -4.72014
15.18 -7.78737
15.2 -7.47212
15.22 -2.97519
15.24 1.5477
15.26 2.3697
15.28 3.4197
15.3 5.86024
15.32 7.12177
15.34 5.17413
15.36 0.579554
15.38 -3.52251
15.4 -4.54272
15.42 -2.48025
15.44 -1.00142
15.46 -2.67882
15.48 -3.70686
15.5 -0.141955
15.52 3.87514
15.54 1.94802
15.56 -3.02769
15.58 -2.16531
15.6 2.98286
15.62 3.76769
15.64 0.278233
15.66 -1.21269
15.68 0.98599
15.7 4.15327
15.72 2.54577
15.74 -2.81458
15.76 -4.44119
15.78 -0.771897
15.8 1.05739
15.82 -2.46541
15.84 -5.44998
15.86 -3.13556
15.88 2.27641
15.9 3.82639
15.92 2.14747
15.94 1.45748
15.96 3.67672
15.98 5.60776
16 3.72078
16.02 -0.296504
16.04 -4.10616
16.06 -4.30034
16.08 -2.86892
16.1 -4.27984
16.12 -5.99536
16.14 -3.23392
16.16 3.06227
16.18 7.10634
16.2 6.61147
16.22 5.07711
16.24 4.88118
16.26 4.21194
16.28 0.452398
16.3 -4.47549
16.32 -7.65185
16.34 -8.35676
16.36 -7.52557
16.38 -6.34222
16.4 -4.71278
16.42 -1.78928
16.44 2.55634
16.46 6.58861
16.48 8.05164
16.5 7.05553
16.52 6.44572
16.54 5.66234
16.56 3.24316
16.58 -0.707657
16.6 -4.49284
16.62 -6.54141
16.64 -7.4003
16.66 -7.44562
16.68 -6.56562
16.7 -4.28463
16.72 -0.659508
16.74 3.09719
16.76 5.75072
16.78 6.90195
16.8 6.97039
16.82 5.85221
16.84 3.98734
16.86 1.21125
16.88 -1.67598
16.9 -2.93132
16.92 -3.11293
16.94 -3.03651
16.96 -3.75276
16.98 -3.42183
17 -1.05976
17.02 0.32003
17.04 0.274306
17.06 0.249371
17.08 1.068
17.1 2.48795
17.12 2.23992
17.14 0.887778
17.16 0.933094
17.18 2.047
17.2 2.00859
17.22 0.404493
17.24 -1.22018
17.26 -1.14338
17.28 -0.84041
17.3 -1.82925
17.32 -2.77105
17.34 -2.15125
17.36 -0.195412
17.38 0.585939
17.4 0.502079
17.42 0.142462
17.44 0.434308
17.46 1.44561
17.48 1.33012
17.5 0.345638
17.52 -0.507561
17.54 -0.152353
17.56 0.388099
17.58 -0.378043
17.6 -2.06229
17.62 -2.52205
17.64 -1.76346
17.66 -1.04793
17.68 -0.855658
17.7 -0.365507
17.72 1.39613
17.74 3.52479
17.76 4.33484
17.78 3.34032
17.8 2.42399
17.82 1.51902
17.84 0.428958
17.86 -1.03586
17.88 -2.71207
17.9 -4.46447
17.92 -5.79387
17.94 -4.83958
17.96 -2.84082
17.98 -1.12735
18 0.739555
18.02 3.66423
18.04 6.74121
18.06 7.8811
18.08 6.54482
18.1 3.14071
18.12 0.41545
18.14 -0.995627
18.16 -3.5377
18.18 -7.25041
18.2 -8.95588
18.22 -6.3852
18.24 -2.69509
18.26 -0.524729
18.28 0.678577
18.3 2.2011
18.32 4.53416
18.34 5.84533
18.36 4.87328
18.38 2.07566
18.4 -0.220698
18.42 -0.167276
18.44 -0.630782
18.46 -2.9294
18.48 -4.80264
18.5 -3.56382
18.52 0.000209368
18.54 2.09232
18.56 2.00671
18.58 1.89849
18.6 3.56366
18.62 4.9528
18.64 3.47359
18.66 0.223151
18.68 -1.92769
18.7 -2.16089
18.72 -2.68362
18.74 -4.76631
18.76 -6.24608
18.78 -4.81193
18.8 -1.72768
18.82 0.0809548
18.84 0.58728
18.86 1.74872
18.88 4.55017
18.9 6.8685
18.92 6.56969
18.94 4.37476
18.96 2.67379
18.98 1.02461
19 -2.18436
19.02 -5.50597
19.04 -7.03647
19.06 -6.52888
19.08 -4.90319
19.1 -2.62039
19.12 -0.189008
19.14 2.12943
19.16 4.26926
19.18 5.19085
19.2 4.92777
19.22 3.59568
19.24 1.44838
19.26 -0.410102
19.28 -2.0371
19.3 -3.13745
19.32 -3.7008
19.34 -3.71191
19.36 -2.87837
19.38 -1.08271
19.4 0.684306
19.42 1.86101
19.44 3.28062
19.46 4.68907
19.48 4.21897
19.5 2.02888
19.52 0.315315
19.54 -0.837562
19.56 -2.27769
19.58 -3.76633
19.6 -4.22331
19.62 -3.36761
19.64 -1.73253
19.66 -0.202
19.68 1.12369
19.7 2.24695
19.72 3.40653
19.74 3.82359
19.76 2.71718
19.78 0.634062
19.8 -0.893688
19.82 -1.19628
19.84 -1.83386
19.86 -2.98396
19.88 -2.79692
19.9 -1.3356
19.92 0.116593
19.94 0.91443
19.96 0.788223
19.98 1.0631
20 2.24933
20.02 2.97356
20.04 2.59263
20.06 2.10011
20.08 1.69386
20.1 0.812615
20.12 -1.0003
20.14 -3.75157
20.16 -5.83518
20.18 -5.41818
20.2 -3.80003
20.22 -2.5356
20.24 -1.09082
20.26 1.64634
20.28 4.25985
20.3 5.1683
20.32 4.68675
20.34 4.05952
20.36 3.45475
20.38 1.74806
20.4 -0.613006
20.42 -2.71736
20.44 -4.04252
20.46 -4.86593
20.48 -4.67002
20.5 -3.60984
20.52 -2.41605
20.54 -1.04003
20.56 1.13198
20.58 4.00771
20.6 5.67641
20.62 5.99509
20.64 5.16801
20.66 2.91977
20.68 0.556118
20.7 -1.26409
20.72 -3.8368
20.74 -6.37673
20.76 -7.66189
20.78 -6.8617
20.8 -3.60875
20.82 -0.930458
20.84 0.666503
20.86 3.26584
20.88 7.31379
20.9 9.65047
20.92 7.39134
20.94 3.32555
20.96 0.964718
20.98 0.172885
21 -1.81293
21.02 -5.60881
21.04 -8.08972
21.06 -6.9964
21.08 -3.90004
21.1 -1.65675
21.12 -0.380846
21.14 1.91861
21.16 5.85792
21.18 8.37659
21.2 7.28274
21.22 3.62734
21.24 -0.0054564
21.26 -2.34521
21.28 -4.72335
21.3 -7.44707
21.32 -8.35721
21.34 -6.23907
21.36 -2.11884
21.38 1.66042
21.4 3.63956
21.42 4.78242
21.44 6.00342
21.46 7.02865
21.48 6.69098
21.5 3.64651
21.52 -0.0385357
21.54 -2.03955
21.56 -3.97464
21.58 -6.56281
21.6 -8.50356
21.62 -7.22811
21.64 -3.88663
21.66 -1.18502
21.68 1.18225
21.7 3.8014
21.72 6.90111
21.74 8.90968
21.76 7.84552
21.78 5.05931
21.8 1.73847
21.82 -1.61125
21.84 -4.24442
21.86 -6.66786
21.88 -8.02902
21.9 -6.93148
21.92 -3.90425
21.94 -1.22018
21.96 0.601807
21.98 2.9197
22 5.55024
22.02 6.52809
22.04 5.76614
22.06 4.06034
22.08 1.70875
22.1 -0.85612
22.12 -2.9434
22.14 -4.66566
22.16 -5.78349
22.18 -5.22824
22.2 -3.16679
22.22 -1.25942
22.24 0.0796305
22.26 1.57002
22.28 2.60385
22.3 3.75583
22.32 4.1897
22.34 3.17397
22.36 2.011
22.38 1.49255
22.4 0.230821
22.42 -2.42106
22.44 -4.66894
22.46 -4.84317
22.48 -3.37193
22.5 -1.79842
22.52 -0.560008
22.54 0.92881
22.56 3.11969
22.58 5.13217
22.6 5.38438
22.62 3.97028
22.64 2.14786
22.66 0.239151
22.68 -1.75166
22.7 -3.97254
22.72 -5.48595
22.74 -5.54395
22.76 -3.57807
22.78 -0.417019
22.8 1.57512
22.82 2.84148
22.84 4.07947
22.86 4.70965
22.88 3.77001
22.9 1.08183
22.92 -1.44456
22.94 -2.77689
22.96 -3.4458
22.98 -3.76417
23 -3.6791
23.02 -2.03481
23.04 0.363729
23.06 1.5082
23.08 2.17491
23.1 2.68939
23.12 2.95153
23.14 3.22216
23.16 2.57151
23.18 0.755228
23.2 -0.559244
23.22 -1.13184
23.24 -2.21183
23.26 -3.55122
23.28 -4.64516
23.3 -3.4054
23.32 -1.28777
23.34 -0.211104
23.36 1.55745
23.38 3.41242
23.4 4.19474
23.42 3.73864
23.44 2.89666
23.46 2.07417
23.48 -0.506421
23.5 -3.378
23.52 -3.20827
23.54 -2.15134
23.56 -2.36933
23.58 -2.39873
23.6 -0.315046
23.62 1.61874
23.64 2.38046
23.66 2.30569
23.68 0.704125
23.7 0.298954
23.72 0.990988
23.74 0.0655622
23.76 -1.18276
23.78 -1.12269
23.8 0.129177
23.82 0.127825
23.84 -0.786404
23.86 -0.523076
23.88 -0.162215
23.9 0.0341514
23.92 -0.425578
23.94 -0.858544
23.96 0.108262
23.98 1.26321
24 1.08299
24.02 0.329778
24.04 -0.212417
24.06 0.76169
24.08 1.08196
24.1 -0.987387
24.12 -2.42087
24.14 -1.65399
24.16 -0.517116
24.18 -0.330264
24.2 -0.0343575
24.22 0.542512
24.24 1.53636
24.26 1.78102
24.28 1.3741
24.3 0.4948
24.32 -0.51985
24.34 -0.333068
24.36 0.478556
24.38 0.733527
24.4 -0.0723664
24.42 -1.68562
24.44 -2.19192
24.46 -1.10827
24.48 -0.399868
24.5 -0.951424
24.52 -1.08634
24.54 1.14599
24.56 3.58267
24.58 3.02037
24.6 0.287029
24.62 -0.363149
24.64 1.87931
24.66 1.95744
24.68 -1.62402
24.7 -4.13149
24.72 -2.60664
24.74 -0.380566
24.76 -0.839239
24.78 -2.0896
24.8 -1.48399
24.82 1.53211
24.84 3.65811
24.86 2.67073
24.88 1.13571
24.9 0.875286
24.92 1.62339
24.94 0.96027
24.96 -1.90227
24.98 -3.9234
25 -3.08771
25.02 -0.691429
25.04 0.266305
25.06 -0.864064
25.08 -0.756058
25.1 1.58998
25.12 3.43004
25.14 3.0844
25.16 1.06735
25.18 0.133577
25.2 0.822797
25.22 0.531259
25.24 -1.57999
25.26 -3.33202
25.28 -3.21126
25.3 -1.80491
25.32 -0.482668
25.34 -0.419841
25.36 -1.0318
25.38 -0.000786514
25.4 2.52147
25.42 3.64633
25.44 2.19346
25.46 0.376225
25.48 0.948945
25.5 2.50022
25.52 1.464
25.54 -1.72769
25.56 -3.38263
25.58 -2.2993
25.6 -0.825493
25.62 -1.07285
25.64 -2.74359
25.66 -2.14183
25.68 1.56197
25.7 3.76456
25.72 2.65281
25.74 1.37068
25.76 2.42999
25.78 3.45981
25.8 1.80596
25.82 -1.65354
25.84 -4.24035
25.86 -4.39144
25.88 -3.24168
25.9 -2.92701
25.92 -3.05025
25.94 -1.33224
25.96 2.00289
25.98 4.19058
26 3.84531
26.02 2.67921
26.04 2.4711
26.06 2.34232
26.08 0.837148
26.1 -1.38523
26.12 -2.93508
26.14 -3.40803
26.16 -2.99666
26.18 -2.39401
26.2 -1.8307
26.22 -0.745243
26.24 1.28632
26.26 3.30852
26.28 3.71695
26.3 2.71688
26.32 2.01481
26.34 1.71275
26.36 0.598594
26.38 -1.32649
26.4 -2.83512
26.42 -2.85305
26.44 -2.29442
26.46 -1.75988
26.48 -1.08029
26.5 -0.498528
26.52 0.774822
26.54 2.29235
26.56 2.6718
26.58 1.76194
26.6 0.654261
26.62 0.609577
26.64 0.476642
26.66 -0.853067
26.68 -2.21745
26.7 -2.31835
26.72 -1.27979
26.74 -0.300382
26.76 0.0528629
26.78 0.246044
26.8 0.756419
26.82 1.25377
26.84 1.38407
26.86 1.05627
26.88 0.235458
26.9 -0.428875
26.92 -0.410621
26.94 -0.226534
26.96 -0.592162
26.98 -1.20541
27 -1.12053
27.02 0.155698
27.04 1.13211
27.06 0.964048
27.08 0.425636
27.1 0.132515
27.12 0.224685
27.14 0.0298001
27.16 -0.540611
27.18 -0.924774
27.2 -0.733119
27.22 0.0905607
27.24 1.1473
27.26 1.25609
27.28 0.467201
27.3 -0.351664
27.32 -0.31479
27.34 -0.593957
27.36 -2.32833
27.38 -3.02967
27.4 -1.15004
27.42 1.19422
27.44 1.46393
27.46 1.04686
27.48 1.7727
27.5 2.39966
27.52 1.66255
27.54 -0.106428
27.56 -1.05422
27.58 -1.07159
27.6 -1.27814
27.62 -1.47432
27.64 -1.40521
27.66 -0.815057
27.68 0.249267
27.7 1.36701
27.72 1.82269
27.74 1.3573
27.76 0.959887
27.78 0.798674
27.8 0.100248
27.82 -0.966084
27.84 -1.7288
27.86 -1.76585
27.88 -1.38435
27.9 -0.608786
27.92 0.23068
27.94 0.613536
27.96 1.27544
27.98 2.02623
28 2.32513
28.02 1.95574
28.04 0.784239
28.06 -0.544971
28.08 -1.45409
28.1 -2.00869
28.12 -2.46775
28.14 -2.70022
28.16 -2.12005
28.18 -0.775553
28.2 0.921764
28.22 1.95274
28.24 2.06968
28.26 2.62681
28.28 3.11644
28.3 2.11586
28.32 -0.125024
28.34 -1.58036
28.36 -1.99716
28.38 -2.42933
28.4 -2.71635
28.42 -2.5234
28.44 -1.47781
28.46 0.20857
28.48 1.20898
28.5 1.25525
28.52 1.63015
28.54 2.84116
28.56 3.40178
28.58 2.16032
28.6 0.54831
28.62 -0.0335689
28.64 -0.683432
28.66 -2.17555
28.68 -3.41941
28.7 -3.24382
28.72 -2.04804
28.74 -1.01208
28.76 -0.139376
28.78 0.894436
28.8 1.88552
28.82 2.33237
28.84 2.23343
28.86 1.67802
28.88 1.10526
28.9 0.18207
28.92 -0.852948
28.94 -1.67729
28.96 -2.25474
28.98 -2.19068
29 -1.65376
29.02 -0.409523
29.04 0.676648
29.06 1.24113
29.08 1.50816
29.1 1.8223
29.12 1.8376
29.14 0.916065
29.16 -0.218472
29.18 -0.899385
29.2 -1.12986
29.22 -1.06076
29.24 -0.965891
29.26 -1.39957
29.28 -1.34657
29.3 -0.317223
29.32 0.707677
29.34 0.988308
29.36 0.853331
29.38 1.41476
29.4 2.08263
29.42 1.34864
29.44 -0.275693
29.46 -0.951416
29.48 -0.305748
29.5 0.430504
29.52 0.0674585
29.54 -1.3426
29.56 -1.90991
29.58 -1.08203
29.6 -1.15179
29.62 -2.43229
29.64 -2.63777
29.66 -0.206265
29.68 3.49178
29.7 4.94739
29.72 3.57696
29.74 1.74485
29.76 1.5369
29.78 1.4405
29.8 -1.33091
29.82 -3.92862
29.84 -3.68783
29.86 -1.19962
29.88 0.47922
29.9 -1.49776
29.92 -2.85909
29.94 -1.00798
29.96 1.15172
29.98 1.59788
30 1.96153
30.02 2.09687
30.04 1.99994
30.06 3.33784
30.08 2.70947
30.1 -0.534421
30.12 -3.03516
30.14 -3.96378
30.16 -3.25017
30.18 -2.13955
30.2 -2.08414
30.22 -1.9189
30.24 0.059777
30.26 3.20036
30.28 4.1689
30.3 2.29395
30.32 0.974208
30.34 2.28429
30.36 3.36291
30.38 1.52936
30.4 -1.70565
30.42 -3.55187
30.44 -3.08331
30.46 -2.72282
30.48 -3.68615
30.5 -4.03456
30.52 -1.85828
30.54 2.34549
30.56 5.00869
30.58 4.64381
30.6 3.28242
30.62 2.75321
30.64 2.44031
30.66 0.382837
30.68 -2.83414
30.7 -4.40027
30.72 -3.09999
30.74 -1.63287
30.76 -1.89227
30.78 -2.50894
30.8 -0.851154
30.82 2.09922
30.84 3.18871
30.86 2.50152
30.88 1.84211
30.9 2.14876
30.92 2.59952
30.94 1.54752
30.96 -1.08142
30.98 -3.14047
31 -3.03928
31.02 -2.26471
31.04 -2.70205
31.06 -3.10153
31.08 -1.71089
31.1 1.32157
31.12 3.59347
31.14 3.48087
31.16 2.75501
31.18 2.86701
31.2 3.12723
31.22 2.05717
31.24 -0.641361
31.26 -3.32732
31.28 -4.06165
31.3 -3.64692
31.32 -3.96905
31.34 -4.26704
31.36 -2.80601
31.38 0.254115
31.4 3.07736
31.42 4.46149
31.44 4.77234
31.46 4.82046
31.48 4.37697
31.5 2.54268
31.52 -0.222247
31.54 -2.58818
31.56 -4.1548
31.58 -4.93446
31.6 -4.92476
31.62 -4.0089
31.64 -2.55925
31.66 -0.61171
31.68 1.87485
31.7 4.06129
31.72 5.02593
31.74 4.76486
31.76 4.00243
31.78 2.76155
31.8 0.79653
31.82 -1.74386
31.84 -3.86288
31.86 -4.6809
31.88 -4.82947
31.9 -4.2614
31.92 -2.55721
31.94 -0.191364
31.96 2.39735
31.98 4.07862
32 4.27198
32.02 3.86999
32.04 3.24585
32.06 2.0487
32.08 0.125246
32.1 -1.97101
32.12 -3.12632
32.14 -3.16224
32.16 -3.20478
32.18 -3.51696
32.2 -3.01471
32.22 -0.915138
32.24 1.45398
32.26 3.20847
32.28 4.24216
32.3 3.97428
32.32 3.39481
32.34 2.60243
32.36 0.60931
32.38 -2.48031
32.4 -4.69862
32.42 -4.67808
32.44 -3.61388
32.46 -2.60839
32.48 -1.23813
32.5 1.24657
32.52 3.94485
32.54 4.83869
32.56 4.03571
32.58 2.72707
32.6 1.67816
32.62 0.686264
32.64 -0.903879
32.66 -2.65226
32.68 -3.55875
32.7 -3.62091
32.72 -3.19915
32.74 -2.96586
32.76 -2.29663
32.78 -0.218182
32.8 2.11046
32.82 3.50965
32.84 4.14821
32.86 4.36268
32.88 3.44778
32.9 1.72585
32.92 0.0689783
32.94 -1.50663
32.96 -3.1841
32.98 -4.12715
33 -3.85199
33.02 -3.18782
33.04 -2.12001
33.06 -0.57759
33.08 0.859403
33.1 2.29356
33.12 3.69526
33.14 4.23101
33.16 3.47981
33.18 2.03393
33.2 0.555639
33.22 -0.401587
33.24 -1.50235
33.26 -3.0687
33.28 -4.07087
33.3 -3.72891
33.32 -2.16851
33.34 -1.04521
33.36 -0.260178
33.38 1.35537
33.4 3.41386
33.42 4.20545
33.44 3.26408
33.46 1.8093
33.48 0.972141
33.5 0.117871
33.52 -1.58024
33.54 -2.6364
33.56 -2.66437
33.58 -2.64064
33.6 -2.46084
33.62 -1.15124
33.64 0.0478679
33.66 0.550886
33.68 1.72597
33.7 3.1429
33.72 3.16053
33.74 1.84305
33.76 0.708637
33.78 0.050621
33.8 -0.70661
33.82 -1.85493
33.84 -2.74651
33.86 -2.62772
33.88 -1.46742
33.9 -0.415246
33.92 -0.0479623
33.94 0.670336
33.96 2.03404
33.98 3.15055
34 3.05869
34.02 1.94658
34.04 0.818752
34.06 -0.264905
34.08 -1.47003
34.1 -2.83435
34.12 -3.65355
34.14 -3.46247
34.16 -2.29223
34.18 -0.513416
34.2 0.686726
34.22 1.82026
34.24 3.04405
34.26 3.67475
34.28 3.18934
34.3 1.74756
34.32 0.03955
34.34 -1.08105
34.36 -1.90796
34.38 -2.83972
34.4 -3.11685
34.42 -2.45767
34.44 -1.30535
34.46 -0.378173
34.48 0.49441
34.5 1.61566
34.52 2.74014
34.54 3.12438
34.56 2.60963
34.58 1.62305
34.6 0.568123
34.62 -0.542003
34.64 -1.92525
34.66 -3.001
34.68 -3.10333
34.7 -2.48972
34.72 -1.4356
34.74 -0.442515
34.76 0.660982
34.78 2.03426
34.8 2.86309
34.82 2.8218
34.84 2.13548
34.86 1.21327
34.88 0.233506
34.9 -0.748264
34.92 -1.48595
34.94 -1.79234
34.96 -1.89832
34.98 -1.8172
35 -1.09742
35.02 -0.241786
35.04 0.177866
35.06 0.723665
35.08 1.54736
35.1 2.06715
35.12 1.82941
35.14 1.16108
35.16 0.475413
35.18 -0.393412
35.2 -1.2014
35.22 -1.58353
35.24 -1.91203
35.26 -1.83925
35.28 -0.802618
35.3 0.299259
35.32 0.607664
35.34 0.756563
35.36 1.30497
35.38 1.74526
35.4 1.47861
35.42 0.76704
35.44 0.156787
35.46 -0.411506
35.48 -0.721847
35.5 -1.13213
35.52 -1.75336
35.54 -1.8288
35.56 -1.05529
35.58 -0.146564
35.6 0.182425
35.62 0.488486
35.64 1.00188
35.66 1.41958
35.68 1.43659
35.7 1.17919
35.72 0.663054
35.74 -0.193776
35.76 -0.514188
35.78 -0.645981
35.8 -1.09989
35.82 -1.51158
35.84 -1.14611
35.86 -0.191608
35.88 0.244962
35.9 0.437706
35.92 0.943728
35.94 1.25282
35.96 1.06097
35.98 0.752039
36 0.351225
36.02 -0.146199
36.04 -0.6664
36.06 -1.14327
36.08 -1.45784
36.1 -1.41061
36.12 -0.9536
36.14 -0.415034
36.16 0.101647
36.18 0.658595
36.2 1.12397
36.22 1.52134
36.24 1.54644
36.26 0.904186
36.28 0.248731
36.3 -0.120735
36.32 -0.528653
36.34 -1.0294
36.36 -1.441
36.38 -1.27297
36.4 -0.515543
36.42 0.273656
36.44 0.377007
36.46 0.413734
36.48 0.959177
36.5 1.42326
36.52 1.16573
36.54 0.331919
36.56 -0.0192336
36.58 0.0171989
36.6 -0.306289
36.62 -1.2549
36.64 -1.94291
36.66 -1.65884
36.68 -0.979756
36.7 -0.482639
36.72 -0.0674428
36.74 0.496272
36.76 1.30045
36.78 1.91395
36.8 1.89436
36.82 1.38051
36.84 0.772016
36.86 0.382062
36.88 -0.200173
36.9 -0.95281
36.92 -1.63824
36.94 -1.93249
36.96 -1.56029
36.98 -0.918405
37 -0.45948
37.02 -0.120323
37.04 0.582671
37.06 1.62814
37.08 1.92024
37.1 1.49205
37.12 1.1092
37.14 0.622432
37.16 0.0130391
37.18 -0.967875
37.2 -1.65891
37.22 -1.55646
37.24 -1.32731
37.26 -1.08755
37.28 -0.441631
37.3 0.403195
37.32 0.877508
37.34 1.11343
37.36 1.2894
37.38 1.33372
37.4 1.2561
37.42 0.733242
37.44 -0.0862143
37.46 -0.616192
37.48 -0.914643
37.5 -1.36239
37.52 -1.83751
37.54 -1.71153
37.56 -0.947925
37.58 -0.277942
37.6 0.22343
37.62 1.00937
37.64 1.76971
37.66 2.11181
37.68 1.80073
37.7 1.29142
37.72 0.723542
37.74 -0.309509
37.76 -1.39681
37.78 -1.89088
37.8 -1.78635
37.82 -1.6348
37.84 -1.46136
37.86 -0.919852
37.88 0.0152612
37.9 0.948617
37.92 1.42646
37.94 1.60621
37.96 1.84345
37.98 1.78194
38 1.1738
38.02 0.278247
38.04 -0.730122
38.06 -1.37003
38.08 -1.66877
38.1 -1.74963
38.12 -1.58991
38.14 -1.313
38.16 -0.289348
38.18 0.967721
38.2 1.48265
38.22 1.4748
38.24 1.42172
38.26 1.59659
38.28 1.17857
38.3 0.0102073
38.32 -1.05448
38.34 -1.35753
38.36 -1.23702
38.38 -1.4459
38.4 -1.48443
38.42 -0.969556
38.44 0.023172
38.46 0.888268
38.48 1.17729
38.5 1.24588
38.52 1.27514
38.54 1.28107
38.56 0.910867
38.58 -0.0841224
38.6 -0.999851
38.62 -1.31969
38.64 -1.30405
38.66 -1.31045
38.68 -1.12257
38.7 -0.573196
38.72 0.235328
38.74 1.14422
38.76 1.45377
38.78 1.33995
38.8 1.14957
38.82 0.968503
38.84 0.578426
38.86 -0.350427
38.88 -1.11625
38.9 -1.44925
38.92 -1.35939
38.94 -1.03195
38.96 -0.649785
38.98 -0.29186
39 0.25178
39.02 1.15212
39.04 1.54266
39.06 1.25129
39.08 0.799622
39.1 0.557057
39.12 0.43132
39.14 -0.101325
39.16 -0.942125
39.18 -1.44444
39.2 -1.25539
39.22 -0.926486
39.24 -0.867073
39.26 -0.57858
39.28 0.192137
39.3 1.11166
39.32 1.61453
39.34 1.42752
39.36 0.847862
39.38 0.379742
39.4 0.227144
39.42 -0.172679
39.44 -0.937936
39.46 -1.36537
39.48 -1.08071
39.5 -0.575822
39.52 -0.362282
39.54 -0.288947
39.56 -0.0304777
39.58 0.598894
39.6 1.20301
39.62 1.17658
39.64 0.57797
39.66 0.276767
39.68 0.339781
39.7 0.0142925
39.72 -0.80949
39.74 -1.41916
39.76 -1.0936
39.78 -0.378431
39.8 -0.214698
39.82 -0.35292
39.84 0.0288824
39.86 0.731068
39.88 0.899133
39.9 0.59078
39.92 0.412814
39.94 0.680553
39.96 0.772485
39.98 0.214596
40 -0.430303
40.02 -0.72295
40.04 -0.718969
40.06 -0.703241
40.08 -0.83568
40.1 -0.712617
40.12 -0.186421
40.14 0.35298
40.16 0.584133
40.18 0.539151
40.2 0.654166
40.22 1.04059
40.24 1.02448
40.26 0.383917
40.28 -0.266435
40.3 -0.728841
40.32 -0.881018
40.34 -0.843659
40.36 -0.91448
40.38 -0.790042
40.4 -0.225805
40.42 0.573026
40.44 1.02415
40.46 0.783288
40.48 0.303414
40.5 0.304545
40.52 0.569937
40.54 0.136019
40.56 -0.715326
40.58 -0.858373
40.6 -0.331574
40.62 -0.0254646
40.64 -0.232733
40.66 -0.494411
40.68 -0.274098
40.7 0.327379
40.72 0.589364
40.74 0.250278
40.76 0.0901417
40.78 0.498886
40.8 0.764021
40.82 0.425843
40.84 -0.198644
40.86 -0.505894
40.88 -0.416742
40.9 -0.381045
40.92 -0.532775
40.94 -0.644648
40.96 -0.373637
40.98 0.117948
41 0.451196
41.02 0.518685
41.04 0.473662
41.06 0.505314
41.08 0.580742
41.1 0.431111
41.12 -0.0484444
41.14 -0.511208
41.16 -0.623187
41.18 -0.371655
41.2 -0.271522
41.22 -0.346685
41.24 -0.306088
41.26 0.00853517
41.28 0.485135
41.3 0.607244
41.32 0.369269
41.34 0.169173
41.36 0.23825
41.38 0.32079
41.4 0.00848544
41.42 -0.51642
41.44 -0.730325
41.46 -0.432769
41.48 -0.134002
41.5 -0.324189
41.52 -0.424963
41.54 -0.0524985
41.56 0.584541
41.58 0.768688
41.6 0.42162
41.62 0.23193
41.64 0.31778
41.66 0.345268
41.68 -0.0652622
41.7 -0.571016
41.72 -0.619536
41.74 -0.393745
41.76 -0.254894
41.78 -0.315186
41.8 -0.34559
41.82 -0.0181411
41.84 0.379856
41.86 0.521077
41.88 0.415229
41.9 0.31706
41.92 0.322158
41.94 0.307071
41.96 0.124369
41.98 -0.185969
42 -0.435233
42.02 -0.442762
42.04 -0.289969
42.06 -0.269219
42.08 -0.3967
42.1 -0.321366
42.12 0.0918534
42.14 0.4301
42.16 0.44909
42.18 0.315559
42.2 0.307156
42.22 0.418506
42.24 0.294959
42.26 -0.137593
42.28 -0.461318
42.3 -0.419837
42.32 -0.229288
42.34 -0.218336
42.36 -0.359796
42.38 -0.244363
42.4 0.153862
42.42 0.376956
42.44 0.291917
42.46 0.161676
42.48 0.211045
42.5 0.28658
42.52 0.184961
42.54 -0.0885523
42.56 -0.25535
42.58 -0.212717
42.6 -0.153646
42.62 -0.153774
42.64 -0.216064
42.66 -0.171239
42.68 0.0317307
42.7 0.192184
42.72 0.209248
42.74 0.161304
42.76 0.168575
42.78 0.207349
42.8 0.158052
42.82 -0.0156112
42.84 -0.164269
42.86 -0.196572
42.88 -0.183205
42.9 -0.183896
42.92 -0.188719
42.94 -0.117447
42.96 0.0310408
42.98 0.161115
43 0.209171
43.02 0.204845
43.04 0.200599
43.06 0.168115
43.08 0.0755857
43.1 -0.0584503
43.12 -0.167315
43.14 -0.22326
43.16 -0.227061
43.18 -0.196311
43.2 -0.138781
43.22 -0.0449485
43.24 0.061294
43.26 0.162637
43.28 0.218151
43.3 0.222792
43.32 0.186098
43.34 0.123756
43.36 0.0399042
43.38 -0.0664277
43.4 -0.159711
43.42 -0.220534
43.44 -0.228227
43.46 -0.185156
43.48 -0.118884
43.5 -0.0346892
43.52 0.0632207
43.54 0.151818
43.56 0.204938
43.58 0.207847
43.6 0.168457
43.62 0.108128
43.64 0.0315809
43.66 -0.0591383
43.68 -0.14011
43.7 -0.187067
43.72 -0.191111
43.74 -0.159285
43.76 -0.103447
43.78 -0.0307086
43.8 0.0522754
43.82 0.129023
43.84 0.175799
43.86 0.181412
43.88 0.152574
43.9 0.100785
43.92 0.0326511
43.94 -0.0450277
43.96 -0.116336
43.98 -0.15157
44 -0.166097
44.02 -0.145156
