0.01 -4.23539e-08 -1.30531e-09 -1.33453e-07 -2.97059e-08 -9.2961e-08 -7.8699e-08 -2.14582e-08 -3.75009e-08 8.92034e-09
0.02 -4.24839e-08 -1.76524e-09 -1.33916e-07 -2.97098e-08 -9.29426e-08 -7.87166e-08 -2.14655e-08 -3.7439e-08 8.92034e-09
0.03 -4.26733e-08 -2.44921e-09 -1.34561e-07 -2.97232e-08 -9.29019e-08 -7.88081e-08 -2.14772e-08 -3.73395e-08 8.92034e-09
0.04 -4.28303e-08 -3.04703e-09 -1.35034e-07 -2.97574e-08 -9.28387e-08 -7.90915e-08 -2.14896e-08 -3.72348e-08 8.92034e-09
0.05 -4.29125e-08 -3.41152e-09 -1.35185e-07 -2.9814e-08 -9.27923e-08 -7.95544e-08 -2.15005e-08 -3.7142e-08 8.92034e-09
0.06 -4.2934e-08 -3.53394e-09 -1.35135e-07 -2.99384e-08 -9.3262e-08 -8.00337e-08 -2.15093e-08 -3.70676e-08 8.92034e-09
0.07 -4.29434e-08 -3.56252e-09 -1.35106e-07 -3.00719e-08 -9.38484e-08 -8.04672e-08 -2.15153e-08 -3.7017e-08 8.92034e-09
0.08 -4.29522e-08 -3.58297e-09 -1.35085e-07 -3.01816e-08 -9.43826e-08 -8.07583e-08 -2.15182e-08 -3.69929e-08 8.92034e-09
0.09 -4.29603e-08 -3.59487e-09 -1.35072e-07 -3.02475e-08 -9.47635e-08 -8.08365e-08 -2.15182e-08 -3.69929e-08 8.92034e-09
0.1 -4.29666e-08 -3.59732e-09 -1.35066e-07 -3.02754e-08 -9.49529e-08 -8.07728e-08 -2.15182e-08 -3.69929e-08 8.92034e-09
0.11 -4.2971e-08 -3.59477e-09 -1.35066e-07 -3.0284e-08 -9.49863e-08 -8.07398e-08 -2.15182e-08 -3.69929e-08 8.92034e-09
0.12 -4.2973e-08 -3.59202e-09 -1.35068e-07 -3.02892e-08 -9.50073e-08 -8.07186e-08 -2.15182e-08 -3.69929e-08 8.92034e-09
0.13 -4.29735e-08 -3.5905e-09 -1.3507e-07 -3.02907e-08 -9.50136e-08 -8.0712e-08 -2.15182e-08 -3.69929e-08 8.92034e-09
0.14 -4.29735e-08 -3.59049e-09 -1.3507e-07 -3.02907e-08 -9.50136e-08 -8.0712e-08 -2.15182e-08 -3.69929e-08 8.92034e-09
0.15 -4.29735e-08 -3.59049e-09 -1.3507e-07 -3.02907e-08 -9.50136e-08 -8.0712e-08 -2.15182e-08 -3.69929e-08 8.92034e-09
0.16 -4.29735e-08 -3.59049e-09 -1.3507e-07 -3.02907e-08 -9.50136e-08 -8.0712e-08 -2.15182e-08 -3.69929e-08 8.92034e-09
0.17 -4.29735e-08 -3.59049e-09 -1.3507e-07 -3.02907e-08 -9.50136e-08 -8.0712e-08 -2.15182e-08 -3.69929e-08 8.92034e-09
0.18 -4.29735e-08 -3.59049e-09 -1.3507e-07 -3.02907e-08 -9.50136e-08 -8.0712e-08 -2.15182e-08 -3.69929e-08 8.92034e-09
0.19 -4.29735e-08 -3.59049e-09 -1.3507e-07 -3.02907e-08 -9.50136e-08 -8.0712e-08 -2.15182e-08 -3.69929e-08 8.92034e-09
0.2 -4.29735e-08 -3.59049e-09 -1.3507e-07 -3.02907e-08 -9.50136e-08 -8.0712e-08 -2.15217e-08 -3.69955e-08 8.89706e-09
0.21 -4.29929e-08 -3.43289e-09 -1.35117e-07 -3.02912e-08 -9.50137e-08 -8.07107e-08 -2.15673e-08 -3.70653e-08 8.69972e-09
0.22 -4.30329e-08 -3.14348e-09 -1.35202e-07 -3.02929e-08 -9.50124e-08 -8.07074e-08 -2.16189e-08 -3.71473e-08 8.48462e-09
0.23 -4.30856e-08 -2.7806e-09 -1.35292e-07 -3.02947e-08 -9.50115e-08 -8.07041e-08 -2.16733e-08 -3.72354e-08 8.26158e-09
0.24 -4.31481e-08 -2.36511e-09 -1.35379e-07 -3.02959e-08 -9.50113e-08 -8.07013e-08 -2.17274e-08 -3.73244e-08 8.04199e-09
0.25 -4.32144e-08 -1.93167e-09 -1.35459e-07 -3.02966e-08 -9.50116e-08 -8.06992e-08 -2.17788e-08 -3.741e-08 7.83495e-09
0.26 -4.3277e-08 -1.52435e-09 -1.35528e-07 -3.02971e-08 -9.50118e-08 -8.06978e-08 -2.18257e-08 -3.74885e-08 7.64658e-09
0.27 -4.33288e-08 -1.1836e-09 -1.35586e-07 -3.02974e-08 -9.50121e-08 -8.06966e-08 -2.18668e-08 -3.75573e-08 7.48029e-09
0.28 -4.33649e-08 -9.38313e-10 -1.35634e-07 -3.02981e-08 -9.50129e-08 -8.06945e-08 -2.19015e-08 -3.7615e-08 7.33773e-09
0.29 -4.33839e-08 -7.98553e-10 -1.35672e-07 -3.02989e-08 -9.50122e-08 -8.06931e-08 -2.19297e-08 -3.7661e-08 7.21969e-09
0.3 -4.33896e-08 -7.54305e-10 -1.35691e-07 -3.02999e-08 -9.50109e-08 -8.06917e-08 -2.19511e-08 -3.76953e-08 7.12656e-09
0.31 -4.33905e-08 -7.48451e-10 -1.35697e-07 -3.03009e-08 -9.50095e-08 -8.06906e-08 -2.19662e-08 -3.77185e-08 7.0583e-09
0.32 -4.33906e-08 -7.47622e-10 -1.35697e-07 -3.03017e-08 -9.50082e-08 -8.06899e-08 -2.19755e-08 -3.77318e-08 7.01391e-09
0.33 -4.33906e-08 -7.47622e-10 -1.35697e-07 -3.0302e-08 -9.50075e-08 -8.06898e-08 -2.19797e-08 -3.77371e-08 6.99111e-09
0.34 -4.33906e-08 -7.47622e-10 -1.35697e-07 -3.0302e-08 -9.50074e-08 -8.06898e-08 -2.19802e-08 -3.77374e-08 6.98761e-09
0.35 -4.33906e-08 -7.47622e-10 -1.35697e-07 -3.0302e-08 -9.50074e-08 -8.06898e-08 -2.19802e-08 -3.77374e-08 6.98761e-09
0.36 -4.33906e-08 -7.47622e-10 -1.35697e-07 -3.0302e-08 -9.50074e-08 -8.06898e-08 -2.19802e-08 -3.77374e-08 6.98761e-09
0.37 -4.33906e-08 -7.47622e-10 -1.35697e-07 -3.0302e-08 -9.50074e-08 -8.06898e-08 -2.19802e-08 -3.77374e-08 6.98761e-09
0.38 -4.33906e-08 -7.47622e-10 -1.35697e-07 -3.0302e-08 -9.50074e-08 -8.06898e-08 -2.19802e-08 -3.77374e-08 6.98761e-09
0.39 -4.33906e-08 -7.47622e-10 -1.35697e-07 -3.0302e-08 -9.50074e-08 -8.06898e-08 -2.19802e-08 -3.77374e-08 6.98761e-09
0.4 -4.33906e-08 -7.47622e-10 -1.35697e-07 -3.0302e-08 -9.50074e-08 -8.06898e-08 -2.19802e-08 -3.77374e-08 6.98761e-09
0.41 -4.33906e-08 -7.47622e-10 -1.35697e-07 -3.0302e-08 -9.50074e-08 -8.06898e-08 -2.19802e-08 -3.77374e-08 6.98761e-09
0.42 -4.33906e-08 -7.47622e-10 -1.35697e-07 -3.0302e-08 -9.50074e-08 -8.06898e-08 -2.19802e-08 -3.77374e-08 6.98761e-09
0.43 -4.33906e-08 -7.47622e-10 -1.35697e-07 -3.0302e-08 -9.50074e-08 -8.06898e-08 -2.19802e-08 -3.77374e-08 6.98761e-09
0.44 -4.33906e-08 -7.47622e-10 -1.35697e-07 -3.0302e-08 -9.50074e-08 -8.06898e-08 -2.19802e-08 -3.77374e-08 6.98761e-09
0.45 -4.33906e-08 -7.47622e-10 -1.35697e-07 -3.0302e-08 -9.50074e-08 -8.06898e-08 -2.19802e-08 -3.77374e-08 6.98761e-09
0.46 -4.33906e-08 -7.47622e-10 -1.35697e-07 -3.0302e-08 -9.50074e-08 -8.06898e-08 -2.19802e-08 -3.77374e-08 6.98761e-09
0.47 -4.33906e-08 -7.47622e-10 -1.35697e-07 -3.0302e-08 -9.50074e-08 -8.06898e-08 -2.19802e-08 -3.77374e-08 6.98761e-09
0.48 -4.33906e-08 -7.47622e-10 -1.35697e-07 -3.0302e-08 -9.50074e-08 -8.06898e-08 -2.19802e-08 -3.77374e-08 6.98761e-09
0.49 -4.33906e-08 -7.47622e-10 -1.35697e-07 -3.0302e-08 -9.50074e-08 -8.06898e-08 -2.19802e-08 -3.77374e-08 6.98761e-09
0.5 -4.33906e-08 -7.47622e-10 -1.35697e-07 -3.0302e-08 -9.50074e-08 -8.06898e-08 -2.19802e-08 -3.77374e-08 6.98761e-09
0.51 -4.33906e-08 -7.47622e-10 -1.35697e-07 -3.0302e-08 -9.50074e-08 -8.06898e-08 -2.19802e-08 -3.77374e-08 6.98761e-09
0.52 -4.33906e-08 -7.47622e-10 -1.35697e-07 -3.0302e-08 -9.50074e-08 -8.06898e-08 -2.19802e-08 -3.77374e-08 6.98761e-09
0.53 -4.33906e-08 -7.47622e-10 -1.35697e-07 -3.0302e-08 -9.50074e-08 -8.06898e-08 -2.19802e-08 -3.77374e-08 6.98761e-09
0.54 -4.33906e-08 -7.47622e-10 -1.35697e-07 -3.0302e-08 -9.50074e-08 -8.06898e-08 -2.19802e-08 -3.77374e-08 6.98761e-09
0.55 -4.33906e-08 -7.47622e-10 -1.35697e-07 -3.0302e-08 -9.50074e-08 -8.06898e-08 -2.19802e-08 -3.77374e-08 6.98761e-09
0.56 -4.33906e-08 -7.47622e-10 -1.35697e-07 -3.0302e-08 -9.50074e-08 -8.06898e-08 -2.19802e-08 -3.77374e-08 6.98761e-09
0.57 -4.33906e-08 -7.47622e-10 -1.35697e-07 -3.0302e-08 -9.50074e-08 -8.06898e-08 -2.19802e-08 -3.77374e-08 6.98761e-09
0.58 -4.33906e-08 -7.47622e-10 -1.35697e-07 -3.0302e-08 -9.50074e-08 -8.06898e-08 -2.19802e-08 -3.77374e-08 6.98761e-09
0.59 -4.33906e-08 -7.47622e-10 -1.35697e-07 -3.0302e-08 -9.50074e-08 -8.06898e-08 -2.19802e-08 -3.77374e-08 6.98761e-09
0.6 -4.33906e-08 -7.47622e-10 -1.35697e-07 -3.0302e-08 -9.50074e-08 -8.06898e-08 -2.19802e-08 -3.77374e-08 6.98761e-09
0.61 -4.33906e-08 -7.47622e-10 -1.35697e-07 -3.0302e-08 -9.50074e-08 -8.06898e-08 -2.19802e-08 -3.77374e-08 6.98761e-09
0.62 -4.33906e-08 -7.47622e-10 -1.35697e-07 -3.0302e-08 -9.50074e-08 -8.06898e-08 -2.19802e-08 -3.77374e-08 6.98761e-09
0.63 -4.33906e-08 -7.47622e-10 -1.35697e-07 -3.0302e-08 -9.50074e-08 -8.06898e-08 -2.19802e-08 -3.77374e-08 6.98761e-09
0.64 -4.33906e-08 -7.47622e-10 -1.35697e-07 -3.0302e-08 -9.50074e-08 -8.06898e-08 -2.19802e-08 -3.77374e-08 6.98761e-09
0.65 -4.33906e-08 -7.47622e-10 -1.35697e-07 -3.0302e-08 -9.50074e-08 -8.06898e-08 -2.19802e-08 -3.77374e-08 6.98761e-09
0.66 -4.33906e-08 -7.47622e-10 -1.35697e-07 -3.0302e-08 -9.50074e-08 -8.06898e-08 -2.19802e-08 -3.77374e-08 6.98761e-09
0.67 -4.33906e-08 -7.47622e-10 -1.35697e-07 -3.0302e-08 -9.50074e-08 -8.06898e-08 -2.19802e-08 -3.77374e-08 6.98761e-09
0.68 -4.33906e-08 -7.47622e-10 -1.35697e-07 -3.0302e-08 -9.50074e-08 -8.06898e-08 -2.19802e-08 -3.77374e-08 6.98761e-09
0.69 -4.33906e-08 -7.47622e-10 -1.35697e-0