3059.6 -290.694 294.481 -3056.26
3068.91 -280.001 305.17 -3046.92
3082.55 -263.803 321.361 -3033.23
3076.98 -268.657 316.512 -3038.81
3058.39 -289.099 296.074 -3057.42
3080.4 -265.248 319.924 -3035.4
3152.81 -183.111 402.026 -2962.75
3216.99 -105.059 480.047 -2898.38
3242.23 -67.5448 517.55 -2873.07
3271.67 -27.2236 557.859 -2843.57
3333.89 47.5705 632.609 -2781.12
3395.41 123.037 708.04 -2719.41
3442.3 184.015 769.002 -2672.38
3492.82 246.713 831.681 -2621.72
3526.08 285.134 870.08 -2588.35
3496.23 249.277 834.226 -2618.19
3412.73 151.088 736.039 -2701.7
3345.93 68.8584 653.808 -2768.51
3325.74 36.7051 621.657 -2788.71
3282.82 -20.8098 564.145 -2831.63
3151.28 -177.979 406.973 -2963.18
2987.54 -374.457 210.464 -3126.67
2892.64 -496.495 88.3869 -3221.32
2880.41 -521.877 63.0013 -3233.58
2904.11 -496.819 88.0709 -3209.91
2925.49 -466.925 117.964 -3188.52
2932.68 -452.228 132.657 -3181.34
2941.5 -436.94 147.948 -3172.53
2986.31 -378.863 206.028 -3127.71
3083.51 -257.306 327.58 -3030.52
3198.12 -115.196 469.691 -2915.9
3286.78 -7.40663 577.484 -2827.23
3340.47 54.7018 639.585 -2773.55
3364.11 82.044 666.93 -2749.9
3369.65 92.7743 677.661 -2744.35
3360.89 88.6908 673.574 -2753.12
3321.36 44.1694 629.056 -2792.65
3251.06 -44.6102 540.278 -2862.95
3164.02 -158.184 426.702 -2950
3074.99 -273.284 311.605 -3039.03
2990.91 -379.345 205.544 -3123.11
2885.23 -508.586 76.3017 -3228.78
2761.89 -658.74 -73.9326 -3351.66
2695.92 -744.668 -159.891 -3417.46
2727.37 -713.769 -128.979 -3386.05
2796.96 -627.339 -42.5426 -3316.47
2836.18 -568.068 16.7284 -3277.25
2879.86 -507.129 77.6649 -3233.59
3013.13 -349.577 235.223 -3100.31
3209.1 -115.325 469.476 -2904.34
3366.93 86.8657 671.656 -2746.52
3479.1 237.657 822.461 -2634.35
3578.32 361.43 946.198 -2534.96
3613.95 403.113 987.839 -2499.19
3533.43 310.822 895.552 -2579.72
3395.79 149.41 734.15 -2717.38
3317.24 42.8527 627.588 -2795.95
3308.12 6.17717 590.918 -2805.08
3233.4 -99.3247 485.423 -2879.79
3020.42 -349.888 234.85 -3092.79
2781.84 -626.868 -42.1269 -3331.35
2652.94 -784.491 -199.733 -3460.15
2647.41 -801.963 -217.237 -3465.64
2721.73 -719.461 -134.729 -3391.31
2859 -555.434 29.2989 -3254.06
3001.19 -380.151 204.578 -3111.87
3059.54 -296.972 287.761 -3053.53
3049.03 -291.115 293.619 -3064.04
3082.54 -238.401 346.331 -3030.52
3244.41 -45.7208 539.008 -2868.65
3466.22 211.335 796.067 -2646.82
3594.11 360.963 945.691 -2518.95
3584.61 352.731 937.459 -2528.45
3502.4 258.775 843.507 -2610.65
3385.69 124.593 709.321 -2727.38
3237.68 -46.7818 537.95 -2875.39
3100.84 -214.433 370.303 -3012.25
3010.52 -342.264 242.469 -3102.56
2914.34 -481.696 103.037 -3198.74
2767.61 -671.283 -86.5335 -3345.51
2625.56 -843.637 -258.962 -3487.4
2549.71 -931.414 -346.771 -3562.98
2548.94 -927.825 -343.183 -3563.77
2598.36 -861.408 -276.75 -3514.34
2690.83 -742.339 -157.686 -3421.9
2857.27 -538.586 46.066 -3255.48
3064.4 -287.798 296.862 -3048.35
3219.07 -94.1998 490.454 -2893.67
3306.02 21.8489 606.503 -2806.72
3397.67 137.831 722.484 -2715.06
3542.91 310.328 894.976 -2569.8
3713.71 513.191 1097.81 -2398.66
3807.58 632.439 1217 -2304.46
3750.32 576.611 1161.19 -2361.78
3599.27 400.246 984.838 -2512.88
3439.71 200.082 784.676 -2672.45
3281.43 -3.59993 581 -2830.76
3115.05 -216.293 368.307 -2997.16
2955.07 -424.226 160.38 -3157.13
2822.34 -603.305 -18.7106 -3289.85
2721.04 -738.512 -153.905 -3391.18
2634.82 -837.775 -253.166 -3477.4
2566.84 -900.612 -316.006 -3545.39
2566.46 -885.704 -301.091 -3545.78
2683.04 -746.089 -161.479 -3429.2
2881.79 -514.942 69.669 -3230.48
3059.45 -299.39 285.226 -3052.81
3157.28 -168.464 416.151 -2954.99
3183.87 -124.234 460.378 -2928.39
3164.07 -144.481 440.134 -2948.19
3147.98 -167.477 417.136 -2964.28
3219.93 -89.872 494.74 -2892.33
3389.94 104.022 688.635 -2722.32
3490.24 224.359 808.973 -2622.02
3407.34 136.954 721.566 -2704.92
3291.17 5.33499 589.949 -2821.09
3289.74 1.42962 586.043 -2822.52
3356.97 82.0075 666.619 -2755.28
3368.66 102.803 687.416 -2743.59
3240.81 -46.9149 537.7 -2871.45
3035.16 -305.513 279.103 -3077.11
2916.64 -473.245 111.371 -3195.62
2926.3 -479.89 104.725 -3185.97
2950.98 -445.959 138.656 -3161.28
2827.27 -574.168 10.4413 -3284.97
2479.14 -974.245 -389.579 -3632.96
2158.76 -1364.75 -780.233 -3952.3
2214.87 -1334.04 -749.527 -3896.23
2586.62 -917.548 -332.965 -3524.61
2893.49 -541.54 43.0519 -3217.84
2920.85 -476.853 107.717 -3190.44
2796.07 -602.732 -18.1357 -3315.29
2759.5 -636.32 -51.7388 -3351.8
2970.26 -375.019 209.558 -3141.07
3412.34 161.963 746.526 -2698.95
3813.51 642.883 1227.53 -2297.8
3856.21 692.065 1276.65 -2255.01
3571.52 351.489 936.086 -2539.7
3288.34 13.2532 597.859 -2822.89
3181.37 -113.245 471.356 -2929.91
3183.45 -115.059 469.544 -2927.81
3187.9 -131.912 452.703 -2923.38
3099.17 -268.943 315.657 -3012.11
2897.72 -523.149 61.4552 -3213.55
2681.77 -766.845 -182.239 -3429.48
2459.5 -1003.01 -418.41 -3651.76
2123.76 -1384.12 -799.547 -3987.3
1789.92 -1798.89 -1214.55 -4319.8
1774.88 -1877.55 -1293.36 -4334.65
2115.12 -1529.32 -944.947 -3994.82
2425.72 -1157.42 -573.023 -3684.41
2372.42 -1163.18 -578.827 -3737.62
2066.34 -1471.76 -887.367 -4043.83
1962.63 -1584.66 -1000.26 -4147.56
2431.83 -1048.66 -464.246 -3678.43
3358.17 43.629 628.027 -2752.09
4212.71 1085.62 1670 -1896.47
4492.95 1466.62 2050.68 -1615.06
4105.8 1050.99 1635.2 -2002.57
3569.98 431.846 1016.15 -2538.72
3534.73 371.972 956.248 -2573.99
3928.3 806.3 1390.58 -2180.43
4110.4 994.31 1578.62 -1998.41
3764.04 550.01 1134.33 -2344.81
3120.76 -254.124 330.17 -2988.15
2480.1 -1028.99 -444.667 -3628.72
2009.78 -1560.28 -975.986 -4099.01
1884.76 -1688.63 -1104.36 -4224
2152.29 -1406.31 -822.013 -3956.41
2527.1 -1019.97 -435.68 -3581.66
2640.34 -891.492 -307.201 -3468.45
2459.88 -1042.47 -458.157 -3648.91
2327.67 -1132.34 -548.038 -3781.18
2569.12 -836.18 -251.87 -3539.75
3158.13 -169.323 414.996 -2950.73
3765.95 539.901 1124.2 -2342.89
4051.27 913.595 1497.89 -2057.52
3981.89 876.398 1460.69 -2126.86
3827.95 702.831 1287.12 -2280.79
3799.07 648.963 1233.24 -2309.67
3821.12 667.675 1251.97 -2287.62
3753.87 596.624 1180.92 -2354.92
3619.68 423.272 1007.58 -2489.16
3467.95 194.474 778.791 -2640.91
3242.04 -112.566 471.747 -2866.84
2858.13 -556.127 28.1842 -3250.74
2468.68 -984.026 -399.716 -3640.16
2444.6 -1021.09 -436.784 -3664.24
2794.76 -653.476 -69.1677 -3314.09
3005.84 -415.451 168.862 -3103.03
2774.02 -640.632 -56.321 -3334.84
2479.1 -947.262 -362.953 -3629.76
2570.32 -857.809 -273.496 -3538.55
2967.21 -428.907 155.407 -3141.66
3311.27 -21.0318 563.281 -2797.6
3412.21 139.445 723.759 -2696.66
3368.27 115.515 699.828 -2740.6
3318.11 49.1538 633.463 -2790.75
3303.05 20.257 604.567 -2805.8
3370.92 109.556 693.864 -2737.92
3519.05 297.454 881.761 -2589.79
3618.98 406.986 991.296 -2489.86
3521.49 267.574 851.885 -2587.37
3201 -122.287 462.026 -2907.87
2788 -599.107 -14.7923 -3320.88
2523.34 -907.386 -323.074 -3585.52
2631.21 -813.273 -228.965 -3477.63
3008.88 -415.979 168.332 -3099.98
3259.1 -127.188 457.128 -2849.78
3207.09 -139.428 444.887 -2901.79
3017.83 -302.215 282.099 -3091.04
2899.7 -413.421 170.894 -3209.18
2977.52 -331.532 252.781 -3131.35
3218.01 -73.1574 511.154 -2890.85
3352.68 68.2886 652.601 -2756.18
3155.04 -175.715 408.6 -2953.83
2728.41 -700.057 -115.748 -3380.44
2253.63 -1285.28 -700.979 -3855.17
1802.73 -1825.98 -1241.7 -4305.98
1549.87 -2126.44 -1542.3 -4557.9
1687.42 -1991.11 -1406.99 -4420.35
2059.65 -1588.38 -1004.24 -4048.12
2229.78 -1384.44 -800.287 -3878.1
1983.4 -1618.5 -1034.34 -4124.48
1681.48 -1919.27 -1335.09 -4426.48
1870.27 -1696.19 -1112 -4237.73
2537.78 -940.339 -356.143 -3570.29
3203.77 -158.534 425.661 -2904.32
3555.16 290.22 874.432 -2552.93
3658.63 447.806 1031.99 -2449.44
3677.08 489.149 1073.34 -2430.95
3603.51 426.876 1011.06 -2504.46
3424.72 247.415 831.593 -2683.29
3327.27 127.424 711.615 -2780.76
3448.55 204.274 788.474 -2659.52
3537.13 231.737 815.935 -2570.97
3207.54 -175.847 408.355 -2900.55
2543.5 -926.895 -342.703 -3564.54
2013.61 -1534.13 -949.953 -4094.38
1832.94 -1770.13 -1185.95 -4275.01
1890.69 -1734.63 -1150.46 -4217.23
2110.61 -1490.65 -906.488 -3997.31
2444.07 -1096.3 -512.124 -3663.89
2702.13 -776.564 -192.375 -3405.89
2787.83 -643.754 -59.5584 -3320.24
2910.75 -458.346 125.856 -3197.34
3275.97 10.8868 595.083 -2832.1
3763.14 617.742 1201.92 -2344.84
4154.25 1096.36 1680.52 -1953.64
4479.93 1471.43 2055.45 -1627.59
4772.34 1797.8 2381.56 -1333.86
4861.94 1914.07 2497.71 -1243.86
4687.5 1746.71 2330.35 -1418.23
4345.14 1367.09 1950.81 -1760.83
3882.59 803.99 1387.71 -2223.51
3410.52 192.266 776.038 -2695.73
3099.03 -244.417 339.364 -3007.3
2850.28 -590.928 -7.15862 -3256.02
2443.21 -1096.79 -513.035 -3662.99
1946.74 -1697.82 -1114.09 -4159.3
1585.32 -2137.2 -1553.59 -4520.43
1471.63 -2266.6 -1683.04 -4633.91
1670.71 -2007.66 -1424.09 -4434.9
2184.15 -1377 -793.406 -3921.61
2792.81 -640.354 -56.7339 -3313.08
3195.02 -138.018 445.597 -2910.89
3293.64 24.2762 607.898 -2812.25
3309.58 85.5298 669.138 -2796.28
3564.85 394.459 978.062 -2540.97
4061.91 957.987 1541.57 -2043.84
4399.98 1341.68 1925.26 -1705.74
4231.85 1155.62 1739.21 -1873.9
3650.64 484.232 1067.84 -2455.19
2972.8 -328.938 254.684 -3133.1
2459.52 -977.229 -393.607 -3646.4
2233.82 -1299.48 -715.872 -3872.02
2178.47 -1415.79 -832.206 -3927.25
2100.05 -1543.65 -960.059 -4005.64
1939.29 -1745.84 -1162.22 -4166.45
1739.27 -1961.28 -1377.66 -4366.47
1591.43 -2085.26 -1501.62 -4514.42
1656.82 -1959.39 -1375.72 -4449.12
2140.81 -1379.5 -795.821 -3965.21
2960.83 -434.422 149.272 -3145.26
3647.36 376.093 959.786 -2458.73
3909.88 733.091 1316.77 -2196.17
3950.49 838.715 1422.38 -2155.47
4076.11 1017.1 1600.75 -2029.74
4347.03 1343.41 1927.03 -1758.7
4672.92 1729.85 2313.45 -1432.71
4958.44 2064.31 2647.79 -1146.72
5119.49 2240.9 2824.35 -985.209
5040.44 2134.48 2717.93 -1064.31
4567.56 1585.3 2168.78 -1537.27
3776.95 671.974 1255.49 -2328.08
3098.51 -147.744 435.791 -3006.68
2801.35 -574.803 8.75441 -3303.86
2629.67 -863.818 -280.285 -3475.49
2255.23 -1352.89 -769.39 -3849.77
1659.37 -2064.84 -1481.38 -4445.38
961.612 -2879.18 -2296.24 -5140.54
358.538 -3585.84 -3003.22 -5741.37
151.526 -3840.76 -3258.31 -5947.53
463.663 -3492.93 -2910.38 -5635.53
1130.88 -2719.43 -2136.82 -4968.73
1916.73 -1784.42 -1201.76 -4183.25
2612.65 -917.55 -334.806 -3487.59
3124.37 -224.473 358.293 -2976.04
3595.32 437.768 1020.5 -2504.99
4251.61 1291.34 1874.13 -1848.67
5062 2279.46 2862.06 -1037.69
5676.56 3003.63 3585.66 -420.317
5724.32 3051.88 3633.94 -372.721
5118.86 2321.44 2903.58 -978.326
4128.37 1110.59 1692.86 -1969.46
3124.77 -148.386 433.882 -2973.38
2351.39 -1153.32 -571.003 -3746.71
1862.34 -1817.24 -1235 -4235.48
1557.78 -2237.87 -1655.65 -4539.95
1216.54 -2658.03 -2075.74 -4881.17
768.288 -3158.91 -2576.64 -5329.37
542.118 -3381.23 -2798.96 -5555.59
913.465 -2910.65 -2328.29 -5184.55
1813.51 -1823.96 -1241.55 -4284.83
2752.49 -677.445 -94.9996 -3346.07
3254.92 -29.1031 553.352 -2843.67
3345.81 122.424 704.878 -2752.75
3522.07 337.553 919.98 -2576.45
4001.04 894.57 1476.99 -2097.36
4385.43 1365.98 1948.38 -1712.88
4352.95 1356.45 1938.85 -1745.4
4101.98 1045.94 1628.37 -1996.42
3841.96 685.195 1267.63 -2256.52
3492.77 241.308 823.748 -2605.79
3051.24 -271.485 310.975 -3047.35
2695.66 -693.623 -111.173 -3402.93
2501.52 -971.159 -388.719 -3597.02
2274.78 -1294.57 -712.139 -3823.68
1780.58 -1884.75 -1302.35 -4317.75
1215.1 -2527.11 -1944.74 -4883.08
1083.46 -2691.13 -2108.78 -5014.64
1418.25 -2341.01 -1758.65 -4679.88
1736.65 -1981.4 -1399.03 -4361.56
1804.39 -1861.61 -1279.22 -4293.89
1907.35 -1690.45 -1108.04 -4191.05
2354.53 -1143.76 -561.321 -3744
2954.95 -420.053 162.402 -3143.65
3324.51 63.4532 645.904 -2774.07
3515.71 339.081 921.522 -2582.84
3774.34 649.83 1232.26 -2324.16
3974.26 862.383 1444.81 -2124.18
3875.19 736.748 1319.18 -2223.29
3612.48 429.49 1011.93 -2486.05
3542.47 325.775 908.222 -2556.09
3688.78 458.404 1040.85 -2409.8
3580.49 323.012 905.464 -2518.1
2967.64 -365.809 216.645 -3130.95
2425.44 -997.402 -414.95 -3673.16
2575.19 -875.803 -293.353 -3523.39
3037.83 -376.798 205.655 -3060.76
3024.88 -362.644 219.808 -3073.72
2577.23 -838.142 -255.695 -3521.34
2387.95 -1072.5 -490.051 -3710.62
2648.42 -813.924 -231.473 -3450.17
2865.85 -550.777 31.6765 -3232.74
2789.74 -579.485 2.96776 -3308.85
2700.57 -662.714 -80.2627 -3398.02
2753.31 -649.823 -67.3711 -3345.28
2779.1 -667.117 -84.6645 -3319.49
2807.62 -623.664 -41.2126 -3290.96
2985.43 -373.178 209.275 -3113.17
3059.66 -257.802 324.653 -3038.95
2786.56 -580.268 2.18524 -3312.04
2493.94 -949.6 -367.146 -3604.66
2693.57 -743.995 -161.542 -3405.02
3406.7 87.9142 670.369 -2691.91
4114.9 949.669 1532.12 -1983.69
4361.58 1290.74 1873.17 -1736.92
4177.62 1124.13 1706.54 -1920.76
3939.1 880.965 1463.36 -2159.21
3969.53 937.24 1519.63 -2128.73
4324.13 1344.87 1927.26 -1774.1
4823.28 1884.83 2467.22 -1274.98
5018.64 2062.86 2645.26 -1079.71
4510.3 1457.45 2039.88 -1588.14
3461.12 256.036 838.485 -2637.44
2476.25 -888.459 -305.992 -3622.41
1945.83 -1558.46 -976.004 -4152.78
1816.32 -1801.69 -1219.26 -4282.12
1964.06 -1721.91 -1139.52 -4134.2
2123.98 -1582.37 -1000 -3974.21
1902.07 -1815.86 -1233.49 -4196.09
1274.76 -2475.13 -1892.77 -4823.39
578.52 -3224.93 -2642.55 -5519.71
243.292 -3608.45 -3026.07 -5855.03
603.232 -3242.2 -2659.83 -5495
1575.58 -2183.14 -1600.76 -4522.7
2524.79 -1106.65 -524.244 -3573.68
2762.71 -778.849 -196.416 -3335.91
2388.49 -1118.29 -535.846 -3710.17
2233.16 -1219.24 -636.772 -3865.61
2939.01 -351.975 230.484 -3159.76
4341.65 1319.93 1902.33 -1756.81
5615.11 2855.82 3438.13 -482.939
6082.37 3446.58 4028.9 -14.5101
5706.5 3025.59 3607.87 -390.377
4825.83 1991.94 2574.29 -1271.27
3978.99 981.608 1564.03 -2118.56
3658.1 547.205 1129.66 -2439.71
3799.71 606.738 1189.24 -2298.27
3836.37 541.371 1123.89 -2261.64
3273.14 -163.629 418.859 -2824.88
2075.46 -1531.14 -948.679 -4022.33
723.313 -3057 -2474.57 -5374.35
-52.9792 -3969.64 -3386.94 -6150.14
181.165 -3783.62 -3200.97 -5915.76
1019.97 -2901.5 -2318.84 -5076.94
1625.35 -2219.06 -1636.28 -4472.12
1827.56 -1934.78 -1351.95 -4270.09
2098.41 -1542.87 -959.964 -3999.6
2646.63 -802.268 -219.303 -3451.7
3324.96 123.943 706.878 -2773.3
4224.79 1289.78 1872.66 -1873.08
5532.74 2848.84 3431.6 -564.541
6817 4324.44 4906.28 724.217
7263.99 4856.9 5438.33 1173.21
6597.19 4140.64 4722.27 505.807
5362.26 2728.07 3309.99 -730.233
4226.73 1328.74 1910.76 -1866.45
3410.9 223.378 805.505 -2682.9
2803.23 -644.467 -62.279 -3290.61
2038.49 -1650.88 -1068.79 -4054.91
744.673 -3229.61 -2647.72 -5347.84
-894.176 -5187.22 -4607.1 -6979.97
-2153.97 -6703.63 -6124.36 -8234.97
-2513.02 -7155.1 -6576.62 -8592.25
-2047.21 -6607.06 -6028.33 -8126.59
-1120.4 -5496.07 -4917.28 -7200.49
-71.4709 -4235.5 -3656.47 -6152.64
1012.55 -2907.22 -2327.86 -5069.44
2321.44 -1254.97 -675.393 -3761.28
3967.52 854.518 1434.06 -2114.92
5785.22 3176.93 3756.43 -295.316
7415 5228.87 5807.13 1336
8457.63 6522.5 7099.74 2384.9
8749.55 6892.95 7469.54 2678.91
8400.66 6477.08 7053.68 2329.83
7507.38 5374.38 5951.45 1434.82
6146.36 3655.77 4233.2 72.0055
4602.02 1658.8 2236.67 -1473.39
3025.17 -383.386 194.575 -3050.35
1261.32 -2583.58 -2005.69 -4813.03
-552.848 -4783.85 -4206.05 -6624.84
-1807 -6326.68 -5749.19 -7879.59
-2094.18 -6739.79 -6162.35 -8166.88
-1627.55 -6209.33 -5631.7 -7701.02
-843.299 -5206.46 -4628.68 -6917.62
126.313 -3932.22 -3354.03 -5949.33
1354.51 -2366.47 -1788.1 -4721.99
2775.77 -593.217 -14.6847 -3300.95
4178.64 1169.99 1748.43 -1897.31
5439.54 2769.36 3347.65 -635.1
6478.37 4062.88 4641.1 404.973
7076.91 4774.31 5352.41 1003.51
7051.06 4716.4 5294.48 977.69
6414.57 3939.61 4517.84 340.559
5381.19 2689 3267.38 -693.654
4274.86 1309.44 1888 -1800.73
3207.71 -70.251 508.335 -2868.24
2097.55 -1503.65 -925.091 -3978.1
1011.8 -2873.42 -2295.03 -5063.19
80.6114 -4018.99 -3440.72 -5993.26
-661.008 -4910.75 -4332.55 -6734.21
-1099.99 -5434.37 -4856.28 -7173.65
-1040.21 -5364.46 -4786.34 -7114.03
-496.303 -4704.41 -4126.18 -6570.62
307.203 -3706.29 -3127.94 -5767.71
1219.27 -2562.32 -1983.82 -4856.33
2163.71 -1380.08 -801.517 -3912.3
3169.44 -129.116 449.479 -2906.73
4244.15 1209.47 1788 -1831.63
5108.88 2314.39 2892.81 -966.375
5651.32 3022.86 3601.19 -423.135
6241.93 3723.82 4302.05 168.009
6977.14 4554.7 5132.81 903.315
7263.8 4897.09 5475.16 1190.09
6675.28 4258.12 4836.33 601.249
5635.91 3046.05 3624.43 -438.724
4774.84 1944.72 2523.19 -1300.43
4135.64 1066.09 1644.67 -1940.1
3466.95 193.969 772.569 -2609.05
2684.9 -772.748 -194.163 -3391.03
1825.88 -1835.81 -1257.3 -4249.59
979.827 -2892.38 -2313.96 -5095.23
229.992 -3800.32 -3221.94 -5844.42
-328.1 -4430.51 -3852.18 -6402.22
-451.263 -4550.71 -3972.42 -6525.25
15.9589 -4029.34 -3451.01 -6058.15
702.503 -3262.89 -2684.5 -5371.92
1057.5 -2821.11 -2242.66 -5017.23
1178.35 -2594.08 -2015.58 -4896.68
1560.14 -2070.31 -1491.75 -4515.21
2303.93 -1161.16 -582.559 -3771.67
3197.51 -89.4761 489.121 -2878.19
4078.21 980.537 1559.1 -1997.35
4855.57 1940.35 2518.86 -1219.75
5462.49 2696.63 3275.07 -612.281
5792.51 3123.55 3701.91 -281.911
5702.74 3061.55 3639.88 -371.491
5199.68 2500.89 3079.25 -874.753
4580.82 1746.48 2324.93 -1494.06
4241.81 1243.47 1822 -1833.47
4259.73 1132.09 1710.66 -1815.78
4227.73 1020.38 1598.98 -1847.91
3567.62 267.398 845.993 -2508.05
2199.81 -1276.51 -697.942 -3875.78
886.532 -2813.86 -2235.31 -5188.95
483.568 -3365.74 -2787.24 -5591.53
930.486 -2928.34 -2349.87 -5144.45
1509.24 -2278.03 -1699.58 -4565.64
1842.2 -1879.49 -1301.02 -4232.77
1976.52 -1709.82 -1131.32 -4098.62
1977.18 -1661.47 -1082.92 -4098.18
2143.39 -1360.7 -782.116 -3932.18
3089.19 -145.21 433.367 -2986.44
4983.39 2121.28 2699.76 -1091.78
6902.28 4394.29 4972.6 828.205
7490.38 5168.82 5746.92 1415.71
6431.03 4055.64 4633.69 356.506
4779.32 2163 2741.23 -1295.92
3735.98 818.278 1396.7 -2340.02
3501.68 321.119 899.633 -2574.79
3287.89 -123.314 455.216 -2788.6
2395 -1279.95 -701.515 -3680.89
1096.33 -2864.1 -2285.85 -4978.43
125.499 -4029.25 -3450.96 -5948.42
-224.878 -4385.61 -3807.26 -6299.06
69.2949 -3910.39 -3331.96 -6005.45
1212.04 -2468.19 -1889.65 -4863.32
3004.4 -350.202 228.388 -3071.43
4521.48 1439.69 2018.26 -1554.27
4985.91 2083.9 2662.37 -1089.49
4524.86 1691.43 2269.85 -1550.31
3914.26 1038.44 1616.88 -2161.02
3630.46 624.223 1202.71 -2445.06
3463.58 275.319 853.849 -2612.21
3142.26 -234.898 343.648 -2933.63
2698.11 -845.593 -267.082 -3377.63
2089.83 -1607.52 -1029.06 -3985.54
1158.33 -2694.2 -2115.81 -4916.76
205.524 -3763.03 -3184.67 -5869.23
17.3108 -3946.35 -3367.97 -6057.53
1004.12 -2794.85 -2216.41 -5071.04
2679.88 -841.199 -262.673 -3395.78
4184.52 967.222 1545.78 -1891.37
5189.37 2256.41 2834.91 -886.271
5961.89 3306.24 3884.55 -112.654
6705.42 4325.16 4903.23 632.279
7240.99 5080.94 5658.64 1167.89
7402.34 5328.49 5905.44 1329.34
7260.43 5102.6 5679.8 1186.8
6737.85 4337.73 4915.15 662.907
5518.54 2749.87 3327.72 -557.663
3588.7 369.197 947.323 -2487.99
1561.17 -2120.31 -1542.07 -4514.78
-79.7556 -4175.21 -3597.08 -6153.93
-1431.97 -5874 -5296.97 -7506.07
-2526.19 -7220.34 -6643.6 -8597.94
-3055.19 -7872.85 -7296.16 -9122.71
-2769.45 -7566.1 -6989.3 -8837.52
-1872.11 -6498.84 -5921.81 -7941.39
-899.524 -5256.54 -4679.14 -6970.44
85.322 -3941.15 -3363.54 -5986.92
1588.84 -2038.53 -1460.71 -4484.25
3645.57 478.903 1056.76 -2427.18
5609.9 2904.25 3481.81 -461.032
7138.71 4834.26 5411.56 1069.02
8180.52 6158.85 6735.61 2111.19
8424.91 6497.09 7073.33 2356.09
7652.01 5595.79 6172.36 1582.42
6207.47 3841.31 4418.21 136.418
4737.87 1962.64 2539.99 -1334.73
3301.2 58.7359 636.244 -2771.89
1388.01 -2392.05 -1814.55 -4683.94
-1014.92 -5376.71 -4799.74 -7085.28
-3314.62 -8207.86 -7631.52 -9380.35
-5083.2 -10368.9 -9794.52 -11137.2
-6242.65 -11768.5 -11196.6 -12288.3
-6563.57 -12156.5 -11584 -12605.7
-5712.66 -11167.6 -10594.8 -11756.1
-3868.05 -8977.09 -8403.55 -9914.94
-1578.24 -6163.86 -5589.69 -7629.69
1011.98 -2892.29 -2317.23 -5041.98
4075.78 984.258 1559.19 -1978.14
7587.04 5386.94 5960.96 1533.68
11071.8 9736.51 10307.8 5035.68
13642.5 13009.7 13577.6 7629.44
14840 14609.6 15175.8 8840.58
15073.5 14921 15486.4 9078.14
14662.4 14312.9 14879 8664.54
13393.6 12628.4 13195.6 7388.96
11055.7 9682.83 10251.6 5043.2
7939.05 5799.3 6369.17 1920.89
4705.56 1731.11 2301.03 -1314.89
1716.28 -2037.47 -1467.76 -4300.69
-1060.02 -5466.15 -4899 -7078.3
-3241.49 -8109.85 -7540.87 -9258.67
-4033.3 -9123.93 -8555.4 -10048.8
-3539.6 -8617.8 -8049.54 -9555.43
-2792.55 -7684.71 -7115.99 -8810.11
-2248.98 -6853.32 -6284.3 -8268.7
-1363.83 -5612.68 -5043.07 -7385.51
234.926 -3615.21 -3045.55 -5787.6
1983.84 -1480.59 -910.745 -4038.32
3108.93 -63.6867 506.059 -2912.69
3791.63 794.526 1364.2 -2229.03
4890.43 2032.41 2602 -1129.48
6427.29 3758.17 4327.66 409.478
7433.26 4986.12 5555.24 1412.86
7520.31 5259.41 5827.29 1500.74
7350.95 5198.74 5766.59 1332.2
7368.19 5236.35 5804.56 1349.71
7202.94 5005.41 5573.82 1184.25
6487.79 4133.17 4701.85 468.16
5426.83 2808.84 3378 -593.888
4313.01 1324.78 1894.33 -1708.39
3209.54 -184.071 385.539 -2811.78
2073.85 -1646.6 -1077.07 -3946.18
838.747 -3092.47 -2523.09 -5180.28
-309.994 -4384.08 -3814.69 -6327.04
-1058.37 -5258.91 -4689.73 -7076.34
-1300.51 -5598 -5029.64 -7320.87
-845.925 -5114.69 -4546.32 -6866.3
633.179 -3385.91 -2817.45 -5387.48
3029.04 -520.489 48.3772 -2992.23
5524.5 2554.5 3123.76 -495.645
7216.57 4795.23 5364.47 1197.86
8038.71 6061.06 6629.65 2020.86
8710.78 7076.1 7643.91 2695.99
9840.24 8463.52 9031.07 3828.33
11241 10028.8 10596.5 5229.73
12046.2 10840.6 11406.9 6033.62
11585.7 10183.5 10750.7 5570.43
9938.39 8167.11 8734.81 3920.46
7572.96 5337.81 5906.27 1552.92
5226.27 2532.99 3101.79 -794.685
3882.06 852.46 1421.57 -2139.34
3918.98 736.732 1305.81 -2102.58
4708.19 1530.44 2099.62 -1313.52
5459.24 2395.97 2965.11 -562.597
6004.85 3154.23 3723.33 -16.3717
6714.37 4189.12 4757.94 694.444
8016.75 5938.49 6506.79 1998.28
10035.4 8495.11 9062.69 4021.16
12335.5 11328.1 11895.6 6326.21
13868.8 13217.8 13784.6 7864.28
13569.3 12917.4 13484.3 7564.75
11322.5 10251.7 10819.4 5313.48
8094.95 6297.43 6866.41 2079.45
4983.83 2340.35 2910.08 -1035.77
2393.82 -1073.72 -503.875 -3625.47
149.48 -4057.59 -3488.29 -5863.75
-1881.51 -6709.9 -6141.81 -7898.54
-3548.47 -8787.41 -8218.98 -9563.36
-4479.34 -9846.5 -9277.78 -10494.2
-4244.06 -9395.49 -8826.32 -10261
-2519.34 -7137.27 -6567.12 -8541.12
477.757 -3402.02 -2831.56 -5545.93
3764.68 651.645 1222.09 -2258.1
6217.18 3734.42 4304.51 198.616
7428.56 5344.84 5914.53 1408.23
7746.82 5827.63 6396.77 1727.98
7774.06 5837.07 6406.13 1754.97
7799.29 5737.09 6306.42 1779.37
7402.18 5116.47 5686.11 1380.34
5713.17 3020.38 3590.43 -309.822
2327.95 -1045.13 -474.955 -3694.72
-2082.56 -6375.71 -5805.78 -8106.29
-6279.21 -11546.6 -10977.6 -12299.6
-9325.4 -15412.4 -14847.7 -15319.9
-11121.8 -17808.8 -17248.7 -17086.9
-12236.8 -19335.2 -18778.6 -18179
-13328.9 -20709.2 -20155.9 -19254.5
-14477.6 -22006.1 -21453.3 -20395
-14952.9 -22410.7 -21856.4 -20877.3
-13597.4 -20634.8 -20077.9 -19530.9
-9729.96 -15941.1 -15381.5 -15677.2
-3910.07 -8956.57 -8394.66 -9870.87
2112.65 -1623.75 -1060.66 -3852.45
6563.67 4051.92 4614.86 607.668
9212.07 7640.02 8204.46 3242.15
11490 10690.3 11248.9 5529.22
14980.4 14923.5 15486.1 9030.86
19700.7 20454.6 21007.6 13798.5
24191.9 25724.1 26269 18333.7
26361.4 28378.7 28920.1 20530.6
24805.6 26742.7 27284.3 18972.9
19953.8 21172 21717.4 14107.1
14087.4 14175.2 14724.2 8220.37
9632.14 8504.1 9057.09 3747.01
7350.57 5135.2 5690.13 1453.2
6010.66 2859.81 3415.14 109.311
3927.45 -44.1305 510.078 -1969.51
749.959 -3873.63 -3321.21 -5136.85
-2059.35 -6938.74 -6388.32 -7962.42
-2267.77 -6818.3 -6266 -8172.8
1310.39 -2269.3 -1714.36 -4595.54
7664.5 5477.79 6031.38 1760.75
14106.4 13302.9 13855.7 8210.89
18061.8 18276.6 18827.6 12184.3
18864.3 19556.4 20104 13000.6
17530.8 18215.6 18762.7 11671
15154 15431.7 15980.6 9287.38
11955.2 11415.5 11967 6073.31
7501.1 5669.71 6224.31 1604.31
1310.35 -2281.13 -1726.45 -4579.27
-6336.09 -11943 -11386.7 -12237
-14008.6 -21544.9 -20997.8 -19872.6
-19739.2 -28630.5 -28099.2 -25510.3
-22812.7 -32395.8 -31874.2 -28507.8
-23574.1 -33282.7 -32761.4 -29248.8
-21974.7 -31265.8 -30738.9 -27664.9
-17383.3 -25624.9 -25095.8 -23107
-9647.18 -16141 -15608.7 -15417.1
269.925 -3856.83 -3321.69 -5519.09
10870.8 9387.97 9925.82 5032.63
20858.3 21996.7 22544.6 15068.8
28993.5 32375.7 32902.5 23349
34469.9 39346.3 39857.3 28896.9
38023.4 43640.1 44230.5 32251.4
40229.4 46043 46671.9 34369.9
40761.8 46400 47015.6 34964.3
37121.8 41797.3 42393.3 31336
27908.2 30780.7 31338.5 22201.2
14407.7 14707.7 15197 8824.74
-383.467 -3557.02 -3102.1 -5912.64
-14026.8 -20692.5 -20163.6 -19672.7
-25322.9 -35085.1 -34561.3 -30832.5
-32931.8 -45086.8 -44497.7 -38721.5
-38035.6 -52248.4 -51488.3 -44474.1
-41876.1 -57292.8 -56345.6 -48921.4
-44940.5 -60428.2 -59377.3 -52214.8
-46640.8 -61509 -60516.7 -53796.8
-43736.3 -57360.2 -56415.3 -50677.6
-34046.9 -45732.1 -44925.6 -40568
-20000.4 -29224.4 -28622.9 -25889.5
-6560.89 -12899 -12517.1 -11743.4
3143.99 514.951 815.629 -1833.88
9840.42 9502.8 9887.96 4504.78
15467.6 16848.4 17357.1 10083.7
22900.2 25727 26268 17469.6
31500.1 35590.2 36152.4 25989.1
38120.8 43137.8 43743.8 32615.3
39490.6 44697.6 45280.3 33978.3
34477.4 38825.9 39386.3 29001.3
24378.8 26961.1 27491.8 18973.4
12464.3 12861.9 13335.9 7159.52
2339.39 469.815 806.358 -2722.6
-3518.17 -7907.98 -7600.17 -8432.52
-6415.36 -12977.8 -12565.4 -11760.4
-9683.29 -17969.4 -17465.8 -15369.6
-15086.1 -24382.3 -23795.6 -20996.3
-21500.6 -31174.7 -30541.4 -27564.1
-25441.2 -34846.4 -34173.5 -31522.6
-23686.8 -32381.9 -31749.2 -29598.1
-15947.3 -23488.6 -22975.6 -21527.3
-4988.06 -10806.3 -10452.1 -10115.6
6358.71 3688.78 4001.53 1298.14
15166.3 14557.6 14955.8 9743.05
20628.9 21943.5 22461.8 15229.2
25130.5 28105.8 28646.8 19701.4
30091.4 34509.5 35055.4 24607.1
34952.1 40402 40982.9 29485.3
37994.6 43776.5 44351 32482.5
37156.8 42263.2 42838.5 31666.9
30616.8 34025.9 34575.5 25155.4
18525.4 19483.5 19981.8 13183.1
4566.49 2822.96 3167.75 -580.082
-5386.67 -10216.4 -9898.47 -10375.8
-10332.3 -17281.8 -16831.4 -15780.3
-13213.8 -21669.5 -21129.3 -18959.7
-15919.9 -25220.3 -24626.5 -21867.9
-18542.9 -28060.5 -27454.6 -24555.6
-19527.6 -28560.3 -27945.6 -25463.7
-17073.1 -24998 -24454.3 -22742.3
-10650 -16895.9 -16480.7 -15926.6
-1285.26 -5014.28 -4701.1 -6122.08
10838.6 9780.83 10144 5471.32
20998.4 21993.7 22508.7 15576.9
27181.4 29908 30460.5 21736.4
29756.5 33655.1 34194.5 24272.3
31038.1 35590.6 36154.2 25564.3
32685.9 37446.4 38009.6 27198.7
34174.2 38750.9 39318.9 28681.2
33274 37163.3 37721.6 27780.7
28103.5 30732.2 31280 22671
18719.2 19545.4 20037 13363.9
7430.36 6194.19 6552.42 2177.08
-2314.01 -6064.07 -5765.4 -7108.48
-7752 -13465.7 -13101.5 -12943.1
-11053.2 -18140.5 -17664.6 -16542.6
-13667.6 -21814.9 -21270.1 -19387.5
-16354.8 -25268 -24702 -22248.9
-18701.9 -27822.6 -27215.4 -24629.1
-19295.5 -28059.5 -27464.4 -25163.9
-16537.4 -24355.8 -23824.3 -22194.8
-10162.7 -16478.9 -16052.9 -15473.7
-1968.5 -6257.99 -5938.61 -6871.1
6013.75 4108.69 4429.09 858.778
10115.2 9391.57 9761.89 4758.01
10278.3 10227.9 10663.1 4929.45
8493.47 8429.7 8852.78 3160.1
6044.31 5380.71 5754.56 712.064
2565.41 640.819 988.957 -2572.16
-2739.14 -6791.59 -6484.17 -7635.48
-9805.18 -16277.4 -15836.1 -15201.7
-19625.6 -28550.9 -27931.5 -25557.2
-30849.4 -42217.7 -41447 -37310.3
-40951.2 -54390.8 -53481.7 -47836.9
-47083.9 -61879 -60829.7 -54317.9
-47568.6 -63131.5 -61809 -55343.1
-45661.2 -61343.6 -60055 -53421.5
-41223.6 -56114.5 -54893.8 -48733.7
-35054.4 -48382.9 -47311.8 -42175.2
-27477.7 -38430.7 -37539.9 -34019.5
-17809.3 -25746.1 -25086.3 -23533.3
-5794.13 -10421.6 -10080.1 -10613.2
9473.7 8826.77 9201.93 4132.8
24285.1 26538.2 27097.1 18864.7
34264.8 38977 39572.4 28805.7
38541.5 44653 45262.9 33014
38295.8 44741.4 45380.2 32730.6
35004.2 40704.1 41328.4 29441.9
29551.7 33758.4 34353 24058.1
22112.1 24179.9 24720.8 16685.2
12546.9 12043.5 12476.6 7238.81
1283 -2394.39 -2086.86 -3738.36
-8441.47 -15443.6 -14940.7 -13908.9
-17386.7 -26389 -25676.6 -23408.6
-23852.3 -34163.9 -33326.6 -30260.7
-25833.8 -36583.9 -35715.9 -32373.3
-22474.3 -32725 -31898.4 -28834.9
-15009.1 -23861.6 -23196.9 -20944.5
-5434.54 -11931.6 -11495.2 -10673.6
5695.99 3353.89 3671.28 641.65
17907.3 18589.2 19120.7 12508.8
28989.4 32754 33357 23488.7
38488.1 44798.4 45421.1 32905.1
43951.6 51069.9 51852.3 37544.5
46983.9 54291 55191.3 40163.8
48156.2 55177.5 56082.2 41486
45130.9 51177.9 52009.1 38629.2
36240.3 40456.3 41180.7 30060.2
22683.1 24591.3 25181.1 17118.3
7700.72 7076.41 7363.59 2723.35
-4669.22 -9451.7 -9140.49 -9560.66
-12628.8 -20109.1 -19539.7 -18191.2
-18407.1 -28061.5 -27317 -24532.4
-23245.1 -34271.9 -33407.5 -29710.1
-27335.1 -38992.3 -38073.8 -34004
-29624.1 -41209.6 -40245.9 -36314.9
-28656 -39504.4 -38596.9 -35154.1
-23566.9 -32975.2 -32200.7 -29694.4
-15184 -22659.5 -22046.9 -20762.6
-5376.1 -10650.7 -10298.9 -10344.7
4152.74 2091.38 2332.39 -642.285
11244.7 10980.1 11320.8 6066.42
14814.6 15744.2 16230 9399.37
16158.2 17864.4 18396.8 10649.7
16630.2 18533.9 19061.2 11046
16369.4 17873.2 18400.8 10873.4
14324.9 14961 15429.9 8977.73
9287.84 8647.96 8960.37 4240.56
944.584 -2233.86 -1965.61 -3868.24
-8169.7 -14188.7 -13755.1 -13380.6
-17412.4 -25527.8 -24861.7 -23214.7
-25542.9 -35448.3 -34597.7 -31815.3
-31011.7 -42381.3 -41433.7 -37694.6
-33301.6 -45629.3 -44601.3 -40189.3
-33123.9 -45847.8 -44798 -40084.4
-31470.4 -43966 -42963.1 -38329.1
-28573.6 -40113 -39182.6 -35227
-23705.7 -33579 -32754.6 -29920.9
-15829.9 -23535.6 -22924 -21454.8
-5149.09 -10158.1 -9832.47 -10023.3
7775.72 6736.59 7015.28 2810.36
19753.3 20924.7 21451 14229.2
28705.5 31856.5 32530.7 22776.7
34372.4 38955.4 39685.1 28179.5
37201.9 42535.7 43300.6 30851.4
37314 42661.3 43443.7 30962.4
34598.9 39354.1 40097 28380.1
28710.8 32166.9 32815.2 22773.6
19323 20743.9 21284.3 13852.2
6643.03 5468.8 5760.1 1794.89
-6606.93 -12278 -11898.5 -11735.9
-17975.3 -26495.1 -25810.3 -23836.3
-26932.8 -37909 -36989.8 -33450.7
-32722.6 -45454.6 -44428.4 -39676.4
-35418.2 -48975.2 -47878.2 -42548.8
-35318.2 -48818.6 -47702.4 -42446.8
-32648.4 -45244.3 -44220.5 -39543.1
-27122.5 -37903 -37019.8 -33580.6
-18864.5 -27207.5 -26504.1 -24685
-8497.25 -14156.6 -13740 -13556.9
3157.7 1247.97 1494.93 -1630.54
14654.8 15108.3 15565.7 9321.55
23036 25262.5 25869.9 17321.1
27930 31378.8 32039.7 21973.5
29759.2 33738.9 34428.5 23703.7
29027.9 32807.1 33489.2 22990.3
25564.9 28561 29199.5 19699
19162.8 20823.3 21364.9 13636.9
10100.9 9912.42 10255 4966.26
-667.824 -4276.31 -4003.36 -5458.07
-10128.1 -16933.5 -16425.4 -15519.9
-18707.9 -27825.1 -27084.9 -24715.4
-25360 -36128.1 -35243.2 -31811.8
-28776.6 -40510.8 -39570.5 -35486.7
-28398.7 -40151.3 -39188.5 -35094.8
-24419.9 -35323.9 -34448.2 -30860.7
-17405.4 -26524.9 -25835.4 -23341.7
-7841.01 -14212.6 -13741.7 -13050.9
4570.01 2597.06 2853.45 -231.629
19367.2 20383.8 20905.5 13838.2
33443.4 37189.9 37923.5 27353.8
45094.1 51337.9 52195.4 38537.9
50950.2 58586.5 59610.1 43655
53161.3 60337 61896.2 45000.8
54655.6 58128.2 61679.2 42871.8
54397.4 57239.1 60770.7 42758.8
48731.3 50648.3 53823.5 37811
36614.7 37144.3 39915.7 27069.6
19754 19025.9 21135.8 11831.9
1494.86 -1550.13 -741.854 -4111.35
-14667.2 -22356.2 -21408.9 -20648.6
-27612 -38795.2 -37747.2 -34380.2
-37807.5 -51959 -50669.8 -45255.8
-44426.7 -60787.4 -59271.6 -52428.3
-40597.7 -59587 -57439.1 -54387.7
-39573.8 -58100.1 -56086.2 -54962.6
-40976.9 -58328.3 -56432.3 -54518.2
-36976.2 -52084.2 -50386.6 -49712.7
-24957.3 -36840 -35249.3 -36776.1
-7431.05 -15690.6 -14593.4 -17183.5
9324.44 7166.06 7599.03 2722.23
27474 27831.1 29069.4 19581.4
40340.3 42210.2 44372.6 30918.5
48775.2 51832.9 54939.3 37993.5
52908.4 55518.7 58625.9 39198.3
51969 55036.4 57251.7 38010.5
50983 55813.4 57780 40132.5
51091.6 56338 58189.8 41660.4
45994.9 49339 51074.2 36938.5
33027.9 33950.7 35454.7 24689.8
14045.5 13744.7 14735 6903.81
-3699.07 -7180.87 -7100.17 -8869.06
-19917.4 -28664.9 -28125.4 -26561.3
-30284.9 -42432 -41345 -39564.1
-35421.9 -50837.9 -49256.7 -47097.5
-36584.6 -55419.1 -53448.5 -50488.8
-36386.4 -56477 -54524.6 -49271.3
-38306 -57124.8 -55136.2 -49850.5
-39910.2 -57565 -55670.9 -50908.4
-35526.6 -50823.4 -49170.9 -45980.6
-23648.5 -35592.2 -34110.5 -33324.7
-6836.03 -15598.6 -14564.1 -15079.3
7263.5 4672.02 4844.84 2381.37
22579.7 26860.6 27231.1 18217.3
37148.3 41397.4 42365.9 30718.2
45356.7 51148.4 52672.8 37323.2
49280.2 56447.3 58342.4 38981.2
