-8.92842e-06 3.47725e-05 -5.60415e-06 9.55053e-05 6.83328e-07 -8.11145e-05
-8.92948e-06 3.52385e-05 -5.60391e-06 9.53983e-05 6.84033e-07 -8.12506e-05
-8.93169e-06 3.59092e-05 -5.60388e-06 9.53029e-05 6.85148e-07 -8.14687e-05
-8.93462e-06 3.64568e-05 -5.60448e-06 9.5358e-05 6.86255e-07 -8.16974e-05
-8.93774e-06 3.67375e-05 -5.60563e-06 9.56079e-05 6.87144e-07 -8.18989e-05
-8.94086e-06 3.67694e-05 -5.60729e-06 9.59992e-05 6.87763e-07 -8.20597e-05
-8.94413e-06 3.66247e-05 -5.60967e-06 9.64303e-05 6.8807e-07 -8.21684e-05
-8.94775e-06 3.63974e-05 -5.61287e-06 9.67922e-05 6.88076e-07 -8.22193e-05
-8.95141e-06 3.61713e-05 -5.61652e-06 9.70087e-05 6.87833e-07 -8.22154e-05
-8.95443e-06 3.5997e-05 -5.61994e-06 9.70586e-05 6.87413e-07 -8.2168e-05
-8.95632e-06 3.58861e-05 -5.62252e-06 9.69752e-05 6.86921e-07 -8.20941e-05
-8.95693e-06 3.58188e-05 -5.62392e-06 9.68253e-05 6.86459e-07 -8.20115e-05
-8.95623e-06 3.57622e-05 -5.62395e-06 9.66772e-05 6.86093e-07 -8.19337e-05
-8.95413e-06 3.5688e-05 -5.62248e-06 9.65723e-05 6.85844e-07 -8.18657e-05
-8.95057e-06 3.55834e-05 -5.61955e-06 9.65101e-05 6.85679e-07 -8.18025e-05
-8.94579e-06 3.5451e-05 -5.61551e-06 9.64532e-05 6.85518e-07 -8.17308e-05
-8.94024e-06 3.52988e-05 -5.61096e-06 9.63471e-05 6.85259e-07 -8.1633e-05
-8.93441e-06 3.51283e-05 -5.60652e-06 9.61477e-05 6.84802e-07 -8.14927e-05
-8.9286e-06 3.49246e-05 -5.60257e-06 9.58426e-05 6.84076e-07 -8.12995e-05
-8.92296e-06 3.46578e-05 -5.59931e-06 9.5458e-05 6.83055e-07 -8.10522e-05
-8.91763e-06 3.42923e-05 -5.59678e-06 9.50507e-05 6.81765e-07 -8.07588e-05
-8.91271e-06 3.38018e-05 -5.59494e-06 9.46855e-05 6.80263e-07 -8.0434e-05
-8.90819e-06 3.3185e-05 -5.5936e-06 9.44121e-05 6.78653e-07 -8.00961e-05
-8.90396e-06 3.24727e-05 -5.59248e-06 9.42465e-05 6.77033e-07 -7.9763e-05
-8.89985e-06 3.17253e-05 -5.5913e-06 9.41668e-05 6.75494e-07 -7.94492e-05
-8.89577e-06 3.10201e-05 -5.58989e-06 9.41227e-05 6.74107e-07 -7.9165e-05
-8.89172e-06 3.04307e-05 -5.58818e-06 9.40564e-05 6.72924e-07 -7.89163e-05
-8.88773e-06 3.00081e-05 -5.58618e-06 9.39243e-05 6.71971e-07 -7.87059e-05
-8.88382e-06 2.97679e-05 -5.5839e-06 9.37136e-05 6.71253e-07 -7.85348e-05
-8.88007e-06 2.96883e-05 -5.58142e-06 9.34456e-05 6.70757e-07 -7.84028e-05
-8.87662e-06 2.97191e-05 -5.5789e-06 9.31672e-05 6.70463e-07 -7.83088e-05
-8.87366e-06 2.97982e-05 -5.57653e-06 9.2933e-05 6.70332e-07 -7.82499e-05
-8.87139e-06 2.98704e-05 -5.57455e-06 9.27863e-05 6.70319e-07 -7.82216e-05
-8.86994e-06 2.99027e-05 -5.57316e-06 9.27449e-05 6.70381e-07 -7.82181e-05
-8.86944e-06 2.9891e-05 -5.57251e-06 9.27976e-05 6.7048e-07 -7.82338e-05
-8.86996e-06 2.98575e-05 -5.57274e-06 9.29124e-05 6.70599e-07 -7.82647e-05
-8.87154e-06 2.984e-05 -5.57388e-06 9.30504e-05 6.70744e-07 -7.83105e-05
-8.87412e-06 2.9878e-05 -5.57582e-06 9.31823e-05 6.70949e-07 -7.8375e-05
-8.87756e-06 2.99996e-05 -5.57838e-06 9.32984e-05 6.71261e-07 -7.84652e-05
-8.88167e-06 3.02141e-05 -5.58128e-06 9.34109e-05 6.71732e-07 -7.85892e-05
-8.88625e-06 3.0511e-05 -5.58427e-06 9.35459e-05 6.72399e-07 -7.8753e-05
-8.89108e-06 3.08663e-05 -5.58713e-06 9.37297e-05 6.73271e-07 -7.89576e-05
-8.89601e-06 3.1252e-05 -5.58975e-06 9.39758e-05 6.74322e-07 -7.91974e-05
-8.90086e-06 3.16455e-05 -5.59207e-06 9.4276e-05 6.75495e-07 -7.94608e-05
-8.90555e-06 3.2035e-05 -5.59417e-06 9.46012e-05 6.76715e-07 -7.97321e-05
-8.91002e-06 3.24206e-05 -5.59612e-06 9.49103e-05 6.77906e-07 -7.99959e-05
-8.91427e-06 3.2809e-05 -5.59803e-06 9.51646e-05 6.7901e-07 -8.02399e-05
-8.91828e-06 3.32062e-05 -5.59996e-06 9.53414e-05 6.79997e-07 -8.04578e-05
-8.92204e-06 3.36103e-05 -5.60189e-06 9.54423e-05 6.80867e-07 -8.06494e-05
-8.92554e-06 3.40085e-05 -5.60377e-06 9.5492e-05 6.81642e-07 -8.08193e-05
-8.92874e-06 3.43796e-05 -5.60549e-06 9.55286e-05 6.82347e-07 -8.09739e-05
-8.93161e-06 3.47002e-05 -5.60698e-06 9.55891e-05 6.83007e-07 -8.11185e-05
-8.93414e-06 3.49536e-05 -5.6082e-06 9.5695e-05 6.83626e-07 -8.12549e-05
-8.93629e-06 3.51353e-05 -5.60915e-06 9.58447e-05 6.84193e-07 -8.13807e-05
-8.93806e-06 3.52547e-05 -5.60987e-06 9.60145e-05 6.84682e-07 -8.14906e-05
-8.93