2884.34 -291.002 293.689 -2881.92
2889.15 -285.652 299.038 -2877.1
2898.59 -275.097 309.59 -2867.64
2912.29 -259.704 324.978 -2853.9
2929.65 -240.068 344.606 -2836.48
2949.91 -216.954 367.71 -2816.16
2972.25 -191.2 393.453 -2793.75
2995.89 -163.622 421.019 -2770.03
3019.76 -135.372 449.257 -2746.09
3042.19 -108.285 476.331 -2723.58
3061.46 -84.3467 500.26 -2704.26
3076.18 -65.1675 519.432 -2689.51
3085.76 -51.5133 533.082 -2679.91
3090.76 -42.9114 541.681 -2674.91
3092.38 -38.1834 546.407 -2673.3
3091.92 -36.0217 548.569 -2673.77
3090.67 -35.1137 549.478 -2675.02
3089.79 -34.2429 550.349 -2675.92
3090.18 -32.4113 552.176 -2675.53
3092.44 -28.9171 555.66 -2673.25
3096.6 -23.6698 560.898 -2669.08
3101.87 -17.4311 567.129 -2663.79
3107.06 -11.4116 573.142 -2658.57
3111 -6.84765 577.702 -2654.61
3113.03 -4.40971 580.139 -2652.58
3113.54 -3.67297 580.877 -2652.07
3113.46 -3.62475 580.927 -2652.14
3113.82 -3.22636 581.33 -2651.79
3115.24 -1.85404 582.707 -2650.37
3117.62 0.27959 584.846 -2647.99
3120.35 2.43544 587.008 -2645.27
3122.62 3.69575 588.274 -2643
3123.81 3.35908 587.94 -2641.81
3123.83 1.34641 585.927 -2641.79
3122.77 -2.1445 582.437 -2642.85
3120.67 -6.97833 577.604 -2644.96
3117.48 -13.0497 571.533 -2648.15
3113.19 -20.2312 564.351 -2652.44
3107.87 -28.2892 556.293 -2657.76
3101.79 -36.8078 547.774 -2663.84
3094.73 -45.9182 538.664 -2670.9
3085.4 -57.0095 527.573 -2680.23
3072.22 -71.8452 512.737 -2693.41
3054.13 -91.6949 492.888 -2711.5
3030.76 -117.093 467.49 -2734.86
3002.63 -147.679 436.905 -2763
2970.75 -182.537 402.046 -2794.88
2936.31 -220.585 363.998 -2829.32
2900.84 -260.332 324.251 -2864.8
2866.41 -299.598 285.006 -2899.2
2835.04 -336.048 248.551 -2930.48
2808.13 -368.346 216.241 -2957.32
2786.2 -395.808 188.764 -2979.19
2768.67 -418.908 165.647 -2996.65
2754.27 -438.86 145.678 -3011
2741.43 -457.187 127.337 -3023.78
2728.57 -475.451 109.064 -3036.6
2714.26 -495.062 89.4456 -3050.88
2697.39 -517.176 67.3221 -3067.7
2677.23 -542.606 41.8779 -3087.79
2653.46 -571.789 12.675 -3111.49
2626.12 -604.811 -20.3714 -3138.73
2595.54 -641.484 -57.0704 -3169.21
2562.2 -681.464 -97.0744 -3202.44
2526.8 -724.102 -139.734 -3237.71
2490.44 -768.3 -183.953 -3273.95
2454.19 -812.888 -228.563 -3310.09
2418.82 -856.964 -272.659 -3345.36
2384.97 -899.661 -315.374 -3379.12
2353.46 -939.879 -355.61 -3410.54
2325.09 -976.48 -392.224 -3438.85
2300.52 -1008.46 -424.211 -3463.36
2280.09 -1035.17 -450.936 -3483.73
2263.65 -1056.61 -472.375 -3500.13
2250.92 -1072.89 -488.667 -3512.82
2241.97 -1083.93 -499.711 -3521.75
2237 -1089.5 -505.287 -3526.69
2236.29 -1089.43 -505.228 -3527.4
2240.15 -1083.52 -499.317 -3523.53
2248.96 -1071.56 -487.347 -3514.71
2263.27 -1053.14 -468.935 -3500.41
2283.84 -1027.61 -443.401 -3479.84
2311.31 -994.373 -410.164 -3452.38
2345.82 -953.314 -369.105 -3417.88
2387.33 -904.423 -320.214 -3376.37
2436 -847.395 -263.184 -3327.71
2491.9 -781.946 -197.733 -3271.81
2554.79 -708.1 -123.884 -3208.93
2623.82 -626.529 -42.3109 -3139.9
2697.33 -538.857 45.3624 -3066.4
2773.47 -446.956 137.264 -2990.26
2850.87 -352.266 231.953 -2912.87
2928.29 -256.205 328.015 -2835.46
3004.17 -160.63 423.59 -2759.57
3077.19 -67.2886 516.932 -2686.55
3146.55 22.5366 606.791 -2617.16
3211.66 107.711 691.903 -2551.8
3272.57 188.044 772.175 -2490.68
3329.02 262.809 846.899 -2434.06
3380.63 331.253 915.32 -2382.32
3427.3 393.068 977.092 -2335.5
3469.79 448.884 1032.87 -2292.91
3508.86 499.543 1083.49 -2253.7
3544.9 545.491 1129.41 -2217.52
3578.03 586.991 1170.89 -2184.25
3608.43 624.401 1208.27 -2153.73
3636.21 658.032 1241.88 -2125.85
3661.34 688.032 1271.85 -2100.63
3683.49 714.161 1297.96 -2078.4
3701.85 735.58 1319.36 -2059.98
3715.45 751.234 1335.02 -2046.34
3723.57 760.216 1344.01 -2038.21
3725.67 761.831 1345.64 -2036.12
3721.46 755.573 1339.38 -2040.32
3710.8 741.063 1324.88 -2050.99
3693.42 717.886 1301.7 -2068.39
3669.07 685.63 1269.44 -2092.77
3637.45 643.99 1227.8 -2124.39
3598.24 592.643 1176.46 -2163.62
3550.91 531.193 1115.01 -2210.94
3495.14 459.489 1043.32 -2266.72
3431.08 377.985 961.816 -2330.8
3359.29 287.628 871.46 -2402.6
3280.72 189.743 773.573 -2481.18
3196.65 86.0079 669.837 -2565.27
3108.68 -21.6006 562.228 -2653.24
3018.81 -130.739 453.093 -2743.11
2929.48 -238.686 345.149 -2832.44
2842.97 -342.912 240.926 -2918.95
2760.94 -441.67 142.167 -3000.97
2684.63 -533.716 50.1189 -3077.29
2615.06 -618.018 -34.186 -3146.85
2552.57 -694.33 -110.501 -3209.34
2496.27 -763.715 -179.887 -3265.63
2444.51 -828.066 -244.24 -3317.39
2395.31 -889.567 -305.74 -3366.57
2346.89 -950.181 -366.354 -3414.98
2298.09 -1011.14 -427.316 -3463.77
2248.12 -1073.24 -489.421 -3513.73
2196.41 -1136.75 -552.969 -3565.27
2143.3 -1201.46 -617.706 -3618.22
2090.99 -1264.92 -681.195 -3670.36
2042.65 -1323.56 -739.864 -3718.54
2001.36 -1373.93 -790.26 -3759.7
1969.6 -1413.18 -829.542 -3791.37
1948.84 -1439.62 -855.996 -3812.07
1939.81 -1452.31 -868.688 -3821.07
1942.89 -1450.71 -867.075 -3818
1957.55 -1435.22 -851.569 -3803.35
1981.78 -1407.95 -824.3 -3779.13
2012.92 -1371.82 -788.171 -3747.99
2048.44 -1329.63 -745.984 -3712.48
2086.4 -1283.58 -699.938 -3674.53
2125.84 -1234.85 -651.211 -3635.1
2166.46 -1183.94 -600.297 -3594.5
2208.22 -1131.06 -547.404 -3552.74
2251.57 -1075.89 -492.231 -3509.4
2297.56 -1017.44 -433.773 -3463.42
2347.43 -954.435 -370.773 -3413.56
2402.2 -885.828 -302.168 -3358.81
2462.32 -811.092 -227.433 -3298.7
2527.5 -730.518 -146.855 -3233.53
2596.94 -644.886 -61.2183 -3164.1
2669.72 -555.109 28.562 -3091.32
2744.7 -462.376 121.298 -3016.34
2820.4 -368.285 215.389 -2940.64
2895.36 -274.47 309.202 -2865.68
2968.49 -182.249 401.421 -2792.55
3038.74 -92.9766 490.691 -2722.31
3104.71 -8.43104 575.236 -2656.33
3165.03 69.5319 653.199 -2596
3218.54 139.298 722.965 -2542.47
3264.6 199.803 783.469 -2496.41
3303.27 250.805 834.469 -2457.73
3334.81 292.348 876.009 -2426.19
3359.18 324.239 907.898 -2401.81
3376.55 346.561 930.218 -2384.45
3387.67 360.217 943.874 -2373.31
3393.46 366.326 949.983 -2367.53
3394.4 365.648 949.306 -2366.58
3391.66 359.723 943.382 -2369.32
3388.07 351.98 935.64 -2372.92
3387.12 346.614 930.273 -2373.87
3391.95 347.428 931.086 -2369.04
3403.9 356.177 939.835 -2357.1
3421.09 371.034 954.693 -2339.91
3440.14 388.43 972.091 -2320.86
3457.88 404.954 988.616 -2303.12
3471 416.933 1000.6 -2290
3475.64 419.989 1003.65 -2285.38
3468.12 409.887 993.554 -2292.9
3445.72 383.325 966.993 -2315.31
3407.28 338.76 922.43 -2353.75
3353.91 277.111 860.782 -2407.13
3287.97 200.749 784.422 -2473.07
3212.1 112.441 696.115 -2548.94
3128.98 15.0676 598.743 -2632.07
3041.06 -88.6022 495.073 -2719.99
2950.52 -195.999 387.675 -2810.53
2859.29 -304.781 278.893 -2901.76
2769.5 -412.311 171.364 -2991.55
2684.01 -515.136 68.5401 -3077.05
2605.92 -609.561 -25.8831 -3155.14
2538.05 -692.252 -108.572 -3223.01
2482.46 -760.79 -177.11 -3278.6
2439.96 -814.211 -230.533 -3321.09
2410.54 -852.56 -268.883 -3350.5
2393.74 -876.423 -292.748 -3367.3
2388.75 -886.796 -303.123 -3372.28
2394.56 -884.945 -301.272 -3366.47
2409.71 -872.556 -288.884 -3351.31
2432.26 -851.856 -268.184 -3328.76
2459.46 -825.862 -242.191 -3301.56
2487.62 -798.562 -214.894 -3273.39
2512.72 -774.277 -190.612 -3248.28
2531 -756.977 -173.313 -3230.01
2539.85 -749.323 -165.659 -3221.15
2538.69 -751.793 -168.13 -3222.32
2528.42 -763.194 -179.531 -3232.58
2511 -781.281 -197.617 -3250.01
2489.55 -802.527 -218.862 -3271.46
2468.55 -822.006 -238.341 -3292.46
2453.2 -834.01 -250.343 -3307.81
2448.84 -832.725 -249.058 -3312.18
2459.42 -813.891 -230.224 -3301.61
2486.07 -776.352 -192.683 -3274.96
2528.22 -720.887 -137.216 -3232.82
2584.66 -648.936 -65.2637 -3176.38
2653.19 -563.068 20.6058 -3107.85
2730.26 -467.384 116.291 -3030.8
2811.53 -366.836 216.839 -2949.52
2892.62 -266.516 317.158 -2868.43
2969.51 -171.1 412.573 -2791.54
3039.08 -84.3319 499.34 -2721.97
3098.77 -9.32483 574.347 -2662.27
3146.29 51.1052 634.776 -2614.75
3181.51 96.5688 680.239 -2579.52
3208.24 131.1 714.77 -2552.79
3231.91 160.693 744.361 -2529.11
3257.38 190.784 774.451 -2503.64
3288.61 225.979 809.646 -2472.41
3328.53 269.903 853.569 -2432.48
3379.1 325.198 908.862 -2381.9
3441.44 393.637 977.3 -2319.57
3513.94 474.028 1057.69 -2247.05
3590.72 560.298 1143.96 -2170.27
3664.22 644.415 1228.07 -2096.78
3727.94 719.323 1302.99 -2033.04
3777.29 779.692 1363.41 -1983.65
3810.32 822.976 1406.74 -1950.58
3827.02 848.864 1432.61 -1933.83
3828.69 858.095 1441.83 -1932.15
3817.8 852.691 1436.42 -1943.04
3797.97 836.005 1419.74 -1962.87
3772.99 811.789 1395.52 -1987.84
3745.96 783.204 1366.94 -2014.87
3718.82 752.404 1336.14 -2042
3692.17 720.305 1304.05 -2068.65
3665.57 686.823 1270.56 -2095.25
3637.89 651.26 1235 -2122.95
3608.05 613.004 1196.74 -2152.79
3575.75 572.227 1155.96 -2185.09
3541.43 529.794 1113.53 -2219.41
3506.13 487.055 1070.8 -2254.72
3471.54 445.876 1029.62 -2289.31
3439.89 408.525 992.272 -2320.97
3413.63 377.395 961.142 -2347.24
3395.1 354.651 938.396 -2365.78
3385.09 340.771 924.516 -2375.8
3381.63 333.209 916.956 -2379.27
3380.87 327.466 911.217 -2380.03
3378.2 318.342 902.097 -2382.7
3368.63 300.365 884.122 -2392.28
3347.26 268.304 852.061 -2413.66
3309.56 217.419 801.175 -2451.36
3251.64 143.72 727.475 -2509.28
3172.38 46.258 630.014 -2588.56
3075.29 -70.7772 512.98 -2685.64
2966.78 -200.093 383.665 -2794.16
2854.06 -333.536 250.224 -2906.87
2744.43 -462.947 120.813 -3016.5
2644.42 -581.045 2.71313 -3116.5
2559.83 -681.376 -97.6195 -3201.1
2495.79 -758.218 -174.464 -3265.13
2455.62 -807.837 -224.084 -3305.29
2439.84 -829.602 -245.849 -3321.07
2447 -825.024 -241.271 -3313.91
2474.69 -796.664 -212.91 -3286.22
2519.77 -747.879 -164.124 -3241.14
2578.68 -682.539 -98.7841 -3182.23
2647.62 -604.795 -21.0404 -3113.3
2722.75 -518.853 64.9018 -3038.17
2799.4 -429.916 153.839 -2961.53
2871.22 -345.093 238.664 -2889.71
2931.64 -271.818 311.941 -2829.29
2975.25 -216.306 367.454 -2785.68
2998.74 -182.506 401.255 -2762.2
3001.67 -171.224 412.537 -2759.26
2985.63 -181.077 402.682 -2775.31
2953.17 -209.578 374.181 -2807.77
2908.59 -252.28 331.477 -2852.35
2858.57 -302.019 281.739 -2902.37
2810.59 -350.627 233.133 -2950.35
2771.38 -390.648 193.112 -2989.55
2745.02 -417.478 166.283 -3015.91
2731.22 -431.256 152.506 -3029.73
2727.06 -434.982 148.782 -3033.89
2728.95 -432.463 151.301 -3031.99
2733.13 -427.764 156.001 -3027.82
2736.14 -424.706 159.058 -3024.8
2734.91 -426.866 156.899 -3026.03
2726.61 -437.658 146.108 -3034.34
2710.25 -458.533 125.232 -3050.69
2688.12 -487.356 96.4093 -3072.82
2663.76 -520.536 63.2279 -3097.19
2639.93 -555.212 28.5516 -3121.02
2619.55 -588.149 -4.38688 -3141.39
2606.73 -614.563 -30.8017 -3154.2
2605.32 -629.656 -45.8955 -3155.61
2617.69 -630.016 -46.2557 -3143.23
2643.72 -614.853 -31.0937 -3117.2
2679.92 -586.985 -3.22651 -3081
2721.54 -550.66 33.0979 -3039.38
2764.68 -509.329 74.4375 -2996.28
2805.03 -467.154 116.623 -2955.98
2836.49 -430.621 153.16 -2924.53
2853.61 -405.877 177.905 -2907.4
2853.81 -396.298 187.483 -2907.21
2836.34 -403.544 180.236 -2924.69
2801.04 -428.886 154.895 -2959.98
2748.63 -472.76 111.022 -3012.39
2680.9 -534.435 49.3465 -3080.13
2600.9 -611.613 -27.832 -3160.13
2513.27 -700.057 -116.274 -3247.76
2422.52 -795.34 -211.557 -3338.51
2331.57 -894.445 -310.661 -3429.47
2244.42 -992.845 -409.059 -3516.65
2168.8 -1081.51 -497.725 -3592.29
2113.17 -1150.36 -566.567 -3647.94
2083.78 -1191.58 -607.788 -3677.34
2084.33 -1200.14 -616.353 -3676.79
2115.83 -1174.03 -590.248 -3645.29
2177.42 -1113.41 -529.624 -3583.68
2267.32 -1019.67 -435.882 -3493.78
2381.85 -896.522 -312.74 -3379.24
2514.51 -751.091 -167.308 -3246.58
2657.64 -591.992 -8.20978 -3103.45
2804.07 -427.523 156.26 -2957.03
2946.62 -266.053 317.731 -2814.48
3077.71 -116.481 467.304 -2683.39
3190.04 12.6595 596.445 -2571.07
3277.36 114.114 697.899 -2483.76
3334.85 182.364 766.148 -2426.27
3359.53 214.06 797.843 -2401.6
3350.18 207.972 791.754 -2410.94
3307.32 164.898 748.68 -2453.8
3233.55 88.0013 671.781 -2527.55
3133.85 -16.9684 566.813 -2627.25
3015.19 -142.105 441.677 -2745.9
2886.06 -277.958 305.822 -2875.04
2755.23 -414.94 168.837 -3005.88
2630.41 -544.827 38.9491 -3130.7
2518.49 -660.467 -76.6902 -3242.62
2425.77 -755.517 -171.74 -3335.34
2357.3 -825.101 -241.318 -3403.83
2316.26 -866.4 -282.608 -3444.92
2303.35 -879.179 -295.387 -3457.83
2316.6 -866.149 -282.36 -3444.57
2352.58 -831.422 -247.635 -3408.6
2407.87 -778.796 -195.014 -3353.3
2477.84 -713.178 -129.395 -3283.32
2555.55 -641.773 -57.9858 -3205.6
2633.34 -572.388 11.3983 -3127.8
2704.51 -511.61 72.1715 -3056.63
2763.17 -465.036 118.742 -2997.97
2804.09 -437.529 146.247 -2957.04
2822.72 -433.324 150.452 -2938.41
2815 -456.221 127.564 -2946.16
2778.74 -508.248 75.5731 -2982.51
2714.61 -588.397 -4.54396 -3046.69
2625.08 -693.886 -110.025 -3136.22
2513.12 -821.659 -237.805 -3248.17
2382.98 -967.433 -383.593 -3378.3
2240.78 -1124.95 -541.118 -3520.49
2093.51 -1287.02 -703.18 -3667.74
1947.96 -1446.62 -862.79 -3813.22
1810.71 -1596.02 -1012.25 -3949.98
1687.16 -1730.69 -1146.93 -4073.19
1581.89 -1845.65 -1261.93 -4178.18
1498.35 -1937.2 -1353.49 -4261.52
1438.61 -2003 -1419.31 -4321.13
1403.09 -2042.48 -1458.79 -4356.59
1391.54 -2055.71 -1472.02 -4368.11
1404.1 -2042.33 -1458.62 -4355.54
1440.43 -2002.48 -1418.76 -4319.19
1498.97 -1937.81 -1354.09 -4260.64
1577.49 -1850.74 -1267.02 -4182.12
1673.69 -1743.83 -1160.12 -4085.94
1784.8 -1620.14 -1036.44 -3974.85
1907.34 -1483.52 -899.832 -3852.32
2036.6 -1339.18 -755.481 -3723.06
2166.24 -1194.07 -610.356 -3593.42
2289.32 -1055.75 -472.017 -3470.34
2399.46 -931.134 -347.397 -3360.21
2490.99 -826.33 -242.595 -3268.7
2559.17 -746.448 -162.723 -3200.55
2600.72 -694.978 -111.261 -3159.02
2614.41 -673.26 -89.5432 -3145.34
2601.41 -680.012 -96.2864 -3158.34
2565.62 -711.066 -127.329 -3194.12
2512.97 -760.068 -176.322 -3246.76
2450.65 -819.344 -235.597 -3309.09
2386.82 -880.176 -296.435 -3372.93
2330.27 -933.143 -349.409 -3429.5
2289.48 -969.143 -385.412 -3470.31
2271.67 -980.363 -396.63 -3488.12
2284.07 -958.925 -375.185 -3475.72
2335.06 -895.485 -311.737 -3424.73
2432.04 -781.648 -197.895 -3327.75
2579.35 -612.24 -28.4888 -3180.44
2776.66 -387.123 196.622 -2983.12
3017.73 -112.635 471.102 -2742.05
3292.62 200.845 784.575 -2467.15
3590.22 541.564 1125.29 -2169.53
3897.11 895.034 1478.84 -1862.51
4196.03 1241.55 1825.24 -1562.56
4472.6 1566.08 2149.62 -1285.12
4713.6 1853.7 2437.05 -1043.26
4909.85 2093.73 2676.92 -846.27
5056.55 2280.12 2863.15 -698.945
5152.79 2411.07 2993.93 -602.238
5200.5 2487.71 3070.47 -554.201
5203.36 2513.1 3095.84 -551.237
5165.27 2490.74 3073.56 -589.409
5090.62 2424.95 3007.86 -664.199
4984.63 2321.21 2904.18 -770.366
4853.61 2186.31 2769.31 -901.607
4705.21 2028.73 2611.77 -1050.19
4547.44 1857.42 2440.48 -1208.1
4387.57 1680.48 2263.59 -1368.09
4232.98 1506.18 2089.34 -1522.76
4092.09 1343.91 1927.09 -1663.7
3972.66 1202.25 1785.45 -1783.17
3880.13 1087.14 1670.35 -1875.78
3818.11 1002.55 1585.76 -1937.88
3789.07 951.245 1534.46 -1967
3793.22 933.568 1516.79 -1962.91
3827.57 946.491 1529.73 -1928.6
3885.41 983.017 1566.28 -1870.8
3956.03 1031.94 1615.23 -1800.22
4026.48 1079.69 1662.98 -1729.83
4083.41 1112.38 1695.68 -1672.96
4113.62 1116.32 1699.62 -1642.81
4104.54 1078.46 1661.77 -1651.93
4046.09 988.345 1571.66 -1710.42
3932.19 839.779 1423.1 -1824.32
3760.35 630.261 1213.59 -1996.14
3530.87 360.083 943.408 -2225.61
3247.76 33.4077 616.725 -2508.69
2919.38 -341.038 242.266 -2837.04
2556.86 -751.639 -168.349 -3199.53
2172.27 -1185.81 -602.536 -3584.07
1778.38 -1630.26 -1047 -3977.9
1388.29 -2071.1 -1487.94 -4367.79
1016.71 -2490.31 -1907.24 -4738.06
677.316 -2876.05 -2293.15 -5076.39
383.136 -3213.93 -2631.24 -5369.55
143.586 -3493.84 -2911.28 -5608.23
-35.2075 -3708.65 -3126.29 -5786.33
-149.606 -3854.11 -3271.93 -5900.22
-199.4 -3929.46 -3347.4 -5949.6
-188.315 -3938.23 -3356.16 -5938.26
-123.912 -3887.7 -3305.58 -5873.78
-17.4393 -3789.66 -3207.44 -5767.48
117.619 -3658.4 -3076.1 -5632.65
267.037 -3509.29 -2926.93 -5483.47
417.127 -3357.18 -2774.78 -5333.65
555.927 -3215.16 -2632.73 -5195.05
673.542 -3094.16 -2511.66 -5077.58
762.317 -3002.67 -2420.1 -4988.88
817.494 -2946.03 -2363.41 -4933.74
837.699 -2925.78 -2343.13 -4913.55
824.605 -2940.07 -2357.44 -4926.65
782.447 -2984.15 -2401.55 -4968.86
718.325 -3049.99 -2467.41 -5033.04
642.43 -3126.05 -2543.45 -5108.97
567.049 -3198.43 -2615.81 -5184.39
505.468 -3252.15 -2669.49 -5246.02
470.5 -3272.75 -2690.06 -5281.07
473.037 -3248.03 -2665.31 -5278.66
522.443 -3167.59 -2584.85 -5229.4
626.96 -3022.44 -2439.68 -5125.04
791.313 -2807.63 -2224.86 -4960.82
1014.45 -2524.82 -1942.01 -4737.8
1291.35 -2180.21 -1597.37 -4461
1614.95 -1782.41 -1199.54 -4137.47
1976.79 -1341.59 -758.704 -3775.69
2367.77 -868.686 -285.795 -3384.75
2777.6 -375.859 207.024 -2974.95
3194.43 123.136 706.007 -2558.11
3606.08 614.324 1197.18 -2146.44
4001.24 1084.99 1667.83 -1751.18
4369.39 1523.36 2106.19 -1382.94
4700.41 1918.4 2501.21 -1051.8
4986.46 2261.68 2844.47 -765.634
5223.39 2548.95 3131.63 -528.402
5409.54 2778.24 3360.71 -341.228
5548.22 2954.26 3536.5 -201.704
5644.2 3082.3 3664.31 -105.023
5705.08 3170.93 3752.76 -43.5568
5740.67 3230.87 3812.54 -7.52961
5761.99 3274.23 3855.75 14.1367
5778.47 3311.07 3892.5 30.9289
5795.32 3346.58 3927.98 47.9751
5814.94 3383.07 3964.43 67.7054
5838.8 3421.85 4003.16 91.6858
5866.28 3461.8 4043.05 119.275
5893.35 3498.08 4079.32 146.442
5913.79 3523.44 4104.67 166.937
5920.43 3529.65 4110.91 173.565
5906.57 3509.04 4090.33 159.68
5867.72 3456.38 4037.7 120.772
5800.43 3367.73 3949.08 53.3791
5701.14 3239.11 3820.48 -46.0605
5567.83 3068.38 3649.77 -179.545
5401.62 2856.97 3438.39 -345.941
5205.28 2608.29 3189.74 -542.471
4981.69 2325.98 2907.48 -766.227
4733.96 2014.05 2595.6 -1014.1
4465.55 1676.94 2258.53 -1282.66
4180.24 1319.53 1901.16 -1568.12
3882.19 947.145 1528.78 -1866.29
3575.68 565.144 1146.78 -2172.91
3264.73 178.603 760.242 -2483.93
2953.57 -207.325 374.319 -2795.12
2646.86 -587.088 -5.43837 -3101.81
2349.71 -954.745 -373.095 -3398.92
2067.58 -1304.06 -722.42 -3680.99
1805.85 -1628.93 -1047.31 -3942.61
1569.4 -1923.82 -1342.24 -4178.97
1361.26 -2185.22 -1603.67 -4387
1181.48 -2412.91 -1831.39 -4566.67
1028.18 -2608.72 -2027.23 -4719.85
898.907 -2775.13 -2193.65 -4849.01
789.989 -2915.9 -2334.44 -4957.82
696.139 -3036.64 -2455.2 -5051.58
611.715 -3143.41 -2561.99 -5135.94
531.998 -3241.33 -2659.93 -5215.6
454.204 -3333.54 -2752.16 -5293.35
378.273 -3420.25 -2838.89 -5369.24
306.096 -3499.64 -2918.27 -5441.27
240.611 -3568.86 -2987.48 -5506.74
185.533 -3624.18 -3042.81 -5561.82
145.049 -3661.41 -3080.03 -5602.33
123.234 -3676.39 -3095 -5624.18
123.529 -3665.63 -3084.23 -5623.94
149.692 -3625.15 -3043.74 -5597.85
206.782 -3549.43 -2968 -5540.85
299.549 -3433.13 -2851.68 -5448.17
430.928 -3272.82 -2691.34 -5316.88
602.549 -3066.43 -2484.93 -5145.36
815.341 -2812.6 -2231.07 -4932.67
1069.1 -2511.18 -1929.63 -4679.03
1362.16 -2163.68 -1582.11 -4386.09
1691.2 -1773.45 -1191.86 -4057.16
2051.24 -1345.77 -764.165 -3697.22
2436.42 -887.019 -305.392 -3312.12
2840.83 -403.723 177.918 -2907.77
3257.44 96.229 677.879 -2491.2
3677.06 602.454 1184.1 -2071.59
4090.18 1104.1 1685.74 -1658.42
4488.8 1591.84 2173.46 -1259.73
4864.03 2055.37 2636.95 -884.374
5203.96 2480.86 3062.4 -544.272
5496.58 2854.38 3435.88 -251.377
5733.11 3165.19 3746.62 -14.6752
5909.16 3407.59 3988.99 161.587
6026.3 3582.01 4163.65 279.002
6090.34 3694.16 4275.56 343.668
6109.14 3752.19 4333.35 363.015
6093.32 3766.59 4347.7 347.301
6056.81 3751.99 4333.16 310.696
6014.13 3724.13 4305.34 267.968
5977.78 3696.6 4277.81 231.492
5957.33 3680.03 4261.24 210.969
5959.52 3682.31 4263.52 213.19
5987.7 3707.69 4288.91 241.486
6041.51 3756.47 4337.55 295.432
6115.93 3823.61 4404.57 370.053
6200.93 3898.79 4479.82 455.176
6283.9 3968.87 4550 538.129
6351.54 4019.74 4601.01 605.598
6390.05 4036.56 4617.97 643.808
6384.98 4003.41 4584.86 638.459
6323.11 3905.42 4486.94 576.334
6194.09 3730.94 4312.53 447.099
5992.01 3473.09 4054.76 244.812
5716.63 3131.28 3713 -30.7993
5371.86 2709.65 3291.41 -375.808
4964.17 2215.36 2797.13 -783.717
4502.79 1658.81 2240.61 -1245.26
3999.93 1053.98 1635.8 -1748.24
3469.56 417.026 998.871 -2278.67
2926.28 -235.049 346.819 -2821.97
2384.21 -885.671 -303.796 -3364.02
1855.97 -1519.94 -938.082 -3892.18
1353.14 -2124.2 -1542.38 -4394.94
886.765 -2685.59 -2103.82 -4861.19
467.268 -3192.18 -2610.45 -5280.54
104.257 -3633.17 -3051.48 -5643.2
-194.204 -3999.05 -3417.63 -5941.1
-421.895 -4282.25 -3701.13 -6167.33
-576.437 -4482.64 -3901.85 -6320.79
-656.924 -4599.27 -4018.81 -6400.38
-665.2 -4634.55 -4054.32 -6408.15
-606.51 -4594.05 -4013.83 -6349.29
-491.221 -4488.37 -3908.05 -6234.11
-335.477 -4334.4 -3753.97 -6078.68
-158.193 -4152.34 -3571.8 -5901.63
22.0546 -3961.8 -3381.21 -5721.56
187.925 -3781.12 -3200.49 -5555.89
324.076 -3626.61 -3045.98 -5419.92
419.103 -3510.6 -2930 -5325.03
467.107 -3439.72 -2859.1 -5277.16
468.328 -3414.16 -2833.49 -5276.03
429.172 -3427.74 -2847.01 -5315.28
360.985 -3469.12 -2888.33 -5383.58
278.461 -3523.42 -2942.6 -5466.23
198.844 -3573.05 -2992.2 -5546.02
140.947 -3598.51 -3017.66 -5604.12
122.624 -3581.16 -3000.3 -5622.66
158.482 -3505.59 -2924.69 -5586.98
259.712 -3359.77 -2778.81 -5485.88
434.338 -3134.81 -2553.78 -5311.37
685.906 -2826.39 -2245.32 -5059.9
1012.62 -2435.87 -1854.79 -4733.3
1408.78 -1968.8 -1387.73 -4337.23
1866.5 -1433.12 -852.061 -3879.58
2375.67 -839.278 -258.23 -3370.42
2924.12 -200.268 380.779 -2821.95
3497.5 468.331 1049.38 -2248.52
4079.28 1148.29 1729.33 -1666.63
4652.77 1820.84 2401.87 -1093.04
5202.67 2468.68 3049.67 -543.034
5714.35 3075.24 3656.19 -31.0956
6173.65 3623.97 4204.86 428.213
6567.33 4099.31 4680.63 821.796
6885.52 4488.84 5070.27 1140.9
7123.82 4789.76 5370.87 1380.21
7280.31 4998.88 5579.54 1537.85
7355.99 5117.06 5697.41 1613.97
7355.43 5149.11 5729.22 1614.09
7285.84 5102.36 5682.42 1544.85
7155.87 4986.1 5566.14 1415.17
6976.05 4811.65 5391.64 1235.58
6758.94 4592.24 5172.21 1018.6
6519.35 4343.6 4923.64 778.925
6274.47 4083.67 4663.83 533.714
6040.9 3830.1 4410.3 299.773
5832.37 3597.4 4177.59 90.9475
5658.89 3395.87 3976.08 -82.7224
5526.09 3231.29 3811.57 -215.652
5434.26 3103.73 3684.12 -307.615
5377.83 3007.27 3587.77 -364.199
5346.63 2931.17 3511.73 -395.638
5327.3 2861.53 3442.11 -415.265
5303.87 2781.81 3362.41 -439.017
5258.57 2673.63 3254.25 -484.628
5174.62 2519.77 3100.45 -568.837
5038.98 2307.1 2887.87 -704.68
4842.43 2026.64 2607.5 -901.368
4579.46 1673.28 2254.21 -1164.45
4248.4 1246.01 1826.97 -1495.58
3851.36 747.758 1328.7 -1892.66
3394.69 185.963 766.858 -2349.32
2889.13 -427.196 153.65 -2854.78
2348.53 -1076.21 -495.398 -3395.17
1788.34 -1743.88 -1163.08 -3954.99
1225.35 -2411.47 -1830.69 -4517.63
677.505 -3058.99 -2478.26 -5065.16
161.622 -3667.62 -3086.94 -5580.53
-308.62 -4221.98 -3641.38 -6050.47
-721.898 -4708.81 -4128.25 -6463.45
-1067.66 -5114.63 -4534.35 -6807.92
-1340.86 -5436.15 -4856.06 -7080
-1536.12 -5667.94 -5088.07 -7274.81
-1652.45 -5807.99 -5228.26 -7390.48
-1689.83 -5856.89 -5277.28 -7427.5
-1651.71 -5818.55 -5239.02 -7389.39
-1545 -5700.46 -5120.95 -7282.69
-1379.56 -5513.84 -4934.27 -7117.22
-1167.2 -5272.05 -4692.42 -6904.86
-921.144 -4990.03 -4410.35 -6658.89
-655.246 -4683.26 -4103.57 -6393.15
-383.41 -4367.29 -3787.59 -6121.51
-118.933 -4056.87 -3477.16 -5857.23
127.563 -3763.77 -3184.01 -5610.9
350.044 -3494.64 -2914.82 -5388.56
546.1 -3252.1 -2672.21 -5192.65
715.801 -3036.05 -2456.09 -5023.09
862.4 -2842.9 -2262.89 -4876.65
992.816 -2665.05 -2085.03 -4746.42
1116.52 -2492.14 -1912.12 -4622.92
1244.25 -2312.46 -1732.43 -4495.35
1387.26 -2113.79 -1533.72 -4352.45
1556.45 -1884.35 -1304.23 -4183.32
1761.75 -1613.48 -1033.31 -3978.06
2011.47 -1292.3 -712.109 -3728.38
2310.27 -915.957 -335.778 -3429.61
2657.33 -485.676 94.4797 -3082.54
3047.81 -7.13252 572.996 -2692
3474.48 511.367 1091.47 -2265.2
3927.76 1058.97 1639.06 -1811.66
4396.17 1622.5 2202.56 -1343
4866.78 2187.32 2767.33 -872.119
5326.27 2738.29 3318.26 -412.36
5761.94 3261.25 3841.16 23.829
6163.93 3744.42 4324.26 426.133
6523.54 4178.05 4757.81 786.065
6833.75 4554.04 5133.71 1096.17
7088.91 4865.92 5445.59 1351.56
7284.85 5108.91 5688.55 1547.12
7418.33 5279.05 5858.27 1681.48
7490.35 5377.64 5956.69 1754.15
7502.36 5406.38 5985.05 1766.55
7455.51 5366.24 5944.83 1719.83
7351.97 5259.42 5837.98 1616.35
7196.08 5090.48 5669.05 1460.41
6994.23 4866.22 5444.8 1258.47
6754.92 4595.62 5174.26 1019.06
6487.51 4288.62 4867.34 751.535
6201.05 3954.74 4533.52 464.877
5904.87 3603.93 4182.75 168.425
5609.34 3247.42 3826.28 -127.413
5323.6