0.005 -0.00242293 -0.00242293 -0.00242293 -0.00242293 -4.14297e-05 -3.58231e-05 -3.58206e-05 -4.13912e-05 6.10851e-06 4.25753e-06 4.25891e-06 6.10032e-06 -5.98851e-07 -3.54634e-07 -3.5474e-07 -5.97998e-07
0.025 -0.00201134 -0.00201134 -0.00201134 -0.00201134 -0.000971522 -0.000969553 -0.000969498 -0.000971549 2.52585e-05 2.60409e-05 2.60338e-05 2.52458e-05 1.50118e-05 1.44863e-05 1.44667e-05 1.49517e-05
0.045 -0.00221886 -0.00221886 -0.00221886 -0.00221886 -0.00207006 -0.00207193 -0.00207199 -0.00207021 -0.000493918 -0.000491885 -0.000491874 -0.000493944 9.48865e-05 9.40863e-05 9.40734e-05 9.48906e-05
0.065 -0.00315395 -0.00315395 -0.00315395 -0.00315395 -0.00248371 -0.00248119 -0.00248113 -0.00248361 -0.00155928 -0.00156108 -0.00156119 -0.00155955 -0.000127799 -0.00012758 -0.000127656 -0.000127938
0.085 -0.00309813 -0.00309813 -0.00309813 -0.00309813 -0.00271957 -0.00271984 -0.00271982 -0.00271955 -0.00232661 -0.00232776 -0.00232789 -0.00232693 -0.00121975 -0.00121939 -0.00121937 -0.00121971
0.105 -0.00238979 -0.00238979 -0.00238979 -0.00238979 -0.00312689 -0.00313004 -0.00313007 -0.00312701 -0.00268816 -0.00268598 -0.00268599 -0.00268814 -0.00297868 -0.00297924 -0.00297921 -0.00297867
0.125 0.00122094 0.00122094 0.00122094 0.00122094 -0.00239201 -0.00240337 -0.00240342 -0.00239209 -0.00354973 -0.00354604 -0.00354596 -0.00354949 -0.00450546 -0.00450562 -0.00450556 -0.0045053
0.145 -0.00550745 -0.00550745 -0.00550745 -0.00550745 -0.00060163 -0.000575595 -0.000575529 -0.000601429 -0.00432134 -0.00433397 -0.00433393 -0.00432125 -0.00550397 -0.00550114 -0.00550113 -0.00550392
0.165 -0.00598415 -0.00598415 -0.00598415 -0.00598415 -0.00397255 -0.00397032 -0.00397059 -0.00397271 -0.00344262 -0.00343885 -0.00343878 -0.00344268 -0.00591872 -0.00592016 -0.00592021 -0.00591872
0.185 -0.00389633 -0.00389633 -0.00389633 -0.00389633 -0.00836439 -0.00838564 -0.0083857 -0.0083645 -0.004231 -0.0042167 -0.00421669 -0.0042309 -0.0046985 -0.00470232 -0.00470224 -0.00469841
0.205 -0.000953042 -0.000953042 -0.000953042 -0.000953042 -0.00610747 -0.00612578 -0.00612491 -0.00610516 -0.00791334 -0.00791716 -0.00791742 -0.00791392 -0.00303556 -0.00303259 -0.00303253 -0.00303538
0.225 -0.00830448 -0.00830448 -0.00830448 -0.00830448 -0.00346797 -0.00342688 -0.00342583 -0.00346627 -0.00772908 -0.007754 -0.00775414 -0.00772883 -0.00469584 -0.00468991 -0.00468978 -0.00469562
0.245 0.00596801 0.00596801 0.00596801 0.00596801 -0.00476049 -0.00480549 -0.00480522 -0.00476006 -0.00350777 -0.00348297 -0.0034832 -0.00350777 -0.00840219 -0.00840568 -0.00840535 -0.00840019
0.265 -0.0131456 -0.0131456 -0.0131456 -0.0131456 0.000236382 0.000283248 0.000283108 0.00023607 -0.00310981 -0.00312281 -0.0031234 -0.00311159 -0.0088532 -0.00885263 -0.008852 -0.00885274
0.285 0.00503822 0.00503822 0.00503822 0.00503822 -0.00364876 -0.00368186 -0.00368209 -0.00364911 -0.00357957 -0.0035648 -0.00356489 -0.00357996 -0.00577337 -0.00577609 -0.00577614 -0.00577331
0.305 0.00740981 0.00740981 0.00740981 0.00740981 -0.00158098 -0.0016052 -0.0016053 -0.00158125 -0.00559472 -0.00559894 -0.0055988 -0.0055942 -0.00142696 -0.00142288 -0.00142289 -0.00142688
0.325 -0.0305999 -0.0305999 -0.0305999 -0.0305999 -3.54018e-06 0.000128279 0.000128217 -3.51803e-06 -0.00280156 -0.00285504 -0.00285447 -0.00280069 -0.000118819 -0.000110237 -0.000110448 -0.000119186
0.345 0.0272356 0.0272356 0.0272356 0.0272356 -0.0136833 -0.0138814 -0.0138809 -0.013679 0.00337352 0.00347284 0.00347128 0.00337027 -0.000395299 -0.000416257 -0.000416448 -0.000395106
0.365 -0.00721732 -0.00721732 -0.00721732 -0.00721732 0.00543519 0.00550527 0.00550505 0.00543732 -0.00361703 -0.00366552 -0.00366699 -0.00362061 0.0024867 0.00249922 0.00249997 0.0024888
0.385 -0.00778715 -0.00778715 -0.00778715 -0.00778715 0.0108704 0.0109747 0.0109746 0.0108693 -0.00109289 -0.00114971 -0.00114926 -0.00109221 0.000864249 0.00087705 0.00087761 0.000865268
0.405 -0.00870503 -0.00870503 -0.00870503 -0.00870503 -0.00368996 -0.00372059 -0.00372251 -0.00369344 0.00995299 0.0100055 0.0100069 0.00995884 -0.00239301 -0.00240928 -0.00240989 -0.00239408
0.425 0.00443812 0.00443812 0.00443812 0.00443812 -0.0106052 -0.0107204 -0.0107244 -0.0106122 0.00576693 0.00583579 0.00583716 0.0057704 0.00321233 0.00319613 0.00319557 0.00321099
0.445 -0.019149 -0.019149 -0.019149 -0.019149 -0.00239253 -0.00226953 -0.00227058 -0.0023951 -0.00895339 -0.00903519 -0.00903315 -0.00894943 0.0109198 0.0109379 0.0109364 0.0109148
0.465 -0.00807884 -0.00807884 -0.00807884 -0.00807884 -0.0051298 -0.00513571 -0.0051355 -0.00512952 -0.00817624 -0.00820127 -0.00820288 -0.00817941 0.0053695 0.00537966 0.00537949 0.00537263
0.485 0.029065 0.029065 0.029065 0.029065 -0.0127534 -0.0129305 -0.0129285 -0.0127474 0.00158636 0.00168511 0.00168384 0.00158323 -0.00866677 -0.00869014 -0.00869014 -0.0086677
0.505 -0.000710612 -0.000710612 -0.000710612 -0.000710612 0.0140948 0.0141942 0.0141924 0.0140892 -0.00436872 -0.00440822 -0.00440405 -0.00435493 -0.0152142 -0.0152037 -0.0152007 -0.0152103
0.525 -0.0592801 -0.0592801 -0.0592801 -0.0592801 0.0165232 0.0168299 0.0168261 0.0165147 -0.00419187 -0.00431142 -0.00430847 -0.00418919 -0.0159025 -0.0158829 -0.0158831 -0.0159015
0.545 0.0289305 0.0289305 0.0289305 0.0289305 -0.0346797 -0.0350318 -0.035028 -0.0346771 0.00318843 0.00338514 0.0033809 0.00318374 -0.00977199 -0.00981787 -0.00981807 -0.0097733
0.565 0.00466645 0.00466645 0.00466645 0.00466645 -0.0237361 -0.0238217 -0.0238137 -0.0237167 -0.0209804 -0.020991 -0.0209976 -0.020993 0.00621807 0.00622904 0.00623166 0.00622361
0.585 -0.061649 -0.061649 -0.061649 -0.061649 0.000605458 0.000980696 0.000988749 0.000621403 -0.0308703 -0.0311033 -0.0311065 -0.0308783 0.00407026 0.0041233 0.00412159 0.00406732
0.605 0.0462782 0.0462782 0.0462782 0.0462782 -0.0237065 -0.024053 -0.0240494 -0.0236964 -0.00229174 -0.0021158 -0.0021202 -0.00230902 -0.02145 -0.021496 -0.0214938 -0.021453
0.625 0.00553652 0.00553652 0.00553652 0.00553652 0.00435359 0.00432745 0.00432778 0.00434898 -7.40525e-05 -1.57976e-05 -1.64327e-05 -6.73312e-05 -0.0329434 -0.0329589 -0.0329622 -0.0329473
0.645 -0.0626484 -0.0626484 -0.0626484 -0.0626484 0.0271147 0.0275416 0.0275406 0.0271109 -0.0124815 -0.0126705 -0.0126714 -0.0124836 -0.0238332 -0.0237939 -0.0237922 -0.0238298
0.665 0.0063816 0.0063816 0.0063816 0.0063816 -0.025444 -0.0256281 -0.0256276 -0.0254426 -0.00512686 -0.00502517 -0.00502526 -0.00512693 -0.00958389 -0.0096068 -0.00960575 -0.00958266
0.685 -0.0610535 -0.0610535 -0.0610535 -0.0610535 -0.0516917 -0.0517431 -0.0517464 -0.0517 -0.0130507 -0.0130084 -0.0130071 -0.0130474 0.00829253 0.00827719 0.00827696 0.0082927
0.705 -0.0381154 -0.0381154 -0.0381154 -0.0381154 -0.0548284 -0.0549275 -0.0549239 -0.0548238 -0.0314331 -0.0314322 -0.0314303 -0.0314285 0.0142417 0.0142451 0.0142467 0.0142435
0.725 0.0377254 0.0377254 0.0377254 0.0377254 -0.0350397 -0.0351979 -0.0351923 -0.0350261 -0.0380435 -0.0380401 -0.0380428 -0.0380516 -0.00800958 -0.00799723 -0.00799522 -0.00800684
0.745 -0.000634217 -0.000634217 -0.000634217 -0.000634217 0.0285041 0.0287257 0.0287274 0.0285156 -0.0288899 -0.029021 -0.0290156 -0.0288857 -0.0494168 -0.0493863 -0.0493873 -0.0494254
0.765 0.00473173 0.00473173 0.00473173 0.00473173 0.0399979 0.0401092 0.040104 0.039983 0.00239895 0.00243536 0.0024481 0.00242197 -0.0796542 -0.0796638 -0.0796706 -0.0796586
0.785 0.00636841 0.00636841 0.00636841 0.00636841 0.00786811 0.00779198 0.00778788 0.00785892 0.0101743 0.0103128 0.0103194 0.0101906 -0.0586012 -0.0586399 -0.0586453 -0.0586127
0.805 0.019326 0.019326 0.019326 0.019326 -0.0175826 -0.0176957 -0.0176976 -0.0175859 -0.0215658 -0.0215756 -0.0215757 -0.0215648 0.00564531 0.00565473 0.00565241 0.00563897
0.825 -0.0287587 -0.0287587 -0.0287587 -0.0287587 -0.0316818 -0.0315035 -0.0315071 -0.0316943 -0.0346107 -0.0348005 -0.0347929 -0.0345743 0.0501676 0.0502196 0.0502277 0.0501794
0.845 0.0344447 0.0344447 0.0344447 0.0344447 -0.0325499 -0.0328869 -0.0328913 -0.0325882 -0.000640177 -0.000552709 -0.000558837 -0.000662205 0.0401135 0.0401069 0.0401065 0.0401168
0.865 0.0152958 0.0152958 0.0152958 0.0152958 0.025196 0.0251249 0.0251064 0.0251731 0.0337626 0.0338382 0.033833 0.0337499 0.00670042 0.00667661 0.00667396 0.00669563
0.885 -0.0671752 -0.0671752 -0.0671752 -0.0671752 0.0689282 0.0694718 0.0694704 0.0689337 0.0495272 0.0493993 0.049398 0.0495263 -0.0078533 -0.00784793 -0.00784682 -0.00785258
0.905 -0.0279199 -0.0279199 -0.0279199 -0.0279199 0.0222804 0.022284 0.0222892 0.0222816 0.0491477 0.0492349 0.049237 0.049131 0.0140449 0.0140097 0.0140062 0.0140384
0.925 -0.0687536 -0.0687536 -0.0687536 -0.0687536 -0.0536639 -0.0536969 -0.0536961 -0.0536564 0.017314 0.0173675 0.017367 0.0173106 0.0592026 0.0591759 0.0591777 0.0591854
0.945 0.0696544 0.0696544 0.0696544 0.0696544 -0.0801705 -0.0807407 -0.0807419 -0.0801692 -0.0324802 -0.0323838 -0.03238 -0.0324668 0.0801737 0.080176 0.0801651 0.080159
0.965 -0.0345335 -0.0345335 -0.0345335 -0.0345335 0.00185277 0.00221447 0.00221278 0.00184753 -0.0501344 -0.0504622 -0.0504605 -0.0501301 0.030192 0.0302811 0.0302835 0.0301971
0.985 -0.0171021 -0.0171021 -0.0171021 -0.0171021 0.0310117 0.0311613 0.0311612 0.0310112 0.00718841 0.00722384 0.00722497 0.00718908 -0.0722019 -0.0722211 -0.0722189 -0.0721991
1.005 -0.0121818 -0.0121818 -0.0121818 -0.0121818 0.0157546 0.0156343 0.0156297 0.0157477 0.0329867 0.0333233 0.0333565 0.033062 -0.12198 -0.122071 -0.122052 -0.121947
1.025 -0.00270626 -0.00270626 -0.00270626 -0.00270626 -0.00438703 -0.00428458 -0.0042623 -0.00433348 -0.0359289 -0.0359528 -0.0359496 -0.0359405 -0.0716277 -0.0716255 -0.071617 -0.0716083
1.045 0.0604237 0.0604237 0.0604237 0.0604237 -0.0316866 -0.0317752 -0.0317582 -0.031674 -0.104198 -0.104442 -0.104457 -0.104224 -0.00315086 -0.00305325 -0.00304886 -0.00314045
1.065 -0.0236109 -0.0236109 -0.0236109 -0.0236109 -0.0555405 -0.0554821 -0.0554875 -0.0555451 -0.0756326 -0.0757952 -0.0758033 -0.0756468 -0.00543573 -0.00538616 -0.00539009 -0.00544487
1.085 0.0675558 0.0675558 0.0675558 0.0675558 -0.0517888 -0.0524336 -0.0524439 -0.0518086 -0.00255958 -0.00219021 -0.00219078 -0.00256286 -0.0521043 -0.0521871 -0.0521862 -0.0521023
1.105 -0.076614 -0.076614 -0.076614 -0.076614 0.0451293 0.0456149 0.0456127 0.0451225 0.00959194 0.0094876 0.00949371 0.00960485 -0.0631047 -0.063103 -0.0631083 -0.0631161
1.125 -0.0302739 -0.0302739 -0.0302739 -0.0302739 0.050987 0.0513234 0.0513224 0.0509849 0.00712347 0.00699942 0.00700133 0.00712798 -0.0292384 -0.0292138 -0.0292115 -0.0292336
1.145 0.0533717 0.0533717 0.0533717 0.0533717 -0.0222763 -0.0226178 -0.0226149 -0.0222696 0.0134929 0.0136482 0.0136499 0.0134967 0.0249798 0.0249468 0.0249437 0.0249732
1.165 0.0189743 0.0189743 0.0189743 0.0189743 -0.0245785 -0.0247558 -0.0247551 -0.0245771 0.00262476 0.00261521 0.00260842 0.00260678 0.0725112 0.0725246 0.0725263 0.072515
1.185 -0.000483633 -0.000483633 -0.000483633 -0.000483633 0.0109436 0.0111126 0.0111008 0.0109095 0.0144671 0.0143278 0.0143376 0.0144821 0.075903 0.0759379 0.0759409 0.0759033
1.205 0.120769 0.120769 0.120769 0.120769 0.0548289 0.0545065 0.0545315 0.0548345 0.0567473 0.0568865 0.0568882 0.0567565 0.0410993 0.0410822 0.0410854 0.0411067
1.225 0.146356 0.146356 0.146356 0.146356 0.137586 0.137619 0.137627 0.137611 0.0861018 0.0861237 0.0861234 0.0861035 0.0175253 0.0175236 0.0175259 0.0175306
1.245 0.0928828 0.0928828 0.0928828 0.0928828 0.191088 0.191589 0.191587 0.191087 0.107609 0.107423 0.107415 0.107602 0.0354163 0.035453 0.0354525 0.0354134
1.265 0.0859165 0.0859165 0.0859165 0.0859165 0.129871 0.129996 0.130003 0.129879 0.141323 0.14136 0.141341 0.141283 0.0950193 0.0949818 0.0949922 0.0949742
1.285 0.023168 0.023168 0.023168 0.023168 0.0488975 0.048741 0.0487434 0.0489162 0.143928 0.144061 0.144052 0.143908 0.184089 0.184037 0.184018 0.184077
1.305 -0.0573404 -0.0573404 -0.0573404 -0.0573404 0.0011999 0.00122493 0.00122808 0.00119016 0.116419 0.11638 0.11638 0.116428 0.251147 0.25114 0.251146 0.25116
1.325 0.118334 0.118334 0.118334 0.118334 -0.00958546 -0.0101356 -0.0101328 -0.00957582 0.0994009 0.0995396 0.0995342 0.0993982 0.237781 0.237761 0.237761 0.237774
1.345 0.21055 0.21055 0.21055 0.21055 0.128172 0.127988 0.12799 0.128179 0.0911355 0.0910606 0.0910569 0.0911303 0.142039 0.142084 0.142083 0.142047
1.365 0.167728 0.167728 0.167728 0.167728 0.279776 0.280489 0.280477 0.279727 0.13107 0.130785 0.130794 0.131088 0.013415 0.0134732 0.0134708 0.0134064
1.385 0.332703 0.332703 0.332703 0.332703 0.291007 0.290794 0.290791 0.291008 0.192044 0.192333 0.192334 0.192043 -0.0445871 -0.0446523 -0.0446489 -0.0445795
1.405 0.173227 0.173227 0.173227 0.173227 0.255355 0.255748 0.255757 0.255322 0.178016 0.177972 0.177973 0.178022 0.043658 0.0436515 0.0436471 0.043649
1.425 0.0657986 0.0657986 0.0657986 0.0657986 0.130686 0.130965 0.130975 0.130727 0.138695 0.13851 0.13851 0.138695 0.210805 0.21085 0.210852 0.210809
1.445 -0.094874 -0.094874 -0.094874 -0.094874 -0.0450632 -0.0450826 -0.0450437 -0.0449594 0.139782 0.139807 0.139861 0.139927 0.328896 0.328872 0.328891 0.328959
1.465 -0.172862 -0.172862 -0.172862 -0.172862 -0.139162 -0.139666 -0.139648 -0.139157 0.139283 0.139546 0.139557 0.139229 0.335754 0.335665 0.335676 0.335749
1.485 -0.319201 -0.319201 -0.319201 -0.319201 -0.119218 -0.118846 -0.118854 -0.119233 0.0903031 0.0902688 0.0902344 0.0902478 0.233182 0.233142 0.233131 0.233169
1.505 -0.172759 -0.172759 -0.172759 -0.172759 -0.101282 -0.101302 -0.101311 -0.101294 0.00727546 0.00736851 0.00734974 0.00724834 0.0532944 0.0532465 0.0532423 0.053285
1.525 -0.214491 -0.214491 -0.214491 -0.214491 -0.0891962 -0.0888735 -0.0890199 -0.0895704 -0.106551 -0.106751 -0.106794 -0.106692 -0.147926 -0.147999 -0.148042 -0.148062
1.545 -0.190276 -0.190276 -0.190276 -0.190276 -0.168906 -0.168769 -0.168974 -0.169172 -0.227587 -0.227572 -0.227607 -0.227641 -0.321606 -0.321627 -0.32164 -0.321632
1.565 -0.21597 -0.21597 -0.21597 -0.21597 -0.297115 -0.297291 -0.297309 -0.297187 -0.365682 -0.365579 -0.365564 -0.365634 -0.438018 -0.438012 -0.438022 -0.438027
1.585 -0.0120705 -0.0120705 -0.0120705 -0.0120705 -0.387154 -0.38807 -0.387973 -0.38702 -0.509212 -0.509053 -0.50904 -0.509178 -0.513279 -0.513226 -0.513195 -0.513213
1.605 -0.0449644 -0.0449644 -0.0449644 -0.0449644 -0.290013 -0.290083 -0.290007 -0.289768 -0.599058 -0.599475 -0.599461 -0.599032 -0.59566 -0.595467 -0.595461 -0.595646
1.625 -0.217219 -0.217219 -0.217219 -0.217219 -0.22182 -0.221192 -0.221235 -0.221845 -0.518205 -0.51854 -0.518517 -0.518119 -0.697616 -0.697488 -0.697481 -0.697591
1.645 -0.110284 -0.110284 -0.110284 -0.110284 -0.292823 -0.293576 -0.293615 -0.292931 -0.37447 -0.37384 -0.373812 -0.374439 -0.697491 -0.697658 -0.697665 -0.697528
1.665 -0.216439 -0.216439 -0.216439 -0.216439 -0.281202 -0.281281 -0.281305 -0.281261 -0.373511 -0.373443 -0.373439 -0.373514 -0.495746 -0.495758 -0.495772 -0.495767
1.685 0.00113404 0.00113404 0.00113404 0.00113404 -0.2509 -0.251224 -0.251227 -0.250899 -0.387931 -0.388277 -0.388288 -0.387941 -0.226435 -0.226283 -0.226286 -0.226444
1.705 0.485632 0.485632 0.485632 0.485632 -0.0963739 -0.097957 -0.0979449 -0.0963347 -0.245048 -0.244997 -0.245002 -0.245057 -0.0729301 -0.0728144 -0.0728141 -0.0729306
1.725 0.594133 0.594133 0.594133 0.594133 0.343008 0.342899 0.342926 0.343064 0.0546474 0.0544024 0.0543992 0.0546432 -0.0385105 -0.038384 -0.0383838 -0.038509
1.745 0.608666 0.608666 0.608666 0.608666 0.78177 0.782512 0.782013 0.780973 0.453375 0.453177 0.453332 0.453761 0.044338 0.0443431 0.0442932 0.0441951
1.765 0.3965 0.3965 0.3965 0.3965 0.900793 0.90184 0.90135 0.899874 0.816016 0.815977 0.816125 0.816343 0.37539 0.375308 0.375236 0.375216
1.785 0.192905 0.192905 0.192905 0.192905 0.635231 0.635679 0.635968 0.635133 1.00232 1.00277 1.00267 1.00217 0.981788 0.981437 0.981471 0.981573
1.805 0.0949748 0.0949748 0.0949748 0.0949748 0.291727 0.29163 0.291685 0.292399 0.988465 0.988792 0.988842 0.988145 1.61288 1.61276 1.61281 1.61311
1.825 -0.195906 -0.195906 -0.195906 -0.195906 0.17371 0.17422 0.174367 0.174212 0.940017 0.939837 0.939892 0.940468 1.87534 1.8754 1.87546 1.8755
1.845 -0.362174 -0.362174 -0.362174 -0.362174 0.212734 0.213164 0.213292 0.212862 0.988713 0.988844 0.988995 0.989067 1.58478 1.58466 1.58472 1.58488
1.865 -0.306459 -0.306459 -0.306459 -0.306459 0.266576 0.266914 0.266864 0.266405 0.942273 0.943042 0.943103 0.942259 0.968646 0.968266 0.968285 0.968678
1.885 0.462693 0.462693 0.462693 0.462693 0.373939 0.372854 0.372736 0.373757 0.537336 0.538161 0.538116 0.537249 0.384898 0.384656 0.384621 0.384836
1.905 0.254388 0.254388 0.254388 0.254388 0.560149 0.562425 0.562461 0.559895 -0.030905 -0.0327523 -0.0327451 -0.031083 -0.0935373 -0.0930907 -0.0930967 -0.0935518
1.925 -0.0723106 -0.0723106 -0.0723106 -0.0723106 0.163409 0.165136 0.165546 0.163395 -0.26959 -0.27042 -0.270687 -0.269536 -0.564492 -0.564301 -0.56425 -0.564465
1.945 0.0915879 0.0915879 0.0915879 0.0915879 -0.570854 -0.57469 -0.573758 -0.570539 -0.428942 -0.427471 -0.427733 -0.430756 -0.863931 -0.864287 -0.864391 -0.863848
1.965 -0.0796086 -0.0796086 -0.0796086 -0.0796086 -0.755461 -0.75647 -0.755428 -0.753471 -0.940721 -0.940536 -0.941328 -0.942094 -0.882398 -0.882331 -0.882322 -0.882468
1.985 -0.017298 -0.017298 -0.017298 -0.017298 -0.557248 -0.556617 -0.556487 -0.556296 -1.33038 -1.33232 -1.33231 -1.33044 -0.962343 -0.961606 -0.961605 -0.962339
2.005 0.0548676 0.0548676 0.0548676 0.0548676 -0.454632 -0.455459 -0.455839 -0.455648 -1.09242 -1.09359 -1.09293 -1.0921 -1.32238 -1.32201 -1.32192 -1.3221
2.025 0.0749616 0.0749616 0.0749616 0.0749616 -0.34157 -0.343387 -0.343696 -0.342266 -0.658404 -0.657007 -0.656825 -0.657902 -1.55903 -1.55924 -1.55917 -1.55898
2.045 -0.444517 -0.444517 -0.444517 -0.444517 -0.130318 -0.12863 -0.128714 -0.130444 -0.566171 -0.566175 -0.56623 -0.56596 -1.23317 -1.23309 -1.23302 -1.2329
2.065 -0.70929 -0.70929 -0.70929 -0.70929 -0.353895 -0.351981 -0.351866 -0.353631 -0.572501 -0.573511 -0.573489 -0.572573 -0.513258 -0.513071 -0.51306 -0.513291
2.085 -1.04506 -1.04506 -1.04506 -1.04506 -0.964952 -0.965458 -0.965379 -0.964732 -0.398076 -0.397906 -0.397984 -0.398192 0.14509 0.145009 0.145016 0.145119
2.105 -0.362979 -0.362979 -0.362979 -0.362979 -1.22844 -1.23315 -1.23311 -1.2283 -0.259475 -0.257747 -0.257712 -0.259659 0.482847 0.482417 0.482413 0.482824
2.125 0.548823 0.548823 0.548823 0.548823 -0.305272 -0.307741 -0.307887 -0.305376 -0.306514 -0.306773 -0.306763 -0.306467 0.394277 0.394531 0.394526 0.394264
2.145 0.0950587 0.0950587 0.0950587 0.0950587 1.05352 1.05989 1.05969 1.05386 0.0247401 0.0214987 0.0215367 0.024872 -0.142145 -0.141336 -0.141341 -0.142154
2.165 -0.414252 -0.414252 -0.414252 -0.414252 1.09946 1.10395 1.10449 1.10026 0.890925 0.891402 0.891399 0.890889 -0.603673 -0.604112 -0.604098 -0.603631
2.185 -0.5819 -0.5819 -0.5819 -0.5819 0.0542047 0.0527509 0.052859 0.0548614 1.0793 1.08332 1.08339 1.07932 -0.0962433 -0.0975979 -0.0975887 -0.0962578
2.205 -0.0270923 -0.0270923 -0.0270923 -0.0270923 -0.70722 -0.710563 -0.710496 -0.707276 0.0528872 0.05341 0.0533024 0.0528187 1.20099 1.20107 1.20104 1.20104
2.225 0.0502608 0.0502608 0.0502608 0.0502608 -0.62569 -0.625257 -0.625378 -0.626008 -0.751403 -0.755566 -0.755441 -0.751194 1.7591 1.7604 1.76026 1.7588
2.245 -0.229411 -0.229411 -0.229411 -0.229411 -0.273261 -0.273149 -0.27325 -0.273443 -0.102081 -0.103154 -0.103126 -0.102091 0.697008 0.697278 0.697228 0.696879
2.265 -0.307682 -0.307682 -0.307682 -0.307682 0.178645 0.177081 0.177091 0.178634 0.843596 0.847543 0.847465 0.843551 -0.820375 -0.821679 -0.821633 -0.820342
2.285 0.448945 0.448945 0.448945 0.448945 0.809159 0.809498 0.80954 0.80925 0.466195 0.468166 0.468391 0.466243 -1.2009 -1.20155 -1.20156 -1.20091
2.305 0.245031 0.245031 0.245031 0.245031 0.952774 0.959199 0.959149 0.952733 -0.579389 -0.583724 -0.58372 -0.57915 -0.552391 -0.551179 -0.551174 -0.55239
2.325 -0.590837 -0.590837 -0.590837 -0.590837 -0.358415 -0.356287 -0.356599 -0.358745 -0.657066 -0.659176 -0.659127 -0.656858 -0.0335671 -0.0329652 -0.0329709 -0.0336038
2.345 -0.91749 -0.91749 -0.91749 -0.91749 -1.94393 -1.95129 -1.95138 -1.94402 -0.23934 -0.234726 -0.234614 -0.239354 0.0712377 0.0700227 0.0700026 0.0712314
2.365 -1.07333 -1.07333 -1.07333 -1.07333 -1.77137 -1.77592 -1.77568 -1.7713 -0.703719 -0.701799 -0.701801 -0.703692 0.0727305 0.0722325 0.0722041 0.0726432
2.385 0.652671 0.652671 0.652671 0.652671 -0.405634 -0.406142 -0.405604 -0.405235 -1.36617 -1.36923 -1.36938 -1.36636 -0.376419 -0.375305 -0.375296 -0.376401
2.405 1.28794 1.28794 1.28794 1.28794 0.99741 1.00086 1.00067 0.997642 -0.940689 -0.943482 -0.943334 -0.94046 -1.51212 -1.51109 -1.51114 -1.51214
2.425 -0.248549 -0.248549 -0.248549 -0.248549 1.3178 1.32334 1.32309 1.31741 0.256806 0.256863 0.258728 0.258218 -2.35256 -2.35312 -2.3526 -2.35207
2.445 -0.763708 -0.763708 -0.763708 -0.763708 0.103583 0.102801 0.102732 0.103278 0.635005 0.639875 0.640435 0.636917 -1.55277 -1.55403 -1.55393 -1.55221
2.465 -0.31788 -0.31788 -0.31788 -0.31788 -1.22896 -1.23286 -1.23292 -1.22907 -0.470552 -0.469436 -0.469401 -0.470135 0.649439 0.649342 0.649415 0.649535
2.485 0.770919 0.770919 0.770919 0.770919 -1.43639 -1.44076 -1.44072 -1.43618 -1.37964 -1.38348 -1.3837 -1.38017 2.1085 2.10966 2.10957 2.10766
2.505 1.26114 1.26114 1.26114 1.26114 -0.226226 -0.228709 -0.228567 -0.225663 -0.454605 -0.45685 -0.457273 -0.45547 1.31237 1.31357 1.31302 1.31227
2.525 0.743108 0.743108 0.743108 0.743108 1.73016 1.7333 1.734 1.73032 1.47923 1.48108 1.48077 1.47904 -0.576818 -0.577728 -0.577646 -0.577019
2.545 0.052934 0.052934 0.052934 0.052934 2.85119 2.85878 2.85582 2.84651 2.40872 2.41084 2.41162 2.40913 -1.09731 -1.09856 -1.09875 -1.09759
2.565 -0.83258 -0.83258 -0.83258 -0.83258 1.83787 1.84663 1.84449 1.83727 1.77965 1.77871 1.77898 1.78021 0.608642 0.608432 0.608562 0.608908
2.585 -0.972166 -0.972166 -0.972166 -0.972166 -0.96178 -0.9647 -0.963589 -0.961205 0.687665 0.689186 0.686804 0.689467 3.00706 3.00622 3.00544 3.00495
2.605 -0.345456 -0.345456 -0.345456 -0.345456 -2.7594 -2.7705 -2.77029 -2.75899 -0.0440815 -0.0442513 -0.0445668 -0.0461255 3.95753 3.95745 3.95622 3.95646
2.625 0.09355 0.09355 0.09355 0.09355 -1.41731 -1.42266 -1.42278 -1.41711 -0.224198 -0.22553 -0.224837 -0.224832 2.4883 2.48828 2.48844 2.48754
2.645 0.16939 0.16939 0.16939 0.16939 1.48816 1.49479 1.49473 1.48819 0.348689 0.347043 0.346922 0.350806 -0.610893 -0.610272 -0.610392 -0.611097
2.665 -0.242747 -0.242747 -0.242747 -0.242747 2.70201 2.71398 2.71411 2.70271 1.081 1.07851 1.07962 1.08091 -3.07632 -3.07715 -3.07789 -3.07844
2.685 0.168481 0.168481 0.168481 0.168481 1.11484 1.1164 1.11644 1.11617 0.528683 0.530433 0.533099 0.529344 -2.92835 -2.93079 -2.93197 -2.93098
2.705 0.513256 0.513256 0.513256 0.513256 -1.27067 -1.27931 -1.27783 -1.27385 -1.54512 -1.54341 -1.54272 -1.54159 -0.647315 -0.647216 -0.647777 -0.648233
2.725 0.740925 0.740925 0.740925 0.740925 -2.53225 -2.5375 -2.53665 -2.52881 -2.97499 -2.97874 -2.97838 -2.97319 0.952846 0.955132 0.955264 0.952893
2.745 0.67494 0.67494 0.67494 0.67494 -1.91353 -1.9178 -1.91807 -1.91085 -2.09766 -2.0995 -2.09946 -2.09835 -0.0190035 -0.0177761 -0.0176829 -0.0186398
2.765 0.600338 0.600338 0.600338 0.600338 0.332773 0.330898 0.331177 0.332483 -0.134374 -0.13177 -0.132284 -0.135681 -2.2792 -2.27984 -2.27942 -2.27869
2.785 0.414437 0.414437 0.414437 0.414437 2.50722 2.51416 2.514 2.50651 0.845447 0.846984 0.846964 0.845851 -3.1254 -3.1266 -3.12698 -3.12631
2.805 0.315434 0.315434 0.315434 0.315434 2.34624 2.35657 2.35665 2.34952 0.681352 0.678806 0.678736 0.680563 -1.51274 -1.51206 -1.51175 -1.51181
2.825 0.0367766 0.0367766 0.0367766 0.0367766 -0.117766 -0.119142 -0.117587 -0.115632 0.380889 0.380096 0.379352 0.380421 1.36749 1.36806 1.36837 1.36788
2.845 0.174971 0.174971 0.174971 0.174971 -2.09981 -2.11155 -2.11109 -2.1004 0.339723 0.340948 0.341414 0.338941 3.58829 3.58843 3.58902 3.58998
2.865 0.389531 0.389531 0.389531 0.389531 -1.13016 -1.13904 -1.13882 -1.13291 0.5937 0.594461 0.598156 0.599793 3.8324 3.83299 3.83377 3.83389
2.885 0.0524997 0.0524997 0.0524997 0.0524997 1.67211 1.67971 1.68315 1.67849 1.60382 1.60127 1.60383 1.60675 2.11769 2.1185 2.11893 2.11843
2.905 -0.245082 -0.245082 -0.245082 -0.245082 3.16393 3.17489 3.17867 3.17074 2.98881 2.99033 2.9897 2.98899 0.140813 0.139898 0.13983 0.140857
2.925 -0.255449 -0.255449 -0.255449 -0.255449 2.29103 2.29592 2.29558 2.29248 3.0043 3.00804 3.00705 3.0023 0.036379 0.0343953 0.0341544 0.0358006
2.945 -0.481929 -0.481929 -0.481929 -0.481929 0.162339 0.162082 0.160677 0.159205 1.09136 1.09062 1.09002 1.08948 1.85027 1.85004 1.85013 1.85032
2.965 -0.644468 -0.644468 -0.644468 -0.644468 -1.87358 -1.87731 -1.87749 -1.87541 -0.84083 -0.844484 -0.844667 -0.840803 3.15588 3.15705 3.15685 3.15538
2.985 -0.327723 -0.327723 -0.327723 -0.327723 -2.51506 -2.51433 -2.51457 -2.50793 -1.17872 -1.17995 -1.17973 -1.18008 1.92324 1.92419 1.92476 1.92462
3.005 -0.263014 -0.263014 -0.263014 -0.263014 -0.973341 -0.977416 -0.975963 -0.97628 -0.691945 -0.689348 -0.689423 -0.691862 -1.18157 -1.18167 -1.18152 -1.18189
3.025 -0.493963 -0.493963 -0.493963 -0.493963 1.13877 1.14778 1.14546 1.13238 -0.691998 -0.688208 -0.690972 -0.68959 -3.8863 -3.88916 -3.88867 -3.88967
3.045 -0.268693 -0.268693 -0.268693 -0.268693 1.13134 1.13995 1.13997 1.13433 -1.33953 -1.33955 -1.33888 -1.33836 -4.61361 -4.61286 -4.6148 -4.61474
3.065 0.0616276 0.0616276 0.0616276 0.0616276 -1.09178 -1.09762 -1.09624 -1.09198 -2.32028 -2.31904 -2.31992 -2.32083 -3.40371 -3.40399 -3.40391 -3.40477
3.085 0.103306 0.103306 0.103306 0.103306 -3.06202 -3.06757 -3.06841 -3.05918 -3.23769 -3.2388 -3.23984 -3.24022 -1.62513 -1.62432 -1.62384 -1.62405
3.105 0.492563 0.492563 0.492563 0.492563 -2.95137 -2.95897 -2.95783 -2.94901 -3.29042 -3.29205 -3.29236 -3.29125 -0.939459 -0.938521 -0.938831 -0.939891
3.125 0.476546 0.476546 0.476546 0.476546 -0.766914 -0.768481 -0.768112 -0.767564 -1.99274 -1.9947 -1.99504 -1.99339 -1.78559 -1.78432 -1.78346 -1.78386
3.145 0.298791 0.298791 0.298791 0.298791 1.50312 1.50909 1.50908 1.50423 0.0372911 0.03788 0.0380696 0.0377295 -2.78381 -2.7844 -2.78457 -2.78432
3.165 0.072602 0.072602 0.072602 0.072602 2.13186 2.14645 2.13953 2.13404 1.36071 1.36206 1.36256 1.36072 -2.01172 -2.01237 -2.01199 -2.01072
3.185 -0.0696103 -0.0696103 -0.0696103 -0.0696103 1.03209 1.02276 1.02101 1.02588 1.34963 1.34407 1.34573 1.34192 0.865463 0.862938 0.862595 0.864588
3.205 0.0314063 0.0314063 0.0314063 0.0314063 -0.580436 -0.586563 -0.591913 -0.589436 0.968818 0.963191 0.954842 0.958648 4.00194 4.00442 4.00542 4.00444
3.225 0.297937 0.297937 0.297937 0.297937 -0.90078 -0.913853 -0.916184 -0.912105 1.36188 1.36439 1.37067 1.37155 5.22145 5.22214 5.22512 5.22483
3.245 0.163944 0.163944 0.163944 0.163944 0.73646 0.73186 0.728364 0.734476 2.54013 2.54598 2.54967 2.54952 4.12208 4.12277 4.12408 4.12616
3.265 -0.307708 -0.307708 -0.307708 -0.307708 2.75388 2.76816 2.76864 2.76082 3.56492 3.56681 3.56806 3.56871 2.17437 2.17386 2.17455 2.17577
3.285 -0.380785 -0.380785 -0.380785 -0.380785 3.21693 3.2312 3.23448 3.22288 3.47501 3.47414 3.4739 3.47366 1.21801 1.21682 1.21613 1.21646
3.305 -0.471519 -0.471519 -0.471519 -0.471519 1.40437 1.408 1.40865 1.40387 2.15889 2.15801 2.15649 2.15535 1.72629 1.72568 1.72556 1.72612
3.325 -0.160617 -0.160617 -0.160617 -0.160617 -1.17875 -1.18559 -1.18643 -1.18074 0.277887 0.27819 0.277507 0.276648 2.5159 2.51547 2.51477 2.51432
3.345 -0.0725817 -0.0725817 -0.0725817 -0.0725817 -2.24394 -2.27091 -2.2766 -2.2609 -1.2158 -1.21491 -1.21274 -1.21483 1.90866 1.90925 1.90924 1.90881
3.365 0.258094 0.258094 0.258094 0.258094 -1.30703 -1.30373 -1.31098 -1.31408 -1.66065 -1.66213 -1.66369 -1.66173 -0.63644 -0.634929 -0.634999 -0.63789
3.385 0.418179 0.418179 0.418179 0.418179 0.436243 0.442353 0.443758 0.430753 -1.43547 -1.42982 -1.43674 -1.43769 -3.80953 -3.81165 -3.80806 -3.80801
3.405 0.632828 0.632828 0.632828 0.632828 1.12468 1.13007 1.13011 1.12414 -1.48174 -1.47373 -1.47152 -1.46776 -5.5076 -5.50626 -5.50699 -5.50512
3.425 0.59232 0.59232 0.59232 0.59232 0.105043 0.101455 0.0993879 0.100983 -2.23201 -2.23503 -2.23564 -2.24065 -4.76897 -4.76901 -4.77024 -4.77048
3.445 0.587813 0.587813 0.587813 0.587813 -1.77296 -1.78167 -1.78104 -1.77745 -3.07184 -3.0739 -3.07779 -3.07798 -2.58825 -2.58873 -2.59004 -2.59232
3.465 0.704422 0.704422 0.704422 0.704422 -2.69696 -2.70408 -2.70392 -2.69526 -2.98661 -2.98765 -2.98907 -2.98813 -0.853755 -0.853148 -0.854125 -0.855385
3.485 0.811957 0.811957 0.811957 0.811957 -1.44986 -1.45383 -1.45281 -1.4464 -1.70896 -1.7099 -1.70824 -1.70767 -0.524237 -0.524106 -0.524574 -0.525195
3.505 0.698656 0.698656 0.698656 0.698656 1.13586 1.14086 1.1422 1.14451 0.25096 0.250072 0.251609 0.252565 -0.943697 -0.943508 -0.943254 -0.943183
3.525 0.643899 0.643899 0.643899 0.643899 2.84081 2.85966 2.86361 2.85368 2.03646 2.03686 2.03611 2.03306 -0.601619 -0.602592 -0.60121 -0.599031
3.545 0.611967 0.611967 0.611967 0.611967 2.66212 2.65775 2.66456 2.66199 2.91629 2.91995 2.91868 2.91634 1.39408 1.39611 1.39675 1.39789
3.565 0.38504 0.38504 0.38504 0.38504 1.29758 1.29406 1.29034 1.27026 2.89387 2.88276 2.88249 2.89404 4.3565 4.35791 4.35941 4.35838
3.585 0.0272107 0.0272107 0.0272107 0.0272107 0.268816 0.276058 0.258956 0.262022 2.71991 2.71732 2.73216 2.73561 6.39606 6.39918 6.40033 6.40423
3.605 -0.300049 -0.300049 -0.300049 -0.300049 0.264221 0.256 0.259006 0.267626 3.27211 3.28922 3.28924 3.28232 6.22501 6.22088 6.22064 6.22077
3.625 -0.501821 -0.501821 -0.501821 -0.501821 1.43236 1.43138 1.43688 1.43789 3.824 3.82854 3.82829 3.82294 4.37232 4.37177 4.36999 4.37001
3.645 -0.590785 -0.590785 -0.590785 -0.590785 2.58961 2.6005 2.60273 2.5967 3.39665 3.39321 3.39242 3.39327 2.35772 2.35622 2.35425 2.35317
3.665 -0.735419 -0.735419 -0.735419 -0.735419 1.99717 2.00679 2.00736 1.99922 2.09684 2.09241 2.09097 2.09298 1.07791 1.07716 1.07672 1.07683
3.685 -0.801193 -0.801193 -0.801193 -0.801193 -0.384113 -0.384522 -0.382938 -0.386336 0.313957 0.316667 0.317148 0.318988 0.453985 0.453157 0.452521 0.45267
3.705 -0.871469 -0.871469 -0.871469 -0.871469 -2.62955 -2.6289 -2.63876 -2.60522 -1.76973 -1.77519 -1.77946 -1.77379 -0.2454 -0.241466 -0.240871 -0.243048
3.725 -0.798338 -0.798338 -0.798338 -0.798338 -3.07941 -3.10759 -3.0974 -3.10923 -3.59432 -3.5885 -3.59487 -3.59315 -1.89485 -1.89553 -1.89464 -1.8984
3.745 -0.606162 -0.606162 -0.606162 -0.606162 -2.09439 -2.08175 -2.0867 -2.08822 -4.06234 -4.08933 -4.08252 -4.09551 -4.68067 -4.67816 -4.67884 -4.67796
3.765 -0.294051 -0.294051 -0.294051 -0.294051 -1.3875 -1.38818 -1.39076 -1.38841 -3.68844 -3.67871 -3.67935 -3.676 -7.11354 -7.11384 -7.11108 -7.10713
3.785 -0.307529 -0.307529 -0.307529 -0.307529 -1.19981 -1.19255 -1.20371 -1.20167 -4.05462 -4.05766 -4.04714 -4.03619 -7.45732 -7.45621 -7.45517 -7.45866
3.805 -0.0666585 -0.0666585 -0.0666585 -0.0666585 -1.82051 -1.8134 -1.81063 -1.81729 -4.93621 -4.94549 -4.93901 -4.9233 -5.84661 -5.84352 -5.84569 -5.85023
3.825 0.070153 0.070153 0.070153 0.070153 -3.07307 -3.07576 -3.06567 -3.06856 -4.6935 -4.69836 -4.69946 -4.69505 -3.87613 -3.87599 -3.87753 -3.87904
3.845 0.261625 0.261625 0.261625 0.261625 -3.2014 -3.20801 -3.20727 -3.19628 -3.27922 -3.27784 -3.28116 -3.28669 -2.54451 -2.5458 -2.54675 -2.54699
3.865 -0.0104982 -0.0104982 -0.0104982 -0.0104982 -1.24946 -1.25266 -1.25366 -1.24972 -1.59205 -1.59164 -1.59449 -1.59888 -1.68915 -1.68839 -1.68826 -1.68835
3.885 -0.204729 -0.204729 -0.204729 -0.204729 1.48582 1.44049 1.4161 1.45339 0.15582 0.165376 0.170168 0.167553 -0.778017 -0.77941 -0.779331 -0.776938
3.905 -0.457267 -0.457267 -0.457267 -0.457267 2.50548 2.48067 2.49916 2.48748 2.23243 2.27157 2.24815 2.26316 0.683284 0.679307 0.680419 0.678872
3.925 -0.446569 -0.446569 -0.446569 -0.446569 1.4845 1.48675 1.50601 1.51159 3.72955 3.73767 3.73249 3.70658 3.15099 3.15491 3.15597 3.15702
3.945 -0.403043 -0.403043 -0.403043 -0.403043 0.433596 0.480935 0.47483 0.456896 3.65296 3.63248 3.63877 3.65106 6.10964 6.10749 6.10336 6.0976
3.965 -0.2128 -0.2128 -0.2128 -0.2128 0.524421 0.511742 0.529374 0.51281 3.15977 3.15325 3.1564 3.16387 7.5496 7.555 7.5602 7.56187
3.985 0.117264 0.117264 0.117264 0.117264 1.28363 1.27415 1.2755 1.28678 3.8124 3.81791 3.82297 3.82327 6.38523 6.38281 6.38352 6.3846
4.005 0.00712596 0.00712596 0.00712596 0.00712596 2.66233 2.65667 2.6433 2.64943 4.52164 4.52947 4.53055 4.52325 3.77311 3.77194 3.77355 3.77743
4.025 -0.101834 -0.101834 -0.101834 -0.101834 3.35002 3.35567 3.35064 3.33731 3.87045 3.87211 3.87196 3.8695 1.80852 1.80741 1.80639 1.80648
4.045 0.211955 0.211955 0.211955 0.211955 2.13996 2.14753 2.14775 2.13677 1.9608 1.9563 1.95657 1.95839 1.19987 1.19917 1.19816 1.19741
4.065 0.616365 0.616365 0.616365 0.616365 -0.394292 -0.405046 -0.404975 -0.364909 -0.147921 -0.148112 -0.145303 -0.13585 1.03697 1.03681 1.03549 1.03279
4.085 0.45489 0.45489 0.45489 0.45489 -2.04471 -2.05278 -2.04922 -1.9869 -1.7321 -1.73429 -1.72073 -1.74756 0.0868055 0.0903852 0.0908444 0.0908123
4.105 0.193955 0.193955 0.193955 0.193955 -1.93232 -1.95878 -1.94927 -1.94636 -2.55386 -2.54325 -2.54402 -2.53941 -1.98974 -1.99011 -1.9941 -2.00517
4.125 0.40878 0.40878 0.40878 0.40878 -0.83806 -0.842049 -0.857264 -0.872222 -2.84577 -2.84339 -2.84567 -2.84211 -4.45195 -4.44833 -4.44488 -4.4426
4.145 0.476676 0.476676 0.476676 0.476676 -0.0234059 -0.0174593 -0.0285591 -0.040007 -3.02015 -3.02375 -3.01857 -3.01582 -5.95552 -5.9583 -5.96061 -5.96153
4.165 0.0730248 0.0730248 0.0730248 0.0730248 -0.452216 -0.448518 -0.447791 -0.453782 -3.22746 -3.23084 -3.23111 -3.22959 -5.75538 -5.75454 -5.75281 -5.75301
4.185 0.0361777 0.0361777 0.0361777 0.0361777 -1.91434 -1.91659 -1.91133 -1.90581 -3.3539 -3.3539 -3.3549 -3.35468 -4.11693 -4.11612 -4.11716 -4.1182
4.205 0.136236 0.136236 0.136236 0.136236 -2.8437 -2.85043 -2.84711 -2.83718 -3.20454 -3.20425 -3.20481 -3.20604 -2.11466 -2.11445 -2.11455 -2.11511
4.225 0.243685 0.243685 0.243685 0.243685 -2.10895 -2.11425 -2.11344 -2.1079 -2.38075 -2.38199 -2.38198 -2.38258 -0.86246 -0.862009 -0.862541 -0.863494
4.245 0.345232 0.345232 0.345232 0.345232 -0.121495 -0.104279 -0.103969 -0.118741 -0.686332 -0.684717 -0.686118 -0.684801 -0.594326 -0.594211 -0.593817 -0.59405
4.265 0.0144102 0.0144102 0.0144102 0.0144102 1.91761 1.92861 1.93282 1.91744 1.41423 1.39448 1.38967 1.40497 -0.385967 -0.382452 -0.381465 -0.384632
4.285 -0.0516104 -0.0516104 -0.0516104 -0.0516104 2.42539 2.44785 2.42568 2.41478 2.8569 2.84408 2.85191 2.84479 0.95119 0.949753 0.946791 0.949744
4.305 0.027373 0.027373 0.027373 0.027373 1.62275 1.61753 1.61595 1.60265 3.14237 3.14676 3.13839 3.13359 3.50641 3.51024 3.5163 3.51918
4.325 0.082572 0.082572 0.082572 0.082572 0.628242 0.62425 0.627758 0.630664 2.89631 2.89727 2.89533 2.89497 5.88261 5.88139 5.87901 5.87834
4.345 0.446405 0.446405 0.446405 0.446405 0.475247 0.472617 0.474468 0.484026 3.09795 3.09632 3.09634 3.09447 6.43981 6.44073 6.44222 6.44344
4.365 0.490857 0.490857 0.490857 0.490857 1.59774 1.59763 1.60061 1.60284 3.69405 3.69565 3.69663 3.69582 5.03469 5.03344 5.03286 5.03293
4.385 0.318444 0.318444 0.318444 0.318444 3.05744 3.06305 3.06376 3.05709 3.90709 3.90818 3.90831 3.90783 2.93612 2.93536 2.93519 2.93604
4.405 0.1607 0.1607 0.1607 0.1607 3.1728 3.18076 3.17979 3.1706 3.23123 3.23106 3.23078 3.23045 1.54808 1.54739 1.54744 1.5485
4.425 -0.0213431 -0.0213431 -0.0213431 -0.0213431 1.39491 1.39759 1.39697 1.39307 1.73943 1.73972 1.7388 1.73834 1.24378 1.24365 1.24387 1.2441
4.445 0.0172501 0.0172501 0.0172501 0.0172501 -1.10401 -1.10726 -1.10802 -1.08887 -0.131355 -0.126805 -0.125472 -0.123376 1.24847 1.24799 1.24711 1.246
4.465 0.0563354 0.0563354 0.0563354 0.0563354 -2.18863 -2.20118 -2.18883 -2.13973 -1.76897 -1.78005 -1.77083 -1.79081 0.381838 0.382235 0.386278 0.388437
4.485 0.36684 0.36684 0.36684 0.36684 -1.67896 -1.69531 -1.68686 -1.68753 -2.49524 -2.49121 -2.49444 -2.48563 -1.82648 -1.82607 -1.82973 -1.83183
4.505 0.498587 0.498587 0.498587 0.498587 -0.395234 -0.392972 -0.404487 -0.420208 -2.51767 -2.51623 -2.51831 -2.51591 -4.48868 -4.48215 -4.47705 -4.47983
4.525 0.187168 0.187168 0.187168 0.187168 0.312504 0.319795 0.311062 0.298876 -2.54232 -2.54435 -2.54227 -2.54239 -5.963 -5.96323 -5.96381 -5.96311
4.545 0.0521579 0.0521579 0.0521579 0.0521579 -0.477128 -0.475263 -0.474574 -0.478408 -2.91956 -2.92137 -2.92192 -2.92176 -5.41453 -5.4152 -5.41417 -5.41365
4.565 0.202624 0.202624 0.202624 0.202624 -2.10894 -2.11307 -2.10935 -2.10313 -3.36827 -3.36928 -3.37041 -3.36987 -3.4478 -3.44658 -3.44648 -3.44703
4.585 0.30708 0.30708 0.30708 0.30708 -2.92349 -2.93085 -2.92815 -2.91854 -3.2665 -3.26735 -3.26738 -3.26698 -1.5509 -1.54985 -1.55035 -1.55163
4.605 0.271062 0.271062 0.271062 0.271062 -1.94614 -1.95119 -1.95045 -1.94531 -2.1694 -2.17067 -2.17114 -2.17005 -0.795107 -0.794596 -0.794659 -0.795297
4.625 0.380261 0.380261 0.380261 0.380261 0.252599 0.283113 0.280339 0.258811 -0.318286 -0.31427 -0.314852 -0.313719 -0.913214 -0.913241 -0.912689 -0.912759
4.645 0.383086 0.383086 0.383086 0.383086 2.29032 2.34148 2.32641 2.32 1.57012 1.561 1.56211 1.5657 -0.646966 -0.643491 -0.643957 -0.645374
4.665 0.239147 0.239147 0.239147 0.239147 2.67974 2.69601 2.68569 2.67276 2.71655 2.71196 2.71704 2.70326 0.997466 0.995092 0.993675 0.993646
4.685 0.00716841 0.00716841 0.00716841 0.00716841 1.53076 1.51852 1.52072 1.50697 3.02832 3.03092 3.02231 3.01761 3.71237 3.71679 3.7215 3.7227
4.705 0.0822244 0.0822244 0.0822244 0.0822244 0.245244 0.238826 0.236549 0.243797 2.97602 2.97516 2.97318 2.9732 6.04631 6.04433 6.0414 6.04173
4.725 -0.0375993 -0.0375993 -0.0375993 -0.0375993 0.266297 0.264229 0.26478 0.2728 3.13966 3.13804 3.13889 3.13831 6.53613 6.53534 6.53502 6.53535
4.745 -0.214863 -0.214863 -0.214863 -0.214863 1.53535 1.5371 1.54051 1.53928 3.60633 3.60736 3.60831 3.60816 5.03991 5.0392 5.03904 5.0391
4.765 -0.312389 -0.312389 -0.312389 -0.312389 2.70809 2.7147 2.71605 2.7096 3.78375 3.78572 3.78628 3.78534 2.79678 2.79567 2.79489 2.79545
4.785 -0.484047 -0.484047 -0.484047 -0.484047 2.48332 2.49026 2.48964 2.48216 2.94641 2.9479 2.9475 2.94595 1.28821 1.28746 1.28802 1.28891
4.805 -0.705903 -0.705903 -0.705903 -0.705903 0.61014 0.632928 0.628763 0.625224 1.08348 1.08402 1.08372 1.08262 0.868156 0.868696 0.869143 0.869445
4.825 -0.927123 -0.927123 -0.927123 -0.927123 -1.78125 -1.76611 -1.7726 -1.84082 -1.08338 -1.08841 -1.09352 -1.08935 0.581705 0.581056 0.583687 0.585009
4.845 -0.974126 -0.974126 -0.974126 -0.974126 -3.08351 -3.07801 -3.10577 -3.10728 -2.6599 -2.6707 -2.65563 -2.66039 -0.743036 -0.74336 -0.743533 -0.741492
4.865 -0.848339 -0.848339 -0.848339 -0.848339 -2.89669 -2.90693 -2.90744 -2.886 -3.5152 -3.51819 -3.51656 -3.52086 -3.27084 -3.27119 -3.26631 -3.26191
4.885 -0.831905 -0.831905 -0.831905 -0.831905 -1.81108 -1.81422 -1.79652 -1.78644 -4.00488 -4.0019 -4.00456 -4.00401 -5.94925 -5.95027 -5.95503 -5.96009
4.905 -0.809779 -0.809779 -0.809779 -0.809779 -1.25024 -1.24856 -1.25269 -1.2283 -4.32517 -4.31069 -4.318 -4.31237 -7.50672 -7.50528 -7.50208 -7.49883
4.925 -0.809605 -0.809605 -0.809605 -0.809605 -1.62283 -1.63549 -1.64134 -1.65889 -4.72417 -4.74087 -4.73079 -4.71795 -7.19028 -7.18857 -7.19301 -7.19922
4.945 -0.638023 -0.638023 -0.638023 -0.638023 -3.10571 -3.10856 -3.10984 -3.12948 -5.01826 -5.02676 -5.02622 -5.02668 -5.50934 -5.50744 -5.50451 -5.50353
4.965 -0.266328 -0.266328 -0.266328 -0.266328 -4.28443 -4.28969 -4.2831 -4.27051 -4.66573 -4.65936 -4.66347 -4.66813 -3.65634 -3.65817 -3.66051 -3.66115
4.985 -0.00403623 -0.00403623 -0.00403623 -0.00403623 -3.30204 -3.30729 -3.30154 -3.29155 -3.72495 -3.72391 -3.72702 -3.73047 -2.50421 -2.50211 -2.49964 -2.49882
5.005 -0.0442683 -0.0442683 -0.0442683 -0.0442683 -0.68458 -0.682721 -0.679847 -0.680377 -2.02311 -2.02721 -2.02552 -2.02242 -2.14795 -2.14728 -2.14869 -2.15102
5.025 -0.307568 -0.307568 -0.307568 -0.307568 1.76334 1.76215 1.74936 1.7537 0.250659 0.256652 0.25829 0.261953 -1.76102 -1.76079 -1.75827 -1.75607
5.045 -0.596759 -0.596759 -0.596759 -0.596759 2.31093 2.33349 2.35501 2.34307 2.37469 2.36048 2.38585 2.36295 -0.12484 -0.130296 -0.129337 -0.126323
5.065 -0.78159 -0.78159 -0.78159 -0.78159 1.14831 1.13233 1.16412 1.17839 3.23424 3.24789 3.22464 3.22643 3.08914 3.08359 3.08122 3.08685
5.085 -0.689878 -0.689878 -0.689878 -0.689878 -0.0782556 -0.0834311 -0.0804795 -0.0621007 2.9676 2.97114 2.96646 2.96372 6.47147 6.47172 6.4665 6.46411
5.105 -0.418426 -0.418426 -0.418426 -0.418426 -0.101907 -0.109558 -0.118786 -0.118239 3.03589 3.0339 3.03478 3.0324 7.72146 7.72844 7.73395 7.7337
5.125 -0.309058 -0.309058 -0.309058 -0.309058 1.1942 1.1954 1.19123 1.18206 3.96778 3.96464 3.97094 3.97709 6.19588 6.19405 6.19039 6.1878
5.145 -0.296331 -0.296331 -0.296331 -0.296331 2.90229 2.88768 2.8882 2.88476 4.63231 4.63793 4.63488 4.63198 3.45903 3.45809 3.46312 3.46898
5.165 -0.304766 -0.304766 -0.304766 -0.304766 3.49337 3.50538 3.50823 3.50648 3.80659 3.80901 3.80988 3.80737 1.63835 1.6357 1.63259 1.63268
5.185 -0.516327 -0.516327 -0.516327 -0.516327 1.82108 1.83328 1.83748 1.83166 1.81618 1.81131 1.80971 1.80927 1.21404 1.21528 1.21719 1.21765
5.205 -0.505985 -0.505985 -0.505985 -0.505985 -1.38306 -1.38471 -1.37026 -1.34437 -0.363604 -0.36223 -0.358634 -0.352901 1.14752 1.14718 1.14528 1.14258
5.225 -0.443124 -0.443124 -0.443124 -0.443124 -3.03753 -3.05448 -3.00024 -2.96421 -2.16771 -2.16926 -2.17547 -2.1874 0.106273 0.111138 0.116783 0.118482
5.245 -0.410591 -0.410591 -0.410591 -0.410591 -2.82357 -2.80632 -2.78334 -2.79119 -3.21375 -3.20398 -3.21544 -3.21088 -2.32181 -2.32284 -2.32918 -2.34057
5.265 -0.270549 -0.270549 -0.270549 -0.270549 -1.45274 -1.43634 -1.44907 -1.46713 -3.65045 -3.66008 -3.65948 -3.65823 -5.33873 -5.33489 -5.33053 -5.32772
5.285 -0.2132 -0.2132 -0.2132 -0.2132 -0.552559 -0.554242 -0.566809 -0.58173 -3.92198 -3.92591 -3.92078 -3.91591 -7.35523 -7.35562 -7.35639 -7.35682
5.305 -0.379679 -0.379679 -0.379679 -0.379679 -1.1509 -1.15526 -1.15968 -1.16552 -4.32989 -4.33073 -4.32949 -4.32605 -7.36031 -7.35907 -7.35755 -7.35788
5.325 -0.422412 -0.422412 -0.422412 -0.422412 -2.82075 -2.82514 -2.82374 -2.8193 -4.7544 -4.75501 -4.75442 -4.75368 -5.63563 -5.63426 -5.63425 -5.6351
5.345 -0.568752 -0.568752 -0.568752 -0.568752 -4.03312 -4.03976 -4.03585 -4.02697 -4.73269 -4.73318 -4.73346 -4.73395 -3.50507 -3.50465 -3.50501 -3.50582
5.365 -0.498346 -0.498346 -0.498346 -0.498346 -3.56151 -3.56786 -3.56464 -3.55664 -3.80729 -3.80832 -3.80938 -3.80939 -2.23178 -2.23139 -2.23219 -2.23352
5.385 -0.49718 -0.49718 -0.49718 -0.49718 -1.49285 -1.49467 -1.49483 -1.49432 -2.02716 -2.02809 -2.02939 -2.02853 -1.97747 -1.97686 -1.97617 -1.97587
5.405 -0.292752 -0.292752 -0.292752 -0.292752 0.893565 0.94311 0.93945 0.895489 -0.0162757 -0.0107184 -0.00905911 -0.00277971 -1.74884 -1.74965 -1.75027 -1.7511
5.425 -0.0606717 -0.0606717 -0.0606717 -0.0606717 2.36573 2.42931 2.40708 2.42375 1.69009 1.67331 1.68107 1.68196 -0.453554 -0.446695 -0.442819 -0.442453
5.445 0.36772 0.36772 0.36772 0.36772 1.92792 1.92961 1.93265 1.92513 2.74824 2.73495 2.75521 2.75564 2.16078 2.15197 2.14646 2.14748
5.465 0.807775 0.807775 0.807775 0.807775 0.961264 0.940986 0.935475 0.930733 3.11101 3.12183 3.11452 3.12254 5.14835 5.14883 5.15442 5.16028
5.485 0.978523 0.978523 0.978523 0.978523 1.02269 1.01516 1.00551 1.00874 3.44117 3.44409 3.44565 3.44517 6.93542 6.93673 6.93778 6.93806
5.505 1.12299 1.12299 1.12299 1.12299 1.81757 1.79494 1.81696 1.82256 4.25774 4.26538 4.2587 4.24469 6.63044 6.63055 6.63283 6.63424
5.525 1.24371 1.24371 1.24371 1.24371 3.1162 3.12102 3.13025 3.12646 5.15936 5.16134 5.15568 5.15393 4.99767 4.99607 4.99607 4.99623
5.545 1.34107 1.34107 1.34107 1.34107 4.7669 4.7731 4.77065 4.76551 4.9412 4.94021 4.93921 4.93926 3.6105 3.61087 3.61279 3.61524
5.565 1.35711 1.35711 1.35711 1.35711 4.68662 4.69711 4.70069 4.69164 4.05008 4.04844 4.05066 4.05432 3.10258 3.10132 3.09946 3.09844
5.585 0.921615 0.921615 0.921615 0.921615 2.32249 2.32594 2.32811 2.32655 3.14752 3.14803 3.1481 3.14736 3.15556 3.15619 3.15727 3.15788
5.605 0.266315 0.266315 0.266315 0.266315 -0.370437 -0.375134 -0.372944 -0.365677 1.85106 1.85493 1.85467 1.8503 3.23633 3.23445 3.23336 3.23398
5.625 -0.11281 -0.11281 -0.11281 -0.11281 -1.49331 -1.5299 -1.52474 -1.49973 0.0919363 0.0942211 0.0942238 0.093361 2.5294 2.52982 2.53052 2.53053
5.645 -0.389775 -0.389775 -0.389775 -0.389775 -1.15786 -1.13959 -1.15191 -1.18371 -1.26682 -1.2492 -1.26529 -1.26737 0.353009 0.350951 0.351545 0.354767
5.665 -0.66139 -0.66139 -0.66139 -0.66139 -0.386769 -0.3816 -0.42318 -0.418127 -1.61818 -1.62363 -1.59871 -1.60708 -2.79842 -2.79757 -2.80284 -2.80797
5.685 -0.940056 -0.940056 -0.940056 -0.940056 -0.40344 -0.407895 -0.415759 -0.423126 -2.0236 -2.01251 -2.00442 -2.00036 -5.22708 -5.22694 -5.22432 -5.22282
5.705 -0.550083 -0.550083 -0.550083 -0.550083 -1.42298 -1.42441 -1.41443 -1.41592 -3.33561 -3.32998 -3.32675 -3.32082 -5.67035 -5.67142 -5.67436 -5.67656
5.725 0.399417 0.399417 0.399417 0.399417 -2.7795 -2.77844 -2.7724 -2.76515 -4.93978 -4.94625 -4.94738 -4.94691 -4.77201 -4.77034 -4.77044 -4.77155
5.745 0.65858 0.65858 0.65858 0.65858 -3.43503 -3.44045 -3.43773 -3.43139 -5.40953 -5.41584 -5.41969 -5.41917 -4.15141 -4.15025 -4.15065 -4.15265
5.765 0.676404 0.676404 0.676404 0.676404 -2.77419 -2.78293 -2.78215 -2.77725 -4.32366 -4.32475 -4.32744 -4.32879 -4.45371 -4.45315 -4.45356 -4.45441
5.785 0.470777 0.470777 0.470777 0.470777 -0.916078 -0.918696 -0.919979 -0.920269 -2.66987 -2.66957 -2.66971 -2.67099 -4.73571 -4.73532 -4.73483 -4.73462
5.805 0.224415 0.224415 0.224415 0.224415 0.860392 0.866062 0.865351 0.858337 -1.30309 -1.30477 -1.30352 -1.30132 -3.77542 -3.77503 -3.77479 -3.775
5.825 0.188493 0.188493 0.188493 0.188493 1.29303 1.32709 1.32066 1.32057 -0.136963 -0.127476 -0.125803 -0.125035 -1.36491 -1.364 -1.36327 -1.36307
5.845 0.39758 0.39758 0.39758 0.39758 0.272386 0.299217 0.294714 0.331231 1.28503 1.27836 1.27464 1.2885 1.72463 1.72763 1.73033 1.72964
5.865 0.336921 0.336921 0.336921 0.336921 -0.240929 -0.25942 -0.238771 -0.243622 2.39353 2.41457 2.4025 2.38194 4.56755 4.55998 4.55418 4.55437
5.885 0.385329 0.385329 0.385329 0.385329 0.944263 0.939987 0.931601 0.927746 3.26284 3.26362 3.25515 3.23476 6.13592 6.13789 6.14077 6.1424
5.905 0.42822 0.42822 0.42822 0.42822 2.90712 2.9134 2.90365 2.89789 4.48075 4.47731 4.4755 4.47583 6.01955 6.01919 6.01822 6.01677
5.925 0.306359 0.306359 0.306359 0.306359 3.55762 3.55142 3.51332 3.55575 5.67452 5.68696 5.6759 5.66242 5.05394 5.05239 5.05654 5.062
5.945 0.305436 0.305436 0.305436 0.305436 3.95008 3.93168 3.95192 3.91197 5.55702 5.56158 5.56208 5.56258 4.6531 4.65006 4.64695 4.646
5.965 0.34288 0.34288 0.34288 0.34288 3.45282 3.45818 3.46439 3.44598 4.24342 4.23805 4.23823 4.23821 4.89353 4.89838 4.90572 4.91002
5.985 0.415039 0.415039 0.415039 0.415039 1.64474 1.65877 1.6572 1.66237 3.01529 3.01701 3.02073 3.02341 4.76503 4.76118 4.75545 4.75237
6.005 0.394222 0.394222 0.394222 0.394222 -0.0966691 -0.10886 -0.107888 -0.0987104 2.07623 2.07889 2.07537 2.06988 3.57279 3.57514 3.58053 3.58438
6.025 0.450095 0.450095 0.450095 0.450095 -0.459017 -0.463031 -0.45914 -0.440122 0.742057 0.746199 0.74613 0.743482 1.57199 1.56867 1.56499 1.56435
6.045 0.336881 0.336881 0.336881 0.336881 -0.0568781 -0.0608422 -0.06094 -0.073535 -0.804876 -0.799203 -0.806905 -0.856386 -0.884921 -0.884521 -0.879005 -0.872623
6.065 0.382991 0.382991 0.382991 0.382991 0.19897 0.225829 0.200459 0.202226 -1.90663 -1.89413 -1.90779 -1.93231 -3.30576 -3.30592 -3.3057 -3.30423
6.085 0.425442 0.425442 0.425442 0.425442 -0.506576 -0.503486 -0.502362 -0.522963 -2.6974 -2.69174 -2.69329 -2.68793 -4.95059 -4.94551 -4.93687 -4.9321
6.105 0.403939 0.403939 0.403939 0.403939 -1.72352 -1.72509 -1.7161 -1.71451 -3.61367 -3.61439 -3.59952 -3.58762 -5.2549 -5.25627 -5.26093 -5.26558
6.125 0.243205 0.243205 0.243205 0.243205 -2.61157 -2.61489 -2.61603 -2.61051 -4.52024 -4.52436 -4.5219 -4.51755 -4.66449 -4.66058 -4.65581 -4.65354
6.145 0.143235 0.143235 0.143235 0.143235 -2.81483 -2.82069 -2.81883 -2.81318 -4.60281 -4.60428 -4.60425 -4.60133 -4.10106 -4.10369 -4.10995 -4.11478
6.165 0.114024 0.114024 0.114024 0.114024 -2.24154 -2.24705 -2.24774 -2.2466 -3.60062 -3.60318 -3.60846 -3.61246 -3.97717 -3.9753 -3.97311 -3.97252
6.185 0.0195814 0.0195814 0.0195814 0.0195814 -0.990123 -0.991447 -0.991395 -0.990912 -2.21134 -2.21141 -2.21199 -2.21345 -3.66642 -3.66806 -3.67097 -3.67265
6.205 0.0151435 0.0151435 0.0151435 0.0151435 0.245215 0.247816 0.250493 0.248169 -1.0368 -1.0383 -1.03913 -1.03729 -2.49267 -2.49149 -2.48976 -2.48893
6.225 -0.0721614 -0.0721614 -0.0721614 -0.0721614 0.871809 0.834136 0.831621 0.861976 0.0387605 0.044843 0.0531311 0.0522085 -0.467053 -0.469788 -0.471507 -0.46979
6.245 0.162456 0.162456 0.162456 0.162456 0.228102 0.229914 0.25765 0.254007 1.31494 1.35021 1.35711 1.33992 1.82696 1.82566 1.82825 1.83145
6.265 0.385938 0.385938 0.385938 0.385938 0.0901012 0.0954023 0.108392 0.09913 2.28364 2.29291 2.29738 2.28466 3.87248 3.86831 3.86259 3.86053
6.285 0.370807 0.370807 0.370807 0.370807 1.22263 1.22994 1.22176 1.22114 2.93826 2.92817 2.92021 2.91744 5.00307 5.0036 5.00606 5.00665
6.305 0.23605 0.23605 0.23605 0.23605 2.67815 2.67851 2.67336 2.6642 3.84641 3.8391 3.83352 3.8372 4.92438 4.92393 4.92262 4.92209
6.325 -0.0311274 -0.0311274 -0.0311274 -0.0311274 3.3464 3.34767 3.3484 3.3417 4.81433 4.81439 4.81379 4.81239 4.24481 4.2443 4.24527 4.24719
6.345 -0.224948 -0.224948 -0.224948 -0.224948 2.97293 2.97609 2.97683 2.97288 4.79634 4.80086 4.80334 4.8004 4.04659 4.04544 4.04607 4.0479
6.365 -0.0312101 -0.0312101 -0.0312101 -0.0312101 1.89621 1.89864 1.90016 1.89742 3.52483 3.52656 3.52829 3.52832 4.4227 4.42249 4.42262 4.4231
6.385 0.171228 0.171228 0.171228 0.171228 0.611153 0.611768 0.613387 0.613984 1.98381 1.9825 1.98253 1.98352 4.28906 4.28891 4.2884 4.28794
6.405 0.287239 0.287239 0.287239 0.287239 -0.243268 -0.24866 -0.247426 -0.244319 1.00681 1.00641 1.00566 1.00431 2.75191 2.75232 2.75284 2.753
6.425 0.0827638 0.0827638 0.0827638 0.0827638 -0.413813 -0.374759 -0.387774 -0.412012 0.281778 0.285799 0.294969 0.297653 0.194602 0.197969 0.196054 0.193616
6.445 -0.160828 -0.160828 -0.160828 -0.160828 -0.106377 -0.0924556 -0.0861242 -0.0868338 -0.835753 -0.847879 -0.840045 -0.807598 -2.23769 -2.23781 -2.23522 -2.23997
6.465 -0.32873 -0.32873 -0.32873 -0.32873 -0.13999 -0.14599 -0.126373 -0.143302 -2.25968 -2.27845 -2.27567 -2.2599 -3.80862 -3.8091 -3.81624 -3.8212
6.485 -0.0678595 -0.0678595 -0.0678595 -0.0678595 -1.34292 -1.34203 -1.35092 -1.34402 -3.39719 -3.40554 -3.41395 -3.4202 -4.534 -4.5331 -4.53145 -4.5304
6.505 -0.0492521 -0.0492521 -0.0492521 -0.0492521 -2.82915 -2.83824 -2.84242 -2.83541 -4.12971 -4.12707 -4.13325 -4.14047 -4.66201 -4.66251 -4.66282 -4.66358
6.525 0.0727023 0.0727023 0.0727023 0.0727023 -3.3126 -3.32212 -3.31952 -3.31543 -4.59101 -4.58953 -4.5898 -4.59176 -4.5452 -4.54354 -4.54286 -4.54308
6.545 -0.146299 -0.146299 -0.146299 -0.146299 -2.49661 -2.49793 -2.49722 -2.49729 -4.48513 -4.4879 -4.48561 -4.48152 -4.54664 -4.54442 -4.54293 -4.54343
6.565 -0.516526 -0.516526 -0.516526 -0.516526 -1.39401 -1.39122 -1.39012 -1.39239 -3.46062 -3.46284 -3.46084 -3.45688 -4.61045 -4.60994 -4.6102 -4.61106
6.585 -0.628882 -0.628882 -0.628882 -0.628882 -0.830946 -0.829901 -0.829331 -0.830458 -2.03514 -2.03488 -2.03506 -2.03585 -4.03705 -4.03721 -4.03727 -4.03719
6.605 0.505008 0.505008 0.505008 0.505008 -0.61153 -0.61605 -0.614686 -0.612363 -1.11467 -1.11287 -1.11442 -1.11596 -2.25162 -2.25208 -2.25197 -2.2513
6.625 0.487229 0.487229 0.487229 0.487229 0.0424916 0.0463781 0.0358921 0.0633141 -0.581744 -0.577026 -0.571523 -0.562151 0.198368 0.197062 0.195208 0.194308
6.645 -0.190488 -0.190488 -0.190488 -0.190488 0.39704 0.405567 0.408214 0.418456 0.754593 0.795986 0.808902 0.789468 2.10121 2.0929 2.09224 2.09385
6.665 -0.316534 -0.316534 -0.316534 -0.316534 0.367964 0.365302 0.380762 0.363117 2.64428 2.6568 2.66066 2.64267 3.2062 3.20163 3.19107 3.18685
6.685 -0.213847 -0.213847 -0.213847 -0.213847 1.20609 1.21064 1.20009 1.19499 3.598 3.58802 3.57717 3.56887 4.09369 4.09605 4.1001 4.10151
6.705 0.105238 0.105238 0.105238 0.105238 2.50756 2.51452 2.51051 2.50155 3.59764 3.58917 3.58364 3.5893 4.80098 4.79899 4.79576 4.79397
6.725 0.240865 0.240865 0.240865 0.240865 2.98955 2.99297 2.99572 2.98962 3.81847 3.81436 3.81319 3.81568 4.77941 4.78131 4.78511 4.78783
6.745 0.296146 0.296146 0.296146 0.296146 2.36748 2.36734 2.36906 2.36882 4.2269 4.23215 4.2359 4.23346 4.22433 4.22344 4.22378 4.22519
6.765 -0.0590241 -0.0590241 -0.0590241 -0.0590241 1.62421 1.62352 1.62501 1.62553 3.70067 3.70563 3.70743 3.70422 3.78868 3.78785 3.78834 3.78979
6.785 -0.430973 -0.430973 -0.430973 -0.430973 1.06272 1.06535 1.06574 1.0623 2.1847 2.18354 2.18328 2.18395 3.40711 3.40685 3.40659 3.40658
6.805 -0.699948 -0.699948 -0.699948 -0.699948 0.230304 0.236511 0.238401 0.234151 0.831066 0.830923 0.828819 0.830639 2.29364 2.29428 2.29414 2.29346
6.825 -0.775593 -0.775593 -0.775593 -0.775593 -1.16327 -1.16779 -1.17113 -1.21784 0.00486389 0.00701512 0.0143392 0.0192924 0.295212 0.295738 0.294128 0.292117
6.845 -0.651328 -0.651328 -0.651328 -0.651328 -1.71981 -1.73181 -1.69552 -1.70951 -1.24374 -1.26315 -1.26019 -1.23021 -1.8123 -1.81001 -1.80358 -1.80428
6.865 -0.875111 -0.875111 -0.875111 -0.875111 -1.45701 -1.44677 -1.42948 -1.41894 -3.04113 -3.0547 -3.05061 -3.03812 -3.53678 -3.53688 -3.54119 -3.54396
6.885 -0.98321 -0.98321 -0.98321 -0.98321 -1.69914 -1.68755 -1.68364 -1.67875 -4.2485 -4.25473 -4.25891 -4.2625 -5.05008 -5.04975 -5.05006 -5.05134
6.905 -0.448803 -0.448803 -0.448803 -0.448803 -2.7834 -2.80064 -2.80581 -2.80915 -4.58907 -4.58494 -4.59177 -4.60012 -6.19196 -6.19025 -6.18735 -6.18645
6.925 0.216766 0.216766 0.216766 0.216766 -2.78853 -2.85724 -2.8488 -2.86802 -4.95117 -4.94594 -4.94728 -4.95064 -6.41355 -6.4131 -6.41357 -6.41414
6.945 0.561829 0.561829 0.561829 0.561829 -2.7552 -2.73488 -2.73377 -2.71811 -5.12498 -5.12929 -5.12499 -5.12138 -5.83966 -5.83928 -5.8411 -5.84328
6.965 0.307175 0.307175 0.307175 0.307175 -2.13254 -2.11361 -2.09423 -2.08749 -4.54523 -4.55167 -4.55261 -4.54752 -4.96665 -4.96421 -4.9623 -4.96283
6.985 0.193901 0.193901 0.193901 0.193901 -1.41557 -1.41428 -1.40013 -1.39841 -3.0164 -3.01828 -3.01991 -3.01908 -3.95981 -3.95986 -3.96138 -3.963
7.005 0.260035 0.260035 0.260035 0.260035 -0.602785 -0.606901 -0.61086 -0.610456 -1.24536 -1.24526 -1.24715 -1.2498 -2.4412 -2.44127 -2.44065 -2.43981
7.025 0.345867 0.345867 0.345867 0.345867 0.629782 0.624239 0.598635 0.607514 0.154444 0.166154 0.174522 0.178822 -0.202441 -0.20517 -0.205196 -0.201738
7.045 0.145357 0.145357 0.145357 0.145357 1.12205 1.13534 1.18564 1.13725 1.62041 1.66847 1.68919 1.66449 2.23062 2.22677 2.22722 2.22995
7.065 -0.0906177 -0.0906177 -0.0906177 -0.0906177 1.28566 1.28959 1.31198 1.3169 3.22787 3.23226 3.25165 3.25118 4.33533 4.33029 4.32239 4.31835
7.085 0.017861 0.017861 0.017861 0.017861 1.70997 1.70755 1.7041 1.72455 4.42095 4.41397 4.40601 4.4119 5.8413 5.8409 5.83832 5.83637
7.105 0.157232 0.157232 0.157232 0.157232 2.74901 2.731 2.71749 2.74277 4.84363 4.86574 4.85457 4.83383 6.60887 6.60314 6.60303 6.60571
7.125 -0.0432825 -0.0432825 -0.0432825 -0.0432825 2.86209 2.82512 2.78503 2.83751 5.24134 5.25305 5.2432 5.2224 6.37836 6.37503 6.37266 6.37401
7.145 -0.312216 -0.312216 -0.312216 -0.312216 3.06004 3.0016 2.90727 2.8913 5.19483 5.20004 5.20538 5.19572 5.58461 5.58326 5.58199 5.58328
7.165 -0.575065 -0.575065 -0.575065 -0.575065 2.63798 2.62329 2.58788 2.57271 4.31398 4.31516 4.32018 4.32091 4.67678 4.67934 4.68557 4.69017
7.185 -0.615249 -0.615249 -0.615249 -0.615249 1.44346 1.45448 1.46813 1.45829 2.85774 2.86219 2.87178 2.88081 3.6663 3.66293 3.65709 3.6538
7.205 -0.410449 -0.410449 -0.410449 -0.410449 -0.0804065 -0.0657049 -0.0355884 -0.0190251 1.20755 1.21021 1.20921 1.20685 2.19346 2.19523 2.1994 2.20254
7.225 -0.217418 -0.217418 -0.217418 -0.217418 -1.43831 -1.40575 -1.36153 -1.47053 -0.581015 -0.592699 -0.600624 -0.560199 0.191821 0.19501 0.192926 0.186996
7.245 -0.473238 -0.473238 -0.473238 -0.473238 -1.7349 -1.68203 -1.62724 -1.69732 -2.3579 -2.36794 -2.35302 -2.34065 -2.26243 -2.26372 -2.2585 -2.26184
7.265 -0.672235 -0.672235 -0.672235 -0.672235 -1.7465 -1.6888 -1.67647 -1.64653 -3.78509 -3.76994 -3.75951 -3.7743 -4.80666 -4.80519 -4.80745 -4.80581
7.285 -0.625407 -0.625407 -0.625407 -0.625407 -2.17788 -2.17957 -2.15889 -2.13765 -4.70078 -4.69057 -4.69261 -4.69785 -6.77979 -6.7832 -6.78928 -6.79446
7.305 -0.420861 -0.420861 -0.420861 -0.420861 -1.64454 -1.52157 -1.72901 -1.91 -5.16497 -5.20174 -5.19646 -5.20632 -7.56738 -7.5619 -7.55627 -7.55329
7.325 -0.27256 -0.27256 -0.27256 -0.27256 -1.28561 -1.11171 -1.4543 -1.68383 -5.48666 -5.52038 -5.46442 -5.42152 -7.01236 -7.01051 -7.03324 -7.04993
7.345 -0.0394149 -0.0394149 -0.0394149 -0.0394149 -3.49019 -3.50211 -3.51391 -3.60634 -4.78757 -4.77267 -4.74298 -4.73388 -5.74661 -5.74583 -5.74037 -5.73485
7.365 -0.0590495 -0.0590495 -0.0590495 -0.0590495 -5.25439 -5.35362 -5.27538 -5.17599 -4.10882 -4.07045 -4.0624 -4.07226 -3.87919 -3.89122 -3.90195 -3.90476
7.385 -0.189516 -0.189516 -0.189516 -0.189516 -4.20624 -4.16996 -4.11207 -4.00978 -4.08228 -4.09339 -4.1107 -4.12954 -2.14232 -2.13203 -2.12052 -2.11497
7.405 -0.277338 -0.277338 -0.277338 -0.277338 -1.31291 -1.29753 -1.28216 -1.28405 -3.11923 -3.13377 -3.14293 -3.14181 -1.67422 -1.67882 -1.68769 -1.69343
7.425 0.137241 0.137241 0.137241 0.137241 0.715228 0.743724 0.752222 0.755688 -0.482408 -0.495536 -0.510643 -0.51326 -2.19601 -2.18908 -2.18031 -2.17698
7.445 0.509101 0.509101 0.509101 0.509101 1.56265 1.53314 1.50694 1.43465 1.88591 1.89938 1.89255 1.88859 -1.66997 -1.6716 -1.66877 -1.66479
7.465 0.604188 0.604188 0.604188 0.604188 2.8164 2.95445 2.98956 2.87365 2.22012 2.20667 2.18896 2.21965 1.12473 1.11837 1.10759 1.09744
7.485 0.327583 0.327583 0.327583 0.327583 2.95068 2.90847 2.92714 2.99848 2.49149 2.47571 2.47037 2.45101 4.49702 4.50538 4.50921 4.51259
7.505 0.287118 0.287118 0.287118 0.287118 1.27511 1.21684 1.22626 1.29692 4.21959 4.22251 4.21173 4.19428 6.5496 6.55146 6.55716 6.56017
7.525 0.129235 0.129235 0.129235 0.129235 0.841593 0.790285 0.770503 0.735957 5.30602 5.32897 5.32571 5.29647 7.30491 7.30049 7.30217 7.30831
7.545 0.0963921 0.0963921 0.0963921 0.0963921 0.703189 0.765596 0.788091 0.760366 5.32156 5.35772 5.34088 5.31978 7.05834 7.05426 7.06613 7.07941
7.565 0.158901 0.158901 0.158901 0.158901 3.11518 3.10381 3.14328 3.13901 4.14006 4.14249 4.13967 4.13742 5.98869 5.99237 5.99581 5.99657
7.585 0.372843 0.372843 0.372843 0.372843 5.23505 5.23801 5.2717 5.27266 3.63471 3.62119 3.61017 3.61594 3.74412 3.75014 3.76158 3.76701
7.605 0.71033 0.71033 0.71033 0.71033 4.28037 4.29137 4.2968 4.30078 4.15147 4.15017 4.14879 4.14936 1.43127 1.42825 1.42398 1.42303
7.625 0.626425 0.626425 0.626425 0.626425 1.76927 1.75997 1.75122 1.75133 3.34323 3.34974 3.34768 3.3396 0.864631 0.862839 0.864929 0.868043
7.645 0.465896 0.465896 0.465896 0.465896 -0.242948 -0.199327 -0.178158 -0.131442 0.406771 0.406566 0.406061 0.402202 1.92004 1.9173 1.91296 1.91136
7.665 0.283705 0.283705 0.283705 0.283705 -1.1102 -1.11655 -1.09545 -1.06175 -1.9654 -1.98654 -1.99674 -1.99174 1.96389 1.97122 1.97988 1.98265
7.685 0.176718 0.176718 0.176718 0.176718 -2.13658 -2.12638 -2.14451 -2.15177 -1.74487 -1.71897 -1.74845 -1.74987 -0.500001 -0.507139 -0.523111 -0.531958
7.705 0.324069 0.324069 0.324069 0.324069 -2.0804 -2.14097 -2.23837 -2.24278 -1.16363 -1.1607 -1.18395 -1.20813 -3.74338 -3.73042 -3.70111 -3.68014
7.725 0.426895 0.426895 0.426895 0.426895 -0.452046 -0.495413 -0.515354 -0.527592 -2.63034 -2.63258 -2.61632 -2.60494 -5.20349 -5.20723 -5.21355 -5.21962
7.745 0.367334 0.367334 0.367334 0.367334 0.528739 0.562021 0.571922 0.547836 -4.38642 -4.40213 -4.39438 -4.37079 -5.2155 -5.20498 -5.19815 -5.19895
7.765 0.506755 0.506755 0.506755 0.506755 -0.92779 -0.908036 -0.893012 -0.895251 -4.05278 -4.0542 -4.04853 -4.0405 -4.97363 -4.97511 -4.97743 -4.97859
7.785 0.378683 0.378683 0.378683 0.378683 -3.30302 -3.3023 -3.28105 -3.25484 -2.73329 -2.72645 -2.7292 -2.74045 -4.29208 -4.29593 -4.30097 -4.30336
7.805 0.177032 0.177032 0.177032 0.177032 -3.69065 -3.71072 -3.71156 -3.70694 -2.7384 -2.73451 -2.74271 -2.75507 -2.62523 -2.62477 -2.62027 -2.61544
7.825 -0.0316939 -0.0316939 -0.0316939 -0.0316939 -1.84592 -1.85094 -1.85247 -1.84957 -3.26525 -3.2722 -3.27299 -3.26252 -1.00532 -1.00657 -1.01434 -1.02183
7.845 0.15056 0.15056 0.15056 0.15056 -0.0917336 -0.0618325 -0.0566886 -0.0673115 -1.85654 -1.86673 -1.86923 -1.86481 -0.94806 -0.942067 -0.935213 -0.932599
7.865 0.271692 0.271692 0.271692 0.271692 0.61112 0.605358 0.574515 0.596186 0.917077 0.929917 0.941633 0.933377 -1.4802 -1.48512 -1.49088 -1.49167
7.885 0.276356 0.276356 0.276356 0.276356 1.37134 1.2957 1.2387 1.27586 2.21084 2.21503 2.22227 2.20455 -0.476589 -0.470372 -0.451522 -0.435452
7.905 0.292212 0.292212 0.292212 0.292212 2.40131 2.33 2.35448 2.35462 1.51887 1.54173 1.55236 1.57961 2.31946 2.31377 2.30335 2.29433
7.925 0.29316 0.29316 0.29316 0.29316 1.9738 2.02033 2.0454 2.07601 1.90592 1.89629 1.90736 1.91848 4.47916 4.47806 4.47463 4.47138
7.945 0.292545 0.292545 0.292545 0.292545 0.57476 0.5946 0.616038 0.622804 3.75184 3.75327 3.74892 3.7403 5.03633 5.03271 5.0282 5.02661
7.965 0.29929 0.29929 0.29929 0.29929 0.769378 0.763072 0.772568 0.769287 4.67697 4.68202 4.67152 4.65756 4.95729 4.95332 4.95227 4.95457
7.985 0.230841 0.230841 0.230841 0.230841 2.49167 2.48538 2.47829 2.47914 3.75268 3.75207 3.74828 3.74311 4.92174 4.92011 4.91829 4.91807
8.005 0.143197 0.143197 0.143197 0.143197 3.99137 3.99084 3.97118 3.94935 3.00483 2.9951 2.9962 3.00601 4.18529 4.1907 4.19563 4.19599
8.025 -0.0715606 -0.0715606 -0.0715606 -0.0715606 3.02153 3.03079 3.03006 3.02211 3.53292 3.53655 3.54262 3.54528 2.68282 2.67927 2.67476 2.67327
8.045 -0.30663 -0.30663 -0.30663 -0.30663 1.0168 1.00502 1.00333 1.00568 3.41503 3.4226 3.42182 3.41334 1.7857 1.78697 1.79304 1.79901
8.065 -0.40233 -0.40233 -0.40233 -0.40233 -0.281435 -0.275776 -0.257189 -0.227769 1.18956 1.19266 1.19496 1.18942 2.0573 2.05247 2.04595 2.0435
8.085 -0.473223 -0.473223 -0.473223 -0.473223 -0.562477 -0.512468 -0.538193 -0.562452 -1.23187 -1.24938 -1.24303 -1.23903 1.77817 1.78403 1.78721 1.78661
8.105 -0.0217174 -0.0217174 -0.0217174 -0.0217174 -1.05745 -1.06764 -1.12217 -1.21646 -1.65255 -1.65599 -1.66098 -1.64146 -0.440751 -0.432303 -0.42252 -0.42085
8.125 0.0659958 0.0659958 0.0659958 0.0659958 -1.70926 -1.74131 -1.74267 -1.80897 -1.16118 -1.13923 -1.13158 -1.12442 -3.42094 -3.42873 -3.43166 -3.42793
8.145 -0.00289052 -0.00289052 -0.00289052 -0.00289052 -1.25421 -1.19953 -1.16219 -1.09168 -2.34641 -2.33952 -2.32414 -2.33074 -4.86146 -4.86665 -4.8747 -4.87739
8.165 -0.167732 -0.167732 -0.167732 -0.167732 -0.455669 -0.439291 -0.402337 -0.391178 -4.29121 -4.3005 -4.30275 -4.29434 -4.82685 -4.82574 -4.82692 -4.83135
8.185 -0.227303 -0.227303 -0.227303 -0.227303 -1.58631 -1.58778 -1.56694 -1.56785 -4.57047 -4.58107 -4.59032 -4.58668 -4.65968 -4.65754 -4.65972 -4.66427
8.205 -0.452237 -0.452237 -0.452237 -0.452237 -3.48879 -3.49658 -3.51225 -3.5146 -3.43973 -3.44078 -3.44487 -3.45059 -4.60818 -4.61006 -4.61233 -4.61276
8.225 -0.456279 -0.456279 -0.456279 -0.456279 -4.21048 -4.23298 -4.25736 -4.25825 -3.18146 -3.17386 -3.17455 -3.18469 -3.80791 -3.80755 -3.8025 -3.79695
8.245 -0.365954 -0.365954 -0.365954 -0.365954 -2.61626 -2.61836 -2.61588 -2.61536 -3.89753 -3.89938 -3.89418 -3.88626 -2.56957 -2.56996 -2.57485 -2.5799
8.265 0.0775299 0.0775299 0.0775299 0.0775299 -0.740989 -0.736036 -0.737156 -0.751865 -3.27834 -3.28623 -3.28638 -3.27879 -2.2996 -2.29386 -2.28739 -2.28561
8.285 0.140259 0.140259 0.140259 0.140259 0.072472 0.0987032 0.115524 0.126966 -0.867984 -0.869053 -0.866937 -0.864684 -2.72605 -2.72938 -2.73602 -2.74009
8.305 0.149377 0.149377 0.149377 0.149377 0.282677 0.30098 0.261148 0.233699 0.922252 0.940889 0.946209 0.941162 -1.99115 -1.99252 -1.98846 -1.98371
8.325 0.0371052 0.0371052 0.0371052 0.0371052 0.672521 0.708737 0.683758 0.646264 0.882155 0.84554 0.867575 0.865304 0.61562 0.614209 0.618387 0.622231
8.345 -0.334115 -0.334115 -0.334115 -0.334115 1.0248 1.14812 1.15704 1.24272 0.55898 0.543887 0.54407 0.547953 3.36447 3.3563 3.33443 3.32249
8.365 -0.647283 -0.647283 -0.647283 -0.647283 0.748238 0.693142 0.685883 0.661337 2.17771 2.18014 2.16087 2.15907 4.22845 4.23575 4.25068 4.25787
8.385 -0.776927 -0.776927 -0.776927 -0.776927 0.341852 0.285641 0.238268 0.202791 4.13273 4.14584 4.155 4.14667 3.96355 3.9592 3.95338 3.95201
8.405 -0.763581 -0.763581 -0.763581 -0.763581 1.39236 1.39232 1.36791 1.37418 4.04919 4.05409 4.06037 4.05492 4.00109 4.00012 4.00395 4.01001
8.425 -1.00332 -1.00332 -1.00332 -1.00332 2.85345 2.86304 2.86271 2.84347 2.68378 2.67873 2.68398 2.69775 4.23361 4.23663 4.23661 4.23333
8.445 -1.12536 -1.12536 -1.12536 -1.12536 2.38179 2.40433 2.42694 2.42113 2.4751 2.47014 2.4708 2.47725 3.44137 3.43965 3.43711 3.43576
8.465 -1.06431 -1.06431 -1.06431 -1.06431 0.279334 0.276896 0.285317 0.297106 2.84579 2.85078 2.84744 2.83671 2.08488 2.08336 2.08376 2.08592
8.485 -0.906015 -0.906015 -0.906015 -0.906015 -0.975563 -0.956241 -0.945085 -0.938439 1.49372 1.49914 1.49478 1.48631 1.36593 1.36178 1.35857 1.35842
8.505 -0.664382 -0.664382 -0.664382 -0.664382 -0.699266 -0.722523 -0.631861 -0.627686 -1.21621 -1.22223 -1.23987 -1.2165 0.827204 0.833929 0.841103 0.842886
8.525 -0.525203 -0.525203 -0.525203 -0.525203 -0.832927 -0.800348 -0.806813 -0.724648 -2.37138 -2.39357 -2.37448 -2.37105 -1.01285 -1.02221 -1.04022 -1.04774
8.545 -0.569917 -0.569917 -0.569917 -0.569917 -1.64282 -1.69928 -1.77695 -1.76486 -2.01712 -2.01029 -2.01916 -2.04736 -3.84296 -3.83381 -3.81049 -3.79383
8.565 -0.457079 -0.457079 -0.457079 -0.457079 -1.93464 -1.9866 -2.00681 -2.02704 -2.61171 -2.59503 -2.59279 -2.59908 -5.42016 -5.42276 -5.42913 -5.43375
8.585 -0.3539 -0.3539 -0.3539 -0.3539 -1.67718 -1.65891 -1.6681 -1.69067 -4.4645 -4.47264 -4.46976 -4.46054 -5.29254 -5.28661 -5.28371 -5.28527
8.605 -0.340971 -0.340971 -0.340971 -0.340971 -2.19331 -2.17877 -2.17257 -2.18064 -5.35494 -5.36319 -5.35877 -5.3482 -4.82903 -4.82898 -4.82945 -4.83027
8.625 -0.312258 -0.312258 -0.312258 -0.312258 -3.54411 -3.54609 -3.52239 -3.48891 -4.41814 -4.41641 -4.41654 -4.41958 -4.86556 -4.86703 -4.87088 -4.87386
8.645 -0.111118 -0.111118 -0.111118 -0.111118 -4.11562 -4.13346 -4.13519 -4.1215 -3.46285 -3.45444 -3.45717 -3.46971 -4.6672 -4.66889 -4.66703 -4.66288
8.665 -0.0164185 -0.0164185 -0.0164185 -0.0164185 -2.4608 -2.46655 -2.46999 -2.47265 -3.66216 -3.66418 -3.66491 -3.66409 -3.65568 -3.65604 -3.6596 -3.6634
8.685 0.0657986 0.0657986 0.0657986 0.0657986 -0.386977 -0.385096 -0.395149 -0.415341 -3.29445 -3.30373 -3.30432 -3.2963 -2.76254 -2.75897 -2.75634 -2.75676
8.705 0.071395 0.071395 0.071395 0.071395 0.199716 0.216414 0.225478 0.227614 -1.16417 -1.16694 -1.16558 -1.15982 -2.34022 -2.34127 -2.3445 -2.34694
8.725 -0.128727 -0.128727 -0.128727 -0.128727 -0.280438 -0.283502 -0.303215 -0.260757 0.98805 1.00762 1.01828 1.00148 -1.20837 -1.21283 -1.21083 -1.20429
8.745 -0.166347 -0.166347 -0.166347 -0.166347 -0.118239 -0.0493091 -0.0361021 -0.0826127 1.26496 1.29443 1.2893 1.30829 1.34477 1.34825 1.35198 1.35171
8.765 -0.0458945 -0.0458945 -0.0458945 -0.0458945 0.985647 1.12132 1.22814 1.29693 0.917113 0.889598 0.890155 0.87877 3.95735 3.94531 3.91625 3.89707
8.785 0.0728502 0.0728502 0.0728502 0.0728502 1.72975 1.69536 1.69473 1.67495 2.43985 2.41957 2.38469 2.37208 4.50916 4.51709 4.53703 4.54898
8.805 0.138477 0.138477 0.138477 0.138477 1.71238 1.65191 1.57166 1.52634 4.69863 4.70732 4.70412 4.6979 3.89262 3.88919 3.88451 3.88449
8.825 0.109073 0.109073 0.109073 0.109073 2.52089 2.50625 2.47049 2.47318 4.9909 4.99923 5.00745 5.00074 3.93624 3.93734 3.94461 3.95269
8.845 0.280605 0.280605 0.280605 0.280605 3.72787 3.72778 3.72116 3.69957 3.53745 3.53751 3.55113 3.56666 4.81347 4.81883 4.82065 4.81895
8.865 0.571136 0.571136 0.571136 0.571136 3.34781 3.37363 3.39597 3.39839 3.09765 3.09509 3.1017 3.11212 4.82217 4.81921 4.81477 4.81187
8.885 0.714632 0.714632 0.714632 0.714632 1.47858 1.47358 1.48202 1.49589 3.82093 3.8241 3.81921 3.80943 3.74856 3.74876 3.75175 3.755
8.905 0.851675 0.851675 0.851675 0.851675 0.521783 0.514772 0.517167 0.52257 3.27369 3.28016 3.27692 3.26631 2.88334 2.87772 2.87212 2.8714
8.925 0.912602 0.912602 0.912602 0.912602 1.14754 1.14881 1.14687 1.14571 1.11281 1.10886 1.10542 1.10567 2.38102 2.38313 2.38551 2.3861
8.945 0.815589 0.815589 0.815589 0.815589 1.64144 1.63032 1.63042 1.62352 -0.272465 -0.27866 -0.27242 -0.268853 1.06038 1.06254 1.06064 1.05527
8.965 0.661469 0.661469 0.661469 0.661469 1.03908 0.976936 0.97391 1.04128 0.0281052 0.0466215 0.0448083 0.0238802 -1.19185 -1.1934 -1.1933 -1.18841
8.985 0.690283 0.690283 0.690283 0.690283 -0.146691 -0.157766 -0.175336 -0.166244 0.162774 0.187136 0.178407 0.180372 -2.64758 -2.64824 -2.63882 -2.6324
9.005 0.492945 0.492945 0.492945 0.492945 -0.778051 -0.749823 -0.717938 -0.684281 -1.43405 -1.42949 -1.41861 -1.42048 -2.29744 -2.30653 -2.32462 -2.33461
9.025 0.236791 0.236791 0.236791 0.236791 -1.23815 -1.25048 -1.29327 -1.36159 -3.17387 -3.18314 -3.1797 -3.17326 -1.51144 -1.50765 -1.50607 -1.5085
9.045 0.131646 0.131646 0.131646 0.131646 -2.07439 -2.08672 -2.12493 -2.15172 -3.06352 -3.06408 -3.05963 -3.05269 -1.88059 -1.88421 -1.89152 -1.89635
9.065 0.0112428 0.0112428 0.0112428 0.0112428 -2.53613 -2.54686 -2.54729 -2.52903 -1.97301 -1.9652 -1.96509 -1.9729 -3.02931 -3.0294 -3.02766 -3.02551
9.085 0.0373936 0.0373936 0.0373936 0.0373936 -1.44451 -1.45289 -1.4379 -1.42299 -1.8792 -1.87369 -1.87198 -1.8763 -3.44816 -3.45028 -3.45124 -3.45
9.105 0.0637552 0.0637552 0.0637552 0.0637552 0.0908854 0.104665 0.120411 0.123748 -2.45829 -2.46649 -2.4685 -2.46301 -2.8955 -2.8923 -2.89162 -2.89418
9.125 0.0591223 0.0591223 0.0591223 0.0591223 0.298602 0.313047 0.315218 0.304903 -1.92492 -1.93339 -1.93458 -1.92937 -2.22965 -2.22841 -2.22836 -2.22938
9.145 0.274858 0.274858 0.274858 0.274858 -0.723446 -0.727755 -0.724613 -0.731407 -0.450455 -0.440212 -0.444555 -0.448111 -1.47441 -1.47407 -1.47286 -1.47161
9.165 0.508494 0.508494 0.508494 0.508494 -1.19623 -1.20432 -1.2008 -1.16976 0.322642 0.329143 0.325376 0.323335 -0.0597734 -0.0596102 -0.0590999 -0.0586856
9.185 0.477953 0.477953 0.477953 0.477953 -0.0799673 -0.0552741 -0.0480206 -0.05504 0.0383789 0.0388275 0.042694 0.0357978 1.6349 1.63587 1.64214 1.64517
9.205 0.378084 0.378084 0.378084 0.378084 1.24837 1.26062 1.2284 1.24987 0.554049 0.551424 0.558578 0.557169 2.31651 2.311 2.30013 2.29611
9.225 0.230129 0.230129 0.230129 0.230129 1.89347 1.88517 1.82822 1.80624 2.41956 2.41934 2.41341 2.41362 1.84363 1.84967 1.86009 1.86521
9.245 0.246902 0.246902 0.246902 0.246902 2.01209 1.99864 1.99073 1.95596 3.66701 3.67814 3.68408 3.68422 1.84079 1.83532 1.82946 1.82797
9.265 0.217701 0.217701 0.217701 0.217701 2.2583 2.26201 2.26492 2.26494 3.13207 3.13336 3.13751 3.13736 3.07435 3.07442 3.07576 3.07785
9.285 0.255525 0.255525 0.255525 0.255525 2.04657 2.05889 2.06622 2.06777 2.24516 2.23975 2.24132 2.24792 4.36578 4.36657 4.3651 4.3623
9.305 0.349893 0.349893 0.349893 0.349893 1.02635 1.03121 1.04236 1.04771 2.52424 2.52287 2.52088 2.5199 4.2957 4.29419 4.29218 4.29127
9.325 0.344256 0.344256 0.344256 0.344256 0.407485 0.396132 0.39569 0.401228 2.99897 3.00361 3.00028 2.99112 3.20507 3.20431 3.20588 3.20853
9.345 0.286006 0.286006 0.286006 0.286006 1.07527 1.07384 1.07214 1.07092 2.23544 2.23803 2.23836 2.23532 2.14485 2.14265 2.14084 2.14093
9.365 0.22475 0.22475 0.22475 0.22475 1.92323 1.92799 1.92746 1.91758 0.893636 0.888278 0.886316 0.898419 1.19743 1.20001 1.20207 1.20227
9.385 0.129407 0.129407 0.129407 0.129407 1.50012 1.49064 1.47702 1.51725 0.302715 0.308441 0.309679 0.319309 0.0116777 0.01045 0.00822799 0.00519993
9.405 -0.0614422 -0.0614422 -0.0614422 -0.0614422 -0.0195505 -0.0257532 -0.00659456 0.0251389 0.170622 0.173603 0.173232 0.163819 -1.02898 -1.02701 -1.02206 -1.01606
9.425 -0.122692 -0.122692 -0.122692 -0.122692 -1.28922 -1.26635 -1.2852 -1.39472 -0.683447 -0.682329 -0.678057 -0.665661 -1.2824 -1.28473 -1.28864 -1.29246
9.445 -0.0564972 -0.0564972 -0.0564972 -0.0564972 -1.75083 -1.77668 -1.81874 -1.85998 -2.19326 -2.1953 -2.18895 -2.18579 -1.18311 -1.17919 -1.17264 -1.16778
9.465 -0.123145 -0.123145 -0.123145 -0.123145 -1.82543 -1.80838 -1.79428 -1.76151 -2.97803 -2.98214 -2.98273 -2.97284 -1.73319 -1.73387 -1.73819 -1.74264
9.485 -0.129819 -0.129819 -0.129819 -0.129819 -1.69979 -1.68964 -1.65717 -1.6442 -2.54689 -2.55021 -2.55609 -2.55504 -3.15404 -3.15224 -3.15075 -3.15045
9.505 -0.123324 -0.123324 -0.123324 -0.123324 -1.35225 -1.35124 -1.33499 -1.32881 -2.10818 -2.10849 -2.112 -2.11844 -4.19369 -4.19464 -4.19491 -4.19436
9.525 -0.271986 -0.271986 -0.271986 -0.271986 -0.765104 -0.761754 -0.764174 -0.765136 -2.46962 -2.47329 -2.47584 -2.47659 -3.94651 -3.94636 -3.94746 -3.94895
9.545 -0.421409 -0.421409 -0.421409 -0.421409 -0.788939 -0.791789 -0.804003 -0.819407 -2.7664 -2.77123 -2.7726 -2.76908 -2.88833 -2.88562 -2.88233 -2.88108
9.565 -0.337035 -0.337035 -0.337035 -0.337035 -1.62163 -1.62655 -1.62707 -1.62481 -2.13168 -2.13106 -2.1281 -2.12455 -1.86224 -1.8627 -1.86546 -1.86805
9.585 0.0700821 0.0700821 0.0700821 0.0700821 -2.06614 -2.07545 -2.07622 -2.07198 -1.17419 -1.16413 -1.16492 -1.16854 -1.05207 -1.05112 -1.04776 -1.04462
9.605 0.44276 0.44276 0.44276 0.44276 -1.12199 -1.1228 -1.11927 -1.11975 -0.684097 -0.680234 -0.675312 -0.676434 -0.251106 -0.254549 -0.259816 -0.260599
9.625 0.242469 0.242469 0.242469 0.242469 0.515616 0.591849 0.617637 0.594988 -0.178106 -0.189663 -0.197856 -0.197342 0.265987 0.268767 0.274415 0.276534
9.645 -0.12673 -0.12673 -0.12673 -0.12673 1.61482 1.61148 1.62637 1.65598 0.974747 0.973596 0.966984 0.9679 0.468302 0.467196 0.463779 0.461461
9.665 -0.151667 -0.151667 -0.151667 -0.151667 1.80078 1.72735 1.74499 1.78492 2.20387 2.20825 2.20024 2.18707 0.965318 0.96913 0.97774 0.984355
9.685 -0.140304 -0.140304 -0.140304 -0.140304 1.29915 1.28681 1.28422 1.29324 2.57948 2.58582 2.58055 2.5844 2.29944 2.2961 2.29036 2.28676
9.705 -0.213065 -0.213065 -0.213065 -0.213065 0.824086 0.828812 0.818975 0.814609 2.22063 2.21783 2.21795 2.2161 3.83789 3.83982 3.84427 3.84739
9.725 -0.107681 -0.107681 -0.107681 -0.107681 0.570807 0.574918 0.57602 0.567705 2.09829 2.09884 2.10372 2.1053 4.41051 4.40844 4.40504 4.40326
9.745 -0.0282476 -0.0282476 -0.0282476 -0.0282476 0.683085 0.679071 0.680635 0.683535 2.48836 2.4925 2.49315 2.49068 3.59591 3.59435 3.59334 3.59362
9.765 -0.16444 -0.16444 -0.16444 -0.16444 1.33902 1.33588 1.33627 1.33767 2.56935 2.57109 2.56995 2.56689 2.2066 2.20653 2.20753 2.20867
9.785 -0.268949 -0.268949 -0.268949 -0.268949 1.88286 1.88927 1.89093 1.88446 1.86973 1.86702 1.8682 1.86958 1.14216 1.13988 1.13634 1.13465
9.805 -0.247332 -0.247332 -0.247332 -0.247332 1.42646 1.43365 1.43555 1.43775 0.886275 0.882111 0.877744 0.879552 0.533482 0.535832 0.538561 0.539844
9.825 -0.116578 -0.116578 -0.116578 -0.116578 0.0699419 0.093701 0.10058 0.103458 0.0294485 0.0316787 0.0340712 0.0307847 0.122024 0.119132 0.11485 0.113912
9.845 0.0285239 0.0285239 0.0285239 0.0285239 -1.2184 -1.28613 -1.30543 -1.274 -0.762333 -0.755174 -0.756211 -0.755323 -0.364759 -0.362293 -0.355992 -0.351414
9.865 0.107857 0.107857 0.107857 0.107857 -1.80248 -1.82656 -1.81987 -1.79513 -1.58067 -1.58364 -1.57932 -1.57228 -1.07467 -1.0776 -1.08243 -1.08524
9.885 0.0568224 0.0568224 0.0568224 0.0568224 -1.51857 -1.48977 -1.45337 -1.43363 -2.32043 -2.3235 -2.32519 -2.32985 -2.09594 -2.09558 -2.09571 -2.096
9.905 -0.0631408 -0.0631408 -0.0631408 -0.0631408 -0.856935 -0.837867 -0.822034 -0.826822 -2.54106 -2.54114 -2.54562 -2.54269 -3.31008 -3.31063 -3.31165 -3.31403
9.925 -0.221133 -0.221133 -0.221133 -0.221133 -0.781367 -0.780614 -0.780349 -0.78652 -2.37736 -2.37938 -2.38077 -2.38195 -4.10054 -4.0994 -4.09954 -4.10007
9.945 -0.302239 -0.302239 -0.302239 -0.302239 -1.13295 -1.13848 -1.14741 -1.15331 -2.36838 -2.37041 -2.37 -2.36921 -3.87814 -3.87866 -3.87965 -3.88052
9.965 -0.35554 -0.35554 -0.35554 -0.35554 -1.73574 -1.74339 -1.75231 -1.75709 -2.61015 -2.61059 -2.61071 -2.61036 -2.78236 -2.78099 -2.77854 -2.77703
9.985 -0.404545 -0.404545 -0.404545 -0.404545 -2.08165 -2.08426 -2.08049 -2.07583 -2.53126 -2.53177 -2.52971 -2.52587 -1.64177 -1.64221 -1.64535 -1.64819
10.005 -0.425005 -0.425005 -0.425005 -0.425005 -1.91893 -1.9222 -1.92193 -1.92183 -1.80771 -1.80772 -1.80933 -1.80998 -1.11732 -1.11544 -1.1117 -1.10938
10.025 -0.41905 -0.41905 -0.41905 -0.41905 -1.0685 -1.04796 -1.02879 -1.01235 -0.82209 -0.822637 -0.824469 -0.826093 -0.999331 -1.00182 -1.00613 -1.00833
10.045 -0.522902 -0.522902 -0.522902 -0.522902 0.109755 0.0934155 0.0935869 0.1045 -0.0762878 -0.0751058 -0.0759661 -0.080451 -0.754209 -0.752402 -0.748594 -0.746338
10.065 -0.364956 -0.364956 -0.364956 -0.364956 0.933406 0.870008 0.87193 0.88858 0.476556 0.472597 0.477036 0.472441 -0.0980165 -0.0957787 -0.0929615 -0.0918677
10.085 -0.146193 -0.146193 -0.146193 -0.146193 0.865239 0.877247 0.863934 0.871127 0.931228 0.927674 0.935353 0.944868 0.904652 0.905505 0.901434 0.89805
10.105 0.241345 0.241345 0.241345 0.241345 0.529186 0.5725 0.602654 0.579334 1.36364 1.36236 1.36356 1.37244 1.91738 1.91561 1.91408 1.9129
10.125 0.454968 0.454968 0.454968 0.454968 0.509205 0.510798 0.527963 0.522529 1.69927 1.70288 1.70047 1.69399 2.62097 2.61828 2.61579 2.61559
10.145 0.431144 0.431144 0.431144 0.431144 1.01012 1.00149 0.992911 0.999986 1.95196 1.94951 1.94618 1.93932 2.79653 2.79773 2.79922 2.80023
10.165 0.360974 0.360974 0.360974 0.360974 1.63739 1.63535 1.63114 1.63111 2.2015 2.20082 2.19913 2.19902 2.49225 2.49124 2.4902 2.48973
10.185 0.231142 0.231142 0.231142 0.231142 1.96482 1.96068 1.95592 1.94662 2.37263 2.37216 2.37221 2.37369 2.04697 2.04861 2.05126 2.05279
10.205 0.00436496 0.00436496 0.00436496 0.00436496 1.67503 1.68077 1.68369 1.68004 2.21194 2.2141 2.21678 2.21745 1.84397 1.84235 1.84092 1.84093
10.225 -0.00695654 -0.00695654 -0.00695654 -0.00695654 0.914366 0.914398 0.915706 0.915948 1.6465 1.64719 1.64747 1.64666 1.90196 1.90243 1.90356 1.90436
10.245 0.117486 0.117486 0.117486 0.117486 0.0956803 0.110105 0.119133 0.136489 0.887829 0.887985 0.886261 0.883612 1.8267 1.82591 1.82459 1.82393
10.265 0.165719 0.165719 0.165719 0.165719 -0.259954 -0.249791 -0.226026 -0.192935 0.25801 0.256412 0.253757 0.253445 1.18346 1.18393 1.18503 1.18521
10.285 0.0841453 0.0841453 0.0841453 0.0841453 -0.192011 -0.201041 -0.20228 -0.190128 -0.183804 -0.193842 -0.192334 -0.184486 -0.00601497 -0.00584087 -0.00537392 -0.00512648
10.305 0.0615369 0.0615369 0.0615369 0.0615369 -0.00180671 0.00108717 -0.00976653 -0.0377275 -0.517073 -0.521752 -0.518538 -0.511996 -1.29728 -1.29632 -1.29673 -1.29684
10.325 -0.0269949 -0.0269949 -0.0269949 -0.0269949 -0.0726228 -0.0589085 -0.0643885 -0.0619362 -0.982642 -0.979522 -0.978259 -0.983558 -2.11337 -2.11395 -2.11519 -2.11757
10.345 -0.145238 -0.145238 -0.145238 -0.145238 -0.51757 -0.527557 -0.534723 -0.546185 -1.59427 -1.59379 -1.59492 -1.59241 -2.26943 -2.26958 -2.27053 -2.27168
10.365 -0.133009 -0.133009 -0.133009 -0.133009 -1.32798 -1.33256 -1.33262 -1.3292 -2.0488 -2.05076 -2.05185 -2.05109 -2.06042 -2.05951 -2.05791 -2.05655
10.385 -0.0195864 -0.0195864 -0.0195864 -0.0195864 -1.93548 -1.93814 -1.93326 -1.92188 -2.19265 -2.1928 -2.19192 -2.1926 -1.89038 -1.89045 -1.89148 -1.89258
10.405 0.0873659 0.0873659 0.0873659 0.0873659 -1.80829 -1.81432 -1.81433 -1.81326 -2.11435 -2.11343 -2.11387 -2.11507 -1.94148 -1.94105 -1.93979 -1.93874
10.425 0.0640034 0.0640034 0.0640034 0.0640034 -0.996528 -0.996698 -0.993989 -0.992994 -1.86072 -1.86195 -1.86234 -1.86136 -2.10788 -2.10727 -2.10782 -2.10908
10.445 0.117245 0.117245 0.117245 0.117245 -0.138215 -0.12972 -0.128109 -0.132205 -1.34076 -1.34369 -1.34404 -1.34289 -2.16433 -2.16418 -2.16428 -2.16439
10.465 0.156729 0.156729 0.156729 0.156729 0.217354 0.218326 0.2092 0.189702 -0.679773 -0.680183 -0.679464 -0.677883 -1.74274 -1.74191 -1.74134 -1.74158
10.485 0.166905 0.166905 0.166905 0.166905 0.102931 0.0895729 0.095575 0.124585 -0.139559 -0.131746 -0.130726 -0.136025 -0.70518 -0.707814 -0.710089 -0.710387
10.505 0.141756 0.141756 0.141756 0.141756 -0.082286 -0.123315 -0.0981659 -0.0847207 0.289208 0.279861 0.277746 0.281492 0.662652 0.664187 0.667115 0.66868
10.525 0.16929 0.16929 0.16929 0.16929 0.00742594 0.0149969 0.00612704 0.0244096 0.636832 0.635245 0.638628 0.640535 1.79221 1.79215 1.7886 1.78592
10.545 0.133249 0.133249 0.133249 0.133249 0.456867 0.498542 0.531789 0.535061 1.30666 1.30444 1.30076 1.29994 2.22114 2.22105 2.2209 2.22014
10.565 -0.0337042 -0.0337042 -0.0337042 -0.0337042 1.21912 1.20922 1.2253 1.21138 2.06848 2.0694 2.06582 2.06285 2.11737 2.11673 2.11859 2.12115
10.585 -0.0982239 -0.0982239 -0.0982239 -0.0982239 1.79561 1.78371 1.75994 1.75124 2.46455 2.46438 2.46541 2.46451 2.05188 2.05278 2.05359 2.05428
10.605 -0.1254 -0.1254 -0.1254 -0.1254 1.83474 1.83351 1.82119 1.81639 2.35691 2.35705 2.35863 2.3596 2.28385 2.28343 2.28376 2.28446
10.625 -0.0756881 -0.0756881 -0.0756881 -0.0756881 1.24874 1.24644 1.24662 1.24032 2.02305 2.02347 2.02497 2.02675 2.59134 2.59182 2.59234 2.59241
10.645 -0.0635546 -0.0635546 -0.0635546 -0.0635546 0.420114 0.423004 0.430122 0.432494 1.65901 1.6607 1.66189 1.66085 2.57028 2.56878 2.5674 2.56725
10.665 -0.0463042 -0.0463042 -0.0463042 -0.0463042 -0.0171351 -0.0149881 -0.00404895 0.00929543 1.18089 1.18117 1.18013 1.17651 2.03444 2.03401 2.03401 2.03448
10.685 -0.0268025 -0.0268025 -0.0268025 -0.0268025 0.196291 0.193691 0.173199 0.179784 0.560246 0.560426 0.563586 0.560255 1.02296 1.02223 1.0212 1.02084
10.705 -0.00229497 -0.00229497 -0.00229497 -0.00229497 0.526675 0.488618 0.472037 0.466445 -0.0393533 -0.0477958 -0.0490536 -0.044754 -0.244592 -0.242219 -0.239448 -0.237859
10.725 0.00332282 0.00332282 0.00332282 0.00332282 0.274968 0.245261 0.233455 0.252412 -0.436133 -0.439436 -0.437827 -0.434673 -1.39792 -1.39536 -1.39238 -1.39344
10.745 -0.0186466 -0.0186466 -0.0186466 -0.0186466 -0.351651 -0.366724 -0.362685 -0.333474 -0.961427 -0.956419 -0.954327 -0.96276 -1.97122 -1.97248 -1.97533 -1.97651
10.765 -0.0439876 -0.0439876 -0.0439876 -0.0439876 -1.07356 -1.08887 -1.12636 -1.14084 -1.74892 -1.74566 -1.74397 -1.74491 -1.95724 -1.95665 -1.95546 -1.95467
10.785 -0.042704 -0.042704 -0.042704 -0.042704 -1.66629 -1.66091 -1.66889 -1.67963 -2.34886 -2.35146 -2.34894 -2.34427 -1.8477 -1.84819 -1.85016 -1.85201
10.805 -0.0175583 -0.0175583 -0.0175583 -0.0175583 -1.8854 -1.8809 -1.86885 -1.86612 -2.39399 -2.39627 -2.39739 -2.3961 -2.10655 -2.1048 -2.10351 -2.10361
10.825 -0.0214336 -0.0214336 -0.0214336 -0.0214336 -1.5171 -1.52099 -1.51562 -1.50951 -2.09665 -2.09533 -2.09515 -2.09636 -2.5715 -2.57323 -2.57473 -2.5748
10.845 -0.0374672 -0.0374672 -0.0374672 -0.0374672 -0.769798 -0.766844 -0.762238 -0.757952 -1.83379 -1.83584 -1.83809 -1.83939 -2.75219 -2.75065 -2.74937 -2.74949
10.865 -0.0475579 -0.0475579 -0.0475579 -0.0475579 -0.182658 -0.183724 -0.186084 -0.192188 -1.55138 -1.55341 -1.55362 -1.55186 -2.41053 -2.41084 -2.41182 -2.41258
10.885 -0.0338954 -0.0338954 -0.0338954 -0.0338954 -0.241802 -0.241161 -0.246409 -0.238038 -1.0528 -1.05429 -1.05529 -1.05395 -1.59445 -1.5936 -1.59299 -1.59315
10.905 -0.0289566 -0.0289566 -0.0289566 -0.0289566 -0.618146 -0.603518 -0.605402 -0.61285 -0.440502 -0.432707 -0.431504 -0.43301 -0.48636 -0.487926 -0.489231 -0.489377
10.925 -0.0334031 -0.0334031 -0.0334031 -0.0334031 -0.70112 -0.680496 -0.685545 -0.688539 0.112389 0.110515 0.107655 0.10871 0.63651 0.63729 0.640494 0.64265
10.945 -0.028714 -0.028714 -0.028714 -0.028714 0.00428074 -0.000896057 0.00369203 0.0142334 0.466126 0.455175 0.454262 0.464719 1.45891 1.46148 1.46251 1.46215
10.965 -0.0129066 -0.0129066 -0.0129066 -0.0129066 0.818074 0.81002 0.789938 0.819451 1.12391 1.11707 1.11845 1.12201 1.66849 1.66803 1.6658 1.66455
10.985 0.000990979 0.000990979 0.000990979 0.000990979 1.48459 1.48051 1.43845 1.42001 1.94592 1.94501 1.94439 1.94142 1.5638 1.5664 1.57225 1.57606
11.005 0.00963234 0.00963234 0.00963234 0.00963234 1.6866 1.68624 1.68267 1.6575 2.34776 2.35409 2.35774 2.35791 1.74869 1.74583 1.7426 1.74173
11.025 0.0166213 0.0166213 0.0166213 0.0166213 1.50597 1.50923 1.51222 1.51011 2.15665 2.15809 2.15901 2.15886 2.34236 2.34314 2.34516 2.34656
11.045 0.0212993 0.0212993 0.0212993 0.0212993 0.946842 0.951713 0.958164 0.963503 1.80128 1.80053 1.80201 1.80349 2.85115 2.85063 2.84832 2.84638
11.065 0.0243553 0.0243553 0.0243553 0.0243553 0.367635 0.368478 0.375049 0.38072 1.63713 1.63655 1.63451 1.63255 2.72068 2.71983 2.71991 2.72064
11.085 0.0239906 0.0239906 0.0239906 0.0239906 0.23004 0.225474 0.226029 0.227214 1.41868 1.4196 1.41864 1.41561 1.98243 1.98184 1.98124 1.9812
11.105 0.0200493 0.0200493 0.0200493 0.0200493 0.618961 0.604114 0.601359 0.600922 0.908108 0.908689 0.910418 0.90948 0.953492 0.952831 0.952677 0.953143
11.125 0.013561 0.013561 0.013561 0.013561 0.902566 0.923326 0.938688 0.923987 0.256733 0.259658 0.259935 0.259996 -0.0692191 -0.0685025 -0.0678397 -0.0678832
11.145 0 0 0 0 0.404928 0.428991 0.455823 0.431109 -0.206853 -0.204345 -0.204404 -0.203163 -0.910522 -0.910777 -0.909705 -0.907852
