0.005 0 0 0 0 5.95374e-06 5.96776e-06 5.96776e-06 5.95384e-06 6.07258e-06 6.06796e-06 6.06796e-06 6.07256e-06 6.05582e-06 6.05643e-06 6.05643e-06 6.05582e-06
0.025 0 0 0 0 3.81948e-05 3.82972e-05 3.82972e-05 3.81943e-05 4.75864e-05 4.75661e-05 4.75659e-05 4.75859e-05 4.70141e-05 4.70122e-05 4.7012e-05 4.70137e-05
0.045 0 0 0 0 5.13039e-05 5.13865e-05 5.13857e-05 5.13005e-05 8.83976e-05 8.84174e-05 8.84167e-05 8.83955e-05 9.24046e-05 9.23871e-05 9.23869e-05 9.24041e-05
0.065 0 0 0 0 5.88609e-05 5.89233e-05 5.8921e-05 5.88532e-05 0.000121892 0.000121924 0.000121923 0.000121889 0.000146927 0.000146902 0.000146901 0.000146924
0.085 0 0 0 0 6.30865e-05 6.31554e-05 6.31528e-05 6.30779e-05 0.000138693 0.000138697 0.000138695 0.000138687 0.000191469 0.000191449 0.000191448 0.000191465
0.105 0 0 0 0 7.73819e-05 7.74925e-05 7.749e-05 7.73732e-05 0.000160499 0.000160486 0.000160484 0.000160492 0.000221993 0.000221975 0.000221973 0.000221988
0.125 0 0 0 0 1.59431e-05 1.58255e-05 1.58221e-05 1.59319e-05 9.75434e-05 9.76304e-05 9.76295e-05 9.75399e-05 0.000144251 0.000144217 0.000144216 0.000144247
0.145 0 0 0 0 1.66937e-05 1.6701e-05 1.67002e-05 1.66905e-05 4.38643e-05 4.38587e-05 4.38577e-05 4.38612e-05 7.08273e-05 7.08238e-05 7.08235e-05 7.08259e-05
0.165 0 0 0 0 0.000120977 0.000121429 0.000121431 0.000120981 0.000106096 0.000105933 0.000105933 0.000106094 9.60428e-05 9.60662e-05 9.60659e-05 9.60424e-05
0.185 0 0 0 0 0.000104305 0.000104515 0.000104515 0.000104303 0.000146819 0.000146884 0.000146884 0.000146817 9.87853e-05 9.87432e-05 9.87429e-05 9.87849e-05
0.205 0 0 0 0 -7.93525e-05 -7.98646e-05 -7.98668e-05 -7.93583e-05 2.35036e-06 2.65638e-06 2.65831e-06 2.35571e-06 -6.96391e-07 -7.71984e-07 -7.72363e-07 -6.9758e-07
0.225 0 0 0 0 4.15924e-05 4.18589e-05 4.18578e-05 4.1591e-05 3.49659e-05 3.47137e-05 3.4711e-05 3.49587e-05 0.000129951 0.000130016 0.000130016 0.000129951
0.245 0 0 0 0 -9.08386e-05 -9.10098e-05 -9.10108e-05 -9.08402e-05 -0.000116107 -0.000116203 -0.000116208 -0.00011612 -4.3564e-05 -4.35202e-05 -4.35215e-05 -4.3568e-05
0.265 0 0 0 0 -0.000116396 -0.000116758 -0.000116759 -0.000116399 -0.000155668 -0.00015553 -0.000155529 -0.000155665 -0.0002022 -0.000202215 -0.000202216 -0.000202202
0.285 0 0 0 0 0.000111335 0.000111852 0.000111851 0.000111335 2.12644e-05 2.11536e-05 2.11556e-05 2.12681e-05 -0.000107932 -0.000107922 -0.000107922 -0.000107933
0.305 0 0 0 0 -0.000308544 -0.000309503 -0.000309503 -0.000308543 -0.000406591 -0.000406237 -0.000406236 -0.000406589 -0.000517905 -0.000517941 -0.000517941 -0.000517905
0.325 0 0 0 0 7.73123e-05 7.81442e-05 7.81442e-05 7.73122e-05 -0.00014209 -0.000142676 -0.000142676 -0.000142089 -0.000161074 -0.000160911 -0.000160912 -0.000161075
0.345 0 0 0 0 5.63115e-05 5.66186e-05 5.66094e-05 5.62901e-05 8.01009e-06 7.90402e-06 7.9074e-06 8.01306e-06 -3.904e-05 -3.90229e-05 -3.90243e-05 -3.90436e-05
0.365 0 0 0 0 -0.000607994 -0.000610457 -0.000610462 -0.000607996 -0.000511433 -0.000510385 -0.000510383 -0.000511434 -0.000549761 -0.000549943 -0.000549945 -0.000549763
0.385 0 0 0 0 0.000179709 0.000181046 0.000181035 0.000179685 -4.34722e-05 -4.43995e-05 -4.43884e-05 -4.34491e-05 4.48032e-05 4.50393e-05 4.50332e-05 4.47891e-05
0.405 0 0 0 0 6.24093e-05 6.30217e-05 6.30059e-05 6.23671e-05 -0.000115936 -0.000116365 -0.000116362 -0.000115933 -0.000152931 -0.000152806 -0.000152807 -0.000152932
0.425 0 0 0 0 0.00020531 0.000205384 0.000205387 0.000205315 0.000368352 0.000368932 0.000368927 0.000368339 0.000138738 0.000138511 0.000138503 0.000138721
0.445 0 0 0 0 5.42977e-05 5.37377e-05 5.37442e-05 5.43122e-05 0.000323364 0.000324018 0.000324009 0.000323343 0.000282507 0.000282303 0.00028231 0.000282518
0.465 0 0 0 0 0.000239745 0.000240602 0.000240608 0.000239756 0.000357567 0.000356906 0.000356901 0.000357555 0.000707461 0.000707603 0.000707605 0.000707466
0.485 0 0 0 0 0.000175984 0.000176349 0.000176352 0.000175993 0.000427978 0.000427653 0.000427654 0.000427977 0.000800803 0.000800853 0.000800853 0.000800804
0.505 0 0 0 0 -0.000683217 -0.000686319 -0.000686337 -0.000683274 -0.000386741 -0.000385431 -0.000385437 -0.000386751 -0.00026514 -0.000265393 -0.000265394 -0.000265148
0.525 0 0 0 0 0.00067493 0.000677916 0.000677926 0.00067495 0.000416832 0.000415529 0.000415515 0.000416805 0.00034542 0.000345667 0.000345664 0.000345414
0.545 0 0 0 0 0.000932557 0.000935643 0.000935668 0.000932614 0.000881371 0.000880793 0.000880774 0.000881313 0.000514152 0.000514126 0.000514126 0.000514154
0.565 0 0 0 0 -0.000590913 -0.000594719 -0.00059472 -0.000590914 -5.93123e-05 -5.67878e-05 -5.67843e-05 -5.93034e-05 -0.000326138 -0.000326769 -0.000326768 -0.000326137
0.585 0 0 0 0 0.000253245 0.000254474 0.000254463 0.00025322 0.000316943 0.000315864 0.000315871 0.00031696 0.000803624 0.000803883 0.000803879 0.000803615
0.605 0 0 0 0 0.000139366 0.000140646 0.000140623 0.000139326 0.000101469 9.99015e-05 9.98897e-05 0.000101407 0.000764348 0.000764752 0.000764756 0.000764339
0.625 0 0 0 0 -0.000948733 -0.000952837 -0.000952853 -0.000948773 -0.000656016 -0.000654224 -0.000654206 -0.000655989 -0.000620496 -0.000620846 -0.000620849 -0.000620507
0.645 0 0 0 0 0.000228844 0.000230005 0.000230008 0.000228849 -5.91838e-05 -5.94013e-05 -5.94052e-05 -5.91917e-05 -0.000457934 -0.0004579 -0.000457889 -0.000457906
0.665 0 0 0 0 0.00102385 0.00102837 0.00102837 0.00102386 0.000469796 0.000468267 0.00046827 0.000469803 -7.97544e-05 -7.95018e-05 -7.95081e-05 -7.9769e-05
0.685 0 0 0 0 0.000235341 0.000235198 0.000235214 0.000235368 0.000410838 0.000411809 0.000411803 0.000410827 -1.39764e-05 -1.43063e-05 -1.4304e-05 -1.39718e-05
0.705 0 0 0 0 0.000685888 0.000686511 0.000686503 0.000685847 0.00146808 0.00146857 0.00146856 0.00146805 0.00176177 0.00176146 0.00176145 0.00176178
0.725 0 0 0 0 -0.0002014 -0.000203661 -0.000203692 -0.000201501 0.000827122 0.000827712 0.000827719 0.000827149 0.0019456 0.00194544 0.00194543 0.00194559
0.745 0 0 0 0 -0.00137128 -0.00137602 -0.00137606 -0.00137138 -0.000937214 -0.000936926 -0.000936945 -0.000937282 0.000317963 0.000318058 0.000318024 0.000317834
0.765 0 0 0 0 0.000141485 0.000144047 0.000144035 0.000141464 -0.000555343 -0.00055757 -0.000557559 -0.000555325 -0.000356876 -0.000356253 -0.000356263 -0.000356906
0.785 0 0 0 0 -6.72073e-05 -6.65499e-05 -6.65422e-05 -6.71931e-05 -0.00101093 -0.00101027 -0.00101028 -0.00101096 -0.00250211 -0.00250225 -0.00250227 -0.00250213
0.805 0 0 0 0 -3.22912e-05 -3.19124e-05 -3.19038e-05 -3.22734e-05 -0.000968556 -0.000967061 -0.00096708 -0.000968595 -0.00292199 -0.0029224 -0.00292239 -0.00292197
0.825 0 0 0 0 -0.000440765 -0.000440081 -0.000440078 -0.000440777 -0.00152155 -0.00152242 -0.00152253 -0.00152179 -0.00219805 -0.0021977 -0.00219772 -0.00219809
0.845 0 0 0 0 -0.00144572 -0.00144806 -0.0014481 -0.00144591 -0.00220014 -0.00220157 -0.00220159 -0.00220016 -0.00150336 -0.00150264 -0.00150265 -0.00150339
0.865 0 0 0 0 -0.00211352 -0.00211948 -0.00211941 -0.00211343 -0.00236049 -0.00236006 -0.00236006 -0.00236052 -0.00156115 -0.00156084 -0.00156086 -0.00156118
0.885 0 0 0 0 -0.000278909 -0.000278711 -0.000278688 -0.000278864 -0.000752722 -0.00075332 -0.000753306 -0.00075269 -0.000864784 -0.00086453 -0.000864529 -0.000864785
0.905 0 0 0 0 0.00130065 0.00130512 0.00130512 0.00130063 0.00086164 0.000861214 0.000861197 0.000861592 -0.000279154 -0.000279282 -0.000279282 -0.000279157
0.925 0 0 0 0 0.00257359 0.00258002 0.00258002 0.00257357 0.00312568 0.00312604 0.00312604 0.00312564 0.00200622 0.00200558 0.00200557 0.00200617
0.945 0 0 0 0 0.00067695 0.000674693 0.00067469 0.000676945 0.00262807 0.00263101 0.00263102 0.00262807 0.00312527 0.00312422 0.00312425 0.00312532
0.965 0 0 0 0 -0.000709004 -0.000713692 -0.000713695 -0.000709009 0.00113729 0.00113752 0.00113751 0.00113727 0.00380856 0.0038086 0.00380863 0.00380862
0.985 0 0 0 0 0.000700076 0.000703081 0.000703086 0.000700087 0.0015634 0.00155936 0.00155936 0.00156339 0.00432661 0.00432763 0.00432763 0.00432661
1.005 0 0 0 0 0.00104893 0.00105009 0.00105009 0.00104892 0.0020161 0.00201697 0.00201689 0.00201595 0.00211877 0.0021183 0.0021183 0.00211879
1.025 0 0 0 0 0.00187575 0.00187799 0.0018779 0.00187557 0.00275313 0.00275679 0.00275676 0.00275305 0.000731787 0.000730261 0.000730224 0.000731698
1.045 0 0 0 0 0.000305085 0.000305449 0.0003054 0.000304974 8.07648e-05 8.21603e-05 8.21611e-05 8.07513e-05 -0.00112507 -0.00112556 -0.00112559 -0.00112514
1.065 0 0 0 0 -0.000441492 -0.000438637 -0.000438675 -0.000441586 -0.00180141 -0.00180569 -0.00180567 -0.00180137 -0.000997601 -0.000996216 -0.000996219 -0.000997608
1.085 0 0 0 0 -0.00236241 -0.00236744 -0.00236744 -0.00236241 -0.00321543 -0.00321646 -0.00321643 -0.00321537 -0.00225771 -0.0022569 -0.00225691 -0.00225774
1.105 0 0 0 0 -0.00250912 -0.00251676 -0.00251675 -0.0025091 -0.00311036 -0.00310795 -0.00310794 -0.00311035 -0.00355103 -0.0035512 -0.0035512 -0.00355101
1.125 0 0 0 0 0.000147349 0.000150706 0.000150719 0.000147376 -0.0015062 -0.00150743 -0.00150743 -0.00150621 -0.00305882 -0.00305845 -0.00305845 -0.00305882
1.145 0 0 0 0 0.000153744 0.000156964 0.000156967 0.000153751 -0.00155782 -0.00155866 -0.00155867 -0.00155783 -0.00338847 -0.0033882 -0.0033882 -0.00338847
1.165 0 0 0 0 -0.00168349 -0.00168808 -0.00168808 -0.00168349 -0.00258345 -0.00258169 -0.00258171 -0.0025835 -0.00357721 -0.00357735 -0.00357735 -0.0035772
1.185 0 0 0 0 -0.00109124 -0.00109248 -0.00109252 -0.00109133 -0.00181786 -0.00181926 -0.00181921 -0.00181776 -0.00133151 -0.00133086 -0.00133087 -0.00133151
1.205 0 0 0 0 -0.00257417 -0.00258073 -0.0025807 -0.00257413 -0.0031301 -0.0031302 -0.00313021 -0.00313015 -0.00216705 -0.00216648 -0.00216648 -0.00216705
1.225 0 0 0 0 -0.002683 -0.00268954 -0.00268954 -0.0026831 -0.00373251 -0.00373193 -0.00373194 -0.00373253 -0.00368535 -0.00368497 -0.003685 -0.00368541
1.245 0 0 0 0 -0.0024553 -0.00245892 -0.00245902 -0.00245563 -0.00494725 -0.00494765 -0.00494774 -0.00494753 -0.00637367 -0.00637299 -0.00637301 -0.00637371
1.265 0 0 0 0 0.000114194 0.000120986 0.000120818 0.000113637 -0.00332526 -0.00332871 -0.00332877 -0.00332548 -0.00598475 -0.00598372 -0.00598379 -0.00598501
1.285 0 0 0 0 -0.000557822 -0.000557156 -0.000557258 -0.00055814 -0.00270583 -0.00270501 -0.00270511 -0.00270619 -0.00554167 -0.00554173 -0.00554173 -0.00554179
1.305 0 0 0 0 0.00141037 0.00141456 0.00141458 0.0014104 0.00132235 0.0013223 0.00132229 0.00132227 0.000335909 0.000335634 0.000335641 0.000335915
1.325 0 0 0 0 0.000575353 0.000573281 0.000573301 0.000575382 0.00289614 0.0028974 0.0028974 0.00289613 0.00479604 0.00479548 0.00479549 0.00479603
1.345 0 0 0 0 -0.00235626 -0.00236905 -0.00236905 -0.00235626 0.000881405 0.000884578 0.000884576 0.000881404 0.00480959 0.00480904 0.00480905 0.00480961
1.365 0 0 0 0 -0.00132804 -0.00133196 -0.00133191 -0.0013279 -0.000261299 -0.000263549 -0.000263557 -0.000261316 0.00308966 0.00309055 0.00309053 0.00308962
1.385 0 0 0 0 -0.000884995 -0.000884657 -0.000884607 -0.000884877 -0.00235624 -0.00235786 -0.00235788 -0.0023563 -0.00281962 -0.00281892 -0.0028189 -0.00281957
1.405 0 0 0 0 -0.000492436 -0.000490337 -0.000490281 -0.000492431 -0.00370687 -0.00370544 -0.00370544 -0.00370687 -0.00821275 -0.00821298 -0.00821301 -0.0082128
1.425 0 0 0 0 0.000912233 0.000920844 0.000920833 0.000912068 -0.00316536 -0.00316654 -0.00316655 -0.0031654 -0.00827642 -0.00827611 -0.00827607 -0.00827633
1.445 0 0 0 0 0.00248368 0.00249581 0.00249568 0.00248338 0.000249073 0.000244939 0.000244712 0.000248613 -0.00203109 -0.00203042 -0.00203057 -0.00203146
1.465 0 0 0 0 0.00236397 0.00236646 0.00236638 0.00236381 0.00511153 0.00511207 0.00511193 0.00511122 0.00679327 0.00679251 0.00679252 0.00679328
1.485 0 0 0 0 0.00577455 0.0057797 0.0057797 0.00577453 0.0134701 0.0134719 0.0134719 0.0134701 0.0186487 0.0186467 0.0186467 0.0186485
1.505 0 0 0 0 0.00797547 0.00798157 0.00798156 0.00797547 0.0189492 0.0189527 0.0189527 0.0189493 0.026032 0.026029 0.0260291 0.026032
1.525 0 0 0 0 0.0100746 0.0100843 0.0100837 0.0100721 0.021886 0.0218884 0.0218881 0.021885 0.0289857 0.0289822 0.0289821 0.0289852
1.545 0 0 0 0 0.0116926 0.0117093 0.011709 0.0116912 0.0226168 0.0226179 0.0226178 0.022616 0.0282745 0.0282711 0.0282711 0.0282742
1.565 0 0 0 0 0.0110948 0.0111109 0.0111107 0.0110933 0.0207673 0.0207696 0.0207694 0.0207665 0.0246362 0.0246327 0.0246326 0.0246359
1.585 0 0 0 0 0.00726527 0.00727217 0.00727184 0.00726339 0.0151684 0.0151724 0.0151723 0.0151676 0.0182674 0.0182642 0.0182641 0.0182671
1.605 0 0 0 0 -0.00134576 -0.0013577 -0.00135799 -0.00134679 0.0024013 0.00240544 0.00240528 0.00240062 0.00571057 0.00570927 0.00570918 0.00571025
1.625 0 0 0 0 -0.00162473 -0.00162077 -0.00162099 -0.00162516 -0.00462064 -0.00462946 -0.00462957 -0.00462087 -0.0027927 -0.0027898 -0.00278979 -0.00279277
1.645 0 0 0 0 -0.00437142 -0.00437303 -0.00437309 -0.00437151 -0.0109641 -0.0109678 -0.0109679 -0.0109642 -0.014594 -0.0145919 -0.0145919 -0.0145941
1.665 0 0 0 0 -0.00675035 -0.00676135 -0.00676129 -0.00675026 -0.0147598 -0.0147548 -0.0147549 -0.01476 -0.0233247 -0.0233246 -0.0233246 -0.0233247
1.685 0 0 0 0 -0.00907061 -0.00908236 -0.00908229 -0.0090705 -0.0195368 -0.0195363 -0.0195363 -0.0195369 -0.0274726 -0.0274707 -0.0274707 -0.0274726
1.705 0 0 0 0 -0.0182533 -0.0182863 -0.0182863 -0.0182533 -0.0314146 -0.0314168 -0.0314168 -0.0314147 -0.0354954 -0.0354907 -0.0354907 -0.0354954
1.725 0 0 0 0 -0.026964 -0.0270149 -0.0270149 -0.0269639 -0.0444162 -0.0444204 -0.0444204 -0.0444162 -0.0473979 -0.0473907 -0.0473907 -0.0473979
1.745 0 0 0 0 -0.0281827 -0.0282276 -0.0282296 -0.0281902 -0.0521429 -0.0521514 -0.0521514 -0.0521428 -0.0603345 -0.0603257 -0.0603259 -0.060335
1.765 0 0 0 0 -0.0208653 -0.0208833 -0.0208857 -0.0208743 -0.0494388 -0.049451 -0.0494525 -0.0494431 -0.0667949 -0.0667867 -0.0667871 -0.066796
1.785 0 0 0 0 -0.0107468 -0.0107421 -0.0107431 -0.0107545 -0.0365794 -0.0365887 -0.0365912 -0.0365881 -0.0592136 -0.059209 -0.0592092 -0.0592153
1.805 0 0 0 0 -0.00453923 -0.00453479 -0.00453577 -0.00454457 -0.0193086 -0.0193095 -0.0193111 -0.0193152 -0.0358586 -0.035858 -0.0358582 -0.0358601
1.825 0 0 0 0 0.000487935 0.00048941 0.000489164 0.000487758 0.000599502 0.00059954 0.000600079 0.000600322 0.000605825 0.000605698 0.000605551 0.000605552
1.845 0 0 0 0 0.00977663 0.00978564 0.00978491 0.00977534 0.0253624 0.0253574 0.0253567 0.0253614 0.0415604 0.0415593 0.0415593 0.0415602
1.865 0 0 0 0 0.0231665 0.0231896 0.0231892 0.0231654 0.0535865 0.0535894 0.0535889 0.0535853 0.0758001 0.0757933 0.075793 0.0757994
1.885 0 0 0 0 0.0271275 0.0271379 0.0271378 0.027127 0.0668769 0.0669017 0.0669016 0.0668764 0.0869963 0.0869822 0.0869822 0.0869962
1.905 0 0 0 0 0.0278275 0.0278508 0.027851 0.027828 0.0627416 0.0627584 0.0627585 0.062742 0.0808666 0.0808551 0.080855 0.0808665
1.925 0 0 0 0 0.0357089 0.0357883 0.0357894 0.0357117 0.0585655 0.0585493 0.0585489 0.0585659 0.073671 0.073668 0.0736681 0.073671
1.945 0 0 0 0 0.0305347 0.0305922 0.0305924 0.0305312 0.0512931 0.0512912 0.0512894 0.051288 0.0581971 0.0581896 0.0581894 0.0581962
1.965 0 0 0 0 0.016856 0.0168562 0.016854 0.0168453 0.0385419 0.038569 0.0385698 0.0385421 0.0410131 0.0410007 0.0410002 0.0410122
1.985 0 0 0 0 0.00381127 0.00379922 0.00379592 0.00380174 0.0152841 0.0152923 0.0152931 0.0152848 0.0232491 0.0232453 0.0232454 0.0232488
2.005 0 0 0 0 -0.00528005 -0.00527793 -0.00527864 -0.00528132 -0.00914126 -0.00916414 -0.00916378 -0.0091412 0.00139624 0.00140348 0.00140301 0.00139513
2.025 0 0 0 0 -0.0165275 -0.0165538 -0.0165534 -0.0165269 -0.0292325 -0.0292408 -0.0292406 -0.0292334 -0.0309948 -0.0309887 -0.0309884 -0.0309943
2.045 0 0 0 0 -0.0169573 -0.0169828 -0.016982 -0.0169558 -0.036946 -0.0369386 -0.0369391 -0.0369472 -0.0558285 -0.0558268 -0.055827 -0.0558289
2.065 0 0 0 0 -0.00953483 -0.00952073 -0.00952039 -0.00953423 -0.037151 -0.0371589 -0.0371593 -0.0371518 -0.0621591 -0.0621542 -0.0621545 -0.0621596
2.085 0 0 0 0 -0.00437177 -0.00434109 -0.00434125 -0.00437221 -0.0289372 -0.0289564 -0.0289565 -0.0289374 -0.047308 -0.0473008 -0.0473008 -0.047308
2.105 0 0 0 0 -0.0109164 -0.0109394 -0.0109396 -0.0109169 -0.0184259 -0.0184209 -0.0184207 -0.0184253 -0.0236938 -0.0236929 -0.0236929 -0.0236939
2.125 0 0 0 0 -0.0323139 -0.0324272 -0.0324271 -0.0323143 -0.0281666 -0.0281368 -0.0281366 -0.0281663 -0.0182764 -0.0182788 -0.0182788 -0.0182764
2.145 0 0 0 0 -0.0321397 -0.032212 -0.0322119 -0.032138 -0.0403329 -0.0403461 -0.0403461 -0.0403328 -0.0234516 -0.0234409 -0.0234409 -0.0234516
2.165 0 0 0 0 -0.00363045 -0.00358198 -0.00358082 -0.00362867 -0.0269664 -0.0270174 -0.0270177 -0.0269667 -0.0274461 -0.0274296 -0.0274296 -0.0274461
2.185 0 0 0 0 0.0186336 0.0187028 0.018702 0.0186323 0.0050007 0.00500455 0.00500487 0.00500068 -0.0261549 -0.0261595 -0.0261595 -0.0261549
2.205 0 0 0 0 0.0186655 0.0186799 0.018679 0.018664 0.025312 0.0253682 0.0253677 0.0253114 -0.00753914 -0.00755969 -0.00755948 -0.00753876
2.225 0 0 0 0 0.00157696 0.00155826 0.00155829 0.001577 0.0137662 0.0137786 0.0137782 0.0137655 0.0217508 0.0217466 0.0217467 0.021751
2.245 0 0 0 0 -0.00509464 -0.00509461 -0.00509429 -0.00509395 0.00550643 0.00545202 0.00545171 0.00550578 0.0507694 0.0507862 0.0507865 0.0507698
2.265 0 0 0 0 2.07558e-05 1.98673e-06 2.20238e-06 2.11577e-05 0.0205586 0.020542 0.0205419 0.0205586 0.0551194 0.0551238 0.055124 0.0551197
2.285 0 0 0 0 0.00900384 0.00896344 0.00896345 0.00900366 0.0351301 0.0351885 0.0351889 0.0351311 0.0317862 0.0317664 0.0317664 0.0317861
2.305 0 0 0 0 0.0183218 0.0183516 0.0183516 0.0183213 0.0234402 0.0234686 0.023469 0.0234405 0.00352094 0.00350867 0.00350853 0.00352072
2.325 0 0 0 0 0.030953 0.0310951 0.0310952 0.0309533 0.0136344 0.0135761 0.0135759 0.0136341 0.00296262 0.00297405 0.00297401 0.00296249
2.345 0 0 0 0 0.0220111 0.0220886 0.0220896 0.0220124 0.0209901 0.0209647 0.0209644 0.02099 0.0193463 0.0193494 0.0193495 0.0193463
2.365 0 0 0 0 0.00166729 0.00160077 0.00160146 0.00167077 0.033032 0.0330903 0.0330902 0.0330313 0.040951 0.0409325 0.0409325 0.040951
2.385 0 0 0 0 -0.0109862 -0.0110794 -0.0110788 -0.0109859 0.0210238 0.0210609 0.0210607 0.0210237 0.0488025 0.0487929 0.0487931 0.048803
2.405 0 0 0 0 -0.0315742 -0.0316515 -0.0316523 -0.0315772 -0.0311114 -0.0311374 -0.031137 -0.0311097 0.00350077 0.00351509 0.00351502 0.00350088
2.425 0 0 0 0 -0.0162357 -0.0162066 -0.0162066 -0.0162355 -0.0485566 -0.0486152 -0.048613 -0.0485525 -0.0473202 -0.0472982 -0.0472981 -0.0473203
2.445 0 0 0 0 0.0120657 0.0121515 0.0121518 0.0120666 -0.0246033 -0.024608 -0.0246085 -0.0246065 -0.0769237 -0.0769246 -0.0769251 -0.0769251
2.465 0 0 0 0 0.0125366 0.0125704 0.0125706 0.0125366 -0.00863865 -0.00858107 -0.00858307 -0.00864216 -0.0739823 -0.074002 -0.0740028 -0.0739837
2.485 0 0 0 0 -0.0210903 -0.0211433 -0.0211429 -0.0210892 -0.0339763 -0.0339564 -0.0339578 -0.0339795 -0.0481229 -0.0481253 -0.0481247 -0.0481235
2.505 0 0 0 0 -0.0616737 -0.061801 -0.0618008 -0.0616718 -0.0772994 -0.0773483 -0.077348 -0.077299 -0.0325104 -0.0324831 -0.0324827 -0.0325103
2.525 0 0 0 0 -0.0685104 -0.0686565 -0.0686583 -0.0685152 -0.0887158 -0.0887606 -0.0887597 -0.0887129 -0.0472132 -0.0471847 -0.0471845 -0.0472123
2.545 0 0 0 0 -0.0276637 -0.0277149 -0.0277138 -0.0276789 -0.0547269 -0.0547201 -0.0547196 -0.0547264 -0.0750963 -0.0750922 -0.0750929 -0.0750977
2.565 0 0 0 0 0.0304727 0.0306016 0.0306041 0.030483 -0.0035614 -0.00354375 -0.0035433 -0.00356185 -0.0752948 -0.0753047 -0.0753034 -0.0752919
2.585 0 0 0 0 0.0610762 0.0612786 0.0612773 0.0610724 0.0415955 0.041577 0.0415641 0.0415512 -0.0176658 -0.017683 -0.0176894 -0.0176894
2.605 0 0 0 0 0.0325982 0.0326464 0.0326463 0.0325964 0.0602005 0.0602147 0.0602125 0.0602024 0.0683227 0.0683129 0.0683141 0.0683265
2.625 0 0 0 0 -0.0112556 -0.0113973 -0.0113963 -0.0112528 0.0589951 0.0590249 0.0590279 0.0589994 0.139077 0.139068 0.139067 0.139075
2.645 0 0 0 0 -0.0146278 -0.0147615 -0.0147631 -0.0146307 0.0549081 0.0549036 0.0549042 0.0549113 0.154622 0.154625 0.154627 0.154625
2.665 0 0 0 0 0.0330783 0.0331378 0.0331378 0.0330783 0.071243 0.0712103 0.0712094 0.0712417 0.115956 0.115953 0.115949 0.115942
2.685 0 0 0 0 0.077004 0.077194 0.077192 0.0770032 0.092626 0.0926462 0.0926549 0.0926397 0.0536487 0.0536275 0.053629 0.0536506
2.705 0 0 0 0 0.0667411 0.0668761 0.0668763 0.0667348 0.0756797 0.0757456 0.075747 0.0756769 0.00843005 0.00839664 0.00839837 0.00843412
2.725 0 0 0 0 0.0137559 0.0137835 0.0137893 0.0137582 0.0150639 0.0150743 0.0150715 0.0150596 0.00245274 0.00244628 0.0024465 0.0024531
2.745 0 0 0 0 -0.0487148 -0.0488183 -0.0488216 -0.0487218 -0.0539924 -0.0540521 -0.054055 -0.0539977 0.000786417 0.000815314 0.000817488 0.000791103
2.765 0 0 0 0 -0.0784693 -0.0786629 -0.0786659 -0.0784741 -0.0884406 -0.0884722 -0.0884713 -0.088439 -0.0347191 -0.0346938 -0.0346954 -0.0347217
2.785 0 0 0 0 -0.0586786 -0.0588137 -0.0588124 -0.058676 -0.0896721 -0.0896512 -0.0896524 -0.0896743 -0.103219 -0.103212 -0.10321 -0.103215
2.805 0 0 0 0 -0.0124794 -0.0124185 -0.0124176 -0.0124711 -0.0803879 -0.080386 -0.0803858 -0.0803882 -0.159962 -0.159958 -0.159958 -0.159962
2.825 0 0 0 0 0.00788094 0.00803163 0.00802695 0.00787821 -0.0740021 -0.0740354 -0.0740346 -0.0740026 -0.1657 -0.16569 -0.165689 -0.165698
2.845 0 0 0 0 -0.0184155 -0.0183998 -0.0184036 -0.018426 -0.0679068 -0.0679132 -0.0679104 -0.0678993 -0.114517 -0.114509 -0.114509 -0.114517
2.865 0 0 0 0 -0.0623741 -0.0625571 -0.0625561 -0.0623714 -0.0660576 -0.0660317 -0.0660306 -0.0660485 -0.0434656 -0.0434601 -0.0434615 -0.0434677
2.885 0 0 0 0 -0.062407 -0.0625939 -0.0625915 -0.0624079 -0.0505896 -0.0506128 -0.0506179 -0.0506051 0.0130446 0.0130611 0.0130602 0.0130419
2.905 0 0 0 0 -0.00715359 -0.00716144 -0.00716578 -0.00716658 -0.000961214 -0.00101314 -0.00101679 -0.000971499 0.0371905 0.0372048 0.0372024 0.0371854
2.925 0 0 0 0 0.0549702 0.0550966 0.0550869 0.0549478 0.0667292 0.0667434 0.066741 0.0667258 0.039502 0.0394871 0.0394882 0.0395045
2.945 0 0 0 0 0.0877159 0.0878888 0.0878844 0.0877073 0.117051 0.117118 0.11712 0.117055 0.0642318 0.064193 0.0641918 0.0642293
2.965 0 0 0 0 0.081255 0.081412 0.0814152 0.0812635 0.1295 0.12952 0.12952 0.1295 0.129106 0.129084 0.129085 0.129111
2.985 0 0 0 0 0.0445899 0.0446315 0.0446198 0.0445761 0.117186 0.117161 0.117164 0.11719 0.194542 0.194538 0.194537 0.194541
3.005 0 0 0 0 0.0113689 0.0112653 0.011257 0.0113464 0.103065 0.103072 0.103076 0.10307 0.207785 0.207779 0.207779 0.207785
3.025 0 0 0 0 0.0227144 0.0226487 0.0226421 0.0226862 0.0986419 0.098648 0.0986333 0.0985826 0.162943 0.162917 0.162912 0.162921
3.045 0 0 0 0 0.0579891 0.0580982 0.0580881 0.0579519 0.0871857 0.0871957 0.0871921 0.0871805 0.0825319 0.082516 0.0825167 0.0825329
3.065 0 0 0 0 0.0623478 0.0625267 0.0625272 0.0623253 0.0530381 0.0530342 0.0530281 0.0530228 0.00222128 0.00221076 0.00221193 0.00222561
3.085 0 0 0 0 0.0161159 0.0161831 0.0161865 0.0161211 -0.00548907 -0.00547612 -0.00547752 -0.00549213 -0.0498067 -0.0498128 -0.0498116 -0.0498052
3.105 0 0 0 0 -0.052831 -0.052949 -0.0529539 -0.0528378 -0.0777203 -0.077717 -0.0777158 -0.0777182 -0.0778071 -0.0777962 -0.0777957 -0.0778056
3.125 0 0 0 0 -0.10329 -0.103516 -0.10352 -0.103301 -0.143806 -0.143836 -0.143835 -0.143805 -0.114536 -0.114504 -0.114503 -0.114534
3.145 0 0 0 0 -0.101724 -0.101893 -0.101892 -0.101724 -0.170863 -0.170912 -0.170912 -0.170864 -0.169082 -0.169046 -0.169048 -0.169086
3.165 0 0 0 0 -0.0660133 -0.066067 -0.0660857 -0.0660533 -0.158715 -0.158732 -0.15873 -0.158709 -0.224678 -0.224656 -0.224655 -0.224677
3.185 0 0 0 0 -0.0319562 -0.0319154 -0.0319246 -0.0319746 -0.129551 -0.129543 -0.129533 -0.129552 -0.238017 -0.238014 -0.238015 -0.238017
3.205 0 0 0 0 -0.0275767 -0.0275515 -0.0275623 -0.0275928 -0.106302 -0.106313 -0.1063 -0.106297 -0.187089 -0.187083 -0.187083 -0.18709
3.225 0 0 0 0 -0.0485022 -0.0485995 -0.048607 -0.0485668 -0.0875837 -0.0876062 -0.0875892 -0.0875531 -0.0938314 -0.0938129 -0.093813 -0.0938318
3.245 0 0 0 0 -0.0592416 -0.0594221 -0.0594178 -0.0592583 -0.0555562 -0.0555792 -0.0555804 -0.0555677 -0.00399276 -0.00397603 -0.00397611 -0.00399429
3.265 0 0 0 0 -0.0208049 -0.0209039 -0.020899 -0.0207876 0.0090813 0.0090776 0.00907039 0.00906578 0.0610624 0.0610623 0.0610558 0.0610487
3.285 0 0 0 0 0.0498118 0.0498928 0.0498827 0.0497972 0.0887142 0.0887242 0.0887172 0.0886992 0.0996433 0.0996278 0.0996272 0.0996417
3.305 0 0 0 0 0.107524 0.107751 0.107744 0.107506 0.155101 0.155123 0.155123 0.1551 0.135864 0.135834 0.135832 0.135861
3.325 0 0 0 0 0.116061 0.116279 0.116277 0.116056 0.186652 0.186684 0.186687 0.186655 0.186314 0.186279 0.186279 0.186314
3.345 0 0 0 0 0.0801085 0.0801664 0.0801528 0.0800686 0.178009 0.178043 0.178051 0.178026 0.235722 0.235693 0.235693 0.235721
3.365 0 0 0 0 0.0400951 0.0400439 0.0400433 0.0401037 0.145843 0.145838 0.145847 0.145838 0.249147 0.249139 0.249141 0.249152
3.385 0 0 0 0 0.0247023 0.0246601 0.0246538 0.0246971 0.107518 0.107522 0.107532 0.107537 0.197002 0.196997 0.196992 0.196996
3.405 0 0 0 0 0.0326879 0.0327247 0.0327263 0.0326799 0.0691567 0.0691581 0.069134 0.0691058 0.0898622 0.0898406 0.089831 0.0898324
3.425 0 0 0 0 0.0342602 0.0343676 0.0343642 0.034255 0.0200668 0.0200771 0.0200651 0.0200387 -0.0294631 -0.0294773 -0.0294831 -0.0294735
3.445 0 0 0 0 0.00646637 0.00655448 0.00656315 0.00648518 -0.0449373 -0.0449363 -0.044932 -0.044935 -0.114911 -0.114914 -0.114917 -0.114919
3.465 0 0 0 0 -0.0542949 -0.0543515 -0.0543464 -0.054289 -0.120603 -0.120619 -0.120614 -0.120592 -0.160569 -0.160549 -0.160546 -0.160563
3.485 0 0 0 0 -0.114353 -0.11457 -0.114572 -0.114356 -0.184454 -0.184479 -0.184475 -0.184445 -0.187511 -0.187478 -0.187477 -0.18751
3.505 0 0 0 0 -0.133584 -0.133826 -0.133825 -0.133564 -0.215096 -0.215132 -0.21513 -0.215098 -0.217801 -0.217762 -0.21776 -0.217798
3.525 0 0 0 0 -0.103641 -0.103743 -0.103755 -0.103638 -0.203749 -0.203787 -0.203785 -0.203757 -0.248088 -0.248051 -0.248048 -0.248079
3.545 0 0 0 0 -0.0591373 -0.0591438 -0.0591549 -0.0591613 -0.166011 -0.166014 -0.166009 -0.166001 -0.25612 -0.256101 -0.256104 -0.256123
3.565 0 0 0 0 -0.0290579 -0.0290281 -0.0290409 -0.0291506 -0.116842 -0.116864 -0.116868 -0.116848 -0.208746 -0.20873 -0.208728 -0.208741
3.585 0 0 0 0 -0.0190131 -0.0189539 -0.0189613 -0.0190494 -0.0658279 -0.0658874 -0.0658681 -0.0658126 -0.102453 -0.102447 -0.102464 -0.102491
3.605 0 0 0 0 -0.012714 -0.0127242 -0.0127127 -0.0126729 -0.00396172 -0.00400207 -0.00400888 -0.00398614 0.0301313 0.0301345 0.0301276 0.0301145
3.625 0 0 0 0 0.011215 0.01114 0.0111551 0.011237 0.0766322 0.0766564 0.0766419 0.0766031 0.145914 0.145899 0.145894 0.145901
3.645 0 0 0 0 0.0640583 0.0640616 0.0640666 0.0640528 0.161442 0.161494 0.161486 0.161419 0.223378 0.223349 0.223348 0.223378
3.665 0 0 0 0 0.126451 0.126631 0.126631 0.126439 0.2303 0.230334 0.230331 0.230287 0.26937 0.269333 0.269335 0.269374
3.685 0 0 0 0 0.160144 0.160411 0.160418 0.160145 0.270845 0.270881 0.270886 0.270852 0.299969 0.299925 0.299925 0.299969
3.705 0 0 0 0 0.144852 0.145086 0.145072 0.144859 0.273041 0.273083 0.273086 0.273011 0.319572 0.319535 0.319542 0.319593
3.725 0 0 0 0 0.100903 0.100936 0.100914 0.100805 0.234792 0.234851 0.234864 0.234835 0.316861 0.31682 0.316814 0.316846
3.745 0 0 0 0 0.0639981 0.0638883 0.0638515 0.0639245 0.170191 0.170255 0.170278 0.170202 0.267218 0.267195 0.267204 0.267232
3.765 0 0 0 0 0.0383061 0.0382481 0.0382186 0.038329 0.101003 0.101101 0.10116 0.101151 0.155256 0.155235 0.155222 0.155227
3.785 0 0 0 0 0.0190904 0.0190858 0.0190796 0.0191305 0.0313176 0.031408 0.031415 0.0313525 0.0117822 0.0117566 0.0117588 0.0117824
3.805 0 0 0 0 -0.00472735 -0.00465439 -0.00464024 -0.00466658 -0.0547132 -0.0547348 -0.0547539 -0.0547742 -0.118687 -0.118693 -0.118705 -0.118717
3.825 0 0 0 0 -0.054788 -0.0547559 -0.0547363 -0.0548128 -0.154259 -0.154384 -0.154416 -0.154353 -0.216286 -0.216249 -0.216249 -0.216285
3.845 0 0 0 0 -0.123436 -0.123578 -0.123554 -0.123488 -0.238075 -0.238186 -0.238201 -0.238136 -0.282328 -0.282285 -0.282293 -0.282346
3.865 0 0 0 0 -0.174091 -0.174393 -0.174368 -0.174144 -0.290297 -0.290357 -0.290364 -0.290342 -0.327804 -0.327758 -0.327759 -0.327804
3.885 0 0 0 0 -0.169735 -0.169937 -0.16995 -0.16981 -0.302457 -0.302521 -0.302501 -0.302441 -0.350479 -0.350435 -0.350444 -0.350497
3.905 0 0 0 0 -0.12033 -0.120332 -0.120304 -0.120161 -0.271667 -0.271818 -0.271846 -0.271744 -0.346224 -0.346165 -0.346139 -0.346175
3.925 0 0 0 0 -0.068735 -0.0687161 -0.0686744 -0.0686807 -0.199965 -0.200003 -0.200023 -0.199938 -0.299584 -0.299573 -0.299604 -0.299651
3.945 0 0 0 0 -0.0424545 -0.042406 -0.042506 -0.0425923 -0.115755 -0.115753 -0.115732 -0.115695 -0.198581 -0.198555 -0.198529 -0.198532
3.965 0 0 0 0 -0.0268635 -0.0268261 -0.0268595 -0.0268529 -0.042362 -0.0423633 -0.04234 -0.0423068 -0.0510186 -0.0510112 -0.0510178 -0.0510292
3.985 0 0 0 0 -0.00953672 -0.00960075 -0.0095969 -0.0095711 0.0264847 0.026438 0.0264296 0.0264571 0.0927219 0.0927325 0.0927309 0.0927171
4.005 0 0 0 0 0.0277061 0.0276211 0.0276214 0.0276773 0.109466 0.10947 0.109454 0.109417 0.193001 0.192983 0.192975 0.192981
4.025 0 0 0 0 0.0911801 0.0912166 0.0912378 0.0911974 0.197185 0.197247 0.197234 0.197138 0.247904 0.247858 0.24785 0.247887
4.045 0 0 0 0 0.1493 0.149504 0.149541 0.149327 0.256733 0.256798 0.256789 0.256704 0.276348 0.276294 0.276287 0.276335
4.065 0 0 0 0 0.158007 0.158291 0.158324 0.158211 0.264956 0.264999 0.265006 0.264971 0.289654 0.289608 0.289607 0.289648
4.085 0 0 0 0 0.11954 0.119673 0.119565 0.119436 0.23361 0.233669 0.233678 0.233618 0.291589 0.291551 0.291559 0.291609
4.105 0 0 0 0 0.0710986 0.0710388 0.070935 0.0709665 0.183497 0.183573 0.183614 0.183561 0.267811 0.267785 0.267788 0.267824
4.125 0 0 0 0 0.0374537 0.0373602 0.0373274 0.0373959 0.124086 0.12416 0.12416 0.124119 0.197841 0.197834 0.197856 0.197885
4.145 0 0 0 0 0.0196224 0.0196239 0.0196437 0.019684 0.0552051 0.0552413 0.055248 0.0552338 0.0811556 0.0811395 0.0811215 0.0811232
4.165 0 0 0 0 0.0117865 0.0118873 0.0119083 0.0118332 -0.0125608 -0.0125944 -0.0126077 -0.012601 -0.0440797 -0.0440714 -0.044056 -0.0440494
4.185 0 0 0 0 -0.0114633 -0.0113635 -0.011339 -0.0114434 -0.0788623 -0.0789187 -0.0789225 -0.0788885 -0.144557 -0.144554 -0.14457 -0.144593
4.205 0 0 0 0 -0.0631806 -0.063219 -0.0632081 -0.0632143 -0.147228 -0.147284 -0.147298 -0.14728 -0.208548 -0.208523 -0.208518 -0.208538
4.225 0 0 0 0 -0.11876 -0.118948 -0.118931 -0.118802 -0.207888 -0.207945 -0.207951 -0.207922 -0.240019 -0.239989 -0.239999 -0.240039
4.245 0 0 0 0 -0.148446 -0.148642 -0.148621 -0.14843 -0.246038 -0.24612 -0.246127 -0.246075 -0.25985 -0.259803 -0.259807 -0.259854
4.265 0 0 0 0 -0.132546 -0.132818 -0.132837 -0.132688 -0.243252 -0.243303 -0.243327 -0.243274 -0.275063 -0.275008 -0.274997 -0.275043
4.285 0 0 0 0 -0.0848592 -0.084885 -0.0849214 -0.084881 -0.197631 -0.197691 -0.197684 -0.197617 -0.270115 -0.270077 -0.270069 -0.270098
4.305 0 0 0 0 -0.042781 -0.0427162 -0.0427257 -0.0427548 -0.135653 -0.135675 -0.135668 -0.135641 -0.226158 -0.22614 -0.226135 -0.226144
4.325 0 0 0 0 -0.0227558 -0.0227125 -0.0226945 -0.0227187 -0.0771158 -0.0771098 -0.0770992 -0.0770773 -0.132158 -0.132158 -0.132167 -0.132181
4.345 0 0 0 0 -0.0178338 -0.0178679 -0.0178682 -0.0178335 -0.0224852 -0.0224996 -0.0225007 -0.0224851 -0.00974361 -0.00972828 -0.00971772 -0.00972026
4.365 0 0 0 0 -0.00921301 -0.00931282 -0.00931009 -0.00920987 0.0349209 0.0349248 0.0349274 0.0349155 0.0969238 0.096916 0.0969026 0.0968938
4.385 0 0 0 0 0.0299041 0.0298418 0.0298439 0.0298872 0.103831 0.103853 0.10384 0.10379 0.168082 0.168069 0.168075 0.168094
4.405 0 0 0 0 0.0907803 0.0908743 0.0908889 0.0907762 0.172178 0.17221 0.172204 0.172152 0.206677 0.206643 0.206635 0.206662
4.425 0 0 0 0 0.137162 0.137381 0.137401 0.137162 0.221204 0.221231 0.221224 0.221173 0.231545 0.231504 0.231503 0.231544
4.445 0 0 0 0 0.140786 0.140993 0.141021 0.140968 0.238267 0.238323 0.238327 0.23828 0.257815 0.257767 0.257761 0.257799
4.465 0 0 0 0 0.104018 0.104076 0.103991 0.10395 0.217069 0.217151 0.217156 0.217079 0.275313 0.275274 0.275289 0.275341
4.485 0 0 0 0 0.0595192 0.0594335 0.0593527 0.0594214 0.169141 0.169208 0.169247 0.169204 0.258908 0.258872 0.258869 0.258906
4.505 0 0 0 0 0.0289114 0.0288167 0.0287841 0.0288556 0.109058 0.109103 0.109095 0.109066 0.185713 0.185713 0.185742 0.185773
4.525 0 0 0 0 0.0222921 0.0223157 0.022331 0.0223427 0.0514046 0.0514305 0.0514382 0.0514325 0.0708718 0.0708567 0.0708364 0.0708315
4.545 0 0 0 0 0.0219522 0.0220776 0.0220934 0.0219895 -0.00374115 -0.00376485 -0.00377643 -0.00377667 -0.0470582 -0.0470533 -0.0470397 -0.0470307
4.565 0 0 0 0 -0.00703414 -0.00693666 -0.00691501 -0.00701611 -0.0701392 -0.0701781 -0.0701797 -0.0701601 -0.139967 -0.13997 -0.139985 -0.140002
4.585 0 0 0 0 -0.0643021 -0.0643512 -0.0643397 -0.0643329 -0.142452 -0.142509 -0.14252 -0.142497 -0.193296 -0.19327 -0.193268 -0.193291
4.605 0 0 0 0 -0.122217 -0.122418 -0.1224 -0.122256 -0.20487 -0.204936 -0.204942 -0.204904 -0.221218 -0.221184 -0.221194 -0.221237
4.625 0 0 0 0 -0.145834 -0.145996 -0.145969 -0.145808 -0.236098 -0.236169 -0.236179 -0.236127 -0.243557 -0.243511 -0.243514 -0.243562
4.645 0 0 0 0 -0.125792 -0.126043 -0.126068 -0.125929 -0.23147 -0.231516 -0.231541 -0.23149 -0.269278 -0.26923 -0.269223 -0.269265
4.665 0 0 0 0 -0.0788843 -0.0788709 -0.0789387 -0.07892 -0.193432 -0.193482 -0.193477 -0.193417 -0.274136 -0.274108 -0.274109 -0.274139
4.685 0 0 0 0 -0.0381494 -0.038064 -0.038081 -0.0381572 -0.137703 -0.137733 -0.137729 -0.13769 -0.23045 -0.230422 -0.230416 -0.230431
4.705 0 0 0 0 -0.0218697 -0.0218225 -0.0218034 -0.0218386 -0.077856 -0.0778553 -0.0778404 -0.0778084 -0.131002 -0.131001 -0.131016 -0.131035
4.725 0 0 0 0 -0.0203897 -0.0204468 -0.0204451 -0.0203789 -0.0184473 -0.0184489 -0.0184501 -0.0184493 -0.00291226 -0.00290024 -0.00288795 -0.00288483
4.745 0 0 0 0 -0.000787078 -0.000876558 -0.000868912 -0.000777082 0.0514551 0.051459 0.0514603 0.0514454 0.117931 0.117921 0.11791 0.117904
4.765 0 0 0 0 0.0484423 0.04842 0.0484268 0.0484282 0.131904 0.131917 0.131903 0.131859 0.201482 0.201467 0.201472 0.201492
4.785 0 0 0 0 0.110941 0.111058 0.111075 0.110936 0.208899 0.20894 0.208932 0.208865 0.248295 0.248255 0.248249 0.248284
4.805 0 0 0 0 0.155662 0.155937 0.155959 0.155709 0.26201 0.262061 0.262049 0.261987 0.280299 0.28025 0.28025 0.280301
4.825 0 0 0 0 0.159765 0.159975 0.159978 0.159746 0.278686 0.278761 0.278779 0.278793 0.312468 0.312418 0.31241 0.312449
4.845 0 0 0 0 0.127791 0.127979 0.12803 0.127915 0.258968 0.259047 0.259037 0.259015 0.33186 0.331831 0.331861 0.331917
4.865 0 0 0 0 0.0844865 0.08455 0.0845699 0.0846298 0.21504 0.21512 0.215138 0.215093 0.311918 0.311869 0.311842 0.311863
4.885 0 0 0 0 0.0535933 0.0535546 0.0535327 0.0536071 0.155978 0.156047 0.156044 0.155987 0.235207 0.235188 0.23521 0.235253
4.905 0 0 0 0 0.0410887 0.0410862 0.0410008 0.0411286 0.0881359 0.0882569 0.0882625 0.0882435 0.114321 0.114293 0.114287 0.114308
4.925 0 0 0 0 0.030461 0.0305504 0.0305215 0.0304596 0.0154132 0.0153997 0.0153585 0.0153536 -0.0187125 -0.0187054 -0.0186841 -0.0186666
4.945 0 0 0 0 -0.00170991 -0.00157741 -0.00150972 -0.00159586 -0.0689757 -0.069074 -0.0690835 -0.0690365 -0.132819 -0.132812 -0.132834 -0.132867
4.965 0 0 0 0 -0.0677696 -0.0678011 -0.0677659 -0.067793 -0.156572 -0.156664 -0.15668 -0.156647 -0.213692 -0.213658 -0.213647 -0.213668
4.985 0 0 0 0 -0.145732 -0.146002 -0.145974 -0.145808 -0.240046 -0.240092 -0.240094 -0.240077 -0.272392 -0.272366 -0.272388 -0.272437
5.005 0 0 0 0 -0.18633 -0.186688 -0.186669 -0.186467 -0.298639 -0.298723 -0.298733 -0.2987 -0.317846 -0.317792 -0.317792 -0.317843
5.025 0 0 0 0 -0.171972 -0.172053 -0.172034 -0.171997 -0.313381 -0.3135 -0.313505 -0.313392 -0.35486 -0.354803 -0.354821 -0.354899
5.045 0 0 0 0 -0.11795 -0.117848 -0.11788 -0.117827 -0.276307 -0.276457 -0.276474 -0.27639 -0.366999 -0.366913 -0.36687 -0.366907
5.065 0 0 0 0 -0.0677644 -0.0676884 -0.0677117 -0.0677891 -0.20413 -0.204172 -0.204121 -0.204053 -0.325567 -0.325569 -0.325603 -0.325647
5.085 0 0 0 0 -0.0425468 -0.0425835 -0.0426455 -0.0426886 -0.125868 -0.125855 -0.125868 -0.12585 -0.212942 -0.212906 -0.212851 -0.212823
5.105 0 0 0 0 -0.0359155 -0.0359937 -0.0360123 -0.0359418 -0.0565159 -0.0564903 -0.0564663 -0.0564446 -0.0553482 -0.0553594 -0.0553896 -0.0554146
5.125 0 0 0 0 -0.0194828 -0.0195904 -0.0195897 -0.0194789 0.0199456 0.0199111 0.019898 0.0198995 0.0946922 0.0947201 0.0947415 0.0947386
5.145 0 0 0 0 0.0271665 0.0271122 0.0271686 0.0272543 0.113386 0.113398 0.113387 0.113344 0.196958 0.196935 0.196918 0.19692
5.165 0 0 0 0 0.100023 0.100082 0.100121 0.100051 0.20623 0.206286 0.206266 0.206172 0.251431 0.251389 0.251391 0.251437
5.185 0 0 0 0 0.165065 0.165311 0.165332 0.165064 0.271556 0.271607 0.2716 0.271526 0.286443 0.286387 0.286377 0.286425
5.205 0 0 0 0 0.180971 0.181271 0.181324 0.181317 0.296292 0.296334 0.296352 0.296327 0.321204 0.321156 0.321154 0.321195
5.225 0 0 0 0 0.144044 0.144148 0.144066 0.144099 0.279176 0.27927 0.279294 0.279174 0.345704 0.34566 0.34568 0.345748
5.245 0 0 0 0 0.0917658 0.0916696 0.091572 0.0916479 0.23262 0.232771 0.232813 0.232754 0.334038 0.333992 0.333981 0.334018
5.265 0 0 0 0 0.0554168 0.0553283 0.0552339 0.0552916 0.170049 0.170165 0.170175 0.170122 0.263755 0.263749 0.263791 0.263844
5.285 0 0 0 0 0.0418809 0.0419136 0.0418988 0.0419128 0.0991946 0.0992491 0.0992778 0.099267 0.139093 0.139066 0.139043 0.139047
5.305 0 0 0 0 0.032445 0.0325803 0.0325994 0.0324998 0.0224458 0.0224229 0.0224089 0.0224088 -0.00599321 -0.00598815 -0.00596763 -0.0059512
5.325 0 0 0 0 0.00167134 0.00179697 0.00183348 0.00171201 -0.0602519 -0.060308 -0.060315 -0.0602874 -0.129375 -0.129379 -0.129399 -0.129421
5.345 0 0 0 0 -0.058907 -0.0589242 -0.0589001 -0.0589416 -0.146379 -0.146457 -0.146476 -0.146451 -0.210349 -0.210324 -0.210323 -0.210347
5.365 0 0 0 0 -0.126943 -0.127149 -0.127126 -0.127025 -0.222544 -0.222624 -0.222633 -0.222595 -0.255052 -0.255017 -0.255031 -0.255079
5.385 0 0 0 0 -0.16903 -0.169346 -0.16932 -0.169137 -0.271785 -0.271872 -0.271879 -0.271834 -0.285983 -0.285934 -0.28594 -0.285993
5.405 0 0 0 0 -0.166378 -0.166517 -0.166482 -0.166399 -0.283714 -0.283797 -0.283808 -0.283737 -0.316073 -0.316024 -0.316036 -0.316097
5.425 0 0 0 0 -0.125662 -0.12581 -0.125851 -0.125765 -0.262852 -0.262899 -0.262933 -0.26287 -0.33674 -0.336674 -0.336648 -0.336681
5.445 0 0 0 0 -0.0823959 -0.0823633 -0.0824568 -0.0824926 -0.219843 -0.219896 -0.219834 -0.219757 -0.323707 -0.323671 -0.323691 -0.323741
5.465 0 0 0 0 -0.0667923 -0.0668116 -0.0668583 -0.066876 -0.172726 -0.172768 -0.17277 -0.172739 -0.262437 -0.262389 -0.262341 -0.262333
5.485 0 0 0 0 -0.0676906 -0.067763 -0.06774 -0.0676354 -0.126052 -0.126049 -0.126041 -0.126003 -0.156674 -0.15668 -0.156716 -0.156752
5.505 0 0 0 0 -0.0607185 -0.0607659 -0.0607335 -0.0605482 -0.0706435 -0.0706832 -0.0707005 -0.0706769 -0.0387085 -0.0386672 -0.0386321 -0.0386347
5.525 0 0 0 0 -0.0363724 -0.036494 -0.0364617 -0.036339 0.000670537 0.00069878 0.000710756 0.000685614 0.0545493 0.0545357 0.0545121 0.054497
5.545 0 0 0 0 0.0174002 0.0173148 0.0173424 0.0174258 0.0777348 0.0777945 0.0777843 0.0777012 0.113492 0.113475 0.113487 0.113518
5.565 0 0 0 0 0.0886334 0.0887625 0.0887927 0.0886388 0.140455 0.140467 0.140471 0.140452 0.152053 0.152019 0.151997 0.152007
5.585 0 0 0 0 0.137432 0.137688 0.137703 0.13739 0.188775 0.188737 0.188723 0.188729 0.190208 0.190193 0.190204 0.190232
5.605 0 0 0 0 0.143932 0.144133 0.144159 0.1439 0.228125 0.228147 0.228144 0.228097 0.243052 0.243003 0.242982 0.24301
5.625 0 0 0 0 0.121312 0.121374 0.121418 0.121407 0.246691 0.246781 0.246759 0.246635 0.301619 0.301573 0.301579 0.301634
5.645 0 0 0 0 0.0970021 0.0969123 0.0968545 0.096839 0.238831 0.23895 0.238972 0.238984 0.337833 0.337789 0.337776 0.337802
5.665 0 0 0 0 0.0923875 0.09244 0.0924234 0.0924259 0.219731 0.219819 0.219859 0.219861 0.324226 0.324206 0.324227 0.324275
5.685 0 0 0 0 0.101821 0.101977 0.101977 0.101967 0.200703 0.200765 0.200788 0.200749 0.257435 0.257401 0.257401 0.257434
5.705 0 0 0 0 0.102058 0.102239 0.10225 0.102171 0.166017 0.166091 0.166072 0.166 0.162596 0.162558 0.162566 0.162609
5.725 0 0 0 0 0.0605905 0.0607096 0.0607049 0.0606198 0.0833381 0.0833774 0.0833592 0.0833106 0.0580288 0.0580059 0.0580097 0.058036
5.745 0 0 0 0 -0.0146633 -0.0146712 -0.0146796 -0.0146995 -0.0343903 -0.0344222 -0.0344256 -0.0344073 -0.0412628 -0.0412531 -0.0412528 -0.0412618
5.765 0 0 0 0 -0.0928094 -0.0929766 -0.0929681 -0.0928811 -0.147486 -0.147556 -0.147554 -0.147498 -0.140066 -0.140032 -0.140038 -0.140078
5.785 0 0 0 0 -0.142679 -0.14295 -0.142926 -0.142767 -0.229139 -0.229202 -0.229207 -0.229177 -0.244899 -0.244859 -0.244862 -0.244904
5.805 0 0 0 0 -0.148469 -0.148684 -0.148641 -0.148534 -0.27493 -0.275014 -0.275023 -0.274991 -0.339098 -0.339062 -0.339079 -0.339133
5.825 0 0 0 0 -0.12873 -0.128602 -0.128548 -0.12859 -0.292986 -0.293115 -0.293138 -0.293052 -0.396164 -0.396111 -0.396114 -0.39617
5.845 0 0 0 0 -0.11623 -0.116213 -0.116328 -0.116318 -0.287036 -0.287246 -0.287252 -0.287096 -0.398455 -0.398384 -0.39837 -0.398422
5.865 0 0 0 0 -0.126118 -0.126218 -0.1263 -0.126182 -0.257418 -0.257483 -0.257504 -0.257418 -0.342281 -0.342248 -0.342253 -0.342295
5.885 0 0 0 0 -0.128375 -0.128599 -0.128642 -0.128434 -0.207883 -0.207869 -0.207869 -0.207854 -0.239519 -0.239474 -0.239442 -0.23945
5.905 0 0 0 0 -0.0984455 -0.0985827 -0.0985778 -0.0983714 -0.139802 -0.139798 -0.139759 -0.139716 -0.123955 -0.123938 -0.123956 -0.123996
5.925 0 0 0 0 -0.0395619 -0.0395876 -0.0396442 -0.0395605 -0.0445008 -0.0445399 -0.0445364 -0.0444879 -0.0205964 -0.0205626 -0.0205331 -0.020535
5.945 0 0 0 0 0.0289398 0.0289475 0.0289471 0.0290055 0.0647376 0.0648064 0.0648198 0.0647704 0.0692004 0.069166 0.0691445 0.0691537
5.965 0 0 0 0 0.0986894 0.0987769 0.0988299 0.0986366 0.157063 0.157094 0.157084 0.157026 0.157832 0.157805 0.157815 0.157856
5.985 0 0 0 0 0.143629 0.143846 0.143887 0.143567 0.221503 0.221485 0.221487 0.221477 0.248559 0.248514 0.248478 0.248486
6.005 0 0 0 0 0.149175 0.14931 0.149332 0.149077 0.263992 0.263983 0.263954 0.263894 0.324833 0.324807 0.324823 0.324869
6.025 0 0 0 0 0.132975 0.133046 0.133115 0.133018 0.284915 0.285015 0.285004 0.284879 0.369326 0.36925 0.369213 0.36925
6.045 0 0 0 0 0.119457 0.119354 0.119316 0.1193 0.275763 0.275864 0.275874 0.275822 0.368316 0.368289 0.368323 0.368388
6.065 0 0 0 0 0.115127 0.115206 0.11517 0.115184 0.240959 0.241089 0.241184 0.241152 0.318939 0.318895 0.318896 0.318944
6.085 0 0 0 0 0.105168 0.105351 0.105326 0.105256 0.186544 0.186643 0.186693 0.186683 0.226357 0.226329 0.226331 0.226362
6.105 0 0 0 0 0.0748724 0.075026 0.0750319 0.0749374 0.115881 0.115934 0.115939 0.115914 0.114162 0.114131 0.114122 0.114141
6.125 0 0 0 0 0.0234486 0.0234975 0.0234879 0.0234371 0.0268992 0.0269045 0.0268834 0.0268498 0.00708373 0.00707381 0.0070764 0.00708785
6.145 0 0 0 0 -0.0350613 -0.0350991 -0.0350901 -0.0350791 -0.0692843 -0.0693315 -0.0693447 -0.0693254 -0.0829907 -0.0829852 -0.083002 -0.0830262
6.165 0 0 0 0 -0.0896481 -0.0897896 -0.0897788 -0.0897205 -0.155423 -0.155503 -0.155519 -0.155476 -0.166202 -0.166162 -0.166155 -0.166185
6.185 0 0 0 0 -0.124211 -0.124415 -0.124382 -0.124271 -0.215082 -0.215148 -0.215146 -0.215108 -0.24512 -0.245091 -0.245107 -0.245154
6.205 0 0 0 0 -0.131049 -0.13123 -0.131187 -0.131105 -0.247277 -0.247359 -0.247369 -0.247336 -0.308424 -0.308382 -0.308383 -0.308424
6.225 0 0 0 0 -0.118604 -0.118467 -0.118456 -0.118404 -0.25673 -0.256794 -0.256775 -0.256711 -0.33825 -0.338218 -0.338228 -0.33827
6.245 0 0 0 0 -0.106968 -0.106995 -0.107082 -0.10696 -0.242881 -0.242983 -0.243005 -0.242885 -0.325158 -0.325096 -0.325072 -0.32511
6.265 0 0 0 0 -0.111577 -0.111686 -0.111722 -0.111573 -0.211748 -0.211752 -0.21178 -0.211767 -0.273336 -0.27332 -0.273334 -0.273367
6.285 0 0 0 0 -0.107424 -0.107604 -0.107657 -0.107458 -0.167252 -0.167241 -0.167256 -0.167273 -0.190417 -0.190374 -0.190338 -0.19034
6.305 0 0 0 0 -0.074577 -0.0746607 -0.0746694 -0.0745182 -0.106842 -0.106848 -0.106822 -0.106777 -0.0959138 -0.0959027 -0.0959194 -0.0959525
6.325 0 0 0 0 -0.0148433 -0.0148486 -0.0148441 -0.0148173 -0.0217213 -0.021753 -0.0217491 -0.02171 -0.00641422 -0.00638913 -0.00636724 -0.00636739
6.345 0 0 0 0 0.0529529 0.0530252 0.0530429 0.0529331 0.0797687 0.0797842 0.0797934 0.0797802 0.0785254 0.0785005 0.0784823 0.0784874
6.365 0 0 0 0 0.105427 0.105532 0.105552 0.105361 0.167462 0.167498 0.167483 0.167411 0.165909 0.165874 0.165875 0.165914
6.385 0 0 0 0 0.128803 0.128925 0.128955 0.128727 0.220479 0.220501 0.220489 0.220427 0.253294 0.253249 0.253233 0.253263
6.405 0 0 0 0 0.126304 0.126379 0.126421 0.126237 0.244408 0.244412 0.244398 0.244342 0.320929 0.320896 0.32089 0.32092
6.425 0 0 0 0 0.115585 0.115585 0.11558 0.115663 0.253663 0.253724 0.253746 0.253741 0.347319 0.347286 0.347279 0.347307
6.445 0 0 0 0 0.110111 0.110206 0.110113 0.110141 0.248844 0.249003 0.248975 0.248831 0.326131 0.326088 0.326111 0.326182
6.465 0 0 0 0 0.115629 0.115762 0.115735 0.115661 0.224 0.224074 0.224042 0.22398 0.270306 0.270259 0.270255 0.270291
6.485 0 0 0 0 0.106185 0.106373 0.106341 0.106174 0.170377 0.170382 0.170366 0.170358 0.189527 0.189522 0.189558 0.189606
6.505 0 0 0 0 0.0644735 0.0646172 0.0646132 0.0645342 0.095287 0.0953091 0.0953374 0.095354 0.0977771 0.0977523 0.0977358 0.0977402
6.525 0 0 0 0 0.000926863 0.000909447 0.000906046 0.000928134 0.00768637 0.0077163 0.00772073 0.0076992 0.00572022 0.00572607 0.00574928 0.00576958
6.545 0 0 0 0 -0.0594786 -0.0596163 -0.0595998 -0.0594998 -0.0851556 -0.0851549 -0.0851454 -0.0851439 -0.0856139 -0.0856116 -0.0856306 -0.0856533
6.565 0 0 0 0 -0.0899454 -0.0900778 -0.0900619 -0.090008 -0.158018 -0.158103 -0.158118 -0.158073 -0.169592 -0.169554 -0.169553 -0.169588
6.585 0 0 0 0 -0.0996609 -0.0997623 -0.0997355 -0.0997237 -0.201184 -0.201291 -0.201305 -0.201244 -0.246181 -0.246148 -0.246163 -0.246213
6.605 0 0 0 0 -0.110407 -0.110532 -0.110495 -0.110466 -0.227781 -0.227856 -0.227872 -0.22785 -0.30712 -0.30709 -0.307095 -0.307131
6.625 0 0 0 0 -0.131996 -0.131945 -0.131927 -0.131811 -0.259765 -0.259792 -0.259777 -0.259736 -0.342469 -0.342445 -0.342458 -0.342496
6.645 0 0 0 0 -0.12593 -0.126004 -0.12611 -0.125931 -0.259848 -0.25998 -0.260016 -0.259876 -0.319092 -0.319033 -0.319014 -0.319059
6.665 0 0 0 0 -0.114459 -0.114544 -0.114586 -0.114434 -0.220304 -0.220363 -0.220411 -0.220357 -0.260735 -0.260695 -0.26069 -0.260727
6.685 0 0 0 0 -0.0936322 -0.093796 -0.093831 -0.0936567 -0.149513 -0.149486 -0.149498 -0.14953 -0.181284 -0.181248 -0.181214 -0.18121
6.705 0 0 0 0 -0.0556469 -0.0557307 -0.0557235 -0.0555774 -0.0765983 -0.0765447 -0.0765152 -0.0765312 -0.0908338 -0.0908406 -0.0908554 -0.0908664
6.725 0 0 0 0 -0.00196838 -0.00195097 -0.00195312 -0.00196334 -0.00673909 -0.00676929 -0.00676548 -0.00672746 0.00284123 0.00286701 0.0028954 0.00290178
6.745 0 0 0 0 0.0465191 0.0466171 0.046636 0.0465155 0.0682188 0.0681888 0.0682017 0.0682382 0.087186 0.087171 0.0871449 0.0871304
6.765 0 0 0 0 0.0830024 0.0830514 0.0830655 0.0829384 0.146589 0.146616 0.146597 0.146528 0.163717 0.163692 0.163699 0.163735
6.785 0 0 0 0 0.115471 0.115534 0.115563 0.115394 0.21174 0.211795 0.211785 0.21169 0.241817 0.241763 0.241743 0.241776
6.805 0 0 0 0 0.140127 0.140259 0.140304 0.140073 0.251877 0.25189 0.251874 0.251818 0.311379 0.311342 0.311337 0.311371
6.825 0 0 0 0 0.148063 0.148149 0.148137 0.148095 0.275947 0.275984 0.276019 0.276054 0.354167 0.354136 0.35413 0.35415
6.845 0 0 0 0 0.130459 0.130605 0.130599 0.13064 0.277599 0.277758 0.277753 0.277628 0.3518 0.351757 0.35179 0.351871
6.865 0 0 0 0 0.114359 0.114413 0.114404 0.114431 0.250333 0.250465 0.250463 0.250384 0.313516 0.313443 0.313413 0.313447
6.885 0 0 0 0 0.103248 0.103372 0.103296 0.103191 0.194143 0.194162 0.19414 0.194117 0.245705 0.245704 0.245756 0.245818
6.905 0 0 0 0 0.0755954 0.0757159 0.075677 0.075565 0.121755 0.121768 0.121798 0.121835 0.149122 0.149094 0.149067 0.149061
6.925 0 0 0 0 0.0188909 0.0189885 0.0191348 0.0191426 0.0270396 0.0270633 0.0270537 0.0270363 0.0220489 0.0220574 0.0220909 0.0221182
6.945 0 0 0 0 -0.0453095 -0.0453732 -0.045248 -0.045146 -0.0822753 -0.0822714 -0.0822623 -0.0822665 -0.109238 -0.10925 -0.109286 -0.109316
6.965 0 0 0 0 -0.104007 -0.104155 -0.104145 -0.104087 -0.190406 -0.190494 -0.190528 -0.190517 -0.227302 -0.227252 -0.227224 -0.227241
6.985 0 0 0 0 -0.142869 -0.143078 -0.143066 -0.143027 -0.271117 -0.271247 -0.271251 -0.271172 -0.32085 -0.32082 -0.320867 -0.320949
7.005 0 0 0 0 -0.168131 -0.16838 -0.168362 -0.168317 -0.318137 -0.318269 -0.3183 -0.318257 -0.390797 -0.390728 -0.390706 -0.390747
7.025 0 0 0 0 -0.175929 -0.175793 -0.175787 -0.175685 -0.33483 -0.334845 -0.3348 -0.334725 -0.424245 -0.424228 -0.424269 -0.424334
7.045 0 0 0 0 -0.161848 -0.161855 -0.161929 -0.161721 -0.322199 -0.322244 -0.322259 -0.322145 -0.409425 -0.40934 -0.40929 -0.409322
7.065 0 0 0 0 -0.137369 -0.13738 -0.137389 -0.137292 -0.272778 -0.272808 -0.272807 -0.272758 -0.342861 -0.342853 -0.34291 -0.342987
7.085 0 0 0 0 -0.106972 -0.107115 -0.107209 -0.107078 -0.194379 -0.194423 -0.194475 -0.19448 -0.239443 -0.239368 -0.239292 -0.239279
7.105 0 0 0 0 -0.0653493 -0.065337 -0.0653774 -0.0652779 -0.102263 -0.102287 -0.102268 -0.102199 -0.115232 -0.115237 -0.115283 -0.11533
7.125 0 0 0 0 -0.00919352 -0.00948377 -0.0098005 -0.010198 -0.00369387 -0.00369302 -0.00368609 -0.00363119 0.0138963 0.0139311 0.0139734 0.0139813
7.145 0 0 0 0 0.0517113 0.0517184 0.0517985 0.0517696 0.105932 0.10599 0.106011 0.10597 0.137679 0.137639 0.137615 0.137627
7.165 0 0 0 0 0.117756 0.117871 0.118037 0.117978 0.21136 0.211396 0.211389 0.211306 0.249445 0.24942 0.249437 0.249482
7.185 0 0 0 0 0.171349 0.171565 0.171758 0.171582 0.295883 0.295919 0.295906 0.295808 0.345516 0.345438 0.345389 0.345414
7.205 0 0 0 0 0.196803 0.196947 0.197057 0.196803 0.348131 0.348148 0.348089 0.347953 0.416016 0.415973 0.415997 0.416071
7.225 0 0 0 0 0.186994 0.187151 0.187283 0.187518 0.359716 0.359794 0.35982 0.359832 0.445938 0.445871 0.445831 0.445856
7.245 0 0 0 0 0.161419 0.161584 0.161717 0.161718 0.336698 0.336795 0.336774 0.336746 0.432306 0.432286 0.432373 0.432486
7.265 0 0 0 0 0.139815 0.140002 0.140004 0.139954 0.286187 0.286277 0.286319 0.286305 0.373119 0.373028 0.372951 0.372949
7.285 0 0 0 0 0.116406 0.116585 0.116428 0.116259 0.215151 0.215182 0.215133 0.21507 0.269581 0.269596 0.269686 0.269775
7.305 0 0 0 0 0.0838922 0.0826199 0.0820201 0.0814146 0.125756 0.125981 0.126153 0.126278 0.133377 0.133296 0.133225 0.133216
7.325 0 0 0 0 0.0623868 0.0633305 0.0640742 0.0644128 0.0261271 0.0259396 0.025868 0.0259612 -0.00602572 -0.00591848 -0.00581135 -0.00581094
7.345 0 0 0 0 0.0187391 0.0191493 0.0194707 0.0193347 -0.0747589 -0.0749331 -0.074916 -0.0747524 -0.132507 -0.132542 -0.132651 -0.132735
7.365 0 0 0 0 -0.0719462 -0.0717162 -0.0712951 -0.07131 -0.161324 -0.161516 -0.161688 -0.161722 -0.228642 -0.228539 -0.228436 -0.228428
7.385 0 0 0 0 -0.167237 -0.167809 -0.167803 -0.167635 -0.240627 -0.240581 -0.240603 -0.240687 -0.285398 -0.285444 -0.285524 -0.285568
7.405 0 0 0 0 -0.216662 -0.217201 -0.217307 -0.217182 -0.310645 -0.310723 -0.310757 -0.310764 -0.315747 -0.315669 -0.31563 -0.31566
7.425 0 0 0 0 -0.217936 -0.218278 -0.218239 -0.218146 -0.346674 -0.346846 -0.34682 -0.34668 -0.352247 -0.352193 -0.352241 -0.352346
7.445 0 0 0 0 -0.20164 -0.2013 -0.201223 -0.201412 -0.337349 -0.337395 -0.337377 -0.337372 -0.400813 -0.400766 -0.400755 -0.400784
7.465 0 0 0 0 -0.169539 -0.169382 -0.16939 -0.169403 -0.306158 -0.306155 -0.306212 -0.306186 -0.421606 -0.421554 -0.421495 -0.421486
7.485 0 0 0 0 -0.116591 -0.11635 -0.116431 -0.116612 -0.270319 -0.270415 -0.270424 -0.27027 -0.37323 -0.37317 -0.373153 -0.373195
7.505 0 0 0 0 -0.0797129 -0.0796339 -0.0797812 -0.0799231 -0.211291 -0.211446 -0.211414 -0.211207 -0.266316 -0.266224 -0.266182 -0.266225
7.525 0 0 0 0 -0.0666827 -0.0666955 -0.0669071 -0.067343 -0.117324 -0.117353 -0.11724 -0.117047 -0.130326 -0.130313 -0.130349 -0.130407
7.545 0 0 0 0 -0.0557819 -0.0554359 -0.0550964 -0.0547141 -0.0107573 -0.0107576 -0.0108306 -0.0109805 0.0124431 0.0124674 0.0125449 0.0126156
7.565 0 0 0 0 -0.0215996 -0.0216099 -0.0215493 -0.0215276 0.0823422 0.0824949 0.0824915 0.0823099 0.142909 0.142818 0.142731 0.142725
7.585 0 0 0 0 0.0613387 0.0612853 0.0613601 0.0613669 0.15304 0.153034 0.152981 0.152883 0.236773 0.236767 0.236805 0.236853
7.605 0 0 0 0 0.149314 0.149439 0.149414 0.149001 0.218597 0.218532 0.218561 0.218635 0.275628 0.275585 0.275508 0.275462
7.625 0 0 0 0 0.197022 0.197158 0.197186 0.196854 0.284241 0.284276 0.284253 0.284169 0.281416 0.281374 0.281396 0.281465
7.645 0 0 0 0 0.199189 0.199356 0.199489 0.199397 0.31218 0.312323 0.312319 0.312127 0.297299 0.297195 0.297143 0.297193
7.665 0 0 0 0 0.178924 0.178874 0.17879 0.179068 0.285964 0.285963 0.285998 0.285985 0.332414 0.332363 0.332332 0.332354
7.685 0 0 0 0 0.142619 0.142803 0.142455 0.141941 0.240644 0.240562 0.240538 0.240594 0.345869 0.345966 0.346124 0.346206
7.705 0 0 0 0 0.0920079 0.0919848 0.0918528 0.0919133 0.209195 0.209394 0.209503 0.209504 0.297867 0.297791 0.297723 0.297729
7.725 0 0 0 0 0.0549821 0.0549754 0.0550684 0.0554059 0.165874 0.166128 0.166154 0.165964 0.197236 0.197202 0.197257 0.197349
7.745 0 0 0 0 0.0519463 0.0519998 0.0520687 0.0521221 0.0862488 0.0863124 0.0863313 0.0863022 0.0843111 0.0842624 0.0842277 0.0842337
7.765 0 0 0 0 0.0425354 0.0427683 0.042793 0.0425502 -0.0103155 -0.0105071 -0.0105521 -0.0104225 -0.0263548 -0.026308 -0.0262988 -0.0263362
7.785 0 0 0 0 -0.00901919 -0.00888258 -0.00887892 -0.00909781 -0.0868099 -0.0869755 -0.0869996 -0.086888 -0.129902 -0.129882 -0.129908 -0.12996
7.805 0 0 0 0 -0.0890432 -0.0892823 -0.0893087 -0.089278 -0.144563 -0.144526 -0.144541 -0.144624 -0.205891 -0.205887 -0.205876 -0.205866
7.825 0 0 0 0 -0.147617 -0.147982 -0.14794 -0.147773 -0.207505 -0.207469 -0.207457 -0.207501 -0.241894 -0.241897 -0.241924 -0.241952
7.845 0 0 0 0 -0.165368 -0.165601 -0.16555 -0.165553 -0.262622 -0.262767 -0.262782 -0.262679 -0.259058 -0.258991 -0.258984 -0.259039
7.865 0 0 0 0 -0.164426 -0.164306 -0.164425 -0.164566 -0.2774 -0.277485 -0.277429 -0.277271 -0.289542 -0.289526 -0.289604 -0.28971
7.885 0 0 0 0 -0.151294 -0.151242 -0.151328 -0.151109 -0.24606 -0.246099 -0.246107 -0.246143 -0.317532 -0.317428 -0.317279 -0.317215
7.905 0 0 0 0 -0.120117 -0.12 -0.119783 -0.119603 -0.214428 -0.214333 -0.214247 -0.214208 -0.306214 -0.306289 -0.306444 -0.306544
7.925 0 0 0 0 -0.0786761 -0.0786591 -0.0786734 -0.0786331 -0.188156 -0.188298 -0.18837 -0.188257 -0.241655 -0.241553 -0.241455 -0.241446
7.945 0 0 0 0 -0.0587213 -0.0586136 -0.0587171 -0.0588357 -0.138398 -0.138539 -0.138524 -0.138348 -0.150186 -0.150153 -0.150194 -0.150276
7.965 0 0 0 0 -0.054324 -0.0544367 -0.0544973 -0.0544083 -0.0571462 -0.0571109 -0.0571212 -0.0571647 -0.0566492 -0.0566446 -0.0566212 -0.0566004
7.985 0 0 0 0 -0.0285199 -0.0287746 -0.0288048 -0.0286623 0.0235928 0.0237363 0.0237405 0.0235943 0.0373537 0.0373313 0.0373468 0.0373873
8.005 0 0 0 0 0.0347784 0.034766 0.0348165 0.0348139 0.0849996 0.085032 0.0850512 0.0850218 0.126071 0.126034 0.126001 0.126001
8.025 0 0 0 0 0.107409 0.107549 0.107574 0.10733 0.148607 0.1485 0.148482 0.148545 0.194253 0.194279 0.194306 0.194311
8.045 0 0 0 0 0.151503 0.151647 0.151695 0.151396 0.224963 0.224974 0.224975 0.224938 0.240813 0.240752 0.240704 0.240712
8.065 0 0 0 0 0.164526 0.164506 0.164584 0.164477 0.281092 0.28122 0.281183 0.280977 0.285598 0.285533 0.285543 0.285624
8.085 0 0 0 0 0.164723 0.164657 0.164527 0.164729 0.287505 0.287603 0.287663 0.287634 0.335533 0.33544 0.33536 0.335361
8.105 0 0 0 0 0.154563 0.154817 0.154655 0.154641 0.260508 0.260462 0.26046 0.260447 0.357508 0.357586 0.357744 0.357846
8.125 0 0 0 0 0.122653 0.12287 0.123239 0.123485 0.23242 0.232536 0.232627 0.232691 0.31709 0.316977 0.316828 0.316764
8.145 0 0 0 0 0.0906516 0.0907518 0.0907827 0.090882 0.19955 0.199711 0.199661 0.19949 0.229543 0.229535 0.229627 0.229739
8.165 0 0 0 0 0.0790922 0.0790827 0.078959 0.0789771 0.134542 0.134654 0.134667 0.134578 0.133603 0.133529 0.133487 0.133512
8.185 0 0 0 0 0.0653165 0.0654801 0.0654053 0.0652034 0.0460195 0.0458991 0.0458741 0.0459654 0.0430321 0.0430727 0.0430946 0.0430763
8.205 0 0 0 0 0.0213161 0.0213995 0.0213408 0.0210806 -0.0279376 -0.0280631 -0.0280569 -0.0279298 -0.0436552 -0.0436251 -0.0436173 -0.0436379
8.225 0 0 0 0 -0.0507494 -0.0508592 -0.0508133 -0.0507205 -0.0822674 -0.0822335 -0.0822153 -0.0822463 -0.119699 -0.119707 -0.11973 -0.119748
8.245 0 0 0 0 -0.112197 -0.112495 -0.112467 -0.112312 -0.143888 -0.143818 -0.143825 -0.143923 -0.173837 -0.173836 -0.173818 -0.173797
8.265 0 0 0 0 -0.142815 -0.143105 -0.143057 -0.142986 -0.217239 -0.21732 -0.217321 -0.217265 -0.218545 -0.218522 -0.218562 -0.21863
8.285 0 0 0 0 -0.149408 -0.149541 -0.149476 -0.149546 -0.261891 -0.262091 -0.26212 -0.261995 -0.270913 -0.270843 -0.270843 -0.27091
8.305 0 0 0 0 -0.148661 -0.148612 -0.148592 -0.148617 -0.26151 -0.26152 -0.261509 -0.261463 -0.324422 -0.324421 -0.324478 -0.324546
8.325 0 0 0 0 -0.14323 -0.143014 -0.142865 -0.142852 -0.243292 -0.243294 -0.243315 -0.243384 -0.34281 -0.342775 -0.342742 -0.342737
8.345 0 0 0 0 -0.120994 -0.121083 -0.121403 -0.121419 -0.228365 -0.228404 -0.228367 -0.228312 -0.298673 -0.29863 -0.298592 -0.298592
8.365 0 0 0 0 -0.0910515 -0.091079 -0.0914607 -0.0916223 -0.193887 -0.194025 -0.193988 -0.193774 -0.209238 -0.20915 -0.209119 -0.209169
8.385 0 0 0 0 -0.0686683 -0.068655 -0.0686099 -0.0685511 -0.114346 -0.114383 -0.114358 -0.11426 -0.112441 -0.112414 -0.112415 -0.112447
8.405 0 0 0 0 -0.0393182 -0.0394929 -0.0394264 -0.0392123 -0.0132956 -0.0131659 -0.0131643 -0.0132952 -0.0184194 -0.018448 -0.0184467 -0.0184162
8.425 0 0 0 0 0.0219571 0.0218932 0.0219725 0.0220732 0.0712556 0.0713305 0.0713159 0.0712047 0.0821648 0.0821337 0.082127 0.082151
8.445 0 0 0 0 0.0999987 0.100163 0.100217 0.100003 0.142111 0.142033 0.142015 0.142054 0.182369 0.182351 0.182328 0.182319
8.465 0 0 0 0 0.149997 0.150107 0.150091 0.149743 0.218615 0.218542 0.218519 0.218536 0.259599 0.259597 0.259608 0.259622
8.485 0 0 0 0 0.159979 0.16007 0.160265 0.160311 0.285283 0.285414 0.285399 0.285199 0.312622 0.312524 0.312476 0.312522
8.505 0 0 0 0 0.158265 0.158283 0.158381 0.158716 0.304029 0.304143 0.30416 0.304093 0.35121 0.351147 0.351139 0.351191
8.525 0 0 0 0 0.157934 0.158092 0.157801 0.157333 0.275767 0.275755 0.275728 0.275815 0.363409 0.363447 0.363544 0.363618
8.545 0 0 0 0 0.143724 0.143853 0.143589 0.14344 0.242177 0.242179 0.242225 0.242306 0.325497 0.325463 0.325445 0.32546
8.565 0 0 0 0 0.114796 0.114891 0.114914 0.115063 0.209223 0.209367 0.209389 0.209298 0.240607 0.240567 0.240585 0.240641
8.585 0 0 0 0 0.0871311 0.0871991 0.0872397 0.0873008 0.147182 0.147317 0.147329 0.147239 0.139625 0.139579 0.139578 0.139623
8.605 0 0 0 0 0.0563864 0.0565409 0.0565901 0.0565306 0.0523416 0.0522943 0.0522831 0.0523184 0.0455783 0.0455842 0.0455825 0.0455735
8.625 0 0 0 0 0.00790317 0.00802313 0.00800907 0.00780596 -0.0398979 -0.0400506 -0.0400602 -0.0399297 -0.0435221 -0.0434951 -0.0435091 -0.0435522
8.645 0 0 0 0 -0.068309 -0.0685032 -0.0685607 -0.0685662 -0.113123 -0.113146 -0.113153 -0.113156 -0.136345 -0.136331 -0.136332 -0.136347
8.665 0 0 0 0 -0.135551 -0.13593 -0.135926 -0.135749 -0.182117 -0.18205 -0.182047 -0.182137 -0.219047 -0.219054 -0.219068 -0.219077
8.685 0 0 0 0 -0.163307 -0.163636 -0.163602 -0.163548 -0.254748 -0.254809 -0.254814 -0.254793 -0.282767 -0.282736 -0.282748 -0.282791
8.705 0 0 0 0 -0.164603 -0.16466 -0.164505 -0.164548 -0.303358 -0.303581 -0.3036 -0.303452 -0.335574 -0.335509 -0.335535 -0.335627
8.725 0 0 0 0 -0.163842 -0.163722 -0.163685 -0.163624 -0.30247 -0.302499 -0.302472 -0.302424 -0.372527 -0.372511 -0.372553 -0.372619
8.745 0 0 0 0 -0.167467 -0.167163 -0.167088 -0.166904 -0.272975 -0.272965 -0.273038 -0.273088 -0.369767 -0.369739 -0.369714 -0.36971
8.765 0 0 0 0 -0.154115 -0.154374 -0.154766 -0.154655 -0.250032 -0.250025 -0.250094 -0.250134 -0.312828 -0.31277 -0.312702 -0.312679
8.785 0 0 0 0 -0.124093 -0.124308 -0.124808 -0.125019 -0.2209 -0.221014 -0.220972 -0.220798 -0.22493 -0.224835 -0.224793 -0.22484
8.805 0 0 0 0 -0.0938069 -0.0937932 -0.0938024 -0.0937667 -0.150973 -0.151024 -0.150964 -0.15082 -0.143047 -0.143003 -0.142989 -0.143022
8.825 0 0 0 0 -0.0575133 -0.0576442 -0.0575751 -0.0573484 -0.0522179 -0.0520815 -0.0520472 -0.0521308 -0.0690797 -0.0691022 -0.0691027 -0.0690797
8.845 0 0 0 0 0.00275515 0.00270575 0.00280773 0.00293291 0.0306021 0.0306949 0.0306906 0.0305845 0.0153563 0.0153263 0.0153181 0.0153395
8.865 0 0 0 0 0.0681772 0.0683395 0.0684046 0.0682464 0.0853687 0.0852947 0.0852675 0.0853017 0.104973 0.104959 0.104934 0.104919
8.885 0 0 0 0 0.104761 0.104864 0.104824 0.104527 0.141653 0.141543 0.14151 0.141564 0.178558 0.178579 0.178597 0.178596
8.905 0 0 0 0 0.106134 0.106116 0.106155 0.106054 0.20023 0.200325 0.200325 0.200196 0.228133 0.228054 0.228008 0.228037
8.925 0 0 0 0 0.103472 0.103282 0.103291 0.103269 0.226942 0.227089 0.227069 0.226861 0.262947 0.262899 0.262923 0.263
8.945 0 0 0 0 0.115073 0.115237 0.115363 0.115315 0.214885 0.214907 0.214922 0.214908 0.282014 0.28196 0.281914 0.281917
8.965 0 0 0 0 0.128912 0.128984 0.128996 0.129087 0.196129 0.196034 0.196055 0.196082 0.266384 0.266389 0.266387 0.266387
8.985 0 0 0 0 0.123535 0.123506 0.123548 0.1239 0.187282 0.187327 0.187334 0.187293 0.211935 0.211917 0.211932 0.211967
9.005 0 0 0 0 0.101625 0.101468 0.101145 0.101139 0.164596 0.164749 0.164749 0.164642 0.147658 0.147619 0.147641 0.147699
9.025 0 0 0 0 0.0748628 0.0748525 0.0747054 0.0746155 0.109716 0.109773 0.109781 0.109747 0.103214 0.103184 0.103182 0.103209
9.045 0 0 0 0 0.0371952 0.0373837 0.0374692 0.0373928 0.0407238 0.0406376 0.0406287 0.0407066 0.067981 0.0680167 0.068042 0.0680349
9.065 0 0 0 0 -0.0121957 -0.0121648 -0.0121024 -0.0120822 -0.0106172 -0.0106527 -0.010643 -0.0105896 0.0173268 0.0173304 0.0173131 0.0172909
9.085 0 0 0 0 -0.0544368 -0.0546095 -0.0545832 -0.0544277 -0.0471166 -0.0470402 -0.0470544 -0.0471502 -0.0494966 -0.0494981 -0.0494742 -0.0494447
9.105 0 0 0 0 -0.0679402 -0.068142 -0.0681373 -0.0680334 -0.0922405 -0.0922022 -0.0921984 -0.0922464 -0.115023 -0.115039 -0.115069 -0.115085
9.125 0 0 0 0 -0.0619915 -0.0619866 -0.0619675 -0.0621021 -0.139481 -0.139615 -0.139635 -0.139557 -0.167022 -0.166978 -0.166967 -0.166997
9.145 0 0 0 0 -0.0685466 -0.0685153 -0.0684484 -0.0685219 -0.166271 -0.166409 -0.166414 -0.16629 -0.207531 -0.2075 -0.207536 -0.207608
9.165 0 0 0 0 -0.0982174 -0.0982608 -0.0982883 -0.098287 -0.173979 -0.173915 -0.173909 -0.173918 -0.232421 -0.232417 -0.232423 -0.232435
9.185 0 0 0 0 -0.122977 -0.122995 -0.122991 -0.122941 -0.179946 -0.179904 -0.179906 -0.179943 -0.226187 -0.226169 -0.226162 -0.226171
9.205 0 0 0 0 -0.118826 -0.119097 -0.119261 -0.11917 -0.185021 -0.18505 -0.185051 -0.184996 -0.193069 -0.193014 -0.192967 -0.192973
9.225 0 0 0 0 -0.0929159 -0.0929164 -0.0930085 -0.0929137 -0.162526 -0.162613 -0.162568 -0.162428 -0.156746 -0.156703 -0.15672 -0.156782
9.245 0 0 0 0 -0.0586829 -0.0586431 -0.0586028 -0.0584986 -0.103222 -0.103233 -0.103226 -0.103185 -0.126181 -0.126162 -0.126152 -0.126161
9.265 0 0 0 0 -0.0213261 -0.0213592 -0.0213141 -0.0212617 -0.0378445 -0.0377707 -0.0377722 -0.0378306 -0.0834927 -0.08351 -0.0835175 -0.0835082
9.285 0 0 0 0 0.0191584 0.0192199 0.0192308 0.0191703 0.0103899 0.0103816 0.0103687 0.0103633 -0.0121324 -0.0121346 -0.0121288 -0.0121192
9.305 0 0 0 0 0.0445707 0.0446725 0.0446625 0.0445139 0.0502448 0.0501708 0.0501686 0.0502332 0.0707817 0.0707898 0.0707802 0.0707609
9.325 0 0 0 0 0.0500356 0.050009 0.0500012 0.0499285 0.0994064 0.0993994 0.0993888 0.0993637 0.139161 0.139155 0.139163 0.139178
9.345 0 0 0 0 0.0567717 0.0566473 0.0566846 0.0567145 0.147517 0.147629 0.14763 0.147487 0.185974 0.185916 0.185892 0.185924
9.365 0 0 0 0 0.0828489 0.082762 0.0827917 0.0827369 0.173224 0.173294 0.173277 0.173179 0.214415 0.214379 0.214385 0.214428
9.385 0 0 0 0 0.115392 0.115465 0.115535 0.115558 0.180216 0.180201 0.180198 0.18023 0.223288 0.223259 0.223229 0.223223
9.405 0 0 0 0 0.13056 0.130523 0.130574 0.130772 0.184272 0.184265 0.184257 0.184256 0.2113 0.211276 0.211263 0.211274
9.425 0 0 0 0 0.118752 0.118805 0.118651 0.11853 0.18336 0.183455 0.183442 0.18337 0.189385 0.18939 0.189469 0.189553
9.445 0 0 0 0 0.0878114 0.0879808 0.0881682 0.0882671 0.156149 0.156271 0.156286 0.156217 0.166556 0.166489 0.166448 0.166465
9.465 0 0 0 0 0.0532279 0.0533801 0.0534762 0.0535475 0.104185 0.104203 0.104181 0.104144 0.140907 0.140915 0.140948 0.140979
9.485 0 0 0 0 0.0215484 0.0215458 0.0214995 0.0214903 0.0503842 0.0503666 0.0503637 0.0504008 0.0952887 0.0952832 0.0952731 0.0952672
9.505 0 0 0 0 -0.00717031 -0.00723635 -0.00727095 -0.00723626 0.00700173 0.00701576 0.00700752 0.00699016 0.0224371 0.0224452 0.0224569 0.0224628
9.525 0 0 0 0 -0.0238565 -0.0239612 -0.024003 -0.0239973 -0.0339477 -0.0339074 -0.0338982 -0.0339367 -0.0570845 -0.0570967 -0.0570991 -0.0570899
9.545 0 0 0 0 -0.0313593 -0.0313707 -0.0313556 -0.0314128 -0.0806413 -0.0806842 -0.0806833 -0.0806593 -0.118995 -0.118982 -0.118985 -0.119002
9.565 0 0 0 0 -0.0465022 -0.0464871 -0.0464427 -0.0465612 -0.122533 -0.122651 -0.122653 -0.122561 -0.157638 -0.15761 -0.157625 -0.157669
9.585 0 0 0 0 -0.0820282 -0.0821529 -0.0821216 -0.082159 -0.151894 -0.151952 -0.151969 -0.151929 -0.183463 -0.183437 -0.183442 -0.183474
9.605 0 0 0 0 -0.12228 -0.122358 -0.122188 -0.122017 -0.175821 -0.175821 -0.175841 -0.175886 -0.202514 -0.202514 -0.202539 -0.202567
9.625 0 0 0 0 -0.135677 -0.135609 -0.135631 -0.135637 -0.193049 -0.193032 -0.193027 -0.193047 -0.209308 -0.209297 -0.209317 -0.209348
9.645 0 0 0 0 -0.112255 -0.112197 -0.112329 -0.112315 -0.186831 -0.186932 -0.186968 -0.186896 -0.202857 -0.202763 -0.202662 -0.202644
9.665 0 0 0 0 -0.0735433 -0.0734219 -0.0734744 -0.073507 -0.151143 -0.151184 -0.151129 -0.151021 -0.185911 -0.185912 -0.185976 -0.186046
9.685 0 0 0 0 -0.0399495 -0.040003 -0.040059 -0.040044 -0.0989573 -0.0989684 -0.0989666 -0.0989319 -0.151936 -0.151898 -0.151853 -0.151839
9.705 0 0 0 0 -0.0157583 -0.0157433 -0.0157484 -0.0157419 -0.0470103 -0.0469792 -0.046954 -0.0469317 -0.0862573 -0.0862719 -0.0863023 -0.0863225
9.725 0 0 0 0 0.00166077 0.00168223 0.00168183 0.00167156 -0.00111505 -0.00113938 -0.00114448 -0.00112896 0.00204555 0.00205605 0.00206894 0.00207269
9.745 0 0 0 0 0.0140393 0.0140215 0.0140476 0.0140589 0.0453949 0.0453829 0.0453761 0.0453642 0.084741 0.0847344 0.0847243 0.0847187
9.765 0 0 0 0 0.0356067 0.0355284 0.0355497 0.0355652 0.0989062 0.0989391 0.0989232 0.0988498 0.144528 0.144506 0.144505 0.144526
9.785 0 0 0 0 0.0731933 0.0731396 0.0731674 0.0731128 0.14879 0.148856 0.148849 0.148754 0.181699 0.18166 0.181647 0.181673
9.805 0 0 0 0 0.113821 0.113951 0.113983 0.113803 0.181727 0.181746 0.181739 0.181694 0.203378 0.203349 0.203347 0.203375
9.825 0 0 0 0 0.133834 0.133973 0.133935 0.133856 0.194154 0.194184 0.194226 0.194272 0.213588 0.213535 0.213476 0.21346
9.845 0 0 0 0 0.121471 0.121613 0.121534 0.121447 0.187931 0.187946 0.187913 0.18786 0.212208 0.212238 0.212339 0.212425
9.865 0 0 0 0 0.0871471 0.0872812 0.0874491 0.0876813 0.162906 0.162997 0.163022 0.162982 0.196745 0.19667 0.196598 0.196588
9.885 0 0 0 0 0.0517294 0.0517329 0.0516934 0.0517718 0.12165 0.12171 0.121701 0.121632 0.163678 0.163686 0.163743 0.163807
9.905 0 0 0 0 0.0290188 0.0289514 0.0288602 0.0288847 0.071912 0.0719603 0.0719875 0.0719843 0.109413 0.109382 0.109354 0.109352
9.925 0 0 0 0 0.0166067 0.0166308 0.0165801 0.0165325 0.0254727 0.0254624 0.0254576 0.0254709 0.0370107 0.0370244 0.0370407 0.0370453
9.945 0 0 0 0 0.00335906 0.00338473 0.00337065 0.00329683 -0.0160951 -0.0161096 -0.0161069 -0.0160976 -0.0392384 -0.0392376 -0.0392361 -0.0392352
9.965 0 0 0 0 -0.0191302 -0.0191127 -0.0190687 -0.0190908 -0.0592523 -0.0592776 -0.0592761 -0.0592673 -0.0999677 -0.0999677 -0.0999828 -0.100002
9.985 0 0 0 0 -0.0502654 -0.0503157 -0.0502904 -0.0503419 -0.103996 -0.104054 -0.104067 -0.104042 -0.136017 -0.135995 -0.135988 -0.136001
10.005 0 0 0 0 -0.0829452 -0.0830965 -0.0830695 -0.0830641 -0.139865 -0.139927 -0.13993 -0.139885 -0.154155 -0.15414 -0.154165 -0.154208
10.025 0 0 0 0 -0.105073 -0.105181 -0.105108 -0.104989 -0.157683 -0.157741 -0.15776 -0.157748 -0.166694 -0.166666 -0.166665 -0.166687
10.045 0 0 0 0 -0.105049 -0.105127 -0.105237 -0.105318 -0.156982 -0.156963 -0.156927 -0.156897 -0.175501 -0.175507 -0.175545 -0.175585
10.065 0 0 0 0 -0.0845853 -0.0846014 -0.0846039 -0.0846143 -0.143311 -0.14329 -0.143286 -0.143302 -0.175136 -0.175104 -0.175074 -0.175072
10.085 0 0 0 0 -0.0609786 -0.0609179 -0.0608864 -0.0607735 -0.124015 -0.124053 -0.12405 -0.124005 -0.162196 -0.162165 -0.162157 -0.162178
10.105 0 0 0 0 -0.047372 -0.047297 -0.0473362 -0.0472775 -0.101765 -0.101813 -0.101828 -0.101771 -0.134679 -0.134657 -0.134653 -0.134668
10.125 0 0 0 0 -0.0444193 -0.044451 -0.0445253 -0.0445428 -0.0782286 -0.0782508 -0.0782717 -0.078245 -0.0958822 -0.0958572 -0.0958382 -0.0958432
10.145 0 0 0 0 -0.0394961 -0.0395368 -0.0395539 -0.0395007 -0.0513044 -0.0512929 -0.0512866 -0.0512881 -0.0504413 -0.0504398 -0.0504424 -0.0504468
10.165 0 0 0 0 -0.0204953 -0.0205504 -0.0205672 -0.0205115 -0.01737 -0.0173625 -0.017355 -0.0173591 -0.00448138 -0.00447209 -0.00446209 -0.00446015
10.185 0 0 0 0 0.00985261 0.00985597 0.00987675 0.0098812 0.0223831 0.0223877 0.0223958 0.022396 0.0345174 0.0345109 0.0345033 0.0345005
10.205 0 0 0 0 0.0447315 0.0447674 0.0447879 0.0447088 0.0664866 0.0664895 0.0664847 0.0664707 0.0704234 0.0704128 0.070412 0.0704223
10.225 0 0 0 0 0.071988 0.072032 0.0720412 0.0719009 0.106458 0.106471 0.106464 0.106434 0.108542 0.108519 0.10851 0.108522
10.245 0 0 0 0 0.0805006 0.0805883 0.0806535 0.0806134 0.130567 0.130587 0.130573 0.130514 0.145147 0.145119 0.145111 0.145131
10.265 0 0 0 0 0.0758354 0.0757575 0.0756844 0.0757254 0.138543 0.138586 0.138601 0.13857 0.173302 0.173263 0.173234 0.17324
10.285 0 0 0 0 0.0682787 0.0681283 0.068065 0.0681784 0.13637 0.136384 0.136381 0.136388 0.182942 0.182933 0.182945 0.182966
10.305 0 0 0 0 0.0651022 0.0650428 0.0650098 0.0651232 0.127932 0.127963 0.127952 0.127916 0.168357 0.168347 0.16837 0.16841
10.325 0 0 0 0 0.0644061 0.0643907 0.0642992 0.0642707 0.112705 0.112762 0.112775 0.112754 0.132667 0.132649 0.132649 0.132666
10.345 0 0 0 0 0.0608503 0.0609854 0.0609665 0.0608976 0.0887418 0.088764 0.0887596 0.0887364 0.089537 0.089533 0.0895571 0.0895874
10.365 0 0 0 0 0.0455791 0.0457134 0.0457541 0.0457247 0.055069 0.0550673 0.0550698 0.0550821 0.0493773 0.0493702 0.0493636 0.0493623
10.385 0 0 0 0 0.0137334 0.0137598 0.0137441 0.0137028 0.0136817 0.0136734 0.0136717 0.0136804 0.0115798 0.0115819 0.011589 0.0115951
10.405 0 0 0 0 -0.0257412 -0.0258144 -0.0258123 -0.0257692 -0.0303811 -0.0303769 -0.0303759 -0.0303826 -0.0271181 -0.0271172 -0.0271219 -0.0271281
10.425 0 0 0 0 -0.0561982 -0.0563485 -0.0563482 -0.0562904 -0.0722121 -0.0722098 -0.0722112 -0.0722205 -0.0692868 -0.0692808 -0.0692849 -0.0692948
10.445 0 0 0 0 -0.0684855 -0.0686029 -0.0685833 -0.0685646 -0.106209 -0.106245 -0.106249 -0.106232 -0.114034 -0.11402 -0.114027 -0.114048
10.465 0 0 0 0 -0.0698607 -0.0699049 -0.0698376 -0.0698333 -0.129293 -0.129357 -0.129363 -0.129324 -0.156946 -0.156932 -0.156951 -0.156985
10.485 0 0 0 0 -0.0695287 -0.0694929 -0.0695036 -0.0695742 -0.140463 -0.140489 -0.140478 -0.140444 -0.185575 -0.185565 -0.185584 -0.185616
10.505 0 0 0 0 -0.0730946 -0.0730397 -0.0730631 -0.0731421 -0.141812 -0.14183 -0.141824 -0.141824 -0.189277 -0.189255 -0.189242 -0.189249
10.525 0 0 0 0 -0.0771828 -0.077172 -0.0771965 -0.0771097 -0.135934 -0.135974 -0.135965 -0.135917 -0.166768 -0.166732 -0.166705 -0.166711
10.545 0 0 0 0 -0.076242 -0.0762595 -0.0763734 -0.076248 -0.120456 -0.120478 -0.120464 -0.120424 -0.129017 -0.128993 -0.128989 -0.129008
10.565 0 0 0 0 -0.0597492 -0.0598505 -0.0599799 -0.0599656 -0.0874261 -0.0874399 -0.0874372 -0.0874062 -0.0860486 -0.0860209 -0.0860009 -0.0860078
10.585 0 0 0 0 -0.0280373 -0.0280694 -0.0280794 -0.0280607 -0.039873 -0.039859 -0.0398424 -0.039832 -0.0433163 -0.0433201 -0.0433341 -0.0433463
10.605 0 0 0 0 0.0112314 0.0112503 0.0112623 0.0112577 0.0113591 0.0113661 0.0113646 0.0113551 0.0019541 0.00195516 0.00196619 0.00197813
10.625 0 0 0 0 0.0448909 0.0449629 0.044994 0.0449003 0.0574013 0.0573988 0.0574039 0.057408 0.0531304 0.0531155 0.053098 0.0530934
10.645 0 0 0 0 0.0627216 0.0627711 0.0627992 0.0626947 0.0955875 0.0955812 0.0955675 0.0955452 0.106642 0.106629 0.106632 0.106649
10.665 0 0 0 0 0.0671515 0.0671411 0.0671783 0.0671202 0.125434 0.125464 0.125457 0.125398 0.154753 0.154725 0.15471 0.154722
10.685 0 0 0 0 0.0690396 0.0688814 0.0688265 0.0688118 0.143609 0.14367 0.143671 0.143615 0.186598 0.186559 0.186544 0.186566
10.705 0 0 0 0 0.0762186 0.0762104 0.0762058 0.0762736 0.148989 0.149003 0.149013 0.149026 0.194882 0.19486 0.194852 0.194864
10.725 0 0 0 0 0.0842656 0.0843342 0.0843569 0.0844572 0.143798 0.143809 0.143794 0.143768 0.177863 0.177859 0.177891 0.177934
10.745 0 0 0 0 0.0840009 0.0839898 0.0838742 0.0837888 0.130424 0.130474 0.130493 0.130491 0.143238 0.143221 0.14322 0.143233
10.765 0 0 0 0 0.0698374 0.0698993 0.0698812 0.0698526 0.104249 0.104299 0.104302 0.104263 0.103858 0.103841 0.103857 0.103893
10.785 0 0 0 0 0.0425041 0.0426356 0.0427083 0.0427633 0.0635178 0.0635315 0.0635297 0.0635184 0.0672131 0.0672061 0.0672038 0.0672071
10.805 0 0 0 0 0.00705067 0.00706327 0.00706221 0.00704611 0.015816 0.0158112 0.0158081 0.015815 0.0287931 0.0287947 0.0288007 0.0288066
10.825 0 0 0 0 -0.0273978 -0.0274721 -0.0274681 -0.0274282 -0.0289381 -0.0289415 -0.0289442 -0.0289439 -0.0176674 -0.0176623 -0.0176662 -0.0176752
10.845 0 0 0 0 -0.0497932 -0.0499271 -0.049938 -0.0499011 -0.0675239 -0.067522 -0.0675242 -0.0675362 -0.0710657 -0.0710606 -0.0710618 -0.0710677
10.865 0 0 0 0 -0.0576417 -0.0577549 -0.0577539 -0.0577646 -0.100756 -0.100787 -0.100788 -0.100776 -0.122663 -0.122652 -0.122659 -0.122678
10.885 0 0 0 0 -0.06026 -0.0602559 -0.0601698 -0.0601654 -0.12631 -0.126391 -0.126401 -0.126355 -0.162456 -0.162437 -0.16245 -0.162484
10.905 0 0 0 0 -0.0680693 -0.0680196 -0.068008 -0.0680856 -0.140628 -0.140682 -0.140685 -0.140643 -0.182981 -0.182961 -0.182971 -0.183
10.925 0 0 0 0 -0.0815347 -0.081466 -0.0814615 -0.0815466 -0.142976 -0.142962 -0.142958 -0.142974 -0.180604 -0.180601 -0.180613 -0.180631
10.945 0 0 0 0 -0.0882801 -0.088223 -0.0882167 -0.0881974 -0.136769 -0.136788 -0.136803 -0.136796 -0.158179 -0.158143 -0.158107 -0.158105
10.965 0 0 0 0 -0.0797615 -0.0799495 -0.0800549 -0.0799861 -0.121137 -0.121154 -0.121146 -0.121096 -0.125545 -0.125522 -0.125516 -0.125534
10.985 0 0 0 0 -0.0564475 -0.0565078 -0.0565622 -0.056464 -0.0902512 -0.0902797 -0.0902631 -0.0902066 -0.0930298 -0.0930041 -0.0930001 -0.0930219
11.005 0 0 0 0 -0.0246845 -0.0246315 -0.0245818 -0.024512 -0.0463331 -0.0463347 -0.04632 -0.0463025 -0.060793 -0.0607967 -0.0608068 -0.0608158
11.025 0 0 0 0 0.00759759 0.00762301 0.00764728 0.00761644 -0.000768825 -0.000762005 -0.000768746 -0.000776722 -0.0205263 -0.0205238 -0.0205168 -0.0205113
11.045 0 0 0 0 0.0323173 0.0323827 0.0324003 0.0323218 0.038278 0.0382733 0.0382689 0.0382667 0.0317026 0.03169 0.0316796 0.0316806
11.065 0 0 0 0 0.0448011 0.0448153 0.0448069 0.044719 0.0719586 0.0719468 0.0719374 0.071927 0.0880714 0.088067 0.0880691 0.0880764
11.085 0 0 0 0 0.0493935 0.0493582 0.0493682 0.0493213 0.102349 0.102378 0.102374 0.102326 0.135342 0.135319 0.135311 0.135325
11.105 0 0 0 0 0.0567223 0.0566824 0.0567491 0.056778 0.125608 0.125661 0.125653 0.12559 0.164422 0.16439 0.16438 0.164402
11.125 0 0 0 0 0.0724116 0.0724064 0.0724484 0.0725058 0.136905 0.136938 0.136955 0.136956 0.172788 0.172756 0.172736 0.172743
11.145 0 0 0 0 0.0874579 0.0874432 0.0874519 0.0875449 0.136828 0.13685 0.13685 0.136822 0.16241 0.162396 0.1624 0.162421
