0.005 0 0 0 0 -5.82564e-06 -1.90215e-06 1.91881e-06 5.84225e-06 -1.12563e-06 -3.61302e-07 3.78234e-07 1.14257e-06 1.47481e-05 4.6941e-06 -4.6772e-06 -1.47312e-05
0.025 0 0 0 0 -5.29319e-06 -1.36803e-06 2.45293e-06 6.37469e-06 -5.34436e-07 2.29405e-07 9.6894e-07 1.73376e-06 1.53339e-05 5.27999e-06 -4.09132e-06 -1.41453e-05
0.045 0 0 0 0 -4.19189e-06 -2.6421e-07 3.55674e-06 7.47595e-06 1.06048e-06 1.82417e-06 2.56369e-06 3.32864e-06 1.69375e-05 6.88331e-06 -2.488e-06 -1.25418e-05
0.065 0 0 0 0 -3.15747e-06 7.70942e-07 4.59185e-06 8.51023e-06 3.26749e-06 4.03221e-06 4.77173e-06 5.53562e-06 1.94281e-05 9.37341e-06 2.09683e-09 -1.00512e-05
0.085 0 0 0 0 -2.37602e-06 1.55222e-06 5.37308e-06 9.2915e-06 5.47054e-06 6.23597e-06 6.97546e-06 7.73858e-06 2.25416e-05 1.24864e-05 3.11507e-06 -6.93781e-06
0.105 0 0 0 0 -1.7327e-06 2.19598e-06 6.01681e-06 9.93471e-06 7.27168e-06 8.03661e-06 8.77605e-06 9.53956e-06 2.56346e-05 1.55793e-05 6.20797e-06 -3.84487e-06
0.125 0 0 0 0 -1.18078e-06 2.74847e-06 6.56927e-06 1.04865e-05 8.63931e-06 9.40393e-06 1.01433e-05 1.09071e-05 2.78263e-05 1.77709e-05 8.39957e-06 -1.65323e-06
0.145 0 0 0 0 -7.77359e-07 3.15202e-06 6.9728e-06 1.08899e-05 9.47186e-06 1.02373e-05 1.09767e-05 1.17396e-05 2.85413e-05 1.84856e-05 9.11427e-06 -9.38204e-07
0.165 0 0 0 0 -6.50832e-07 3.27895e-06 7.09973e-06 1.10164e-05 9.36934e-06 1.01353e-05 1.08747e-05 1.16371e-05 2.77962e-05 1.77403e-05 8.36893e-06 -1.68336e-06
0.185 0 0 0 0 -1.08533e-06 2.84476e-06 6.66555e-06 1.05819e-05 8.0277e-06 8.793e-06 9.53241e-06 1.02955e-05 2.59031e-05 1.58475e-05 6.47613e-06 -3.57647e-06
0.205 0 0 0 0 -2.34664e-06 1.58183e-06 5.40262e-06 9.32062e-06 5.57101e-06 6.33564e-06 7.07506e-06 7.8388e-06 2.30762e-05 1.30211e-05 3.64977e-06 -6.40331e-06
0.225 0 0 0 0 -4.26941e-06 -3.44669e-07 3.47611e-06 7.39786e-06 2.3515e-06 3.11617e-06 3.85558e-06 4.61929e-06 1.94052e-05 9.35052e-06 -2.08546e-08 -1.00744e-05
0.245 0 0 0 0 -6.27241e-06 -2.35106e-06 1.46973e-06 5.39486e-06 -1.29313e-06 -5.28659e-07 2.10755e-07 9.74649e-07 1.50365e-05 4.98236e-06 -4.38902e-06 -1.4443e-05
0.265 0 0 0 0 -7.91777e-06 -3.99792e-06 -1.772e-07 3.74929e-06 -4.97245e-06 -4.20889e-06 -3.4695e-06 -2.70476e-06 1.02816e-05 2.28129e-07 -9.14327e-06 -1.9198e-05
0.285 0 0 0 0 -9.23323e-06 -5.31422e-06 -1.49355e-06 2.43362e-06 -8.24587e-06 -7.48293e-06 -6.74359e-06 -5.97832e-06 5.66369e-06 -4.38934e-06 -1.37608e-05 -2.3816e-05
0.305 0 0 0 0 -1.04069e-05 -6.48947e-06 -2.66885e-06 1.25976e-06 -1.08494e-05 -1.00863e-05 -9.34696e-06 -8.58195e-06 1.88608e-06 -8.16673e-06 -1.75382e-05 -2.75937e-05
0.325 0 0 0 0 -1.14148e-05 -7.49902e-06 -3.67842e-06 2.5186e-07 -1.27108e-05 -1.19478e-05 -1.12085e-05 -1.04435e-05 -4.29786e-07 -1.04824e-05 -1.98538e-05 -2.99096e-05
0.345 0 0 0 0 -1.20432e-05 -8.12853e-06 -4.30794e-06 -3.76655e-07 -1.36676e-05 -1.29051e-05 -1.21658e-05 -1.14003e-05 -1.09074e-06 -1.1143e-05 -2.05145e-05 -3.05706e-05
0.365 0 0 0 0 -1.20734e-05 -8.15905e-06 -4.33846e-06 -4.06841e-07 -1.34208e-05 -1.26585e-05 -1.19193e-05 -1.11534e-05 -3.41996e-07 -1.03942e-05 -1.97657e-05 -2.98218e-05
0.385 0 0 0 0 -1.13656e-05 -7.45064e-06 -3.63005e-06 3.0099e-07 -1.18811e-05 -1.11183e-05 -1.0379e-05 -9.61377e-06 1.49214e-06 -8.56042e-06 -1.79319e-05 -2.79877e-05
0.405 0 0 0 0 -9.9735e-06 -6.05645e-06 -2.23586e-06 1.69307e-06 -9.35513e-06 -8.5917e-06 -7.85242e-06 -7.08779e-06 4.26267e-06 -5.79038e-06 -1.51618e-05 -2.52172e-05
0.425 0 0 0 0 -8.25709e-06 -4.337e-06 -5.16412e-07 3.40948e-06 -6.30546e-06 -5.54192e-06 -4.80264e-06 -4.03811e-06 7.87072e-06 -2.18274e-06 -1.15542e-05 -2.16091e-05
0.445 0 0 0 0 -6.69155e-06 -2.76932e-06 1.05127e-06 4.97503e-06 -3.11059e-06 -2.34683e-06 -1.60755e-06 -8.43251e-07 1.20276e-05 1.97371e-06 -7.39775e-06 -1.74522e-05
0.465 0 0 0 0 -5.47605e-06 -1.55313e-06 2.26746e-06 6.19052e-06 -1.00061e-07 6.64349e-07 1.40363e-06 2.16728e-06 1.62069e-05 6.15248e-06 -3.21899e-06 -1.3273e-05
0.485 0 0 0 0 -4.47266e-06 -5.49133e-07 3.27146e-06 7.19391e-06 2.40321e-06 3.16803e-06 3.90731e-06 4.67055e-06 1.97656e-05 9.71089e-06 3.39425e-07 -9.71419e-06
0.505 0 0 0 0 -3.56786e-06 3.57123e-07 4.17771e-06 8.09872e-06 4.17839e-06 4.94311e-06 5.68239e-06 6.44573e-06 2.21251e-05 1.20701e-05 2.69868e-06 -7.35476e-06
0.525 0 0 0 0 -2.92569e-06 1.00073e-06 4.82131e-06 8.74089e-06 5.10074e-06 5.86549e-06 6.60477e-06 7.36808e-06 2.29803e-05 1.29253e-05 3.55379e-06 -6.4995e-06
0.545 0 0 0 0 -2.83072e-06 1.09603e-06 4.91662e-06 8.83585e-06 5.00981e-06 5.77491e-06 6.51419e-06 7.27715e-06 2.24119e-05 1.23567e-05 2.98523e-06 -7.06795e-06
0.565 0 0 0 0 -3.42225e-06 5.03714e-07 4.3243e-06 8.24433e-06 3.76661e-06 4.53169e-06 5.27097e-06 6.03395e-06 2.0731e-05 1.06759e-05 1.30444e-06 -8.74888e-06
0.585 0 0 0 0 -4.41554e-06 -4.9053e-07 3.33006e-06 7.25104e-06 1.7244e-06 2.48864e-06 3.22793e-06 3.99174e-06 1.84137e-05 8.35917e-06 -1.0123e-06 -1.10661e-05
0.605 0 0 0 0 -5.8305e-06 -1.90777e-06 1.91282e-06 5.83608e-06 -8.58204e-07 -9.42969e-08 6.44984e-07 1.40914e-06 1.54226e-05 5.36841e-06 -4.00306e-06 -1.40573e-05
0.625 0 0 0 0 -7.39367e-06 -3.47381e-06 3.46777e-07 4.2729e-06 -3.68828e-06 -2.92418e-06 -2.1849e-06 -1.42094e-06 1.18708e-05 1.81694e-06 -7.55453e-06 -1.7609e-05
0.645 0 0 0 0 -8.28433e-06 -4.36458e-06 -5.43991e-07 3.38224e-06 -6.04058e-06 -5.27723e-06 -4.53795e-06 -3.77324e-06 8.6169e-06 -1.43651e-06 -1.0808e-05 -2.08629e-05
0.665 0 0 0 0 -8.95579e-06 -5.0361e-06 -1.21551e-06 2.71079e-06 -7.94316e-06 -7.18029e-06 -6.441e-06 -5.67582e-06 5.83438e-06 -4.21871e-06 -1.35902e-05 -2.36455e-05
0.685 0 0 0 0 -9.30593e-06 -5.38655e-06 -1.56596e-06 2.36064e-06 -8.84872e-06 -8.08571e-06 -7.34643e-06 -6.58138e-06 4.37204e-06 -5.68101e-06 -1.50525e-05 -2.51078e-05
0.705 0 0 0 0 -9.4871e-06 -5.56858e-06 -1.74799e-06 2.17948e-06 -8.88603e-06 -8.12265e-06 -7.38337e-06 -6.61869e-06 4.42926e-06 -5.62387e-06 -1.49953e-05 -2.50506e-05
0.725 0 0 0 0 -8.95914e-06 -5.03966e-06 -1.21908e-06 2.70743e-06 -7.76557e-06 -7.00274e-06 -6.26346e-06 -5.49823e-06 6.26686e-06 -3.78623e-06 -1.31577e-05 -2.3213e-05
0.745 0 0 0 0 -7.927e-06 -4.00622e-06 -1.8563e-07 3.73958e-06 -5.52601e-06 -4.7631e-06 -4.02381e-06 -3.25867e-06 9.33085e-06 -7.22519e-07 -1.0094e-05 -2.0149e-05
0.765 0 0 0 0 -7.54354e-06 -3.62493e-06 1.95662e-07 4.12303e-06 -3.5918e-06 -2.82687e-06 -2.08759e-06 -1.32446e-06 1.19534e-05 1.89937e-06 -7.4721e-06 -1.75264e-05
0.785 0 0 0 0 -5.77601e-06 -1.85306e-06 1.96753e-06 5.89056e-06 -8.13466e-07 -4.95542e-08 6.89727e-07 1.45388e-06 1.54069e-05 5.35276e-06 -4.01871e-06 -1.40729e-05
0.805 0 0 0 0 -5.12249e-06 -1.1991e-06 2.62149e-06 6.54409e-06 6.50343e-07 1.41465e-06 2.15393e-06 2.91768e-06 1.73045e-05 7.25008e-06 -2.12139e-06 -1.21753e-05
0.825 0 0 0 0 -4.36293e-06 -4.38276e-07 3.38231e-06 7.30365e-06 2.01959e-06 2.78415e-06 3.52344e-06 4.28693e-06 1.88204e-05 8.76567e-06 -6.05803e-07 -1.06595e-05
0.845 0 0 0 0 -5.00153e-06 -1.07964e-06 2.74095e-06 6.66505e-06 1.58396e-06 2.3497e-06 3.08898e-06 3.8513e-06 1.84405e-05 8.38559e-06 -9.85879e-07 -1.10393e-05
0.865 0 0 0 0 -3.43701e-06 4.91898e-07 4.31249e-06 8.22957e-06 2.55442e-06 3.31682e-06 4.0561e-06 4.82176e-06 1.94256e-05 9.37138e-06 -9.04188e-11 -1.00542e-05
0.885 0 0 0 0 -2.00695e-06 1.92524e-06 5.74583e-06 9.65961e-06 4.44583e-06 5.20855e-06 5.94783e-06 6.71317e-06 2.08392e-05 1.07846e-05 1.41314e-06 -8.64061e-06
0.905 0 0 0 0 -2.24692e-06 1.68001e-06 5.5006e-06 9.41965e-06 5.86708e-06 6.6343e-06 7.37358e-06 8.13442e-06 2.21341e-05 1.20782e-05 2.70674e-06 -7.34569e-06
0.925 0 0 0 0 -3.07439e-06 8.49536e-07 4.67012e-06 8.59218e-06 5.64672e-06 6.41369e-06 7.15297e-06 7.91406e-06 2.33312e-05 1.32754e-05 3.90398e-06 -6.14866e-06
0.945 0 0 0 0 -4.13846e-06 -2.14391e-07 3.6062e-06 7.52811e-06 3.62168e-06 4.38461e-06 5.12389e-06 5.889e-06 2.29272e-05 1.28729e-05 3.50143e-06 -6.55266e-06
0.965 0 0 0 0 -1.1076e-06 2.82838e-06 6.64898e-06 1.0559e-05 6.02857e-06 6.7876e-06 7.52687e-06 8.29588e-06 2.46116e-05 1.45579e-05 5.18643e-06 -4.86819e-06
0.985 0 0 0 0 -2.7226e-06 1.20121e-06 5.0218e-06 8.94399e-06 5.8518e-06 6.62112e-06 7.36038e-06 8.11909e-06 2.1899e-05 1.18425e-05 2.47104e-06 -7.58084e-06
1.005 0 0 0 0 -6.2524e-06 -2.33879e-06 1.48181e-06 5.4142e-06 1.51459e-06 2.28671e-06 3.02597e-06 3.78187e-06 1.72391e-05 7.18243e-06 -2.18903e-06 -1.22408e-05
1.025 0 0 0 0 -9.49714e-06 -5.58015e-06 -1.75955e-06 2.16946e-06 -6.79069e-06 -6.03015e-06 -5.29088e-06 -4.5234e-06 1.07077e-05 6.55313e-07 -8.71615e-06 -1.87722e-05
1.045 0 0 0 0 -1.03481e-05 -6.42429e-06 -2.60371e-06 1.31841e-06 -1.18787e-05 -1.11247e-05 -1.03854e-05 -9.61136e-06 4.20364e-06 -5.84652e-06 -1.5218e-05 -2.52762e-05
1.065 0 0 0 0 -1.29671e-05 -9.05641e-06 -5.23583e-06 -1.30052e-06 -1.48983e-05 -1.41321e-05 -1.33929e-05 -1.26311e-05 -4.14546e-06 -1.41987e-05 -2.35701e-05 -3.36253e-05
1.085 0 0 0 0 -1.65655e-05 -1.26661e-05 -8.84556e-06 -4.89896e-06 -2.01818e-05 -1.941e-05 -1.86709e-05 -1.79152e-05 -1.23028e-05 -2.2357e-05 -3.17285e-05 -4.17829e-05
1.105 0 0 0 0 -1.6119e-05 -1.22038e-05 -8.38347e-06 -4.45316e-06 -2.45731e-05 -2.38168e-05 -2.30777e-05 -2.23062e-05 -1.4824e-05 -2.48735e-05 -3.42451e-05 -4.43042e-05
1.125 0 0 0 0 -7.94956e-06 -4.00468e-06 -1.84351e-07 3.71611e-06 -1.64744e-05 -1.57302e-05 -1.4991e-05 -1.42074e-05 -5.61892e-06 -1.56665e-05 -2.5038e-05 -3.50991e-05
1.145 0 0 0 0 2.57661e-07 4.201e-06 8.02137e-06 1.19234e-05 3.04292e-06 3.80651e-06 4.54568e-06 5.30987e-06 1.27547e-05 2.69932e-06 -6.67222e-06 -1.67255e-05
1.165 0 0 0 0 -6.09082e-06 -2.19945e-06 1.62074e-06 5.57428e-06 9.71362e-06 1.05069e-05 1.12462e-05 1.19811e-05 2.45207e-05 1.44575e-05 5.08591e-06 -4.95966e-06
1.185 0 0 0 0 -5.39754e-06 -1.48829e-06 2.33191e-06 6.2676e-06 9.57017e-06 1.03349e-05 1.10738e-05 1.18364e-05 3.7617e-05 2.75617e-05 1.81901e-05 8.1363e-06
1.205 0 0 0 0 4.19224e-06 8.15106e-06 1.19713e-05 1.58576e-05 1.48734e-05 1.56073e-05 1.63462e-05 1.71392e-05 4.75433e-05 3.7495e-05 2.81233e-05 1.80624e-05
1.225 0 0 0 0 7.9943e-06 1.19369e-05 1.57569e-05 1.96589e-05 2.51465e-05 2.59143e-05 2.66532e-05 2.74123e-05 4.57747e-05 3.57154e-05 2.63437e-05 1.62937e-05
1.245 0 0 0 0 2.66995e-06 6.57272e-06 1.03926e-05 1.43342e-05 2.42105e-05 2.50138e-05 2.57528e-05 2.64765e-05 3.50675e-05 2.49987e-05 1.5627e-05 5.58662e-06
1.265 0 0 0 0 -9.01016e-06 -5.10784e-06 -1.28792e-06 2.65411e-06 -3.67497e-07 4.06081e-07 1.14503e-06 1.89857e-06 1.72257e-05 7.1685e-06 -2.20326e-06 -1.22553e-05
1.285 0 0 0 0 -1.48238e-05 -1.08875e-05 -7.06754e-06 -3.15961e-06 -2.43365e-05 -2.36124e-05 -2.28735e-05 -2.20705e-05 -6.2509e-08 -1.01034e-05 -1.94752e-05 -2.95435e-05
1.305 0 0 0 0 -1.36147e-05 -9.68092e-06 -5.86114e-06 -1.95098e-06 -2.54489e-05 -2.47083e-05 -2.39694e-05 -2.31827e-05 -1.34547e-05 -2.35007e-05 -3.28724e-05 -4.29358e-05
1.325 0 0 0 0 -6.36127e-06 -2.44307e-06 1.37666e-06 5.30236e-06 -8.73425e-06 -7.94754e-06 -7.20891e-06 -6.46919e-06 -1.39368e-05 -2.39983e-05 -3.33703e-05 -4.34187e-05
1.345 0 0 0 0 -1.02789e-05 -6.37904e-06 -2.55929e-06 1.38479e-06 -9.53769e-06 -8.74658e-06 -8.00789e-06 -7.27254e-06 -1.05213e-05 -2.05833e-05 -2.99553e-05 -4.00031e-05
1.365 0 0 0 0 -1.04796e-05 -6.54482e-06 -2.72504e-06 1.18418e-06 -1.50749e-05 -1.43374e-05 -1.35988e-05 -1.28098e-05 5.51854e-06 -4.52747e-06 -1.38994e-05 -2.39632e-05
1.385 0 0 0 0 -1.01033e-05 -6.17159e-06 -2.35178e-06 1.56057e-06 -9.09246e-06 -8.36016e-06 -7.62151e-06 -6.82741e-06 2.09561e-05 1.09113e-05 1.53943e-06 -8.52568e-06
1.405 0 0 0 0 -1.78155e-05 -1.39565e-05 -1.01367e-05 -6.15154e-06 -3.08373e-06 -2.2911e-06 -1.5525e-06 -8.18784e-07 1.75407e-05 7.4793e-06 -1.89258e-06 -1.19411e-05
1.425 0 0 0 0 -1.20648e-05 -8.18132e-06 -4.36146e-06 -4.008e-07 -2.2535e-06 -1.46473e-06 -7.26088e-07 1.15252e-08 1.06791e-05 6.17839e-07 -8.75409e-06 -1.88028e-05
1.445 0 0 0 0 9.01811e-06 1.3016e-05 1.68359e-05 2.06821e-05 3.12233e-06 3.84937e-06 4.588e-06 5.38731e-06 1.52192e-05 5.17238e-06 -4.19951e-06 -1.42625e-05
1.465 0 0 0 0 1.46335e-05 1.86308e-05 2.24509e-05 2.6298e-05 1.51215e-05 1.58644e-05 1.66031e-05 1.73866e-05 2.33862e-05 1.33333e-05 3.9613e-06 -6.09577e-06
1.485 0 0 0 0 -3.38148e-06 5.00498e-07 4.32057e-06 8.28307e-06 1.79214e-05 1.8732e-05 1.94706e-05 2.01863e-05 2.83414e-05 1.82716e-05 8.8997e-06 -1.14032e-06
1.505 0 0 0 0 -2.00938e-05 -1.62479e-05 -1.24279e-05 -8.42966e-06 -1.58689e-07 6.32405e-07 1.37112e-06 2.10636e-06 2.93772e-05 1.93165e-05 9.94453e-06 -1.04814e-07
1.525 0 0 0 0 -7.42324e-06 -3.46863e-06 3.51309e-07 4.24093e-06 -7.57864e-06 -6.87412e-06 -6.13563e-06 -5.31426e-06 3.39654e-05 2.39279e-05 1.45559e-05 4.48305e-06
1.545 0 0 0 0 1.75362e-05 2.15504e-05 2.53704e-05 2.92005e-05 1.95538e-05 2.02757e-05 2.10142e-05 2.18183e-05 3.89473e-05 2.88995e-05 1.95274e-05 9.4648e-06
1.565 0 0 0 0 1.61416e-05 2.00607e-05 2.38803e-05 2.78045e-05 4.2184e-05 4.30176e-05 4.3756e-05 4.44481e-05 3.38145e-05 2.37332e-05 1.43613e-05 4.33221e-06
1.585 0 0 0 0 -1.85512e-05 -1.47314e-05 -1.09118e-05 -6.88806e-06 4.29415e-06 5.13389e-06 5.87243e-06 6.55857e-06 1.08894e-05 8.13641e-07 -8.55836e-06 -1.85931e-05
1.605 0 0 0 0 -1.94286e-05 -1.54774e-05 -1.16576e-05 -7.76548e-06 -3.39418e-05 -3.32606e-05 -3.25221e-05 -3.16775e-05 9.23495e-06 -7.92835e-07 -1.01649e-05 -2.02477e-05
1.625 0 0 0 0 2.32715e-06 6.35807e-06 1.01775e-05 1.39893e-05 -1.69685e-05 -1.63072e-05 -1.55684e-05 -1.47035e-05 1.68638e-05 6.83728e-06 -2.53484e-06 -1.26193e-05
1.645 0 0 0 0 4.59719e-06 8.48805e-06 1.23073e-05 1.62589e-05 2.46236e-05 2.54625e-05 2.62012e-05 2.68885e-05 1.33744e-05 3.29379e-06 -6.07831e-06 -1.61087e-05
1.665 0 0 0 0 -7.50128e-06 -3.67929e-06 1.39857e-07 4.16013e-06 2.19725e-05 2.28512e-05 2.35898e-05 2.42371e-05 9.42422e-06 -6.66035e-07 -1.00383e-05 -2.00596e-05
1.685 0 0 0 0 -1.11467e-05 -7.19097e-06 -3.3718e-06 5.14808e-07 -1.94836e-05 -1.8782e-05 -1.80435e-05 -1.72192e-05 1.55261e-05 5.49008e-06 -3.88216e-06 -1.39576e-05
1.705 0 0 0 0 -8.9332e-06 -4.92289e-06 -1.10358e-06 2.72862e-06 -2.94743e-05 -2.88323e-05 -2.80939e-05 -2.72102e-05 1.98955e-05 9.87662e-06 5.04234e-07 -9.58871e-06
1.725 0 0 0 0 -1.16706e-05 -7.80278e-06 -3.98348e-06 -8.76721e-09 2.82681e-06 3.63475e-06 4.37322e-06 5.09104e-06 1.10485e-05 9.80307e-07 -8.39197e-06 -1.84354e-05
1.745 0 0 0 0 -1.06213e-05 -6.80479e-06 -2.98549e-06 1.04049e-06 1.58931e-05 1.67732e-05 1.75118e-05 1.81575e-05 7.60692e-07 -9.32947e-06 -1.87018e-05 -2.87233e-05
1.765 0 0 0 0 7.46032e-07 4.72378e-06 8.54303e-06 1.24077e-05 -8.58947e-06 -7.86218e-06 -7.12365e-06 -6.32513e-06 4.05586e-06 -5.99035e-06 -1.53626e-05 -2.5428e-05
1.785 0 0 0 0 -1.04478e-06 2.98607e-06 6.80527e-06 1.06167e-05 -2.48626e-05 -2.42076e-05 -2.3469e-05 -2.25982e-05 8.47627e-06 -1.54791e-06 -1.09202e-05 -2.10076e-05
1.805 0 0 0 0 -2.86238e-05 -2.47916e-05 -2.09723e-05 -1.69621e-05 -2.10811e-05 -2.02818e-05 -1.95433e-05 -1.88168e-05 -6.1942e-06 -1.62561e-05 -2.56284e-05 -3.56781e-05
1.825 0 0 0 0 -2.11273e-05 -1.73079e-05 -1.34885e-05 -9.46523e-06 -3.16213e-06 -2.32189e-06 -1.58337e-06 -8.97831e-07 -1.61857e-06 -1.16946e-05 -2.10669e-05 -3.11026e-05
1.845 0 0 0 0 2.7218e-06 6.70258e-06 1.0522e-05 1.4384e-05 -4.69995e-06 -3.97366e-06 -3.23519e-06 -2.43576e-06 9.76047e-06 -2.85841e-07 -9.65808e-06 -1.97234e-05
1.865 0 0 0 0 2.45971e-05 2.86675e-05 3.24872e-05 3.62601e-05 1.44474e-05 1.51303e-05 1.58687e-05 1.67115e-05 3.44221e-05 2.43841e-05 1.50118e-05 4.9381e-06
1.885 0 0 0 0 2.17298e-05 2.56748e-05 2.94943e-05 3.33923e-05 5.19307e-05 5.27329e-05 5.34713e-05 5.41949e-05 6.20656e-05 5.19919e-05 4.26196e-05 3.25817e-05
1.905 0 0 0 0 5.21961e-07 4.33945e-06 8.15819e-06 1.2182e-05 5.60273e-05 5.68907e-05 5.76291e-05 5.82911e-05 7.91574e-05 6.90688e-05 5.96964e-05 4.96731e-05
1.925 0 0 0 0 -1.68499e-05 -1.29879e-05 -9.16905e-06 -5.18972e-06 1.16653e-05 1.24167e-05 1.31548e-05 1.39282e-05 7.04144e-05 6.03632e-05 5.09908e-05 4.09301e-05
1.945 0 0 0 0 -6.33263e-06 -2.34401e-06 1.47493e-06 5.32781e-06 -1.23504e-05 -1.16918e-05 -1.09539e-05 -1.00881e-05 4.45041e-05 3.44787e-05 2.51061e-05 1.50193e-05
1.965 0 0 0 0 -1.42986e-05 -1.03985e-05 -6.57958e-06 -2.63815e-06 -1.89162e-05 -1.81363e-05 -1.73984e-05 -1.6654e-05 -1.91525e-05 -2.92123e-05 -3.85849e-05 -4.86374e-05
1.985 0 0 0 0 -3.8785e-05 -3.49931e-05 -3.11743e-05 -2.71243e-05 -5.07288e-05 -4.98597e-05 -4.91229e-05 -4.84701e-05 -9.19305e-05 -0.000102012 -0.000111385 -0.000121417
2.005 0 0 0 0 -4.10008e-05 -3.70775e-05 -3.32598e-05 -2.93443e-05 -9.94616e-05 -9.87372e-05 -9.80007e-05 -9.72039e-05 -0.000122253 -0.00013229 -0.000141663 -0.000151739
2.025 0 0 0 0 -2.65351e-05 -2.2489e-05 -1.86724e-05 -1.48821e-05 -0.000103367 -0.000102749 -0.000102012 -0.000101106 -0.000101933 -0.00011194 -0.000121314 -0.00013142
2.045 0 0 0 0 -3.06155e-05 -2.67314e-05 -2.29149e-05 -1.89629e-05 -5.45289e-05 -5.37612e-05 -5.30237e-05 -5.22682e-05 -6.25703e-05 -7.26228e-05 -8.19959e-05 -9.20568e-05
2.065 0 0 0 0 -3.72896e-05 -3.35559e-05 -2.97392e-05 -2.56364e-05 -1.17364e-05 -1.08484e-05 -1.0111e-05 -9.47607e-06 -1.60195e-05 -2.61078e-05 -3.54809e-05 -4.55063e-05
2.085 0 0 0 0 2.85437e-06 6.79668e-06 1.06135e-05 1.45077e-05 1.86144e-05 1.93502e-05 2.00875e-05 2.08744e-05 5.64893e-05 4.64382e-05 3.70651e-05 2.70027e-05
2.105 0 0 0 0 4.57848e-05 4.98997e-05 5.3717e-05 5.744e-05 6.12294e-05 6.18734e-05 6.26106e-05 6.3489e-05 0.000119807 0.000109774 0.000100401 9.03203e-05
2.125 0 0 0 0 4.11289e-05 4.50681e-05 4.88843e-05 5.27803e-05 0.000106973 0.000107792 0.000108529 0.000109232 0.000140165 0.00013008 0.000120706 0.000110678
2.145 0 0 0 0 2.2537e-05 2.63453e-05 3.01605e-05 3.41855e-05 0.000109694 0.000110602 0.00011134 0.000111955 0.000135373 0.000125265 0.000115892 0.000105886
2.165 0 0 0 0 4.34801e-05 4.75117e-05 5.13272e-05 5.51291e-05 8.54188e-05 8.61338e-05 8.68715e-05 8.768e-05 0.000142156 0.000132102 0.000122729 0.000112669
2.185 0 0 0 0 4.96841e-05 5.38024e-05 5.76184e-05 6.13342e-05 6.79227e-05 6.85695e-05 6.93069e-05 7.01833e-05 0.000126354 0.000116319 0.000106946 9.68664e-05
2.205 0 0 0 0 1.58886e-05 1.97752e-05 2.35913e-05 2.75389e-05 6.09415e-05 6.17743e-05 6.25116e-05 6.32018e-05 7.69548e-05 6.68714e-05 5.74981e-05 4.74674e-05
2.225 0 0 0 0 9.57922e-08 3.92303e-06 7.73898e-06 1.17459e-05 4.05218e-05 4.13935e-05 4.21309e-05 4.27823e-05 4.02376e-05 3.01459e-05 2.07725e-05 1.075e-05
2.245 0 0 0 0 1.12009e-05 1.52223e-05 1.90381e-05 2.28507e-05 2.34978e-06 3.04189e-06 3.77928e-06 4.61024e-06 2.67752e-05 1.67357e-05 7.36243e-06 -2.71208e-06
2.265 0 0 0 0 -1.21644e-05 -8.18108e-06 -4.36525e-06 -5.14578e-07 -3.61869e-05 -3.55103e-05 -3.47728e-05 -3.39262e-05 -8.05277e-06 -1.80825e-05 -2.74559e-05 -3.75403e-05
2.285 0 0 0 0 -5.91905e-05 -5.54482e-05 -5.16322e-05 -4.75402e-05 -6.48253e-05 -6.39942e-05 -6.32567e-05 -6.25648e-05 -6.49808e-05 -7.50471e-05 -8.44204e-05 -9.44681e-05
2.305 0 0 0 0 -6.52779e-05 -6.15147e-05 -5.76983e-05 -5.36262e-05 -9.17946e-05 -9.0983e-05 -9.02456e-05 -8.95342e-05 -0.000104189 -0.000114248 -0.000123621 -0.000133677
2.325 0 0 0 0 -3.75609e-05 -3.35792e-05 -2.97627e-05 -2.59089e-05 -0.000108171 -0.000107507 -0.00010677 -0.000105911 -0.000116769 -0.000126789 -0.000136162 -0.000146257
2.345 0 0 0 0 -6.34241e-05 -5.95527e-05 -5.57365e-05 -5.17734e-05 -0.00013177 -0.000131044 -0.000130307 -0.00012951 -0.000153717 -0.00016375 -0.000173124 -0.000183205
2.365 0 0 0 0 -0.000101678 -9.79987e-05 -9.41823e-05 -9.00263e-05 -0.000152742 -0.000151908 -0.000151171 -0.000150483 -0.000185438 -0.000195495 -0.000204869 -0.000214925
2.385 0 0 0 0 -5.36532e-05 -4.97498e-05 -4.59336e-05 -4.20019e-05 -0.000120228 -0.000119519 -0.000118782 -0.000117969 -0.00013697 -0.000146999 -0.000156373 -0.000166458
2.405 0 0 0 0 2.59896e-05 3.0138e-05 3.39541e-05 3.76403e-05 -2.29331e-05 -2.2298e-05 -2.15609e-05 -2.06737e-05 -2.89704e-05 -3.89951e-05 -4.83685e-05 -5.84579e-05
2.425 0 0 0 0 1.5231e-05 1.91169e-05 2.2933e-05 2.6882e-05 5.28914e-05 5.37433e-05 5.44805e-05 5.51509e-05 4.94916e-05 3.94026e-05 3.00289e-05 2.00037e-05
2.445 0 0 0 0 -2.99966e-05 -2.63426e-05 -2.25267e-05 -1.83464e-05 5.35282e-05 5.44555e-05 5.51928e-05 5.57875e-05 9.71087e-05 8.70052e-05 7.76317e-05 6.7621e-05
2.465 0 0 0 0 -2.2124e-05 -1.82544e-05 -1.44383e-05 -1.04732e-05 1.36008e-05 1.42825e-05 1.50187e-05 1.58565e-05 0.000120007 0.000109974 0.0001006 9.05173e-05
2.485 0 0 0 0 2.64252e-05 3.05327e-05 3.43488e-05 3.80761e-05 2.48613e-05 2.54478e-05 2.61837e-05 2.71162e-05 0.00010366 9.36465e-05 8.42726e-05 7.41707e-05
2.505 0 0 0 0 7.96354e-05 8.37284e-05 8.75448e-05 9.12869e-05 0.000114493 0.000115305 0.000116041 0.000116748 8.68496e-05 7.67571e-05 6.73832e-05 5.736e-05
2.525 0 0 0 0 8.18765e-05 8.58435e-05 8.96589e-05 9.35247e-05 0.000153487 0.00015445 0.000155185 0.000155738 9.11193e-05 8.09804e-05 7.16061e-05 6.16278e-05
2.545 0 0 0 0 6.25766e-05 6.6629e-05 7.04444e-05 7.42246e-05 0.000112778 0.000113528 0.000114263 0.000115029 0.000147413 0.000137342 0.000127968 0.000117922
2.565 0 0 0 0 4.36501e-05 4.77502e-05 5.15659e-05 5.5299e-05 8.80194e-05 8.85958e-05 8.93306e-05 9.02709e-05 0.000218246 0.000208229 0.000198855 0.000188754
2.585 0 0 0 0 2.504e-06 6.30081e-06 1.01166e-05 1.41529e-05 9.98894e-05 0.000100679 0.000101413 0.000102138 0.000210261 0.000200187 0.000190813 0.000180769
2.605 0 0 0 0 4.01774e-06 7.73311e-06 1.15484e-05 1.5665e-05 0.000106792 0.00010773 0.000108464 0.000109041 0.000145173 0.000135055 0.00012568 0.00011568
2.625 0 0 0 0 4.95659e-05 5.36315e-05 5.74467e-05 6.1213e-05 6.49602e-05 6.57017e-05 6.64356e-05 6.7209e-05 6.7698e-05 5.76315e-05 4.8257e-05 3.82053e-05
2.645 0 0 0 0 8.78174e-05 9.21551e-05 9.59711e-05 9.94665e-05 4.47578e-05 4.53438e-05 4.60777e-05 4.70063e-05 3.07586e-05 2.07317e-05 1.13571e-05 1.26566e-06
2.665 0 0 0 0 2.37015e-05 2.76714e-05 3.14872e-05 3.53503e-05 3.02529e-05 3.10635e-05 3.17974e-05 3.25016e-05 1.3587e-06 -8.72301e-06 -1.80976e-05 -2.81342e-05
2.685 0 0 0 0 -8.27724e-05 -7.92296e-05 -7.54139e-05 -7.11238e-05 -3.9819e-05 -3.88689e-05 -3.81348e-05 -3.75701e-05 -2.8767e-05 -3.88693e-05 -4.82438e-05 -5.82598e-05
2.705 0 0 0 0 -0.000118237 -0.00011456 -0.000110744 -0.000106587 -0.000145747 -0.00014506 -0.000144327 -0.000143499 -6.34582e-05 -7.34737e-05 -8.28483e-05 -9.29511e-05
2.725 0 0 0 0 -0.000111859 -0.000107986 -0.000104172 -0.000100217 -0.00021635 -0.000215806 -0.000215071 -0.0002141 -0.000160705 -0.000170677 -0.000180052 -0.000190198
2.745 0 0 0 0 -9.60915e-05 -9.22849e-05 -8.84705e-05 -8.44488e-05 -0.000207337 -0.000206568 -0.000205836 -0.000205094 -0.000288493 -0.000298535 -0.00030791 -0.000317987
2.765 0 0 0 0 -5.37896e-05 -4.99251e-05 -4.61104e-05 -4.21462e-05 -0.000163427 -0.000162544 -0.000161815 -0.000161193 -0.000330044 -0.000340129 -0.000349505 -0.000359543
2.785 0 0 0 0 -2.58846e-05 -2.18323e-05 -1.80181e-05 -1.42425e-05 -0.000145321 -0.000144616 -0.000143886 -0.000143085 -0.000248501 -0.000258539 -0.000267915 -0.000278
2.805 0 0 0 0 -8.20376e-05 -7.81758e-05 -7.43617e-05 -7.03957e-05 -0.000155516 -0.000154871 -0.000154141 -0.000153281 -0.000133669 -0.000143679 -0.000153056 -0.000163168
2.825 0 0 0 0 -0.000148151 -0.000144657 -0.000140842 -0.000136507 -0.000143556 -0.000142775 -0.000142045 -0.000141322 -5.25659e-05 -6.26053e-05 -7.19815e-05 -8.20648e-05
2.845 0 0 0 0 -9.30682e-05 -8.94372e-05 -8.56226e-05 -8.14246e-05 -7.32407e-05 -7.24602e-05 -7.17303e-05 -7.10062e-05 2.66959e-06 -7.38137e-06 -1.67577e-05 -2.68295e-05
2.865 0 0 0 0 4.19496e-05 4.60559e-05 4.98705e-05 5.35933e-05 3.24226e-05 3.31082e-05 3.3838e-05 3.46568e-05 3.57577e-05 2.57083e-05 1.63322e-05 6.25908e-06
2.885 0 0 0 0 0.000118308 0.000122571 0.000126387 0.000129954 0.000125718 0.000126478 0.000127208 0.000127952 6.27044e-05 5.26166e-05 4.32403e-05 3.32053e-05
2.905 0 0 0 0 7.66287e-05 8.06238e-05 8.44391e-05 8.82743e-05 0.000140503 0.0001414 0.000142129 0.000142737 0.000103987 9.38662e-05 8.44899e-05 7.44881e-05
2.925 0 0 0 0 4.51183e-06 8.33346e-06 1.21487e-05 1.61572e-05 8.50783e-05 8.58711e-05 8.66009e-05 8.73125e-05 0.000169959 0.000159883 0.000150507 0.00014046
2.945 0 0 0 0 -2.74981e-05 -2.36513e-05 -1.9836e-05 -1.58523e-05 3.25113e-05 3.31354e-05 3.38644e-05 3.47422e-05 0.000199235 0.000189214 0.000179837 0.000169734
2.965 0 0 0 0 -1.17783e-05 -7.91746e-06 -4.10212e-06 -1.32461e-07 3.89017e-05 3.96074e-05 4.03366e-05 4.11334e-05 0.000141333 0.000131286 0.000121909 0.000111833
2.985 0 0 0 0 5.37631e-05 5.77518e-05 6.15672e-05 6.5409e-05 9.06104e-05 9.14617e-05 9.21909e-05 9.2842e-05 5.77722e-05 4.76687e-05 3.82922e-05 2.82718e-05
3.005 0 0 0 0 0.000130976 0.000135259 0.000139075 0.000142622 0.000136771 0.000137562 0.000138291 0.000139002 4.79525e-05 3.78522e-05 2.84757e-05 1.84521e-05
3.025 0 0 0 0 0.000135888 0.00014022 0.000144037 0.000147536 0.00015477 0.000155465 0.000156194 0.000157001 0.000129515 0.000119441 0.000110065 0.000100014
3.045 0 0 0 0 3.99614e-05 4.38692e-05 4.76854e-05 5.16098e-05 0.000136747 0.000137529 0.000138257 0.000138977 0.000224594 0.000214511 0.000205135 0.000195093
3.065 0 0 0 0 -5.46643e-05 -5.11214e-05 -4.7306e-05 -4.30189e-05 8.62727e-05 8.71178e-05 8.7845e-05 8.84983e-05 0.000255058 0.000244974 0.000235597 0.000225557
3.085 0 0 0 0 -5.80018e-05 -5.43236e-05 -5.05081e-05 -4.63561e-05 2.11757e-05 2.19051e-05 2.26327e-05 2.34021e-05 0.000174701 0.000164654 0.000155277 0.0001452
3.105 0 0 0 0 -5.29329e-06 -1.28847e-06 2.52718e-06 6.35287e-06 -3.04759e-05 -2.98136e-05 -2.90857e-05 -2.82489e-05 -6.91667e-06 -1.6952e-05 -2.6329e-05 -3.64182e-05
3.125 0 0 0 0 1.93846e-05 2.34868e-05 2.73022e-05 3.10301e-05 -6.94331e-05 -6.86602e-05 -6.79325e-05 -6.72067e-05 -0.000200335 -0.000210406 -0.000219782 -0.000229836
3.145 0 0 0 0 -2.8841e-05 -2.48767e-05 -2.10613e-05 -1.71955e-05 -0.000142669 -0.000141832 -0.000141104 -0.000140444 -0.000309234 -0.000319314 -0.000328691 -0.000338736
3.165 0 0 0 0 -0.000117595 -0.000113795 -0.000109979 -0.00010595 -0.000246301 -0.000245597 -0.00024487 -0.000244076 -0.000305428 -0.00031545 -0.000324827 -0.00033493
3.185 0 0 0 0 -0.000164101 -0.000160386 -0.000156572 -0.00015246 -0.000278518 -0.000277938 -0.000277211 -0.000276293 -0.000224913 -0.00023489 -0.000244267 -0.000254415
3.205 0 0 0 0 -0.00014921 -0.000145593 -0.000141779 -0.00013757 -0.000208225 -0.000207524 -0.000206796 -0.000206 -0.000157682 -0.000167699 -0.000177076 -0.000187184
3.225 0 0 0 0 -3.70173e-05 -3.31984e-05 -2.93843e-05 -2.53762e-05 -5.30504e-05 -5.22341e-05 -5.15067e-05 -5.0825e-05 -7.90552e-05 -8.91299e-05 -9.8507e-05 -0.000108557
3.245 0 0 0 0 9.09879e-05 9.51671e-05 9.89815e-05 0.000102629 9.43961e-05 9.51728e-05 9.59001e-05 9.66214e-05 3.30532e-05 2.29637e-05 1.35866e-05 3.5514e-06
3.265 0 0 0 0 0.000122592 0.000126811 0.000130625 0.000134233 0.000172958 0.00017371 0.000174438 0.000175184 0.000164251 0.000154161 0.000144783 0.000134749
3.285 0 0 0 0 6.16755e-05 6.55926e-05 6.94066e-05 7.33162e-05 0.000185148 0.000185953 0.00018668 0.000187374 0.000280255 0.00027016 0.000260783 0.000250753
3.305 0 0 0 0 1.84731e-05 2.22337e-05 2.60473e-05 3.01127e-05 0.000174855 0.00017564 0.000176367 0.00017708 0.000348548 0.000338466 0.000329089 0.000319046
3.325 0 0 0 0 1.57521e-05 1.95707e-05 2.33842e-05 2.73916e-05 0.000139657 0.000140399 0.000141126 0.000141882 0.000296577 0.000286509 0.000277132 0.000267075
3.345 0 0 0 0 6.21525e-05 6.61997e-05 7.00133e-05 7.37923e-05 0.000117491 0.000118223 0.00011895 0.000119716 0.000164246 0.000154174 0.000144797 0.000134744
3.365 0 0 0 0 0.000140605 0.000144942 0.000148755 0.000152245 0.00014612 0.000146857 0.000147584 0.000148344 7.72043e-05 6.71163e-05 5.77391e-05 4.77021e-05
3.385 0 0 0 0 0.000118643 0.00012286 0.000126674 0.000130283 0.000135151 0.000135974 0.000136701 0.000137376 4.84752e-05 3.83657e-05 2.89885e-05 1.8973e-05
3.405 0 0 0 0 -5.7852e-05 -5.41974e-05 -5.03837e-05 -4.62119e-05 -2.07474e-05 -1.98671e-05 -1.91401e-05 -1.8523e-05 -4.516e-07 -1.05429e-05 -1.99201e-05 -2.99537e-05
3.425 0 0 0 0 -0.000216539 -0.000213162 -0.000209347 -0.000204896 -0.000238994 -0.000238296 -0.000237569 -0.000236771 -9.84187e-05 -0.000108422 -0.000117799 -0.000127921
3.445 0 0 0 0 -0.000209644 -0.000206004 -0.000202191 -0.000198007 -0.000340206 -0.000339697 -0.00033897 -0.000337982 -0.000240996 -0.000250942 -0.000260319 -0.000270498
3.465 0 0 0 0 -7.3953e-05 -6.99322e-05 -6.61195e-05 -6.23172e-05 -0.000251243 -0.000250599 -0.000249872 -0.000249018 -0.000368029 -0.000378041 -0.000387418 -0.000397531
3.485 0 0 0 0 1.65327e-05 2.06194e-05 2.4433e-05 2.81706e-05 -0.000127573 -0.000126654 -0.000125933 -0.000125367 -0.000406256 -0.00041637 -0.00042575 -0.000435766
3.505 0 0 0 0 8.43958e-06 1.248e-05 1.62935e-05 2.00773e-05 -9.15786e-05 -9.07305e-05 -9.00081e-05 -8.93701e-05 -0.000271627 -0.00028172 -0.000291098 -0.000301136
3.525 0 0 0 0 -2.45365e-05 -2.05179e-05 -1.67045e-05 -1.2899e-05 -6.07763e-05 -6.02286e-05 -5.95053e-05 -5.85659e-05 1.91148e-05 9.11615e-06 -2.62195e-07 -1.03933e-05
3.545 0 0 0 0 -1.50026e-05 -1.11692e-05 -7.356e-06 -3.36534e-06 9.03569e-05 9.09466e-05 9.16689e-05 9.25644e-05 0.000320722 0.000310702 0.000301323 0.000291211
3.565 0 0 0 0 5.54587e-05 5.91113e-05 6.29206e-05 6.70825e-05 0.000304298 0.000305229 0.000305951 0.000306504 0.000492438 0.000482298 0.000472918 0.000462925
3.585 0 0 0 0 0.000200942 0.000204982 0.000208788 0.000212555 0.000456565 0.000457514 0.000458235 0.00045877 0.000552324 0.000542149 0.000532769 0.000522811
3.605 0 0 0 0 0.000356168 0.000360905 0.000364714 0.000367788 0.000538783 0.00053944 0.00054016 0.000540985 0.000597393 0.000587274 0.000577894 0.000567878
3.625 0 0 0 0 0.000392577 0.00039737 0.000401178 0.000404193 0.000604913 0.000605584 0.000606306 0.000607116 0.00067062 0.000660489 0.000651108 0.000641104
3.645 0 0 0 0 0.000275271 0.000279401 0.000283208 0.000286884 0.000607361 0.000608346 0.000609068 0.000609566 0.000734271 0.000724067 0.000714686 0.000704755
3.665 0 0 0 0 0.000127481 0.000131182 0.000134987 0.000139088 0.000473172 0.000474131 0.00047485 0.000475367 0.000721484 0.000711315 0.000701933 0.000691966
3.685 0 0 0 0 3.89959e-05 4.28145e-05 4.66196e-05 5.06028e-05 0.000241266 0.000241892 0.000242611 0.000243459 0.000537614 0.000527563 0.00051818 0.000508093
3.705 0 0 0 0 -5.46197e-05 -5.08361e-05 -4.70306e-05 -4.30118e-05 -2.6443e-05 -2.58082e-05 -2.50891e-05 -2.42488e-05 0.000103538 9.35084e-05 8.41258e-05 7.40167e-05
3.725 0 0 0 0 -0.00017803 -0.000174493 -0.000170688 -0.000166421 -0.000327802 -0.000326914 -0.000326195 -0.000325608 -0.00047835 -0.000488424 -0.000497806 -0.000507871
3.745 0 0 0 0 -0.000277696 -0.000274069 -0.000270273 -0.000266119 -0.000657998 -0.000657236 -0.000656521 -0.000655818 -0.000974775 -0.000984787 -0.00099417 -0.0010043
3.765 0 0 0 0 -0.000461385 -0.000457894 -0.000454107 -0.000449843 -0.00103622 -0.00103571 -0.00103499 -0.00103404 -0.00135263 -0.00136253 -0.00137191 -0.00138216
3.785 0 0 0 0 -0.000688418 -0.000685483 -0.000681698 -0.000676895 -0.00133588 -0.00133537 -0.00133465 -0.00133371 -0.00160369 -0.00161354 -0.00162293 -0.00163322
3.805 0 0 0 0 -0.000816896 -0.000814378 -0.000810594 -0.000805381 -0.00147475 -0.00147412 -0.0014734 -0.00147258 -0.00173804 -0.0017479 -0.00175729 -0.00176758
3.825 0 0 0 0 -0.000788109 -0.000785452 -0.000781669 -0.000776598 -0.0014781 -0.00147749 -0.00147678 -0.00147593 -0.00178474 -0.0017946 -0.00180399 -0.00181428
3.845 0 0 0 0 -0.000598946 -0.000595663 -0.000591883 -0.000587443 -0.00130186 -0.0013014 -0.00130069 -0.0012997 -0.00166896 -0.00167881 -0.0016882 -0.00169849
3.865 0 0 0 0 -0.000331064 -0.000327227 -0.000323447 -0.000319562 -0.000897696 -0.000897188 -0.000896477 -0.000895536 -0.00128606 -0.00129599 -0.00130538 -0.0013156
3.885 0 0 0 0 -0.000130768 -0.000126928 -0.000123147 -0.000119265 -0.000387439 -0.000386651 -0.00038594 -0.000385282 -0.000657183 -0.000667242 -0.000676631 -0.000686723
3.905 0 0 0 0 8.47778e-06 1.22065e-05 1.5987e-05 1.99805e-05 9.36191e-05 9.44941e-05 9.52042e-05 9.57761e-05 0.000124336 0.000114214 0.000104825 9.4797e-05
3.925 0 0 0 0 0.000201027 0.000205046 0.000208827 0.00021253 0.000554775 0.000555443 0.000556153 0.000556929 0.000912622 0.000902513 0.000893123 0.000883081
3.945 0 0 0 0 0.000530692 0.000535328 0.000539094 0.000542145 0.00112191 0.00112251 0.00112321 0.00112403 0.00160382 0.00159365 0.00158426 0.00157427
3.965 0 0 0 0 0.000977455 0.000982827 0.00098658 0.000988836 0.00183201 0.00183286 0.00183356 0.00183412 0.00222935 0.002219 0.0022096 0.00219978
3.985 0 0 0 0 0.00139608 0.00140211 0.00140584 0.00140736 0.00252265 0.00252373 0.00252443 0.00252474 0.00287898 0.00286847 0.00285907 0.00284941
4.005 0 0 0 0 0.00161262 0.00161889 0.0016226 0.00162381 0.00299333 0.00299437 0.00299506 0.00299538 0.00354959 0.00353903 0.00352962 0.00352001
4.025 0 0 0 0 0.00159367 0.0015996 0.0016033 0.00160479 0.00319815 0.00319905 0.00319972 0.00320011 0.00409831 0.00408776 0.00407834 0.0040687
4.045 0 0 0 0 0.0014243 0.00142954 0.00143323 0.00143541 0.00314894 0.0031499 0.00315055 0.00315084 0.00426615 0.00425559 0.00424617 0.00423652
4.065 0 0 0 0 0.00116247 0.00116707 0.00117076 0.00117356 0.00275351 0.00275461 0.00275526 0.00275541 0.00379097 0.00378042 0.00377101 0.00376134
4.085 0 0 0 0 0.000781702 0.000785913 0.000789602 0.000792796 0.0018836 0.00188463 0.00188528 0.00188549 0.00257369 0.00256326 0.00255384 0.00254406
4.105 0 0 0 0 0.000235284 0.000239133 0.000242822 0.000246376 0.000562055 0.000562799 0.000563443 0.000563936 0.000762504 0.000752283 0.000742867 0.00073287
4.125 0 0 0 0 -0.000480905 -0.000477783 -0.000474092 -0.000469801 -0.00101979 -0.0010193 -0.00101866 -0.00101791 -0.00133227 -0.00134224 -0.00135166 -0.0013619
4.145 0 0 0 0 -0.00130715 -0.00130529 -0.00130165 -0.00129626 -0.00265181 -0.00265148 -0.00265087 -0.00265005 -0.00340356 -0.00341332 -0.00342275 -0.00343324
4.165 0 0 0 0 -0.00203176 -0.00203101 -0.00202743 -0.00202119 -0.00407488 -0.00407482 -0.00407424 -0.00407325 -0.00514151 -0.00515105 -0.0051605 -0.00517124
4.185 0 0 0 0 -0.00247786 -0.00247764 -0.00247411 -0.00246759 -0.00503469 -0.00503496 -0.00503441 -0.00503321 -0.00632567 -0.00633503 -0.00634448 -0.00635542
4.205 0 0 0 0 -0.00261164 -0.00261154 -0.00260804 -0.00260149 -0.00537533 -0.00537565 -0.00537512 -0.00537394 -0.006834 -0.00684333 -0.00685279 -0.00686379
4.225 0 0 0 0 -0.00247298 -0.00247278 -0.00246929 -0.00246284 -0.00510498 -0.0051051 -0.00510458 -0.00510361 -0.00659543 -0.00660485 -0.00661431 -0.00662521
4.245 0 0 0 0 -0.00208494 -0.00208423 -0.00208073 -0.00207481 -0.00431464 -0.00431467 -0.00431414 -0.00431328 -0.00558698 -0.00559652 -0.00560598 -0.00561677
4.265 0 0 0 0 -0.00149363 -0.00149209 -0.00148861 -0.00148352 -0.00308857 -0.00308862 -0.00308811 -0.00308723 -0.00392149 -0.00393116 -0.00394062 -0.00395128
4.285 0 0 0 0 -0.000820356 -0.000818165 -0.00081468 -0.000810249 -0.00157681 -0.00157661 -0.0015761 -0.00157547 -0.00190098 -0.00191088 -0.00192035 -0.00193077
4.305 0 0 0 0 -9.65959e-05 -9.372e-05 -9.02365e-05 -8.64855e-05 2.80201e-05 2.85821e-05 2.90967e-05 2.93617e-05 0.000175943 0.000165757 0.000156292 0.000146148
4.325 0 0 0 0 0.000741136 0.000745348 0.000748848 0.000751291 0.00161388 0.0016145 0.00161502 0.00161524 0.00215775 0.00214735 0.00213789 0.00212795
4.345 0 0 0 0 0.00150219 0.0015077 0.00151119 0.00151232 0.00300024 0.00300093 0.00300145 0.0030016 0.00382667 0.00381609 0.00380663 0.00379688
4.365 0 0 0 0 0.00201087 0.00201686 0.0020203 0.00202077 0.00403299 0.00403397 0.00403448 0.00403434 0.00505384 0.00504306 0.00503359 0.00502405
4.385 0 0 0 0 0.00228431 0.00229051 0.00229391 0.00229406 0.00463084 0.00463188 0.00463237 0.00463207 0.00583197 0.00582109 0.00581162 0.00580217
4.405 0 0 0 0 0.00230261 0.00230883 0.00231224 0.00231236 0.00471539 0.00471628 0.00471676 0.00471657 0.00605533 0.00604446 0.00603499 0.0060255
4.425 0 0 0 0 0.0020243 0.00202998 0.00203339 0.00203403 0.00425997 0.00426082 0.0042613 0.00426116 0.00557157 0.00556077 0.0055513 0.00554174
4.445 0 0 0 0 0.00156167 0.00156663 0.00157004 0.00157138 0.00335351 0.00335433 0.00335481 0.00335469 0.0044067 0.00439602 0.00438655 0.00437687
4.465 0 0 0 0 0.00106873 0.00107336 0.00107675 0.00107843 0.00216813 0.0021687 0.00216917 0.0021693 0.00278402 0.00277354 0.00276406 0.00275419
4.485 0 0 0 0 0.000533397 0.000537662 0.000541056 0.000543079 0.000862274 0.000862592 0.000863065 0.00086344 0.000970498 0.000960214 0.000950736 0.00094066
4.505 0 0 0 0 -5.66619e-05 -5.31402e-05 -4.97463e-05 -4.69804e-05 -0.000392823 -0.000392576 -0.000392103 -0.000391654 -0.000718373 -0.000728498 -0.000737977 -0.000748213
4.525 0 0 0 0 -0.000650821 -0.00064826 -0.000644851 -0.0006411 -0.00148895 -0.00148876 -0.00148828 -0.00148778 -0.0020516 -0.00206157 -0.00207105 -0.00208144
4.545 0 0 0 0 -0.00109553 -0.00109365 -0.00109026 -0.00108582 -0.00228462 -0.00228464 -0.00228416 -0.00228344 -0.00289958 -0.00290939 -0.00291887 -0.00292941
4.565 0 0 0 0 -0.001256 -0.00125428 -0.00125089 -0.00124632 -0.00260369 -0.00260389 -0.00260341 -0.00260251 -0.0032279 -0.00323762 -0.0032471 -0.00325773
4.585 0 0 0 0 -0.00114756 -0.00114574 -0.00114235 -0.00113789 -0.00240939 -0.00240943 -0.00240895 -0.00240821 -0.0030777 -0.0030875 -0.00309698 -0.00310754
4.605 0 0 0 0 -0.000899871 -0.000897871 -0.000894482 -0.000890194 -0.00188698 -0.00188671 -0.00188623 -0.0018858 -0.00252659 -0.00253653 -0.00254601 -0.00255643
4.625 0 0 0 0 -0.00068493 -0.000682827 -0.000679437 -0.000675251 -0.00133739 -0.00133701 -0.00133653 -0.00133622 -0.0017476 -0.00175763 -0.00176711 -0.00177743
4.645 0 0 0 0 -0.000528395 -0.000526193 -0.000522801 -0.000518714 -0.000876883 -0.00087662 -0.000876144 -0.000875709 -0.000935362 -0.000945398 -0.000954877 -0.000965202
4.665 0 0 0 0 -0.000335219 -0.000332781 -0.00032939 -0.000325537 -0.000427034 -0.000426831 -0.000426356 -0.000425863 -0.000249601 -0.000259666 -0.000269145 -0.000279441
4.685 0 0 0 0 -4.28966e-05 -3.99897e-05 -3.65992e-05 -3.32174e-05 7.15613e-05 7.19192e-05 7.23944e-05 7.27356e-05 0.00024556 0.000235385 0.000225906 0.00021572
4.705 0 0 0 0 0.000275448 0.000278983 0.000282375 0.000285136 0.000528849 0.000529379 0.000529854 0.000530022 0.000587981 0.000577686 0.000568207 0.000558141
4.725 0 0 0 0 0.000446546 0.000450449 0.000453844 0.000456244 0.000781951 0.000782502 0.000782977 0.000783124 0.000826151 0.000815813 0.000806334 0.000796311
4.745 0 0 0 0 0.000308537 0.000311995 0.00031539 0.000318234 0.00068561 0.000686155 0.00068663 0.000686783 0.00087213 0.00086182 0.000852341 0.00084229
4.765 0 0 0 0 -4.36701e-05 -4.10946e-05 -3.77002e-05 -3.39766e-05 0.000260177 0.000260671 0.000261146 0.000261351 0.000603669 0.000593449 0.000583969 0.000573828
4.785 0 0 0 0 -0.000249658 -0.000247172 -0.000243777 -0.000239965 -0.000204203 -0.000203993 -0.000203518 -0.00020303 9.042e-05 8.03325e-05 7.08531e-05 6.05795e-05
4.805 0 0 0 0 -0.000236585 -0.000233563 -0.000230169 -0.000226891 -0.00050853 -0.000508445 -0.00050797 -0.000507358 -0.000558857 -0.000568901 -0.000578381 -0.000588698
4.825 0 0 0 0 -0.000221339 -0.000218133 -0.000214739 -0.000211646 -0.000703727 -0.000703366 -0.000702891 -0.000702553 -0.00117452 -0.00118464 -0.00119412 -0.00120436
4.845 0 0 0 0 -0.000323221 -0.000320224 -0.00031683 -0.000313527 -0.000910715 -0.000910243 -0.000909768 -0.000909541 -0.00150821 -0.00151835 -0.00152782 -0.00153805
4.865 0 0 0 0 -0.000427769 -0.000424837 -0.000421442 -0.000418073 -0.001036 -0.00103591 -0.00103544 -0.00103482 -0.00138901 -0.00139901 -0.00140849 -0.00141885
4.885 0 0 0 0 -0.000416818 -0.000413962 -0.000410565 -0.000407117 -0.000861833 -0.000861955 -0.00086148 -0.000860661 -0.000908736 -0.000918678 -0.000928157 -0.000938576
4.905 0 0 0 0 -0.000315049 -0.000312602 -0.000309206 -0.000305351 -0.00042623 -0.00042588 -0.000425406 -0.000425058 -0.000362173 -0.000372284 -0.000381763 -0.000392013
4.925 0 0 0 0 -8.07443e-05 -7.81462e-05 -7.47516e-05 -7.10502e-05 5.8358e-05 5.90338e-05 5.95083e-05 5.953e-05 0.000121139 0.000110877 0.000101397 9.12981e-05
4.945 0 0 0 0 0.00034617 0.000350094 0.000353489 0.000355866 0.000556084 0.000556357 0.000556831 0.000557256 0.000652723 0.000642492 0.000633013 0.000622883
4.965 0 0 0 0 0.000824427 0.000829597 0.000832985 0.000834113 0.00120902 0.00120905 0.00120952 0.0012102 0.00135546 0.0013452 0.00133572 0.00132562
4.985 0 0 0 0 0.00109732 0.00110234 0.00110573 0.00110701 0.00194063 0.00194125 0.00194173 0.00194181 0.00218614 0.00217564 0.00216616 0.0021563
5.005 0 0 0 0 0.00115098 0.00115529 0.00115869 0.00116067 0.0024532 0.00245428 0.00245475 0.00245437 0.00300735 0.00299669 0.00298721 0.00297751
5.025 0 0 0 0 0.00115816 0.00116253 0.00116592 0.00116786 0.00261455 0.00261518 0.00261566 0.00261573 0.00359566 0.00358512 0.00357565 0.00356582
5.045 0 0 0 0 0.0012083 0.00121312 0.00121651 0.001218 0.00260967 0.00260987 0.00261034 0.00261085 0.00371741 0.003707 0.00369752 0.00368758
5.065 0 0 0 0 0.00123491 0.00123969 0.00124309 0.0012446 0.00254837 0.00254899 0.00254947 0.00254955 0.00330621 0.00329567 0.00328619 0.00327637
5.085 0 0 0 0 0.00113497 0.00113952 0.00114291 0.00114465 0.00222946 0.00223053 0.00223101 0.00223064 0.00253585 0.0025252 0.00251572 0.00250601
5.105 0 0 0 0 0.000758437 0.000762714 0.000766103 0.000768116 0.00140386 0.00140458 0.00140505 0.00140503 0.00155848 0.00154802 0.00153854 0.00152864
5.125 0 0 0 0 -1.6823e-05 -1.37607e-05 -1.03693e-05 -7.13797e-06 8.27366e-05 8.2973e-05 8.34472e-05 8.3905e-05 0.000286566 0.000276422 0.000266944 0.000256729
5.145 0 0 0 0 -0.000957243 -0.000956057 -0.000952662 -0.000947555 -0.00143275 -0.00143254 -0.00143206 -0.00143157 -0.00135149 -0.00136142 -0.0013709 -0.00138133
5.165 0 0 0 0 -0.00167257 -0.00167245 -0.00166905 -0.00166288 -0.00287141 -0.00287121 -0.00287074 -0.00287023 -0.0032521 -0.00326186 -0.00327134 -0.00328194
5.185 0 0 0 0 -0.00206843 -0.00206813 -0.00206473 -0.00205873 -0.00411526 -0.00411537 -0.00411489 -0.00411409 -0.00516206 -0.00517162 -0.0051811 -0.00519189
5.205 0 0 0 0 -0.0023024 -0.0023017 -0.0022983 -0.00229269 -0.0050319 -0.00503226 -0.00503178 -0.00503073 -0.00666772 -0.00667715 -0.00668662 -0.00669756
5.225 0 0 0 0 -0.00245844 -0.00245788 -0.00245448 -0.00244877 -0.00543745 -0.00543784 -0.0054374 -0.00543644 -0.00730526 -0.00731467 -0.00732416 -0.00733515
5.245 0 0 0 0 -0.00247195 -0.00247175 -0.00246835 -0.00246227 -0.00523596 -0.00523627 -0.00523583 -0.00523496 -0.00686009 -0.00686953 -0.00687901 -0.00688998
5.265 0 0 0 0 -0.00222429 -0.00222414 -0.00222074 -0.00221461 -0.00442558 -0.0044259 -0.00442546 -0.00442459 -0.00549344 -0.00550294 -0.00551243 -0.00552333
5.285 0 0 0 0 -0.00167297 -0.00167239 -0.001669 -0.00166331 -0.0031039 -0.00310407 -0.00310363 -0.00310292 -0.00362445 -0.00363413 -0.00364362 -0.00365434
5.305 0 0 0 0 -0.000733112 -0.000731118 -0.000727736 -0.000723476 -0.00132515 -0.00132509 -0.00132465 -0.00132417 -0.00149389 -0.00150386 -0.00151335 -0.00152379
5.325 0 0 0 0 0.00052211 0.000526404 0.000529784 0.000531763 0.000807935 0.000808182 0.000808612 0.000808913 0.000869429 0.000859131 0.000849639 0.000839531
5.345 0 0 0 0 0.00172671 0.00173294 0.00173631 0.00173637 0.00300832 0.0030089 0.00300934 0.00300933 0.00340477 0.0033941 0.00338461 0.00337487
5.365 0 0 0 0 0.00249402 0.00250073 0.00250413 0.00250371 0.00483652 0.00483758 0.004838 0.0048375 0.00584439 0.0058334 0.00582392 0.00581451
5.385 0 0 0 0 0.0027286 0.00273451 0.00273779 0.00273777 0.00589816 0.00589931 0.00589967 0.00589885 0.00768983 0.00767867 0.00766916 0.00765987
5.405 0 0 0 0 0.0026419 0.00264725 0.00265051 0.00265097 0.00609323 0.00609405 0.00609435 0.00609365 0.00840856 0.00839742 0.0083879 0.0083785
5.425 0 0 0 0 0.00253105 0.00253669 0.00253996 0.00254016 0.0056594 0.00565991 0.00566023 0.00565984 0.00779977 0.00778876 0.00777923 0.00776971
5.445 0 0 0 0 0.00250259 0.00250916 0.00251244 0.00251172 0.004916 0.00491643 0.00491674 0.00491641 0.00620782 0.00619686 0.00618733 0.00617775
5.465 0 0 0 0 0.002255 0.00226186 0.00226513 0.00226411 0.00386833 0.00386891 0.00386921 0.0038687 0.00421443 0.00420348 0.00419394 0.00418434
5.485 0 0 0 0 0.00132401 0.00132916 0.00133241 0.00133308 0.0021943 0.00219497 0.00219526 0.00219465 0.00213073 0.00211996 0.00211042 0.00210064
5.505 0 0 0 0 -5.48278e-05 -5.22619e-05 -4.90084e-05 -4.57506e-05 2.96227e-05 2.97335e-05 3.00192e-05 2.99776e-05 0.000132935 0.000122633 0.000113093 0.00010284
5.525 0 0 0 0 -0.00117793 -0.00117695 -0.00117371 -0.00116887 -0.00193719 -0.00193793 -0.00193764 -0.00193681 -0.00174235 -0.00175214 -0.00176168 -0.00177244
5.545 0 0 0 0 -0.00171246 -0.00171201 -0.00170877 -0.00170338 -0.0031873 -0.00318807 -0.00318777 -0.00318692 -0.00355733 -0.00356699 -0.00357652 -0.00358741
5.565 0 0 0 0 -0.00188943 -0.00188915 -0.00188589 -0.00188032 -0.00389364 -0.00389368 -0.00389338 -0.00389326 -0.00520965 -0.00521946 -0.005229 -0.00523971
5.585 0 0 0 0 -0.00204845 -0.00204802 -0.00204476 -0.0020393 -0.00450415 -0.00450411 -0.00450383 -0.00450378 -0.00633514 -0.00634494 -0.00635447 -0.0063652
5.605 0 0 0 0 -0.00228766 -0.00228713 -0.00228385 -0.0022785 -0.00501289 -0.00501363 -0.00501335 -0.0050125 -0.00661144 -0.00662095 -0.00663048 -0.00664151
5.625 0 0 0 0 -0.0025054 -0.0025056 -0.00250233 -0.00249624 -0.00503977 -0.00504079 -0.0050405 -0.00503939 -0.00611445 -0.00612384 -0.00613337 -0.00614452
5.645 0 0 0 0 -0.00248119 -0.00248246 -0.00247919 -0.00247205 -0.00445353 -0.00445385 -0.00445357 -0.00445316 -0.00520322 -0.00521284 -0.00522237 -0.0052333
5.665 0 0 0 0 -0.00191182 -0.00191232 -0.00190905 -0.00190271 -0.00339233 -0.00339235 -0.00339206 -0.00339197 -0.00403803 -0.00404787 -0.0040574 -0.00406811
5.685 0 0 0 0 -0.00074794 -0.000745353 -0.000742092 -0.000738846 -0.00184585 -0.00184643 -0.00184614 -0.00184549 -0.00244645 -0.00245637 -0.00246591 -0.00247653
5.705 0 0 0 0 0.000434091 0.000438959 0.000442228 0.000443214 8.97462e-05 8.93352e-05 8.96141e-05 9.00949e-05 -0.000387464 -0.000397696 -0.000407228 -0.000417544
5.725 0 0 0 0 0.00102618 0.00103045 0.00103371 0.00103525 0.00186637 0.0018672 0.00186748 0.00186674 0.00187204 0.00186129 0.00185175 0.00184195
5.745 0 0 0 0 0.00106727 0.00107018 0.00107343 0.00107634 0.00285508 0.00285628 0.00285656 0.00285544 0.0038381 0.00382721 0.00381768 0.00380803
5.765 0 0 0 0 0.00106201 0.00106514 0.00106838 0.00107109 0.00309717 0.00309732 0.00309761 0.00309754 0.00495884 0.00494826 0.00493873 0.00492877
5.785 0 0 0 0 0.00127656 0.00128082 0.00128408 0.00128567 0.00312794 0.00312759 0.00312788 0.0031283 0.00487768 0.0048672 0.00485767 0.00484761
5.805 0 0 0 0 0.00148227 0.001487 0.00149026 0.00149138 0.0030237 0.00302437 0.00302465 0.00302404 0.00371277 0.00370195 0.00369242 0.00368269
5.825 0 0 0 0 0.00141175 0.00141677 0.00142003 0.00142085 0.00238988 0.00239104 0.00239131 0.00239021 0.00215208 0.00214115 0.00213162 0.002122
5.845 0 0 0 0 0.000940118 0.000945393 0.000948648 0.000949197 0.00116681 0.00116684 0.00116711 0.00116715 0.000867926 0.000857445 0.000847912 0.000837846
5.865 0 0 0 0 0.000193149 0.000197358 0.000200611 0.000202229 -2.00407e-05 -2.09136e-05 -2.06366e-05 -1.96951e-05 7.37881e-05 6.37401e-05 5.4208e-05 4.37085e-05
5.885 0 0 0 0 -0.00022737 -0.000224667 -0.00022141 -0.000218281 -0.000373132 -0.000373587 -0.000373306 -0.000372782 -0.000148769 -0.000158857 -0.000168391 -0.000178852
5.905 0 0 0 0 1.92568e-05 2.19706e-05 2.52256e-05 2.83422e-05 0.000119884 0.000120118 0.0001204 0.000120236 0.000137697 0.000127349 0.000117816 0.000107617
5.925 0 0 0 0 0.00067223 0.000676577 0.000679834 0.00068132 0.000963056 0.000963236 0.000963517 0.000963409 0.000839394 0.000828922 0.000819388 0.00080931
5.945 0 0 0 0 0.00119347 0.00119898 0.00120224 0.00120256 0.00180192 0.0018019 0.00180218 0.00180227 0.00185704 0.00184652 0.00183698 0.00182696
5.965 0 0 0 0 0.00126802 0.00127278 0.00127604 0.00127711 0.00243579 0.00243617 0.00243645 0.00243615 0.00294745 0.00293678 0.00292724 0.00291737
5.985 0 0 0 0 0.00120735 0.00121118 0.00121443 0.00121643 0.00285461 0.0028552 0.00285548 0.00285496 0.00389944 0.0038887 0.00387917 0.00386936
6.005 0 0 0 0 0.00131636 0.00132052 0.00132378 0.00132545 0.00308831 0.00308854 0.00308883 0.00308867 0.00440845 0.0043978 0.00438827 0.00437838
6.025 0 0 0 0 0.00149146 0.00149634 0.0014996 0.00150056 0.00313838 0.00313854 0.00313882 0.00313873 0.00422834 0.00421767 0.00420814 0.00419826
6.045 0 0 0 0 0.00144533 0.00145016 0.00145342 0.00145442 0.00284523 0.00284586 0.00284614 0.00284558 0.00340269 0.0033919 0.00338237 0.00337262
6.065 0 0 0 0 0.00103845 0.00104269 0.00104594 0.00104754 0.00199321 0.00199391 0.00199419 0.00199355 0.00220139 0.00219067 0.00218114 0.00217131
6.085 0 0 0 0 0.000239451 0.000242581 0.000245836 0.000248537 0.000544531 0.000544667 0.000544946 0.000544871 0.000727924 0.000717552 0.00070802 0.000697845
6.105 0 0 0 0 -0.000878387 -0.000877231 -0.000873976 -0.000869274 -0.00130796 -0.00130815 -0.00130787 -0.00130761 -0.00118002 -0.00119005 -0.00119958 -0.0012101
6.125 0 0 0 0 -0.00205111 -0.00205221 -0.00204895 -0.00204202 -0.00334891 -0.00334899 -0.0033487 -0.00334855 -0.00364929 -0.00365909 -0.00366862 -0.00367937
6.145 0 0 0 0 -0.00284531 -0.00284697 -0.00284367 -0.00283614 -0.00527721 -0.0052776 -0.00527732 -0.00527686 -0.00635314 -0.00636265 -0.00637218 -0.00638321
6.165 0 0 0 0 -0.00300394 -0.00300432 -0.00300118 -0.00299538 -0.00654223 -0.00654346 -0.00654316 -0.00654191 -0.00849257 -0.00850178 -0.00851132 -0.00852265
6.185 0 0 0 0 -0.00276893 -0.00276807 -0.00276495 -0.0027605 -0.00672564 -0.00672715 -0.00672696 -0.0067258 -0.0092922 -0.00930146 -0.00931104 -0.00932244
6.205 0 0 0 0 -0.00248002 -0.00247947 -0.00247634 -0.00247157 -0.00588924 -0.00588999 -0.00588982 -0.00588945 -0.00835277 -0.00836234 -0.00837192 -0.00838302
6.225 0 0 0 0 -0.00232545 -0.00232624 -0.0023231 -0.00231696 -0.00462031 -0.0046205 -0.00462034 -0.00462055 -0.00606367 -0.00607348 -0.00608306 -0.00609394
6.245 0 0 0 0 -0.00211923 -0.00212076 -0.00211763 -0.00211077 -0.00332564 -0.00332613 -0.00332598 -0.00332591 -0.00337337 -0.00338317 -0.00339274 -0.00340363
6.265 0 0 0 0 -0.00147349 -0.00147412 -0.00147101 -0.00146508 -0.00187936 -0.00188016 -0.00188001 -0.0018796 -0.0011493 -0.00115915 -0.00116873 -0.00117956
6.285 0 0 0 0 -0.000139634 -0.000137395 -0.000134286 -0.00013121 3.30731e-05 3.25861e-05 3.27348e-05 3.28281e-05 0.000493264 0.000483038 0.000473463 0.000463011
6.305 0 0 0 0 0.00148744 0.00149319 0.00149631 0.00149587 0.00222311 0.00222332 0.00222346 0.00222288 0.00202193 0.00201115 0.00200157 0.00199166
6.325 0 0 0 0 0.00252375 0.00253122 0.00253432 0.00253218 0.00398407 0.00398474 0.00398489 0.00398383 0.00380544 0.0037943 0.00378473 0.0037752
6.345 0 0 0 0 0.00250545 0.00251176 0.00251488 0.00251393 0.00478922 0.00478988 0.00479003 0.00478898 0.00567365 0.00566249 0.00565291 0.00564339
6.365 0 0 0 0 0.00192133 0.00192537 0.0019285 0.00192979 0.00479394 0.00479421 0.00479438 0.00479375 0.00700142 0.00699049 0.00698092 0.00697118
6.385 0 0 0 0 0.00152409 0.00152708 0.00153021 0.00153256 0.00442457 0.0044246 0.00442475 0.00442432 0.00703163 0.00702081 0.00701121 0.0070013
6.405 0 0 0 0 0.00155457 0.00155838 0.00156152 0.00156306 0.00383129 0.00383155 0.00383169 0.00383102 0.00550486 0.00549398 0.00548439 0.00547453
6.425 0 0 0 0 0.00158688 0.00159214 0.00159527 0.00159537 0.00277717 0.00277765 0.00277779 0.00277689 0.0029357 0.00292477 0.00291518 0.00290536
6.445 0 0 0 0 0.000986341 0.000991593 0.000994709 0.000994771 0.00100279 0.00100303 0.00100316 0.00100252 0.000188358 0.000177665 0.000168087 0.000158052
6.465 0 0 0 0 -0.000423772 -0.000420924 -0.000417803 -0.000415309 -0.0013508 -0.00135115 -0.001351 -0.00135106 -0.00217536 -0.00218558 -0.00219516 -0.00220568
6.485 0 0 0 0 -0.00214961 -0.00215055 -0.00214744 -0.0021412 -0.00378408 -0.00378485 -0.0037847 -0.00378434 -0.00420171 -0.00421143 -0.00422101 -0.00423202
6.505 0 0 0 0 -0.00335361 -0.00335684 -0.0033537 -0.00334513 -0.00570793 -0.00570893 -0.00570878 -0.00570819 -0.00615918 -0.00616857 -0.00617816 -0.00618951
6.525 0 0 0 0 -0.00351069 -0.00351315 -0.00350998 -0.00350213 -0.00667488 -0.00667609 -0.00667595 -0.00667515 -0.00794191 -0.00795118 -0.00796077 -0.00797224
6.545 0 0 0 0 -0.00289365 -0.00289366 -0.00289049 -0.00288515 -0.0066069 -0.00660806 -0.00660789 -0.00660711 -0.00897836 -0.00898775 -0.00899733 -0.00900868
6.565 0 0 0 0 -0.0021836 -0.00218201 -0.00217886 -0.00217515 -0.00574045 -0.00574125 -0.00574109 -0.00574068 -0.00855333 -0.008563 -0.00857261 -0.00858373
6.585 0 0 0 0 -0.00170648 -0.00170493 -0.00170179 -0.00169804 -0.00431276 -0.00431336 -0.00431322 -0.00431304 -0.00633022 -0.00634007 -0.00634967 -0.00636059
6.605 0 0 0 0 -0.00120186 -0.0012008 -0.00119767 -0.00119343 -0.00232716 -0.00232792 -0.00232778 -0.00232749 -0.0027139 -0.00272386 -0.00273346 -0.00274429
6.625 0 0 0 0 -0.000231842 -0.000230311 -0.000227186 -0.000223423 0.000298241 0.000297609 0.00029774 0.000297945 0.00133134 0.00132111 0.00131152 0.00130098
6.645 0 0 0 0 0.00127725 0.00128066 0.0012838 0.00128574 0.00329674 0.00329692 0.00329706 0.00329645 0.00486502 0.00485421 0.00484461 0.00483465
6.665 0 0 0 0 0.00296489 0.00297132 0.00297449 0.00297343 0.0060439 0.00604479 0.00604494 0.00604366 0.00752249 0.0075111 0.00750151 0.00749213
6.685 0 0 0 0 0.00421564 0.00422438 0.00422736 0.00422328 0.0079247 0.00792561 0.00792575 0.00792442 0.00939581 0.00938413 0.00937452 0.0093654
6.705 0 0 0 0 0.00458023 0.00458934 0.00459228 0.00458748 0.00869973 0.00870044 0.00870057 0.00869944 0.0105799 0.0105682 0.0105586 0.0105495
6.725 0 0 0 0 0.00411663 0.00412408 0.00412703 0.00412389 0.00846403 0.00846465 0.00846469 0.0084634 0.0109053 0.0108937 0.010884 0.0108749
6.745 0 0 0 0 0.00338336 0.00338904 0.00339199 0.00339059 0.00750408 0.00750461 0.00750466 0.00750339 0.0101463 0.0101348 0.0101252 0.0101159
6.765 0 0 0 0 0.00272882 0.00273394 0.00273688 0.00273603 0.00600111 0.00600132 0.00600137 0.0060004 0.00814137 0.00813015 0.00812053 0.00811094
6.785 0 0 0 0 0.00201331 0.00201822 0.00202114 0.00202047 0.0039975 0.00399753 0.00399756 0.00399674 0.00504169 0.00503071 0.00502109 0.00501128
6.805 0 0 0 0 0.00105219 0.00105635 0.00105924 0.00105931 0.00160424 0.00160415 0.00160418 0.00160348 0.00149565 0.00148492 0.00147529 0.0014652
6.825 0 0 0 0 -0.000153536 -0.000150741 -0.000147851 -0.000146365 -0.00092978 -0.000930282 -0.000930259 -0.000930537 -0.00173945 -0.00174976 -0.00175938 -0.00176987
6.845 0 0 0 0 -0.00145626 -0.00145555 -0.0014527 -0.00144913 -0.00325347 -0.00325449 -0.00325447 -0.00325422 -0.00427467 -0.00428454 -0.00429416 -0.00430509
6.865 0 0 0 0 -0.00267023 -0.00267199 -0.00266907 -0.00266297 -0.00513388 -0.00513494 -0.00513491 -0.00513462 -0.0062157 -0.00622529 -0.00623489 -0.00624609
6.885 0 0 0 0 -0.00350176 -0.00350525 -0.0035023 -0.00349447 -0.00648492 -0.00648586 -0.00648583 -0.00648564 -0.00776514 -0.00777458 -0.0077842 -0.00779556
6.905 0 0 0 0 -0.00372402 -0.0037274 -0.00372453 -0.00371702 -0.00722863 -0.00722981 -0.00722976 -0.00722932 -0.00889149 -0.0089008 -0.00891041 -0.0089219
6.925 0 0 0 0 -0.00337652 -0.00337835 -0.00337547 -0.00336952 -0.00717786 -0.00717937 -0.00717933 -0.00717856 -0.00926493 -0.0092742 -0.00928382 -0.00929534
6.945 0 0 0 0 -0.00271476 -0.00271523 -0.00271236 -0.00270779 -0.00622039 -0.00622168 -0.00622164 -0.00622109 -0.00846599 -0.00847547 -0.00848508 -0.0084964
6.965 0 0 0 0 -0.00198794 -0.00198792 -0.00198506 -0.001981 -0.00454668 -0.00454742 -0.00454738 -0.00454741 -0.00634079 -0.00635061 -0.00636023 -0.00637121
6.985 0 0 0 0 -0.00123855 -0.00123829 -0.00123545 -0.00123164 -0.00248683 -0.00248737 -0.00248734 -0.00248759 -0.00320558 -0.00321566 -0.00322527 -0.00323601
7.005 0 0 0 0 -0.000332977 -0.00033194 -0.000329107 -0.000326087 -0.000215022 -0.000215616 -0.000215585 -0.000215762 0.000262265 0.000251986 0.000242362 0.000231825
7.025 0 0 0 0 0.000818872 0.000821312 0.000824174 0.000825871 0.00218401 0.00218372 0.00218375 0.00218327 0.00337497 0.00336434 0.00335472 0.00334454
7.045 0 0 0 0 0.00208038 0.00208479 0.00208766 0.00208736 0.00443122 0.00443152 0.00443152 0.00443042 0.00575337 0.00574228 0.00573267 0.00572297
7.065 0 0 0 0 0.00310104 0.00310736 0.00311024 0.00310806 0.00606754 0.00606817 0.00606819 0.00606677 0.00735855 0.00734714 0.00733753 0.00732814
7.085 0 0 0 0 0.00352821 0.00353542 0.00353831 0.00353522 0.00678667 0.00678716 0.00678718 0.00678594 0.00825853 0.00824707 0.00823747 0.00822813
7.105 0 0 0 0 0.00322108 0.0032274 0.00323028 0.00322808 0.00653894 0.00653933 0.00653938 0.00653826 0.00834029 0.00832893 0.00831931 0.00830987
7.125 0 0 0 0 0.00238061 0.00238488 0.00238774 0.00238755 0.00540977 0.00541021 0.00541025 0.00540906 0.00734168 0.00733048 0.00732087 0.00731127
7.145 0 0 0 0 0.00140722 0.00140999 0.00141284 0.00141413 0.00357266 0.00357286 0.0035729 0.00357192 0.00513886 0.00512794 0.00511832 0.00510843
7.165 0 0 0 0 0.000548005 0.000550483 0.000553334 0.000554913 0.00133357 0.00133321 0.00133323 0.00133279 0.00198026 0.00196972 0.0019601 0.00194984
7.185 0 0 0 0 -0.000285936 -0.000283577 -0.000280732 -0.000278953 -0.000986025 -0.00098667 -0.000986639 -0.000986763 -0.00153747 -0.00154773 -0.00155735 -0.00156792
7.205 0 0 0 0 -0.00131245 -0.00131143 -0.00130863 -0.00130555 -0.00323968 -0.00324029 -0.00324027 -0.00324045 -0.00473221 -0.00474223 -0.00475184 -0.00476263
7.225 0 0 0 0 -0.00253145 -0.00253259 -0.00252975 -0.00252452 -0.00536183 -0.00536257 -0.00536253 -0.00536253 -0.00715095 -0.00716065 -0.00717026 -0.00718136
7.245 0 0 0 0 -0.00364115 -0.0036443 -0.00364142 -0.00363417 -0.00711371 -0.00711499 -0.00711493 -0.00711438 -0.00873347 -0.00874277 -0.00875238 -0.00876389
7.265 0 0 0 0 -0.00423097 -0.00423526 -0.00423245 -0.00422436 -0.00807925 -0.00808088 -0.00808084 -0.00807998 -0.00962822 -0.00963728 -0.0096469 -0.00965864
7.285 0 0 0 0 -0.00402559 -0.00402932 -0.0040265 -0.00401898 -0.00793812 -0.00793956 -0.00793952 -0.00793884 -0.00979752 -0.00980668 -0.0098163 -0.00982794
7.305 0 0 0 0 -0.00311935 -0.00312109 -0.00311829 -0.0031128 -0.00672796 -0.00672908 -0.00672904 -0.00672868 -0.00894173 -0.00895118 -0.0089608 -0.00897215
7.325 0 0 0 0 -0.00198534 -0.00198506 -0.00198228 -0.00197884 -0.0047979 -0.0047988 -0.00479877 -0.00479865 -0.00683297 -0.00684273 -0.00685235 -0.00686339
7.345 0 0 0 0 -0.0010336 -0.00103255 -0.00102977 -0.00102713 -0.00252325 -0.0025239 -0.00252388 -0.00252404 -0.00362068 -0.00363076 -0.00364038 -0.00365112
7.365 0 0 0 0 -0.000225281 -0.000224195 -0.000221439 -0.000218808 -0.000124709 -0.000125065 -0.000125045 -0.000125493 0.000131602 0.000121225 0.000111602 0.000101165
7.385 0 0 0 0 0.000807593 0.000809536 0.000812339 0.000814196 0.00235514 0.00235496 0.00235498 0.00235436 0.00372616 0.00371549 0.00370587 0.00369573
7.405 0 0 0 0 0.00219853 0.00220289 0.0022057 0.00220512 0.00484002 0.00484001 0.00484002 0.00483925 0.00663158 0.00662056 0.00661094 0.00660117
7.425 0 0 0 0 0.00359882 0.00360586 0.00360868 0.00360542 0.00702551 0.00702596 0.007026 0.00702477 0.00868777 0.0086763 0.00866667 0.00865734
7.445 0 0 0 0 0.00445591 0.00446441 0.00446723 0.00446251 0.00842788 0.00842878 0.00842881 0.00842714 0.0100077 0.00999594 0.00998633 0.00997732
7.465 0 0 0 0 0.00453502 0.00454339 0.00454619 0.00454152 0.00878292 0.00878371 0.00878376 0.0087822 0.0107195 0.0107078 0.0106981 0.0106891
7.485 0 0 0 0 0.00391552 0.00392237 0.00392516 0.00392199 0.00812032 0.00812076 0.0081208 0.0081196 0.0105783 0.0105667 0.0105571 0.0105479
7.505 0 0 0 0 0.0029352 0.00293994 0.00294273 0.00294164 0.00666115 0.00666149 0.00666153 0.00666042 0.00917849 0.00916718 0.00915756 0.00914807
7.525 0 0 0 0 0.00203589 0.00203955 0.00204233 0.0020423 0.00469914 0.00469935 0.00469937 0.00469836 0.00649658 0.00648551 0.0064759 0.00646616
7.545 0 0 0 0 0.00131301 0.00131687 0.00131963 0.0013194 0.00246414 0.00246393 0.00246394 0.00246331 0.00300656 0.0029958 0.00298617 0.00297612
7.565 0 0 0 0 0.000401134 0.000404555 0.000407308 0.000407525 4.41081e-05 4.369e-05 4.37086e-05 4.33313e-05 -0.000619449 -0.000629923 -0.000639547 -0.000649891
7.585 0 0 0 0 -0.00094566 -0.000944315 -0.000941549 -0.000939193 -0.00249042 -0.00249094 -0.00249091 -0.00249118 -0.00378716 -0.0037973 -0.00380692 -0.00381759
7.605 0 0 0 0 -0.00239497 -0.00239635 -0.00239357 -0.00238845 -0.00483642 -0.00483735 -0.00483734 -0.00483722 -0.00614276 -0.00615245 -0.00616206 -0.00617316
7.625 0 0 0 0 -0.00341452 -0.00341759 -0.00341479 -0.00340797 -0.00652064 -0.00652216 -0.00652216 -0.00652144 -0.00771601 -0.0077253 -0.00773493 -0.00774644
7.645 0 0 0 0 -0.00373951 -0.00374301 -0.0037402 -0.00373297 -0.00721886 -0.00722036 -0.00722034 -0.00721963 -0.00868225 -0.00869146 -0.00870106 -0.00871264
7.665 0 0 0 0 -0.00344291 -0.00344573 -0.00344292 -0.00343638 -0.0069895 -0.0069905 -0.00699047 -0.00699023 -0.0089806 -0.00899002 -0.00899964 -0.00901102
7.685 0 0 0 0 -0.00275422 -0.00275546 -0.00275268 -0.00274774 -0.0060727 -0.00607359 -0.00607355 -0.00607343 -0.00826882 -0.00827842 -0.00828803 -0.00829923
7.705 0 0 0 0 -0.00198455 -0.00198441 -0.00198163 -0.0019781 -0.00463541 -0.0046365 -0.00463647 -0.00463616 -0.00636711 -0.00637683 -0.00638645 -0.00639754
7.725 0 0 0 0 -0.00133424 -0.001334 -0.00133123 -0.00132781 -0.00279844 -0.00279928 -0.00279926 -0.00279924 -0.00357741 -0.00358737 -0.00359699 -0.00360783
7.745 0 0 0 0 -0.000609632 -0.000609488 -0.000606729 -0.00060323 -0.000688855 -0.000689154 -0.000689135 -0.000689639 -0.00044907 -0.000459382 -0.000469009 -0.000479513
7.765 0 0 0 0 0.000411348 0.000412748 0.000415511 0.000417849 0.00147178 0.00147167 0.00147168 0.00147099 0.00242471 0.00241411 0.00240449 0.00239429
7.785 0 0 0 0 0.00157483 0.0015785 0.00158126 0.00158129 0.00341773 0.00341766 0.00341767 0.00341693 0.00460812 0.00459726 0.00458764 0.0045777
7.805 0 0 0 0 0.00249967 0.00250505 0.00250783 0.00250617 0.00488601 0.00488628 0.00488629 0.00488522 0.00600625 0.00599509 0.00598548 0.00597586
7.825 0 0 0 0 0.00291775 0.0029237 0.00292649 0.00292423 0.00563891 0.00563948 0.0056395 0.00563813 0.00676941 0.00675806 0.00674845 0.00673899
7.845 0 0 0 0 0.00277794 0.00278351 0.0027863 0.00278444 0.00556295 0.00556333 0.00556335 0.00556216 0.00695422 0.00694296 0.00693334 0.00692381
7.865 0 0 0 0 0.0022267 0.00223119 0.00223397 0.00223319 0.00478345 0.00478351 0.00478353 0.00478267 0.00640917 0.00639811 0.0063885 0.00637874
7.885 0 0 0 0 0.00149998 0.00150315 0.00150593 0.00150646 0.0035206 0.00352059 0.0035206 0.0035198 0.00495581 0.00494494 0.00493532 0.00492538
7.905 0 0 0 0 0.000833952 0.000836432 0.000839205 0.000840413 0.00196996 0.00196991 0.00196991 0.00196914 0.00272209 0.00271139 0.00270177 0.00269166
7.925 0 0 0 0 0.000272549 0.000275094 0.000277859 0.00027903 0.000299265 0.00029888 0.000298889 0.000298458 0.000170957 0.000160494 0.000150872 0.000140523
7.945 0 0 0 0 -0.000395271 -0.000393038 -0.000390267 -0.00038875 -0.00136777 -0.00136844 -0.00136842 -0.00136855 -0.00219713 -0.00220735 -0.00221697 -0.00222756
7.965 0 0 0 0 -0.00126944 -0.00126885 -0.00126609 -0.00126299 -0.0029107 -0.00291139 -0.00291138 -0.00291148 -0.00403045 -0.00404046 -0.00405008 -0.00406087
7.985 0 0 0 0 -0.00212736 -0.00212861 -0.00212587 -0.00212094 -0.00417731 -0.0041781 -0.00417809 -0.00417809 -0.00522133 -0.00523113 -0.00524074 -0.00525174
8.005 0 0 0 0 -0.00261221 -0.00261425 -0.00261148 -0.00260571 -0.00494143 -0.00494255 -0.00494254 -0.00494221 -0.00586017 -0.00586976 -0.00587938 -0.00589059
8.025 0 0 0 0 -0.00253906 -0.00254068 -0.00253788 -0.00253253 -0.00498082 -0.00498207 -0.00498206 -0.00498162 -0.00602498 -0.00603455 -0.00604416 -0.0060554
8.045 0 0 0 0 -0.00204944 -0.00205007 -0.00204728 -0.00204292 -0.00432834 -0.00432923 -0.00432922 -0.00432913 -0.00565989 -0.00566967 -0.00567928 -0.0056903
8.065 0 0 0 0 -0.00140305 -0.00140263 -0.00139985 -0.00139656 -0.00323698 -0.00323755 -0.00323754 -0.00323779 -0.00458697 -0.00459698 -0.0046066 -0.00461738
8.085 0 0 0 0 -0.000772035 -0.000770733 -0.000767965 -0.000765567 -0.00191198 -0.00191261 -0.0019126 -0.0019128 -0.00274643 -0.00275658 -0.0027662 -0.00277685
8.105 0 0 0 0 -0.000192139 -0.00019041 -0.000187647 -0.000185674 -0.000403519 -0.000404174 -0.000404166 -0.000404327 -0.000407759 -0.000418043 -0.000427662 -0.000438184
8.125 0 0 0 0 0.0004144 0.000416266 0.000419039 0.00042093 0.00122188 0.0012216 0.00122162 0.00122108 0.00192896 0.00191842 0.0019088 0.00189853
8.145 0 0 0 0 0.00111459 0.00111712 0.00111986 0.00112102 0.00272935 0.00272949 0.00272951 0.00272854 0.00380339 0.00379256 0.00378294 0.00377297
8.165 0 0 0 0 0.00186847 0.0018726 0.00187535 0.00187489 0.0039013 0.00390143 0.00390144 0.0039005 0.00504398 0.00503299 0.00502338 0.00501357
8.185 0 0 0 0 0.00241425 0.00241977 0.00242255 0.00242075 0.00461344 0.00461348 0.0046135 0.00461266 0.00567683 0.00566575 0.00565614 0.00564641
8.205 0 0 0 0 0.00242577 0.00243107 0.00243387 0.0024323 0.00470449 0.0047048 0.00470481 0.0047037 0.005717 0.00570584 0.00569622 0.00568659
8.225 0 0 0 0 0.00188625 0.00189012 0.0018929 0.00189276 0.00402945 0.00402992 0.00402993 0.00402865 0.00512625 0.00511516 0.00510554 0.00509584
8.245 0 0 0 0 0.00110249 0.00110511 0.00110789 0.00110897 0.00269598 0.00269596 0.00269596 0.00269517 0.00384065 0.00382987 0.00382026 0.00381023
8.265 0 0 0 0 0.000344611 0.000346539 0.000349305 0.000351071 0.00105736 0.00105681 0.00105681 0.00105654 0.0018416 0.00183116 0.00182154 0.00181118
8.285 0 0 0 0 -0.000328833 -0.000327491 -0.000324719 -0.000322325 -0.000594702 -0.000595201 -0.000595195 -0.000595508 -0.000658661 -0.00066896 -0.00067858 -0.00068909
8.305 0 0 0 0 -0.000971501 -0.00097076 -0.00096803 -0.000965083 -0.00220284 -0.0022032 -0.00220318 -0.00220362 -0.00316463 -0.00317482 -0.00318444 -0.00319506
8.325 0 0 0 0 -0.00161739 -0.00161714 -0.00161438 -0.00161091 -0.00370291 -0.00370369 -0.00370369 -0.00370374 -0.00512441 -0.00513431 -0.00514392 -0.00515481
8.345 0 0 0 0 -0.00225253 -0.00225313 -0.00225034 -0.00224601 -0.00485123 -0.00485248 -0.00485246 -0.00485201 -0.00626951 -0.00627913 -0.00628875 -0.00629993
8.365 0 0 0 0 -0.00274627 -0.00274825 -0.00274545 -0.00273974 -0.00541177 -0.0054129 -0.00541288 -0.00541255 -0.00666919 -0.00667874 -0.00668836 -0.0066996
8.385 0 0 0 0 -0.00281434 -0.00281688 -0.00281408 -0.0028078 -0.00531008 -0.00531094 -0.00531092 -0.00531088 -0.00645684 -0.00646646 -0.00647608 -0.00648725
8.405 0 0 0 0 -0.00228406 -0.00228533 -0.00228254 -0.00227755 -0.00454591 -0.00454692 -0.00454691 -0.00454671 -0.00564986 -0.00565956 -0.00566917 -0.00568028
8.425 0 0 0 0 -0.00138009 -0.0013794 -0.00137663 -0.00137362 -0.00317587 -0.00317693 -0.00317693 -0.00317668 -0.00422875 -0.00423863 -0.00424825 -0.00425917
8.445 0 0 0 0 -0.000466876 -0.000465043 -0.000462277 -0.00046042 -0.00139068 -0.00139123 -0.00139122 -0.0013915 -0.0021875 -0.00219774 -0.00220736 -0.00221792
8.465 0 0 0 0 0.000323409 0.000325767 0.000328549 0.000329943 0.00050609 0.000506018 0.000506026 0.000505277 0.000371157 0.000360583 0.000350961 0.000340725
8.485 0 0 0 0 0.00108848 0.0010916 0.00109433 0.00109491 0.0023311 0.00233092 0.00233095 0.00233032 0.00312402 0.0031133 0.00310368 0.00309359
8.505 0 0 0 0 0.00187654 0.00188071 0.00188346 0.00188299 0.00404625 0.00404601 0.00404602 0.00404545 0.00555307 0.00554219 0.00553258 0.00552266
8.525 0 0 0 0 0.0026324 0.00263746 0.00264026 0.00263892 0.00554383 0.00554409 0.0055441 0.00554307 0.00725756 0.00724636 0.00723674 0.00722714
8.545 0 0 0 0 0.00328651 0.0032927 0.00329551 0.00329305 0.00659508 0.00659571 0.00659574 0.00659434 0.00820843 0.00819697 0.00818736 0.00817801
8.565 0 0 0 0 0.0036327 0.00363993 0.00364274 0.00363923 0.00697766 0.00697809 0.00697812 0.00697692 0.00852466 0.00851319 0.00850357 0.00849424
8.585 0 0 0 0 0.00339857 0.00340541 0.00340821 0.00340507 0.0065963 0.00659656 0.00659659 0.00659555 0.00819014 0.00817877 0.00816916 0.00815972
8.605 0 0 0 0 0.00260632 0.00261126 0.00261405 0.00261279 0.00548056 0.00548096 0.00548098 0.00547981 0.0070914 0.00708016 0.00707054 0.00706098
8.625 0 0 0 0 0.00162782 0.00163103 0.0016338 0.00163426 0.00378308 0.00378329 0.00378332 0.00378231 0.0051905 0.00517953 0.00516992 0.00516008
8.645 0 0 0 0 0.000750772 0.000753324 0.00075609 0.000757204 0.00177065 0.00177029 0.00177031 0.00176986 0.00258845 0.00257786 0.00256824 0.00255802
8.665 0 0 0 0 -8.4805e-05 -8.28142e-05 -8.00466e-05 -7.83442e-05 -0.000317219 -0.000317814 -0.000317796 -0.000318 -0.000440117 -0.000450439 -0.000460063 -0.000470554
8.685 0 0 0 0 -0.00102264 -0.00102182 -0.00101907 -0.00101621 -0.00238014 -0.00238061 -0.00238058 -0.0023809 -0.00341512 -0.00342525 -0.00343488 -0.00344555
8.705 0 0 0 0 -0.0020529 -0.00205362 -0.00205085 -0.0020464 -0.00437027 -0.00437094 -0.00437094 -0.00437108 -0.00587035 -0.00588019 -0.00588979 -0.00590074
8.725 0 0 0 0 -0.00301661 -0.00301874 -0.00301594 -0.00301005 -0.0060773 -0.0060785 -0.00607849 -0.00607805 -0.00761344 -0.0076229 -0.00763251 -0.00764386
8.745 0 0 0 0 -0.00366357 -0.00366686 -0.00366404 -0.00365701 -0.00714338 -0.00714483 -0.0071448 -0.00714412 -0.0086766 -0.00868584 -0.00869546 -0.00870701
8.765 0 0 0 0 -0.00374742 -0.00375094 -0.00374813 -0.00374088 -0.00732602 -0.00732725 -0.00732722 -0.00732675 -0.00904869 -0.00905798 -0.0090676 -0.00907912
8.785 0 0 0 0 -0.00324246 -0.00324486 -0.00324207 -0.00323596 -0.00665902 -0.00666008 -0.00666004 -0.00665976 -0.0085853 -0.00859474 -0.00860436 -0.00861571
8.805 0 0 0 0 -0.00244229 -0.00244312 -0.00244034 -0.00243583 -0.00536098 -0.005362 -0.00536197 -0.00536173 -0.00718028 -0.00718992 -0.00719954 -0.0072107
8.825 0 0 0 0 -0.00168285 -0.0016829 -0.00168012 -0.00167641 -0.00368086 -0.00368165 -0.00368163 -0.00368164 -0.00493763 -0.00494752 -0.00495714 -0.00496805
8.845 0 0 0 0 -0.000971978 -0.000971779 -0.000969018 -0.000965554 -0.00178566 -0.00178614 -0.00178612 -0.00178646 -0.00215709 -0.00216725 -0.00217687 -0.00218752
8.865 0 0 0 0 -7.98831e-05 -7.87098e-05 -7.59556e-05 -7.34448e-05 0.000259768 0.000259366 0.000259385 0.000258993 0.000749205 0.000738809 0.000729185 0.000718768
8.885 0 0 0 0 0.00106431 0.00106729 0.00107007 0.00107079 0.00239669 0.0023964 0.00239642 0.00239591 0.00338549 0.00337481 0.00336518 0.00335506
8.905 0 0 0 0 0.00219595 0.00220082 0.00220359 0.00220245 0.00437783 0.00437798 0.00437798 0.00437703 0.00549432 0.00548326 0.00547365 0.00546392
8.925 0 0 0 0 0.00295421 0.00296012 0.00296292 0.00296076 0.00578254 0.00578316 0.00578317 0.00578175 0.00699566 0.00698428 0.00697466 0.00696523
8.945 0 0 0 0 0.0031689 0.003175 0.0031778 0.00317542 0.00632297 0.00632351 0.00632352 0.00632219 0.00785341 0.00784201 0.0078324 0.00782301
8.965 0 0 0 0 0.00290496 0.00291051 0.00291331 0.00291146 0.00604562 0.00604581 0.00604584 0.00604488 0.00791819 0.00790695 0.00789733 0.00788777
8.985 0 0 0 0 0.00237637 0.0023809 0.00238368 0.00238283 0.00518848 0.00518858 0.00518861 0.00518773 0.00702058 0.00700948 0.00699986 0.00699016
9.005 0 0 0 0 0.00180871 0.00181251 0.00181528 0.00181517 0.00393551 0.00393567 0.00393569 0.00393473 0.00521912 0.00520813 0.00519851 0.00518869
9.025 0 0 0 0 0.00125947 0.00126317 0.00126594 0.00126591 0.00238738 0.0023873 0.00238732 0.00238658 0.00287119 0.0028604 0.00285078 0.00284076
9.045 0 0 0 0 0.000570108 0.000573438 0.000576203 0.000576539 0.00065291 0.000652478 0.000652496 0.000652132 0.000435127 0.000424615 0.000414989 0.000404686
9.065 0 0 0 0 -0.000394593 -0.000392735 -0.000389977 -0.000388107 -0.00114451 -0.00114504 -0.00114502 -0.00114529 -0.00176169 -0.00177196 -0.00178157 -0.00179212
9.085 0 0 0 0 -0.00142928 -0.00142954 -0.00142682 -0.00142288 -0.00281609 -0.00281672 -0.00281669 -0.00281686 -0.00354284 -0.00355285 -0.00356247 -0.00357328
9.105 0 0 0 0 -0.00213224 -0.00213355 -0.00213081 -0.00212582 -0.00406692 -0.00406794 -0.00406793 -0.00406773 -0.00484364 -0.00485337 -0.00486298 -0.00487405
9.125 0 0 0 0 -0.00232613 -0.00232731 -0.00232454 -0.00231962 -0.00464194 -0.00464319 -0.00464318 -0.00464274 -0.00566088 -0.00567049 -0.0056801 -0.00569129
9.145 0 0 0 0 -0.00214748 -0.00214822 -0.00214543 -0.00214096 -0.00453514 -0.00453608 -0.00453606 -0.00453593 -0.0059194 -0.00592913 -0.00593875 -0.00594981
9.165 0 0 0 0 -0.00178324 -0.00178342 -0.00178064 -0.00177674 -0.00394015 -0.00394078 -0.00394076 -0.00394093 -0.00542352 -0.00543344 -0.00544305 -0.00545394
9.185 0 0 0 0 -0.00134962 -0.00134917 -0.0013464 -0.00134314 -0.00302233 -0.00302309 -0.00302308 -0.00302313 -0.00409928 -0.00410926 -0.00411887 -0.0041297
9.205 0 0 0 0 -0.000879599 -0.000878779 -0.000876019 -0.000873135 -0.00180181 -0.00180265 -0.00180265 -0.00180262 -0.00217805 -0.00218812 -0.00219774 -0.00220848
9.225 0 0 0 0 -0.000297146 -0.000296092 -0.000293337 -0.000290692 -0.000300136 -0.000300613 -0.000300605 -0.000300934 -6.68005e-05 -7.71225e-05 -8.67439e-05 -9.72309e-05
9.245 0 0 0 0 0.000496139 0.00049811 0.000500883 0.00050269 0.00132215 0.00132205 0.00132207 0.00132136 0.00190775 0.00189713 0.00188751 0.00187732
9.265 0 0 0 0 0.00140964 0.00141338 0.00141612 0.00141608 0.00283456 0.00283451 0.00283453 0.00283378 0.00358779 0.00357696 0.00356734 0.00355736
9.285 0 0 0 0 0.00213082 0.00213594 0.00213869 0.00213725 0.00402659 0.00402658 0.00402659 0.00402579 0.00490078 0.00488978 0.00488017 0.00487036
9.305 0 0 0 0 0.00240789 0.00241311 0.00241588 0.00241438 0.00471362 0.0047139 0.00471391 0.00471282 0.00578154 0.00577039 0.00576078 0.00575113
9.325 0 0 0 0 0.00225903 0.0022635 0.00226629 0.00226554 0.00475777 0.00475817 0.00475819 0.00475698 0.00610252 0.00609136 0.00608175 0.00607211
9.345 0 0 0 0 0.00187274 0.00187653 0.00187932 0.00187925 0.00417748 0.00417759 0.0041776 0.00417669 0.00567376 0.00566277 0.00565315 0.00564335
9.365 0 0 0 0 0.00139741 0.00140073 0.00140351 0.00140389 0.0031488 0.00314863 0.00314863 0.00314799 0.00438591 0.00437511 0.0043655 0.00435549
9.385 0 0 0 0 0.000856973 0.000859796 0.000862565 0.000863443 0.00182268 0.00182255 0.00182255 0.00182186 0.0023815 0.00237082 0.0023612 0.00235108
9.405 0 0 0 0 0.000199662 0.000201862 0.000204624 0.00020614 0.00024027 0.000240128 0.000240138 0.000239476 4.81279e-05 3.76082e-05 2.79861e-05 1.76957e-05
9.425 0 0 0 0 -0.000607602 -0.000606137 -0.00060334 -0.000601046 -0.00150597 -0.0015065 -0.00150649 -0.00150677 -0.00218353 -0.00219375 -0.00220337 -0.00221396
9.445 0 0 0 0 -0.00152573 -0.00152572 -0.00152295 -0.00151928 -0.00319429 -0.00319519 -0.00319517 -0.00319508 -0.00407795 -0.00408784 -0.00409746 -0.00410836
9.465 0 0 0 0 -0.0023596 -0.00236118 -0.00235843 -0.00235313 -0.00456305 -0.00456399 -0.00456397 -0.00456382 -0.00557563 -0.00558533 -0.00559495 -0.00560605
9.485 0 0 0 0 -0.00282701 -0.00282939 -0.00282661 -0.0028205 -0.00542269 -0.00542365 -0.00542364 -0.00542348 -0.00663051 -0.0066401 -0.00664971 -0.00666092
9.505 0 0 0 0 -0.00281011 -0.002812 -0.00280921 -0.00280358 -0.0056673 -0.00566844 -0.00566843 -0.00566809 -0.00712579 -0.00713532 -0.00714494 -0.00715621
9.525 0 0 0 0 -0.0024368 -0.00243768 -0.00243488 -0.00243029 -0.00525248 -0.00525363 -0.00525361 -0.00525324 -0.00688005 -0.00688965 -0.00689927 -0.00691047
9.545 0 0 0 0 -0.00191573 -0.00191592 -0.00191314 -0.00190923 -0.00425362 -0.00425448 -0.00425446 -0.00425439 -0.00575618 -0.00576599 -0.00577561 -0.0057866
9.565 0 0 0 0 -0.00135119 -0.00135105 -0.00134828 -0.00134473 -0.00286516 -0.00286575 -0.00286574 -0.00286595 -0.00382409 -0.00383412 -0.00384373 -0.00385451
9.585 0 0 0 0 -0.000688131 -0.000687427 -0.000684665 -0.000681694 -0.00123392 -0.00123449 -0.00123448 -0.00123472 -0.00139381 -0.00140401 -0.00141363 -0.00142423
9.605 0 0 0 0 0.000155057 0.000156822 0.000159584 0.000161525 0.000586977 0.000586462 0.000586475 0.000586196 0.0011052 0.00109479 0.00108517 0.00107477
9.625 0 0 0 0 0.00114065 0.00114377 0.00114652 0.00114711 0.00247665 0.00247653 0.00247655 0.00247588 0.00332917 0.00331842 0.00330879 0.00329873
9.645 0 0 0 0 0.00209811 0.0021028 0.00210558 0.00210462 0.00416601 0.00416627 0.00416627 0.00416521 0.00514517 0.0051341 0.0051245 0.00511477
9.665 0 0 0 0 0.0027701 0.00277597 0.00277879 0.00277667 0.00535218 0.00535252 0.00535252 0.00535138 0.0065187 0.00650745 0.00649783 0.00648828
9.685 0 0 0 0 0.00294796 0.0029539 0.0029567 0.00295448 0.00584999 0.00585029 0.0058503 0.0058492 0.00732825 0.00731697 0.00730736 0.00729784
9.705 0 0 0 0 0.00264841 0.00265337 0.00265616 0.0026549 0.00562017 0.00562053 0.00562055 0.00561942 0.00735056 0.00733932 0.0073297 0.00732014
9.725 0 0 0 0 0.00209139 0.00209525 0.00209803 0.00209785 0.00472198 0.00472227 0.00472229 0.00472122 0.00640114 0.00639004 0.00638043 0.00637072
9.745 0 0 0 0 0.00146966 0.00147299 0.00147576 0.00147611 0.00329523 0.00329523 0.00329524 0.00329445 0.00449501 0.00448414 0.00447452 0.00446458
9.765 0 0 0 0 0.000783018 0.000786001 0.000788766 0.000789461 0.001521 0.00152073 0.00152073 0.00152019 0.00191229 0.00190167 0.00189205 0.00188186
9.785 0 0 0 0 -7.15981e-05 -6.94793e-05 -6.67128e-05 -6.513e-05 -0.00044782 -0.000448174 -0.000448163 -0.000448602 -0.000879369 -0.000889761 -0.000899386 -0.00090981
9.805 0 0 0 0 -0.00110017 -0.00109952 -0.00109678 -0.00109375 -0.00247212 -0.00247268 -0.00247267 -0.00247291 -0.00342633 -0.00343642 -0.00344604 -0.00345675
9.825 0 0 0 0 -0.00212673 -0.00212768 -0.0021249 -0.00212021 -0.00431716 -0.00431811 -0.00431811 -0.00431797 -0.005461 -0.00547075 -0.00548035 -0.0054914
9.845 0 0 0 0 -0.00288498 -0.00288712 -0.00288431 -0.00287841 -0.00565946 -0.00566071 -0.0056607 -0.00566025 -0.00690997 -0.00691946 -0.00692908 -0.00694039
9.865 0 0 0 0 -0.00316765 -0.00317019 -0.00316738 -0.0031611 -0.00625467 -0.00625587 -0.00625586 -0.00625543 -0.0077321 -0.00774152 -0.00775113 -0.0077625
9.885 0 0 0 0 -0.00292717 -0.00292907 -0.00292628 -0.00292065 -0.00604124 -0.00604231 -0.00604228 -0.00604197 -0.007771 -0.00778052 -0.00779013 -0.00780142
9.905 0 0 0 0 -0.00230191 -0.00230251 -0.00229974 -0.00229544 -0.00508853 -0.00508957 -0.00508954 -0.00508928 -0.00681989 -0.00682955 -0.00683917 -0.00685031
9.925 0 0 0 0 -0.0015207 -0.00152021 -0.00151744 -0.00151425 -0.0035293 -0.00353022 -0.0035302 -0.00353008 -0.00483537 -0.00484526 -0.00485488 -0.0048658
9.945 0 0 0 0 -0.000689173 -0.000688064 -0.000685303 -0.000682738 -0.00152727 -0.00152788 -0.00152786 -0.00152807 -0.00203973 -0.00204991 -0.00205953 -0.00207016
9.965 0 0 0 0 0.000266177 0.000268098 0.000270868 0.000272664 0.000739065 0.000738753 0.00073877 0.00073829 0.00113752 0.00112703 0.0011174 0.00110708
9.985 0 0 0 0 0.00140676 0.0014102 0.00141292 0.00141318 0.0030874 0.00308727 0.00308729 0.00308662 0.00421095 0.00420014 0.00419052 0.00418053
10.005 0 0 0 0 0.00259972 0.00260505 0.00260784 0.00260624 0.0052883 0.00528843 0.00528845 0.00528751 0.00680208 0.00679093 0.00678132 0.00677168
10.025 0 0 0 0 0.00355649 0.00356328 0.00356609 0.00356301 0.00702171 0.00702224 0.00702228 0.00702097 0.00871532 0.00870384 0.00869422 0.00868491
10.045 0 0 0 0 0.00401046 0.00401779 0.00402059 0.00401697 0.00794919 0.00794994 0.00794997 0.00794846 0.00984591 0.00983426 0.00982465 0.0098155
10.065 0 0 0 0 0.00388146 0.00388837 0.00389117 0.00388796 0.00790481 0.00790544 0.00790547 0.00790408 0.0100565 0.0100449 0.0100353 0.0100261
10.085 0 0 0 0 0.003295 0.00330082 0.00330362 0.00330147 0.00697137 0.00697175 0.00697179 0.00697064 0.009178 0.00916661 0.00915699 0.00914759
10.105 0 0 0 0 0.00245589 0.00246045 0.00246323 0.00246232 0.00534391 0.00534414 0.00534417 0.00534315 0.00714967 0.0071385 0.00712888 0.00711924
10.125 0 0 0 0 0.00150698 0.00151052 0.00151329 0.00151339 0.00320384 0.0032039 0.00320392 0.00320304 0.00418036 0.00416947 0.00415985 0.00414993
10.145 0 0 0 0 0.000454993 0.000457643 0.000460407 0.000461397 0.000725473 0.000725198 0.000725215 0.000724674 0.000730896 0.000720353 0.000710728 0.000700456
10.165 0 0 0 0 -0.000750021 -0.000748567 -0.000745769 -0.000743485 -0.00186752 -0.00186818 -0.00186816 -0.00186831 -0.00267015 -0.00268031 -0.00268993 -0.00270059
10.185 0 0 0 0 -0.00204528 -0.00204592 -0.00204313 -0.00203877 -0.00430868 -0.0043096 -0.0043096 -0.0043095 -0.00561853 -0.0056283 -0.00563791 -0.00564893
10.205 0 0 0 0 -0.00318801 -0.00319061 -0.00318782 -0.00318147 -0.00632009 -0.00632118 -0.00632116 -0.00632084 -0.00790054 -0.00790999 -0.00791962 -0.00793096
10.225 0 0 0 0 -0.00387753 -0.00388113 -0.00387834 -0.00387101 -0.00762498 -0.00762633 -0.0076263 -0.00762572 -0.00941571 -0.00942493 -0.00943454 -0.00944611
10.245 0 0 0 0 -0.00399189 -0.00399536 -0.00399255 -0.00398536 -0.00803638 -0.00803782 -0.00803777 -0.00803708 -0.0100796 -0.0100887 -0.0100983 -0.01011
10.265 0 0 0 0 -0.00363617 -0.00363891 -0.00363611 -0.00362967 -0.00755556 -0.00755682 -0.00755677 -0.00755627 -0.00976699 -0.00977628 -0.0097859 -0.0097974
10.285 0 0 0 0 -0.0029944 -0.00299622 -0.00299343 -0.00298792 -0.00634598 -0.00634698 -0.00634695 -0.00634671 -0.00837536 -0.00838488 -0.0083945 -0.00840579
10.305 0 0 0 0 -0.00216912 -0.00216994 -0.00216717 -0.00216268 -0.00457034 -0.00457126 -0.00457124 -0.00457111 -0.00596207 -0.00597181 -0.00598143 -0.00599249
10.325 0 0 0 0 -0.00119046 -0.00119025 -0.00118749 -0.00118406 -0.00234928 -0.00235008 -0.00235007 -0.00235009 -0.00285454 -0.00286456 -0.00287418 -0.00288497
10.345 0 0 0 0 -9.34185e-05 -9.21067e-05 -8.9356e-05 -8.69929e-05 0.000111813 0.000111449 0.000111467 0.000111035 0.000423545 0.000413143 0.000403518 0.000393105
10.365 0 0 0 0 0.00107069 0.00107336 0.00107613 0.00107716 0.00250038 0.00250048 0.0025005 0.00249961 0.0034019 0.0033911 0.00338147 0.00337146
10.385 0 0 0 0 0.00217402 0.00217858 0.00218136 0.00218055 0.00451137 0.0045116 0.0045116 0.00451057 0.00579519 0.00578411 0.0057745 0.0057648
10.405 0 0 0 0 0.00297511 0.00298109 0.0029839 0.00298166 0.00592222 0.0059225 0.00592251 0.00592143 0.00744812 0.00743684 0.00742722 0.0074177
10.425 0 0 0 0 0.00327332 0.00327954 0.00328234 0.00327983 0.00657746 0.00657795 0.00657798 0.00657671 0.00826482 0.00825342 0.00824381 0.00823442
10.445 0 0 0 0 0.00308569 0.00309132 0.00309411 0.00309218 0.00640188 0.00640244 0.00640247 0.00640115 0.00818713 0.00817573 0.00816611 0.0081567
10.465 0 0 0 0 0.00256347 0.00256833 0.00257111 0.00256993 0.00545234 0.00545262 0.00545265 0.00545159 0.00716702 0.00715583 0.00714621 0.00713661
10.485 0 0 0 0 0.00182084 0.00182483 0.0018276 0.00182729 0.003903 0.00390298 0.00390301 0.00390223 0.0052167 0.00520576 0.00519614 0.00518627
10.505 0 0 0 0 0.000911974 0.000914841 0.000917604 0.000918399 0.00193841 0.00193829 0.00193831 0.00193761 0.00252988 0.00251918 0.00250956 0.00249945
10.525 0 0 0 0 -0.00011857 -0.000116924 -0.000114162 -0.000112112 -0.000297594 -0.000297853 -0.000297834 -0.000298371 -0.000507577 -0.000517996 -0.000527624 -0.000538023
10.545 0 0 0 0 -0.00120354 -0.00120309 -0.00120036 -0.00119714 -0.00260124 -0.00260194 -0.00260191 -0.002602 -0.00345212 -0.00346216 -0.00347178 -0.00348256
10.565 0 0 0 0 -0.0022367 -0.00223755 -0.00223479 -0.00223018 -0.00465873 -0.00465983 -0.00465981 -0.00465952 -0.00595041 -0.00596008 -0.00596969 -0.00598082
10.585 0 0 0 0 -0.00303567 -0.00303781 -0.00303501 -0.00302913 -0.00614919 -0.00615036 -0.00615034 -0.00614994 -0.00775715 -0.00776661 -0.00777623 -0.00778757
10.605 0 0 0 0 -0.00341286 -0.0034156 -0.00341279 -0.00340632 -0.00688154 -0.00688272 -0.0068827 -0.00688229 -0.00870266 -0.00871204 -0.00872165 -0.00873307
10.625 0 0 0 0 -0.00331025 -0.00331264 -0.00330985 -0.00330372 -0.0068001 -0.00680133 -0.0068013 -0.00680083 -0.0086825 -0.00869188 -0.0087015 -0.00871292
10.645 0 0 0 0 -0.00281734 -0.00281889 -0.0028161 -0.00281086 -0.00592777 -0.00592896 -0.00592892 -0.0059285 -0.0076642 -0.0076737 -0.00768331 -0.00769461
10.665 0 0 0 0 -0.0020604 -0.00206102 -0.00205825 -0.00205394 -0.00437021 -0.00437114 -0.00437111 -0.00437097 -0.00571062 -0.00572038 -0.00573 -0.00574104
10.685 0 0 0 0 -0.00111488 -0.00111447 -0.00111171 -0.00110846 -0.00232065 -0.00232128 -0.00232126 -0.00232144 -0.00301829 -0.00302837 -0.00303799 -0.00304872
10.705 0 0 0 0 -2.98046e-05 -2.80402e-05 -2.52839e-05 -2.3357e-05 -3.74433e-06 -4.16941e-06 -4.14887e-06 -4.53001e-06 7.18676e-05 6.14726e-05 5.1847e-05 4.14252e-05
10.725 0 0 0 0 0.00111279 0.00111596 0.00111872 0.00111924 0.00236015 0.00235998 0.00236001 0.00235938 0.00314403 0.00313331 0.00312368 0.0031136
10.745 0 0 0 0 0.0021936 0.00219825 0.00220103 0.00220013 0.00452802 0.00452819 0.0045282 0.00452722 0.00583171 0.00582065 0.00581104 0.00580132
10.765 0 0 0 0 0.00306965 0.00307552 0.00307832 0.00307618 0.00622817 0.00622861 0.00622864 0.00622743 0.00788336 0.007872 0.00786238 0.00785293
10.785 0 0 0 0 0.00359653 0.00360319 0.00360599 0.00360303 0.00723859 0.0072391 0.00723913 0.00723784 0.00913825 0.00912676 0.00911714 0.00910784
10.805 0 0 0 0 0.00367873 0.00368546 0.00368827 0.00368523 0.0074508 0.0074513 0.00745133 0.00745007 0.00947544 0.00946393 0.00945431 0.00944502
10.825 0 0 0 0 0.00332885 0.00333493 0.00333772 0.00333533 0.00686313 0.0068636 0.00686364 0.0068624 0.00882126 0.00880984 0.00880023 0.00879085
10.845 0 0 0 0 0.00265346 0.00265853 0.00266131 0.00265991 0.00555194 0.00555227 0.0055523 0.00555118 0.00719789 0.00718666 0.00717704 0.00716746
10.865 0 0 0 0 0.00177488 0.00177894 0.00178171 0.00178131 0.00367994 0.00367997 0.00367998 0.00367915 0.00477127 0.00476033 0.00475071 0.00474085
10.885 0 0 0 0 0.000765372 0.000768329 0.000771088 0.00077178 0.00147526 0.00147498 0.00147499 0.00147445 0.00184607 0.00183545 0.00182583 0.00181563
10.905 0 0 0 0 -0.000329232 -0.000327591 -0.000324823 -0.000322749 -0.000829504 -0.000829983 -0.00082997 -0.000830285 -0.0011922 -0.00120249 -0.00121212 -0.00122264
10.925 0 0 0 0 -0.00142205 -0.00142195 -0.00141923 -0.00141565 -0.0030192 -0.00301992 -0.0030199 -0.00301997 -0.00396804 -0.00397802 -0.00398764 -0.00399848
10.945 0 0 0 0 -0.00236775 -0.00236893 -0.00236617 -0.00236127 -0.00485923 -0.00486025 -0.00486023 -0.00486002 -0.00619298 -0.00620264 -0.00621225 -0.00622339
10.965 0 0 0 0 -0.00300277 -0.00300484 -0.00300205 -0.00299627 -0.00609788 -0.00609909 -0.00609907 -0.00609862 -0.00768019 -0.00768964 -0.00769926 -0.0077106
10.985 0 0 0 0 -0.00322011 -0.00322245 -0.00321965 -0.00321358 -0.00656078 -0.00656202 -0.00656199 -0.00656151 -0.00830981 -0.0083192 -0.00832882 -0.00834022
11.005 0 0 0 0 -0.00300871 -0.00301069 -0.00300789 -0.00300219 -0.00621891 -0.00622003 -0.00622 -0.00621964 -0.00799589 -0.00800537 -0.00801499 -0.0080263
11.025 0 0 0 0 -0.00245471 -0.00245586 -0.00245307 -0.00244822 -0.00516724 -0.00516825 -0.00516822 -0.00516799 -0.0067266 -0.00673624 -0.00674586 -0.00675702
11.045 0 0 0 0 -0.00168121 -0.00168138 -0.00167861 -0.00167476 -0.00355602 -0.00355688 -0.00355686 -0.0035568 -0.0046254 -0.00463527 -0.00464489 -0.00465582
11.065 0 0 0 0 -0.000776148 -0.000775356 -0.000772599 -0.000769727 -0.00156552 -0.00156612 -0.0015661 -0.00156631 -0.00196639 -0.00197656 -0.00198618 -0.00199682
11.085 0 0 0 0 0.000217492 0.000219407 0.000222168 0.000223961 0.000589675 0.00058938 0.000589401 0.000588907 0.000881238 0.000870746 0.00086112 0.000850797
11.105 0 0 0 0 0.0012355 0.00123871 0.00124144 0.00124191 0.00266952 0.00266949 0.00266951 0.00266875 0.00354039 0.00352959 0.00351997 0.00350996
11.125 0 0 0 0 0.00214629 0.00215085 0.00215361 0.00215276 0.00443225 0.00443241 0.00443242 0.00443145 0.00570401 0.00569295 0.00568334 0.00567361
11.145 0 0 0 0 0.00278172 0.00278721 0.00279001 0.00278826 0.00565273 0.00565308 0.00565309 0.00565194 0.00716719 0.00715593 0.00714631 0.00713677
11.165 0 0 0 0 0.00302209 0.00302785 0.00303066 0.00302862 0.00616005 0.00616051 0.00616053 0.00615929 0.00781022 0.00779887 0.00778926 0.00777981
11.185 0 0 0 0 0.00284975 0.00285518 0.00285798 0.00285626 0.00589124 0.00589163 0.00589166 0.00589049 0.00756378 0.00755249 0.00754287 0.00753336
11.205 0 0 0 0 0.00233391 0.00233858 0.00234136 0.00234039 0.00491148 0.00491169 0.00491171 0.00491071 0.00641143 0.00640031 0.00639069 0.00638101
11.225 0 0 0 0 0.0015831 0.00158678 0.00158955 0.00158954 0.003374 0.00337403 0.00337404 0.00337322 0.00444406 0.00443316 0.00442354 0.00441363
11.245 0 0 0 0 0.000693782 0.000696416 0.000699176 0.00070021 0.00146157 0.00146139 0.0014614 0.00146077 0.00189811 0.00188748 0.00187786 0.00186768
11.265 0 0 0 0 -0.000270396 -0.000268811 -0.000266043 -0.000263911 -0.000629235 -0.000629666 -0.000629649 -0.00063001 -0.000877344 -0.000887673 -0.000897299 -0.000907787
11.285 0 0 0 0 -0.00125043 -0.00125005 -0.00124733 -0.00124402 -0.00267588 -0.00267661 -0.00267658 -0.00267665 -0.00351109 -0.0035211 -0.00353072 -0.00354152
11.305 0 0 0 0 -0.00214367 -0.00214452 -0.00214177 -0.00213719 -0.00443575 -0.00443671 -0.0044367 -0.00443654 -0.0056906 -0.00570033 -0.00570994 -0.005721
11.325 0 0 0 0 -0.00279882 -0.00280064 -0.00279785 -0.00279228 -0.00568371 -0.00568481 -0.0056848 -0.00568448 -0.0071984 -0.00720794 -0.00721756 -0.00722882
11.345 0 0 0 0 -0.00308299 -0.00308519 -0.00308238 -0.00307644 -0.00625336 -0.00625454 -0.00625451 -0.0062541 -0.00790321 -0.00791266 -0.00792228 -0.00793363
11.365 0 0 0 0 -0.00295536 -0.00295729 -0.00295449 -0.00294883 -0.00606956 -0.00607072 -0.00607069 -0.0060703 -0.00773485 -0.00774433 -0.00775395 -0.00776527
11.385 0 0 0 0 -0.00247408 -0.00247529 -0.00247251 -0.00246759 -0.00516843 -0.00516946 -0.00516943 -0.00516918 -0.00667973 -0.00668937 -0.00669899 -0.00671015
11.405 0 0 0 0 -0.00174305 -0.00174332 -0.00174055 -0.00173659 -0.00368402 -0.00368485 -0.00368483 -0.0036848 -0.00481254 -0.00482241 -0.00483203 -0.00484296
11.425 0 0 0 0 -0.000858402 -0.000857623 -0.000854865 -0.000851972 -0.00180217 -0.00180279 -0.00180277 -0.00180296 -0.00233586 -0.002346 -0.00235562 -0.00236629
11.445 0 0 0 0 0.000107391 0.000109325 0.000112086 0.000113852 0.000276757 0.00027638 0.000276397 0.000275982 0.000426944 0.000416506 0.000406882 0.000396505
11.465 0 0 0 0 0.00108741 0.00109047 0.00109322 0.00109385 0.00233895 0.00233886 0.00233888 0.00233819 0.00310476 0.00309401 0.00308439 0.00307432
11.485 0 0 0 0 0.00199058 0.0019949 0.00199766 0.00199707 0.00415171 0.00415186 0.00415187 0.00415092 0.0053707 0.00535968 0.00535007 0.0053403
11.505 0 0 0 0 0.00268675 0.0026921 0.0026949 0.0026933 0.00548758 0.0054879 0.00548792 0.0054868 0.00699171 0.00698048 0.00697086 0.00696129
