0.005 0 0 0 0 3.32259e-06 3.33041e-06 3.33042e-06 3.32264e-06 3.38891e-06 3.38633e-06 3.38633e-06 3.3889e-06 3.37956e-06 3.3799e-06 3.3799e-06 3.37956e-06
0.025 0 0 0 0 4.71431e-05 4.72782e-05 4.72781e-05 4.71424e-05 5.64693e-05 5.64378e-05 5.64375e-05 5.64687e-05 5.57953e-05 5.57948e-05 5.57946e-05 5.5795e-05
0.045 0 0 0 0 5.73201e-05 5.74062e-05 5.74053e-05 5.73163e-05 9.9916e-05 9.99433e-05 9.99425e-05 9.99136e-05 0.000103563 0.000103542 0.000103541 0.000103562
0.065 0 0 0 0 4.4901e-05 4.48958e-05 4.48928e-05 4.48914e-05 0.000115473 0.000115534 0.000115534 0.000115471 0.000143735 0.000143704 0.000143703 0.000143732
0.085 0 0 0 0 3.45408e-05 3.45433e-05 3.45408e-05 3.45328e-05 0.000101544 0.000101545 0.000101544 0.000101538 0.000162477 0.000162465 0.000162464 0.000162474
0.105 0 0 0 0 3.01218e-05 3.01577e-05 3.01562e-05 3.0117e-05 7.88278e-05 7.8791e-05 7.87891e-05 7.88212e-05 0.000139381 0.000139381 0.00013938 0.000139378
0.125 0 0 0 0 2.45591e-05 2.45742e-05 2.4573e-05 2.45552e-05 5.74032e-05 5.74186e-05 5.74181e-05 5.74014e-05 7.5003e-05 7.49914e-05 7.4991e-05 7.50015e-05
0.145 0 0 0 0 1.4928e-05 1.49346e-05 1.49344e-05 1.49269e-05 2.22745e-05 2.23227e-05 2.2323e-05 2.22752e-05 -3.04024e-06 -3.0579e-06 -3.05818e-06 -3.04092e-06
0.165 0 0 0 0 -4.63114e-06 -4.60045e-06 -4.60034e-06 -4.63109e-06 -3.52572e-05 -3.5262e-05 -3.52619e-05 -3.5257e-05 -6.86352e-05 -6.86319e-05 -6.86318e-05 -6.86351e-05
0.185 0 0 0 0 -4.13569e-05 -4.13742e-05 -4.13739e-05 -4.13564e-05 -9.76751e-05 -9.77209e-05 -9.7721e-05 -9.76752e-05 -0.000119017 -0.000118993 -0.000118993 -0.000119017
0.205 0 0 0 0 -8.34952e-05 -8.36423e-05 -8.36422e-05 -8.34948e-05 -0.000144979 -0.000144993 -0.000144994 -0.00014498 -0.000163165 -0.000163143 -0.000163142 -0.000163165
0.225 0 0 0 0 -0.000103644 -0.000103847 -0.000103847 -0.000103644 -0.000174467 -0.00017446 -0.00017446 -0.000174468 -0.000202868 -0.000202848 -0.000202847 -0.000202868
0.245 0 0 0 0 -9.29001e-05 -9.30214e-05 -9.30207e-05 -9.28973e-05 -0.000186974 -0.000187005 -0.000187005 -0.000186975 -0.000231604 -0.000231573 -0.000231573 -0.000231603
0.265 0 0 0 0 -7.22029e-05 -7.22461e-05 -7.22498e-05 -7.22154e-05 -0.000177248 -0.000177297 -0.0001773 -0.000177256 -0.000239803 -0.000239772 -0.000239775 -0.000239812
0.285 0 0 0 0 -6.11931e-05 -6.125e-05 -6.12542e-05 -6.12066e-05 -0.000147996 -0.000148005 -0.000148009 -0.000148007 -0.00021626 -0.000216244 -0.000216245 -0.000216265
0.305 0 0 0 0 -5.59155e-05 -5.60078e-05 -5.60103e-05 -5.59227e-05 -0.00011212 -0.000112106 -0.000112108 -0.000112125 -0.000156288 -0.00015628 -0.000156281 -0.000156291
0.325 0 0 0 0 -4.30014e-05 -4.30742e-05 -4.30754e-05 -4.30051e-05 -7.28243e-05 -7.2843e-05 -7.28428e-05 -7.28243e-05 -7.37739e-05 -7.37586e-05 -7.37581e-05 -7.3773e-05
0.345 0 0 0 0 -1.81016e-05 -1.81335e-05 -1.8133e-05 -1.8101e-05 -2.01329e-05 -2.01643e-05 -2.01638e-05 -2.01318e-05 5.38455e-06 5.39752e-06 5.39726e-06 5.38409e-06
0.365 0 0 0 0 1.6269e-05 1.62694e-05 1.62695e-05 1.6269e-05 4.57106e-05 4.57223e-05 4.57224e-05 4.57108e-05 6.67023e-05 6.66949e-05 6.66951e-05 6.67028e-05
0.385 0 0 0 0 5.42462e-05 5.43103e-05 5.43105e-05 5.42465e-05 0.000105583 0.000105623 0.000105623 0.000105583 0.000115699 0.000115674 0.000115674 0.000115698
0.405 0 0 0 0 8.19809e-05 8.21232e-05 8.21232e-05 8.19808e-05 0.000143156 0.000143172 0.000143171 0.000143155 0.000160828 0.000160805 0.000160805 0.000160828
0.425 0 0 0 0 8.55313e-05 8.56752e-05 8.56752e-05 8.55313e-05 0.000158939 0.00015894 0.00015894 0.000158939 0.000197749 0.000197729 0.000197729 0.000197749
0.445 0 0 0 0 6.93989e-05 6.94636e-05 6.94636e-05 6.93988e-05 0.000158033 0.000158058 0.000158058 0.000158033 0.000213707 0.000213683 0.000213683 0.000213707
0.465 0 0 0 0 5.36186e-05 5.36364e-05 5.36365e-05 5.36187e-05 0.000140367 0.000140401 0.000140401 0.000140368 0.00019905 0.000199027 0.000199027 0.00019905
0.485 0 0 0 0 4.7863e-05 4.79151e-05 4.79151e-05 4.78629e-05 0.000108231 0.000108236 0.000108236 0.000108231 0.000152114 0.000152101 0.000152102 0.000152114
0.505 0 0 0 0 4.11475e-05 4.12319e-05 4.12319e-05 4.11476e-05 6.84793e-05 6.84716e-05 6.84716e-05 6.84794e-05 8.13224e-05 8.13155e-05 8.13155e-05 8.13222e-05
0.525 0 0 0 0 2.05791e-05 2.06282e-05 2.06281e-05 2.0579e-05 2.24568e-05 2.24699e-05 2.24699e-05 2.24567e-05 4.97737e-06 4.9693e-06 4.96934e-06 4.97746e-06
0.545 0 0 0 0 -1.22286e-05 -1.22432e-05 -1.22431e-05 -1.22286e-05 -3.29277e-05 -3.29132e-05 -3.29132e-05 -3.29277e-05 -5.9111e-05 -5.91122e-05 -5.91122e-05 -5.9111e-05
0.565 0 0 0 0 -4.58556e-05 -4.59162e-05 -4.59162e-05 -4.58556e-05 -9.00493e-05 -9.00694e-05 -9.00694e-05 -9.00493e-05 -0.000106548 -0.000106532 -0.000106532 -0.000106548
0.585 0 0 0 0 -5.9135e-05 -5.92005e-05 -5.92005e-05 -5.9135e-05 -0.000116836 -0.000116879 -0.000116879 -0.000116836 -0.000130817 -0.000130791 -0.000130791 -0.000130817
0.605 0 0 0 0 -7.92512e-05 -7.94055e-05 -7.94055e-05 -7.92512e-05 -0.000138342 -0.000138334 -0.000138334 -0.000138342 -0.000166789 -0.000166773 -0.000166773 -0.000166789
0.625 0 0 0 0 -6.90947e-05 -6.92031e-05 -6.92031e-05 -6.90947e-05 -0.000138583 -0.000138585 -0.000138585 -0.000138583 -0.000180841 -0.000180824 -0.000180824 -0.000180841
0.645 0 0 0 0 -4.19144e-05 -4.19231e-05 -4.19231e-05 -4.19144e-05 -0.000113839 -0.000113872 -0.000113872 -0.000113839 -0.000160423 -0.000160403 -0.000160403 -0.000160423
0.665 0 0 0 0 -1.01363e-05 -1.00805e-05 -1.00805e-05 -1.01363e-05 -5.79367e-05 -5.79677e-05 -5.79677e-05 -5.79367e-05 -9.68836e-05 -9.68709e-05 -9.68709e-05 -9.68836e-05
0.685 0 0 0 0 -2.24327e-05 -2.25004e-05 -2.25004e-05 -2.24327e-05 -3.02925e-05 -3.02598e-05 -3.02598e-05 -3.02925e-05 -4.40222e-05 -4.40272e-05 -4.40272e-05 -4.40222e-05
0.705 0 0 0 0 -7.67087e-06 -7.72983e-06 -7.72983e-06 -7.67088e-06 1.22784e-05 1.22932e-05 1.22932e-05 1.22784e-05 3.53992e-05 3.53954e-05 3.53954e-05 3.53992e-05
0.725 0 0 0 0 6.71052e-05 6.72866e-05 6.72866e-05 6.71052e-05 0.000108485 0.000108417 0.000108417 0.000108485 0.000152172 0.000152177 0.000152177 0.000152172
0.745 0 0 0 0 2.72462e-05 2.71826e-05 2.71826e-05 2.72461e-05 0.000105359 0.000105441 0.000105441 0.000105359 0.000141984 0.000141951 0.000141951 0.000141984
0.765 0 0 0 0 5.29035e-05 5.29429e-05 5.29429e-05 5.29035e-05 0.000118948 0.00011898 0.00011898 0.000118948 0.000153458 0.000153436 0.000153436 0.000153458
0.785 0 0 0 0 6.96523e-05 6.98156e-05 6.98156e-05 6.96523e-05 0.000111571 0.000111531 0.000111531 0.000111571 0.000141567 0.000141563 0.000141563 0.000141567
0.805 0 0 0 0 3.7159e-05 3.72082e-05 3.72082e-05 3.7159e-05 7.40463e-05 7.40638e-05 7.40638e-05 7.40463e-05 8.74148e-05 8.74015e-05 8.74015e-05 8.74148e-05
0.825 0 0 0 0 2.06014e-05 2.06145e-05 2.06145e-05 2.06014e-05 4.44373e-05 4.44644e-05 4.44644e-05 4.44373e-05 4.73786e-05 4.73653e-05 4.73654e-05 4.73786e-05
0.845 0 0 0 0 -5.75508e-05 -5.77453e-05 -5.77453e-05 -5.75508e-05 -6.84643e-05 -6.84206e-05 -6.84206e-05 -6.84643e-05 -6.43807e-05 -6.43795e-05 -6.43795e-05 -6.43807e-05
0.865 0 0 0 0 0.000191143 0.000191918 0.000191918 0.000191143 0.000163352 0.000163059 0.000163059 0.000163352 0.000154398 0.000154444 0.000154444 0.000154398
0.885 0 0 0 0 -3.35878e-05 -3.39513e-05 -3.39514e-05 -3.35877e-05 4.05391e-05 4.08228e-05 4.08228e-05 4.05391e-05 9.55876e-06 9.48264e-06 9.48266e-06 9.55879e-06
0.905 0 0 0 0 -5.57929e-06 -5.7477e-06 -5.74777e-06 -5.57946e-06 6.4942e-05 6.50598e-05 6.50598e-05 6.4942e-05 9.5952e-05 9.59138e-05 9.59139e-05 9.59521e-05
0.925 0 0 0 0 -8.11048e-05 -8.12556e-05 -8.12556e-05 -8.11049e-05 -9.4538e-05 -9.46613e-05 -9.46613e-05 -9.4538e-05 4.22422e-06 4.27907e-06 4.27905e-06 4.22417e-06
0.945 0 0 0 0 5.70052e-05 5.7398e-05 5.73982e-05 5.70065e-05 -1.1989e-05 -1.22908e-05 -1.22922e-05 -1.19937e-05 2.75163e-05 2.75953e-05 2.75967e-05 2.75165e-05
0.965 0 0 0 0 8.62509e-05 8.63465e-05 8.63472e-05 8.62537e-05 0.000118954 0.000119144 0.000119144 0.000118955 9.02195e-06 8.9455e-06 8.9465e-06 9.02316e-06
0.985 0 0 0 0 -0.000174612 -0.000175523 -0.000175523 -0.000174613 -0.000111484 -0.000110918 -0.000110916 -0.000111482 -0.000213791 -0.00021392 -0.00021392 -0.00021379
1.005 0 0 0 0 -0.000252337 -0.000252746 -0.000252747 -0.00025234 -0.000413184 -0.000413393 -0.000413393 -0.000413182 -0.000343107 -0.00034299 -0.000342989 -0.000343107
1.025 0 0 0 0 1.42077e-05 1.51359e-05 1.51352e-05 1.42064e-05 -0.000283451 -0.000284306 -0.000284306 -0.000283451 -0.000228309 -0.000228053 -0.000228053 -0.000228309
1.045 0 0 0 0 -0.000134793 -0.000135261 -0.000135265 -0.000134805 -0.000230265 -0.000229928 -0.000229924 -0.000230254 -0.00043594 -0.000436005 -0.000436006 -0.000435943
1.065 0 0 0 0 -0.000190774 -0.000191724 -0.000191727 -0.000190773 -0.000186095 -0.000185356 -0.000185362 -0.000186126 -0.000450949 -0.000451133 -0.000451135 -0.000450964
1.085 0 0 0 0 -7.90822e-05 -7.88476e-05 -7.88534e-05 -7.90998e-05 -0.000276394 -0.000276775 -0.000276771 -0.00027639 -0.000276177 -0.000276037 -0.000276037 -0.000276178
1.105 0 0 0 0 0.000148716 0.000149863 0.000149851 0.000148681 -6.4364e-05 -6.52794e-05 -6.52693e-05 -6.43382e-05 6.606e-05 6.63125e-05 6.63135e-05 6.60638e-05
1.125 0 0 0 0 0.00057703 0.000578311 0.000578307 0.000577023 0.000852386 0.000852423 0.000852426 0.000852389 0.00081276 0.000812619 0.000812618 0.000812758
1.145 0 0 0 0 8.08201e-05 7.91447e-05 7.91442e-05 8.08234e-05 0.000855234 0.000856964 0.000856962 0.000855231 0.000864064 0.000863512 0.000863513 0.000864066
1.165 0 0 0 0 -0.000445448 -0.000447508 -0.000447539 -0.000445528 -8.54078e-05 -8.49768e-05 -8.49506e-05 -8.53479e-05 0.000448726 0.000448685 0.000448679 0.000448711
1.185 0 0 0 0 0.000469922 0.000473084 0.000473075 0.000469911 0.00013824 0.000135669 0.000135675 0.000138222 0.000764896 0.000765515 0.000765496 0.000764826
1.205 0 0 0 0 0.000362764 0.000363648 0.00036366 0.00036279 0.000413449 0.000413607 0.000413607 0.000413443 0.000163404 0.000163289 0.000163276 0.000163389
1.225 0 0 0 0 4.53389e-05 4.35219e-05 4.35215e-05 4.53053e-05 0.000509512 0.000512023 0.000512015 0.000509499 -0.000260051 -0.000260823 -0.000260825 -0.00026006
1.245 0 0 0 0 -0.000576441 -0.000578085 -0.000578082 -0.000576425 -0.00075303 -0.000752639 -0.000752647 -0.000753056 -0.000819291 -0.000819282 -0.000819277 -0.000819279
1.265 0 0 0 0 -0.000486777 -0.000485311 -0.000485313 -0.000486784 -0.00148634 -0.00148925 -0.00148925 -0.00148634 -0.000907502 -0.000906509 -0.0009065 -0.000907483
1.285 0 0 0 0 -0.00014431 -0.000143352 -0.000143357 -0.00014435 -0.000752527 -0.000753608 -0.000753594 -0.000752489 -0.000852034 -0.000851664 -0.000851666 -0.00085204
1.305 0 0 0 0 0.000357764 0.000357168 0.000357199 0.000357816 0.000680917 0.000683156 0.000683146 0.000680892 -0.000313312 -0.000314053 -0.000314048 -0.000313304
1.325 0 0 0 0 2.38015e-05 2.21985e-05 2.22191e-05 2.3849e-05 0.0004824 0.000484362 0.000484338 0.000482336 7.90399e-06 7.29475e-06 7.27917e-06 7.88139e-06
1.345 0 0 0 0 -0.000181193 -0.000180492 -0.000180495 -0.000181197 -0.000359928 -0.000361792 -0.000361804 -0.000359957 0.000501684 0.000502266 0.000502258 0.000501654
1.365 0 0 0 0 0.000156734 0.000158693 0.000158684 0.000156714 5.64129e-06 3.1678e-06 3.1702e-06 5.64781e-06 0.0010158 0.0010165 0.00101649 0.00101577
1.385 0 0 0 0 -0.000312555 -0.000315628 -0.000315635 -0.000312571 0.000386481 0.000388789 0.000388795 0.000386494 0.000263522 0.000262882 0.00026288 0.000263518
1.405 0 0 0 0 -0.000238823 -0.000241278 -0.000241265 -0.000238782 0.000151933 0.000154308 0.000154311 0.000151937 -0.000453257 -0.000453921 -0.000453923 -0.000453262
1.425 0 0 0 0 0.000945004 0.000950321 0.000950322 0.000945013 0.000129314 0.000126447 0.000126443 0.000129306 3.48009e-06 4.16131e-06 4.16513e-06 3.48881e-06
1.445 0 0 0 0 0.000766038 0.000769655 0.000769664 0.00076606 0.000350662 0.000348923 0.000348921 0.000350657 0.00027084 0.000271212 0.000271211 0.000270839
1.465 0 0 0 0 -0.000311724 -0.000315559 -0.000315577 -0.000311765 0.000670179 0.000673313 0.000673313 0.000670182 0.000456147 0.000455251 0.000455249 0.000456141
1.485 0 0 0 0 -0.00117989 -0.00118536 -0.00118537 -0.00117991 -0.000450031 -0.000447926 -0.000447925 -0.000450027 0.000113579 0.000113181 0.000113182 0.00011358
1.505 0 0 0 0 -0.000269463 -0.00026713 -0.000267097 -0.000269398 -0.00110685 -0.0011107 -0.00111075 -0.00110696 1.97088e-05 2.09159e-05 2.09176e-05 1.97107e-05
1.525 0 0 0 0 0.00137039 0.001377 0.00137703 0.00137043 0.000612909 0.000609805 0.000609765 0.000612844 0.000404437 0.000405116 0.000405117 0.000404463
1.545 0 0 0 0 0.000856926 0.000855637 0.00085564 0.000856956 0.00183353 0.00183817 0.00183816 0.00183351 8.65409e-05 8.49751e-05 8.49755e-05 8.65395e-05
1.565 0 0 0 0 -0.0012258 -0.0012331 -0.00123315 -0.00122587 -0.000275632 -0.000270845 -0.000270839 -0.000275643 -0.000825887 -0.00082709 -0.000827088 -0.00082593
1.585 0 0 0 0 -0.00145421 -0.0014539 -0.00145394 -0.0014543 -0.00283606 -0.00284117 -0.00284117 -0.00283607 -0.000970004 -0.000968134 -0.000968123 -0.000969993
1.605 0 0 0 0 0.00117466 0.00118431 0.00118424 0.00117445 -0.000496221 -0.000503788 -0.000503769 -0.000496183 0.000620598 0.000622604 0.000622603 0.000620578
1.625 0 0 0 0 0.000581408 0.000577964 0.000577991 0.000581478 0.00190077 0.00190701 0.00190701 0.00190075 -6.532e-05 -6.73372e-05 -6.73005e-05 -6.52819e-05
1.645 0 0 0 0 -0.000350484 -0.000358298 -0.000358261 -0.000350411 0.00151808 0.00152633 0.00152633 0.0015181 -0.000235481 -0.000237899 -0.000237888 -0.000235451
1.665 0 0 0 0 -0.000571859 -0.000569293 -0.000569295 -0.000571848 -0.0016744 -0.00167954 -0.00167949 -0.00167431 5.36213e-06 7.06239e-06 7.10106e-06 5.42966e-06
1.685 0 0 0 0 0.000169933 0.00017788 0.000177855 0.000169884 -0.00177107 -0.00178025 -0.00178023 -0.00177104 0.000492954 0.000495713 0.000495736 0.000492992
1.705 0 0 0 0 -0.000119564 -0.000123527 -0.000123544 -0.000119607 0.000819091 0.000823488 0.00082347 0.000819077 -0.00022371 -0.000224983 -0.000224998 -0.000223706
1.725 0 0 0 0 -3.67983e-05 -4.40714e-05 -4.40746e-05 -3.68044e-05 0.00181625 0.00182518 0.00182515 0.0018162 -0.000524218 -0.000526922 -0.00052693 -0.000524249
1.745 0 0 0 0 0.000197404 0.000200724 0.000200732 0.000197421 -0.000706691 -0.000709709 -0.000709719 -0.000706718 -0.000383161 -0.000382293 -0.000382306 -0.000383191
1.765 0 0 0 0 0.000704766 0.000714355 0.000714364 0.000704784 -0.00126868 -0.00127783 -0.00127783 -0.00126867 0.000588976 0.000591581 0.00059157 0.000588957
1.785 0 0 0 0 -0.00108037 -0.00108625 -0.00108625 -0.00108037 -0.000300123 -0.000296775 -0.000296765 -0.000300106 -0.000396393 -0.000397182 -0.000397183 -0.000396396
1.805 0 0 0 0 -0.000810669 -0.000819127 -0.00081913 -0.000810647 0.000828067 0.000835432 0.000835439 0.000828074 -0.000447061 -0.000449112 -0.000449111 -0.000447058
1.825 0 0 0 0 0.00104965 0.00105528 0.00105524 0.00104958 0.00033906 0.000335844 0.000335858 0.000339084 0.000473689 0.000474441 0.00047444 0.000473686
1.845 0 0 0 0 0.00139312 0.00140206 0.00140203 0.00139307 0.000136973 0.000130756 0.000130762 0.000136984 0.000935028 0.000936627 0.000936628 0.000935031
1.865 0 0 0 0 0.000522403 0.000520803 0.000520834 0.000522483 0.00171621 0.00171909 0.00171909 0.0017162 0.0013814 0.0013804 0.0013804 0.0013814
1.885 0 0 0 0 -0.000710437 -0.000719127 -0.00071912 -0.000710465 0.00155798 0.00156476 0.00156476 0.00155796 0.00130859 0.00130666 0.00130666 0.00130858
1.905 0 0 0 0 -0.00137476 -0.00137779 -0.00137779 -0.00137475 -0.00146397 -0.00146559 -0.0014656 -0.00146407 0.000111055 0.000111792 0.00011178 0.000111032
1.925 0 0 0 0 -1.92161e-06 5.15458e-06 5.12129e-06 -1.98893e-06 -0.00217827 -0.00218616 -0.00218612 -0.00217819 -0.000775556 -0.000773156 -0.000773172 -0.000775568
1.945 0 0 0 0 0.000467246 0.000469277 0.000469253 0.000467195 -0.000353169 -0.000352292 -0.000352254 -0.000353081 -0.00214527 -0.00214559 -0.00214556 -0.00214522
1.965 0 0 0 0 -0.00121985 -0.00122864 -0.00122865 -0.00121988 -0.000734077 -0.000725313 -0.000725315 -0.000734088 -0.00395767 -0.00396002 -0.00395999 -0.00395762
1.985 0 0 0 0 -0.000762653 -0.000761635 -0.00076164 -0.000762609 -0.00232512 -0.00232719 -0.00232727 -0.00232535 -0.00277832 -0.00277755 -0.0027776 -0.00277844
2.005 0 0 0 0 0.000507962 0.00051774 0.000517718 0.00050772 -0.0019124 -0.00192218 -0.00192222 -0.00191243 -0.000168404 -0.000165593 -0.000165647 -0.000168515
2.025 0 0 0 0 0.000529805 0.000529327 0.000529442 0.000530037 0.00156864 0.0015699 0.0015698 0.00156842 0.00185083 0.00185027 0.00185026 0.00185078
2.045 0 0 0 0 -0.000810215 -0.00082298 -0.000822957 -0.000810156 0.00270016 0.00271098 0.00271097 0.00270012 0.00196845 0.00196533 0.00196535 0.00196849
2.065 0 0 0 0 0.000789358 0.000791195 0.000791178 0.000789328 0.00165068 0.00164922 0.00164926 0.00165077 0.00303584 0.0030361 0.0030361 0.00303585
2.085 0 0 0 0 0.0026492 0.00266353 0.00266351 0.00264913 0.00153857 0.00152853 0.00152856 0.00153863 0.00375291 0.00375539 0.0037554 0.00375295
2.105 0 0 0 0 0.00120124 0.00120123 0.00120132 0.00120145 0.00271402 0.00271695 0.00271694 0.00271399 0.00231083 0.00230966 0.00230965 0.00231082
2.125 0 0 0 0 -0.00136741 -0.00138091 -0.00138089 -0.00136744 0.00133996 0.00135095 0.0013509 0.00133988 -0.00013516 -0.000138201 -0.000138192 -0.000135147
2.145 0 0 0 0 8.33491e-05 8.71657e-05 8.72029e-05 8.34474e-05 -0.000892675 -0.000896948 -0.000896996 -0.000892791 5.0872e-05 5.21343e-05 5.21352e-05 5.08738e-05
2.165 0 0 0 0 0.00147285 0.00148637 0.00148631 0.00147271 -0.00115414 -0.00116502 -0.00116502 -0.00115412 0.000301841 0.000304849 0.00030488 0.000301908
2.185 0 0 0 0 -0.00119791 -0.00120513 -0.00120517 -0.00119805 -0.000651724 -0.000646159 -0.000646106 -0.000651594 -0.00209115 -0.00209256 -0.00209259 -0.00209121
2.205 0 0 0 0 -0.00153409 -0.00154484 -0.00154486 -0.00153413 -0.000264114 -0.00025526 -0.000255245 -0.000264087 -0.00234533 -0.00234766 -0.00234764 -0.00234529
2.225 0 0 0 0 7.61368e-05 8.18287e-05 8.18603e-05 7.62112e-05 -0.00178877 -0.00179445 -0.00179445 -0.00178876 -0.00119765 -0.00119594 -0.00119596 -0.00119771
2.245 0 0 0 0 0.000276356 0.000284506 0.000284528 0.000276396 -0.00194964 -0.00195772 -0.00195774 -0.00194968 -0.000713906 -0.000711524 -0.000711514 -0.000713887
2.265 0 0 0 0 -0.00241351 -0.00242477 -0.00242476 -0.00241349 -0.00172839 -0.00172201 -0.00172202 -0.00172841 -0.00268182 -0.00268323 -0.00268324 -0.00268184
2.285 0 0 0 0 -0.00179337 -0.00180205 -0.00180202 -0.00179321 -0.00140029 -0.0013946 -0.00139461 -0.00140034 -0.00276688 -0.00276822 -0.00276821 -0.00276687
2.305 0 0 0 0 0.00131145 0.00132229 0.00132221 0.0013113 -0.00101101 -0.00101843 -0.0010184 -0.00101096 -0.000889769 -0.000887777 -0.000887781 -0.000889777
2.325 0 0 0 0 0.000434851 0.000439782 0.000439727 0.000434728 -0.000902334 -0.000905864 -0.000905845 -0.000902291 -0.00101796 -0.00101697 -0.00101697 -0.00101795
2.345 0 0 0 0 -0.00261659 -0.00263 -0.00263004 -0.00261671 -0.00140663 -0.00139864 -0.00139863 -0.00140659 -0.00240582 -0.00240768 -0.00240768 -0.00240583
2.365 0 0 0 0 -0.000112418 -0.000112568 -0.000112495 -0.000112297 -0.000142199 -0.000142507 -0.000142531 -0.000142249 5.44551e-05 5.45664e-05 5.45479e-05 5.44144e-05
2.385 0 0 0 0 0.00439236 0.00441099 0.00441105 0.00439248 0.0035617 0.00355242 0.00355236 0.00356159 0.00459983 0.0046017 0.00460173 0.00459988
2.405 0 0 0 0 0.0021875 0.00218725 0.00218729 0.00218758 0.00522636 0.0052311 0.00523109 0.00522635 0.00518908 0.00518712 0.0051871 0.00518903
2.425 0 0 0 0 -0.00252824 -0.00254809 -0.00254811 -0.00252828 0.0019756 0.00198782 0.00198781 0.00197557 0.00285986 0.00285667 0.00285671 0.00285994
2.445 0 0 0 0 -0.00123652 -0.00123613 -0.00123619 -0.00123667 -0.00168272 -0.00168923 -0.0016892 -0.00168278 0.0019175 0.00191964 0.00191961 0.00191744
2.465 0 0 0 0 0.00180164 0.00181811 0.00181808 0.00180163 -0.00147345 -0.0014866 -0.00148655 -0.00147347 0.0001479 0.000151373 0.000151342 0.000147738
2.485 0 0 0 0 0.00289141 0.00289673 0.00289673 0.00289143 0.00302191 0.00302705 0.00302712 0.00302207 -0.00129853 -0.00130065 -0.00130074 -0.0012987
2.505 0 0 0 0 0.00171945 0.00171342 0.00171348 0.00171955 0.00449615 0.00451006 0.00451007 0.00449617 -0.000398153 -0.000402717 -0.000402749 -0.000398224
2.525 0 0 0 0 -0.00102461 -0.00102695 -0.00102683 -0.00102438 -0.000735669 -0.000737491 -0.000737446 -0.000735536 0.0012768 0.00127753 0.00127753 0.00127683
2.545 0 0 0 0 -0.00070817 -0.000699853 -0.000699868 -0.000708211 -0.00236938 -0.00238476 -0.00238481 -0.0023695 0.0040369 0.00404162 0.00404162 0.00403688
2.565 0 0 0 0 -0.00165953 -0.00166736 -0.00166744 -0.00165965 -7.68494e-05 -7.52516e-05 -7.54095e-05 -7.73375e-05 0.00200461 0.00200421 0.00200418 0.00200442
2.585 0 0 0 0 -0.0016386 -0.00165467 -0.0016547 -0.00163867 0.000976611 0.000991352 0.000991453 0.000976787 -0.0024029 -0.00240703 -0.00240703 -0.00240292
2.605 0 0 0 0 0.00167552 0.00168512 0.00168517 0.00167563 -0.000863657 -0.000866098 -0.000866066 -0.000863565 -0.00384854 -0.00384805 -0.00384802 -0.00384845
2.625 0 0 0 0 0.00266029 0.00268175 0.00268176 0.00266027 -0.00236595 -0.00237955 -0.00237952 -0.00236585 -0.00321851 -0.00321484 -0.00321481 -0.00321846
2.645 0 0 0 0 6.40465e-05 6.3443e-05 6.34551e-05 6.40451e-05 7.16321e-05 7.35227e-05 7.3536e-05 7.16703e-05 -0.000979724 -0.00098031 -0.000980298 -0.000979698
2.665 0 0 0 0 -0.00580935 -0.0058393 -0.00583925 -0.00580927 -0.00208336 -0.00206771 -0.00206773 -0.00208341 -0.00192003 -0.00192358 -0.00192358 -0.00192003
2.685 0 0 0 0 -0.00374117 -0.00374773 -0.0037477 -0.00374111 -0.00475754 -0.00476259 -0.00476261 -0.00475759 -0.00105764 -0.00105538 -0.00105539 -0.00105766
2.705 0 0 0 0 -0.000246353 -0.000232058 -0.000232059 -0.000246503 -0.00521401 -0.00522977 -0.00522977 -0.00521401 -0.00306318 -0.00305834 -0.00305835 -0.0030632
2.725 0 0 0 0 0.000518754 0.00052075 0.000520776 0.000518683 -0.00148187 -0.00147781 -0.00147774 -0.0014817 -0.00646356 -0.00646481 -0.00646482 -0.00646359
2.745 0 0 0 0 0.00135909 0.00135497 0.00135487 0.0013589 0.00196378 0.00197709 0.00197686 0.00196308 -0.00519895 -0.00520322 -0.00520328 -0.00519902
2.765 0 0 0 0 0.00248429 0.00249418 0.00249412 0.00248416 0.00183593 0.00183224 0.00183208 0.00183561 0.00133909 0.00133971 0.00133981 0.00133934
2.785 0 0 0 0 -0.000392732 -0.000389094 -0.00038905 -0.000392654 3.0074e-05 2.00992e-05 1.99526e-05 2.97544e-05 0.00599937 0.00600236 0.0060024 0.00599941
2.805 0 0 0 0 -0.00460721 -0.00462827 -0.00462823 -0.00460712 -0.000641521 -0.000636859 -0.000636877 -0.000641563 0.00485929 0.00485874 0.00485871 0.00485925
2.825 0 0 0 0 -0.00071941 -0.000728059 -0.000727907 -0.000719043 0.0021531 0.00215847 0.00215849 0.00215312 0.00341071 0.00340917 0.00340914 0.00341065
2.845 0 0 0 0 0.00590839 0.00592957 0.00592965 0.00590851 0.00475464 0.0047496 0.00474962 0.00475468 0.00220725 0.00220757 0.00220756 0.00220724
2.865 0 0 0 0 0.0063125 0.00633254 0.00633252 0.00631244 0.00544012 0.0054385 0.00543852 0.00544016 0.00121634 0.00121555 0.00121553 0.00121629
2.885 0 0 0 0 0.000750988 0.000745569 0.000745574 0.000751049 0.00323397 0.0032421 0.00324208 0.0032339 0.00161317 0.00161054 0.00161056 0.00161321
2.905 0 0 0 0 -0.00401463 -0.00403056 -0.00403053 -0.0040146 -0.00166425 -0.00166203 -0.00166205 -0.00166427 0.00269993 0.00270004 0.00270003 0.00269992
2.925 0 0 0 0 -0.00263088 -0.00263181 -0.00263182 -0.0026309 -0.00323457 -0.00324536 -0.00324537 -0.00323459 0.00331424 0.00331797 0.00331798 0.00331427
2.945 0 0 0 0 -0.000542151 -0.000541003 -0.000540998 -0.000542111 -0.00147811 -0.00148102 -0.00148119 -0.00147853 -0.000847205 -0.000846374 -0.000846435 -0.000847411
2.965 0 0 0 0 0.00212102 0.00212251 0.00212253 0.00212105 0.00191262 0.00192167 0.00192155 0.00191243 -0.00443862 -0.0044417 -0.0044418 -0.00443877
2.985 0 0 0 0 0.00413622 0.00414835 0.00414835 0.00413622 0.00276641 0.00276921 0.00276922 0.00276642 -0.00303651 -0.00303812 -0.00303813 -0.00303655
3.005 0 0 0 0 0.00285165 0.00286519 0.00286521 0.00285176 0.00173109 0.001724 0.00172407 0.00173118 0.00223091 0.00223245 0.00223245 0.00223091
3.025 0 0 0 0 -0.00271171 -0.00272299 -0.00272311 -0.00271192 -1.66655e-05 -1.6781e-05 -1.67059e-05 -1.65062e-05 0.00518005 0.00518055 0.00518055 0.00518004
3.045 0 0 0 0 -0.00589243 -0.00591839 -0.00591846 -0.00589258 -0.00174054 -0.00173386 -0.00173384 -0.0017405 0.00372923 0.00372835 0.00372837 0.00372927
3.065 0 0 0 0 -0.00283629 -0.00284298 -0.00284309 -0.00283648 -0.00325718 -0.00325892 -0.00325907 -0.00325749 -0.00114697 -0.00114592 -0.00114596 -0.00114704
3.085 0 0 0 0 0.00217527 0.00219248 0.00219242 0.00217517 -0.00294413 -0.00295185 -0.00295201 -0.00294448 -0.00680846 -0.00680649 -0.0068065 -0.00680844
3.105 0 0 0 0 0.00237825 0.00238995 0.00238997 0.00237827 -0.00217737 -0.00217522 -0.00217526 -0.00217743 -0.0105611 -0.010562 -0.010562 -0.0105611
3.125 0 0 0 0 -0.000333767 -0.000335676 -0.000335641 -0.000333697 -0.00223391 -0.00222711 -0.00222707 -0.0022338 -0.00799253 -0.00799441 -0.00799439 -0.0079925
3.145 0 0 0 0 -0.00428641 -0.00429657 -0.00429655 -0.00428636 -0.00519157 -0.00519321 -0.00519322 -0.00519154 -0.00275699 -0.0027556 -0.00275561 -0.00275699
3.165 0 0 0 0 -0.00364326 -0.00364784 -0.00364789 -0.00364342 -0.00402093 -0.00403092 -0.00403096 -0.00402099 0.00302291 0.00302658 0.00302657 0.00302288
3.185 0 0 0 0 -0.00112288 -0.00112884 -0.00112869 -0.00112255 0.000875181 0.000875369 0.00087535 0.000875108 0.00399782 0.00399792 0.00399791 0.0039978
3.205 0 0 0 0 0.00318894 0.00318921 0.00318921 0.00318894 0.00616001 0.00616903 0.00616903 0.00616001 0.00317674 0.00317335 0.00317335 0.00317673
3.225 0 0 0 0 0.00725041 0.00726885 0.00726877 0.00725025 0.00847272 0.00847388 0.00847389 0.00847275 0.0048394 0.00483754 0.00483754 0.00483939
3.245 0 0 0 0 0.00452617 0.00453908 0.00453902 0.00452604 0.00578385 0.00578059 0.00578061 0.00578388 0.00624528 0.00624529 0.00624529 0.00624528
3.265 0 0 0 0 -0.001361 -0.00137032 -0.00137037 -0.00136116 0.00208512 0.00208655 0.00208656 0.00208514 0.00655341 0.00655316 0.00655316 0.0065534
3.285 0 0 0 0 -0.00344513 -0.00346025 -0.00346019 -0.00344504 -0.000242542 -0.000240747 -0.000240743 -0.000242528 0.00504747 0.00504755 0.00504755 0.00504747
3.305 0 0 0 0 -0.000959626 -0.00096063 -0.000960573 -0.000959488 -0.00105024 -0.00105311 -0.00105315 -0.00105035 0.000899261 0.000900272 0.000900268 0.000899256
3.325 0 0 0 0 0.000795317 0.00080195 0.000801967 0.000795367 -0.00210725 -0.00210829 -0.00210824 -0.00210719 -0.0057348 -0.00573456 -0.00573455 -0.00573478
3.345 0 0 0 0 0.00382273 0.0038386 0.00383858 0.0038227 0.000314785 0.000314381 0.000314424 0.000314886 -0.00631696 -0.00631751 -0.0063175 -0.00631694
3.365 0 0 0 0 0.00288657 0.00289555 0.00289552 0.00288651 0.00184045 0.0018421 0.00184211 0.00184048 -0.00220795 -0.002209 -0.002209 -0.00220794
3.385 0 0 0 0 -0.00571994 -0.00574174 -0.00574176 -0.00571996 -0.00401693 -0.00401083 -0.00401083 -0.00401694 -0.00146831 -0.001469 -0.00146901 -0.00146832
3.405 0 0 0 0 -0.0102881 -0.0103154 -0.0103154 -0.0102881 -0.0108288 -0.0108315 -0.0108315 -0.0108288 -0.00360076 -0.00359786 -0.00359786 -0.00360076
3.425 0 0 0 0 -0.00432141 -0.00431987 -0.00431966 -0.0043208 -0.00943342 -0.00944667 -0.00944672 -0.0094336 -0.00623637 -0.00623145 -0.00623146 -0.00623638
3.445 0 0 0 0 0.00472152 0.0047425 0.00474243 0.00472147 6.94294e-05 6.69547e-05 6.70145e-05 6.96166e-05 -0.00746821 -0.0074683 -0.00746833 -0.00746828
3.465 0 0 0 0 0.00712997 0.00714223 0.00714194 0.00712927 0.00725808 0.00727273 0.00727276 0.00725816 -0.00474916 -0.00475495 -0.00475499 -0.00474925
3.485 0 0 0 0 0.00162858 0.00162541 0.00162529 0.00162831 0.00406719 0.00407529 0.00407516 0.00406687 0.00180963 0.00180676 0.00180665 0.00180944
3.505 0 0 0 0 -0.00179648 -0.00179692 -0.00179686 -0.00179636 0.000276701 0.000262381 0.000262076 0.000276043 0.0114796 0.0114839 0.0114836 0.011479
3.525 0 0 0 0 -0.00087802 -0.000881697 -0.000881622 -0.000877859 0.00410682 0.0040964 0.00409618 0.00410638 0.0163904 0.0163934 0.0163934 0.0163903
3.545 0 0 0 0 0.00188169 0.00186811 0.0018682 0.00188188 0.0103988 0.0104129 0.0104128 0.0103985 0.0124859 0.0124809 0.0124807 0.0124854
3.565 0 0 0 0 0.00533895 0.0053398 0.00533915 0.00533686 0.00977535 0.00978937 0.0097899 0.00977658 0.00488618 0.00488092 0.00488076 0.00488585
3.585 0 0 0 0 0.00864484 0.00867991 0.00867971 0.00864466 0.00540322 0.0053916 0.00539172 0.00540334 0.00194594 0.00194769 0.00194766 0.00194585
3.605 0 0 0 0 0.00576526 0.00579102 0.00579113 0.00576565 0.00350065 0.00348918 0.00348908 0.00350039 0.00297061 0.0029728 0.0029727 0.00297042
3.625 0 0 0 0 -0.00247706 -0.00249776 -0.00249775 -0.00247727 0.00265223 0.00266486 0.00266469 0.00265187 0.00399747 0.0039941 0.0039942 0.00399768
3.645 0 0 0 0 -0.0080762 -0.00811245 -0.00811244 -0.00807631 -0.003151 -0.0031387 -0.00313863 -0.00315065 0.00185984 0.0018577 0.00185759 0.00185957
3.665 0 0 0 0 -0.00591865 -0.00592275 -0.00592266 -0.00591841 -0.0099082 -0.0099221 -0.00992223 -0.00990849 -0.00395593 -0.00395045 -0.00395036 -0.00395569
3.685 0 0 0 0 -0.00356406 -0.00355515 -0.00355508 -0.00356392 -0.0125843 -0.0125972 -0.0125973 -0.0125848 -0.015132 -0.0151271 -0.015127 -0.0151317
3.705 0 0 0 0 -0.00609583 -0.00610889 -0.00610895 -0.00609599 -0.0143121 -0.0142996 -0.0142998 -0.0143125 -0.0274948 -0.027497 -0.0274969 -0.0274946
3.725 0 0 0 0 -0.00539205 -0.00539672 -0.00539673 -0.00539207 -0.0156529 -0.0156469 -0.0156469 -0.0156528 -0.0283899 -0.0283903 -0.0283904 -0.02839
3.745 0 0 0 0 -0.00597546 -0.00596907 -0.00597018 -0.00597829 -0.0178653 -0.0178804 -0.0178807 -0.0178664 -0.0213818 -0.0213759 -0.0213762 -0.0213823
3.765 0 0 0 0 -0.0118902 -0.0119122 -0.0119126 -0.0118919 -0.0186329 -0.0186396 -0.0186398 -0.0186333 -0.0162204 -0.0162159 -0.0162161 -0.0162208
3.785 0 0 0 0 -0.00956262 -0.00959135 -0.00959142 -0.00956332 -0.0106907 -0.0106853 -0.0106854 -0.0106909 -0.00900725 -0.00900689 -0.00900687 -0.00900717
3.805 0 0 0 0 -0.00288011 -0.00288947 -0.00288927 -0.00287997 -0.00360334 -0.00359933 -0.00359926 -0.00360318 -0.00479078 -0.00479135 -0.00479134 -0.00479076
3.825 0 0 0 0 0.00568426 0.00570667 0.00570677 0.00568432 0.00355306 0.00354644 0.00354636 0.00355251 0.000648578 0.000649415 0.000649469 0.000648684
3.845 0 0 0 0 0.0128113 0.0128477 0.0128475 0.012811 0.0148633 0.0148581 0.0148581 0.0148632 0.0121188 0.0121177 0.0121176 0.0121186
3.865 0 0 0 0 0.0124812 0.012495 0.0124949 0.0124809 0.0243347 0.0243455 0.0243454 0.0243346 0.0258325 0.0258265 0.0258266 0.0258326
3.885 0 0 0 0 0.00769739 0.00768832 0.00768831 0.00769734 0.0254928 0.0255058 0.0255058 0.0254928 0.0363555 0.0363496 0.0363495 0.0363555
3.905 0 0 0 0 0.0072418 0.00724428 0.00724428 0.0072418 0.0226919 0.0226866 0.0226866 0.0226919 0.0405512 0.0405509 0.0405509 0.0405512
3.925 0 0 0 0 0.0127205 0.0127462 0.0127463 0.0127208 0.024625 0.0246133 0.024613 0.0246234 0.0373592 0.037359 0.0373589 0.0373586
3.945 0 0 0 0 0.0200814 0.0201171 0.0201156 0.0200781 0.032464 0.0324706 0.0324717 0.0324655 0.0320508 0.0320444 0.0320445 0.032051
3.965 0 0 0 0 0.0234099 0.0234469 0.0234449 0.0234027 0.0371294 0.0371456 0.0371463 0.0371306 0.0313872 0.0313771 0.0313769 0.0313866
3.985 0 0 0 0 0.0168938 0.0169175 0.0169158 0.0168863 0.0301387 0.0301435 0.0301431 0.0301374 0.0335656 0.0335602 0.03356 0.0335653
4.005 0 0 0 0 0.00452028 0.00451782 0.00451675 0.00451657 0.0166801 0.0166726 0.0166716 0.0166763 0.0323512 0.0323516 0.0323511 0.0323505
4.025 0 0 0 0 -0.00562813 -0.00565693 -0.00565703 -0.00562861 0.00404596 0.00404261 0.00404118 0.00404036 0.020369 0.0203695 0.0203694 0.0203682
4.045 0 0 0 0 -0.0108243 -0.0108605 -0.0108605 -0.0108246 -0.00977915 -0.00977166 -0.0097719 -0.00978016 -0.00580762 -0.00580824 -0.00580831 -0.00580822
4.065 0 0 0 0 -0.0155726 -0.0155982 -0.0155983 -0.0155731 -0.0309053 -0.030902 -0.0309023 -0.0309063 -0.0425035 -0.0425011 -0.0425013 -0.0425038
4.085 0 0 0 0 -0.023066 -0.023082 -0.023082 -0.0230662 -0.056054 -0.0560641 -0.0560642 -0.0560543 -0.0781173 -0.0781089 -0.0781091 -0.0781179
4.105 0 0 0 0 -0.0315038 -0.0315272 -0.0315272 -0.0315036 -0.0743289 -0.0743451 -0.0743449 -0.0743287 -0.100306 -0.100293 -0.100293 -0.100306
4.125 0 0 0 0 -0.0398453 -0.0398958 -0.0398953 -0.0398432 -0.0823345 -0.0823422 -0.0823418 -0.0823336 -0.106877 -0.106865 -0.106866 -0.106877
4.145 0 0 0 0 -0.0408733 -0.0409417 -0.0409462 -0.0408884 -0.0787702 -0.0787802 -0.0787833 -0.0787804 -0.0976927 -0.0976819 -0.0976829 -0.097695
4.165 0 0 0 0 -0.0301353 -0.0301779 -0.0301833 -0.0301576 -0.061495 -0.061514 -0.0615171 -0.0615054 -0.0744134 -0.0744029 -0.074404 -0.0744168
4.185 0 0 0 0 -0.0142867 -0.0143006 -0.0143043 -0.014301 -0.0331821 -0.0331945 -0.0331964 -0.0331903 -0.0430995 -0.0430935 -0.043094 -0.043101
4.205 0 0 0 0 0.000526986 0.000528134 0.000528025 0.000528194 -0.00100499 -0.000998066 -0.000998603 -0.00100712 -0.007159 -0.00716137 -0.00716142 -0.00715956
4.225 0 0 0 0 0.0132302 0.0132436 0.0132437 0.0132303 0.027239 0.0272493 0.0272496 0.0272394 0.0313074 0.0313013 0.0313013 0.0313075
4.245 0 0 0 0 0.0252719 0.0253088 0.0253085 0.0252708 0.0512131 0.051212 0.0512121 0.051213 0.0687081 0.0687027 0.068703 0.0687087
4.265 0 0 0 0 0.0327777 0.0328183 0.032818 0.0327768 0.070278 0.0702814 0.0702814 0.0702779 0.0953411 0.0953322 0.0953319 0.0953405
4.285 0 0 0 0 0.0341049 0.0341302 0.0341299 0.0341039 0.0790779 0.0790979 0.0790979 0.0790775 0.104058 0.104044 0.104044 0.104058
4.305 0 0 0 0 0.0394296 0.0394802 0.0394808 0.0394304 0.0809132 0.0809244 0.0809242 0.080914 0.102936 0.102923 0.102923 0.102936
4.325 0 0 0 0 0.0423979 0.0424719 0.0424739 0.0423962 0.0760498 0.076048 0.0760488 0.0760513 0.0932337 0.0932248 0.093225 0.093234
4.345 0 0 0 0 0.0321348 0.0321782 0.0321822 0.0321369 0.0613382 0.061349 0.0613493 0.0613398 0.0726041 0.0725939 0.0725943 0.0726048
4.365 0 0 0 0 0.0192852 0.0193003 0.0192962 0.0192772 0.041492 0.041506 0.041507 0.0414922 0.0504324 0.0504232 0.050422 0.0504298
4.385 0 0 0 0 0.00781763 0.0078255 0.0078213 0.00780761 0.0175675 0.0175621 0.0175631 0.0175648 0.026442 0.0264409 0.0264405 0.0264416
4.405 0 0 0 0 -0.00651273 -0.00652598 -0.00652734 -0.0065169 -0.00936637 -0.00937351 -0.00937388 -0.00936705 -0.00552661 -0.00552364 -0.00552359 -0.00552688
4.425 0 0 0 0 -0.0203663 -0.0204059 -0.0204058 -0.0203673 -0.0355028 -0.0355016 -0.0355027 -0.0355047 -0.0427078 -0.0427037 -0.0427032 -0.0427071
4.445 0 0 0 0 -0.0243249 -0.0243505 -0.0243499 -0.0243232 -0.0535837 -0.0535909 -0.0535913 -0.0535849 -0.071742 -0.0717342 -0.0717344 -0.0717423
4.465 0 0 0 0 -0.0253738 -0.0253856 -0.0253852 -0.025373 -0.0638488 -0.0638643 -0.0638644 -0.0638493 -0.0885759 -0.0885649 -0.0885647 -0.0885753
4.485 0 0 0 0 -0.0282134 -0.0282395 -0.0282394 -0.0282131 -0.0652179 -0.065226 -0.0652258 -0.0652173 -0.0900888 -0.0900798 -0.09008 -0.0900893
4.505 0 0 0 0 -0.030522 -0.0305696 -0.0305707 -0.0305236 -0.0596357 -0.0596367 -0.0596365 -0.0596358 -0.0770602 -0.0770531 -0.077053 -0.07706
4.525 0 0 0 0 -0.0275849 -0.027632 -0.0276336 -0.0275878 -0.0489118 -0.0489195 -0.0489189 -0.0489117 -0.0552774 -0.0552694 -0.0552697 -0.0552779
4.545 0 0 0 0 -0.0156676 -0.0156861 -0.0156828 -0.0156616 -0.0290652 -0.0290769 -0.0290768 -0.0290633 -0.0292391 -0.0292317 -0.0292315 -0.0292389
4.565 0 0 0 0 -0.000604237 -0.000601542 -0.000598762 -0.000601245 -0.00251044 -0.00251069 -0.00251076 -0.00250975 -0.00400828 -0.00400788 -0.00400803 -0.00400864
4.585 0 0 0 0 0.010504 0.0105128 0.0105123 0.0105039 0.0205102 0.0205249 0.0205247 0.0205091 0.0186151 0.0186083 0.0186085 0.0186155
4.605 0 0 0 0 0.0126203 0.0126269 0.012626 0.0126186 0.0289692 0.0289818 0.0289815 0.0289685 0.0349733 0.0349664 0.0349663 0.0349731
4.625 0 0 0 0 0.0087735 0.00877683 0.00877638 0.00877209 0.0251425 0.0251405 0.0251404 0.0251423 0.0414216 0.04142 0.04142 0.0414217
4.645 0 0 0 0 0.00772879 0.00773573 0.00773566 0.00772862 0.0217024 0.0216951 0.0216953 0.0217027 0.0384481 0.0384483 0.0384482 0.038448
4.665 0 0 0 0 0.0121921 0.0122099 0.0122103 0.012193 0.0238906 0.0238934 0.0238934 0.0238907 0.0296319 0.0296283 0.0296283 0.0296319
4.685 0 0 0 0 0.016456 0.0164853 0.0164858 0.0164568 0.0251938 0.0252047 0.0252048 0.0251936 0.020288 0.0202812 0.0202811 0.0202879
4.705 0 0 0 0 0.0138797 0.0139095 0.0139094 0.0138812 0.0191283 0.0191333 0.0191333 0.0191283 0.0144365 0.0144322 0.0144322 0.0144366
4.725 0 0 0 0 0.00180702 0.00180857 0.00180837 0.00180686 0.00501722 0.00501565 0.0050156 0.00501725 0.00869005 0.00868999 0.00868995 0.00868996
4.745 0 0 0 0 -0.0150995 -0.0151438 -0.0151438 -0.0151 -0.0148023 -0.0148013 -0.0148013 -0.0148024 -0.00547158 -0.00546881 -0.00546875 -0.00547144
4.765 0 0 0 0 -0.0164788 -0.0165097 -0.0165098 -0.0164791 -0.0249133 -0.0249224 -0.0249225 -0.0249134 -0.0204427 -0.0204364 -0.0204364 -0.0204427
4.785 0 0 0 0 -0.00365185 -0.0036323 -0.0036324 -0.00365196 -0.0198763 -0.0198915 -0.0198914 -0.0198762 -0.0301474 -0.0301417 -0.0301417 -0.0301474
4.805 0 0 0 0 0.00281527 0.00283989 0.00283981 0.0028157 -0.0111537 -0.011148 -0.011148 -0.0111535 -0.0335211 -0.0335229 -0.0335229 -0.0335211
4.825 0 0 0 0 -0.00235343 -0.00235883 -0.00235889 -0.00235346 -0.0096337 -0.0096171 -0.00961722 -0.00963367 -0.0259563 -0.0259605 -0.0259604 -0.0259562
4.845 0 0 0 0 -0.00667897 -0.00668868 -0.00668864 -0.00667903 -0.0102608 -0.0102697 -0.0102698 -0.0102611 -0.00588603 -0.00588196 -0.00588201 -0.00588614
4.865 0 0 0 0 -0.00269403 -0.00269295 -0.0026932 -0.00269432 -0.00013142 -0.000154753 -0.000154755 -0.000131572 0.0170409 0.0170482 0.0170482 0.0170408
4.885 0 0 0 0 0.00324665 0.00323296 0.00323284 0.00324633 0.0171025 0.0171108 0.0171108 0.0171026 0.0282214 0.0282179 0.0282179 0.0282214
4.905 0 0 0 0 0.00745223 0.00743432 0.00743442 0.00745242 0.024527 0.0245572 0.0245573 0.0245269 0.0254944 0.0254835 0.0254835 0.0254944
4.925 0 0 0 0 0.016605 0.0166446 0.0166448 0.0166052 0.02353 0.0235263 0.0235263 0.0235303 0.0238526 0.0238502 0.0238502 0.0238527
4.945 0 0 0 0 0.0249555 0.0250371 0.0250372 0.0249564 0.0278675 0.0278397 0.0278396 0.0278675 0.0304862 0.0304893 0.0304893 0.0304862
4.965 0 0 0 0 0.020365 0.0203951 0.020395 0.0203625 0.0367611 0.0367714 0.0367715 0.0367613 0.0392555 0.0392478 0.0392477 0.0392554
4.985 0 0 0 0 0.00695872 0.0069235 0.00692338 0.00695759 0.0336929 0.0337317 0.0337322 0.0336935 0.0428124 0.0427988 0.0427988 0.0428125
5.005 0 0 0 0 1.21365e-05 -7.092e-06 -9.57171e-06 1.08879e-05 0.0163125 0.0163108 0.0163115 0.0163127 0.0374754 0.0374754 0.0374755 0.0374757
5.025 0 0 0 0 0.00147699 0.00149941 0.0014996 0.00147679 0.0017375 0.00170293 0.0017025 0.00173717 0.0193666 0.0193765 0.0193765 0.0193668
5.045 0 0 0 0 0.00282818 0.00284139 0.00284204 0.00282877 -0.00113748 -0.00113771 -0.00113819 -0.00113826 -0.00783982 -0.00784016 -0.00784006 -0.00783966
5.065 0 0 0 0 -0.000954522 -0.000966865 -0.000966212 -0.000952929 -0.00690147 -0.00686781 -0.0068681 -0.00690227 -0.0316772 -0.0316868 -0.0316868 -0.0316773
5.085 0 0 0 0 -0.0101248 -0.0101318 -0.0101315 -0.0101243 -0.0271407 -0.0271381 -0.0271383 -0.0271411 -0.0438118 -0.04381 -0.04381 -0.0438116
5.105 0 0 0 0 -0.0290248 -0.0290561 -0.0290562 -0.0290254 -0.0554763 -0.0555062 -0.0555062 -0.0554762 -0.0550416 -0.0550261 -0.0550261 -0.0550415
5.125 0 0 0 0 -0.0464222 -0.0465106 -0.0465106 -0.0464225 -0.073886 -0.0738988 -0.0738987 -0.073886 -0.0728104 -0.0727965 -0.0727965 -0.0728104
5.145 0 0 0 0 -0.0440622 -0.0441509 -0.0441509 -0.0440662 -0.0754387 -0.075433 -0.075433 -0.0754379 -0.0901218 -0.0901134 -0.0901135 -0.0901219
5.165 0 0 0 0 -0.026838 -0.0268549 -0.0268529 -0.026838 -0.0677443 -0.0677525 -0.0677527 -0.0677434 -0.098025 -0.0980157 -0.0980155 -0.0980246
5.185 0 0 0 0 -0.0143514 -0.0143239 -0.0143229 -0.0143466 -0.0556453 -0.0556635 -0.0556638 -0.0556437 -0.0896736 -0.0896641 -0.0896643 -0.089674
5.205 0 0 0 0 -0.00965515 -0.00964522 -0.00964553 -0.00965377 -0.0343212 -0.0343297 -0.0343305 -0.0343292 -0.056871 -0.0568678 -0.0568682 -0.0568744
5.225 0 0 0 0 -0.00544513 -0.00546216 -0.00546246 -0.00544402 -0.00561112 -0.00560341 -0.00559948 -0.00560458 -0.00518733 -0.00518746 -0.00518682 -0.00518623
5.245 0 0 0 0 0.00527745 0.00526417 0.00526402 0.00527601 0.0258902 0.0258921 0.0258912 0.0258905 0.0484546 0.0484533 0.0484537 0.048456
5.265 0 0 0 0 0.019567 0.0195744 0.0195739 0.0195657 0.0541679 0.0541694 0.0541679 0.0541643 0.0844131 0.0844072 0.084407 0.0844125
5.285 0 0 0 0 0.0364816 0.0365226 0.0365219 0.0364801 0.0776982 0.077709 0.0777078 0.0776947 0.100618 0.100606 0.100606 0.100618
5.305 0 0 0 0 0.0571012 0.0572014 0.0572014 0.057101 0.0995157 0.0995252 0.0995252 0.0995158 0.112467 0.112451 0.112451 0.112467
5.325 0 0 0 0 0.0652724 0.0653851 0.0653864 0.0652702 0.111525 0.111535 0.111536 0.111527 0.12354 0.123522 0.123522 0.12354
5.345 0 0 0 0 0.0518155 0.0518744 0.0518753 0.0518152 0.10486 0.104883 0.104885 0.104863 0.127883 0.127865 0.127865 0.127884
5.365 0 0 0 0 0.0243717 0.0243555 0.0243623 0.0243723 0.0748012 0.0748267 0.074831 0.0748081 0.112212 0.112198 0.112196 0.112209
5.385 0 0 0 0 0.000807622 0.0007676 0.000769235 0.000800802 0.0304261 0.0304138 0.0304062 0.0304007 0.0677187 0.0677125 0.0677089 0.0677056
5.405 0 0 0 0 -0.00689709 -0.00690417 -0.00690628 -0.00690096 -0.00879568 -0.00881865 -0.0088238 -0.00881021 0.00237759 0.00238294 0.00238089 0.00237261
5.425 0 0 0 0 -0.00318705 -0.00315418 -0.00315753 -0.00319403 -0.0317514 -0.0317648 -0.0317692 -0.0317618 -0.0603425 -0.0603385 -0.0603391 -0.0603444
5.445 0 0 0 0 -0.00200822 -0.00196221 -0.00196383 -0.00201186 -0.0423102 -0.0423074 -0.0423082 -0.0423115 -0.0936009 -0.0935998 -0.0935991 -0.0935995
5.465 0 0 0 0 -0.0276368 -0.0276697 -0.0276697 -0.0276371 -0.0660936 -0.066081 -0.0660789 -0.06609 -0.103795 -0.103792 -0.103791 -0.103793
5.485 0 0 0 0 -0.0631834 -0.0633088 -0.0633083 -0.0631828 -0.100212 -0.100219 -0.100217 -0.100207 -0.103008 -0.102991 -0.102991 -0.103007
5.505 0 0 0 0 -0.0683234 -0.0684366 -0.0684356 -0.0683195 -0.110141 -0.110186 -0.110186 -0.110139 -0.0965026 -0.0964742 -0.0964742 -0.0965027
5.525 0 0 0 0 -0.0411586 -0.0412081 -0.041211 -0.0411619 -0.0818397 -0.0818707 -0.0818703 -0.0818393 -0.0917119 -0.0916934 -0.0916937 -0.0917124
5.545 0 0 0 0 -0.0145166 -0.0145319 -0.0145381 -0.0145216 -0.0448928 -0.0448662 -0.0448653 -0.0448953 -0.0890319 -0.0890367 -0.0890369 -0.0890317
5.565 0 0 0 0 -0.00621998 -0.00622374 -0.00622416 -0.00622384 -0.0301026 -0.0300699 -0.0300685 -0.0300976 -0.0731116 -0.0731191 -0.0731187 -0.073111
5.585 0 0 0 0 -0.0103378 -0.0103276 -0.0103264 -0.0103386 -0.0307973 -0.0308204 -0.0308185 -0.0307933 -0.0365393 -0.0365297 -0.0365288 -0.0365387
5.605 0 0 0 0 -0.0127813 -0.0127902 -0.0127898 -0.0127765 -0.0164565 -0.0164955 -0.0164965 -0.0164575 0.00813656 0.00815133 0.0081515 0.00813721
5.625 0 0 0 0 -0.00726227 -0.00732061 -0.00731831 -0.00725709 0.0148379 0.014855 0.0148536 0.0148353 0.0382949 0.0382908 0.0382907 0.0382948
5.645 0 0 0 0 0.0122589 0.0122326 0.0122338 0.0122605 0.0420561 0.0420949 0.0420943 0.0420541 0.0513267 0.0513117 0.0513117 0.0513267
5.665 0 0 0 0 0.0456309 0.0457416 0.0457407 0.0456286 0.064516 0.0645017 0.0645016 0.0645155 0.0671431 0.0671374 0.0671375 0.0671432
5.685 0 0 0 0 0.0655819 0.0657492 0.0657481 0.0655797 0.0897992 0.089774 0.0897741 0.0897994 0.0924376 0.092431 0.0924309 0.0924374
5.705 0 0 0 0 0.0471521 0.047192 0.0471922 0.0471528 0.0991243 0.0991704 0.0991709 0.0991252 0.111276 0.111251 0.111251 0.111275
5.725 0 0 0 0 0.0125378 0.0124613 0.0124648 0.0125443 0.0727314 0.0727898 0.0727896 0.0727303 0.110651 0.110629 0.110629 0.110651
5.745 0 0 0 0 -0.00371916 -0.00375615 -0.00375555 -0.00371455 0.0266466 0.0266214 0.0266184 0.0266427 0.0814612 0.0814689 0.0814694 0.0814626
5.765 0 0 0 0 0.0055825 0.00563265 0.00563122 0.00557963 0.00289538 0.00283751 0.00283658 0.00289472 0.0276212 0.0276371 0.0276375 0.0276217
5.785 0 0 0 0 0.0134713 0.0135146 0.0135112 0.013466 0.000709014 0.000730508 0.000731876 0.00071055 -0.0350468 -0.0350559 -0.0350563 -0.0350481
5.805 0 0 0 0 0.00480602 0.00481332 0.00481345 0.00480398 -0.015228 -0.0151678 -0.0151672 -0.0152273 -0.075561 -0.0755792 -0.0755794 -0.0755614
5.825 0 0 0 0 -0.0127589 -0.0127351 -0.0127348 -0.0127594 -0.0488677 -0.0488898 -0.0488898 -0.0488651 -0.0746723 -0.0746626 -0.0746628 -0.0746726
5.845 0 0 0 0 -0.0339211 -0.0339342 -0.0339337 -0.0339204 -0.0681338 -0.0682033 -0.0682029 -0.0681317 -0.052631 -0.0526024 -0.0526027 -0.0526317
5.865 0 0 0 0 -0.035174 -0.0352581 -0.0352573 -0.0351733 -0.0432121 -0.0432214 -0.0432219 -0.0432135 -0.0260027 -0.0259923 -0.0259924 -0.0260029
5.885 0 0 0 0 -0.00395153 -0.00399878 -0.00399829 -0.00395009 0.00756586 0.00760634 0.0076056 0.00756409 0.00308735 0.00307572 0.00307571 0.00308735
5.905 0 0 0 0 0.0263199 0.0263707 0.0263709 0.0263206 0.0372443 0.0372622 0.0372618 0.0372436 0.02488 0.024869 0.024869 0.0248801
5.925 0 0 0 0 0.0343867 0.0344796 0.0344794 0.0343856 0.0444794 0.044462 0.0444622 0.0444799 0.0447611 0.044759 0.0447591 0.0447613
5.945 0 0 0 0 0.0147173 0.0147256 0.0147258 0.0147181 0.0377321 0.0377377 0.0377381 0.0377326 0.0547991 0.0547939 0.054794 0.0547993
5.965 0 0 0 0 -0.00402429 -0.00409021 -0.00408974 -0.00402376 0.0257744 0.0258005 0.0258005 0.0257747 0.0528492 0.0528418 0.052842 0.0528494
5.985 0 0 0 0 0.000593359 0.000579427 0.000579903 0.000595451 0.0162401 0.0162322 0.0162317 0.0162391 0.0396878 0.0396898 0.03969 0.0396884
6.005 0 0 0 0 0.009442 0.00948226 0.00948211 0.00944182 0.00753099 0.0075117 0.00751148 0.00753086 0.00925155 0.00925547 0.0092556 0.00925175
6.025 0 0 0 0 0.00536421 0.00538445 0.00538384 0.00536312 -0.00397039 -0.00395555 -0.00395532 -0.00397011 -0.0269799 -0.0269852 -0.0269852 -0.0269801
6.045 0 0 0 0 -0.0109335 -0.0109547 -0.0109553 -0.0109345 -0.0272716 -0.0272489 -0.0272487 -0.0272715 -0.0530327 -0.0530368 -0.0530369 -0.0530328
6.065 0 0 0 0 -0.0299667 -0.0300045 -0.0300045 -0.0299669 -0.058261 -0.0582784 -0.0582783 -0.0582609 -0.0661685 -0.0661566 -0.0661566 -0.0661687
6.085 0 0 0 0 -0.0493561 -0.0494323 -0.0494319 -0.0493538 -0.0847185 -0.0847489 -0.0847492 -0.0847189 -0.0826312 -0.0826114 -0.0826115 -0.0826315
6.105 0 0 0 0 -0.0604733 -0.0605875 -0.0605874 -0.0604689 -0.0990026 -0.0990014 -0.0990011 -0.0990013 -0.109658 -0.109644 -0.109644 -0.109658
6.125 0 0 0 0 -0.0531673 -0.0532514 -0.0532468 -0.053166 -0.103087 -0.103083 -0.103082 -0.103084 -0.13483 -0.134819 -0.134819 -0.134829
6.145 0 0 0 0 -0.0235015 -0.0234702 -0.0234646 -0.0234924 -0.0846905 -0.0847276 -0.084726 -0.0846878 -0.12845 -0.128432 -0.128433 -0.128451
6.165 0 0 0 0 0.00503269 0.00511479 0.00510929 0.00501328 -0.0384043 -0.0384514 -0.0384502 -0.0384294 -0.0793953 -0.0793875 -0.0793883 -0.0794013
6.185 0 0 0 0 0.015738 0.0157604 0.0157595 0.0157301 0.0197776 0.0198023 0.0198079 0.0197839 0.00308363 0.00307308 0.00307279 0.00308131
6.205 0 0 0 0 0.0114383 0.0113825 0.0113786 0.0114302 0.0584814 0.0585282 0.058528 0.0584829 0.0875881 0.0875711 0.0875715 0.0875883
6.225 0 0 0 0 0.00575489 0.00568878 0.00568697 0.00575267 0.0649744 0.0649799 0.0649791 0.0649728 0.133423 0.133417 0.133416 0.13342
6.245 0 0 0 0 0.0181705 0.01817 0.0181697 0.018168 0.0658413 0.0658144 0.065814 0.0658387 0.12815 0.128153 0.128153 0.12815
6.265 0 0 0 0 0.0490333 0.0491277 0.0491279 0.0490345 0.0820996 0.0820967 0.0820983 0.0821 0.0936754 0.0936638 0.0936628 0.0936749
6.285 0 0 0 0 0.0808154 0.0809967 0.0809982 0.080821 0.107353 0.107383 0.107383 0.107353 0.0745818 0.074556 0.0745563 0.0745819
6.305 0 0 0 0 0.0742111 0.0743714 0.0743673 0.0742085 0.105554 0.105588 0.105588 0.105554 0.0817111 0.0816858 0.0816857 0.0817112
6.325 0 0 0 0 0.0249482 0.0249596 0.0249552 0.0249535 0.0656592 0.065668 0.0656691 0.0656555 0.0949467 0.0949377 0.0949375 0.094948
6.345 0 0 0 0 -0.0221154 -0.0222271 -0.0222262 -0.0221144 0.0166027 0.0165909 0.01659 0.0166039 0.0868184 0.0868261 0.0868264 0.0868188
6.365 0 0 0 0 -0.0297044 -0.0298062 -0.0298091 -0.0297136 -0.012295 -0.0123128 -0.0123072 -0.0122838 0.0393848 0.0393957 0.0393948 0.0393828
6.385 0 0 0 0 -0.00807136 -0.00807442 -0.00807714 -0.00807593 -0.0234439 -0.0234407 -0.0234366 -0.0234398 -0.0387307 -0.038728 -0.0387278 -0.0387285
6.405 0 0 0 0 0.0074282 0.00750312 0.00750319 0.0074292 -0.0380412 -0.0380244 -0.0380271 -0.0380458 -0.109436 -0.109442 -0.109443 -0.109439
6.425 0 0 0 0 -0.00984102 -0.00978862 -0.00978832 -0.00984127 -0.0698583 -0.0698595 -0.0698621 -0.0698645 -0.140132 -0.14013 -0.140131 -0.140135
6.445 0 0 0 0 -0.0517581 -0.0518193 -0.0518188 -0.0517585 -0.106375 -0.1064 -0.106401 -0.106377 -0.129889 -0.129868 -0.129869 -0.129889
6.465 0 0 0 0 -0.0851127 -0.085281 -0.0852776 -0.0851059 -0.124827 -0.124856 -0.124856 -0.124828 -0.107252 -0.107226 -0.107225 -0.107251
6.485 0 0 0 0 -0.0803704 -0.0805428 -0.0805369 -0.0803639 -0.113744 -0.113758 -0.113759 -0.113746 -0.0981097 -0.0980882 -0.0980871 -0.0981076
6.505 0 0 0 0 -0.035393 -0.035429 -0.0354337 -0.0353879 -0.0748924 -0.0749046 -0.0749032 -0.0748929 -0.096842 -0.0968303 -0.0968306 -0.096842
6.525 0 0 0 0 0.0172324 0.0173304 0.0173253 0.0172144 -0.0211822 -0.0211884 -0.0211884 -0.0211788 -0.0766152 -0.0766147 -0.0766139 -0.0766139
6.545 0 0 0 0 0.0383191 0.0384348 0.0384348 0.0383121 0.0257668 0.0257803 0.0257757 0.0257618 -0.0210254 -0.0210363 -0.0210358 -0.0210251
6.565 0 0 0 0 0.0299126 0.0299512 0.0299525 0.0299176 0.0587636 0.0587815 0.05878 0.0587593 0.066486 0.0664737 0.0664718 0.0664851
6.585 0 0 0 0 0.0202503 0.0202242 0.0202272 0.0202578 0.0841151 0.0841138 0.084114 0.0841142 0.152502 0.152494 0.15249 0.152494
6.605 0 0 0 0 0.0342153 0.0342063 0.0342064 0.0342142 0.115609 0.115601 0.1156 0.115607 0.201101 0.201093 0.201093 0.201099
6.625 0 0 0 0 0.0633182 0.0633759 0.0633765 0.0633207 0.144788 0.144812 0.144814 0.144784 0.195471 0.195447 0.195446 0.195471
6.645 0 0 0 0 0.0846944 0.0848316 0.0848293 0.0846928 0.14988 0.149916 0.149914 0.149868 0.155256 0.155225 0.155227 0.15526
6.665 0 0 0 0 0.0787873 0.078954 0.0789577 0.0787894 0.119638 0.119656 0.119655 0.119641 0.111623 0.111602 0.111604 0.111626
6.685 0 0 0 0 0.042521 0.0426073 0.0426111 0.0425087 0.0667629 0.0667559 0.0667608 0.0667743 0.0768133 0.0768069 0.0768061 0.0768121
6.705 0 0 0 0 -0.00577776 -0.00582447 -0.00582992 -0.00579904 0.0114946 0.0114918 0.0114932 0.0114986 0.0399162 0.0399184 0.0399189 0.0399171
6.725 0 0 0 0 -0.0354044 -0.0355217 -0.0355358 -0.0354325 -0.032542 -0.0325394 -0.032539 -0.0325465 -0.00919464 -0.00919044 -0.00919294 -0.00920006
6.745 0 0 0 0 -0.0348646 -0.034925 -0.034932 -0.0348782 -0.061978 -0.0619917 -0.0619921 -0.061982 -0.0681584 -0.0681465 -0.0681457 -0.0681566
6.765 0 0 0 0 -0.0322644 -0.0322718 -0.0322693 -0.0322606 -0.0882608 -0.0882765 -0.0882772 -0.0882639 -0.131448 -0.131437 -0.131439 -0.131452
6.785 0 0 0 0 -0.0409837 -0.0410016 -0.040999 -0.0409774 -0.11134 -0.111344 -0.111346 -0.111345 -0.173113 -0.173101 -0.173101 -0.173111
6.805 0 0 0 0 -0.0550184 -0.0550699 -0.0550686 -0.0550133 -0.125999 -0.12601 -0.126009 -0.125995 -0.175074 -0.175058 -0.175059 -0.175076
6.825 0 0 0 0 -0.0643087 -0.064372 -0.0643735 -0.0643006 -0.12444 -0.124471 -0.124472 -0.124438 -0.145293 -0.145267 -0.145268 -0.145292
6.845 0 0 0 0 -0.0647333 -0.0648503 -0.0648532 -0.0647349 -0.106111 -0.106129 -0.106133 -0.106118 -0.109522 -0.109503 -0.109502 -0.10952
6.865 0 0 0 0 -0.0540434 -0.0541742 -0.0541671 -0.054052 -0.0812853 -0.0812787 -0.0812807 -0.081288 -0.0863428 -0.0863342 -0.0863343 -0.086344
6.885 0 0 0 0 -0.0271591 -0.0271998 -0.0272024 -0.0271593 -0.0533932 -0.0533958 -0.0533956 -0.0533934 -0.0684452 -0.0684375 -0.068436 -0.0684422
6.905 0 0 0 0 0.00462341 0.00467753 0.00466851 0.00460959 -0.0192603 -0.0192804 -0.019276 -0.0192519 -0.0413647 -0.0413597 -0.0413617 -0.0413685
6.925 0 0 0 0 0.0278712 0.0279517 0.0279483 0.0278585 0.0254187 0.0254161 0.0254164 0.0254236 0.00758086 0.00757725 0.00757808 0.00758228
6.945 0 0 0 0 0.0361839 0.0362291 0.0362289 0.036182 0.068674 0.0686994 0.0686997 0.0686737 0.0737241 0.073708 0.0737072 0.0737222
6.965 0 0 0 0 0.0361747 0.0361861 0.0361869 0.0361777 0.0957658 0.0957878 0.0957863 0.0957612 0.136204 0.136188 0.136189 0.136205
6.985 0 0 0 0 0.0399875 0.0400094 0.0400103 0.0399891 0.10891 0.108908 0.108907 0.108908 0.171665 0.171655 0.171654 0.171664
7.005 0 0 0 0 0.0514685 0.0515305 0.0515301 0.0514734 0.117959 0.117958 0.117957 0.11796 0.169467 0.169455 0.169456 0.169467
7.025 0 0 0 0 0.0626087 0.0626966 0.0626985 0.0626017 0.119752 0.119779 0.11978 0.119755 0.138804 0.138782 0.138782 0.138802
7.045 0 0 0 0 0.060595 0.0606992 0.0607003 0.060602 0.101 0.101032 0.10103 0.101003 0.098953 0.098931 0.0989313 0.098954
7.065 0 0 0 0 0.0385931 0.0386721 0.0386732 0.0385967 0.0602154 0.0602177 0.0602162 0.0602123 0.0624528 0.0624431 0.062442 0.0624507
7.085 0 0 0 0 0.00281091 0.0028123 0.00281407 0.00281079 0.0114035 0.011391 0.0113901 0.0113985 0.0265549 0.0265581 0.0265589 0.0265567
7.105 0 0 0 0 -0.0317774 -0.0318632 -0.0318637 -0.0317786 -0.0354128 -0.0354122 -0.0354129 -0.0354143 -0.0206611 -0.0206547 -0.0206546 -0.0206608
7.125 0 0 0 0 -0.0488241 -0.0489265 -0.0489277 -0.0488266 -0.0762703 -0.0762697 -0.0762683 -0.0762675 -0.0804214 -0.0804108 -0.0804106 -0.0804211
7.145 0 0 0 0 -0.0464074 -0.0464487 -0.0464492 -0.0464086 -0.104954 -0.104977 -0.104976 -0.104953 -0.137905 -0.137887 -0.137888 -0.137906
7.165 0 0 0 0 -0.0403581 -0.0403568 -0.040356 -0.0403588 -0.116162 -0.116188 -0.116187 -0.116161 -0.172991 -0.172973 -0.172973 -0.172992
7.185 0 0 0 0 -0.0451645 -0.0451735 -0.0451753 -0.0451481 -0.114806 -0.114807 -0.114806 -0.114804 -0.173226 -0.173215 -0.173215 -0.173227
7.205 0 0 0 0 -0.0575716 -0.0576635 -0.0576542 -0.0575553 -0.110313 -0.110311 -0.110313 -0.11032 -0.142521 -0.142508 -0.142509 -0.14252
7.225 0 0 0 0 -0.061765 -0.0618881 -0.0618813 -0.061768 -0.100033 -0.100052 -0.100052 -0.100033 -0.0990441 -0.0990243 -0.0990245 -0.0990447
7.245 0 0 0 0 -0.0458283 -0.0459109 -0.0459174 -0.0458349 -0.0716712 -0.0717003 -0.0716998 -0.0716706 -0.0608237 -0.0608045 -0.0608032 -0.0608212
7.265 0 0 0 0 -0.0107759 -0.0107913 -0.0107969 -0.0107857 -0.0220877 -0.0220904 -0.0220889 -0.0220853 -0.0284056 -0.0284028 -0.0284035 -0.0284069
7.285 0 0 0 0 0.0306431 0.0307108 0.0307089 0.0306306 0.0358412 0.0358578 0.0358567 0.0358389 0.0141555 0.0141448 0.0141462 0.0141586
7.305 0 0 0 0 0.0558072 0.055923 0.0559215 0.0558029 0.0821278 0.0821411 0.0821413 0.0821282 0.073456 0.0734393 0.0734378 0.0734527
7.325 0 0 0 0 0.0540311 0.0541068 0.0541062 0.054031 0.107827 0.107837 0.107836 0.107824 0.136319 0.136304 0.136305 0.136321
7.345 0 0 0 0 0.0415617 0.0415692 0.0415703 0.0415639 0.117895 0.11791 0.11791 0.117894 0.180245 0.180229 0.180228 0.180242
7.365 0 0 0 0 0.0428034 0.0428256 0.0428217 0.0428132 0.121901 0.121914 0.121913 0.121904 0.189339 0.189326 0.189325 0.18934
7.385 0 0 0 0 0.0615797 0.0616748 0.0616718 0.0615599 0.125545 0.125552 0.12555 0.125548 0.16561 0.165595 0.165595 0.165608
7.405 0 0 0 0 0.07466 0.0748031 0.0748041 0.0746648 0.120674 0.12069 0.120692 0.120684 0.123918 0.123899 0.123901 0.123922
7.425 0 0 0 0 0.0603357 0.0604472 0.0604536 0.060344 0.09351 0.0935378 0.0935392 0.0935147 0.0826469 0.0826242 0.0826229 0.0826441
7.445 0 0 0 0 0.0236994 0.0237332 0.023735 0.023702 0.0446815 0.0446914 0.0446907 0.04468 0.0508554 0.0508467 0.0508471 0.0508559
7.465 0 0 0 0 -0.0152123 -0.0152535 -0.0152589 -0.0152157 -0.0088971 -0.00891508 -0.00891597 -0.00889929 0.0181215 0.0181296 0.0181292 0.0181208
7.485 0 0 0 0 -0.0439563 -0.0440628 -0.0440679 -0.0439685 -0.0554795 -0.0554916 -0.0554922 -0.0554805 -0.0359301 -0.0359174 -0.0359175 -0.0359304
7.505 0 0 0 0 -0.0501584 -0.0502526 -0.0502548 -0.050166 -0.0880493 -0.0880501 -0.0880503 -0.0880505 -0.104341 -0.10433 -0.10433 -0.104341
7.525 0 0 0 0 -0.0388884 -0.0389002 -0.0389002 -0.0388876 -0.106297 -0.106312 -0.106312 -0.106298 -0.15985 -0.159837 -0.159837 -0.159851
7.545 0 0 0 0 -0.0367877 -0.0367738 -0.0367739 -0.0367877 -0.116541 -0.116562 -0.116561 -0.116541 -0.183587 -0.183571 -0.183571 -0.183587
7.565 0 0 0 0 -0.0569478 -0.0570149 -0.0570164 -0.0569396 -0.125289 -0.125289 -0.125289 -0.125291 -0.174375 -0.174361 -0.17436 -0.174373
7.585 0 0 0 0 -0.0746715 -0.0748317 -0.07484 -0.0746881 -0.125776 -0.125782 -0.125784 -0.125775 -0.139465 -0.139445 -0.139445 -0.139464
7.605 0 0 0 0 -0.0655967 -0.0657141 -0.0657138 -0.0655968 -0.104792 -0.104824 -0.10482 -0.104784 -0.0965398 -0.0965151 -0.096515 -0.0965386
7.625 0 0 0 0 -0.0342621 -0.0343176 -0.0343143 -0.0342641 -0.0608401 -0.0608591 -0.0608555 -0.0608349 -0.0625441 -0.0625317 -0.0625329 -0.0625472
7.645 0 0 0 0 0.00096045 0.000967501 0.000966466 0.000960132 -0.00969058 -0.00967306 -0.00967085 -0.00968995 -0.0336861 -0.0336921 -0.0336929 -0.0336875
7.665 0 0 0 0 0.0268616 0.0269218 0.0269206 0.0268598 0.0304441 0.0304655 0.0304631 0.0304406 0.00695591 0.00694454 0.00694511 0.0069573
7.685 0 0 0 0 0.0394943 0.0395833 0.0395833 0.0394928 0.0600754 0.0600662 0.0600648 0.0600728 0.0660282 0.0660223 0.0660222 0.066028
7.705 0 0 0 0 0.0354592 0.0354974 0.0354973 0.0354586 0.0826924 0.0826894 0.0826891 0.0826906 0.121416 0.121408 0.121408 0.121416
7.725 0 0 0 0 0.0315247 0.0315074 0.0315066 0.0315234 0.100133 0.100159 0.10016 0.100133 0.153137 0.15312 0.15312 0.153136
7.745 0 0 0 0 0.0430681 0.0430933 0.0430924 0.0430677 0.108985 0.109007 0.109007 0.10899 0.154865 0.154848 0.154848 0.154864
7.765 0 0 0 0 0.0576646 0.0577652 0.0577672 0.0576784 0.105011 0.105013 0.105015 0.105013 0.128954 0.12894 0.12894 0.128954
7.785 0 0 0 0 0.0553326 0.0554413 0.0554521 0.0553402 0.0875042 0.0875098 0.0875085 0.0874986 0.0886988 0.0886846 0.0886853 0.0886997
7.805 0 0 0 0 0.0349778 0.0350379 0.0350497 0.0349893 0.0573718 0.0573918 0.0573893 0.0573675 0.0526383 0.0526235 0.0526224 0.0526359
7.825 0 0 0 0 0.00642446 0.00642755 0.00642741 0.0064262 0.0168714 0.0168751 0.0168734 0.0168687 0.0242051 0.024203 0.0242044 0.024208
7.845 0 0 0 0 -0.0190985 -0.0191388 -0.019142 -0.0191029 -0.0232664 -0.023284 -0.023283 -0.023265 -0.00702682 -0.00701771 -0.00701819 -0.00702784
7.865 0 0 0 0 -0.0341729 -0.0342413 -0.0342438 -0.0341797 -0.0528855 -0.0528967 -0.0528957 -0.052884 -0.04926 -0.0492489 -0.0492482 -0.0492587
7.885 0 0 0 0 -0.036441 -0.0364985 -0.0364992 -0.0364431 -0.0718886 -0.0718863 -0.0718852 -0.0718867 -0.0950897 -0.0950823 -0.0950832 -0.0950915
7.905 0 0 0 0 -0.0296535 -0.0296618 -0.029662 -0.0296526 -0.0817924 -0.081802 -0.0818016 -0.0817921 -0.124294 -0.124284 -0.124284 -0.124294
7.925 0 0 0 0 -0.0285636 -0.0285587 -0.0285569 -0.0285592 -0.0843701 -0.0843888 -0.0843895 -0.0843689 -0.126787 -0.126774 -0.126774 -0.126788
7.945 0 0 0 0 -0.0392049 -0.0392558 -0.0392451 -0.0391963 -0.081413 -0.0814226 -0.0814229 -0.0814147 -0.107187 -0.107174 -0.107174 -0.107185
7.965 0 0 0 0 -0.0462934 -0.0463911 -0.0463778 -0.0462785 -0.071747 -0.0717465 -0.0717484 -0.071748 -0.0753381 -0.0753268 -0.0753274 -0.0753375
7.985 0 0 0 0 -0.0364491 -0.0365113 -0.0365134 -0.0364373 -0.0531103 -0.0531225 -0.0531209 -0.0531093 -0.0446827 -0.0446716 -0.044672 -0.0446839
8.005 0 0 0 0 -0.0104081 -0.0104128 -0.0104179 -0.0104139 -0.0212556 -0.0212708 -0.0212702 -0.0212547 -0.0198912 -0.0198843 -0.0198842 -0.0198911
8.025 0 0 0 0 0.0163817 0.0164196 0.0164172 0.0163719 0.0170168 0.0170246 0.0170251 0.0170186 0.00383046 0.00382501 0.0038247 0.00383
8.045 0 0 0 0 0.0303672 0.0304184 0.0304169 0.0303639 0.0459615 0.0459849 0.0459851 0.0459616 0.034306 0.0342924 0.0342924 0.0343058
8.065 0 0 0 0 0.0329366 0.0329889 0.0329891 0.032938 0.0614892 0.0614949 0.0614946 0.0614881 0.0737024 0.073693 0.073693 0.0737023
8.085 0 0 0 0 0.029862 0.0298969 0.0298981 0.0298644 0.0707862 0.0707779 0.0707778 0.0707855 0.108112 0.108107 0.108107 0.108111
8.105 0 0 0 0 0.0289017 0.0289158 0.0289157 0.0289064 0.0797699 0.07978 0.07978 0.0797714 0.121645 0.121635 0.121634 0.121644
8.125 0 0 0 0 0.0322918 0.0323047 0.0323089 0.0323045 0.0806572 0.0806849 0.0806853 0.0806576 0.108137 0.108122 0.108122 0.108138
8.145 0 0 0 0 0.0375846 0.0376501 0.0376582 0.0375953 0.068334 0.0683441 0.0683425 0.0683304 0.0781091 0.0780978 0.0780979 0.0781099
8.165 0 0 0 0 0.035625 0.0357091 0.0357089 0.0356192 0.0480754 0.0480681 0.0480667 0.0480749 0.0463751 0.04637 0.0463697 0.0463745
8.185 0 0 0 0 0.0159568 0.0159885 0.0159832 0.0159471 0.021793 0.0217976 0.0217975 0.0217922 0.0169905 0.016986 0.0169862 0.0169909
8.205 0 0 0 0 -0.0148916 -0.014947 -0.0149504 -0.0148977 -0.014049 -0.0140305 -0.0140297 -0.0140477 -0.0132525 -0.013255 -0.0132552 -0.0132529
8.225 0 0 0 0 -0.0362349 -0.0363124 -0.0363129 -0.0362371 -0.0525997 -0.0526075 -0.0526063 -0.0525972 -0.0463344 -0.0463241 -0.0463241 -0.0463343
8.245 0 0 0 0 -0.0399515 -0.0399953 -0.0399943 -0.0399493 -0.0777264 -0.0777604 -0.07776 -0.0777258 -0.0826329 -0.0826138 -0.082614 -0.0826333
8.265 0 0 0 0 -0.0354543 -0.035482 -0.0354809 -0.0354514 -0.0836086 -0.0836218 -0.0836221 -0.0836091 -0.11563 -0.115618 -0.115618 -0.115631
8.285 0 0 0 0 -0.032481 -0.0325059 -0.0325072 -0.0324728 -0.0814718 -0.0814565 -0.0814569 -0.0814711 -0.130347 -0.130344 -0.130344 -0.130348
8.305 0 0 0 0 -0.0320438 -0.0320679 -0.0320757 -0.0320451 -0.0790372 -0.0790433 -0.0790425 -0.0790373 -0.11559 -0.115579 -0.115579 -0.115589
8.325 0 0 0 0 -0.0324726 -0.0325078 -0.0325109 -0.0324846 -0.0688198 -0.0688499 -0.0688513 -0.068823 -0.0782208 -0.0782043 -0.0782039 -0.0782208
8.345 0 0 0 0 -0.0301248 -0.0301957 -0.030192 -0.0301306 -0.04403 -0.0440413 -0.0440444 -0.0440336 -0.0371617 -0.0371516 -0.0371507 -0.0371598
8.365 0 0 0 0 -0.0167559 -0.0168179 -0.0168187 -0.0167533 -0.0115694 -0.0115522 -0.0115519 -0.0115694 -0.00401698 -0.00401898 -0.0040189 -0.00401662
8.385 0 0 0 0 0.0116684 0.0116882 0.0116879 0.0116694 0.0217453 0.0217491 0.02175 0.0217468 0.0252661 0.0252626 0.0252631 0.025267
8.405 0 0 0 0 0.0392613 0.0393595 0.0393598 0.0392601 0.0542853 0.0542727 0.0542732 0.0542865 0.0555583 0.0555537 0.0555536 0.0555581
8.425 0 0 0 0 0.0479439 0.0480279 0.0480273 0.0479424 0.0812798 0.0812923 0.0812921 0.081279 0.0867209 0.0867065 0.0867064 0.0867207
8.445 0 0 0 0 0.0423463 0.0423785 0.0423784 0.042345 0.0945742 0.0946072 0.094607 0.0945735 0.116698 0.116678 0.116677 0.116697
8.465 0 0 0 0 0.0377685 0.037792 0.0377937 0.0377769 0.0936409 0.0936498 0.0936491 0.093641 0.136653 0.136641 0.136641 0.136652
8.485 0 0 0 0 0.0391566 0.039219 0.0392134 0.039162 0.0888455 0.0888318 0.08883 0.0888429 0.134302 0.134297 0.134298 0.134303
8.505 0 0 0 0 0.039026 0.0390695 0.0390674 0.0390191 0.0818329 0.0818443 0.0818447 0.0818325 0.105145 0.105131 0.10513 0.105144
8.525 0 0 0 0 0.0362461 0.0362888 0.0362826 0.0362384 0.0660283 0.0660582 0.0660582 0.0660305 0.0653695 0.0653526 0.0653535 0.0653716
8.545 0 0 0 0 0.0275122 0.027575 0.0275753 0.0275146 0.0372241 0.0372276 0.0372287 0.0372258 0.0309269 0.0309203 0.0309204 0.0309268
8.565 0 0 0 0 0.00455837 0.00458657 0.00458966 0.00456294 0.000308899 0.000293538 0.000294144 0.000309693 0.000488294 0.000492631 0.000492986 0.000489236
8.585 0 0 0 0 -0.0278413 -0.0279066 -0.0279056 -0.0278393 -0.0381733 -0.0381709 -0.0381711 -0.0381734 -0.0349694 -0.0349642 -0.0349643 -0.0349696
8.605 0 0 0 0 -0.0480422 -0.0481491 -0.0481499 -0.0480441 -0.072266 -0.0722618 -0.0722624 -0.0722675 -0.075266 -0.0752571 -0.0752572 -0.0752662
8.625 0 0 0 0 -0.0472586 -0.0473167 -0.0473178 -0.0472611 -0.0952331 -0.0952574 -0.0952581 -0.0952353 -0.114034 -0.114016 -0.114016 -0.114034
8.645 0 0 0 0 -0.0412655 -0.0412848 -0.0412854 -0.0412668 -0.104037 -0.104063 -0.104063 -0.104037 -0.14413 -0.144112 -0.144112 -0.14413
8.665 0 0 0 0 -0.0436176 -0.0436586 -0.0436546 -0.0436184 -0.104024 -0.10402 -0.104021 -0.104023 -0.154738 -0.154728 -0.154728 -0.154738
8.685 0 0 0 0 -0.0500391 -0.0501295 -0.0501424 -0.0500566 -0.102154 -0.102148 -0.10215 -0.102155 -0.138856 -0.138845 -0.138844 -0.138855
8.705 0 0 0 0 -0.0516612 -0.0517315 -0.0517426 -0.0516674 -0.0951964 -0.0952192 -0.095219 -0.0951935 -0.105207 -0.105189 -0.105189 -0.105208
8.725 0 0 0 0 -0.0427092 -0.0427762 -0.0427776 -0.042719 -0.0724431 -0.0724688 -0.0724691 -0.0724425 -0.0696554 -0.0696376 -0.0696366 -0.0696532
8.745 0 0 0 0 -0.0198268 -0.0198684 -0.0198649 -0.0198253 -0.0320991 -0.0320975 -0.0320969 -0.0320989 -0.0366441 -0.0366406 -0.0366407 -0.0366443
8.765 0 0 0 0 0.01174 0.0117646 0.0117656 0.0117451 0.013429 0.0134431 0.0134433 0.0134297 0.000720168 0.000713939 0.000714629 0.000721604
8.785 0 0 0 0 0.0362138 0.0362948 0.0362956 0.0362152 0.0514498 0.0514526 0.0514527 0.0514502 0.0466446 0.0466359 0.0466357 0.0466442
8.805 0 0 0 0 0.0407593 0.0408238 0.0408234 0.0407571 0.0763003 0.076305 0.0763045 0.0762986 0.0929922 0.0929814 0.0929815 0.0929923
8.825 0 0 0 0 0.0352112 0.0352269 0.0352258 0.0352086 0.090369 0.090386 0.0903852 0.0903668 0.128846 0.128832 0.128832 0.128846
8.845 0 0 0 0 0.0381256 0.0381453 0.038144 0.0381239 0.0987547 0.0987655 0.0987655 0.0987548 0.145915 0.145903 0.145903 0.145915
8.865 0 0 0 0 0.0517754 0.0518494 0.051852 0.0517772 0.105499 0.105495 0.105496 0.105499 0.141468 0.141457 0.141457 0.141468
8.885 0 0 0 0 0.0603088 0.0604189 0.0604069 0.0602866 0.106274 0.106285 0.106283 0.106275 0.120092 0.120074 0.120074 0.120091
8.905 0 0 0 0 0.0497786 0.0498576 0.0498511 0.0497813 0.0882597 0.088285 0.0882854 0.0882574 0.0903238 0.0903038 0.0903039 0.0903238
8.925 0 0 0 0 0.0247013 0.0247266 0.0247254 0.024696 0.0497434 0.0497552 0.0497559 0.0497437 0.0596908 0.059682 0.0596826 0.0596925
8.945 0 0 0 0 -0.00259708 -0.00260776 -0.00260505 -0.00259745 0.00486454 0.00484874 0.00484983 0.00486879 0.0248664 0.0248717 0.0248717 0.0248662
8.965 0 0 0 0 -0.0220298 -0.0220722 -0.0220723 -0.022028 -0.0304901 -0.0305046 -0.0305054 -0.0304932 -0.0199823 -0.0199725 -0.0199712 -0.0199791
8.985 0 0 0 0 -0.0289008 -0.0289509 -0.0289505 -0.0288994 -0.0537891 -0.0537849 -0.0537851 -0.0537904 -0.0694008 -0.0693954 -0.0693954 -0.0694008
9.005 0 0 0 0 -0.0273602 -0.0273788 -0.0273789 -0.0273611 -0.0708501 -0.0708523 -0.0708529 -0.0708514 -0.107764 -0.107757 -0.107756 -0.107764
9.025 0 0 0 0 -0.0290095 -0.0290097 -0.0290106 -0.0290119 -0.083071 -0.0830906 -0.0830902 -0.0830707 -0.1232 -0.123188 -0.123188 -0.123201
9.045 0 0 0 0 -0.0413388 -0.041385 -0.0413868 -0.0413363 -0.0894577 -0.0894677 -0.0894671 -0.0894548 -0.117859 -0.117846 -0.117847 -0.11786
9.065 0 0 0 0 -0.0533726 -0.0534637 -0.0534658 -0.0533551 -0.0888793 -0.088881 -0.088878 -0.0888782 -0.100479 -0.100467 -0.100467 -0.100479
9.085 0 0 0 0 -0.0465199 -0.0466138 -0.0466056 -0.0465219 -0.0758355 -0.0758453 -0.0758461 -0.0758324 -0.0771491 -0.0771351 -0.0771339 -0.0771476
9.105 0 0 0 0 -0.0222904 -0.0223036 -0.0223054 -0.0222933 -0.04701 -0.047031 -0.04703 -0.0470039 -0.0530195 -0.0530089 -0.053011 -0.053024
9.125 0 0 0 0 0.00147354 0.00149588 0.00148953 0.00146794 -0.0105462 -0.0105458 -0.0105481 -0.0105524 -0.0282498 -0.0282495 -0.0282484 -0.0282468
9.145 0 0 0 0 0.0148991 0.0149214 0.0149198 0.0148935 0.0195243 0.0195459 0.0195445 0.0195213 0.00422981 0.00421943 0.00421911 0.00422872
9.165 0 0 0 0 0.0206348 0.0206654 0.0206653 0.0206331 0.0385594 0.0385635 0.0385631 0.0385582 0.0461278 0.0461221 0.0461228 0.0461293
9.185 0 0 0 0 0.0224098 0.0224385 0.0224391 0.0224116 0.0532257 0.0532146 0.0532156 0.0532276 0.0843378 0.0843356 0.0843353 0.0843371
9.205 0 0 0 0 0.0252501 0.0252598 0.0252603 0.0252511 0.0688064 0.0688138 0.0688146 0.0688079 0.10435 0.104341 0.104341 0.10435
9.225 0 0 0 0 0.0339868 0.0340125 0.0340123 0.0339903 0.0800106 0.0800352 0.0800356 0.0800132 0.104152 0.104136 0.104135 0.10415
9.245 0 0 0 0 0.0446758 0.0447498 0.0447578 0.0446844 0.080322 0.080332 0.0803335 0.080321 0.0921694 0.0921565 0.0921568 0.0921701
9.265 0 0 0 0 0.0439302 0.0440215 0.0440335 0.0439375 0.0692946 0.0692931 0.0692932 0.0692954 0.075331 0.0753222 0.0753226 0.0753317
9.285 0 0 0 0 0.0260059 0.0260452 0.0260442 0.0260112 0.0484664 0.0484792 0.048479 0.048469 0.0555285 0.0555193 0.0555187 0.0555274
9.305 0 0 0 0 0.00194968 0.00192181 0.00191798 0.00194341 0.0190119 0.0190267 0.0190249 0.0190087 0.0315492 0.0315444 0.0315449 0.0315502
9.325 0 0 0 0 -0.0151388 -0.0151832 -0.0151866 -0.0151487 -0.0144654 -0.014472 -0.0144724 -0.0144672 -0.00106738 -0.00106242 -0.00106235 -0.00106718
9.345 0 0 0 0 -0.0222622 -0.0222895 -0.0222911 -0.022266 -0.0419892 -0.0420085 -0.0420082 -0.0419886 -0.0428422 -0.0428313 -0.0428312 -0.0428418
9.365 0 0 0 0 -0.025111 -0.0251325 -0.0251322 -0.0251096 -0.0595769 -0.0595819 -0.0595814 -0.0595761 -0.0848002 -0.0847928 -0.0847928 -0.0848003
9.385 0 0 0 0 -0.0294726 -0.0295 -0.0294989 -0.02947 -0.0729468 -0.0729412 -0.072941 -0.0729466 -0.112463 -0.112457 -0.112457 -0.112463
9.405 0 0 0 0 -0.0364938 -0.0365275 -0.0365272 -0.03649 -0.0846074 -0.084616 -0.0846156 -0.0846055 -0.117217 -0.117205 -0.117206 -0.117218
9.425 0 0 0 0 -0.044055 -0.0441096 -0.0440983 -0.0440518 -0.0882101 -0.0882346 -0.0882358 -0.08821 -0.104174 -0.104156 -0.104156 -0.104174
9.445 0 0 0 0 -0.0462117 -0.0462874 -0.04628 -0.0461962 -0.0784601 -0.0784714 -0.0784736 -0.0784661 -0.0849786 -0.084964 -0.0849631 -0.0849752
9.465 0 0 0 0 -0.0347113 -0.0347772 -0.0347734 -0.0346985 -0.0569357 -0.0569331 -0.056933 -0.0569363 -0.0644934 -0.0644867 -0.0644869 -0.064494
9.485 0 0 0 0 -0.0110258 -0.0110377 -0.0110365 -0.0110336 -0.0282376 -0.0282431 -0.0282429 -0.028235 -0.0400741 -0.0400696 -0.0400693 -0.0400736
9.505 0 0 0 0 0.0115633 0.0116076 0.0116045 0.0115562 0.00420804 0.00420021 0.00420102 0.00421029 -0.00793145 -0.00793113 -0.00793139 -0.0079318
9.525 0 0 0 0 0.0239631 0.02401 0.0240077 0.0239603 0.0367013 0.0367088 0.0367083 0.0366999 0.0337336 0.0337259 0.0337257 0.0337334
9.545 0 0 0 0 0.0272727 0.027295 0.0272953 0.0272729 0.0614756 0.061494 0.0614936 0.0614749 0.0781366 0.0781243 0.0781239 0.0781354
9.565 0 0 0 0 0.0297475 0.029766 0.0297665 0.029748 0.0761677 0.0761746 0.0761747 0.0761674 0.112543 0.112534 0.112534 0.112543
9.585 0 0 0 0 0.0373432 0.037384 0.037385 0.0373426 0.086731 0.0867294 0.08673 0.086732 0.126943 0.126934 0.126933 0.126941
9.605 0 0 0 0 0.0466788 0.0467362 0.0467359 0.0466824 0.0944979 0.0945088 0.0945073 0.0944966 0.120143 0.120129 0.12013 0.120144
9.625 0 0 0 0 0.0505227 0.0506066 0.0505889 0.0505068 0.092245 0.0922675 0.0922693 0.0922457 0.101329 0.101311 0.10131 0.101329
9.645 0 0 0 0 0.0431148 0.0431834 0.0431816 0.0431078 0.0741761 0.0741905 0.0741921 0.0741795 0.0802035 0.0801896 0.0801886 0.0802018
9.665 0 0 0 0 0.0222704 0.0223035 0.0223027 0.0222725 0.0429762 0.0429733 0.0429733 0.042975 0.0562011 0.0561966 0.0561971 0.0562016
9.685 0 0 0 0 -0.00434501 -0.00437149 -0.00436784 -0.0043371 0.00655663 0.0065559 0.00655483 0.00655534 0.0228698 0.0228702 0.0228699 0.022869
9.705 0 0 0 0 -0.023655 -0.0237146 -0.0237119 -0.0236508 -0.0290603 -0.0290599 -0.0290628 -0.0290656 -0.0222196 -0.0222149 -0.022214 -0.0222179
9.725 0 0 0 0 -0.0303865 -0.0304277 -0.0304276 -0.0303861 -0.0596432 -0.0596533 -0.0596543 -0.0596449 -0.0726746 -0.0726649 -0.0726649 -0.0726745
9.745 0 0 0 0 -0.0318958 -0.0319112 -0.0319126 -0.0318984 -0.0815446 -0.0815615 -0.0815611 -0.0815448 -0.115693 -0.11568 -0.11568 -0.115693
9.765 0 0 0 0 -0.0377645 -0.0377919 -0.0377931 -0.0377673 -0.0946865 -0.0946942 -0.0946929 -0.0946845 -0.13873 -0.138719 -0.138719 -0.138731
9.785 0 0 0 0 -0.0478151 -0.0478725 -0.0478731 -0.0478182 -0.10123 -0.101231 -0.10123 -0.101228 -0.136722 -0.136711 -0.13671 -0.136722
9.805 0 0 0 0 -0.05357 -0.0536539 -0.0536742 -0.0535825 -0.0993828 -0.0993967 -0.0993948 -0.0993818 -0.115873 -0.115857 -0.115857 -0.115874
9.825 0 0 0 0 -0.0468541 -0.0469227 -0.04693 -0.046864 -0.0824206 -0.0824409 -0.0824408 -0.0824191 -0.0871821 -0.0871659 -0.0871666 -0.087184
9.845 0 0 0 0 -0.0272598 -0.0273021 -0.0273035 -0.0272664 -0.0497935 -0.0498012 -0.0498021 -0.0497954 -0.0575421 -0.0575338 -0.0575339 -0.0575419
9.865 0 0 0 0 -0.00062 -0.000613982 -0.000611335 -0.000617254 -0.00932859 -0.00931982 -0.00931981 -0.00932671 -0.023398 -0.0233997 -0.0233997 -0.0233982
9.885 0 0 0 0 0.0235255 0.0235813 0.0235828 0.0235297 0.0300806 0.0300849 0.0300851 0.0300807 0.0213556 0.02135 0.0213509 0.0213577
9.905 0 0 0 0 0.0369651 0.0370325 0.0370332 0.0369664 0.0641133 0.0641151 0.0641155 0.0641139 0.074162 0.0741532 0.0741532 0.0741622
9.925 0 0 0 0 0.0402814 0.0403209 0.0403204 0.0402793 0.0905323 0.0905438 0.0905434 0.0905311 0.122506 0.122493 0.122493 0.122506
9.945 0 0 0 0 0.0436334 0.0436607 0.0436595 0.0436304 0.108239 0.108257 0.108257 0.108239 0.153553 0.153537 0.153537 0.153553
9.965 0 0 0 0 0.0525818 0.0526327 0.0526338 0.0525872 0.117026 0.117034 0.117034 0.117025 0.160244 0.160229 0.160228 0.160243
9.985 0 0 0 0 0.0603915 0.0604883 0.0604839 0.0603894 0.116072 0.11608 0.116078 0.116071 0.144056 0.14404 0.144041 0.144057
10.005 0 0 0 0 0.0564963 0.0565798 0.056584 0.0564884 0.101473 0.101493 0.101495 0.101477 0.11364 0.113621 0.11362 0.113637
10.025 0 0 0 0 0.0369489 0.0370005 0.0370007 0.0369486 0.0690224 0.0690423 0.0690442 0.0690243 0.0769909 0.0769775 0.0769783 0.0769926
10.045 0 0 0 0 0.00778577 0.00778916 0.00778863 0.00778846 0.0223274 0.0223306 0.0223308 0.0223313 0.0349784 0.0349753 0.0349748 0.0349771
10.065 0 0 0 0 -0.0195701 -0.0196112 -0.0196109 -0.0195712 -0.0259554 -0.0259685 -0.0259687 -0.0259561 -0.0153595 -0.0153513 -0.0153508 -0.0153582
10.085 0 0 0 0 -0.0373556 -0.037419 -0.0374191 -0.037357 -0.0657439 -0.0657548 -0.0657554 -0.0657463 -0.0731367 -0.0731256 -0.0731258 -0.0731373
10.105 0 0 0 0 -0.0453556 -0.0454146 -0.0454154 -0.0453573 -0.0955982 -0.0956041 -0.0956053 -0.0956011 -0.12804 -0.128028 -0.128028 -0.12804
10.125 0 0 0 0 -0.0495489 -0.0495925 -0.0495931 -0.0495509 -0.117106 -0.117119 -0.117119 -0.117108 -0.165108 -0.165092 -0.165092 -0.165108
10.145 0 0 0 0 -0.0562172 -0.0562707 -0.0562705 -0.0562148 -0.128975 -0.128994 -0.128994 -0.128971 -0.175537 -0.175518 -0.175518 -0.175537
10.165 0 0 0 0 -0.063818 -0.06391 -0.0639157 -0.0638257 -0.128193 -0.128217 -0.128214 -0.128192 -0.161341 -0.16132 -0.16132 -0.161341
10.185 0 0 0 0 -0.0637315 -0.0638341 -0.063832 -0.0637175 -0.113775 -0.113784 -0.113785 -0.113776 -0.131935 -0.131917 -0.131916 -0.131933
10.205 0 0 0 0 -0.0479497 -0.0480273 -0.0480245 -0.0479418 -0.0851162 -0.0851241 -0.0851234 -0.0851127 -0.0955598 -0.095546 -0.0955471 -0.0955621
10.225 0 0 0 0 -0.0200238 -0.0200438 -0.0200409 -0.0200234 -0.0438144 -0.0438285 -0.0438294 -0.0438208 -0.0553644 -0.0553561 -0.0553554 -0.055363
10.245 0 0 0 0 0.00762141 0.00764846 0.00764752 0.00761985 0.00265774 0.0026586 0.00265779 0.00265542 -0.00998206 -0.00998427 -0.00998431 -0.00998217
10.265 0 0 0 0 0.0263415 0.0263846 0.0263828 0.0263384 0.0439615 0.0439758 0.0439754 0.0439617 0.0421591 0.0421491 0.0421493 0.0421597
10.285 0 0 0 0 0.0370727 0.0371203 0.0371196 0.0370702 0.0756882 0.0756972 0.0756978 0.0756886 0.0966794 0.096668 0.0966678 0.096679
10.305 0 0 0 0 0.045285 0.0453368 0.0453364 0.0452837 0.101064 0.101066 0.101065 0.101062 0.142011 0.141999 0.141999 0.14201
10.325 0 0 0 0 0.0522813 0.0523319 0.052331 0.0522793 0.119454 0.119467 0.119467 0.119453 0.164388 0.164371 0.164371 0.164387
10.345 0 0 0 0 0.057139 0.0572013 0.0572021 0.0571455 0.124139 0.124163 0.124163 0.124139 0.159679 0.159659 0.159658 0.159679
10.365 0 0 0 0 0.0583206 0.0584119 0.0584005 0.0582955 0.112259 0.112271 0.112271 0.11226 0.135988 0.13597 0.13597 0.135988
10.385 0 0 0 0 0.0499799 0.0500733 0.0500649 0.0499752 0.0871419 0.08714 0.0871428 0.0871454 0.102202 0.10219 0.102189 0.102201
10.405 0 0 0 0 0.0283711 0.0284112 0.0284136 0.0283681 0.0527215 0.0527288 0.0527288 0.0527259 0.0623459 0.0623378 0.0623381 0.0623466
10.425 0 0 0 0 0.00168398 0.00166881 0.00167275 0.00168813 0.0121518 0.0121627 0.0121621 0.0121527 0.0189101 0.0189063 0.018906 0.0189095
10.445 0 0 0 0 -0.0190733 -0.0191088 -0.0191084 -0.0190697 -0.0292448 -0.0292511 -0.0292521 -0.0292468 -0.0270804 -0.0270741 -0.0270734 -0.0270788
10.465 0 0 0 0 -0.0322746 -0.0323134 -0.0323133 -0.0322744 -0.0642464 -0.064265 -0.0642654 -0.064248 -0.074981 -0.0749685 -0.0749689 -0.074982
10.485 0 0 0 0 -0.0416083 -0.0416585 -0.0416595 -0.0416111 -0.0891714 -0.0891811 -0.0891819 -0.0891735 -0.118539 -0.118527 -0.118527 -0.118539
10.505 0 0 0 0 -0.048969 -0.0490293 -0.0490306 -0.0489703 -0.106299 -0.106302 -0.106302 -0.106299 -0.147012 -0.147 -0.147 -0.147013
10.525 0 0 0 0 -0.0535472 -0.0536045 -0.0536038 -0.0535435 -0.115754 -0.115767 -0.115766 -0.115752 -0.153107 -0.15309 -0.15309 -0.153107
10.545 0 0 0 0 -0.054187 -0.0542577 -0.0542693 -0.0541978 -0.112078 -0.112099 -0.112099 -0.112076 -0.138605 -0.138584 -0.138584 -0.138604
10.565 0 0 0 0 -0.0476251 -0.0476927 -0.0476968 -0.0476344 -0.091034 -0.0910433 -0.0910399 -0.0910289 -0.10935 -0.109336 -0.109337 -0.109352
10.585 0 0 0 0 -0.0306519 -0.0307087 -0.0307077 -0.0306611 -0.0565306 -0.0565273 -0.0565244 -0.0565227 -0.0699976 -0.0699907 -0.0699908 -0.0699977
10.605 0 0 0 0 -0.00659143 -0.00659681 -0.00659679 -0.00659011 -0.0163395 -0.0163441 -0.0163427 -0.0163411 -0.0237288 -0.0237272 -0.0237279 -0.0237303
10.625 0 0 0 0 0.0160365 0.0160728 0.0160732 0.0160394 0.024329 0.0243245 0.0243229 0.0243251 0.0260187 0.0260161 0.0260164 0.0260193
10.645 0 0 0 0 0.0321727 0.0322195 0.0322206 0.0321737 0.062093 0.062101 0.0620994 0.0620904 0.0753529 0.0753429 0.0753429 0.0753527
10.665 0 0 0 0 0.0429625 0.0430096 0.0430093 0.0429616 0.0920898 0.092106 0.0921054 0.0920876 0.118485 0.118471 0.118471 0.118486
10.685 0 0 0 0 0.0512739 0.0513323 0.0513308 0.051272 0.111076 0.111088 0.111089 0.111076 0.148026 0.14801 0.14801 0.148026
10.705 0 0 0 0 0.0565793 0.0566533 0.0566532 0.0565829 0.118924 0.118934 0.118934 0.118925 0.157611 0.157595 0.157595 0.15761
10.725 0 0 0 0 0.0567456 0.0568259 0.0568134 0.0567249 0.115594 0.11561 0.11561 0.115592 0.146694 0.146676 0.146676 0.146695
10.745 0 0 0 0 0.0501985 0.0502683 0.0502606 0.0502002 0.0989755 0.0989897 0.0989919 0.0989744 0.12013 0.120113 0.120113 0.12013
10.765 0 0 0 0 0.0362542 0.0363038 0.0363065 0.036252 0.0692566 0.0692646 0.0692671 0.0692633 0.0838473 0.0838368 0.0838371 0.0838482
10.785 0 0 0 0 0.0156155 0.0156385 0.0156421 0.0156172 0.0309438 0.0309431 0.0309447 0.0309435 0.0406781 0.0406745 0.0406741 0.0406772
10.805 0 0 0 0 -0.00728584 -0.00730079 -0.00730127 -0.00728383 -0.00969885 -0.00969992 -0.00970131 -0.00970207 -0.00758 -0.00757789 -0.0075774 -0.00757896
10.825 0 0 0 0 -0.0267928 -0.0268381 -0.0268384 -0.0267933 -0.0484878 -0.0484907 -0.0484921 -0.0484901 -0.0577098 -0.0577032 -0.0577035 -0.0577105
10.845 0 0 0 0 -0.0397216 -0.0397735 -0.0397741 -0.0397239 -0.0813428 -0.0813547 -0.0813554 -0.0813448 -0.103324 -0.103312 -0.103311 -0.103324
10.865 0 0 0 0 -0.0475976 -0.0476486 -0.0476496 -0.0475994 -0.10401 -0.104027 -0.104027 -0.10401 -0.136907 -0.136891 -0.136892 -0.136908
10.885 0 0 0 0 -0.0530756 -0.0531371 -0.0531373 -0.0530765 -0.114628 -0.11464 -0.11464 -0.114627 -0.152529 -0.152512 -0.152513 -0.152529
10.905 0 0 0 0 -0.0557163 -0.0557732 -0.0557707 -0.0557041 -0.114206 -0.114212 -0.114213 -0.114205 -0.148283 -0.148268 -0.148268 -0.148284
10.925 0 0 0 0 -0.0524307 -0.0524996 -0.0524993 -0.0524275 -0.102953 -0.102966 -0.102967 -0.10296 -0.127047 -0.12703 -0.127029 -0.127043
10.945 0 0 0 0 -0.0407696 -0.0408306 -0.0408245 -0.0407749 -0.0789721 -0.0789861 -0.0789858 -0.0789706 -0.094009 -0.0939965 -0.0939986 -0.094013
10.965 0 0 0 0 -0.0218676 -0.021905 -0.0219069 -0.0218787 -0.0434754 -0.0434809 -0.0434797 -0.0434698 -0.0538247 -0.0538174 -0.0538165 -0.0538234
10.985 0 0 0 0 0.000243492 0.000244751 0.000240356 0.000239952 -0.00260913 -0.0026076 -0.0026055 -0.00260844 -0.00841728 -0.00841888 -0.00842003 -0.00841935
11.005 0 0 0 0 0.0201685 0.0202007 0.0201998 0.0201664 0.035982 0.0359875 0.0359874 0.0359808 0.0399608 0.0399547 0.0399553 0.0399622
11.025 0 0 0 0 0.0341987 0.0342475 0.0342488 0.0341996 0.0679959 0.0680026 0.0680019 0.0679954 0.0860207 0.0860106 0.0860102 0.0860197
11.045 0 0 0 0 0.0424508 0.0424996 0.0424997 0.0424509 0.091729 0.0917391 0.0917384 0.0917269 0.121906 0.121893 0.121893 0.121907
11.065 0 0 0 0 0.0477899 0.0478398 0.0478398 0.0477895 0.105637 0.105651 0.105652 0.105637 0.141033 0.141017 0.141017 0.141032
11.085 0 0 0 0 0.0511218 0.0511769 0.0511772 0.0511264 0.107984 0.107995 0.107995 0.107983 0.140711 0.140695 0.140696 0.140712
11.105 0 0 0 0 0.049625 0.0497004 0.049692 0.0496164 0.0981076 0.0981167 0.0981187 0.0981082 0.122777 0.122762 0.122762 0.122777
11.125 0 0 0 0 0.0400644 0.0401159 0.0401113 0.040053 0.0763754 0.0763834 0.0763848 0.0763769 0.0920042 0.0919922 0.0919916 0.092003
11.145 0 0 0 0 0.0225152 0.0225404 0.022535 0.0225023 0.0442848 0.0442931 0.0442929 0.0442869 0.0534151 0.0534079 0.0534084 0.0534163
11.165 0 0 0 0 0.00141267 0.00141016 0.00141052 0.00141108 0.00593605 0.00593672 0.00593684 0.00593604 0.0103488 0.010348 0.0103477 0.0103481
11.185 0 0 0 0 -0.0180684 -0.018095 -0.0180936 -0.0180647 -0.0322679 -0.0322759 -0.0322765 -0.0322702 -0.0351787 -0.0351725 -0.0351722 -0.035178
11.205 0 0 0 0 -0.0326251 -0.0326691 -0.0326675 -0.0326217 -0.0644499 -0.0644598 -0.0644603 -0.0644515 -0.0793853 -0.0793753 -0.0793756 -0.0793861
11.225 0 0 0 0 -0.0416857 -0.0417376 -0.0417374 -0.0416863 -0.0878604 -0.0878695 -0.0878701 -0.0878617 -0.115476 -0.115463 -0.115463 -0.115476
11.245 0 0 0 0 -0.0467777 -0.0468312 -0.0468319 -0.0467794 -0.101866 -0.101877 -0.101877 -0.101866 -0.136308 -0.136294 -0.136294 -0.136309
11.265 0 0 0 0 -0.0492318 -0.049278 -0.0492778 -0.0492271 -0.105471 -0.105484 -0.105483 -0.105472 -0.138266 -0.13825 -0.13825 -0.138265
11.285 0 0 0 0 -0.0479796 -0.0480447 -0.0480491 -0.0479787 -0.0972562 -0.0972694 -0.0972687 -0.0972577 -0.122627 -0.122612 -0.122612 -0.122626
11.305 0 0 0 0 -0.0400884 -0.040146 -0.0401471 -0.0400948 -0.0769412 -0.0769482 -0.0769474 -0.0769395 -0.0936356 -0.0936245 -0.0936256 -0.093638
11.325 0 0 0 0 -0.0243073 -0.0243464 -0.0243511 -0.0243208 -0.0465308 -0.0465343 -0.0465351 -0.0465284 -0.0561444 -0.0561364 -0.0561357 -0.0561424
11.345 0 0 0 0 -0.00377826 -0.00378141 -0.00378257 -0.0037814 -0.00982828 -0.00983029 -0.00982956 -0.00982703 -0.0137955 -0.013794 -0.013794 -0.0137958
11.365 0 0 0 0 0.0160336 0.0160611 0.0160619 0.0160359 0.0279164 0.02792 0.0279194 0.0279151 0.0307671 0.0307628 0.0307634 0.0307684
11.385 0 0 0 0 0.0312298 0.0312739 0.0312756 0.0312328 0.0611051 0.0611142 0.0611137 0.0611035 0.0742015 0.0741913 0.0741911 0.0742011
11.405 0 0 0 0 0.0411069 0.0411577 0.0411579 0.0411068 0.0858491 0.0858593 0.0858586 0.0858472 0.110932 0.11092 0.11092 0.110932
11.425 0 0 0 0 0.0468092 0.0468637 0.046863 0.046808 0.100775 0.100786 0.100785 0.100775 0.134142 0.134128 0.134127 0.134141
11.445 0 0 0 0 0.0492752 0.0493322 0.0493343 0.0492784 0.10546 0.105472 0.105472 0.105461 0.139153 0.139138 0.139138 0.139153
11.465 0 0 0 0 0.0480294 0.0481029 0.0480919 0.0480177 0.0989244 0.0989363 0.098937 0.0989233 0.126032 0.126017 0.126017 0.126033
11.485 0 0 0 0 0.0412441 0.0413045 0.0412968 0.0412407 0.080533 0.0805415 0.0805437 0.0805331 0.0987533 0.0987407 0.0987405 0.0987531
11.505 0 0 0 0 0.0272562 0.0272932 0.0272902 0.0272542 0.0516424 0.0516479 0.0516481 0.0516427 0.0622446 0.062237 0.0622375 0.062246
