0.005 0 0 0 0 -6.60675e-05 -6.62219e-05 -6.6222e-05 -6.60679e-05 -6.73852e-05 -6.73342e-05 -6.73341e-05 -6.73855e-05 -6.71994e-05 -6.72062e-05 -6.72062e-05 -6.71994e-05
0.025 0 0 0 0 -0.000541829 -0.000543356 -0.000543357 -0.000541838 -0.000658596 -0.000658263 -0.000658265 -0.000658603 -0.000651027 -0.000651017 -0.000651019 -0.000651032
0.045 0 0 0 0 -0.000747244 -0.000748579 -0.00074859 -0.000747289 -0.00125737 -0.00125762 -0.00125763 -0.0012574 -0.0013043 -0.00130407 -0.00130407 -0.00130431
0.065 0 0 0 0 -0.00035834 -0.000357732 -0.000357771 -0.000358467 -0.00121292 -0.0012139 -0.0012139 -0.00121294 -0.0015541 -0.00155372 -0.00155373 -0.00155414
0.085 0 0 0 0 -8.4411e-05 -8.36941e-05 -8.37218e-05 -8.44977e-05 -0.000757639 -0.000757774 -0.000757796 -0.000757716 -0.00149952 -0.00149944 -0.00149945 -0.00149956
0.105 0 0 0 0 -0.000170103 -0.000170731 -0.000170737 -0.000170117 -0.000412202 -0.000411346 -0.000411369 -0.000412281 -0.00107304 -0.00107326 -0.00107327 -0.00107308
0.125 0 0 0 0 -3.75069e-05 -3.74759e-05 -3.74803e-05 -3.75199e-05 -7.52584e-05 -7.54112e-05 -7.54071e-05 -7.52464e-05 -1.90177e-05 -1.89643e-05 -1.89643e-05 -1.90168e-05
0.145 0 0 0 0 -2.85676e-05 -2.85439e-05 -2.85413e-05 -2.85652e-05 0.000177473 0.000176744 0.000176738 0.000177463 0.000839073 0.000839285 0.000839282 0.000839069
0.165 0 0 0 0 9.10888e-05 9.04804e-05 9.0484e-05 9.10963e-05 0.000677831 0.00067799 0.000677985 0.000677819 0.00127678 0.00127669 0.00127669 0.00127677
0.185 0 0 0 0 0.000236004 0.000235266 0.000235268 0.000236008 0.000913982 0.00091494 0.000914938 0.000913977 0.00111746 0.00111711 0.00111711 0.00111746
0.205 0 0 0 0 0.000261578 0.000261796 0.000261797 0.000261578 0.00051347 0.000513781 0.000513782 0.000513473 0.000510324 0.000510173 0.000510173 0.000510323
0.225 0 0 0 0 0.000663883 0.000666619 0.000666618 0.000663881 0.000464234 0.000463098 0.0004631 0.000464238 0.000396182 0.000396392 0.000396393 0.000396183
0.245 0 0 0 0 0.000989236 0.00099219 0.000992188 0.000989232 0.00109544 0.00109491 0.00109491 0.00109544 0.000882579 0.000882531 0.000882532 0.00088258
0.265 0 0 0 0 0.000712884 0.000712952 0.000712967 0.000712889 0.00160236 0.00160377 0.00160377 0.00160235 0.00153667 0.00153608 0.00153608 0.00153666
0.285 0 0 0 0 0.000577261 0.000576899 0.000576904 0.0005772 0.00171253 0.00171329 0.00171329 0.00171255 0.00240042 0.00240005 0.00240005 0.00240041
0.305 0 0 0 0 0.000859618 0.000861356 0.000861349 0.000859574 0.00180932 0.00180809 0.00180806 0.00180921 0.0030891 0.00308915 0.00308911 0.00308895
0.325 0 0 0 0 0.00118986 0.00119191 0.00119186 0.00118971 0.00230402 0.00230352 0.00230349 0.0023039 0.00319484 0.00319466 0.00319463 0.00319477
0.345 0 0 0 0 0.001178 0.00117847 0.0011784 0.00117777 0.00257432 0.00257603 0.00257602 0.00257429 0.00269126 0.00269047 0.00269045 0.00269122
0.365 0 0 0 0 0.000695447 0.000695319 0.00069527 0.000695284 0.0016611 0.00166248 0.00166247 0.00166108 0.00171963 0.00171905 0.00171905 0.00171963
0.385 0 0 0 0 6.29054e-05 6.36683e-05 6.36778e-05 6.29343e-05 4.37941e-05 4.27201e-05 4.27043e-05 4.37408e-05 0.000534184 0.000534459 0.000534456 0.000534158
0.405 0 0 0 0 -0.000599587 -0.000599759 -0.000599758 -0.000599573 -0.00121173 -0.00121305 -0.00121306 -0.00121175 -0.000917565 -0.000917051 -0.000917038 -0.000917553
0.425 0 0 0 0 -0.00137078 -0.001374 -0.00137401 -0.00137079 -0.00217753 -0.0021767 -0.00217669 -0.00217751 -0.00277785 -0.00277779 -0.00277779 -0.00277784
0.445 0 0 0 0 -0.00223537 -0.00224025 -0.00224026 -0.00223538 -0.00379216 -0.00379096 -0.00379096 -0.00379214 -0.00498586 -0.00498572 -0.00498571 -0.00498586
0.465 0 0 0 0 -0.00265961 -0.00266247 -0.00266247 -0.00265962 -0.00558683 -0.00558832 -0.00558832 -0.00558683 -0.00683482 -0.00683376 -0.00683376 -0.00683483
0.485 0 0 0 0 -0.00242018 -0.0024208 -0.00242078 -0.00242013 -0.00601219 -0.00601497 -0.00601498 -0.00601223 -0.00757928 -0.00757786 -0.00757786 -0.00757928
0.505 0 0 0 0 -0.00172973 -0.00173066 -0.00173072 -0.00172998 -0.00452477 -0.0045254 -0.00452553 -0.00452516 -0.00669066 -0.00669009 -0.00669015 -0.00669083
0.525 0 0 0 0 -0.00110601 -0.00110807 -0.00110817 -0.0011063 -0.00249622 -0.00249485 -0.00249496 -0.00249652 -0.0043273 -0.00432744 -0.00432741 -0.00432732
0.545 0 0 0 0 -0.00062751 -0.000628932 -0.000629 -0.000627668 -0.000978759 -0.000978581 -0.000978556 -0.000978722 -0.00112157 -0.00112148 -0.00112148 -0.00112157
0.565 0 0 0 0 0.000105135 0.000105518 0.000105494 0.000105089 0.000655696 0.0006541 0.000654104 0.000655701 0.00212793 0.00212837 0.00212839 0.00212798
0.585 0 0 0 0 0.00108409 0.00108484 0.00108486 0.00108413 0.00286889 0.00286877 0.00286878 0.00286891 0.0045151 0.00451486 0.00451485 0.00451507
0.605 0 0 0 0 0.00216434 0.0021657 0.00216572 0.00216438 0.00489317 0.00489532 0.00489531 0.00489316 0.00585627 0.00585512 0.00585512 0.00585627
0.625 0 0 0 0 0.00287639 0.00288015 0.00288016 0.00287641 0.00556636 0.00556789 0.00556788 0.00556635 0.00635883 0.00635772 0.00635771 0.00635881
0.645 0 0 0 0 0.0027109 0.00271582 0.00271582 0.00271089 0.00489776 0.00489744 0.00489743 0.00489776 0.00613899 0.00613848 0.00613848 0.00613899
0.665 0 0 0 0 0.00197199 0.00197505 0.00197504 0.00197198 0.00395655 0.00395625 0.00395625 0.00395655 0.00540003 0.00539967 0.00539967 0.00540003
0.685 0 0 0 0 0.0016784 0.00168028 0.00168027 0.00167839 0.00359055 0.00359111 0.00359111 0.00359055 0.00466854 0.00466799 0.00466799 0.00466855
0.705 0 0 0 0 0.00176528 0.00176774 0.0017677 0.00176508 0.00335096 0.00335148 0.00335139 0.00335071 0.00391802 0.00391739 0.00391738 0.00391796
0.725 0 0 0 0 0.000925663 0.00092644 0.000926473 0.000925639 0.00196458 0.00196535 0.00196531 0.0019645 0.00228051 0.00228004 0.00228003 0.00228048
0.745 0 0 0 0 -0.000525719 -0.000527578 -0.000527551 -0.000525645 -0.000397768 -0.000397395 -0.000397388 -0.000397764 -9.74307e-05 -9.74363e-05 -9.74228e-05 -9.74055e-05
0.765 0 0 0 0 -0.00127988 -0.00128142 -0.00128142 -0.00127988 -0.0023899 -0.00239106 -0.00239103 -0.00238987 -0.00237987 -0.00237924 -0.00237924 -0.00237988
0.785 0 0 0 0 -0.00158916 -0.00159039 -0.00159041 -0.00158922 -0.00358651 -0.00358764 -0.00358764 -0.0035865 -0.00452727 -0.00452656 -0.00452656 -0.00452727
0.805 0 0 0 0 -0.00214359 -0.00214675 -0.00214677 -0.00214363 -0.00451903 -0.00451852 -0.00451853 -0.00451903 -0.00644908 -0.00644873 -0.00644874 -0.00644909
0.825 0 0 0 0 -0.00258102 -0.00258465 -0.00258465 -0.00258102 -0.00538896 -0.00538884 -0.00538884 -0.00538897 -0.00738659 -0.00738603 -0.00738603 -0.0073866
0.845 0 0 0 0 -0.00246147 -0.00246329 -0.00246328 -0.00246146 -0.00556643 -0.00556838 -0.00556838 -0.00556644 -0.00692345 -0.00692228 -0.00692228 -0.00692345
0.865 0 0 0 0 -0.00161476 -0.00161509 -0.00161508 -0.00161475 -0.00401192 -0.0040139 -0.0040139 -0.00401191 -0.00498886 -0.00498788 -0.00498788 -0.00498886
0.885 0 0 0 0 -0.00050131 -0.000502062 -0.00050206 -0.000501306 -0.00119994 -0.00119939 -0.00119939 -0.00119994 -0.00206464 -0.00206468 -0.00206468 -0.00206463
0.905 0 0 0 0 0.000287299 0.000286056 0.000286054 0.000287294 0.00113203 0.00113391 0.00113391 0.00113203 0.00101931 0.00101866 0.00101867 0.00101931
0.925 0 0 0 0 -0.000163958 -0.000166851 -0.000166852 -0.000163961 0.00121959 0.00122066 0.00122066 0.00121959 0.00251549 0.00251516 0.00251516 0.00251549
0.945 0 0 0 0 -0.000117771 -0.000118778 -0.000118779 -0.000117773 0.0008459 0.000844595 0.000844594 0.000845898 0.00284055 0.00284093 0.00284093 0.00284055
0.965 0 0 0 0 0.00137143 0.00137535 0.00137535 0.00137143 0.00202979 0.00202804 0.00202804 0.00202979 0.00293006 0.00293028 0.00293028 0.00293006
0.985 0 0 0 0 0.00260092 0.00260595 0.00260595 0.00260092 0.00380694 0.00380837 0.00380837 0.00380694 0.00294245 0.00294146 0.00294146 0.00294245
1.005 0 0 0 0 0.00278755 0.00279166 0.00279166 0.00278755 0.00458851 0.00459119 0.00459119 0.00458851 0.00369851 0.0036971 0.0036971 0.00369852
1.025 0 0 0 0 0.00168172 0.00168388 0.00168389 0.00168172 0.00352784 0.00352809 0.0035281 0.00352784 0.00467477 0.0046743 0.0046743 0.00467476
1.045 0 0 0 0 0.000266952 0.000266206 0.000266205 0.000266952 0.00198716 0.00198561 0.00198561 0.00198716 0.00481534 0.00481569 0.00481569 0.00481534
1.065 0 0 0 0 -0.000525569 -0.000529114 -0.000529113 -0.000525567 0.00095167 0.00095174 0.000951737 0.000951658 0.00312108 0.00312112 0.00312113 0.00312109
1.085 0 0 0 0 -1.08232e-05 -1.20636e-05 -1.20701e-05 -1.0837e-05 0.000417854 0.000419076 0.00041909 0.000417893 0.000330873 0.000330519 0.000330495 0.000330843
1.105 0 0 0 0 0.000409545 0.00041223 0.000412228 0.000409543 -0.000782944 -0.0007827 -0.000782708 -0.000782963 -0.0026905 -0.00269064 -0.00269066 -0.00269056
1.125 0 0 0 0 -0.000931268 -0.000930633 -0.000930631 -0.000931263 -0.00325365 -0.00325397 -0.00325398 -0.00325368 -0.00544458 -0.00544425 -0.00544427 -0.00544463
1.145 0 0 0 0 -0.00253263 -0.00253564 -0.00253564 -0.00253263 -0.00527315 -0.00527421 -0.00527422 -0.00527316 -0.0065804 -0.00657949 -0.0065795 -0.00658041
1.165 0 0 0 0 -0.0025163 -0.00251891 -0.00251891 -0.0025163 -0.00507927 -0.00508141 -0.00508141 -0.00507926 -0.0056104 -0.00560918 -0.00560918 -0.0056104
1.185 0 0 0 0 -0.00110206 -0.00110241 -0.00110241 -0.00110206 -0.00264333 -0.00264452 -0.00264452 -0.00264332 -0.00329099 -0.00329037 -0.00329037 -0.00329098
1.205 0 0 0 0 -0.000950838 -0.000954584 -0.000954585 -0.000950839 -0.00107194 -0.00106948 -0.00106948 -0.00107194 -0.00194127 -0.00194181 -0.00194181 -0.00194127
1.225 0 0 0 0 -0.00208127 -0.00208851 -0.00208851 -0.00208127 -0.0021176 -0.00211508 -0.00211508 -0.0021176 -0.00216821 -0.00216853 -0.00216852 -0.0021682
1.245 0 0 0 0 -0.00144011 -0.00144056 -0.00144053 -0.00144006 -0.00287686 -0.00288019 -0.0028802 -0.00287688 -0.00203219 -0.00203087 -0.00203087 -0.00203219
1.265 0 0 0 0 0.000113872 0.00011835 0.000118344 0.000113839 -0.00150541 -0.00150914 -0.00150913 -0.00150538 -0.00166164 -0.00166051 -0.00166052 -0.00166166
1.285 0 0 0 0 0.000785922 0.000786567 0.000786551 0.00078589 0.000840237 0.000843106 0.00084311 0.000840245 -0.0010942 -0.00109521 -0.0010952 -0.00109419
1.305 0 0 0 0 0.00109054 0.00109025 0.00109025 0.00109053 0.00213921 0.00214296 0.00214296 0.00213922 0.000809556 0.000808195 0.000808189 0.000809544
1.325 0 0 0 0 0.00105476 0.00105765 0.00105765 0.00105476 0.00190905 0.00190713 0.00190713 0.00190907 0.00334275 0.00334307 0.00334307 0.00334273
1.345 0 0 0 0 0.000364589 0.000365213 0.000365216 0.000364598 0.00170008 0.00169739 0.00169738 0.00170007 0.00458537 0.00458606 0.00458605 0.00458537
1.365 0 0 0 0 0.000824953 0.000823373 0.000823375 0.000824957 0.00315193 0.00315332 0.00315332 0.00315191 0.0048565 0.00485586 0.00485586 0.0048565
1.385 0 0 0 0 0.00290902 0.00291305 0.00291305 0.00290902 0.00524437 0.00524653 0.00524652 0.00524436 0.00522466 0.00522337 0.00522337 0.00522467
1.405 0 0 0 0 0.00324707 0.00325354 0.00325354 0.00324707 0.00499456 0.00499547 0.00499547 0.00499456 0.00467339 0.0046724 0.0046724 0.00467339
1.425 0 0 0 0 0.0010023 0.00100308 0.00100308 0.0010023 0.00230586 0.00230645 0.00230645 0.00230586 0.00302175 0.00302134 0.00302134 0.00302176
1.445 0 0 0 0 -0.00136606 -0.00137057 -0.00137057 -0.00136606 -0.000848212 -0.000848414 -0.000848413 -0.000848209 0.000780538 0.000780863 0.000780863 0.000780539
1.465 0 0 0 0 -0.0022695 -0.00227412 -0.00227412 -0.0022695 -0.00318436 -0.00318563 -0.00318563 -0.00318437 -0.00223786 -0.002237 -0.002237 -0.00223786
1.485 0 0 0 0 -0.000787199 -0.000785351 -0.000785351 -0.000787197 -0.00306217 -0.00306415 -0.00306415 -0.00306217 -0.00440226 -0.00440145 -0.00440145 -0.00440227
1.505 0 0 0 0 0.000944432 0.000950381 0.000950381 0.000944432 -0.00133915 -0.0013394 -0.0013394 -0.00133915 -0.00470777 -0.00470782 -0.00470782 -0.00470777
1.525 0 0 0 0 0.000383736 0.000384928 0.000384928 0.000383733 -0.000641329 -0.000638937 -0.000638937 -0.000641328 -0.00343461 -0.00343537 -0.00343537 -0.00343461
1.545 0 0 0 0 -0.000107541 -0.000107841 -0.000107841 -0.00010754 -2.74636e-06 -3.12922e-06 -3.12911e-06 -2.74599e-06 0.000410687 0.000410824 0.000410825 0.000410687
1.565 0 0 0 0 0.000764095 0.000766179 0.00076618 0.000764097 0.00218039 0.00217701 0.00217701 0.00218039 0.00526564 0.00526644 0.00526644 0.00526564
1.585 0 0 0 0 0.00111571 0.00111368 0.00111368 0.00111572 0.00453965 0.00454099 0.00454099 0.00453965 0.00744464 0.00744391 0.00744391 0.00744464
1.605 0 0 0 0 -0.000149459 -0.000158157 -0.000158158 -0.000149462 0.00354997 0.00355628 0.00355628 0.00354997 0.00500506 0.00500311 0.00500311 0.00500506
1.625 0 0 0 0 -0.000975416 -0.00097902 -0.000979067 -0.000975548 -0.000689933 -0.000689271 -0.000689237 -0.00068984 -3.83158e-05 -3.83135e-05 -3.83135e-05 -3.83173e-05
1.645 0 0 0 0 -1.9281e-06 6.48976e-06 6.46742e-06 -1.96532e-06 -0.00357011 -0.0035772 -0.00357718 -0.00357008 -0.00433372 -0.00433151 -0.00433152 -0.00433374
1.665 0 0 0 0 0.00169267 0.00170382 0.00170383 0.0016927 -0.00169283 -0.00169629 -0.00169629 -0.00169285 -0.00521909 -0.00521831 -0.00521831 -0.0052191
1.685 0 0 0 0 0.00237251 0.00237666 0.00237668 0.00237253 0.00238161 0.00238671 0.0023867 0.00238159 -0.0018073 -0.00180929 -0.00180929 -0.0018073
1.705 0 0 0 0 5.56589e-05 4.98379e-05 4.98682e-05 5.57351e-05 0.00245411 0.00245953 0.00245948 0.00245398 0.00255509 0.00255342 0.00255345 0.00255518
1.725 0 0 0 0 -0.00314809 -0.00315831 -0.0031583 -0.00314808 -0.00126422 -0.00126665 -0.00126668 -0.00126427 0.00437662 0.00437792 0.00437795 0.00437668
1.745 0 0 0 0 -0.00385581 -0.00386415 -0.00386416 -0.00385581 -0.00367447 -0.00368005 -0.00368006 -0.00367452 0.0019305 0.0019329 0.00193292 0.00193052
1.765 0 0 0 0 -0.00135935 -0.00136173 -0.00136176 -0.00135941 -0.00258318 -0.00258291 -0.00258281 -0.00258295 -0.00337042 -0.00337012 -0.00337003 -0.00337026
1.785 0 0 0 0 0.00200438 0.00201157 0.00201156 0.00200436 -0.000658506 -0.000654519 -0.000654534 -0.00065854 -0.00739225 -0.00739376 -0.00739376 -0.00739224
1.805 0 0 0 0 0.00294911 0.00296209 0.0029621 0.00294912 -0.000507758 -0.000507688 -0.000507744 -0.00050788 -0.00679528 -0.00679583 -0.00679587 -0.00679537
1.825 0 0 0 0 0.00118497 0.00119249 0.00119251 0.00118498 -0.000421391 -0.00042529 -0.000425394 -0.000421597 -0.00116658 -0.00116568 -0.00116581 -0.00116674
1.845 0 0 0 0 -0.000820182 -0.000825479 -0.000825423 -0.000820077 0.00183018 0.00182906 0.00182898 0.00183002 0.00627897 0.00627929 0.00627921 0.00627876
1.865 0 0 0 0 -0.00102253 -0.00103501 -0.00103498 -0.00102248 0.00470454 0.00470818 0.00470818 0.00470453 0.0106764 0.0106754 0.0106753 0.0106764
1.885 0 0 0 0 0.000704583 0.00069875 0.000698743 0.000704569 0.00543832 0.00544117 0.0054412 0.0054384 0.00949924 0.00949812 0.00949812 0.00949923
1.905 0 0 0 0 0.00298406 0.0029916 0.00299157 0.00298402 0.00416123 0.00415999 0.00416005 0.00416136 0.00448267 0.00448242 0.00448241 0.00448266
1.925 0 0 0 0 0.00384535 0.00385852 0.00385847 0.00384524 0.00268756 0.00268606 0.00268597 0.00268733 -0.00043235 -0.00043266 -0.000432646 -0.000432324
1.945 0 0 0 0 0.00246734 0.00247481 0.00247485 0.00246738 0.00147469 0.00147628 0.00147615 0.00147444 -0.00219872 -0.00219969 -0.00219972 -0.00219877
1.965 0 0 0 0 1.03173e-05 9.68313e-06 9.70319e-06 1.03687e-05 4.66363e-05 4.78031e-05 4.77447e-05 4.6514e-05 -0.000549248 -0.000549583 -0.000549548 -0.000549169
1.985 0 0 0 0 -0.00232497 -0.00233154 -0.0023315 -0.00232489 -0.00168682 -0.00168841 -0.00168838 -0.00168677 0.0014183 0.00141922 0.0014192 0.00141828
2.005 0 0 0 0 -0.00353598 -0.00354604 -0.00354605 -0.00353599 -0.00303986 -0.00304111 -0.00304109 -0.00303982 0.000475665 0.000476757 0.000476792 0.000475742
2.025 0 0 0 0 -0.0023671 -0.00237296 -0.00237296 -0.0023671 -0.00319828 -0.00319785 -0.00319782 -0.00319823 -0.00297715 -0.00297678 -0.00297681 -0.00297721
2.045 0 0 0 0 0.000207348 0.000211726 0.000211705 0.000207307 -0.00259208 -0.00259213 -0.00259214 -0.00259211 -0.00624884 -0.00624878 -0.00624875 -0.0062488
2.065 0 0 0 0 0.00108576 0.0010939 0.0010939 0.00108577 -0.00242164 -0.00242217 -0.00242216 -0.00242164 -0.00728124 -0.00728122 -0.00728124 -0.00728129
2.085 0 0 0 0 -0.00120939 -0.00120997 -0.00120998 -0.0012094 -0.00350096 -0.00350031 -0.00350032 -0.00350098 -0.00601409 -0.00601398 -0.00601396 -0.00601406
2.105 0 0 0 0 -0.00627347 -0.00629074 -0.00629073 -0.00627344 -0.00745375 -0.00745174 -0.00745173 -0.00745373 -0.00606811 -0.00606741 -0.00606742 -0.00606814
2.125 0 0 0 0 -0.00899936 -0.00902029 -0.00902026 -0.00899929 -0.0118158 -0.0118176 -0.0118176 -0.0118158 -0.00876089 -0.00875845 -0.00875843 -0.00876086
2.145 0 0 0 0 -0.00591499 -0.0059206 -0.00592121 -0.00591644 -0.0118906 -0.0118972 -0.0118971 -0.0118905 -0.0122607 -0.0122574 -0.0122575 -0.0122609
2.165 0 0 0 0 -0.000710479 -0.000702538 -0.000702953 -0.000711655 -0.00740477 -0.0074072 -0.0074073 -0.00740497 -0.0141544 -0.0141533 -0.0141533 -0.0141544
2.185 0 0 0 0 0.00322395 0.00323666 0.00323678 0.00322402 -0.000852656 -0.000849194 -0.000849256 -0.000853292 -0.00991074 -0.00991244 -0.00991265 -0.00991165
2.205 0 0 0 0 0.00421389 0.0042244 0.00422448 0.00421402 0.00457437 0.00457628 0.00457621 0.00457397 0.00134059 0.00133923 0.00133935 0.00134063
2.225 0 0 0 0 0.00224065 0.0022403 0.0022403 0.00224068 0.00780776 0.00780642 0.00780629 0.00780744 0.0141117 0.0141115 0.0141115 0.0141118
2.245 0 0 0 0 -0.000138916 -0.000152797 -0.000152849 -0.00013902 0.00939216 0.0093933 0.00939319 0.00939195 0.0209188 0.0209183 0.0209184 0.0209191
2.265 0 0 0 0 0.00128165 0.00127131 0.00127129 0.00128159 0.010335 0.0103382 0.0103382 0.010335 0.0193014 0.0193 0.0193 0.0193015
2.285 0 0 0 0 0.00633105 0.00634273 0.00634274 0.00633108 0.0108071 0.0108074 0.0108074 0.0108069 0.0122853 0.0122836 0.0122835 0.0122851
2.305 0 0 0 0 0.0104616 0.010491 0.010491 0.0104616 0.0111471 0.0111459 0.0111459 0.0111471 0.00609256 0.00609079 0.00609068 0.00609239
2.325 0 0 0 0 0.0101629 0.010189 0.0101889 0.0101625 0.0114986 0.0115 0.0115 0.0114985 0.0060265 0.00602399 0.00602398 0.00602648
2.345 0 0 0 0 0.00498182 0.00498704 0.00498692 0.00498121 0.00986057 0.00986454 0.00986472 0.00986093 0.0108591 0.0108568 0.0108566 0.0108589
2.365 0 0 0 0 -0.00117954 -0.00119341 -0.00119363 -0.00118034 0.00579681 0.00579798 0.00579791 0.00579668 0.0147255 0.0147251 0.0147252 0.0147255
2.385 0 0 0 0 -0.00312393 -0.00313866 -0.00313874 -0.0031243 0.00227985 0.00227617 0.0022761 0.00227904 0.0127103 0.012711 0.0127107 0.0127091
2.405 0 0 0 0 -0.000794297 -0.000797829 -0.000797928 -0.000794564 0.000652103 0.000650431 0.000650388 0.000651689 0.00369555 0.00369589 0.00369597 0.00369552
2.425 0 0 0 0 0.00151531 0.0015218 0.00152177 0.00151526 -0.00151201 -0.00150841 -0.00150854 -0.00151236 -0.00828262 -0.00828393 -0.00828393 -0.00828256
2.445 0 0 0 0 -0.000697056 -0.000691246 -0.000691252 -0.000697062 -0.00774437 -0.00774109 -0.00774121 -0.00774458 -0.0179835 -0.0179841 -0.017984 -0.0179834
2.465 0 0 0 0 -0.00711077 -0.00711631 -0.00711629 -0.00711075 -0.0167357 -0.0167391 -0.016739 -0.0167357 -0.0226604 -0.0226576 -0.0226575 -0.0226602
2.485 0 0 0 0 -0.0122689 -0.0122864 -0.0122864 -0.0122689 -0.0221037 -0.0221117 -0.0221117 -0.0221037 -0.0226358 -0.0226307 -0.0226307 -0.0226358
2.505 0 0 0 0 -0.0126775 -0.0127004 -0.0127004 -0.0126775 -0.0208738 -0.0208777 -0.0208777 -0.0208737 -0.02119 -0.021186 -0.021186 -0.02119
2.525 0 0 0 0 -0.00842095 -0.00843623 -0.00843623 -0.00842092 -0.0153444 -0.015343 -0.015343 -0.0153444 -0.0196018 -0.0196004 -0.0196004 -0.0196018
2.545 0 0 0 0 -0.00329395 -0.0032949 -0.00329526 -0.00329527 -0.00997731 -0.00997633 -0.00997639 -0.00997742 -0.0169238 -0.0169233 -0.0169233 -0.0169239
2.565 0 0 0 0 -0.00144162 -0.00143762 -0.00143785 -0.0014423 -0.00693025 -0.00693166 -0.00693169 -0.00693026 -0.012266 -0.0122651 -0.0122651 -0.012266
2.585 0 0 0 0 -0.00121255 -0.00121206 -0.001212 -0.00121263 -0.00339257 -0.00339468 -0.00339443 -0.00339212 -0.00420536 -0.00420444 -0.00420451 -0.00420553
2.605 0 0 0 0 0.00111668 0.00111731 0.00111738 0.00111675 0.0035631 0.00356149 0.00356151 0.00356302 0.00680627 0.00680647 0.00680651 0.00680633
2.625 0 0 0 0 0.00542376 0.00542894 0.00542895 0.00542376 0.0125396 0.0125409 0.0125408 0.0125394 0.0174136 0.0174119 0.0174118 0.0174135
2.645 0 0 0 0 0.0090485 0.00905762 0.00905756 0.00904838 0.0195077 0.0195125 0.0195124 0.0195074 0.024493 0.0244895 0.0244895 0.0244931
2.665 0 0 0 0 0.0106052 0.0106176 0.0106176 0.0106052 0.022003 0.0220075 0.0220075 0.022003 0.027403 0.0273991 0.0273991 0.0274029
2.685 0 0 0 0 0.00986644 0.00987969 0.00987969 0.00986642 0.0202242 0.0202258 0.0202259 0.0202243 0.0263066 0.0263038 0.0263039 0.0263067
2.705 0 0 0 0 0.00683232 0.00683967 0.00683968 0.00683242 0.0152136 0.0152151 0.0152151 0.0152137 0.0207874 0.0207854 0.0207854 0.0207874
2.725 0 0 0 0 0.00370012 0.00370255 0.00370254 0.00370013 0.00893782 0.0089396 0.0089396 0.00893784 0.0123309 0.0123295 0.0123295 0.012331
2.745 0 0 0 0 0.00229777 0.00230317 0.00230321 0.00229763 0.00334259 0.00334177 0.00334177 0.00334259 0.00365765 0.00365739 0.00365738 0.00365762
2.765 0 0 0 0 0.000916838 0.000923496 0.000923652 0.000917061 -0.00135558 -0.00135731 -0.00135732 -0.00135561 -0.00390812 -0.00390773 -0.00390772 -0.00390811
2.785 0 0 0 0 -0.00176335 -0.00176343 -0.0017634 -0.00176324 -0.00548948 -0.00548913 -0.00548914 -0.0054895 -0.00929955 -0.0092992 -0.00929922 -0.00929958
2.805 0 0 0 0 -0.00608654 -0.00609827 -0.00609831 -0.00608663 -0.0107212 -0.0107199 -0.0107199 -0.0107213 -0.0135014 -0.0135005 -0.0135005 -0.0135014
2.825 0 0 0 0 -0.0107218 -0.0107426 -0.0107426 -0.0107219 -0.0174325 -0.0174337 -0.0174337 -0.0174325 -0.0185701 -0.0185674 -0.0185674 -0.0185702
2.845 0 0 0 0 -0.0134039 -0.0134263 -0.0134263 -0.0134039 -0.0234098 -0.0234142 -0.0234142 -0.0234098 -0.0253757 -0.0253714 -0.0253714 -0.0253757
2.865 0 0 0 0 -0.0123092 -0.0123242 -0.0123241 -0.0123091 -0.025334 -0.0253389 -0.0253389 -0.025334 -0.0314955 -0.0314911 -0.0314911 -0.0314955
2.885 0 0 0 0 -0.00648754 -0.00648517 -0.00648518 -0.00648752 -0.0200738 -0.0200785 -0.0200785 -0.0200737 -0.0306645 -0.0306614 -0.0306614 -0.0306645
2.905 0 0 0 0 -0.000863036 -0.000852328 -0.000852863 -0.000865642 -0.010259 -0.0102607 -0.0102607 -0.0102593 -0.0208076 -0.0208067 -0.0208068 -0.0208078
2.925 0 0 0 0 7.81e-05 7.88324e-05 7.92348e-05 7.88451e-05 -0.00136007 -0.00135666 -0.00135646 -0.00136027 -0.0051287 -0.00512964 -0.00512946 -0.00512841
2.945 0 0 0 0 -0.00123623 -0.00124873 -0.00124848 -0.00123539 0.00444914 0.00445198 0.00445193 0.00444879 0.0109061 0.0109054 0.0109055 0.0109062
2.965 0 0 0 0 0.00102289 0.00101489 0.00101492 0.00102292 0.0101077 0.0101048 0.0101047 0.0101074 0.0224885 0.0224889 0.0224888 0.0224884
2.985 0 0 0 0 0.00839319 0.00840432 0.00840424 0.00839295 0.0187308 0.0187283 0.0187282 0.0187306 0.0278552 0.0278539 0.0278539 0.0278552
3.005 0 0 0 0 0.015486 0.015511 0.015511 0.0154858 0.0269881 0.0269947 0.0269947 0.0269881 0.028324 0.0283185 0.0283185 0.0283239
3.025 0 0 0 0 0.0170271 0.0170542 0.0170542 0.0170271 0.0288101 0.0288204 0.0288205 0.0288102 0.0276098 0.0276029 0.0276029 0.0276098
3.045 0 0 0 0 0.0127336 0.0127544 0.0127545 0.0127337 0.0233434 0.0233455 0.0233454 0.0233439 0.0277172 0.0277137 0.0277137 0.0277172
3.065 0 0 0 0 0.00487493 0.00487705 0.00487699 0.00487383 0.01429 0.0142865 0.0142865 0.0142899 0.0248989 0.0248986 0.0248986 0.0248989
3.085 0 0 0 0 -0.00255603 -0.00257456 -0.00257444 -0.0025563 0.00460605 0.00460787 0.00460782 0.00460569 0.0143419 0.0143417 0.0143417 0.0143419
3.105 0 0 0 0 -0.00412526 -0.00413899 -0.00413877 -0.00412481 -0.00362248 -0.00361995 -0.00361969 -0.00362229 -0.00170744 -0.00170744 -0.00170756 -0.00170773
3.125 0 0 0 0 -0.00097423 -0.000963105 -0.000963152 -0.00097435 -0.00939455 -0.00939956 -0.00939967 -0.00939494 -0.0169333 -0.0169315 -0.0169317 -0.0169336
3.145 0 0 0 0 -0.000266594 -0.000247847 -0.00024796 -0.000266822 -0.012782 -0.012787 -0.0127871 -0.0127822 -0.0258913 -0.0258896 -0.0258898 -0.0258918
3.165 0 0 0 0 -0.00551996 -0.0055234 -0.00552353 -0.00552024 -0.0156735 -0.0156708 -0.0156709 -0.0156736 -0.0264986 -0.0264979 -0.0264979 -0.0264985
3.185 0 0 0 0 -0.0130101 -0.0130389 -0.0130389 -0.0130101 -0.0199829 -0.0199806 -0.0199805 -0.0199828 -0.0218592 -0.021857 -0.0218571 -0.0218593
3.205 0 0 0 0 -0.0173326 -0.0173692 -0.0173691 -0.0173326 -0.0243584 -0.0243646 -0.0243645 -0.0243584 -0.0191376 -0.0191321 -0.019132 -0.0191375
3.225 0 0 0 0 -0.0151725 -0.0151991 -0.015199 -0.0151722 -0.0242523 -0.0242603 -0.0242603 -0.0242523 -0.0219966 -0.0219909 -0.0219909 -0.0219966
3.245 0 0 0 0 -0.00740771 -0.00741373 -0.00741338 -0.00740654 -0.0180978 -0.01