0.005 0 0 0 0 -5.99911e-06 -2.07604e-06 1.74493e-06 5.66877e-06 -1.30256e-06 -5.38103e-07 2.01433e-07 9.65635e-07 1.45716e-05 4.51763e-06 -4.85367e-06 -1.49076e-05
0.025 0 0 0 0 -1.23256e-05 -8.4222e-06 -4.60126e-06 -6.57766e-07 -8.40716e-06 -7.63723e-06 -6.89771e-06 -6.13903e-06 7.53381e-06 -2.52055e-06 -1.18919e-05 -2.19455e-05
0.045 0 0 0 0 -2.58077e-05 -2.19359e-05 -1.81151e-05 -1.41404e-05 -2.78247e-05 -2.70527e-05 -2.63133e-05 -2.55569e-05 -1.20326e-05 -2.20848e-05 -3.14561e-05 -4.15121e-05
0.065 0 0 0 0 -3.76299e-05 -3.37662e-05 -2.99458e-05 -2.59643e-05 -5.38488e-05 -5.30904e-05 -5.23511e-05 -5.15815e-05 -4.14998e-05 -5.15452e-05 -6.09167e-05 -7.09796e-05
0.085 0 0 0 0 -4.13513e-05 -3.74697e-05 -3.365e-05 -2.96879e-05 -7.37145e-05 -7.29697e-05 -7.22307e-05 -7.14481e-05 -7.24364e-05 -8.24767e-05 -9.18485e-05 -0.000101917
0.105 0 0 0 0 -4.36463e-05 -3.97644e-05 -3.5945e-05 -3.19838e-05 -8.50179e-05 -8.42637e-05 -8.35253e-05 -8.27534e-05 -9.89325e-05 -0.000108975 -0.000118347 -0.000128414
0.125 0 0 0 0 -4.62345e-05 -4.2362e-05 -3.85426e-05 -3.45721e-05 -9.00816e-05 -8.93179e-05 -8.85797e-05 -8.78179e-05 -0.000110619 -0.000120663 -0.000130035 -0.0001401
0.145 0 0 0 0 -4.64568e-05 -4.25802e-05 -3.87608e-05 -3.47944e-05 -8.89864e-05 -8.82346e-05 -8.74964e-05 -8.67227e-05 -0.000101479 -0.000111521 -0.000120893 -0.000130961
0.165 0 0 0 0 -4.63021e-05 -4.24324e-05 -3.8613e-05 -3.46397e-05 -8.08394e-05 -8.00943e-05 -7.93561e-05 -7.85757e-05 -7.97319e-05 -8.97715e-05 -9.91435e-05 -0.000109214
0.185 0 0 0 0 -4.28679e-05 -3.90132e-05 -3.51938e-05 -3.12055e-05 -6.39575e-05 -6.31994e-05 -6.24612e-05 -6.16937e-05 -5.48201e-05 -6.48646e-05 -7.42366e-05 -8.43019e-05
0.205 0 0 0 0 -3.77769e-05 -3.39289e-05 -3.01095e-05 -2.61145e-05 -4.89216e-05 -4.81487e-05 -4.74105e-05 -4.66579e-05 -3.82229e-05 -4.82732e-05 -5.76452e-05 -6.77048e-05
0.225 0 0 0 0 -2.91347e-05 -2.52573e-05 -2.14379e-05 -1.74723e-05 -4.04401e-05 -3.96765e-05 -3.89383e-05 -3.81764e-05 -3.03986e-05 -4.04478e-05 -4.98198e-05 -5.98804e-05
0.245 0 0 0 0 -1.1956e-05 -8.01576e-06 -4.19636e-06 -2.93576e-07 -2.55968e-05 -2.48541e-05 -2.41158e-05 -2.33331e-05 -1.83439e-05 -2.83904e-05 -3.77624e-05 -4.78258e-05
0.265 0 0 0 0 5.75765e-06 9.72984e-06 1.35496e-05 1.74209e-05 2.20516e-06 2.95803e-06 3.69615e-06 4.46862e-06 5.72997e-06 -4.32334e-06 -1.36954e-05 -2.37519e-05
0.285 0 0 0 0 1.78657e-05 2.18279e-05 2.56469e-05 2.95267e-05 3.57799e-05 3.65597e-05 3.72979e-05 3.80437e-05 4.48748e-05 3.48104e-05 2.54382e-05 1.53926e-05
0.305 0 0 0 0 3.18382e-05 3.58139e-05 3.96322e-05 4.34966e-05 7.05538e-05 7.13265e-05 7.2064e-05 7.28156e-05 0.000100509 9.0442e-05 8.10696e-05 7.10254e-05
0.325 0 0 0 0 5.25554e-05 5.65734e-05 6.03912e-05 6.42121e-05 0.000111147 0.000111898 0.000112634 0.000113406 0.000164316 0.000154249 0.000144877 0.000134831
0.345 0 0 0 0 7.68566e-05 8.09e-05 8.4717e-05 8.85103e-05 0.000161113 0.000161877 0.000162614 0.000163371 0.000223918 0.000213842 0.000204469 0.000194433
0.365 0 0 0 0 9.62419e-05 0.000100286 0.000104102 0.000107892 0.000205526 0.000206326 0.000207063 0.000207783 0.00026864 0.000258548 0.000249174 0.000239154
0.385 0 0 0 0 0.000103925 0.000107975 0.000111791 0.000115573 0.000222774 0.000223578 0.000224314 0.000225031 0.000291528 0.000281433 0.00027206 0.000262042
0.405 0 0 0 0 9.86202e-05 0.000102681 0.000106497 0.000110269 0.000210085 0.000210858 0.000211594 0.000212341 0.000288214 0.000278129 0.000268755 0.000258727
0.425 0 0 0 0 7.89869e-05 8.3014e-05 8.68296e-05 9.06357e-05 0.000176354 0.000177122 0.000177858 0.00017861 0.00025179 0.000241711 0.000232337 0.000222303
0.445 0 0 0 0 4.28548e-05 4.67958e-05 5.06114e-05 5.45036e-05 0.000118013 0.000118807 0.000119542 0.000120268 0.000174408 0.000164329 0.000154955 0.000144921
0.465 0 0 0 0 -6.97715e-06 -3.11694e-06 6.98693e-07 4.6717e-06 2.34717e-05 2.42645e-05 2.50003e-05 2.57275e-05 5.51567e-05 4.50891e-05 3.57154e-05 2.56696e-05
0.485 0 0 0 0 -5.86244e-05 -5.47949e-05 -5.09792e-05 -4.69754e-05 -9.55584e-05 -9.48143e-05 -9.40785e-05 -9.33027e-05 -9.11118e-05 -0.000101153 -0.000110526 -0.000120599
0.505 0 0 0 0 -0.000100622 -9.68066e-05 -9.29936e-05 -8.89824e-05 -0.000203388 -0.000202681 -0.000201946 -0.000201134 -0.000236648 -0.000246668 -0.000256042 -0.000266136
0.525 0 0 0 0 -0.000128723 -0.000124939 -0.000121127 -0.000117088 -0.000273255 -0.000272536 -0.000271802 -0.000271006 -0.000348832 -0.00035885 -0.000368225 -0.000378324
0.545 0 0 0 0 -0.000146013 -0.000142266 -0.000138455 -0.000134379 -0.000307226 -0.000306487 -0.000305754 -0.000304981 -0.000403943 -0.000413962 -0.000423337 -0.000433436
0.565 0 0 0 0 -0.000151779 -0.000148042 -0.00014423 -0.000140145 -0.000311374 -0.000310652 -0.000309919 -0.000309128 -0.000393176 -0.000403189 -0.000412564 -0.000422669
0.585 0 0 0 0 -0.000140186 -0.000136435 -0.000132623 -0.000128551 -0.000276774 -0.000276075 -0.000275342 -0.000274529 -0.000325015 -0.000335025 -0.0003444 -0.000354508
0.605 0 0 0 0 -0.00010771 -0.000103941 -0.00010013 -9.60758e-05 -0.000197886 -0.000197164 -0.000196431 -0.000195641 -0.00021992 -0.000229944 -0.00023932 -0.000249413
0.625 0 0 0 0 -5.62204e-05 -5.2402e-05 -4.85905e-05 -4.45863e-05 -9.07413e-05 -8.99772e-05 -8.92443e-05 -8.84957e-05 -9.65935e-05 -0.000106642 -0.000116018 -0.000126087
0.645 0 0 0 0 1.21102e-06 5.12167e-06 8.93315e-06 1.28451e-05 1.53842e-05 1.61589e-05 1.68918e-05 1.76298e-05 2.9544e-05 1.94792e-05 1.01038e-05 5.09915e-08
0.665 0 0 0 0 4.83238e-05 5.23181e-05 5.61296e-05 5.99579e-05 0.000103607 0.000104372 0.000105104 0.000105852 0.000145547 0.000135474 0.000126099 0.000116054
0.685 0 0 0 0 8.36151e-05 8.76548e-05 9.14663e-05 9.52493e-05 0.000178093 0.000178861 0.000179593 0.000180338 0.00024591 0.000235828 0.000226453 0.000216417
0.705 0 0 0 0 0.000118106 0.000122189 0.000126 0.00012974 0.000247995 0.000248776 0.000249508 0.00025024 0.000332077 0.000321983 0.000312608 0.000302584
0.725 0 0 0 0 0.000146964 0.000151084 0.000154894 0.000158594 0.000303451 0.000304244 0.000304977 0.000305694 0.000395827 0.000385722 0.000376346 0.000366332
0.745 0 0 0 0 0.000151016 0.000155123 0.000158932 0.000162643 0.000319915 0.000320722 0.000321454 0.000322158 0.000418375 0.000408265 0.000398889 0.00038888
0.765 0 0 0 0 0.000131465 0.000135533 0.000139343 0.000143093 0.000290609 0.000291408 0.00029214 0.000292851 0.000393105 0.000383001 0.000373625 0.00036361
0.785 0 0 0 0 0.000102702 0.000106745 0.000110555 0.000114329 0.000229764 0.000230536 0.000231268 0.000232006 0.000323822 0.000313733 0.000304357 0.000294327
0.805 0 0 0 0 6.58036e-05 6.98053e-05 7.36151e-05 7.74314e-05 0.000148774 0.00014954 0.000150272 0.000151016 0.00021327 0.000203191 0.000193815 0.000183775
0.825 0 0 0 0 1.79529e-05 2.18821e-05 2.56919e-05 2.95806e-05 4.94032e-05 5.018e-05 5.09118e-05 5.16449e-05 7.29059e-05 6.2835e-05 5.34588e-05 4.34107e-05
0.845 0 0 0 0 -3.34083e-05 -2.95344e-05 -2.57247e-05 -2.17806e-05 -6.20133e-05 -6.12554e-05 -6.05235e-05 -5.97715e-05 -7.23539e-05 -8.24072e-05 -9.17834e-05 -0.000101849
0.865 0 0 0 0 -7.51919e-05 -7.13369e-05 -6.75272e-05 -6.35643e-05 -0.000160813 -0.0001601 -0.000159368 -0.000158572 -0.000193639 -0.000203669 -0.000213045 -0.000223134
0.885 0 0 0 0 -9.64383e-05 -9.25927e-05 -8.8783e-05 -8.48107e-05 -0.000213817 -0.000213119 -0.000212387 -0.000211575 -0.000265327 -0.000275347 -0.000284723 -0.000294822
0.905 0 0 0 0 -9.767e-05 -9.38465e-05 -9.00368e-05 -8.60424e-05 -0.000212413 -0.000211686 -0.000210955 -0.000210172 -0.000275196 -0.000285225 -0.000294601 -0.000304692
0.925 0 0 0 0 -9.46421e-05 -9.08584e-05 -8.70487e-05 -8.30145e-05 -0.000185287 -0.000184528 -0.000183796 -0.000183045 -0.00023645 -0.000246489 -0.000255866 -0.000265945
0.945 0 0 0 0 -9.95658e-05 -9.5828e-05 -9.20183e-05 -8.79382e-05 -0.000165859 -0.000165102 -0.00016437 -0.000163617 -0.000181724 -0.000191762 -0.000201138 -0.000211219
0.965 0 0 0 0 -8.86038e-05 -8.48363e-05 -8.10266e-05 -7.69761e-05 -0.000139856 -0.000139136 -0.000138404 -0.000137614 -0.000124098 -0.000134128 -0.000143504 -0.000153593
0.985 0 0 0 0 -4.72802e-05 -4.34158e-05 -3.96061e-05 -3.56526e-05 -8.09171e-05 -8.02032e-05 -7.94714e-05 -7.86754e-05 -6.57394e-05 -7.57767e-05 -8.51529e-05 -9.52346e-05
1.005 0 0 0 0 8.26448e-06 1.22195e-05 1.60292e-05 1.98921e-05 5.47338e-06 6.23611e-06 6.96792e-06 7.71515e-06 -8.68487e-07 -1.09323e-05 -2.03085e-05 -3.03638e-05
1.025 0 0 0 0 5.47635e-05 5.87839e-05 6.25936e-05 6.6391e-05 8.91301e-05 8.99251e-05 9.06569e-05 9.13718e-05 8.35717e-05 7.34878e-05 6.41117e-05 5.40765e-05
1.045 0 0 0 0 7.37507e-05 7.77865e-05 8.15962e-05 8.53783e-05 0.000143707 0.000144484 0.000145216 0.000145949 0.000180679 0.000170595 0.000161219 0.000151184
1.065 0 0 0 0 6.96028e-05 7.35925e-05 7.74022e-05 8.12304e-05 0.000172223 0.000172982 0.000173714 0.000174465 0.000263018 0.00025294 0.000243563 0.000233522
1.085 0 0 0 0 6.24381e-05 6.63704e-05 7.01802e-05 7.40658e-05 0.000185673 0.000186449 0.00018718 0.000187914 0.000298163 0.000288081 0.000278704 0.000268667
1.105 0 0 0 0 6.821e-05 7.21609e-05 7.59707e-05 7.98378e-05 0.000183822 0.000184614 0.000185346 0.000186063 0.000274381 0.000264292 0.000254916 0.000244885
1.125 0 0 0 0 6.58415e-05 6.98366e-05 7.36464e-05 7.74693e-05 0.00014503 0.000145819 0.000146551 0.000147271 0.000192104 0.000182018 0.000172642 0.000162609
1.145 0 0 0 0 2.98601e-05 3.38285e-05 3.76383e-05 4.14878e-05 5.75154e-05 5.82921e-05 5.90236e-05 5.97564e-05 6.86748e-05 5.8601e-05 4.92248e-05 3.91791e-05
1.165 0 0 0 0 -2.37002e-05 -1.97944e-05 -1.59846e-05 -1.20724e-05 -5.01745e-05 -4.94313e-05 -4.86997e-05 -4.79335e-05 -5.62314e-05 -6.62829e-05 -7.56591e-05 -8.57271e-05
1.185 0 0 0 0 -6.08932e-05 -5.70163e-05 -5.32065e-05 -4.92655e-05 -0.000129816 -0.00012911 -0.000128379 -0.000127575 -0.000146429 -0.00015646 -0.000165837 -0.000175925
1.205 0 0 0 0 -7.83016e-05 -7.4458e-05 -7.06482e-05 -6.66738e-05 -0.000163253 -0.000162535 -0.000161803 -0.000161012 -0.000196075 -0.000206106 -0.000215482 -0.00022557
1.225 0 0 0 0 -0.00010821 -0.000104485 -0.000100675 -9.65823e-05 -0.000191518 -0.000190739 -0.000190008 -0.000189277 -0.000235206 -0.000245249 -0.000254625 -0.000264701
1.245 0 0 0 0 -0.000147047 -0.000143411 -0.000139601 -0.000135419 -0.000244543 -0.000243771 -0.000243039 -0.000242302 -0.000278522 -0.000288555 -0.000297931 -0.000308017
1.265 0 0 0 0 -0.000159879 -0.000156187 -0.000152377 -0.00014825 -0.000291688 -0.000291002 -0.00029027 -0.000289447 -0.000315444 -0.000325448 -0.000334824 -0.00034494
1.285 0 0 0 0 -0.000149397 -0.000145647 -0.000141837 -0.000137769 -0.00029801 -0.000297335 -0.000296603 -0.000295769 -0.000344166 -0.000354169 -0.000363545 -0.000373662
1.305 0 0 0 0 -0.000130668 -0.000126926 -0.000123116 -0.000119039 -0.000265589 -0.000264832 -0.0002641 -0.000263348 -0.000349445 -0.000359476 -0.000368852 -0.000378941
1.325 0 0 0 0 -0.000108188 -0.000104419 -0.000100609 -9.65594e-05 -0.000223681 -0.000222905 -0.000222173 -0.000221441 -0.000307338 -0.00031738 -0.000326756 -0.000336834
1.345 0 0 0 0 -9.35067e-05 -8.96915e-05 -8.58814e-05 -8.18782e-05 -0.000188983 -0.000188266 -0.000187535 -0.000186743 -0.00022511 -0.000235138 -0.000244514 -0.000254606
1.365 0 0 0 0 -8.47882e-05 -8.0992e-05 -7.7182e-05 -7.31598e-05 -0.000143013 -0.000142309 -0.000141578 -0.000140773 -0.000130207 -0.000140233 -0.000149609 -0.000159702
1.385 0 0 0 0 -4.86074e-05 -4.47974e-05 -4.09873e-05 -3.6979e-05 -5.83485e-05 -5.76008e-05 -5.68694e-05 -5.61079e-05 -2.9924e-05 -3.99723e-05 -4.93485e-05 -5.94198e-05
1.405 0 0 0 0 1.7889e-05 2.18183e-05 2.56284e-05 2.95174e-05 4.89601e-05 4.97379e-05 5.04693e-05 5.12007e-05 7.12487e-05 6.11769e-05 5.18007e-05 4.17531e-05
1.425 0 0 0 0 6.31899e-05 6.72005e-05 7.10106e-05 7.48184e-05 0.000124684 0.000125475 0.000126207 0.000126924 0.000149755 0.000139669 0.000130292 0.000120259
1.445 0 0 0 0 5.78701e-05 6.18364e-05 6.56465e-05 6.94985e-05 0.000138644 0.00013944 0.000140172 0.000140884 0.000188728 0.000178641 0.000169265 0.000159232
1.465 0 0 0 0 1.86491e-05 2.25161e-05 2.63261e-05 3.02775e-05 9.61924e-05 9.69735e-05 9.7705e-05 9.8433e-05 0.000175113 0.000165038 0.000155662 0.000145617
1.485 0 0 0 0 -1.5094e-05 -1.12612e-05 -7.45113e-06 -3.46557e-06 2.93785e-05 3.01253e-05 3.08567e-05 3.16191e-05 0.000105869 9.58129e-05 8.64367e-05 7.63736e-05
1.505 0 0 0 0 -1.16344e-05 -7.7129e-06 -3.90284e-06 -6.00539e-09 -1.54458e-05 -1.47252e-05 -1.39938e-05 -1.32052e-05 1.14935e-05 1.44558e-06 -7.93061e-06 -1.80022e-05
1.525 0 0 0 0 5.14115e-06 9.14349e-06 1.29535e-05 1.67695e-05 -3.25866e-05 -3.18411e-05 -3.11096e-05 -3.0346e-05 -7.243e-05 -8.24877e-05 -9.18638e-05 -0.000101926
1.545 0 0 0 0 5.6205e-06 9.61972e-06 1.34298e-05 1.72489e-05 -4.06531e-05 -3.9879e-05 -3.91475e-05 -3.84126e-05 -0.000106515 -0.000116581 -0.000125957 -0.000136011
1.565 0 0 0 0 1.06417e-05 1.46602e-05 1.84703e-05 2.22701e-05 -2.17494e-05 -2.10211e-05 -2.02897e-05 -1.95088e-05 -4.89305e-05 -5.89843e-05 -6.83604e-05 -7.84262e-05
1.585 0 0 0 0 3.1345e-05 3.53741e-05 3.91841e-05 4.29734e-05 4.73728e-05 4.80708e-05 4.88022e-05 4.96134e-05 8.42748e-05 7.42243e-05 6.48481e-05 5.47791e-05
1.605 0 0 0 0 4.28065e-05 4.67199e-05 5.05299e-05 5.44348e-05 0.000135453 0.000136239 0.00013697 0.000137693 0.000215666 0.000205585 0.000196208 0.00018617
1.625 0 0 0 0 2.96599e-05 3.34312e-05 3.72411e-05 4.12876e-05 0.000166895 0.000167765 0.000168497 0.000169136 0.000267362 0.000257257 0.000247881 0.000237867
1.645 0 0 0 0 1.78552e-05 2.16815e-05 2.54914e-05 2.9483e-05 0.000118539 0.000119333 0.000120065 0.00012078 0.000220513 0.000210434 0.000201058 0.000191017
1.665 0 0 0 0 3.48916e-05 3.89347e-05 4.27446e-05 4.65195e-05 5.85384e-05 5.92078e-05 5.99394e-05 6.07793e-05 0.00011804 0.000107997 9.86206e-05 8.8544e-05
1.685 0 0 0 0 7.78812e-05 8.20818e-05 8.58916e-05 8.95088e-05 6.60263e-05 6.67188e-05 6.74505e-05 6.82674e-05 4.14656e-05 3.14083e-05 2.20322e-05 1.197e-05
1.705 0 0 0 0 0.000106567 0.000110747 0.000114557 0.000118195 0.000123098 0.000123914 0.000124645 0.000125338 5.07339e-05 4.06334e-05 3.12574e-05 2.12389e-05
1.725 0 0 0 0 7.44079e-05 7.84163e-05 8.2226e-05 8.60354e-05 0.000137579 0.00013843 0.000139161 0.00013982 0.000126494 0.000116389 0.000107013 9.69991e-05
1.745 0 0 0 0 -8.13468e-07 3.00397e-06 6.81371e-06 1.0814e-05 8.3023e-05 8.37766e-05 8.45081e-05 8.52635e-05 0.000196479 0.000186416 0.00017704 0.000166984
1.765 0 0 0 0 -5.69147e-05 -5.32101e-05 -4.94001e-05 -4.52864e-05 1.60906e-05 1.67811e-05 1.75111e-05 1.83267e-05 0.00018363 0.000173596 0.000164219 0.000154132
1.785 0 0 0 0 -4.9172e-05 -4.5422e-05 -4.1612e-05 -3.75435e-05 -1.48121e-05 -1.40674e-05 -1.33374e-05 -1.2576e-05 7.04661e-05 6.04147e-05 5.10382e-05 4.09679e-05
1.805 0 0 0 0 5.86086e-06 9.82762e-06 1.36377e-05 1.74893e-05 -2.36142e-05 -2.28203e-05 -2.209e-05 -2.13776e-05 -7.96837e-05 -8.97587e-05 -9.91351e-05 -0.000109182
1.825 0 0 0 0 5.00517e-05 5.42431e-05 5.80531e-05 6.16802e-05 -3.51651e-05 -3.44177e-05 -3.36879e-05 -3.29303e-05 -0.000165412 -0.00017548 -0.000184857 -0.000194912
1.845 0 0 0 0 5.15256e-05 5.57395e-05 5.95494e-05 6.31538e-05 -2.481e-05 -2.41211e-05 -2.3391e-05 -2.25744e-05 -0.000113684 -0.000123736 -0.000133112 -0.000143184
1.865 0 0 0 0 2.91464e-05 3.31608e-05 3.69706e-05 4.07745e-05 4.16981e-05 4.24178e-05 4.31479e-05 4.39337e-05 6.33231e-05 5.32641e-05 4.38876e-05 3.38236e-05
1.885 0 0 0 0 2.38673e-05 2.76781e-05 3.14879e-05 3.54953e-05 0.000147551 0.000148345 0.000149075 0.000149786 0.000273726 0.000263643 0.000254266 0.000244227
1.905 0 0 0 0 6.18949e-05 6.57256e-05 6.95347e-05 7.35207e-05 0.000245606 0.000246411 0.000247139 0.000247835 0.000417023 0.000406926 0.000397549 0.000387523
1.925 0 0 0 0 0.0001338 0.00013786 0.00014167 0.000145427 0.000313627 0.000314394 0.000315122 0.000315856 0.000454521 0.000444421 0.000435044 0.000425021
1.945 0 0 0 0 0.000199926 0.000204206 0.000208016 0.000211554 0.000355245 0.000356016 0.000356744 0.000357475 0.000422096 0.000411982 0.000402606 0.000392596
1.965 0 0 0 0 0.000224965 0.000229309 0.000233119 0.000236593 0.000370838 0.000371644 0.000372373 0.000373067 0.000390695 0.000380565 0.000371188 0.000361194
1.985 0 0 0 0 0.000200705 0.000204973 0.000208783 0.000212333 0.000354291 0.000355092 0.00035582 0.000356519 0.000401833 0.00039171 0.000382333 0.000372333
2.005 0 0 0 0 0.000139425 0.00014352 0.00014733 0.000151053 0.000305842 0.000306608 0.000307337 0.000308071 0.000426413 0.000416312 0.000406935 0.000396912
2.025 0 0 0 0 7.66235e-05 8.05443e-05 8.43542e-05 8.82504e-05 0.000241664 0.000242424 0.000243152 0.000243893 0.000403535 0.000393449 0.000384072 0.000374034
2.045 0 0 0 0 5.5006e-05 5.8911e-05 6.27211e-05 6.66332e-05 0.000183377 0.000184144 0.000184872 0.000185606 0.000308796 0.000298713 0.000289336 0.000279296
2.065 0 0 0 0 7.25962e-05 7.66454e-05 8.04555e-05 8.42235e-05 0.000134633 0.000135392 0.00013612 0.000136862 0.000169166 0.000159084 0.000149707 0.000139666
2.085 0 0 0 0 7.60299e-05 8.01707e-05 8.39808e-05 8.76571e-05 7.79629e-05 7.87216e-05 7.94497e-05 8.01916e-05 3.40284e-05 2.39472e-05 1.45701e-05 4.52766e-06
2.105 0 0 0 0 3.0135e-06 6.97528e-06 1.07853e-05 1.46407e-05 -2.70511e-05 -2.62619e-05 -2.55339e-05 -2.48224e-05 -8.19801e-05 -9.20547e-05 -0.000101432 -0.000111481
2.125 0 0 0 0 -0.000157192 -0.000153643 -0.000149833 -0.000145564 -0.000222368 -0.000221569 -0.000220841 -0.00022014 -0.000226321 -0.000236365 -0.000245742 -0.000255822
2.145 0 0 0 0 -0.000314308 -0.000311041 -0.00030723 -0.000302683 -0.000468268 -0.000467562 -0.000466835 -0.000466042 -0.00043715 -0.000447133 -0.00045651 -0.000466652
2.165 0 0 0 0 -0.00037995 -0.000376637 -0.000372831 -0.00036834 -0.000666435 -0.000665833 -0.000665105 -0.000664205 -0.000706789 -0.000716724 -0.000726103 -0.000736293
2.185 0 0 0 0 -0.000351419 -0.000347889 -0.000344088 -0.000339825 -0.000749676 -0.000749058 -0.000748334 -0.000747463 -0.000959879 -0.000969823 -0.000979202 -0.000989387
2.205 0 0 0 0 -0.000272113 -0.000268342 -0.000264542 -0.000260524 -0.000709409 -0.000708729 -0.000708011 -0.000707218 -0.00105411 -0.00106409 -0.00107347 -0.00108363
2.225 0 0 0 0 -0.000204534 -0.000200651 -0.000196851 -0.000192946 -0.000582837 -0.000582157 -0.000581438 -0.000580646 -0.00089603 -0.000906025 -0.000915407 -0.000925548
2.245 0 0 0 0 -0.000186171 -0.00018244 -0.00017864 -0.000174582 -0.000408868 -0.000408196 -0.000407478 -0.000406677 -0.000532238 -0.000542239 -0.000551621 -0.000561756
2.265 0 0 0 0 -0.000182282 -0.000178829 -0.000175029 -0.000170693 -0.000210757 -0.000210032 -0.000209314 -0.000208566 -0.000117808 -0.000127831 -0.000137214 -0.000147327
2.285 0 0 0 0 -0.000108518 -0.000105064 -0.000101264 -9.69285e-05 1.57231e-06 2.33668e-06 3.05433e-06 3.76168e-06 0.000202376 0.000192321 0.000182938 0.000172856
2.305 0 0 0 0 6.49518e-05 6.88445e-05 7.26446e-05 7.65412e-05 0.000221247 0.000221995 0.000222713 0.000223436 0.000380031 0.000369944 0.000360561 0.00035051
2.325 0 0 0 0 0.00027912 0.000283603 0.000287403 0.000290708 0.000448404 0.000449151 0.000449869 0.000450593 0.000490001 0.000479871 0.000470488 0.00046048
2.345 0 0 0 0 0.000435882 0.000440691 0.000444489 0.00044746 0.000666145 0.000666951 0.000667669 0.000668333 0.000654832 0.00064465 0.000635266 0.000625309
2.365 0 0 0 0 0.000470955 0.000475656 0.00047945 0.000482518 0.000824916 0.000825784 0.000826501 0.000827106 0.000917129 0.000906918 0.000897534 0.000887605
2.385 0 0 0 0 0.000419294 0.000423678 0.000427466 0.00043084 0.000902493 0.000903327 0.000904039 0.000904662 0.0012029 0.0011927 0.00118331 0.00117337
2.405 0 0 0 0 0.000376076 0.000380268 0.000384055 0.000387615 0.000929757 0.000930523 0.000931228 0.0009319 0.00137592 0.00136573 0.00135635 0.00134638
2.425 0 0 0 0 0.000387231 0.000391464 0.000395251 0.000398772 0.000925005 0.000925798 0.000926504 0.000927149 0.00132988 0.00131969 0.0013103 0.00130034
2.445 0 0 0 0 0.000404223 0.000408599 0.000412386 0.000415764 0.000839889 0.000840765 0.00084147 0.000842032 0.00106064 0.00105042 0.00104103 0.0010311
2.465 0 0 0 0 0.00032994 0.000334333 0.00033812 0.000341481 0.000595698 0.000596576 0.000597282 0.000597841 0.000646484 0.000636282 0.000626893 0.00061694
2.485 0 0 0 0 0.000130009 0.000134166 0.000137952 0.000141549 0.000197236 0.000197988 0.000198694 0.000199378 0.000188273 0.000178155 0.000168766 0.000158731
2.505 0 0 0 0 -0.000128023 -0.000124287 -0.000120501 -0.000116484 -0.000242435 -0.000241814 -0.000241109 -0.000240293 -0.000250336 -0.000260358 -0.000269748 -0.00027988
2.525 0 0 0 0 -0.000344618 -0.000341287 -0.000337501 -0.000333078 -0.000608141 -0.000607537 -0.000606832 -0.000605999 -0.000659339 -0.000669307 -0.000678696 -0.000688881
2.545 0 0 0 0 -0.000459314 -0.000456143 -0.000452356 -0.000447776 -0.000858482 -0.000857845 -0.00085714 -0.000856341 -0.00102742 -0.00103737 -0.00104676 -0.00105696
2.565 0 0 0 0 -0.00050034 -0.000497114 -0.000493332 -0.000488818 -0.00102434 -0.00102371 -0.001023 -0.0010222 -0.00132281 -0.00133275 -0.00134214 -0.00135236
2.585 0 0 0 0 -0.000527223 -0.000523951 -0.000520174 -0.000515719 -0.00113096 -0.00113037 -0.00112966 -0.00112882 -0.00149287 -0.00150279 -0.00151218 -0.00152242
2.605 0 0 0 0 -0.000533052 -0.00052978 -0.000526002 -0.00052155 -0.00113516 -0.00113461 -0.00113391 -0.00113303 -0.0014697 -0.00147961 -0.001489 -0.00149925
2.625 0 0 0 0 -0.000469322 -0.000465996 -0.000462218 -0.000457819 -0.00097486 -0.000974316 -0.000973612 -0.000972726 -0.00122442 -0.00123434 -0.00124373 -0.00125396
2.645 0 0 0 0 -0.000321917 -0.000318448 -0.000314671 -0.000310416 -0.000648511 -0.000647901 -0.000647197 -0.000646377 -0.000798759 -0.000808733 -0.000818124 -0.000828305
2.665 0 0 0 0 -0.000121712 -0.000118026 -0.000114249 -0.000110211 -0.000225812 -0.000225101 -0.000224398 -0.000223678 -0.000273373 -0.000283425 -0.000292816 -0.000302921
2.685 0 0 0 0 8.67255e-05 9.06765e-05 9.44534e-05 9.82262e-05 0.000202256 0.000203027 0.000203731 0.000204389 0.000270207 0.000260089 0.000250699 0.000240661
2.705 0 0 0 0 0.000256509 0.000260676 0.000264453 0.000268011 0.0005607 0.000561496 0.000562199 0.000562833 0.000747955 0.00073779 0.000728399 0.000718408
2.725 0 0 0 0 0.000360128 0.000364383 0.00036816 0.000371629 0.000802798 0.00080363 0.000804333 0.000804933 0.00108191 0.00107171 0.00106232 0.00105237
2.745 0 0 0 0 0.000417693 0.000422019 0.000425796 0.000429194 0.000923627 0.000924471 0.000925175 0.000925762 0.00124042 0.00123021 0.00122081 0.00121088
2.765 0 0 0 0 0.00045152 0.000455978 0.000459754 0.000463019 0.000942282 0.000943094 0.000943798 0.000944417 0.00123534 0.00122513 0.00121574 0.0012058
2.785 0 0 0 0 0.000445167 0.000449699 0.000453475 0.000456665 0.000873573 0.000874369 0.000875073 0.000875707 0.00109946 0.00108925 0.00107986 0.00106991
2.805 0 0 0 0 0.000368484 0.000372898 0.000376674 0.000379982 0.000714049 0.000714869 0.000715572 0.000716183 0.000870991 0.000860795 0.000851405 0.000841444
2.825 0 0 0 0 0.00019917 0.00020325 0.000207026 0.000210668 0.000433748 0.000434573 0.000435277 0.000435881 0.000553015 0.000542854 0.000533463 0.000523467
2.845 0 0 0 0 -4.64843e-05 -4.28475e-05 -3.90713e-05 -3.49871e-05 2.19309e-05 2.26976e-05 2.34009e-05 2.40641e-05 0.00011588 0.000105792 9.64009e-05 8.63334e-05
2.865 0 0 0 0 -0.000309998 -0.000306746 -0.00030297 -0.0002985 -0.000473853 -0.000473184 -0.000472481 -0.00047172 -0.000457338 -0.000467338 -0.000476729 -0.000486885
2.885 0 0 0 0 -0.00050348 -0.000500362 -0.000496585 -0.000491981 -0.000939374 -0.000938803 -0.000938099 -0.00093724 -0.00109383 -0.00110375 -0.00111314 -0.00112337
2.905 0 0 0 0 -0.000572312 -0.000569034 -0.000565257 -0.00056082 -0.00124613 -0.00124563 -0.00124493 -0.001244 -0.001622 -0.00163189 -0.00164128 -0.00165155
2.925 0 0 0 0 -0.000573011 -0.000569601 -0.000565832 -0.000561544 -0.00135789 -0.00135738 -0.00135668 -0.00135579 -0.00188672 -0.00189661 -0.001906 -0.00191628
2.945 0 0 0 0 -0.000585448 -0.000582178 -0.00057841 -0.000573983 -0.00132297 -0.00132237 -0.00132168 -0.00132087 -0.00182479 -0.0018347 -0.00184409 -0.00185435
2.965 0 0 0 0 -0.00059598 -0.000592947 -0.000589178 -0.000584512 -0.00118023 -0.00117964 -0.00117894 -0.00117813 -0.00148093 -0.00149084 -0.00150023 -0.00151049
2.985 0 0 0 0 -0.000507342 -0.000504284 -0.000500516 -0.000495875 -0.000896327 -0.000895804 -0.000895109 -0.000894227 -0.000968315 -0.000978229 -0.000987624 -0.000997876
3.005 0 0 0 0 -0.00026316 -0.000259721 -0.000255953 -0.000251693 -0.00043366 -0.0004331 -0.000432405 -0.00043156 -0.000401856 -0.000411838 -0.000421233 -0.000431419
3.025 0 0 0 0 7.24979e-05 7.64736e-05 8.02418e-05 8.39636e-05 0.000137439 0.000138188 0.000138883 0.000139538 0.000156687 0.000146575 0.000137181 0.000127126
3.045 0 0 0 0 0.000377851 0.000382321 0.00038609 0.000389318 0.000667986 0.000668869 0.000669564 0.000670086 0.000710091 0.000699871 0.000690476 0.000680529
3.065 0 0 0 0 0.00055665 0.000561374 0.000565143 0.000568116 0.00104653 0.00104738 0.00104808 0.00104863 0.00124526 0.001235 0.00122561 0.00121569
3.085 0 0 0 0 0.000575005 0.00057955 0.000583313 0.000586447 0.00123526 0.00123609 0.00123679 0.00123736 0.00165086 0.0016406 0.0016312 0.00162129
3.105 0 0 0 0 0.000497445 0.000501616 0.000505374 0.000508872 0.00124206 0.00124295 0.00124364 0.00124414 0.00178137 0.0017711 0.00176171 0.0017518
3.125 0 0 0 0 0.000444196 0.000448335 0.000452093 0.000455623 0.00110762 0.00110848 0.00110917 0.0011097 0.00158868 0.00157844 0.00156904 0.00155911
3.145 0 0 0 0 0.000440434 0.000444923 0.000448681 0.000451863 0.000882867 0.000883611 0.000884302 0.000884947 0.00114753 0.00113733 0.00112793 0.00111796
3.165 0 0 0 0 0.00039029 0.000394964 0.000398723 0.00040172 0.000599349 0.00060007 0.000600761 0.000601428 0.000611097 0.000600916 0.000591519 0.000581525
3.185 0 0 0 0 0.00020341 0.000207741 0.000211499 0.000214838 0.000244801 0.000245594 0.000246284 0.00024688 0.000124114 0.000113956 0.000104558 9.45424e-05
3.205 0 0 0 0 -0.000108238 -0.000104591 -0.000100833 -9.68103e-05 -0.000201645 -0.000200891 -0.0002002 -0.000199567 -0.000277633 -0.000287714 -0.000297112 -0.000307205
3.225 0 0 0 0 -0.000443669 -0.000440674 -0.000436916 -0.00043224 -0.000697225 -0.000696632 -0.000695941 -0.000695147 -0.000680836 -0.000690797 -0.000700195 -0.000710408
3.245 0 0 0 0 -0.000674952 -0.000672294 -0.000668534 -0.000663518 -0.00112823 -0.00112774 -0.00112705 -0.00112616 -0.00116831 -0.00117819 -0.00118759 -0.00119788
3.265 0 0 0 0 -0.000735534 -0.000732777 -0.000729016 -0.000724104 -0.00140313 -0.00140261 -0.00140191 -0.00140105 -0.00169135 -0.00170122 -0.00171061 -0.00172092
3.285 0 0 0 0 -0.000660291 -0.0006571 -0.000653343 -0.000648872 -0.00149809 -0.00149755 -0.00149686 -0.00149601 -0.00205736 -0.00206724 -0.00207664 -0.00208693
3.305 0 0 0 0 -0.000547686 -0.000544112 -0.000540357 -0.000536274 -0.00141464 -0.00141416 -0.00141347 -0.00141259 -0.00205581 -0.0020657 -0.0020751 -0.00208539
3.325 0 0 0 0 -0.000472223 -0.000468686 -0.000464932 -0.000460814 -0.00115757 -0.00115708 -0.0011564 -0.00115552 -0.00162225 -0.00163217 -0.00164157 -0.00165184
3.345 0 0 0 0 -0.000386537 -0.000383265 -0.00037951 -0.000375125 -0.000730524 -0.000729937 -0.000729253 -0.000728472 -0.000864571 -0.000874543 -0.000883945 -0.000894155
3.365 0 0 0 0 -0.000193148 -0.000189859 -0.000186104 -0.000181738 -0.000172025 -0.000171361 -0.000170676 -0.000169972 -5.68081e-06 -1.57246e-05 -2.51246e-05 -3.5262e-05
3.385 0 0 0 0 0.000120568 0.000124325 0.00012808 0.000131979 0.000431927 0.000432656 0.000433342 0.000433982 0.000734544 0.000724409 0.000715008 0.000704962
3.405 0 0 0 0 0.000457849 0.000462243 0.000465998 0.000469262 0.000967537 0.000968372 0.000969057 0.000969592 0.0012538 0.00124356 0.00123416 0.00122422
3.425 0 0 0 0 0.000687955 0.000692788 0.000696546 0.000699371 0.00132094 0.00132186 0.00132255 0.00132299 0.00157073 0.00156041 0.00155101 0.00154114
3.445 0 0 0 0 0.000741395 0.000746301 0.000750056 0.000752796 0.00143417 0.00143508 0.00143576 0.00143623 0.0017364 0.00172608 0.00171668 0.00170682
3.465 0 0 0 0 0.000639952 0.000644611 0.000648364 0.000651349 0.00133331 0.00133413 0.00133481 0.00133536 0.00174516 0.00173488 0.00172548 0.00171557
3.485 0 0 0 0 0.000482952 0.000487283 0.000491037 0.00049435 0.00110779 0.00110856 0.00110925 0.00110985 0.00155837 0.00154814 0.00153873 0.00152878
3.505 0 0 0 0 0.000354752 0.000358926 0.000362679 0.00036615 0.000826849 0.000827617 0.000828301 0.000828899 0.00116495 0.00115475 0.00114535 0.00113537
3.525 0 0 0 0 0.000242501 0.000246661 0.000250415 0.0002539 0.000489056 0.000489825 0.000490509 0.000491106 0.000610937 0.000600766 0.000591365 0.000581353
3.545 0 0 0 0 6.99233e-05 7.39526e-05 7.77062e-05 8.13213e-05 6.2146e-05 6.28837e-05 6.35674e-05 6.41951e-05 -1.34848e-05 -2.36037e-05 -3.30046e-05 -4.30677e-05