0.005 -0.00270431 -0.00270431 -0.00270431 -0.00270431 -5.37949e-05 -4.74538e-05 -4.74566e-05 -5.38358e-05 8.71843e-06 6.4112e-06 6.41108e-06 8.7047e-06 -8.97442e-07 -5.95703e-07 -5.95389e-07 -8.97393e-07
0.025 -0.00510227 -0.00510227 -0.00510227 -0.00510227 -0.00218905 -0.00218913 -0.00218914 -0.00218923 0.000116044 0.000118974 0.000118873 0.000116014 2.77587e-05 2.64132e-05 2.63684e-05 2.76036e-05
0.045 -0.00423424 -0.00423424 -0.00423424 -0.00423424 -0.00479235 -0.00480429 -0.00480447 -0.00479303 -0.00102692 -0.00102039 -0.00102046 -0.00102708 0.000268999 0.000266363 0.000266365 0.000269057
0.065 -0.00350372 -0.00350372 -0.00350372 -0.00350372 -0.00485295 -0.00485723 -0.00485736 -0.00485296 -0.00355441 -0.00355719 -0.00355729 -0.00355491 -9.41883e-05 -9.5969e-05 -9.59405e-05 -9.52184e-05
0.085 -0.00283842 -0.00283842 -0.00283842 -0.00283842 -0.00352194 -0.00351716 -0.00351713 -0.00352167 -0.00488924 -0.00489666 -0.00489681 -0.00488985 -0.00252526 -0.00252425 -0.00252436 -0.00252528
0.105 -0.00223011 -0.00223011 -0.00223011 -0.00223011 -0.00269818 -0.00269751 -0.0026975 -0.00269807 -0.0042522 -0.00425051 -0.00425031 -0.00425169 -0.00639102 -0.00639001 -0.00638997 -0.00639086
0.125 -0.0016768 -0.0016768 -0.0016768 -0.0016768 -0.00232422 -0.00232684 -0.00232682 -0.00232415 -0.00406149 -0.00405413 -0.00405383 -0.00406057 -0.00891236 -0.00891127 -0.00891118 -0.00891193
0.145 -0.00117545 -0.00117545 -0.00117545 -0.00117545 -0.00226693 -0.00226402 -0.00226384 -0.00226635 -0.00555292 -0.00555271 -0.00555266 -0.0055527 -0.0085809 -0.00857928 -0.00857941 -0.00858143
0.165 -0.000723297 -0.000723297 -0.000723297 -0.000723297 -0.00319074 -0.00318866 -0.00318873 -0.00319097 -0.00677428 -0.00677936 -0.00677909 -0.00677378 -0.00673938 -0.00673718 -0.00673728 -0.0067395
0.185 -0.00031749 -0.00031749 -0.00031749 -0.00031749 -0.00435003 -0.00435813 -0.00435796 -0.00434981 -0.00606412 -0.00606456 -0.00606453 -0.00606409 -0.00524931 -0.00524868 -0.00524868 -0.00524933
0.205 4.46152e-05 4.46152e-05 4.46152e-05 4.46152e-05 -0.00359207 -0.00360291 -0.00360283 -0.00359186 -0.00425657 -0.00425315 -0.00425321 -0.0042567 -0.00437369 -0.0043738 -0.00437377 -0.00437363
0.225 0.000365742 0.000365742 0.000365742 0.000365742 -0.000701185 -0.000700989 -0.000700976 -0.000701153 -0.00238959 -0.00238994 -0.00238997 -0.00238965 -0.00344448 -0.00344352 -0.00344351 -0.00344446
0.245 0.000648226 0.000648226 0.000648226 0.000648226 0.00187378 0.00188234 0.00188229 0.00187368 -0.000190732 -0.000193439 -0.000193434 -0.000190703 -0.00196377 -0.00196222 -0.00196221 -0.00196376
0.265 0.000894509 0.000894509 0.000894509 0.000894509 0.00242065 0.0024235 0.00242294 0.00242258 0.00224796 0.00224819 0.00224711 0.00224328 0.000480632 0.000480791 0.000480001 0.000478645
0.285 0.00110689 0.00110689 0.00110689 0.00110689 0.00195901 0.00195485 0.00195394 0.00195656 0.00386728 0.00386997 0.00386861 0.00386508 0.00396586 0.00396506 0.00396553 0.00396639
0.305 0.00128779 0.00128779 0.00128779 0.00128779 0.00202832 0.00202651 0.00202623 0.00202774 0.00454813 0.00454713 0.00454736 0.00454889 0.00744042 0.00743914 0.00743941 0.00744134
0.325 0.00143944 0.00143944 0.00143944 0.00143944 0.00284308 0.0028447 0.0028449 0.00284366 0.00548526 0.00548193 0.00548244 0.00548651 0.00925368 0.00925243 0.00925275 0.00925453
0.345 0.00156386 0.00156386 0.00156386 0.00156386 0.00394137 0.00394289 0.00394319 0.00394222 0.00704481 0.00704494 0.00704509 0.00704526 0.00897599 0.00897428 0.00897418 0.00897565
0.365 0.00166277 0.00166277 0.00166277 0.00166277 0.00499259 0.00499537 0.00499545 0.00499296 0.00797374 0.00797651 0.0079765 0.00797373 0.00782273 0.0078211 0.00782102 0.00782262
0.385 0.00173847 0.00173847 0.00173847 0.00173847 0.00533942 0.00534595 0.00534616 0.00533965 0.00732335 0.00732378 0.00732367 0.00732315 0.00702117 0.00702029 0.00702027 0.0070211
0.405 0.00179288 0.00179288 0.00179288 0.00179288 0.0042482 0.00425372 0.00425375 0.00424829 0.00565951 0.00565768 0.00565762 0.00565937 0.00652603 0.00652551 0.00652554 0.0065261
0.425 0.00182747 0.00182747 0.00182747 0.00182747 0.00222238 0.0022209 0.00222089 0.00222238 0.00385828 0.00385795 0.00385796 0.00385829 0.00556431 0.00556334 0.00556334 0.00556431
0.445 0.00184401 0.00184401 0.00184401 0.00184401 0.000829312 0.000823829 0.00082381 0.000829269 0.00208963 0.00209057 0.00209058 0.00208965 0.00366082 0.00365988 0.0036599 0.00366086
0.465 0.00184428 0.00184428 0.00184428 0.00184428 0.00078098 0.000779018 0.000779018 0.00078098 0.000412364 0.000411847 0.000411857 0.000412385 0.000900488 0.000900612 0.000900601 0.000900465
0.485 0.00183037 0.00183037 0.00183037 0.00183037 0.00116375 0.00116606 0.00116606 0.00116375 -0.000842127 -0.000843231 -0.000843234 -0.000842135 -0.00213966 -0.00213842 -0.00213842 -0.00213965
0.505 0.00180415 0.00180415 0.00180415 0.00180415 0.000872374 0.000873846 0.000873849 0.00087238 -0.00172274 -0.00172182 -0.00172182 -0.00172274 -0.00446945 -0.00446795 -0.00446795 -0.00446945
0.525 0.00176914 0.00176914 0.00176914 0.00176914 -0.000108847 -0.000110495 -0.000110495 -0.000108848 -0.00270243 -0.00270063 -0.00270063 -0.00270244 -0.00527846 -0.0052771 -0.0052771 -0.00527846
0.545 0.00173398 0.00173398 0.00173398 0.00173398 -0.00110006 -0.00110317 -0.00110317 -0.00110006 -0.00370377 -0.00370401 -0.00370401 -0.00370377 -0.00473332 -0.00473199 -0.00473199 -0.00473332
0.565 0.00128438 0.00128438 0.00128438 0.00128438 -0.00154283 -0.0015455 -0.0015455 -0.00154283 -0.00391803 -0.00392007 -0.00392007 -0.00391803 -0.00380305 -0.0038018 -0.0038018 -0.00380305
0.585 0.00226083 0.00226083 0.00226083 0.00226083 -0.00191172 -0.00193277 -0.00193277 -0.00191173 -0.00287918 -0.00287206 -0.00287206 -0.00287918 -0.00312073 -0.00312119 -0.00312119 -0.00312073
0.605 0.00165532 0.00165532 0.00165532 0.00165532 -0.00054891 -0.0005566 -0.0005566 -0.000548909 -0.00165058 -0.00164791 -0.00164791 -0.00165058 -0.00234776 -0.00234741 -0.00234741 -0.00234776
0.625 -0.00225812 -0.00225812 -0.00225812 -0.00225812 0.00160862 0.00162449 0.00162449 0.00160862 -0.00028253 -0.0002892 -0.0002892 -0.00028253 -0.00122352 -0.00122162 -0.00122162 -0.00122352
0.645 0.00482475 0.00482475 0.00482475 0.00482475 0.00115484 0.00112899 0.00112899 0.00115484 0.00167477 0.00168714 0.00168714 0.00167477 0.000387147 0.000385693 0.000385693 0.000387147
0.665 -0.00171793 -0.00171793 -0.00171793 -0.00171793 0.000683015 0.00069376 0.00069376 0.000683014 0.00270784 0.00270618 0.00270618 0.00270784 0.00279148 0.00279067 0.00279067 0.00279148
0.685 -0.00154814 -0.00154814 -0.00154814 -0.00154814 0.000451914 0.00045655 0.00045655 0.000451914 0.00274043 0.00273725 0.00273725 0.00274043 0.00522329 0.00522232 0.00522232 0.00522329
0.705 0.00183414 0.00183414 0.00183414 0.00183414 0.000844965 0.000829119 0.000829119 0.000844965 0.00289002 0.0028928 0.0028928 0.00289002 0.00624398 0.00624214 0.00624214 0.00624398
0.725 -0.000227838 -0.000227838 -0.000227838 -0.000227838 -9.44615e-05 -0.000102798 -0.000102798 -9.44621e-05 0.00392875 0.00393439 0.00393439 0.00392875 0.00537559 0.0053727 0.0053727 0.00537559
0.745 0.00825407 0.00825407 0.00825407 0.00825407 0.000821116 0.000788461 0.000788461 0.000821116 0.00341639 0.0034307 0.0034307 0.00341639 0.00397487 0.00397193 0.00397193 0.00397487
0.765 -0.0122289 -0.0122289 -0.0122289 -0.0122289 0.005246 0.00532157 0.00532157 0.005246 0.00180799 0.00177481 0.00177481 0.00180799 0.00235831 0.00236379 0.00236378 0.00235831
0.785 0.0147919 0.0147919 0.0147919 0.0147919 0.00192259 0.00187047 0.00187047 0.00192259 0.00272566 0.00275002 0.00275002 0.00272566 0.000299519 0.000296716 0.000296716 0.000299519
0.805 -0.00691588 -0.00691588 -0.00691588 -0.00691588 0.00239032 0.00242799 0.00242799 0.00239032 0.00168217 0.0016706 0.0016706 0.00168217 -0.000225586 -0.000223748 -0.000223748 -0.000225586
0.825 0.00563409 0.00563409 0.00563409 0.00563409 0.000805312 0.000799199 0.000799199 0.000805312 0.000113075 0.000114014 0.000114014 0.000113075 0.000346478 0.000346822 0.000346822 0.000346478
0.845 -0.00942509 -0.00942509 -0.00942509 -0.00942509 0.00331465 0.00337684 0.00337684 0.00331465 -0.00114199 -0.0011735 -0.0011735 -0.00114199 0.000603477 0.000609113 0.000609113 0.000603477
0.865 -0.00200628 -0.00200628 -0.00200628 -0.00200628 -0.00694372 -0.00698374 -0.00698374 -0.00694372 0.00174307 0.00177232 0.00177232 0.00174307 -0.000394789 -0.00040242 -0.000402419 -0.000394789
0.885 -0.00820515 -0.00820515 -0.00820515 -0.00820515 -0.00862183 -0.00863301 -0.00863295 -0.00862171 -0.00194094 -0.00193315 -0.00193316 -0.00194095 0.000533737 0.000529962 0.00052995 0.000533712
0.905 0.00247859 0.00247859 0.00247859 0.00247859 -0.00185184 -0.0018434 -0.00184336 -0.0018518 -0.00812128 -0.00814566 -0.00814567 -0.0081213 0.000154701 0.000158711 0.000158715 0.000154712
0.925 0.00931645 0.00931645 0.00931645 0.00931645 0.00244302 0.00244121 0.00244121 0.00244302 -0.00610116 -0.00611124 -0.00611124 -0.00610116 -0.00575052 -0.00574574 -0.00574574 -0.00575052
0.945 -0.0416883 -0.0416883 -0.0416883 -0.0416883 0.00113193 0.00127199 0.00127218 0.0011318 0.000766085 0.000734603 0.000733996 0.000766052 -0.0120748 -0.012067 -0.0120688 -0.0120762
0.965 0.0284662 0.0284662 0.0284662 0.0284662 -0.0129837 -0.0132013 -0.0131993 -0.0129804 0.00077795 0.000893362 0.000891828 0.000775271 -0.0100382 -0.0100568 -0.0100581 -0.0100416
0.985 -0.0036247 -0.0036247 -0.0036247 -0.0036247 0.000895685 0.000967116 0.00097106 0.000898168 -0.0135729 -0.0136367 -0.0136367 -0.0135706 -0.00116139 -0.00114963 -0.00115003 -0.00116249
1.005 0.0350977 0.0350977 0.0350977 0.0350977 0.0118859 0.0118599 0.0118613 0.0118878 -0.0126838 -0.0127219 -0.0127213 -0.0126819 -0.00141533 -0.00140172 -0.00140226 -0.00141656
1.025 -0.0160473 -0.0160473 -0.0160473 -0.0160473 0.00511451 0.00516892 0.00516912 0.00511563 0.00818881 0.0082024 0.00820186 0.00818736 -0.00973157 -0.00973243 -0.00973222 -0.00973111
1.045 -0.00366162 -0.00366162 -0.00366162 -0.00366162 -0.00377778 -0.00386539 -0.00386561 -0.00377772 0.0162177 0.0163104 0.0163106 0.016217 -0.00590331 -0.00591809 -0.00591827 -0.00590325
1.065 0.0310064 0.0310064 0.0310064 0.0310064 0.00764115 0.00756794 0.00756792 0.00764175 0.000645115 0.000643435 0.000642989 0.000642267 0.0122436 0.0122444 0.0122446 0.0122398
1.085 -0.0111392 -0.0111392 -0.0111392 -0.0111392 0.0163869 0.0165744 0.0165678 0.0163787 -0.00275974 -0.00289045 -0.00288306 -0.00274582 0.0215507 0.0215733 0.0215751 0.0215542
1.105 -0.050545 -0.050545 -0.050545 -0.050545 -0.002404 -0.00229833 -0.0022969 -0.00239837 0.018484 0.0184734 0.018472 0.0184816 0.0151369 0.0151317 0.0151343 0.0151419
1.125 -0.0347946 -0.0347946 -0.0347946 -0.0347946 -0.0367357 -0.0369548 -0.0369565 -0.0367342 0.0260384 0.0262156 0.0262129 0.0260341 0.0134702 0.013423 0.0134239 0.0134718
1.145 0.0771524 0.0771524 0.0771524 0.0771524 -0.0273539 -0.0277537 -0.0277544 -0.0273562 -0.00925611 -0.00914132 -0.00914191 -0.0092586 0.0232647 0.0232364 0.023237 0.0232635
1.165 -0.0159382 -0.0159382 -0.0159382 -0.0159382 0.0430022 0.0434945 0.0434886 0.0429798 -0.0370071 -0.037366 -0.0373598 -0.0369901 0.0121815 0.0122532 0.0122496 0.0121816
1.185 -0.0169479 -0.0169479 -0.0169479 -0.0169479 0.0274175 0.0275625 0.0275527 0.0274035 0.0098177 0.00982523 0.009845 0.00984706 -0.0329444 -0.0329464 -0.0329537 -0.0329709
1.205 0.00981942 0.00981942 0.00981942 0.00981942 -0.0232808 -0.023693 -0.0236929 -0.0232739 0.0401428 0.0405214 0.0405219 0.0401429 -0.0495606 -0.0496138 -0.049624 -0.0495724
1.225 0.0218626 0.0218626 0.0218626 0.0218626 -0.0102252 -0.0102701 -0.0102721 -0.0102069 -0.0156872 -0.0156848 -0.0156854 -0.0156892 -0.00796213 -0.00796458 -0.00796361 -0.00796439
1.245 0.0612675 0.0612675 0.0612675 0.0612675 0.0295914 0.0298511 0.0298504 0.0295805 -0.0608048 -0.0611583 -0.0611654 -0.0608184 0.0242442 0.024312 0.024315 0.0242508
1.265 -0.0171399 -0.0171399 -0.0171399 -0.0171399 0.0279039 0.0281785 0.0281783 0.0279032 -0.00855186 -0.00870889 -0.00871146 -0.0085561 -0.00219615 -0.00216124 -0.00215805 -0.00218964
1.285 -0.0433968 -0.0433968 -0.0433968 -0.0433968 -0.017763 -0.0180425 -0.0180432 -0.0177683 0.0630474 0.0634077 0.0634113 0.0630563 -0.0305804 -0.030642 -0.0306421 -0.0305808
1.305 -0.0994155 -0.0994155 -0.0994155 -0.0994155 -0.0338991 -0.0338969 -0.0338915 -0.0339046 0.0370804 0.0372187 0.0372196 0.0370838 0.00520168 0.00515964 0.00515949 0.00520034
1.325 0.0969867 0.0969867 0.0969867 0.0969867 -0.0186867 -0.0189483 -0.018945 -0.0186744 -0.0411857 -0.0412884 -0.041283 -0.0411726 0.0613409 0.0613529 0.0613601 0.0613916
1.345 -0.0192377 -0.0192377 -0.0192377 -0.0192377 0.0182876 0.0187361 0.0187387 0.0182944 -0.047967 -0.0483809 -0.0483862 -0.0479833 0.049539 0.0495955 0.0495945 0.0495216
1.365 -0.0423114 -0.0423114 -0.0423114 -0.0423114 -0.0101387 -0.0102118 -0.0102116 -0.010139 0.0336183 0.0337915 0.0337891 0.0336141 -0.0229025 -0.0229348 -0.0229429 -0.0229156
1.385 0.075804 0.075804 0.075804 0.075804 -0.00666948 -0.00729548 -0.00729625 -0.00667394 0.0520553 0.0525345 0.0525353 0.0520632 -0.0527758 -0.0528442 -0.0528461 -0.0527858
1.405 0.0237731 0.0237731 0.0237731 0.0237731 0.0691422 0.069558 0.0695611 0.0691473 -0.0186425 -0.0189061 -0.0189054 -0.0186411 -0.0164447 -0.0163745 -0.0163732 -0.0164429
1.425 -0.0854306 -0.0854306 -0.0854306 -0.0854306 0.0401716 0.0408872 0.0408885 0.0401786 -0.0277087 -0.02812 -0.0281195 -0.0277096 0.00896095 0.00903376 0.00903524 0.00896259
1.445 -0.00256779 -0.00256779 -0.00256779 -0.00256779 -0.0804835 -0.081087 -0.0810791 -0.0804536 0.0212594 0.0216282 0.0216257 0.0212479 0.00870805 0.00862223 0.00862189 0.00870858
1.465 0.0631628 0.0631628 0.0631628 0.0631628 -0.0837672 -0.0845244 -0.0845217 -0.08377 -0.00280257 -0.00246633 -0.00247027 -0.00280578 0.023919 0.023837 0.0238394 0.023923
1.485 0.0392136 0.0392136 0.0392136 0.0392136 0.040914 0.0413382 0.0413335 0.0409061 -0.0593199 -0.0597389 -0.059737 -0.0593168 0.0252221 0.0253008 0.0252983 0.0252169
1.505 -0.0609787 -0.0609787 -0.0609787 -0.0609787 0.0920955 0.0928939 0.0929035 0.0921088 -0.00875203 -0.00913799 -0.0091555 -0.00877443 -0.0320206 -0.0319249 -0.0319226 -0.0320173
1.525 -0.0942486 -0.0942486 -0.0942486 -0.0942486 -0.0203792 -0.0206243 -0.0206116 -0.0203691 0.0871085 0.0876026 0.0875846 0.0870997 -0.0757842 -0.0758233 -0.075818 -0.0757399
1.545 0.011442 0.011442 0.011442 0.011442 -0.0945543 -0.0953239 -0.0953199 -0.0945436 0.0305819 0.0310829 0.0310752 0.0305648 -0.0107576 -0.0108631 -0.010853 -0.0107448
1.565 0.249528 0.249528 0.249528 0.249528 0.00635259 0.00614716 0.00617174 0.00644721 -0.118252 -0.11864 -0.118637 -0.118257 0.0798497 0.0799134 0.0799189 0.0798386
1.585 -0.113009 -0.113009 -0.113009 -0.113009 0.124633 0.126266 0.126286 0.124686 -0.0848645 -0.0859169 -0.0859296 -0.0848893 0.0347473 0.0349454 0.0349353 0.034746
1.605 -0.165665 -0.165665 -0.165665 -0.165665 -0.0299698 -0.0302536 -0.0302674 -0.0299876 0.131586 0.132254 0.132249 0.131579 -0.0877364 -0.0878643 -0.0878603 -0.0877448
1.625 -0.00656207 -0.00656207 -0.00656207 -0.00656207 -0.133581 -0.135052 -0.135056 -0.133589 0.125322 0.126467 0.126448 0.125282 -0.0560421 -0.0563028 -0.056302 -0.0560736
1.645 0.139837 0.139837 0.139837 0.139837 0.00885948 0.00901149 0.00902019 0.00886812 -0.121026 -0.121602 -0.121613 -0.121044 0.0943032 0.0943996 0.0943908 0.0942918
1.665 0.0493752 0.0493752 0.0493752 0.0493752 0.110706 0.112063 0.112073 0.110753 -0.160464 -0.161734 -0.161728 -0.160496 0.0921982 0.0924438 0.092462 0.0921828
1.685 -0.0838449 -0.0838449 -0.0838449 -0.0838449 -0.00469559 -0.00488198 -0.00487767 -0.00469443 0.0851279 0.0855767 0.0855818 0.0851473 -0.0747397 -0.074795 -0.0747926 -0.0747171
1.705 -0.0430513 -0.0430513 -0.0430513 -0.0430513 -0.0822708 -0.0835592 -0.0835666 -0.0822922 0.173057 0.174347 0.174366 0.173108 -0.123785 -0.123981 -0.123931 -0.123707
1.725 0.0510464 0.0510464 0.0510464 0.0510464 0.0254365 0.0256102 0.0256061 0.0254313 -0.0408643 -0.041114 -0.0411075 -0.0408612 0.0214395 0.0214764 0.0214973 0.0214701
1.745 0.054809 0.054809 0.054809 0.054809 0.0890091 0.0901807 0.0901811 0.0890096 -0.162057 -0.163251 -0.163256 -0.162067 0.109992 0.110201 0.110202 0.11
1.765 -0.00344998 -0.00344998 -0.00344998 -0.00344998 -0.0447281 -0.0450441 -0.0450425 -0.0447249 0.00815939 0.00832744 0.00832503 0.00815474 0.016132 0.0160843 0.0160821 0.0161262
1.785 0.0775794 0.0775794 0.0775794 0.0775794 -0.098205 -0.0997652 -0.099765 -0.0982045 0.129456 0.130637 0.130637 0.129456 -0.0672625 -0.0674701 -0.0674712 -0.0672651
1.805 -0.183499 -0.183499 -0.183499 -0.183499 0.0700797 0.0711874 0.0711873 0.0700797 0.0103926 0.00995099 0.00995176 0.0103942 -0.0149092 -0.0148249 -0.0148257 -0.0149109
1.825 0.0934936 0.0934936 0.0934936 0.0934936 0.0824605 0.0829511 0.0829509 0.08246 -0.0668319 -0.0673758 -0.0673757 -0.0668316 0.0419598 0.0420728 0.0420731 0.0419603
1.845 -0.112271 -0.112271 -0.112271 -0.112271 -0.0428992 -0.0427333 -0.0427333 -0.0428992 0.00473718 0.0047066 0.00470659 0.00473716 0.0210047 0.0209827 0.0209826 0.0210046
1.865 -0.0417132 -0.0417132 -0.0417132 -0.0417132 -0.145416 -0.146396 -0.146389 -0.145394 0.0476826 0.0483617 0.0483595 0.0476759 -0.00156524 -0.00172098 -0.00172062 -0.00156426
1.885 0.0636127 0.0636127 0.0636127 0.0636127 -0.0492784 -0.0496065 -0.0496133 -0.0493207 -0.0518496 -0.0518587 -0.0518639 -0.0518583 0.0180373 0.0180263 0.0180288 0.0180422
1.905 0.177969 0.177969 0.177969 0.177969 0.124546 0.125105 0.125081 0.124479 -0.108479 -0.10912 -0.109104 -0.108414 -0.0102029 -0.0100386 -0.0100435 -0.0102134
1.925 -0.0956347 -0.0956347 -0.0956347 -0.0956347 0.138132 0.139156 0.139139 0.138109 0.0229251 0.0226347 0.0226448 0.0229465 -0.111631 -0.111521 -0.111523 -0.111633
1.945 0.0841371 0.0841371 0.0841371 0.0841371 -0.0253712 -0.0266102 -0.0266067 -0.0253599 0.140366 0.141475 0.141484 0.140374 -0.128708 -0.128879 -0.128863 -0.128695
1.965 0.136831 0.136831 0.136831 0.136831 -0.0079344 -0.00850922 -0.00850438 -0.00792547 0.0109403 0.0111493 0.0111486 0.0109385 0.0275611 0.0275193 0.0275333 0.0275795
1.985 -0.0417116 -0.0417116 -0.0417116 -0.0417116 0.078121 0.0794215 0.0794455 0.0780845 -0.106919 -0.108071 -0.10804 -0.106866 0.161753 0.161911 0.161914 0.16175
2.005 -0.189907 -0.189907 -0.189907 -0.189907 -0.0405957 -0.0401781 -0.0401853 -0.0406147 0.034687 0.0344876 0.0344964 0.0347325 0.11775 0.11771 0.117666 0.117696
2.025 -0.0763683 -0.0763683 -0.0763683 -0.0763683 -0.180948 -0.18251 -0.18249 -0.180911 0.165229 0.166424 0.166387 0.165136 0.0390654 0.0387745 0.0387633 0.0390355
2.045 0.0720542 0.0720542 0.0720542 0.0720542 -0.030426 -0.0308904 -0.0308639 -0.0303716 0.0221185 0.0222811 0.0222578 0.0220696 0.0624744 0.0624257 0.062429 0.06248
2.065 -0.112589 -0.112589 -0.112589 -0.112589 0.166808 0.168885 0.168895 0.166827 -0.111141 -0.112523 -0.112523 -0.111137 0.0557743 0.0560375 0.0560426 0.0557859
2.085 -0.0151617 -0.0151617 -0.0151617 -0.0151617 0.0297949 0.0298668 0.0298627 0.0297863 0.0168968 0.0170006 0.0170073 0.0169115 -0.0692678 -0.0692574 -0.0692566 -0.0692659
2.105 0.0842555 0.0842555 0.0842555 0.0842555 -0.126759 -0.128414 -0.12841 -0.126779 0.0893171 0.0905574 0.0905521 0.089304 -0.132274 -0.132481 -0.132479 -0.13227
2.125 0.120845 0.120845 0.120845 0.120845 0.00648728 0.00642411 0.00647866 0.00657026 -0.0915116 -0.0916642 -0.0916649 -0.091528 -0.0480774 -0.0480241 -0.0480209 -0.0480748
2.145 -0.0886522 -0.0886522 -0.0886522 -0.0886522 0.113996 0.115803 0.115857 0.114103 -0.177117 -0.178422 -0.178465 -0.177191 -0.00798125 -0.00772542 -0.00772236 -0.00797489
2.165 -0.0248446 -0.0248446 -0.0248446 -0.0248446 -0.0793053 -0.0798196 -0.0798028 -0.0792798 -0.000921037 -0.000497789 -0.000513278 -0.000951343 -0.0877299 -0.0877971 -0.0877908 -0.0877162
2.185 0.0709828 0.0709828 0.0709828 0.0709828 -0.146616 -0.148244 -0.148276 -0.146665 0.0599243 0.0610446 0.0610566 0.0599427 -0.100086 -0.100281 -0.10028 -0.100084
2.205 -0.0638002 -0.0638002 -0.0638002 -0.0638002 0.0308834 0.0316702 0.0316512 0.0308512 -0.0860614 -0.0866252 -0.0866152 -0.086043 -0.0050885 -0.00498595 -0.00498752 -0.00509174
2.225 -0.0927492 -0.0927492 -0.0927492 -0.0927492 0.0666156 0.0678529 0.0678513 0.0666096 -0.102525 -0.103402 -0.1034 -0.102521 0.0249717 0.0251319 0.0251324 0.0249725
2.245 0.111791 0.111791 0.111791 0.111791 -0.0770969 -0.0782433 -0.0782395 -0.077089 0.0443928 0.0450906 0.0450903 0.0443923 -0.0300189 -0.0301462 -0.0301488 -0.0300244
2.265 0.0468785 0.0468785 0.0468785 0.0468785 -0.0261222 -0.0267571 -0.026756 -0.0261194 0.0626268 0.0631166 0.063115 0.0626233 -0.026075 -0.026156 -0.0261546 -0.0260721
2.285 -0.00866674 -0.00866674 -0.00866674 -0.00866674 0.128698 0.129638 0.129645 0.128732 -0.0145252 -0.0151348 -0.0151359 -0.0145369 0.034516 0.034644 0.0346428 0.0345147
2.305 -0.117098 -0.117098 -0.117098 -0.117098 0.0673346 0.0681638 0.0681582 0.0673397 0.0333758 0.0329904 0.0329884 0.033366 0.0525081 0.052567 0.0525723 0.0525195
2.325 0.231196 0.231196 0.231196 0.231196 -0.0753334 -0.0770466 -0.0770576 -0.0753543 0.105894 0.106825 0.106829 0.105904 0.060601 0.0604165 0.0604129 0.0605934
2.345 0.116313 0.116313 0.116313 0.116313 0.071633 0.0716434 0.0716542 0.0716883 0.036877 0.0367141 0.0367146 0.0368696 0.107011 0.107034 0.107037 0.107018
2.365 -0.328026 -0.328026 -0.328026 -0.328026 0.165729 0.167961 0.167941 0.165691 0.0388376 0.0377463 0.0377588 0.0388635 0.103991 0.104167 0.104165 0.103986
2.385 -0.283128 -0.283128 -0.283128 -0.283128 -0.116909 -0.117285 -0.11734 -0.117006 0.164156 0.164808 0.164821 0.164209 0.0585778 0.0583926 0.058387 0.0585623
2.405 0.289885 0.289885 0.289885 0.289885 -0.262063 -0.265041 -0.265052 -0.262099 0.0622449 0.0636768 0.0636611 0.0622295 0.100929 0.100604 0.100603 0.100929
2.425 0.222904 0.222904 0.222904 0.222904 0.0997697 0.100665 0.100676 0.0997966 -0.209612 -0.210883 -0.210892 -0.209632 0.129192 0.129416 0.129411 0.12918
2.445 0.0506075 0.0506075 0.0506075 0.0506075 0.315501 0.317759 0.317767 0.315565 -0.109819 -0.111272 -0.11128 -0.109925 -0.074939 -0.074585 -0.0745791 -0.0749236
2.465 -0.0763063 -0.0763063 -0.0763063 -0.0763063 0.100789 0.100322 0.100331 0.100777 0.241067 0.242345 0.242383 0.241188 -0.3093 -0.309267 -0.309205 -0.309067
2.485 -0.274738 -0.274738 -0.274738 -0.274738 -0.119062 -0.119899 -0.119895 -0.119063 0.200649 0.201984 0.201983 0.200665 -0.18523 -0.185432 -0.185429 -0.185196
2.505 0.126571 0.126571 0.126571 0.126571 -0.1786 -0.179114 -0.179093 -0.178544 -0.209575 -0.210083 -0.210096 -0.209628 0.178036 0.178034 0.178016 0.178004
2.525 0.00134078 0.00134078 0.00134078 0.00134078 -0.119654 -0.118518 -0.118415 -0.119468 -0.372213 -0.374007 -0.373957 -0.372139 0.276975 0.277229 0.277327 0.277097
2.545 -0.188257 -0.188257 -0.188257 -0.188257 -0.15776 -0.157907 -0.157868 -0.15767 -0.0536475 -0.0534819 -0.0534461 -0.0535779 -0.0309663 -0.0309945 -0.0309649 -0.0309076
2.565 0.0910549 0.0910549 0.0910549 0.0910549 -0.0958707 -0.0980166 -0.0980326 -0.0959139 0.180604 0.18242 0.182382 0.18034 -0.319105 -0.319365 -0.319365 -0.319081
2.585 -0.0150379 -0.0150379 -0.0150379 -0.0150379 0.231542 0.232854 0.232817 0.231423 -0.018836 -0.0191641 -0.0191678 -0.01877 -0.278481 -0.278372 -0.278373 -0.278565
2.605 0.0808564 0.0808564 0.0808564 0.0808564 0.248189 0.25014 0.250138 0.248173 -0.177777 -0.179106 -0.179115 -0.177745 -0.110564 -0.110201 -0.110195 -0.110522
2.625 -0.245551 -0.245551 -0.245551 -0.245551 -0.134574 -0.134349 -0.134323 -0.134519 -0.0444094 -0.044435 -0.0444468 -0.0444385 -0.0180439 -0.01808 -0.0180738 -0.0180344
2.645 0.0802909 0.0802909 0.0802909 0.0802909 -0.444999 -0.44827 -0.44828 -0.445083 0.0292978 0.0310083 0.0310023 0.0293021 0.0695737 0.0691527 0.0691596 0.0695866
2.665 0.161282 0.161282 0.161282 0.161282 -0.121391 -0.121887 -0.12188 -0.12136 -0.167949 -0.168371 -0.168377 -0.167966 0.157733 0.157748 0.157752 0.157744
2.685 0.0104575 0.0104575 0.0104575 0.0104575 0.302301 0.30494 0.304951 0.302332 -0.151483 -0.153324 -0.153327 -0.151493 0.0356558 0.0360429 0.0360429 0.0356562
2.705 0.0935458 0.0935458 0.0935458 0.0935458 0.265507 0.265655 0.265659 0.265505 0.226203 0.226831 0.226829 0.226197 -0.215977 -0.215953 -0.215953 -0.215974
2.725 0.0165451 0.0165451 0.0165451 0.0165451 0.120224 0.119173 0.119204 0.120366 0.367215 0.368808 0.368815 0.367234 -0.181484 -0.18168 -0.181678 -0.18148
2.745 -0.172152 -0.172152 -0.172152 -0.172152 0.0575297 0.0583569 0.0583161 0.0573894 0.0866202 0.0860645 0.0859969 0.0863141 0.194916 0.19494 0.194929 0.194896
2.765 -0.0675337 -0.0675337 -0.0675337 -0.0675337 -0.139705 -0.139316 -0.139341 -0.139725 -0.113305 -0.114447 -0.114501 -0.113335 0.482587 0.482672 0.482828 0.482932
2.785 0.193163 0.193163 0.193163 0.193163 -0.275599 -0.277567 -0.277545 -0.27556 -0.0100608 -0.00972767 -0.00977863 -0.0102042 0.402912 0.402692 0.402707 0.402949
2.805 0.15005 0.15005 0.15005 0.15005 0.0421097 0.0414103 0.041427 0.0421353 0.126904 0.127319 0.127315 0.126919 0.100924 0.100834 0.100814 0.10089
2.825 -0.134724 -0.134724 -0.134724 -0.134724 0.420414 0.42262 0.422579 0.420274 0.197432 0.196967 0.196996 0.197514 -0.16577 -0.165562 -0.16558 -0.165814
2.845 -0.0980957 -0.0980957 -0.0980957 -0.0980957 0.296499 0.297644 0.297668 0.296534 0.226016 0.226246 0.22624 0.226006 -0.216407 -0.216321 -0.216317 -0.2164
2.865 0.0735722 0.0735722 0.0735722 0.0735722 -0.0819314 -0.0830165 -0.0829887 -0.0818697 0.0710307 0.0717458 0.0717368 0.0710114 -0.0045265 -0.00466991 -0.00467495 -0.00453658
2.885 0.226597 0.226597 0.226597 0.226597 -0.237707 -0.238915 -0.238911 -0.237698 -0.209362 -0.209639 -0.209646 -0.209377 0.245893 0.245832 0.245838 0.245905
2.905 0.0427108 0.0427108 0.0427108 0.0427108 -0.107109 -0.106605 -0.106609 -0.107117 -0.265867 -0.267032 -0.267031 -0.265865 0.205845 0.205971 0.205971 0.205845
2.925 -0.0326237 -0.0326237 -0.0326237 -0.0326237 0.00808143 0.00808968 0.00808709 0.00807586 0.00596903 0.00617802 0.00617975 0.00597082 -0.122399 -0.122401 -0.122401 -0.122399
2.945 -0.0401033 -0.0401033 -0.0401033 -0.0401033 0.109068 0.108726 0.108725 0.109068 0.186924 0.188036 0.188038 0.186925 -0.350314 -0.350393 -0.350391 -0.350325
2.965 -0.127294 -0.127294 -0.127294 -0.127294 0.170496 0.17159 0.171592 0.170498 0.040468 0.0403761 0.0403733 0.0404692 -0.24117 -0.241034 -0.241056 -0.241173
2.985 -0.198889 -0.198889 -0.198889 -0.198889 -0.045655 -0.0445998 -0.0445997 -0.0456554 -0.149544 -0.150338 -0.150339 -0.149545 0.0165756 0.0166914 0.0166904 0.0165733
3.005 -0.137864 -0.137864 -0.137864 -0.137864 -0.414222 -0.41553 -0.415493 -0.41419 -0.178694 -0.178504 -0.178518 -0.178744 0.154687 0.154497 0.154496 0.154686
3.025 0.0862436 0.0862436 0.0862436 0.0862436 -0.427799 -0.430035 -0.430062 -0.427817 -0.186465 -0.185827 -0.185838 -0.186484 0.103737 0.103508 0.103522 0.103766
3.045 0.104459 0.104459 0.104459 0.104459 0.0157042 0.0161237 0.0160718 0.0156148 -0.197634 -0.198186 -0.198165 -0.197584 -0.105978 -0.105843 -0.105856 -0.106008
3.065 0.122378 0.122378 0.122378 0.122378 0.367992 0.369657 0.369644 0.36801 -0.0399066 -0.0402886 -0.0402633 -0.0396804 -0.376412 -0.376185 -0.376209 -0.376511
3.085 0.101689 0.101689 0.101689 0.101689 0.30462 0.304974 0.304956 0.304585 0.168792 0.169501 0.169455 0.168703 -0.453822 -0.453782 -0.453792 -0.45388
3.105 0.023497 0.023497 0.023497 0.023497 0.0621035 0.0617115 0.0616994 0.0620779 0.118966 0.119616 0.119586 0.118894 -0.159044 -0.159085 -0.159051 -0.158966
3.125 0.039225 0.039225 0.039225 0.039225 -0.14173 -0.142052 -0.142047 -0.141719 -0.0987619 -0.0992348 -0.0992341 -0.0987601 0.289747 0.289728 0.289747 0.289792
3.145 0.0359497 0.0359497 0.0359497 0.0359497 -0.209718 -0.21017 -0.210165 -0.209708 -0.124336 -0.125077 -0.125073 -0.124326 0.485174 0.485125 0.485137 0.485198
3.165 -0.275219 -0.275219 -0.275219 -0.275219 -0.132412 -0.132437 -0.132513 -0.132682 0.116991 0.116972 0.11699 0.117012 0.317461 0.317316 0.317308 0.317451
3.185 -0.0420399 -0.0420399 -0.0420399 -0.0420399 0.0387263 0.0378888 0.0379001 0.0387134 0.307888 0.308936 0.308954 0.307919 0.0637093 0.0635131 0.0635113 0.0637047
3.205 -0.237377 -0.237377 -0.237377 -0.237377 0.262414 0.264077 0.264082 0.262451 0.222301 0.222035 0.222035 0.22231 -0.0140436 -0.0139549 -0.0139617 -0.014059
3.225 -0.0311657 -0.0311657 -0.0311657 -0.0311657 0.148208 0.149067 0.149066 0.14822 0.069013 0.0686313 0.0686242 0.0689962 0.0455839 0.045672 0.0456751 0.0455909
3.245 0.175782 0.175782 0.175782 0.175782 -0.116364 -0.117469 -0.117469 -0.116367 -0.0387764 -0.0385165 -0.0385184 -0.0387805 0.107232 0.107138 0.107137 0.107229
3.265 0.211672 0.211672 0.211672 0.211672 -0.140754 -0.141795 -0.141796 -0.140758 -0.126388 -0.126326 -0.126326 -0.126387 0.0798998 0.0798479 0.0798498 0.0799039
3.285 -0.0771755 -0.0771755 -0.0771755 -0.0771755 0.0324596 0.0334493 0.0334498 0.0324602 -0.122777 -0.123414 -0.123414 -0.122775 -0.0728093 -0.0726738 -0.0726742 -0.0728099
3.305 0.192875 0.192875 0.192875 0.192875 0.0935526 0.0932082 0.0932084 0.093553 -0.0104042 -0.00998915 -0.00998949 -0.0104044 -0.257406 -0.257367 -0.257367 -0.257406
3.325 0.021861 0.021861 0.021861 0.021861 0.139246 0.139645 0.139646 0.139248 0.0174689 0.0176887 0.0176884 0.0174678 -0.291163 -0.291081 -0.291081 -0.291163
3.345 -0.347026 -0.347026 -0.347026 -0.347026 0.00747774 0.00875142 0.00875138 0.00747772 -0.0397404 -0.0400922 -0.0400923 -0.0397409 -0.147361 -0.147277 -0.147277 -0.14736
3.365 -0.0480307 -0.0480307 -0.0480307 -0.0480307 -0.344389 -0.345909 -0.34591 -0.344389 -0.111428 -0.110853 -0.110853 -0.111428 0.0519568 0.0517535 0.0517535 0.0519569
3.385 0.511297 0.511297 0.511297 0.511297 -0.293803 -0.296351 -0.296354 -0.293806 -0.245663 -0.245328 -0.245328 -0.245663 0.157299 0.157164 0.157164 0.157299
3.405 0.23881 0.23881 0.23881 0.23881 0.250304 0.252007 0.252006 0.250302 -0.212922 -0.214488 -0.214488 -0.212923 0.0128493 0.0131995 0.0131995 0.0128495
3.425 -0.209186 -0.209186 -0.209186 -0.209186 0.454905 0.457449 0.457449 0.454907 0.20266 0.202223 0.202223 0.20266 -0.285437 -0.285184 -0.285184 -0.285437
3.445 -0.448525 -0.448525 -0.448525 -0.448525 0.0860342 0.0857617 0.0857587 0.0860284 0.49967 0.501562 0.501563 0.499672 -0.277046 -0.277314 -0.277313 -0.277046
3.465 0.00344013 0.00344013 0.00344013 0.00344013 -0.291603 -0.293949 -0.293949 -0.291603 0.157287 0.15858 0.158578 0.157282 0.228709 0.228344 0.228345 0.228713
3.485 0.0632438 0.0632438 0.0632438 0.0632438 -0.237774 -0.237192 -0.237176 -0.237763 -0.370301 -0.372437 -0.372526 -0.370417 0.680975 0.68107 0.680944 0.680959
3.505 -0.200561 -0.200561 -0.200561 -0.200561 -0.144281 -0.142956 -0.142931 -0.144248 -0.240389 -0.242216 -0.242348 -0.240564 0.464826 0.464857 0.464711 0.464663
3.525 -0.354307 -0.354307 -0.354307 -0.354307 -0.179903 -0.181224 -0.181215 -0.179884 0.29215 0.293938 0.293922 0.292104 -0.156069 -0.156462 -0.1565 -0.156182
3.545 0.00294469 0.00294469 0.00294469 0.00294469 0.0173337 0.0157133 0.0157132 0.0173237 0.281384 0.283512 0.283526 0.281436 -0.437776 -0.438016 -0.438021 -0.437799
3.565 0.124302 0.124302 0.124302 0.124302 0.357703 0.360074 0.360021 0.357425 -0.238357 -0.239868 -0.239812 -0.23818 -0.273732 -0.273295 -0.273313 -0.273793
3.585 -0.0802785 -0.0802785 -0.0802785 -0.0802785 0.132071 0.134683 0.134819 0.132299 -0.384496 -0.386501 -0.386486 -0.38451 -0.152246 -0.151821 -0.151824 -0.152249
3.605 -0.25104 -0.25104 -0.25104 -0.25104 -0.532914 -0.535378 -0.535228 -0.532757 -0.120052 -0.118518 -0.118584 -0.120118 -0.203451 -0.203815 -0.203826 -0.203481
3.625 -0.0428587 -0.0428587 -0.0428587 -0.0428587 -0.686437 -0.69024 -0.690212 -0.686364 -0.185278 -0.183309 -0.183352 -0.185363 -0.16659 -0.167037 -0.167002 -0.166518
3.645 0.126876 0.126876 0.126876 0.126876 -0.116365 -0.115503 -0.115514 -0.116365 -0.537463 -0.53911 -0.539143 -0.537675 -0.121199 -0.120925 -0.120964 -0.121282
3.665 0.203043 0.203043 0.203043 0.203043 0.307105 0.309715 0.309788 0.307243 -0.409236 -0.411123 -0.411069 -0.409196 -0.366144 -0.365596 -0.365566 -0.366083
3.685 0.421992 0.421992 0.421992 0.421992 0.247656 0.246518 0.246574 0.247763 0.125685 0.127242 0.127214 0.125587 -0.66085 -0.660716 -0.660602 -0.660504
3.705 0.461008 0.461008 0.461008 0.461008 0.304209 0.302899 0.302904 0.304215 0.260768 0.262402 0.262315 0.260634 -0.465191 -0.465168 -0.465125 -0.465037
3.725 -0.0352769 -0.0352769 -0.0352769 -0.0352769 0.409557 0.412411 0.412466 0.409747 0.0462258 0.0445405 0.0445299 0.046169 0.1509 0.151231 0.151198 0.150833
3.745 0.458018 0.458018 0.458018 0.458018 0.0760093 0.0748428 0.0749273 0.0759817 0.131701 0.131503 0.131266 0.131895 0.653759 0.653631 0.65355 0.653614
3.765 0.234219 0.234219 0.234219 0.234219 -0.0124044 -0.0142575 -0.0143429 -0.0126856 0.44008 0.44053 0.44039 0.439861 0.836466 0.836188 0.836297 0.836582
3.785 0.0916144 0.0916144 0.0916144 0.0916144 0.307582 0.307394 0.307365 0.307598 0.680233 0.680473 0.680451 0.680169 0.817442 0.817275 0.817338 0.817553
3.805 0.295323 0.295323 0.295323 0.295323 0.690249 0.690884 0.691039 0.689997 0.795083 0.794984 0.795 0.795197 0.749162 0.749149 0.749158 0.749197
3.825 0.0749395 0.0749395 0.0749395 0.0749395 0.803728 0.805846 0.805765 0.803688 0.857914 0.85741 0.857435 0.857969 0.721348 0.721422 0.721441 0.721385
3.845 -0.428929 -0.428929 -0.428929 -0.428929 0.385166 0.386592 0.386559 0.385213 0.860689 0.860868 0.860901 0.86075 0.784346 0.784128 0.784113 0.78432
3.865 -0.090572 -0.090572 -0.090572 -0.090572 -0.211826 -0.21431 -0.214326 -0.211841 0.583396 0.58469 0.584639 0.583303 0.923009 0.922476 0.922451 0.923151
3.885 0.0851002 0.0851002 0.0851002 0.0851002 -0.270952 -0.272179 -0.272166 -0.270905 0.0505333 0.0499917 0.0499564 0.0504862 0.890321 0.890026 0.889999 0.890162
3.905 -0.056212 -0.056212 -0.056212 -0.056212 0.0158686 0.0172798 0.0173516 0.0158171 -0.200371 -0.202133 -0.202139 -0.200376 0.356892 0.3571 0.357073 0.356867
3.925 -0.529943 -0.529943 -0.529943 -0.529943 0.044035 0.0457471 0.0459262 0.0438359 -0.0307478 -0.0306597 -0.0306775 -0.0307558 -0.506993 -0.506884 -0.506899 -0.507018
3.945 -1.02245 -1.02245 -1.02245 -1.02245 -0.352519 -0.352018 -0.353365 -0.354601 -0.0804812 -0.0781988 -0.0774855 -0.0790087 -1.049 -1.04881 -1.04867 -1.04843
3.965 -1.10918 -1.10918 -1.10918 -1.10918 -0.965742 -0.967234 -0.967464 -0.968459 -0.771632 -0.771125 -0.771347 -0.771795 -0.982084 -0.982368 -0.982294 -0.982215
3.985 -0.831885 -0.831885 -0.831885 -0.831885 -1.50289 -1.50405 -1.50424 -1.5025 -1.64373 -1.64504 -1.64513 -1.644 -0.811583 -0.81159 -0.811717 -0.811784
4.005 -0.735408 -0.735408 -0.735408 -0.735408 -1.69279 -1.6947 -1.69394 -1.69314 -1.99532 -1.99721 -1.99729 -1.99628 -1.183 -1.18353 -1.18344 -1.18381
4.025 -0.511083 -0.511083 -0.511083 -0.511083 -1.41603 -1.41811 -1.4181 -1.41582 -1.81413 -1.8133 -1.81351 -1.81402 -2.05093 -2.05069 -2.05086 -2.05085
4.045 0.203746 0.203746 0.203746 0.203746 -0.689462 -0.690965 -0.690669 -0.689183 -1.62473 -1.62322 -1.62295 -1.62395 -2.76478 -2.76412 -2.76397 -2.76431
4.065 0.976495 0.976495 0.976495 0.976495 0.174971 0.175924 0.176464 0.175712 -1.57428 -1.57542 -1.57538 -1.57594 -2.83642 -2.83553 -2.83547 -2.83654
4.085 1.269 1.269 1.269 1.269 0.614911 0.617085 0.61725 0.615458 -1.24479 -1.24594 -1.24594 -1.2446 -2.26887 -2.26773 -2.26765 -2.26875
4.105 0.943317 0.943317 0.943317 0.943317 0.439897 0.440211 0.440143 0.440065 -0.456281 -0.456034 -0.455801 -0.455832 -1.21481 -1.21426 -1.2142 -1.21465
4.125 0.865694 0.865694 0.865694 0.865694 0.209432 0.209535 0.209931 0.210526 0.36663 0.369492 0.369025 0.368385 0.228528 0.228334 0.228353 0.228573
4.145 0.403711 0.403711 0.403711 0.403711 0.517538 0.514454 0.514699 0.500875 0.989981 0.987016 0.983896 0.984083 1.73659 1.73507 1.73451 1.7349
4.165 0.0777101 0.0777101 0.0777101 0.0777101 0.940884 0.9439 0.939986 0.936983 1.76329 1.75654 1.75433 1.75607 2.79222 2.79172 2.79132 2.7921
4.185 0.0306244 0.0306244 0.0306244 0.0306244 1.16652 1.17584 1.17859 1.18577 2.65426 2.65659 2.65721 2.65784 3.2854 3.28442 3.28435 3.28515
4.205 0.168039 0.168039 0.168039 0.168039 1.41209 1.40917 1.4131 1.40983 3.09667 3.09935 3.10035 3.09904 3.51957 3.51862 3.51895 3.52034
4.225 0.169975 0.169975 0.169975 0.169975 1.71773 1.72381 1.72007 1.716 2.91891 2.91774 2.91712 2.91723 3.61633 3.61574 3.61566 3.61623
4.245 0.0953965 0.0953965 0.0953965 0.0953965 1.57547 1.57889 1.5758 1.57105 2.5615 2.56026 2.5598 2.56076 3.36325 3.36294 3.36324 3.36378
4.265 0.402997 0.402997 0.402997 0.402997 0.962572 0.960773 0.960558 0.960883 2.16501 2.1661 2.16628 2.16535 2.69704 2.69627 2.69621 2.69691
4.285 0.659741 0.659741 0.659741 0.659741 0.662883 0.660999 0.661539 0.663507 1.40246 1.40323 1.40335 1.40253 1.79899 1.79853 1.79859 1.79914
4.305 -0.0749383 -0.0749383 -0.0749383 -0.0749383 0.627727 0.63175 0.631666 0.630791 0.473522 0.471779 0.471751 0.474034 0.710772 0.710936 0.71088 0.710544
4.325 0.134138 0.134138 0.134138 0.134138 0.0626163 0.0530272 0.0554958 0.0684717 -0.19593 -0.197846 -0.195211 -0.200509 -0.519133 -0.518702 -0.518749 -0.519193
4.345 0.116255 0.116255 0.116255 0.116255 -0.563052 -0.57853 -0.568202 -0.560116 -0.915296 -0.909988 -0.911727 -0.912739 -1.55174 -1.55134 -1.5491 -1.55568
4.365 -0.463054 -0.463054 -0.463054 -0.463054 -0.947694 -0.949205 -0.951877 -0.950373 -1.8188 -1.8178 -1.81569 -1.81545 -2.21973 -2.21887 -2.22004 -2.21956
4.385 -0.36078 -0.36078 -0.36078 -0.36078 -1.39678 -1.39434 -1.39005 -1.38961 -2.45459 -2.45739 -2.45728 -2.45897 -2.71351 -2.71349 -2.7138 -2.71446
4.405 0.0634829 0.0634829 0.0634829 0.0634829 -1.63051 -1.63167 -1.63689 -1.63775 -2.69898 -2.69911 -2.70245 -2.70316 -3.12707 -3.12561 -3.12508 -3.12498
4.425 -0.00366382 -0.00366382 -0.00366382 -0.00366382 -1.31824 -1.31913 -1.32544 -1.32143 -2.68662 -2.68651 -2.68654 -2.68576 -3.34978 -3.34905 -3.34907 -3.3499
4.445 -0.538658 -0.538658 -0.538658 -0.538658 -0.915445 -0.914505 -0.91442 -0.916753 -2.3356 -2.33616 -2.33542 -2.33421 -3.2608 -3.25971 -3.25952 -3.26022
4.465 -0.568305 -0.568305 -0.568305 -0.568305 -0.964185 -0.964283 -0.963538 -0.963175 -1.72932 -1.7284 -1.72808 -1.72879 -2.69663 -2.69638 -2.69664 -2.6972
4.485 -0.829792 -0.829792 -0.829792 -0.829792 -1.12098 -1.12189 -1.12147 -1.12038 -1.2533 -1.25262 -1.25279 -1.2538 -1.6034 -1.60337 -1.60336 -1.60337
4.505 -0.738667 -0.738667 -0.738667 -0.738667 -1.07528 -1.07662 -1.07758 -1.07634 -0.906941 -0.906765 -0.906818 -0.906501 -0.334256 -0.334453 -0.334591 -0.334338
4.525 -0.796583 -0.796583 -0.796583 -0.796583 -0.740074 -0.737174 -0.740831 -0.739471 -0.351332 -0.350026 -0.349821 -0.351654 0.570005 0.569865 0.570131 0.570464
4.545 -0.983021 -0.983021 -0.983021 -0.983021 -0.294213 -0.297748 -0.300267 -0.30563 0.477496 0.476971 0.476408 0.476999 0.944419 0.943878 0.943833 0.943964
4.565 -0.771972 -0.771972 -0.771972 -0.771972 0.0911733 0.0924267 0.0881825 0.0907507 1.12939 1.13152 1.13178 1.13036 1.11202 1.11121 1.11123 1.11193
4.585 -0.262394 -0.262394 -0.262394 -0.262394 0.490502 0.49048 0.491676 0.493335 1.2336 1.23475 1.23419 1.23224 1.3719 1.37174 1.37216 1.37268
4.605 0.727083 0.727083 0.727083 0.727083 0.833619 0.8339 0.834903 0.835037 1.05792 1.05715 1.05689 1.05778 1.58804 1.58797 1.58801 1.58809
4.625 1.01795 1.01795 1.01795 1.01795 1.14135 1.14259 1.1426 1.1416 1.07858 1.07728 1.07723 1.07843 1.48661 1.48676 1.48684 1.48681
4.645 0.743468 0.743468 0.743468 0.743468 1.2541 1.2551 1.25503 1.25368 1.36013 1.36014 1.36019 1.36018 1.14608 1.14603 1.14596 1.14593
4.665 0.356823 0.356823 0.356823 0.356823 1.0618 1.06224 1.06213 1.06137 1.47332 1.47442 1.47442 1.47331 0.965503 0.965294 0.965312 0.965544
4.685 0.256335 0.256335 0.256335 0.256335 0.668245 0.668308 0.668329 0.668145 1.11444 1.11491 1.11492 1.11444 1.12321 1.12295 1.12293 1.12317
4.705 0.44197 0.44197 0.44197 0.44197 0.281979 0.281479 0.281512 0.282032 0.553841 0.553148 0.553146 0.553837 1.28204 1.28188 1.28189 1.28206
4.725 0.966808 0.966808 0.966808 0.966808 0.163892 0.161586 0.161128 0.163688 0.241856 0.241491 0.241463 0.241849 0.997843 0.997697 0.997688 0.997803
4.745 1.29493 1.29493 1.29493 1.29493 0.624348 0.624002 0.623021 0.624781 0.244829 0.244411 0.244303 0.244512 0.26711 0.267274 0.26728 0.267158
4.765 0.151393 0.151393 0.151393 0.151393 1.14255 1.14783 1.14789 1.14307 0.440696 0.438589 0.439223 0.440216 -0.4752 -0.474547 -0.47459 -0.475242
4.785 -0.269597 -0.269597 -0.269597 -0.269597 0.644601 0.645564 0.646015 0.643816 0.563504 0.565224 0.565541 0.564197 -0.67728 -0.677162 -0.677133 -0.677268
4.805 0.0182274 0.0182274 0.0182274 0.0182274 -0.370125 -0.372326 -0.37121 -0.366766 0.090739 0.0929211 0.0929452 0.0910397 -0.132767 -0.133184 -0.133226 -0.132844
4.825 0.104159 0.104159 0.104159 0.104159 -0.801883 -0.804322 -0.802579 -0.797699 -0.747018 -0.748703 -0.748881 -0.747446 0.528297 0.528234 0.528294 0.528379
4.845 -0.495625 -0.495625 -0.495625 -0.495625 -0.71082 -0.709659 -0.709226 -0.712754 -0.924919 -0.927798 -0.928222 -0.925132 0.375994 0.376123 0.376195 0.375916
4.865 -0.956659 -0.956659 -0.956659 -0.956659 -0.673672 -0.673822 -0.674939 -0.675487 -0.318556 -0.318007 -0.317675 -0.31668 -0.555225 -0.555326 -0.555192 -0.554974
4.885 -0.24532 -0.24532 -0.24532 -0.24532 -0.508286 -0.510199 -0.511293 -0.507673 -0.0970877 -0.0928228 -0.0911322 -0.0959545 -1.2616 -1.26181 -1.2618 -1.26168
4.905 0.192751 0.192751 0.192751 0.192751 0.0999466 0.102242 0.101918 0.100301 -0.738473 -0.739221 -0.738728 -0.737742 -1.22659 -1.22594 -1.22599 -1.22673
4.925 -0.315941 -0.315941 -0.315941 -0.315941 0.197701 0.2031 0.202989 0.196738 -1.10634 -1.11004 -1.11013 -1.10595 -0.985861 -0.984979 -0.985069 -0.986129
4.945 -1.17719 -1.17719 -1.17719 -1.17719 -0.851456 -0.849996 -0.850193 -0.85137 -0.647782 -0.647593 -0.647565 -0.648001 -0.910137 -0.910238 -0.910307 -0.91024
4.965 -0.963694 -0.963694 -0.963694 -0.963694 -1.81826 -1.82482 -1.8251 -1.81828 -0.503525 -0.499374 -0.499346 -0.503737 -0.642428 -0.643482 -0.643529 -0.642443
4.985 -0.419749 -0.419749 -0.419749 -0.419749 -1.36806 -1.37091 -1.37137 -1.36882 -1.21688 -1.21735 -1.21724 -1.21676 -0.225529 -0.2257 -0.225652 -0.225428
5.005 -0.149193 -0.149193 -0.149193 -0.149193 -0.301685 -0.297809 -0.297947 -0.302075 -1.45654 -1.461 -1.46091 -1.45626 -0.440351 -0.439507 -0.43953 -0.440419
5.025 -0.377344 -0.377344 -0.377344 -0.377344 0.0644773 0.0683006 0.0679911 0.0658856 -0.506426 -0.506408 -0.505571 -0.506072 -1.32371 -1.32347 -1.32398 -1.32403
5.045 -0.434579 -0.434579 -0.434579 -0.434579 -0.123569 -0.126086 -0.125735 -0.123458 0.260424 0.265062 0.264976 0.260535 -1.67889 -1.67934 -1.67933 -1.67919
5.065 -0.161469 -0.161469 -0.161469 -0.161469 -0.165042 -0.165644 -0.165689 -0.165207 -0.239692 -0.238703 -0.238797 -0.239835 -0.822621 -0.822577 -0.822568 -0.822621
5.085 0.406153 0.406153 0.406153 0.406153 -0.214423 -0.212636 -0.212982 -0.214317 -0.935542 -0.939151 -0.939281 -0.935843 0.314769 0.315307 0.315324 0.314845
5.105 1.33363 1.33363 1.33363 1.33363 -0.226994 -0.229906 -0.229648 -0.226743 -0.551711 -0.554088 -0.55403 -0.552614 0.598815 0.598835 0.598932 0.598805
5.125 1.27367 1.27367 1.27367 1.27367 0.553457 0.548249 0.54745 0.546635 0.509456 0.510792 0.510662 0.510281 0.187026 0.186928 0.186918 0.186904
5.145 0.910333 0.910333 0.910333 0.910333 1.74627 1.74845 1.74784 1.74553 1.33563 1.33641 1.33633 1.33615 0.0180029 0.0182993 0.0183135 0.0179465
5.165 1.01553 1.01553 1.01553 1.01553 2.18308 2.18175 2.1859 2.18247 1.72394 1.72416 1.72442 1.72519 0.641836 0.642192 0.642167 0.641718
5.185 0.885536 0.885536 0.885536 0.885536 1.58423 1.58744 1.58759 1.58932 1.86859 1.86935 1.86854 1.86913 1.87353 1.87351 1.87308 1.87307
5.205 0.106858 0.106858 0.106858 0.106858 0.642596 0.642686 0.643657 0.643816 1.91591 1.91457 1.91466 1.91223 3.08292 3.08239 3.08247 3.0834
5.225 -0.315112 -0.315112 -0.315112 -0.315112 0.0643554 0.0620494 0.0621863 0.0640274 1.90882 1.90776 1.90683 1.90573 3.63926 3.63804 3.63806 3.63926
5.245 -0.314896 -0.314896 -0.314896 -0.314896 0.211123 0.209595 0.209491 0.210569 1.81976 1.81952 1.81912 1.81922 3.26212 3.26126 3.26135 3.26233
5.265 0.333298 0.333298 0.333298 0.333298 0.874617 0.874609 0.874574 0.874293 1.63048 1.63057 1.63078 1.63096 2.13848 2.13811 2.13815 2.13859
5.285 -0.0359685 -0.0359685 -0.0359685 -0.0359685 1.43042 1.43638 1.4359 1.43097 1.33391 1.33374 1.3343 1.33449 0.792611 0.792846 0.792842 0.79253
5.305 -0.854409 -0.854409 -0.854409 -0.854409 0.840942 0.845537 0.846069 0.843071 0.88401 0.885166 0.88527 0.885031 -0.195109 -0.194914 -0.194992 -0.195212
5.325 -1.01883 -1.01883 -1.01883 -1.01883 -0.77146 -0.773774 -0.772304 -0.768717 -0.0950009 -0.0923337 -0.0939025 -0.0958935 -0.513026 -0.513461 -0.513448 -0.513048
5.345 -0.386967 -0.386967 -0.386967 -0.386967 -2.01915 -2.01464 -2.00902 -2.00878 -1.64472 -1.64785 -1.64989 -1.64864 -0.570653 -0.57033 -0.570151 -0.569475
5.365 0.437526 0.437526 0.437526 0.437526 -1.9322 -1.93344 -1.93106 -1.9282 -2.86711 -2.86593 -2.87024 -2.86653 -1.31112 -1.31102 -1.30915 -1.30937
5.385 0.945165 0.945165 0.945165 0.945165 -0.830875 -0.831449 -0.832863 -0.83241 -2.83097 -2.8334 -2.83301 -2.83236 -3.05617 -3.05501 -3.05451 -3.05532
5.405 0.370527 0.370527 0.370527 0.370527 0.225395 0.228221 0.227718 0.224173 -1.94918 -1.94396 -1.93797 -1.93598 -4.71435 -4.7115 -4.70874 -4.70889
5.425 -0.943924 -0.943924 -0.943924 -0.943924 0.177444 0.182312 0.181993 0.177066 -1.38921 -1.3897 -1.39182 -1.39491 -4.76973 -4.77025 -4.77027 -4.77199
5.445 -1.49666 -1.49666 -1.49666 -1.49666 -1.34001 -1.33966 -1.33962 -1.33994 -1.72804 -1.72749 -1.72973 -1.73194 -2.90039 -2.90029 -2.90086 -2.90111
5.465 0.186122 0.186122 0.186122 0.186122 -2.80328 -2.81289 -2.81279 -2.80349 -2.45078 -2.44962 -2.44971 -2.45042 -0.443179 -0.443786 -0.443954 -0.443244
5.485 0.249257 0.249257 0.249257 0.249257 -2.15088 -2.15513 -2.15546 -2.15034 -2.37354 -2.37724 -2.3767 -2.37247 0.713027 0.71367 0.714063 0.713887
5.505 -0.973391 -0.973391 -0.973391 -0.973391 -0.299007 -0.294233 -0.29318 -0.295832 -0.625711 -0.629269 -0.628791 -0.625953 -0.0131853 -0.0126492 -0.0126299 -0.0130725
5.525 -1.26163 -1.26163 -1.26163 -1.26163 0.839378 0.821825 0.826308 0.827984 1.55846 1.5624 1.56183 1.56121 -1.01506 -1.01532 -1.01534 -1.0152
5.545 0.0361602 0.0361602 0.0361602 0.0361602 1.19028 1.18214 1.17732 1.18876 1.95403 1.96214 1.96879 1.9589 -0.321686 -0.322275 -0.322687 -0.321969
5.565 1.25864 1.25864 1.25864 1.25864 1.32827 1.32802 1.32874 1.32826 0.838097 0.835868 0.835572 0.845441 1.745 1.74427 1.7454 1.7449
5.585 0.976087 0.976087 0.976087 0.976087 0.96773 0.969715 0.972484 0.965602 0.623762 0.610887 0.61778 0.623572 3.12099 3.1214 3.11994 3.12141
5.605 0.363986 0.363986 0.363986 0.363986 0.2987 0.294796 0.294592 0.298222 1.92267 1.92512 1.925 1.92539 2.95067 2.94942 2.94967 2.95096
5.625 0.621874 0.621874 0.621874 0.621874 0.679013 0.672392 0.672362 0.678867 2.74612 2.75201 2.75179 2.74625 2.33644 2.33488 2.33481 2.33618
5.645 0.729967 0.729967 0.729967 0.729967 2.16425 2.16874 2.16865 2.16367 2.19458 2.19279 2.19261 2.19394 2.13371 2.13396 2.13398 2.13378
5.665 -0.573812 -0.573812 -0.573812 -0.573812 2.39258 2.40478 2.40477 2.39198 1.77785 1.77207 1.77198 1.77761 1.94971 1.95063 1.95058 1.94961
5.685 -0.845726 -0.845726 -0.845726 -0.845726 0.274649 0.272897 0.272901 0.274145 1.9417 1.94472 1.94471 1.94165 1.63672 1.63571 1.63575 1.63682
5.705 0.464569 0.464569 0.464569 0.464569 -1.35126 -1.36486 -1.36444 -1.35131 0.978631 0.985079 0.985127 0.9786 1.634 1.63205 1.632 1.63391
5.725 1.88557 1.88557 1.88557 1.88557 -0.353555 -0.355307 -0.362734 -0.353255 -0.976417 -0.980269 -0.980524 -0.97716 1.32738 1.3277 1.32784 1.32768
5.745 1.67294 1.67294 1.67294 1.67294 1.46302 1.46763 1.46777 1.46216 -1.32457 -1.33404 -1.33484 -1.32546 -0.462025 -0.459284 -0.459442 -0.461959
5.765 0.525876 0.525876 0.525876 0.525876 1.61647 1.62067 1.61995 1.61665 0.288894 0.286746 0.288533 0.288276 -2.86521 -2.86348 -2.8643 -2.86556
5.785 0.471839 0.471839 0.471839 0.471839 0.583471 0.576297 0.577728 0.583786 0.830811 0.840728 0.841159 0.832984 -3.3165 -3.3182 -3.31801 -3.3172
5.805 0.512211 0.512211 0.512211 0.512211 -0.116004 -0.114604 -0.113715 -0.112998 -0.979764 -0.981205 -0.981388 -0.980888 -1.27207 -1.27124 -1.27137 -1.27181
5.825 -0.162976 -0.162976 -0.162976 -0.162976 -0.977112 -0.972369 -0.972139 -0.977512 -2.31687 -2.32505 -2.32594 -2.31769 0.731672 0.732556 0.732941 0.73226
5.845 -1.23717 -1.23717 -1.23717 -1.23717 -2.18914 -2.19343 -2.19294 -2.18888 -1.27108 -1.27185 -1.27219 -1.27104 0.7337 0.732993 0.733007 0.733727
5.865 -3.4014 -3.4014 -3.4014 -3.4014 -2.36899 -2.37346 -2.37412 -2.36952 0.15815 0.163247 0.162963 0.157766 -0.340737 -0.342393 -0.342438 -0.340786
5.885 -3.3531 -3.3531 -3.3531 -3.3531 -1.69213 -1.69218 -1.69222 -1.69268 -0.130561 -0.127458 -0.127466 -0.131016 -0.870071 -0.871109 -0.871304 -0.870303
5.905 -1.97307 -1.97307 -1.97307 -1.97307 -1.20872 -1.20562 -1.2073 -1.20758 -1.53554 -1.53841 -1.53841 -1.53545 -0.868152 -0.867878 -0.867862 -0.868287
5.925 -1.03653 -1.03653 -1.03653 -1.03653 -1.53521 -1.53545 -1.53497 -1.53752 -2.26594 -2.26806 -2.26842 -2.26568 -1.33755 -1.33706 -1.33704 -1.33761
5.945 -0.179728 -0.179728 -0.179728 -0.179728 -1.90063 -1.90637 -1.90694 -1.90196 -2.13845 -2.13513 -2.13971 -2.13952 -2.40493 -2.4052 -2.40545 -2.40532
5.965 -0.630198 -0.630198 -0.630198 -0.630198 -1.26599 -1.26665 -1.26667 -1.26587 -2.15516 -2.15494 -2.15471 -2.1554 -3.29019 -3.28989 -3.29003 -3.29063
5.985 -0.625173 -0.625173 -0.625173 -0.625173 -0.668545 -0.665036 -0.664829 -0.668222 -2.31453 -2.31579 -2.3152 -2.31371 -3.5314 -3.53037 -3.53045 -3.53157
6.005 -0.243732 -0.243732 -0.243732 -0.243732 -0.921124 -0.920763 -0.920702 -0.921193 -2.19621 -2.19619 -2.19603 -2.19584 -3.14864 -3.14793 -3.14797 -3.14871
6.025 0.383437 0.383437 0.383437 0.383437 -1.28504 -1.28957 -1.28964 -1.28541 -1.93051 -1.92907 -1.92913 -1.93064 -2.28758 -2.28742 -2.28742 -2.28759
6.045 0.614498 0.614498 0.614498 0.614498 -0.831647 -0.83429 -0.834104 -0.831794 -1.58283 -1.58332 -1.5834 -1.58287 -1.28179 -1.28148 -1.2815 -1.28183
6.065 1.0427 1.0427 1.0427 1.0427 0.169404 0.178688 0.176072 0.176589 -0.720706 -0.720749 -0.72026 -0.718681 -0.528983 -0.528698 -0.529124 -0.528204
6.085 1.68894 1.68894 1.68894 1.68894 1.26109 1.24663 1.25016 1.25457 0.677959 0.675533 0.678406 0.675839 0.0615485 0.0622381 0.0628591 0.0614582
6.105 2.44286 2.44286 2.44286 2.44286 2.36853 2.35454 2.35796 2.36705 1.99982 1.99914 2.0007 2.00731 1.01089 1.01239 1.01073 1.00845
6.125 2.04332 2.04332 2.04332 2.04332 3.1871 3.1949 3.19591 3.19864 3.01237 3.01027 3.00726 3.00791 2.53588 2.53598 2.53601 2.53658
6.145 -0.138979 -0.138979 -0.138979 -0.138979 2.6105 2.61243 2.60703 2.61868 3.78599 3.81325 3.79738 3.80681 4.32578 4.32269 4.32217 4.32015
6.165 -1.47978 -1.47978 -1.47978 -1.47978 1.3709 1.33967 1.33212 1.31987 4.1863 4.17045 4.16389 4.16346 5.83091 5.82935 5.82543 5.8272
6.185 -1.80915 -1.80915 -1.80915 -1.80915 -0.135206 -0.0891312 -0.0873844 -0.0578189 4.17112 4.16664 4.1671 4.14388 6.49436 6.49075 6.49084 6.49379
6.205 0.12898 0.12898 0.12898 0.12898 -0.306392 -0.321032 -0.308492 -0.308278 3.30512 3.30338 3.30026 3.29545 6.03606 6.03453 6.03386 6.03671
6.225 1.98839 1.98839 1.98839 1.98839 1.59391 1.58986 1.58405 1.57943 2.00251 2.00008 2.0004 2.00627 4.14754 4.14779 4.14843 4.14897
6.245 2.22911 2.22911 2.22911 2.22911 3.61608 3.62548 3.62128 3.60933 1.684 1.67865 1.68044 1.68812 1.02881 1.03049 1.03074 1.02946
6.265 0.312647 0.312647 0.312647 0.312647 3.44829 3.46225 3.46006 3.4472 2.0833 2.09039 2.08486 2.10268 -1.6987 -1.69868 -1.69909 -1.69394
6.285 -0.905363 -0.905363 -0.905363 -0.905363 0.763372 0.758385 0.749502 0.762634 1.24361 1.24582 1.24632 1.24165 -2.14394 -2.14505 -2.1423 -2.14272
6.305 -0.398134 -0.398134 -0.398134 -0.398134 -2.57273 -2.58842 -2.55644 -2.4773 -1.62105 -1.61681 -1.61349 -1.61727 -0.567358 -0.567697 -0.568562 -0.56764
6.325 0.790047 0.790047 0.790047 0.790047 -3.60775 -3.63166 -3.61319 -3.58877 -4.46969 -4.46944 -4.47528 -4.46888 0.260223 0.260997 0.262334 0.262435
6.345 0.483083 0.483083 0.483083 0.483083 -2.46457 -2.46994 -2.47558 -2.48352 -4.38598 -4.39375 -4.40065 -4.40135 -1.92044 -1.91922 -1.91793 -1.91914
6.365 0.166729 0.166729 0.166729 0.166729 -0.71258 -0.712011 -0.718811 -0.708518 -2.18931 -2.17959 -2.18909 -2.19218 -5.57317 -5.57609 -5.57576 -5.57753
6.385 0.355697 0.355697 0.355697 0.355697 0.98367 0.985512 0.987473 0.985133 -1.23315 -1.2355 -1.24124 -1.2647 -7.06668 -7.06432 -7.06289 -7.06346
6.405 0.703295 0.703295 0.703295 0.703295 1.23372 1.24216 1.24297 1.234 -2.11672 -2.11782 -2.11904 -2.12195 -5.21773 -5.21281 -5.20891 -5.20909
6.425 0.97812 0.97812 0.97812 0.97812 -0.599623 -0.598335 -0.598098 -0.600284 -2.63921 -2.64115 -2.63905 -2.63204 -1.84275 -1.84116 -1.84045 -1.84148
6.445 0.796482 0.796482 0.796482 0.796482 -2.4195 -2.43163 -2.43669 -2.37323 -1.64631 -1.66554 -1.65847 -1.65639 0.786753 0.783934 0.784074 0.786212
6.465 0.701931 0.701931 0.701931 0.701931 -1.54415 -1.53984 -1.55438 -1.5661 -0.0884743 -0.0991085 -0.107058 -0.092716 1.95918 1.96764 1.96275 1.96216
6.485 0.562449 0.562449 0.562449 0.562449 1.28383 1.31829 1.32402 1.30695 1.56133 1.5615 1.56369 1.56527 2.03041 2.03132 2.03109 2.02955
6.505 -0.110538 -0.110538 -0.110538 -0.110538 3.5272 3.54254 3.54559 3.5326 3.38949 3.38845 3.39577 3.39503 1.89921 1.89786 1.89575 1.8945
6.525 -0.5553 -0.5553 -0.5553 -0.5553 3.31946 3.31879 3.3188 3.31022 4.65929 4.66206 4.66015 4.65628 2.72419 2.72387 2.72429 2.72538
6.545 -0.676695 -0.676695 -0.676695 -0.676695 1.51222 1.504 1.5048 1.50535 4.36128 4.36334 4.36115 4.3556 4.80224 4.80167 4.80182 4.80353
6.565 -0.983874 -0.983874 -0.983874 -0.983874 -0.121921 -0.128893 -0.128842 -0.127596 2.96655 2.96245 2.96131 2.96045 6.69904 6.69613 6.69752 6.69965
6.585 -1.37676 -1.37676 -1.37676 -1.37676 -0.799854 -0.805099 -0.805369 -0.804325 2.04784 2.04471 2.04408 2.0429 6.4516 6.44694 6.44695 6.44803
6.605 -1.45766 -1.45766 -1.45766 -1.45766 -0.508425 -0.514622 -0.514941 -0.514004 1.975 1.97492 1.9745 1.9722 3.76013 3.75917 3.75852 3.7604
6.625 -0.624458 -0.624458 -0.624458 -0.624458 0.469996 0.476242 0.474139 0.47368 1.5037 1.49688 1.49817 1.50926 0.267376 0.267973 0.269315 0.270134
6.645 0.0316623 0.0316623 0.0316623 0.0316623 1.23806 1.23153 1.23843 1.20386 -0.195579 -0.175203 -0.189896 -0.204356 -2.3176 -2.31583 -2.31279 -2.31617
6.665 0.250475 0.250475 0.250475 0.250475 0.386502 0.431975 0.430193 0.357857 -2.15498 -2.168 -2.18886 -2.19301 -3.72318 -3.71831 -3.71873 -3.72303
6.685 -0.124592 -0.124592 -0.124592 -0.124592 -1.95019 -1.88289 -1.90427 -1.80378 -3.50189 -3.49321 -3.48947 -3.48316 -4.39819 -4.39873 -4.39765 -4.39833
6.705 -0.414154 -0.414154 -0.414154 -0.414154 -2.92797 -2.94741 -2.94837 -2.94879 -4.31594 -4.31482 -4.31285 -4.31342 -4.681 -4.68068 -4.68044 -4.67998
6.725 -1.16496 -1.16496 -1.16496 -1.16496 -3.22125 -3.26788 -3.30323 -3.27519 -4.7342 -4.73467 -4.73346 -4.73152 -4.8512 -4.85062 -4.85099 -4.85185
6.745 -1.03044 -1.03044 -1.03044 -1.03044 -3.36198 -3.37672 -3.37842 -3.39714 -4.67212 -4.67218 -4.67242 -4.67632 -5.04058 -5.03922 -5.03838 -5.03896
6.765 -0.186533 -0.186533 -0.186533 -0.186533 -2.79879 -2.80213 -2.8137 -2.8162 -4.31228 -4.31136 -4.31321 -4.31685 -5.08016 -5.0797 -5.08002 -5.0808
6.785 -0.294814 -0.294814 -0.294814 -0.294814 -1.53289 -1.53533 -1.53566 -1.54381 -3.69684 -3.69867 -3.69919 -3.69856 -4.75143 -4.75036 -4.75076 -4.75223
6.805 -0.949698 -0.949698 -0.949698 -0.949698 -0.759704 -0.756044 -0.754971 -0.761901 -2.54509 -2.54741 -2.54745 -2.54619 -3.92075 -3.9192 -3.91873 -3.91974
6.825 -1.16999 -1.16999 -1.16999 -1.16999 -0.97514 -0.974514 -0.973817 -0.972895 -1.19614 -1.19491 -1.19284 -1.19382 -2.3634 -2.36361 -2.36403 -2.36432
6.845 -0.179922 -0.179922 -0.179922 -0.179922 -1.25182 -1.18383 -1.19625 -1.22679 -0.39267 -0.402444 -0.391376 -0.382601 -0.13778 -0.140765 -0.141991 -0.139782
6.865 0.849933 0.849933 0.849933 0.849933 -0.0330303 -0.100112 -0.109844 -0.031203 0.0562338 0.0635061 0.044788 0.0489132 1.9242 1.91993 1.92188 1.92317
6.885 1.23323 1.23323 1.23323 1.23323 1.60977 1.60371 1.57544 1.58531 1.43346 1.42568 1.41343 1.40116 2.83597 2.83538 2.8348 2.83874
6.905 0.573827 0.573827 0.573827 0.573827 2.76941 2.75535 2.75861 2.77247 3.63608 3.63834 3.63794 3.637 2.93257 2.93444 2.93786 2.93941
6.925 -0.329366 -0.329366 -0.329366 -0.329366 2.73338 2.72334 2.72802 2.70545 5.06406 5.07009 5.07431 5.07594 3.59299 3.59098 3.58953 3.58959
6.945 -0.527043 -0.527043 -0.527043 -0.527043 2.21933 2.09794 2.10872 2.04231 4.59848 4.59182 4.59135 4.59001 5.28877 5.28527 5.28651 5.28969
6.965 -0.0832873 -0.0832873 -0.0832873 -0.0832873 1.38642 1.38992 1.43394 1.43909 3.41656 3.41153 3.41563 3.42231 6.64186 6.64098 6.64022 6.64084
6.985 0.235208 0.235208 0.235208 0.235208 0.685945 0.702696 0.728528 0.74694 3.0408 3.03875 3.03972 3.04095 6.12532 6.12272 6.1207 6.12087
7.005 0.218825 0.218825 0.218825 0.218825 0.837385 0.831831 0.833161 0.836302 3.06174 3.06196 3.05868 3.05301 3.93583 3.93514 3.93668 3.93907
7.025 0.259371 0.259371 0.259371 0.259371 1.70952 1.70514 1.69942 1.69219 2.34131 2.34539 2.34549 2.34261 1.44745 1.44661 1.44551 1.44559
7.045 0.423554 0.423554 0.423554 0.423554 1.95568 1.97612 1.97779 2.00053 0.909133 0.915127 0.918041 0.912249 -0.412382 -0.410092 -0.410437 -0.412766
7.065 0.310462 0.310462 0.310462 0.310462 0.620011 0.61354 0.570296 0.549741 -0.483822 -0.493505 -0.50617 -0.496087 -1.54172 -1.5373 -1.53539 -1.54242
7.085 0.382307 0.382307 0.382307 0.382307 -1.09342 -1.10815 -1.14356 -1.11679 -1.82599 -1.84891 -1.85062 -1.85612 -2.1469 -2.14207 -2.13907 -2.13823
7.105 0.66071 0.66071 0.66071 0.66071 -2.24679 -2.24202 -2.23521 -2.24253 -3.06556 -3.06146 -3.05736 -3.05403 -2.64848 -2.64889 -2.64857 -2.64819
7.125 0.845415 0.845415 0.845415 0.845415 -2.07523 -2.07539 -2.06785 -2.07368 -3.76286 -3.76114 -3.75816 -3.75473 -3.48021 -3.47977 -3.48049 -3.48159
7.145 0.527706 0.527706 0.527706 0.527706 -1.17344 -1.17569 -1.17634 -1.18487 -3.55916 -3.56133 -3.56245 -3.56254 -4.5817 -4.58012 -4.57929 -4.57905
7.165 0.0320756 0.0320756 0.0320756 0.0320756 -0.571722 -0.572993 -0.574245 -0.580692 -2.75689 -2.75769 -2.75859 -2.76065 -5.1708 -5.17036 -5.17165 -5.17399
7.185 0.0574391 0.0574391 0.0574391 0.0574391 -0.641129 -0.643427 -0.644328 -0.647764 -2.15802 -2.15722 -2.15821 -2.16131 -4.4157 -4.41437 -4.41371 -4.41435
7.205 0.42284 0.42284 0.42284 0.42284 -0.948711 -0.952954 -0.953003 -0.954865 -1.99242 -1.99247 -1.99231 -1.99257 -2.42361 -2.42332 -2.42387 -2.4247
7.225 0.754491 0.754491 0.754491 0.754491 -0.948465 -0.955913 -0.956716 -0.900709 -1.54609 -1.53227 -1.53739 -1.53968 -0.319071 -0.317421 -0.315939 -0.314967
7.245 0.769127 0.769127 0.769127 0.769127 -0.080144 -0.127969 -0.126416 -0.155793 -0.184422 -0.19975 -0.189917 -0.195477 0.959205 0.961037 0.963807 0.96436
7.265 0.192803 0.192803 0.192803 0.192803 1.07458 1.13627 1.20267 1.09799 1.66995 1.66916 1.68686 1.69286 1.56207 1.56557 1.56517 1.56383
7.285 -0.360355 -0.360355 -0.360355 -0.360355 1.99916 2.04707 2.05633 2.02529 3.23983 3.24543 3.25103 3.25041 2.32156 2.31897 2.31758 2.31736
7.305 -0.223254 -0.223254 -0.223254 -0.223254 2.16483 2.16536 2.16106 2.15113 3.78292 3.78338 3.78214 3.77819 3.73121 3.72929 3.72789 3.72784
7.325 0.180141 0.180141 0.180141 0.180141 1.71461 1.70622 1.70108 1.69711 3.5969 3.59383 3.59144 3.58894 5.23951 5.23626 5.23677 5.23933
7.345 0.371801 0.371801 0.371801 0.371801 1.25426 1.24864 1.24825 1.24811 3.40612 3.40391 3.40361 3.40362 5.83015 5.82875 5.82751 5.82848
7.365 -0.117611 -0.117611 -0.117611 -0.117611 1.26271 1.25836 1.25895 1.25751 3.42181 3.42038 3.42007 3.41905 5.09301 5.09244 5.09364 5.09536
7.385 -0.521558 -0.521558 -0.521558 -0.521558 1.48797 1.4853 1.48569 1.48165 3.22705 3.22749 3.2275 3.22588 3.53334 3.53216 3.53164 3.53235
7.405 -0.734131 -0.734131 -0.734131 -0.734131 1.34744 1.34672 1.34633 1.34049 2.36408 2.3643 2.36381 2.36263 1.94716 1.94685 1.94713 1.94782
7.425 -0.443982 -0.443982 -0.443982 -0.443982 0.457675 0.515645 0.519337 0.529668 0.867625 0.86782 0.866582 0.866699 0.697842 0.697696 0.698257 0.698501
7.445 -0.821281 -0.821281 -0.821281 -0.821281 -0.783064 -0.791782 -0.83072 -0.855219 -0.794493 -0.822588 -0.815677 -0.850672 -0.43909 -0.437705 -0.433124 -0.431908
7.465 -0.652361 -0.652361 -0.652361 -0.652361 -1.75905 -1.76634 -1.79563 -1.78217 -2.27423 -2.27021 -2.27865 -2.27407 -1.82262 -1.8188 -1.81517 -1.81957
7.485 -0.241045 -0.241045 -0.241045 -0.241045 -2.35564 -2.34106 -2.3268 -2.33351 -3.30955 -3.30437 -3.30059 -3.30085 -3.51905 -3.51569 -3.51364 -3.51021
7.505 -0.448295 -0.448295 -0.448295 -0.448295 -2.20192 -2.19623 -2.18526 -2.18895 -4.05354 -4.05289 -4.05083 -4.04983 -5.12206 -5.12239 -5.12395 -5.128
7.525 -0.851524 -0.851524 -0.851524 -0.851524 -2.17676 -2.16922 -2.1755 -2.17893 -4.33517 -4.341 -4.33912 -4.37291 -6.18309 -6.17848 -6.1768 -6.17989
7.545 -0.601578 -0.601578 -0.601578 -0.601578 -2.24848 -2.31338 -2.44046 -2.48278 -4.51577 -4.5223 -4.52817 -4.52022 -6.27069 -6.26976 -6.27169 -6.27534
7.565 -0.0460923 -0.0460923 -0.0460923 -0.0460923 -2.40777 -2.42603 -2.44419 -2.47451 -4.73336 -4.73845 -4.73809 -4.73068 -5.46925 -5.46686 -5.46522 -5.46508
7.585 -0.298632 -0.298632 -0.298632 -0.298632 -2.33397 -2.3234 -2.30346 -2.29668 -4.23222 -4.23362 -4.22977 -4.22662 -4.40904 -4.40928 -4.41135 -4.41348
7.605 -0.5074 -0.5074 -0.5074 -0.5074 -2.00941 -2.0073 -1.99481 -1.98984 -2.94283 -2.94294 -2.94404 -2.94607 -3.38026 -3.37961 -3.3791 -3.37926
7.625 -0.150595 -0.150595 -0.150595 -0.150595 -1.2098 -1.21523 -1.21575 -1.2151 -1.52342 -1.52316 -1.5228 -1.52371 -2.13487 -2.13524 -2.13595 -2.1363
7.645 0.427832 0.427832 0.427832 0.427832 0.030257 0.18307 0.164603 0.090666 -0.364466 -0.371319 -0.359104 -0.350038 -0.549401 -0.551032 -0.551167 -0.550108
7.665 0.367917 0.367917 0.367917 0.367917 1.44382 1.49474 1.45225 1.61104 1.02434 1.00415 0.989563 1.0381 1.08494 1.08932 1.08994 1.0866
7.685 0.0458727 0.0458727 0.0458727 0.0458727 1.80432 1.75762 1.71025 1.7367 2.78844 2.78661 2.7697 2.76976 2.66106 2.65953 2.65548 2.65058
7.705 0.334759 0.334759 0.334759 0.334759 1.61882 1.60125 1.58445 1.56504 3.97694 3.97868 3.97748 3.97019 4.38335 4.38349 4.38664 4.39047
7.725 0.291872 0.291872 0.291872 0.291872 1.90306 1.91908 1.91898 1.92649 4.19596 4.19753 4.20195 4.2029 5.9977 5.99521 5.99441 5.99415
7.745 0.4202 0.4202 0.4202 0.4202 2.14672 2.15485 2.02672 2.01033 4.18794 4.14736 4.14292 4.1235 6.6255 6.62441 6.62669 6.62881
7.765 0.736153 0.736153 0.736153 0.736153 2.40819 2.4308 2.38984 2.36334 4.55844 4.55786 4.56501 4.57238 5.90673 5.90456 5.90277 5.90269
7.785 0.75488 0.75488 0.75488 0.75488 2.88454 2.87472 2.88279 2.86898 4.61863 4.62741 4.6339 4.63577 4.55914 4.55932 4.56145 4.56388
7.805 0.352891 0.352891 0.352891 0.352891 2.93519 2.93646 2.94293 2.93772 3.84737 3.84891 3.85101 3.85097 3.41695 3.41568 3.41412 3.41375
7.825 0.132547 0.132547 0.132547 0.132547 1.92364 1.9239 1.92461 1.9195 2.53454 2.5318 2.52934 2.52855 2.59319 2.5934 2.59389 2.59421
7.845 0.021258 0.021258 0.021258 0.021258 0.148301 0.181477 0.195214 0.188406 1.04799 1.05055 1.04887 1.04755 1.75853 1.75736 1.75673 1.75752
7.865 0.178644 0.178644 0.178644 0.178644 -1.32568 -1.29833 -1.27669 -1.40166 -0.471548 -0.469672 -0.468537 -0.466466 0.537711 0.540029 0.539537 0.539827
7.885 0.0254965 0.0254965 0.0254965 0.0254965 -1.28825 -1.36194 -1.26855 -1.25135 -1.94047 -1.93043 -1.93053 -1.9058 -1.24111 -1.24425 -1.24288 -1.23815
7.905 -0.426413 -0.426413 -0.426413 -0.426413 -0.991461 -1.00065 -0.983197 -0.936301 -2.74489 -2.75259 -2.75341 -2.75886 -3.47641 -3.47506 -3.47391 -3.47579
7.925 -0.393407 -0.393407 -0.393407 -0.393407 -1.22606 -1.23219 -1.23462 -1.23271 -3.08835 -3.09186 -3.09553 -3.10131 -5.33308 -5.33188 -5.33451 -5.33971
7.945 -0.217335 -0.217335 -0.217335 -0.217335 -1.82091 -1.83048 -1.83834 -1.84979 -3.74094 -3.74096 -3.74371 -3.74814 -5.93401 -5.93147 -5.92948 -5.92916
7.965 -0.0649593 -0.0649593 -0.0649593 -0.0649593 -2.35466 -2.36172 -2.36395 -2.37344 -4.62992 -4.63148 -4.63033 -4.62951 -5.35898 -5.35858 -5.35994 -5.36193
7.985 0.0101656 0.0101656 0.0101656 0.0101656 -2.68232 -2.68951 -2.69012 -2.69854 -4.79861 -4.80188 -4.80221 -4.80071 -4.55475 -4.55282 -4.5517 -4.55228
8.005 -0.141172 -0.141172 -0.141172 -0.141172 -2.53175 -2.54012 -2.53991 -2.54316 -3.8813 -3.88175 -3.88195 -3.88269 -4.05306 -4.05283 -4.05358 -4.05455
8.025 0.016998 0.016998 0.016998 0.016998 -1.62241 -1.62922 -1.62954 -1.63067 -2.53522 -2.53413 -2.53486 -2.53791 -3.5154 -3.5149 -3.51469 -3.51496
8.045 0.133284 0.133284 0.133284 0.133284 -0.195775 -0.195859 -0.196108 -0.20033 -1.35156 -1.35302 -1.35115 -1.35204 -2.42667 -2.42616 -2.42637 -2.42721
8.065 -0.0451093 -0.0451093 -0.0451093 -0.0451093 0.826512 0.944178 0.922119 0.909076 -0.183453 -0.186355 -0.17062 -0.159445 -0.776093 -0.776819 -0.776619 -0.776565
8.085 -0.19479 -0.19479 -0.19479 -0.19479 0.829804 0.848018 0.83644 1.03489 1.31975 1.3007 1.29687 1.34141 1.14918 1.15114 1.151 1.15195
8.105 -0.116305 -0.116305 -0.116305 -0.116305 0.480426 0.424826 0.421311 0.439359 2.52879 2.5299 2.50841 2.506 3.20622 3.20163 3.20021 3.19776
8.125 0.343638 0.343638 0.343638 0.343638 0.839667 0.828877 0.81411 0.798395 3.02991 3.02592 3.02169 3.01468 4.94652 4.94655 4.94921 4.95271
8.145 0.256676 0.256676 0.256676 0.256676 1.93053 1.93317 1.93003 1.91769 3.47484 3.4721 3.47495 3.47762 5.64333 5.64197 5.64256 5.64446
8.165 -0.0218575 -0.0218575 -0.0218575 -0.0218575 2.67396 2.67369 2.67644 2.66792 4.37828 4.37756 4.379 4.38003 5.14694 5.14635 5.14629 5.14725
8.185 0.284922 0.284922 0.284922 0.284922 2.70726 2.69885 2.69937 2.69385 4.8887 4.89127 4.8906 4.88601 4.36356 4.36219 4.36217 4.3635
8.205 0.695337 0.695337 0.695337 0.695337 2.48965 2.48379 2.48296 2.47813 4.07819 4.07876 4.07781 4.07502 4.06876 4.06766 4.06724 4.06793
8.225 0.644754 0.644754 0.644754 0.644754 1.9939 1.99477 1.99425 1.98789 2.58806 2.58412 2.58359 2.58586 3.84799 3.84776 3.8477 3.84786
8.245 0.423793 0.423793 0.423793 0.423793 0.929196 0.928508 0.928447 0.926295 1.58686 1.58432 1.58417 1.58542 2.87263 2.87236 2.87239 2.87268
8.265 0.269316 0.269316 0.269316 0.269316 -0.156729 -0.115059 -0.107002 -0.0891962 0.942675 0.935379 0.932268 0.946343 1.18514 1.18438 1.1856 1.18711
8.285 0.30522 0.30522 0.30522 0.30522 -0.399727 -0.466386 -0.481189 -0.432652 -0.184331 -0.212441 -0.217792 -0.195737 -0.536262 -0.533802 -0.532062 -0.530257
8.305 0.0884204 0.0884204 0.0884204 0.0884204 -0.0128458 -0.120851 -0.0736767 -0.0447468 -1.64287 -1.63571 -1.61275 -1.60847 -2.03339 -2.02909 -2.02845 -2.02816
8.325 -0.137543 -0.137543 -0.137543 -0.137543 -0.440247 -0.457716 -0.461196 -0.426152 -2.46702 -2.46036 -2.45069 -2.44548 -3.38991 -3.38836 -3.38815 -3.3887
8.345 0.0680407 0.0680407 0.0680407 0.0680407 -1.59557 -1.60353 -1.60231 -1.59914 -2.77916 -2.77747 -2.77936 -2.78252 -4.28945 -4.29042 -4.2929 -4.29505
8.365 0.228805 0.228805 0.228805 0.228805 -2.24117 -2.25095 -2.25286 -2.2581 -3.41869 -3.41979 -3.4239 -3.42923 -4.35708 -4.35635 -4.35583 -4.35596
8.385 -0.0539171 -0.0539171 -0.0539171 -0.0539171 -2.03194 -2.0364 -2.03744 -2.04687 -4.0487 -4.05291 -4.05392 -4.0524 -3.97139 -3.97066 -3.97169 -3.97348
8.405 -0.183888 -0.183888 -0.183888 -0.183888 -1.74099 -1.74424 -1.74461 -1.75306 -3.65453 -3.65786 -3.6581 -3.65638 -3.79659 -3.79495 -3.79427 -3.79512
8.425 -0.239294 -0.239294 -0.239294 -0.239294 -1.52046 -1.52569 -1.52566 -1.52684 -2.45679 -2.45529 -2.45506 -2.45749 -3.63702 -3.63681 -3.63716 -3.63773
8.445 -0.273591 -0.273591 -0.273591 -0.273591 -0.950414 -0.95365 -0.953774 -0.953917 -1.52529 -1.5237 -1.52403 -1.52702 -2.7975 -2.79717 -2.797 -2.79715
8.465 -0.525889 -0.525889 -0.525889 -0.525889 -0.273288 -0.267435 -0.26192 -0.211609 -1.00965 -0.999705 -1.00268 -1.00998 -1.24666 -1.24557 -1.24466 -1.24521
8.485 -0.608322 -0.608322 -0.608322 -0.608322 0.0347876 -0.0356487 -0.0260759 -0.0216338 -0.179187 -0.160657 -0.170703 -0.175694 0.355953 0.356792 0.35753 0.358904
8.505 -0.496051 -0.496051 -0.496051 -0.496051 -0.228435 -0.205284 -0.2227 -0.124731 1.00168 1.01975 1.03552 1.03355 1.62937 1.61579 1.61779 1.61892
8.525 -0.81192 -0.81192 -0.81192 -0.81192 -0.00337673 -0.0437176 -0.00906237 -0.000258416 1.90149 1.90232 1.88962 1.88829 2.61681 2.61548 2.61191 2.61159
8.545 -0.980136 -0.980136 -0.980136 -0.980136 0.67903 0.665948 0.669064 0.663188 2.20605 2.19922 2.19222 2.19135 3.29661 3.29636 3.29608 3.29617
8.565 -0.629358 -0.629358 -0.629358 -0.629358 1.12503 1.12237 1.11666 1.10958 2.40198 2.39842 2.398 2.39843 3.40875 3.40844 3.40912 3.41011
8.585 -0.235917 -0.235917 -0.235917 -0.235917 1.1534 1.14906 1.14773 1.14336 2.56171 2.56257 2.5637 2.56292 3.01028 3.00946 3.00954 3.01054
8.605 -0.215349 -0.215349 -0.215349 -0.215349 1.06722 1.06324 1.06334 1.05995 2.28478 2.28556 2.28576 2.28433 2.45493 2.45433 2.45454 2.45542
8.625 -0.324078 -0.324078 -0.324078 -0.324078 0.826658 0.825762 0.826273 0.822345 1.5352 1.53939 1.53822 1.53882 1.88264 1.88212 1.88163 1.88187
8.645 -0.0663137 -0.0663137 -0.0663137 -0.0663137 0.303924 0.261869 0.268703 0.274813 0.688721 0.687683 0.692841 0.696547 1.14474 1.14477 1.14518 1.14567
8.665 0.187416 0.187416 0.187416 0.187416 -0.358365 -0.376652 -0.403827 -0.404248 -0.106212 -0.1085 -0.112663 -0.112406 0.167913 0.164553 0.167164 0.16774
8.685 0.419334 0.419334 0.419334 0.419334 -0.472516 -0.457636 -0.467556 -0.444966 -0.921772 -0.931185 -0.93202 -0.920347 -0.957585 -0.955298 -0.955366 -0.955315
8.705 0.61536 0.61536 0.61536 0.61536 -0.217617 -0.199326 -0.232075 -0.215965 -1.54137 -1.54788 -1.55113 -1.54673 -2.08792 -2.08846 -2.08904 -2.08926
8.725 0.64811 0.64811 0.64811 0.64811 -0.170475 -0.184429 -0.190571 -0.204267 -1.80873 -1.81213 -1.81014 -1.81577 -2.97053 -2.96896 -2.96795 -2.96887
8.745 0.424677 0.424677 0.424677 0.424677 -0.481333 -0.487058 -0.488963 -0.496529 -1.90163 -1.90081 -1.90127 -1.90248 -3.2434 -3.24243 -3.24213 -3.24283
8.765 0.280081 0.280081 0.280081 0.280081 -0.910409 -0.913201 -0.912392 -0.914745 -2.02741 -2.02724 -2.02711 -2.02785 -2.80303 -2.80246 -2.80256 -2.80319
8.785 0.451438 0.451438 0.451438 0.451438 -1.1387 -1.14335 -1.14268 -1.14486 -2.04023 -2.04147 -2.03992 -2.04036 -1.99564 -1.99528 -1.9953 -1.99574
8.805 0.816749 0.816749 0.816749 0.816749 -0.857762 -0.864473 -0.862971 -0.866007 -1.63629 -1.63774 -1.63998 -1.63825 -1.30237 -1.30197 -1.3021 -1.30245
8.825 0.760092 0.760092 0.760092 0.760092 -0.0461798 -0.0108501 -0.0291809 -0.0429731 -0.756048 -0.756522 -0.757147 -0.755012 -0.867126 -0.867384 -0.867786 -0.86843
8.845 0.257831 0.257831 0.257831 0.257831 0.98195 1.04144 1.0152 0.973404 0.407987 0.411887 0.406431 0.402864 -0.399763 -0.399367 -0.399133 -0.399214
8.865 -0.187239 -0.187239 -0.187239 -0.187239 1.10366 1.10358 1.10574 1.18909 1.44169 1.4542 1.45637 1.45269 0.537228 0.537293 0.539159 0.5406
8.885 -0.131238 -0.131238 -0.131238 -0.131238 0.738245 0.697107 0.741979 0.736774 1.88206 1.89007 1.89849 1.8897 2.04616 2.04711 2.04654 2.04682
8.905 0.196026 0.196026 0.196026 0.196026 0.483169 0.477619 0.478662 0.482168 1.87698 1.87401 1.87399 1.87326 3.49762 3.49683 3.49585 3.49612
8.925 0.262055 0.262055 0.262055 0.262055 0.724538 0.721622 0.716422 0.714732 2.04794 2.04484 2.04156 2.04169 4.02004 4.01956 4.02052 4.02159
8.945 0.0290904 0.0290904 0.0290904 0.0290904 1.25773 1.25364 1.25237 1.24763 2.60073 2.59963 2.59884 2.59785 3.44822 3.44736 3.44709 3.44774
8.965 -0.215388 -0.215388 -0.215388 -0.215388 1.70816 1.70428 1.70403 1.6984 2.93112 2.93221 2.93212 2.93012 2.501 2.50043 2.50063 2.5015
8.985 -0.433148 -0.433148 -0.433148 -0.433148 1.6475 1.64578 1.64568 1.63854 2.47802 2.47841 2.47839 2.47768 1.93046 1.9301 1.92999 1.93029
9.005 -0.644712 -0.644712 -0.644712 -0.644712 0.786549 0.7859 0.78562 0.780196 1.43928 1.43383 1.43426 1.43463 1.73772 1.73741 1.73744 1.73771
9.025 -0.691508 -0.691508 -0.691508 -0.691508 -0.584076 -0.618683 -0.653914 -0.535438 0.331762 0.334818 0.344441 0.34782 1.3781 1.37755 1.37734 1.37683
9.045 -0.348537 -0.348537 -0.348537 -0.348537 -1.5546 -1.56288 -1.58402 -1.59598 -0.741143 -0.735109 -0.738302 -0.73146 0.444814 0.443098 0.443505 0.444485
9.065 -0.220417 -0.220417 -0.220417 -0.220417 -1.17355 -1.24627 -1.21445 -1.23566 -1.66613 -1.66668 -1.66231 -1.66142 -1.13004 -1.13288 -1.13503 -1.13304
9.085 -0.477302 -0.477302 -0.477302 -0.477302 -0.626982 -0.627601 -0.636438 -0.613589 -2.12985 -2.13436 -2.13974 -2.1368 -3.04287 -3.04398 -3.04017 -3.0409
9.105 -0.524088 -0.524088 -0.524088 -0.524088 -0.73073 -0.729945 -0.724626 -0.721243 -2.33528 -2.33302 -2.33181 -2.33392 -4.45137 -4.45054 -4.45328 -4.45567
9.125 -0.130301 -0.130301 -0.130301 -0.130301 -1.39994 -1.40452 -1.40347 -1.40765 -2.8649 -2.8635 -2.86355 -2.86716 -4.66564 -4.66459 -4.66427 -4.66439
9.145 0.024981 0.024981 0.024981 0.024981 -1.99226 -1.99889 -2.00067 -2.00741 -3.63866 -3.6403 -3.64077 -3.64073 -3.92029 -3.91994 -3.92065 -3.92184
9.165 -0.0118404 -0.0118404 -0.0118404 -0.0118404 -2.24245 -2.24934 -2.25109 -2.2577 -3.77123 -3.77417 -3.77491 -3.77344 -3.17007 -3.16916 -3.16912 -3.16995
9.185 -0.0553344 -0.0553344 -0.0553344 -0.0553344 -1.98223 -1.98948 -1.99001 -1.99245 -2.91227 -2.9126 -2.91289 -2.91356 -2.89745 -2.89708 -2.89724 -2.89771
9.205 -0.0408995 -0.0408995 -0.0408995 -0.0408995 -1.0537 -1.05797 -1.058 -1.05859 -1.71472 -1.71352 -1.71375 -1.71615 -2.66579 -2.66551 -2.66547 -2.66572
9.225 -0.0612272 -0.0612272 -0.0612272 -0.0612272 0.128179 0.13013 0.134831 0.201605 -0.761818 -0.763587 -0.764007 -0.770222 -1.8806 -1.87975 -1.87946 -1.8803
9.245 -0.14197 -0.14197 -0.14197 -0.14197 0.978638 0.884847 0.906232 0.928125 0.0721558 0.0759836 0.0720762 0.069477 -0.490808 -0.491735 -0.492284 -0.490769
9.265 -0.113686 -0.113686 -0.113686 -0.113686 0.503039 0.522452 0.511484 0.623112 1.09108 1.11825 1.11024 1.11619 1.16416 1.16668 1.16894 1.16912
9.285 -0.0309715 -0.0309715 -0.0309715 -0.0309715 0.146725 0.0882503 0.115123 0.137945 1.88274 1.89083 1.88129 1.87036 2.82259 2.8209 2.82006 2.8186
9.305 0.111015 0.111015 0.111015 0.111015 0.55415 0.538556 0.538208 0.539438 2.25166 2.24696 2.24434 2.24277 3.99707 3.99601 3.99567 3.99618
9.325 0.229092 0.229092 0.229092 0.229092 1.50236 1.50122 1.49648 1.4902 2.70488 2.70097 2.70122 2.7035 4.21086 4.21061 4.21121 4.21233
9.345 0.243697 0.243697 0.243697 0.243697 2.21129 2.20973 2.20941 2.20205 3.39976 3.39954 3.4002 3.40047 3.62133 3.62057 3.62031 3.6208
9.365 0.214066 0.214066 0.214066 0.214066 2.34434 2.34006 2.33986 2.33361 3.66258 3.66414 3.66384 3.66133 3.02552 3.02486 3.02501 3.02592
9.385 0.279814 0.279814 0.279814 0.279814 1.93655 1.93351 1.93327 1.9281 2.9994 2.99948 2.99901 2.99767 2.91821 2.9176 2.9174 2.91784
9.405 0.197436 0.197436 0.197436 0.197436 1.09007 1.08902 1.08884 1.08539 1.86651 1.86422 1.86379 1.86453 2.89901 2.89856 2.89849 2.89885
9.425 0.282951 0.282951 0.282951 0.282951 0.0998249 0.104416 0.113668 0.112102 0.949518 0.957974 0.956835 0.956702 2.27727 2.27663 2.27627 2.27677
9.445 0.405107 0.405107 0.405107 0.405107 -0.397528 -0.393744 -0.4102 -0.328305 0.301448 0.307927 0.323187 0.312288 0.92152 0.920845 0.919679 0.920423
9.465 0.414604 0.414604 0.414604 0.414604 -0.140479 -0.120163 -0.0995199 -0.166407 -0.477754 -0.462464 -0.456615 -0.483846 -0.725634 -0.726047 -0.725025 -0.722491
9.485 0.350776 0.350776 0.350776 0.350776 0.391588 0.334693 0.367259 0.358811 -1.19904 -1.18153 -1.18023 -1.18009 -2.21327 -2.21061 -2.21196 -2.21116
9.505 0.153866 0.153866 0.153866 0.153866 0.0405644 0.0498449 0.0480986 0.0476699 -1.66355 -1.66472 -1.65471 -1.65698 -3.16398 -3.16296 -3.16228 -3.16331
9.525 -0.00797372 -0.00797372 -0.00797372 -0.00797372 -1.02213 -1.01909 -1.01523 -1.00656 -2.06619 -2.06608 -2.06613 -2.06772 -3.30871 -3.30893 -3.31034 -3.31184
9.545 0.0917461 0.0917461 0.0917461 0.0917461 -1.89973 -1.90775 -1.90568 -1.90553 -2.64988 -2.6505 -2.65323 -2.65542 -2.79729 -2.79709 -2.79721 -2.7975
9.565 0.126402 0.126402 0.126402 0.126402 -1.9659 -1.97437 -1.97609 -1.98123 -3.00575 -3.00809 -3.00917 -3.0085 -2.29088 -2.29043 -2.29063 -2.29121
9.585 -0.0319313 -0.0319313 -0.0319313 -0.0319313 -1.40197 -1.40628 -1.4077 -1.41292 -2.53396 -2.53595 -2.53606 -2.5349 -2.30437 -2.30358 -2.30344 -2.30401
9.605 -0.161277 -0.161277 -0.161277 -0.161277 -0.649343 -0.650852 -0.65096 -0.653024 -1.45419 -1.45399 -1.45282 -1.45442 -2.50035 -2.49996 -2.49999 -2.50046
9.625 -0.265818 -0.265818 -0.265818 -0.265818 -0.00648919 0.00237844 0.00538517 0.0245472 -0.584669 -0.583868 -0.585794 -0.588447 -2.07905 -2.07863 -2.07846 -2.07877
9.645 -0.275465 -0.275465 -0.275465 -0.275465 0.323402 0.285228 0.326218 0.332145 -0.201531 -0.207055 -0.209937 -0.207396 -0.79941 -0.799235 -0.799589 -0.800198
9.665 -0.106416 -0.106416 -0.106416 -0.106416 0.0963079 0.0501843 0.082079 0.113868 0.251173 0.22161 0.228919 0.23867 0.76058 0.760056 0.760269 0.759962
9.685 0.109238 0.109238 0.109238 0.109238 -0.262289 -0.259086 -0.254329 -0.18369 0.838494 0.837247 0.843871 0.855828 1.98006 1.98108 1.98004 1.97942
9.705 0.257274 0.257274 0.257274 0.257274 0.142544 0.147922 0.188144 0.173509 1.48409 1.48733 1.48018 1.48415 2.57643 2.57557 2.57525 2.57599
9.725 0.267454 0.267454 0.267454 0.267454 1.25262 1.24913 1.25263 1.24557 2.0165 2.0148 2.01092 2.0081 2.6085 2.60785 2.60764 2.60796
9.745 0.188478 0.188478 0.188478 0.188478 2.06553 2.06315 2.05606 2.04761 2.5206 2.51877 2.51809 2.51732 2.35363 2.35372 2.35394 2.35416
9.765 0.125814 0.125814 0.125814 0.125814 1.97352 1.96995 1.96751 1.96061 2.7856 2.78656 2.787 2.7863 2.25809 2.25783 2.25797 2.25846
9.785 0.157157 0.157157 0.157157 0.157157 1.2567 1.25261 1.25318 1.25093 2.4327 2.43379 2.4341 2.43259 2.54051 2.53974 2.53964 2.54033
9.805 0.157215 0.157215 0.157215 0.157215 0.531384 0.528587 0.52915 0.529012 1.60081 1.59949 1.5992 1.59881 2.80506 2.80436 2.80429 2.80491
9.825 0.117438 0.117438 0.117438 0.117438 0.0937929 0.0993074 0.108179 0.105679 0.899003 0.903395 0.90172 0.902056 2.381 2.38036 2.38004 2.38047
9.845 0.0849232 0.0849232 0.0849232 0.0849232 0.0299493 0.036697 0.0171352 0.0488904 0.579187 0.579824 0.585114 0.592144 1.12573 1.12561 1.12615 1.12668
9.865 -0.0453444 -0.0453444 -0.0453444 -0.0453444 0.218861 0.191302 0.161002 0.170345 0.220097 0.21998 0.218432 0.224884 -0.375126 -0.374185 -0.37338 -0.373117
9.885 -0.314014 -0.314014 -0.314014 -0.314014 0.210002 0.194977 0.181943 0.18364 -0.450833 -0.465775 -0.458795 -0.452505 -1.48329 -1.4812 -1.48061 -1.48568
9.905 -0.439636 -0.439636 -0.439636 -0.439636 -0.27422 -0.290392 -0.304562 -0.309964 -1.27994 -1.29097 -1.29206 -1.28878 -2.01964 -2.0184 -2.01809 -2.01896
9.925 -0.486721 -0.486721 -0.486721 -0.486721 -1.32805 -1.32364 -1.34361 -1.33876 -1.98153 -1.98291 -1.98286 -1.97666 -2.19626 -2.19596 -2.19585 -2.19564
9.945 -0.547385 -0.547385 -0.547385 -0.547385 -2.15081 -2.15737 -2.15337 -2.15174 -2.49989 -2.49906 -2.4975 -2.49714 -2.30572 -2.3058 -2.30586 -2.30592
9.965 -0.656955 -0.656955 -0.656955 -0.656955 -2.19239 -2.19718 -2.19407 -2.19446 -2.82018 -2.82057 -2.82059 -2.82104 -2.56852 -2.56824 -2.56833 -2.56865
9.985 -0.690952 -0.690952 -0.690952 -0.690952 -1.67686 -1.67934 -1.67957 -1.68365 -2.76055 -2.76219 -2.76301 -2.76304 -3.02322 -3.02261 -3.02274 -3.02345
10.005 -0.634951 -0.634951 -0.634951 -0.634951 -1.15975 -1.16109 -1.16179 -1.16632 -2.34054 -2.3414 -2.34193 -2.34285 -3.36983 -3.36918 -3.36927 -3.37006
10.025 -0.418293 -0.418293 -0.418293 -0.418293 -0.903152 -0.904671 -0.905064 -0.908062 -1.90202 -1.90193 -1.90204 -1.90365 -3.15115 -3.1506 -3.15073 -3.15139
10.045 -0.228857 -0.228857 -0.228857 -0.228857 -0.820551 -0.82215 -0.822347 -0.825093 -1.63741 -1.63828 -1.63666 -1.63746 -2.24823 -2.24782 -2.24782 -2.24829
10.065 -0.201132 -0.201132 -0.201132 -0.201132 -0.80074 -0.801849 -0.802454 -0.761249 -1.29366 -1.28419 -1.2903 -1.28786 -1.06227 -1.06123 -1.06073 -1.06087
10.085 -0.150848 -0.150848 -0.150848 -0.150848 -0.692845 -0.653659 -0.637607 -0.634458 -0.604056 -0.598002 -0.594421 -0.593055 -0.0691735 -0.0700011 -0.0705616 -0.0703849
10.105 -0.111918 -0.111918 -0.111918 -0.111918 -0.0646455 -0.0733353 -0.0513555 -0.0353083 0.335618 0.330674 0.330054 0.335537 0.603664 0.604841 0.60426 0.603743
10.125 -0.0937805 -0.0937805 -0.0937805 -0.0937805 0.577352 0.573587 0.573756 0.641619 1.13967 1.13465 1.13914 1.15477 1.15323 1.15328 1.15437 1.15357
10.145 -0.0600875 -0.0600875 -0.0600875 -0.0600875 1.05662 1.05054 1.08539 1.06425 1.71863 1.72143 1.72761 1.72259 1.74142 1.74066 1.74024 1.74012
10.165 0.0582944 0.0582944 0.0582944 0.0582944 1.21589 1.21092 1.21346 1.20772 2.04189 2.0447 2.04251 2.03632 2.35753 2.35721 2.35763 2.35763
10.185 0.265347 0.265347 0.265347 0.265347 1.11397 1.10933 1.10387 1.10164 2.16647 2.16422 2.1629 2.16036 2.83189 2.83161 2.83181 2.83251
10.205 0.327771 0.327771 0.327771 0.327771 1.03252 1.02829 1.02698 1.0249 2.1421 2.14115 2.14082 2.14047 2.96381 2.963 2.96282 2.96347
10.225 0.386806 0.386806 0.386806 0.386806 1.08376 1.08114 1.08168 1.08009 2.01537 2.01488 2.01505 2.01481 2.67127 2.67073 2.67081 2.67141
10.245 0.493434 0.493434 0.493434 0.493434 1.17847 1.17706 1.17742 1.1756 1.78551 1.78726 1.788 1.78765 2.05451 2.05415 2.05401 2.05426
10.265 0.573882 0.573882 0.573882 0.573882 1.15943 1.15829 1.16328 1.15971 1.41813 1.42021 1.41908 1.41818 1.33195 1.33181 1.33171 1.33186
10.285 0.383673 0.383673 0.383673 0.383673 0.908139 0.906383 0.89677 0.891814 0.914313 0.913672 0.910493 0.911276 0.691663 0.691726 0.691267 0.691033
10.305 0.197338 0.197338 0.197338 0.197338 0.306348 0.320935 0.307376 0.28447 0.32527 0.322278 0.319192 0.320015 0.186885 0.187312 0.187674 0.187725
10.325 0.3827 0.3827 0.3827 0.3827 -0.387808 -0.37651 -0.353734 -0.366348 -0.376421 -0.367817 -0.36767 -0.378451 -0.238224 -0.23953 -0.240235 -0.2403
10.345 0.550058 0.550058 0.550058 0.550058 -0.493993 -0.469457 -0.456804 -0.457787 -0.988389 -0.989334 -0.988413 -0.986789 -0.757104 -0.756307 -0.755857 -0.755924
10.365 0.480897 0.480897 0.480897 0.480897 -0.246362 -0.234363 -0.247324 -0.2573 -1.25651 -1.26152 -1.2651 -1.26599 -1.45113 -1.45043 -1.45007 -1.45074
10.385 0.309847 0.309847 0.309847 0.309847 -0.142039 -0.14348 -0.148745 -0.15711 -1.15619 -1.15476 -1.15872 -1.15916 -2.08073 -2.08009 -2.0804 -2.08067
10.405 0.224448 0.224448 0.224448 0.224448 -0.260013 -0.262773 -0.262998 -0.265245 -1.06899 -1.06723 -1.06652 -1.06852 -2.19883 -2.19837 -2.19853 -2.19915
10.425 0.103635 0.103635 0.103635 0.103635 -0.457116 -0.458288 -0.456862 -0.456772 -1.19097 -1.19118 -1.19068 -1.19079 -1.69306 -1.69263 -1.69266 -1.69319
10.445 0.0211257 0.0211257 0.0211257 0.0211257 -0.67406 -0.675348 -0.674369 -0.675202 -1.20716 -1.21326 -1.21106 -1.20942 -0.961189 -0.961088 -0.96121 -0.961521
10.465 0.0917489 0.0917489 0.0917489 0.0917489 -0.760831 -0.735555 -0.73971 -0.740921 -0.855213 -0.853711 -0.851858 -0.85031 -0.436206 -0.436352 -0.436216 -0.436204
10.485 0.193372 0.193372 0.193372 0.193372 -0.333361 -0.329303 -0.336296 -0.334809 -0.275225 -0.274941 -0.276444 -0.279331 -0.169154 -0.169074 -0.168572 -0.168042
10.505 0.297023 0.297023 0.297023 0.297023 0.492325 0.495233 0.505831 0.505143 0.31531 0.305191 0.306471 0.308455 0.0488126 0.0486121 0.0480565 0.0475254
10.525 0.263822 0.263822 0.263822 0.263822 0.970047 0.968385 0.97897 0.980484 0.841813 0.840289 0.838695 0.841121 0.419376 0.419751 0.420965 0.421161
10.545 0.165499 0.165499 0.165499 0.165499 0.940728 0.943109 0.931689 0.923492 1.25462 1.25475 1.25292 1.25531 1.04043 1.04153 1.04079 1.04058
10.565 0.00915746 0.00915746 0.00915746 0.00915746 0.616168 0.623655 0.619903 0.622833 1.4313 1.43203 1.43597 1.43212 1.80265 1.80198 1.80243 1.80283
10.585 -0.0527551 -0.0527551 -0.0527551 -0.0527551 0.37771 0.372439 0.374102 0.372607 1.42696 1.42941 1.42821 1.4263 2.37543 2.37484 2.37507 2.37566
10.605 0.00553939 0.00553939 0.00553939 0.00553939 0.406198 0.40159 0.401568 0.400515 1.40843 1.40828 1.40783 1.40696 2.43339 2.43291 2.43296 2.43367
10.625 0.0245536 0.0245536 0.0245536 0.0245536 0.670742 0.668528 0.66817 0.666528 1.42957 1.42937 1.42916 1.42854 1.94509 1.94452 1.94436 1.94473
10.645 -0.0350636 -0.0350636 -0.0350636 -0.0350636 0.892665 0.905969 0.90361 0.900882 1.35615 1.3559 1.35461 1.3579 1.2177 1.21759 1.21786 1.21832
10.665 -0.103068 -0.103068 -0.103068 -0.103068 0.794302 0.796099 0.798754 0.794626 1.02205 1.02087 1.01912 1.02107 0.626534 0.627124 0.625038 0.625798
10.685 -0.142919 -0.142919 -0.142919 -0.142919 0.259378 0.260869 0.257346 0.233982 0.42094 0.421779 0.42113 0.419477 0.289929 0.289689 0.290098 0.289773
10.705 -0.163157 -0.163157 -0.163157 -0.163157 -0.518033 -0.509126 -0.50802 -0.481486 -0.333996 -0.332705 -0.330541 -0.331028 0.032442 0.0316651 0.0311835 0.0314157
10.725 -0.22153 -0.22153 -0.22153 -0.22153 -0.857134 -0.850266 -0.836958 -0.842685 -0.957804 -0.956274 -0.958947 -0.957318 -0.45181 -0.45104 -0.449369 -0.448894
10.745 -0.273024 -0.273024 -0.273024 -0.273024 -0.865953 -0.858694 -0.873988 -0.883652 -1.27869 -1.28321 -1.28418 -1.28524 -1.24592 -1.24514 -1.24512 -1.24581
10.765 -0.341856 -0.341856 -0.341856 -0.341856 -0.77567 -0.77119 -0.761671 -0.783304 -1.42059 -1.42431 -1.4239 -1.42018 -2.0729 -2.07267 -2.07233 -2.0728
10.785 -0.360855 -0.360855 -0.360855 -0.360855 -0.743208 -0.737664 -0.733637 -0.737037 -1.6076 -1.6073 -1.60586 -1.60652 -2.53252 -2.53194 -2.5323 -2.53328
10.805 -0.343999 -0.343999 -0.343999 -0.343999 -0.90055 -0.900493 -0.899881 -0.902252 -1.84722 -1.84793 -1.84808 -1.85015 -2.49143 -2.49092 -2.49085 -2.49147
10.825 -0.288498 -0.288498 -0.288498 -0.288498 -1.19067 -1.19433 -1.1952 -1.19813 -1.95694 -1.95764 -1.95792 -1.95837 -2.13862 -2.13824 -2.1384 -2.13888
10.845 -0.294792 -0.294792 -0.294792 -0.294792 -1.32779 -1.33209 -1.33303 -1.33471 -1.81028 -1.81017 -1.81064 -1.81165 -1.74307 -1.74275 -1.74256 -1.74264
10.865 -0.334204 -0.334204 -0.334204 -0.334204 -1.09881 -1.10227 -1.10027 -1.10146 -1.43943 -1.4394 -1.43933 -1.4392 -1.42539 -1.42527 -1.42539 -1.42559
10.885 -0.304278 -0.304278 -0.304278 -0.304278 -0.59025 -0.591604 -0.595644 -0.605887 -0.936453 -0.939751 -0.938808 -0.938017 -1.13647 -1.13643 -1.13651 -1.13665
10.905 -0.199949 -0.199949 -0.199949 -0.199949 -0.0594119 -0.0797135 -0.0660693 -0.0629444 -0.397179 -0.396802 -0.3949 -0.392853 -0.743627 -0.743492 -0.743614 -0.743711
10.925 -0.105637 -0.105637 -0.105637 -0.105637 0.293038 0.297384 0.297743 0.306866 0.160511 0.161817 0.162587 0.166183 -0.160207 -0.160387 -0.160544 -0.160762
10.945 -0.111725 -0.111725 -0.111725 -0.111725 0.30188 0.313862 0.30294 0.299062 0.631124 0.627146 0.627387 0.627371 0.603334 0.604176 0.604872 0.604877
10.965 -0.103994 -0.103994 -0.103994 -0.103994 0.207917 0.206687 0.213413 0.213262 0.914964 0.914887 0.917641 0.921231 1.39753 1.39567 1.39471 1.39415
10.985 -0.0859698 -0.0859698 -0.0859698 -0.0859698 0.274269 0.276972 0.284772 0.279225 1.12067 1.12242 1.12662 1.12005 1.93067 1.93032 1.93016 1.93087
11.005 -0.0221636 -0.0221636 -0.0221636 -0.0221636 0.540012 0.53656 0.541377 0.539398 1.34526 1.346 1.34574 1.34429 2.03004 2.02965 2.02954 2.02975
11.025 0.0279351 0.0279351 0.0279351 0.0279351 0.849212 0.84609 0.846346 0.844398 1.54012 1.53986 1.53907 1.53832 1.77999 1.77969 1.77981 1.78028
11.045 0.0614396 0.0614396 0.0614396 0.0614396 1.00632 1.00425 1.00461 1.00119 1.53625 1.53619 1.53597 1.53539 1.44769 1.44738 1.44731 1.44757
11.065 0.082087 0.082087 0.082087 0.082087 0.872397 0.869316 0.871979 0.868752 1.26134 1.26123 1.26169 1.26276 1.21215 1.21211 1.21231 1.21265
11.085 0.107421 0.107421 0.107421 0.107421 0.472334 0.471252 0.472904 0.473494 0.810464 0.81057 0.811312 0.810694 1.02905 1.02889 1.02893 1.02913
11.105 0.124075 0.124075 0.124075 0.124075 0.0107642 0.0108945 0.00623813 -0.00732788 0.338247 0.338125 0.336851 0.335359 0.727468 0.727523 0.727774 0.728035
11.125 0.141393 0.141393 0.141393 0.141393 -0.275695 -0.270856 -0.277723 -0.27371 -0.131441 -0.129018 -0.129686 -0.128404 0.211161 0.210929 0.210735 0.210456
11.145 0.153757 0.153757 0.153757 0.153757 -0.192782 -0.19362 -0.203705 -0.197367 -0.510763 -0.51087 -0.510413 -0.508398 -0.497353 -0.497425 -0.497219 -0.496844
11.165 0.152979 0.152979 0.152979 0.152979 -0.0629413 -0.0580878 -0.0600276 -0.0616145 -0.712491 -0.711115 -0.711797 -0.71036 -1.22259 -1.22237 -1.2222 -1.223
11.185 0.145709 0.145709 0.145709 0.145709 -0.106547 -0.104091 -0.111307 -0.115603 -0.871901 -0.871892 -0.873226 -0.87437 -1.66805 -1.66737 -1.66703 -1.66754
11.205 0.118006 0.118006 0.118006 0.118006 -0.367421 -0.365559 -0.367185 -0.371415 -1.07659 -1.07759 -1.0783 -1.07891 -1.68159 -1.68117 -1.68129 -1.68177
11.225 0.0945789 0.0945789 0.0945789 0.0945789 -0.673163 -0.67507 -0.673877 -0.674869 -1.25787 -1.25673 -1.25685 -1.25686 -1.39053 -1.39017 -1.39012 -1.3904
11.245 0.0824511 0.0824511 0.0824511 0.0824511 -0.810792 -0.813905 -0.813148 -0.812722 -1.23869 -1.23878 -1.23908 -1.23912 -1.07448 -1.0743 -1.07441 -1.07467
11.265 0.0813463 0.0813463 0.0813463 0.0813463 -0.641375 -0.644071 -0.643745 -0.64359 -0.962419 -0.962537 -0.962859 -0.963092 -0.892796 -0.892645 -0.892666 -0.892796
11.285 0.0564814 0.0564814 0.0564814 0.0564814 -0.205813 -0.213797 -0.20585 -0.204816 -0.538161 -0.538043 -0.537302 -0.536837 -0.768024 -0.767825 -0.767854 -0.767986
11.305 0.0334393 0.0334393 0.0334393 0.0334393 0.276064 0.272658 0.277959 0.2798 -0.0823492 -0.0811086 -0.0800163 -0.0800717 -0.516974 -0.516759 -0.5167 -0.516847
11.325 0.0151632 0.0151632 0.0151632 0.0151632 0.426654 0.42184 0.432607 0.42976 0.367656 0.365753 0.365759 0.366646 -0.0225253 -0.0219067 -0.021716 -0.0220505
11.345 0.00110243 0.00110243 0.00110243 0.00110243 0.274139 0.273291 0.277356 0.283492 0.634676 0.633276 0.633412 0.632691 0.695917 0.695792 0.696194 0.697021
11.365 -0.00914718 -0.00914718 -0.00914718 -0.00914718 0.139698 0.138819 0.14192 0.157485 0.75875 0.759061 0.759525 0.764596 1.38587 1.38497 1.38457 1.38433
11.385 -0.0159911 -0.0159911 -0.0159911 -0.0159911 0.218631 0.216304 0.219531 0.218339 0.921718 0.92052 0.920821 0.92312 1.72262 1.72239 1.7224 1.72294
11.405 -0.0198306 -0.0198306 -0.0198306 -0.0198306 0.482257 0.4812 0.479666 0.475875 1.15612 1.15529 1.15468 1.15419 1.62597 1.62547 1.62535 1.62575
11.425 -0.0210587 -0.0210587 -0.0210587 -0.0210587 0.767907 0.767637 0.766793 0.76321 1.3064 1.30631 1.30577 1.30617 1.30552 1.30527 1.30538 1.30578
11.445 -0.0200575 -0.0200575 -0.0200575 -0.0200575 0.85108 0.851815 0.852299 0.849242 1.21398 1.21388 1.21367 1.21363 1.0367 1.0365 1.03641 1.03654
11.465 -0.0171946 -0.0171946 -0.0171946 -0.0171946 0.603232 0.603959 0.604436 0.602534 0.892412 0.892105 0.891984 0.891925 0.900881 0.900795 0.900807 0.900957
11.485 -0.012821 -0.012821 -0.012821 -0.012821 0.12583 0.127749 0.13263 0.115339 0.475029 0.475227 0.475168 0.474739 0.770836 0.770707 0.770732 0.770938
11.505 0 0 0 0 -0.302798 -0.311935 -0.306283 -0.304238 0.0382594 0.0379178 0.0385038 0.0390952 0.477648 0.477417 0.477463 0.477695
