0.005 0 0 0 0 -5.51566e-06 -2.22537e-06 2.2659e-06 5.55609e-06 -5.31806e-07 -4.01157e-07 4.42509e-07 5.73193e-07 1.846e-05 5.36867e-06 -5.32742e-06 -1.84187e-05
0.025 0 0 0 0 -5.59093e-06 -2.30093e-06 2.19033e-06 5.48082e-06 -5.73327e-07 -4.42523e-07 4.01143e-07 5.31669e-07 1.84167e-05 5.32538e-06 -5.37071e-06 -1.8462e-05
0.045 0 0 0 0 -6.8464e-06 -3.56021e-06 9.31034e-07 4.22529e-06 -2.02755e-06 -1.89565e-06 -1.05199e-06 -9.22573e-07 1.70027e-05 3.91128e-06 -6.78481e-06 -1.9876e-05
0.065 0 0 0 0 -8.51668e-06 -5.23299e-06 -7.41783e-07 2.55483e-06 -4.84127e-06 -4.70978e-06 -3.86615e-06 -3.73638e-06 1.41529e-05 1.06198e-06 -9.63413e-06 -2.27259e-05
0.085 0 0 0 0 -9.9939e-06 -6.71017e-06 -2.21906e-06 1.07726e-06 -8.34982e-06 -8.21965e-06 -7.37606e-06 -7.24506e-06 9.93243e-06 -3.1573e-06 -1.38534e-05 -2.69464e-05
0.105 0 0 0 0 -1.13061e-05 -8.02262e-06 -3.53161e-06 -2.35318e-07 -1.181e-05 -1.16796e-05 -1.08361e-05 -1.07056e-05 4.7456e-06 -8.34297e-06 -1.90392e-05 -3.21334e-05
0.125 0 0 0 0 -1.25408e-05 -9.2583e-06 -4.76738e-06 -1.47023e-06 -1.49219e-05 -1.47901e-05 -1.39467e-05 -1.38178e-05 -3.47557e-07 -1.34352e-05 -2.41314e-05 -3.72268e-05
0.145 0 0 0 0 -1.36147e-05 -1.03325e-05 -5.84167e-06 -2.5444e-06 -1.75831e-05 -1.74514e-05 -1.6608e-05 -1.64792e-05 -4.09114e-06 -1.71779e-05 -2.78742e-05 -4.09705e-05
0.165 0 0 0 0 -1.45225e-05 -1.12407e-05 -6.74985e-06 -3.45239e-06 -1.94272e-05 -1.92966e-05 -1.84533e-05 -1.83233e-05 -5.87549e-06 -1.89617e-05 -2.9658e-05 -4.27548e-05
0.185 0 0 0 0 -1.51951e-05 -1.19152e-05 -7.42442e-06 -4.12498e-06 -2.00074e-05 -1.98769e-05 -1.90335e-05 -1.89035e-05 -5.89096e-06 -1.89773e-05 -2.96736e-05 -4.27703e-05
0.205 0 0 0 0 -1.5197e-05 -1.19189e-05 -7.4281e-06 -4.12687e-06 -1.92193e-05 -1.9088e-05 -1.82447e-05 -1.81154e-05 -4.56684e-06 -1.76537e-05 -2.835e-05 -4.14462e-05
0.225 0 0 0 0 -1.4137e-05 -1.08575e-05 -6.36669e-06 -3.06691e-06 -1.72438e-05 -1.71127e-05 -1.62694e-05 -1.61399e-05 -2.18115e-06 -1.52685e-05 -2.59648e-05 -3.90605e-05
0.245 0 0 0 0 -1.23981e-05 -9.11535e-06 -4.62454e-06 -1.32801e-06 -1.44213e-05 -1.42906e-05 -1.34473e-05 -1.33174e-05 9.80192e-07 -1.21076e-05 -2.28039e-05 -3.58992e-05
0.265 0 0 0 0 -1.07187e-05 -7.43417e-06 -2.94336e-06 3.51382e-07 -1.11952e-05 -1.10641e-05 -1.02208e-05 -1.00912e-05 4.6792e-06 -8.40939e-06 -1.91057e-05 -3.22002e-05
0.285 0 0 0 0 -9.46147e-06 -6.17681e-06 -1.686e-06 1.60864e-06 -8.14702e-06 -8.01544e-06 -7.17211e-06 -7.04312e-06 8.66774e-06 -4.42185e-06 -1.51181e-05 -2.82116e-05
0.305 0 0 0 0 -8.5164e-06 -5.23144e-06 -7.40634e-07 2.55371e-06 -5.67673e-06 -5.54569e-06 -4.70235e-06 -4.57283e-06 1.24908e-05 -5.99605e-07 -1.12959e-05 -2.43885e-05
0.325 0 0 0 0 -7.78073e-06 -4.49515e-06 -4.33559e-09 3.28938e-06 -3.86735e-06 -3.73708e-06 -2.89375e-06 -2.76345e-06 1.53943e-05 2.30332e-06 -8.39296e-06 -2.14851e-05
0.345 0 0 0 0 -7.20806e-06 -3.92207e-06 5.68741e-07 3.86205e-06 -2.67606e-06 -2.54561e-06 -1.70228e-06 -1.57219e-06 1.68206e-05 3.72922e-06 -6.96707e-06 -2.00588e-05
0.365 0 0 0 0 -6.61378e-06 -3.32649e-06 1.16432e-06 4.45633e-06 -2.0132e-06 -1.88232e-06 -1.03899e-06 -9.09325e-07 1.6985e-05 3.89363e-06 -6.80266e-06 -1.98944e-05
0.385 0 0 0 0 -6.25657e-06 -2.96764e-06 1.52317e-06 4.81354e-06 -2.02842e-06 -1.89753e-06 -1.05421e-06 -9.24547e-07 1.63333e-05 3.24228e-06 -7.45401e-06 -2.05461e-05
0.405 0 0 0 0 -6.64235e-06 -3.35363e-06 1.13718e-06 4.42776e-06 -2.91153e-06 -2.78064e-06 -1.93732e-06 -1.80766e-06 1.51368e-05 2.04597e-06 -8.65032e-06 -2.17426e-05
0.425 0 0 0 0 -8.01658e-06 -4.73085e-06 -2.40037e-07 3.05353e-06 -4.87492e-06 -4.74371e-06 -3.90039e-06 -3.77105e-06 1.32287e-05 1.38099e-07 -1.05582e-05 -2.36507e-05
0.445 0 0 0 0 -1.00009e-05 -6.71886e-06 -2.22805e-06 1.06917e-06 -7.93931e-06 -7.80811e-06 -6.96479e-06 -6.83544e-06 1.02128e-05 -2.87735e-06 -1.35736e-05 -2.66666e-05
0.465 0 0 0 0 -1.16791e-05 -8.39813e-06 -3.90732e-06 -6.08954e-07 -1.14264e-05 -1.1296e-05 -1.04526e-05 -1.03225e-05 6.1386e-06 -6.95057e-06 -1.76469e-05 -3.07408e-05
0.485 0 0 0 0 -1.26291e-05 -9.34714e-06 -4.85633e-06 -1.55902e-06 -1.44325e-05 -1.43023e-05 -1.3459e-05 -1.33286e-05 1.57002e-06 -1.1518e-05 -2.22142e-05 -3.53094e-05
0.505 0 0 0 0 -1.36487e-05 -1.03675e-05 -5.87664e-06 -2.57857e-06 -1.71214e-05 -1.69897e-05 -1.61464e-05 -1.60175e-05 -3.04406e-06 -1.61312e-05 -2.68274e-05 -3.99235e-05
0.525 0 0 0 0 -1.55163e-05 -1.22386e-05 -7.74775e-06 -4.44619e-06 -2.04106e-05 -2.02776e-05 -1.94342e-05 -1.93067e-05 -7.38966e-06 -2.04761e-05 -3.11724e-05 -4.42691e-05
0.545 0 0 0 0 -1.81979e-05 -1.49244e-05 -1.04336e-05 -7.12808e-06 -2.47739e-05 -2.46417e-05 -2.37984e-05 -2.36702e-05 -1.15836e-05 -2.46693e-05 -3.53656e-05 -4.84631e-05
0.565 0 0 0 0 -2.08748e-05 -1.76045e-05 -1.31139e-05 -9.80534e-06 -2.94191e-05 -2.92884e-05 -2.84452e-05 -2.83155e-05 -1.59998e-05 -2.90845e-05 -3.97809e-05 -5.28793e-05
0.585 0 0 0 0 -2.27385e-05 -1.94703e-05 -1.49797e-05 -1.16694e-05 -3.32134e-05 -3.30826e-05 -3.22394e-05 -3.21099e-05 -2.08228e-05 -3.39066e-05 -4.46029e-05 -5.77024e-05
0.605 0 0 0 0 -2.32378e-05 -1.99687e-05 -1.54782e-05 -1.21689e-05 -3.54237e-05 -3.52919e-05 -3.44488e-05 -3.43206e-05 -2.51578e-05 -3.82406e-05 -4.8937e-05 -6.20376e-05
0.625 0 0 0 0 -2.26187e-05 -1.9346e-05 -1.48556e-05 -1.15499e-05 -3.59618e-05 -3.58298e-05 -3.49868e-05 -3.48589e-05 -2.7483e-05 -4.0565e-05 -5.12614e-05 -6.43629e-05
0.645 0 0 0 0 -2.11587e-05 -1.78818e-05 -1.33914e-05 -1.00899e-05 -3.4282e-05 -3.41509e-05 -3.33079e-05 -3.31791e-05 -2.60093e-05 -3.90912e-05 -4.97877e-05 -6.28893e-05
0.665 0 0 0 0 -1.98878e-05 -1.66115e-05 -1.2121e-05 -8.81905e-06 -3.06925e-05 -3.05611e-05 -2.97181e-05 -2.95896e-05 -2.08114e-05 -3.38947e-05 -4.45911e-05 -5.76914e-05
0.685 0 0 0 0 -2.11143e-05 -1.78488e-05 -1.33583e-05 -1.00455e-05 -2.85982e-05 -2.84638e-05 -2.76207e-05 -2.74954e-05 -1.57625e-05 -2.88481e-05 -3.95446e-05 -5.26425e-05
0.705 0 0 0 0 -2.50829e-05 -2.18308e-05 -1.73403e-05 -1.4014e-05 -3.15787e-05 -3.14431e-05 -3.06001e-05 -3.04759e-05 -1.57018e-05 -2.87885e-05 -3.9485e-05 -5.25818e-05
0.725 0 0 0 0 -2.85801e-05 -2.53291e-05 -2.08386e-05 -1.75112e-05 -3.86419e-05 -3.8511e-05 -3.7668e-05 -3.75392e-05 -2.23423e-05 -3.5427e-05 -4.61235e-05 -5.92223e-05
0.745 0 0 0 0 -2.89475e-05 -2.56852e-05 -2.11949e-05 -1.78793e-05 -4.50521e-05 -4.49249e-05 -4.40819e-05 -4.39493e-05 -3.34035e-05 -4.64843e-05 -5.71808e-05 -7.02835e-05
0.765 0 0 0 0 -2.63304e-05 -2.3055e-05 -1.85649e-05 -1.52627e-05 -4.68201e-05 -4.669e-05 -4.58473e-05 -4.57181e-05 -4.30844e-05 -5.61623e-05 -6.68589e-05 -7.99649e-05
0.785 0 0 0 0 -2.3227e-05 -1.99451e-05 -1.54549e-05 -1.21593e-05 -4.41375e-05 -4.40024e-05 -4.31599e-05 -4.30362e-05 -4.52638e-05 -5.83413e-05 -6.9038e-05 -8.21447e-05
0.805 0 0 0 0 -2.19271e-05 -1.86472e-05 -1.4157e-05 -1.08594e-05 -3.94569e-05 -3.93222e-05 -3.84796e-05 -3.83555e-05 -3.74789e-05 -5.05584e-05 -6.12551e-05 -7.43599e-05
0.825 0 0 0 0 -2.17577e-05 -1.8485e-05 -1.39948e-05 -1.069e-05 -3.3175e-05 -3.30456e-05 -3.22031e-05 -3.20737e-05 -2.20344e-05 -3.51176e-05 -4.58143e-05 -5.89154e-05
0.845 0 0 0 0 -2.01447e-05 -1.68788e-05 -1.23886e-05 -9.07693e-06 -2.41686e-05 -2.40418e-05 -2.31992e-05 -2.30673e-05 -4.63497e-06 -1.77225e-05 -2.84192e-05 -4.15159e-05
0.865 0 0 0 0 -1.46853e-05 -1.14165e-05 -6.92637e-06 -3.6176e-06 -1.22309e-05 -1.21021e-05 -1.12596e-05 -1.11298e-05 1.00802e-05 -3.01106e-06 -1.37078e-05 -2.6801e-05
0.885 0 0 0 0 -6.76455e-06 -3.48239e-06 1.00776e-06 4.3031e-06 -2.84963e-07 -1.53222e-07 6.89239e-07 8.16027e-07 2.01011e-05 7.00807e-06 -3.68869e-06 -1.67802e-05
0.905 0 0 0 0 6.34283e-07 3.93313e-06 8.42309e-06 1.17013e-05 9.22152e-06 9.35313e-06 1.01956e-05 1.03224e-05 2.73796e-05 1.42861e-05 3.5893e-06 -9.50174e-06
0.925 0 0 0 0 5.67227e-06 8.98218e-06 1.34721e-05 1.67389e-05 1.66589e-05 1.67878e-05 1.76302e-05 1.77597e-05 3.55991e-05 2.25048e-05 1.1808e-05 -1.28222e-06
0.945 0 0 0 0 1.05359e-05 1.38529e-05 1.83426e-05 2.1602e-05 2.61585e-05 2.62835e-05 2.71257e-05 2.72588e-05 4.89876e-05 3.5891e-05 2.51941e-05 1.21061e-05
0.965 0 0 0 0 2.05679e-05 2.39002e-05 2.83896e-05 3.16326e-05 4.44683e-05 4.45884e-05 4.54303e-05 4.55675e-05 7.2325e-05 5.92242e-05 4.85271e-05 3.54429e-05
0.985 0 0 0 0 3.58057e-05 3.91558e-05 4.36445e-05 4.68681e-05 7.31236e-05 7.32436e-05 7.40851e-05 7.42216e-05 0.000106088 9.29803e-05 8.2283e-05 6.92054e-05
1.005 0 0 0 0 5.34259e-05 5.67902e-05 6.1278e-05 6.4485e-05 0.00010872 0.000108844 0.000109685 0.000109817 0.000148706 0.000135588 0.00012489 0.000111822
1.025 0 0 0 0 7.12362e-05 7.46144e-05 7.91013e-05 8.22918e-05 0.000146309 0.000146431 0.000147271 0.000147404 0.000197391 0.000184262 0.000173564 0.000160506
1.045 0 0 0 0 8.69806e-05 9.03698e-05 9.48558e-05 9.80329e-05 0.000181487 0.000181603 0.000182443 0.000182579 0.000246206 0.000233065 0.000222367 0.000209319
1.065 0 0 0 0 9.59162e-05 9.92987e-05 0.000103784 0.000106965 0.000207147 0.000207264 0.000208103 0.000208237 0.000283684 0.000270533 0.000259834 0.000246796
1.085 0 0 0 0 9.73394e-05 0.000100708 0.000105193 0.000108387 0.000217011 0.000217131 0.00021797 0.000218099 0.000300113 0.000286957 0.000276258 0.000263225
1.105 0 0 0 0 9.55144e-05 9.88881e-05 0.000103373 0.000106562 0.000211075 0.00021119 0.000212029 0.000212163 0.000293234 0.00028008 0.000269381 0.000256345
1.125 0 0 0 0 9.31189e-05 9.65124e-05 0.000100997 0.000104167 0.000195519 0.000195628 0.000196467 0.000196608 0.000267911 0.000254765 0.000244066 0.000231022
1.145 0 0 0 0 8.9834e-05 9.32412e-05 9.77259e-05 0.000100882 0.000177932 0.000178043 0.000178882 0.00017902 0.00023506 0.000221923 0.000211224 0.000198171
1.165 0 0 0 0 8.14802e-05 8.48775e-05 8.93622e-05 9.2528e-05 0.000158616 0.000158739 0.000159577 0.000159705 0.000203876 0.000190744 0.000180045 0.000166987
1.185 0 0 0 0 6.38367e-05 6.71987e-05 7.16834e-05 7.48845e-05 0.000131534 0.00013166 0.000132499 0.000132622 0.000175248 0.00016212 0.000151422 0.000138359
1.205 0 0 0 0 4.15377e-05 4.48633e-05 4.93479e-05 5.25854e-05 9.72761e-05 9.73938e-05 9.82324e-05 9.83645e-05 0.000145987 0.000132865 0.000122166 0.000109099
1.225 0 0 0 0 2.0792e-05 2.40898e-05 2.85745e-05 3.18397e-05 6.14474e-05 6.15585e-05 6.23971e-05 6.25357e-05 0.000109493 9.63782e-05 8.56793e-05 7.26045e-05
1.245 0 0 0 0 -3.51606e-06 -2.62495e-07 4.22218e-06 7.53167e-06 1.84769e-05 1.86042e-05 1.94428e-05 1.95652e-05 5.33078e-05 4.02012e-05 2.95022e-05 1.64192e-05
1.265 0 0 0 0 -3.39389e-05 -3.07292e-05 -2.62444e-05 -2.2891e-05 -4.0718e-05 -4.05751e-05 -3.97365e-05 -3.96298e-05 -2.61736e-05 -3.92661e-05 -4.99651e-05 -6.30622e-05
1.285 0 0 0 0 -6.48074e-05 -6.16072e-05 -5.7124e-05 -5.37649e-05 -0.000112699 -0.000112568 -0.00011173 -0.000111612 -0.000118766 -0.000131836 -0.000142535 -0.000155655
1.305 0 0 0 0 -9.20933e-05 -8.88904e-05 -8.44092e-05 -8.10582e-05 -0.000181618 -0.000181503 -0.000180666 -0.000180535 -0.000209421 -0.000222468 -0.000233168 -0.000246313
1.325 0 0 0 0 -0.000112562 -0.000109372 -0.000104893 -0.000101532 -0.000230486 -0.000230365 -0.000229529 -0.000229409 -0.000280612 -0.000293644 -0.000304345 -0.000317507
1.345 0 0 0 0 -0.000122862 -0.000119688 -0.000115209 -0.000111833 -0.000252762 -0.000252627 -0.000251793 -0.000251687 -0.000316576 -0.000329602 -0.000340304 -0.000353473
1.365 0 0 0 0 -0.000134132 -0.000130995 -0.000126515 -0.000123104 -0.000263618 -0.000263475 -0.00026264 -0.000262543 -0.000323904 -0.000336932 -0.000347633 -0.0003608
1.385 0 0 0 0 -0.000147309 -0.000144213 -0.000139734 -0.000136281 -0.000272027 -0.000271891 -0.000271057 -0.000270953 -0.000315416 -0.000328448 -0.00033915 -0.000352312
1.405 0 0 0 0 -0.000151842 -0.000148757 -0.000144278 -0.000140814 -0.000272657 -0.000272535 -0.000271701 -0.000271582 -0.00030187 -0.000314905 -0.000325606 -0.000338767
1.425 0 0 0 0 -0.000149865 -0.000146784 -0.000142304 -0.000138837 -0.000267533 -0.000267405 -0.00026657 -0.000266459 -0.000298231 -0.000311267 -0.000321968 -0.000335127
1.445 0 0 0 0 -0.000154821 -0.000151765 -0.000147285 -0.000143793 -0.000274838 -0.000274682 -0.000273847 -0.000273763 -0.000317972 -0.000331009 -0.00034171 -0.000354868
1.465 0 0 0 0 -0.000160696 -0.000157626 -0.000153147 -0.00014967 -0.000296626 -0.000296477 -0.000295643 -0.000295551 -0.000350052 -0.00036308 -0.000373781 -0.000386949
1.485 0 0 0 0 -0.000146011 -0.000142843 -0.000138365 -0.000134986 -0.00030005 -0.000299948 -0.000299114 -0.000298976 -0.000360495 -0.000373508 -0.000384209 -0.000397392
1.505 0 0 0 0 -0.000110901 -0.000107648 -0.00010317 -9.9877e-05 -0.000255309 -0.000255214 -0.000254379 -0.000254235 -0.000323672 -0.000336686 -0.000347388 -0.000360569
1.525 0 0 0 0 -7.09042e-05 -6.76483e-05 -6.31701e-05 -5.98804e-05 -0.000167794 -0.000167652 -0.000166818 -0.000166721 -0.00023084 -0.000243882 -0.000254583 -0.000267738
1.545 0 0 0 0 -3.31146e-05 -2.98712e-05 -2.5393e-05 -2.20909e-05 -6.6698e-05 -6.65422e-05 -6.57079e-05 -6.56245e-05 -8.99865e-05 -0.000103064 -0.000113765 -0.000126884
1.565 0 0 0 0 1.6073e-05 1.93789e-05 2.38571e-05 2.70967e-05 4.4016e-05 4.41154e-05 4.49496e-05 4.50896e-05 8.48487e-05 7.17403e-05 6.10388e-05 4.79515e-05
1.585 0 0 0 0 7.05459e-05 7.39024e-05 7.83807e-05 8.157e-05 0.000164728 0.000164804 0.000165638 0.000165801 0.000255723 0.00024258 0.000231878 0.000218826
1.605 0 0 0 0 0.000117774 0.000121117 0.000125594 0.00012879 0.000277234 0.000277357 0.00027819 0.000278302 0.00038739 0.000374207 0.000363505 0.00035049
1.625 0 0 0 0 0.000151463 0.000154818 0.000159293 0.000162473 0.000347551 0.000347702 0.000348534 0.000348618 0.000463693 0.00045049 0.000439787 0.000426792
1.645 0 0 0 0 0.000156934 0.000160327 0.000164802 0.000167943 0.000349085 0.000349205 0.000350037 0.00035015 0.000471534 0.000458334 0.000447631 0.000434632
1.665 0 0 0 0 0.000133493 0.000136891 0.000141365 0.000144502 0.00029487 0.000294959 0.000295791 0.000295935 0.000412785 0.000399604 0.000388901 0.000375883
1.685 0 0 0 0 0.00011347 0.000116884 0.000121358 0.000124478 0.00023483 0.000234912 0.000235744 0.000235895 0.000324622 0.000311464 0.000300761 0.00028772
1.705 0 0 0 0 0.000107681 0.000111129 0.000115603 0.000118689 0.000194607 0.000194706 0.000195537 0.000195672 0.000242081 0.000228943 0.00021824 0.000205179
1.725 0 0 0 0 0.000109745 0.000113224 0.000117698 0.000120753 0.000177846 0.000177959 0.000178791 0.000178911 0.00019653 0.000183404 0.000172701 0.000159628
1.745 0 0 0 0 0.000111235 0.000114716 0.00011919 0.000122243 0.000181867 0.000181973 0.000182805 0.000182932 0.000205423 0.000192295 0.000181592 0.00016852
1.765 0 0 0 0 0.000108067 0.000111504 0.000115978 0.000119075 0.000203309 0.000203407 0.000204238 0.000204374 0.000259864 0.000246721 0.000236018 0.000222962
1.785 0 0 0 0 5.80295e-05 6.12513e-05 6.57253e-05 6.90376e-05 0.000181693 0.00018184 0.000182672 0.000182758 0.000277235 0.000264066 0.000253363 0.000240332
1.805 0 0 0 0 -2.47138e-05 -2.16986e-05 -1.72246e-05 -1.37059e-05 7.88619e-05 7.90265e-05 7.98582e-05 7.99265e-05 0.000195585 0.000182418 0.000171716 0.000158683
1.825 0 0 0 0 -7.78951e-05 -7.48235e-05 -7.03495e-05 -6.68869e-05 -6.64978e-05 -6.64157e-05 -6.55841e-05 -6.54335e-05 2.09262e-05 7.8148e-06 -2.88795e-06 -1.59758e-05
1.845 0 0 0 0 -8.31009e-05 -7.98289e-05 -7.53548e-05 -7.20926e-05 -0.000182561 -0.00018252 -0.000181689 -0.000181496 -0.00019467 -0.000207711 -0.000218413 -0.000231572
1.865 0 0 0 0 -7.91466e-05 -7.58027e-05 -7.13292e-05 -6.81399e-05 -0.000244952 -0.000244818 -0.000243989 -0.000243896 -0.000378136 -0.000391138 -0.000401842 -0.000415044
1.885 0 0 0 0 -9.69477e-05 -9.36646e-05 -8.91909e-05 -8.59408e-05 -0.000280987 -0.000280779 -0.000279953 -0.00027994 -0.000459255 -0.00047225 -0.000482955 -0.000496167
1.905 0 0 0 0 -0.000121022 -0.000117779 -0.000113306 -0.000110015 -0.000293999 -0.000293875 -0.000293049 -0.000292954 -0.000405539 -0.000418541 -0.000429246 -0.000442451
1.925 0 0 0 0 -0.000115232 -0.000112001 -0.000107528 -0.000104225 -0.0002366 -0.000236584 -0.000235758 -0.000235554 -0.000242974 -0.000256005 -0.00026671 -0.000279887
1.945 0 0 0 0 -5.3679e-05 -5.04674e-05 -4.59939e-05 -4.26724e-05 -7.51798e-05 -7.51323e-05 -7.4306e-05 -7.41341e-05 -2.49661e-05 -3.80538e-05 -4.87588e-05 -6.18787e-05
1.965 0 0 0 0 5.24601e-05 5.57173e-05 6.01909e-05 6.34667e-05 0.000142625 0.000142776 0.000143602 0.000143671 0.000200578 0.000187428 0.000176723 0.000163665
1.985 0 0 0 0 0.000148775 0.00015215 0.000156624 0.000159782 0.000318766 0.000318942 0.000319768 0.000319812 0.000392938 0.000379748 0.000369043 0.000356025
2.005 0 0 0 0 0.000179409 0.000182827 0.0001873 0.000190413 0.000388729 0.000388855 0.000389681 0.000389774 0.000511261 0.000498052 0.000487346 0.000474348
2.025 0 0 0 0 0.00017517 0.000178594 0.000183067 0.000186174 0.000394547 0.000394604 0.000395428 0.000395585 0.000562048 0.000548832 0.000538125 0.00052513
2.045 0 0 0 0 0.00018009 0.000183538 0.000188011 0.000191094 0.00039624 0.000396289 0.000397113 0.000397278 0.00056066 0.000547446 0.000536739 0.000523742
2.065 0 0 0 0 0.000177241 0.000180665 0.000185138 0.000188246 0.000380185 0.000380305 0.000381129 0.000381222 0.00049799 0.000484781 0.000474075 0.000461072
2.085 0 0 0 0 0.000159205 0.000162631 0.000167104 0.000170209 0.000323253 0.000323398 0.000324222 0.00032429 0.000397542 0.000384354 0.000373648 0.000360623
2.105 0 0 0 0 0.000136818 0.000140317 0.00014479 0.000147822 0.000244607 0.000244685 0.000245508 0.000245644 0.000302683 0.000289531 0.000278825 0.000265765
2.125 0 0 0 0 9.65536e-05 0.000100013 0.000104486 0.000107558 0.000168387 0.000168447 0.00016927 0.000169424 0.000220398 0.000207265 0.000196559 0.00018348
2.145 0 0 0 0 2.6676e-05 2.99236e-05 3.43965e-05 3.768e-05 8.42709e-05 8.44058e-05 8.52296e-05 8.53079e-05 0.000128023 0.000114888 0.000104182 9.1105e-05
2.165 0 0 0 0 -5.69069e-05 -5.38416e-05 -4.93687e-05 -4.5903e-05 -3.8512e-05 -3.83472e-05 -3.75234e-05 -3.74751e-05 -1.02084e-07 -1.32232e-05 -2.39297e-05 -3.70204e-05
2.185 0 0 0 0 -0.000118346 -0.000115262 -0.000110789 -0.000107342 -0.000184239 -0.000184153 -0.000183329 -0.000183202 -0.000163401 -0.000176473 -0.000187179 -0.000200319
2.205 0 0 0 0 -0.000150856 -0.00014769 -0.000143217 -0.000139852 -0.000304616 -0.000304567 -0.000303743 -0.000303579 -0.000342656 -0.000355675 -0.000366381 -0.000379574
2.225 0 0 0 0 -0.00015446 -0.000151255 -0.000146784 -0.000143463 -0.000358435 -0.000358323 -0.000357499 -0.000357397 -0.000479651 -0.000492641 -0.000503348 -0.00051657
2.245 0 0 0 0 -0.0001354 -0.000132153 -0.000127683 -0.000124403 -0.000347349 -0.000347192 -0.000346368 -0.000346311 -0.000510661 -0.000523645 -0.000534352 -0.00054758
2.265 0 0 0 0 -9.82319e-05 -9.49133e-05 -9.04424e-05 -8.72347e-05 -0.000275446 -0.000275338 -0.000274514 -0.000274409 -0.000400459 -0.00041346 -0.000424166 -0.000437378
2.285 0 0 0 0 -8.15874e-05 -7.83606e-05 -7.38897e-05 -7.05901e-05 -0.000173186 -0.000173093 -0.000172269 -0.000172148 -0.00020667 -0.000219722 -0.000230429 -0.000243589
2.305 0 0 0 0 -8.37764e-05 -8.07527e-05 -7.62819e-05 -7.27792e-05 -7.50167e-05 -7.48825e-05 -7.40586e-05 -7.39793e-05 -1.60864e-05 -2.92036e-05 -3.99102e-05 -5.30052e-05
2.325 0 0 0 0 -7.4977e-05 -7.20186e-05 -6.75478e-05 -6.39801e-05 -1.38545e-05 -1.37192e-05 -1.28953e-05 -1.28171e-05 9.66472e-05 8.34979e-05 7.27913e-05 5.97285e-05
2.345 0 0 0 0 -7.23174e-05 -6.93092e-05 -6.48384e-05 -6.13204e-05 -3.03147e-05 -3.01971e-05 -2.93732e-05 -2.92773e-05 6.59631e-05 5.28268e-05 4.21203e-05 2.90444e-05
2.365 0 0 0 0 -7.11487e-05 -6.80087e-05 -6.35378e-05 -6.01516e-05 -0.000100488 -0.000100382 -9.95578e-05 -9.94507e-05 -7.82466e-05 -9.13373e-05 -0.000102044 -0.000115165
2.385 0 0 0 0 -6.85626e-05 -6.52785e-05 -6.08077e-05 -5.75655e-05 -0.000178446 -0.000178335 -0.000177511 -0.000177408 -0.000248778 -0.000261818 -0.000272524 -0.000285697
2.405 0 0 0 0 -9.42982e-05 -9.10159e-05 -8.65451e-05 -8.33011e-05 -0.000255233 -0.00025509 -0.000254266 -0.000254196 -0.000381352 -0.000394364 -0.00040507 -0.000418271
2.425 0 0 0 0 -0.000141072 -0.00013789 -0.000133419 -0.000130075 -0.000319254 -0.000319114 -0.00031829 -0.000318217 -0.000433421 -0.000446426 -0.000457133 -0.000470339
2.445 0 0 0 0 -0.000149546 -0.000146364 -0.000141893 -0.000138549 -0.000316562 -0.000316499 -0.000315675 -0.000315524 -0.00037649 -0.000389502 -0.000400208 -0.000413409
2.465 0 0 0 0 -0.000100138 -9.68973e-05 -9.24265e-05 -8.91412e-05 -0.000212924 -0.000212887 -0.000212063 -0.000211887 -0.000231448 -0.000244486 -0.000255193 -0.000268366
2.485 0 0 0 0 -1.63289e-05 -1.30615e-05 -8.59069e-06 -5.33184e-06 -3.39759e-05 -3.38613e-05 -3.30373e-05 -3.29385e-05 -3.68298e-05 -4.99217e-05 -6.06283e-05 -7.37485e-05
2.505 0 0 0 0 6.85392e-05 7.18437e-05 7.63145e-05 7.95363e-05 0.000148518 0.000148687 0.000149511 0.000149555 0.000174846 0.0001617 0.000150994 0.000137927
2.525 0 0 0 0 0.000155253 0.000158711 0.000163182 0.00016625 0.000309417 0.000309512 0.000310336 0.000310455 0.000399297 0.000386117 0.00037541 0.000362378
2.545 0 0 0 0 0.000258414 0.000262076 0.000266547 0.000269409 0.000489724 0.000489727 0.000490551 0.00049076 0.000643601 0.000630388 0.000619681 0.000606682
2.565 0 0 0 0 0.000343117 0.000346779 0.000351243 0.000354087 0.000682116 0.000682179 0.000683 0.000683142 0.000871294 0.000858019 0.000847311 0.000834371
2.585 0 0 0 0 0.000383207 0.000386744 0.000391202 0.000394152 0.000817599 0.000817762 0.000818581 0.000818618 0.00103835 0.00102501 0.00101431 0.00100142
2.605 0 0 0 0 0.000422794 0.000426436 0.000430892 0.000433733 0.000885769 0.000885843 0.000886659 0.000886778 0.00115365 0.0011403 0.00112959 0.00111672
2.625 0 0 0 0 0.000445518 0.000449294 0.00045375 0.000456459 0.000900154 0.00090013 0.000900945 0.000901159 0.00118998 0.00117664 0.00116593 0.00115304
2.645 0 0 0 0 0.000409043 0.000412681 0.000417137 0.000419984 0.000853635 0.000853704 0.000854519 0.00085464 0.00111109 0.00109775 0.00108703 0.00107415
2.665 0 0 0 0 0.000357442 0.000360982 0.000365438 0.000368382 0.000754301 0.000754435 0.00075525 0.000755305 0.000960366 0.000947046 0.000936334 0.000923431
2.685 0 0 0 0 0.000294775 0.00029835 0.000302806 0.000305715 0.000592563 0.000592632 0.000593447 0.000593568 0.000758653 0.00074539 0.000734679 0.000721718
2.705 0 0 0 0 0.000151826 0.000155197 0.000159653 0.000162766 0.000334831 0.00033491 0.000335725 0.000335836 0.000458292 0.000445084 0.000434373 0.000421356
2.725 0 0 0 0 -7.65985e-05 -7.36686e-05 -6.92123e-05 -6.56596e-05 -3.68606e-05 -3.66901e-05 -3.58752e-05 -3.58565e-05 2.70181e-05 1.38712e-05 3.15955e-06 -9.91731e-06
2.745 0 0 0 0 -0.000329435 -0.000326822 -0.000322363 -0.000318493 -0.000511702 -0.000511538 -0.000510724 -0.000510702 -0.000533194 -0.00054623 -0.000556942 -0.000570129
2.765 0 0 0 0 -0.000578829 -0.000576384 -0.000571943 -0.000567959 -0.00105346 -0.00105336 -0.00105255 -0.00105247 -0.00121359 -0.00122647 -0.00123719 -0.00125053
2.785 0 0 0 0 -0.000764519 -0.000762086 -0.000757669 -0.000753743 -0.0015375 -0.00153744 -0.00153664 -0.00153656 -0.00189805 -0.00191076 -0.00192148 -0.00193501
2.805 0 0 0 0 -0.00080438 -0.000801696 -0.000797294 -0.000793668 -0.00179214 -0.00179211 -0.00179134 -0.00179128 -0.00235935 -0.00237194 -0.00238267 -0.00239635
2.825 0 0 0 0 -0.00075712 -0.000754273 -0.000749872 -0.000746412 -0.00178487 -0.00178478 -0.001784 -0.00178403 -0.00245926 -0.00247182 -0.00248256 -0.00249627
2.845 0 0 0 0 -0.00073237 -0.00072976 -0.00072536 -0.000721664 -0.00161964 -0.00161944 -0.00161866 -0.0016188 -0.00220895 -0.0022216 -0.00223233 -0.00224595
2.865 0 0 0 0 -0.000703225 -0.000700886 -0.000696486 -0.000692519 -0.00136715 -0.00136701 -0.00136623 -0.00136631 -0.00169734 -0.00171013 -0.00172086 -0.00173435
2.885 0 0 0 0 -0.000546141 -0.000543648 -0.000539248 -0.000535436 -0.000974596 -0.00097468 -0.000973907 -0.000973761 -0.00103683 -0.00104974 -0.00106047 -0.00107384
2.905 0 0 0 0 -0.000249517 -0.000246645 -0.000242245 -0.000238813 -0.000413724 -0.000413822 -0.000413049 -0.00041289 -0.000362901 -0.000375943 -0.000386675 -0.00039991
2.925 0 0 0 0 6.90038e-05 7.21382e-05 7.65378e-05 7.97074e-05 0.000184306 0.000184461 0.000185233 0.000185141 0.000225366 0.000212175 0.000201443 0.000188356
2.945 0 0 0 0 0.000336113 0.000339583 0.000343983 0.000346819 0.000666282 0.000666503 0.000667276 0.000667117 0.000747091 0.000733793 0.000723061 0.000710081
2.965 0 0 0 0 0.000520474 0.000524332 0.000528732 0.000531174 0.000994722 0.000994712 0.000995484 0.000995557 0.00122991 0.00121656 0.00120582 0.00119291
2.985 0 0 0 0 0.000624591 0.000628532 0.000632924 0.000635255 0.00124892 0.00124875 0.00124952 0.00124971 0.00164854 0.0016351 0.00162436 0.00161152
3.005 0 0 0 0 0.000672767 0.000676461 0.00068084 0.000683382 0.00145584 0.00145581 0.00145657 0.00145662 0.00193292 0.00191937 0.00190863 0.00189589
3.025 0 0 0 0 0.000730544 0.00073422 0.000738592 0.000741131 0.00158283 0.00158288 0.00158363 0.0015836 0.00206353 0.00204993 0.00203919 0.00202649
3.045 0 0 0 0 0.000824808 0.000828901 0.000833273 0.000835391 0.00163486 0.00163476 0.00163551 0.00163563 0.00208071 0.00206716 0.00205642 0.00204367
3.065 0 0 0 0 0.000878695 0.000883051 0.000887425 0.000889281 0.00163989 0.00163974 0.00164049 0.00164065 0.00201987 0.00200636 0.00199562 0.00198283
3.085 0 0 0 0 0.000794853 0.000798878 0.000803252 0.000805438 0.00154838 0.00154843 0.00154919 0.00154915 0.00187598 0.00186246 0.00185172 0.00183894
3.105 0 0 0 0 0.000556475 0.000559888 0.000564262 0.000567059 0.00124222 0.00124239 0.00124315 0.00124299 0.00158999 0.00157648 0.00156574 0.00155295
3.125 0 0 0 0 0.000273031 0.00027615 0.000280522 0.000283612 0.000738893 0.000738848 0.000739604 0.000739657 0.00111965 0.00110625 0.00109551 0.00108261
3.145 0 0 0 0 2.95798e-05 3.26505e-05 3.70235e-05 4.01618e-05 0.000183456 0.000183249 0.000184004 0.000184218 0.000448104 0.00043488 0.000424139 0.000411065
3.165 0 0 0 0 -0.000154108 -0.00015112 -0.000146747 -0.000143526 -0.000305106 -0.00030514 -0.000304385 -0.000304344 -0.000344667 -0.000357726 -0.000368467 -0.000381706
3.185 0 0 0 0 -0.000283361 -0.000280367 -0.000275994 -0.000272778 -0.000707968 -0.000707805 -0.00070705 -0.000707206 -0.00106296 -0.00107587 -0.00108661 -0.0011
3.205 0 0 0 0 -0.000426641 -0.000423644 -0.000419271 -0.000416058 -0.00107046 -0.00107033 -0.00106958 -0.00106969 -0.00155849 -0.00157128 -0.00158202 -0.00159553
3.225 0 0 0 0 -0.000576316 -0.000573464 -0.000569089 -0.000565728 -0.00132192 -0.00132196 -0.00132121 -0.00132115 -0.00174903 -0.00176176 -0.0017725 -0.00178607
3.245 0 0 0 0 -0.000690982 -0.00068853 -0.000684154 -0.000680393 -0.00138814 -0.00138819 -0.00138743 -0.00138738 -0.00169079 -0.00170356 -0.0017143 -0.00172782
3.265 0 0 0 0 -0.000759909 -0.000757939 -0.000753565 -0.000749323 -0.00134407 -0.00134395 -0.00134319 -0.00134331 -0.00155986 -0.00157272 -0.00158347 -0.0015969
3.285 0 0 0 0 -0.000683153 -0.000681032 -0.000676657 -0.000672567 -0.00121805 -0.00121797 -0.00121722 -0.00121729 -0.00140565 -0.00141854 -0.00142928 -0.00144269
3.305 0 0 0 0 -0.000433884 -0.000430994 -0.00042662 -0.000423299 -0.000946812 -0.000946935 -0.00094618 -0.00094605 -0.00117009 -0.00118295 -0.00119369 -0.00120713
3.325 0 0 0 0 -0.000166285 -0.000162948 -0.000158574 -0.000155702 -0.000536727 -0.000536756 -0.000536001 -0.000535965 -0.00081464 -0.000827562 -0.000838303 -0.000851679
3.345 0 0 0 0 -1.61956e-05 -1.30412e-05 -8.66749e-06 -5.61258e-06 -0.000125967 -0.000125727 -0.000124972 -0.000125206 -0.000336998 -0.000350076 -0.000360817 -0.000374036
3.365 0 0 0 0 4.9732e-05 5.27141e-05 5.70878e-05 6.03153e-05 0.000173066 0.000173218 0.000173972 0.000173827 0.000220802 0.000207586 0.000196845 0.000183762
3.385 0 0 0 0 0.000157227 0.000160442 0.000164816 0.000167811 0.000438626 0.000438406 0.000439161 0.000439387 0.000770498 0.000757209 0.000746467 0.000733459
3.405 0 0 0 0 0.000330758 0.000334192 0.000338566 0.000341343 0.000773113 0.000772871 0.000773625 0.000773873 0.00118464 0.00117127 0.00116053 0.0011476
3.425 0 0 0 0 0.000467851 0.000471195 0.00047557 0.000478438 0.00105822 0.00105837 0.00105912 0.00105898 0.00136124 0.00134777 0.00133703 0.0013242
3.445 0 0 0 0 0.000474738 0.000478022 0.000482396 0.000485326 0.00106201 0.00106232 0.00106307 0.00106277 0.00128432 0.00127085 0.00126011 0.00124728
3.465 0 0 0 0 0.000324466 0.000327817 0.000332191 0.000335052 0.000724671 0.000724682 0.000725436 0.000725431 0.000972938 0.000959585 0.000948844 0.0009359
3.485 0 0 0 0 3.19089e-05 3.49779e-05 3.93519e-05 4.24942e-05 0.000179149 0.000178987 0.000179741 0.000179908 0.000412053 0.000398832 0.000388091 0.000375015
3.505 0 0 0 0 -0.000330181 -0.00032777 -0.000323396 -0.000319596 -0.000454942 -0.00045489 -0.000454137 -0.000454183 -0.000397743 -0.000410842 -0.000421583 -0.000434781
3.525 0 0 0 0 -0.00066574 -0.000663714 -0.000659339 -0.000655152 -0.00115991 -0.00115969 -0.00115894 -0.00115915 -0.00137897 -0.00139189 -0.00140263 -0.00141601
3.545 0 0 0 0 -0.000939957 -0.00093782 -0.000933444 -0.000929369 -0.00189638 -0.0018963 -0.00189555 -0.00189562 -0.00238889 -0.00240153 -0.00241227 -0.00242592
3.565 0 0 0 0 -0.00112908 -0.00112676 -0.00112242 -0.00111866 -0.00247407 -0.00247417 -0.00247343 -0.00247336 -0.00320254 -0.00321496 -0.0032257 -0.00323959
3.585 0 0 0 0 -0.00119106 -0.00118871 -0.00118438 -0.0011807 -0.00268814 -0.00268819 -0.00268747 -0.0026875 -0.00357705 -0.00358939 -0.00360014 -0.00361413
3.605 0 0 0 0 -0.00109939 -0.00109704 -0.00109272 -0.00108902 -0.0024838 -0.00248373 -0.002483 -0.00248316 -0.00336479 -0.00337719 -0.00338794 -0.00340187
3.625 0 0 0 0 -0.000909964 -0.00090763 -0.000903306 -0.000899597 -0.00197873 -0.00197866 -0.00197793 -0.0019781 -0.00263113 -0.00264371 -0.00265446 -0.00266821
3.645 0 0 0 0 -0.000675204 -0.000672919 -0.000668596 -0.000664841 -0.00131245 -0.00131246 -0.00131174 -0.00131183 -0.00159658 -0.0016094 -0.00162015 -0.00163366
3.665 0 0 0 0 -0.000360814 -0.000358397 -0.000354075 -0.000350454 -0.000544032 -0.00054412 -0.000543399 -0.000543409 -0.000486731 -0.000499802 -0.000510556 -0.000523814
3.685 0 0 0 0 4.233e-05 4.51652e-05 4.94877e-05 5.26898e-05 0.000266093 0.000266011 0.000266732 0.000266718 0.000519157 0.000505876 0.000495123 0.000482075
3.705 0 0 0 0 0.000431462 0.000434772 0.000439096 0.000441828 0.000977033 0.000977049 0.00097777 0.00097766 0.0012969 0.00128346 0.00127271 0.00125982
3.725 0 0 0 0 0.000710752 0.000714456 0.000718783 0.000721125 0.00146728 0.00146733 0.00146805 0.00146791 0.00183133 0.00181779 0.00180703 0.00179425
3.745 0 0 0 0 0.000855311 0.000859279 0.000863601 0.000865666 0.00172114 0.00172108 0.0017218 0.00172177 0.00216781 0.00215421 0.00214346 0.00213072
3.765 0 0 0 0 0.000850728 0.000854627 0.000858946 0.000861069 0.00176311 0.00176298 0.0017637 0.00176372 0.00229146 0.00227784 0.00226708 0.00225437
3.785 0 0 0 0 0.000730059 0.000733632 0.000737947 0.000740392 0.00161485 0.00161479 0.00161551 0.00161547 0.00215987 0.00214625 0.00213549 0.00212278
3.805 0 0 0 0 0.000591286 0.000594735 0.000599051 0.000601619 0.0013263 0.00132623 0.00132695 0.00132691 0.00179518 0.00178163 0.00177088 0.00175809
3.825 0 0 0 0 0.000448808 0.000452316 0.000456632 0.000459142 0.000934276 0.000934158 0.000934876 0.000934885 0.00123726 0.00122386 0.0012131 0.00120017
3.845 0 0 0 0 0.000288954 0.000292469 0.000296785 0.000299288 0.000504083 0.000503991 0.000504709 0.000504691 0.000595233 0.000581981 0.000571225 0.00055814
3.865 0 0 0 0 9.44126e-05 9.77456e-05 0.000102062 0.000104746 7.62782e-05 7.62663e-05 7.69834e-05 7.68857e-05 -7.20977e-06 -2.03406e-05 -3.10964e-05 -4.43025e-05
3.885 0 0 0 0 -0.000161039 -0.000158111 -0.000153795 -0.000150706 -0.000370933 -0.000370898 -0.000370181 -0.000370325 -0.000529497 -0.000542538 -0.000553294 -0.000566589
3.905 0 0 0 0 -0.000455783 -0.000453344 -0.000449027 -0.000445448 -0.000845394 -0.000845391 -0.000844674 -0.000844787 -0.0010042 -0.00101716 -0.00102792 -0.00104129
3.925 0 0 0 0 -0.000756261 -0.000754304 -0.000749986 -0.000745923 -0.00134379 -0.00134381 -0.00134309 -0.00134318 -0.00152571 -0.00153858 -0.00154934 -0.00156281
3.945 0 0 0 0 -0.000964321 -0.000962533 -0.000958216 -0.000953985 -0.001787 -0.00178703 -0.00178631 -0.00178639 -0.00209288 -0.00210562 -0.00211638 -0.00212997
3.965 0 0 0 0 -0.000977293 -0.000975123 -0.000970807 -0.00096696 -0.00202544 -0.00202552 -0.0020248 -0.00202482 -0.00254524 -0.00255785 -0.0025686 -0.00258234
3.985 0 0 0 0 -0.000834956 -0.000832251 -0.000827936 -0.000824626 -0.00196963 -0.00196968 -0.00196896 -0.00196901 -0.00268463 -0.00269716 -0.00270791 -0.00272172
4.005 0 0 0 0 -0.000674122 -0.00067129 -0.000666975 -0.000663793 -0.00166938 -0.0016693 -0.00166858 -0.00166877 -0.00239866 -0.00241126 -0.00242202 -0.00243575
4.025 0 0 0 0 -0.000555952 -0.000553348 -0.000549032 -0.000545622 -0.00123953 -0.00123942 -0.0012387 -0.00123893 -0.00171441 -0.0017272 -0.00173796 -0.0017515
4.045 0 0 0 0 -0.000405222 -0.000402728 -0.000398413 -0.000394892 -0.000719161 -0.000719243 -0.000718526 -0.000718555 -0.000785012 -0.000798011 -0.000808767 -0.000822104
4.065 0 0 0 0 -0.000103748 -0.000100957 -9.66415e-05 -9.3418e-05 -4.35672e-05 -4.38365e-05 -4.31199e-05 -4.29603e-05 0.000205409 0.000192215 0.000181459 0.000168316
4.085 0 0 0 0 0.000349307 0.000352658 0.000356973 0.000359641 0.000785562 0.000785387 0.000786104 0.000786169 0.00112284 0.00110946 0.00109871 0.00108575
4.105 0 0 0 0 0.000819517 0.000823449 0.000827768 0.000829857 0.0016043 0.00160435 0.00160507 0.00160491 0.00192594 0.00191239 0.00190163 0.00188885
4.125 0 0 0 0 0.00113479 0.00113905 0.00114335 0.00114502 0.00219319 0.00219328 0.002194 0.0021938 0.00260563 0.00259194 0.00258118 0.00256854
4.145 0 0 0 0 0.00120488 0.00120909 0.00121337 0.00121506 0.00244677 0.00244667 0.00244737 0.00244732 0.00309412 0.00308032 0.00306956 0.00305701
4.165 0 0 0 0 0.00103206 0.0010357 0.00103998 0.00104223 0.00234539 0.0023452 0.00234589 0.00234587 0.00320527 0.00319139 0.00318062 0.00316813
4.185 0 0 0 0 0.00075363 0.000756685 0.000760963 0.000763793 0.00193396 0.00193382 0.00193451 0.00193444 0.00279783 0.00278399 0.00277322 0.00276068
4.205 0 0 0 0 0.000508384 0.000511441 0.000515717 0.000518544 0.00129873 0.00129856 0.00129925 0.0012992 0.00189379 0.00188017 0.0018694 0.00185665
4.225 0 0 0 0 0.000255294 0.000258574 0.00026285 0.000265455 0.00050096 0.000500818 0.000501502 0.000501427 0.000640084 0.000626775 0.000616005 0.000602935
4.245 0 0 0 0 -7.99645e-05 -7.67459e-05 -7.24696e-05 -6.98051e-05 -0.000376776 -0.000376803 -0.000376119 -0.000376308 -0.000681852 -0.000694862 -0.000705632 -0.000719002
4.265 0 0 0 0 -0.000505844 -0.000503062 -0.000498783 -0.000495678 -0.00124841 -0.00124839 -0.00124771 -0.00124794 -0.00180336 -0.00181614 -0.00182691 -0.00184051
4.285 0 0 0 0 -0.000991421 -0.0009894 -0.000985124 -0.000981262 -0.00206021 -0.00206024 -0.00205955 -0.00205974 -0.00265034 -0.00266297 -0.00267373 -0.00268749
4.305 0 0 0 0 -0.00142059 -0.00141932 -0.00141503 -0.0014104 -0.00272675 -0.00272684 -0.00272615 -0.00272628 -0.00328126 -0.00329378 -0.00330455 -0.00331841
4.325 0 0 0 0 -0.00162513 -0.00162413 -0.00161988 -0.00161508 -0.0031167 -0.00311683 -0.00311615 -0.00311623 -0.00372825 -0.00374069 -0.00375146 -0.00376541
4.345 0 0 0 0 -0.00147901 -0.00147742 -0.00147316 -0.00146897 -0.00306838 -0.00306855 -0.00306787 -0.00306791 -0.00386071 -0.00387306 -0.00388383 -0.00389786
4.365 0 0 0 0 -0.00109936 -0.00109696 -0.00109271 -0.00108933 -0.00257613 -0.00257621 -0.00257553 -0.00257568 -0.00352639 -0.00353877 -0.00354954 -0.00356354
4.385 0 0 0 0 -0.000708101 -0.000705371 -0.000701119 -0.000698072 -0.00180068 -0.00180059 -0.00179991 -0.00180024 -0.00265461 -0.00266719 -0.00267796 -0.00269176
4.405 0 0 0 0 -0.000364611 -0.000361874 -0.00035762 -0.000354579 -0.000886577 -0.000886552 -0.000885875 -0.000886137 -0.00129322 -0.00130612 -0.00131689 -0.00133038
4.425 0 0 0 0 -4.48571e-06 -1.69715e-06 2.55683e-06 5.54647e-06 0.000112187 0.000111943 0.000112618 0.000112625 0.000314899 0.000301643 0.00029087 0.000277738
4.445 0 0 0 0 0.000435726 0.000438718 0.000442975 0.000445768 0.00117185 0.00117151 0.00117219 0.00117229 0.00182713 0.00181354 0.00180277 0.00178997
4.465 0 0 0 0 0.000973309 0.000976837 0.000981093 0.000983343 0.00221341 0.00221323 0.0022139 0.00221386 0.00302362 0.00300977 0.002999 0.00298646
4.485 0 0 0 0 0.00153323 0.00153763 0.00154185 0.0015431 0.00310271 0.00310259 0.00310327 0.00310314 0.00389083 0.00387683 0.00386605 0.00385366
4.505 0 0 0 0 0.00191134 0.00191638 0.00192057 0.00192104 0.00368314 0.00368299 0.00368365 0.00368354 0.00447275 0.00445867 0.00444789 0.00443558
4.525 0 0 0 0 0.00195641 0.00196131 0.00196548 0.00196602 0.00386009 0.0038599 0.00386054 0.00386041 0.00477021 0.00475605 0.00474527 0.00473304
4.545 0 0 0 0 0.00173485 0.00173912 0.00174328 0.00174444 0.00365301 0.00365276 0.00365339 0.00365328 0.004735 0.00472079 0.00471 0.0046978
4.565 0 0 0 0 0.00140106 0.00140477 0.00140893 0.00141064 0.00313163 0.00313128 0.00313191 0.00313189 0.00425773 0.00424359 0.0042328 0.00422052
4.585 0 0 0 0 0.00103926 0.00104267 0.00104683 0.00104884 0.00236283 0.00236248 0.00236311 0.00236308 0.00326196 0.00324803 0.00323725 0.00322474
4.605 0 0 0 0 0.000666986 0.000670275 0.000674433 0.000676562 0.00141564 0.00141541 0.00141604 0.00141588 0.00185301 0.0018394 0.00182861 0.00181579
4.625 0 0 0 0 0.000255887 0.000259096 0.000263254 0.000265464 0.000358312 0.000358175 0.000358802 0.000358556 0.000294589 0.000281337 0.000270547 0.000257372
4.645 0 0 0 0 -0.000248577 -0.000245736 -0.000241579 -0.00023899 -0.00074316 -0.000743279 -0.000742652 -0.000742911 -0.00115917 -0.00117211 -0.0011829 -0.00119639
4.665 0 0 0 0 -0.000876143 -0.000874232 -0.000870063 -0.000866546 -0.00184918 -0.00184926 -0.00184863 -0.00184891 -0.00241951 -0.00243222 -0.00244301 -0.00245673
4.685 0 0 0 0 -0.00150753 -0.00150669 -0.00150252 -0.0014979 -0.00288323 -0.00288332 -0.00288269 -0.00288297 -0.00350456 -0.00351708 -0.00352787 -0.00354177
4.705 0 0 0 0 -0.00191706 -0.00191669 -0.00191256 -0.00190763 -0.00367415 -0.00367435 -0.00367372 -0.00367389 -0.00440314 -0.00441547 -0.00442626 -0.00444036
4.725 0 0 0 0 -0.00200274 -0.00200212 -0.00199803 -0.00199348 -0.00405497 -0.00405527 -0.00405468 -0.00405484 -0.00503349 -0.00504564 -0.00505644 -0.00507072
4.745 0 0 0 0 -0.00183895 -0.00183782 -0.00183373 -0.0018297 -0.00397647 -0.00397664 -0.00397606 -0.00397643 -0.00522861 -0.00524071 -0.00525151 -0.00526589
4.765 0 0 0 0 -0.0015912 -0.0015898 -0.00158571 -0.00158196 -0.00355074 -0.00355073 -0.00355016 -0.00355072 -0.00484682 -0.004859 -0.00486981 -0.0048841
4.785 0 0 0 0 -0.00136697 -0.00136559 -0.00136151 -0.00135773 -0.00293153 -0.00293158 -0.00293101 -0.00293152 -0.00390509 -0.00391749 -0.0039283 -0.00394237
4.805 0 0 0 0 -0.00114972 -0.00114852 -0.00114444 -0.00114048 -0.0021928 -0.00219306 -0.0021925 -0.0021928 -0.00262691 -0.00263962 -0.00265043 -0.00266421
4.825 0 0 0 0 -0.000833571 -0.000832373 -0.000828293 -0.000824344 -0.0013361 -0.00133647 -0.00133591 -0.00133611 -0.00132044 -0.00133345 -0.00134426 -0.00135773
4.845 0 0 0 0 -0.000299632 -0.000297752 -0.000293671 -0.000290403 -0.000337774 -0.00033813 -0.000337567 -0.000337776 -0.000145586 -0.000158826 -0.000169636 -0.00018288
4.865 0 0 0 0 0.000398058 0.000401185 0.000405267 0.000407305 0.000750462 0.000750149 0.000750711 0.000750459 0.000918521 0.000905115 0.000894304 0.000881227
4.885 0 0 0 0 0.000998651 0.00100269 0.00100677 0.00100787 0.00174926 0.00174906 0.00174962 0.00174926 0.00193188 0.00191828 0.00190747 0.00189458
4.905 0 0 0 0 0.00128542 0.00128951 0.0012936 0.00129466 0.00245128 0.00245116 0.00245172 0.00245129 0.00287956 0.00286573 0.00285492 0.00284226
4.925 0 0 0 0 0.00126604 0.0012696 0.00127368 0.00127528 0.00275107 0.00275082 0.00275139 0.00275108 0.0036035 0.00358947 0.00357867 0.00356621
4.945 0 0 0 0 0.00111342 0.00111651 0.00112059 0.00112266 0.00269703 0.00269656 0.00269713 0.00269704 0.00385764 0.00384354 0.00383273 0.00382034
4.965 0 0 0 0 0.000991637 0.000994681 0.000998761 0.00100088 0.00241359 0.00241308 0.00241364 0.00241359 0.0034911 0.00347709 0.00346628 0.0034538
4.985 0 0 0 0 0.000945213 0.00094868 0.000952762 0.000954454 0.00199647 0.00199611 0.00199667 0.00199646 0.00261854 0.00260475 0.00259394 0.00258124
5.005 0 0 0 0 0.000841622 0.000845498 0.000849579 0.000850862 0.00143442 0.00143423 0.00143479 0.00143441 0.00153229 0.00151878 0.00150796 0.00149499
5.025 0 0 0 0 0.000498171 0.000501783 0.000505864 0.000507408 0.000670608 0.00067048 0.000671043 0.000670598 0.000489176 0.00047588 0.000465069 0.000451871
5.045 0 0 0 0 -0.000116013 -0.000113483 -0.000109401 -0.000106775 -0.000290556 -0.000290737 -0.000290175 -0.000290566 -0.000447232 -0.000460378 -0.00047119 -0.000484537
5.065 0 0 0 0 -0.000799707 -0.000798401 -0.000794316 -0.000790457 -0.00132077 -0.00132108 -0.00132052 -0.00132078 -0.00137319 -0.0013862 -0.00139701 -0.0014105
5.085 0 0 0 0 -0.00123864 -0.00123778 -0.0012337 -0.0012294 -0.00216886 -0.0021693 -0.00216874 -0.00216887 -0.00233491 -0.0023477 -0.00235851 -0.00237221
5.105 0 0 0 0 -0.00130191 -0.00130056 -0.00129647 -0.00129265 -0.00263032 -0.00263073 -0.00263017 -0.00263033 -0.00321409 -0.00322664 -0.00323745 -0.00325139
5.125 0 0 0 0 -0.00111958 -0.00111746 -0.00111338 -0.00111034 -0.00267342 -0.0026736 -0.00267303 -0.00267342 -0.00372969 -0.00374208 -0.00375289 -0.00376699
5.145 0 0 0 0 -0.000901735 -0.000899196 -0.000895117 -0.000892501 -0.00239444 -0.00239447 -0.00239391 -0.00239444 -0.00358762 -0.00360002 -0.00361083 -0.00362491
5.165 0 0 0 0 -0.000743111 -0.000740674 -0.000736595 -0.000733875 -0.00187638 -0.00187655 -0.00187599 -0.00187639 -0.00270616 -0.00271877 -0.00272958 -0.00274346
5.185 0 0 0 0 -0.000553055 -0.000550958 -0.000546877 -0.000543816 -0.00110324 -0.00110366 -0.0011031 -0.00110325 -0.00128907 -0.00130202 -0.00131283 -0.00132637
5.205 0 0 0 0 -0.000173783 -0.000171742 -0.000167661 -0.000164545 -5.47964e-05 -5.52948e-05 -5.47331e-05 -5.48084e-05 0.000298696 0.00028537 0.000274559 0.000261392
5.225 0 0 0 0 0.000443806 0.000446454 0.000450539 0.000453055 0.00116835 0.00116796 0.00116852 0.00116834 0.00175219 0.00173855 0.00172774 0.00171489
5.245 0 0 0 0 0.00115876 0.00116251 0.00116659 0.00116798 0.00235249 0.00235222 0.00235279 0.00235248 0.00295512 0.00294126 0.00293045 0.00291782
5.265 0 0 0 0 0.00172857 0.00173329 0.00173738 0.00173782 0.00328767 0.00328742 0.00328798 0.00328767 0.00393359 0.00391957 0.00390876 0.00389629
5.285 0 0 0 0 0.00200382 0.00200881 0.0020129 0.00201308 0.003876 0.00387568 0.00387625 0.003876 0.00472804 0.00471386 0.00470305 0.00469074
5.305 0 0 0 0 0.00199616 0.0020007 0.00200476 0.0020053 0.00410564 0.00410523 0.00410579 0.0041056 0.00525937 0.00524504 0.00523423 0.00522207
5.325 0 0 0 0 0.00178031 0.00178416 0.00178821 0.00178945 0.00394725 0.0039468 0.00394733 0.00394711 0.00529728 0.00528288 0.00527206 0.00525996
5.345 0 0 0 0 0.00141065 0.00141385 0.0014179 0.00141978 0.00332953 0.00332916 0.00332968 0.00332939 0.00459963 0.00458533 0.00457451 0.0045623
5.365 0 0 0 0 0.000945727 0.000948654 0.000952709 0.000954852 0.00226175 0.0022614 0.00226193 0.0022616 0.00314174 0.00312777 0.00311695 0.00310441
5.385 0 0 0 0 0.00038422 0.000387048 0.000391102 0.00039334 0.000846437 0.000846096 0.000846621 0.000846277 0.00112816 0.00111465 0.00110383 0.00109082
5.405 0 0 0 0 -0.000307707 -0.000305263 -0.000301209 -0.000298581 -0.000763501 -0.000763757 -0.000763232 -0.000763657 -0.00110407 -0.00111708 -0.0011279 -0.00114141
5.425 0 0 0 0 -0.00105776 -0.00105597 -0.00105192 -0.00104865 -0.00235106 -0.00235129 -0.00235075 -0.00235121 -0.00316611 -0.00317868 -0.0031895 -0.00320345
5.445 0 0 0 0 -0.00172453 -0.00172341 -0.00171935 -0.00171538 -0.00367813 -0.00367844 -0.0036779 -0.00367827 -0.00476797 -0.00478018 -0.004791 -0.00480529
5.465 0 0 0 0 -0.00220051 -0.00220005 -0.00219602 -0.00219155 -0.00456549 -0.00456583 -0.00456531 -0.00456564 -0.00579713 -0.00580914 -0.00581996 -0.00583446
5.485 0 0 0 0 -0.00240548 -0.0024054 -0.00240141 -0.00239667 -0.00492266 -0.00492296 -0.00492246 -0.0049229 -0.00622896 -0.0062409 -0.00625173 -0.0062663
5.505 0 0 0 0 -0.00226975 -0.00226945 -0.00226546 -0.00226095 -0.00470737 -0.00470767 -0.00470717 -0.00470762 -0.00601523 -0.00602721 -0.00603803 -0.00605257
5.525 0 0 0 0 -0.00185869 -0.00185779 -0.00185381 -0.00184991 -0.0039702 -0.00397053 -0.00397003 -0.00397045 -0.00516072 -0.00517286 -0.00518368 -0.00519806
5.545 0 0 0 0 -0.00132501 -0.00132366 -0.00131969 -0.00131624 -0.00285531 -0.00285559 -0.00285509 -0.00285558 -0.00376264 -0.00377508 -0.0037859 -0.00379998
5.565 0 0 0 0 -0.000735173 -0.00073349 -0.000729515 -0.000726418 -0.00151655 -0.00151682 -0.00151633 -0.00151683 -0.00196809 -0.00198094 -0.00199177 -0.00200544
5.585 0 0 0 0 -9.24195e-05 -9.02293e-05 -8.62526e-05 -8.36573e-05 -8.27078e-05 -8.31111e-05 -8.26173e-05 -8.29842e-05 2.95165e-06 -1.03213e-05 -2.11466e-05 -3.43977e-05
5.605 0 0 0 0 0.000565149 0.00056792 0.000571905 0.000573942 0.00132453 0.00132403 0.00132453 0.00132426 0.00187233 0.00185866 0.00184783 0.00183497
5.625 0 0 0 0 0.00115524 0.00115849 0.00116246 0.00116398 0.0025492 0.0025488 0.0025493 0.00254894 0.00339389 0.00337989 0.00336906 0.00335654
5.645 0 0 0 0 0.00160057 0.0016043 0.00160827 0.00160933 0.00342257 0.00342223 0.00342273 0.00342231 0.00442935 0.00441513 0.0044043 0.00439201
5.665 0 0 0 0 0.00184988 0.00185406 0.00185804 0.00185867 0.0038528 0.00385238 0.00385288 0.00385254 0.0049438 0.0049295 0.00491868 0.00490646
5.685 0 0 0 0 0.00184233 0.00184657 0.00185055 0.00185112 0.00381965 0.00381916 0.00381966 0.00381939 0.00491671 0.00490243 0.00489161 0.00487937
5.705 0 0 0 0 0.00157166 0.00157546 0.00157944 0.00158044 0.00334071 0.00334029 0.00334079 0.00334044 0.00434275 0.00432856 0.00431774 0.00430541
5.725 0 0 0 0 0.00116146 0.00116482 0.0011688 0.00117023 0.00251486 0.00251444 0.00251493 0.00251458 0.00331439 0.00330041 0.00328959 0.00327704
5.745 0 0 0 0 0.000755355 0.000758643 0.000762619 0.000764114 0.0015361 0.00153554 0.00153604 0.00153582 0.00201932 0.00200567 0.00199484 0.00198198
5.765 0 0 0 0 0.000403417 0.000406712 0.000410689 0.000412178 0.000615972 0.000615402 0.000615897 0.000615692 0.000697674 0.000684337 0.000673512 0.000660326
5.785 0 0 0 0 0.000113971 0.000117109 0.000121086 0.000122731 -9.84385e-05 -9.88571e-05 -9.83615e-05 -9.87135e-05 -0.000375765 -0.000388874 -0.000399699 -0.000413114
5.805 0 0 0 0 -7.80011e-05 -7.50057e-05 -7.10303e-05 -6.92325e-05 -0.000524349 -0.000524727 -0.000524232 -0.000524624 -0.000959246 -0.000972231 -0.000983056 -0.000996595
5.825 0 0 0 0 -0.000120653 -0.000117673 -0.000113699 -0.00011189 -0.000581594 -0.000582118 -0.000581623 -0.00058187 -0.000937106 -0.000950082 -0.000960907 -0.000974456
5.845 0 0 0 0 1.24235e-06 4.1951e-06 8.17096e-06 1.00079e-05 -0.000225897 -0.000226486 -0.000225991 -0.000226173 -0.000368535 -0.000381642 -0.000392468 -0.000405885
5.865 0 0 0 0 0.00027703 0.00027995 0.000283926 0.000285798 0.000476415 0.000475941 0.000476436 0.000476141 0.000578865 0.000565517 0.000554691 0.000541515
5.885 0 0 0 0 0.000701539 0.000704772 0.000708752 0.000710312 0.00138776 0.00138732 0.00138782 0.00138748 0.00174308 0.00172947 0.00171865 0.00170573
5.905 0 0 0 0 0.00123795 0.00124192 0.0012459 0.00124671 0.0024007 0.00240015 0.00240064 0.00240043 0.00300871 0.00299487 0.00298405 0.00297136
5.925 0 0 0 0 0.00177508 0.00177973 0.00178371 0.00178385 0.00342976 0.00342915 0.00342965 0.00342949 0.00426968 0.00425559 0.00424477 0.00423233
5.945 0 0 0 0 0.00220461 0.00220952 0.00221349 0.00221333 0.00435447 0.00435398 0.00435448 0.0043542 0.00542037 0.00540602 0.0053952 0.00538303
5.965 0 0 0 0 0.00249478 0.00249964 0.00250355 0.00250319 0.00504053 0.00504005 0.00504054 0.00504022 0.00635259 0.00633802 0.00632719 0.00631524
5.985 0 0 0 0 0.00264073 0.0026456 0.00264948 0.00264896 0.00540432 0.00540364 0.00540409 0.00540384 0.00692676 0.00691206 0.00690122 0.00688938
6.005 0 0 0 0 0.0026166 0.00262135 0.00262523 0.00262481 0.00540888 0.00540815 0.00540858 0.00540836 0.00699244 0.00697771 0.00696687 0.00695504
6.025 0 0 0 0 0.00241451 0.00241894 0.00242281 0.00242271 0.00502682 0.00502621 0.00502664 0.00502628 0.00647739 0.00646274 0.0064519 0.00643999
6.045 0 0 0 0 0.00203133 0.00203537 0.00203924 0.00203951 0.00422125 0.00422074 0.00422116 0.00422071 0.00540053 0.0053861 0.00537526 0.00536312
6.065 0 0 0 0 0.00142764 0.00143111 0.00143497 0.00143581 0.00297212 0.00297161 0.00297203 0.00297157 0.00380921 0.00379511 0.00378427 0.0037718
6.085 0 0 0 0 0.000601474 0.000604014 0.000607871 0.000609622 0.00133591 0.00133542 0.00133584 0.00133535 0.00177902 0.00176534 0.00175449 0.00174161
6.105 0 0 0 0 -0.000332642 -0.000331106 -0.000327246 -0.000324467 -0.000525489 -0.000525946 -0.000525527 -0.000526054 -0.000539399 -0.000552605 -0.00056345 -0.000576813
6.125 0 0 0 0 -0.00121865 -0.00121788 -0.00121403 -0.00121051 -0.00239016 -0.00239062 -0.00239019 -0.0023907 -0.00292866 -0.00294135 -0.0029522 -0.00296608
6.145 0 0 0 0 -0.00195556 -0.00195529 -0.00195144 -0.0019474 -0.00403411 -0.00403456 -0.00403413 -0.00403466 -0.00512452 -0.00513672 -0.00514756 -0.00516192
6.165 0 0 0 0 -0.00252238 -0.00252255 -0.00251869 -0.00251428 -0.00530213 -0.00530251 -0.0053021 -0.00530278 -0.00686329 -0.00687512 -0.00688597 -0.00690073
6.185 0 0 0 0 -0.00291523 -0.00291598 -0.00291224 -0.00290767 -0.00611619 -0.00611657 -0.00611624 -0.00611712 -0.00793592 -0.00794755 -0.00795843 -0.00797344
6.205 0 0 0 0 -0.00309405 -0.00309513 -0.00309145 -0.00308671 -0.00641686 -0.00641733 -0.00641702 -0.00641787 -0.00823433 -0.00824591 -0.00825679 -0.00827186
6.225 0 0 0 0 -0.00299683 -0.00299789 -0.00299419 -0.00298947 -0.00614 -0.00614058 -0.00614027 -0.00614102 -0.00776897 -0.00778066 -0.00779154 -0.00780651
6.245 0 0 0 0 -0.00257114 -0.0025718 -0.0025681 -0.00256378 -0.0052487 -0.00524932 -0.00524901 -0.00524973 -0.00661159 -0.00662352 -0.0066344 -0.00664913
6.265 0 0 0 0 -0.00184808 -0.00184798 -0.00184429 -0.00184074 -0.00381661 -0.0038172 -0.00381689 -0.00381765 -0.00486744 -0.00487973 -0.00489061 -0.00490498
6.285 0 0 0 0 -0.000966946 -0.000965959 -0.000962281 -0.00095964 -0.00204928 -0.00204982 -0.00204952 -0.00205034 -0.00269186 -0.00270461 -0.00271549 -0.0027294
6.305 0 0 0 0 -7.80395e-05 -7.62272e-05 -7.25479e-05 -7.07281e-05 -0.000186281 -0.000186864 -0.000186563 -0.000187345 -0.000288163 -0.000301426 -0.000312311 -0.000325714
6.325 0 0 0 0 0.000793056 0.000795692 0.000799397 0.000800455 0.00165235 0.00165161 0.00165191 0.00165131 0.00215847 0.0021447 0.00213381 0.00212091
6.345 0 0 0 0 0.00167238 0.00167601 0.00167969 0.00167973 0.00343876 0.00343785 0.00343816 0.00343771 0.00447785 0.00446362 0.00445275 0.00444032
6.365 0 0 0 0 0.00248125 0.00248569 0.00248937 0.00248863 0.00506117 0.00506033 0.00506063 0.00506014 0.00647161 0.00645696 0.00644608 0.00643408
6.385 0 0 0 0 0.00305793 0.00306256 0.00306615 0.0030648 0.00626904 0.0062683 0.00626856 0.00626784 0.00793496 0.00791997 0.00790909 0.00789742
6.405 0 0 0 0 0.0032882 0.00329277 0.00329631 0.00329478 0.00682074 0.00681992 0.00682016 0.00681938 0.00869443 0.00867923 0.00866832 0.00865681
6.425 0 0 0 0 0.00316535 0.00316975 0.00317329 0.00317191 0.00664813 0.00664711 0.00664733 0.00664669 0.00862461 0.00860942 0.00859851 0.00858697
6.445 0 0 0 0 0.00274982 0.00275376 0.00275729 0.00275634 0.00583886 0.00583778 0.00583798 0.0058374 0.00766974 0.00765475 0.00764383 0.00763209
6.465 0 0 0 0 0.00213094 0.00213428 0.00213779 0.00213743 0.00452432 0.00452335 0.00452355 0.00452283 0.00591203 0.0058974 0.00588649 0.00587438
6.485 0 0 0 0 0.00143145 0.00143442 0.00143792 0.00143791 0.00288719 0.00288628 0.00288647 0.00288569 0.00364739 0.00363327 0.00362236 0.00360973
6.505 0 0 0 0 0.000705659 0.000708377 0.000711872 0.0007121 0.00114858 0.00114761 0.00114781 0.00114707 0.00126727 0.00125371 0.00124279 0.00122961
6.525 0 0 0 0 -7.14666e-05 -6.94174e-05 -6.59232e-05 -6.49929e-05 -0.000506059 -0.000506952 -0.000506756 -0.000507554 -0.000905253 -0.000918362 -0.00092928 -0.000942922
6.545 0 0 0 0 -0.000876472 -0.000875539 -0.000872027 -0.000869962 -0.00197654 -0.00197727 -0.00197707 -0.00197802 -0.00268714 -0.00269992 -0.00271084 -0.0027248
6.565 0 0 0 0 -0.00157596 -0.00157612 -0.0015726 -0.00156944 -0.00318939 -0.00319014 -0.00318994 -0.00319088 -0.0040261 -0.00403864 -0.00404955 -0.00406375
6.585 0 0 0 0 -0.00202012 -0.00202076 -0.00201725 -0.00201361 -0.0040252 -0.00402611 -0.00402592 -0.00402672 -0.00494478 -0.00495712 -0.00496803 -0.00498243
6.605 0 0 0 0 -0.00212514 -0.00212569 -0.00212219 -0.00211864 -0.00434291 -0.00434384 -0.00434366 -0.00434441 -0.00542258 -0.00543479 -0.0054457 -0.00546023
6.625 0 0 0 0 -0.0018667 -0.00186666 -0.00186317 -0.00186021 -0.00404596 -0.00404678 -0.00404659 -0.00404746 -0.00529655 -0.00530876 -0.00531967 -0.0053342
6.645 0 0 0 0 -0.00129352 -0.00129251 -0.00128902 -0.00128704 -0.003119 -0.0031198 -0.00311961 -0.0031205 -0.00434243 -0.00435479 -0.0043657 -0.00438007
6.665 0 0 0 0 -0.000537321 -0.000535413 -0.000531925 -0.000530844 -0.00163291 -0.00163381 -0.00163363 -0.00163443 -0.00247974 -0.00249248 -0.00250339 -0.00251739
6.685 0 0 0 0 0.00026927 0.000271605 0.000275099 0.000275773 0.000248165 0.000247236 0.000247422 0.000246646 0.000100753 8.74288e-05 7.65149e-05 6.30935e-05
6.705 0 0 0 0 0.0010702 0.0010726 0.00107608 0.00107666 0.0022681 0.0022672 0.00226739 0.00226661 0.00296349 0.00294949 0.00293857 0.00292583
6.725 0 0 0 0 0.00181568 0.00181834 0.00182184 0.00182217 0.00409435 0.00409343 0.00409361 0.00409284 0.00552938 0.00551479 0.00550389 0.00549175
6.745 0 0 0 0 0.00242337 0.00242649 0.00243002 0.00242991 0.00542159 0.00542064 0.00542084 0.00542011 0.00728776 0.00727279 0.00726187 0.00725011
6.765 0 0 0 0 0.00284011 0.00284394 0.00284747 0.00284664 0.00611025 0.00610928 0.00610948 0.00610879 0.00803163 0.00801654 0.00800563 0.00799399
6.785 0 0 0 0 0.00300228 0.00300676 0.00301029 0.00300882 0.00615643 0.00615545 0.00615566 0.00615497 0.00784868 0.00783368 0.00782277 0.00781104
6.805 0 0 0 0 0.00283388 0.00283851 0.00284203 0.00284042 0.00561512 0.00561419 0.00561439 0.00561364 0.00697653 0.00696174 0.00695083 0.00693888
6.825 0 0 0 0 0.00235676 0.00236095 0.00236447 0.00236328 0.00461215 0.00461122 0.00461141 0.00461066 0.00569 0.00567548 0.00566457 0.00565234
6.845 0 0 0 0 0.00172059 0.00172412 0.00172763 0.00172708 0.00336677 0.00336572 0.00336591 0.00336527 0.00422065 0.00420644 0.00419553 0.00418299
6.865 0 0 0 0 0.0010956 0.0010985 0.001102 0.00110208 0.00212415 0.00212303 0.00212322 0.00212263 0.00271944 0.00270555 0.00269464 0.00268178
6.885 0 0 0 0 0.000601256 0.00060368 0.000607182 0.000607719 0.00107166 0.00107061 0.0010708 0.00107016 0.0013222 0.0013086 0.00129769 0.00128453
6.905 0 0 0 0 0.000286816 0.000289078 0.000292574 0.000293296 0.000307499 0.000306557 0.000306743 0.000305989 0.000206588 0.000193236 0.00018232 0.000168923
6.925 0 0 0 0 0.000116227 0.000118485 0.000121978 0.000122693 -0.000144644 -0.000145553 -0.000145367 -0.000146157 -0.000464316 -0.000477511 -0.000488428 -0.000501981
6.945 0 0 0 0 -4.27656e-05 -4.08555e-05 -3.73592e-05 -3.62901e-05 -0.000370275 -0.000371117 -0.000370928 -0.000371782 -0.000696374 -0.000709548 -0.000720465 -0.000734039
6.965 0 0 0 0 -0.000363111 -0.000362269 -0.000358758 -0.000356576 -0.000626202 -0.000626848 -0.000626658 -0.000627707 -0.000775879 -0.000789139 -0.000800056 -0.000813545
6.985 0 0 0 0 -0.000874753 -0.000875286 -0.000871796 -0.000868259 -0.00119073 -0.00119127 -0.00119108 -0.00119222 -0.00112854 -0.00114183 -0.00115275 -0.00116621
7.005 0 0 0 0 -0.00149083 -0.00149236 -0.00148887 -0.00148434 -0.00219994 -0.00220059 -0.0022004 -0.00220144 -0.00213847 -0.00215158 -0.0021625 -0.00217613
7.025 0 0 0 0 -0.00212313 -0.00212508 -0.00212159 -0.00211666 -0.00359167 -0.00359237 -0.00359217 -0.00359314 -0.00394573 -0.00395843 -0.00396934 -0.00398339
7.045 0 0 0 0 -0.00276553 -0.00276759 -0.00276407 -0.00275896 -0.00522602 -0.00522657 -0.00522638 -0.00522753 -0.00635765 -0.0063698 -0.00638071 -0.0063953
7.065 0 0 0 0 -0.00347134 -0.00347377 -0.00347026 -0.00346499 -0.00698262 -0.00698295 -0.00698276 -0.00698414 -0.00893804 -0.00894961 -0.00896052 -0.00897569
7.085 0 0 0 0 -0.00426641 -0.00426992 -0.00426674 -0.00426153 -0.00872168 -0.00872232 -0.00872236 -0.00872411 -0.0112288 -0.0112399 -0.0112509 -0.0112666
7.105 0 0 0 0 -0.00508066 -0.00508477 -0.00508191 -0.0050757 -0.0102377 -0.0102386 -0.0102387 -0.0102405 -0.0129529 -0.0129637 -0.0129747 -0.0129908
7.125 0 0 0 0 -0.00575116 -0.00575543 -0.00575264 -0.00574488 -0.0113072 -0.0113081 -0.0113082 -0.01131 -0.0140473 -0.0140579 -0.0140689 -0.0140853
7.145 0 0 0 0 -0.00610313 -0.00610762 -0.00610487 -0.00609604 -0.011805 -0.0118057 -0.0118059 -0.0118078 -0.0145614 -0.014572 -0.014583 -0.0145994
7.165 0 0 0 0 -0.00604389 -0.00604827 -0.00604554 -0.00603683 -0.0117261 -0.0117268 -0.0117269 -0.0117289 -0.0145313 -0.0145419 -0.014553 -0.0145694
7.185 0 0 0 0 -0.00563817 -0.00564184 -0.00563912 -0.00563133 -0.0111317 -0.0111325 -0.0111326 -0.0111346 -0.0139477 -0.0139584 -0.0139694 -0.0139858
7.205 0 0 0 0 -0.00504618 -0.00504919 -0.00504648 -0.00503971 -0.0100937 -0.0100945 -0.0100946 -0.0100966 -0.0127739 -0.0127848 -0.0127958 -0.012812
7.225 0 0 0 0 -0.00432476 -0.00432732 -0.00432463 -0.0043188 -0.00864458 -0.00864545 -0.00864563 -0.0086476 -0.010956 -0.0109673 -0.0109783 -0.0109941
7.245 0 0 0 0 -0.00334269 -0.00334446 -0.00334178 -0.0033374 -0.00669639 -0.00669757 -0.00669778 -0.00669952 -0.00842269 -0.00843444 -0.00844547 -0.00846074
7.265 0 0 0 0 -0.00200204 -0.00200252 -0.00199984 -0.00199758 -0.0041321 -0.00413366 -0.00413392 -0.00413537 -0.00518399 -0.00519635 -0.00520738 -0.00522204
7.285 0 0 0 0 -0.000381038 -0.000380323 -0.000377669 -0.000377621 -0.000992612 -0.000994254 -0.000994536 -0.000995997 -0.00135854 -0.00137167 -0.00138271 -0.00139661
7.305 0 0 0 0 0.0013627 0.00136445 0.00136703 0.00136507 0.00248217 0.00248067 0.0024804 0.00247887 0.00289344 0.00287942 0.00286838 0.00285538
7.325 0 0 0 0 0.00307676 0.00308036 0.00308301 0.00307899 0.0059783 0.0059767 0.0059764 0.00597495 0.00734681 0.00733189 0.0073209 0.00730886
7.345 0 0 0 0 0.00462511 0.0046295 0.00463163 0.00462557 0.00922947 0.00922733 0.00922696 0.0092256 0.0116457 0.0116298 0.0116188 0.0116076
7.365 0 0 0 0 0.00592389 0.00593018 0.00593201 0.00592723 0.0120186 0.0120159 0.0120152 0.0120136 0.015343 0.0153262 0.015315 0.0153045
7.385 0 0 0 0 0.00693184 0.00694047 0.00694245 0.00694167 0.0141078 0.0141056 0.0141049 0.0141034 0.0180038 0.0179861 0.0179749 0.017965
7.405 0 0 0 0 0.00749066 0.00750142 0.00750374 0.0075064 0.0151704 0.0151689 0.0151683 0.015167 0.0192342 0.0192162 0.019205 0.0191953
7.425 0 0 0 0 0.00713982 0.00714961 0.0071518 0.00715506 0.0146299 0.0146287 0.0146281 0.0146264 0.0185281 0.0185102 0.018499 0.0184893
7.445 0 0 0 0 0.00554796 0.00555404 0.00555613 0.00556013 0.0119599 0.0119588 0.0119581 0.0119558 0.0154491 0.0154317 0.0154205 0.0154103
7.465 0 0 0 0 0.00297984 0.00298105 0.00298296 0.00298657 0.00721424 0.00721245 0.00721152 0.007209 0.00993432 0.00991801 0.00990675 0.00989538
7.485 0 0 0 0 -3.03182e-05 -3.3104e-05 -3.14192e-05 -2.93288e-05 0.00105649 0.00105354 0.00105227 0.00104973 0.00232806 0.00231348 0.00230218 0.00228906
7.505 0 0 0 0 -0.00309661 -0.00310271 -0.00310203 -0.00309995 -0.00566951 -0.00567248 -0.00567371 -0.00567673 -0.00661322 -0.00662583 -0.00663711 -0.00665216
7.525 0 0 0 0 -0.0060521 -0.00605846 -0.00605751 -0.00605212 -0.0122853 -0.0122876 -0.0122887 -0.0122923 -0.0157419 -0.0157525 -0.0157638 -0.0157809
7.545 0 0 0 0 -0.00879209 -0.00877348 -0.00877084 -0.00875371 -0.0182381 -0.0182361 -0.0182357 -0.0182346 -0.0237019 -0.0237108 -0.0237222 -0.0237419
7.565 0 0 0 0 -0.0112361 -0.0111592 -0.0111517 -0.0111015 -0.0230178 -0.0230077 -0.0230035 -0.0229928 -0.0293535 -0.0293604 -0.029371 -0.029392
