0.005 0 0 0 0 -5.4774e-06 -2.18702e-06 2.30425e-06 5.59435e-06 -4.92645e-07 -3.62029e-07 4.81637e-07 6.12354e-07 1.8499e-05 5.40769e-06 -5.28839e-06 -1.83797e-05
0.025 0 0 0 0 -3.52372e-06 -2.27403e-07 4.26384e-06 7.54794e-06 1.74152e-06 1.87027e-06 2.71393e-06 2.84649e-06 2.07067e-05 7.61556e-06 -3.08054e-06 -1.6172e-05
0.045 0 0 0 0 -6.29537e-08 3.23994e-06 7.73111e-06 1.10084e-05 7.01638e-06 7.14464e-06 7.98825e-06 8.1212e-06 2.60398e-05 1.29479e-05 2.25176e-06 -1.0839e-05
0.065 0 0 0 0 3.81311e-06 7.11859e-06 1.16096e-05 1.48838e-05 1.48344e-05 1.49644e-05 1.58079e-05 1.5939e-05 3.49124e-05 2.18183e-05 1.11221e-05 -1.96651e-06
0.085 0 0 0 0 7.76238e-06 1.10693e-05 1.55601e-05 1.88322e-05 2.3936e-05 2.40661e-05 2.49095e-05 2.50401e-05 4.70765e-05 3.39794e-05 2.32831e-05 1.01972e-05
0.105 0 0 0 0 1.18377e-05 1.51475e-05 1.9638e-05 2.29067e-05 3.33987e-05 3.35262e-05 3.43693e-05 3.45019e-05 6.10072e-05 4.7907e-05 3.72106e-05 2.41275e-05
0.125 0 0 0 0 1.64492e-05 1.97631e-05 2.42533e-05 2.75173e-05 4.33702e-05 4.34958e-05 4.43387e-05 4.44727e-05 7.48374e-05 6.17342e-05 5.10376e-05 3.79573e-05
0.145 0 0 0 0 2.1803e-05 2.51221e-05 2.96121e-05 3.28703e-05 5.38574e-05 5.39834e-05 5.48262e-05 5.49595e-05 8.73286e-05 7.42225e-05 6.35259e-05 5.04482e-05
0.165 0 0 0 0 2.73788e-05 3.07047e-05 3.51945e-05 3.84453e-05 6.3852e-05 6.3979e-05 6.48217e-05 6.49537e-05 9.81891e-05 8.50808e-05 7.43841e-05 6.13085e-05
0.185 0 0 0 0 3.19128e-05 3.5245e-05 3.97347e-05 4.29786e-05 7.19187e-05 7.20453e-05 7.28879e-05 7.30201e-05 0.000107452 9.43422e-05 8.36455e-05 7.05715e-05
0.205 0 0 0 0 3.39574e-05 3.72905e-05 4.178e-05 4.50227e-05 7.67598e-05 7.68857e-05 7.77282e-05 7.78608e-05 0.000114343 0.000101231 9.05342e-05 7.74618e-05
0.225 0 0 0 0 3.35856e-05 3.69148e-05 4.14043e-05 4.46507e-05 7.80271e-05 7.81528e-05 7.89952e-05 7.91279e-05 0.000117737 0.000104624 9.39268e-05 8.08554e-05
0.245 0 0 0 0 3.16171e-05 3.49417e-05 3.94311e-05 4.26822e-05 7.56107e-05 7.57362e-05 7.65785e-05 7.67114e-05 0.000116124 0.000103011 9.23146e-05 7.92431e-05
0.265 0 0 0 0 2.89385e-05 3.2261e-05 3.67505e-05 4.00036e-05 6.9889e-05 7.00141e-05 7.08565e-05 7.09896e-05 0.000108836 9.57244e-05 8.50276e-05 7.19545e-05
0.285 0 0 0 0 2.56486e-05 2.89707e-05 3.34601e-05 3.67138e-05 6.14865e-05 6.16121e-05 6.24545e-05 6.25872e-05 9.66079e-05 8.34994e-05 7.28026e-05 5.97266e-05
0.305 0 0 0 0 2.06747e-05 2.39926e-05 2.84821e-05 3.17398e-05 5.02616e-05 5.0389e-05 5.12314e-05 5.13623e-05 8.07289e-05 6.76237e-05 5.69269e-05 4.38476e-05
0.325 0 0 0 0 1.39202e-05 1.72309e-05 2.17203e-05 2.49853e-05 3.65743e-05 3.67025e-05 3.75448e-05 3.7675e-05 6.32313e-05 5.01297e-05 3.94329e-05 2.63501e-05
0.345 0 0 0 0 6.48534e-06 9.78847e-06 1.42779e-05 1.75505e-05 2.1963e-05 2.20899e-05 2.29322e-05 2.30637e-05 4.5955e-05 3.28571e-05 2.21602e-05 9.07371e-06
0.365 0 0 0 0 -8.0841e-08 3.21589e-06 7.70533e-06 1.09843e-05 8.85216e-06 8.97791e-06 9.82025e-06 9.95281e-06 3.02386e-05 1.71441e-05 6.44722e-06 -6.64271e-06
0.385 0 0 0 0 -4.52157e-06 -1.22897e-06 3.26047e-06 6.54351e-06 -6.37197e-07 -5.10545e-07 3.31785e-07 4.63398e-07 1.74987e-05 4.40686e-06 -6.29e-06 -1.93826e-05
0.405 0 0 0 0 -7.06306e-06 -3.77317e-06 7.16041e-07 4.00132e-06 -6.45197e-06 -6.32343e-06 -5.48128e-06 -5.35194e-06 8.68644e-06 -4.40377e-06 -1.51007e-05 -2.81952e-05
0.425 0 0 0 0 -7.88863e-06 -4.59845e-06 -1.09303e-07 3.17552e-06 -8.81438e-06 -8.68582e-06 -7.84373e-06 -7.71456e-06 5.10459e-06 -7.98477e-06 -1.86818e-05 -3.17772e-05
0.445 0 0 0 0 -7.34395e-06 -4.05251e-06 4.36666e-07 3.72024e-06 -7.68149e-06 -7.55428e-06 -6.71219e-06 -6.58164e-06 7.1998e-06 -5.88982e-06 -1.65868e-05 -2.9682e-05
0.465 0 0 0 0 -5.38405e-06 -2.09213e-06 2.39705e-06 5.68015e-06 -2.69338e-06 -2.5666e-06 -1.7245e-06 -1.59352e-06 1.45147e-05 1.42341e-06 -9.27358e-06 -2.23671e-05
0.485 0 0 0 0 -1.89759e-06 1.39524e-06 5.8844e-06 9.16659e-06 5.6417e-06 5.76922e-06 6.61131e-06 6.74155e-06 2.56795e-05 1.25856e-05 1.88859e-06 -1.12023e-05
0.505 0 0 0 0 3.88927e-06 7.18896e-06 1.16781e-05 1.49534e-05 1.69911e-05 1.71178e-05 1.79599e-05 1.8091e-05 3.99857e-05 2.68889e-05 1.61919e-05 3.10389e-06
0.525 0 0 0 0 1.26889e-05 1.60034e-05 2.04925e-05 2.37531e-05 3.22748e-05 3.2399e-05 3.32411e-05 3.33746e-05 5.81194e-05 4.50197e-05 3.43227e-05 2.12376e-05
0.545 0 0 0 0 2.1842e-05 2.51667e-05 2.96558e-05 3.29062e-05 4.98928e-05 5.00181e-05 5.08602e-05 5.09926e-05 7.88405e-05 6.57365e-05 5.50395e-05 4.19587e-05
0.565 0 0 0 0 3.04469e-05 3.37779e-05 3.8267e-05 4.1511e-05 6.81794e-05 6.83063e-05 6.91484e-05 6.92792e-05 0.000101738 8.86286e-05 7.79316e-05 6.48561e-05
0.585 0 0 0 0 3.85993e-05 4.19379e-05 4.64271e-05 4.96632e-05 8.56996e-05 8.58242e-05 8.66663e-05 8.67994e-05 0.00012558 0.000112465 0.000101768 8.86978e-05
0.605 0 0 0 0 4.61921e-05 4.95379e-05 5.40266e-05 5.72544e-05 0.000101811 0.000101933 0.000102774 0.00010291 0.000147798 0.000134679 0.000123982 0.000110916
0.625 0 0 0 0 5.23735e-05 5.57224e-05 6.02107e-05 6.34344e-05 0.000115488 0.00011561 0.000116452 0.000116586 0.000165327 0.000152204 0.000141506 0.000128444
0.645 0 0 0 0 5.20128e-05 5.53491e-05 5.98371e-05 6.3073e-05 0.000119436 0.000119565 0.000120406 0.000120534 0.00017099 0.000157864 0.000147166 0.000134107
0.665 0 0 0 0 4.60438e-05 4.9369e-05 5.38571e-05 5.7104e-05 0.000110339 0.000110468 0.000111309 0.000111437 0.000162201 0.000149076 0.000138378 0.000125318
0.685 0 0 0 0 3.53653e-05 3.86834e-05 4.31715e-05 4.64255e-05 8.82873e-05 8.84102e-05 8.92516e-05 8.93848e-05 0.000136941 0.000123822 0.000113125 0.000100058
0.705 0 0 0 0 2.37803e-05 2.7096e-05 3.15841e-05 3.48405e-05 6.02991e-05 6.04191e-05 6.12605e-05 6.13966e-05 9.9401e-05 8.62912e-05 7.55938e-05 6.25178e-05
0.725 0 0 0 0 1.12181e-05 1.45254e-05 1.90135e-05 2.22783e-05 3.0464e-05 3.05904e-05 3.14318e-05 3.15615e-05 5.52568e-05 4.21562e-05 3.14588e-05 1.83736e-05
0.745 0 0 0 0 -6.6442e-06 -3.36212e-06 1.12596e-06 4.41603e-06 -4.82815e-06 -4.69233e-06 -3.85096e-06 -3.73075e-06 7.38633e-06 -5.70568e-06 -1.64031e-05 -2.94969e-05
0.765 0 0 0 0 -2.08511e-05 -1.75723e-05 -1.30851e-05 -9.7937e-06 -3.7265e-05 -3.71392e-05 -3.62984e-05 -3.61694e-05 -3.17814e-05 -4.48634e-05 -5.55611e-05 -6.86656e-05
0.785 0 0 0 0 -2.77285e-05 -2.44411e-05 -1.99544e-05 -1.66732e-05 -5.67631e-05 -5.6649e-05 -5.58083e-05 -5.56681e-05 -5.54389e-05 -6.85133e-05 -7.92113e-05 -9.23237e-05
0.805 0 0 0 0 -3.16774e-05 -2.84058e-05 -2.39191e-05 -2.06221e-05 -6.16315e-05 -6.15059e-05 -6.06655e-05 -6.05371e-05 -6.4412e-05 -7.74868e-05 -8.81848e-05 -0.000101297
0.825 0 0 0 0 -3.48355e-05 -3.15902e-05 -2.71034e-05 -2.378e-05 -5.94221e-05 -5.92813e-05 -5.84409e-05 -5.83278e-05 -6.15718e-05 -7.46509e-05 -8.53489e-05 -9.84571e-05
0.845 0 0 0 0 -3.62196e-05 -3.29794e-05 -2.84926e-05 -2.51639e-05 -5.77616e-05 -5.76285e-05 -5.67881e-05 -5.66674e-05 -5.19945e-05 -6.50754e-05 -7.57734e-05 -8.88797e-05
0.865 0 0 0 0 -3.10381e-05 -2.77764e-05 -2.32896e-05 -1.99824e-05 -5.06741e-05 -5.05594e-05 -4.9719e-05 -4.95799e-05 -3.72939e-05 -5.03748e-05 -6.10728e-05 -7.41792e-05
0.885 0 0 0 0 -2.01337e-05 -1.68559e-05 -1.23691e-05 -9.07804e-06 -3.2437e-05 -3.23191e-05 -3.14787e-05 -3.13427e-05 -1.92964e-05 -3.23807e-05 -4.30787e-05 -5.61817e-05
0.905 0 0 0 0 -8.90241e-06 -5.625e-06 -1.13817e-06 2.15327e-06 -9.3226e-06 -9.1852e-06 -8.34479e-06 -8.22836e-06 7.09217e-07 -1.2382e-05 -2.308e-05 -3.6176e-05
0.925 0 0 0 0 2.50492e-06 5.79777e-06 1.02846e-05 1.35606e-05 1.2009e-05 1.21453e-05 1.29857e-05 1.31033e-05 2.64127e-05 1.33166e-05 2.6186e-06 -1.04725e-05
0.945 0 0 0 0 5.79535e-06 9.0903e-06 1.35771e-05 1.6851e-05 2.3176e-05 2.33012e-05 2.41416e-05 2.42702e-05 4.94052e-05 3.63048e-05 2.56068e-05 1.25199e-05
0.965 0 0 0 0 -2.07524e-06 1.18669e-06 5.67352e-06 8.98044e-06 2.08295e-05 2.09565e-05 2.17969e-05 2.19237e-05 5.72937e-05 4.41889e-05 3.34909e-05 2.04084e-05
0.985 0 0 0 0 -2.82834e-06 4.37819e-07 4.92465e-06 8.22734e-06 1.80316e-05 1.81531e-05 1.89935e-05 1.91258e-05 5.53865e-05 4.22831e-05 3.15851e-05 1.85012e-05
1.005 0 0 0 0 1.12044e-05 1.45255e-05 1.90123e-05 2.22601e-05 2.62583e-05 2.63697e-05 2.72101e-05 2.73525e-05 5.3227e-05 4.01293e-05 2.94313e-05 1.63418e-05
1.025 0 0 0 0 2.69099e-05 3.02654e-05 3.47522e-05 3.79655e-05 4.36678e-05 4.3791e-05 4.46315e-05 4.4762e-05 5.70518e-05 4.39544e-05 3.32564e-05 2.01665e-05
1.045 0 0 0 0 2.80242e-05 3.13531e-05 3.58399e-05 3.90799e-05 5.46566e-05 5.48029e-05 5.56433e-05 5.57507e-05 6.72441e-05 5.41398e-05 4.34418e-05 3.03589e-05
1.065 0 0 0 0 1.22709e-05 1.55476e-05 2.00344e-05 2.33266e-05 4.4923e-05 4.50656e-05 4.5906e-05 4.60171e-05 7.56998e-05 6.259e-05 5.1892e-05 3.88146e-05
1.085 0 0 0 0 -1.27381e-05 -9.50688e-06 -5.02002e-06 -1.68231e-06 1.36952e-05 1.38142e-05 1.46545e-05 1.4789e-05 6.43389e-05 5.12309e-05 4.0533e-05 2.74538e-05
1.105 0 0 0 0 -4.25062e-05 -3.9325e-05 -3.4838e-05 -3.145e-05 -3.56261e-05 -3.55061e-05 -3.46659e-05 -3.45326e-05 1.15432e-05 -1.55629e-06 -1.22542e-05 -2.53422e-05
1.125 0 0 0 0 -6.00713e-05 -5.68853e-05 -5.23985e-05 -4.90164e-05 -8.78569e-05 -8.77269e-05 -8.68868e-05 -8.67638e-05 -7.28634e-05 -8.59435e-05 -9.66416e-05 -0.000109749
1.145 0 0 0 0 -6.46453e-05 -6.14016e-05 -5.69165e-05 -5.35961e-05 -0.000134045 -0.000133914 -0.000133076 -0.000132956 -0.000162829 -0.000175883 -0.000186582 -0.000199717
1.165 0 0 0 0 -7.38462e-05 -7.058e-05 -6.60964e-05 -6.28021e-05 -0.000173916 -0.00017378 -0.000172943 -0.000172832 -0.000233667 -0.000246704 -0.000257404 -0.000270559
1.185 0 0 0 0 -8.97968e-05 -8.65585e-05 -8.20757e-05 -7.87552e-05 -0.000200014 -0.000199877 -0.00019904 -0.000198931 -0.000262074 -0.000275107 -0.000285807 -0.000298966
1.205 0 0 0 0 -0.000114772 -0.000111615 -0.000107132 -0.00010373 -0.000218738 -0.000218601 -0.000217765 -0.000217657 -0.000258335 -0.000271374 -0.000282074 -0.000295227
1.225 0 0 0 0 -0.000112969 -0.000109811 -0.000105328 -0.000101927 -0.000205255 -0.000205147 -0.000204311 -0.000204173 -0.000219011 -0.000232057 -0.000242756 -0.000255903
1.245 0 0 0 0 -7.41127e-05 -7.08756e-05 -6.63925e-05 -6.3071e-05 -0.000144503 -0.000144411 -0.000143575 -0.000143422 -0.000150939 -0.000163993 -0.000174693 -0.000187831
1.265 0 0 0 0 -1.93558e-05 -1.60568e-05 -1.15737e-05 -8.31417e-06 -4.88796e-05 -4.87514e-05 -4.79148e-05 -4.7798e-05 -6.15393e-05 -7.46144e-05 -8.53142e-05 -9.84317e-05
1.285 0 0 0 0 3.21751e-05 3.55152e-05 3.99983e-05 4.32167e-05 5.33497e-05 5.35053e-05 5.43419e-05 5.44313e-05 5.14401e-05 3.8338e-05 2.76382e-05 1.45476e-05
1.305 0 0 0 0 6.39666e-05 6.73232e-05 7.18064e-05 7.50081e-05 0.000133097 0.000133232 0.000134068 0.000134178 0.000174111 0.000160983 0.000150283 0.000137218
1.325 0 0 0 0 8.33048e-05 8.66609e-05 9.11417e-05 9.43386e-05 0.000194248 0.000194341 0.000195176 0.000195322 0.000287498 0.000274344 0.000263643 0.0002506
1.345 0 0 0 0 9.09359e-05 9.42483e-05 9.87274e-05 0.000101964 0.000234785 0.000234886 0.000235719 0.000235855 0.000355111 0.000341935 0.000331234 0.000318211
1.365 0 0 0 0 8.63888e-05 8.96553e-05 9.41342e-05 9.74156e-05 0.00023708 0.000237218 0.000238051 0.00023815 0.000350303 0.000337122 0.00032642 0.000313404
1.385 0 0 0 0 7.97289e-05 8.30407e-05 8.75195e-05 9.07556e-05 0.000196946 0.000197073 0.000197907 0.000198016 0.000282366 0.000269205 0.000258503 0.000245466
1.405 0 0 0 0 5.72615e-05 6.06192e-05 6.50981e-05 6.82883e-05 0.000118589 0.000118695 0.000119528 0.000119659 0.000166504 0.000153377 0.000142675 0.000129604
1.425 0 0 0 0 2.6123e-06 5.89979e-06 1.03786e-05 1.3639e-05 9.14903e-06 9.27861e-06 1.01118e-05 1.02189e-05 1.90495e-05 5.94953e-06 -4.75236e-06 -1.78504e-05
1.445 0 0 0 0 -7.77485e-05 -7.45992e-05 -7.01204e-05 -6.67217e-05 -0.000129709 -0.000129554 -0.000128721 -0.000128639 -0.000146143 -0.000159216 -0.000169918 -0.000183043
1.465 0 0 0 0 -0.000137526 -0.000134397 -0.000129918 -0.000126501 -0.00025949 -0.000259381 -0.000258548 -0.00025842 -0.000294006 -0.000307041 -0.000317743 -0.000330906
1.485 0 0 0 0 -0.000174739 -0.000171603 -0.000167128 -0.000163726 -0.000354172 -0.000354087 -0.000353254 -0.000353105 -0.000418609 -0.000431611 -0.000442314 -0.000455511
1.505 0 0 0 0 -0.000201615 -0.000198537 -0.000194064 -0.000190608 -0.000409264 -0.000409126 -0.000408296 -0.000408203 -0.000513308 -0.000526298 -0.000537001 -0.000550214
1.525 0 0 0 0 -0.000199438 -0.000196344 -0.000191871 -0.000188432 -0.000417589 -0.000417439 -0.00041661 -0.000416533 -0.000541084 -0.000554067 -0.000564772 -0.000577991
1.545 0 0 0 0 -0.0001496 -0.000146355 -0.000141882 -0.000138595 -0.000354466 -0.00035438 -0.000353551 -0.000353409 -0.000463391 -0.000476374 -0.000487078 -0.000500298
1.565 0 0 0 0 -5.93506e-05 -5.5962e-05 -5.14889e-05 -4.83449e-05 -0.000192481 -0.000192424 -0.000191594 -0.000191424 -0.000265097 -0.000278114 -0.000288818 -0.000302004
1.585 0 0 0 0 3.20998e-05 3.5468e-05 3.99411e-05 4.31055e-05 3.48883e-05 3.50201e-05 3.58495e-05 3.59448e-05 1.98148e-05 6.71942e-06 -3.98458e-06 -1.70924e-05
1.605 0 0 0 0 0.000108288 0.000111595 0.000116068 0.000119293 0.000255495 0.000255667 0.000256497 0.000256552 0.000333713 0.000320534 0.00030983 0.000296806
1.625 0 0 0 0 0.000207104 0.000210549 0.000215016 0.000218088 0.000461187 0.000461248 0.000462072 0.000462227 0.000645072 0.000631836 0.00062113 0.000608157
1.645 0 0 0 0 0.000307673 0.000311261 0.000315724 0.000318639 0.000650296 0.000650303 0.000651124 0.000651323 0.000892163 0.00087888 0.000868172 0.00085524
1.665 0 0 0 0 0.000386593 0.000390204 0.000394662 0.000397539 0.000808689 0.000808781 0.0008096 0.000809711 0.00104792 0.00103459 0.00102388 0.001011
1.685 0 0 0 0 0.000428712 0.000432337 0.000436792 0.000439646 0.000888242 0.000888391 0.000889211 0.000889263 0.00111498 0.00110163 0.00109092 0.00107805
1.705 0 0 0 0 0.000413152 0.000416801 0.000421256 0.000424087 0.000850803 0.000850898 0.000851718 0.000851824 0.00108845 0.00107511 0.0010644 0.00105152
1.725 0 0 0 0 0.000342892 0.000346482 0.000350937 0.000353827 0.000721103 0.000721139 0.000721959 0.000722123 0.00096466 0.000951356 0.000940647 0.000927734
1.745 0 0 0 0 0.000232399 0.000235801 0.000240256 0.000243332 0.000528302 0.000528374 0.000529193 0.000529322 0.00073329 0.000720024 0.000709314 0.000696364
1.765 0 0 0 0 0.000133498 0.000136812 0.000141267 0.000144431 0.000311338 0.000311439 0.000312258 0.000312359 0.000434092 0.000420888 0.000410179 0.000397166
1.785 0 0 0 0 6.90098e-05 7.2407e-05 7.68619e-05 7.99434e-05 0.000106901 0.000106969 0.000107788 0.000107921 0.000130176 0.000117055 0.000106345 9.32504e-05
1.805 0 0 0 0 -2.39514e-05 -2.06338e-05 -1.61789e-05 -1.30179e-05 -0.000101718 -0.000101615 -0.000100796 -0.000100698 -0.000164706 -0.000177767 -0.000188477 -0.000201632
1.825 0 0 0 0 -0.000146742 -0.000143648 -0.000139193 -0.000135808 -0.000309776 -0.000309621 -0.000308802 -0.000308756 -0.000414878 -0.000427901 -0.000438611 -0.000451804
1.845 0 0 0 0 -0.000251804 -0.000248845 -0.000244391 -0.000240874 -0.00049187 -0.00049176 -0.000490941 -0.00049085 -0.000595796 -0.000608781 -0.00061949 -0.000632722
1.865 0 0 0 0 -0.00033097 -0.000328104 -0.000323653 -0.000320057 -0.00063335 -0.000633281 -0.000632463 -0.000632334 -0.00073794 -0.000750894 -0.000761605 -0.000774869
1.885 0 0 0 0 -0.000402303 -0.0003996 -0.000395152 -0.0003914 -0.000747198 -0.000747065 -0.000746249 -0.00074619 -0.000885854 -0.000898791 -0.000909503 -0.000922782
1.905 0 0 0 0 -0.000454511 -0.000451893 -0.000447448 -0.00044362 -0.000851667 -0.000851488 -0.000850675 -0.00085067 -0.00103883 -0.00105175 -0.00106246 -0.00107577
1.925 0 0 0 0 -0.000464474 -0.000461735 -0.000457295 -0.000453599 -0.000929109 -0.000928996 -0.000928185 -0.00092812 -0.00115416 -0.00116703 -0.00117775 -0.0011911
1.945 0 0 0 0 -0.000450639 -0.000447783 -0.000443344 -0.000439769 -0.000948345 -0.000948273 -0.000947463 -0.000947362 -0.00120006 -0.00121291 -0.00122362 -0.001237
1.965 0 0 0 0 -0.000442971 -0.000440187 -0.000435748 -0.000432101 -0.000910461 -0.000910317 -0.000909507 -0.000909479 -0.0011676 -0.00118047 -0.00119118 -0.00120455
1.985 0 0 0 0 -0.000425043 -0.00042233 -0.000417891 -0.000414174 -0.000832547 -0.000832371 -0.000831562 -0.000831565 -0.00104933 -0.00106224 -0.00107295 -0.00108628
2.005 0 0 0 0 -0.000370204 -0.000367398 -0.000362959 -0.000359335 -0.000716146 -0.000716055 -0.000715247 -0.000715165 -0.000859026 -0.000871961 -0.000882676 -0.000895971
2.025 0 0 0 0 -0.000277484 -0.000274532 -0.000270093 -0.000266615 -0.000541613 -0.000541574 -0.000540765 -0.000540632 -0.000627178 -0.000640152 -0.000650867 -0.000664123
2.045 0 0 0 0 -0.000169248 -0.00016623 -0.000161791 -0.00015838 -0.000320211 -0.000320102 -0.000319294 -0.000319231 -0.000381767 -0.000394802 -0.000405517 -0.000418712
2.065 0 0 0 0 -6.07455e-05 -5.76477e-05 -5.3209e-05 -4.98774e-05 -0.000100046 -9.98832e-05 -9.90745e-05 -9.90649e-05 -0.000131248 -0.000144343 -0.000155059 -0.000168193
2.085 0 0 0 0 3.2729e-05 3.59705e-05 4.04091e-05 4.35971e-05 7.95095e-05 7.96146e-05 8.04233e-05 8.04902e-05 0.000112354 9.92183e-05 8.85028e-05 7.54095e-05
2.105 0 0 0 0 8.78678e-05 9.11628e-05 9.56015e-05 9.87359e-05 0.000208283 0.000208339 0.000209147 0.000209264 0.000311702 0.000298527 0.000287812 0.000274757
2.125 0 0 0 0 0.000128983 0.000132277 0.000136716 0.000139851 0.000312288 0.000312353 0.000313162 0.000313269 0.000455158 0.000441949 0.000431233 0.000418213
2.145 0 0 0 0 0.000197123 0.00020054 0.000204978 0.000207992 0.000419692 0.000419756 0.000420565 0.000420673 0.000564341 0.000551114 0.000540399 0.000527396
2.165 0 0 0 0 0.000283457 0.000287074 0.000291512 0.000294326 0.000534063 0.000534113 0.000534922 0.000535044 0.000662659 0.000649425 0.00063871 0.000625714
2.185 0 0 0 0 0.000347934 0.000351648 0.000356087 0.000358803 0.000641004 0.000641073 0.000641881 0.000641985 0.000767139 0.000753886 0.00074317 0.000730194
2.205 0 0 0 0 0.000351606 0.000355216 0.000359654 0.000362475 0.000696848 0.000696958 0.000697766 0.00069783 0.000859263 0.000845976 0.00083526 0.000822319
2.225 0 0 0 0 0.0003232 0.000326704 0.000331143 0.000334069 0.000695652 0.000695728 0.000696537 0.000696634 0.000921408 0.000908102 0.000897386 0.000884463
2.245 0 0 0 0 0.000258723 0.00026209 0.000266529 0.000269592 0.000615192 0.00061524 0.000616049 0.000616173 0.000876254 0.000862949 0.000852233 0.000839307
2.265 0 0 0 0 0.000170858 0.000174088 0.000178527 0.000181726 0.000455963 0.00045604 0.000456849 0.000456944 0.000679315 0.000666044 0.000655329 0.000642369
2.285 0 0 0 0 5.24549e-05 5.55658e-05 6.00044e-05 6.33231e-05 0.000199481 0.000199611 0.000200419 0.000200461 0.000318764 0.000305564 0.000294849 0.000281817
2.305 0 0 0 0 -0.00011283 -0.000109841 -0.000105402 -0.000101962 -0.0001688 -0.000168653 -0.000167844 -0.000167821 -0.000179211 -0.000192301 -0.000203017 -0.000216157
2.325 0 0 0 0 -0.000292528 -0.000289603 -0.000285164 -0.000281659 -0.000584903 -0.000584804 -0.000583995 -0.000583923 -0.00072166 -0.00073462 -0.000745336 -0.000758606
2.345 0 0 0 0 -0.000460804 -0.00045797 -0.000453531 -0.000449935 -0.000965373 -0.000965297 -0.000964489 -0.000964392 -0.00121976 -0.00123261 -0.00124333 -0.00125671
2.365 0 0 0 0 -0.000549578 -0.000546756 -0.00054233 -0.000538754 -0.00119458 -0.00119451 -0.00119371 -0.00119362 -0.00154689 -0.00155966 -0.00157038 -0.00158385
2.385 0 0 0 0 -0.000568853 -0.000566044 -0.000561619 -0.000558036 -0.00125046 -0.00125036 -0.00124956 -0.00124952 -0.00165102 -0.00166377 -0.00167449 -0.00168799
2.405 0 0 0 0 -0.000547549 -0.000544808 -0.000540381 -0.00053673 -0.0011689 -0.00116876 -0.00116796 -0.00116796 -0.00153501 -0.00154779 -0.00155851 -0.00157197
2.425 0 0 0 0 -0.000459569 -0.000456769 -0.000452342 -0.000448749 -0.000955103 -0.000955018 -0.000954219 -0.000954161 -0.00120981 -0.00122267 -0.00123339 -0.00124678
2.445 0 0 0 0 -0.000276396 -0.000273361 -0.000268935 -0.000265578 -0.00058508 -0.00058508 -0.000584281 -0.00058414 -0.00070733 -0.000720278 -0.000730999 -0.000744296
2.465 0 0 0 0 -2.86629e-05 -2.53965e-05 -2.09704e-05 -1.78457e-05 -8.33638e-05 -8.33312e-05 -8.25329e-05 -8.24242e-05 -9.4721e-05 -0.000107802 -0.000118523 -0.000131686
2.485 0 0 0 0 0.000272037 0.000275612 0.000280038 0.000282854 0.000507499 0.000507579 0.000508377 0.000508439 0.000606775 0.000593545 0.000582824 0.00056981
2.505 0 0 0 0 0.000599775 0.000603768 0.000608194 0.000610581 0.00113292 0.00113294 0.00113374 0.00113385 0.00138035 0.00136697 0.00135625 0.00134338
2.525 0 0 0 0 0.000855325 0.000859452 0.000863851 0.000866018 0.00169245 0.00169244 0.00169322 0.00169333 0.00212198 0.00210843 0.0020977 0.00208499
2.545 0 0 0 0 0.00100412 0.00100814 0.00101251 0.00101471 0.00210552 0.00210552 0.00210628 0.00210633 0.00271735 0.00270363 0.00269289 0.00268033
2.565 0 0 0 0 0.00109723 0.00110124 0.00110561 0.00110777 0.00234719 0.00234711 0.00234787 0.00234795 0.00308883 0.00307501 0.00306427 0.00305179
2.585 0 0 0 0 0.00115129 0.00115545 0.00115981 0.00116181 0.00241952 0.00241937 0.00242013 0.00242027 0.00317829 0.00316448 0.00315373 0.00314125
2.605 0 0 0 0 0.0011144 0.00111857 0.00112293 0.00112492 0.00229945 0.00229937 0.00230012 0.0023002 0.00295588 0.00294211 0.00293137 0.00291884
2.625 0 0 0 0 0.000951792 0.000955757 0.000960116 0.000962309 0.00195445 0.00195448 0.00195523 0.0019552 0.00245967 0.00244599 0.00243525 0.00242263
2.645 0 0 0 0 0.000679501 0.000683223 0.000687581 0.000690016 0.00139307 0.00139307 0.00139382 0.00139381 0.00176402 0.00175049 0.00173975 0.00172697
2.665 0 0 0 0 0.000347947 0.000351411 0.000355769 0.00035846 0.000708968 0.000708861 0.00070961 0.000709709 0.000945717 0.000932376 0.000921634 0.000908675
2.685 0 0 0 0 1.04382e-05 1.35557e-05 1.79133e-05 2.09516e-05 2.23351e-05 2.22439e-05 2.29927e-05 2.30748e-05 7.6033e-05 6.28725e-05 5.21298e-05 3.899e-05
2.705 0 0 0 0 -0.000252616 -0.00024972 -0.000245362 -0.000242098 -0.000557189 -0.00055721 -0.000556461 -0.000556448 -0.000722166 -0.00073516 -0.000745902 -0.000759209
2.725 0 0 0 0 -0.000405241 -0.000402334 -0.000397976 -0.000394724 -0.000963083 -0.000963101 -0.000962352 -0.000962341 -0.00131384 -0.00132669 -0.00133743 -0.00135088
2.745 0 0 0 0 -0.000469458 -0.000466495 -0.000462136 -0.00045894 -0.00115567 -0.00115571 -0.00115496 -0.00115493 -0.00159812 -0.0016109 -0.00162164 -0.00163517
2.765 0 0 0 0 -0.00045899 -0.000456068 -0.000451709 -0.000448472 -0.00110859 -0.00110862 -0.00110787 -0.00110785 -0.00152294 -0.00153574 -0.00154648 -0.00155998
2.785 0 0 0 0 -0.000368073 -0.000365219 -0.00036086 -0.000357555 -0.000837091 -0.000837105 -0.000836358 -0.000836359 -0.00111557 -0.00112847 -0.00113922 -0.00115262
2.805 0 0 0 0 -0.000162512 -0.000159522 -0.000155164 -0.000151996 -0.000361214 -0.00036128 -0.000360533 -0.000360484 -0.000445531 -0.00045858 -0.000469324 -0.00048258
2.825 0 0 0 0 8.75206e-05 9.06453e-05 9.50032e-05 9.80358e-05 0.000208258 0.000208209 0.000208955 0.000208988 0.00031312 0.000299897 0.000289153 0.000276071
2.845 0 0 0 0 0.000350365 0.000353668 0.000358026 0.00036088 0.000778159 0.00077815 0.000778897 0.00077889 0.00103943 0.00102604 0.0010153 0.00100238
2.865 0 0 0 0 0.000624054 0.000627724 0.000632083 0.000634571 0.00129654 0.00129648 0.00129723 0.00129727 0.00168097 0.00166746 0.00165672 0.00164392
2.885 0 0 0 0 0.000833554 0.00083749 0.000841848 0.000844068 0.00169528 0.00169521 0.00169595 0.00169602 0.0021669 0.0021533 0.00214255 0.00212985
2.905 0 0 0 0 0.000913257 0.000917158 0.000921516 0.000923772 0.00190302 0.00190301 0.00190376 0.00190376 0.00243378 0.0024201 0.00240936 0.00239673
2.925 0 0 0 0 0.000803072 0.00080661 0.000810967 0.000813586 0.00180059 0.00180066 0.00180141 0.00180132 0.00237057 0.00235688 0.00234613 0.00233353
2.945 0 0 0 0 0.000511072 0.000514135 0.000518492 0.000521583 0.00131876 0.00131881 0.00131956 0.00131949 0.00187205 0.00185844 0.00184769 0.001835
2.965 0 0 0 0 0.000146525 0.00014933 0.000153687 0.000157035 0.000553765 0.000553691 0.000554438 0.000554495 0.000949263 0.000935867 0.000925123 0.000912215
2.985 0 0 0 0 -0.000214966 -0.000212258 -0.000207901 -0.000204454 -0.000329357 -0.000329444 -0.000328698 -0.000328628 -0.000278573 -0.000291681 -0.000302425 -0.000315621
3.005 0 0 0 0 -0.000551032 -0.000548416 -0.000544057 -0.000540514 -0.00119376 -0.00119372 -0.00119297 -0.00119303 -0.00157912 -0.00159193 -0.00160268 -0.00161617
3.025 0 0 0 0 -0.000886644 -0.000884272 -0.000879954 -0.000876285 -0.00198215 -0.00198204 -0.00198133 -0.00198154 -0.00270593 -0.00271851 -0.00272927 -0.00274302
3.045 0 0 0 0 -0.00123532 -0.00123338 -0.00122909 -0.0012251 -0.00265514 -0.00265509 -0.00265438 -0.00265459 -0.00350379 -0.00351621 -0.00352697 -0.0035409
3.065 0 0 0 0 -0.00153018 -0.00152876 -0.0015245 -0.00152011 -0.00312264 -0.0031227 -0.003122 -0.00312212 -0.00393181 -0.00394415 -0.00395491 -0.00396893
3.085 0 0 0 0 -0.00160883 -0.00160755 -0.0016033 -0.00159879 -0.00322464 -0.00322478 -0.00322409 -0.00322412 -0.00396943 -0.00398177 -0.00399253 -0.00400655
3.105 0 0 0 0 -0.00132355 -0.0013217 -0.00131745 -0.00131352 -0.00279442 -0.00279462 -0.00279392 -0.0027939 -0.00352933 -0.00354172 -0.00355248 -0.00356645
3.125 0 0 0 0 -0.000751514 -0.00074877 -0.00074452 -0.00074149 -0.00184269 -0.00184282 -0.00184212 -0.00184218 -0.00255033 -0.0025629 -0.00257366 -0.00258745
3.145 0 0 0 0 -0.00010322 -9.98453e-05 -9.55935e-05 -9.31945e-05 -0.000560947 -0.000560922 -0.00056023 -0.000560436 -0.00104589 -0.00105879 -0.00106956 -0.00108302
3.165 0 0 0 0 0.000410168 0.000413597 0.000417852 0.000420207 0.000733747 0.000733826 0.000734518 0.000734257 0.000765519 0.000752186 0.000741419 0.000728394
3.185 0 0 0 0 0.000706954 0.000710013 0.00071427 0.000716997 0.00175584 0.00175582 0.00175651 0.00175639 0.00245507 0.00244132 0.00243055 0.00241795
3.205 0 0 0 0 0.000873769 0.000876559 0.000880798 0.000883754 0.00238653 0.00238626 0.00238691 0.00238686 0.00357227 0.00355821 0.00354742 0.00353507
3.225 0 0 0 0 0.00097625 0.00097915 0.000983376 0.000986205 0.00258447 0.00258419 0.00258484 0.00258478 0.0038106 0.00379648 0.0037857 0.00377339
3.245 0 0 0 0 0.000940614 0.000943785 0.000948016 0.000950578 0.00227175 0.00227167 0.00227231 0.00227205 0.00311854 0.00310458 0.0030938 0.00308133
3.265 0 0 0 0 0.000643261 0.000646535 0.000650767 0.000653227 0.00139025 0.00139031 0.00139095 0.00139055 0.00171049 0.00169686 0.00168608 0.00167327
3.285 0 0 0 0 -1.28744e-05 -1.00887e-05 -5.85676e-06 -2.91149e-06 -3.27275e-05 -3.26991e-05 -3.20596e-05 -3.24366e-05 -0.000138987 -0.000152206 -0.000162992 -0.000176201
3.305 0 0 0 0 -0.000969733 -0.000968112 -0.000963876 -0.000959764 -0.00182893 -0.00182898 -0.00182834 -0.00182863 -0.00223035 -0.00224315 -0.00225393 -0.00226756
3.325 0 0 0 0 -0.00203327 -0.00203312 -0.00202889 -0.00202337 -0.00376886 -0.00376891 -0.00376826 -0.00376855 -0.0044756 -0.00448797 -0.00449875 -0.00451281
3.345 0 0 0 0 -0.00299169 -0.00299295 -0.00298891 -0.00298272 -0.00564793 -0.00564804 -0.00564749 -0.00564799 -0.00680576 -0.00681767 -0.00682848 -0.00684304
3.365 0 0 0 0 -0.00372061 -0.0037227 -0.00371888 -0.00371272 -0.00729828 -0.00729852 -0.00729811 -0.00729891 -0.00904795 -0.0090594 -0.00907025 -0.00908537
3.385 0 0 0 0 -0.0042185 -0.00422099 -0.00421739 -0.00421162 -0.00857986 -0.00858028 -0.00858003 -0.00858117 -0.010912 -0.0109231 -0.010934 -0.0109496
3.405 0 0 0 0 -0.00455624 -0.00455883 -0.00455534 -0.00454948 -0.00940595 -0.00940645 -0.00940632 -0.00940774 -0.0121056 -0.0121165 -0.0121274 -0.0121434
3.425 0 0 0 0 -0.00476336 -0.0047663 -0.00476291 -0.0047567 -0.00973505 -0.00973555 -0.00973544 -0.00973694 -0.0124595 -0.0124703 -0.0124812 -0.0124973
3.445 0 0 0 0 -0.00479115 -0.00479448 -0.00479108 -0.00478448 -0.00955809 -0.00955866 -0.00955856 -0.00956001 -0.0120105 -0.0120214 -0.0120323 -0.0120482
3.465 0 0 0 0 -0.00449516 -0.00449837 -0.00449497 -0.00448854 -0.00881944 -0.00882018 -0.00882008 -0.00882138 -0.0108904 -0.0109016 -0.0109125 -0.0109282
3.485 0 0 0 0 -0.00377543 -0.00377775 -0.00377436 -0.00376894 -0.00745674 -0.0074576 -0.00745752 -0.0074587 -0.00920923 -0.00922073 -0.00923167 -0.00924702
3.505 0 0 0 0 -0.00264449 -0.00264526 -0.00264189 -0.00263818 -0.00545393 -0.00545482 -0.00545474 -0.00545593 -0.00694277 -0.00695468 -0.00696563 -0.00698056
3.525 0 0 0 0 -0.00123562 -0.00123457 -0.00123122 -0.00122952 -0.0028915 -0.00289241 -0.00289234 -0.00289354 -0.00398468 -0.00399716 -0.0040081 -0.00402247
3.545 0 0 0 0 0.000183874 0.000186411 0.000189783 0.000189967 -2.5742e-05 -2.66614e-05 -2.65978e-05 -2.78119e-05 -0.000405207 -0.000418429 -0.000429366 -0.000442994
3.565 0 0 0 0 0.00138566 0.00138865 0.001392 0.00139159 0.00277238 0.0027715 0.00277162 0.00277048 0.00342129 0.0034072 0.00339625 0.0033835
3.585 0 0 0 0 0.0024014 0.00240435 0.00240751 0.00240642 0.0052503 0.00524903 0.005249 0.00524787 0.0069819 0.00696698 0.00695604 0.00694408
3.605 0 0 0 0 0.00331099 0.0033141 0.00331702 0.00331475 0.00725896 0.0072571 0.0072569 0.00725573 0.00974302 0.0097274 0.00971636 0.0097049
3.625 0 0 0 0 0.00401963 0.0040231 0.0040258 0.00402236 0.00860436 0.00860241 0.00860207 0.00860063 0.0113011 0.0112851 0.0112741 0.0112629
3.645 0 0 0 0 0.00422773 0.00423139 0.00423408 0.00423049 0.00891995 0.00891838 0.00891804 0.00891622 0.0114228 0.0114067 0.0113956 0.0113845
3.665 0 0 0 0 0.00367527 0.00367816 0.00368081 0.00367795 0.00784913 0.00784773 0.00784737 0.00784535 0.0100307 0.0100149 0.0100039 0.00999251
3.685 0 0 0 0 0.00232064 0.00232183 0.00232446 0.00232318 0.00531128 0.00530971 0.00530934 0.00530745 0.00710374 0.00708854 0.00707747 0.00706551
3.705 0 0 0 0 0.000448643 0.000447777 0.000450379 0.000451162 0.00166596 0.00166416 0.00166377 0.00166206 0.00276891 0.00275462 0.00274355 0.00273068
3.725 0 0 0 0 -0.00152983 -0.00153224 -0.00152961 -0.00152702 -0.00249847 -0.00250019 -0.00250057 -0.00250226 -0.00259464 -0.0026078 -0.00261888 -0.00263291
3.745 0 0 0 0 -0.00327657 -0.0032798 -0.00327709 -0.00327342 -0.00657115 -0.00657272 -0.00657315 -0.00657504 -0.00824049 -0.00825236 -0.0082634 -0.00827868
3.765 0 0 0 0 -0.00460521 -0.00460847 -0.00460587 -0.00460201 -0.0099719 -0.00997345 -0.00997382 -0.00997589 -0.0131343 -0.0131451 -0.0131561 -0.0131726
3.785 0 0 0 0 -0.00549848 -0.00549945 -0.00549712 -0.00549277 -0.0122301 -0.012232 -0.0122329 -0.012235 -0.0163207 -0.0163307 -0.0163419 -0.0163594
3.805 0 0 0 0 -0.00585754 -0.00585722 -0.0058548 -0.00584972 -0.0129593 -0.0129612 -0.012962 -0.0129636 -0.0171492 -0.0171591 -0.0171702 -0.017188
3.825 0 0 0 0 -0.00545813 -0.00545819 -0.00545579 -0.00545087 -0.0118564 -0.0118585 -0.0118593 -0.0118609 -0.01542 -0.0154302 -0.0154414 -0.0154589
3.845 0 0 0 0 -0.00405375 -0.0040539 -0.00405161 -0.00404826 -0.00878418 -0.00878667 -0.00878757 -0.00878927 -0.0113055 -0.0113167 -0.0113279 -0.0113444
3.865 0 0 0 0 -0.00158683 -0.00158611 -0.00158396 -0.00158402 -0.00386177 -0.00386457 -0.00386556 -0.0038676 -0.00515585 -0.00516836 -0.00517961 -0.00519483
3.885 0 0 0 0 0.00162857 0.00163086 0.00163288 0.00162849 0.00244791 0.00244492 0.00244384 0.0024415 0.00255691 0.00254278 0.0025315 0.00251787
3.905 0 0 0 0 0.00499616 0.00500173 0.00500381 0.00499607 0.0093404 0.00933742 0.0093363 0.00933367 0.0111698 0.0111539 0.0111427 0.011131
3.925 0 0 0 0 0.007902 0.00791361 0.00791537 0.00791886 0.0157232 0.0157208 0.0157196 0.0157169 0.0196143 0.019596 0.0195846 0.0195747
3.945 0 0 0 0 0.0101565 0.0101903 0.0101954 0.0102392 0.0207731 0.0207781 0.0207802 0.020785 0.026566 0.0265456 0.0265346 0.0265266
3.965 0 0 0 0 0.0118025 0.0118657 0.0118754 0.0119757 0.0242525 0.0242661 0.024272 0.0242861 0.0309379 0.0309166 0.0309061 0.0308994
