0.005 0 0 0 0 -5.50433e-06 -2.21401e-06 2.27725e-06 5.56742e-06 -5.20211e-07 -3.89572e-07 4.54095e-07 5.84788e-07 1.84715e-05 5.38022e-06 -5.31587e-06 -1.84072e-05
0.025 0 0 0 0 -3.55135e-06 -2.54986e-07 4.23625e-06 7.52031e-06 1.73096e-06 1.85973e-06 2.70338e-06 2.83593e-06 2.06937e-05 7.60249e-06 -3.0936e-06 -1.6185e-05
0.045 0 0 0 0 -7.85698e-06 -4.57856e-06 -8.73397e-08 3.21457e-06 -1.6188e-06 -1.48252e-06 -6.38871e-07 -5.13885e-07 1.75059e-05 4.41328e-06 -6.28283e-06 -1.93729e-05
0.065 0 0 0 0 -1.95332e-05 -1.62845e-05 -1.17934e-05 -8.46236e-06 -1.67226e-05 -1.65813e-05 -1.57377e-05 -1.5618e-05 3.42052e-06 -9.67155e-06 -2.03677e-05 -3.34584e-05
0.085 0 0 0 0 -2.83572e-05 -2.51061e-05 -2.06155e-05 -1.72881e-05 -3.7101e-05 -3.69729e-05 -3.61295e-05 -3.59971e-05 -1.80216e-05 -3.11071e-05 -4.18033e-05 -5.49008e-05
0.105 0 0 0 0 -3.30382e-05 -2.97737e-05 -2.52838e-05 -2.19715e-05 -5.5172e-05 -5.50509e-05 -5.42079e-05 -5.40692e-05 -4.47288e-05 -5.78062e-05 -6.85027e-05 -8.16089e-05
0.125 0 0 0 0 -3.51366e-05 -3.18698e-05 -2.73803e-05 -2.40711e-05 -6.60083e-05 -6.58759e-05 -6.50336e-05 -6.49076e-05 -6.94951e-05 -8.25678e-05 -9.32646e-05 -0.000106376
0.145 0 0 0 0 -3.48663e-05 -3.15962e-05 -2.71068e-05 -2.38012e-05 -6.97644e-05 -6.96245e-05 -6.87825e-05 -6.86651e-05 -8.16514e-05 -9.47219e-05 -0.000105419 -0.000118534
0.165 0 0 0 0 -3.53799e-05 -3.21083e-05 -2.76189e-05 -2.43149e-05 -6.99269e-05 -6.97934e-05 -6.89514e-05 -6.88275e-05 -7.80386e-05 -9.11091e-05 -0.000101806 -0.000114921
0.185 0 0 0 0 -3.50094e-05 -3.17425e-05 -2.72532e-05 -2.39445e-05 -6.32351e-05 -6.31111e-05 -6.22691e-05 -6.21358e-05 -6.00696e-05 -7.31437e-05 -8.38407e-05 -9.69518e-05
0.205 0 0 0 0 -2.82725e-05 -2.50075e-05 -2.05182e-05 -1.72076e-05 -4.42733e-05 -4.41501e-05 -4.33082e-05 -4.3174e-05 -3.1385e-05 -4.4466e-05 -5.5163e-05 -6.82672e-05
0.225 0 0 0 0 -1.45919e-05 -1.13185e-05 -6.8291e-06 -3.52694e-06 -1.56216e-05 -1.54916e-05 -1.46497e-05 -1.45223e-05 2.00501e-06 -1.10841e-05 -2.17812e-05 -3.48772e-05
0.245 0 0 0 0 3.19702e-07 3.60774e-06 8.09692e-06 1.13839e-05 1.3015e-05 1.31502e-05 1.39921e-05 1.4114e-05 3.39398e-05 2.08436e-05 1.01465e-05 -2.94243e-06
0.265 0 0 0 0 8.05845e-06 1.135e-05 1.58386e-05 1.91208e-05 3.05766e-05 3.07118e-05 3.15533e-05 3.16746e-05 5.73134e-05 4.42114e-05 3.35141e-05 2.04304e-05
0.285 0 0 0 0 8.29295e-06 1.15804e-05 1.60688e-05 1.93546e-05 3.4972e-05 3.51013e-05 3.59425e-05 3.60689e-05 6.87838e-05 5.5679e-05 4.49816e-05 3.19001e-05
0.305 0 0 0 0 8.38554e-06 1.16797e-05 1.61681e-05 1.94473e-05 3.39085e-05 3.40293e-05 3.48705e-05 3.5005e-05 7.03461e-05 5.72421e-05 4.65446e-05 3.34621e-05
0.325 0 0 0 0 1.54487e-05 1.87691e-05 2.32576e-05 2.65108e-05 3.84491e-05 3.85662e-05 3.94072e-05 3.95455e-05 6.95012e-05 5.63998e-05 4.57023e-05 3.26172e-05
0.345 0 0 0 0 2.79846e-05 3.13336e-05 3.58221e-05 3.90461e-05 5.26076e-05 5.27303e-05 5.35713e-05 5.37038e-05 7.48846e-05 6.17834e-05 5.10858e-05 3.80005e-05
0.365 0 0 0 0 3.61097e-05 3.94614e-05 4.39494e-05 4.71698e-05 6.85421e-05 6.86756e-05 6.95167e-05 6.96384e-05 8.92085e-05 7.61029e-05 6.54053e-05 5.23243e-05
0.385 0 0 0 0 3.2371e-05 3.56939e-05 4.01818e-05 4.34304e-05 7.42458e-05 7.43822e-05 7.52232e-05 7.5342e-05 0.000106331 9.32187e-05 8.2521e-05 6.94466e-05
0.405 0 0 0 0 2.15535e-05 2.48457e-05 2.93334e-05 3.26123e-05 6.7412e-05 6.75356e-05 6.83759e-05 6.8506e-05 0.000116247 0.000103131 9.24326e-05 7.93614e-05
0.425 0 0 0 0 1.30572e-05 1.63387e-05 2.08264e-05 2.41161e-05 5.48961e-05 5.50088e-05 5.58489e-05 5.59893e-05 0.000109546 9.64309e-05 8.57328e-05 7.26596e-05
0.445 0 0 0 0 8.06215e-06 1.13431e-05 1.58308e-05 1.9121e-05 3.92477e-05 3.93696e-05 4.02097e-05 4.03409e-05 8.08594e-05 6.77505e-05 5.70525e-05 4.39734e-05
0.465 0 0 0 0 1.98276e-06 5.26749e-06 9.75521e-06 1.30416e-05 1.61495e-05 1.6287e-05 1.71271e-05 1.72427e-05 3.53101e-05 2.22106e-05 1.15126e-05 -1.57591e-06
0.485 0 0 0 0 -1.24794e-05 -9.19758e-06 -4.70986e-06 -1.42057e-06 -2.05394e-05 -2.04e-05 -1.95599e-05 -1.94462e-05 -1.7818e-05 -3.09052e-05 -4.16032e-05 -5.4704e-05
0.505 0 0 0 0 -3.73841e-05 -3.41266e-05 -2.96389e-05 -2.63252e-05 -6.84751e-05 -6.83451e-05 -6.7505e-05 -6.73819e-05 -7.12076e-05 -8.42828e-05 -9.49809e-05 -0.000108094
0.525 0 0 0 0 -6.49025e-05 -6.16845e-05 -5.71977e-05 -5.38471e-05 -0.000115926 -0.000115802 -0.000114962 -0.000114833 -0.00012051 -0.000133576 -0.000144274 -0.000157396
0.545 0 0 0 0 -8.50591e-05 -8.18712e-05 -7.7385e-05 -7.40063e-05 -0.000152518 -0.000152392 -0.000151553 -0.000151427 -0.000164059 -0.000177117 -0.000187815 -0.000200946
0.565 0 0 0 0 -8.95005e-05 -8.63031e-05 -8.18175e-05 -7.84499e-05 -0.000170453 -0.000170326 -0.000169487 -0.000169364 -0.00019478 -0.00020783 -0.000218529 -0.000231668
0.585 0 0 0 0 -7.38791e-05 -7.06258e-05 -6.61405e-05 -6.28292e-05 -0.000159853 -0.000159733 -0.000158895 -0.000158765 -0.0001961 -0.000209145 -0.000219844 -0.000232989
0.605 0 0 0 0 -4.43466e-05 -4.10363e-05 -3.6551e-05 -3.32967e-05 -0.000115388 -0.000115269 -0.000114431 -0.0001143 -0.000153051 -0.000166102 -0.000176801 -0.000189941
0.625 0 0 0 0 -1.14289e-05 -8.10055e-06 -3.61526e-06 -3.79145e-07 -4.31189e-05 -4.29903e-05 -4.21518e-05 -4.20312e-05 -6.25522e-05 -7.56245e-05 -8.63235e-05 -9.94416e-05
0.645 0 0 0 0 1.66306e-05 1.99411e-05 2.44264e-05 2.76804e-05 3.88986e-05 3.9033e-05 3.98715e-05 3.99862e-05 5.87328e-05 4.56295e-05 3.49304e-05 2.18434e-05
0.665 0 0 0 0 3.33254e-05 3.65959e-05 4.10802e-05 4.43715e-05 0.000105813 0.000105943 0.000106781 0.0001069 0.000172596 0.000159463 0.000148764 0.000135706
0.685 0 0 0 0 4.49778e-05 4.82332e-05 5.27159e-05 5.60186e-05 0.000147197 0.000147313 0.000148149 0.000148278 0.000245188 0.000232035 0.000221335 0.000208294
0.705 0 0 0 0 6.0003e-05 6.32967e-05 6.77788e-05 7.1042e-05 0.000166096 0.000166204 0.00016704 0.000167176 0.000262532 0.000249379 0.000238678 0.000225638
0.725 0 0 0 0 8.1586e-05 8.49626e-05 8.94451e-05 9.26257e-05 0.000173824 0.000173933 0.000174769 0.000174903 0.000240525 0.000227383 0.000216682 0.000203631
0.745 0 0 0 0 9.66428e-05 0.000100082 0.000104565 0.000107683 0.000172998 0.00017312 0.000173956 0.000174077 0.000206736 0.000193605 0.000182904 0.000169841
0.765 0 0 0 0 8.89734e-05 9.23999e-05 9.68827e-05 0.000100014 0.000156961 0.000157094 0.000157929 0.000158039 0.000181046 0.000167919 0.000157218 0.000144151
0.785 0 0 0 0 6.16543e-05 6.50167e-05 6.94996e-05 7.26949e-05 0.00012615 0.000126271 0.000127107 0.000127228 0.000168582 0.000155454 0.000144754 0.000131687
0.805 0 0 0 0 2.97891e-05 3.30824e-05 3.75653e-05 4.08297e-05 8.92534e-05 8.93562e-05 9.01919e-05 9.03319e-05 0.000155085 0.000141957 0.000131257 0.00011819
0.825 0 0 0 0 5.14163e-06 8.38574e-06 1.28686e-05 1.61822e-05 5.24826e-05 5.2588e-05 5.34238e-05 5.3561e-05 0.000118974 0.000105851 9.51507e-05 8.20792e-05
0.845 0 0 0 0 -8.48623e-06 -5.24828e-06 -7.65399e-07 2.55435e-06 1.44237e-05 1.4548e-05 1.53837e-05 1.55021e-05 5.34067e-05 4.02971e-05 2.95966e-05 1.6512e-05
0.865 0 0 0 0 -2.13887e-05 -1.81311e-05 -1.36482e-05 -1.03481e-05 -3.44366e-05 -3.42999e-05 -3.34642e-05 -3.33582e-05 -3.30624e-05 -4.61512e-05 -5.68518e-05 -6.99571e-05
0.885 0 0 0 0 -4.97483e-05 -4.65029e-05 -4.202e-05 -3.87077e-05 -0.000102091 -0.000101952 -0.000101117 -0.000101012 -0.000127316 -0.000140384 -0.000151084 -0.000164211
0.905 0 0 0 0 -9.15596e-05 -8.83648e-05 -8.3882e-05 -8.05193e-05 -0.000179575 -0.000179445 -0.000178609 -0.000178496 -0.000213996 -0.000227046 -0.000237746 -0.000250891
0.925 0 0 0 0 -0.000121585 -0.000118416 -0.000113935 -0.000110551 -0.00023729 -0.000237181 -0.000236345 -0.000236213 -0.000273956 -0.000286991 -0.000297691 -0.000310851
0.945 0 0 0 0 -0.000120931 -0.000117736 -0.000113256 -0.000109898 -0.000247751 -0.000247651 -0.000246816 -0.000246675 -0.000292703 -0.00030573 -0.000316431 -0.000329599
0.965 0 0 0 0 -9.23697e-05 -8.91292e-05 -8.46485e-05 -8.13373e-05 -0.000205328 -0.000205211 -0.000204376 -0.000204253 -0.000261071 -0.000274105 -0.000284806 -0.000297968
0.985 0 0 0 0 -5.28468e-05 -4.95729e-05 -4.50922e-05 -4.18142e-05 -0.000128195 -0.000128056 -0.000127222 -0.00012712 -0.000177169 -0.000190223 -0.000200924 -0.000214066
1.005 0 0 0 0 -1.69915e-05 -1.37049e-05 -9.22416e-06 -5.95885e-06 -4.03132e-05 -4.01792e-05 -3.93446e-05 -3.92386e-05 -5.21456e-05 -6.52277e-05 -7.59289e-05 -8.90427e-05
1.025 0 0 0 0 1.26491e-05 1.5933e-05 2.04137e-05 2.36818e-05 4.57156e-05 4.58278e-05 4.66624e-05 4.67903e-05 8.80844e-05 7.4971e-05 6.42698e-05 5.11874e-05
1.045 0 0 0 0 4.59709e-05 4.92648e-05 5.37455e-05 5.70035e-05 0.000130853 0.000130952 0.000131787 0.000131927 0.00021571 0.000202568 0.000191867 0.000178813
1.065 0 0 0 0 8.89043e-05 9.22438e-05 9.67238e-05 9.99344e-05 0.000213527 0.000213634 0.000214468 0.000214602 0.000312158 0.000298995 0.000288294 0.000275261
1.085 0 0 0 0 0.000126748 0.000130138 0.000134616 0.000137771 0.000274792 0.000274918 0.000275752 0.000275866 0.000366621 0.000353448 0.000342746 0.000329723
1.105 0 0 0 0 0.000137451 0.000140856 0.000145333 0.000148472 0.000290288 0.000290425 0.000291259 0.000291362 0.000375445 0.00036227 0.000351568 0.000338547
1.125 0 0 0 0 0.000115715 0.000119092 0.000123569 0.000126737 0.000253354 0.000253478 0.000254313 0.000254427 0.00034105 0.000327882 0.000317181 0.000304153
1.145 0 0 0 0 7.93184e-05 8.26623e-05 8.71399e-05 9.03399e-05 0.000185339 0.000185439 0.000186274 0.000186413 0.000272383 0.000259232 0.00024853 0.000235485
1.165 0 0 0 0 3.80235e-05 4.13201e-05 4.57977e-05 4.9045e-05 0.000103625 0.000103729 0.000104563 0.000104699 0.00017 0.000156869 0.000146167 0.000133102
1.185 0 0 0 0 -1.72839e-06 1.52711e-06 6.00469e-06 9.29307e-06 1.61728e-05 1.62996e-05 1.7134e-05 1.72466e-05 4.36682e-05 3.05617e-05 1.98601e-05 6.77015e-06
1.205 0 0 0 0 -4.15809e-05 -3.83465e-05 -3.38689e-05 -3.05595e-05 -7.83066e-05 -7.81712e-05 -7.73368e-05 -7.72328e-05 -9.04732e-05 -0.00010355 -0.000114252 -0.000127371
1.225 0 0 0 0 -9.12735e-05 -8.80817e-05 -8.36042e-05 -8.0252e-05 -0.00018233 -0.000182198 -0.000181364 -0.000181256 -0.000221952 -0.000235 -0.000245701 -0.00025885
1.245 0 0 0 0 -0.000145427 -0.000142302 -0.000137825 -0.000134406 -0.000283628 -0.000283502 -0.000282668 -0.000282556 -0.000339087 -0.000352111 -0.000362813 -0.000375985
1.265 0 0 0 0 -0.000183156 -0.00018007 -0.000175595 -0.000172144 -0.000358024 -0.000357906 -0.000357073 -0.000356954 -0.000426465 -0.000439471 -0.000450173 -0.000463365
1.285 0 0 0 0 -0.000194675 -0.000191586 -0.000187112 -0.000183668 -0.000390299 -0.000390182 -0.00038935 -0.000389233 -0.000474496 -0.00048749 -0.000498193 -0.000511397
1.305 0 0 0 0 -0.000181926 -0.000178809 -0.000174335 -0.000170919 -0.000377104 -0.000376978 -0.000376146 -0.00037604 -0.000473473 -0.000486467 -0.00049717 -0.000510376
1.325 0 0 0 0 -0.000144375 -0.000141194 -0.00013672 -0.000133367 -0.000314956 -0.000314832 -0.000314001 -0.000313892 -0.000406376 -0.000419381 -0.000430084 -0.000443279
1.345 0 0 0 0 -9.16804e-05 -8.84395e-05 -8.39656e-05 -8.06727e-05 -0.000209258 -0.000209142 -0.00020831 -0.000208194 -0.000271527 -0.000284559 -0.000295262 -0.00030843
1.365 0 0 0 0 -4.04656e-05 -3.72201e-05 -3.27463e-05 -2.9458e-05 -8.06892e-05 -8.05649e-05 -7.97334e-05 -7.9625e-05 -9.31863e-05 -0.000106261 -0.000116964 -0.000130089
1.385 0 0 0 0 1.83083e-05 2.15787e-05 2.60526e-05 2.93159e-05 6.06324e-05 6.07486e-05 6.15801e-05 6.16965e-05 0.000106654 9.35342e-05 8.28311e-05 6.97511e-05
1.405 0 0 0 0 9.70788e-05 0.000100454 0.000104928 0.000108086 0.000215261 0.000215348 0.00021618 0.000216325 0.000309696 0.000296538 0.000285835 0.000272793
1.425 0 0 0 0 0.000176848 0.000180314 0.000184786 0.000187851 0.00036746 0.000367551 0.00036838 0.000368517 0.000488784 0.000475588 0.000464885 0.000451879
1.445 0 0 0 0 0.000233303 0.00023679 0.000241259 0.000244292 0.000486313 0.000486439 0.000487267 0.000487367 0.000624379 0.000611148 0.000600443 0.000587471
1.465 0 0 0 0 0.000259084 0.00026258 0.000267046 0.000270064 0.00054667 0.000546791 0.000547618 0.000547718 0.000707749 0.000694497 0.000683792 0.000670838
1.485 0 0 0 0 0.000243036 0.0002465 0.000250967 0.000254015 0.000531161 0.000531256 0.000532082 0.000532205 0.000714096 0.000700842 0.000690136 0.000677183
1.505 0 0 0 0 0.000181809 0.00018516 0.000189626 0.000192788 0.000434801 0.000434901 0.000435727 0.000435845 0.000614398 0.000601159 0.000590453 0.000577485
1.525 0 0 0 0 0.000106211 0.000109485 0.000113951 0.00011719 0.000279851 0.000279956 0.000280782 0.000280895 0.000416913 0.000403714 0.000393008 0.000379999
1.545 0 0 0 0 4.1072e-05 4.43705e-05 4.88369e-05 5.20513e-05 0.000100851 0.000100941 0.000101766 0.000101896 0.000160272 0.000147138 0.000136432 0.000123358
1.565 0 0 0 0 -2.42095e-05 -2.09022e-05 -1.64358e-05 -1.32302e-05 -7.83112e-05 -7.82106e-05 -7.73847e-05 -7.72671e-05 -0.000109488 -0.000122558 -0.000133264 -0.000146402
1.585 0 0 0 0 -0.000108264 -0.000105058 -0.000100592 -9.72848e-05 -0.000252567 -0.000252425 -0.000251599 -0.000251523 -0.000350863 -0.000363887 -0.000374593 -0.000387776
1.605 0 0 0 0 -0.000211647 -0.000208612 -0.000204146 -0.000200668 -0.000427133 -0.00042698 -0.000426155 -0.000426093 -0.000545376 -0.000558368 -0.000569075 -0.000582292
1.625 0 0 0 0 -0.000304043 -0.000301136 -0.000296675 -0.000293082 -0.000582459 -0.000582351 -0.000581527 -0.000581423 -0.00069186 -0.000704822 -0.000715529 -0.000728778
1.645 0 0 0 0 -0.000342725 -0.000339826 -0.000335367 -0.000331776 -0.000667551 -0.000667485 -0.000666662 -0.000666518 -0.000784356 -0.000797292 -0.000808 -0.000821275
1.665 0 0 0 0 -0.000314472 -0.00031149 -0.000307031 -0.000303523 -0.000649117 -0.000649028 -0.000648207 -0.000648089 -0.000805596 -0.000818523 -0.000829231 -0.000842517
1.685 0 0 0 0 -0.000244941 -0.000241857 -0.000237399 -0.000233992 -0.000544341 -0.000544196 -0.000543376 -0.000543316 -0.000732331 -0.000745275 -0.000755984 -0.000769256
1.705 0 0 0 0 -0.000178255 -0.000175121 -0.000170663 -0.000167307 -0.000404897 -0.000404735 -0.000403915 -0.000403872 -0.000562354 -0.000575337 -0.000586046 -0.000599279
1.725 0 0 0 0 -0.000136062 -0.000132954 -0.000128496 -0.000125114 -0.000267589 -0.000267464 -0.000266644 -0.000266565 -0.00032884 -0.000341877 -0.000352586 -0.000365765
1.745 0 0 0 0 -9.61579e-05 -9.30854e-05 -8.8627e-05 -8.52099e-05 -0.000128798 -0.000128719 -0.000127899 -0.000127774 -8.37142e-05 -9.68069e-05 -0.000107516 -0.000120639
1.765 0 0 0 0 -1.43751e-05 -1.12133e-05 -6.75491e-06 -3.42725e-06 3.95896e-05 3.96471e-05 4.04673e-05 4.06132e-05 0.00013979 0.000126653 0.000115944 0.000102865
1.785 0 0 0 0 0.000124122 0.000127535 0.000131993 0.00013507 0.000253691 0.000253756 0.000254576 0.000254715 0.000347548 0.000334379 0.000323669 0.000310622
1.805 0 0 0 0 0.000272032 0.000275694 0.000280152 0.000282981 0.000484539 0.000484641 0.000485461 0.000485563 0.000560282 0.000547077 0.000536368 0.000523357
1.825 0 0 0 0 0.000361846 0.000365567 0.000370023 0.000372785 0.000671051 0.000671187 0.000672007 0.000672074 0.000781052 0.000767794 0.000757084 0.000744126
1.845 0 0 0 0 0.000365179 0.000368759 0.000373212 0.000376104 0.000760563 0.000760682 0.0007615 0.000761577 0.00096992 0.000956608 0.000945898 0.000932992
1.865 0 0 0 0 0.000312616 0.000316013 0.000320465 0.000323537 0.000745975 0.00074603 0.000746843 0.00074697 0.00105614 0.00104279 0.00103208 0.0010192
1.885 0 0 0 0 0.000255513 0.000258824 0.000263276 0.000266433 0.000655902 0.000655925 0.000656737 0.000656894 0.000980026 0.000966691 0.000955977 0.000943083
1.905 0 0 0 0 0.000222647 0.000226024 0.000230475 0.000233566 0.000523495 0.000523543 0.000524354 0.000524485 0.00074572 0.000732443 0.000721729 0.000708777
1.925 0 0 0 0 0.000193499 0.000197003 0.000201454 0.000204419 0.000357927 0.000358027 0.000358838 0.000358917 0.000422968 0.000409772 0.000399058 0.000386025
1.945 0 0 0 0 0.000107361 0.000110836 0.000115288 0.000118281 0.000136594 0.000136735 0.000137546 0.000137584 8.58458e-05 7.2724e-05 6.20101e-05 4.89027e-05
1.965 0 0 0 0 -6.92916e-05 -6.61054e-05 -6.16541e-05 -5.83719e-05 -0.000159879 -0.000159731 -0.00015892 -0.000158889 -0.000236054 -0.000249121 -0.000259835 -0.000272997
1.985 0 0 0 0 -0.000285333 -0.000282512 -0.00027806 -0.000274413 -0.000497644 -0.000497546 -0.000496735 -0.000496654 -0.000549869 -0.000562882 -0.000573596 -0.000586812
2.005 0 0 0 0 -0.000442851 -0.000440201 -0.000435749 -0.000431935 -0.000789824 -0.00078979 -0.00078898 -0.000788836 -0.000861892 -0.000874837 -0.000885551 -0.000898835
2.025 0 0 0 0 -0.000489296 -0.000486572 -0.000482128 -0.000478409 -0.00095989 -0.000959849 -0.000959039 -0.000958909 -0.00114441 -0.00115728 -0.001168 -0.00118136
2.045 0 0 0 0 -0.000453209 -0.000450309 -0.000445869 -0.000442335 -0.000997567 -0.000997446 -0.000996645 -0.000996615 -0.00132725 -0.00134008 -0.0013508 -0.00136422
2.065 0 0 0 0 -0.000408409 -0.000405415 -0.000400976 -0.000397536 -0.000953946 -0.000953767 -0.000952969 -0.000953007 -0.0013423 -0.00135513 -0.00136585 -0.00137927
2.085 0 0 0 0 -0.000392755 -0.000389818 -0.000385378 -0.000381882 -0.000868287 -0.000868149 -0.000867351 -0.00086735 -0.00117019 -0.00118306 -0.00119378 -0.00120716
2.105 0 0 0 0 -0.000375297 -0.000372477 -0.000368037 -0.000364423 -0.000726373 -0.000726324 -0.000725526 -0.000725436 -0.000859136 -0.000872074 -0.000882794 -0.000896104
2.125 0 0 0 0 -0.000283569 -0.000280733 -0.000276293 -0.000272696 -0.000481561 -0.000481557 -0.00048076 -0.000480624 -0.000480369 -0.000493392 -0.000504112 -0.000517337
2.145 0 0 0 0 -7.89519e-05 -7.58363e-05 -7.13966e-05 -6.80791e-05 -0.000115686 -0.000115662 -0.000114865 -0.000114749 -7.36422e-05 -8.67438e-05 -9.74642e-05 -0.000110611
2.165 0 0 0 0 0.000189268 0.000192809 0.000197248 0.000200141 0.000322547 0.000322622 0.00032342 0.000323484 0.000360723 0.000347543 0.000336823 0.000323755
2.185 0 0 0 0 0.00042708 0.000430941 0.000435382 0.000437956 0.000750192 0.000750295 0.000751092 0.000751129 0.000836756 0.000823484 0.000812763 0.000799788
2.205 0 0 0 0 0.000567806 0.000571697 0.000576126 0.000578639 0.00109419 0.00109428 0.00109507 0.00109513 0.00132745 0.00131406 0.00130334 0.00129048
2.225 0 0 0 0 0.000610422 0.000614125 0.000618546 0.000621214 0.00131471 0.00131473 0.00131552 0.00131561 0.00173905 0.00172555 0.00171483 0.00170207
2.245 0 0 0 0 0.000596976 0.000600482 0.000604898 0.00060775 0.00139575 0.00139573 0.00139651 0.00139662 0.00194435 0.00193078 0.00192005 0.00190735
2.265 0 0 0 0 0.000569757 0.00057324 0.000577656 0.000580531 0.00133641 0.0013364 0.00133718 0.00133728 0.00186374 0.00185019 0.00183946 0.00182674
2.285 0 0 0 0 0.000526055 0.000529664 0.00053408 0.000536829 0.00113987 0.00113988 0.00114066 0.00114073 0.00151163 0.00149817 0.00148744 0.00147463
2.305 0 0 0 0 0.000417532 0.0004212 0.000425615 0.000428304 0.000807458 0.000807518 0.000808297 0.000808321 0.000977472 0.000964137 0.000953408 0.000940471
2.325 0 0 0 0 0.000203305 0.000206781 0.000211196 0.000214077 0.000348245 0.000348337 0.000349116 0.000349108 0.000365917 0.000352711 0.000341982 0.000328916
2.345 0 0 0 0 -8.28344e-05 -7.97175e-05 -7.53028e-05 -7.20635e-05 -0.000181282 -0.000181223 -0.000180444 -0.000180419 -0.000238566 -0.00025165 -0.00026238 -0.000275567
2.365 0 0 0 0 -0.000356752 -0.000353968 -0.000349553 -0.00034598 -0.00068403 -0.000684033 -0.000683253 -0.000683166 -0.000793671 -0.00080664 -0.00081737 -0.000830672
2.385 0 0 0 0 -0.000539264 -0.000536648 -0.000532232 -0.000528493 -0.00106092 -0.00106093 -0.00106015 -0.00106006 -0.00126766 -0.00128052 -0.00129125 -0.00130466
2.405 0 0 0 0 -0.000610194 -0.00060758 -0.000603173 -0.000599458 -0.00126883 -0.00126878 -0.001268 -0.00126796 -0.0016131 -0.00162589 -0.00163663 -0.00165011
2.425 0 0 0 0 -0.000611008 -0.000608328 -0.000603926 -0.00060029 -0.00133203 -0.00133192 -0.00133115 -0.00133119 -0.00177527 -0.00178802 -0.00179876 -0.00181228
2.445 0 0 0 0 -0.000590365 -0.000587661 -0.000583258 -0.000579645 -0.00129038 -0.00129027 -0.0012895 -0.00128954 -0.00172153 -0.0017343 -0.00174503 -0.00175854
2.465 0 0 0 0 -0.0005466 -0.000543917 -0.000539514 -0.000535878 -0.00114358 -0.00114354 -0.00114277 -0.00114275 -0.00145835 -0.00147118 -0.00148191 -0.00149536
2.485 0 0 0 0 -0.000431305 -0.000428569 -0.000424165 -0.000420584 -0.000855562 -0.000855577 -0.000854804 -0.000854725 -0.00102371 -0.00103663 -0.00104737 -0.00106073
2.505 0 0 0 0 -0.000217457 -0.000214513 -0.000210111 -0.000206738 -0.000418274 -0.000418286 -0.000417514 -0.000417437 -0.000473867 -0.000486902 -0.000497634 -0.000510878
2.525 0 0 0 0 6.6473e-05 6.97495e-05 7.41516e-05 7.71911e-05 0.000117878 0.000117908 0.00011868 0.000118715 0.00014394 0.000130777 0.000120044 0.000106928
2.545 0 0 0 0 0.000329862 0.000333404 0.000337806 0.000340582 0.000639796 0.000639867 0.00064064 0.000640633 0.000767272 0.000753975 0.000743242 0.00073026
2.565 0 0 0 0 0.000502084 0.00050571 0.000510113 0.000512805 0.00104239 0.00104245 0.00104323 0.00104323 0.00132018 0.00130676 0.00129602 0.00128317
2.585 0 0 0 0 0.000598838 0.000602493 0.000606896 0.000609559 0.00130296 0.00130295 0.00130372 0.0013038 0.00173851 0.001725 0.00171427 0.0017015
2.605 0 0 0 0 0.000655613 0.00065931 0.000663713 0.00066633 0.00144219 0.00144213 0.0014429 0.00144303 0.00195848 0.00194492 0.00193419 0.00192147
2.625 0 0 0 0 0.000668822 0.000672526 0.000676928 0.000679535 0.00145405 0.00145404 0.00145481 0.00145488 0.00193399 0.00192044 0.00190971 0.00189698
2.645 0 0 0 0 0.000599952 0.000603584 0.000607985 0.000610663 0.00128686 0.00128694 0.00128771 0.0012877 0.00165791 0.0016444 0.00163367 0.0016209
2.665 0 0 0 0 0.000422742 0.000426229 0.000430629 0.000433452 0.000906819 0.000906901 0.000907674 0.000907656 0.00116325 0.00114985 0.00113912 0.00112624
2.685 0 0 0 0 0.000165868 0.000169162 0.000173562 0.000176577 0.000371867 0.000371871 0.000372643 0.000372702 0.000518232 0.000504984 0.000494251 0.00048122
2.705 0 0 0 0 -0.000112726 -0.00010968 -0.000105279 -0.000102018 -0.000203768 -0.000203792 -0.000203019 -0.000202932 -0.000198543 -0.000211634 -0.000222367 -0.000235555
2.725 0 0 0 0 -0.000358307 -0.000355499 -0.000351098 -0.000347598 -0.000725576 -0.000725543 -0.000724771 -0.00072474 -0.000899306 -0.000912254 -0.000922987 -0.000936318
2.745 0 0 0 0 -0.00053312 -0.00053041 -0.000526009 -0.000522409 -0.00113632 -0.00113625 -0.00113548 -0.00113549 -0.00147905 -0.00149187 -0.0015026 -0.00151606
2.765 0 0 0 0 -0.000637295 -0.000634587 -0.000630187 -0.000626593 -0.00140158 -0.00140152 -0.00140075 -0.00140074 -0.00184853 -0.00186126 -0.001872 -0.00188555
2.785 0 0 0 0 -0.000698311 -0.000695698 -0.000691304 -0.000687631 -0.00151031 -0.00151026 -0.00150949 -0.00150949 -0.00197432 -0.00198703 -0.00199777 -0.00201134
2.805 0 0 0 0 -0.000716204 -0.000713758 -0.000709364 -0.000705524 -0.00147009 -0.00147001 -0.00146924 -0.00146926 -0.0018724 -0.00188514 -0.00189588 -0.00190941
2.825 0 0 0 0 -0.000649899 -0.000647459 -0.000643065 -0.00063922 -0.00128407 -0.00128402 -0.00128325 -0.00128324 -0.00158054 -0.00159336 -0.00160409 -0.00161756
2.845 0 0 0 0 -0.000466981 -0.000464274 -0.00045988 -0.000456303 -0.000937903 -0.000937924 -0.000937154 -0.000937078 -0.00113458 -0.00114748 -0.00115821 -0.0011716
2.865 0 0 0 0 -0.000208301 -0.000205269 -0.000200876 -0.000197624 -0.000456769 -0.000456769 -0.000455999 -0.000455945 -0.000579169 -0.000592174 -0.000602909 -0.000616185
2.885 0 0 0 0 4.5189e-05 4.84103e-05 5.28034e-05 5.58649e-05 6.44019e-05 6.44982e-05 6.52677e-05 6.52252e-05 3.38927e-05 2.07448e-05 1.00104e-05 -3.12267e-06
2.905 0 0 0 0 0.000241988 0.000245314 0.000249707 0.000252665 0.000516125 0.000516227 0.000516996 0.000516949 0.000642181 0.000628895 0.000618161 0.000605166
2.925 0 0 0 0 0.000372754 0.00037616 0.000380553 0.000383431 0.00084441 0.000844408 0.000845178 0.000845234 0.00115634 0.00114294 0.00113221 0.00111932
2.945 0 0 0 0 0.00045574 0.000459185 0.000463579 0.000466417 0.00105598 0.00105592 0.00105669 0.0010568 0.00148497 0.00147151 0.00146077 0.00144795
2.965 0 0 0 0 0.00051874 0.000522253 0.000526646 0.000529419 0.0011675 0.00116748 0.00116825 0.00116832 0.00159048 0.001577 0.00156626 0.00155347
2.985 0 0 0 0 0.000572338 0.000576047 0.000580441 0.000583019 0.00118359 0.00118361 0.00118438 0.00118441 0.00151571 0.00150225 0.00149152 0.00147869
3.005 0 0 0 0 0.000563683 0.000567524 0.000571918 0.000574363 0.00108352 0.00108354 0.00108431 0.00108435 0.00131845 0.00130505 0.00129431 0.00128143
3.025 0 0 0 0 0.000443735 0.00044742 0.000451815 0.000454415 0.000855845 0.000855882 0.000856652 0.00085667 0.00103947 0.00102612 0.00101538 0.00100245
3.045 0 0 0 0 0.000229195 0.0002325 0.000236893 0.000239873 0.000513322 0.000513366 0.000514135 0.000514146 0.00068604 0.000672749 0.000662014 0.000649025
3.065 0 0 0 0 -1.25407e-05 -9.5879e-06 -5.19447e-06 -1.86394e-06 9.53449e-05 9.53556e-05 9.6125e-05 9.61683e-05 0.000239594 0.000226386 0.000215652 0.000202579
3.085 0 0 0 0 -0.000202718 -0.000199885 -0.000195491 -0.000192041 -0.000318926 -0.000318957 -0.000318187 -0.000318103 -0.000284137 -0.000297224 -0.000307958 -0.000321152
3.105 0 0 0 0 -0.00032124 -0.000318364 -0.000313971 -0.000310563 -0.000662986 -0.000662985 -0.000662215 -0.000662163 -0.000818723 -0.000831682 -0.000842416 -0.000855738
3.125 0 0 0 0 -0.000405649 -0.000402755 -0.000398361 -0.000394972 -0.000923184 -0.000923093 -0.000922323 -0.00092236 -0.00126295 -0.00127581 -0.00128654 -0.00129996
3.145 0 0 0 0 -0.000479724 -0.000476869 -0.000472476 -0.000469045 -0.00109844 -0.00109833 -0.00109756 -0.00109761 -0.00151175 -0.00152455 -0.00153529 -0.00154876
3.165 0 0 0 0 -0.000532486 -0.000529716 -0.000525322 -0.000521807 -0.00116287 -0.00116284 -0.00116207 -0.00116205 -0.00152018 -0.00153298 -0.00154371 -0.00155719
3.185 0 0 0 0 -0.000529632 -0.00052697 -0.000522577 -0.000518953 -0.00107713 -0.00107715 -0.00107638 -0.0010763 -0.00132137 -0.00133422 -0.00134496 -0.00135839
3.205 0 0 0 0 -0.000423215 -0.000420529 -0.000416135 -0.000412536 -0.000818752 -0.000818751 -0.000817982 -0.000817928 -0.000969318 -0.000982256 -0.00099299 -0.00100633
3.225 0 0 0 0 -0.000213591 -0.000210659 -0.000206265 -0.000202913 -0.000423274 -0.000423244 -0.000422475 -0.000422451 -0.000513627 -0.000526658 -0.000537393 -0.000550643
3.245 0 0 0 0 2.90192e-05 3.22628e-05 3.6656e-05 3.96957e-05 2.39249e-05 2.39751e-05 2.47445e-05 2.47481e-05 -1.32971e-06 -1.44626e-05 -2.51971e-05 -3.83453e-05
3.265 0 0 0 0 0.000228041 0.000231465 0.000235858 0.000238718 0.000437069 0.000437126 0.000437895 0.000437893 0.000521275 0.00050803 0.000497295 0.000484259
3.285 0 0 0 0 0.000367136 0.000370623 0.000375016 0.000377813 0.000774354 0.000774377 0.000775146 0.000775178 0.0010071 0.000993752 0.000983017 0.000970089
3.305 0 0 0 0 0.00047592 0.000479475 0.000483869 0.000486598 0.00103796 0.00103792 0.00103869 0.00103878 0.00140222 0.00138878 0.00137805 0.0013652
3.325 0 0 0 0 0.000576015 0.000579685 0.00058408 0.000586695 0.00123782 0.00123777 0.00123854 0.00123864 0.00165787 0.00164439 0.00163365 0.00162086
3.345 0 0 0 0 0.000664451 0.000668273 0.000672668 0.000675132 0.00137004 0.00137002 0.00137079 0.00137086 0.00176663 0.00175312 0.00174239 0.00172961
3.365 0 0 0 0 0.000688396 0.000692273 0.000696669 0.000699078 0.00138461 0.00138465 0.00138542 0.00138544 0.00173038 0.00171688 0.00170614 0.00169336
3.385 0 0 0 0 0.000605576 0.00060933 0.000613725 0.000616258 0.00123532 0.00123537 0.00123614 0.00123615 0.0015528 0.00153933 0.0015286 0.00151578
3.405 0 0 0 0 0.000423576 0.000427067 0.000431462 0.000434256 0.000923221 0.000923235 0.000924005 0.000924045 0.00122688 0.00121348 0.00120274 0.00118987
3.425 0 0 0 0 0.000185374 0.000188551 0.000192945 0.000196053 0.000489628 0.000489619 0.000490388 0.000490451 0.000736757 0.000723449 0.000712715 0.000699742
3.445 0 0 0 0 -4.78785e-05 -4.49185e-05 -4.05242e-05 -3.72002e-05 1.75535e-06 1.75839e-06 2.52744e-06 2.57787e-06 0.000107141 9.39657e-05 8.3231e-05 7.01246e-05
3.465 0 0 0 0 -0.000249822 -0.000246948 -0.000242554 -0.000239144 -0.000486918 -0.00048688 -0.000486111 -0.000486095 -0.000589058 -0.000602077 -0.000612811 -0.000626074
3.485 0 0 0 0 -0.000432892 -0.000430078 -0.000425684 -0.000422213 -0.000940951 -0.000940877 -0.000940108 -0.000940127 -0.00124508 -0.00125795 -0.00126869 -0.0012821
3.505 0 0 0 0 -0.00060748 -0.000604797 -0.000600401 -0.000596798 -0.00132395 -0.00132386 -0.00132309 -0.00132312 -0.0017541 -0.00176685 -0.00177759 -0.00179111
3.525 0 0 0 0 -0.000749798 -0.000747294 -0.000742901 -0.000739125 -0.00158469 -0.00158463 -0.00158386 -0.00158386 -0.00204496 -0.00205766 -0.00206839 -0.00208197
3.545 0 0 0 0 -0.000816748 -0.000814383 -0.000809994 -0.000806095 -0.00167344 -0.00167341 -0.00167264 -0.00167262 -0.00210229 -0.00211499 -0.00212572 -0.00213931
3.565 0 0 0 0 -0.00075936 -0.000756945 -0.000752557 -0.00074871 -0.00154789 -0.00154788 -0.00154711 -0.00154707 -0.00192955 -0.00194228 -0.00195302 -0.00196657
3.585 0 0 0 0 -0.00057986 -0.000577218 -0.00057283 -0.00056921 -0.00121479 -0.00121476 -0.00121399 -0.00121397 -0.00154567 -0.00155848 -0.00156921 -0.00158269
3.605 0 0 0 0 -0.000338723 -0.00033583 -0.000331442 -0.000328073 -0.000743092 -0.000743024 -0.000742255 -0.000742271 -0.000989357 -0.00100228 -0.00101302 -0.00102637
3.625 0 0 0 0 -0.000104643 -0.000101588 -9.71997e-05 -9.39931e-05 -0.000231144 -0.000231057 -0.000230288 -0.000230323 -0.000325395 -0.000338468 -0.000349204 -0.000362412
3.645 0 0 0 0 7.38126e-05 7.69011e-05 8.12891e-05 8.44618e-05 0.000222744 0.000222808 0.000223576 0.000223564 0.000332041 0.000318815 0.00030808 0.000295024
3.665 0 0 0 0 0.000198803 0.000201891 0.000206279 0.000209454 0.000563937 0.000563957 0.000564725 0.000564758 0.000855632 0.000842286 0.00083155 0.000818615
3.685 0 0 0 0 0.000312889 0.000316111 0.0003205 0.000323539 0.000797064 0.00079704 0.000797809 0.000797885 0.00117048 0.00115707 0.00114634 0.00113346
3.705 0 0 0 0 0.000442632 0.000446172 0.00045056 0.000453284 0.000957226 0.000957188 0.000957957 0.000958047 0.00129006 0.00127665 0.00126591 0.00125304
3.725 0 0 0 0 0.00053592 0.000539712 0.000544102 0.000546575 0.00103675 0.00103677 0.00103754 0.00103757 0.00126917 0.00125578 0.00124505 0.00123216
3.745 0 0 0 0 0.00052499 0.000528771 0.00053316 0.000535644 0.000993887 0.000993969 0.000994738 0.000994708 0.00116767 0.0011543 0.00114356 0.00113065
3.765 0 0 0 0 0.000404084 0.000407648 0.000412037 0.000414738 0.000814475 0.000814524 0.000815293 0.000815295 0.00101423 0.00100088 0.000990141 0.000977211
3.785 0 0 0 0 0.00020921 0.000212439 0.000216827 0.000219863 0.000521668 0.000521649 0.000522418 0.000522489 0.000767051 0.000753741 0.000743005 0.000730034
3.805 0 0 0 0 -1.45885e-05 -1.17283e-05 -7.33986e-06 -3.93705e-06 0.000145 0.000144997 0.000145765 0.000145819 0.00035326 0.000340019 0.000329284 0.000316243
3.825 0 0 0 0 -0.000217287 -0.000214626 -0.000210238 -0.000206635 -0.00028793 -0.000287874 -0.000287106 -0.00028711 -0.000235343 -0.000248464 -0.000259199 -0.000272361
3.845 0 0 0 0 -0.000374707 -0.000371985 -0.000367596 -0.000364055 -0.000735736 -0.000735676 -0.000734908 -0.000734916 -0.00090796 -0.000920916 -0.000931651 -0.000944977
3.865 0 0 0 0 -0.000518162 -0.000515367 -0.000510978 -0.000507509 -0.00115083 -0.00115077 -0.00115 -0.00115001 -0.0015318 -0.0015446 -0.00155534 -0.00156882
3.885 0 0 0 0 -0.000663014 -0.000660329 -0.000655939 -0.000652359 -0.00147338 -0.0014733 -0.00147253 -0.00147255 -0.00197201 -0.00198472 -0.00199545 -0.00200903
3.905 0 0 0 0 -0.00078101 -0.000778544 -0.000774156 -0.000770359 -0.00165596 -0.00165588 -0.00165512 -0.00165515 -0.00215344 -0.00216612 -0.00217686 -0.00219046
3.925 0 0 0 0 -0.000816122 -0.000813781 -0.000809393 -0.000805473 -0.00165984 -0.00165981 -0.00165905 -0.00165903 -0.00207626 -0.00208896 -0.0020997 -0.00211328
3.945 0 0 0 0 -0.000720793 -0.000718357 -0.000713969 -0.000710144 -0.00145033 -0.00145035 -0.00144958 -0.00144952 -0.00177774 -0.0017905 -0.00180124 -0.00181477
3.965 0 0 0 0 -0.000495309 -0.000492594 -0.000488206 -0.000484661 -0.0010301 -0.0010301 -0.00102933 -0.00102929 -0.00129302 -0.00130588 -0.00131662 -0.00133004
3.985 0 0 0 0 -0.000188451 -0.000185369 -0.000180982 -0.000177804 -0.000457361 -0.000457309 -0.000456543 -0.000456553 -0.000641168 -0.000654161 -0.000664897 -0.000678191
4.005 0 0 0 0 0.000131998 0.000135425 0.000139812 0.000142645 0.000180958 0.000181008 0.000181773 0.000181765 0.00014942 0.000136264 0.000125527 0.000112397
4.025 0 0 0 0 0.000408097 0.000411722 0.00041611 0.000418747 0.000801735 0.000801743 0.000802508 0.000802543 0.000998853 0.000985512 0.000974776 0.00096183
4.045 0 0 0 0 0.00060007 0.000603675 0.000608065 0.000610723 0.00131704 0.00131704 0.00131781 0.00131785 0.0017552 0.00174167 0.00173094 0.00171817
4.065 0 0 0 0 0.00071492 0.000718432 0.00072281 0.000725527 0.00165331 0.00165331 0.00165407 0.0016541 0.00226096 0.00224731 0.00223657 0.00222393
4.085 0 0 0 0 0.000785886 0.000789499 0.000793872 0.00079647 0.0017842 0.00178416 0.00178492 0.00178498 0.00243009 0.00241641 0.00240567 0.00239306
4.105 0 0 0 0 0.000796371 0.000800171 0.000804544 0.000806954 0.00170676 0.00170671 0.00170747 0.00170753 0.00225299 0.00223936 0.00222862 0.00221595
4.125 0 0 0 0 0.000687904 0.000691682 0.000696053 0.000698485 0.00141107 0.00141109 0.00141185 0.00141184 0.00178179 0.00176826 0.00175752 0.00174475
4.145 0 0 0 0 0.000454681 0.000458238 0.000462609 0.00046526 0.000916371 0.000916433 0.000917189 0.000917138 0.00112513 0.00111175 0.001101 0.0010881
4.165 0 0 0 0 0.000154429 0.000157729 0.0001621 0.000165008 0.00030564 0.000305623 0.000306379 0.000306406 0.000395851 0.000382626 0.000371885 0.000358813
4.185 0 0 0 0 -0.000141947 -0.00013891 -0.000134539 -0.000131367 -0.000295089 -0.00029517 -0.000294414 -0.000294322 -0.000325528 -0.000338593 -0.000349334 -0.000362566
4.205 0 0 0 0 -0.000372385 -0.000369581 -0.000365209 -0.000361803 -0.000777231 -0.000777264 -0.000776508 -0.000776463 -0.00096454 -0.000977474 -0.000988215 -0.00100158
4.225 0 0 0 0 -0.000483072 -0.00048029 -0.000475917 -0.000472489 -0.00106958 -0.00106957 -0.00106881 -0.00106881 -0.00141178 -0.00142462 -0.00143536 -0.00144882
4.245 0 0 0 0 -0.000476408 -0.000473458 -0.000469085 -0.000465825 -0.00114219 -0.0011422 -0.00114144 -0.00114143 -0.00156724 -0.00158002 -0.00159077 -0.00160428
4.265 0 0 0 0 -0.000414232 -0.000411226 -0.000406854 -0.000403649 -0.00101325 -0.00101325 -0.00101249 -0.00101248 -0.00140623 -0.00141905 -0.00142979 -0.00144327
4.285 0 0 0 0 -0.000328158 -0.000325275 -0.000320902 -0.000317575 -0.000730029 -0.000729988 -0.000729232 -0.000729261 -0.00097684 -0.000989774 -0.00100052 -0.00101388
4.305 0 0 0 0 -0.000186958 -0.0001841 -0.000179728 -0.000176376 -0.000335374 -0.00033537 -0.000334614 -0.000334608 -0.000373281 -0.000386357 -0.000397098 -0.000410319
4.325 0 0 0 0 2.4318e-05 2.73638e-05 3.17358e-05 3.48993e-05 0.000130662 0.000130597 0.000131352 0.000131428 0.00027538 0.00026217 0.000251429 0.000238341
4.345 0 0 0 0 0.000270361 0.000273671 0.000278043 0.000280943 0.000613648 0.000613604 0.000614359 0.000614415 0.000856966 0.000843634 0.000832893 0.000819927
4.365 0 0 0 0 0.000503171 0.000506751 0.000511123 0.000513754 0.00104387 0.0010439 0.00104465 0.00104464 0.0013282 0.00131477 0.00130403 0.00129116
4.385 0 0 0 0 0.000670458 0.000674266 0.000678639 0.000681044 0.00134914 0.00134917 0.00134992 0.00134991 0.00168124 0.00166774 0.001657 0.0016442
4.405 0 0 0 0 0.000739205 0.000743095 0.000747468 0.000749789 0.00149848 0.00149845 0.00149921 0.00149925 0.00190416 0.00189062 0.00187988 0.00186712
4.425 0 0 0 0 0.0007172 0.000720993 0.000725366 0.000727783 0.0015056 0.00150554 0.0015063 0.00150637 0.00197027 0.00195671 0.00194597 0.00193323
4.445 0 0 0 0 0.000620798 0.00062437 0.000628743 0.00063138 0.00136913 0.00136911 0.00136986 0.0013699 0.00183084 0.00181729 0.00180655 0.0017938
4.465 0 0 0 0 0.000464988 0.000468351 0.000472724 0.000475569 0.00107059 0.00107061 0.00107136 0.00107136 0.00145339 0.00143991 0.00142917 0.00141635
4.485 0 0 0 0 0.000273693 0.000276965 0.000281337 0.000284274 0.000630998 0.000630992 0.000631748 0.000631766 0.000869764 0.000856422 0.000845681 0.000832726
4.505 0 0 0 0 6.91584e-05 7.23951e-05 7.67668e-05 7.97384e-05 0.000126983 0.000126946 0.000127701 0.00012775 0.000177005 0.00016383 0.000153089 0.000139966
4.525 0 0 0 0 -0.000142069 -0.000138961 -0.000134589 -0.000131489 -0.000362156 -0.000362157 -0.000361401 -0.000361389 -0.000504773 -0.000517798 -0.000528539 -0.000541811
4.545 0 0 0 0 -0.00034364 -0.000340741 -0.000336369 -0.000333058 -0.00078205 -0.000782002 -0.000781246 -0.000781282 -0.00106301 -0.00107592 -0.00108666 -0.00110005
4.565 0 0 0 0 -0.000500819 -0.000498088 -0.000493716 -0.000490236 -0.00108717 -0.00108715 -0.00108639 -0.0010864 -0.00142193 -0.00143477 -0.00144551 -0.00145897
4.585 0 0 0 0 -0.000581245 -0.000578602 -0.000574227 -0.000570658 -0.0012294 -0.00122943 -0.00122867 -0.00122864 -0.00155858 -0.00157139 -0.00158213 -0.00159562
4.605 0 0 0 0 -0.000576832 -0.000574246 -0.000569872 -0.000566246 -0.00119125 -0.00119126 -0.0011905 -0.00119048 -0.00149577 -0.00150859 -0.00151933 -0.0015328
4.625 0 0 0 0 -0.000502762 -0.000500184 -0.000495811 -0.000492177 -0.00101286 -0.00101281 -0.00101205 -0.0010121 -0.0012785 -0.00129139 -0.00130213 -0.00131554
4.645 0 0 0 0 -0.000390217 -0.000387562 -0.000383189 -0.000379633 -0.000767309 -0.000767241 -0.000766485 -0.000766543 -0.000962269 -0.000975226 -0.000985968 -0.000999307
4.665 0 0 0 0 -0.000277105 -0.000274353 -0.00026998 -0.000266522 -0.000516985 -0.000516951 -0.000516195 -0.000516219 -0.000614573 -0.000627604 -0.000638345 -0.000651612
4.685 0 0 0 0 -0.000177103 -0.000174286 -0.000169913 -0.00016652 -0.000287017 -0.000287003 -0.000286248 -0.00028625 -0.000293309 -0.000306409 -0.00031715 -0.000330347
4.705 0 0 0 0 -7.66997e-05 -7.3789e-05 -6.94164e-05 -6.61173e-05 -7.91778e-05 -7.91662e-05 -7.84109e-05 -7.84117e-05 -2.82516e-05 -4.14076e-05 -5.21487e-05 -6.52902e-05
4.725 0 0 0 0 4.35199e-05 4.66395e-05 5.10119e-05 5.41018e-05 0.000119338 0.000119331 0.000120086 0.000120104 0.000190786 0.000177596 0.000166855 0.000153748
4.745 0 0 0 0 0.000173884 0.000177256 0.000181629 0.000184466 0.000319099 0.000319075 0.00031983 0.000319865 0.000394038 0.000380819 0.000370078 0.000357
4.765 0 0 0 0 0.000279372 0.00028288 0.000287252 0.000289955 0.000509917 0.000509914 0.000510669 0.000510684 0.000603741 0.00059048 0.000579738 0.000566702
4.785 0 0 0 0 0.000321974 0.000325419 0.000329792 0.000332556 0.000645904 0.000645936 0.000646692 0.000646671 0.000799038 0.000785721 0.00077498 0.000761999
4.805 0 0 0 0 0.000288425 0.000291676 0.000296048 0.000299007 0.000670857 0.000670889 0.000671645 0.000671624 0.000909714 0.000896357 0.000885616 0.000872675
4.825 0 0 0 0 0.000200814 0.000203878 0.00020825 0.000211395 0.000563087 0.00056308 0.000563836 0.000563854 0.000852705 0.000839352 0.000828611 0.000815667
4.845 0 0 0 0 9.51298e-05 9.81045e-05 0.000102477 0.000105712 0.000345001 0.000344974 0.00034573 0.000345768 0.000585817 0.000572523 0.000561782 0.000548779
4.865 0 0 0 0 -6.8697e-06 -3.87578e-06 4.96386e-07 3.71199e-06 5.84558e-05 5.84555e-05 5.9211e-05 5.92219e-05 0.000146253 0.000133063 0.000122322 0.000109215
4.885 0 0 0 0 -0.000109824 -0.00010677 -0.000102398 -9.92428e-05 -0.000257413 -0.000257376 -0.00025662 -0.000256646 -0.000358393 -0.000371462 -0.000382203 -0.000395432
4.905 0 0 0 0 -0.000240498 -0.000237489 -0.000233116 -0.000229915 -0.00057778 -0.000577725 -0.000576969 -0.000577013 -0.000815229 -0.000828193 -0.000838935 -0.000852267
4.925 0 0 0 0 -0.000392742 -0.000389918 -0.000385546 -0.000382159 -0.000862847 -0.000862809 -0.000862053 -0.000862079 -0.00114349 -0.00115639 -0.00116713 -0.00118053
4.945 0 0 0 0 -0.000505367 -0.000502714 -0.000498342 -0.000494783 -0.00104207 -0.00104208 -0.00104132 -0.0010413 -0.0013019 -0.00131477 -0.00132551 -0.00133894
4.965 0 0 0 0 -0.000518599 -0.000515972 -0.000511599 -0.000508015 -0.00105253 -0.00105257 -0.00105182 -0.00105176 -0.00128757 -0.00130044 -0.00131118 -0.00132461
4.985 0 0 0 0 -0.000425194 -0.000422452 -0.00041808 -0.00041461 -0.000886022 -0.000886029 -0.000885273 -0.000885255 -0.00111523 -0.00112813 -0.00113888 -0.00115227
5.005 0 0 0 0 -0.000255677 -0.00025272 -0.000248348 -0.000245095 -0.000581415 -0.00058138 -0.000580624 -0.000580648 -0.000786965 -0.000799939 -0.00081068 -0.000824004
5.025 0 0 0 0 -6.83372e-05 -6.51805e-05 -6.08083e-05 -5.77552e-05 -0.000207331 -0.000207296 -0.000206541 -0.000206565 -0.000323684 -0.000336753 -0.000347494 -0.000360722
5.045 0 0 0 0 7.93095e-05 8.25052e-05 8.68774e-05 8.98912e-05 0.00015998 0.000160003 0.000160758 0.000160746 0.000200047 0.000186857 0.000176116 0.000163009
5.065 0 0 0 0 0.000179768 0.000182895 0.000187268 0.00019035 0.000466208 0.000466217 0.000466972 0.000466975 0.000677858 0.00066455 0.000653809 0.00064082
5.085 0 0 0 0 0.000267578 0.000270731 0.000275103 0.00027816 0.000691583 0.000691558 0.000692314 0.00069235 0.00101661 0.00100323 0.000992488 0.000979575
5.105 0 0 0 0 0.000352912 0.000356223 0.000360595 0.000363494 0.000827226 0.000827187 0.000827943 0.000827994 0.0011615 0.00114809 0.00113735 0.00112446
5.125 0 0 0 0 0.000423938 0.000427467 0.00043184 0.000434521 0.000879075 0.000879056 0.000879812 0.000879842 0.00113832 0.00112494 0.0011142 0.00110128
5.145 0 0 0 0 0.000469343 0.000473083 0.000477456 0.000479927 0.00087328 0.000873268 0.000874024 0.000874047 0.0010446 0.00103126 0.00102051 0.00100757
5.165 0 0 0 0 0.000470992 0.000474812 0.000479185 0.000481575 0.000836065 0.000836038 0.000836793 0.000836832 0.000970733 0.000957411 0.00094667 0.000933695
5.185 0 0 0 0 0.000426914 0.000430622 0.000434995 0.000437498 0.000789136 0.000789099 0.000789855 0.000789903 0.000952558 0.000939233 0.000928492 0.00091552
5.205 0 0 0 0 0.000355532 0.00035901 0.000363383 0.000366115 0.00073398 0.000733949 0.000734704 0.000734747 0.000957016 0.000943671 0.00093293 0.000919978
5.225 0 0 0 0 0.000277974 0.000281244 0.000285616 0.000288557 0.000649697 0.000649675 0.000650431 0.000650464 0.000909019 0.000895669 0.000884928 0.000871981
5.245 0 0 0 0 0.000185332 0.000188443 0.000192814 0.000195915 0.000492256 0.00049226 0.000493016 0.000493023 0.000725183 0.000711862 0.000701121 0.000688144
5.265 0 0 0 0 5.07556e-05 5.37112e-05 5.80823e-05 6.13362e-05 0.000216958 0.000217003 0.000217758 0.000217724 0.000358423 0.000345174 0.000334433 0.000321385
5.285 0 0 0 0 -0.00012637 -0.00012354 -0.000119168 -0.000115789 -0.000175328 -0.000175275 -0.000174519 -0.000174562 -0.000165018 -0.000178152 -0.000188893 -0.000202057
5.305 0 0 0 0 -0.000328417 -0.000325692 -0.00032132 -0.000317834 -0.000634258 -0.000634229 -0.000633473 -0.000633491 -0.000769995 -0.000782989 -0.00079373 -0.000807033
5.325 0 0 0 0 -0.000521645 -0.000519027 -0.000514654 -0.000511061 -0.00107308 -0.00107307 -0.00107231 -0.00107231 -0.00135288 -0.00136574 -0.00137648 -0.00138992
5.345 0 0 0 0 -0.000663739 -0.000661197 -0.000656823 -0.000653153 -0.00140158 -0.00140156 -0.00140081 -0.00140081 -0.00180174 -0.0018145 -0.00182524 -0.00183878
5.365 0 0 0 0 -0.000730623 -0.000728109 -0.000723736 -0.000720039 -0.00156339 -0.00156336 -0.0015626 -0.00156262 -0.00203144 -0.00204415 -0.00205489 -0.00206848
5.385 0 0 0 0 -0.000710871 -0.000708322 -0.000703949 -0.000700287 -0.00153058 -0.00153055 -0.00152979 -0.0015298 -0.00199303 -0.00200574 -0.00201648 -0.00203007
5.405 0 0 0 0 -0.000589933 -0.000587249 -0.000582876 -0.00057935 -0.00128341 -0.00128342 -0.00128266 -0.00128264 -0.00166767 -0.00168044 -0.00169119 -0.0017047
5.425 0 0 0 0 -0.000366471 -0.000363562 -0.00035919 -0.000355889 -0.000823192 -0.000823218 -0.000822462 -0.000822423 -0.00107469 -0.00108759 -0.00109833 -0.00111173
5.445 0 0 0 0 -5.96494e-05 -5.64565e-05 -5.20845e-05 -4.9068e-05 -0.000187219 -0.000187244 -0.000186488 -0.000186452 -0.00026725 -0.000280324 -0.000291065 -0.000304289
5.465 0 0 0 0 0.000294056 0.000297567 0.000301939 0.000304638 0.000551473 0.000551452 0.000552207 0.00055224 0.000674786 0.000661511 0.00065077 0.000637748
5.485 0 0 0 0 0.000631495 0.000635265 0.000639638 0.00064208 0.00128274 0.00128272 0.00128347 0.00128351 0.00162972 0.00161623 0.00160549 0.00159268
5.505 0 0 0 0 0.00088188 0.000885745 0.000890117 0.000892457 0.00187559 0.00187559 0.00187635 0.00187636 0.00243797 0.0024243 0.00241356 0.00240093
5.525 0 0 0 0 0.00099992 0.00100369 0.00100803 0.0010104 0.0022104 0.00221038 0.00221113 0.00221112 0.00293354 0.00291974 0.002909 0.00289649
5.545 0 0 0 0 0.000975687 0.000979336 0.000983682 0.000986157 0.00221479 0.00221476 0.0022155 0.0022155 0.00298953 0.00297571 0.00296496 0.00295248
5.565 0 0 0 0 0.000820733 0.000824264 0.00082861 0.000831201 0.00188094 0.0018809 0.00188164 0.00188165 0.00256019 0.00254646 0.00253571 0.00252313
5.585 0 0 0 0 0.000552505 0.000555895 0.000560241 0.000562972 0.00125678 0.00125675 0.00125749 0.00125748 0.00170232 0.00168878 0.00167803 0.00166526
5.605 0 0 0 0 0.000189703 0.000192875 0.000197221 0.00020017 0.000423477 0.000423482 0.000424222 0.000424179 0.000558943 0.000545656 0.000534908 0.000521882
5.625 0 0 0 0 -0.000233765 -0.000230896 -0.00022655 -0.000223297 -0.000510592 -0.000510573 -0.000509833 -0.000509889 -0.000681444 -0.000694458 -0.000705206 -0.000718505
5.645 0 0 0 0 -0.000667915 -0.000665421 -0.000661071 -0.000657438 -0.00142106 -0.00142105 -0.00142031 -0.00142035 -0.00184261 -0.00185538 -0.00186612 -0.00187967
5.665 0 0 0 0 -0.00104791 -0.00104584 -0.00104152 -0.00103755 -0.00218489 -0.0021849 -0.00218417 -0.00218423 -0.00279109 -0.00280366 -0.00281441 -0.00282817
5.685 0 0 0 0 -0.00130247 -0.0013007 -0.0012964 -0.00129223 -0.00269673 -0.00269676 -0.00269604 -0.00269613 -0.00342979 -0.00344223 -0.00345299 -0.00346689
5.705 0 0 0 0 -0.00139737 -0.00139571 -0.00139143 -0.0013872 -0.0029021 -0.00290213 -0.00290143 -0.00290155 -0.00370487 -0.00371725 -0.00372801 -0.00374198
5.725 0 0 0 0 -0.00133555 -0.00133379 -0.00132951 -0.00132537 -0.00279435 -0.00279436 -0.00279366 -0.0027938 -0.00359272 -0.00360513 -0.00361589 -0.00362984
5.745 0 0 0 0 -0.00113393 -0.00113196 -0.00112768 -0.00112376 -0.00239302 -0.00239305 -0.00239234 -0.00239248 -0.00309294 -0.00310545 -0.00311621 -0.00313005
5.765 0 0 0 0 -0.000807615 -0.000805306 -0.000801028 -0.000797452 -0.00172515 -0.00172522 -0.00172452 -0.00172461 -0.00223299 -0.00224568 -0.00225644 -0.00227011
5.785 0 0 0 0 -0.000380228 -0.000377509 -0.000373231 -0.000370068 -0.00083582 -0.000835917 -0.000835217 -0.000835283 -0.00108345 -0.00109638 -0.00110714 -0.00112056
5.805 0 0 0 0 0.000107489 0.000110636 0.000114914 0.00011765 0.000192664 0.000192562 0.000193261 0.0001932 0.000240901 0.000227691 0.000216928 0.000203786
5.825 0 0 0 0 0.000595696 0.000599242 0.000603522 0.000605865 0.00123532 0.00123522 0.00123592 0.00123586 0.0015884 0.0015749 0.00156413 0.00155129
5.845 0 0 0 0 0.00100895 0.00101279 0.00101706 0.00101911 0.00214023 0.00214014 0.00214085 0.00214078 0.00277837 0.00276461 0.00275384 0.00274126
5.865 0 0 0 0 0.00128112 0.00128505 0.0012893 0.00129115 0.00276607 0.00276596 0.00276664 0.00276656 0.00362781 0.00361385 0.00360308 0.00359069
5.885 0 0 0 0 0.00137567 0.00137957 0.0013838 0.00138563 0.003014 0.00301385 0.00301453 0.00301443 0.00398833 0.00397427 0.0039635 0.00395119
5.905 0 0 0 0 0.00129625 0.00130007 0.00130431 0.00130621 0.00285391 0.00285375 0.00285442 0.00285433 0.00379301 0.00377899 0.00376822 0.00375586
5.925 0 0 0 0 0.00108774 0.00109151 0.00109574 0.00109769 0.00234665 0.00234646 0.00234714 0.00234707 0.00309878 0.00308493 0.00307415 0.00306163
5.945 0 0 0 0 0.000797244 0.000800966 0.000805196 0.000807194 0.00161638 0.00161617 0.00161684 0.00161679 0.00207023 0.00205662 0.00204584 0.00203308
5.965 0 0 0 0 0.000445074 0.000448614 0.000452844 0.000455022 0.000787571 0.000787405 0.000788074 0.00078798 0.000915383 0.000902029 0.000891254 0.000878228
5.985 0 0 0 0 5.55659e-05 5.87467e-05 6.29769e-05 6.55135e-05 -3.77025e-05 -3.78211e-05 -3.71529e-05 -3.72916e-05 -0.000170465 -0.000183591 -0.000194365 -0.000207619
6.005 0 0 0 0 -0.00033799 -0.000335284 -0.000331053 -0.000328037 -0.000788368 -0.000788482 -0.000787813 -0.000787956 -0.00107296 -0.00108591 -0.00109669 -0.00111012
6.025 0 0 0 0 -0.000694488 -0.000692296 -0.000688059 -0.000684526 -0.00141664 -0.00141676 -0.00141609 -0.00141622 -0.00177574 -0.00178856 -0.00179933 -0.0018129
6.045 0 0 0 0 -0.000950725 -0.000948904 -0.000944674 -0.000940778 -0.00187343 -0.00187355 -0.00187288 -0.00187301 -0.00229518 -0.0023079 -0.00231867 -0.00233233
6.065 0 0 0 0 -0.00106286 -0.00106112 -0.00105689 -0.00105291 -0.00212272 -0.00212283 -0.00212216 -0.00212231 -0.00263207 -0.00264471 -0.00265549 -0.00266922
6.085 0 0 0 0 -0.00104091 -0.00103903 -0.0010348 -0.00103096 -0.00215683 -0.00215691 -0.00215624 -0.00215641 -0.00275445 -0.00276706 -0.00277784 -0.00279161
6.105 0 0 0 0 -0.000936902 -0.000934837 -0.000930605 -0.000926954 -0.0020006 -0.00200065 -0.00199998 -0.00200018 -0.0026209 -0.00263353 -0.00264431 -0.00265806
6.125 0 0 0 0 -0.000782775 -0.000780565 -0.000776333 -0.000772828 -0.00167917 -0.00167923 -0.00167856 -0.00167875 -0.00220585 -0.00221857 -0.00222934 -0.002243
6.145 0 0 0 0 -0.000575271 -0.000572913 -0.000568681 -0.000565324 -0.00120432 -0.00120444 -0.00120377 -0.00120391 -0.00153624 -0.0015491 -0.00155988 -0.00157339
6.165 0 0 0 0 -0.000285884 -0.000283278 -0.000279047 -0.000275939 -0.000573509 -0.000573691 -0.000573022 -0.000573098 -0.000678978 -0.000692019 -0.000702794 -0.000716133
6.185 0 0 0 0 0.000108268 0.000111313 0.000115545 0.000118214 0.000210146 0.000209937 0.000210606 0.000210557 0.000302572 0.000289332 0.000278558 0.000265417
6.205 0 0 0 0 0.000558936 0.0005625 0.000566733 0.000568891 0.00107901 0.00107882 0.00107949 0.00107942 0.00133967 0.00132622 0.00131545 0.00130252
6.225 0 0 0 0 0.000950879 0.000954778 0.000959006 0.000960822 0.00188587 0.00188575 0.00188642 0.00188629 0.00233135 0.00231768 0.0023069 0.0022942
6.245 0 0 0 0 0.00117832 0.00118225 0.00118648 0.00118828 0.00245722 0.00245713 0.0024578 0.00245764 0.0031286 0.00311474 0.00310397 0.00309145
6.265 0 0 0 0 0.00122321 0.00122698 0.00123121 0.00123317 0.00268915 0.002689 0.00268967 0.00268957 0.00356714 0.00355317 0.0035424 0.00352999
6.285 0 0 0 0 0.00112526 0.00112884 0.00113307 0.00113522 0.00256578 0.00256557 0.00256624 0.0025662 0.00350777 0.0034938 0.00348303 0.00347062
6.305 0 0 0 0 0.000934716 0.000938169 0.0009424 0.000944668 0.00213178 0.00213158 0.00213225 0.00213219 0.002916 0.00290217 0.0028914 0.00287885
6.325 0 0 0 0 0.000666971 0.000670363 0.000674594 0.00067692 0.00144282 0.00144269 0.00144336 0.00144323 0.00189331 0.00187971 0.00186894 0.00185616
6.345 0 0 0 0 0.000297876 0.000301109 0.00030534 0.000307824 0.000551873 0.000551799 0.000552467 0.000552281 0.000628943 0.000615625 0.00060485 0.00059179
6.365 0 0 0 0 -0.000173669 -0.000170824 -0.000166593 -0.00016372 -0.000453794 -0.000453869 -0.0004532 -0.000453384 -0.000671853 -0.000684889 -0.000695663 -0.000709007
6.385 0 0 0 0 -0.000682757 -0.000680478 -0.000676242 -0.000672798 -0.00144044 -0.00144055 -0.00143988 -0.00144003 -0.00185181 -0.0018646 -0.00187538 -0.00188897
6.405 0 0 0 0 -0.00112546 -0.00112374 -0.0011195 -0.00111551 -0.00226969 -0.00226981 -0.00226914 -0.00226927 -0.00282531 -0.00283791 -0.00284869 -0.00286247
6.425 0 0 0 0 -0.00140595 -0.00140453 -0.0014003 -0.00139599 -0.00283385 -0.00283396 -0.00283328 -0.00283343 -0.00353551 -0.00354796 -0.00355873 -0.00357266
6.445 0 0 0 0 -0.00149301 -0.00149159 -0.00148737 -0.00148311 -0.00308179 -0.00308187 -0.0030812 -0.00308139 -0.00392225 -0.00393462 -0.00394539 -0.00395941
6.465 0 0 0 0 -0.00142254 -0.00142094 -0.00141672 -0.00141264 -0.0030167 -0.00301676 -0.0030161 -0.00301633 -0.00392314 -0.00393549 -0.00394627 -0.00396031
6.485 0 0 0 0 -0.00124033 -0.00123851 -0.00123429 -0.00123043 -0.00266421 -0.00266427 -0.00266361 -0.00266384 -0.00349693 -0.00350937 -0.00352015 -0.0035341
6.505 0 0 0 0 -0.000964864 -0.000962837 -0.000958621 -0.000954976 -0.0020525 -0.00205261 -0.00205195 -0.00205214 -0.00266389 -0.00267651 -0.00268729 -0.00270106
6.525 0 0 0 0 -0.000593879 -0.00059159 -0.000587374 -0.000583994 -0.00121802 -0.00121818 -0.00121752 -0.00121765 -0.00152203 -0.0015349 -0.00154568 -0.0015592
6.545 0 0 0 0 -0.000135549 -0.00013289 -0.000128674 -0.000125663 -0.000227857 -0.000228037 -0.00022738 -0.000227497 -0.000220667 -0.000233816 -0.000244594 -0.000257837
6.565 0 0 0 0 0.00036923 0.000372366 0.000376583 0.000379121 0.000810007 0.000809839 0.000810496 0.000810369 0.00108633 0.0010729 0.00106212 0.00104915
6.585 0 0 0 0 0.000853775 0.000857429 0.000861648 0.000863667 0.00177263 0.00177247 0.00177313 0.001773 0.00227601 0.00226234 0.00225156 0.00223884
6.605 0 0 0 0 0.00124125 0.00124533 0.00124955 0.00125115 0.00254944 0.00254926 0.00254992 0.00254981 0.00325042 0.00323655 0.00322577 0.00321325
6.625 0 0 0 0 0.00146387 0.0014681 0.00147232 0.00147376 0.00304476 0.00304458 0.00304524 0.00304513 0.00390876 0.00389474 0.00388396 0.00387159
6.645 0 0 0 0 0.00149826 0.00150236 0.00150657 0.00150809 0.00319055 0.00319037 0.00319103 0.00319092 0.00415363 0.00413954 0.00412877 0.00411646
6.665 0 0 0 0 0.00136227 0.00136616 0.00137037 0.00137211 0.00296246 0.00296227 0.00296293 0.00296283 0.00391472 0.00390068 0.0038899 0.00387756
6.685 0 0 0 0 0.00108302 0.00108665 0.00109086 0.00109285 0.00238192 0.00238172 0.00238237 0.00238228 0.0031772 0.00316332 0.00315254 0.00314003
6.705 0 0 0 0 0.000687607 0.000690942 0.000695148 0.000697442 0.00151175 0.00151159 0.00151224 0.00151211 0.00201351 0.00199988 0.0019891 0.00197634
6.725 0 0 0 0 0.000206298 0.000209278 0.000213485 0.000216133 0.000445043 0.000444914 0.000445568 0.000445393 0.000579817 0.000566494 0.000555715 0.000542644
6.745 0 0 0 0 -0.000324632 -0.000322068 -0.000317862 -0.000314793 -0.000703429 -0.000703537 -0.000702883 -0.000703076 -0.000929029 -0.000942024 -0.000952803 -0.000966202
6.765 0 0 0 0 -0.000858754 -0.000856689 -0.00085248 -0.000848917 -0.00180824 -0.00180834 -0.00180768 -0.00180788 -0.00233449 -0.00234719 -0.00235797 -0.00237166
6.785 0 0 0 0 -0.00133561 -0.00133408 -0.00132987 -0.00132575 -0.00275259 -0.00275267 -0.00275202 -0.00275223 -0.00350535 -0.00351781 -0.00352859 -0.00354252
6.805 0 0 0 0 -0.00168281 -0.00168171 -0.00167752 -0.00167307 -0.0034365 -0.00343658 -0.00343593 -0.00343615 -0.00434936 -0.00436164 -0.00437242 -0.00438653
6.825 0 0 0 0 -0.00185033 -0.00184941 -0.00184524 -0.00184071 -0.00379026 -0.00379037 -0.00378974 -0.00379 -0.0048042 -0.00481639 -0.00482718 -0.00484139
6.845 0 0 0 0 -0.00182431 -0.0018233 -0.00181914 -0.00181471 -0.00377729 -0.0037774 -0.00377678 -0.00377705 -0.00482337 -0.00483555 -0.00484634 -0.00486057
6.865 0 0 0 0 -0.00162869 -0.00162745 -0.0016233 -0.00161911 -0.00340661 -0.00340671 -0.00340609 -0.00340637 -0.00438801 -0.00440028 -0.00441107 -0.00442521
6.885 0 0 0 0 -0.00128581 -0.00128422 -0.00128007 -0.00127623 -0.00271021 -0.00271033 -0.0027097 -0.00270998 -0.00350649 -0.00351894 -0.00352973 -0.00354369
6.905 0 0 0 0 -0.000787452 -0.000785308 -0.000781156 -0.000777878 -0.00170252 -0.00170272 -0.0017021 -0.00170229 -0.0022057 -0.00221841 -0.0022292 -0.0022429
6.925 0 0 0 0 -0.000142122 -0.000139257 -0.000135105 -0.000132546 -0.000405951 -0.000406238 -0.000405616 -0.000405726 -0.000554216 -0.000567262 -0.00057805 -0.000591417
6.945 0 0 0 0 0.000552704 0.00055617 0.000560325 0.000562302 0.00104791 0.00104767 0.00104829 0.00104814 0.00128348 0.00127003 0.00125925 0.00124628
6.965 0 0 0 0 0.00116378 0.00116757 0.00117172 0.00117334 0.00241604 0.0024159 0.00241653 0.00241629 0.00306335 0.0030495 0.00303871 0.00302615
6.985 0 0 0 0 0.00163053 0.00163459 0.00163873 0.00164005 0.00348837 0.00348816 0.00348879 0.0034886 0.00454135 0.00452716 0.00451638 0.00450415
7.005 0 0 0 0 0.00193306 0.00193727 0.00194136 0.0019423 0.00416022 0.00415979 0.00416036 0.00416023 0.005498 0.00548358 0.00547277 0.00546072
7.025 0 0 0 0 0.00204383 0.0020481 0.00205215 0.00205296 0.00438763 0.00438718 0.00438772 0.00438756 0.00578067 0.00576619 0.00575538 0.00574338
7.045 0 0 0 0 0.00196241 0.00196665 0.0019707 0.00197154 0.00415721 0.00415687 0.00415741 0.00415715 0.00538649 0.00537209 0.00536128 0.00534921
7.065 0 0 0 0 0.00169628 0.00170046 0.00170451 0.00170541 0.00349151 0.00349117 0.00349172 0.00349144 0.0044396 0.00442542 0.00441461 0.00440231
7.085 0 0 0 0 0.00123961 0.00124351 0.00124757 0.00124874 0.00247186 0.00247147 0.00247202 0.00247178 0.00310531 0.00309143 0.00308062 0.00306802
7.105 0 0 0 0 0.000645467 0.000648779 0.000652829 0.000654579 0.00125513 0.00125475 0.00125529 0.00125505 0.00157017 0.00155661 0.0015458 0.00153287
7.125 0 0 0 0 1.68126e-05 1.94202e-05 2.34713e-05 2.59291e-05 4.9051e-06 4.55903e-06 5.10255e-06 4.82128e-06 4.15633e-06 -9.08137e-06 -1.98948e-05 -3.31396e-05
7.145 0 0 0 0 -0.000575971 -0.000573999 -0.000569941 -0.000566828 -0.00117777 -0.00117806 -0.00117752 -0.00117785 -0.00148398 -0.00149692 -0.00150773 -0.00152128
7.165 0 0 0 0 -0.00111918 -0.00111783 -0.00111379 -0.00111007 -0.00225508 -0.00225531 -0.00225476 -0.00225514 -0.00284193 -0.00285459 -0.0028654 -0.00287922
7.185 0 0 0 0 -0.00158204 -0.00158121 -0.00157716 -0.00157292 -0.00318045 -0.00318065 -0.0031801 -0.00318051 -0.00400533 -0.00401776 -0.00402857 -0.00404262
7.205 0 0 0 0 -0.00188024 -0.00187958 -0.00187552 -0.00187109 -0.00383889 -0.00383915 -0.0038386 -0.00383896 -0.00485124 -0.00486347 -0.00487428 -0.00488853
7.225 0 0 0 0 -0.00194969 -0.00194892 -0.0019449 -0.00194067 -0.00409064 -0.00409098 -0.00409045 -0.00409078 -0.00523421 -0.00524633 -0.00525715 -0.00527152
7.245 0 0 0 0 -0.00180648 -0.00180547 -0.00180144 -0.00179746 -0.00387482 -0.00387511 -0.00387458 -0.00387496 -0.0050513 -0.00506346 -0.00507427 -0.00508861
7.265 0 0 0 0 -0.00150564 -0.0015044 -0.00150037 -0.00149662 -0.00324274 -0.00324295 -0.00324243 -0.00324289 -0.00427826 -0.00429059 -0.00430141 -0.00431558
7.285 0 0 0 0 -0.00108572 -0.0010842 -0.00108018 -0.00107671 -0.00229772 -0.00229798 -0.00229746 -0.00229788 -0.00299352 -0.00300614 -0.00301696 -0.00303084
7.305 0 0 0 0 -0.000559046 -0.000557108 -0.000553082 -0.000550041 -0.00112351 -0.00112391 -0.00112338 -0.00112368 -0.00137014 -0.0013831 -0.00139392 -0.00140746
7.325 0 0 0 0 6.05922e-05 6.30658e-05 6.70911e-05 6.95972e-05 0.000203689 0.000203247 0.000203769 0.000203521 0.000377227 0.000363895 0.000353075 0.000339906
7.345 0 0 0 0 0.000724121 0.000727213 0.000731249 0.000733149 0.00155733 0.00155694 0.00155747 0.00155717 0.00205501 0.00204131 0.00203049 0.00201768
7.365 0 0 0 0 0.00133861 0.00134239 0.00134641 0.00134763 0.00276437 0.00276402 0.00276455 0.00276422 0.00351878 0.00350478 0.00349396 0.00348146
7.385 0 0 0 0 0.00178664 0.00179091 0.00179493 0.00179564 0.0036606 0.00366021 0.00366074 0.00366045 0.00464657 0.00463235 0.00462153 0.00460926
7.405 0 0 0 0 0.00198137 0.00198571 0.00198974 0.00199038 0.00413043 0.00413003 0.00413056 0.00413028 0.00531022 0.00529585 0.00528503 0.00527291
7.425 0 0 0 0 0.00192982 0.00193394 0.00193798 0.00193885 0.00413163 0.00413122 0.00413175 0.00413148 0.00540492 0.00539051 0.00537969 0.00536761
7.445 0 0 0 0 0.00170834 0.00171223 0.00171626 0.00171736 0.00369973 0.00369928 0.00369981 0.00369958 0.00489543 0.00488113 0.00487031 0.00485812
7.465 0 0 0 0 0.00136918 0.00137289 0.00137692 0.00137819 0.00291506 0.0029146 0.00291513 0.0029149 0.00383486 0.0038208 0.00380998 0.00379754
7.485 0 0 0 0 0.000916233 0.000919666 0.000923692 0.000925236 0.00186535 0.00186496 0.00186549 0.00186518 0.00237162 0.00235788 0.00234706 0.0023343
7.505 0 0 0 0 0.000358552 0.000361529 0.000365554 0.000367552 0.000643939 0.000643634 0.000644156 0.000643769 0.000725872 0.000712479 0.000701659 0.00068855
7.525 0 0 0 0 -0.00026837 -0.000265997 -0.000261973 -0.000259366 -0.000641708 -0.00064201 -0.000641486 -0.000641872 -0.000897269 -0.00091032 -0.00092114 -0.000934592
7.545 0 0 0 0 -0.00089758 -0.000895903 -0.000891873 -0.000888562 -0.00186193 -0.00186226 -0.00186173 -0.00186208 -0.00236464 -0.00237739 -0.00238821 -0.00240197
7.565 0 0 0 0 -0.00142227 -0.00142122 -0.00141719 -0.00141322 -0.00287235 -0.00287269 -0.00287216 -0.00287251 -0.00358574 -0.00359824 -0.00360906 -0.00362305
7.585 0 0 0 0 -0.00172835 -0.00172756 -0.00172353 -0.00171933 -0.0035346 -0.00353492 -0.00353439 -0.00353475 -0.00445363 -0.00446595 -0.00447676 -0.00449095
7.605 0 0 0 0 -0.00177047 -0.00176949 -0.00176547 -0.00176146 -0.00375192 -0.00375225 -0.00375172 -0.00375208 -0.00483864 -0.00485084 -0.00486166 -0.00487595
7.625 0 0 0 0 -0.00158881 -0.00158747 -0.00158345 -0.0015798 -0.00349526 -0.00349556 -0.00349503 -0.00349542 -0.00462515 -0.00463738 -0.0046482 -0.00466246
7.645 0 0 0 0 -0.00124696 -0.00124529 -0.00124127 -0.00123795 -0.00280067 -0.00280094 -0.00280041 -0.00280083 -0.00376482 -0.00377723 -0.00378805 -0.00380213
7.665 0 0 0 0 -0.00077443 -0.000772437 -0.000768413 -0.000765427 -0.00173889 -0.00173922 -0.0017387 -0.00173906 -0.00232189 -0.00233462 -0.00234544 -0.0023592
7.685 0 0 0 0 -0.000182618 -0.000180208 -0.000176184 -0.000173614 -0.000401971 -0.000402392 -0.000401869 -0.000402143 -0.000487202 -0.000500334 -0.000511153 -0.000524523
7.705 0 0 0 0 0.000486307 0.000489202 0.000493227 0.000495323 0.00106904 0.0010686 0.00106912 0.00106887 0.00146227 0.00144871 0.00143789 0.00142495
7.725 0 0 0 0 0.00116297 0.00116643 0.00117044 0.00117195 0.00248944 0.00248905 0.00248958 0.00248929 0.00326385 0.00324989 0.00323907 0.00322652
7.745 0 0 0 0 0.00173942 0.00174347 0.00174749 0.00174842 0.00365202 0.00365165 0.00365218 0.00365187 0.00470593 0.00469167 0.00468086 0.00466862
7.765 0 0 0 0 0.00208975 0.00209416 0.0020982 0.00209878 0.00437274 0.00437237 0.0043729 0.0043726 0.00562012 0.00560567 0.00559485 0.00558281
7.785 0 0 0 0 0.00213955 0.00214386 0.00214787 0.0021485 0.00453794 0.00453756 0.00453809 0.00453779 0.00588223 0.00586772 0.0058569 0.00584492
7.805 0 0 0 0 0.00189848 0.00190242 0.00190643 0.00190742 0.00412048 0.0041201 0.00412063 0.00412033 0.00542227 0.00540784 0.00539702 0.00538496
7.825 0 0 0 0 0.00143785 0.00144134 0.00144536 0.0014468 0.00318352 0.00318311 0.00318364 0.00318336 0.00425552 0.00424133 0.00423051 0.0042182
7.845 0 0 0 0 0.000843398 0.000846473 0.000850483 0.000852331 0.00186886 0.00186845 0.00186897 0.00186869 0.00251709 0.00250329 0.00249247 0.00247977
7.865 0 0 0 0 0.00017524 0.000177888 0.000181898 0.000184172 0.000351293 0.000350932 0.000351456 0.000351123 0.000452987 0.000439642 0.00042882 0.000415661
7.885 0 0 0 0 -0.000521626 -0.00051947 -0.000515454 -0.000512672 -0.00119495 -0.00119524 -0.00119472 -0.00119511 -0.00162991 -0.0016428 -0.00165362 -0.00166723
7.905 0 0 0 0 -0.001194 -0.00119246 -0.00118847 -0.0011851 -0.00260654 -0.00260681 -0.00260628 -0.00260669 -0.00344979 -0.00346229 -0.00347311 -0.00348712
7.925 0 0 0 0 -0.00176932 -0.00176842 -0.00176442 -0.00176038 -0.00373339 -0.00373368 -0.00373315 -0.00373355 -0.00481963 -0.00483184 -0.00484266 -0.00485694
7.945 0 0 0 0 -0.00215082 -0.00215045 -0.00214646 -0.002142 -0.004442 -0.00444231 -0.00444179 -0.00444217 -0.00564437 -0.00565643 -0.00566725 -0.00568169
7.965 0 0 0 0 -0.00224526 -0.00224499 -0.00224101 -0.0022365 -0.00462987 -0.00463021 -0.0046297 -0.00463009 -0.0058713 -0.00588331 -0.00589414 -0.00590864
7.985 0 0 0 0 -0.00201093 -0.00201028 -0.00200631 -0.00200219 -0.00424108 -0.00424144 -0.00424093 -0.00424131 -0.00545003 -0.00546211 -0.00547293 -0.00548735
8.005 0 0 0 0 -0.00149943 -0.00149811 -0.00149415 -0.00149071 -0.00329996 -0.00330032 -0.00329981 -0.0033002 -0.00435599 -0.00436828 -0.00437911 -0.00439333
8.025 0 0 0 0 -0.000818971 -0.000816978 -0.000813019 -0.000810267 -0.00191961 -0.00191995 -0.00191945 -0.00191987 -0.00263725 -0.00264991 -0.00266073 -0.00267459
8.045 0 0 0 0 -7.49017e-05 -7.23687e-05 -6.84055e-05 -6.61938e-05 -0.000280742 -0.000281095 -0.000280594 -0.000280997 -0.000465752 -0.000478889 -0.000489716 -0.000503094
8.065 0 0 0 0 0.000662119 0.000665081 0.000669047 0.000670875 0.00141274 0.00141232 0.00141282 0.00141249 0.00185841 0.00184476 0.00183393 0.00182107
8.085 0 0 0 0 0.00135029 0.0013537 0.00135764 0.00135897 0.00297061 0.00297013 0.00297064 0.00297037 0.00397926 0.00396514 0.00395432 0.00394193
8.105 0 0 0 0 0.00193538 0.00193929 0.00194325 0.00194408 0.00421284 0.00421238 0.00421288 0.00421261 0.00558263 0.00556816 0.00555734 0.0055453
8.125 0 0 0 0 0.00234032 0.00234461 0.00234854 0.00234886 0.00498167 0.00498119 0.00498165 0.0049813 0.00648276 0.0064681 0.00645726 0.0064454
8.145 0 0 0 0 0.00248608 0.00249065 0.00249459 0.00249457 0.00517856 0.00517809 0.00517856 0.0051782 0.00663939 0.00662472 0.00661388 0.00660203
8.165 0 0 0 0 0.00231568 0.00232016 0.00232409 0.00232414 0.0047794 0.00477892 0.00477939 0.00477902 0.00609727 0.00608272 0.00607189 0.00605992
8.185 0 0 0 0 0.00184595 0.00184992 0.00185384 0.00185439 0.00384608 0.00384559 0.00384606 0.00384569 0.00494517 0.00493085 0.00492002 0.00490781
8.205 0 0 0 0 0.00118601 0.00118928 0.00119319 0.00119442 0.00252559 0.00252508 0.00252554 0.00252518 0.0033139 0.00329993 0.00328909 0.00327654
8.225 0 0 0 0 0.000466218 0.000468861 0.000472768 0.00047462 0.00101074 0.00101021 0.00101067 0.00101033 0.00137545 0.0013619 0.00135106 0.00133808
8.245 0 0 0 0 -0.000238838 -0.000236748 -0.000232843 -0.000230424 -0.000524528 -0.000524993 -0.000524533 -0.000524932 -0.000665624 -0.000678741 -0.000689577 -0.000702993
8.265 0 0 0 0 -0.000902776 -0.000901237 -0.000897324 -0.000894351 -0.00195654 -0.0019569 -0.00195641 -0.00195691 -0.00258385 -0.00259656 -0.0026074 -0.00262122
8.285 0 0 0 0 -0.00149396 -0.00149301 -0.0014891 -0.00148552 -0.0031845 -0.00318482 -0.00318436 -0.00318489 -0.00416675 -0.00417912 -0.00418995 -0.00420411
8.305 0 0 0 0 -0.00194832 -0.00194784 -0.00194393 -0.00193989 -0.00408769 -0.00408806 -0.0040876 -0.00408808 -0.0052579 -0.00527004 -0.00528087 -0.00529526
8.325 0 0 0 0 -0.00219102 -0.0021908 -0.0021869 -0.00218258 -0.00454335 -0.00454377 -0.0045433 -0.00454374 -0.00577855 -0.00579058 -0.00580141 -0.0058159
8.345 0 0 0 0 -0.00217703 -0.00217686 -0.00217296 -0.00216859 -0.00449268 -0.00449305 -0.00449258 -0.00449305 -0.00571398 -0.00572604 -0.00573688 -0.00575134
8.365 0 0 0 0 -0.00191105 -0.00191061 -0.00190671 -0.00190261 -0.00396586 -0.00396619 -0.00396573 -0.00396624 -0.00508507 -0.00509726 -0.00510809 -0.00512242
8.385 0 0 0 0 -0.00144476 -0.0014438 -0.0014399 -0.00143634 -0.00304588 -0.00304624 -0.00304577 -0.00304627 -0.00394269 -0.00395512 -0.00396595 -0.00398005
8.405 0 0 0 0 -0.000857666 -0.00085612 -0.000852222 -0.000849255 -0.00183668 -0.00183709 -0.00183663 -0.00183708 -0.00238933 -0.00240208 -0.00241291 -0.00242669
8.425 0 0 0 0 -0.00021703 -0.000214961 -0.000211062 -0.000208619 -0.000457474 -0.000457905 -0.000457443 -0.000457877 -0.000583335 -0.000596477 -0.000607313 -0.000620703
8.445 0 0 0 0 0.000438852 0.00044144 0.000445339 0.000447275 0.00096033 0.000959872 0.000960336 0.000959931 0.00128106 0.00126751 0.00125668 0.00124369
8.465 0 0 0 0 0.00106732 0.00107046 0.00107435 0.0010757 0.00228006 0.00227957 0.00228004 0.00227968 0.00299659 0.00298268 0.00297184 0.00295922
8.485 0 0 0 0 0.00159191 0.00159558 0.00159948 0.00160032 0.00335935 0.00335884 0.00335931 0.00335896 0.00436722 0.00435303 0.00434219 0.00432986
8.505 0 0 0 0 0.00193141 0.00193539 0.0019393 0.00193983 0.00406237 0.0040619 0.00406236 0.00406198 0.00524415 0.00522976 0.00521893 0.00520679
8.525 0 0 0 0 0.00203327 0.00203731 0.00204122 0.00204169 0.00428755 0.00428709 0.00428755 0.00428716 0.00553622 0.00552176 0.00551093 0.00549886
8.545 0 0 0 0 0.00187989 0.00188376 0.00188766 0.0018883 0.00399587 0.00399539 0.00399585 0.00399548 0.00519833 0.00518395 0.00517311 0.00516097
8.565 0 0 0 0 0.00149774 0.00150121 0.00150512 0.00150614 0.00322632 0.00322582 0.00322629 0.00322592 0.00424384 0.00422965 0.00421882 0.00420648
8.585 0 0 0 0 0.000972111 0.000975145 0.000979044 0.000980507 0.00210465 0.00210416 0.00210462 0.00210425 0.00279016 0.00277629 0.00276546 0.0027528
8.605 0 0 0 0 0.00039506 0.000397725 0.000401624 0.000403453 0.000805355 0.000804861 0.000805323 0.000804947 0.00105009 0.0010366 0.00102577 0.00101272
8.625 0 0 0 0 -0.000180189 -0.000177881 -0.000173983 -0.000171789 -0.000498878 -0.000499334 -0.000498872 -0.00049928 -0.000717458 -0.000730547 -0.000741383 -0.000754827
8.645 0 0 0 0 -0.000715184 -0.000713287 -0.000709377 -0.000706753 -0.00165825 -0.00165866 -0.00165819 -0.00165864 -0.00225713 -0.00226989 -0.00228072 -0.0022945
8.665 0 0 0 0 -0.00115855 -0.00115713 -0.00115323 -0.00115015 -0.00255122 -0.00255161 -0.00255114 -0.00255161 -0.0033764 -0.00338893 -0.00339976 -0.00341377
8.685 0 0 0 0 -0.00145886 -0.00145785 -0.00145396 -0.00145046 -0.00309466 -0.00309508 -0.00309461 -0.00309505 -0.0039938 -0.00400621 -0.00401704 -0.00403117
8.705 0 0 0 0 -0.00158151 -0.00158078 -0.00157689 -0.00157311 -0.00325877 -0.00325917 -0.0032587 -0.00325916 -0.00413184 -0.00414423 -0.00415506 -0.0041692
8.725 0 0 0 0 -0.00150958 -0.00150888 -0.00150498 -0.00150117 -0.00306378 -0.00306416 -0.00306369 -0.00306417 -0.00385821 -0.00387067 -0.0038815 -0.00389557
8.745 0 0 0 0 -0.00126164 -0.00126067 -0.00125678 -0.00125324 -0.00256851 -0.00256889 -0.00256842 -0.00256891 -0.00324639 -0.00325898 -0.00326981 -0.00328375
8.765 0 0 0 0 -0.000897449 -0.000896072 -0.00089218 -0.000889055 -0.00185452 -0.0018549 -0.00185443 -0.00185491 -0.00236893 -0.0023817 -0.00239254 -0.0024063
8.785 0 0 0 0 -0.000483322 -0.000481533 -0.000477639 -0.000474927 -0.00100873 -0.00100912 -0.00100865 -0.00100913 -0.00130129 -0.00131429 -0.00132512 -0.00133866
8.805 0 0 0 0 -5.80561e-05 -5.58833e-05 -5.19896e-05 -4.96579e-05 -0.000109249 -0.000109667 -0.000109203 -0.000109652 -0.000129864 -0.000143108 -0.000153944 -0.000167232
8.825 0 0 0 0 0.000364647 0.000367212 0.000371108 0.000373058 0.000782981 0.000782507 0.000782972 0.000782581 0.00104452 0.00103103 0.00102019 0.00100715
8.845 0 0 0 0 0.000770325 0.000773294 0.000777198 0.000778741 0.00161646 0.00161595 0.00161641 0.00161607 0.00211759 0.00210388 0.00209304 0.00208022
8.865 0 0 0 0 0.00111889 0.0011222 0.0011261 0.0011273 0.00232115 0.00232066 0.00232112 0.00232076 0.00299217 0.00297827 0.00296744 0.0029548
8.885 0 0 0 0 0.00134338 0.00134688 0.00135078 0.00135179 0.00279265 0.0027922 0.00279267 0.00279226 0.00357484 0.00356081 0.00354997 0.00353747
8.905 0 0 0 0 0.00137942 0.00138285 0.00138675 0.00138783 0.00292036 0.00291993 0.0029204 0.00291997 0.00376969 0.00375561 0.00374477 0.00373232
8.925 0 0 0 0 0.00121252 0.00121568 0.00121957 0.00122092 0.00265006 0.00264961 0.00265008 0.00264966 0.00349914 0.0034851 0.00347427 0.00346177
8.945 0 0 0 0 0.000900017 0.000902852 0.000906747 0.000908414 0.00202981 0.00202932 0.00202978 0.00202941 0.00275513 0.00274125 0.00273042 0.00271776
8.965 0 0 0 0 0.000518984 0.000521573 0.000525468 0.000527379 0.00117776 0.00117726 0.00117772 0.00117736 0.0016245 0.00161088 0.00160004 0.00158714
8.985 0 0 0 0 0.000111704 0.000114083 0.000117978 0.000120104 0.000217176 0.000216726 0.00021719 0.000216772 0.000280128 0.000266805 0.000255969 0.000242759
9.005 0 0 0 0 -0.000304705 -0.000302561 -0.000298665 -0.000296294 -0.000744914 -0.000745303 -0.000744837 -0.000745313 -0.0010533 -0.00106633 -0.00107716 -0.00109067
9.025 0 0 0 0 -0.000707313 -0.000705486 -0.000701581 -0.000698888 -0.00160553 -0.00160592 -0.00160545 -0.00160592 -0.00216904 -0.00218183 -0.00219266 -0.00220641
9.045 0 0 0 0 -0.00105238 -0.00105097 -0.00104707 -0.00104398 -0.00226321 -0.00226363 -0.00226317 -0.00226361 -0.00294305 -0.00295567 -0.00296651 -0.00298041
9.065 0 0 0 0 -0.00127379 -0.00127273 -0.00126883 -0.00126537 -0.00263433 -0.00263475 -0.00263429 -0.00263472 -0.00333791 -0.00335047 -0.0033613 -0.00337527
9.085 0 0 0 0 -0.00130616 -0.00130519 -0.00130129 -0.00129774 -0.00266948 -0.00266991 -0.00266944 -0.00266987 -0.00335777 -0.00337033 -0.00338116 -0.00339513
9.105 0 0 0 0 -0.00113359 -0.00113237 -0.00112848 -0.00112518 -0.00236474 -0.00236517 -0.0023647 -0.00236513 -0.00301349 -0.00302611 -0.00303695 -0.00305086
9.125 0 0 0 0 -0.000800259 -0.000798588 -0.000794693 -0.000791856 -0.00175676 -0.00175718 -0.00175672 -0.00175715 -0.00231161 -0.00232437 -0.0023352 -0.00234898
9.145 0 0 0 0 -0.000374498 -0.000372365 -0.000368469 -0.000366094 -0.000913187 -0.000913607 -0.000913141 -0.000913585 -0.00127393 -0.00128691 -0.00129774 -0.0013113
9.165 0 0 0 0 9.92161e-05 0.000101773 0.00010567 0.000107621 9.03134e-05 8.98587e-05 9.03234e-05 8.99121e-05 3.66968e-05 2.34448e-05 1.26088e-05 -6.72598e-07
9.185 0 0 0 0 0.000612954 0.000615964 0.000619876 0.000621386 0.00119394 0.0011934 0.00119387 0.00119354 0.00151051 0.00149695 0.00148611 0.00147314
9.205 0 0 0 0 0.00114263 0.00114609 0.00114999 0.00115103 0.00232042 0.00231984 0.00232031 0.00232003 0.00298637 0.0029725 0.00296166 0.002949
9.225 0 0 0 0 0.00162596 0.00162982 0.00163371 0.00163435 0.00334254 0.00334201 0.00334248 0.00334216 0.00428402 0.00426987 0.00425903 0.00424666
9.245 0 0 0 0 0.00198536 0.00198952 0.00199343 0.00199378 0.00410302 0.00410253 0.004103 0.00410263 0.00524389 0.00522952 0.00521869 0.00520653
9.265 0 0 0 0 0.00215525 0.00215954 0.00216345 0.00216367 0.0044742 0.00447369 0.00447416 0.00447381 0.00574103 0.00572655 0.00571572 0.00570367
9.285 0 0 0 0 0.00210766 0.00211188 0.00211578 0.00211608 0.00440527 0.00440473 0.00440519 0.00440488 0.00569565 0.00568119 0.00567035 0.0056583
9.305 0 0 0 0 0.00186614 0.0018701 0.001874 0.00187456 0.00392271 0.00392217 0.00392264 0.00392233 0.00509693 0.00508259 0.00507176 0.00505957
9.325 0 0 0 0 0.00149163 0.00149529 0.00149919 0.00150003 0.00310999 0.00310946 0.00310993 0.0031096 0.00402595 0.00401184 0.00400101 0.00398859
9.345 0 0 0 0 0.0010417 0.00104509 0.00104899 0.0010501 0.00208635 0.00208582 0.00208629 0.00208595 0.00264606 0.00263226 0.00262142 0.0026087
9.365 0 0 0 0 0.000546768 0.000549817 0.000553714 0.00055516 0.000979575 0.000979072 0.000979535 0.000979169 0.00115952 0.00114604 0.00113521 0.00112215
9.385 0 0 0 0 3.58421e-05 3.84107e-05 4.23082e-05 4.42409e-05 -9.32264e-05 -9.36781e-05 -9.3216e-05 -9.36262e-05 -0.00023817 -0.000251354 -0.00026219 -0.000275539
9.405 0 0 0 0 -0.000441005 -0.000438947 -0.000435044 -0.000432575 -0.00103262 -0.00103305 -0.00103258 -0.00103302 -0.00140167 -0.00141462 -0.00142546 -0.00143905
9.425 0 0 0 0 -0.000822735 -0.000821146 -0.000817251 -0.000814339 -0.00175564 -0.00175608 -0.00175561 -0.00175602 -0.00225743 -0.0022702 -0.00228104 -0.0022948
9.445 0 0 0 0 -0.0010578 -0.00105651 -0.0010526 -0.0010494 -0.00219865 -0.0021991 -0.00219863 -0.00219904 -0.0027828 -0.00279547 -0.00280631 -0.00282017
9.465 0 0 0 0 -0.00113508 -0.0011339 -0.00113 -0.00112668 -0.00234835 -0.00234876 -0.00234829 -0.00234874 -0.00298496 -0.0029976 -0.00300843 -0.00302233
9.485 0 0 0 0 -0.0010887 -0.00108751 -0.00108361 -0.0010803 -0.00225268 -0.00225303 -0.00225256 -0.00225307 -0.00289021 -0.00290287 -0.00291371 -0.00292758
9.505 0 0 0 0 -0.000972836 -0.000971576 -0.000967677 -0.000964437 -0.0019918 -0.00199213 -0.00199167 -0.00199219 -0.00254929 -0.00256203 -0.00257287 -0.00258666
9.525 0 0 0 0 -0.000824237 -0.000822909 -0.000819011 -0.000815839 -0.00163422 -0.00163458 -0.00163412 -0.00163461 -0.00204014 -0.002053 -0.00206383 -0.00207751
9.545 0 0 0 0 -0.000640729 -0.000639281 -0.000635382 -0.000632331 -0.00121124 -0.00121165 -0.00121118 -0.00121163 -0.00144674 -0.00145972 -0.00147056 -0.00148411
9.565 0 0 0 0 -0.000416853 -0.00041519 -0.000411291 -0.000408454 -0.000745794 -0.000746218 -0.000745751 -0.00074619 -0.000846545 -0.000859656 -0.000870492 -0.000883915
9.585 0 0 0 0 -0.000187641 -0.000185736 -0.000181837 -0.000179237 -0.000295243 -0.000295635 -0.000295169 -0.000295641 -0.000309515 -0.000322741 -0.000333578 -0.000346886
9.605 0 0 0 0 -2.18702e-05 -1.98325e-05 -1.59339e-05 -1.34691e-05 4.47506e-05 4.44053e-05 4.48704e-05 4.43534e-05 9.75879e-05 8.42697e-05 7.34333e-05 6.02176e-05
9.625 0 0 0 0 3.97027e-05 4.17514e-05 4.56498e-05 4.8103e-05 0.000201083 0.000200731 0.000201196 0.000200687 0.000323614 0.000310243 0.000299407 0.000286243
9.645 0 0 0 0 -1.12968e-05 -9.36001e-06 -5.46161e-06 -2.89658e-06 0.000145869 0.000145476 0.000145942 0.000145473 0.000314313 0.000300941 0.000290104 0.000276943
9.665 0 0 0 0 -0.000166299 -0.000164602 -0.000160704 -0.000157898 -0.000121685 -0.000122072 -0.000121606 -0.000122081 1.63292e-05 3.00944e-06 -7.82692e-06 -2.10411e-05
9.685 0 0 0 0 -0.000398021 -0.000396587 -0.000392688 -0.000389615 -0.000585446 -0.000585792 -0.000585327 -0.000585842 -0.000578824 -0.000592026 -0.000602862 -0.000616194
9.705 0 0 0 0 -0.0006824 -0.000681174 -0.000677273 -0.000673992 -0.00121373 -0.00121406 -0.0012136 -0.00121413 -0.00141902 -0.00143204 -0.00144287 -0.00145639
9.725 0 0 0 0 -0.00099217 -0.0009911 -0.000987202 -0.000983769 -0.00192975 -0.00193009 -0.00192962 -0.00193014 -0.0023837 -0.0023965 -0.00240734 -0.00242107
9.745 0 0 0 0 -0.00127878 -0.00127784 -0.00127394 -0.00127036 -0.00260368 -0.00260404 -0.00260357 -0.00260407 -0.00329616 -0.00330875 -0.00331958 -0.00333353
9.765 0 0 0 0 -0.00148048 -0.00147961 -0.00147571 -0.00147208 -0.00308971 -0.00309008 -0.00308961 -0.00309009 -0.00396507 -0.0039775 -0.00398833 -0.00400244
9.785 0 0 0 0 -0.00155211 -0.00155123 -0.00154733 -0.0015437 -0.00327963 -0.00328 -0.00327953 -0.00328002 -0.00424082 -0.00425318 -0.00426401 -0.00427818
9.805 0 0 0 0 -0.0014629 -0.00146189 -0.001458 -0.00145449 -0.00311234 -0.00311273 -0.00311226 -0.00311273 -0.00403581 -0.00404821 -0.00405904 -0.00407318
9.825 0 0 0 0 -0.00117827 -0.00117693 -0.00117303 -0.00116986 -0.00254674 -0.00254718 -0.00254672 -0.00254713 -0.00331049 -0.00332303 -0.00333386 -0.00334785
9.845 0 0 0 0 -0.000678601 -0.000676674 -0.00067278 -0.000670204 -0.00156214 -0.00156266 -0.00156219 -0.00156254 -0.00206846 -0.00208125 -0.00209208 -0.00210583
9.865 0 0 0 0 1.05727e-05 1.32657e-05 1.71623e-05 1.89771e-05 -0.000192443 -0.000192989 -0.000192525 -0.000192847 -0.000362294 -0.000375429 -0.000386264 -0.000399661
9.885 0 0 0 0 0.000817398 0.000820878 0.000824781 0.000825815 0.00144965 0.00144911 0.00144958 0.00144925 0.00169847 0.0016849 0.00167407 0.0016611
9.905 0 0 0 0 0.00164358 0.00164781 0.0016517 0.00165199 0.00318581 0.00318526 0.00318573 0.00318542 0.00393308 0.00391903 0.00390819 0.00389571
9.925 0 0 0 0 0.00238707 0.00239187 0.00239577 0.00239549 0.00480926 0.00480868 0.00480915 0.00480888 0.00608511 0.0060706 0.00605977 0.00604776
9.945 0 0 0 0 0.00295818 0.00296308 0.00296689 0.0029661 0.00611158 0.00611087 0.00611128 0.00611095 0.00784897 0.00783403 0.00782319 0.00781156
9.965 0 0 0 0 0.003264 0.00326872 0.00327245 0.00327148 0.00687392 0.00687313 0.00687349 0.00687302 0.00890457 0.00888934 0.00887847 0.00886706
9.985 0 0 0 0 0.00322946 0.0032339 0.0032376 0.00323684 0.00690421 0.00690344 0.00690377 0.00690321 0.00899602 0.00898074 0.00896986 0.00895851
10.005 0 0 0 0 0.00282733 0.0028313 0.00283499 0.00283466 0.00610746 0.0061067 0.00610702 0.00610642 0.0080037 0.00798861 0.00797773 0.00796617
10.025 0 0 0 0 0.00207428 0.00207758 0.00208126 0.00208159 0.00452356 0.0045228 0.00452311 0.0045225 0.00596879 0.00595413 0.00594325 0.00593125
10.045 0 0 0 0 0.000994145 0.000996413 0.00100009 0.00100143 0.00227026 0.00226959 0.00226989 0.00226918 0.00304997 0.00303593 0.00302504 0.00301243
10.065 0 0 0 0 -0.000362715 -0.000361834 -0.000358156 -0.00035536 -0.000503431 -0.000503959 -0.000503658 -0.000504511 -0.000513732 -0.000527046 -0.00053793 -0.000551278
10.085 0 0 0 0 -0.00189442 -0.00189513 -0.00189149 -0.00188711 -0.00360721 -0.00360764 -0.00360733 -0.00360824 -0.00443963 -0.00445213 -0.00446301 -0.00447717
10.105 0 0 0 0 -0.00343958 -0.00344212 -0.00343859 -0.00343321 -0.00676328 -0.00676386 -0.00676365 -0.00676472 -0.00840982 -0.00842149 -0.00843238 -0.00844741
10.125 0 0 0 0 -0.0047916 -0.00479579 -0.0047928 -0.00478697 -0.00960172 -0.00960269 -0.00960273 -0.00960425 -0.0120426 -0.0120535 -0.0120645 -0.0120805
10.145 0 0 0 0 -0.00576308 -0.00576625 -0.00576352 -0.0057564 -0.0117374 -0.0117387 -0.011739 -0.0117409 -0.0148893 -0.0148997 -0.0149107 -0.0149275
10.165 0 0 0 0 -0.00621738 -0.00621876 -0.00621596 -0.00620808 -0.0128481 -0.0128495 -0.0128499 -0.0128519 -0.0164718 -0.0164819 -0.016493 -0.0165102
10.185 0 0 0 0 -0.00606099 -0.0060618 -0.00605907 -0.00605181 -0.0127088 -0.0127103 -0.0127107 -0.0127126 -0.016399 -0.0164091 -0.0164202 -0.0164374
10.205 0 0 0 0 -0.00525716 -0.00525737 -0.00525467 -0.00524872 -0.0111755 -0.0111772 -0.0111776 -0.0111794 -0.0144749 -0.0144853 -0.0144964 -0.0145133
10.225 0 0 0 0 -0.00384525 -0.00384511 -0.00384247 -0.00383838 -0.00826922 -0.00827104 -0.00827157 -0.00827341 -0.0107646 -0.0107758 -0.010787 -0.0108031
10.245 0 0 0 0 -0.00193291 -0.00193252 -0.00192997 -0.0019282 -0.00424693 -0.00424886 -0.00424948 -0.00425155 -0.00559706 -0.00560943 -0.00562057 -0.00563556
10.265 0 0 0 0 0.000312041 0.000312947 0.000315364 0.000314455 0.000461087 0.000458986 0.00045832 0.000456212 0.000489213 0.000475529 0.000464366 0.000450671
10.285 0 0 0 0 0.00264657 0.002649 0.00265115 0.00264725 0.00535108 0.00534879 0.00534807 0.00534604 0.00681774 0.00680276 0.00679166 0.00677936
10.305 0 0 0 0 0.00480288 0.00480642 0.00480811 0.00480206 0.00989828 0.00989556 0.00989475 0.00989251 0.0126826 0.0126662 0.012655 0.0126439
10.325 0 0 0 0 0.00656476 0.00657162 0.00657338 0.00657161 0.0135928 0.0135902 0.0135891 0.0135866 0.0174331 0.0174154 0.0174041 0.0173939
10.345 0 0 0 0 0.00780854 0.0078203 0.00782271 0.00782946 0.0160577 0.0160566 0.0160561 0.0160549 0.0205402 0.0205216 0.0205103 0.0205009
10.365 0 0 0 0 0.00843394 0.00844934 0.00845217 0.00846415 0.0170857 0.0170853 0.0170852 0.0170846 0.0216818 0.021663 0.0216517 0.0216425
10.385 0 0 0 0 0.00829922 0.0083146 0.00831719 0.00832811 0.016561 0.0165605 0.0165602 0.0165595 0.0207984 0.0207798 0.0207685 0.020759
10.405 0 0 0 0 0.00726831 0.00728153 0.00728403 0.00729341 0.0144524 0.0144515 0.0144511 0.0144498 0.0180414 0.0180233 0.018012 0.0180019
10.425 0 0 0 0 0.0054047 0.00541377 0.00541606 0.00542327 0.0108909 0.0108893 0.0108885 0.0108866 0.0136821 0.0136649 0.0136536 0.0136425
10.445 0 0 0 0 0.00299293 0.00299674 0.00299866 0.00300278 0.00624327 0.00624066 0.00623941 0.00623696 0.00806534 0.0080494 0.00803795 0.00802566
10.465 0 0 0 0 0.000406418 0.000405733 0.000407354 0.000408526 0.00107509 0.00107141 0.00106969 0.00106665 0.00164336 0.00162882 0.0016173 0.00160355
10.485 0 0 0 0 -0.00201224 -0.00201631 -0.00201579 -0.00201694 -0.00402059 -0.0040244 -0.00402621 -0.0040301 -0.00496884 -0.00498191 -0.00499335 -0.00500845
10.505 0 0 0 0 -0.00404968 -0.00405389 -0.00405318 -0.00405159 -0.00853542 -0.00853913 -0.00854077 -0.00854445 -0.0110238 -0.0110355 -0.0110469 -0.0110634
10.525 0 0 0 0 -0.0056518 -0.00565611 -0.00565536 -0.00565209 -0.0120756 -0.0120791 -0.0120809 -0.0120846 -0.0157859 -0.0157966 -0.015808 -0.0158255
10.545 0 0 0 0 -0.00681031 -0.00681061 -0.00680975 -0.00680389 -0.0143957 -0.0143985 -0.0144 -0.0144028 -0.0187241 -0.0187342 -0.0187456 -0.018764
10.565 0 0 0 0 -0.00747516 -0.00747268 -0.00747167 -0.0074629 -0.0153796 -0.0153822 -0.0153835 -0.0153858 -0.0196492 -0.019659 -0.0196704 -0.0196889
10.585 0 0 0 0 -0.00751378 -0.00751244 -0.00751148 -0.00750191 -0.0149507 -0.0149532 -0.0149545 -0.014957 -0.0187008 -0.018711 -0.0187224 -0.0187407
10.605 0 0 0 0 -0.00672039 -0.00672016 -0.00671917 -0.00671058 -0.0131216 -0.0131244 -0.0131258 -0.0131286 -0.0161948 -0.0162056 -0.016217 -0.0162346
10.625 0 0 0 0 -0.00505226 -0.00505242 -0.00505152 -0.00504623 -0.0100148 -0.0100181 -0.0100197 -0.0100228 -0.0124275 -0.0124391 -0.0124506 -0.0124675
10.645 0 0 0 0 -0.00276076 -0.0027613 -0.00276063 -0.00276002 -0.00587135 -0.00587511 -0.00587702 -0.00588059 -0.00759537 -0.00760788 -0.0076194 -0.00763535
10.665 0 0 0 0 -0.000256368 -0.000255127 -0.000253836 -0.000255717 -0.00109108 -0.00109483 -0.00109698 -0.00110093 -0.001874 -0.00188775 -0.00189934 -0.0019141
10.685 0 0 0 0 0.00207779 0.00207985 0.00208127 0.00208231 0.00379123 0.0037879 0.00378616 0.00378293 0.00436322 0.00434808 0.00433646 0.00432304
10.705 0 0 0 0 0.00402445 0.00403017 0.00403201 0.0040369 0.00821442 0.00821192 0.00821059 0.00820786 0.0104011 0.0103846 0.0103732 0.0103613
10.725 0 0 0 0 0.00551993 0.00552795 0.00552989 0.0055381 0.0117109 0.0117091 0.0117081 0.0117061 0.0153041 0.0152864 0.0152749 0.0152642
10.745 0 0 0 0 0.00650689 0.00651649 0.00651846 0.00652858 0.0139049 0.0139036 0.0139027 0.013901 0.0182259 0.0182075 0.0181962 0.0181862
10.765 0 0 0 0 0.00684897 0.00685934 0.00686136 0.00687173 0.0144557 0.0144547 0.0144539 0.0144521 0.0186936 0.0186751 0.0186637 0.0186538
10.785 0 0 0 0 0.0063459 0.00635561 0.00635756 0.00636634 0.0131277 0.0131264 0.0131255 0.0131232 0.0166906 0.0166726 0.0166612 0.0166508
10.805 0 0 0 0 0.00485922 0.00486612 0.0048678 0.00487375 0.00994057 0.00993851 0.00993726 0.00993449 0.0125358 0.0125187 0.0125072 0.0124958
10.825 0 0 0 0 0.00249422 0.00249611 0.00249744 0.00250001 0.00525371 0.00525057 0.00524889 0.00524553 0.00673612 0.00672033 0.00670878 0.00669608
10.845 0 0 0 0 -0.000368633 -0.000369389 -0.000367922 -0.00036657 -0.000321688 -0.00032532 -0.000327272 -0.000331017 -0.000106632 -0.000120994 -0.000132622 -0.000146817
10.865 0 0 0 0 -0.0031948 -0.00319708 -0.00319677 -0.00319392 -0.0060651 -0.00606873 -0.00607071 -0.00607442 -0.00730733 -0.00732006 -0.00733156 -0.00734726
10.885 0 0 0 0 -0.00561036 -0.00560982 -0.00560897 -0.00560272 -0.0112647 -0.0112678 -0.0112693 -0.011272 -0.0140971 -0.0141083 -0.0141197 -0.014137
10.905 0 0 0 0 -0.00747721 -0.00747456 -0.00747336 -0.00746449 -0.0153739 -0.0153763 -0.0153776 -0.0153798 -0.0196686 -0.0196785 -0.0196898 -0.0197083
10.925 0 0 0 0 -0.00880085 -0.0087822 -0.00877893 -0.00876103 -0.0181267 -0.0181259 -0.0181255 -0.0181246 -0.0233224 -0.0233314 -0.0233428 -0.0233625
10.945 0 0 0 0 -0.00959472 -0.0095658 -0.00956238 -0.00953704 -0.0194459 -0.0194444 -0.0194438 -0.0194415 -0.0246827 -0.0246912 -0.0247023 -0.0247222
10.965 0 0 0 0 -0.00979955 -0.00977108 -0.00976797 -0.00974135 -0.0192294 -0.0192284 -0.0192278 -0.0192258 -0.023836 -0.0238449 -0.0238562 -0.023876
10.985 0 0 0 0 -0.00919119 -0.0091667 -0.00916343 -0.00913765 -0.0174338 -0.0174332 -0.017433 -0.0174322 -0.0211936 -0.0212032 -0.0212145 -0.0212334
11.005 0 0 0 0 -0.00755197 -0.00753253 -0.00752952 -0.00750872 -0.0142027 -0.014203 -0.0142033 -0.0142037 -0.0171819 -0.0171925 -0.017204 -0.0172221
11.025 0 0 0 0 -0.00501377 -0.00499985 -0.00499761 -0.00498546 -0.0098007 -0.00980232 -0.00980329 -0.00980479 -0.0120904 -0.0121021 -0.0121136 -0.0121308
11.045 0 0 0 0 -0.00205907 -0.00205164 -0.00205013 -0.00204787 -0.00459527 -0.00459805 -0.00459972 -0.00460274 -0.00610098 -0.00611395 -0.00612568 -0.00614166
11.065 0 0 0 0 0.000774113 0.000776567 0.000778236 0.000778603 0.000905067 0.000901765 0.000899734 0.000895682 0.00054903 0.000534539 0.000522702 0.000508139
11.085 0 0 0 0 0.00314875 0.00315174 0.00315185 0.00315212 0.00612251 0.00611883 0.00611659 0.00611213 0.00737859 0.0073626 0.00735097 0.0073381
11.105 0 0 0 0 0.00505675 0.00506266 0.00506331 0.00506823 0.010562 0.0105593 0.0105576 0.0105542 0.0136065 0.013589 0.0135773 0.0135658
11.125 0 0 0 0 0.00657731 0.00658599 0.00658704 0.00659492 0.0139323 0.0139299 0.0139285 0.0139261 0.0183105 0.018292 0.0182806 0.0182704
11.145 0 0 0 0 0.00765199 0.0076629 0.00766419 0.00767351 0.0160072 0.0160053 0.0160041 0.016002 0.0207972 0.020778 0.0207664 0.0207566
11.165 0 0 0 0 0.00808266 0.00809471 0.00809596 0.00810504 0.0164914 0.0164899 0.0164887 0.0164862 0.0208802 0.0208612 0.0208497 0.0208399
11.185 0 0 0 0 0.00763612 0.00764777 0.00764891 0.00765613 0.0151707 0.0151689 0.0151676 0.0151647 0.0188226 0.018804 0.0187924 0.018782
11.205 0 0 0 0 0.0061913 0.00620022 0.00620108 0.00620555 0.0121458 0.012143 0.0121413 0.0121383 0.0150456 0.0150279 0.0150164 0.0150051
11.225 0 0 0 0 0.00392337 0.00392722 0.00392773 0.00392955 0.00786791 0.00786412 0.0078621 0.00785846 0.00996457 0.00994792 0.00993622 0.00992386
11.245 0 0 0 0 0.00129666 0.0012945 0.00129535 0.00129651 0.00293406 0.00292955 0.00292719 0.00292323 0.00400017 0.00398475 0.00397299 0.00395937
11.265 0 0 0 0 -0.00118685 -0.00118246 -0.00118008 -0.00117689 -0.00208187 -0.00208471 -0.00208649 -0.00208996 -0.0023304 -0.00234454 -0.0023564 -0.0023714
11.285 0 0 0 0 -0.00324005 -0.00322978 -0.00322778 -0.0032204 -0.00665427 -0.00665663 -0.00665804 -0.00666009 -0.00837164 -0.0083841 -0.00839569 -0.00841211
11.305 0 0 0 0 -0.00489934 -0.0048823 -0.00487995 -0.00486847 -0.010361 -0.0103622 -0.0103629 -0.0103635 -0.0133916 -0.0134028 -0.0134144 -0.0134321
11.325 0 0 0 0 -0.00618003 -0.00615919 -0.00615652 -0.00614121 -0.0129163 -0.0129165 -0.0129168 -0.0129167 -0.0167275 -0.0167379 -0.0167493 -0.0167676
11.345 0 0 0 0 -0.00693347 -0.00691127 -0.00690831 -0.0068904 -0.0141275 -0.0141274 -0.0141275 -0.0141271 -0.0179945 -0.0180047 -0.0180162 -0.0180348
11.365 0 0 0 0 -0.00692469 -0.0069035 -0.00690057 -0.00688248 -0.0138034 -0.013804 -0.0138042 -0.0138038 -0.017187 -0.0171974 -0.0172088 -0.0172271
11.385 0 0 0 0 -0.00598194 -0.00596407 -0.00596143 -0.00594618 -0.0118174 -0.0118187 -0.0118192 -0.0118195 -0.0145461 -0.0145572 -0.0145687 -0.0145865
11.405 0 0 0 0 -0.00410469 -0.00409223 -0.00409015 -0.00408077 -0.00827289 -0.00827492 -0.00827605 -0.00827773 -0.0103417 -0.0103537 -0.0103653 -0.0103822
11.425 0 0 0 0 -0.00151556 -0.0015087 -0.00150702 -0.00150602 -0.00353474 -0.00353758 -0.00353935 -0.00354263 -0.00479405 -0.00480738 -0.00481915 -0.00483487
11.445 0 0 0 0 0.00138008 0.00138229 0.00138382 0.00138336 0.00192608 0.00192224 0.00192022 0.00191681 0.00182516 0.00181048 0.00179864 0.00178422
11.465 0 0 0 0 0.00415227 0.00415845 0.0041591 0.00415924 0.00762142 0.00761742 0.00761535 0.0076118 0.00906006 0.0090438 0.00903218 0.00901951
11.485 0 0 0 0 0.0066268 0.00663674 0.00663754 0.00664265 0.0130269 0.0130243 0.0130228 0.0130202 0.016222 0.016204 0.0161923 0.0161812
11.505 0 0 0 0 0.00875602 0.00877101 0.00877186 0.00878244 0.0176591 0.0176575 0.0176565 0.0176549 0.0224439 0.0224246 0.0224132 0.0224038
11.525 0 0 0 0 0.0104726 0.0105099 0.0105157 0.0105637 0.0211499 0.0211542 0.0211564 0.0211607 0.0268893 0.0268687 0.0268573 0.026849
11.545 0 0 0 0 0.0117229 0.011779 0.0117867 0.0118654 0.0232596 0.0232668 0.0232699 0.0232757 0.0290294 0.0290084 0.0289975 0.02899
11.565 0 0 0 0 0.0123072 0.012366 0.012373 0.0124547 0.0236263 0.0236335 0.0236367 0.0236424 0.0287919 0.0287709 0.0287599 0.028752
11.585 0 0 0 0 0.0118871 0.0119447 0.0119523 0.0120259 0.0219782 0.0219831 0.0219857 0.0219911 0.0264079 0.0263878 0.026377 0.0263684
11.605 0 0 0 0 0.0100698 0.010118 0.0101245 0.0101857 0.0184305 0.0184333 0.018435 0.0184393 0.0221366 0.0221173 0.022106 0.022096
11.625 0 0 0 0 0.00695683 0.00698853 0.00699331 0.00703913 0.0132991 0.0133004 0.0133009 0.0133023 0.0162307 0.0162125 0.0162011 0.0161902
11.645 0 0 0 0 0.00322965 0.00324183 0.00324478 0.0032713 0.00697738 0.00697646 0.00697563 0.00697421 0.00899545 0.0089784 0.0089665 0.00895397
11.665 0 0 0 0 -0.000397019 -0.000394079 -0.000391889 -0.000383088 6.94255e-05 6.57313e-05 6.37221e-05 6.10152e-05 0.000812824 0.00079762 0.000785517 0.000771004
11.685 0 0 0 0 -0.00350986 -0.00350469 -0.00350576 -0.00349966 -0.00664618 -0.0066504 -0.00665257 -0.00665579 -0.00774215 -0.0077552 -0.00776709 -0.00778356
11.705 0 0 0 0 -0.00606645 -0.00604971 -0.00604892 -0.00603582 -0.0124591 -0.0124613 -0.0124623 -0.0124631 -0.0157647 -0.0157757 -0.0157873 -0.0158056
11.725 0 0 0 0 -0.00810551 -0.00808087 -0.00807886 -0.00805988 -0.0169426 -0.0169427 -0.0169431 -0.0169427 -0.0220734 -0.0220828 -0.0220942 -0.0221138
11.745 0 0 0 0 -0.00953833 -0.00950759 -0.00950575 -0.00948251 -0.0198253 -0.0198221 -0.0198214 -0.0198182 -0.0256664 -0.025675 -0.0256864 -0.025707
11.765 0 0 0 0 -0.0101731 -0.0101284 -0.0101237 -0.0100908 -0.0207905 -0.0207883 -0.0207874 -0.0207827 -0.0262037 -0.0262119 -0.0262231 -0.0262438
11.785 0 0 0 0 -0.00984406 -0.00980327 -0.00979951 -0.0097677 -0.0195282 -0.019527 -0.0195264 -0.0195224 -0.0239899 -0.0239988 -0.0240102 -0.0240304
11.805 0 0 0 0 -0.00835946 -0.00832865 -0.00832637 -0.00829995 -0.0160629 -0.0160624 -0.0160625 -0.0160613 -0.0195808 -0.0195911 -0.0196025 -0.0196216
11.825 0 0 0 0 -0.00566456 -0.00564498 -0.00564374 -0.00562756 -0.0109107 -0.0109117 -0.0109127 -0.0109142 -0.0134685 -0.0134803 -0.013492 -0.0135098
11.845 0 0 0 0 -0.0021821 -0.0021733 -0.00217286 -0.00217066 -0.00474191 -0.00474501 -0.00474699 -0.00475047 -0.00613608 -0.00614948 -0.00616147 -0.00617785
11.865 0 0 0 0 0.00130085 0.00130929 0.00131282 0.00132504 0.00181775 0.00181437 0.00181272 0.00181056 0.00182268 0.00180751 0.00179527 0.00178037
11.885 0 0 0 0 0.00423444 0.0042534 0.00425604 0.00428466 0.00808225 0.00808094 0.00807985 0.00807832 0.00969927 0.00968224 0.00967043 0.00965778
11.905 0 0 0 0 0.00660968 0.00663955 0.00664348 0.0066918 0.0133377 0.0133399 0.0133404 0.0133415 0.016666 0.0166473 0.0166357 0.0166249
11.925 0 0 0 0 0.00845797 0.00849731 0.00850248 0.0085637 0.017119 0.0171229 0.0171245 0.0171281 0.0217933 0.0217737 0.0217625 0.0217531
11.945 0 0 0 0 0.00960119 0.00964647 0.00965253 0.00972042 0.0191814 0.0191861 0.0191883 0.019193 0.0243072 0.024287 0.0242758 0.0242668
11.965 0 0 0 0 0.00975476 0.00980067 0.00980671 0.00987465 0.0192402 0.0192451 0.019247 0.0192508 0.0238989 0.0238788 0.0238677 0.0238587
11.985 0 0 0 0 0.00872453 0.00876502 0.00877046 0.0088305 0.0170085 0.0170123 0.0170136 0.0170158 0.0207683 0.0207488 0.0207374 0.0207275
12.005 0 0 0 0 0.00648126 0.00651044 0.00651461 0.00655859 0.0125512 0.0125522 0.0125524 0.0125529 0.0153615 0.0153432 0.0153317 0.0153204
12.025 0 0 0 0 0.00321857 0.00323118 0.00323368 0.00325665 0.00643094 0.00642842 0.00642725 0.00642579 0.00816814 0.00815138 0.00813942 0.00812634
12.045 0 0 0 0 -0.000612656 -0.000606917 -0.000604476 -0.000596498 -0.000579629 -0.000582721 -0.000584658 -0.000587651 -0.000250395 -0.000265492 -0.00027773 -0.000292671
12.065 0 0 0 0 -0.00432545 -0.00431415 -0.00431453 -0.00430154 -0.00778037 -0.00778238 -0.00778413 -0.00778732 -0.00917366 -0.00918667 -0.00919856 -0.00921523
12.085 0 0 0 0 -0.00746159 -0.00743391 -0.00743248 -0.00740934 -0.0144881 -0.0144879 -0.0144881 -0.0144872 -0.0177563 -0.0177669 -0.0177784 -0.0177971
12.105 0 0 0 0 -0.00998501 -0.00994344 -0.0099403 -0.00990841 -0.0200532 -0.0200509 -0.0200499 -0.0200459 -0.0251087 -0.0251173 -0.0251284 -0.0251488
12.125 0 0 0 0 -0.0120449 -0.0119485 -0.0119395 -0.0118784 -0.0240746 -0.0240647 -0.0240605 -0.0240499 -0.0303773 -0.0303847 -0.0303958 -0.0304174
12.145 0 0 0 0 -0.0137697 -0.0136379 -0.0136464 -0.0135928 -0.0264894 -0.0264752 -0.0264676 -0.0264527 -0.0329832 -0.0329896 -0.0329999 -0.0330217
