0.005 0.0199717 0.0199717 0.0199717 0.0199717 0.000397585 0.000350473 0.000350452 0.000397282 -6.42853e-05 -4.73466e-05 -4.73475e-05 -6.43867e-05 6.62784e-06 4.39688e-06 4.39925e-06 6.62761e-06
0.025 -0.0313904 -0.0313904 -0.0313904 -0.0313904 -0.00304137 -0.00297827 -0.00297822 -0.00304413 0.000769618 0.000751844 0.000752158 0.000769156 -0.000121828 -0.000121747 -0.00012178 -0.000121639
0.045 -0.0315194 -0.0315194 -0.0315194 -0.0315194 -0.021856 -0.0219012 -0.0219014 -0.0218578 8.0189e-07 4.13765e-05 4.08025e-05 -1.43908e-08 0.000731711 0.000717449 0.000716896 0.000730427
0.065 -0.0313793 -0.0313793 -0.0313793 -0.0313793 -0.0339003 -0.0339591 -0.0339601 -0.0339032 -0.0123185 -0.0122974 -0.0122969 -0.0123188 0.00244451 0.00242986 0.00242936 0.00244436
0.085 -0.0310432 -0.0310432 -0.0310432 -0.0310432 -0.0326837 -0.0326727 -0.032671 -0.0326808 -0.0281941 -0.0282359 -0.0282379 -0.0281992 -0.00390292 -0.00390153 -0.00390447 -0.00390344
0.105 -0.0306875 -0.0306875 -0.0306875 -0.0306875 -0.0296226 -0.0295971 -0.0295961 -0.0296203 -0.0330794 -0.0331085 -0.0331107 -0.0330844 -0.0247328 -0.0247296 -0.0247292 -0.024733
0.125 -0.0296751 -0.0296751 -0.0296751 -0.0296751 -0.0297323 -0.0297467 -0.0297468 -0.0297329 -0.0320854 -0.0320524 -0.0320523 -0.0320839 -0.0500481 -0.0500465 -0.0500458 -0.0500459
0.145 -0.0299567 -0.0299567 -0.0299567 -0.0299567 -0.0303129 -0.0303124 -0.0303122 -0.0303123 -0.0400357 -0.0400059 -0.0400046 -0.0400316 -0.063914 -0.0639072 -0.0639067 -0.0639115
0.165 -0.0306633 -0.0306633 -0.0306633 -0.0306633 -0.0352815 -0.0352467 -0.0352456 -0.0352779 -0.0549896 -0.0550096 -0.055009 -0.0549878 -0.0641255 -0.0641133 -0.0641128 -0.0641256
0.185 -0.0297375 -0.0297375 -0.0297375 -0.0297375 -0.0474272 -0.0474357 -0.0474349 -0.0474242 -0.063491 -0.0635108 -0.0635105 -0.0634903 -0.0607183 -0.0607095 -0.0607092 -0.0607176
0.205 -0.0302788 -0.0302788 -0.0302788 -0.0302788 -0.0558119 -0.055878 -0.0558777 -0.0558107 -0.0625952 -0.0625818 -0.0625817 -0.0625945 -0.0603593 -0.0603584 -0.0603582 -0.0603589
0.225 -0.0299323 -0.0299323 -0.0299323 -0.0299323 -0.0498023 -0.04985 -0.049849 -0.0498009 -0.0585214 -0.0585088 -0.0585087 -0.0585214 -0.0617547 -0.0617521 -0.0617522 -0.061755
0.245 -0.0291698 -0.0291698 -0.0291698 -0.0291698 -0.0350905 -0.0350696 -0.0350693 -0.03509 -0.0524551 -0.0524685 -0.0524687 -0.0524556 -0.061644 -0.0616331 -0.061633 -0.0616437
0.265 -0.0301214 -0.0301214 -0.0301214 -0.0301214 -0.0265783 -0.0265368 -0.0265368 -0.0265783 -0.0418971 -0.0419058 -0.0419058 -0.0418971 -0.0569345 -0.0569241 -0.0569243 -0.0569348
0.285 -0.0272729 -0.0272729 -0.0272729 -0.0272729 -0.028055 -0.0280642 -0.0280643 -0.0280552 -0.0310215 -0.0310001 -0.0310001 -0.0310216 -0.0439593 -0.0439582 -0.0439581 -0.043959
0.305 -0.0288161 -0.0288161 -0.0288161 -0.0288161 -0.0298774 -0.0298915 -0.0298915 -0.0298774 -0.0256094 -0.0256024 -0.0256023 -0.0256092 -0.0235628 -0.0235659 -0.023566 -0.023563
0.325 -0.0291324 -0.0291324 -0.0291324 -0.0291324 -0.0284687 -0.0284686 -0.0284686 -0.0284687 -0.0212044 -0.0212232 -0.0212232 -0.0212044 -0.00469648 -0.0047003 -0.00470026 -0.00469638
0.345 -0.0263635 -0.0263635 -0.0263635 -0.0263635 -0.0239451 -0.0239546 -0.0239546 -0.0239449 -0.0117786 -0.0117877 -0.0117879 -0.0117796 0.00431979 0.00431192 0.00431185 0.00431442
0.365 -0.0259719 -0.0259719 -0.0259719 -0.0259719 -0.0152525 -0.0152532 -0.0152533 -0.0152542 -0.000635225 -0.000626961 -0.000630694 -0.000638652 0.00460155 0.00459326 0.00459189 0.00460035
0.385 -0.0281171 -0.0281171 -0.0281171 -0.0281171 -0.00661218 -0.00657847 -0.00657972 -0.00660675 0.00546034 0.00546317 0.00545973 0.00545407 0.00310831 0.00310318 0.00310398 0.00310953
0.405 -0.0292568 -0.0292568 -0.0292568 -0.0292568 -0.00680713 -0.00676709 -0.00677131 -0.00681572 0.00480076 0.00479924 0.00479891 0.00479966 0.00406261 0.00405837 0.0040587 0.00406403
0.425 -0.0238201 -0.0238201 -0.0238201 -0.0238201 -0.0153003 -0.0153046 -0.0153056 -0.0153027 -0.00140823 -0.00140204 -0.00140095 -0.00140587 0.00614899 0.00614112 0.00614192 0.00615039
0.445 -0.0276094 -0.0276094 -0.0276094 -0.0276094 -0.0228 -0.0228023 -0.0228018 -0.022799 -0.0105013 -0.0105098 -0.0105093 -0.0105002 0.0042904 0.00428367 0.00428346 0.00429109
0.465 -0.0256088 -0.0256088 -0.0256088 -0.0256088 -0.0267664 -0.0267822 -0.0267817 -0.0267654 -0.0181095 -0.0181136 -0.0181137 -0.0181096 -0.00585078 -0.00585642 -0.00585668 -0.00585143
0.485 -0.0259491 -0.0259491 -0.0259491 -0.0259491 -0.0255006 -0.0255026 -0.0255026 -0.0255006 -0.024084 -0.0240841 -0.0240843 -0.0240844 -0.0226492 -0.0226501 -0.0226502 -0.0226494
0.505 -0.031646 -0.031646 -0.031646 -0.031646 -0.0250701 -0.025041 -0.025041 -0.0250703 -0.0300691 -0.0300697 -0.0300697 -0.0300691 -0.0398261 -0.0398222 -0.0398223 -0.0398262
0.525 -0.0169324 -0.0169324 -0.0169324 -0.0169324 -0.0294031 -0.0294342 -0.0294343 -0.0294032 -0.0384985 -0.0384768 -0.0384768 -0.0384985 -0.051096 -0.0510924 -0.0510924 -0.0510959
0.545 -0.0272888 -0.0272888 -0.0272888 -0.0272888 -0.0318017 -0.0317721 -0.0317721 -0.0318016 -0.0488477 -0.0488681 -0.0488681 -0.0488476 -0.0554546 -0.0554436 -0.0554436 -0.0554546
0.565 -0.0203407 -0.0203407 -0.0203407 -0.0203407 -0.0388803 -0.0389074 -0.0389074 -0.0388803 -0.0533504 -0.0533512 -0.0533512 -0.0533504 -0.0571666 -0.0571597 -0.0571597 -0.0571666
0.585 -0.00898773 -0.00898773 -0.00898773 -0.00898773 -0.0398035 -0.0398807 -0.0398807 -0.0398035 -0.0530771 -0.0530567 -0.0530567 -0.0530772 -0.0576204 -0.0576164 -0.0576164 -0.0576204
0.605 -0.0324917 -0.0324917 -0.0324917 -0.0324917 -0.0305133 -0.0304571 -0.0304571 -0.0305133 -0.0491245 -0.0491558 -0.0491558 -0.0491245 -0.0562835 -0.0562704 -0.0562704 -0.0562835
0.625 -0.0245554 -0.0245554 -0.0245554 -0.0245554 -0.0305563 -0.0305687 -0.0305687 -0.0305563 -0.0389301 -0.0389143 -0.0389143 -0.0389301 -0.0516653 -0.0516613 -0.0516613 -0.0516653
0.645 -0.0121841 -0.0121841 -0.0121841 -0.0121841 -0.029716 -0.0297832 -0.0297832 -0.029716 -0.0317451 -0.0317091 -0.0317091 -0.0317451 -0.0397681 -0.0397702 -0.0397702 -0.0397681
0.665 -0.0251005 -0.0251005 -0.0251005 -0.0251005 -0.0202835 -0.0202359 -0.0202359 -0.0202834 -0.0281673 -0.0282022 -0.0282022 -0.0281673 -0.0235318 -0.023525 -0.023525 -0.0235318
0.685 -0.0196001 -0.0196001 -0.0196001 -0.0196001 -0.0176404 -0.0176287 -0.0176287 -0.0176404 -0.0172189 -0.0172332 -0.0172332 -0.0172189 -0.0109541 -0.0109536 -0.0109536 -0.0109541
0.705 -0.0193695 -0.0193695 -0.0193695 -0.0193695 -0.0164938 -0.0165224 -0.0165224 -0.0164938 -0.00340826 -0.00338423 -0.00338423 -0.00340825 -0.00203062 -0.00203943 -0.00203943 -0.00203061
0.725 -0.0246092 -0.0246092 -0.0246092 -0.0246092 -0.0102343 -0.0102237 -0.0102242 -0.0102372 0.00366193 0.00366711 0.0036659 0.00365455 0.00707674 0.00706928 0.00706838 0.00707319
0.745 -0.0171121 -0.0171121 -0.0171121 -0.0171121 -0.00628713 -0.00626862 -0.00625903 -0.006272 0.00573184 0.00572844 0.00573097 0.0057382 0.0149248 0.0149195 0.0149211 0.0149264
0.765 -0.0133917 -0.0133917 -0.0133917 -0.0133917 -0.00325178 -0.00323058 -0.00322748 -0.00324562 0.00687927 0.0068673 0.00686867 0.0068834 0.0178604 0.0178571 0.0178588 0.0178654
0.785 -0.016175 -0.016175 -0.016175 -0.016175 -0.00240231 -0.00237983 -0.00238113 -0.00240516 0.0089098 0.0089045 0.00890384 0.00890884 0.0148797 0.0148743 0.014875 0.0148809
0.805 -0.0222338 -0.0222338 -0.0222338 -0.0222338 -0.00484364 -0.00482261 -0.0048235 -0.00484563 0.00837132 0.00837701 0.00837627 0.00836977 0.00929126 0.00928488 0.00928495 0.00929134
0.825 -0.0368398 -0.0368398 -0.0368398 -0.0368398 -0.0137175 -0.0136742 -0.0136742 -0.0137175 0.00198472 0.0019837 0.00198362 0.00198451 0.00419093 0.00418375 0.00418367 0.00419077
0.845 0.00258712 0.00258712 0.00258712 0.00258712 -0.0236503 -0.0237659 -0.0237657 -0.0236497 -0.0113009 -0.0112596 -0.0112594 -0.0113004 -0.00123907 -0.00125138 -0.00125154 -0.00123941
0.865 -0.00776043 -0.00776043 -0.00776043 -0.00776043 -0.0117702 -0.0117213 -0.0117212 -0.0117701 -0.0265291 -0.0265885 -0.0265884 -0.026529 -0.0124121 -0.012401 -0.0124009 -0.012412
0.885 -0.0276322 -0.0276322 -0.0276322 -0.0276322 -0.00858509 -0.00847165 -0.00847167 -0.00858511 -0.0254089 -0.0254586 -0.0254586 -0.0254089 -0.0330344 -0.0330197 -0.0330198 -0.0330345
0.905 -0.0215393 -0.0215393 -0.0215393 -0.0215393 -0.0244747 -0.0245356 -0.0245357 -0.0244748 -0.0193579 -0.0192795 -0.0192796 -0.0193579 -0.0491174 -0.0491236 -0.0491236 -0.0491173
0.925 -0.0280157 -0.0280157 -0.0280157 -0.0280157 -0.0339742 -0.0340093 -0.0340093 -0.0339742 -0.0330427 -0.0330061 -0.0330061 -0.0330427 -0.0464594 -0.046462 -0.046462 -0.0464595
0.945 0.00261258 0.00261258 0.00261258 0.00261258 -0.0335578 -0.0336032 -0.0336032 -0.0335579 -0.0541451 -0.0541822 -0.0541822 -0.0541451 -0.0365856 -0.0365755 -0.0365754 -0.0365856
0.965 -0.0202319 -0.0202319 -0.0202319 -0.0202319 -0.0259881 -0.0259005 -0.0259005 -0.0259881 -0.0544401 -0.0545313 -0.0545313 -0.0544401 -0.0397265 -0.0397058 -0.0397059 -0.0397265
0.985 -0.0326471 -0.0326471 -0.0326471 -0.0326471 -0.0305172 -0.0305269 -0.0305269 -0.0305172 -0.0320838 -0.0320472 -0.0320472 -0.0320839 -0.053015 -0.053015 -0.053015 -0.053015
1.005 -0.0234025 -0.0234025 -0.0234025 -0.0234025 -0.0331465 -0.0332495 -0.0332495 -0.0331465 -0.0221057 -0.0220034 -0.0220034 -0.0221057 -0.0525016 -0.0525134 -0.0525134 -0.0525016
1.025 -0.0189941 -0.0189941 -0.0189941 -0.0189941 -0.0211066 -0.0210737 -0.0210737 -0.0211066 -0.0349081 -0.0349398 -0.0349398 -0.0349081 -0.0331611 -0.0331515 -0.0331515 -0.0331611
1.045 -0.0143758 -0.0143758 -0.0143758 -0.0143758 -0.0177446 -0.0176765 -0.0176765 -0.0177446 -0.0372887 -0.0373712 -0.0373712 -0.0372887 -0.0170332 -0.0170185 -0.0170185 -0.0170332
1.065 -0.0201717 -0.0201717 -0.0201717 -0.0201717 -0.0257847 -0.0258232 -0.0258232 -0.0257847 -0.0179299 -0.0179117 -0.0179117 -0.0179299 -0.0146332 -0.0146394 -0.0146394 -0.0146332
1.085 -0.00891699 -0.00891699 -0.00891699 -0.00891699 -0.0226262 -0.0227456 -0.0227456 -0.0226262 -0.00323037 -0.00314645 -0.00314645 -0.00323036 -0.0129282 -0.0129451 -0.0129451 -0.0129282
1.105 -0.0223984 -0.0223984 -0.0223984 -0.0223984 -0.00131966 -0.00123167 -0.00123167 -0.00131965 -0.00509593 -0.00513509 -0.00513509 -0.00509593 -0.00399096 -0.00398466 -0.00398465 -0.00399095
1.125 -0.0181878 -0.0181878 -0.0181878 -0.0181878 0.00171104 0.00180206 0.00180206 0.00171105 -0.00204819 -0.00209602 -0.00209602 -0.00204819 0.00364904 0.00365536 0.00365535 0.00364903
1.145 -0.00242637 -0.00242637 -0.00242637 -0.00242637 -0.00949316 -0.00956716 -0.00956716 -0.00949315 0.00681182 0.00685738 0.00685738 0.00681181 0.00769062 0.007678 0.007678 0.00769063
1.165 -0.0158504 -0.0158504 -0.0158504 -0.0158504 -0.00784101 -0.00784903 -0.00784903 -0.007841 0.00633191 0.00634185 0.00634185 0.00633191 0.0123646 0.0123562 0.0123562 0.0123646
1.185 -0.0316547 -0.0316547 -0.0316547 -0.0316547 -0.00542028 -0.00533696 -0.00533696 -0.00542028 0.00216115 0.00211928 0.00211928 0.00216115 0.0140865 0.0140863 0.0140863 0.0140865
1.205 -0.0189984 -0.0189984 -0.0189984 -0.0189984 -0.0156884 -0.0157227 -0.0157227 -0.0156884 0.00151227 0.00153299 0.00153299 0.00151227 0.0091136 0.00910223 0.00910223 0.0091136
1.225 0.000998511 0.000998511 0.000998511 0.000998511 -0.0178263 -0.0179259 -0.0179259 -0.0178263 -0.00493627 -0.00489337 -0.00489337 -0.00493627 0.000875382 0.000863451 0.000863452 0.000875383
1.245 0.00143135 0.00143135 0.00143135 0.00143135 -0.00100743 -0.000962992 -0.000962995 -0.00100743 -0.0159608 -0.016005 -0.016005 -0.0159608 -0.0101555 -0.0101446 -0.0101446 -0.0101555
1.265 -0.00869027 -0.00869027 -0.00869027 -0.00869027 0.00692835 0.00703755 0.00703754 0.00692837 -0.0149177 -0.0149668 -0.0149668 -0.0149177 -0.0256008 -0.0255834 -0.0255834 -0.0256008
1.285 -0.0341456 -0.0341456 -0.0341456 -0.0341456 -0.00943651 -0.00938795 -0.00938796 -0.00943656 -0.00710086 -0.00706929 -0.00706931 -0.0071009 -0.035253 -0.0352526 -0.0352526 -0.035253
1.305 -0.0133477 -0.0133477 -0.0133477 -0.0133477 -0.0346703 -0.0348184 -0.0348184 -0.0346703 -0.0159362 -0.0158396 -0.0158396 -0.0159362 -0.0272442 -0.0272622 -0.0272622 -0.0272442
1.325 0.00362134 0.00362134 0.00362134 0.00362134 -0.03287 -0.0329407 -0.0329407 -0.03287 -0.0417216 -0.041755 -0.041755 -0.0417216 -0.0122758 -0.0122732 -0.0122732 -0.0122758
1.345 -0.00387476 -0.00387476 -0.00387476 -0.00387476 -0.0153399 -0.0152511 -0.0152511 -0.0153399 -0.0465667 -0.0466864 -0.0466864 -0.0465667 -0.0170913 -0.0170686 -0.0170686 -0.0170913
1.365 -0.0122508 -0.0122508 -0.0122508 -0.0122508 -0.0103281 -0.0103199 -0.0103198 -0.0103281 -0.0191498 -0.0191268 -0.0191268 -0.0191498 -0.041104 -0.041099 -0.041099 -0.041104
1.385 -0.0209277 -0.0209277 -0.0209277 -0.0209277 -0.0101405 -0.0101891 -0.010189 -0.0101406 -0.000878627 -0.000766787 -0.000766887 -0.000878312 -0.0505098 -0.0505185 -0.0505185 -0.0505101
1.405 -0.0289543 -0.0289543 -0.0289543 -0.0289543 -0.0100981 -0.0100356 -0.0100357 -0.0100981 -0.014151 -0.0141545 -0.0141545 -0.014151 -0.0290142 -0.0290093 -0.0290094 -0.0290143
1.425 -0.00962527 -0.00962527 -0.00962527 -0.00962527 -0.0228263 -0.0228133 -0.0228133 -0.0228263 -0.0305069 -0.0305712 -0.0305712 -0.0305071 -0.000358669 -0.000353077 -0.000353067 -0.000358616
1.445 0.0476069 0.0476069 0.0476069 0.0476069 -0.0261844 -0.0264084 -0.0264087 -0.0261851 -0.0268103 -0.0267852 -0.0267843 -0.0268082 0.00831958 0.00830978 0.00830911 0.00831809
1.465 -0.0231297 -0.0231297 -0.0231297 -0.0231297 0.00790046 0.00806569 0.00806553 0.00790032 -0.00695142 -0.00703541 -0.00703505 -0.00695106 -0.00428929 -0.00427294 -0.00427321 -0.00428976
1.485 -0.0338717 -0.0338717 -0.0338717 -0.0338717 0.0147933 0.0148898 0.0148903 0.0147948 0.0227576 0.0227982 0.022798 0.0227566 -0.0178826 -0.0178836 -0.0178837 -0.0178828
1.505 -0.0288973 -0.0288973 -0.0288973 -0.0288973 -0.00439173 -0.00443319 -0.00443399 -0.0043881 0.0270886 0.0271937 0.0271935 0.0270873 -0.00502593 -0.00504572 -0.00504529 -0.00502461
1.525 -0.0107331 -0.0107331 -0.0107331 -0.0107331 -0.0181085 -0.0181422 -0.0181408 -0.0181033 -0.0016029 -0.00162824 -0.00163576 -0.00163437 0.028327 0.0283142 0.0283114 0.028295
1.545 0.00117055 0.00117055 0.00117055 0.00117055 -0.017739 -0.0177246 -0.0177246 -0.0177411 -0.0214414 -0.0215576 -0.0215598 -0.021442 0.042368 0.0423718 0.0423661 0.0423669
1.565 -0.0522279 -0.0522279 -0.0522279 -0.0522279 -0.0184418 -0.0183356 -0.0183363 -0.0184433 -0.00454801 -0.00460366 -0.00459726 -0.00453512 0.0171931 0.0171899 0.0171938 0.017198
1.585 -0.0140122 -0.0140122 -0.0140122 -0.0140122 -0.025667 -0.0258758 -0.0258763 -0.0256678 0.0144686 0.0146497 0.0146522 0.0144738 -0.0179786 -0.0180102 -0.0180084 -0.0179749
1.605 -0.0140732 -0.0140732 -0.0140732 -0.0140732 -0.0047506 -0.00473494 -0.00473495 -0.00475066 -0.0077027 -0.00767559 -0.00767616 -0.00770382 -0.0296853 -0.0296835 -0.0296835 -0.0296852
1.625 0.02009 0.02009 0.02009 0.02009 0.0106852 0.0108017 0.0108018 0.0106853 -0.0374564 -0.0375718 -0.0375727 -0.0374583 -0.0292766 -0.0292431 -0.0292432 -0.0292768
1.645 -0.0189676 -0.0189676 -0.0189676 -0.0189676 -0.00442794 -0.00428699 -0.00428688 -0.00442769 -0.0340418 -0.0341234 -0.0341236 -0.0340421 -0.0378108 -0.0377877 -0.0377879 -0.0378112
1.665 -0.0196615 -0.0196615 -0.0196615 -0.0196615 -0.0410435 -0.0412238 -0.0412238 -0.0410435 -0.0176575 -0.0175166 -0.0175165 -0.0176572 -0.0450375 -0.0450598 -0.0450598 -0.0450375
1.685 -0.0381692 -0.0381692 -0.0381692 -0.0381692 -0.047508 -0.0475962 -0.0475963 -0.047508 -0.0316422 -0.0315867 -0.0315866 -0.031642 -0.0337934 -0.0338067 -0.0338067 -0.0337935
1.705 -0.0612239 -0.0612239 -0.0612239 -0.0612239 -0.0431486 -0.0429958 -0.0429958 -0.0431487 -0.0539919 -0.0541157 -0.0541157 -0.0539919 -0.0215479 -0.0215343 -0.0215342 -0.0215478
1.725 0.0540959 0.0540959 0.0540959 0.0540959 -0.0430921 -0.0433782 -0.0433782 -0.0430922 -0.0525257 -0.0524675 -0.0524675 -0.0525257 -0.0303361 -0.0303432 -0.0303432 -0.0303361
1.745 0.00874428 0.00874428 0.00874428 0.00874428 0.00706363 0.00718254 0.00718254 0.00706366 -0.0383505 -0.038425 -0.0384251 -0.0383506 -0.0528684 -0.0528371 -0.0528371 -0.0528684
1.765 -0.0971984 -0.0971984 -0.0971984 -0.0971984 0.0228167 0.0232712 0.0232716 0.0228161 -0.00620712 -0.00630821 -0.00630888 -0.00620507 -0.0681577 -0.0681213 -0.0681215 -0.0681596
1.785 -0.041984 -0.041984 -0.041984 -0.041984 -0.0410475 -0.0412727 -0.041272 -0.0410465 0.011201 0.0114417 0.0114395 0.0111973 -0.0459196 -0.0459606 -0.0459595 -0.0459175
1.805 0.0205512 0.0205512 0.0205512 0.0205512 -0.0666873 -0.0670467 -0.0670463 -0.066687 -0.0321208 -0.0320212 -0.0320219 -0.0321225 0.0130183 0.012983 0.0129836 0.0130199
1.825 0.0354353 0.0354353 0.0354353 0.0354353 -0.0170486 -0.0169474 -0.0169473 -0.0170518 -0.0702276 -0.0705106 -0.0705101 -0.0702197 0.0426046 0.0426385 0.0426373 0.0425995
1.845 -0.00228248 -0.00228248 -0.00228248 -0.00228248 0.0246932 0.0249365 0.0249365 0.0246934 -0.0178505 -0.0180207 -0.0180211 -0.0178518 -0.00048726 -0.000451231 -0.000451728 -0.000487721
1.865 -0.0409003 -0.0409003 -0.0409003 -0.0409003 0.0212289 0.0211753 0.0211698 0.0211567 0.0638517 0.064115 0.0641145 0.0638526 -0.0520336 -0.0520635 -0.0520636 -0.0520339
1.885 -0.0754028 -0.0754028 -0.0754028 -0.0754028 0.00565325 0.00568717 0.0056854 0.00566804 0.0581933 0.0583885 0.0583838 0.0581837 -0.0270724 -0.0271018 -0.0270983 -0.0270657
1.905 -0.0148527 -0.0148527 -0.0148527 -0.0148527 -0.0253899 -0.0253782 -0.0253628 -0.0253588 -0.0156201 -0.0157301 -0.0157424 -0.0156708 0.0501268 0.0501215 0.0501178 0.0501092
1.925 0.0566819 0.0566819 0.0566819 0.0566819 -0.0452757 -0.0454567 -0.0454548 -0.0452723 -0.0547263 -0.0548903 -0.0548849 -0.0547091 0.0828972 0.0829062 0.0829165 0.0829152
1.945 -0.0333755 -0.0333755 -0.0333755 -0.0333755 -0.0232044 -0.0231209 -0.023123 -0.0232078 -0.0178321 -0.0179326 -0.0179206 -0.0178099 0.0308524 0.0308609 0.0308714 0.0308755
1.965 -0.0614171 -0.0614171 -0.0614171 -0.0614171 -0.00442512 -0.00444849 -0.00445034 -0.00442897 0.0376954 0.0378937 0.0378953 0.0376984 -0.0457882 -0.0458123 -0.0458072 -0.0457783
1.985 -0.0446929 -0.0446929 -0.0446929 -0.0446929 0.00637195 0.00639088 0.00639079 0.00637124 0.0239904 0.0241526 0.0241509 0.0239881 -0.0653253 -0.0653371 -0.0653382 -0.0653278
2.005 -0.0178014 -0.0178014 -0.0178014 -0.0178014 -0.00691578 -0.00674655 -0.0067464 -0.00691518 -0.0417764 -0.0418995 -0.0419004 -0.041779 -0.0310978 -0.0310706 -0.0310714 -0.0310994
2.025 0.0928664 0.0928664 0.0928664 0.0928664 -0.0344786 -0.0347257 -0.0347254 -0.0344781 -0.0789111 -0.0789884 -0.0789882 -0.0789106 -0.00922502 -0.0092093 -0.00921003 -0.00922664
2.045 -0.0047523 -0.0047523 -0.0047523 -0.0047523 -0.0222768 -0.0221886 -0.0221887 -0.0222769 -0.0578505 -0.0579654 -0.0579652 -0.05785 -0.0338508 -0.0338265 -0.0338264 -0.0338507
2.065 -0.0320083 -0.0320083 -0.0320083 -0.0320083 -0.0103954 -0.0104028 -0.0104029 -0.0103953 -0.00894917 -0.00883898 -0.00883893 -0.00894977 -0.0727358 -0.0727477 -0.0727455 -0.0727458
2.085 -0.0915342 -0.0915342 -0.0915342 -0.0915342 -0.0141143 -0.0139803 -0.0139806 -0.0141142 0.00346109 0.00355351 0.00355431 0.0034604 -0.0702723 -0.0702875 -0.0702889 -0.0702806
2.105 -0.0154408 -0.0154408 -0.0154408 -0.0154408 -0.045975 -0.0461259 -0.0461259 -0.0459751 -0.0300593 -0.0299961 -0.0299958 -0.030058 -0.0225993 -0.0226123 -0.0226124 -0.0225958
2.125 0.0723758 0.0723758 0.0723758 0.0723758 -0.0440562 -0.0443044 -0.0443045 -0.0440563 -0.0672466 -0.067324 -0.0673239 -0.0672463 0.0181768 0.0181815 0.0181834 0.01818
2.145 -0.0276187 -0.0276187 -0.0276187 -0.0276187 0.00097215 0.00128584 0.00128588 0.00097225 -0.0472085 -0.0474675 -0.0474676 -0.0472087 0.0034747 0.00351823 0.00351874 0.00347584
2.165 -0.000459253 -0.000459253 -0.000459253 -0.000459253 0.00479061 0.00466087 0.00466087 0.00479062 0.0247464 0.0249302 0.02493 0.0247461 -0.0421598 -0.0421788 -0.0421787 -0.0421596
2.185 0.0545381 0.0545381 0.0545381 0.0545381 0.0268084 0.0265354 0.0265354 0.0268084 0.0444535 0.0447207 0.0447207 0.0444535 -0.0422937 -0.0423179 -0.042318 -0.042294
2.205 -0.11555 -0.11555 -0.11555 -0.11555 0.0521175 0.0528432 0.0528213 0.0520547 0.0113904 0.0110735 0.0110778 0.0114017 0.0099889 0.0100449 0.0100433 0.00998537
2.225 0.00794274 0.00794274 0.00794274 0.00794274 -0.0352187 -0.0354823 -0.0355084 -0.0352686 0.00949297 0.00955209 0.0095502 0.00945148 0.05821 0.0581731 0.0581708 0.0582058
2.245 0.0644527 0.0644527 0.0644527 0.0644527 -0.0641873 -0.0647812 -0.0647794 -0.064177 0.00478392 0.00496919 0.00496446 0.00478331 0.0785658 0.0784984 0.0784995 0.0785631
2.265 -0.0758691 -0.0758691 -0.0758691 -0.0758691 0.0109231 0.0113399 0.0113537 0.0109328 -0.00257277 -0.00284499 -0.00284116 -0.00256306 0.057659 0.057687 0.0576865 0.0576576
2.285 -0.117433 -0.117433 -0.117433 -0.117433 0.0112463 0.011595 0.0115868 0.0112364 0.0351363 0.0350895 0.0350898 0.0351346 0.0012162 0.00121869 0.00121975 0.00121896
2.305 -0.0293672 -0.0293672 -0.0293672 -0.0293672 -0.0480881 -0.0485229 -0.0485265 -0.0480934 0.0422814 0.04267 0.0426695 0.0422806 -0.0292012 -0.0292753 -0.0292763 -0.0292035
2.325 -0.00839196 -0.00839196 -0.00839196 -0.00839196 -0.0400518 -0.0401357 -0.0401357 -0.0400523 -0.0402632 -0.0402813 -0.0402818 -0.0402641 -0.0109894 -0.010992 -0.0109913 -0.0109878
2.345 -0.0274548 -0.0274548 -0.0274548 -0.0274548 -0.0197225 -0.0193482 -0.0193475 -0.0197218 -0.101479 -0.10186 -0.101859 -0.101476 -0.014752 -0.014686 -0.0146866 -0.0147534
2.365 -0.0183953 -0.0183953 -0.0183953 -0.0183953 -0.0572763 -0.0573329 -0.0573304 -0.0572176 -0.068879 -0.0688776 -0.0689105 -0.0689642 -0.0765215 -0.0765194 -0.0765264 -0.0765266
2.385 0.00398465 0.00398465 0.00398465 0.00398465 -0.0610321 -0.0614518 -0.0614596 -0.0610608 -0.0430349 -0.0427127 -0.0427273 -0.0430453 -0.130434 -0.130471 -0.130446 -0.130407
2.405 -0.152775 -0.152775 -0.152775 -0.152775 -0.0368038 -0.0362907 -0.0363008 -0.0368174 -0.075329 -0.075473 -0.0754701 -0.0753225 -0.129231 -0.129189 -0.129182 -0.129218
2.425 0.18865 0.18865 0.18865 0.18865 -0.0539745 -0.0546525 -0.0546576 -0.0539791 -0.112157 -0.111987 -0.11198 -0.112138 -0.0994176 -0.0994083 -0.0994037 -0.0994054
2.445 -0.0725965 -0.0725965 -0.0725965 -0.0725965 0.0110215 0.0117579 0.0117621 0.011033 -0.11393 -0.114399 -0.114395 -0.113924 -0.0845684 -0.0844649 -0.0844687 -0.0845765
2.465 -0.029827 -0.029827 -0.029827 -0.029827 -0.0307608 -0.0308498 -0.0308483 -0.0307611 -0.0292063 -0.0290659 -0.0290696 -0.0292142 -0.0942703 -0.0942756 -0.094274 -0.0942669
2.485 0.0675635 0.0675635 0.0675635 0.0675635 -0.0559874 -0.0567367 -0.0567361 -0.0559859 0.0119381 0.01242 0.0124192 0.0119366 -0.061081 -0.0611579 -0.0611607 -0.0610869
2.505 -0.075535 -0.075535 -0.075535 -0.075535 0.0207124 0.0212602 0.0212593 0.0207108 -0.026405 -0.0267409 -0.0267416 -0.0264066 0.0185353 0.0185896 0.0185916 0.0185395
2.525 -0.0392183 -0.0392183 -0.0392183 -0.0392183 0.00954016 0.00983582 0.00983617 0.00954088 -0.00441945 -0.00466021 -0.00465925 -0.00441697 0.0644088 0.0644316 0.0644304 0.0644063
2.545 0.0178976 0.0178976 0.0178976 0.0178976 -0.0391051 -0.0395925 -0.0395531 -0.0390337 0.0613548 0.0616568 0.061655 0.0613768 0.0687258 0.0686473 0.0686482 0.0687315
2.565 0.000499759 0.000499759 0.000499759 0.000499759 0.00592919 0.00577546 0.0057778 0.00593219 0.0686212 0.0687395 0.0687366 0.0686199 0.0769492 0.0769059 0.0769065 0.076944
2.585 0.257905 0.257905 0.257905 0.257905 0.110587 0.110266 0.110263 0.110573 0.0452108 0.0451821 0.0451745 0.0451941 0.0834675 0.0834911 0.0834896 0.0834675
2.605 -0.195503 -0.195503 -0.195503 -0.195503 0.194568 0.196274 0.196267 0.194547 0.0839725 0.0832513 0.083249 0.0839889 0.0609883 0.0611286 0.0611291 0.0609847
2.625 -0.201023 -0.201023 -0.201023 -0.201023 -0.0357572 -0.0359282 -0.0359597 -0.0358617 0.18566 0.18622 0.18624 0.185692 0.0506088 0.0504708 0.0504714 0.0506127
2.645 0.391626 0.391626 0.391626 0.391626 -0.129701 -0.132208 -0.132229 -0.129743 0.0793276 0.0804241 0.0804501 0.0793886 0.139045 0.138811 0.138784 0.139049
2.665 -0.386075 -0.386075 -0.386075 -0.386075 0.0946585 0.0974796 0.0974816 0.0946685 -0.108316 -0.110096 -0.110062 -0.108255 0.192448 0.192683 0.192661 0.192419
2.685 0.0904013 0.0904013 0.0904013 0.0904013 -0.0229885 -0.0234458 -0.0234414 -0.0229783 0.000555558 0.000673495 0.000680038 0.0005668 0.0492898 0.0492638 0.0492665 0.0492814
2.705 0.100531 0.100531 0.100531 0.100531 -0.0813291 -0.0827546 -0.0827522 -0.0813197 0.10215 0.103255 0.103246 0.102123 -0.110306 -0.110485 -0.110482 -0.110293
2.725 0.201841 0.201841 0.201841 0.201841 0.124994 0.125029 0.12503 0.124996 -0.0294858 -0.0295303 -0.0295405 -0.0295064 -0.12507 -0.124973 -0.124965 -0.125053
2.745 -0.17769 -0.17769 -0.17769 -0.17769 0.226417 0.228886 0.228921 0.22649 -0.106965 -0.108302 -0.108325 -0.10701 -0.0994923 -0.0991862 -0.099184 -0.099488
2.765 -0.00574548 -0.00574548 -0.00574548 -0.00574548 -0.0952395 -0.0961321 -0.0961174 -0.0952202 0.0215571 0.0222271 0.0222193 0.0215461 -0.0988836 -0.0989922 -0.0989903 -0.0988796
2.785 -0.0213195 -0.0213195 -0.0213195 -0.0213195 -0.309038 -0.310939 -0.31096 -0.309045 0.00282493 0.00394424 0.00394927 0.0028359 -0.0136399 -0.0139146 -0.0139168 -0.0136446
2.805 0.208797 0.208797 0.208797 0.208797 -0.104842 -0.10525 -0.105225 -0.104814 -0.211954 -0.212445 -0.212457 -0.211971 0.0933907 0.0934487 0.0934578 0.0934088
2.825 0.00606983 0.00606983 0.00606983 0.00606983 0.203839 0.205949 0.205967 0.203879 -0.196147 -0.197738 -0.197748 -0.196172 -0.00219814 -0.00186727 -0.00186915 -0.00220007
2.845 -0.0455393 -0.0455393 -0.0455393 -0.0455393 0.140085 0.140167 0.140174 0.140112 0.148701 0.149288 0.149255 0.148598 -0.229114 -0.229188 -0.229212 -0.229195
2.865 0.104862 0.104862 0.104862 0.104862 -0.0398532 -0.0418468 -0.0418423 -0.0398409 0.268335 0.270229 0.270207 0.268281 -0.207109 -0.207442 -0.207494 -0.207237
2.885 0.230438 0.230438 0.230438 0.230438 0.075922 0.0759998 0.0759981 0.0759174 -0.0420093 -0.0424353 -0.0424259 -0.0419843 0.115336 0.115419 0.115403 0.115311
2.905 0.1279 0.1279 0.1279 0.1279 0.225051 0.227106 0.227098 0.225017 -0.176713 -0.178718 -0.178722 -0.176685 0.309771 0.310101 0.310117 0.309926
2.925 -0.479716 -0.479716 -0.479716 -0.479716 -0.0239337 -0.0229058 -0.0230031 -0.0239541 0.187773 0.187685 0.187772 0.187979 0.183018 0.182895 0.182866 0.182947
2.945 0.583788 0.583788 0.583788 0.583788 -0.284325 -0.289941 -0.289974 -0.284367 0.398102 0.401498 0.401468 0.398042 0.0972123 0.0965434 0.0965279 0.0971793
2.965 0.166687 0.166687 0.166687 0.166687 0.354265 0.356234 0.356363 0.354632 0.0325711 0.0310905 0.0310217 0.0323827 0.233898 0.23418 0.234172 0.233883
2.985 -0.540202 -0.540202 -0.540202 -0.540202 0.57534 0.581177 0.581224 0.575414 0.0158681 0.0126992 0.0126673 0.0158177 0.209357 0.209968 0.210002 0.209426
3.005 -0.240517 -0.240517 -0.240517 -0.240517 -0.262315 -0.265 -0.265084 -0.26241 0.452531 0.455072 0.455107 0.452603 0.0473723 0.0468107 0.0467831 0.0473157
3.025 0.680414 0.680414 0.680414 0.680414 -0.491314 -0.497727 -0.497733 -0.491428 0.212641 0.21586 0.215868 0.212619 0.193748 0.193067 0.193093 0.193803
3.045 -0.125758 -0.125758 -0.125758 -0.125758 0.335865 0.340804 0.340838 0.335927 -0.436547 -0.440632 -0.440658 -0.436542 0.365862 0.366554 0.366496 0.36598
3.065 -0.518395 -0.518395 -0.518395 -0.518395 0.305991 0.310502 0.310563 0.306089 -0.150105 -0.152575 -0.152652 -0.150229 -0.0138947 -0.0134222 -0.0133504 -0.0138245
3.085 0.0735023 0.0735023 0.0735023 0.0735023 -0.435563 -0.44105 -0.440983 -0.435374 0.439453 0.444003 0.443876 0.439254 -0.463863 -0.464268 -0.464418 -0.463672
3.105 0.289778 0.289778 0.289778 0.289778 -0.23338 -0.236169 -0.236224 -0.233342 -0.016175 -0.0143891 -0.0144799 -0.0163369 -0.289929 -0.290154 -0.290244 -0.29007
3.125 0.129289 0.129289 0.129289 0.129289 0.386892 0.391963 0.392064 0.387196 -0.697294 -0.701664 -0.701828 -0.697611 0.0234127 0.0242598 0.0242477 0.0233571
3.145 -0.540223 -0.540223 -0.540223 -0.540223 0.0358865 0.0392757 0.0391417 0.0357104 -0.320764 -0.322686 -0.322655 -0.320764 -0.191008 -0.190634 -0.190623 -0.190967
3.165 0.743808 0.743808 0.743808 0.743808 -0.67544 -0.684413 -0.684593 -0.675872 0.266169 0.271874 0.271969 0.266405 -0.468286 -0.469264 -0.469311 -0.468359
3.185 0.378262 0.378262 0.378262 0.378262 0.0722994 0.0717099 0.0717292 0.0723438 -0.161964 -0.161904 -0.161896 -0.161948 -0.229972 -0.229863 -0.229846 -0.229953
3.205 -1.49066 -1.49066 -1.49066 -1.49066 0.575905 0.586966 0.587033 0.576061 -0.413593 -0.419581 -0.419597 -0.413633 -0.000823482 0.000252224 0.000239535 -0.000847773
3.225 0.191832 0.191832 0.191832 0.191832 -0.634701 -0.64035 -0.64033 -0.634661 0.184302 0.187821 0.187806 0.18427 -0.0777649 -0.0785034 -0.078503 -0.0777639
3.245 0.932052 0.932052 0.932052 0.932052 -0.710131 -0.718299 -0.718292 -0.710134 0.0729819 0.0769566 0.0769452 0.0729673 0.0768322 0.0760047 0.0760118 0.0768461
3.265 -0.144194 -0.144194 -0.144194 -0.144194 0.611292 0.618356 0.618356 0.611293 -0.499857 -0.505065 -0.505061 -0.499847 0.249614 0.250594 0.250589 0.249604
3.285 -0.193033 -0.193033 -0.193033 -0.193033 0.731499 0.736682 0.736679 0.731512 0.0379936 0.0354859 0.035484 0.0379857 -0.114661 -0.11402 -0.114014 -0.114648
3.305 0.0697579 0.0697579 0.0697579 0.0697579 -0.111585 -0.116677 -0.116712 -0.111892 0.856823 0.861979 0.862015 0.856921 -0.382007 -0.382845 -0.382851 -0.382028
3.325 0.225063 0.225063 0.225063 0.225063 -0.145957 -0.14922 -0.149281 -0.146143 0.407012 0.409106 0.409019 0.406486 0.182511 0.182039 0.18203 0.182481
3.345 -0.315284 -0.315284 -0.315284 -0.315284 0.274388 0.280137 0.280201 0.274488 -0.405572 -0.410551 -0.410636 -0.405471 0.861211 0.861933 0.862245 0.861839
3.365 0.824462 0.824462 0.824462 0.824462 -0.0306532 -0.0326098 -0.03253 -0.0304892 -0.0934874 -0.0941553 -0.0942418 -0.0936661 0.69825 0.698234 0.698255 0.698154
3.385 -0.0785381 -0.0785381 -0.0785381 -0.0785381 0.0750708 0.0734808 0.0733791 0.0754322 0.591872 0.593972 0.594008 0.591899 0.0845329 0.0841346 0.0840433 0.0844299
3.405 -0.840498 -0.840498 -0.840498 -0.840498 0.366112 0.368191 0.368071 0.365664 0.683357 0.684353 0.684392 0.683485 -0.147625 -0.147764 -0.147778 -0.147681
3.425 0.275409 0.275409 0.275409 0.275409 0.180997 0.180272 0.180331 0.18102 0.213683 0.21412 0.214147 0.213728 0.144575 0.144517 0.144497 0.144534
3.445 0.159606 0.159606 0.159606 0.159606 -0.0401791 -0.039289 -0.0392398 -0.0400407 -0.264291 -0.266061 -0.266069 -0.264306 0.446643 0.44683 0.44684 0.446663
3.465 0.577212 0.577212 0.577212 0.577212 -0.210556 -0.212637 -0.212612 -0.210496 -0.237054 -0.237179 -0.237184 -0.237064 0.285732 0.285659 0.285651 0.285716
3.485 0.278197 0.278197 0.278197 0.278197 0.0994971 0.0987654 0.098756 0.0994723 0.0257423 0.0262614 0.0262567 0.0257195 -0.179717 -0.179704 -0.179692 -0.179691
3.505 -0.347176 -0.347176 -0.347176 -0.347176 0.41292 0.415409 0.415409 0.412925 0.198919 0.198881 0.198881 0.198895 -0.501007 -0.500881 -0.500901 -0.501132
3.525 -0.474561 -0.474561 -0.474561 -0.474561 0.10779 0.109072 0.109075 0.107791 0.149664 0.150146 0.150135 0.149656 -0.399667 -0.399638 -0.399695 -0.399726
3.545 0.0879533 0.0879533 0.0879533 0.0879533 -0.477207 -0.479756 -0.479736 -0.477228 -0.189369 -0.188421 -0.188417 -0.189356 0.0258788 0.0256051 0.0255972 0.025869
3.565 0.414536 0.414536 0.414536 0.414536 -0.472895 -0.474615 -0.474692 -0.472805 -0.583808 -0.584756 -0.58476 -0.583802 0.308345 0.308349 0.308357 0.308353
3.585 -0.494236 -0.494236 -0.494236 -0.494236 -0.0976087 -0.0944045 -0.0945109 -0.0977903 -0.44799 -0.450384 -0.450394 -0.44801 0.0259181 0.0262766 0.0262806 0.0259295
3.605 -0.11909 -0.11909 -0.11909 -0.11909 -0.0978514 -0.0992402 -0.0992847 -0.0979688 0.118931 0.120526 0.120426 0.118546 -0.535926 -0.536138 -0.53616 -0.535962
3.625 -0.191938 -0.191938 -0.191938 -0.191938 0.0159004 0.0152059 0.0152062 0.0159031 0.175726 0.177598 0.177687 0.175899 -0.653091 -0.653335 -0.65322 -0.653003
3.645 -0.0813544 -0.0813544 -0.0813544 -0.0813544 0.110025 0.111955 0.111964 0.110054 -0.272221 -0.273342 -0.273249 -0.272027 -0.267901 -0.267558 -0.267487 -0.267716
3.665 1.0954 1.0954 1.0954 1.0954 -0.0136901 -0.0157102 -0.0157117 -0.0136974 -0.469557 -0.470228 -0.470216 -0.469535 0.0591711 0.0593807 0.0594126 0.0592459
3.685 0.666339 0.666339 0.666339 0.666339 0.227453 0.227282 0.227279 0.227446 -0.168968 -0.169712 -0.169733 -0.169013 0.0231576 0.0233843 0.0233882 0.0231637
3.705 -0.748193 -0.748193 -0.748193 -0.748193 0.39618 0.399605 0.399617 0.396184 0.424151 0.423825 0.423817 0.424127 -0.136485 -0.136358 -0.136363 -0.136496
3.725 -0.432733 -0.432733 -0.432733 -0.432733 -0.0275654 -0.0291548 -0.0291805 -0.0277933 0.709057 0.711603 0.711649 0.709277 0.0741499 0.0736242 0.0736097 0.0740866
3.745 0.0847861 0.0847861 0.0847861 0.0847861 -0.233341 -0.235379 -0.235392 -0.233332 0.25848 0.259179 0.259091 0.258765 0.707141 0.70676 0.706744 0.707105
3.765 1.12018 1.12018 1.12018 1.12018 0.109639 0.108371 0.108419 0.109769 -0.199311 -0.201482 -0.201612 -0.199558 1.05643 1.05676 1.05679 1.05709
3.785 -0.338576 -0.338576 -0.338576 -0.338576 0.624897 0.630334 0.630041 0.624879 0.194191 0.190961 0.190958 0.19416 0.608896 0.609392 0.609496 0.608984
3.805 -0.323616 -0.323616 -0.323616 -0.323616 0.338466 0.337659 0.337669 0.338917 1.03762 1.04059 1.04058 1.03749 -0.0669051 -0.0673337 -0.0673174 -0.0668508
3.825 0.360518 0.360518 0.360518 0.360518 0.206429 0.202719 0.202799 0.206493 0.859303 0.862919 0.862994 0.85949 0.0149198 0.0143225 0.0142602 0.0147928
3.845 -0.53223 -0.53223 -0.53223 -0.53223 0.384073 0.389571 0.389534 0.383954 -0.0768745 -0.0806256 -0.0806089 -0.0768383 0.615606 0.616132 0.616133 0.615601
3.865 0.187865 0.187865 0.187865 0.187865 -0.265687 -0.266111 -0.266124 -0.265731 -0.284933 -0.286493 -0.286489 -0.284937 0.722976 0.722986 0.722966 0.722938
3.885 0.369816 0.369816 0.369816 0.369816 -0.659145 -0.664512 -0.664522 -0.659161 0.00845317 0.0108866 0.0108776 0.00843436 0.225662 0.225033 0.22504 0.225678
3.905 0.609261 0.609261 0.609261 0.609261 0.0768291 0.07501 0.0750578 0.0767617 -0.0492288 -0.048221 -0.0482094 -0.0492409 -0.333683 -0.333698 -0.333699 -0.333684
3.925 -0.184429 -0.184429 -0.184429 -0.184429 1.00162 1.00857 1.00851 1.00172 -0.186132 -0.188791 -0.188861 -0.185667 -0.721484 -0.720647 -0.720733 -0.721742
3.945 -2.04191 -2.04191 -2.04191 -2.04191 0.179256 0.186172 0.186013 0.179043 0.150263 0.149061 0.148895 0.149657 -0.848819 -0.848515 -0.848513 -0.848826
3.965 0.571748 0.571748 0.571748 0.571748 -1.68916 -1.70237 -1.7024 -1.68913 -0.0162962 -0.00868093 -0.00881003 -0.0162213 -0.3509 -0.352508 -0.352492 -0.350908
3.985 1.77541 1.77541 1.77541 1.77541 -0.935991 -0.941734 -0.941534 -0.934393 -1.40046 -1.40169 -1.40157 -1.40049 0.403892 0.404004 0.404104 0.404168
4.005 -0.924558 -0.924558 -0.924558 -0.924558 0.810217 0.825423 0.825758 0.811182 -1.52371 -1.53539 -1.53564 -1.5255 -0.0411078 -0.0390687 -0.0391429 -0.0412298
4.025 -0.782712 -0.782712 -0.782712 -0.782712 0.061774 0.0611501 0.0610578 0.0616272 0.48338 0.487209 0.486902 0.482617 -1.4681 -1.46876 -1.46888 -1.46864
4.045 0.988995 0.988995 0.988995 0.988995 -0.560535 -0.574307 -0.574422 -0.560812 1.04092 1.05236 1.05251 1.04123 -1.56785 -1.5699 -1.57022 -1.5691
4.065 -0.386685 -0.386685 -0.386685 -0.386685 0.592387 0.600734 0.600683 0.592305 -0.700531 -0.706166 -0.70593 -0.700086 -0.0285574 -0.0274143 -0.0275341 -0.0286747
4.085 -0.429491 -0.429491 -0.429491 -0.429491 0.270173 0.279414 0.279414 0.270149 -1.13449 -1.14296 -1.14293 -1.13434 0.903866 0.905219 0.905296 0.904006
4.105 0.836203 0.836203 0.836203 0.836203 -1.19986 -1.21148 -1.21145 -1.19987 0.290565 0.296313 0.296277 0.2905 0.514823 0.513437 0.513472 0.514907
4.125 0.00961167 0.00961167 0.00961167 0.00961167 -0.464103 -0.470252 -0.470175 -0.463904 0.775753 0.780637 0.780523 0.775611 0.152194 0.151199 0.151224 0.152254
4.145 -0.337324 -0.337324 -0.337324 -0.337324 1.29115 1.30027 1.3007 1.29235 0.240083 0.235357 0.23524 0.239709 0.250582 0.251626 0.251643 0.250631
4.165 -0.839904 -0.839904 -0.839904 -0.839904 1.13275 1.1415 1.14151 1.13314 0.47146 0.467702 0.467616 0.471303 0.25601 0.256803 0.256836 0.25607
4.185 0.0903 0.0903 0.0903 0.0903 -0.578722 -0.587183 -0.587739 -0.579833 0.994494 1.00034 1.00053 0.994512 0.376922 0.375594 0.37549 0.376794
4.205 1.665 1.665 1.665 1.665 -0.636564 -0.646938 -0.64729 -0.637311 0.204857 0.208574 0.209117 0.20563 0.971555 0.970643 0.970673 0.971623
4.225 0.383959 0.383959 0.383959 0.383959 1.04609 1.05559 1.05557 1.04602 -0.640149 -0.64831 -0.647952 -0.639399 1.08714 1.08858 1.0887 1.0871
4.245 0.26052 0.26052 0.26052 0.26052 1.17902 1.18399 1.18405 1.17908 0.464719 0.462731 0.462722 0.464711 0.0483594 0.0490927 0.0492377 0.0485778
4.265 0.777379 0.777379 0.777379 0.777379 0.439398 0.431393 0.431141 0.438945 1.65287 1.66118 1.66097 1.65266 -0.686791 -0.687926 -0.687858 -0.686675
4.285 -0.583435 -0.583435 -0.583435 -0.583435 0.582908 0.585269 0.584853 0.582225 0.853118 0.853656 0.853606 0.852945 0.102391 0.102372 0.102404 0.102487
4.305 -0.134092 -0.134092 -0.134092 -0.134092 0.215509 0.220439 0.220398 0.215543 -0.342692 -0.347944 -0.347882 -0.34272 1.2843 1.28488 1.28478 1.28386
4.325 0.908551 0.908551 0.908551 0.908551 -0.690369 -0.69519 -0.695137 -0.69017 -0.284896 -0.284919 -0.284409 -0.283873 1.38365 1.38326 1.38345 1.38356
4.345 0.542826 0.542826 0.542826 0.542826 -0.336665 -0.341576 -0.341569 -0.336655 0.306348 0.308752 0.309072 0.306792 0.521616 0.521162 0.521279 0.521963
4.365 -0.308322 -0.308322 -0.308322 -0.308322 0.83991 0.843634 0.843579 0.839749 0.577083 0.577 0.576969 0.577089 -0.378161 -0.37781 -0.377714 -0.37793
4.385 0.815444 0.815444 0.815444 0.815444 1.19016 1.192 1.19193 1.18995 0.531842 0.532353 0.532288 0.531754 -0.683252 -0.682817 -0.682792 -0.683233
4.405 0.396705 0.396705 0.396705 0.396705 0.837046 0.839789 0.839783 0.837049 0.250117 0.249289 0.249265 0.250061 -0.300964 -0.300506 -0.300505 -0.30096
4.425 0.0477329 0.0477329 0.0477329 0.0477329 -0.070898 -0.0712908 -0.0712722 -0.0708376 0.0362643 0.036031 0.0360378 0.0362807 0.349689 0.349608 0.349593 0.349662
4.445 0.472702 0.472702 0.472702 0.472702 -0.74371 -0.748969 -0.748932 -0.743635 -0.0847558 -0.0834455 -0.0834704 -0.0847542 0.791824 0.791203 0.791219 0.791822
4.465 0.58933 0.58933 0.58933 0.58933 -0.222515 -0.224539 -0.224518 -0.222495 -0.165905 -0.166566 -0.166577 -0.165917 0.72876 0.728661 0.72866 0.728764
4.485 -0.00379633 -0.00379633 -0.00379633 -0.00379633 0.696845 0.701102 0.701184 0.697139 0.182652 0.180579 0.180564 0.182603 0.133877 0.134359 0.134365 0.13389
4.505 0.687443 0.687443 0.687443 0.687443 0.929679 0.929409 0.929527 0.929958 0.790884 0.792844 0.79285 0.790876 -0.421738 -0.421692 -0.4217 -0.421747
4.525 0.0229679 0.0229679 0.0229679 0.0229679 0.838636 0.840412 0.840481 0.838785 0.820597 0.821682 0.821658 0.820596 -0.223178 -0.223123 -0.223113 -0.223179
4.545 -0.0830424 -0.0830424 -0.0830424 -0.0830424 0.264555 0.265838 0.265854 0.264541 0.359505 0.358793 0.358793 0.359525 0.585909 0.585908 0.585912 0.58591
4.565 1.19781 1.19781 1.19781 1.19781 -0.310537 -0.315477 -0.315498 -0.310569 0.000480152 0.000670461 0.000680321 0.000516224 1.22007 1.21965 1.21966 1.22004
4.585 0.562345 0.562345 0.562345 0.562345 0.137107 0.136992 0.136986 0.137067 0.0741942 0.0723508 0.0724643 0.074057 1.10774 1.1078 1.1078 1.10776
4.605 -0.0532353 -0.0532353 -0.0532353 -0.0532353 0.72203 0.724176 0.723931 0.721009 0.70735 0.707014 0.707044 0.707497 0.38762 0.387735 0.387749 0.387643
4.625 1.03089 1.03089 1.03089 1.03089 0.912977 0.910284 0.910512 0.913008 1.15423 1.15764 1.15766 1.15436 -0.0862779 -0.0865749 -0.0865755 -0.0862948
4.645 0.652318 0.652318 0.652318 0.652318 1.27388 1.2769 1.27687 1.27392 0.798747 0.798097 0.798152 0.798856 0.218062 0.21846 0.218456 0.218059
4.665 -0.0605078 -0.0605078 -0.0605078 -0.0605078 0.873688 0.878571 0.878621 0.87379 0.487532 0.484678 0.48467 0.487475 0.810263 0.810723 0.810709 0.810252
4.685 0.58822 0.58822 0.58822 0.58822 -0.235744 -0.240846 -0.240888 -0.235807 0.601 0.603621 0.60389 0.602567 1.16296 1.1622 1.1622 1.16291
4.705 0.588703 0.588703 0.588703 0.588703 -0.304859 -0.309666 -0.309773 -0.305173 0.481494 0.482731 0.482729 0.480967 1.2251 1.22443 1.22439 1.225
4.725 0.244392 0.244392 0.244392 0.244392 0.594398 0.59725 0.597256 0.594418 0.296171 0.293728 0.293584 0.295903 0.879726 0.880028 0.880007 0.879678
4.745 0.16067 0.16067 0.16067 0.16067 0.992244 0.995843 0.995882 0.992334 0.625667 0.624655 0.624632 0.625662 0.177263 0.177638 0.177647 0.177288
4.765 0.487675 0.487675 0.487675 0.487675 0.674797 0.673336 0.673354 0.674832 0.919741 0.922524 0.922561 0.919814 -0.235852 -0.23608 -0.236073 -0.235837
4.785 0.509053 0.509053 0.509053 0.509053 0.42102 0.420192 0.420191 0.421028 0.450419 0.451394 0.451406 0.450444 0.075671 0.0756081 0.0756089 0.0756754
4.805 0.845253 0.845253 0.845253 0.845253 0.290601 0.291094 0.291088 0.29059 -0.198727 -0.200783 -0.200799 -0.198739 0.575805 0.576122 0.576132 0.575813
4.825 0.840151 0.840151 0.840151 0.840151 0.2254 0.225211 0.22521 0.225395 -0.153376 -0.154924 -0.154926 -0.153385 0.542546 0.542774 0.542771 0.542544
4.845 0.26834 0.26834 0.26834 0.26834 0.314476 0.313906 0.313906 0.314472 0.420363 0.421265 0.421264 0.420358 0.0802496 0.0801572 0.0801591 0.0802549
4.865 1.03771 1.03771 1.03771 1.03771 0.550586 0.547465 0.547448 0.550609 0.698897 0.701634 0.701637 0.698902 -0.131853 -0.132108 -0.13211 -0.131856
4.885 1.9043 1.9043 1.9043 1.9043 1.26885 1.2687 1.2688 1.26875 0.426692 0.426127 0.426116 0.426704 0.168498 0.16898 0.168984 0.168502
4.905 0.942113 0.942113 0.942113 0.942113 1.76903 1.77426 1.77394 1.76491 0.520001 0.515936 0.515993 0.519952 0.541357 0.5424 0.542385 0.541356
4.925 0.32332 0.32332 0.32332 0.32332 0.970297 0.971868 0.97228 0.971228 1.35364 1.35409 1.35369 1.35198 0.826135 0.825945 0.825951 0.826238
4.945 1.06088 1.06088 1.06088 1.06088 0.182965 0.176729 0.177625 0.186183 1.63812 1.64321 1.64431 1.63866 1.47598 1.47462 1.4745 1.47516
4.965 0.903409 0.903409 0.903409 0.903409 0.809673 0.809786 0.810888 0.810368 1.00678 1.00525 1.00573 1.00847 2.28292 2.28309 2.28338 2.28347
4.985 -0.115439 -0.115439 -0.115439 -0.115439 1.33475 1.34277 1.34282 1.33563 1.0392 1.03381 1.03382 1.03916 2.28981 2.29031 2.29036 2.28955
5.005 0.246811 0.246811 0.246811 0.246811 0.72054 0.717522 0.717533 0.719494 1.94422 1.94726 1.94718 1.94401 1.55438 1.5536 1.55364 1.55457
5.025 1.05473 1.05473 1.05473 1.05473 0.645574 0.639529 0.639434 0.645632 1.88845 1.89345 1.89355 1.88854 1.19176 1.19078 1.19085 1.19192
5.045 0.504401 0.504401 0.504401 0.504401 1.45337 1.45941 1.45946 1.45354 0.793972 0.790146 0.790221 0.794127 1.31448 1.31513 1.3151 1.31441
5.065 0.641878 0.641878 0.641878 0.641878 1.16429 1.16884 1.16888 1.16437 0.478546 0.475084 0.475055 0.478494 1.04159 1.04223 1.04226 1.04165
5.085 0.502918 0.502918 0.502918 0.502918 0.0866217 0.0824206 0.0823616 0.086574 0.846003 0.849215 0.849201 0.845976 0.403251 0.402558 0.40255 0.403185
5.105 0.495391 0.495391 0.495391 0.495391 -0.140226 -0.145118 -0.145175 -0.140523 0.462098 0.46485 0.464917 0.461929 0.112212 0.111655 0.111663 0.11223
5.125 0.561995 0.561995 0.561995 0.561995 0.426092 0.434234 0.430518 0.427675 -0.443955 -0.447661 -0.447395 -0.443756 0.0500992 0.050806 0.050818 0.0501843
5.145 0.387642 0.387642 0.387642 0.387642 0.484393 0.488662 0.486872 0.483492 -0.544209 -0.547087 -0.546561 -0.543109 -0.392869 -0.392081 -0.39208 -0.392884
5.165 0.00777129 0.00777129 0.00777129 0.00777129 -0.156024 -0.159712 -0.15973 -0.158241 -0.015391 -0.0129456 -0.0124426 -0.0144916 -0.966118 -0.966345 -0.966462 -0.966365
5.185 0.692509 0.692509 0.692509 0.692509 -0.364169 -0.369737 -0.369605 -0.364762 -0.15917 -0.155674 -0.155705 -0.159427 -0.923706 -0.924114 -0.924142 -0.923778
5.205 0.364188 0.364188 0.364188 0.364188 0.2223 0.226487 0.226106 0.223011 -0.839968 -0.843608 -0.843196 -0.840116 -0.435596 -0.434688 -0.43484 -0.435602
5.225 -0.375789 -0.375789 -0.375789 -0.375789 0.152086 0.157118 0.157313 0.152367 -0.650174 -0.65358 -0.653675 -0.650185 -0.297759 -0.297086 -0.297063 -0.297804
5.245 -0.121297 -0.121297 -0.121297 -0.121297 -0.609727 -0.614437 -0.614386 -0.609734 0.149007 0.152585 0.152538 0.148965 -0.402986 -0.403646 -0.403634 -0.402953
5.265 -0.0316085 -0.0316085 -0.0316085 -0.0316085 -0.509524 -0.513488 -0.513509 -0.509634 0.141545 0.144205 0.144207 0.141552 -0.100546 -0.101114 -0.101112 -0.100539
5.285 0.23005 0.23005 0.23005 0.23005 0.282226 0.285162 0.285151 0.282224 -0.343805 -0.346815 -0.346804 -0.3438 0.36295 0.363462 0.36346 0.362951
5.305 0.558604 0.558604 0.558604 0.558604 0.597833 0.60029 0.600251 0.597746 -0.0444089 -0.0467261 -0.0467263 -0.0443943 0.332502 0.332989 0.332983 0.332487
5.325 0.329846 0.329846 0.329846 0.329846 0.488103 0.486888 0.487106 0.48837 0.784832 0.786807 0.786698 0.784716 0.0594527 0.0592228 0.0592414 0.0594689
5.345 0.152113 0.152113 0.152113 0.152113 0.494367 0.493107 0.493113 0.494419 1.01513 1.01751 1.01738 1.015 0.278823 0.278417 0.27843 0.278818
5.365 1.0143 1.0143 1.0143 1.0143 0.663698 0.662841 0.662512 0.663516 0.587951 0.587535 0.587487 0.587957 0.962399 0.962417 0.962427 0.962392
5.385 2.11302 2.11302 2.11302 2.11302 1.04466 1.04372 1.04381 1.04458 0.434131 0.432174 0.432155 0.434211 1.37249 1.37287 1.37286 1.37251
5.405 2.32672 2.32672 2.32672 2.32672 1.71553 1.71566 1.7157 1.71593 1.08494 1.08397 1.08398 1.08477 1.16664 1.167 1.16699 1.16664
5.425 2.31202 2.31202 2.31202 2.31202 2.41948 2.41292 2.41341 2.40512 2.05988 2.06146 2.06131 2.05923 0.908875 0.909032 0.909041 0.908864
5.445 2.14258 2.14258 2.14258 2.14258 2.85113 2.85647 2.85726 2.8553 2.58033 2.58051 2.57979 2.57818 1.35904 1.35936 1.35949 1.3594
5.465 1.27234 1.27234 1.27234 1.27234 2.61532 2.61633 2.62385 2.61748 2.64581 2.64416 2.64648 2.64705 2.51632 2.51624 2.51567 2.51442
5.485 -0.0766364 -0.0766364 -0.0766364 -0.0766364 1.44075 1.44306 1.44308 1.43988 2.73177 2.7314 2.73227 2.73406 3.70837 3.70776 3.70824 3.70869
5.505 -0.481801 -0.481801 -0.481801 -0.481801 0.0589359 0.0539692 0.05357 0.058566 2.68273 2.68699 2.6877 2.6867 4.37412 4.37283 4.37324 4.37559
5.525 -1.34094 -1.34094 -1.34094 -1.34094 -0.3003 -0.302546 -0.30216 -0.301123 2.11519 2.11533 2.11492 2.11505 4.18101 4.17963 4.17935 4.1809
5.545 -1.44959 -1.44959 -1.44959 -1.44959 -0.137127 -0.135334 -0.135393 -0.137578 1.38695 1.38489 1.38446 1.38557 2.89558 2.89475 2.89461 2.89526
5.565 -0.833418 -0.833418 -0.833418 -0.833418 -0.0280223 -0.027705 -0.0279917 -0.0271846 0.68382 0.684158 0.684465 0.68338 0.831264 0.830889 0.830862 0.831035
5.585 -1.88905 -1.88905 -1.88905 -1.88905 -0.263344 -0.283122 -0.266988 -0.289069 -0.284623 -0.279251 -0.283618 -0.285575 -1.22456 -1.22401 -1.22334 -1.22183
5.605 -2.56106 -2.56106 -2.56106 -2.56106 -1.59838 -1.57913 -1.58023 -1.61594 -1.66268 -1.65265 -1.64723 -1.65576 -2.67495 -2.67379 -2.67345 -2.67258
5.625 -2.61399 -2.61399 -2.61399 -2.61399 -3.11568 -3.11414 -3.06946 -3.04733 -3.44796 -3.43313 -3.42627 -3.4314 -3.5238 -3.52505 -3.5245 -3.52313
5.645 -3.58914 -3.58914 -3.58914 -3.58914 -3.61536 -3.57911 -3.55747 -3.48608 -4.7733 -4.77106 -4.76196 -4.75295 -4.39689 -4.39614 -4.39565 -4.39672
5.665 -3.23054 -3.23054 -3.23054 -3.23054 -3.97497 -3.98361 -4.00023 -3.96934 -5.01776 -5.0065 -5.00487 -4.99783 -5.57144 -5.57317 -5.57341 -5.57301
5.685 -1.62076 -1.62076 -1.62076 -1.62076 -2.94601 -2.85173 -2.09615 -1.90031 -5.00611 -5.00222 -5.11144 -5.19463 -6.4272 -6.42056 -6.40533 -6.40127
