0.005 0 0 0 0 -5.60514e-06 -2.31506e-06 2.1762e-06 5.46662e-06 -6.23395e-07 -4.92669e-07 3.50997e-07 4.81604e-07 1.83687e-05 5.27739e-06 -5.4187e-06 -1.851e-05
0.025 0 0 0 0 -6.51171e-06 -3.22429e-06 1.26696e-06 4.55999e-06 -1.74396e-06 -1.61254e-06 -7.6888e-07 -6.3898e-07 1.72656e-05 4.17425e-06 -6.52184e-06 -1.96132e-05
0.045 0 0 0 0 -5.8815e-06 -2.5902e-06 1.90103e-06 5.19014e-06 -1.70162e-06 -1.57218e-06 -7.28526e-07 -5.96666e-07 1.71997e-05 4.10888e-06 -6.58722e-06 -1.9679e-05
0.065 0 0 0 0 -4.24367e-06 -9.47762e-07 3.54349e-06 6.82801e-06 1.28629e-07 2.57405e-07 1.10104e-06 1.23351e-06 1.85273e-05 5.43658e-06 -5.25953e-06 -1.83515e-05
0.085 0 0 0 0 -2.55947e-06 7.36938e-07 5.22812e-06 8.51194e-06 3.46694e-06 3.59784e-06 4.44147e-06 4.57179e-06 2.16284e-05 8.53675e-06 -2.15938e-06 -1.52504e-05
0.105 0 0 0 0 -1.03928e-06 2.25667e-06 6.74774e-06 1.00317e-05 7.31827e-06 7.44991e-06 8.29347e-06 8.42291e-06 2.67158e-05 1.36228e-05 2.92666e-06 -1.01631e-05
0.125 0 0 0 0 4.2415e-07 3.7212e-06 8.21217e-06 1.14948e-05 1.10657e-05 1.11951e-05 1.20386e-05 1.217e-05 3.30385e-05 1.99442e-05 9.24794e-06 -3.84065e-06
0.145 0 0 0 0 1.85119e-06 5.14875e-06 9.63962e-06 1.29215e-05 1.4804e-05 1.49321e-05 1.57754e-05 1.59079e-05 3.904e-05 2.59442e-05 1.5248e-05 2.1606e-06
0.165 0 0 0 0 3.31747e-06 6.61454e-06 1.11053e-05 1.43874e-05 1.83815e-05 1.85108e-05 1.93541e-05 1.94853e-05 4.34076e-05 3.03106e-05 1.96143e-05 6.52809e-06
0.185 0 0 0 0 4.78406e-06 8.08258e-06 1.25733e-05 1.58538e-05 2.09355e-05 2.1066e-05 2.19092e-05 2.20393e-05 4.56948e-05 3.25972e-05 2.19008e-05 8.81523e-06
0.205 0 0 0 0 5.61987e-06 8.92139e-06 1.34121e-05 1.66896e-05 2.15976e-05 2.17273e-05 2.25706e-05 2.27013e-05 4.59433e-05 3.2846e-05 2.21497e-05 9.06382e-06
0.225 0 0 0 0 4.92329e-06 8.22458e-06 1.27153e-05 1.59931e-05 2.00617e-05 2.0191e-05 2.10343e-05 2.11654e-05 4.41293e-05 3.10324e-05 2.03361e-05 7.24976e-06
0.245 0 0 0 0 2.41028e-06 5.70638e-06 1.01971e-05 1.34801e-05 1.62184e-05 1.63486e-05 1.71918e-05 1.73221e-05 3.99581e-05 2.68617e-05 1.61654e-05 3.07854e-06
0.265 0 0 0 0 -1.2565e-06 2.03346e-06 6.52418e-06 9.81327e-06 1.0045e-05 1.01757e-05 1.10189e-05 1.11487e-05 3.30833e-05 1.9988e-05 9.29173e-06 -3.79624e-06
0.285 0 0 0 0 -5.23804e-06 -1.9517e-06 2.53902e-06 5.83173e-06 1.99432e-06 2.12419e-06 2.96746e-06 3.09801e-06 2.33888e-05 1.02957e-05 -4.00664e-07 -1.34908e-05
0.305 0 0 0 0 -9.14212e-06 -5.85791e-06 -1.36726e-06 1.92736e-06 -6.92555e-06 -6.79591e-06 -5.95266e-06 -5.82193e-06 1.14647e-05 -1.62569e-06 -1.2322e-05 -2.54148e-05
0.325 0 0 0 0 -1.29364e-05 -9.6549e-06 -5.1645e-06 -1.86778e-06 -1.57675e-05 -1.56368e-05 -1.47938e-05 -1.46646e-05 -1.16458e-06 -1.42523e-05 -2.49488e-05 -3.80446e-05
0.345 0 0 0 0 -1.67308e-05 -1.34527e-05 -8.96256e-06 -5.66291e-06 -2.41079e-05 -2.39763e-05 -2.31335e-05 -2.30056e-05 -1.26624e-05 -2.57478e-05 -3.64444e-05 -4.95427e-05
0.365 0 0 0 0 -2.00496e-05 -1.67742e-05 -1.22842e-05 -8.98237e-06 -3.10787e-05 -3.09479e-05 -3.01052e-05 -2.99766e-05 -2.12348e-05 -3.43182e-05 -4.50149e-05 -5.81153e-05
0.385 0 0 0 0 -2.19847e-05 -1.87104e-05 -1.42205e-05 -1.09178e-05 -3.50587e-05 -3.49294e-05 -3.40867e-05 -3.39568e-05 -2.55989e-05 -3.86813e-05 -4.93779e-05 -6.24795e-05
0.405 0 0 0 0 -2.19662e-05 -1.86923e-05 -1.42024e-05 -1.08993e-05 -3.48599e-05 -3.47303e-05 -3.38876e-05 -3.37579e-05 -2.53008e-05 -3.83833e-05 -4.90799e-05 -6.21813e-05
0.425 0 0 0 0 -2.0076e-05 -1.68015e-05 -1.23116e-05 -9.00916e-06 -3.07545e-05 -3.06237e-05 -2.97809e-05 -2.96526e-05 -2.05646e-05 -3.36484e-05 -4.4345e-05 -5.74452e-05
0.445 0 0 0 0 -1.6895e-05 -1.36178e-05 -9.12791e-06 -5.82816e-06 -2.40721e-05 -2.3941e-05 -2.30983e-05 -2.29702e-05 -1.21438e-05 -2.52293e-05 -3.5926e-05 -4.90243e-05
0.465 0 0 0 0 -1.30723e-05 -9.79123e-06 -5.30133e-06 -2.00541e-06 -1.59669e-05 -1.58368e-05 -1.49941e-05 -1.4865e-05 -1.20649e-06 -1.42943e-05 -2.49909e-05 -3.80871e-05
0.485 0 0 0 0 -9.24706e-06 -5.96341e-06 -1.4735e-06 1.8198e-06 -7.34624e-06 -7.21654e-06 -6.37382e-06 -6.24432e-06 1.05388e-05 -2.55159e-06 -1.32482e-05 -2.63418e-05
0.505 0 0 0 0 -5.43711e-06 -2.15103e-06 2.33887e-06 5.62974e-06 1.11076e-06 1.24071e-06 2.08343e-06 2.21268e-06 2.16401e-05 8.54723e-06 -2.1494e-06 -1.52405e-05
0.525 0 0 0 0 -1.70186e-06 1.58822e-06 6.07812e-06 9.365e-06 8.59271e-06 8.72254e-06 9.56527e-06 9.69462e-06 3.0984e-05 1.78892e-05 7.19255e-06 -5.89658e-06
0.545 0 0 0 0 1.24509e-06 4.53902e-06 9.02893e-06 1.23119e-05 1.41287e-05 1.42584e-05 1.51011e-05 1.52307e-05 3.76256e-05 2.45295e-05 1.38329e-05 7.45047e-07
0.565 0 0 0 0 2.31863e-06 5.61285e-06 1.01028e-05 1.33855e-05 1.65717e-05 1.6702e-05 1.75447e-05 1.76736e-05 4.06228e-05 2.75259e-05 1.68293e-05 3.74219e-06
0.585 0 0 0 0 1.55595e-06 4.84844e-06 9.33835e-06 1.26228e-05 1.55398e-05 1.56701e-05 1.65129e-05 1.66417e-05 3.97459e-05 2.66491e-05 1.59525e-05 2.86533e-06
0.605 0 0 0 0 7.26461e-08 3.36523e-06 7.85513e-06 1.11395e-05 1.20762e-05 1.22051e-05 1.30479e-05 1.31782e-05 3.56987e-05 2.2603e-05 1.19064e-05 -1.18189e-06
0.625 0 0 0 0 -1.78368e-06 1.50889e-06 5.99879e-06 9.28318e-06 7.35727e-06 7.48575e-06 8.32848e-06 8.45919e-06 2.91758e-05 1.60818e-05 5.38514e-06 -7.70476e-06
0.645 0 0 0 0 -3.62673e-06 -3.34791e-07 4.15512e-06 7.44013e-06 2.57937e-06 2.7089e-06 3.55163e-06 3.68128e-06 2.17987e-05 8.70629e-06 -1.99035e-06 -1.50819e-05
0.665 0 0 0 0 -6.4245e-06 -3.13655e-06 1.35336e-06 4.64236e-06 -2.95823e-06 -2.82695e-06 -1.98423e-06 -1.85631e-06 1.41419e-05 1.05081e-06 -9.64583e-06 -2.27387e-05
0.685 0 0 0 0 -1.09719e-05 -7.69181e-06 -3.2019e-06 9.49375e-08 -1.05258e-05 -1.03939e-05 -9.55115e-06 -9.4239e-06 5.76293e-06 -7.3268e-06 -1.80234e-05 -3.11176e-05
0.705 0 0 0 0 -1.49827e-05 -1.17058e-05 -7.21591e-06 -3.91585e-06 -1.82984e-05 -1.81692e-05 -1.73265e-05 -1.71964e-05 -2.32484e-06 -1.54126e-05 -2.61092e-05 -3.92054e-05
0.725 0 0 0 0 -1.49393e-05 -1.16548e-05 -7.16489e-06 -3.8724e-06 -2.13496e-05 -2.12242e-05 -2.03815e-05 -2.02477e-05 -7.01059e-06 -2.00962e-05 -3.07929e-05 -4.38912e-05
0.745 0 0 0 0 -1.1508e-05 -8.21557e-06 -3.72566e-06 -4.41098e-07 -1.76491e-05 -1.75216e-05 -1.66789e-05 -1.65472e-05 -6.19203e-06 -1.92775e-05 -2.99741e-05 -4.30726e-05
0.765 0 0 0 0 -7.38239e-06 -4.0885e-06 4.01418e-07 3.68449e-06 -9.48606e-06 -9.35313e-06 -8.51044e-06 -8.38423e-06 1.26802e-06 -1.18197e-05 -2.25163e-05 -3.56125e-05
0.785 0 0 0 0 -4.37188e-06 -1.07959e-06 3.41032e-06 6.695e-06 -6.97203e-07 -5.64199e-07 2.78503e-07 4.04641e-07 1.45248e-05 1.43376e-06 -9.26286e-06 -2.23557e-05
0.805 0 0 0 0 -2.13462e-06 1.15667e-06 5.64658e-06 8.93225e-06 7.42801e-06 7.55561e-06 8.39831e-06 8.52986e-06 3.03457e-05 1.72514e-05 6.5548e-06 -6.53481e-06
0.825 0 0 0 0 2.02767e-06 5.32261e-06 9.81253e-06 1.30946e-05 1.74055e-05 1.75292e-05 1.83718e-05 1.85069e-05 4.5895e-05 3.27974e-05 2.21007e-05 9.01416e-06
0.845 0 0 0 0 8.27969e-06 1.158e-05 1.60697e-05 1.93458e-05 2.92497e-05 2.93766e-05 3.02191e-05 3.03508e-05 5.8462e-05 4.53614e-05 3.46647e-05 2.1581e-05
0.865 0 0 0 0 1.77842e-05 2.11019e-05 2.55914e-05 2.88496e-05 4.32898e-05 4.34181e-05 4.42605e-05 4.43907e-05 7.09312e-05 5.78288e-05 4.7132e-05 3.40501e-05
0.885 0 0 0 0 2.87546e-05 3.20954e-05 3.65847e-05 3.98191e-05 5.93438e-05 5.94688e-05 6.03111e-05 6.04442e-05 8.72101e-05 7.41058e-05 6.3409e-05 5.03289e-05
0.905 0 0 0 0 3.51799e-05 3.85227e-05 4.30116e-05 4.62429e-05 7.39817e-05 7.41082e-05 7.49502e-05 7.50815e-05 0.000106064 9.29548e-05 8.22579e-05 6.91822e-05
0.925 0 0 0 0 3.55718e-05 3.88973e-05 4.33858e-05 4.66332e-05 8.33662e-05 8.34956e-05 8.43374e-05 8.44649e-05 0.000123463 0.000110348 9.96507e-05 8.65807e-05
0.945 0 0 0 0 3.43115e-05 3.76279e-05 4.21162e-05 4.53725e-05 8.67214e-05 8.68457e-05 8.76871e-05 8.78188e-05 0.000134859 0.000121741 0.000111043 9.7976e-05
0.965 0 0 0 0 3.43233e-05 3.76448e-05 4.21331e-05 4.53844e-05 8.57857e-05 8.5904e-05 8.67453e-05 8.68829e-05 0.000135725 0.000122608 0.00011191 9.88421e-05
0.985 0 0 0 0 3.47777e-05 3.81058e-05 4.25941e-05 4.58388e-05 8.20047e-05 8.21267e-05 8.2968e-05 8.31019e-05 0.000125194 0.000112079 0.000101382 8.8311e-05
1.005 0 0 0 0 3.14486e-05 3.47735e-05 3.92618e-05 4.25096e-05 7.19916e-05 7.21232e-05 7.29645e-05 7.30888e-05 0.000105331 9.22195e-05 8.15221e-05 6.8448e-05
1.025 0 0 0 0 2.34786e-05 2.67988e-05 3.12871e-05 3.45397e-05 5.40964e-05 5.42275e-05 5.50687e-05 5.51936e-05 8.16777e-05 6.85712e-05 5.78738e-05 4.47943e-05
1.045 0 0 0 0 1.02794e-05 1.35862e-05 1.80745e-05 2.13404e-05 2.95054e-05 2.96299e-05 3.04712e-05 3.06026e-05 5.58215e-05 4.2721e-05 3.20235e-05 1.89382e-05
1.065 0 0 0 0 -7.09635e-06 -3.81914e-06 6.69159e-07 3.96468e-06 9.63006e-07 1.08832e-06 1.9296e-06 2.06016e-06 2.53815e-05 1.22859e-05 1.58848e-06 -1.15019e-05
1.085 0 0 0 0 -2.21616e-05 -1.89059e-05 -1.44176e-05 -1.11005e-05 -2.69363e-05 -2.68079e-05 -2.59666e-05 -2.58391e-05 -8.75674e-06 -2.18461e-05 -3.25435e-05 -4.56401e-05
1.105 0 0 0 0 -3.1982e-05 -2.87276e-05 -2.42395e-05 -2.0922e-05 -5.18158e-05 -5.16877e-05 -5.08466e-05 -5.07189e-05 -4.40515e-05 -5.71325e-05 -6.78299e-05 -8.0935e-05
1.125 0 0 0 0 -4.08428e-05 -3.75907e-05 -3.31033e-05 -2.97851e-05 -7.47667e-05 -7.46364e-05 -7.37959e-05 -7.3672e-05 -7.83593e-05 -9.14328e-05 -0.000102131 -0.000115244
1.145 0 0 0 0 -4.96202e-05 -4.63759e-05 -4.18891e-05 -3.85644e-05 -9.43086e-05 -9.41761e-05 -9.3336e-05 -9.32153e-05 -0.00010552 -0.000118588 -0.000129286 -0.000142406
1.165 0 0 0 0 -5.59171e-05 -5.2678e-05 -4.81915e-05 -4.48625e-05 -0.000106882 -0.000106752 -0.000105912 -0.000105789 -0.000119732 -0.000132797 -0.000143495 -0.000156618
1.185 0 0 0 0 -5.94996e-05 -5.62685e-05 -5.1782e-05 -4.84452e-05 -0.000111128 -0.000111001 -0.000110161 -0.000110035 -0.000121524 -0.000134589 -0.000145287 -0.00015841
1.205 0 0 0 0 -5.43608e-05 -5.11221e-05 -4.66357e-05 -4.33064e-05 -0.000101198 -0.000101073 -0.000100233 -0.000100105 -0.000108125 -0.000121192 -0.00013189 -0.000145011
1.225 0 0 0 0 -3.90038e-05 -3.57409e-05 -3.12544e-05 -2.79494e-05 -7.47059e-05 -7.45825e-05 -7.37426e-05 -7.36131e-05 -7.82759e-05 -9.13479e-05 -0.000102046 -0.000115162
1.245 0 0 0 0 -1.54592e-05 -1.2164e-05 -7.67756e-06 -4.4048e-06 -3.22366e-05 -3.21121e-05 -3.12722e-05 -3.11438e-05 -3.0127e-05 -4.32083e-05 -5.39065e-05 -6.70131e-05
1.265 0 0 0 0 1.01917e-05 1.35109e-05 1.79974e-05 2.12461e-05 1.99683e-05 2.00955e-05 2.09355e-05 2.10611e-05 3.41386e-05 2.10435e-05 1.03453e-05 -2.74746e-06
1.285 0 0 0 0 3.53751e-05 3.87124e-05 4.31989e-05 4.64294e-05 7.60196e-05 7.61443e-05 7.69843e-05 7.71124e-05 0.000109773 9.66618e-05 8.59636e-05 7.28873e-05
1.305 0 0 0 0 5.86822e-05 6.20319e-05 6.65173e-05 6.97329e-05 0.000130408 0.000130527 0.000131367 0.0001315 0.000186477 0.000173348 0.00016265 0.00014959
1.325 0 0 0 0 7.61531e-05 7.9502e-05 8.39863e-05 8.71993e-05 0.000174568 0.000174687 0.000175525 0.000175656 0.000248313 0.000235168 0.000224469 0.000211424
1.345 0 0 0 0 8.67026e-05 9.00503e-05 9.45337e-05 9.77459e-05 0.00020061 0.000200732 0.00020157 0.000201696 0.000283161 0.000270007 0.000259307 0.000246271
1.365 0 0 0 0 9.55283e-05 9.89031e-05 0.000103386 0.000106571 0.000210358 0.000210473 0.000211311 0.000211444 0.00029199 0.000278836 0.000268137 0.0002551
1.385 0 0 0 0 9.69985e-05 0.000100392 0.000104876 0.000108042 0.000203718 0.000203831 0.000204669 0.000204804 0.000276017 0.000262869 0.00025217 0.000239127
1.405 0 0 0 0 8.8954e-05 9.23421e-05 9.68255e-05 9.99971e-05 0.00018335 0.00018347 0.000184308 0.000184436 0.000243614 0.000230472 0.000219773 0.000206724
1.425 0 0 0 0 7.7526e-05 8.09101e-05 8.53935e-05 8.8569e-05 0.000156719 0.000156837 0.000157675 0.000157805 0.000208554 0.000195421 0.000184721 0.000171664
1.445 0 0 0 0 6.20678e-05 6.54367e-05 6.992e-05 7.31108e-05 0.000126648 0.000126761 0.000127599 0.000127733 0.000174082 0.000160956 0.000150257 0.000137192
1.465 0 0 0 0 4.16519e-05 4.49826e-05 4.9466e-05 5.26949e-05 9.37005e-05 9.38193e-05 9.46571e-05 9.47862e-05 0.000137423 0.000124303 0.000113603 0.000100533
1.485 0 0 0 0 2.09001e-05 2.41957e-05 2.86791e-05 3.19431e-05 5.82405e-05 5.83637e-05 5.92016e-05 5.93262e-05 9.65799e-05 8.34663e-05 7.27669e-05 5.96897e-05
1.505 0 0 0 0 1.08615e-05 1.41671e-05 1.86505e-05 2.19045e-05 2.97789e-05 2.98914e-05 3.07292e-05 3.08646e-05 5.9129e-05 4.60263e-05 3.53269e-05 2.22389e-05
1.525 0 0 0 0 6.86929e-06 1.01883e-05 1.46717e-05 1.79123e-05 1.17372e-05 1.18496e-05 1.26874e-05 1.28229e-05 2.80195e-05 1.49252e-05 4.2258e-06 -8.87066e-06
1.545 0 0 0 0 -3.27435e-06 1.47095e-08 4.49809e-06 7.76866e-06 -4.21264e-06 -4.07887e-06 -3.24103e-06 -3.12693e-06 1.77717e-06 -1.13154e-05 -2.20148e-05 -3.5113e-05
1.565 0 0 0 0 -2.29686e-05 -1.97289e-05 -1.52455e-05 -1.19256e-05 -3.00814e-05 -2.99384e-05 -2.91006e-05 -2.89957e-05 -2.30066e-05 -3.60979e-05 -4.67973e-05 -5.98967e-05
1.585 0 0 0 0 -4.46646e-05 -4.14499e-05 -3.69665e-05 -3.36216e-05 -6.57629e-05 -6.564e-05 -6.48022e-05 -6.46772e-05 -5.10685e-05 -6.41527e-05 -7.48522e-05 -8.79586e-05
1.605 0 0 0 0 -6.15917e-05 -5.83864e-05 -5.3903e-05 -5.05486e-05 -0.000100257 -0.000100147 -9.93093e-05 -9.91709e-05 -8.79855e-05 -0.00010106 -0.00011176 -0.000124876
1.625 0 0 0 0 -6.35296e-05 -6.0309e-05 -5.58257e-05 -5.24871e-05 -0.000117195 -0.000117077 -0.00011624 -0.000116109 -0.00012388 -0.000136945 -0.000147645 -0.00016077
1.645 0 0 0 0 -4.02195e-05 -3.69244e-05 -3.24413e-05 -2.91776e-05 -9.99216e-05 -9.98029e-05 -9.89659e-05 -9.88386e-05 -0.000128916 -0.000141975 -0.000152675 -0.000165807
1.665 0 0 0 0 -1.98837e-05 -1.65629e-05 -1.20797e-05 -8.84162e-06 -6.62045e-05 -6.60712e-05 -6.52342e-05 -6.51217e-05 -0.000100174 -0.00011324 -0.00012394 -0.000137066
1.685 0 0 0 0 -1.93525e-05 -1.60864e-05 -1.16033e-05 -8.31053e-06 -3.75049e-05 -3.73585e-05 -3.65215e-05 -3.64223e-05 -4.68998e-05 -5.9984e-05 -7.06839e-05 -8.37921e-05
1.705 0 0 0 0 -2.59183e-05 -2.27028e-05 -1.82197e-05 -1.48764e-05 -1.85587e-05 -1.84331e-05 -1.75962e-05 -1.74762e-05 1.41871e-05 1.08666e-06 -9.61326e-06 -2.27053e-05
1.725 0 0 0 0 -3.08149e-05 -2.76255e-05 -2.31424e-05 -1.9773e-05 -9.91199e-06 -9.80594e-06 -8.96908e-06 -8.82971e-06 5.00947e-05 3.69859e-05 2.62861e-05 1.32025e-05
1.745 0 0 0 0 -2.94808e-05 -2.62921e-05 -2.18089e-05 -1.84389e-05 -1.02864e-05 -1.01675e-05 -9.3306e-06 -9.20411e-06 4.09163e-05 2.78083e-05 1.71084e-05 4.02414e-06
1.765 0 0 0 0 -1.5863e-05 -1.26124e-05 -8.12931e-06 -4.82104e-06 -1.48361e-05 -1.47048e-05 -1.3868e-05 -1.37538e-05 2.0768e-06 -1.10186e-05 -2.17184e-05 -3.48154e-05
1.785 0 0 0 0 1.25047e-05 1.58794e-05 2.03625e-05 2.35467e-05 -7.15867e-06 -7.04452e-06 -6.20766e-06 -6.07642e-06 -2.26289e-05 -3.57073e-05 -4.64071e-05 -5.9521e-05
1.805 0 0 0 0 3.92958e-05 4.27414e-05 4.72245e-05 5.03377e-05 2.40996e-05 2.42071e-05 2.50439e-05 2.51819e-05 5.22516e-09 -1.30726e-05 -2.37724e-05 -3.68869e-05
1.825 0 0 0 0 4.3741e-05 4.71184e-05 5.16015e-05 5.4783e-05 6.64402e-05 6.65758e-05 6.74126e-05 6.75224e-05 6.79295e-05 5.48272e-05 4.41274e-05 3.10373e-05
1.845 0 0 0 0 2.35687e-05 2.68069e-05 3.129e-05 3.46106e-05 8.93217e-05 8.94724e-05 9.03093e-05 9.04039e-05 0.000143804 0.000130672 0.000119972 0.000106912
1.865 0 0 0 0 4.96011e-06 8.14259e-06 1.26257e-05 1.60021e-05 8.5679e-05 8.57905e-05 8.66272e-05 8.67604e-05 0.000186719 0.000173575 0.000162875 0.000149825
1.885 0 0 0 0 -3.05347e-06 1.47285e-07 4.63043e-06 7.98861e-06 6.151e-05 6.15989e-05 6.24355e-05 6.2591e-05 0.00016035 0.000147216 0.000136516 0.000123456
1.905 0 0 0 0 -7.54283e-07 2.49673e-06 6.97988e-06 1.02878e-05 2.80401e-05 2.81597e-05 2.89961e-05 2.91208e-05 7.14471e-05 5.83345e-05 4.76343e-05 3.45525e-05
1.925 0 0 0 0 1.43562e-05 1.77138e-05 2.2197e-05 2.53983e-05 -9.34681e-08 4.45133e-08 8.80954e-07 9.87239e-07 -2.26128e-05 -3.5697e-05 -4.63973e-05 -5.95075e-05
1.945 0 0 0 0 2.00363e-05 2.3463e-05 2.79462e-05 3.10784e-05 -2.22062e-05 -2.20784e-05 -2.12423e-05 -2.1127e-05 -7.43265e-05 -8.73923e-05 -9.8093e-05 -0.000111223
1.965 0 0 0 0 9.38773e-06 1.27816e-05 1.72647e-05 2.04297e-05 -2.66412e-05 -2.65279e-05 -2.56918e-05 -2.55618e-05 -5.8179e-05 -7.12494e-05 -8.195e-05 -9.50753e-05
1.985 0 0 0 0 8.08569e-06 1.14199e-05 1.59029e-05 1.91276e-05 9.6181e-06 9.71554e-06 1.05517e-05 1.06973e-05 2.78559e-05 1.47622e-05 4.06167e-06 -9.0403e-06
2.005 0 0 0 0 2.52566e-05 2.85445e-05 3.30276e-05 3.62984e-05 8.0063e-05 8.01655e-05 8.10016e-05 8.11421e-05 0.000143834 0.000130709 0.000120008 0.000106938
2.025 0 0 0 0 5.07288e-05 5.39947e-05 5.84778e-05 6.17707e-05 0.000151223 0.00015135 0.000152186 0.000152302 0.000238038 0.000224885 0.000214185 0.000201141
2.045 0 0 0 0 9.48779e-05 9.82379e-05 0.000102721 0.000105919 0.000216386 0.000216499 0.000217335 0.000217465 0.00030548 0.00029232 0.00028162 0.000268584
2.065 0 0 0 0 0.000141961 0.000145444 0.000149926 0.000152999 0.000273293 0.000273388 0.000274223 0.000274371 0.000352301 0.000339141 0.00032844 0.000315404
2.085 0 0 0 0 0.000153375 0.00015684 0.000161322 0.000164409 0.000300339 0.00030047 0.000301306 0.000301418 0.000372499 0.000359329 0.000348628 0.000335602
2.105 0 0 0 0 0.000136457 0.000139855 0.000144336 0.000147491 0.000290725 0.000290868 0.000291703 0.000291802 0.000375704 0.000362527 0.000351826 0.000338807
2.125 0 0 0 0 0.000128397 0.000131826 0.000136307 0.000139432 0.000271388 0.00027147 0.000272305 0.000272464 0.000377691 0.000364522 0.000353821 0.000340793
2.145 0 0 0 0 0.000125674 0.000129122 0.000133603 0.000136708 0.000258965 0.00025903 0.000259865 0.00026004 0.000363817 0.000350655 0.000339954 0.00032692
2.165 0 0 0 0 0.000106783 0.000110145 0.000114626 0.000117818 0.000236653 0.00023679 0.000237626 0.000237729 0.000315307 0.000302141 0.000291441 0.000278409
2.185 0 0 0 0 6.60252e-05 6.92979e-05 7.37791e-05 7.70595e-05 0.000169595 0.000169769 0.000170604 0.000170671 0.000227356 0.000214201 0.0002035 0.000190459
2.205 0 0 0 0 1.29311e-05 1.61951e-05 2.06763e-05 2.39653e-05 5.48639e-05 5.49797e-05 5.58147e-05 5.59396e-05 0.000104921 9.1801e-05 8.11e-05 6.80235e-05
2.225 0 0 0 0 -5.94314e-05 -5.62299e-05 -5.17487e-05 -4.83972e-05 -8.9742e-05 -8.96518e-05 -8.88168e-05 -8.86663e-05 -6.21991e-05 -7.52807e-05 -8.59817e-05 -9.90963e-05
2.245 0 0 0 0 -0.000132676 -0.000129582 -0.000125103 -0.00012165 -0.000233461 -0.00023333 -0.000232495 -0.000232386 -0.000257321 -0.000270368 -0.00028107 -0.000294219
2.265 0 0 0 0 -0.000167329 -0.00016421 -0.000159735 -0.000156316 -0.000340965 -0.000340834 -0.000340002 -0.000339901 -0.00042505 -0.000438056 -0.000448759 -0.000461952
2.285 0 0 0 0 -0.000162993 -0.000159755 -0.000155282 -0.000151988 -0.000388348 -0.000388252 -0.000387423 -0.000387291 -0.000516449 -0.000529422 -0.000540125 -0.000553356
2.305 0 0 0 0 -0.000157241 -0.000154006 -0.000149533 -0.000146236 -0.000378701 -0.000378582 -0.000377753 -0.000377645 -0.000517151 -0.000530126 -0.00054083 -0.000554059
2.325 0 0 0 0 -0.00016029 -0.000157173 -0.0001527 -0.000149286 -0.000332189 -0.000332029 -0.0003312 -0.000331134 -0.000433852 -0.00044686 -0.000457564 -0.00047076
2.345 0 0 0 0 -0.000152287 -0.000149231 -0.000144758 -0.000141283 -0.000266948 -0.000266815 -0.000265986 -0.000265893 -0.000297385 -0.000310428 -0.000321132 -0.000334293
2.365 0 0 0 0 -0.000122288 -0.000119204 -0.000114732 -0.000111284 -0.00018873 -0.000188647 -0.000187818 -0.000187675 -0.000160766 -0.000173834 -0.000184538 -0.000197674
2.385 0 0 0 0 -4.69643e-05 -4.3744e-05 -3.92713e-05 -3.59606e-05 -6.79563e-05 -6.78843e-05 -6.70551e-05 -6.6901e-05 -3.13627e-05 -4.445e-05 -5.51542e-05 -6.8271e-05
2.405 0 0 0 0 6.60133e-05 6.94325e-05 7.39053e-05 7.7017e-05 0.000101313 0.000101418 0.000102247 0.000102368 0.000114158 0.000101047 9.03425e-05 7.72492e-05
2.425 0 0 0 0 0.000172671 0.000176238 0.000180711 0.000183675 0.000284259 0.000284398 0.000285227 0.000285314 0.000298379 0.000285232 0.000274527 0.000261471
2.445 0 0 0 0 0.000216306 0.000219829 0.000224298 0.000227298 0.000415989 0.00041614 0.000416969 0.000417045 0.000494989 0.00048179 0.000471085 0.00045808
2.465 0 0 0 0 0.000219364 0.000222794 0.000227261 0.000230344 0.00049115 0.000491239 0.000492063 0.000492188 0.000673162 0.000659915 0.000649209 0.000636245
2.485 0 0 0 0 0.000214959 0.000218334 0.000222799 0.000225935 0.000524995 0.000525033 0.000525853 0.000526021 0.000773704 0.000760429 0.000749721 0.00073678
2.505 0 0 0 0 0.000227372 0.000230773 0.000235237 0.000238347 0.000535736 0.000535793 0.000536614 0.000536762 0.000765417 0.000752144 0.000741436 0.000728494
2.525 0 0 0 0 0.000239024 0.000242498 0.000246963 0.000249999 0.000505743 0.000505857 0.000506678 0.000506768 0.000654908 0.00064166 0.000630952 0.000617983
2.545 0 0 0 0 0.000200832 0.00020431 0.000208775 0.000211807 0.000392764 0.000392912 0.000393733 0.000393789 0.000466776 0.00045357 0.000442861 0.000429851
2.565 0 0 0 0 0.000101691 0.000105076 0.000109541 0.000112666 0.000196346 0.000196464 0.000197285 0.000197371 0.000239311 0.000226156 0.000215447 0.000202386
2.585 0 0 0 0 8.6235e-06 1.19647e-05 1.64293e-05 1.9598e-05 5.28237e-06 5.31744e-06 6.13803e-06 6.30716e-06 3.76053e-05 2.45044e-05 1.37959e-05 6.80736e-07
2.605 0 0 0 0 -5.82109e-05 -5.49483e-05 -5.04836e-05 -4.72364e-05 -0.000125936 -0.000125891 -0.000125071 -0.000124911 -0.00012778 -0.000140849 -0.000151557 -0.000164705
2.625 0 0 0 0 -0.000130507 -0.000127448 -0.000122983 -0.000119532 -0.000234825 -0.000234662 -0.000233842 -0.0002338 -0.000288251 -0.000301309 -0.000312018 -0.000325176
2.645 0 0 0 0 -0.000208224 -0.000205296 -0.00020083 -0.000197245 -0.000370231 -0.000370042 -0.000369222 -0.000369207 -0.00045156 -0.000464591 -0.0004753 -0.000488484
2.665 0 0 0 0 -0.0002626 -0.000259617 -0.000255155 -0.000251635 -0.00050988 -0.000509803 -0.000508983 -0.000508856 -0.000598396 -0.000611377 -0.000622086 -0.000635322
2.685 0 0 0 0 -0.00029106 -0.000288034 -0.000283575 -0.000280105 -0.00059743 -0.000597391 -0.000596571 -0.000596407 -0.000715479 -0.000728424 -0.000739134 -0.000752406
2.705 0 0 0 0 -0.000286123 -0.000283122 -0.000278663 -0.000275169 -0.000598283 -0.000598159 -0.000597341 -0.000597267 -0.000766724 -0.000779668 -0.000790378 -0.000803652
2.725 0 0 0 0 -0.000251907 -0.000248884 -0.000244424 -0.000240953 -0.000537642 -0.00053747 -0.000536653 -0.000536628 -0.000721782 -0.000734741 -0.000745451 -0.000758713
2.745 0 0 0 0 -0.000222963 -0.000219912 -0.000215452 -0.000212009 -0.000464659 -0.000464527 -0.00046371 -0.000463646 -0.000599516 -0.000612498 -0.000623208 -0.000636447
2.765 0 0 0 0 -0.000203981 -0.000200959 -0.000196499 -0.000193027 -0.000383516 -0.000383433 -0.000382616 -0.000382503 -0.000437619 -0.000450637 -0.000461347 -0.000474551
2.785 0 0 0 0 -0.000143715 -0.000140642 -0.000136183 -0.000132761 -0.000247404 -0.000247345 -0.000246527 -0.000246391 -0.000244373 -0.000257431 -0.000268141 -0.000281305
2.805 0 0 0 0 -5.64714e-05 -5.33217e-05 -4.88623e-05 -4.55178e-05 -7.83477e-05 -7.82443e-05 -7.7427e-05 -7.73347e-05 -6.01574e-05 -7.32578e-05 -8.39683e-05 -9.70887e-05
2.825 0 0 0 0 3.47723e-05 3.80356e-05 4.2495e-05 4.57258e-05 8.34857e-05 8.36238e-05 8.4441e-05 8.44986e-05 0.000106143 9.30069e-05 8.22965e-05 6.92113e-05
2.845 0 0 0 0 0.000103601 0.000106978 0.000111437 0.000114554 0.000204268 0.000204381 0.000205198 0.000205281 0.000254025 0.000240865 0.000230155 0.000217094
2.865 0 0 0 0 0.000191725 0.000195309 0.000199768 0.000202679 0.000343921 0.000343944 0.000344762 0.000344934 0.000438171 0.000424992 0.000414282 0.00040124
2.885 0 0 0 0 0.00029018 0.000293887 0.000298348 0.000301139 0.000531276 0.000531296 0.000532113 0.000532288 0.000663516 0.000650293 0.000639583 0.000626585
2.905 0 0 0 0 0.000389816 0.000393538 0.000397993 0.000400749 0.000752753 0.000752842 0.000753659 0.000753765 0.000924984 0.000911693 0.000900981 0.000888051
2.925 0 0 0 0 0.000465818 0.000469531 0.000473979 0.000476726 0.000942266 0.000942374 0.000943188 0.000943269 0.00118156 0.0011682 0.00115749 0.00114462
2.945 0 0 0 0 0.000474709 0.00047833 0.000482775 0.000485602 0.00102122 0.0010213 0.00102211 0.00102221 0.00134269 0.00132928 0.00131857 0.00130574
2.965 0 0 0 0 0.00039936 0.000402775 0.000407219 0.000410251 0.000944354 0.000944426 0.000945235 0.000945333 0.00131136 0.00129795 0.00128723 0.00127441
2.985 0 0 0 0 0.000252616 0.00025579 0.000260234 0.000263506 0.000691443 0.000691542 0.00069235 0.000692421 0.00102002 0.00100665 0.000995935 0.000983068
3.005 0 0 0 0 7.02637e-05 7.33182e-05 7.77619e-05 8.11533e-05 0.000284547 0.000284645 0.000285453 0.000285524 0.000478704 0.00046546 0.000454744 0.000441756
3.025 0 0 0 0 -0.000134968 -0.000131956 -0.000127512 -0.000124078 -0.000225711 -0.000225621 -0.000224813 -0.000224734 -0.000236492 -0.000249568 -0.000260284 -0.000273441
3.045 0 0 0 0 -0.000314038 -0.000310979 -0.000306536 -0.000303155 -0.00071505 -0.000714984 -0.000714177 -0.000714078 -0.000945724 -0.000958624 -0.00096934 -0.000982675
3.065 0 0 0 0 -0.000420863 -0.000417718 -0.000413294 -0.000410047 -0.00104487 -0.00104484 -0.00104405 -0.00104395 -0.00144384 -0.00145661 -0.00146734 -0.00148082
3.085 0 0 0 0 -0.000459419 -0.000456289 -0.00045187 -0.000448621 -0.00114649 -0.00114644 -0.00114565 -0.00114559 -0.00160469 -0.00161743 -0.00162816 -0.00164168
3.105 0 0 0 0 -0.000481747 -0.000478883 -0.000474462 -0.000470941 -0.00107503 -0.0010749 -0.00107411 -0.00107413 -0.00145481 -0.00146762 -0.00147834 -0.0014918
3.125 0 0 0 0 -0.000475329 -0.000472728 -0.000468305 -0.000464522 -0.000903735 -0.000903611 -0.000902822 -0.000902832 -0.00110078 -0.00111369 -0.00112441 -0.00113776
3.145 0 0 0 0 -0.000364337 -0.000361635 -0.000357213 -0.00035353 -0.000628264 -0.000628276 -0.000627487 -0.000627361 -0.000647739 -0.000660734 -0.00067146 -0.000684724
3.165 0 0 0 0 -0.000116436 -0.000113313 -0.000108891 -0.000105631 -0.000205251 -0.000205327 -0.000204538 -0.00020435 -0.000156121 -0.000169196 -0.000179921 -0.000193106
3.185 0 0 0 0 0.000205783 0.000209357 0.000213779 0.000216588 0.000336717 0.000336761 0.00033755 0.000337618 0.00037086 0.00035768 0.000346954 0.000333875
3.205 0 0 0 0 0.000527582 0.000531567 0.00053599 0.00053839 0.000912955 0.000913081 0.00091387 0.000913856 0.000988976 0.00097567 0.000964944 0.000951991
3.225 0 0 0 0 0.00076897 0.000773167 0.000777578 0.00077972 0.00142769 0.00142774 0.00142853 0.00142859 0.00169021 0.00167677 0.00166604 0.00165323
3.245 0 0 0 0 0.00083175 0.000835637 0.000840031 0.00084243 0.00175764 0.00175764 0.00175841 0.00175848 0.00228819 0.00227456 0.00226383 0.00225118
3.265 0 0 0 0 0.000768331 0.000771742 0.000776129 0.000778981 0.0018516 0.00185159 0.00185234 0.00185237 0.00258623 0.00257248 0.00256174 0.00254919
3.285 0 0 0 0 0.000671651 0.000674913 0.000679298 0.000682297 0.0016968 0.00169675 0.00169751 0.00169757 0.00244325 0.00242952 0.00241878 0.00240621
3.305 0 0 0 0 0.000512309 0.000515588 0.000519972 0.000522953 0.00126269 0.00126267 0.00126342 0.00126346 0.00179148 0.00177791 0.00176717 0.00175443
3.325 0 0 0 0 0.0002224 0.000225551 0.000229936 0.000233044 0.000539863 0.000539955 0.000540709 0.00054062 0.000714692 0.000701356 0.000690615 0.000677647
3.345 0 0 0 0 -0.000161685 -0.000158696 -0.000154311 -0.000151041 -0.000369782 -0.000369691 -0.000368937 -0.000369024 -0.000535132 -0.000548181 -0.000558922 -0.000572178
3.365 0 0 0 0 -0.000575367 -0.000572586 -0.000568201 -0.000564725 -0.00129278 -0.0012928 -0.00129204 -0.00129201 -0.00170926 -0.00172203 -0.00173277 -0.00174631
3.385 0 0 0 0 -0.000953628 -0.000951281 -0.000946938 -0.000943162 -0.00205007 -0.00205013 -0.00204939 -0.00204939 -0.00264141 -0.00265399 -0.00266474 -0.00267848
3.405 0 0 0 0 -0.00123231 -0.00123045 -0.00122613 -0.00122196 -0.00254587 -0.00254585 -0.00254512 -0.00254524 -0.00325087 -0.00326335 -0.0032741 -0.00328796
3.425 0 0 0 0 -0.00139998 -0.00139847 -0.00139416 -0.00138968 -0.00281296 -0.00281287 -0.00281215 -0.00281235 -0.00355892 -0.00357136 -0.00358212 -0.00359602
3.445 0 0 0 0 -0.00143173 -0.00143025 -0.00142594 -0.00142145 -0.00286817 -0.00286815 -0.00286743 -0.00286757 -0.00358956 -0.00360199 -0.00361275 -0.00362666
3.465 0 0 0 0 -0.00130449 -0.00130272 -0.00129842 -0.00129421 -0.00266633 -0.00266641 -0.00266569 -0.00266573 -0.00333982 -0.00335227 -0.00336303 -0.00337691
3.485 0 0 0 0 -0.00104125 -0.00103915 -0.00103485 -0.00103098 -0.00218667 -0.00218671 -0.002186 -0.00218608 -0.00280154 -0.0028141 -0.00282486 -0.00283864
3.505 0 0 0 0 -0.000664083 -0.000661572 -0.000657268 -0.000653813 -0.00145863 -0.00145861 -0.0014579 -0.00145804 -0.00194777 -0.00196051 -0.00197127 -0.00198487
3.525 0 0 0 0 -0.000170773 -0.00016763 -0.000163326 -0.000160504 -0.000505775 -0.000505853 -0.00050514 -0.000505184 -0.000750024 -0.000762998 -0.000773756 -0.000787123
3.545 0 0 0 0 0.000378059 0.000381791 0.000386096 0.000388333 0.000618987 0.000618813 0.000619525 0.000619577 0.000714314 0.000701043 0.000690284 0.000677213
3.565 0 0 0 0 0.000876148 0.000880088 0.00088439 0.000886416 0.00177151 0.00177142 0.00177213 0.00177211 0.0022421 0.00222847 0.00221771 0.00220499
3.585 0 0 0 0 0.00125941 0.00126326 0.00126751 0.00126947 0.00273804 0.00273801 0.00273871 0.00273858 0.00357311 0.00355915 0.00354839 0.003536
3.605 0 0 0 0 0.00154076 0.00154473 0.00154894 0.00155061 0.00338024 0.00338003 0.00338069 0.00338062 0.00449328 0.0044791 0.00446832 0.00445612
3.625 0 0 0 0 0.00172707 0.00173139 0.00173559 0.00173683 0.00368547 0.00368509 0.00368573 0.00368578 0.00488184 0.0048676 0.00485682 0.00484466
3.645 0 0 0 0 0.00179643 0.00180101 0.00180521 0.00180618 0.00369544 0.00369511 0.00369575 0.00369574 0.00475549 0.0047413 0.00473052 0.00471831
3.665 0 0 0 0 0.00172027 0.00172489 0.00172909 0.00173002 0.0034243 0.00342411 0.00342475 0.0034246 0.00424975 0.00423566 0.00422488 0.00421257
3.685 0 0 0 0 0.00144458 0.00144895 0.00145314 0.00145432 0.00283972 0.00283956 0.0028402 0.00284002 0.00348144 0.00346751 0.00345673 0.00344425
3.705 0 0 0 0 0.000993429 0.000997273 0.00100146 0.00100316 0.00199519 0.00199493 0.00199557 0.00199548 0.00252802 0.0025143 0.00250351 0.00249084
3.725 0 0 0 0 0.000444349 0.000447449 0.000451636 0.000454077 0.00100071 0.00100042 0.00100105 0.001001 0.00139793 0.00138442 0.00137364 0.00136074
3.745 0 0 0 0 -0.000172613 -0.000170438 -0.000166251 -0.000162882 -0.000124605 -0.000124739 -0.000124102 -0.000124317 2.12657e-05 8.00098e-06 -2.78289e-06 -1.5923e-05
3.765 0 0 0 0 -0.000807016 -0.000805574 -0.000801382 -0.000797268 -0.00138805 -0.00138806 -0.00138742 -0.00138776 -0.00159916 -0.0016121 -0.00162289 -0.00163635
3.785 0 0 0 0 -0.00134666 -0.00134541 -0.00134122 -0.00133692 -0.00265495 -0.00265508 -0.00265444 -0.00265465 -0.00327761 -0.00329016 -0.00330094 -0.0033148
3.805 0 0 0 0 -0.00172165 -0.00172036 -0.00171626 -0.00171223 -0.00367352 -0.00367383 -0.00367324 -0.00367342 -0.00471684 -0.00472902 -0.00473982 -0.00475407
3.825 0 0 0 0 -0.00192951 -0.0019283 -0.00192423 -0.00192028 -0.00424473 -0.00424499 -0.00424444 -0.00424481 -0.00561497 -0.00562697 -0.00563779 -0.00565228
3.845 0 0 0 0 -0.0019673 -0.00196623 -0.00196216 -0.00195809 -0.00431142 -0.00431155 -0.00431102 -0.00431155 -0.00575674 -0.00576873 -0.00577955 -0.00579406
3.865 0 0 0 0 -0.00183114 -0.0018301 -0.00182604 -0.00182195 -0.00391534 -0.00391555 -0.00391503 -0.00391549 -0.00512237 -0.00513452 -0.00514533 -0.0051597
3.885 0 0 0 0 -0.00150916 -0.00150799 -0.00150393 -0.00149997 -0.0030968 -0.00309718 -0.00309666 -0.00309697 -0.00387899 -0.0038914 -0.00390222 -0.00391632
3.905 0 0 0 0 -0.000985559 -0.000984078 -0.000980017 -0.000976385 -0.00190744 -0.00190784 -0.00190732 -0.0019076 -0.0022714 -0.00228418 -0.002295 -0.00230873
3.925 0 0 0 0 -0.000287746 -0.000285621 -0.00028156 -0.000278574 -0.000482395 -0.000482713 -0.000482189 -0.000482563 -0.00051765 -0.000530806 -0.000541625 -0.000554984
3.945 0 0 0 0 0.000486149 0.000489222 0.000493282 0.000495337 0.000989002 0.000988692 0.000989218 0.000988843 0.00123925 0.00122575 0.00121493 0.00120192
3.965 0 0 0 0 0.00116782 0.00117169 0.00117575 0.00117698 0.00231391 0.00231356 0.00231409 0.00231377 0.00287291 0.00285907 0.00284825 0.00283557
3.985 0 0 0 0 0.00159946 0.00160357 0.00160762 0.00160863 0.00330604 0.00330572 0.00330625 0.0033059 0.0042048 0.00419066 0.00417985 0.00416747
4.005 0 0 0 0 0.00177814 0.0017821 0.00178616 0.0017873 0.00385528 0.00385494 0.00385547 0.00385513 0.00505853 0.00504419 0.00503337 0.00502121
4.025 0 0 0 0 0.00179849 0.0018024 0.00180644 0.00180758 0.0039606 0.0039601 0.0039606 0.00396034 0.00530365 0.00528924 0.00527841 0.00526629
4.045 0 0 0 0 0.00165657 0.00166042 0.00166445 0.00166564 0.00362273 0.00362223 0.00362273 0.00362247 0.0048375 0.0048232 0.00481237 0.00480014
4.065 0 0 0 0 0.0013374 0.00134104 0.00134507 0.00134647 0.00286351 0.00286315 0.00286365 0.00286326 0.00372281 0.00370874 0.00369791 0.00368545
4.085 0 0 0 0 0.000888154 0.000891615 0.000895648 0.000897219 0.00178139 0.00178105 0.00178155 0.00178113 0.00221017 0.00219645 0.00218562 0.00217281
4.105 0 0 0 0 0.000314962 0.000318072 0.000322106 0.000324025 0.000506174 0.000505768 0.000506267 0.000505907 0.000546767 0.000533422 0.000522595 0.000509402
4.125 0 0 0 0 -0.000369514 -0.000367202 -0.000363169 -0.000360451 -0.000827971 -0.000828328 -0.000827827 -0.000828232 -0.00110105 -0.00111406 -0.00112489 -0.00113841
4.145 0 0 0 0 -0.00105298 -0.0010516 -0.00104757 -0.00104391 -0.00209133 -0.00209161 -0.0020911 -0.00209158 -0.00261533 -0.00262806 -0.00263889 -0.0026527
4.165 0 0 0 0 -0.00155995 -0.00155905 -0.00155501 -0.00155086 -0.00312213 -0.00312249 -0.00312199 -0.00312239 -0.00387358 -0.00388604 -0.00389686 -0.00391094
4.185 0 0 0 0 -0.00181051 -0.00180959 -0.00180555 -0.00180141 -0.00376398 -0.00376441 -0.00376392 -0.00376425 -0.0047572 -0.00476943 -0.00478026 -0.00479456
4.205 0 0 0 0 -0.00185775 -0.00185678 -0.00185274 -0.00184867 -0.00396489 -0.00396519 -0.00396468 -0.00396513 -0.00516234 -0.00517448 -0.00518531 -0.00519969
4.225 0 0 0 0 -0.0017471 -0.00174606 -0.00174203 -0.00173803 -0.00375878 -0.00375895 -0.00375844 -0.00375902 -0.00498011 -0.00499231 -0.00500314 -0.00501747
4.245 0 0 0 0 -0.00149438 -0.0014931 -0.00148907 -0.00148531 -0.00319927 -0.00319955 -0.00319904 -0.00319953 -0.00418998 -0.00420233 -0.00421316 -0.00422733
4.265 0 0 0 0 -0.00110857 -0.00110701 -0.00110297 -0.00109951 -0.00231179 -0.00231223 -0.00231173 -0.00231206 -0.00291188 -0.0029245 -0.00293533 -0.00294924
4.285 0 0 0 0 -0.000553116 -0.00055112 -0.000547088 -0.000544059 -0.00109918 -0.00109965 -0.00109916 -0.00109945 -0.0013039 -0.00131687 -0.0013277 -0.00134126
4.305 0 0 0 0 0.000192793 0.000195589 0.000199622 0.000201856 0.000380217 0.000379774 0.000380272 0.000379951 0.000509337 0.000495983 0.000485155 0.000471971
4.325 0 0 0 0 0.00101628 0.00102005 0.0010241 0.00102535 0.00195602 0.00195559 0.00195609 0.00195576 0.00239812 0.00238438 0.00237355 0.00236075
4.345 0 0 0 0 0.00171107 0.00171552 0.00171956 0.00172016 0.00338297 0.00338258 0.00338309 0.00338272 0.00418439 0.00417028 0.00415945 0.00414703
4.365 0 0 0 0 0.00211262 0.00211702 0.00212105 0.00212157 0.00440057 0.00440023 0.00440073 0.00440032 0.00561199 0.00559753 0.0055867 0.00557463
4.385 0 0 0 0 0.00220577 0.00220977 0.00221373 0.00221451 0.00483751 0.00483701 0.00483745 0.00483702 0.00639719 0.0063825 0.00637166 0.00635978
4.405 0 0 0 0 0.00207072 0.00207446 0.00207842 0.00207944 0.00466461 0.00466398 0.00466442 0.00466409 0.00632048 0.00630579 0.00629495 0.00628305
4.425 0 0 0 0 0.00176571 0.00176932 0.00177327 0.00177441 0.00394199 0.00394137 0.00394181 0.00394147 0.00532336 0.0053089 0.00529806 0.00528593
4.445 0 0 0 0 0.00130149 0.00130496 0.00130891 0.00131018 0.00276292 0.00276242 0.00276285 0.00276237 0.00358019 0.00356612 0.00355527 0.00354275
4.465 0 0 0 0 0.00070036 0.00070364 0.000707587 0.000709037 0.00127965 0.00127921 0.00127964 0.0012791 0.0014714 0.00145781 0.00144696 0.00143395
4.485 0 0 0 0 -1.56559e-05 -1.2841e-05 -8.89381e-06 -6.90187e-06 -0.000309271 -0.000309758 -0.00030933 -0.000309817 -0.00061327 -0.000626388 -0.000637237 -0.000650718
4.505 0 0 0 0 -0.000828007 -0.000826197 -0.000822234 -0.0008193 -0.00184622 -0.00184666 -0.00184623 -0.00184674 -0.00246354 -0.0024763 -0.00248715 -0.00250099
4.525 0 0 0 0 -0.00159493 -0.0015943 -0.00159036 -0.00158625 -0.00318858 -0.00318897 -0.00318853 -0.0031891 -0.0039916 -0.00400408 -0.00401493 -0.00402904
4.545 0 0 0 0 -0.00212573 -0.00212573 -0.00212178 -0.00211704 -0.00419438 -0.00419484 -0.0041944 -0.00419492 -0.00516166 -0.0051739 -0.00518474 -0.00519909
4.565 0 0 0 0 -0.00233729 -0.00233731 -0.0023334 -0.00232876 -0.00474242 -0.00474292 -0.00474248 -0.00474294 -0.00592802 -0.00594007 -0.00595092 -0.00596546
4.585 0 0 0 0 -0.0022313 -0.0022309 -0.00222698 -0.00222278 -0.00473864 -0.00473907 -0.00473863 -0.00473917 -0.00613731 -0.00614928 -0.00616013 -0.00617475
4.605 0 0 0 0 -0.00186312 -0.00186209 -0.00185818 -0.00185462 -0.00416226 -0.00416263 -0.0041622 -0.0041628 -0.005591 -0.00560307 -0.00561391 -0.00562844
4.625 0 0 0 0 -0.00137173 -0.00137028 -0.00136637 -0.00136325 -0.00312727 -0.00312764 -0.00312722 -0.00312783 -0.00426401 -0.00427637 -0.00428721 -0.00430146
4.645 0 0 0 0 -0.000869361 -0.000867881 -0.000863975 -0.000860888 -0.001825 -0.00182541 -0.00182499 -0.00182558 -0.00237873 -0.00239153 -0.00240238 -0.00241618
4.665 0 0 0 0 -0.000349521 -0.00034805 -0.000344144 -0.000341051 -0.0004364 -0.00043688 -0.00043646 -0.000436979 -0.000317749 -0.000331037 -0.000341888 -0.000355201
4.685 0 0 0 0 0.000266443 0.000268393 0.000272299 0.000274922 0.000930798 0.000930191 0.000930613 0.000930215 0.00155731 0.00154363 0.00153277 0.00151986
4.705 0 0 0 0 0.000997273 0.00100028 0.00100419 0.00100573 0.00223106 0.0022304 0.00223083 0.00223051 0.00306499 0.00305103 0.00304018 0.00302754
4.725 0 0 0 0 0.001698 0.00170218 0.00170609 0.00170648 0.00336852 0.00336795 0.00336839 0.00336797 0.00419989 0.00418574 0.00417489 0.00416245
4.745 0 0 0 0 0.00216342 0.00216822 0.00217214 0.0021719 0.00418039 0.00417995 0.00418038 0.00417982 0.00504059 0.00502627 0.00501542 0.00500315
4.765 0 0 0 0 0.0022905 0.00229528 0.0022992 0.00229901 0.00454426 0.00454377 0.0045442 0.00454369 0.0056127 0.00559824 0.00558739 0.00557525
4.785 0 0 0 0 0.00207831 0.00208246 0.00208637 0.00208681 0.00440413 0.00440351 0.00440394 0.00440357 0.00574917 0.00573465 0.0057238 0.00571173
4.805 0 0 0 0 0.00167872 0.00168209 0.001686 0.00168721 0.00382689 0.00382622 0.00382664 0.00382634 0.00525318 0.00523872 0.00522787 0.00521573
4.825 0 0 0 0 0.00127037 0.00127341 0.00127732 0.00127885 0.00293838 0.00293772 0.00293815 0.00293781 0.00407746 0.00406326 0.00405241 0.00404002
4.845 0 0 0 0 0.000874843 0.00087796 0.000881867 0.000883317 0.0018284 0.00182784 0.00182826 0.00182782 0.00237666 0.00236286 0.00235201 0.00233921
4.865 0 0 0 0 0.000357264 0.00036021 0.000364118 0.000365733 0.000518349 0.000517955 0.000518376 0.000517768 0.000431404 0.000418037 0.000407185 0.000393951
4.885 0 0 0 0 -0.000397262 -0.000395159 -0.00039125 -0.00038878 -0.000992692 -0.000992957 -0.000992533 -0.000993264 -0.00150375 -0.00151674 -0.00152759 -0.00154121
4.905 0 0 0 0 -0.00128341 -0.00128252 -0.00127862 -0.00127496 -0.00257928 -0.00257965 -0.00257922 -0.00257984 -0.00326399 -0.00327662 -0.00328748 -0.00330144
4.925 0 0 0 0 -0.00204341 -0.00204343 -0.00203952 -0.00203492 -0.00396924 -0.00396981 -0.00396939 -0.0039698 -0.00477819 -0.00479051 -0.00480136 -0.00481564
4.945 0 0 0 0 -0.00248289 -0.00248325 -0.00247933 -0.00247437 -0.0049075 -0.00490807 -0.00490764 -0.00490804 -0.00599588 -0.00600794 -0.00601879 -0.00603333
4.965 0 0 0 0 -0.00254036 -0.00254054 -0.00253666 -0.00253206 -0.00526602 -0.00526642 -0.005266 -0.00526662 -0.00674155 -0.00675343 -0.00676428 -0.006779
4.985 0 0 0 0 -0.00230681 -0.00230635 -0.00230247 -0.00229852 -0.00506469 -0.00506504 -0.00506467 -0.00506545 -0.00676893 -0.00678078 -0.00679165 -0.00680644
5.005 0 0 0 0 -0.00195279 -0.00195186 -0.00194798 -0.0019445 -0.00439529 -0.00439569 -0.00439532 -0.00439606 -0.00594882 -0.00596083 -0.00597169 -0.00598633
5.025 0 0 0 0 -0.00154357 -0.00154259 -0.00153871 -0.00153529 -0.0033254 -0.0033259 -0.00332553 -0.00332618 -0.0043579 -0.00437027 -0.00438113 -0.0043954
5.045 0 0 0 0 -0.000995302 -0.000994262 -0.000990389 -0.000987045 -0.00190209 -0.0019027 -0.00190233 -0.00190288 -0.00225816 -0.00227102 -0.00228188 -0.00229567
5.065 0 0 0 0 -0.000217887 -0.000216217 -0.000212348 -0.000209638 -0.000203805 -0.000204504 -0.000204136 -0.000204594 1.64943e-05 3.14611e-06 -7.72196e-06 -2.10231e-05
5.085 0 0 0 0 0.000712017 0.000714755 0.000718636 0.000720311 0.00159004 0.00158937 0.00158975 0.00158926 0.00217101 0.00215722 0.00214635 0.00213349
5.105 0 0 0 0 0.00155664 0.00156038 0.00156425 0.00156492 0.00318624 0.00318573 0.0031861 0.00318546 0.00399944 0.00398528 0.00397441 0.00396193
5.125 0 0 0 0 0.00210597 0.00211021 0.00211408 0.00211423 0.00430419 0.00430373 0.0043041 0.00430341 0.00537905 0.00536458 0.00535372 0.00534154
5.145 0 0 0 0 0.00229919 0.0023035 0.00230737 0.00230748 0.00481711 0.00481651 0.00481689 0.00481636 0.00619857 0.00618393 0.00617307 0.00616107
5.165 0 0 0 0 0.00219549 0.00219952 0.00220339 0.00220377 0.00475557 0.00475482 0.0047552 0.00475482 0.00631873 0.00630406 0.0062932 0.00628123
5.185 0 0 0 0 0.00191606 0.00191973 0.00192359 0.00192432 0.00422468 0.00422395 0.00422433 0.00422392 0.00567225 0.00565771 0.00564684 0.00563475
5.205 0 0 0 0 0.00153376 0.00153722 0.00154108 0.00154201 0.0033036 0.00330298 0.00330335 0.00330282 0.00433933 0.00432507 0.00431421 0.00430182
5.225 0 0 0 0 0.00100547 0.0010087 0.00101256 0.00101371 0.00202438 0.00202385 0.00202422 0.00202359 0.00251459 0.00250075 0.00248988 0.00247708
5.245 0 0 0 0 0.000273142 0.00027576 0.000279617 0.000281376 0.000449587 0.000449102 0.00044947 0.000448795 0.000442768 0.000429366 0.000418499 0.000405252
5.265 0 0 0 0 -0.00061555 -0.000613806 -0.00060994 -0.00060717 -0.00127893 -0.0012794 -0.00127903 -0.0012797 -0.00165947 -0.00167245 -0.00168331 -0.00169699
5.285 0 0 0 0 -0.00149683 -0.00149628 -0.00149243 -0.0014886 -0.00295218 -0.00295271 -0.00295234 -0.00295296 -0.00363823 -0.0036508 -0.00366167 -0.00367574
5.305 0 0 0 0 -0.00218116 -0.00218131 -0.00217746 -0.00217295 -0.00433863 -0.00433919 -0.00433882 -0.00433942 -0.00535894 -0.00537114 -0.005382 -0.00539644
5.325 0 0 0 0 -0.00256702 -0.00256732 -0.00256343 -0.00255874 -0.0052617 -0.00526221 -0.00526183 -0.00526246 -0.00665745 -0.00666936 -0.00668022 -0.00669495
5.345 0 0 0 0 -0.00264866 -0.0026488 -0.00264497 -0.00264059 -0.00562265 -0.00562309 -0.00562272 -0.00562344 -0.00731362 -0.00732536 -0.00733623 -0.00735112
5.365 0 0 0 0 -0.00247252 -0.00247227 -0.00246844 -0.00246444 -0.0053867 -0.00538715 -0.00538679 -0.00538754 -0.00712504 -0.00713681 -0.00714768 -0.00716256
5.385 0 0 0 0 -0.00210602 -0.00210549 -0.00210165 -0.00209794 -0.00458396 -0.00458447 -0.00458412 -0.00458483 -0.00604717 -0.00605917 -0.00607004 -0.00608469
5.405 0 0 0 0 -0.00158704 -0.00158635 -0.00158252 -0.00157898 -0.00331055 -0.0033111 -0.00331076 -0.00331144 -0.00424597 -0.00425839 -0.00426926 -0.0042835
5.425 0 0 0 0 -0.000875602 -0.000874494 -0.000870669 -0.000867563 -0.00167401 -0.00167464 -0.0016743 -0.00167491 -0.00199325 -0.00200616 -0.00201704 -0.00203078
5.445 0 0 0 0 4.71244e-05 4.92112e-05 5.30345e-05 5.5169e-05 0.000212382 0.000211648 0.000211991 0.000211493 0.000434224 0.000420808 0.000409934 0.000396691
5.465 0 0 0 0 0.00109108 0.00109441 0.00109825 0.00109914 0.0022033 0.00220255 0.0022029 0.00220243 0.00283085 0.00281696 0.00280608 0.00279332
5.485 0 0 0 0 0.00207134 0.00207583 0.00207965 0.0020794 0.00408562 0.00408496 0.00408531 0.00408475 0.00506013 0.00504578 0.00503491 0.00502261
5.505 0 0 0 0 0.00279051 0.00279547 0.00279929 0.00279833 0.00559334 0.00559274 0.00559309 0.00559249 0.00696788 0.00695311 0.00694224 0.00693035
5.525 0 0 0 0 0.00313968 0.00314441 0.00314808 0.00314691 0.00650499 0.00650418 0.00650445 0.00650382 0.00831875 0.00830366 0.00829277 0.00828119
5.545 0 0 0 0 0.00313549 0.00313979 0.00314341 0.00314252 0.00672507 0.00672406 0.00672429 0.00672368 0.0088389 0.00882363 0.00881272 0.00880125
5.565 0 0 0 0 0.00288347 0.00288741 0.00289103 0.00289049 0.00628276 0.00628171 0.00628195 0.00628137 0.00835752 0.00834234 0.00833143 0.00831986
5.585 0 0 0 0 0.00241596 0.00241959 0.00242321 0.00242298 0.00521115 0.0052102 0.00521043 0.00520973 0.00685852 0.00684366 0.00683275 0.00682086
5.605 0 0 0 0 0.0016679 0.00167098 0.00167459 0.0016749 0.00351452 0.00351374 0.00351395 0.00351306 0.00449353 0.00447916 0.00446825 0.00445585
5.625 0 0 0 0 0.000602934 0.000605044 0.000608647 0.000609905 0.0012573 0.0012566 0.00125681 0.00125582 0.00154028 0.00152654 0.00151563 0.0015026
5.645 0 0 0 0 -0.000686976 -0.000686096 -0.000682487 -0.000679935 -0.00134802 -0.00134876 -0.00134855 -0.00134947 -0.00168754 -0.0017006 -0.00171151 -0.00172523
5.665 0 0 0 0 -0.00198075 -0.00198121 -0.00197762 -0.00197375 -0.00394532 -0.00394615 -0.00394594 -0.00394677 -0.00488006 -0.00489244 -0.00490335 -0.00491773
5.685 0 0 0 0 -0.00301532 -0.00301669 -0.00301305 -0.00300835 -0.00613253 -0.00613336 -0.00613314 -0.00613396 -0.00769619 -0.00770795 -0.00771887 -0.00773385
5.705 0 0 0 0 -0.00362505 -0.00362707 -0.00362371 -0.00361928 -0.00759571 -0.00759667 -0.00759659 -0.00759774 -0.00975789 -0.00976923 -0.00978018 -0.00979569
5.725 0 0 0 0 -0.00381577 -0.00381783 -0.0038146 -0.00381052 -0.0081951 -0.00819611 -0.00819614 -0.00819756 -0.0107339 -0.010745 -0.010756 -0.0107718
5.745 0 0 0 0 -0.00368156 -0.00368347 -0.00368021 -0.00367626 -0.00793964 -0.00794061 -0.00794064 -0.00794211 -0.010451 -0.0104622 -0.0104732 -0.0104889
5.765 0 0 0 0 -0.00324242 -0.00324415 -0.00324089 -0.00323713 -0.00687395 -0.00687501 -0.00687505 -0.00687646 -0.00892787 -0.00893942 -0.00895041 -0.00896582
5.785 0 0 0 0 -0.00245732 -0.00245856 -0.00245531 -0.00245206 -0.0050612 -0.00506245 -0.0050625 -0.00506377 -0.0063929 -0.00640501 -0.006416 -0.00643086
5.805 0 0 0 0 -0.00133412 -0.00133444 -0.00133122 -0.00132891 -0.00264528 -0.0026466 -0.00264667 -0.00264788 -0.00321653 -0.00322932 -0.00324031 -0.00325449
5.825 0 0 0 0 1.45029e-05 1.55696e-05 1.87887e-05 1.97755e-05 0.000106991 0.000105732 0.000105666 0.000104411 0.000219541 0.000206016 0.000195024 0.000181572
5.845 0 0 0 0 0.00136463 0.00136701 0.00137023 0.00136992 0.00281822 0.00281706 0.00281701 0.00281571 0.00356609 0.00355185 0.00354086 0.00352811
5.865 0 0 0 0 0.0024857 0.0024892 0.00249245 0.0024911 0.00512636 0.00512517 0.0051251 0.00512383 0.00650893 0.00649409 0.00648311 0.006471
5.885 0 0 0 0 0.00325369 0.00325781 0.00326108 0.00325907 0.00680095 0.00679962 0.00679958 0.00679848 0.00876495 0.00874963 0.00873865 0.00872701
5.905 0 0 0 0 0.00365963 0.00366365 0.00366674 0.00366422 0.0077434 0.00774182 0.00774167 0.0077405 0.0100905 0.0100749 0.0100639 0.0100525
5.925 0 0 0 0 0.00375684 0.00376089 0.00376396 0.0037613 0.00794439 0.00794277 0.00794263 0.00794147 0.0103533 0.0103376 0.0103265 0.0103152
5.945 0 0 0 0 0.00361215 0.00361636 0.00361944 0.00361663 0.00747716 0.00747554 0.00747539 0.00747423 0.00962147 0.00960596 0.00959495 0.00958344
5.965 0 0 0 0 0.00323007 0.00323431 0.00323739 0.00323455 0.00645702 0.00645541 0.00645525 0.00645405 0.00812437 0.00810921 0.00809819 0.00808632
5.985 0 0 0 0 0.00255354 0.00255721 0.00256028 0.00255799 0.00497546 0.00497394 0.00497378 0.00497245 0.00612211 0.00610737 0.00609636 0.00608406
6.005 0 0 0 0 0.00158887 0.00159133 0.00159439 0.00159327 0.00311417 0.00311276 0.00311258 0.00311114 0.00382147 0.00380718 0.00379616 0.00378341
6.025 0 0 0 0 0.000489782 0.000490887 0.000493936 0.00049416 0.00103586 0.00103439 0.00103422 0.00103283 0.00137199 0.00135819 0.00134717 0.00133393
6.045 0 0 0 0 -0.000526146 -0.000525943 -0.000522881 -0.000521624 -0.000993866 -0.00099543 -0.000995609 -0.000996844 -0.00109173 -0.00110501 -0.00111603 -0.0011298
6.065 0 0 0 0 -0.00132253 -0.00132301 -0.00131999 -0.00131811 -0.00272566 -0.00272717 -0.00272733 -0.00272864 -0.00339454 -0.00340732 -0.00341834 -0.00343261
6.085 0 0 0 0 -0.00185829 -0.00185911 -0.00185608 -0.00185387 -0.0040092 -0.00401052 -0.00401072 -0.00401223 -0.00526186 -0.00527422 -0.00528523 -0.00529989
6.105 0 0 0 0 -0.00214127 -0.00214202 -0.00213897 -0.00213677 -0.00476039 -0.00476167 -0.00476186 -0.00476342 -0.00637732 -0.00638943 -0.00640043 -0.00641536
6.125 0 0 0 0 -0.00221273 -0.00221348 -0.00221041 -0.00220822 -0.00492245 -0.00492382 -0.004924 -0.00492548 -0.00655306 -0.00656511 -0.00657612 -0.00659109
6.145 0 0 0 0 -0.00212553 -0.00212658 -0.00212352 -0.00212102 -0.00452039 -0.00452176 -0.00452194 -0.00452342 -0.00585997 -0.00587221 -0.00588322 -0.00589801
6.165 0 0 0 0 -0.00185149 -0.00185284 -0.00184978 -0.00184701 -0.00366005 -0.00366137 -0.00366156 -0.0036631 -0.00454791 -0.0045605 -0.00457151 -0.00458596
6.185 0 0 0 0 -0.00130431 -0.00130524 -0.00130218 -0.00129984 -0.00244364 -0.00244507 -0.00244526 -0.0024467 -0.00288373 -0.00289667 -0.00290768 -0.00292178
6.205 0 0 0 0 -0.000537591 -0.000537513 -0.000534438 -0.000533126 -0.000992318 -0.000993837 -0.000994022 -0.000995365 -0.00110736 -0.00112064 -0.00113166 -0.00114541
6.225 0 0 0 0 0.000240025 0.000240987 0.000244044 0.000244499 0.00048778 0.000486416 0.000486227 0.000484761 0.000598303 0.000584662 0.000573645 0.000560245
6.245 0 0 0 0 0.000840196 0.000841577 0.000844635 0.000844675 0.00173508 0.00173387 0.00173369 0.00173207 0.00211382 0.00209983 0.00208881 0.00207575
6.265 0 0 0 0 0.00116702 0.0011686 0.00117165 0.00117153 0.00253641 0.0025351 0.00253492 0.00253338 0.00328236 0.00326811 0.0032571 0.0032443
6.285 0 0 0 0 0.0012061 0.00120746 0.00121051 0.00121057 0.00280652 0.00280504 0.00280487 0.00280351 0.00386692 0.00385254 0.00384154 0.00382888
6.305 0 0 0 0 0.00101908 0.00102002 0.00102306 0.00102354 0.00255904 0.00255757 0.0025574 0.00255603 0.00366463 0.00365027 0.00363926 0.00362659
6.325 0 0 0 0 0.0006727 0.00067329 0.00067633 0.00067716 0.00181139 0.00181005 0.00180987 0.00180836 0.00262434 0.00261019 0.00259917 0.00258629
6.345 0 0 0 0 0.000138398 0.000138701 0.000141749 0.00014288 0.000550146 0.000548906 0.000548728 0.00054712 0.000844945 0.000831182 0.000820167 0.000806893
6.365 0 0 0 0 -0.000623529 -0.000623688 -0.000620637 -0.000619029 -0.00115574 -0.00115692 -0.00115709 -0.00115871 -0.00143592 -0.00144917 -0.00146019 -0.00147397
6.385 0 0 0 0 -0.00155364 -0.00155465 -0.00155162 -0.00154918 -0.00309865 -0.0030999 -0.00310007 -0.00310166 -0.00390628 -0.003919 -0.00393001 -0.00394433
6.405 0 0 0 0 -0.00250419 -0.00250616 -0.00250311 -0.0024997 -0.0050073 -0.00500857 -0.00500876 -0.00501032 -0.006278 -0.00629022 -0.00630123 -0.00631604
6.425 0 0 0 0 -0.00332453 -0.00332739 -0.00332432 -0.00332004 -0.00665079 -0.006652 -0.00665219 -0.0066538 -0.00833784 -0.00834963 -0.00836064 -0.00837587
6.445 0 0 0 0 -0.00394775 -0.00395129 -0.0039482 -0.00394325 -0.00791286 -0.00791396 -0.00791411 -0.0079158 -0.00995996 -0.00997143 -0.00998244 -0.009998
6.465 0 0 0 0 -0.00436125 -0.00436541 -0.00436243 -0.00435716 -0.00875415 -0.00875517 -0.00875532 -0.00875711 -0.0110559 -0.0110671 -0.0110781 -0.0110939
6.485 0 0 0 0 -0.00455746 -0.00456174 -0.00455881 -0.00455333 -0.00914891 -0.00914992 -0.00915006 -0.00915185 -0.0115529 -0.0115641 -0.0115751 -0.011591
6.505 0 0 0 0 -0.00452176 -0.00452599 -0.00452304 -0.0045176 -0.00906632 -0.00906738 -0.00906752 -0.00906926 -0.011418 -0.0114292 -0.0114402 -0.0114561
6.525 0 0 0 0 -0.00423717 -0.00424112 -0.00423818 -0.00423306 -0.00848239 -0.0084835 -0.00848366 -0.00848536 -0.010661 -0.0106723 -0.0106833 -0.010699
6.545 0 0 0 0 -0.00372085 -0.00372432 -0.00372139 -0.00371682 -0.00743234 -0.00743345 -0.00743361 -0.00743533 -0.00934271 -0.00935432 -0.00936534 -0.00938077
6.565 0 0 0 0 -0.00302762 -0.00303044 -0.00302753 -0.00302368 -0.00602102 -0.00602215 -0.00602232 -0.00602404 -0.00756868 -0.00758066 -0.00759168 -0.00760674
6.585 0 0 0 0 -0.00223305 -0.0022351 -0.0022322 -0.00222919 -0.00439037 -0.00439156 -0.00439174 -0.00439342 -0.0054859 -0.00549832 -0.00550934 -0.00552397
6.605 0 0 0 0 -0.00138751 -0.00138874 -0.00138585 -0.00138375 -0.00265619 -0.00265749 -0.00265768 -0.00265927 -0.00325088 -0.00326376 -0.00327478 -0.00328895
6.625 0 0 0 0 -0.000502706 -0.000502992 -0.0005001 -0.000499022 -0.000882046 -0.000883449 -0.000883633 -0.000885117 -0.000992698 -0.00100603 -0.00101706 -0.00103078
6.645 0 0 0 0 0.000432221 0.000433099 0.000435996 0.00043605 0.00091624 0.000914741 0.000914556 0.000913199 0.00122662 0.00121285 0.00120183 0.00118854
6.665 0 0 0 0 0.00139924 0.00140138 0.00140423 0.0014029 0.00272606 0.0027245 0.00272432 0.00272303 0.00340203 0.00338784 0.00337682 0.00336396
6.685 0 0 0 0 0.00229088 0.00229404 0.00229689 0.00229451 0.00445163 0.00445006 0.00444986 0.00444856 0.00549269 0.0054781 0.00546709 0.00545466
6.705 0 0 0 0 0.00293161 0.0029352 0.00293814 0.00293539 0.00586686 0.00586539 0.0058652 0.00586382 0.00732483 0.00730981 0.0072988 0.00728679
6.725 0 0 0 0 0.00319308 0.00319638 0.00319932 0.00319684 0.00668945 0.00668803 0.00668788 0.0066865 0.00858277 0.00856743 0.00855641 0.00854473
6.745 0 0 0 0 0.00307118 0.0030739 0.00307683 0.00307491 0.00672641 0.00672491 0.00672475 0.00672343 0.0089067 0.00889125 0.00888023 0.00886866
6.765 0 0 0 0 0.00264155 0.00264371 0.00264663 0.00264525 0.00594761 0.00594604 0.00594588 0.00594463 0.00804576 0.00803048 0.00801947 0.00800772
6.785 0 0 0 0 0.00195297 0.00195461 0.00195753 0.00195666 0.00442009 0.00441859 0.00441842 0.00441707 0.00597746 0.00596262 0.00595161 0.00593941
6.805 0 0 0 0 0.00103184 0.00103293 0.00103583 0.00103553 0.00227674 0.00227541 0.00227522 0.00227369 0.00297905 0.00296487 0.00295385 0.002941
6.825 0 0 0 0 -0.000116025 -0.000115662 -0.000112758 -0.000112198 -0.000299992 -0.000301244 -0.000301428 -0.000303029 -0.000499278 -0.000512698 -0.000523723 -0.00053735
6.845 0 0 0 0 -0.00144365 -0.00144442 -0.00144152 -0.00143973 -0.00305819 -0.00305944 -0.00305961 -0.0030612 -0.00401121 -0.00402387 -0.0040349 -0.00404928
6.865 0 0 0 0 -0.00278095 -0.00278313 -0.00278018 -0.00277685 -0.00567305 -0.00567432 -0.0056745 -0.00567607 -0.00719925 -0.00721125 -0.00722227 -0.0072373
6.885 0 0 0 0 -0.00387146 -0.00387486 -0.00387193 -0.00386737 -0.0078058 -0.00780704 -0.00780717 -0.00780873 -0.00979753 -0.00980901 -0.00982003 -0.00983558
6.905 0 0 0 0 -0.00449867 -0.00450252 -0.0044996 -0.00449455 -0.00916699 -0.00916825 -0.0091684 -0.00916994 -0.0115727 -0.0115838 -0.0115948 -0.0116108
6.925 0 0 0 0 -0.00452892 -0.0045323 -0.00452947 -0.00452496 -0.00950699 -0.00950843 -0.0095087 -0.00951037 -0.0122191 -0.01223 -0.0122411 -0.0122572
6.945 0 0 0 0 -0.00390412 -0.00390623 -0.00390341 -0.00390023 -0.00860339 -0.00860492 -0.00860518 -0.00860676 -0.0113522 -0.0113632 -0.0113742 -0.0113903
6.965 0 0 0 0 -0.00265313 -0.00265357 -0.00265075 -0.00264941 -0.0063218 -0.00632346 -0.00632372 -0.00632521 -0.00866018 -0.0086717 -0.00868275 -0.00869832
6.985 0 0 0 0 -0.000877465 -0.00087619 -0.000873392 -0.000873975 -0.00271841 -0.00272019 -0.00272048 -0.00272191 -0.00410221 -0.00411468 -0.00412573 -0.00414036
7.005 0 0 0 0 0.00131868 0.00132175 0.00132458 0.00132219 0.00196111 0.0019592 0.00195891 0.00195761 0.0020177 0.00200392 0.00199286 0.00197952
7.025 0 0 0 0 0.00378459 0.00378963 0.00379247 0.00378799 0.00728514 0.00728309 0.00728277 0.00728164 0.0090414 0.00902613 0.00901513 0.00900339
7.045 0 0 0 0 0.00629693 0.00630459 0.00630638 0.00630242 0.012672 0.0126693 0.0126687 0.0126672 0.0160894 0.0160723 0.0160612 0.0160508
7.065 0 0 0 0 0.00865304 0.00867037 0.00867377 0.00868802 0.0174926 0.0174929 0.0174933 0.017494 0.0222514 0.0222325 0.0222213 0.0222123
7.085 0 0 0 0 0.0106533 0.010693 0.0107 0.0107496 0.0212282 0.0212333 0.021236 0.021241 0.0267266 0.0267065 0.0266956 0.0266878
7.105 0 0 0 0 0.0120143 0.0120743 0.0120843 0.0121658 0.0234399 0.0234476 0.0234517 0.0234587 0.0289828 0.0289623 0.0289516 0.0289444
7.125 0 0 0 0 0.0124695 0.012532 0.0125416 0.0126251 0.0237336 0.0237414 0.0237457 0.0237528 0.0288773 0.0288569 0.0288463 0.028839
7.145 0 0 0 0 0.0117821 0.0118419 0.0118517 0.0119285 0.0219607 0.0219668 0.0219706 0.0219775 0.0265663 0.0265465 0.0265358 0.0265277
7.165 0 0 0 0 0.00983011 0.00987979 0.00988846 0.00995335 0.0183584 0.0183628 0.0183657 0.0183712 0.022304 0.0222851 0.0222741 0.022265
7.185 0 0 0 0 0.00685156 0.00688561 0.00689265 0.00694212 0.0132714 0.0132742 0.013276 0.0132791 0.0163545 0.0163366 0.0163254 0.0163151
7.205 0 0 0 0 0.00326973 0.00328524 0.00329043 0.00332009 0.00696053 0.00696104 0.00696137 0.00696175 0.00893131 0.00891483 0.00890337 0.00889143
7.225 0 0 0 0 -0.000553426 -0.000555106 -0.000552825 -0.000547614 -0.000242313 -0.00024515 -0.00024631 -0.000248424 0.000282873 0.000268238 0.000256475 0.000242485
7.245 0 0 0 0 -0.00419398 -0.00420697 -0.00420828 -0.00420674 -0.00775647 -0.00776141 -0.00776373 -0.00776846 -0.00910219 -0.00911462 -0.00912595 -0.00914164
7.265 0 0 0 0 -0.0073608 -0.00736507 -0.00736723 -0.0073619 -0.0147756 -0.0147805 -0.0147825 -0.0147862 -0.0184299 -0.0184404 -0.0184522 -0.0184705
7.285 0 0 0 0 -0.0102674 -0.0102266 -0.0102245 -0.0101929 -0.0207971 -0.0207934 -0.020792 -0.0207884 -0.0266272 -0.0266355 -0.0266466 -0.0266671
7.305 0 0 0 0 -0.013132 -0.0130105 -0.0130048 -0.0129414 -0.0258307 -0.0258134 -0.0258059 -0.0257904 -0.0326995 -0.0327064 -0.0327171 -0.0327389
7.325 0 0 0 0 -0.0167985 -0.0159439 -0.0158436 -0.015732 -0.0299484 -0.0298972 -0.0298561 -0.0298227 -0.0362721 -0.0362829 -0.036296 -0.0363189
7.345 0 0 0 0 -0.0199822 -0.0191713 -0.0191341 -0.0190252 -0.0329319 -0.0328876 -0.0328542 -0.032828 -0.0377659 -0.0377774 -0.0377909 -0.0378136
7.365 0 0 0 0 -0.0230634 -0.0222951 -0.0222944 -0.0221827 -0.0343852 -0.0343409 -0.0343135 -0.0342972 -0.0380541 -0.038066 -0.0380773 -0.0380975
7.385 0 0 0 0 -0.0253247 -0.0245747 -0.0245711 -0.0244759 -0.0346016 -0.0345512 -0.0345177 -0.0345002 -0.0376997 -0.0377141 -0.0377266 -0.0377463
7.405 0 0 0 0 -0.0259356 -0.025198 -0.0251886 -0.0250985 -0.0342423 -0.0341904 -0.0341548 -0.0341375 -0.0369373 -0.0369526 -0.0369659 -0.0369857
7.425 0 0 0 0 -0.024713 -0.0239767 -0.0239718 -0.0238887 -0.0335189 -0.0334705 -0.033436 -0.0334166 -0.0359956 -0.0360101 -0.0360229 -0.0360428
7.445 0 0 0 0 -0.0224893 -0.0217584 -0.0217559 -0.0216847 -0.0320136 -0.031968 -0.0319346 -0.0319119 -0.0350336 -0.0350473 -0.0350601 -0.0350808
7.465 0 0 0 0 -0.0204316 -0.0197269 -0.019726 -0.0196658 -0.0295891 -0.0295423 -0.0295095 -0.0294882 -0.0337264 -0.03374 -0.0337529 -0.0337733
7.485 0 0 0 0 -0.019016 -0.0183462 -0.0183465 -0.018294 -0.0268944 -0.0268468 -0.0268149 -0.0267976 -0.0313256 -0.0313403 -0.0313536 -0.0313733
7.505 0 0 0 0 -0.0180049 -0.0173662 -0.0173694 -0.0173248 -0.0244764 -0.0244333 -0.024403 -0.0243884 -0.0274982 -0.0275138 -0.0275272 -0.0275462
7.525 0 0 0 0 -0.0169621 -0.0163511 -0.0163557 -0.0163179 -0.0219522 -0.0219151 -0.021887 -0.0218744 -0.0228328 -0.0228494 -0.0228632 -0.0228816
7.545 0 0 0 0 -0.0153393 -0.0147743 -0.0147823 -0.0147555 -0.0185358 -0.0185018 -0.0184755 -0.0184661 -0.0182019 -0.0182195 -0.0182336 -0.0182509
7.565 0 0 0 0 -0.0125246 -0.0120173 -0.0120275 -0.0120152 -0.0139931 -0.0139609 -0.0139372 -0.0139319 -0.0137648 -0.0137834 -0.0137978 -0.0138143
7.585 0 0 0 0 -0.00822441 -0.00778025 -0.00779009 -0.00778975 -0.00868039 -0.00865283 -0.00863227 -0.00862867 -0.00891349 -0.00893231 -0.00894717 -0.0089634
7.605 0 0 0 0 -0.00283873 -0.00245212 -0.00245631 -0.00245577 -0.00280819 -0.00278959 -0.00277343 -0.00276873 -0.0030127 -0.00303121 -0.00304662 -0.00306318
7.625 0 0 0 0 0.00292288 0.00321403 0.00322131 0.0032295 0.00386472 0.00387153 0.00388041 0.00388585 0.00412915 0.00411111 0.00409569 0.00407917
7.645 0 0 0 0 0.00815918 0.00822527 0.00822386 0.00824675 0.0115809 0.0115739 0.0115726 0.0115749 0.0124155 0.0124 0.0123894 0.0123761
7.665 0 0 0 0 0.0120355 0.0121086 0.0121194 0.0121831 0.0197056 0.0197084 0.0197111 0.0197116 0.021743 0.0217227 0.0217093 0.0216978
7.685 0 0 0 0 0.0159494 0.0160802 0.0160878 0.0161636 0.027026 0.0270258 0.0270254 0.0270299 0.0316573 0.0316375 0.0316276 0.0316195
7.705 0 0 0 0 0.0207588 0.0208995 0.0208529 0.0214269 0.0335107 0.0335199 0.0335419 0.0335806 0.0407803 0.0407593 0.0407485 0.0407379
