0.005 0 0 0 0 6.62629e-06 6.64215e-06 6.64214e-06 6.62619e-06 6.78258e-06 6.77681e-06 6.77681e-06 6.78254e-06 6.75854e-06 6.75929e-06 6.75929e-06 6.75854e-06
0.025 0 0 0 0 9.33944e-05 9.36562e-05 9.3655e-05 9.33895e-05 0.000113208 0.000113136 0.000113135 0.000113207 0.000111595 0.000111595 0.000111595 0.000111594
0.045 0 0 0 0 0.000113902 0.00011404 0.000114036 0.000113889 0.000200381 0.000200416 0.000200414 0.000200374 0.000207528 0.000207485 0.000207485 0.000207527
0.065 0 0 0 0 9.10867e-05 9.10318e-05 9.10238e-05 9.10597e-05 0.000232662 0.000232749 0.000232746 0.000232653 0.000289239 0.000289153 0.00028915 0.000289231
0.085 0 0 0 0 7.08751e-05 7.08413e-05 7.08347e-05 7.08529e-05 0.000208293 0.000208254 0.000208249 0.000208274 0.000330418 0.000330333 0.000330329 0.000330405
0.105 0 0 0 0 6.08461e-05 6.08826e-05 6.08783e-05 6.08314e-05 0.000166205 0.000166095 0.000166089 0.000166184 0.000292499 0.000292435 0.000292432 0.000292486
0.125 0 0 0 0 5.01975e-05 5.01996e-05 5.01961e-05 5.01853e-05 0.000125117 0.000125117 0.000125114 0.000125108 0.000174657 0.000174612 0.000174611 0.000174651
0.145 0 0 0 0 3.41176e-05 3.4117e-05 3.41155e-05 3.4112e-05 5.94756e-05 5.95644e-05 5.95651e-05 5.94776e-05 2.4464e-05 2.44483e-05 2.44484e-05 2.44636e-05
0.165 0 0 0 0 4.59148e-07 5.3166e-07 5.32554e-07 4.61418e-07 -4.69765e-05 -4.69549e-05 -4.69554e-05 -4.69774e-05 -0.000110066 -0.000110036 -0.000110036 -0.000110065
0.185 0 0 0 0 -6.56137e-05 -6.55943e-05 -6.55938e-05 -6.56127e-05 -0.000167597 -0.000167642 -0.000167642 -0.000167598 -0.000218018 -0.00021796 -0.00021796 -0.000218018
0.205 0 0 0 0 -0.000146186 -0.000146381 -0.000146381 -0.000146187 -0.000268305 -0.000268308 -0.000268308 -0.000268306 -0.00031077 -0.00031071 -0.00031071 -0.00031077
0.225 0 0 0 0 -0.000194754 -0.000195068 -0.000195068 -0.000194754 -0.000338654 -0.000338618 -0.000338618 -0.000338654 -0.000393328 -0.000393261 -0.000393261 -0.000393328
0.245 0 0 0 0 -0.000190285 -0.000190492 -0.000190493 -0.000190285 -0.000375162 -0.000375167 -0.000375167 -0.000375162 -0.000458426 -0.000458331 -0.000458331 -0.000458426
0.265 0 0 0 0 -0.000159511 -0.000159588 -0.000159609 -0.000159568 -0.000369292 -0.000369323 -0.000369331 -0.000369318 -0.000490192 -0.000490079 -0.000490083 -0.000490203
0.285 0 0 0 0 -0.000135341 -0.000135412 -0.000135423 -0.000135374 -0.000325975 -0.00032595 -0.000325955 -0.000325995 -0.000466625 -0.000466521 -0.000466522 -0.000466634
0.305 0 0 0 0 -0.000120529 -0.000120649 -0.000120654 -0.000120547 -0.000264792 -0.000264741 -0.000264745 -0.000264807 -0.000374784 -0.00037471 -0.000374714 -0.000374797
0.325 0 0 0 0 -9.95438e-05 -9.96608e-05 -9.96645e-05 -9.95583e-05 -0.000192634 -0.000192641 -0.000192644 -0.000192643 -0.000231276 -0.000231229 -0.00023123 -0.00023128
0.345 0 0 0 0 -6.15585e-05 -6.16434e-05 -6.16451e-05 -6.15653e-05 -9.72911e-05 -9.73385e-05 -9.73389e-05 -9.72919e-05 -7.60365e-05 -7.60201e-05 -7.6021e-05 -7.6039e-05
0.365 0 0 0 0 -3.70683e-06 -3.7576e-06 -3.75728e-06 -3.70555e-06 2.31454e-05 2.31343e-05 2.31334e-05 2.31435e-05 6.01606e-05 6.0144e-05 6.01445e-05 6.01619e-05
0.385 0 0 0 0 6.78365e-05 6.78764e-05 6.78765e-05 6.78368e-05 0.000144863 0.000144892 0.000144892 0.000144863 0.000174071 0.000174029 0.000174029 0.000174071
0.405 0 0 0 0 0.000131145 0.000131315 0.000131315 0.000131144 0.00024051 0.00024052 0.00024052 0.00024051 0.000274726 0.000274672 0.000274672 0.000274727
0.425 0 0 0 0 0.00016037 0.000160584 0.000160584 0.00016037 0.000299808 0.000299792 0.000299793 0.000299808 0.000361123 0.000361054 0.000361054 0.000361123
0.445 0 0 0 0 0.000152564 0.000152697 0.000152697 0.000152564 0.000323035 0.00032303 0.000323029 0.000323034 0.000418663 0.000418573 0.000418573 0.000418663
0.465 0 0 0 0 0.000130539 0.000130589 0.000130589 0.000130539 0.000311271 0.000311272 0.000311272 0.000311271 0.000428915 0.000428816 0.000428816 0.000428915
0.485 0 0 0 0 0.000114196 0.000114255 0.000114255 0.000114196 0.000269936 0.000269917 0.000269917 0.000269936 0.000380056 0.000379971 0.000379971 0.000380056
0.505 0 0 0 0 0.000100231 0.000100336 0.000100336 0.000100231 0.000208339 0.000208316 0.000208316 0.000208339 0.000276296 0.00027624 0.00027624 0.000276296
0.525 0 0 0 0 7.34579e-05 7.35607e-05 7.35607e-05 7.34578e-05 0.000129465 0.000129474 0.000129474 0.000129465 0.000141224 0.000141197 0.000141197 0.000141225
0.545 0 0 0 0 2.68029e-05 2.68554e-05 2.68554e-05 2.68029e-05 3.08439e-05 3.08712e-05 3.08712e-05 3.08439e-05 5.60896e-06 5.60855e-06 5.60851e-06 5.6089e-06
0.565 0 0 0 0 -3.24663e-05 -3.24789e-05 -3.24789e-05 -3.24663e-05 -7.89667e-05 -7.89638e-05 -7.89638e-05 -7.89667e-05 -0.000111325 -0.000111299 -0.000111299 -0.000111325
0.585 0 0 0 0 -6.81637e-05 -6.8188e-05 -6.8188e-05 -6.81636e-05 -0.000149063 -0.000149097 -0.000149097 -0.000149063 -0.000180958 -0.000180914 -0.000180914 -0.000180958
0.605 0 0 0 0 -0.000131175 -0.000131394 -0.000131394 -0.000131175 -0.0002292 -0.000229165 -0.000229165 -0.0002292 -0.000271317 -0.000271272 -0.000271272 -0.000271317
0.625 0 0 0 0 -0.000140244 -0.000140423 -0.000140423 -0.000140244 -0.000270493 -0.000270485 -0.000270485 -0.000270493 -0.000328579 -0.000328514 -0.000328514 -0.00032858
0.645 0 0 0 0 -0.000109148 -0.000109192 -0.000109192 -0.000109148 -0.000254206 -0.000254225 -0.000254225 -0.000254206 -0.000336288 -0.00033621 -0.00033621 -0.000336288
0.665 0 0 0 0 -5.01148e-05 -5.00221e-05 -5.00221e-05 -5.01148e-05 -0.000172238 -0.000172259 -0.000172259 -0.000172238 -0.00026839 -0.000268317 -0.000268317 -0.00026839
0.685 0 0 0 0 -7.12484e-05 -7.13616e-05 -7.13616e-05 -7.12484e-05 -0.000144524 -0.000144451 -0.000144451 -0.000144524 -0.000215555 -0.000215519 -0.000215519 -0.000215555
0.705 0 0 0 0 -4.99621e-05 -5.00627e-05 -5.00627e-05 -4.9962e-05 -7.98737e-05 -7.98573e-05 -7.98573e-05 -7.98737e-05 -8.83745e-05 -8.83632e-05 -8.83632e-05 -8.83745e-05
0.725 0 0 0 0 7.7573e-05 7.78614e-05 7.78614e-05 7.7573e-05 9.98516e-05 9.96988e-05 9.96988e-05 9.98516e-05 0.000142949 0.000142951 0.000142951 0.000142949
0.745 0 0 0 0 -1.65689e-05 -1.68579e-05 -1.68579e-05 -1.65689e-05 8.80132e-05 8.81497e-05 8.81497e-05 8.80132e-05 0.000145858 0.000145786 0.000145786 0.000145858
0.765 0 0 0 0 4.20329e-05 4.19923e-05 4.19923e-05 4.20329e-05 0.000127381 0.000127375 0.000127375 0.000127381 0.000201082 0.000201033 0.000201033 0.000201082
0.785 0 0 0 0 9.57313e-05 9.59673e-05 9.59673e-05 9.57313e-05 0.000152617 0.000152508 0.000152508 0.000152617 0.000206689 0.000206667 0.000206667 0.000206689
0.805 0 0 0 0 6.69957e-05 6.70554e-05 6.70554e-05 6.69957e-05 0.00012758 0.00012762 0.00012762 0.00012758 0.000133041 0.000133011 0.000133011 0.000133041
0.825 0 0 0 0 6.66768e-05 6.67498e-05 6.67498e-05 6.66768e-05 0.000114463 0.000114514 0.000114514 0.000114463 0.000102117 0.000102092 0.000102092 0.000102117
0.845 0 0 0 0 -7.27286e-05 -7.30322e-05 -7.30322e-05 -7.27286e-05 -7.27863e-05 -7.26942e-05 -7.26942e-05 -7.27863e-05 -6.06403e-05 -6.06526e-05 -6.06526e-05 -6.06403e-05
0.865 0 0 0 0 0.000418683 0.000420254 0.000420254 0.000418683 0.000422876 0.000422275 0.000422275 0.000422876 0.000435918 0.000435987 0.000435987 0.000435918
0.885 0 0 0 0 -2.52768e-05 -2.6098e-05 -2.6098e-05 -2.52767e-05 0.000194912 0.000195489 0.000195489 0.000194912 0.000189283 0.000189122 0.000189122 0.000189283
0.905 0 0 0 0 4.89664e-05 4.86664e-05 4.86663e-05 4.89663e-05 0.000255445 0.000255607 0.000255607 0.000255445 0.000374804 0.00037467 0.00037467 0.000374804
0.925 0 0 0 0 -9.54106e-05 -9.56198e-05 -9.56199e-05 -9.54107e-05 -5.03342e-05 -5.05792e-05 -5.05792e-05 -5.03342e-05 0.000175179 0.00017515 0.00017515 0.000175179
0.945 0 0 0 0 0.000175407 0.000176301 0.000176302 0.000175411 0.000103594 0.00010301 0.000103006 0.000103579 0.000199725 0.000199797 0.000199794 0.000199707
0.965 0 0 0 0 0.000215995 0.000216226 0.000216238 0.000216031 0.000325782 0.000326143 0.000326141 0.000325774 0.000139557 0.000139494 0.000139494 0.000139557
0.985 0 0 0 0 -0.000316023 -0.000317816 -0.000317817 -0.000316027 -0.000178593 -0.000177471 -0.000177466 -0.000178579 -0.000349845 -0.000350007 -0.000350006 -0.000349844
1.005 0 0 0 0 -0.000500172 -0.000500888 -0.000500885 -0.000500169 -0.000805146 -0.000805454 -0.000805459 -0.000805156 -0.000679373 -0.000679232 -0.000679231 -0.000679371
1.025 0 0 0 0 4.64122e-06 6.63432e-06 6.63335e-06 4.63831e-06 -0.000588165 -0.000589746 -0.000589748 -0.000588171 -0.000512991 -0.000512553 -0.000512551 -0.000512987
1.045 0 0 0 0 -0.000300883 -0.000301722 -0.000301723 -0.000300884 -0.000560391 -0.000559709 -0.000559707 -0.000560387 -0.000968566 -0.000968463 -0.000968465 -0.000968569
1.065 0 0 0 0 -0.000423627 -0.000425458 -0.000425458 -0.000423625 -0.000520261 -0.000518805 -0.000518806 -0.000520269 -0.00105403 -0.00105407 -0.00105407 -0.00105404
1.085 0 0 0 0 -0.00023645 -0.000236048 -0.000236075 -0.000236544 -0.000686865 -0.000687414 -0.000687432 -0.000686911 -0.000782961 -0.000782679 -0.000782676 -0.00078296
1.105 0 0 0 0 0.000203499 0.000205701 0.000205673 0.000203415 -0.000272254 -0.000273886 -0.000273888 -0.00027226 -0.000132508 -0.000132127 -0.000132131 -0.000132515
1.125 0 0 0 0 0.00108202 0.00108451 0.00108451 0.00108199 0.00150067 0.00150041 0.00150042 0.00150068 0.00139996 0.00139983 0.00139983 0.00139996
1.145 0 0 0 0 0.000102364 9.86327e-05 9.86307e-05 0.000102364 0.00150863 0.00151164 0.00151164 0.00150864 0.00155129 0.0015503 0.00155031 0.00155129
1.165 0 0 0 0 -0.000959986 -0.000964504 -0.000964532 -0.000960096 -0.000260275 -0.000259424 -0.000259386 -0.000260166 0.000754037 0.000753443 0.000753433 0.000754001
1.185 0 0 0 0 0.000849654 0.000855846 0.000855868 0.000849697 0.000290329 0.000285322 0.000285253 0.000290155 0.00147932 0.00147982 0.00147978 0.00147913
1.205 0 0 0 0 0.00071359 0.000715335 0.000715349 0.000713635 0.000824859 0.000824956 0.000824948 0.000824834 0.000454949 0.000454976 0.000454988 0.000454986
1.225 0 0 0 0 0.000192795 0.000189258 0.000189187 0.000192582 0.00105059 0.00105512 0.00105512 0.00105059 -0.000283472 -0.000284148 -0.00028414 -0.000283451
1.245 0 0 0 0 -0.00103815 -0.0010415 -0.00104151 -0.00103814 -0.00125082 -0.00124949 -0.00124948 -0.00125083 -0.00145891 -0.00145894 -0.00145892 -0.00145888
1.265 0 0 0 0 -0.000851333 -0.000848061 -0.000848054 -0.000851322 -0.00258725 -0.00259208 -0.00259207 -0.00258723 -0.00166411 -0.00166294 -0.00166294 -0.00166411
1.285 0 0 0 0 -0.00010283 -9.97516e-05 -9.97539e-05 -0.000102846 -0.00129668 -0.00129905 -0.00129904 -0.00129665 -0.00141218 -0.00141135 -0.00141136 -0.00141219
1.305 0 0 0 0 0.00085737 0.000856826 0.000856852 0.000857415 0.00139102 0.00139458 0.00139456 0.00139099 -0.000241884 -0.000242248 -0.000242247 -0.000241882
1.325 0 0 0 0 -5.00469e-06 -9.40211e-06 -9.39097e-06 -4.97524e-06 0.00109672 0.00110109 0.00110104 0.0010966 0.000226779 0.000225887 0.000225825 0.00022659
1.345 0 0 0 0 -0.000444142 -0.000443799 -0.000443809 -0.00044416 -0.000504072 -0.000506731 -0.000506733 -0.000504078 0.000963722 0.000963793 0.000963766 0.000963653
1.365 0 0 0 0 0.000397893 0.00040278 0.000402775 0.000397882 6.48794e-06 9.79722e-07 9.91831e-07 6.51151e-06 0.00193866 0.00193915 0.00193916 0.00193866
1.385 0 0 0 0 -0.000500707 -0.000505586 -0.000505584 -0.000500703 0.000511515 0.000514573 0.00051457 0.000511508 0.000497013 0.000496199 0.000496213 0.000497035
1.405 0 0 0 0 -0.000611623 -0.000617262 -0.00061725 -0.000611606 0.000111404 0.000116224 0.000116219 0.000111395 -0.00100241 -0.0010031 -0.0010031 -0.0010024
1.425 0 0 0 0 0.00152874 0.00153747 0.00153747 0.00152874 0.000245453 0.000241463 0.000241457 0.000245443 -0.000239951 -0.000238812 -0.000238813 -0.000239954
1.445 0 0 0 0 0.00139098 0.00139803 0.00139805 0.00139107 0.000551791 0.000548629 0.000548621 0.000551756 0.000271839 0.00027264 0.00027264 0.000271842
1.465 0 0 0 0 -0.000394461 -0.000400271 -0.000400302 -0.000394528 0.000983986 0.00098832 0.000988331 0.000984009 0.000673788 0.000672708 0.000672698 0.000673766
1.485 0 0 0 0 -0.00222596 -0.00223631 -0.00223632 -0.00222599 -0.00104575 -0.00104208 -0.00104208 -0.00104574 -8.81285e-05 -8.92594e-05 -8.92536e-05 -8.81166e-05
1.505 0 0 0 0 -0.000788332 -0.000785168 -0.000785138 -0.000788223 -0.00207466 -0.00208051 -0.00208054 -0.0020748 -0.000231624 -0.000230701 -0.000230705 -0.00023163
1.525 0 0 0 0 0.00245222 0.00246466 0.00246468 0.00245226 0.0011526 0.00114678 0.00114675 0.0011525 0.000911151 0.000912452 0.000912433 0.000911109
1.545 0 0 0 0 0.00172418 0.00172224 0.00172224 0.00172417 0.003312 0.00331922 0.00331922 0.00331202 0.000556857 0.000555801 0.000555764 0.000556799
1.565 0 0 0 0 -0.00230335 -0.00231808 -0.0023182 -0.00230356 -0.000524747 -0.000515476 -0.000515461 -0.000524743 -0.00153452 -0.00153625 -0.00153625 -0.00153457
1.585 0 0 0 0 -0.00278186 -0.0027816 -0.00278169 -0.00278194 -0.00507356 -0.00508122 -0.00508122 -0.0050736 -0.0022024 -0.00220097 -0.00220095 -0.00220238
1.605 0 0 0 0 0.00254065 0.00256139 0.00256123 0.00254021 -0.000593515 -0.000608007 -0.000607976 -0.000593467 0.0012114 0.00121417 0.00121417 0.00121138
1.625 0 0 0 0 0.00142487 0.00141972 0.00141975 0.00142497 0.0035485 0.00355818 0.00355818 0.00354846 0.000421232 0.000419686 0.000419757 0.000421315
1.645 0 0 0 0 -0.000761465 -0.000778359 -0.000778344 -0.000761429 0.00288542 0.00290076 0.00290078 0.00288545 8.91927e-05 8.62355e-05 8.62578e-05 8.92132e-05
1.665 0 0 0 0 -0.00155085 -0.00154918 -0.00154923 -0.00155093 -0.00282221 -0.00282906 -0.00282896 -0.00282201 2.95822e-05 3.04915e-05 3.05755e-05 2.97267e-05
1.685 0 0 0 0 0.000335517 0.000351954 0.000351913 0.000335445 -0.00314343 -0.00316038 -0.00316036 -0.00314341 0.000851493 0.000854374 0.00085441 0.000851557
1.705 0 0 0 0 0.000379935 0.00037682 0.000376824 0.000379932 0.00125271 0.00125744 0.0012574 0.00125268 -0.000257816 -0.000258369 -0.000258403 -0.000257742
1.725 0 0 0 0 0.000186276 0.000172605 0.000172615 0.000186296 0.00331783 0.00333372 0.00333368 0.00331775 -0.000917182 -0.000919729 -0.000919744 -0.000917242
1.745 0 0 0 0 -0.000202944 -0.000201626 -0.000201618 -0.000202926 -0.000969169 -0.000970362 -0.000970367 -0.000969183 -0.00110246 -0.00110198 -0.00110201 -0.00110252
1.765 0 0 0 0 0.000974179 0.000991485 0.000991485 0.000974178 -0.00230368 -0.0023193 -0.0023193 -0.00230366 0.000850138 0.000852884 0.000852878 0.000850126
1.785 0 0 0 0 -0.00171934 -0.00172569 -0.0017257 -0.00171934 -0.00134535 -0.00134364 -0.00134363 -0.00134534 -0.000684364 -0.000684859 -0.000684859 -0.000684366
1.805 0 0 0 0 -0.00129185 -0.00130583 -0.00130583 -0.00129185 0.00101877 0.00102993 0.00102993 0.00101877 -0.000894722 -0.000896733 -0.00089673 -0.000894716
1.825 0 0 0 0 0.00145751 0.001463 0.001463 0.00145751 0.00108431 0.001083 0.001083 0.00108431 0.000379041 0.000379482 0.000379482 0.000379042
1.845 0 0 0 0 0.00226968 0.00228367 0.00228367 0.00226968 0.000594223 0.000585691 0.00058569 0.000594222 0.00137588 0.00137753 0.00137753 0.00137589
1.865 0 0 0 0 0.0015262 0.00152815 0.00152819 0.00152633 0.0027345 0.00273498 0.00273497 0.00273445 0.00288481 0.0028842 0.0028842 0.00288482
1.885 0 0 0 0 -0.000964237 -0.000978215 -0.000978299 -0.000964467 0.00257241 0.00258148 0.00258149 0.00257242 0.00277564 0.00277296 0.00277295 0.00277563
1.905 0 0 0 0 -0.00321247 -0.00322399 -0.00322396 -0.00321255 -0.00232728 -0.00232593 -0.00232607 -0.00232768 -3.73477e-05 -3.83619e-05 -3.83752e-05 -3.73861e-05
1.925 0 0 0 0 -0.000464621 -0.000453703 -0.00045363 -0.000464502 -0.00374855 -0.00376021 -0.00376025 -0.00374858 -0.00154582 -0.00154337 -0.00154337 -0.00154582
1.945 0 0 0 0 0.00133546 0.00134495 0.00134498 0.00133553 -0.00110765 -0.00111006 -0.00111007 -0.00110767 -0.00353305 -0.00353118 -0.00353118 -0.00353295
1.965 0 0 0 0 -0.00189742 -0.00191089 -0.00191089 -0.00189743 -0.00179191 -0.00177769 -0.0017777 -0.00179193 -0.00724112 -0.00724192 -0.00724191 -0.00724111
1.985 0 0 0 0 -0.00165549 -0.00165725 -0.00165733 -0.00165571 -0.00379236 -0.00379108 -0.00379126 -0.00379289 -0.00579413 -0.00579311 -0.00579325 -0.00579469
2.005 0 0 0 0 0.000911821 0.000928949 0.000928855 0.00091131 -0.00292531 -0.00293987 -0.00293996 -0.00292551 -0.000861494 -0.000858439 -0.000858473 -0.000861605
2.025 0 0 0 0 0.00166683 0.00167124 0.00167135 0.00166708 0.00267539 0.00267302 0.00267297 0.00267529 0.00383177 0.00383143 0.00383146 0.00383185
2.045 0 0 0 0 -0.00131171 -0.00133422 -0.00133425 -0.00131175 0.0045026 0.00451826 0.00451833 0.00450273 0.004335 0.00433063 0.00433067 0.00433509
2.065 0 0 0 0 0.000630469 0.000627011 0.000626983 0.00063041 0.00342452 0.00342504 0.00342508 0.00342462 0.00590687 0.00590515 0.00590514 0.00590684
2.085 0 0 0 0 0.00425986 0.00428162 0.00428161 0.00425983 0.00345723 0.00344207 0.00344206 0.00345722 0.00710762 0.00710918 0.00710918 0.00710764
2.105 0 0 0 0 0.00279558 0.00279964 0.00279968 0.00279576 0.00476468 0.00476568 0.00476566 0.00476459 0.00467421 0.00467325 0.00467324 0.00467419
2.125 0 0 0 0 -0.00178203 -0.00180277 -0.00180281 -0.00178223 0.00200371 0.00201956 0.00201952 0.00200353 -0.000224161 -0.000227353 -0.000227366 -0.000224195
2.145 0 0 0 0 3.33533e-05 3.73941e-05 3.73713e-05 3.33586e-05 -0.00102632 -0.0010301 -0.0010301 -0.00102636 -0.00042232 -0.000421509 -0.000421501 -0.000422299
2.165 0 0 0 0 0.00232272 0.00234409 0.00234402 0.00232257 -0.00131758 -0.00133269 -0.00133265 -0.00131748 0.000365386 0.000368522 0.00036854 0.000365424
2.185 0 0 0 0 -0.00202648 -0.00203642 -0.00203647 -0.00202662 -0.00177416 -0.00176768 -0.00176764 -0.00177406 -0.0032571 -0.00325776 -0.00325779 -0.00325717
2.205 0 0 0 0 -0.00244683 -0.00246199 -0.00246198 -0.00244681 -0.00119778 -0.00118668 -0.00118669 -0.00119781 -0.00357658 -0.00357805 -0.00357803 -0.00357654
2.225 0 0 0 0 -0.000266149 -0.000259679 -0.000259647 -0.000266077 -0.00264778 -0.00265352 -0.00265353 -0.00264779 -0.00235976 -0.00235809 -0.00235811 -0.0023598
2.245 0 0 0 0 0.000202941 0.000213716 0.000213718 0.000202946 -0.00270131 -0.00271024 -0.00271025 -0.00270133 -0.00183556 -0.00183338 -0.00183337 -0.00183554
2.265 0 0 0 0 -0.00383221 -0.00384736 -0.00384736 -0.00383222 -0.00385764 -0.00384995 -0.00384995 -0.00385763 -0.00510382 -0.00510452 -0.00510453 -0.00510383
2.285 0 0 0 0 -0.00279719 -0.00280664 -0.00280662 -0.00279713 -0.00358088 -0.00357569 -0.00357569 -0.00358091 -0.00515147 -0.0051515 -0.0051515 -0.00515147
2.305 0 0 0 0 0.00165138 0.00166651 0.00166643 0.00165119 -0.00159658 -0.00160518 -0.00160515 -0.00159651 -0.00215794 -0.00215538 -0.0021554 -0.00215798
2.325 0 0 0 0 -0.000264342 -0.000262572 -0.000262593 -0.000264375 -0.00153956 -0.00153995 -0.00153994 -0.00153954 -0.00261635 -0.00261557 -0.00261557 -0.00261635
2.345 0 0 0 0 -0.00476029 -0.00478064 -0.00478077 -0.00476061 -0.00406061 -0.00405061 -0.00405062 -0.00406066 -0.00503381 -0.00503517 -0.00503518 -0.00503382
2.365 0 0 0 0 0.000383874 0.000391327 0.000391166 0.000383457 -0.00140297 -0.00140929 -0.00140926 -0.00140289 -0.000569236 -0.00056785 -0.000567894 -0.000569329
2.385 0 0 0 0 0.00794146 0.00797169 0.00797167 0.00794133 0.00738099 0.00736841 0.00736835 0.00738076 0.00770559 0.00770734 0.00770738 0.00770565
2.405 0 0 0 0 0.00351599 0.00350676 0.00350688 0.00351624 0.0103645 0.0103779 0.0103779 0.0103644 0.00930509 0.00930066 0.00930063 0.00930503
2.425 0 0 0 0 -0.0046696 -0.00470463 -0.0047046 -0.00466954 0.00259595 0.00261246 0.00261245 0.00259594 0.00574007 0.00573437 0.0057344 0.00574015
2.445 0 0 0 0 -0.00237686 -0.00237098 -0.00237107 -0.00237708 -0.00400702 -0.00402464 -0.00402456 -0.00400701 0.00402712 0.00402849 0.00402849 0.00402711
2.465 0 0 0 0 0.00264834 0.00267485 0.00267484 0.0026484 -0.00208351 -0.00210305 -0.00210304 -0.00208363 0.000325527 0.000329347 0.000329155 0.000325057
2.485 0 0 0 0 0.00557872 0.00558513 0.00558513 0.00557872 0.00659634 0.00660931 0.00660926 0.00659622 -0.00190506 -0.00190565 -0.00190582 -0.00190548
2.505 0 0 0 0 0.0046637 0.00465745 0.00465754 0.00466382 0.00895334 0.00897513 0.00897509 0.0089532 0.000349997 0.000347026 0.000346971 0.000349904
2.525 0 0 0 0 -0.000950511 -0.00095209 -0.000952053 -0.000950433 -0.000305881 -0.000309888 -0.000309723 -0.000305474 0.00300094 0.00300056 0.0030006 0.00300118
2.545 0 0 0 0 -0.00117291 -0.00115982 -0.00116 -0.00117327 -0.0026448 -0.00266964 -0.00266967 -0.00264489 0.00824456 0.00824622 0.00824621 0.0082445
2.565 0 0 0 0 -0.00299569 -0.00301094 -0.00301102 -0.00299589 0.000521972 0.000522928 0.000522621 0.000520879 0.00553929 0.00553664 0.00553655 0.00553915
2.585 0 0 0 0 -0.0029533 -0.00298114 -0.00298114 -0.00295355 0.0013155 0.00133686 0.00133708 0.00131595 -0.00215748 -0.00216131 -0.00216116 -0.0021573
2.605 0 0 0 0 0.00261151 0.00262683 0.00262703 0.00261192 -0.00120283 -0.00120501 -0.00120515 -0.00120314 -0.00607126 -0.00606846 -0.00606839 -0.0060711
2.625 0 0 0 0 0.00469612 0.00473189 0.00473193 0.0046962 -0.0030943 -0.00311109 -0.00311114 -0.0030944 -0.00663156 -0.00662546 -0.00662546 -0.00663154
2.645 0 0 0 0 0.00156557 0.00157091 0.00157109 0.001566 0.00053888 0.00054138 0.000541335 0.000538781 -0.00286216 -0.00286143 -0.00286143 -0.00286215
2.665 0 0 0 0 -0.00945374 -0.0095004 -0.00950031 -0.00945361 -0.00505424 -0.00503195 -0.00503197 -0.00505427 -0.00482646 -0.00483115 -0.00483114 -0.00482645
2.685 0 0 0 0 -0.00787523 -0.00788922 -0.00788923 -0.00787525 -0.00985469 -0.00986272 -0.00986271 -0.00985467 -0.0033195 -0.0033189 -0.00331892 -0.00331953
2.705 0 0 0 0 -0.00325432 -0.00323804 -0.00323802 -0.00325433 -0.0108862 -0.0109081 -0.0109081 -0.0108862 -0.00685396 -0.00684871 -0.00684869 -0.00685392
2.725 0 0 0 0 -0.000807625 -0.000805586 -0.000806172 -0.000808903 -0.00541157 -0.00540562 -0.00540552 -0.00541131 -0.012758 -0.0127554 -0.0127555 -0.0127581
2.745 0 0 0 0 0.0026907 0.0026901 0.00269005 0.00269051 0.00115044 0.00116896 0.00116843 0.00114849 -0.0112028 -0.0112022 -0.0112022 -0.0112028
2.765 0 0 0 0 0.0051623 0.00518082 0.00518083 0.00516221 0.00342633 0.00342438 0.00342432 0.00342573 -0.000886403 -0.000884787 -0.000885149 -0.000887063
2.785 0 0 0 0 -0.0004724 -0.000470032 -0.000470002 -0.000472273 0.000884902 0.000874662 0.000874851 0.000885209 0.00753269 0.00753202 0.00753186 0.00753223
2.805 0 0 0 0 -0.00837395 -0.0084088 -0.0084088 -0.00837395 -0.0026537 -0.00265129 -0.00265117 -0.00265347 0.00784585 0.00784113 0.00784106 0.00784569
2.825 0 0 0 0 -0.00211649 -0.00212782 -0.00212756 -0.00211593 0.00168221 0.00168038 0.0016803 0.00168205 0.00804088 0.0080383 0.00803829 0.00804087
2.845 0 0 0 0 0.00854129 0.00856832 0.00856846 0.00854158 0.008754 0.00874797 0.00874789 0.00875382 0.00646389 0.00646501 0.00646507 0.00646401
2.865 0 0 0 0 0.0104325 0.0104552 0.0104552 0.0104325 0.0119041 0.0119109 0.011911 0.0119041 0.00374796 0.00374798 0.00374795 0.0037479
2.885 0 0 0 0 0.00392466 0.00392236 0.00392231 0.00392455 0.00768662 0.00769876 0.00769876 0.00768661 0.0036123 0.00360997 0.00361002 0.0036124
2.905 0 0 0 0 -0.00337242 -0.00338349 -0.00338349 -0.00337242 -0.00125817 -0.00126215 -0.00126212 -0.00125811 0.00512893 0.00512733 0.00512729 0.00512885
2.925 0 0 0 0 -0.0031669 -0.00316585 -0.00316586 -0.00316692 -0.00312649 -0.00314401 -0.00314402 -0.00312651 0.00717908 0.00717933 0.00717936 0.00717914
2.945 0 0 0 0 -0.00220312 -0.0022122 -0.00221219 -0.00220311 -0.000789339 -0.000788715 -0.000788708 -0.00078933 0.00187577 0.00187457 0.00187455 0.0018757
2.965 0 0 0 0 0.00253732 0.00253562 0.00253562 0.00253732 0.00352879 0.00354122 0.00354122 0.00352877 -0.00284363 -0.00284447 -0.00284443 -0.00284363
2.985 0 0 0 0 0.00764754 0.0076721 0.0076721 0.00764755 0.00559038 0.00559092 0.00559092 0.00559038 -0.00170642 -0.00170423 -0.00170424 -0.00170641
3.005 0 0 0 0 0.00684241 0.00686685 0.00686672 0.00684187 0.00603178 0.00602454 0.00602449 0.00603159 0.0042249 0.00422648 0.00422648 0.00422491
3.025 0 0 0 0 -0.00220274 -0.00222024 -0.00222043 -0.00220329 0.00273709 0.00274179 0.00274187 0.00273726 0.00735027 0.0073467 0.00734667 0.0073502
3.045 0 0 0 0 -0.00874154 -0.00877861 -0.00877865 -0.00874167 -0.00331251 -0.00330682 -0.00330677 -0.00331239 0.00547891 0.00547425 0.00547426 0.00547893
3.065 0 0 0 0 -0.00673187 -0.00674291 -0.00674298 -0.00673206 -0.00835993 -0.00836942 -0.00837004 -0.0083616 -0.00179435 -0.00179402 -0.00179415 -0.00179473
3.085 0 0 0 0 -0.000735327 -0.00071935 -0.000719351 -0.00073533 -0.00822409 -0.00823288 -0.00823305 -0.00822445 -0.0119664 -0.0119612 -0.0119609 -0.0119657
3.105 0 0 0 0 0.000782053 0.000791907 0.000791952 0.000782152 -0.00697577 -0.00696573 -0.00696568 -0.00697566 -0.0207641 -0.0207594 -0.0207593 -0.0207639
3.125 0 0 0 0 8.42756e-05 9.02688e-05 9.02853e-05 8.43017e-05 -0.00662106 -0.0066104 -0.00661035 -0.00662095 -0.0191579 -0.0191541 -0.0191541 -0.0191579
3.145 0 0 0 0 -0.00516152 -0.00516461 -0.00516462 -0.00516153 -0.0107561 -0.0107592 -0.0107592 -0.0107561 -0.0122132 -0.0122101 -0.0122101 -0.0122132
3.165 0 0 0 0 -0.00545619 -0.00545947 -0.00545978 -0.00545711 -0.00786767 -0.00788149 -0.00788136 -0.00786732 -0.000542665 -0.000541331 -0.000541406 -0.000542859
3.185 0 0 0 0 -0.0039237 -0.0039404 -0.00394011 -0.00392327 -0.00047869 -0.000478874 -0.00047892 -0.000478805 0.00585507 0.00585243 0.00585244 0.00585509
3.205 0 0 0 0 0.00205085 0.0020414 0.00204145 0.00205084 0.0078533 0.00786227 0.00786222 0.00785321 0.0087343 0.00873056 0.00873056 0.0087343
3.225 0 0 0 0 0.0100743 0.0100961 0.010096 0.0100742 0.0140139 0.0140134 0.0140134 0.0140139 0.0122689 0.0122677 0.0122677 0.012269
3.245 0 0 0 0 0.00824632 0.00826266 0.00826265 0.0082463 0.0122989 0.0122983 0.0122984 0.0122989 0.0118968 0.0118952 0.0118952 0.0118967
3.265 0 0 0 0 0.00160647 0.00159986 0.00159986 0.00160648 0.00699675 0.00700006 0.00700006 0.00699676 0.0103669 0.0103636 0.0103636 0.0103669
3.285 0 0 0 0 -0.0012622 -0.00127076 -0.00127076 -0.0012622 0.00250772 0.00250487 0.00250488 0.00250774 0.00884196 0.00883954 0.00883953 0.00884194
3.305 0 0 0 0 -0.000477173 -0.000476539 -0.000476543 -0.000477183 0.000499003 0.000492792 0.00049279 0.000498999 0.00479072 0.00479026 0.00479027 0.00479074
3.325 0 0 0 0 -0.00141987 -0.00142411 -0.00142411 -0.00141987 -0.00247789 -0.00247457 -0.00247457 -0.00247789 -0.00429222 -0.00429183 -0.00429184 -0.00429223
3.345 0 0 0 0 0.00490301 0.00492291 0.00492292 0.00490303 0.00164968 0.0016487 0.0016487 0.00164967 -0.00454966 -0.004547 -0.004547 -0.00454967
3.365 0 0 0 0 0.00706543 0.00708822 0.00708822 0.00706544 0.00575559 0.00575501 0.00575501 0.00575559 6.97684e-05 7.14505e-05 7.14483e-05 6.97643e-05
3.385 0 0 0 0 -0.00654188 -0.00657275 -0.00657275 -0.0065419 -0.00388051 -0.00386617 -0.00386617 -0.00388051 -0.00366683 -0.0036698 -0.0036698 -0.00366683
3.405 0 0 0 0 -0.0156366 -0.0156775 -0.0156775 -0.0156367 -0.0175418 -0.0175414 -0.0175414 -0.0175418 -0.0100094 -0.0100101 -0.0100101 -0.0100094
3.425 0 0 0 0 -0.00756476 -0.00755354 -0.00755354 -0.00756473 -0.0180776 -0.0181032 -0.0181032 -0.0180777 -0.0128283 -0.0128216 -0.0128216 -0.0128282
3.445 0 0 0 0 0.00561909 0.0056546 0.00565461 0.0056191 -0.00305501 -0.0030636 -0.00306359 -0.00305499 -0.0120751 -0.0120687 -0.0120687 -0.0120752
3.465 0 0 0 0 0.00860686 0.00861254 0.00861252 0.00860681 0.0100486 0.0100775 0.0100775 0.0100486 -0.00751962 -0.00752057 -0.00752056 -0.0075196
3.485 0 0 0 0 0.000620452 0.000602441 0.000602522 0.000620748 0.00526289 0.00528326 0.00528286 0.00526142 0.000158006 0.00015428 0.000153987 0.000156419
3.505 0 0 0 0 -0.0014882 -0.00147845 -0.00147843 -0.00148815 -0.000699079 -0.000726466 -0.000726435 -0.000699008 0.0141494 0.0141497 0.0141496 0.0141491
3.525 0 0 0 0 0.00160028 0.00161194 0.00161192 0.00160025 0.00636329 0.00633598 0.00633612 0.00636361 0.0236108 0.023609 0.023609 0.023611
3.545 0 0 0 0 0.00311701 0.00308984 0.00308982 0.00311696 0.017079 0.0171002 0.0171003 0.0170791 0.0204974 0.0204882 0.0204883 0.0204976
3.565 0 0 0 0 0.0048024 0.00478155 0.00478143 0.00480171 0.0152266 0.0152545 0.0152546 0.0152269 0.0106569 0.0106498 0.0106497 0.0106567
3.585 0 0 0 0 0.0109333 0.0109791 0.0109791 0.010933 0.00799229 0.00797345 0.00797325 0.00799178 0.00678189 0.00678575 0.00678581 0.00678202
3.605 0 0 0 0 0.0108206 0.0108717 0.0108721 0.0108213 0.00683709 0.00681247 0.00681224 0.00683643 0.00722909 0.00723378 0.00723381 0.00722917
3.625 0 0 0 0 0.000819735 0.000797969 0.000797506 0.000818018 0.00820407 0.00822299 0.00822302 0.00820418 0.00684935 0.00684409 0.00684409 0.00684934
3.645 0 0 0 0 -0.00933068 -0.00938621 -0.00938638 -0.00933125 -0.000724926 -0.000699821 -0.000699877 -0.000725031 0.00272655 0.00271901 0.00271895 0.00272635
3.665 0 0 0 0 -0.009363 -0.00937012 -0.00937016 -0.00936301 -0.014108 -0.0141274 -0.0141275 -0.0141086 -0.00449284 -0.00449022 -0.0044902 -0.00449277
3.685 0 0 0 0 -0.00894007 -0.00892821 -0.0089283 -0.00894016 -0.0224327 -0.0224565 -0.0224566 -0.0224334 -0.0206809 -0.0206727 -0.0206729 -0.0206814
3.705 0 0 0 0 -0.0144795 -0.0145077 -0.0145078 -0.0144797 -0.0280899 -0.0280702 -0.0280701 -0.0280898 -0.0434033 -0.0433974 -0.0433977 -0.0434041
3.725 0 0 0 0 -0.0105034 -0.0105105 -0.0105103 -0.0105028 -0.0288075 -0.0287905 -0.0287904 -0.0288073 -0.0505089 -0.0504992 -0.0504994 -0.0505092
3.745 0 0 0 0 -0.00809247 -0.00807099 -0.00807323 -0.00809979 -0.0304884 -0.0305018 -0.0305035 -0.0304951 -0.0448038 -0.0447903 -0.0447907 -0.0448046
3.765 0 0 0 0 -0.0176547 -0.0176751 -0.0176768 -0.0176623 -0.0340919 -0.0340979 -0.0340988 -0.0340951 -0.038742 -0.0387336 -0.0387338 -0.0387424
3.785 0 0 0 0 -0.0161208 -0.0161547 -0.0161555 -0.0161258 -0.023826 -0.0238245 -0.0238245 -0.0238264 -0.0231417 -0.0231388 -0.0231389 -0.0231419
3.805 0 0 0 0 -0.0109096 -0.0109383 -0.0109394 -0.0109135 -0.0137609 -0.0137562 -0.0137561 -0.0137608 -0.0123446 -0.0123443 -0.0123444 -0.0123448
3.825 0 0 0 0 0.000826554 0.000834612 0.000834799 0.000826362 -0.00113493 -0.00113961 -0.00113978 -0.00113546 -0.00166951 -0.00166805 -0.00166811 -0.00166966
3.845 0 0 0 0 0.0181349 0.0181866 0.0181862 0.0181339 0.0208509 0.0208397 0.0208396 0.0208504 0.0177937 0.0177946 0.0177946 0.0177938
3.865 0 0 0 0 0.0246872 0.0247232 0.0247232 0.024687 0.0411581 0.0411659 0.0411657 0.0411574 0.0401156 0.0401076 0.0401074 0.0401148
3.885 0 0 0 0 0.0184591 0.0184506 0.0184507 0.0184593 0.0471103 0.0471289 0.0471288 0.04711 0.0584093 0.0583926 0.0583925 0.0584091
3.905 0 0 0 0 0.0149943 0.0149912 0.0149912 0.0149945 0.0439018 0.0438928 0.0438928 0.0439018 0.0708445 0.0708283 0.0708283 0.0708445
3.925 0 0 0 0 0.0217906 0.0218243 0.0218245 0.0217915 0.0467928 0.0467634 0.0467635 0.046793 0.0748836 0.0748714 0.0748715 0.0748837
3.945 0 0 0 0 0.0349785 0.0350217 0.035018 0.0349601 0.062342 0.0623327 0.0623289 0.0623324 0.0741014 0.0740875 0.0740863 0.0740986
3.965 0 0 0 0 0.0444051 0.0444493 0.0444441 0.0443824 0.0771754 0.0771945 0.0771927 0.0771685 0.0755293 0.0755125 0.0755117 0.0755274
3.985 0 0 0 0 0.0384189 0.0384434 0.0384378 0.0383893 0.0717564 0.071769 0.0717668 0.0717478 0.0771438 0.0771262 0.0771258 0.0771428
4.005 0 0 0 0 0.0213294 0.021333 0.0213248 0.0212998 0.0498071 0.049787 0.0497833 0.0497898 0.0737922 0.0737739 0.0737727 0.0737868
4.025 0 0 0 0 0.00239637 0.00236689 0.00236344 0.00238012 0.0242054 0.0241785 0.0241729 0.0241827 0.0547284 0.0547115 0.0547102 0.0547213
4.045 0 0 0 0 -0.0150816 -0.0151435 -0.0151426 -0.0150794 -0.00572211 -0.00571984 -0.00572441 -0.00573646 0.00994699 0.00993659 0.00993538 0.00994193
4.065 0 0 0 0 -0.0324102 -0.0324814 -0.0324812 -0.0324104 -0.0501732 -0.0501516 -0.0501502 -0.0501701 -0.0595889 -0.0595816 -0.0595811 -0.0595873
4.085 0 0 0 0 -0.0472378 -0.0472745 -0.0472753 -0.0472398 -0.102861 -0.102861 -0.10286 -0.102861 -0.135222 -0.135192 -0.135192 -0.135222
4.105 0 0 0 0 -0.0573552 -0.0573604 -0.0573613 -0.0573563 -0.141815 -0.14183 -0.141831 -0.141816 -0.192191 -0.192144 -0.192144 -0.192192
4.125 0 0 0 0 -0.0698844 -0.0699152 -0.0699142 -0.069871 -0.160753 -0.160743 -0.160744 -0.16075 -0.220917 -0.220868 -0.220868 -0.220918
4.145 0 0 0 0 -0.076339 -0.0764376 -0.0764443 -0.0764052 -0.160082 -0.160082 -0.1601 -0.160144 -0.213951 -0.21391 -0.213912 -0.213964
4.165 0 0 0 0 -0.0656867 -0.065768 -0.065782 -0.0657721 -0.137236 -0.137259 -0.13726 -0.13727 -0.171829 -0.171795 -0.1718 -0.171844
4.185 0 0 0 0 -0.0449095 -0.0449166 -0.0449408 -0.0448989 -0.0934489 -0.093476 -0.0934799 -0.0934745 -0.11095 -0.110926 -0.110926 -0.110954
4.205 0 0 0 0 -0.0209372 -0.0209559 -0.0209607 -0.020929 -0.036454 -0.0364537 -0.0364568 -0.0364664 -0.0443707 -0.0443645 -0.0443662 -0.044376
4.225 0 0 0 0 0.0064701 0.00643679 0.00642987 0.00643644 0.0203216 0.0203371 0.0203367 0.0203192 0.0232412 0.0232332 0.0232339 0.0232429
4.245 0 0 0 0 0.0381669 0.0382105 0.0382085 0.0381518 0.0727824 0.0727728 0.0727734 0.0727821 0.0914781 0.0914608 0.0914603 0.0914772
4.265 0 0 0 0 0.0595691 0.0596336 0.0596354 0.0595517 0.116232 0.116217 0.116216 0.116229 0.148461 0.148432 0.148432 0.14846
4.285 0 0 0 0 0.0625896 0.0626061 0.0626073 0.0625646 0.140311 0.140322 0.14032 0.140306 0.181409 0.181366 0.181366 0.181408
4.305 0 0 0 0 0.0705198 0.0705523 0.070549 0.0704884 0.153417 0.153415 0.153415 0.153413 0.201436 0.201392 0.201392 0.201436
4.325 0 0 0 0 0.0786707 0.0787483 0.0787449 0.0786708 0.156314 0.156292 0.156291 0.156317 0.203821 0.203782 0.203782 0.203821
4.345 0 0 0 0 0.069372 0.0694379 0.0694344 0.0693632 0.141912 0.141908 0.141906 0.141904 0.178787 0.178752 0.178757 0.178794
4.365 0 0 0 0 0.0579485 0.0579916 0.0579839 0.0579319 0.118457 0.118471 0.118469 0.118469 0.144466 0.144435 0.144435 0.144463
4.385 0 0 0 0 0.0436544 0.0436747 0.0436447 0.0435676 0.0840567 0.0840281 0.0840123 0.0839951 0.104 0.10398 0.103981 0.104003
4.405 0 0 0 0 0.0158361 0.0158371 0.0158284 0.0158098 0.0351477 0.0351367 0.0351361 0.0351348 0.0486021 0.0485891 0.0485865 0.0485942
4.425 0 0 0 0 -0.0167759 -0.0168165 -0.0168135 -0.0167725 -0.0213598 -0.0213515 -0.021348 -0.0213519 -0.0187902 -0.01879 -0.0187904 -0.0187915
4.445 0 0 0 0 -0.0322437 -0.0322702 -0.0322677 -0.0322402 -0.0658767 -0.0658853 -0.0658866 -0.0658791 -0.0791795 -0.0791621 -0.0791626 -0.0791809
4.465 0 0 0 0 -0.0398384 -0.0398512 -0.0398503 -0.0398453 -0.0959337 -0.095944 -0.0959461 -0.0959394 -0.128972 -0.128942 -0.128943 -0.128974
4.485 0 0 0 0 -0.0467542 -0.0467839 -0.0467844 -0.0467658 -0.111327 -0.111318 -0.11132 -0.111333 -0.158589 -0.158554 -0.158554 -0.158589
4.505 0 0 0 0 -0.0533548 -0.0534076 -0.0534077 -0.0533608 -0.117137 -0.117121 -0.117122 -0.117139 -0.161949 -0.161916 -0.161916 -0.16195
4.525 0 0 0 0 -0.0569506 -0.0570028 -0.0570013 -0.056922 -0.115311 -0.115305 -0.115306 -0.115305 -0.143776 -0.143746 -0.143747 -0.143777
4.545 0 0 0 0 -0.0489812 -0.0490165 -0.0490008 -0.0489556 -0.0958981 -0.0959183 -0.0959169 -0.0958963 -0.10967 -0.109644 -0.109645 -0.10967
4.565 0 0 0 0 -0.0329291 -0.0329539 -0.0329372 -0.032896 -0.0609102 -0.0609141 -0.0609158 -0.0609164 -0.0709471 -0.0709319 -0.0709298 -0.0709419
4.585 0 0 0 0 -0.0158906 -0.0159195 -0.015918 -0.0158772 -0.025306 -0.0252863 -0.0252846 -0.025305 -0.0351052 -0.0351022 -0.035103 -0.0351067
4.605 0 0 0 0 -0.00754236 -0.00757142 -0.00757213 -0.00754239 -0.00732267 -0.00730578 -0.00730566 -0.00732225 -0.0101278 -0.0101294 -0.0101291 -0.0101275
4.625 0 0 0 0 -0.00631112 -0.00632775 -0.00632861 -0.00631216 -0.00517563 -0.00518051 -0.00518028 -0.0051748 0.0025235 0.002522 0.00252153 0.00252245
4.645 0 0 0 0 -0.00024505 -0.000237469 -0.000237779 -0.000245428 0.000741383 0.000723275 0.00072329 0.000741337 0.0106162 0.0106162 0.0106163 0.0106163
4.665 0 0 0 0 0.0129926 0.0130191 0.0130192 0.0129896 0.0193293 0.0193238 0.0193236 0.0193288 0.0208066 0.0208042 0.0208042 0.0208064
4.685 0 0 0 0 0.0244547 0.0244846 0.0244844 0.0244475 0.0399097 0.0399229 0.0399225 0.0399084 0.0353184 0.035311 0.0353111 0.0353186
4.705 0 0 0 0 0.0271151 0.0271411 0.0271407 0.0271061 0.0498438 0.0498536 0.0498533 0.0498425 0.0531312 0.0531196 0.0531195 0.053131
4.725 0 0 0 0 0.0179107 0.0179141 0.0179137 0.0179043 0.0442418 0.0442379 0.0442378 0.0442411 0.0638079 0.0637934 0.0637933 0.0638077
4.745 0 0 0 0 -0.000336273 -0.000376874 -0.000375693 -0.000335055 0.0235685 0.0235663 0.0235672 0.0235704 0.0517317 0.0517165 0.0517164 0.0517313
4.765 0 0 0 0 0.00371206 0.00371061 0.00370923 0.00370982 0.015533 0.0155149 0.0155165 0.0155375 0.0345691 0.0345628 0.0345626 0.0345689
4.785 0 0 0 0 0.0256188 0.0256971 0.0256965 0.0256191 0.0284892 0.0284703 0.0284706 0.0284893 0.024196 0.0241977 0.0241977 0.0241957
4.805 0 0 0 0 0.0313058 0.0313659 0.0313666 0.0313093 0.0393118 0.0393324 0.0393314 0.0393093 0.0183253 0.0183231 0.018323 0.0183252
4.825 0 0 0 0 0.0160864 0.0160775 0.0160636 0.0160621 0.0302698 0.0303017 0.0303015 0.0302692 0.0206594 0.0206511 0.020651 0.0206593
4.845 0 0 0 0 0.0038975 0.0038916 0.00388627 0.00388206 0.0151102 0.0150907 0.0150913 0.0151112 0.034548 0.0345422 0.0345422 0.0345481
4.865 0 0 0 0 0.0059581 0.00597687 0.00597685 0.00595448 0.0179182 0.0178724 0.017874 0.0179258 0.0490075 0.0490024 0.0490026 0.0490077
4.885 0 0 0 0 0.00757554 0.00755537 0.00755591 0.0075778 0.0293811 0.0293906 0.0293903 0.0293794 0.0438453 0.0438317 0.0438316 0.0438461
4.905 0 0 0 0 0.00174111 0.00168507 0.00168386 0.00173925 0.0202991 0.0203467 0.020346 0.0202948 0.0165629 0.0165495 0.0165491 0.0165621
4.925 0 0 0 0 0.00617249 0.00620505 0.00620526 0.00617277 0.000116287 0.000106067 0.00010547 0.000114673 -0.00565869 -0.00565368 -0.00565354 -0.00565844
4.945 0 0 0 0 0.016775 0.0168841 0.0168827 0.0167724 -0.00230403 -0.00235696 -0.00235661 -0.00230362 -0.00872532 -0.00870935 -0.00870933 -0.00872526
4.965 0 0 0 0 0.0113927 0.0114195 0.0114174 0.0113868 0.0106466 0.0106567 0.0106572 0.0106482 -0.00187581 -0.00187435 -0.00187416 -0.0018755
4.985 0 0 0 0 -0.00893839 -0.00902509 -0.00902521 -0.0089384 0.00779063 0.00785036 0.0078507 0.00779121 0.00349022 0.00347643 0.00347636 0.00349009
5.005 0 0 0 0 -0.0203942 -0.0204573 -0.0204567 -0.020393 -0.0159882 -0.0159918 -0.0159922 -0.0159891 0.00318954 0.00318452 0.00318457 0.00318967
5.025 0 0 0 0 -0.0163988 -0.0163785 -0.0163789 -0.0163935 -0.0319012 -0.0319634 -0.0319635 -0.031902 -0.00923307 -0.0092229 -0.00922297 -0.00923243
5.045 0 0 0 0 -0.00802572 -0.00801383 -0.00801479 -0.00802448 -0.0238588 -0.0238674 -0.0238677 -0.0238601 -0.0322946 -0.0322852 -0.0322851 -0.032294
5.065 0 0 0 0 -0.00484064 -0.00486775 -0.00486788 -0.00483988 -0.0155598 -0.0155007 -0.0155008 -0.01556 -0.0524374 -0.0524334 -0.0524332 -0.0524374
5.085 0 0 0 0 -0.00979907 -0.00980319 -0.00980214 -0.00979475 -0.029908 -0.029882 -0.029882 -0.0299081 -0.0583002 -0.0582895 -0.0582896 -0.0583002
5.105 0 0 0 0 -0.033371 -0.0333881 -0.0333888 -0.0333628 -0.065038 -0.0650639 -0.0650623 -0.0650355 -0.0659771 -0.06596 -0.0659601 -0.0659772
5.125 0 0 0 0 -0.0587672 -0.0588507 -0.0588424 -0.0587515 -0.0929202 -0.0929397 -0.0929391 -0.0929181 -0.0849723 -0.084957 -0.0849573 -0.0849733
5.145 0 0 0 0 -0.0572751 -0.0573589 -0.0573513 -0.0572548 -0.0954326 -0.0954264 -0.0954262 -0.095432 -0.105675 -0.105657 -0.105656 -0.105672
5.165 0 0 0 0 -0.0346083 -0.0346155 -0.0346014 -0.0345819 -0.0827346 -0.0827263 -0.0827263 -0.0827334 -0.118792 -0.118766 -0.118767 -0.118794
5.185 0 0 0 0 -0.0160331 -0.0159885 -0.0159863 -0.0160228 -0.0668093 -0.0668052 -0.0668087 -0.0668166 -0.114434 -0.114404 -0.114403 -0.114432
5.205 0 0 0 0 -0.0038135 -0.00376108 -0.00376416 -0.00381299 -0.0389199 -0.0389206 -0.0389314 -0.0389328 -0.0743184 -0.0742962 -0.0742955 -0.0743169
5.225 0 0 0 0 0.00467363 0.00469126 0.00469015 0.00467051 0.0018485 0.00184781 0.00184891 0.00184979 -0.00326857 -0.00326585 -0.00326526 -0.00326721
5.245 0 0 0 0 0.0142198 0.0141982 0.0141981 0.0142114 0.0471043 0.0471037 0.0471053 0.0471061 0.075048 0.0750286 0.0750285 0.0750475
5.265 0 0 0 0 0.0241697 0.0241292 0.024129 0.0241552 0.0813885 0.0813878 0.0813873 0.081386 0.129467 0.129434 0.129434 0.129467
5.285 0 0 0 0 0.042961 0.0429675 0.0429657 0.0429421 0.105911 0.105902 0.105899 0.105907 0.15338 0.153346 0.153345 0.15338
5.305 0 0 0 0 0.0779677 0.0780806 0.0780773 0.077954 0.138558 0.138536 0.138537 0.13856 0.168414 0.168386 0.168386 0.168414
5.325 0 0 0 0 0.0987496 0.0988603 0.0988634 0.0987502 0.167083 0.167083 0.167086 0.167077 0.179832 0.1798 0.179801 0.179833
5.345 0 0 0 0 0.0851304 0.0851988 0.0852105 0.0851539 0.165853 0.165884 0.165883 0.165848 0.185081 0.185041 0.185045 0.185089
5.365 0 0 0 0 0.0428946 0.0428682 0.0428615 0.0428765 0.118482 0.118487 0.118489 0.118483 0.167268 0.167224 0.167224 0.167267
5.385 0 0 0 0 -0.00165956 -0.00172809 -0.00173356 -0.00167106 0.0434143 0.0433814 0.0433769 0.0434103 0.108686 0.108659 0.108659 0.108687
5.405 0 0 0 0 -0.020592 -0.0206316 -0.0206323 -0.0205957 -0.0185818 -0.0186411 -0.0186684 -0.0186437 0.0156707 0.0156598 0.015649 0.0156429
5.425 0 0 0 0 -0.00965289 -0.00961496 -0.00961374 -0.009654 -0.0460586 -0.0460715 -0.0460796 -0.0460818 -0.0778491 -0.077828 -0.0778293 -0.0778529
5.445 0 0 0 0 0.00943097 0.00954203 0.00954395 0.00943311 -0.0472021 -0.0471762 -0.0471734 -0.0471982 -0.128054 -0.128019 -0.128019 -0.128056
5.465 0 0 0 0 -0.0206614 -0.0206545 -0.0206551 -0.020669 -0.0755526 -0.0755005 -0.0754992 -0.0755497 -0.147234 -0.147203 -0.147202 -0.147231
5.485 0 0 0 0 -0.0807979 -0.0809489 -0.0809494 -0.0808098 -0.133256 -0.133237 -0.133239 -0.133258 -0.148533 -0.148511 -0.148511 -0.148534
5.505 0 0 0 0 -0.0987346 -0.0988464 -0.0988476 -0.0987097 -0.158966 -0.159028 -0.159029 -0.158967 -0.132653 -0.132624 -0.132625 -0.132654
5.525 0 0 0 0 -0.0655851 -0.0656092 -0.0656088 -0.0655755 -0.122363 -0.122416 -0.122417 -0.122346 -0.118423 -0.118393 -0.118394 -0.118426
5.545 0 0 0 0 -0.032209 -0.0322562 -0.0322483 -0.032198 -0.0707692 -0.0707062 -0.0707038 -0.0707679 -0.122244 -0.122224 -0.122222 -0.122238
5.565 0 0 0 0 -0.0212564 -0.0212868 -0.0212817 -0.0212269 -0.0567706 -0.0566862 -0.0566895 -0.0567651 -0.123195 -0.123177 -0.123177 -0.123195
5.585 0 0 0 0 -0.0221131 -0.0220718 -0.0220749 -0.0221042 -0.0699156 -0.069938 -0.0699323 -0.0699081 -0.0969316 -0.0969027 -0.0969011 -0.0969324
5.605 0 0 0 0 -0.0220124 -0.0219632 -0.0219623 -0.0220044 -0.0576914 -0.0577728 -0.0577716 -0.0576946 -0.0464357 -0.046413 -0.0464136 -0.0464361
5.625 0 0 0 0 -0.0232259 -0.0233057 -0.023305 -0.0232209 -0.0171664 -0.0171542 -0.0171563 -0.01717 -0.00245207 -0.00245944 -0.00245958 -0.00245263
5.645 0 0 0 0 -0.0106836 -0.0108005 -0.0108001 -0.0106852 0.0179663 0.0180296 0.018029 0.0179648 0.0261192 0.0260975 0.0260974 0.0261191
5.665 0 0 0 0 0.0367794 0.0368615 0.036861 0.0367675 0.0541604 0.0541291 0.0541289 0.0541593 0.0652596 0.0652542 0.0652543 0.0652599
5.685 0 0 0 0 0.0833104 0.0835224 0.0835214 0.0832857 0.109214 0.109144 0.109143 0.109211 0.118526 0.118522 0.118522 0.118526
5.705 0 0 0 0 0.0738049 0.0738452 0.0738455 0.0737823 0.146038 0.146087 0.146085 0.146032 0.155613 0.155575 0.155575 0.155614
5.725 0 0 0 0 0.0288799 0.0287689 0.0287686 0.0288987 0.12149 0.12158 0.12158 0.121488 0.162639 0.162581 0.16258 0.162638
5.745 0 0 0 0 0.00243901 0.00238186 0.00238815 0.00244378 0.0556421 0.0555907 0.055595 0.0556375 0.135052 0.135021 0.135022 0.135053
5.765 0 0 0 0 0.0152031 0.0152973 0.0152974 0.0152016 0.0228795 0.022758 0.022764 0.0228867 0.0795469 0.0795513 0.079549 0.0795453
5.785 0 0 0 0 0.0287504 0.0288246 0.0288284 0.0287549 0.0294007 0.0294139 0.0294146 0.0294003 0.0044436 0.00444661 0.00444747 0.0044446
5.805 0 0 0 0 0.0219608 0.0219589 0.0219601 0.0219585 0.0193018 0.0194196 0.019417 0.0192958 -0.0547042 -0.0547036 -0.0547026 -0.0547021
5.825 0 0 0 0 0.00925586 0.00932897 0.0093262 0.0092528 -0.0200583 -0.0200533 -0.0200528 -0.0200596 -0.060629 -0.0606101 -0.0606094 -0.0606279
5.845 0 0 0 0 -0.0106796 -0.0105911 -0.0105905 -0.0106793 -0.04662 -0.0467231 -0.0467232 -0.0466193 -0.030585 -0.0305603 -0.0305611 -0.0305867
5.865 0 0 0 0 -0.0119277 -0.0119444 -0.0119443 -0.0119278 -0.0095488 -0.0095895 -0.00959052 -0.0095493 0.0199504 0.0199491 0.0199491 0.0199506
5.885 0 0 0 0 0.0212185 0.0211621 0.0211626 0.0212119 0.0678146 0.0678678 0.0678676 0.0678141 0.0805813 0.0805526 0.080553 0.0805821
5.905 0 0 0 0 0.044874 0.0448702 0.0448717 0.0448815 0.103131 0.103182 0.103183 0.103132 0.114917 0.114884 0.114885 0.114919
5.925 0 0 0 0 0.0493147 0.0493907 0.0493862 0.0493164 0.093928 0.0939008 0.0939001 0.0939266 0.124798 0.124776 0.124777 0.124798
5.945 0 0 0 0 0.0242402 0.0242634 0.024265 0.0242454 0.0599248 0.0598998 0.059903 0.0599283 0.0982935 0.0982748 0.098274 0.0982924
5.965 0 0 0 0 -0.00247696 -0.00253902 -0.00253865 -0.0024757 0.0238006 0.0238208 0.023823 0.0238087 0.0467049 0.0466872 0.0466869 0.0467042
5.985 0 0 0 0 -0.00526402 -0.00528225 -0.00528243 -0.00526482 -0.00582855 -0.00582007 -0.00581965 -0.00582777 -0.0072625 -0.00726301 -0.00726284 -0.00726216
6.005 0 0 0 0 -0.0114822 -0.0114565 -0.0114568 -0.011486 -0.0427966 -0.0428062 -0.0428074 -0.0428001 -0.0663514 -0.0663327 -0.0663329 -0.0663518
6.025 0 0 0 0 -0.0359433 -0.035966 -0.0359665 -0.0359515 -0.085654 -0.0856454 -0.0856466 -0.0856576 -0.122864 -0.122838 -0.122838 -0.122865
6.045 0 0 0 0 -0.068829 -0.0689307 -0.0689307 -0.0688414 -0.131528 -0.131506 -0.131507 -0.131532 -0.168741 -0.16871 -0.16871 -0.168741
6.065 0 0 0 0 -0.0909485 -0.0910409 -0.0910445 -0.0909302 -0.170859 -0.170859 -0.17086 -0.170859 -0.201547 -0.201508 -0.201509 -0.201545
6.085 0 0 0 0 -0.104454 -0.104523 -0.104523 -0.104424 -0.199555 -0.199559 -0.199558 -0.199542 -0.234192 -0.234144 -0.234144 -0.234193
6.105 0 0 0 0 -0.110232 -0.110327 -0.110299 -0.110159 -0.214107 -0.214098 -0.214105 -0.214111 -0.266229 -0.266173 -0.266169 -0.266221
6.125 0 0 0 0 -0.100889 -0.10096 -0.100955 -0.100847 -0.211366 -0.211357 -0.211355 -0.211359 -0.279106 -0.279047 -0.27905 -0.279106
6.145 0 0 0 0 -0.0613928 -0.0608647 -0.0607662 -0.060632 -0.162215 -0.162251 -0.162274 -0.162232 -0.230239 -0.230184 -0.230192 -0.230281
6.165 0 0 0 0 -0.00492592 -0.00445983 -0.00438916 -0.00439999 -0.0654843 -0.0653722 -0.065315 -0.0651195 -0.111325 -0.111275 -0.111267 -0.11132
6.185 0 0 0 0 0.044264 0.0442957 0.0442191 0.0440941 0.0549646 0.0549688 0.0549802 0.0550037 0.0498514 0.0498504 0.0498513 0.0498554
6.205 0 0 0 0 0.0567436 0.0565066 0.0564272 0.0563884 0.151014 0.151035 0.151042 0.150927 0.196917 0.196853 0.19685 0.196907
6.225 0 0 0 0 0.0430476 0.0426757 0.0426573 0.0427468 0.179537 0.179535 0.17951 0.17936 0.277144 0.277049 0.277043 0.277129
6.245 0 0 0 0 0.0525849 0.0523607 0.0523624 0.0523524 0.169833 0.169731 0.169702 0.169657 0.285502 0.285425 0.285417 0.285486
6.265 0 0 0 0 0.0977846 0.0977934 0.0977893 0.0975402 0.178076 0.177976 0.177947 0.178015 0.246658 0.246616 0.246613 0.24666
6.285 0 0 0 0 0.152711 0.152818 0.152813 0.152411 0.224316 0.224286 0.224249 0.224224 0.213618 0.213588 0.213587 0.213617
6.305 0 0 0 0 0.148304 0.148664 0.148621 0.148361 0.23849 0.238574 0.238564 0.238457 0.200538 0.2005 0.200507 0.200553
6.325 0 0 0 0 0.0761111 0.0761128 0.0760467 0.0760179 0.169139 0.169185 0.16917 0.169081 0.195457 0.195402 0.195395 0.195442
6.345 0 0 0 0 -1.39853e-05 -6.74078e-05 -6.12263e-05 4.16529e-05 0.0612808 0.0612178 0.0612119 0.0612947 0.169876 0.169839 0.169847 0.16989
6.365 0 0 0 0 -0.038329 -0.0384399 -0.0384457 -0.0383532 -0.0109481 -0.0110583 -0.0111004 -0.0109868 0.0883045 0.0882678 0.0882587 0.0882761
6.385 0 0 0 0 -0.0392586 -0.0393817 -0.0393872 -0.0392793 -0.0463692 -0.0463252 -0.0463161 -0.0463281 -0.0480435 -0.0480374 -0.0480152 -0.0480019
6.405 0 0 0 0 -0.0237843 -0.023788 -0.0237861 -0.023803 -0.0887647 -0.0886844 -0.0886586 -0.0887563 -0.185425 -0.185394 -0.185401 -0.185439
6.425 0 0 0 0 -0.0328474 -0.0327367 -0.032738 -0.032894 -0.156201 -0.156219 -0.156222 -0.156256 -0.274011 -0.27394 -0.273944 -0.274022
6.445 0 0 0 0 -0.0834739 -0.0834971 -0.0834689 -0.0833912 -0.219174 -0.219114 -0.21909 -0.219048 -0.300298 -0.30022 -0.300219 -0.300297
6.465 0 0 0 0 -0.143346 -0.143287 -0.143196 -0.14288 -0.251321 -0.251304 -0.251279 -0.251215 -0.28541 -0.28537 -0.285371 -0.285429
6.485 0 0 0 0 -0.159497 -0.159508 -0.159473 -0.159075 -0.250261 -0.250217 -0.250186 -0.250116 -0.257328 -0.257281 -0.257281 -0.257328
6.505 0 0 0 0 -0.113125 -0.113017 -0.113019 -0.11282 -0.205745 -0.205752 -0.205742 -0.20566 -0.223843 -0.223793 -0.223793 -0.223846
6.525 0 0 0 0 -0.0327619 -0.032544 -0.0325427 -0.0325932 -0.115491 -0.115499 -0.115489 -0.115411 -0.171919 -0.171859 -0.171849 -0.171899
6.545 0 0 0 0 0.0275435 0.02768 0.0276712 0.0275254 -0.0114999 -0.0114361 -0.0114233 -0.0114211 -0.0867856 -0.0867534 -0.0867545 -0.0867847
6.565 0 0 0 0 0.0576259 0.05762 0.0576074 0.0574645 0.0795371 0.0795839 0.0795789 0.0795258 0.0475846 0.0475759 0.0475797 0.0475909
6.585 0 0 0 0 0.069779 0.0696643 0.0696543 0.0695352 0.151154 0.151098 0.15108 0.151042 0.206356 0.206305 0.206305 0.206348
6.605 0 0 0 0 0.0854521 0.0852286 0.0852159 0.0851122 0.220897 0.220775 0.22074 0.220693 0.341443 0.34136 0.341357 0.341436
6.625 0 0 0 0 0.105618 0.105333 0.105321 0.105233 0.278557 0.278506 0.278463 0.278375 0.40258 0.402473 0.402466 0.402569
6.645 0 0 0 0 0.129947 0.129611 0.129586 0.129531 0.298577 0.298554 0.298534 0.29842 0.385542 0.385448 0.385458 0.385566
6.665 0 0 0 0 0.145388 0.145507 0.145632 0.145659 0.270239 0.270271 0.27031 0.270352 0.319805 0.31974 0.319739 0.319803
6.685 0 0 0 0 0.129452 0.129814 0.129781 0.129875 0.210807 0.210822 0.210865 0.210951 0.236188 0.236149 0.236146 0.236177
6.705 0 0 0 0 0.0841274 0.0845909 0.0845791 0.0851759 0.137215 0.137268 0.137293 0.137326 0.149867 0.149836 0.149845 0.149876
6.725 0 0 0 0 0.0368372 0.0371552 0.0372565 0.0377624 0.0613231 0.0613551 0.0613689 0.0614243 0.0698953 0.0698787 0.0698787 0.0698944
6.745 0 0 0 0 -0.00454013 -0.0045992 -0.00459996 -0.00462669 -0.00839928 -0.00842391 -0.00843456 -0.00842276 -0.00412856 -0.00412368 -0.00411967 -0.00411991
6.765 0 0 0 0 -0.0575441 -0.0577421 -0.0577462 -0.0577819 -0.088075 -0.0880717 -0.0880749 -0.088102 -0.0953369 -0.0953267 -0.0953343 -0.0953514
6.785 0 0 0 0 -0.0972663 -0.0975698 -0.0975867 -0.0977121 -0.164976 -0.164989 -0.165006 -0.16505 -0.190483 -0.190448 -0.190446 -0.190478
6.805 0 0 0 0 -0.106269 -0.106552 -0.106577 -0.106863 -0.21593 -0.215998 -0.21602 -0.216037 -0.265831 -0.265772 -0.26578 -0.265845
6.825 0 0 0 0 -0.100136 -0.100373 -0.100403 -0.100767 -0.230635 -0.230715 -0.230738 -0.230761 -0.307608 -0.307532 -0.307535 -0.307613
6.845 0 0 0 0 -0.107351 -0.107426 -0.10742 -0.107581 -0.229567 -0.229478 -0.229472 -0.229503 -0.317332 -0.317264 -0.317264 -0.317329
6.865 0 0 0 0 -0.130771 -0.130882 -0.131016 -0.131234 -0.241032 -0.241035 -0.241056 -0.241062 -0.306522 -0.306448 -0.306431 -0.306482
6.885 0 0 0 0 -0.137986 -0.137727 -0.137637 -0.137466 -0.250404 -0.250378 -0.250322 -0.250216 -0.278744 -0.278677 -0.278665 -0.278723
6.905 0 0 0 0 -0.113036 -0.112826 -0.112783 -0.112607 -0.219972 -0.219983 -0.219932 -0.2198 -0.240745 -0.240684 -0.240684 -0.240746
6.925 0 0 0 0 -0.056993 -0.0568833 -0.0568857 -0.0568616 -0.132465 -0.132439 -0.132423 -0.132367 -0.179227 -0.179181 -0.17918 -0.179225
6.945 0 0 0 0 0.000655557 0.000864556 0.0011644 0.00136166 -0.0230892 -0.0229896 -0.0229702 -0.0230068 -0.0814475 -0.081428 -0.0814181 -0.0814284
6.965 0 0 0 0 0.042865 0.0429041 0.0430553 0.0430292 0.0627623 0.0627895 0.0627927 0.0627627 0.0461475 0.04613 0.0461167 0.0461205
6.985 0 0 0 0 0.0618176 0.0617053 0.0616633 0.0614867 0.124014 0.123924 0.12389 0.12388 0.175175 0.175145 0.175152 0.175189
7.005 0 0 0 0 0.0710492 0.0708033 0.0707429 0.0706025 0.180723 0.18063 0.180599 0.18055 0.272711 0.272641 0.272632 0.272691
7.025 0 0 0 0 0.0915366 0.0912128 0.0911886 0.0910657 0.231707 0.231668 0.231639 0.231526 0.321436 0.321348 0.321343 0.321427
7.045 0 0 0 0 0.123309 0.123451 0.123524 0.123316 0.258073 0.258062 0.258044 0.257977 0.323845 0.323767 0.323764 0.32384
7.065 0 0 0 0 0.14405 0.144076 0.144049 0.144169 0.253565 0.253573 0.253538 0.253483 0.295382 0.295327 0.295338 0.295406
7.085 0 0 0 0 0.132135 0.132459 0.132572 0.132874 0.22377 0.223833 0.223901 0.22396 0.251706 0.251666 0.251676 0.251725
7.105 0 0 0 0 0.0867294 0.0869561 0.0870031 0.087253 0.164179 0.164228 0.164276 0.164301 0.193954 0.193905 0.193891 0.193922
7.125 0 0 0 0 0.0259506 0.0259759 0.0259706 0.0261222 0.078892 0.078917 0.0789134 0.0789107 0.117366 0.117339 0.117352 0.117392
7.145 0 0 0 0 -0.0207517 -0.0208428 -0.0208549 -0.0208171 -0.00976765 -0.00977973 -0.00978323 -0.00976514 0.0226956 0.0226815 0.0226717 0.0226781
7.165 0 0 0 0 -0.0426253 -0.0427395 -0.0427528 -0.0428575 -0.0787119 -0.078753 -0.0787641 -0.0787522 -0.0818809 -0.0818592 -0.0818567 -0.0818738
7.185 0 0 0 0 -0.0540917 -0.0542241 -0.0542366 -0.0544264 -0.127218 -0.127243 -0.127255 -0.127288 -0.180302 -0.180262 -0.180267 -0.180312
7.205 0 0 0 0 -0.0744702 -0.074666 -0.0746838 -0.0749219 -0.172815 -0.172827 -0.172847 -0.172918 -0.254287 -0.254232 -0.254235 -0.254292
7.225 0 0 0 0 -0.106639 -0.106951 -0.10694 -0.107047 -0.221726 -0.22168 -0.221699 -0.221731 -0.293304 -0.293237 -0.293239 -0.293302
7.245 0 0 0 0 -0.135398 -0.135381 -0.135373 -0.135508 -0.256424 -0.256328 -0.25629 -0.256279 -0.301176 -0.301122 -0.301124 -0.301183
7.265 0 0 0 0 -0.135489 -0.135438 -0.135395 -0.134871 -0.252429 -0.252408 -0.25235 -0.252233 -0.285793 -0.285726 -0.285722 -0.285791
7.285 0 0 0 0 -0.100365 -0.100238 -0.100262 -0.100087 -0.199452 -0.199424 -0.199415 -0.199351 -0.245545 -0.245499 -0.245517 -0.245581
7.305 0 0 0 0 -0.0501727 -0.0500482 -0.0500769 -0.0500264 -0.120588 -0.12054 -0.120538 -0.120523 -0.179019 -0.178967 -0.178949 -0.178982
7.325 0 0 0 0 -0.0105684 -0.0104794 -0.0104734 -0.0104826 -0.0458955 -0.045849 -0.0458334 -0.0458257 -0.0882148 -0.0881974 -0.0882016 -0.0882265
7.345 0 0 0 0 0.0124542 0.012462 0.012467 0.0124311 0.0176385 0.0176311 0.0176303 0.0176325 0.0183809 0.0183834 0.0183928 0.0184007
7.365 0 0 0 0 0.0328077 0.0327176 0.0327159 0.0326599 0.0817619 0.0817145 0.081703 0.0816891 0.125482 0.125449 0.125442 0.125467
7.385 0 0 0 0 0.0673639 0.067191 0.0671786 0.0670552 0.155951 0.15589 0.155864 0.155816 0.219278 0.219224 0.219222 0.219272
7.405 0 0 0 0 0.109968 0.109758 0.109741 0.109512 0.226282 0.22623 0.226201 0.226124 0.286884 0.286814 0.286807 0.28687
7.425 0 0 0 0 0.140443 0.140595 0.140668 0.14034 0.270532 0.270496 0.270456 0.270409 0.324142 0.324068 0.324066 0.32414
7.445 0 0 0 0 0.149424 0.149503 0.149569 0.149635 0.283094 0.283044 0.283049 0.283078 0.339 0.338936 0.338933 0.339
7.465 0 0 0 0 0.139551 0.139897 0.140071 0.140529 0.267897 0.267947 0.268016 0.268078 0.33349 0.333431 0.333457 0.333532
7.485 0 0 0 0 0.105717 0.105987 0.106046 0.106384 0.219894 0.219938 0.219971 0.22002 0.288769 0.288696 0.288681 0.288731
7.505 0 0 0 0 0.0653329 0.0654688 0.0654601 0.0656716 0.151509 0.151541 0.151543 0.151557 0.207372 0.207328 0.207345 0.207406
7.525 0 0 0 0 0.0367953 0.0367679 0.036714 0.0368867 0.0799623 0.0801536 0.0802639 0.0803562 0.106923 0.106893 0.106903 0.106946
7.545 0 0 0 0 0.00659003 0.0066397 0.00671839 0.00681137 0.00766811 0.00770785 0.00772739 0.00767438 -0.00370067 -0.00369906 -0.0036943 -0.00369286
7.565 0 0 0 0 -0.0366955 -0.0367128 -0.0365116 -0.0365323 -0.0804967 -0.0805044 -0.0805108 -0.0805517 -0.116902 -0.11688 -0.116887 -0.116919
7.585 0 0 0 0 -0.0812492 -0.0814699 -0.0814441 -0.0817219 -0.168618 -0.168699 -0.168736 -0.168777 -0.212774 -0.212725 -0.212731 -0.212784
7.605 0 0 0 0 -0.115616 -0.115988 -0.116059 -0.116485 -0.232129 -0.232242 -0.232287 -0.23233 -0.281722 -0.281657 -0.281664 -0.281735
7.625 0 0 0 0 -0.141647 -0.142127 -0.142195 -0.142624 -0.269487 -0.269573 -0.26961 -0.269684 -0.330438 -0.330369 -0.330375 -0.330449
7.645 0 0 0 0 -0.156587 -0.15663 -0.15663 -0.156842 -0.291052 -0.291004 -0.291021 -0.291084 -0.360619 -0.360548 -0.360552 -0.360625
7.665 0 0 0 0 -0.147773 -0.1479 -0.148134 -0.147966 -0.294731 -0.294801 -0.294814 -0.294845 -0.364621 -0.364521 -0.364501 -0.364572
7.685 0 0 0 0 -0.117004 -0.116807 -0.116875 -0.116652 -0.259869 -0.259844 -0.25979 -0.25965 -0.330087 -0.330002 -0.330005 -0.330092
7.705 0 0 0 0 -0.0880175 -0.0878332 -0.0877885 -0.0875655 -0.194704 -0.194636 -0.194593 -0.194517 -0.263948 -0.263872 -0.26385 -0.263903
7.725 0 0 0 0 -0.0600811 -0.059961 -0.0599173 -0.0597051 -0.118325 -0.118245 -0.118221 -0.118219 -0.165729 -0.165707 -0.165725 -0.165766
7.745 0 0 0 0 -0.0264549 -0.0263453 -0.0264338 -0.0261961 -0.0419803 -0.0419132 -0.0418477 -0.0417714 -0.0438037 -0.0437783 -0.0437527 -0.0437504
7.765 0 0 0 0 0.00644795 0.00643432 0.00646456 0.00652173 0.0335754 0.0335385 0.0335953 0.0336317 0.0719187 0.0718907 0.0718719 0.0718777
7.785 0 0 0 0 0.0432743 0.0430991 0.0431159 0.0430351 0.110612 0.110552 0.110518 0.110464 0.160543 0.160507 0.160516 0.160561
7.805 0 0 0 0 0.0919267 0.0916454 0.0916267 0.0913566 0.185662 0.185618 0.185576 0.185487 0.228769 0.228704 0.228684 0.228729
7.825 0 0 0 0 0.137955 0.137653 0.137607 0.137157 0.245506 0.245438 0.245395 0.245316 0.284084 0.284029 0.284032 0.284093
7.845 0 0 0 0 0.15789 0.15766 0.157659 0.15713 0.280033 0.280012 0.279989 0.279915 0.326624 0.326551 0.326535 0.326594
7.865 0 0 0 0 0.143296 0.143201 0.143291 0.143805 0.284036 0.28406 0.284125 0.284165 0.348528 0.348458 0.348453 0.348518
7.885 0 0 0 0 0.112645 0.113185 0.113313 0.113714 0.256529 0.256653 0.256654 0.25665 0.339686 0.339604 0.339623 0.339725
7.905 0 0 0 0 0.0948336 0.0950735 0.0950642 0.0953792 0.212696 0.212761 0.212774 0.212866 0.296993 0.296905 0.296884 0.29694
7.925 0 0 0 0 0.0826552 0.0828849 0.08285 0.0830655 0.163073 0.163098 0.16312 0.16319 0.216305 0.216271 0.216299 0.21636
7.945 0 0 0 0 0.0577933 0.0579709 0.0579868 0.0581427 0.101215 0.101267 0.101295 0.101306 0.107085 0.107058 0.107052 0.10707
7.965 0 0 0 0 0.0187464 0.018815 0.0188316 0.018857 0.0202481 0.0202754 0.0202755 0.0202375 -0.00396294 -0.0039603 -0.00395407 -0.00395104
7.985 0 0 0 0 -0.0320496 -0.0321358 -0.0321437 -0.0322972 -0.075743 -0.0757825 -0.0757966 -0.0758166 -0.102736 -0.102713 -0.102719 -0.102749
8.005 0 0 0 0 -0.0837773 -0.084038 -0.0840681 -0.0843527 -0.162492 -0.162576 -0.162603 -0.162616 -0.186984 -0.18694 -0.186944 -0.18699
8.025 0 0 0 0 -0.124708 -0.12513 -0.125169 -0.125493 -0.224813 -0.224884 -0.224916 -0.22497 -0.26139 -0.261339 -0.261347 -0.261405
8.045 0 0 0 0 -0.145236 -0.145734 -0.145777 -0.146148 -0.265569 -0.265632 -0.265666 -0.265761 -0.324009 -0.323946 -0.323953 -0.32402
8.065 0 0 0 0 -0.139054 -0.138581 -0.13855 -0.13884 -0.282074 -0.282 -0.281996 -0.282016 -0.357592 -0.357514 -0.357518 -0.357602
8.085 0 0 0 0 -0.116459 -0.116196 -0.11641 -0.116169 -0.268344 -0.268444 -0.268445 -0.268418 -0.351887 -0.351775 -0.351755 -0.35184
8.105 0 0 0 0 -0.0998632 -0.0996002 -0.099672 -0.0993761 -0.225055 -0.22499 -0.224949 -0.224851 -0.304257 -0.304179 -0.304189 -0.304271
8.125 0 0 0 0 -0.0915158 -0.091367 -0.0913391 -0.0910101 -0.171392 -0.171293 -0.171254 -0.17122 -0.224265 -0.224203 -0.224177 -0.22421
8.145 0 0 0 0 -0.0711459 -0.0710362 -0.0709894 -0.0707287 -0.113863 -0.113823 -0.113793 -0.113766 -0.123063 -0.123051 -0.123064 -0.123093
8.165 0 0 0 0 -0.0258767 -0.0258212 -0.0258122 -0.0257398 -0.0377238 -0.0377739 -0.0377792 -0.037739 -0.0159039 -0.0158928 -0.0158832 -0.0158854
8.185 0 0 0 0 0.0272528 0.0271829 0.0271735 0.0270813 0.0550927 0.0550566 0.0550458 0.0550388 0.0772636 0.0772428 0.0772328 0.0772429
8.205 0 0 0 0 0.0692601 0.0690286 0.069005 0.0688149 0.136663 0.136672 0.136649 0.136559 0.150645 0.150606 0.150606 0.150647
8.225 0 0 0 0 0.100398 0.10013 0.100104 0.0998044 0.188783 0.188762 0.188736 0.188651 0.215999 0.215945 0.215937 0.215984
8.245 0 0 0 0 0.119663 0.119414 0.119386 0.118993 0.218742 0.218645 0.218612 0.218574 0.273993 0.273938 0.273933 0.273984
8.265 0 0 0 0 0.120219 0.120275 0.120355 0.119976 0.237656 0.237605 0.237568 0.237548 0.308743 0.308672 0.308665 0.308729
8.285 0 0 0 0 0.107003 0.106891 0.106943 0.107135 0.240154 0.24015 0.240164 0.240276 0.308742 0.308672 0.308669 0.308734
8.305 0 0 0 0 0.0972857 0.0977171 0.0978113 0.0981137 0.217459 0.217583 0.217652 0.217707 0.278754 0.278684 0.278697 0.278769
8.325 0 0 0 0 0.0947659 0.0950716 0.0951071 0.0953338 0.176147 0.176153 0.176158 0.176217 0.225045 0.224996 0.224982 0.225016
8.345 0 0 0 0 0.0759898 0.0762444 0.0762446 0.0763752 0.125159 0.12515 0.125141 0.125183 0.148422 0.148402 0.148413 0.148443
8.365 0 0 0 0 0.0324818 0.0325642 0.032572 0.0326894 0.0602553 0.0603054 0.0603154 0.0602945 0.0571326 0.0571142 0.0571117 0.0571263
8.385 0 0 0 0 -0.0132608 -0.0133239 -0.0133233 -0.0133093 -0.0175996 -0.0175721 -0.0175703 -0.017605 -0.0284075 -0.0284052 -0.0284014 -0.0283994
8.405 0 0 0 0 -0.0477021 -0.0478421 -0.0478578 -0.0480323 -0.0936116 -0.0936703 -0.0936814 -0.0936715 -0.102664 -0.102638 -0.102643 -0.102672
8.425 0 0 0 0 -0.0763232 -0.0765539 -0.0765806 -0.0768543 -0.150838 -0.150922 -0.150946 -0.150952 -0.173312 -0.17327 -0.173273 -0.173318
8.445 0 0 0 0 -0.0967213 -0.0970465 -0.0970758 -0.09735 -0.184739 -0.184784 -0.184813 -0.184885 -0.234078 -0.234032 -0.234039 -0.234091
8.465 0 0 0 0 -0.100741 -0.101088 -0.101045 -0.101094 -0.202213 -0.202233 -0.20226 -0.202308 -0.267453 -0.267396 -0.267401 -0.267461
8.485 0 0 0 0 -0.0909789 -0.0908719 -0.0908186 -0.0909005 -0.202998 -0.202934 -0.202914 -0.202896 -0.263785 -0.26373 -0.263737 -0.263801
8.505 0 0 0 0 -0.082383 -0.0823109 -0.0823891 -0.0821913 -0.183904 -0.183918 -0.183936 -0.183896 -0.233146 -0.233081 -0.233071 -0.233129
8.525 0 0 0 0 -0.0729779 -0.0727505 -0.0728174 -0.0725974 -0.140881 -0.140836 -0.140834 -0.140836 -0.177592 -0.177559 -0.177553 -0.177587
8.545 0 0 0 0 -0.0481472 -0.0481107 -0.0481203 -0.0479699 -0.08101 -0.0809595 -0.0809452 -0.0809429 -0.0993779 -0.0993539 -0.0993414 -0.0993514
8.565 0 0 0 0 -0.0123423 -0.0123297 -0.0123224 -0.0122809 -0.0180412 -0.0180383 -0.0180243 -0.0180077 -0.0142096 -0.0142088 -0.0142121 -0.0142168
8.585 0 0 0 0 0.0188277 0.0187754 0.0187747 0.0187193 0.0400096 0.0399803 0.0399735 0.0399702 0.0585297 0.0585188 0.0585205 0.0585331
8.605 0 0 0 0 0.044942 0.0447949 0.0447849 0.04466 0.0932423 0.093221 0.0932047 0.0931617 0.117065 0.117033 0.117027 0.117053
8.625 0 0 0 0 0.0702273 0.0700238 0.0700063 0.0698011 0.137794 0.137793 0.137776 0.137717 0.166401 0.166361 0.166357 0.166395
8.645 0 0 0 0 0.0856931 0.0856983 0.0857678 0.0855336 0.164303 0.16428 0.16425 0.164252 0.201342 0.201296 0.201294 0.201339
8.665 0 0 0 0 0.0830591 0.0830735 0.0831582 0.0831977 0.168912 0.168898 0.168905 0.168935 0.213453 0.213408 0.213408 0.213449
8.685 0 0 0 0 0.0674978 0.067512 0.0674666 0.0676123 0.152213 0.152228 0.152219 0.152197 0.199652 0.1996 0.199606 0.19966
8.705 0 0 0 0 0.0502813 0.0503814 0.0503233 0.0505307 0.116502 0.116563 0.116569 0.116593 0.158688 0.158653 0.158656 0.158697
8.725 0 0 0 0 0.0336017 0.0337147 0.0337052 0.0338214 0.0692548 0.0692671 0.0692811 0.0693165 0.0942479 0.094231 0.0942372 0.0942617
8.745 0 0 0 0 0.0164243 0.016497 0.0165191 0.0165342 0.0212438 0.0212399 0.0212469 0.0212579 0.0200991 0.0200963 0.0200933 0.0200921
8.765 0 0 0 0 -0.0044227 -0.00442063 -0.00441623 -0.00448358 -0.0248393 -0.0248505 -0.0248586 -0.0248809 -0.0481854 -0.0481725 -0.0481728 -0.0481865
8.785 0 0 0 0 -0.0318618 -0.0319586 -0.0319708 -0.0321039 -0.0723804 -0.0724043 -0.0724133 -0.0724491 -0.10277 -0.102748 -0.102751 -0.102777
8.805 0 0 0 0 -0.0660511 -0.0662724 -0.0662881 -0.0664742 -0.123216 -0.123255 -0.123269 -0.123292 -0.148576 -0.148546 -0.14855 -0.148582
8.825 0 0 0 0 -0.0920863 -0.092277 -0.0922503 -0.0923777 -0.164223 -0.164248 -0.164256 -0.16426 -0.186417 -0.186378 -0.18638 -0.18642
8.845 0 0 0 0 -0.0925039 -0.0924247 -0.0924489 -0.0925649 -0.178784 -0.178764 -0.178762 -0.178766 -0.210085 -0.210044 -0.210042 -0.210081
8.865 0 0 0 0 -0.0706609 -0.0705175 -0.0705878 -0.0703263 -0.159817 -0.159822 -0.159803 -0.159768 -0.210169 -0.210111 -0.210102 -0.210151
8.885 0 0 0 0 -0.0474031 -0.047162 -0.0471906 -0.0470806 -0.120847 -0.120803 -0.120799 -0.120747 -0.180377 -0.180339 -0.180338 -0.180381
8.905 0 0 0 0 -0.0369154 -0.0368248 -0.0368296 -0.036745 -0.0839246 -0.0838841 -0.0838779 -0.0838749 -0.125109 -0.125075 -0.125065 -0.125087
8.925 0 0 0 0 -0.0305403 -0.0304947 -0.030491 -0.0303934 -0.050374 -0.0503678 -0.0503596 -0.050344 -0.0529657 -0.0529559 -0.0529569 -0.0529679
8.945 0 0 0 0 -0.0140919 -0.0141057 -0.0140984 -0.0140405 -0.00734316 -0.00737717 -0.00737799 -0.0073626 0.019888 0.0198826 0.0198834 0.0198885
8.965 0 0 0 0 0.0177624 0.0176632 0.0176599 0.0176215 0.0506945 0.0506634 0.0506539 0.050636 0.0809823 0.0809602 0.0809574 0.0809762
8.985 0 0 0 0 0.0590208 0.0588572 0.0588414 0.0586666 0.11264 0.112625 0.112607 0.112557 0.131023 0.130991 0.130988 0.131017
9.005 0 0 0 0 0.095382 0.0951995 0.0951783 0.0948693 0.163029 0.163019 0.163005 0.162954 0.178265 0.178227 0.178222 0.178256
9.025 0 0 0 0 0.111404 0.111311 0.111341 0.111339 0.194572 0.194546 0.194538 0.194561 0.224142 0.224097 0.224095 0.224138
9.045 0 0 0 0 0.0975904 0.0974134 0.0973541 0.0975767 0.201734 0.201708 0.201703 0.201754 0.254063 0.254011 0.254008 0.254057
9.065 0 0 0 0 0.0728032 0.0731016 0.07321 0.0735066 0.181949 0.182003 0.182005 0.182029 0.252885 0.252823 0.252838 0.252916
9.085 0 0 0 0 0.0619038 0.0620882 0.062153 0.0624266 0.150024 0.150067 0.150112 0.150196 0.218016 0.217956 0.217951 0.218003
9.105 0 0 0 0 0.0603752 0.0605714 0.0605776 0.0607435 0.116102 0.116118 0.116137 0.116197 0.152198 0.152169 0.152174 0.152208
9.125 0 0 0 0 0.0463283 0.0464777 0.0464785 0.0465579 0.0717755 0.0718027 0.0718089 0.0718037 0.0658511 0.0658392 0.0658406 0.0658526
9.145 0 0 0 0 0.0125466 0.0125893 0.0125917 0.0125866 0.00711676 0.00713635 0.00713304 0.00709237 -0.0201923 -0.0201893 -0.0201904 -0.0201954
9.165 0 0 0 0 -0.0308058 -0.0308937 -0.0309035 -0.031038 -0.0689674 -0.069001 -0.0690132 -0.0690301 -0.0908096 -0.0907873 -0.0907891 -0.090813
9.185 0 0 0 0 -0.073356 -0.0735878 -0.0736109 -0.0738367 -0.136327 -0.136396 -0.136415 -0.136419 -0.15018 -0.150146 -0.150149 -0.150186
9.205 0 0 0 0 -0.103603 -0.103958 -0.103988 -0.104236 -0.181399 -0.181453 -0.181478 -0.181517 -0.20525 -0.20521 -0.205216 -0.205259
9.225 0 0 0 0 -0.111668 -0.112067 -0.112039 -0.112082 -0.20488 -0.20493 -0.204955 -0.204988 -0.250948 -0.2509 -0.250906 -0.250959
9.245 0 0 0 0 -0.0983457 -0.0982108 -0.098169 -0.0982494 -0.209955 -0.209929 -0.209886 -0.20988 -0.273217 -0.273162 -0.273166 -0.273226
9.265 0 0 0 0 -0.0798257 -0.0796744 -0.0797896 -0.0796399 -0.194961 -0.19503 -0.19504 -0.194982 -0.263878 -0.263796 -0.263783 -0.263848
9.285 0 0 0 0 -0.073089 -0.0727917 -0.072845 -0.0726646 -0.163099 -0.163031 -0.163007 -0.162961 -0.222347 -0.222296 -0.222301 -0.222356
9.305 0 0 0 0 -0.0683444 -0.0682546 -0.0682509 -0.0680284 -0.122068 -0.121999 -0.121977 -0.121968 -0.153559 -0.153523 -0.153508 -0.15353
9.325 0 0 0 0 -0.0516636 -0.051615 -0.0515966 -0.051411 -0.0766375 -0.0766216 -0.0766054 -0.0765872 -0.0733827 -0.0733737 -0.0733774 -0.0733916
9.345 0 0 0 0 -0.0185342 -0.0185205 -0.0185126 -0.0184482 -0.0203797 -0.0204138 -0.0204159 -0.0203942 0.000828256 0.000829573 0.000832622 0.000833527
9.365 0 0 0 0 0.0233879 0.0233236 0.0233183 0.0232459 0.0469946 0.0469729 0.0469641 0.0469516 0.0621201 0.0621049 0.0621011 0.0621125
9.385 0 0 0 0 0.0619963 0.0618475 0.0618303 0.0616406 0.10998 0.109979 0.109964 0.109909 0.115892 0.115865 0.115863 0.115889
9.405 0 0 0 0 0.0880652 0.0878799 0.0878582 0.0875773 0.153926 0.153903 0.153882 0.153828 0.169763 0.169725 0.16972 0.169754
9.425 0 0 0 0 0.0951048 0.0949045 0.0949051 0.0945955 0.176896 0.176861 0.176843 0.176796 0.218134 0.218088 0.218082 0.218125
9.445 0 0 0 0 0.084325 0.0841119 0.0840791 0.0844153 0.182518 0.182501 0.182509 0.182553 0.244155 0.244097 0.244095 0.244147
9.465 0 0 0 0 0.0694691 0.0692197 0.0691807 0.0695034 0.172827 0.172791 0.172789 0.172804 0.237698 0.237639 0.237645 0.237704
9.485 0 0 0 0 0.0643545 0.064634 0.0646909 0.0648669 0.148409 0.148511 0.148551 0.14857 0.200159 0.200108 0.200112 0.200161
9.505 0 0 0 0 0.0646455 0.0648836 0.0649837 0.0651073 0.114243 0.114259 0.114258 0.114297 0.139898 0.13987 0.139867 0.139892
9.525 0 0 0 0 0.0545089 0.0547197 0.0547306 0.0547707 0.0761454 0.0761394 0.076136 0.0761469 0.0727669 0.0727583 0.0727592 0.072767
9.545 0 0 0 0 0.0238478 0.0239264 0.0239169 0.0239302 0.0285565 0.0285736 0.028573 0.0285493 0.0105197 0.010519 0.0105209 0.0105227
9.565 0 0 0 0 -0.0187199 -0.0187957 -0.0188036 -0.0188327 -0.031545 -0.0315366 -0.0315381 -0.0315624 -0.0423239 -0.0423181 -0.0423185 -0.0423245
9.585 0 0 0 0 -0.0540127 -0.0541952 -0.0542094 -0.0543306 -0.0893594 -0.089397 -0.0894062 -0.0894032 -0.0884396 -0.0884212 -0.0884234 -0.0884426
9.605 0 0 0 0 -0.0725744 -0.072812 -0.072833 -0.0730245 -0.127541 -0.1276 -0.127614 -0.127618 -0.134844 -0.134815 -0.134818 -0.13485
9.625 0 0 0 0 -0.0743996 -0.0746476 -0.0746077 -0.0746082 -0.142783 -0.14283 -0.14285 -0.142878 -0.177755 -0.177719 -0.177724 -0.177765
9.645 0 0 0 0 -0.0651377 -0.0649182 -0.0648887 -0.0650325 -0.144538 -0.144509 -0.144483 -0.144497 -0.201852 -0.201809 -0.20181 -0.201856
9.665 0 0 0 0 -0.056273 -0.0561013 -0.0561057 -0.0563057 -0.140736 -0.140706 -0.140692 -0.140719 -0.198125 -0.198077 -0.198073 -0.198117
9.685 0 0 0 0 -0.0583935 -0.0583382 -0.0584012 -0.0581438 -0.130325 -0.130328 -0.130303 -0.13025 -0.169818 -0.169774 -0.169768 -0.16981
9.705 0 0 0 0 -0.0645964 -0.064476 -0.0645413 -0.0643275 -0.110738 -0.110728 -0.110727 -0.110712 -0.127124 -0.127099 -0.127096 -0.12712
9.725 0 0 0 0 -0.0563235 -0.0563057 -0.0563292 -0.0561625 -0.0812287 -0.0812063 -0.0812013 -0.0811926 -0.0800875 -0.0800758 -0.0800724 -0.0800815
9.745 0 0 0 0 -0.02661 -0.0265747 -0.0265712 -0.0264915 -0.0403756 -0.0403779 -0.0403677 -0.0403462 -0.0348904 -0.0348833 -0.0348821 -0.0348887
9.765 0 0 0 0 0.0120494 0.0120796 0.012086 0.0120338 0.0103727 0.0103606 0.0103634 0.01038 0.00762029 0.00762347 0.00762334 0.00762024
9.785 0 0 0 0 0.0421617 0.0421181 0.0421122 0.0419675 0.0610033 0.0610057 0.060999 0.0609797 0.0524947 0.0524856 0.0524836 0.0524918
9.805 0 0 0 0 0.0563322 0.0562056 0.0561906 0.0560155 0.0982562 0.0982533 0.0982391 0.0981936 0.103156 0.103132 0.103129 0.103152
9.825 0 0 0 0 0.0595907 0.0594345 0.0594408 0.0592566 0.120114 0.120099 0.120085 0.120043 0.153907 0.15387 0.153865 0.153898
9.845 0 0 0 0 0.0582056 0.0580806 0.0580717 0.0580092 0.132437 0.132402 0.132382 0.132414 0.187805 0.187761 0.187761 0.187806
9.865 0 0 0 0 0.05952 0.0594983 0.0594827 0.0595794 0.140526 0.140505 0.140493 0.140546 0.194522 0.194478 0.194476 0.194517
9.885 0 0 0 0 0.0672494 0.0672255 0.0672108 0.067345 0.141937 0.141948 0.141931 0.141913 0.178615 0.17857 0.178571 0.178618
9.905 0 0 0 0 0.0750042 0.0751981 0.0752735 0.0753785 0.13228 0.132343 0.132374 0.132398 0.150701 0.150674 0.150681 0.150712
9.925 0 0 0 0 0.0682484 0.0685132 0.0685685 0.0686873 0.108514 0.108534 0.108551 0.108586 0.117459 0.11744 0.117441 0.11746
9.945 0 0 0 0 0.0427212 0.0428778 0.0428975 0.0430028 0.0737306 0.0737483 0.0737534 0.0737699 0.0827627 0.082747 0.0827491 0.0827661
9.965 0 0 0 0 0.0102154 0.0102266 0.0102272 0.0103088 0.0321973 0.0322197 0.0322226 0.0322235 0.0464656 0.0464513 0.046452 0.0464667
9.985 0 0 0 0 -0.0152921 -0.0153632 -0.0153706 -0.0153501 -0.0107319 -0.0107286 -0.0107284 -0.010723 0.00429492 0.00429078 0.00429151 0.00429696
10.005 0 0 0 0 -0.029812 -0.0299138 -0.0299232 -0.0299891 -0.048582 -0.0486026 -0.0486072 -0.0486034 -0.0466687 -0.0466593 -0.0466609 -0.0466712
10.025 0 0 0 0 -0.0394164 -0.0395403 -0.0395522 -0.0396874 -0.0801057 -0.0801343 -0.0801469 -0.0801713 -0.102375 -0.102353 -0.102355 -0.102379
10.045 0 0 0 0 -0.0502603 -0.0504165 -0.0504321 -0.0506214 -0.109087 -0.10912 -0.109134 -0.109185 -0.151005 -0.150973 -0.150977 -0.151013
10.065 0 0 0 0 -0.0621505 -0.0623518 -0.0623272 -0.0624251 -0.134515 -0.134538 -0.134563 -0.134593 -0.179845 -0.179803 -0.179807 -0.179851
10.085 0 0 0 0 -0.0737585 -0.0735634 -0.0736034 -0.073745 -0.150379 -0.150366 -0.150363 -0.150359 -0.187072 -0.187033 -0.187039 -0.187086
10.105 0 0 0 0 -0.0790317 -0.0789031 -0.0789815 -0.0791976 -0.150429 -0.150423 -0.150428 -0.150444 -0.178794 -0.178754 -0.178746 -0.178777
10.125 0 0 0 0 -0.0715164 -0.0715031 -0.0715892 -0.0712943 -0.133584 -0.133569 -0.133551 -0.133516 -0.15917 -0.159129 -0.159126 -0.159163
10.145 0 0 0 0 -0.0531387 -0.0529822 -0.0530355 -0.0528733 -0.102932 -0.102923 -0.102929 -0.102888 -0.12879 -0.128761 -0.128758 -0.128785
10.165 0 0 0 0 -0.0295181 -0.0294339 -0.0294462 -0.0293944 -0.0647015 -0.0646783 -0.0646817 -0.0646624 -0.0875268 -0.0875038 -0.0874991 -0.0875178
10.185 0 0 0 0 -0.00952469 -0.00947575 -0.00947331 -0.00945795 -0.0257799 -0.0257644 -0.0257565 -0.025746 -0.0386137 -0.0386039 -0.0386043 -0.0386151
10.205 0 0 0 0 0.0056187 0.0056048 0.00560885 0.00559762 0.0114077 0.0114081 0.0114097 0.0114051 0.0139215 0.0139183 0.0139185 0.0139221
10.225 0 0 0 0 0.0195288 0.0194472 0.0194438 0.0193954 0.0460562 0.0460403 0.0460323 0.0460118 0.0638359 0.0638188 0.0638167 0.0638317
10.245 0 0 0 0 0.0334561 0.033327 0.0333172 0.0332276 0.0755051 0.0754823 0.0754739 0.0754409 0.102676 0.10265 0.102647 0.102671
10.265 0 0 0 0 0.0462628 0.0461097 0.0461105 0.0459755 0.096939 0.0969228 0.0969087 0.0968692 0.125658 0.125627 0.125623 0.125651
10.285 0 0 0 0 0.0572077 0.0571388 0.0571709 0.0570002 0.110367 0.110356 0.110346 0.110325 0.135613 0.135583 0.135582 0.135612
10.305 0 0 0 0 0.0642989 0.0643077 0.064388 0.0644612 0.117393 0.117393 0.117414 0.117438 0.138799 0.138771 0.138768 0.138792
10.325 0 0 0 0 0.0580608 0.0580316 0.0580711 0.058221 0.111932 0.111918 0.111926 0.111937 0.133183 0.133156 0.133158 0.133184
10.345 0 0 0 0 0.0389354 0.0389123 0.0388758 0.0389461 0.0881292 0.0881288 0.0881199 0.0881112 0.113599 0.113574 0.11358 0.113613
10.365 0 0 0 0 0.0207643 0.0207796 0.0207486 0.0208045 0.0539902 0.0539826 0.0539944 0.0540095 0.080841 0.0808198 0.0808193 0.0808355
10.385 0 0 0 0 0.00954946 0.00959029 0.00958618 0.00959952 0.0217823 0.0217733 0.021784 0.0218162 0.0373905 0.0373853 0.0373871 0.0373944
10.405 0 0 0 0 0.000312317 0.000327748 0.000339304 0.000323244 -0.00549122 -0.00549527 -0.00549441 -0.00549197 -0.0118297 -0.0118262 -0.0118272 -0.0118313
10.425 0 0 0 0 -0.0101283 -0.0101535 -0.0101443 -0.0101785 -0.0312176 -0.0312232 -0.0312289 -0.0312486 -0.0548553 -0.0548434 -0.0548449 -0.0548586
10.445 0 0 0 0 -0.0224863 -0.0225506 -0.0225459 -0.0226123 -0.0567998 -0.0567943 -0.0567998 -0.0568098 -0.082393 -0.0823708 -0.0823705 -0.0823914
10.465 0 0 0 0 -0.0382128 -0.0382425 -0.0382472 -0.0383228 -0.079011 -0.0790229 -0.079027 -0.0790247 -0.0969164 -0.0968928 -0.096894 -0.0969183
10.485 0 0 0 0 -0.052702 -0.0526834 -0.0527075 -0.0527554 -0.0932129 -0.0932047 -0.0932048 -0.0932123 -0.105449 -0.10543 -0.105431 -0.10545
10.505 0 0 0 0 -0.0562032 -0.0561413 -0.0561393 -0.0561779 -0.0979101 -0.0978845 -0.0978814 -0.0979 -0.111833 -0.111814 -0.111813 -0.111832
10.525 0 0 0 0 -0.0462642 -0.0462333 -0.0462592 -0.0463292 -0.0919985 -0.0920011 -0.0919954 -0.0919932 -0.113226 -0.113198 -0.113194 -0.113217
10.545 0 0 0 0 -0.0310903 -0.0310006 -0.0309842 -0.0309529 -0.0753027 -0.0752955 -0.0752802 -0.0752547 -0.103507 -0.103479 -0.103481 -0.103511
10.565 0 0 0 0 -0.0169735 -0.0168518 -0.0168627 -0.0168363 -0.0496288 -0.0496219 -0.0496177 -0.049578 -0.0766844 -0.0766616 -0.076658 -0.0766758
10.585 0 0 0 0 -0.00662279 -0.0065765 -0.00658457 -0.00657361 -0.0201792 -0.0201763 -0.0201689 -0.0201617 -0.0336253 -0.0336172 -0.0336167 -0.0336253
10.605 0 0 0 0 0.0013068 0.00128128 0.00128105 0.00128343 0.00869267 0.00868975 0.00868877 0.00868259 0.0159964 0.0159908 0.01599 0.0159944
10.625 0 0 0 0 0.0113224 0.0112426 0.0112408 0.0112221 0.0365502 0.036539 0.0365344 0.0365178 0.059941 0.0599241 0.0599222 0.0599369
10.645 0 0 0 0 0.0273899 0.0273532 0.027368 0.0272963 0.0647766 0.0647627 0.0647517 0.0647346 0.0916883 0.0916646 0.0916624 0.0916839
10.665 0 0 0 0 0.046469 0.0464389 0.0464482 0.0463014 0.0904323 0.0904213 0.090405 0.0903909 0.111133 0.111109 0.111106 0.111132
10.685 0 0 0 0 0.0601017 0.0600793 0.0601384 0.0602074 0.107681 0.107687 0.107705 0.107717 0.122505 0.12248 0.122477 0.122499
10.705 0 0 0 0 0.0603611 0.0603153 0.0603374 0.0604561 0.111683 0.111669 0.111673 0.111699 0.12883 0.128807 0.128809 0.128834
10.725 0 0 0 0 0.0500878 0.0500316 0.0499889 0.0500623 0.1022 0.102196 0.102194 0.102195 0.129031 0.129003 0.129008 0.129039
10.745 0 0 0 0 0.0373559 0.0374143 0.0374178 0.0375103 0.0841836 0.0841959 0.0842107 0.0842315 0.11733 0.1173 0.117298 0.117326
10.765 0 0 0 0 0.0271612 0.0272375 0.0272685 0.0274251 0.0633272 0.0633451 0.0633602 0.0633883 0.0901344 0.0901142 0.0901172 0.0901412
10.785 0 0 0 0 0.0193292 0.0193835 0.0193934 0.01946 0.0401973 0.0402095 0.0402065 0.0402215 0.0502786 0.0502671 0.0502678 0.0502809
10.805 0 0 0 0 0.0105675 0.0106043 0.0106001 0.010601 0.0128623 0.0128652 0.0128634 0.012858 0.00657897 0.0065786 0.00657904 0.00657949
10.825 0 0 0 0 -0.00408142 -0.00408366 -0.00408896 -0.00414718 -0.0192922 -0.0193051 -0.0193058 -0.0193156 -0.0337328 -0.0337232 -0.0337236 -0.0337338
10.845 0 0 0 0 -0.0240285 -0.0240988 -0.0241051 -0.0241999 -0.0516375 -0.0516594 -0.0516624 -0.0516669 -0.0667211 -0.0667059 -0.0667081 -0.0667253
10.865 0 0 0 0 -0.0426082 -0.0427509 -0.0427566 -0.042872 -0.078131 -0.0781556 -0.0781629 -0.0781722 -0.0920003 -0.0919819 -0.0919846 -0.092005
10.885 0 0 0 0 -0.0532337 -0.0534091 -0.0533807 -0.0534378 -0.0954984 -0.095507 -0.0955155 -0.0955265 -0.111112 -0.111088 -0.111089 -0.111112
10.905 0 0 0 0 -0.0548775 -0.054742 -0.0547053 -0.0547894 -0.103712 -0.103698 -0.103688 -0.103687 -0.125034 -0.125009 -0.125012 -0.125039
10.925 0 0 0 0 -0.0491185 -0.0490753 -0.049086 -0.0492182 -0.103216 -0.103195 -0.1032 -0.103214 -0.131511 -0.131484 -0.131483 -0.131509
10.945 0 0 0 0 -0.0405262 -0.0404606 -0.0405184 -0.0406257 -0.0927931 -0.0927939 -0.0928058 -0.0928086 -0.125146 -0.125115 -0.125114 -0.125145
10.965 0 0 0 0 -0.0334399 -0.0333822 -0.0333995 -0.0332291 -0.0750558 -0.0750479 -0.0750378 -0.0750161 -0.102864 -0.102838 -0.102835 -0.102861
10.985 0 0 0 0 -0.026805 -0.0268018 -0.0268115 -0.0267218 -0.0525847 -0.0525805 -0.0525751 -0.0525509 -0.0669659 -0.066952 -0.0669495 -0.0669642
11.005 0 0 0 0 -0.0178029 -0.0177748 -0.0177797 -0.017725 -0.0268884 -0.0268905 -0.0268898 -0.0268855 -0.0256111 -0.0256058 -0.025604 -0.0256074
11.025 0 0 0 0 -0.00386712 -0.00388969 -0.00389238 -0.00387565 0.00208386 0.00207944 0.002079 0.0020759 0.0127947 0.0127896 0.0127883 0.0127918
11.045 0 0 0 0 0.0141088 0.0140512 0.01405 0.0140121 0.0323154 0.0323114 0.0323084 0.0322942 0.0440548 0.0440436 0.0440429 0.0440535
11.065 0 0 0 0 0.0318807 0.0318836 0.0318971 0.0317971 0.0592489 0.0592445 0.0592353 0.0592304 0.0690454 0.0690294 0.0690281 0.0690436
11.085 0 0 0 0 0.0437112 0.0436983 0.0437146 0.0435738 0.0782294 0.0782203 0.0782081 0.078196 0.0895985 0.0895793 0.0895784 0.0895977
11.105 0 0 0 0 0.0460716 0.0460403 0.0460861 0.0461468 0.0873213 0.0873205 0.0873283 0.0873354 0.105148 0.105124 0.105122 0.105142
11.125 0 0 0 0 0.040217 0.0401574 0.0401726 0.0402387 0.0867927 0.0867815 0.086784 0.0868001 0.112234 0.11221 0.11221 0.112233
11.145 0 0 0 0 0.0321839 0.032118 0.0321071 0.0321921 0.0771013 0.0770954 0.0770991 0.0770944 0.106611 0.106584 0.106583 0.106607
11.165 0 0 0 0 0.0266471 0.0266276 0.0266198 0.0266854 0.0616332 0.0616256 0.0616256 0.0616324 0.0861287 0.0861096 0.0861122 0.0861363
11.185 0 0 0 0 0.0222696 0.0223242 0.0223232 0.0223626 0.0427916 0.0427921 0.0427984 0.0428079 0.0535768 0.0535648 0.0535644 0.0535755
11.205 0 0 0 0 0.0150825 0.0151407 0.0151442 0.0151449 0.0207038 0.0207095 0.0207159 0.0207179 0.0167748 0.0167728 0.0167737 0.0167763
11.225 0 0 0 0 0.00249571 0.00251498 0.00251833 0.00249563 -0.00492369 -0.00492371 -0.00492359 -0.00492721 -0.0163145 -0.0163098 -0.0163109 -0.0163169
11.245 0 0 0 0 -0.0144932 -0.0145369 -0.0145335 -0.0145644 -0.032041 -0.0320459 -0.0320512 -0.0320546 -0.0425682 -0.0425575 -0.0425575 -0.0425679
11.265 0 0 0 0 -0.031095 -0.0311995 -0.0311926 -0.0312211 -0.055987 -0.055997 -0.0560044 -0.056007 -0.0636083 -0.0635946 -0.0635958 -0.0636099
11.285 0 0 0 0 -0.0414246 -0.0413686 -0.041352 -0.0413924 -0.0725076 -0.0725018 -0.0724966 -0.0724959 -0.0816667 -0.0816511 -0.0816525 -0.0816692
11.305 0 0 0 0 -0.0414122 -0.0413856 -0.0413849 -0.0414298 -0.0796003 -0.0795943 -0.0795916 -0.0795968 -0.0957276 -0.0957082 -0.0957077 -0.0957266
11.325 0 0 0 0 -0.0341494 -0.0340705 -0.0340572 -0.0341336 -0.0771108 -0.0770908 -0.077093 -0.0771059 -0.102018 -0.101995 -0.101995 -0.102019
11.345 0 0 0 0 -0.0270411 -0.0269839 -0.0270015 -0.0270833 -0.0669018 -0.0669002 -0.0669023 -0.0669086 -0.0956511 -0.0956253 -0.0956216 -0.0956436
11.365 0 0 0 0 -0.0229767 -0.0229537 -0.0229763 -0.022897 -0.0528278 -0.0528182 -0.0528148 -0.0528072 -0.0744122 -0.0743948 -0.0743934 -0.0744113
11.385 0 0 0 0 -0.0194346 -0.0194359 -0.0194597 -0.0193993 -0.0358891 -0.0358891 -0.03589 -0.0358798 -0.0423697 -0.04236 -0.0423585 -0.0423672
11.405 0 0 0 0 -0.0122868 -0.0123041 -0.0123081 -0.0122647 -0.014792 -0.0147981 -0.0147987 -0.014793 -0.00793835 -0.00793806 -0.00793835 -0.00793933
11.425 0 0 0 0 0.000734482 0.000712696 0.000718393 0.000726521 0.0105256 0.010521 0.0105193 0.0105201 0.0218941 0.0218873 0.021887 0.0218935
11.445 0 0 0 0 0.0178071 0.01779 0.0177994 0.0177486 0.0365646 0.0365625 0.0365569 0.0365498 0.045513 0.0455015 0.0455007 0.0455117
11.465 0 0 0 0 0.0332445 0.0332374 0.0332491 0.0331416 0.0582697 0.0582653 0.0582573 0.0582471 0.0651131 0.0650994 0.0650986 0.0651123
11.485 0 0 0 0 0.0409831 0.0409707 0.0410067 0.0410667 0.0722767 0.0722764 0.0722831 0.0722902 0.0822741 0.082257 0.0822551 0.0822702
11.505 0 0 0 0 0.0389198 0.0389097 0.0389255 0.0389773 0.077536 0.0775312 0.0775327 0.0775391 0.0951951 0.0951757 0.095176 0.095196
