0.005 -0.081048 -0.081048 -0.081048 -0.081048 -0.00161222 -0.00142218 -0.00142227 -0.00161345 0.00026129 0.000192143 0.000192139 0.000260879 -2.68958e-05 -1.78528e-05 -1.78432e-05 -2.68968e-05
0.025 0.0174353 0.0174353 0.0174353 0.0174353 -0.0159979 -0.0161206 -0.0161192 -0.0159968 -0.00060794 -0.000548513 -0.000548118 -0.000608958 0.000584976 0.000572089 0.000571648 0.000583636
0.045 0.0173646 0.0173646 0.0173646 0.0173646 -0.00188464 -0.00187807 -0.00187719 -0.0018808 -0.0106793 -0.0107108 -0.0107097 -0.0106783 0.00112779 0.00113229 0.00113184 0.0011271
0.065 0.0156001 0.0156001 0.0156001 0.0156001 0.0182927 0.0183965 0.0183994 0.0183009 -0.00945405 -0.00952991 -0.00953013 -0.00945571 -0.00641978 -0.00639917 -0.00639778 -0.00641759
0.085 0.0126833 0.0126833 0.0126833 0.0126833 0.0196874 0.01971 0.0197022 0.0196634 0.00875629 0.00877595 0.00877525 0.00875349 -0.0169999 -0.016992 -0.0169912 -0.0169973
0.105 0.0106597 0.0106597 0.0106597 0.0106597 0.0121329 0.0120847 0.0120832 0.012133 0.0181817 0.0182563 0.0182542 0.0181769 -0.0117693 -0.0117741 -0.011775 -0.0117684
0.125 0.011044 0.011044 0.011044 0.011044 0.00918154 0.00918261 0.00918587 0.00918859 0.00823529 0.00823157 0.00823843 0.00824642 0.0116267 0.0116228 0.011619 0.0116087
0.145 0.0110128 0.0110128 0.0110128 0.0110128 0.00652209 0.00655459 0.00655451 0.00652089 0.00194516 0.0018802 0.00188512 0.0019552 0.0315789 0.0315806 0.0315741 0.0315709
0.165 0.00829716 0.00829716 0.00829716 0.00829716 0.0029366 0.00290556 0.00290536 0.00293685 0.0141613 0.014155 0.0141549 0.0141617 0.0328368 0.032828 0.0328276 0.0328333
0.185 0.00290849 0.00290849 0.00290849 0.00290849 0.0086598 0.00861445 0.00861527 0.00866313 0.0287638 0.0288118 0.0288108 0.0287608 0.0242494 0.0242365 0.0242373 0.024251
0.205 0.00391038 0.00391038 0.00391038 0.00391038 0.021977 0.0220077 0.0220081 0.0219783 0.0294352 0.0294484 0.0294492 0.0294368 0.0204066 0.020404 0.0204047 0.0204084
0.225 0.00981088 0.00981088 0.00981088 0.00981088 0.0268373 0.0269101 0.0269107 0.0268394 0.0226648 0.0226331 0.0226335 0.0226653 0.0224744 0.0224804 0.0224808 0.0224752
0.245 0.0146353 0.0146353 0.0146353 0.0146353 0.0173972 0.0174057 0.0174054 0.0173963 0.0195546 0.0195464 0.0195464 0.0195547 0.0241117 0.0241109 0.0241109 0.0241117
0.265 0.0162164 0.0162164 0.0162164 0.0162164 0.00770106 0.00764704 0.00764662 0.00770014 0.0176309 0.0176538 0.0176537 0.0176308 0.0230629 0.0230548 0.0230548 0.0230629
0.285 0.0161105 0.0161105 0.0161105 0.0161105 0.00965526 0.00963166 0.00963161 0.00965517 0.0125034 0.0125043 0.0125043 0.0125035 0.019324 0.0193213 0.0193213 0.0193238
0.305 0.0156383 0.0156383 0.0156383 0.0156383 0.016818 0.0168472 0.0168473 0.0168182 0.009412 0.00938864 0.00938867 0.00941205 0.0115946 0.0116003 0.0116002 0.0115946
0.325 0.0143485 0.0143485 0.0143485 0.0143485 0.018285 0.0183077 0.0183078 0.0182851 0.0117144 0.0117138 0.0117138 0.0117144 0.00231156 0.00231622 0.00231624 0.0023116
0.345 0.0128824 0.0128824 0.0128824 0.0128824 0.0138436 0.013835 0.013835 0.0138436 0.0124283 0.0124527 0.0124527 0.0124283 -0.00131625 -0.00131613 -0.00131615 -0.00131627
0.365 0.0108119 0.0108119 0.0108119 0.0108119 0.00883132 0.00882728 0.00882727 0.00883128 0.0065201 0.00652427 0.00652426 0.00652009 0.00325735 0.00325844 0.00325845 0.00325738
0.385 0.00416845 0.00416845 0.00416845 0.00416845 0.00360269 0.00362045 0.00362045 0.00360269 0.000539303 0.000514607 0.00051461 0.00053931 0.0091848 0.00918757 0.00918756 0.00918479
0.405 -0.00270018 -0.00270018 -0.00270018 -0.00270018 -0.00332677 -0.00333226 -0.00333226 -0.00332677 0.00106948 0.00106292 0.00106292 0.00106948 0.00939026 0.00938766 0.00938766 0.00939027
0.425 -0.00797673 -0.00797673 -0.00797673 -0.00797673 -0.00731763 -0.00734459 -0.00734459 -0.00731762 0.00317928 0.00319886 0.00319886 0.00317928 0.00500544 0.00499818 0.00499818 0.00500544
0.445 -0.00694638 -0.00694638 -0.00694638 -0.00694638 -0.00519307 -0.00520278 -0.00520278 -0.00519307 0.000118114 0.000127593 0.000127593 0.000118113 0.000415509 0.000412019 0.000412021 0.000415512
0.465 -0.00454186 -0.00454186 -0.00454186 -0.00454186 -0.00163094 -0.00160729 -0.00160729 -0.00163094 -0.00539399 -0.00540958 -0.00540958 -0.00539399 -0.00402349 -0.00402021 -0.00402021 -0.00402349
0.485 0.0056416 0.0056416 0.0056416 0.0056416 -0.00182889 -0.00183435 -0.00182999 -0.00181697 -0.00774677 -0.00775165 -0.00775327 -0.00775613 -0.00954651 -0.00954397 -0.00954424 -0.00954718
0.505 0.0109018 0.0109018 0.0109018 0.0109018 -0.000254113 -0.000277134 -0.000276086 -0.000254408 -0.00823217 -0.00822321 -0.00822385 -0.00823315 -0.0142665 -0.0142629 -0.0142627 -0.0142661
0.525 0.0112475 0.0112475 0.0112475 0.0112475 0.00431417 0.00431753 0.004316 0.00431156 -0.00810413 -0.00810656 -0.00810581 -0.00810155 -0.0157879 -0.0157804 -0.0157804 -0.0157873
0.545 0.00519258 0.00519258 0.00519258 0.00519258 0.00611352 0.00614228 0.00614186 0.00611291 -0.00540301 -0.00541389 -0.00541312 -0.00540177 -0.0134777 -0.0134695 -0.013469 -0.0134765
0.565 -0.00411122 -0.00411122 -0.00411122 -0.00411122 0.000810764 0.000825634 0.000825908 0.000811258 -0.000641947 -0.000638485 -0.000638349 -0.000641645 -0.0070253 -0.00702401 -0.00702413 -0.00702556
0.585 -1.66199e-05 -1.66199e-05 -1.66199e-05 -1.66199e-05 -0.006753 -0.0067995 -0.00679941 -0.00675281 0.00137866 0.00140274 0.00140253 0.00137823 0.00312317 0.00311638 0.00311646 0.00312332
0.605 0.0128879 0.0128879 0.0128879 0.0128879 -0.00390338 -0.00395722 -0.00395719 -0.00390329 -0.000556506 -0.000553998 -0.000554047 -0.000556608 0.0123876 0.0123834 0.0123832 0.0123874
0.625 0.0168953 0.0168953 0.0168953 0.0168953 0.0110526 0.0110729 0.0110729 0.0110525 0.00224738 0.00221024 0.00221022 0.00224735 0.0136537 0.0136601 0.0136601 0.0136539
0.645 0.00467173 0.00467173 0.00467173 0.00467173 0.0225631 0.0226359 0.0226359 0.0225631 0.0159557 0.0159345 0.0159345 0.0159558 0.00768993 0.00769694 0.00769691 0.00768985
0.665 -0.0149206 -0.0149206 -0.0149206 -0.0149206 0.016654 0.0167015 0.0167015 0.016654 0.0291897 0.0292238 0.0292238 0.0291897 0.00712172 0.00711623 0.00711627 0.00712179
0.685 -0.0189078 -0.0189078 -0.0189078 -0.0189078 -0.00158273 -0.00160403 -0.00160402 -0.00158272 0.0245269 0.0245719 0.0245719 0.0245269 0.0210473 0.0210312 0.0210312 0.0210472
0.705 -0.0123929 -0.0123929 -0.0123929 -0.0123929 -0.0149538 -0.0149823 -0.0149822 -0.014953 0.0049017 0.00487967 0.00487903 0.00489806 0.0378748 0.0378624 0.037862 0.0378665
0.725 -0.00376853 -0.00376853 -0.00376853 -0.00376853 -0.0157472 -0.015766 -0.0157661 -0.0157467 -0.00711792 -0.00717189 -0.00717189 -0.00711958 0.0349166 0.0349108 0.0349091 0.0349087
0.745 0.00165829 0.00165829 0.00165829 0.00165829 -0.00606076 -0.0060878 -0.00608791 -0.0060612 -0.00194433 -0.0019441 -0.00194339 -0.00194222 0.00725644 0.0072524 0.00725104 0.00725583
0.765 0.013695 0.013695 0.013695 0.013695 0.0119529 0.011938 0.0119379 0.0119532 0.00426001 0.00430183 0.00430179 0.00425667 -0.0243267 -0.0243414 -0.0243424 -0.0243472
0.785 0.0239531 0.0239531 0.0239531 0.0239531 0.0279314 0.0279944 0.0279962 0.0279374 -0.0011089 -0.00110199 -0.00108397 -0.00107983 -0.0381358 -0.0381158 -0.0381184 -0.0381355
0.805 0.0191443 0.0191443 0.0191443 0.0191443 0.0242969 0.0243921 0.0243951 0.0243036 -0.00907634 -0.00911458 -0.00911172 -0.00907111 -0.0315691 -0.0315427 -0.0315428 -0.0315663
0.825 0.0139933 0.0139933 0.0139933 0.0139933 -0.00047831 -0.000504347 -0.000504167 -0.000476568 -0.00986909 -0.00986357 -0.00986618 -0.00987341 -0.0141668 -0.0141628 -0.0141626 -0.0141671
0.845 0.00415082 0.00415082 0.00415082 0.00415082 -0.0189317 -0.0190268 -0.0190289 -0.018935 -0.00884072 -0.00881622 -0.00881731 -0.00884371 0.0045859 0.00457619 0.00457665 0.00458698
0.865 -0.0122272 -0.0122272 -0.0122272 -0.0122272 -0.0160299 -0.0160423 -0.0160435 -0.0160328 -0.00743319 -0.00745601 -0.00745538 -0.0074319 0.0152702 0.015265 0.0152646 0.0152695
0.885 -0.026841 -0.026841 -0.026841 -0.026841 -0.0071847 -0.00712767 -0.00712794 -0.00718533 0.00133112 0.00130132 0.00130177 0.00133213 0.0126806 0.0126787 0.012679 0.012681
0.905 -0.025403 -0.025403 -0.025403 -0.025403 -0.00699818 -0.0069977 -0.00699739 -0.00699749 0.0118085 0.0118432 0.0118434 0.0118089 0.00446244 0.00445127 0.00445098 0.00446182
0.925 -0.00542987 -0.00542987 -0.00542987 -0.00542987 -0.00626445 -0.00631711 -0.00631704 -0.00626429 0.00801079 0.00805659 0.00805642 0.00801041 0.00249712 0.00248646 0.00248662 0.00249744
0.945 0.00355252 0.00355252 0.00355252 0.00355252 0.0025871 0.00262236 0.0026224 0.00258718 -0.00599946 -0.00604027 -0.00604029 -0.00599951 0.00443147 0.00443819 0.00443806 0.0044312
0.965 0.00939835 0.00939835 0.00939835 0.00939835 0.00573031 0.00577064 0.00577058 0.00573019 -0.0086238 -0.00866874 -0.00866878 -0.00862388 -0.00100266 -0.000992342 -0.000992248 -0.00100246
0.985 -0.00120696 -0.00120696 -0.00120696 -0.00120696 0.00226734 0.00227041 0.00227042 0.00226735 0.000368712 0.000385262 0.000385301 0.000368797 -0.0116348 -0.0116337 -0.0116337 -0.0116349
1.005 -0.0207342 -0.0207342 -0.0207342 -0.0207342 -0.00492544 -0.00491362 -0.00491363 -0.00492546 0.00333072 0.00336588 0.00336587 0.00333071 -0.0144503 -0.014455 -0.014455 -0.0144503
1.025 -0.00999747 -0.00999747 -0.00999747 -0.00999747 -0.0142206 -0.0142535 -0.0142533 -0.0142192 -0.00743543 -0.00741732 -0.00741732 -0.00743576 -0.00599153 -0.00599689 -0.00599691 -0.00599155
1.045 0.0025149 0.0025149 0.0025149 0.0025149 -0.0163967 -0.0164276 -0.0164371 -0.0164076 -0.0205997 -0.0206308 -0.0206303 -0.0205992 0.00119021 0.00119177 0.00119172 0.00119017
1.065 0.0148307 0.0148307 0.0148307 0.0148307 -0.0081408 -0.00817112 -0.00817372 -0.00814586 -0.0201723 -0.0201997 -0.0201995 -0.0201718 -0.00563394 -0.005628 -0.00562799 -0.00563395
1.085 0.0016826 0.0016826 0.0016826 0.0016826 0.00520995 0.0052414 0.00524358 0.00521276 -0.00654764 -0.00654812 -0.00654783 -0.00654691 -0.0215441 -0.0215363 -0.0215363 -0.0215441
1.105 -0.00165788 -0.00165788 -0.00165788 -0.00165788 0.0106704 0.0106945 0.0106958 0.0106735 0.00472436 0.00476325 0.00476333 0.00472453 -0.0280933 -0.0280894 -0.0280896 -0.0280936
1.125 0.00881269 0.00881269 0.00881269 0.00881269 0.00755221 0.00754342 0.00754348 0.00755241 0.00186363 0.00188792 0.00188772 0.0018632 -0.0148815 -0.014879 -0.0148788 -0.0148812
1.145 0.00716123 0.00716123 0.00716123 0.00716123 0.00135769 0.00137669 0.00137647 0.00135719 -0.0058986 -0.00593623 -0.00593625 -0.00589862 0.00720836 0.00721358 0.00721344 0.00720808
1.165 0.0336713 0.0336713 0.0336713 0.0336713 -0.0012683 -0.00136564 -0.00136581 -0.00126866 -0.00263392 -0.00263709 -0.00263712 -0.00263398 0.0199888 0.0199857 0.0199859 0.0199891
1.185 0.0198849 0.0198849 0.0198849 0.0198849 0.0145266 0.0145247 0.0145247 0.0145267 0.0118997 0.0118857 0.0118858 0.0118998 0.0188605 0.0188619 0.0188618 0.0188603
1.205 0.00346981 0.00346981 0.00346981 0.00346981 0.0311625 0.0312422 0.0312434 0.0311666 0.0308006 0.0307978 0.0307975 0.0307993 0.0140741 0.0140779 0.0140779 0.0140743
1.225 0.00364437 0.00364437 0.00364437 0.00364437 0.0303313 0.0303639 0.0303772 0.030353 0.0415155 0.0415493 0.0415451 0.0414917 0.0202102 0.0202047 0.0202044 0.0202104
1.245 -0.0288163 -0.0288163 -0.0288163 -0.0288163 0.0142559 0.0143482 0.0143545 0.0142686 0.0364101 0.0363972 0.0363967 0.0364077 0.0398553 0.0398476 0.0398415 0.0398448
1.265 -0.0187501 -0.0187501 -0.0187501 -0.0187501 -0.0144294 -0.0144858 -0.014484 -0.0144257 0.0232702 0.0232799 0.0232825 0.0232785 0.0579973 0.0579757 0.0579806 0.0580014
1.285 0.0143558 0.0143558 0.0143558 0.0143558 -0.0226512 -0.0228207 -0.0228221 -0.022653 0.00812025 0.00813983 0.00814039 0.00812281 0.0567278 0.0567034 0.0567029 0.0567259
1.305 -0.0113655 -0.0113655 -0.0113655 -0.0113655 0.00403985 0.00413563 0.00413428 0.00403699 0.00110468 0.00102017 0.00101992 0.00110359 0.0277599 0.0277667 0.0277667 0.0277609
1.325 -0.0196744 -0.0196744 -0.0196744 -0.0196744 0.0163619 0.016473 0.0164729 0.0163616 0.01056 0.0105562 0.0105561 0.0105597 -0.0162622 -0.0162546 -0.0162547 -0.0162626
1.345 -0.00120292 -0.00120292 -0.00120292 -0.00120292 0.00289955 0.00283348 0.00283397 0.00290002 0.00900244 0.00911866 0.0091176 0.0090008 -0.0424936 -0.0425096 -0.0425091 -0.0425037
1.365 0.0205181 0.0205181 0.0205181 0.0205181 -0.00561165 -0.00565311 -0.00563805 -0.00558275 -0.0235787 -0.0235528 -0.0235404 -0.0235499 -0.0370874 -0.0370831 -0.0370888 -0.0370968
1.385 0.0139988 0.0139988 0.0139988 0.0139988 -0.00851466 -0.00842847 -0.00842431 -0.00850651 -0.0521559 -0.0522853 -0.0522849 -0.0521588 -0.0265504 -0.0265185 -0.0265169 -0.0265456
1.405 0.0134967 0.0134967 0.0134967 0.0134967 -0.0206005 -0.0206481 -0.0206515 -0.0206086 -0.0431327 -0.0431563 -0.0431568 -0.043133 -0.0352389 -0.0352283 -0.0352291 -0.0352412
1.425 0.0333434 0.0333434 0.0333434 0.0333434 -0.0176651 -0.0178721 -0.0178714 -0.0176655 -0.0214593 -0.0213423 -0.0213432 -0.0214607 -0.0491418 -0.0491369 -0.049138 -0.0491274
1.445 0.0424854 0.0424854 0.0424854 0.0424854 0.0194939 0.0194837 0.0194854 0.019498 -0.0162462 -0.0162359 -0.0162358 -0.0162463 -0.0457783 -0.0457591 -0.0457612 -0.0457826
1.465 0.0342399 0.0342399 0.0342399 0.0342399 0.0495254 0.0497195 0.0497199 0.0495264 -0.0066301 -0.00673514 -0.00673531 -0.00663046 -0.0273032 -0.027263 -0.0272639 -0.0273055
1.485 -0.0283855 -0.0283855 -0.0283855 -0.0283855 0.03022 0.0304122 0.030412 0.0302195 0.0250337 0.0249978 0.0249979 0.025034 -0.000126084 -0.000115041 -0.00011567 -0.000127396
1.505 -0.0475503 -0.0475503 -0.0475503 -0.0475503 -0.0263522 -0.0265117 -0.026516 -0.0263724 0.0467803 0.0469376 0.0469424 0.046798 0.0424086 0.0423578 0.0423568 0.0424047
1.525 -0.0358093 -0.0358093 -0.0358093 -0.0358093 -0.0508362 -0.0510342 -0.0510246 -0.0508222 0.0255659 0.0256292 0.0256531 0.0256131 0.0911788 0.0911307 0.0911306 0.0912131
1.545 0.0385804 0.0385804 0.0385804 0.0385804 -0.0159714 -0.0160877 -0.0160834 -0.0159631 -0.00198775 -0.00210469 -0.00211164 -0.00201132 0.102783 0.102768 0.102768 0.102778
1.565 0.042798 0.042798 0.042798 0.042798 0.0501413 0.0502938 0.0503003 0.0501495 0.0187816 0.0186297 0.0186201 0.0187656 0.0513657 0.051393 0.0513928 0.0513625
1.585 -0.00160434 -0.00160434 -0.00160434 -0.00160434 0.0836961 0.0839286 0.083932 0.0837031 0.0733141 0.0733681 0.0733668 0.0733133 -0.0182576 -0.0182411 -0.0182396 -0.0182535
1.605 -0.0123808 -0.0123808 -0.0123808 -0.0123808 0.0601582 0.0602065 0.0602014 0.0601501 0.0848218 0.0850262 0.0850328 0.0848334 -0.0291107 -0.0291273 -0.0291305 -0.0291165
1.625 0.00653624 0.00653624 0.00653624 0.00653624 0.00962793 0.00959507 0.00959175 0.00962277 0.0254884 0.0255141 0.0255168 0.0254927 0.0297949 0.0297835 0.0297834 0.0297945
1.645 0.00683884 0.00683884 0.00683884 0.00683884 -0.0338681 -0.0338696 -0.033869 -0.0338674 -0.0354817 -0.0356788 -0.0356783 -0.0354803 0.0823039 0.0823064 0.0823044 0.0822998
1.665 -0.0224746 -0.0224746 -0.0224746 -0.0224746 -0.0568993 -0.0569817 -0.0569813 -0.0568987 -0.0321223 -0.0322173 -0.0322182 -0.0321245 0.0607199 0.0607042 0.060705 0.0607216
1.685 0.0130568 0.0130568 0.0130568 0.0130568 -0.0368112 -0.0371174 -0.0371169 -0.0368102 0.00126361 0.00144726 0.00144729 0.0012637 -0.0130596 -0.0130963 -0.0130969 -0.0130609
1.705 0.0198564 0.0198564 0.0198564 0.0198564 0.0378665 0.0379596 0.0379594 0.0378664 0.000513404 0.000535729 0.000532842 0.000481006 -0.0722998 -0.072294 -0.0723079 -0.0723334
1.725 0.0332596 0.0332596 0.0332596 0.0332596 0.0780757 0.0784459 0.078458 0.0780962 -0.015827 -0.0159507 -0.0159353 -0.015794 -0.0889032 -0.0888292 -0.0888394 -0.0889149
1.745 0.0163999 0.0163999 0.0163999 0.0163999 0.0345011 0.0346589 0.0346608 0.0345081 -0.0150184 -0.0150406 -0.0150307 -0.0149939 -0.0677813 -0.0677456 -0.0677437 -0.0677801
1.765 0.0214379 0.0214379 0.0214379 0.0214379 -0.0398895 -0.0401881 -0.0401903 -0.0398941 -0.0155621 -0.0154173 -0.0154171 -0.015563 -0.0187513 -0.0187797 -0.0187791 -0.0187503
1.785 0.0404576 0.0404576 0.0404576 0.0404576 -0.0504168 -0.0507122 -0.0507135 -0.0504198 -0.0352136 -0.0351987 -0.0352016 -0.0352198 0.0315873 0.0315665 0.0315665 0.0315876
1.805 0.02241 0.02241 0.02241 0.02241 0.00242264 0.00253211 0.00253224 0.0024229 -0.0295198 -0.0297153 -0.0297164 -0.0295219 0.0401233 0.0401482 0.0401485 0.0401238
1.825 0.0210482 0.0210482 0.0210482 0.0210482 0.0462088 0.0463138 0.0463143 0.0462099 0.0300801 0.0300628 0.0300632 0.030081 0.00551858 0.00553243 0.00553236 0.00551845
1.845 -0.0386817 -0.0386817 -0.0386817 -0.0386817 0.0571735 0.0573218 0.0573194 0.0571649 0.0837453 0.0838811 0.0838813 0.0837458 -0.0115621 -0.0115726 -0.0115725 -0.011562
1.865 -0.0533615 -0.0533615 -0.0533615 -0.0533615 0.0247606 0.0248505 0.0248768 0.0248028 0.0742861 0.074386 0.0743837 0.07428 0.0323901 0.0323646 0.0323652 0.032392
1.885 -0.0492106 -0.0492106 -0.0492106 -0.0492106 -0.0289889 -0.0289678 -0.0289541 -0.0289599 0.0212759 0.0211918 0.0211845 0.0212449 0.102104 0.102078 0.102078 0.102105
1.905 -0.0490902 -0.0490902 -0.0490902 -0.0490902 -0.0707347 -0.0708321 -0.0708331 -0.0707376 -0.0119352 -0.0120471 -0.0120401 -0.0119346 0.122305 0.122276 0.122291 0.122327
1.925 0.00653682 0.00653682 0.00653682 0.00653682 -0.063237 -0.0635631 -0.0635666 -0.0632429 -0.00787747 -0.00780542 -0.00779759 -0.0078598 0.0647635 0.064726 0.0647343 0.0647786
1.945 0.0704271 0.0704271 0.0704271 0.0704271 0.0234487 0.0233238 0.0233226 0.0234463 -0.00180666 -0.00174221 -0.00174006 -0.0018015 -0.0304112 -0.0304009 -0.0303994 -0.030406
1.965 0.0249668 0.0249668 0.0249668 0.0249668 0.11597 0.116505 0.116504 0.115965 0.00159137 0.00141439 0.00140936 0.00155485 -0.106915 -0.106867 -0.106869 -0.106959
1.985 -0.0584669 -0.0584669 -0.0584669 -0.0584669 0.0719348 0.0724058 0.0724084 0.0719288 0.0163506 0.0163332 0.0163528 0.0163785 -0.122793 -0.122743 -0.122747 -0.122795
2.005 -0.0173459 -0.0173459 -0.0173459 -0.0173459 -0.071107 -0.0715152 -0.0715049 -0.0710612 -0.00944041 -0.00912769 -0.00911102 -0.00942145 -0.0575865 -0.0576396 -0.0576324 -0.0575706
2.025 0.0050182 0.0050182 0.0050182 0.0050182 -0.132028 -0.132455 -0.132432 -0.132005 -0.097104 -0.0971194 -0.0971122 -0.0970805 0.0360146 0.0359812 0.0359873 0.036026
2.045 0.0543814 0.0543814 0.0543814 0.0543814 -0.0796155 -0.0797119 -0.0796984 -0.0795946 -0.134497 -0.134825 -0.13483 -0.134504 0.0451675 0.0451972 0.0451958 0.0451645
2.065 0.00655845 0.00655845 0.00655845 0.00655845 0.0122138 0.0124114 0.0124172 0.0122238 -0.0501828 -0.0503228 -0.0503265 -0.0501933 -0.0573539 -0.0573073 -0.0573047 -0.0573476
2.085 -0.049028 -0.049028 -0.049028 -0.049028 0.0596472 0.0597963 0.0597995 0.0596579 0.0582663 0.0585514 0.0585451 0.0582444 -0.151555 -0.151583 -0.151594 -0.151602
2.105 0.00128047 0.00128047 0.00128047 0.00128047 0.050294 0.0502569 0.0502594 0.0502952 0.0542971 0.0545932 0.054578 0.054277 -0.11365 -0.113641 -0.113665 -0.113667
2.125 0.0122423 0.0122423 0.0122423 0.0122423 0.0147156 0.0149421 0.0149428 0.0147168 -0.0342438 -0.0344794 -0.0344789 -0.0342418 0.0217237 0.0217626 0.0217577 0.0217091
2.145 0.00380721 0.00380721 0.00380721 0.00380721 -0.0526453 -0.0526307 -0.0526315 -0.0526462 -0.0577927 -0.0580889 -0.0580869 -0.0577909 0.112379 0.112387 0.11239 0.112384
2.165 -0.0219285 -0.0219285 -0.0219285 -0.0219285 -0.0904234 -0.0908565 -0.0908558 -0.0904226 0.00861291 0.0087448 0.00874462 0.00861451 0.0982995 0.0982237 0.0982248 0.0983014
2.185 -0.0206184 -0.0206184 -0.0206184 -0.0206184 -0.022822 -0.023096 -0.0230961 -0.0228225 0.0577568 0.0579844 0.0579837 0.0577556 0.040352 0.0402934 0.0402948 0.040355
2.205 -0.0179589 -0.0179589 -0.0179589 -0.0179589 0.0877258 0.0881462 0.0881463 0.087726 0.0521014 0.0519872 0.0519872 0.0521014 0.00105808 0.00109692 0.00109654 0.00105735
2.225 -0.00701751 -0.00701751 -0.00701751 -0.00701751 0.100966 0.101445 0.101439 0.100962 0.0477436 0.0475943 0.0475967 0.0477445 -0.00896011 -0.00890811 -0.00890816 -0.0089598
2.245 0.0342452 0.0342452 0.0342452 0.0342452 0.0199606 0.0197718 0.0197689 0.0199532 0.0473144 0.0474757 0.047477 0.0473177 0.012234 0.0122088 0.012208 0.0122323
2.265 0.017129 0.017129 0.017129 0.017129 -0.0363433 -0.0366213 -0.0366219 -0.0363451 0.0116485 0.0117375 0.0117376 0.011649 0.0550791 0.055039 0.0550394 0.0550798
2.285 0.125965 0.125965 0.125965 0.125965 -0.0139618 -0.014305 -0.0143042 -0.01396 -0.0295621 -0.0296217 -0.0296215 -0.0295618 0.0717392 0.0717346 0.0717339 0.0717378
2.305 0.0644177 0.0644177 0.0644177 0.0644177 0.0737745 0.0740962 0.0740964 0.0737749 -0.0106731 -0.0109529 -0.0109533 -0.0106739 0.0245109 0.0245755 0.0245759 0.024512
2.325 -0.0974819 -0.0974819 -0.0974819 -0.0974819 0.0867212 0.0872761 0.0872762 0.0867214 0.0740686 0.0740463 0.0740463 0.0740687 -0.0457216 -0.0456913 -0.0456916 -0.0457223
2.345 -0.102937 -0.102937 -0.102937 -0.102937 -0.0173557 -0.0175814 -0.0175816 -0.0173561 0.103231 0.103695 0.103695 0.10323 -0.0385656 -0.0386486 -0.0386483 -0.0385651
2.365 -0.0206958 -0.0206958 -0.0206958 -0.0206958 -0.0903095 -0.0907239 -0.0907239 -0.0903093 -0.00821323 -0.00807512 -0.00807511 -0.00821328 0.0605985 0.0605334 0.0605333 0.0605983
2.385 0.0333552 0.0333552 0.0333552 0.0333552 -0.07239 -0.0723329 -0.0723319 -0.0723898 -0.122555 -0.123029 -0.123032 -0.122556 0.114766 0.1148 0.114802 0.114766
2.405 0.0793065 0.0793065 0.0793065 0.0793065 -0.022101 -0.0221657 -0.0221644 -0.0220996 -0.0822294 -0.0824444 -0.0824482 -0.0822352 0.0187763 0.0188099 0.0188112 0.0187792
2.425 0.0230909 0.0230909 0.0230909 0.0230909 0.0492424 0.0491862 0.0491866 0.0492438 0.0340141 0.0342979 0.0342968 0.0340107 -0.135016 -0.135012 -0.135011 -0.135013
2.445 -0.0412072 -0.0412072 -0.0412072 -0.0412072 0.0987752 0.099098 0.099097 0.0987715 0.0618498 0.0621193 0.0621736 0.0619704 -0.179284 -0.179227 -0.179189 -0.179214
2.465 -0.0567116 -0.0567116 -0.0567116 -0.0567116 0.0415803 0.0419985 0.0419961 0.041577 -0.0095959 -0.00969493 -0.00967145 -0.00956354 -0.080415 -0.0803754 -0.080359 -0.0803922
2.485 -0.0477513 -0.0477513 -0.0477513 -0.0477513 -0.104365 -0.104488 -0.10449 -0.104368 -0.079438 -0.0795864 -0.0795932 -0.0794547 0.051002 0.0509845 0.0509822 0.0510016
2.505 -0.0600209 -0.0600209 -0.0600209 -0.0600209 -0.196354 -0.196907 -0.196901 -0.19634 -0.0944319 -0.0944303 -0.0944396 -0.0944519 0.0993554 0.0992737 0.0992713 0.0993495
2.525 -0.0505275 -0.0505275 -0.0505275 -0.0505275 -0.138811 -0.139191 -0.139187 -0.1388 -0.0718478 -0.0718063 -0.0718093 -0.0718532 0.0365965 0.0365423 0.0365421 0.0365958
2.545 -0.00202689 -0.00202689 -0.00202689 -0.00202689 0.0112772 0.0114087 0.011409 0.0112786 -0.0351871 -0.0352097 -0.035208 -0.0351835 -0.0835765 -0.0835452 -0.0835459 -0.0835779
2.565 0.0335983 0.0335983 0.0335983 0.0335983 0.11989 0.120345 0.12035 0.119912 0.00135033 0.00136468 0.0013472 0.00136994 -0.172252 -0.172166 -0.172164 -0.172249
2.585 -0.0168769 -0.0168769 -0.0168769 -0.0168769 0.0992703 0.099722 0.0997133 0.0992533 0.0153311 0.0153479 0.0153148 0.0152746 -0.160389 -0.160341 -0.160339 -0.160405
2.605 -0.0900765 -0.0900765 -0.0900765 -0.0900765 -0.0420508 -0.0420108 -0.0420149 -0.0420597 -0.0118305 -0.0117513 -0.0117592 -0.0118484 -0.0489558 -0.0489704 -0.0489715 -0.0489545
2.625 -0.0117501 -0.0117501 -0.0117501 -0.0117501 -0.174651 -0.175358 -0.175357 -0.174648 -0.0735231 -0.0733941 -0.0733896 -0.0735142 0.0814653 0.0813788 0.0813801 0.0814682
2.645 0.0624523 0.0624523 0.0624523 0.0624523 -0.139978 -0.140502 -0.1405 -0.139977 -0.113482 -0.113637 -0.113634 -0.113471 0.118237 0.118201 0.118202 0.118236
2.665 0.115705 0.115705 0.115705 0.115705 0.0349161 0.034975 0.034975 0.0349162 -0.0521643 -0.0524039 -0.0524034 -0.0521641 0.0156663 0.0157208 0.0157203 0.0156658
2.685 0.114296 0.114296 0.114296 0.114296 0.201267 0.201672 0.201686 0.201299 0.0863034 0.086363 0.0863586 0.0862876 -0.126152 -0.126071 -0.126071 -0.12615
2.705 0.0520426 0.0520426 0.0520426 0.0520426 0.241734 0.242217 0.242154 0.24172 0.173205 0.173455 0.173459 0.173215 -0.138014 -0.137957 -0.137958 -0.138017
2.725 -0.0884508 -0.0884508 -0.0884508 -0.0884508 0.117084 0.117574 0.117553 0.117033 0.141521 0.14153 0.141507 0.141493 0.0344407 0.0344473 0.0344477 0.0344414
2.745 -0.144386 -0.144386 -0.144386 -0.144386 -0.121323 -0.121508 -0.121494 -0.121294 0.0544276 0.0543722 0.0544477 0.0545176 0.264398 0.264321 0.264311 0.264557
2.765 -0.0207307 -0.0207307 -0.0207307 -0.0207307 -0.258727 -0.259843 -0.259828 -0.25869 -0.0145221 -0.0144122 -0.0143679 -0.0143897 0.369367 0.369162 0.369163 0.369363
2.785 0.137379 0.137379 0.137379 0.137379 -0.0973459 -0.0980696 -0.0980616 -0.0973342 -0.0258417 -0.0259424 -0.0259191 -0.0257956 0.254528 0.254451 0.254447 0.25451
2.805 0.102375 0.102375 0.102375 0.102375 0.22421 0.225032 0.225029 0.224203 0.0631842 0.062816 0.0628084 0.0631585 -0.0194724 -0.019346 -0.0193547 -0.0194923
2.825 0.0759989 0.0759989 0.0759989 0.0759989 0.356237 0.357196 0.357181 0.356191 0.198517 0.198685 0.198666 0.198468 -0.239777 -0.239771 -0.239763 -0.239914
2.845 0.0485051 0.0485051 0.0485051 0.0485051 0.225339 0.225605 0.225608 0.225349 0.193245 0.193741 0.193716 0.193189 -0.195602 -0.195616 -0.19566 -0.195675
2.865 -0.0541634 -0.0541634 -0.0541634 -0.0541634 -0.029209 -0.0291581 -0.0291499 -0.0291917 0.0110952 0.0110225 0.0110233 0.0111024 0.0749286 0.074924 0.0749183 0.074929
2.885 -0.118328 -0.118328 -0.118328 -0.118328 -0.268737 -0.269124 -0.269123 -0.268737 -0.146187 -0.146624 -0.146617 -0.146172 0.292852 0.292779 0.29279 0.29287
2.905 -0.218471 -0.218471 -0.218471 -0.218471 -0.350715 -0.351406 -0.351401 -0.350751 -0.140316 -0.140453 -0.140447 -0.140293 0.244403 0.244259 0.24426 0.244404
2.925 -0.145221 -0.145221 -0.145221 -0.145221 -0.224448 -0.225225 -0.225287 -0.224554 -0.0623351 -0.0619562 -0.0619634 -0.0623538 -0.0165437 -0.0166667 -0.0166626 -0.0165338
2.945 0.0236886 0.0236886 0.0236886 0.0236886 0.0487115 0.0489006 0.0488314 0.0485769 -0.0617888 -0.0615474 -0.0616564 -0.0617952 -0.282707 -0.282763 -0.282816 -0.282892
2.965 -0.00818017 -0.00818017 -0.00818017 -0.00818017 0.218362 0.219829 0.219818 0.218367 -0.110999 -0.111412 -0.11148 -0.111088 -0.416153 -0.415912 -0.415902 -0.416145
2.985 0.0180934 0.0180934 0.0180934 0.0180934 0.05659 0.0569792 0.0569496 0.0565868 -0.125443 -0.12543 -0.125456 -0.125571 -0.385097 -0.384991 -0.385 -0.385117
3.005 0.08872 0.08872 0.08872 0.08872 -0.196465 -0.197584 -0.197601 -0.196497 -0.180516 -0.180013 -0.180005 -0.180474 -0.212141 -0.212185 -0.212173 -0.212109
3.025 -0.0452957 -0.0452957 -0.0452957 -0.0452957 -0.247457 -0.247785 -0.247771 -0.247412 -0.271694 -0.271985 -0.271968 -0.271658 -0.0293033 -0.0292998 -0.0292976 -0.0292995
3.045 -0.109095 -0.109095 -0.109095 -0.109095 -0.183737 -0.183618 -0.183613 -0.183737 -0.223329 -0.223789 -0.223789 -0.223328 -0.00246689 -0.00243154 -0.00242704 -0.00245753
3.065 -0.0525217 -0.0525217 -0.0525217 -0.0525217 -0.0940005 -0.0943681 -0.0943706 -0.0940058 -0.0447665 -0.0444686 -0.0444707 -0.0447711 -0.107069 -0.107118 -0.107123 -0.107078
3.085 0.054992 0.054992 0.054992 0.054992 0.0626098 0.0623776 0.0623748 0.0626046 0.0594209 0.0598686 0.059866 0.0594151 -0.160897 -0.160909 -0.160906 -0.160892
3.105 0.128042 0.128042 0.128042 0.128042 0.211266 0.211898 0.2119 0.211269 0.0497873 0.0495752 0.0495767 0.049791 -0.079608 -0.0794901 -0.0794928 -0.0796137
3.125 0.131431 0.131431 0.131431 0.131431 0.206631 0.207279 0.20728 0.206635 0.0739792 0.0735901 0.0735922 0.0739766 0.0647724 0.0648804 0.0648826 0.0647769
3.145 -0.0872823 -0.0872823 -0.0872823 -0.0872823 0.0540906 0.0543315 0.0544248 0.0542186 0.173256 0.173288 0.173319 0.173353 0.203285 0.203217 0.203206 0.20325
3.165 -0.130035 -0.130035 -0.130035 -0.130035 -0.10396 -0.104637 -0.104604 -0.103859 0.220427 0.220967 0.221013 0.220674 0.331428 0.331213 0.331217 0.331443
3.185 -0.0919571 -0.0919571 -0.0919571 -0.0919571 -0.0873742 -0.0877876 -0.0878335 -0.0875161 0.147048 0.147035 0.147056 0.147083 0.410126 0.409998 0.41003 0.410209
3.205 -0.0457417 -0.0457417 -0.0457417 -0.0457417 0.0387231 0.0391487 0.0391291 0.038696 0.0928381 0.0923208 0.0923193 0.0928102 0.340622 0.340629 0.34063 0.340651
3.225 0.0978706 0.0978706 0.0978706 0.0978706 0.127363 0.127387 0.127397 0.127388 0.146283 0.146328 0.146322 0.146274 0.128633 0.128618 0.128611 0.128615
3.245 0.171506 0.171506 0.171506 0.171506 0.201991 0.201906 0.201913 0.202005 0.173997 0.17439 0.174389 0.173998 -0.0614561 -0.0614515 -0.0614549 -0.0614646
3.265 0.163874 0.163874 0.163874 0.163874 0.242628 0.243122 0.243123 0.24263 0.0918254 0.0917914 0.0917937 0.0918293 -0.106334 -0.10623 -0.106233 -0.10634
3.285 0.0272299 0.0272299 0.0272299 0.0272299 0.132684 0.13341 0.133408 0.13268 -5.15308e-06 -0.000360591 -0.000360719 -5.4366e-06 -0.0448491 -0.0447395 -0.0447382 -0.0448465
3.305 -0.0345127 -0.0345127 -0.0345127 -0.0345127 -0.110587 -0.111012 -0.111013 -0.110588 -0.0353994 -0.0352607 -0.0352605 -0.0353988 0.0305029 0.0304413 0.0304407 0.0305019
3.325 -0.104397 -0.104397 -0.104397 -0.104397 -0.250812 -0.251649 -0.25165 -0.250813 -0.0852183 -0.0849627 -0.084963 -0.0852188 0.0677041 0.0675732 0.067574 0.0677058
3.345 -0.0329487 -0.0329487 -0.0329487 -0.0329487 -0.188768 -0.189215 -0.189215 -0.188768 -0.153537 -0.153618 -0.153618 -0.153534 0.0203288 0.0202909 0.0202905 0.0203282
3.365 0.0735044 0.0735044 0.0735044 0.0735044 -0.00628841 -0.00610708 -0.00610612 -0.00629526 -0.153392 -0.153676 -0.153675 -0.153393 -0.129808 -0.129714 -0.129713 -0.129807
3.385 -0.0341733 -0.0341733 -0.0341733 -0.0341733 0.115964 0.116765 0.116765 0.115966 -0.0617923 -0.0619105 -0.0619099 -0.061792 -0.297439 -0.297305 -0.297306 -0.297441
3.405 -0.00693622 -0.00693622 -0.00693622 -0.00693622 0.0537749 0.0537626 0.053763 0.0537763 0.00168303 0.00217048 0.00217042 0.00168333 -0.325308 -0.325286 -0.325286 -0.325309
3.425 0.0293711 0.0293711 0.0293711 0.0293711 -0.0530351 -0.0533479 -0.0533479 -0.0530355 -0.0810658 -0.0808528 -0.0808529 -0.081066 -0.159255 -0.159254 -0.159255 -0.159255
3.445 -0.0375042 -0.0375042 -0.0375042 -0.0375042 -0.122454 -0.122306 -0.122307 -0.122454 -0.183916 -0.184419 -0.184419 -0.183916 0.0409174 0.0409642 0.0409644 0.0409179
3.465 -0.123109 -0.123109 -0.123109 -0.123109 -0.180806 -0.1809 -0.1809 -0.180806 -0.129905 -0.13018 -0.13018 -0.129904 0.0930295 0.0930007 0.0930006 0.0930292
3.485 -0.0944204 -0.0944204 -0.0944204 -0.0944204 -0.166875 -0.167627 -0.167627 -0.166875 0.00321837 0.00367854 0.00367848 0.003218 0.0175042 0.0173713 0.0173713 0.0175044
3.505 0.0573067 0.0573067 0.0573067 0.0573067 0.00633429 0.0059626 0.00596261 0.0063343 0.0360926 0.0364079 0.0364079 0.0360926 -0.0486049 -0.048641 -0.0486411 -0.048605
3.525 0.103244 0.103244 0.103244 0.103244 0.218185 0.219133 0.219133 0.218186 0.0104158 0.00993203 0.009932 0.0104157 -0.0607215 -0.060559 -0.060559 -0.0607215
3.545 0.0190001 0.0190001 0.0190001 0.0190001 0.213462 0.214422 0.214421 0.213462 0.0760663 0.0757438 0.0757439 0.0760666 -0.0436804 -0.0435592 -0.0435592 -0.0436804
3.565 -0.118165 -0.118165 -0.118165 -0.118165 -7.90735e-05 -0.000280337 -0.00028073 -8.04471e-05 0.15883 0.159293 0.159293 0.158829 0.0398043 0.039701 0.039701 0.0398044
3.585 -0.135353 -0.135353 -0.135353 -0.135353 -0.175963 -0.176777 -0.176777 -0.175962 0.087982 0.0884078 0.0884072 0.087981 0.204317 0.20413 0.20413 0.204317
3.605 -0.173783 -0.173783 -0.173783 -0.173783 -0.179972 -0.179921 -0.179921 -0.179971 -0.0614756 -0.0619646 -0.061964 -0.0614752 0.305833 0.305775 0.305774 0.305832
3.625 -0.146652 -0.146652 -0.146652 -0.146652 -0.132554 -0.13238 -0.13238 -0.132554 -0.0715838 -0.0720067 -0.0720065 -0.0715829 0.187243 0.187222 0.187221 0.187243
3.645 -0.0416138 -0.0416138 -0.0416138 -0.0416138 -0.0658351 -0.0662786 -0.0662789 -0.065836 0.0165742 0.0169923 0.0169917 0.0165762 -0.075874 -0.0759436 -0.0759434 -0.0758732
3.665 0.0464083 0.0464083 0.0464083 0.0464083 0.0679847 0.0679616 0.0679615 0.0679845 -0.00142046 -0.00105305 -0.00105227 -0.00141971 -0.26632 -0.266287 -0.266287 -0.26632
3.685 0.113461 0.113461 0.113461 0.113461 0.150533 0.151264 0.151267 0.150529 -0.11729 -0.11758 -0.11758 -0.117292 -0.299021 -0.298836 -0.298836 -0.29902
3.705 0.133426 0.133426 0.133426 0.133426 0.0582577 0.0585903 0.0585904 0.0582591 -0.170903 -0.17118 -0.17118 -0.170904 -0.243824 -0.243678 -0.243678 -0.243824
3.725 0.00917494 0.00917494 0.00917494 0.00917494 -0.114644 -0.115031 -0.115031 -0.114644 -0.13959 -0.139437 -0.139437 -0.13959 -0.162718 -0.162723 -0.162723 -0.162718
3.745 -0.0182324 -0.0182324 -0.0182324 -0.0182324 -0.196367 -0.197168 -0.197168 -0.196368 -0.11983 -0.119521 -0.119521 -0.11983 -0.0708183 -0.0708988 -0.0708988 -0.0708183
3.765 0.0497131 0.0497131 0.0497131 0.0497131 -0.102736 -0.103061 -0.103061 -0.102736 -0.126253 -0.126359 -0.126359 -0.126253 -0.00687462 -0.00687384 -0.00687385 -0.00687462
3.785 0.157231 0.157231 0.157231 0.157231 0.0767684 0.0769423 0.0769425 0.076769 -0.0597067 -0.0600033 -0.0600032 -0.0597073 -0.0186387 -0.0185511 -0.0185511 -0.0186386
3.805 0.129238 0.129238 0.129238 0.129238 0.216455 0.216916 0.216917 0.216458 0.100229 0.100185 0.100185 0.100229 -0.0600094 -0.059924 -0.059924 -0.0600094
3.825 -0.083636 -0.083636 -0.083636 -0.083636 0.213531 0.214191 0.214197 0.213539 0.238894 0.239073 0.239073 0.238883 -0.005024 -0.00501224 -0.00501301 -0.00502397
3.845 -0.139125 -0.139125 -0.139125 -0.139125 0.0422452 0.042214 0.0422057 0.042248 0.243334 0.24365 0.243644 0.24332 0.200518 0.200403 0.200409 0.20053
3.865 -0.0027192 -0.0027192 -0.0027192 -0.0027192 -0.111377 -0.112123 -0.112127 -0.111378 0.124642 0.124682 0.124684 0.124629 0.436334 0.43616 0.436151 0.436262
3.885 -0.0401111 -0.0401111 -0.0401111 -0.0401111 -0.0822837 -0.0823108 -0.0823156 -0.0822916 0.0473627 0.0468191 0.0469211 0.0474249 0.487232 0.487199 0.487226 0.487264
3.905 -0.0902995 -0.0902995 -0.0902995 -0.0902995 0.0183713 0.0185838 0.0185809 0.0183656 0.134011 0.133871 0.13392 0.134139 0.281188 0.281158 0.281181 0.281241
3.925 0.0759154 0.0759154 0.0759154 0.0759154 0.11794 0.117492 0.117488 0.11793 0.227585 0.228254 0.22826 0.227604 0.00733357 0.00725289 0.00726777 0.00736884
3.945 0.162511 0.162511 0.162511 0.162511 0.254755 0.25512 0.25512 0.254754 0.138773 0.138916 0.138906 0.138751 -0.116518 -0.116441 -0.116441 -0.11652
3.965 -0.000329492 -0.000329492 -0.000329492 -0.000329492 0.238011 0.239485 0.239486 0.238013 -0.00432547 -0.00501509 -0.00502386 -0.00434189 -0.0963619 -0.0961563 -0.0961568 -0.0963629
3.985 -0.177476 -0.177476 -0.177476 -0.177476 -0.0800405 -0.0798079 -0.0798064 -0.0800373 -0.043174 -0.0432197 -0.0432195 -0.0431724 -0.0410869 -0.0410979 -0.0410999 -0.0410911
4.005 -0.229494 -0.229494 -0.229494 -0.229494 -0.418608 -0.42008 -0.420084 -0.418606 -0.105479 -0.104752 -0.10475 -0.105472 0.0136672 0.0134203 0.0134207 0.0136677
4.025 -0.0908535 -0.0908535 -0.0908535 -0.0908535 -0.418684 -0.420115 -0.420125 -0.419015 -0.292243 -0.292137 -0.292126 -0.292203 0.0113751 0.0112476 0.0112394 0.0113563
4.045 -0.0104422 -0.0104422 -0.0104422 -0.0104422 -0.146327 -0.145822 -0.145711 -0.146115 -0.391403 -0.392236 -0.392237 -0.391407 -0.172884 -0.172712 -0.172704 -0.172866
4.065 0.0379385 0.0379385 0.0379385 0.0379385 0.0520207 0.0527094 0.0527875 0.0522706 -0.241692 -0.241654 -0.241666 -0.241463 -0.497868 -0.497915 -0.497969 -0.498198
4.085 0.0528874 0.0528874 0.0528874 0.0528874 0.0824217 0.0823127 0.0823192 0.082402 -0.0812531 -0.0803705 -0.0803168 -0.0813404 -0.669641 -0.669564 -0.669605 -0.669681
4.105 0.00124212 0.00124212 0.00124212 0.00124212 0.026262 0.0264714 0.0264478 0.0262091 -0.150223 -0.149932 -0.149927 -0.150191 -0.491068 -0.490929 -0.490909 -0.491016
4.125 -0.0776869 -0.0776869 -0.0776869 -0.0776869 -0.136667 -0.136215 -0.136223 -0.136683 -0.288673 -0.2893 -0.289297 -0.288672 -0.131698 -0.131584 -0.131568 -0.131672
4.145 0.16225 0.16225 0.16225 0.16225 -0.311183 -0.3126 -0.312597 -0.311178 -0.255291 -0.255306 -0.255309 -0.255297 0.107439 0.10735 0.107354 0.107449
4.165 0.249378 0.249378 0.249378 0.249378 -0.138049 -0.139314 -0.13931 -0.138039 -0.0879667 -0.0877847 -0.0877882 -0.0879607 0.126952 0.126868 0.126867 0.126949
4.185 0.0750382 0.0750382 0.0750382 0.0750382 0.289558 0.290645 0.290642 0.289578 0.143659 0.143282 0.143286 0.143662 0.026306 0.0264368 0.0264365 0.0263049
4.205 -0.1274 -0.1274 -0.1274 -0.1274 0.456443 0.458206 0.457691 0.455906 0.40159 0.401542 0.401574 0.401645 -0.000114977 -1.74669e-05 -3.21783e-05 -0.000143871
4.225 -0.107515 -0.107515 -0.107515 -0.107515 0.222941 0.222802 0.222638 0.222682 0.493921 0.494707 0.494651 0.493846 0.221798 0.221641 0.22166 0.221834
4.245 0.0821504 0.0821504 0.0821504 0.0821504 -0.0323503 -0.0335035 -0.0334097 -0.032243 0.305756 0.306116 0.306398 0.306104 0.616702 0.616369 0.616353 0.616244
4.265 -0.0723128 -0.0723128 -0.0723128 -0.0723128 -0.0566717 -0.0562597 -0.0562044 -0.0565535 0.113002 0.11198 0.112163 0.113397 0.823635 0.823548 0.823422 0.823564
4.285 -0.163193 -0.163193 -0.163193 -0.163193 -0.0351078 -0.0349389 -0.0349345 -0.0350903 0.215701 0.215313 0.215366 0.215808 0.606621 0.606464 0.606476 0.606613
4.305 -0.0356498 -0.0356498 -0.0356498 -0.0356498 0.0411357 0.0401641 0.0401507 0.0411069 0.374211 0.375257 0.375226 0.374127 0.187865 0.187629 0.187635 0.187869
4.325 0.0448006 0.0448006 0.0448006 0.0448006 0.254366 0.254765 0.254758 0.254352 0.23914 0.239491 0.239464 0.239085 -0.0796294 -0.0796017 -0.0795972 -0.0796154
4.345 -0.0480666 -0.0480666 -0.0480666 -0.0480666 0.290349 0.292379 0.292383 0.290361 -0.0303179 -0.0312384 -0.031231 -0.0303271 -0.156589 -0.156313 -0.156313 -0.156589
4.365 -0.0640115 -0.0640115 -0.0640115 -0.0640115 -0.0834646 -0.0833271 -0.0833437 -0.0833371 -0.159822 -0.159917 -0.159905 -0.159791 -0.184162 -0.184112 -0.18411 -0.184161
4.385 -0.0252459 -0.0252459 -0.0252459 -0.0252459 -0.449175 -0.451013 -0.450807 -0.448994 -0.270835 -0.270016 -0.270027 -0.270875 -0.204034 -0.204228 -0.204231 -0.204037
4.405 -0.19242 -0.19242 -0.19242 -0.19242 -0.427988 -0.428475 -0.428138 -0.427546 -0.467456 -0.467619 -0.467591 -0.467344 -0.2582 -0.258206 -0.258202 -0.258209
4.425 -0.116254 -0.116254 -0.116254 -0.116254 -0.270616 -0.270243 -0.27022 -0.270477 -0.5332 -0.534154 -0.534142 -0.533814 -0.445684 -0.445526 -0.445554 -0.445726
4.445 0.0253621 0.0253621 0.0253621 0.0253621 -0.156035 -0.156196 -0.156233 -0.156013 -0.418674 -0.418431 -0.418502 -0.418706 -0.696022 -0.696071 -0.696068 -0.696226
4.465 -0.147099 -0.147099 -0.147099 -0.147099 -0.0772135 -0.076765 -0.076729 -0.0771915 -0.325028 -0.32469 -0.324642 -0.324895 -0.784609 -0.784442 -0.784462 -0.784621
4.485 -0.292871 -0.292871 -0.292871 -0.292871 -0.17295 -0.172331 -0.172325 -0.172941 -0.33752 -0.337491 -0.337418 -0.337411 -0.609254 -0.609109 -0.609054 -0.609155
4.505 -0.170679 -0.170679 -0.170679 -0.170679 -0.401238 -0.401943 -0.401947 -0.401242 -0.395426 -0.395327 -0.395314 -0.395394 -0.289353 -0.289384 -0.289365 -0.289321
4.525 -0.045245 -0.045245 -0.045245 -0.045245 -0.451678 -0.452825 -0.45283 -0.451688 -0.407225 -0.407351 -0.407363 -0.407248 -0.0467309 -0.0467996 -0.0467961 -0.0467203
4.545 -0.0158577 -0.0158577 -0.0158577 -0.0158577 -0.216359 -0.216621 -0.21662 -0.216358 -0.268202 -0.268574 -0.26858 -0.268216 -0.025698 -0.0256774 -0.025681 -0.025706
4.565 0.0066484 0.0066484 0.0066484 0.0066484 0.103932 0.104366 0.104361 0.103933 0.0145154 0.0145166 0.014517 0.0145155 -0.147014 -0.146947 -0.146948 -0.147016
4.585 0.162833 0.162833 0.162833 0.162833 0.317082 0.317402 0.317383 0.317136 0.253105 0.253637 0.253649 0.253109 -0.161936 -0.161898 -0.1619 -0.161939
4.605 0.219649 0.219649 0.219649 0.219649 0.394149 0.394718 0.394756 0.394169 0.311256 0.31134 0.311334 0.31126 0.0744338 0.0745041 0.0745036 0.0744333
4.625 0.238752 0.238752 0.238752 0.238752 0.313208 0.313641 0.313674 0.313399 0.307582 0.307187 0.307183 0.30754 0.439139 0.439167 0.439165 0.43914
4.645 0.025163 0.025163 0.025163 0.025163 0.156201 0.156306 0.156701 0.156684 0.38951 0.389084 0.388974 0.388866 0.712601 0.712472 0.712459 0.712589
4.665 -0.0985483 -0.0985483 -0.0985483 -0.0985483 0.0397975 0.0392875 0.039492 0.0402357 0.515458 0.515839 0.515893 0.51558 0.803426 0.803121 0.803181 0.803413
4.685 0.0786153 0.0786153 0.0786153 0.0786153 0.112774 0.111944 0.111838 0.112623 0.52948 0.529898 0.529964 0.529515 0.754983 0.754713 0.754658 0.754958
4.705 0.282972 0.282972 0.282972 0.282972 0.386569 0.386925 0.386896 0.386489 0.437642 0.437311 0.437305 0.437685 0.598989 0.598963 0.598955 0.598957
4.725 0.240698 0.240698 0.240698 0.240698 0.569242 0.570765 0.570774 0.569267 0.420941 0.420308 0.420305 0.420931 0.35189 0.352043 0.352039 0.351881
4.745 0.000707242 0.000707242 0.000707242 0.000707242 0.413563 0.414492 0.414506 0.413595 0.465323 0.465568 0.465565 0.465313 0.147209 0.147218 0.147219 0.147214
4.765 -0.156597 -0.156597 -0.156597 -0.156597 0.02751 0.0270631 0.0270645 0.0275148 0.320481 0.32129 0.321289 0.32048 0.14578 0.145587 0.145588 0.145782
4.785 -0.149467 -0.149467 -0.149467 -0.149467 -0.28484 -0.285591 -0.285604 -0.284852 -0.0687561 -0.0687644 -0.0687634 -0.0687542 0.259726 0.259574 0.259576 0.259729
4.805 -0.233002 -0.233002 -0.233002 -0.233002 -0.401836 -0.401785 -0.401729 -0.401886 -0.389929 -0.390893 -0.390885 -0.389919 0.171237 0.171245 0.171245 0.171241
4.825 -0.230581 -0.230581 -0.230581 -0.230581 -0.416486 -0.41695 -0.416861 -0.416561 -0.42218 -0.422283 -0.422269 -0.422153 -0.257485 -0.257499 -0.257495 -0.257479
4.845 -0.177341 -0.177341 -0.177341 -0.177341 -0.305148 -0.307099 -0.306891 -0.306517 -0.389708 -0.388885 -0.388957 -0.389745 -0.768549 -0.768553 -0.768557 -0.768562
4.865 -0.0115191 -0.0115191 -0.0115191 -0.0115191 -0.130798 -0.130588 -0.130521 -0.13022 -0.530063 -0.529613 -0.528961 -0.529112 -1.04062 -1.04034 -1.04011 -1.04022
4.885 0.0672945 0.0672945 0.0672945 0.0672945 -0.0873449 -0.086612 -0.0861906 -0.0870461 -0.717032 -0.717499 -0.71728 -0.716508 -1.03236 -1.032 -1.03195 -1.0323
4.905 -0.118137 -0.118137 -0.118137 -0.118137 -0.302226 -0.301885 -0.301834 -0.302411 -0.719662 -0.720082 -0.720099 -0.719678 -0.883373 -0.8831 -0.883109 -0.88336
4.925 -0.14684 -0.14684 -0.14684 -0.14684 -0.586808 -0.588339 -0.588409 -0.586822 -0.597097 -0.596457 -0.596507 -0.597237 -0.666558 -0.666641 -0.666665 -0.666616
4.945 -0.104474 -0.104474 -0.104474 -0.104474 -0.539392 -0.540788 -0.540783 -0.539393 -0.539084 -0.538786 -0.538811 -0.539133 -0.413514 -0.413576 -0.413572 -0.413508
4.965 -0.0731979 -0.0731979 -0.0731979 -0.0731979 -0.203623 -0.203166 -0.203149 -0.203592 -0.429283 -0.430021 -0.43001 -0.429257 -0.244591 -0.244438 -0.244441 -0.244597
4.985 0.126971 0.126971 0.126971 0.126971 0.0859046 0.0862025 0.0861928 0.0859677 -0.0997117 -0.0998731 -0.0998685 -0.0996996 -0.200827 -0.200707 -0.200703 -0.200818
5.005 0.238714 0.238714 0.238714 0.238714 0.300013 0.300099 0.300089 0.300172 0.264082 0.26478 0.264799 0.264132 -0.0963927 -0.0963839 -0.0963835 -0.0963904
5.025 0.0444768 0.0444768 0.0444768 0.0444768 0.437557 0.438328 0.43851 0.437336 0.453944 0.45394 0.453976 0.453999 0.229183 0.229219 0.229222 0.229186
5.045 -0.0626461 -0.0626461 -0.0626461 -0.0626461 0.317633 0.318403 0.318378 0.317656 0.541443 0.541107 0.541039 0.54125 0.684752 0.68468 0.684681 0.684781
5.065 0.0888994 0.0888994 0.0888994 0.0888994 0.0892337 0.0883678 0.0891283 0.0901985 0.601327 0.601846 0.601845 0.602221 1.05621 1.05598 1.05604 1.05666
5.085 0.158225 0.158225 0.158225 0.158225 0.140889 0.14013 0.140039 0.141372 0.62226 0.622187 0.622182 0.622213 1.1786 1.17826 1.17828 1.1786
5.105 -0.0832215 -0.0832215 -0.0832215 -0.0832215 0.405352 0.406527 0.406389 0.405339 0.680378 0.679685 0.679655 0.680277 0.996309 0.996185 0.996156 0.996217
5.125 -0.00172332 -0.00172332 -0.00172332 -0.00172332 0.481111 0.481746 0.481833 0.481082 0.774072 0.774358 0.774327 0.774006 0.654626 0.654484 0.654469 0.654592
5.145 0.235685 0.235685 0.235685 0.235685 0.406114 0.405708 0.405743 0.406189 0.653977 0.654834 0.654832 0.653978 0.419394 0.419225 0.41922 0.419387
5.165 0.242488 0.242488 0.242488 0.242488 0.34312 0.34372 0.343734 0.343163 0.288061 0.28769 0.287696 0.288068 0.340603 0.340663 0.340664 0.340605
5.185 0.188753 0.188753 0.188753 0.188753 0.166387 0.167131 0.167113 0.166455 0.00525359 0.00446363 0.0044603 0.00524641 0.215314 0.215446 0.215451 0.215325
5.205 0.0722859 0.0722859 0.0722859 0.0722859 -0.0946016 -0.0952593 -0.0952341 -0.09462 -0.0751266 -0.0751993 -0.0751291 -0.0752321 -0.0489507 -0.0489812 -0.0489764 -0.048933
5.225 -0.215271 -0.215271 -0.215271 -0.215271 -0.236505 -0.236936 -0.237025 -0.236504 -0.172624 -0.172135 -0.172133 -0.17262 -0.320238 -0.320293 -0.320289 -0.320226
5.245 -0.295344 -0.295344 -0.295344 -0.295344 -0.305722 -0.30577 -0.305949 -0.305919 -0.390196 -0.390069 -0.390153 -0.390143 -0.494398 -0.494361 -0.494337 -0.494373
5.265 -0.138362 -0.138362 -0.138362 -0.138362 -0.391099 -0.391658 -0.391885 -0.39144 -0.612074 -0.612242 -0.612162 -0.612147 -0.614605 -0.614487 -0.614479 -0.61459
5.285 -0.030863 -0.030863 -0.030863 -0.030863 -0.424952 -0.425266 -0.425143 -0.424672 -0.720884 -0.72098 -0.721 -0.720952 -0.751581 -0.751435 -0.751437 -0.751581
5.305 -0.0154489 -0.0154489 -0.0154489 -0.0154489 -0.355523 -0.35553 -0.355643 -0.355419 -0.703458 -0.703408 -0.703383 -0.703394 -0.88827 -0.888108 -0.888131 -0.888317
5.325 0.216524 0.216524 0.216524 0.216524 -0.217924 -0.218672 -0.218661 -0.218069 -0.616493 -0.616189 -0.616191 -0.616483 -0.931525 -0.931337 -0.931336 -0.931527
5.345 0.462443 0.462443 0.462443 0.462443 0.0233033 0.0229527 0.0229398 0.0232681 -0.502564 -0.502568 -0.50257 -0.502572 -0.809183 -0.808902 -0.808904 -0.809188
5.365 0.350048 0.350048 0.350048 0.350048 0.25422 0.255174 0.255164 0.254235 -0.276694 -0.27725 -0.27725 -0.276695 -0.539249 -0.538904 -0.538904 -0.539248
5.385 -0.0206554 -0.0206554 -0.0206554 -0.0206554 0.229234 0.230224 0.230224 0.229238 0.0998566 0.0997616 0.0997539 0.0998674 -0.146417 -0.146307 -0.146299 -0.146409
5.405 -0.369284 -0.369284 -0.369284 -0.369284 -0.0271537 -0.0270859 -0.0271873 -0.0270107 0.417402 0.418068 0.418041 0.417399 0.387265 0.387003 0.387001 0.387268
5.425 -0.309405 -0.309405 -0.309405 -0.309405 -0.217036 -0.21803 -0.218215 -0.217192 0.480013 0.480287 0.480394 0.479903 0.959664 0.959267 0.959224 0.959626
5.445 -0.133352 -0.133352 -0.133352 -0.133352 -0.0776268 -0.0779947 -0.0782562 -0.0777741 0.427965 0.427283 0.427266 0.427872 1.26981 1.26947 1.26934 1.26955
5.465 -0.174242 -0.174242 -0.174242 -0.174242 0.229024 0.230061 0.229957 0.229157 0.564323 0.563407 0.563351 0.564209 1.09796 1.09778 1.09763 1.09783
5.485 0.0087266 0.0087266 0.0087266 0.0087266 0.430102 0.430214 0.430502 0.430269 0.807888 0.808555 0.808514 0.807841 0.644712 0.644462 0.644445 0.64464
5.505 -0.132882 -0.132882 -0.132882 -0.132882 0.522088 0.523208 0.523213 0.522171 0.762552 0.763139 0.763134 0.762534 0.338118 0.338033 0.338049 0.338153
5.525 -0.0392978 -0.0392978 -0.0392978 -0.0392978 0.320394 0.32134 0.321325 0.320384 0.395709 0.395593 0.395595 0.395708 0.307247 0.30725 0.307255 0.307261
5.545 0.191482 0.191482 0.191482 0.191482 -0.0607431 -0.0612738 -0.0613082 -0.0607131 -0.0251856 -0.0254946 -0.0254964 -0.0251899 0.320337 0.3203 0.320308 0.320352
5.565 0.106827 0.106827 0.106827 0.106827 -0.275979 -0.276857 -0.276867 -0.275817 -0.281234 -0.28166 -0.281622 -0.281245 0.113599 0.113571 0.11357 0.113595
5.585 0.338513 0.338513 0.338513 0.338513 -0.204945 -0.206407 -0.206378 -0.204786 -0.350912 -0.350606 -0.350598 -0.350861 -0.329627 -0.329609 -0.329615 -0.329632
5.605 0.532899 0.532899 0.532899 0.532899 0.15684 0.156454 0.156687 0.156737 -0.365176 -0.364962 -0.365097 -0.365252 -0.782467 -0.782193 -0.782187 -0.782478
5.625 0.706354 0.706354 0.706354 0.706354 0.482775 0.483777 0.483581 0.482631 -0.332597 -0.332849 -0.332766 -0.332563 -1.00588 -1.00538 -1.00537 -1.00585
5.645 0.996863 0.996863 0.996863 0.996863 0.545422 0.545349 0.545329 0.545351 -0.220139 -0.219935 -0.219928 -0.220093 -0.871143 -0.870718 -0.870711 -0.871134
5.665 1.0637 1.0637 1.0637 1.0637 0.516502 0.515895 0.515931 0.516497 -0.0540581 -0.0539316 -0.0539304 -0.0540535 -0.398977 -0.398685 -0.398684 -0.398977
5.685 0.921568 0.921568 0.921568 0.921568 0.556466 0.556014 0.556111 0.55638 0.21984 0.219427 0.219479 0.219763 0.230402 0.230581 0.23058 0.2304
5.705 0.663732 0.663732 0.663732 0.663732 0.651678 0.65181 0.651935 0.652206 0.668186 0.667913 0.667651 0.667896 0.819963 0.819967 0.820093 0.820172
5.725 0.35081 0.35081 0.35081 0.35081 0.739175 0.740311 0.741603 0.742002 1.17336 1.17357 1.17284 1.17323 1.31813 1.31789 1.31764 1.31749
5.745 0.128746 0.128746 0.128746 0.128746 0.804399 0.804848 0.805348 0.804788 1.52504 1.52478 1.52384 1.52358 1.75726 1.75694 1.7571 1.75743
5.765 -0.352014 -0.352014 -0.352014 -0.352014 0.759968 0.762446 0.762262 0.760951 1.64167 1.64122 1.64118 1.64159 2.10108 2.10072 2.10079 2.10134
5.785 -0.841127 -0.841127 -0.841127 -0.841127 0.405547 0.407147 0.40642 0.40461 1.58313 1.58321 1.58317 1.58347 2.22266 2.22215 2.22228 2.22298
5.805 -1.1747 -1.1747 -1.1747 -1.1747 -0.169614 -0.169555 -0.169719 -0.169834 1.27606 1.27662 1.27692 1.27648 2.03578 2.03499 2.03507 2.03592
5.825 -1.35686 -1.35686 -1.35686 -1.35686 -0.64359 -0.643875 -0.643802 -0.643303 0.625023 0.625303 0.625422 0.625302 1.48437 1.48364 1.48363 1.48433
5.845 -1.32181 -1.32181 -1.32181 -1.32181 -0.920251 -0.922236 -0.920957 -0.920033 -0.222452 -0.222659 -0.222584 -0.222404 0.496487 0.496128 0.4961 0.496512
5.865 -1.19631 -1.19631 -1.19631 -1.19631 -1.09477 -1.10821 -1.11137 -1.10613 -1.03639 -1.03676 -1.03877 -1.03831 -0.871011 -0.870941 -0.870475 -0.870723
5.885 -0.967653 -0.967653 -0.967653 -0.967653 -1.31338 -1.31425 -1.32177 -1.31555 -1.7893 -1.78993 -1.78691 -1.78526 -2.30664 -2.30594 -2.30526 -2.30526
5.905 -0.622139 -0.622139 -0.622139 -0.622139 -1.49913 -1.4925 -1.48982 -1.47346 -2.57239 -2.5708 -2.56894 -2.56836 -3.4384 -3.43809 -3.43797 -3.43851
5.925 -0.183466 -0.183466 -0.183466 -0.183466 -1.55207 -1.54939 -1.54819 -1.55326 -3.21893 -3.2203 -3.2201 -3.21914 -4.12087 -4.11949 -4.11928 -4.11995
5.945 0.198154 0.198154 0.198154 0.198154 -1.57391 -1.5875 -1.59084 -1.59194 -3.48749 -3.49377 -3.49636 -3.49273 -4.37656 -4.37556 -4.37599 -4.37709
5.965 0.427503 0.427503 0.427503 0.427503 -1.47069 -1.4752 -1.47047 -1.47556 -3.32493 -3.32646 -3.32604 -3.32594 -4.23303 -4.23173 -4.23179 -4.23278
5.985 0.484721 0.484721 0.484721 0.484721 -1.06756 -1.06697 -1.06469 -1.06451 -2.73322 -2.73272 -2.73197 -2.73191 -3.66637 -3.66565 -3.66596 -3.66707
6.005 0.674791 0.674791 0.674791 0.674791 -0.477034 -0.477493 -0.477132 -0.476592 -1.81535 -1.81507 -1.81501 -1.81523 -2.64919 -2.64847 -2.64842 -2.6491
6.025 0.885587 0.885587 0.885587 0.885587 0.182097 0.182189 0.182272 0.179866 -0.677445 -0.676379 -0.676628 -0.676791 -1.22329 -1.22289 -1.22295 -1.22344
6.045 1.24974 1.24974 1.24974 1.24974 0.917691 0.906145 0.910905 0.905701 0.60655 0.59848 0.603446 0.600493 0.461109 0.461837 0.462239 0.461893
6.065 1.50274 1.50274 1.50274 1.50274 1.73052 1.70933 1.69449 1.69082 1.96852 1.97097 1.97629 1.9719 2.19493 2.19397 2.19222 2.1926
6.085 1.61545 1.61545 1.61545 1.61545 2.21611 2.25654 2.29568 2.30951 3.25546 3.25504 3.26891 3.27978 3.78984 3.79101 3.79274 3.79178
6.105 1.41327 1.41327 1.41327 1.41327 2.40944 2.42729 2.45267 2.48728 4.08787 4.0935 4.10096 4.1111 5.13056 5.12869 5.12984 5.13155
6.125 0.69933 0.69933 0.69933 0.69933 2.61899 2.60101 2.59777 2.59986 4.53167 4.5217 4.51953 4.52067 5.94706 5.94518 5.94388 5.94737
6.145 -0.581656 -0.581656 -0.581656 -0.581656 2.73642 2.68288 2.66214 2.62009 4.91329 4.89728 4.88635 4.88915 6.03754 6.03544 6.03465 6.03526
6.165 -1.63432 -1.63432 -1.63432 -1.63432 2.21749 2.19754 2.25203 2.21303 5.07872 5.07542 5.07522 5.07498 5.60517 5.60387 5.60336 5.60426
6.185 -1.79138 -1.79138 -1.79138 -1.79138 1.08193 1.07468 1.09388 1.08902 4.24586 4.24921 4.24994 4.24545 5.05991 5.05772 5.05747 5.0596
6.205 -1.77317 -1.77317 -1.77317 -1.77317 -0.0399649 -0.0480769 -0.0512009 -0.0547607 2.39018 2.38881 2.38762 2.38513 4.2092 4.20794 4.20844 4.21024
6.225 -1.44617 -1.44617 -1.44617 -1.44617 -0.983222 -0.963958 -0.967617 -0.96687 0.382037 0.381879 0.382282 0.38098 2.38755 2.38647 2.38617 2.3867
6.245 -1.0706 -1.0706 -1.0706 -1.0706 -2.19536 -2.04553 -2.03351 -2.08403 -1.34789 -1.32784 -1.33511 -1.36479 -0.520197 -0.525993 -0.522338 -0.513351
6.265 -0.802595 -0.802595 -0.802595 -0.802595 -2.15173 -2.08697 -2.19425 -2.23508 -3.31053 -3.31491 -3.31379 -3.34327 -3.82708 -3.82969 -3.831 -3.83351
6.285 -0.741272 -0.741272 -0.741272 -0.741272 -1.48178 -1.38052 -1.43727 -1.40923 -4.28671 -4.24895 -4.22736 -4.20012 -6.85157 -6.84002 -6.82454 -6.8159
6.305 -0.74864 -0.74864 -0.74864 -0.74864 -1.53559 -1.42792 -1.48307 -1.26156 -4.54115 -4.57111 -4.54052 -4.56452 -8.31905 -8.31978 -8.32415 -8.33057
6.325 -0.601278 -0.601278 -0.601278 -0.601278 -2.60096 1.29817 8.19082 -17.77 -4.01054 -4.11935 -4.41787 -5.29727 -8.00833 -7.98937 -7.94659 -7.81109
6.345 -0.277964 -0.277964 -0.277964 -0.277964 -8.40647 -1.14441 2.88316 -1.59594 -6.65785 -6.22744 -5.70397 -5.59078 -5.746 -5.77986 -5.80812 -5.81269
6.365 0.109821 0.109821 0.109821 0.109821 -6.85513 -3.56088 -2.65819 -2.3551 -5.76709 -5.57302 -5.37324 -5.25734 -4.14031 -4.13763 -4.13486 -4.14412
6.385 0.693133 0.693133 0.693133 0.693133 -5.51315 -5.76426 -6.09189 -6.52927 -3.51744 -3.59103 -3.73167 -3.83643 -3.37058 -3.38293 -3.39651 -3.39522
6.405 1.60491 1.60491 1.60491 1.60491 -4.10819 -4.5898 -5.0367 -5.38896 -3.10085 -3.16284 -3.27901 -3.34775 -2.6283 -2.61464 -2.60028 -2.59767
6.425 2.05308 2.05308 2.05308 2.05308 -0.162558 -0.228242 -0.250322 -0.24077 -3.44987 -3.44749 -3.41468 -3.3904 -2.16922 -2.17147 -2.17283 -2.17051
6.445 1.87633 1.87633 1.87633 1.87633 2.82812 2.8944 2.99366 3.12755 -1.56819 -1.56965 -1.54611 -1.52135 -2.64253 -2.63529 -2.63377 -2.64032
6.465 1.30293 1.30293 1.30293 1.30293 2.76735 2.93885 2.95123 2.93023 1.69315 1.70435 1.70068 1.67734 -2.64048 -2.63643 -2.63435 -2.62997
6.485 0.771213 0.771213 0.771213 0.771213 3.195 3.25533 3.23458 3.19479 3.45456 3.38573 3.38158 3.45821 -0.0832786 -0.0870614 -0.100028 -0.105684
6.505 0.3198 0.3198 0.3198 0.3198 2.94764 3.5073 3.57797 1.17075 3.80283 3.72065 3.61689 3.54917 4.55015 4.57293 4.57917 4.59792
6.525 -0.54039 -0.54039 -0.54039 -0.54039 -0.649194 0.778753 0.453081 0.246207 3.83141 3.87672 4.13719 4.40681 8.37745 8.39112 8.39939 8.3978
6.545 -0.84042 -0.84042 -0.84042 -0.84042 -2.01814 -0.773643 -1.03876 -1.13305 3.94027 3.88125 4.07615 4.12789 9.70965 9.68735 9.66162 9.64754
