0.005 0 0 0 0 1.19076e-05 1.19355e-05 1.19355e-05 1.19076e-05 1.21452e-05 1.21359e-05 1.21359e-05 1.21451e-05 1.21116e-05 1.21129e-05 1.21129e-05 1.21116e-05
0.025 0 0 0 0 7.63897e-05 7.65945e-05 7.65943e-05 7.63885e-05 9.51729e-05 9.51322e-05 9.51318e-05 9.51719e-05 9.40281e-05 9.40244e-05 9.40241e-05 9.40274e-05
0.045 0 0 0 0 0.000102608 0.000102773 0.000102772 0.000102601 0.000176795 0.000176835 0.000176833 0.000176791 0.000184809 0.000184774 0.000184774 0.000184808
0.065 0 0 0 0 0.000117722 0.000117847 0.000117843 0.000117707 0.000243784 0.000243848 0.000243846 0.000243778 0.000293854 0.000293804 0.000293802 0.000293849
0.085 0 0 0 0 0.000126174 0.000126312 0.000126307 0.000126157 0.000277387 0.000277395 0.000277392 0.000277375 0.000382937 0.000382899 0.000382896 0.00038293
0.105 0 0 0 0 0.000154765 0.000154986 0.000154981 0.000154748 0.000321 0.000320973 0.000320969 0.000320985 0.000443986 0.00044395 0.000443947 0.000443977
0.125 0 0 0 0 3.18883e-05 3.1653e-05 3.16462e-05 3.18656e-05 0.000195089 0.000195263 0.000195262 0.000195082 0.000288504 0.000288436 0.000288434 0.000288497
0.145 0 0 0 0 3.33883e-05 3.34027e-05 3.34012e-05 3.33818e-05 8.77327e-05 8.77215e-05 8.77195e-05 8.77264e-05 0.000141659 0.000141652 0.000141651 0.000141656
0.165 0 0 0 0 0.000241955 0.000242859 0.000242864 0.000241964 0.000212195 0.000211871 0.00021187 0.000212191 0.000192092 0.000192139 0.000192138 0.000192091
0.185 0 0 0 0 0.000208618 0.000209038 0.000209038 0.000208614 0.000293643 0.000293773 0.000293772 0.000293639 0.000197578 0.000197494 0.000197493 0.000197577
0.205 0 0 0 0 -0.000158694 -0.000159719 -0.000159723 -0.000158706 4.71022e-06 5.32228e-06 5.32618e-06 4.72098e-06 -1.38665e-06 -1.53784e-06 -1.53861e-06 -1.38904e-06
0.225 0 0 0 0 8.31888e-05 8.3722e-05 8.37197e-05 8.31862e-05 6.99473e-05 6.94429e-05 6.94375e-05 6.99328e-05 0.000259909 0.000260039 0.000260039 0.000259909
0.245 0 0 0 0 -0.000181676 -0.000182018 -0.00018202 -0.000181679 -0.000232203 -0.000232397 -0.000232406 -0.00023223 -8.71137e-05 -8.70262e-05 -8.70287e-05 -8.71217e-05
0.265 0 0 0 0 -0.00023279 -0.000233513 -0.000233515 -0.000232795 -0.000311334 -0.000311058 -0.000311056 -0.000311329 -0.00040438 -0.000404409 -0.000404411 -0.000404383
0.285 0 0 0 0 0.000222671 0.000223704 0.000223703 0.000222671 4.25331e-05 4.23113e-05 4.23153e-05 4.25404e-05 -0.00021585 -0.00021583 -0.000215831 -0.000215852
0.305 0 0 0 0 -0.000617088 -0.000619007 -0.000619006 -0.000617087 -0.000813173 -0.000812463 -0.000812461 -0.000813169 -0.00103581 -0.00103588 -0.00103588 -0.00103581
0.325 0 0 0 0 0.00015463 0.000156294 0.000156294 0.00015463 -0.000284175 -0.000285347 -0.000285346 -0.000284172 -0.000322151 -0.000321826 -0.000321827 -0.000322155
0.345 0 0 0 0 0.00011263 0.000113245 0.000113226 0.000112587 1.60167e-05 1.58045e-05 1.58113e-05 1.60226e-05 -7.80843e-05 -7.805e-05 -7.80529e-05 -7.80914e-05
0.365 0 0 0 0 -0.00121599 -0.00122092 -0.00122093 -0.00121599 -0.00102287 -0.00102078 -0.00102077 -0.00102287 -0.00109953 -0.00109989 -0.0010999 -0.00109953
0.385 0 0 0 0 0.000359401 0.000362074 0.000362053 0.000359353 -8.69507e-05 -8.88053e-05 -8.87829e-05 -8.69045e-05 8.95995e-05 9.00718e-05 9.00595e-05 8.95713e-05
0.405 0 0 0 0 0.000124804 0.000126028 0.000125997 0.000124719 -0.000231887 -0.000232745 -0.000232739 -0.000231882 -0.000305869 -0.00030562 -0.000305621 -0.000305872
0.425 0 0 0 0 0.000410619 0.000410768 0.000410774 0.000410631 0.000736681 0.000737843 0.000737832 0.000736656 0.000277462 0.000277008 0.000276993 0.000277429
0.445 0 0 0 0 0.000108597 0.000107477 0.00010749 0.000108626 0.000646718 0.000648026 0.000648007 0.000646676 0.000564987 0.000564579 0.000564594 0.000565008
0.465 0 0 0 0 0.000479486 0.000481201 0.000481211 0.000479509 0.000715133 0.000713812 0.000713803 0.00071511 0.00141489 0.00141517 0.00141518 0.0014149
0.485 0 0 0 0 0.000351964 0.000352696 0.000352701 0.000351984 0.000855945 0.000855296 0.000855297 0.000855943 0.00160159 0.00160169 0.00160169 0.00160159
0.505 0 0 0 0 -0.00136644 -0.00137264 -0.00137268 -0.00136655 -0.000773503 -0.000770882 -0.000770895 -0.000773523 -0.000530275 -0.000530781 -0.000530784 -0.000530292
0.525 0 0 0 0 0.00134984 0.00135581 0.00135583 0.00134988 0.000833662 0.000831055 0.000831026 0.000833607 0.000690853 0.000691345 0.000691341 0.000690841
0.545 0 0 0 0 0.00186512 0.00187129 0.00187134 0.00186523 0.00176275 0.0017616 0.00176156 0.00176264 0.00102832 0.00102826 0.00102826 0.00102832
0.565 0 0 0 0 -0.00118172 -0.00118933 -0.00118933 -0.00118172 -0.000118602 -0.000113553 -0.000113546 -0.000118583 -0.000652265 -0.000653527 -0.000653526 -0.000652264
0.585 0 0 0 0 0.000506575 0.000509032 0.00050901 0.000506524 0.000633978 0.000631821 0.000631835 0.000634013 0.00160726 0.00160778 0.00160777 0.00160724
0.605 0 0 0 0 0.000278737 0.000281296 0.000281251 0.000278656 0.00020306 0.000199924 0.0001999 0.000202935 0.00152876 0.00152957 0.00152958 0.00152874
0.625 0 0 0 0 -0.00189747 -0.00190568 -0.00190571 -0.00189755 -0.00131199 -0.00130841 -0.00130837 -0.00131194 -0.00124081 -0.00124151 -0.00124152 -0.00124083
0.645 0 0 0 0 0.000457681 0.000460004 0.00046001 0.000457692 -0.000118352 -0.000118788 -0.000118796 -0.000118369 -0.000915656 -0.000915588 -0.000915566 -0.0009156
0.665 0 0 0 0 0.00204769 0.00205673 0.00205675 0.00204773 0.000939683 0.000936625 0.000936632 0.000939698 -0.00015939 -0.000158885 -0.000158898 -0.00015942
0.685 0 0 0 0 0.00047077 0.000470485 0.000470517 0.000470823 0.000821801 0.000823744 0.000823731 0.000821778 -2.79361e-05 -2.85959e-05 -2.85911e-05 -2.79265e-05
0.705 0 0 0 0 0.00137201 0.00137325 0.00137323 0.00137192 0.00293624 0.00293722 0.0029372 0.00293617 0.00352354 0.0035229 0.00352289 0.00352354
0.725 0 0 0 0 -0.000402563 -0.000407091 -0.000407154 -0.000402772 0.00165434 0.00165553 0.00165554 0.0016544 0.0038912 0.00389087 0.00389087 0.00389118
0.745 0 0 0 0 -0.00274262 -0.0027521 -0.00275219 -0.00274282 -0.00187419 -0.00187362 -0.00187366 -0.00187434 0.000636018 0.000636204 0.000636136 0.000635756
0.765 0 0 0 0 0.000282768 0.000287891 0.000287868 0.000282728 -0.00111061 -0.00111506 -0.00111504 -0.00111057 -0.000713358 -0.000712112 -0.000712133 -0.00071342
0.785 0 0 0 0 -0.000134466 -0.00013315 -0.000133134 -0.000134435 -0.00202195 -0.00202064 -0.00202066 -0.00202202 -0.00500366 -0.00500395 -0.00500397 -0.0050037
0.805 0 0 0 0 -6.45105e-05 -6.37522e-05 -6.37347e-05 -6.44742e-05 -0.00193699 -0.00193401 -0.00193404 -0.00193707 -0.00584367 -0.0058445 -0.00584448 -0.00584365
0.825 0 0 0 0 -0.000881366 -0.00088 -0.000879995 -0.000881391 -0.00304268 -0.00304442 -0.00304463 -0.00304316 -0.00439619 -0.00439549 -0.00439552 -0.00439627
0.845 0 0 0 0 -0.0028911 -0.00289578 -0.00289587 -0.0028915 -0.00439997 -0.00440282 -0.00440287 -0.00440001 -0.00300689 -0.00300546 -0.00300548 -0.00300695
0.865 0 0 0 0 -0.0042268 -0.00423873 -0.00423859 -0.00422664 -0.00472106 -0.00472019 -0.0047202 -0.0047211 -0.00312224 -0.00312163 -0.00312167 -0.00312231
0.885 0 0 0 0 -0.000558443 -0.00055805 -0.000558004 -0.000558358 -0.00150566 -0.00150686 -0.00150683 -0.0015056 -0.00172939 -0.00172888 -0.00172888 -0.00172939
0.905 0 0 0 0 0.00260033 0.00260927 0.00260927 0.00260028 0.00172282 0.00172197 0.00172194 0.00172272 -0.000558232 -0.000558487 -0.000558486 -0.000558235
0.925 0 0 0 0 0.00514689 0.00515976 0.00515976 0.00514685 0.00625058 0.00625129 0.00625129 0.00625049 0.00401209 0.0040108 0.00401078 0.00401198
0.945 0 0 0 0 0.00135418 0.00134967 0.00134966 0.00135417 0.0052556 0.0052615 0.00526151 0.00525561 0.00624937 0.00624728 0.00624733 0.00624946
0.965 0 0 0 0 -0.00141781 -0.00142719 -0.00142719 -0.00141782 0.00227442 0.0022749 0.00227488 0.00227438 0.0076155 0.00761557 0.00761562 0.00761561
0.985 0 0 0 0 0.0014 0.00140601 0.00140602 0.00140002 0.0031264 0.00311833 0.00311832 0.00312638 0.00865205 0.00865409 0.0086541 0.00865206
1.005 0 0 0 0 0.00209736 0.00209968 0.00209967 0.00209733 0.00403117 0.0040329 0.00403272 0.00403085 0.00423747 0.00423653 0.00423653 0.0042375
1.025 0 0 0 0 0.00375063 0.00375511 0.00375492 0.00375026 0.0055054 0.00551273 0.00551265 0.00550522 0.00146403 0.00146097 0.00146089 0.00146384
1.045 0 0 0 0 0.00060982 0.000610543 0.000610442 0.000609587 0.000161699 0.000164491 0.000164493 0.000161671 -0.00225001 -0.00225098 -0.00225105 -0.00225016
1.065 0 0 0 0 -0.000882047 -0.000876336 -0.00087642 -0.000882248 -0.00360195 -0.0036105 -0.00361046 -0.00360186 -0.00199532 -0.00199255 -0.00199256 -0.00199534
1.085 0 0 0 0 -0.00472328 -0.00473333 -0.00473334 -0.00472329 -0.00642975 -0.00643182 -0.00643176 -0.00642962 -0.00451514 -0.00451352 -0.00451355 -0.0045152
1.105 0 0 0 0 -0.00501741 -0.0050327 -0.00503268 -0.00501737 -0.00621952 -0.0062147 -0.00621468 -0.00621949 -0.00710087 -0.00710122 -0.00710121 -0.00710085
1.125 0 0 0 0 0.000294483 0.000301194 0.000301223 0.000294541 -0.00301129 -0.00301375 -0.00301376 -0.00301132 -0.00611554 -0.0061148 -0.0061148 -0.00611554
1.145 0 0 0 0 0.000307139 0.000313576 0.000313583 0.000307154 -0.00311483 -0.00311652 -0.00311654 -0.00311487 -0.00677449 -0.00677396 -0.00677396 -0.00677449
1.165 0 0 0 0 -0.00336662 -0.00337581 -0.00337581 -0.00336663 -0.00516615 -0.00516263 -0.00516267 -0.00516625 -0.00715263 -0.00715292 -0.00715291 -0.00715261
1.185 0 0 0 0 -0.00218148 -0.00218397 -0.00218405 -0.00218169 -0.00363467 -0.00363748 -0.00363738 -0.00363446 -0.00266251 -0.00266123 -0.00266123 -0.00266252
1.205 0 0 0 0 -0.0051474 -0.00516052 -0.00516044 -0.00514732 -0.00625927 -0.00625946 -0.00625949 -0.00625938 -0.0043345 -0.00433337 -0.00433337 -0.0043345
1.225 0 0 0 0 -0.00536697 -0.00538004 -0.00538005 -0.00536721 -0.00746499 -0.00746383 -0.00746385 -0.00746505 -0.00737113 -0.00737038 -0.00737043 -0.00737125
1.245 0 0 0 0 -0.00491448 -0.00492173 -0.00492196 -0.00491526 -0.00989643 -0.00989725 -0.00989743 -0.00989704 -0.0127475 -0.0127461 -0.0127461 -0.0127475
1.265 0 0 0 0 0.000223951 0.00023749 0.00023711 0.000222658 -0.00665546 -0.00666242 -0.00666255 -0.006656 -0.0119704 -0.0119684 -0.0119685 -0.011971
1.285 0 0 0 0 -0.00111669 -0.00111536 -0.0011156 -0.00111746 -0.00541848 -0.00541691 -0.00541712 -0.00541934 -0.0110883 -0.0110884 -0.0110884 -0.0110885
1.305 0 0 0 0 0.00282153 0.00282993 0.00282997 0.00282161 0.00263982 0.00263971 0.00263969 0.00263962 0.000660255 0.000659703 0.000659715 0.000660259
1.325 0 0 0 0 0.00115014 0.00114599 0.00114605 0.00115022 0.00578899 0.00579151 0.00579151 0.00578893 0.00957743 0.0095763 0.00957631 0.0095774
1.345 0 0 0 0 -0.00471511 -0.00474068 -0.00474068 -0.00471509 0.0017563 0.00176264 0.00176263 0.00175628 0.00960852 0.00960742 0.00960744 0.00960855
1.365 0 0 0 0 -0.00266233 -0.00267017 -0.00267007 -0.00266207 -0.000532225 -0.000536737 -0.000536747 -0.000532253 0.00617491 0.00617669 0.00617665 0.00617483
1.385 0 0 0 0 -0.00178002 -0.00177938 -0.00177928 -0.00177978 -0.00472051 -0.00472374 -0.00472379 -0.00472063 -0.00564104 -0.00563964 -0.00563959 -0.00564094
1.405 0 0 0 0 -0.000991843 -0.000987729 -0.000987585 -0.000991886 -0.00741842 -0.00741553 -0.00741551 -0.00741838 -0.0164285 -0.016429 -0.0164291 -0.0164287
1.425 0 0 0 0 0.00182603 0.00184322 0.00184321 0.00182561 -0.00633291 -0.00633526 -0.00633529 -0.00633296 -0.016558 -0.0165574 -0.0165573 -0.0165578
1.445 0 0 0 0 0.0049755 0.00499978 0.00499949 0.00497484 0.000498224 0.00048984 0.000489264 0.000496988 -0.00406826 -0.00406693 -0.00406727 -0.00406909
1.465 0 0 0 0 0.00473455 0.00473953 0.00473935 0.00473417 0.0102259 0.0102269 0.0102265 0.0102251 0.0135815 0.01358 0.01358 0.0135815
1.485 0 0 0 0 0.011548 0.0115583 0.0115583 0.0115479 0.0269438 0.0269473 0.0269473 0.0269437 0.0372981 0.0372942 0.037294 0.0372978
1.505 0 0 0 0 0.015946 0.0159581 0.0159581 0.0159459 0.0378985 0.0379054 0.0379055 0.0378987 0.0520723 0.0520665 0.0520666 0.0520725
1.525 0 0 0 0 0.0201479 0.0201668 0.0201655 0.0201423 0.0437709 0.0437755 0.0437749 0.0437685 0.0579824 0.0579753 0.057975 0.0579813
1.545 0 0 0 0 0.0233959 0.0234281 0.0234271 0.0233906 0.0452421 0.045244 0.0452437 0.0452397 0.0565566 0.0565497 0.0565496 0.0565559
1.565 0 0 0 0 0.0222239 0.0222551 0.0222536 0.0222175 0.0415644 0.0415686 0.0415682 0.0415618 0.0492806 0.0492736 0.0492734 0.04928
1.585 0 0 0 0 0.0145917 0.0146043 0.0146034 0.0145853 0.0303954 0.0304029 0.0304021 0.0303922 0.0365603 0.0365539 0.0365536 0.0365595
1.605 0 0 0 0 -0.00263365 -0.0026577 -0.00265798 -0.00263565 0.00489204 0.00489993 0.00489935 0.00488952 0.0114872 0.0114845 0.0114843 0.0114864
1.625 0 0 0 0 -0.00322175 -0.00321396 -0.00321455 -0.0032228 -0.00914248 -0.00916001 -0.00916034 -0.00914298 -0.00545827 -0.00545256 -0.00545259 -0.00545858
1.645 0 0 0 0 -0.00872462 -0.00872792 -0.00872823 -0.00872515 -0.0218444 -0.021852 -0.0218523 -0.0218449 -0.0290121 -0.0290078 -0.0290078 -0.0290123
1.665 0 0 0 0 -0.0134707 -0.0134928 -0.0134927 -0.0134708 -0.0294359 -0.029426 -0.0294262 -0.0294365 -0.0464803 -0.0464801 -0.0464801 -0.0464804
1.685 0 0 0 0 -0.0180936 -0.0181171 -0.018117 -0.0180935 -0.0389726 -0.0389715 -0.0389716 -0.0389729 -0.0548339 -0.05483 -0.05483 -0.0548338
1.705 0 0 0 0 -0.0364458 -0.0365117 -0.0365116 -0.0364458 -0.0627353 -0.0627395 -0.0627395 -0.0627353 -0.070939 -0.0709297 -0.0709297 -0.070939
1.725 0 0 0 0 -0.0538823 -0.0539824 -0.053982 -0.0538804 -0.0887864 -0.0887948 -0.0887947 -0.0887863 -0.0947741 -0.0947597 -0.0947597 -0.0947741
1.745 0 0 0 0 -0.0564187 -0.0565084 -0.0565176 -0.0564394 -0.1043 -0.104317 -0.104317 -0.1043 -0.120662 -0.120644 -0.120645 -0.120663
1.765 0 0 0 0 -0.041932 -0.0419717 -0.04198 -0.0419651 -0.0990028 -0.0990295 -0.099036 -0.0990205 -0.133608 -0.133592 -0.133593 -0.133611
1.785 0 0 0 0 -0.0217043 -0.0217007 -0.0217081 -0.0217417 -0.0734609 -0.0734843 -0.0734934 -0.0734918 -0.118554 -0.118546 -0.118547 -0.118559
1.805 0 0 0 0 -0.00918386 -0.00917775 -0.00918215 -0.00920516 -0.0390264 -0.0390346 -0.0390419 -0.0390554 -0.0721281 -0.0721277 -0.0721286 -0.0721336
1.825 0 0 0 0 0.000916045 0.000919538 0.000920178 0.000918518 0.000811586 0.000810973 0.00081144 0.000811754 0.000437313 0.000437345 0.000437426 0.000437531
1.845 0 0 0 0 0.019423 0.0194406 0.0194392 0.019421 0.0503275 0.0503176 0.0503156 0.0503243 0.0822052 0.0822029 0.0822026 0.0822045
1.865 0 0 0 0 0.0460927 0.0461381 0.0461369 0.0460892 0.106625 0.106631 0.106629 0.106622 0.150857 0.150844 0.150843 0.150855
1.885 0 0 0 0 0.0539054 0.0539253 0.0539243 0.0539027 0.133117 0.133166 0.133166 0.133116 0.173522 0.173494 0.173494 0.173521
1.905 0 0 0 0 0.0552655 0.0553177 0.0553173 0.0552706 0.125 0.125036 0.125035 0.125005 0.161408 0.161385 0.161385 0.161407
1.925 0 0 0 0 0.0711849 0.0713461 0.0713449 0.0711847 0.116958 0.116929 0.116929 0.116958 0.147074 0.147068 0.147069 0.147077
1.945 0 0 0 0 0.0612966 0.0614082 0.0614134 0.061299 0.102685 0.102677 0.102674 0.102668 0.116258 0.116244 0.116244 0.116259
1.965 0 0 0 0 0.0342636 0.0342617 0.0342614 0.0342472 0.0774425 0.0774922 0.0774944 0.0774392 0.0821696 0.0821441 0.0821422 0.0821654
1.985 0 0 0 0 0.00804425 0.00801802 0.00801733 0.00803013 0.0312894 0.031303 0.0313037 0.0312835 0.0470485 0.0470409 0.0470413 0.0470482
2.005 0 0 0 0 -0.0103905 -0.0103859 -0.0103857 -0.0103905 -0.0174118 -0.0174598 -0.0174626 -0.0174183 0.00389819 0.00391225 0.00391144 0.00389464
2.025 0 0 0 0 -0.0328581 -0.0329115 -0.0329137 -0.0328633 -0.0577264 -0.0577428 -0.0577431 -0.0577287 -0.0604171 -0.0604048 -0.060404 -0.0604156
2.045 0 0 0 0 -0.0335548 -0.0336061 -0.0336072 -0.0335575 -0.0731216 -0.0731066 -0.0731062 -0.0731218 -0.110115 -0.110112 -0.110112 -0.110116
2.065 0 0 0 0 -0.0185938 -0.018566 -0.0185662 -0.018595 -0.0732938 -0.0733081 -0.0733083 -0.0732939 -0.123269 -0.123259 -0.12326 -0.12327
2.085 0 0 0 0 -0.00817833 -0.00811593 -0.00811626 -0.00817902 -0.0569011 -0.0569379 -0.0569376 -0.0568998 -0.0940418 -0.0940282 -0.0940285 -0.0940427
2.105 0 0 0 0 -0.0213174 -0.0213611 -0.0213608 -0.0213174 -0.0363382 -0.0363317 -0.0363323 -0.0363408 -0.0470216 -0.0470195 -0.0470192 -0.0470211
2.125 0 0 0 0 -0.0645249 -0.0647507 -0.064751 -0.0645219 -0.0563237 -0.0562657 -0.0562662 -0.0563247 -0.0363168 -0.0363212 -0.0363211 -0.0363163
2.145 0 0 0 0 -0.0647922 -0.0649444 -0.0649481 -0.0648005 -0.0809721 -0.0809963 -0.0809953 -0.0809682 -0.0469509 -0.0469297 -0.0469298 -0.0469511
2.165 0 0 0 0 -0.00807729 -0.00799297 -0.00798695 -0.00808612 -0.0545809 -0.054683 -0.054684 -0.0545825 -0.0553643 -0.0553307 -0.0553302 -0.0553625
2.185 0 0 0 0 0.0368677 0.0370058 0.0370079 0.0368737 0.00890143 0.00890704 0.00890532 0.00889503 -0.053306 -0.0533139 -0.0533128 -0.0533034
2.205 0 0 0 0 0.0372466 0.0372808 0.0372823 0.0372538 0.0495012 0.0496099 0.0496088 0.0495003 -0.0167169 -0.0167563 -0.0167555 -0.0167149
2.225 0 0 0 0 0.00288736 0.00285014 0.0028518 0.00288892 0.0267004 0.0267251 0.0267244 0.0266977 0.0414822 0.0414739 0.041476 0.0414861
2.245 0 0 0 0 -0.010717 -0.010719 -0.010719 -0.0107177 0.0101194 0.0100123 0.0100113 0.010117 0.0998664 0.0998996 0.0999005 0.099868
2.265 0 0 0 0 -0.000554826 -0.000593302 -0.000594647 -0.000557369 0.0399196 0.0398851 0.0398841 0.0399198 0.109385 0.109396 0.109397 0.109389
2.285 0 0 0 0 0.0173822 0.0172986 0.017298 0.0173804 0.0692837 0.0693994 0.0693988 0.0692826 0.0632917 0.0632513 0.0632515 0.0632914
2.305 0 0 0 0 0.0361475 0.0362061 0.0362073 0.0361503 0.0467374 0.046793 0.0467916 0.0467334 0.00686889 0.00684401 0.00684394 0.00686846
2.325 0 0 0 0 0.0621501 0.0624349 0.0624355 0.0621476 0.0277123 0.0275983 0.0275993 0.0277156 0.00590721 0.00592946 0.00592854 0.00590537
2.345 0 0 0 0 0.0450885 0.0452505 0.0452522 0.0450927 0.0426544 0.0426013 0.0426015 0.0426548 0.0391366 0.0391432 0.039143 0.0391361
2.365 0 0 0 0 0.00426201 0.004128 0.00412918 0.00426964 0.06712 0.0672364 0.0672359 0.0671195 0.0829311 0.0828939 0.0828939 0.082931
2.385 0 0 0 0 -0.0217534 -0.0219426 -0.0219445 -0.0217537 0.0434393 0.0435167 0.0435169 0.0434406 0.0992458 0.0992257 0.0992258 0.0992461
2.405 0 0 0 0 -0.06311 -0.0632678 -0.0632705 -0.063122 -0.0610154 -0.0610682 -0.0610619 -0.0610111 0.00916058 0.00918918 0.00918893 0.00916046
2.425 0 0 0 0 -0.0320231 -0.0319632 -0.0319627 -0.0320235 -0.0962724 -0.0963875 -0.0963768 -0.0962501 -0.0924421 -0.0923976 -0.092397 -0.0924423
2.445 0 0 0 0 0.0248191 0.024992 0.0249931 0.0248218 -0.0482105 -0.0482196 -0.0482187 -0.0482138 -0.152391 -0.152394 -0.152396 -0.152397
2.465 0 0 0 0 0.025689 0.0257558 0.0257578 0.0256914 -0.0160427 -0.0159229 -0.0159304 -0.0160546 -0.147507 -0.147551 -0.147553 -0.147513
2.485 0 0 0 0 -0.0416491 -0.0417527 -0.0417504 -0.0416429 -0.0672183 -0.0671775 -0.0671858 -0.0672366 -0.0963041 -0.0963104 -0.0963084 -0.0963055
2.505 0 0 0 0 -0.12313 -0.123375 -0.12337 -0.123117 -0.154895 -0.154994 -0.154991 -0.154894 -0.0651101 -0.065055 -0.065055 -0.065112
2.525 0 0 0 0 -0.137756 -0.138035 -0.138026 -0.137751 -0.178367 -0.178461 -0.178461 -0.178364 -0.0947135 -0.0946531 -0.0946514 -0.0947089
2.545 0 0 0 0 -0.0578894 -0.0580121 -0.0579769 -0.0578968 -0.110567 -0.110552 -0.110554 -0.11057 -0.151053 -0.151046 -0.151048 -0.151059
2.565 0 0 0 0 0.0564086 0.056648 0.0566701 0.0564647 -0.00927275 -0.0092249 -0.00922578 -0.00927753 -0.152076 -0.152097 -0.152089 -0.152059
2.585 0 0 0 0 0.121053 0.121456 0.121444 0.121023 0.0788722 0.0787905 0.0787429 0.078686 -0.0378509 -0.0378939 -0.0379132 -0.0379263
2.605 0 0 0 0 0.0682626 0.0683742 0.0683646 0.0682359 0.116856 0.116873 0.116862 0.116862 0.131052 0.131047 0.131058 0.131079
2.625 0 0 0 0 -0.0204419 -0.0207142 -0.0207185 -0.0204483 0.118193 0.118253 0.118263 0.118216 0.27027 0.270262 0.270263 0.270275
2.645 0 0 0 0 -0.0307504 -0.0310268 -0.0310322 -0.0307568 0.110162 0.110169 0.110178 0.110201 0.304555 0.304564 0.304568 0.304561
2.665 0 0 0 0 0.0627761 0.0628881 0.0628973 0.0627749 0.139141 0.139039 0.139029 0.139115 0.233934 0.233932 0.233939 0.233923
2.685 0 0 0 0 0.151573 0.151915 0.151891 0.151509 0.181124 0.18116 0.181176 0.18116 0.112526 0.112485 0.112493 0.112536
2.705 0 0 0 0 0.133085 0.133346 0.133337 0.133052 0.152485 0.15262 0.152615 0.152462 0.0192369 0.019174 0.0191804 0.0192538
2.725 0 0 0 0 0.032851 0.0329392 0.0329765 0.0329108 0.0361197 0.0361475 0.0361401 0.0361035 0.00379371 0.00377941 0.00377516 0.00378317
2.745 0 0 0 0 -0.0867178 -0.0868836 -0.0868829 -0.0867334 -0.101153 -0.101284 -0.101287 -0.101157 0.00152404 0.00158171 0.00157908 0.00152122
2.765 0 0 0 0 -0.152146 -0.152533 -0.152556 -0.152194 -0.170303 -0.170366 -0.170357 -0.170292 -0.0641012 -0.0640539 -0.0640602 -0.064113
2.785 0 0 0 0 -0.123234 -0.1235 -0.123485 -0.123169 -0.174546 -0.174487 -0.174483 -0.17454 -0.194835 -0.19483 -0.194839 -0.194854
2.805 0 0 0 0 -0.0330582 -0.0329542 -0.0329301 -0.0330206 -0.160298 -0.160291 -0.160299 -0.160312 -0.305973 -0.30596 -0.30595 -0.305952
2.825 0 0 0 0 0.0151036 0.0154071 0.0154042 0.0150985 -0.149526 -0.149599 -0.149598 -0.149526 -0.323374 -0.323362 -0.323371 -0.323392
2.845 0 0 0 0 -0.030135 -0.0300955 -0.0301285 -0.0301955 -0.133476 -0.133502 -0.133514 -0.133501 -0.233415 -0.233388 -0.23337 -0.233374
2.865 0 0 0 0 -0.117633 -0.118002 -0.118009 -0.117643 -0.127462 -0.12739 -0.127408 -0.127476 -0.0995401 -0.0995328 -0.0995317 -0.0995378
2.885 0 0 0 0 -0.124571 -0.124961 -0.125006 -0.124676 -0.102542 -0.102562 -0.102576 -0.102553 0.0163178 0.0163504 0.0163511 0.0163144
2.905 0 0 0 0 -0.0338728 -0.0339191 -0.0338551 -0.0337607 -0.0129313 -0.0130228 -0.0130388 -0.0129724 0.0728378 0.0728709 0.0728765 0.0728505
2.925 0 0 0 0 0.0806611 0.0808379 0.0808556 0.0807055 0.112454 0.112499 0.112502 0.112456 0.0800611 0.0800268 0.0800084 0.0800298
2.945 0 0 0 0 0.166435 0.166774 0.166761 0.166399 0.209601 0.209685 0.209676 0.209579 0.118033 0.117981 0.118001 0.118074
2.965 0 0 0 0 0.180815 0.181199 0.181206 0.180824 0.247521 0.247522 0.247533 0.247539 0.226471 0.226419 0.226391 0.226413
2.985 0 0 0 0 0.112907 0.113 0.112931 0.112798 0.242218 0.242195 0.242189 0.242204 0.347856 0.347854 0.347883 0.347917
3.005 0 0 0 0 0.0300851 0.0297921 0.0297615 0.0300225 0.215782 0.215873 0.215902 0.215847 0.396033 0.395994 0.395966 0.395976
3.025 0 0 0 0 0.0345309 0.0342947 0.0342499 0.0343898 0.191966 0.191955 0.191916 0.191743 0.346322 0.346308 0.346334 0.346378
3.045 0 0 0 0 0.0939088 0.0940351 0.0939413 0.0938403 0.168021 0.16811 0.168197 0.168263 0.209504 0.209491 0.209491 0.209511
3.065 0 0 0 0 0.113219 0.113511 0.11332 0.112988 0.120985 0.121061 0.121113 0.121108 0.042954 0.0429123 0.0429234 0.0429657
3.085 0 0 0 0 0.0718565 0.0720655 0.0720338 0.0718102 0.0241847 0.0241935 0.0241943 0.0241709 -0.0808467 -0.0808808 -0.0809 -0.0808885
3.105 0 0 0 0 -0.0238982 -0.0237744 -0.0237147 -0.0238151 -0.105593 -0.105729 -0.105748 -0.105667 -0.14671 -0.146684 -0.146699 -0.146742
3.125 0 0 0 0 -0.155737 -0.156009 -0.155931 -0.155657 -0.225859 -0.225931 -0.225951 -0.225918 -0.205255 -0.205214 -0.205229 -0.205284
3.145 0 0 0 0 -0.225853 -0.226372 -0.226324 -0.225853 -0.295252 -0.295239 -0.295254 -0.295299 -0.274287 -0.27425 -0.274256 -0.274297
3.165 0 0 0 0 -0.19364 -0.193842 -0.193797 -0.19361 -0.318228 -0.318297 -0.318305 -0.318277 -0.353579 -0.353534 -0.35354 -0.35359
3.185 0 0 0 0 -0.100858 -0.100896 -0.100917 -0.100862 -0.291838 -0.291992 -0.292018 -0.291915 -0.408269 -0.408195 -0.408165 -0.408202
3.205 0 0 0 0 -0.0492525 -0.0491802 -0.0492451 -0.0493659 -0.226323 -0.226357 -0.22633 -0.226239 -0.398576 -0.398563 -0.398603 -0.398654
3.225 0 0 0 0 -0.0650422 -0.0651156 -0.0652259 -0.0653246 -0.16778 -0.167714 -0.167725 -0.167779 -0.296424 -0.296406 -0.296364 -0.29633
3.245 0 0 0 0 -0.0904998 -0.0904768 -0.0904739 -0.0902076 -0.137185 -0.137188 -0.137116 -0.13704 -0.129776 -0.129736 -0.129731 -0.129769
3.265 0 0 0 0 -0.0665086 -0.0665269 -0.0666325 -0.0663705 -0.0659107 -0.0660385 -0.0660022 -0.0658502 0.0435923 0.0436726 0.043688 0.0436208
3.285 0 0 0 0 -0.00808682 -0.00820813 -0.00825322 -0.0081487 0.0693667 0.0693498 0.0693206 0.069263 0.15711 0.157105 0.157101 0.157102
3.305 0 0 0 0 0.0913203 0.0911942 0.0911421 0.0910947 0.21158 0.21175 0.211727 0.211497 0.223893 0.223806 0.223789 0.223856
3.325 0 0 0 0 0.196535 0.196772 0.19677 0.196353 0.296132 0.296177 0.296167 0.296073 0.287982 0.287921 0.287915 0.287976
3.345 0 0 0 0 0.228612 0.229074 0.229132 0.228591 0.322192 0.322112 0.322114 0.322165 0.352986 0.352955 0.352939 0.352953
3.365 0 0 0 0 0.16498 0.165054 0.165034 0.164757 0.318048 0.318089 0.318115 0.318117 0.39604 0.395991 0.395978 0.396011
3.385 0 0 0 0 0.0762246 0.0760939 0.0761146 0.0763144 0.26974 0.269943 0.269932 0.269723 0.387948 0.387901 0.387938 0.388022
3.405 0 0 0 0 0.0390427 0.0389941 0.0390439 0.039217 0.177334 0.177416 0.177388 0.177347 0.309449 0.309421 0.309408 0.309439
3.425 0 0 0 0 0.0437062 0.0438254 0.0438611 0.043804 0.0793483 0.0792646 0.0792585 0.0793413 0.150413 0.150428 0.150421 0.150399
3.445 0 0 0 0 0.0407139 0.040857 0.0408438 0.040688 0.00701704 0.00700113 0.00698972 0.00696506 -0.045723 -0.0457248 -0.0457006 -0.0456794
3.465 0 0 0 0 -0.00668125 -0.00665002 -0.0066493 -0.00669096 -0.0791639 -0.0790732 -0.0790621 -0.0791574 -0.212083 -0.21213 -0.212162 -0.212153
3.485 0 0 0 0 -0.0879911 -0.0880547 -0.0880507 -0.0880441 -0.203211 -0.203255 -0.203268 -0.203282 -0.302518 -0.302491 -0.302475 -0.302483
3.505 0 0 0 0 -0.17653 -0.176717 -0.176676 -0.17656 -0.321739 -0.321904 -0.321905 -0.321758 -0.339076 -0.339008 -0.339035 -0.339127
3.525 0 0 0 0 -0.232979 -0.233087 -0.233071 -0.232767 -0.370818 -0.370854 -0.37083 -0.370702 -0.368483 -0.368425 -0.368442 -0.368525
3.545 0 0 0 0 -0.223925 -0.224158 -0.224227 -0.223845 -0.356128 -0.356106 -0.356118 -0.356092 -0.409187 -0.409133 -0.40911 -0.409143
3.565 0 0 0 0 -0.146841 -0.146848 -0.146903 -0.146824 -0.303942 -0.303916 -0.303885 -0.303811 -0.416342 -0.416327 -0.416359 -0.416409
3.585 0 0 0 0 -0.0562965 -0.0562034 -0.0563685 -0.0567116 -0.224003 -0.224107 -0.224106 -0.22392 -0.350292 -0.3502 -0.350123 -0.350123
3.605 0 0 0 0 -0.00753811 -0.00706394 -0.00705847 -0.00696642 -0.119339 -0.11921 -0.119212 -0.118984 -0.199825 -0.19978 -0.199753 -0.199747
3.625 0 0 0 0 0.0186321 0.0187472 0.018819 0.0189228 -0.00713233 -0.00724907 -0.00732236 -0.00728896 0.00478813 0.00488139 0.00492803 0.00490936
3.645 0 0 0 0 0.0337257 0.0335574 0.0337225 0.033872 0.123234 0.123208 0.123225 0.123121 0.204064 0.204046 0.204013 0.203982
3.665 0 0 0 0 0.0752986 0.0749029 0.0749749 0.075053 0.259008 0.259161 0.259137 0.25885 0.361073 0.360987 0.360979 0.361039
3.685 0 0 0 0 0.164328 0.164088 0.164103 0.163868 0.369977 0.370125 0.370126 0.36985 0.469971 0.469859 0.469804 0.469848
3.705 0 0 0 0 0.256032 0.256106 0.25613 0.255526 0.44496 0.444979 0.444965 0.444842 0.529398 0.529328 0.529311 0.529356
3.725 0 0 0 0 0.288544 0.289042 0.28899 0.288383 0.48277 0.482857 0.482792 0.482539 0.547398 0.547326 0.54735 0.547447
3.745 0 0 0 0 0.250219 0.250719 0.25061 0.250246 0.46048 0.460697 0.460598 0.460411 0.533226 0.533167 0.533241 0.533376
3.765 0 0 0 0 0.184472 0.183232 0.182706 0.183198 0.362407 0.363098 0.363317 0.363159 0.471794 0.471659 0.471622 0.471682
3.785 0 0 0 0 0.168552 0.1693 0.169883 0.169847 0.254492 0.254785 0.254699 0.25483 0.345272 0.345391 0.345584 0.345686
3.805 0 0 0 0 0.169866 0.170237 0.170482 0.170897 0.170963 0.170951 0.170983 0.171088 0.166924 0.166896 0.166837 0.166798
3.825 0 0 0 0 0.152474 0.150974 0.150878 0.150769 0.075662 0.0760922 0.0760948 0.0759909 -0.016691 -0.0166476 -0.016446 -0.0163229
3.845 0 0 0 0 0.116472 0.114989 0.115092 0.115539 -0.0406292 -0.0404141 -0.0401111 -0.0401801 -0.149368 -0.14949 -0.149724 -0.149851
3.865 0 0 0 0 0.019914 0.0200329 0.0202531 0.0205073 -0.145188 -0.145478 -0.145448 -0.145489 -0.22459 -0.224544 -0.224612 -0.224732
3.885 0 0 0 0 -0.123913 -0.123993 -0.123655 -0.123667 -0.205116 -0.205229 -0.205334 -0.205305 -0.24825 -0.248288 -0.248374 -0.248451
3.905 0 0 0 0 -0.244155 -0.244642 -0.244405 -0.244155 -0.246537 -0.2465 -0.246644 -0.246849 -0.24225 -0.242263 -0.242281 -0.242281
3.925 0 0 0 0 -0.269482 -0.270098 -0.270131 -0.27009 -0.284421 -0.284452 -0.2845 -0.284552 -0.233838 -0.233802 -0.233781 -0.233788
3.945 0 0 0 0 -0.226294 -0.2267 -0.226705 -0.226779 -0.297868 -0.298036 -0.298019 -0.297846 -0.261827 -0.261772 -0.261817 -0.261919
3.965 0 0 0 0 -0.16733 -0.167254 -0.16715 -0.167192 -0.266396 -0.266499 -0.266484 -0.266409 -0.317288 -0.317248 -0.317228 -0.31725
3.985 0 0 0 0 -0.13266 -0.132569 -0.132388 -0.13223 -0.232314 -0.232146 -0.232152 -0.232205 -0.357955 -0.357986 -0.358013 -0.358011
4.005 0 0 0 0 -0.12419 -0.123851 -0.123778 -0.123599 -0.224217 -0.224177 -0.224172 -0.224186 -0.330939 -0.330926 -0.330911 -0.330902
4.025 0 0 0 0 -0.133094 -0.132786 -0.132681 -0.132489 -0.221135 -0.2213 -0.221316 -0.221222 -0.238679 -0.238631 -0.23865 -0.238709
4.045 0 0 0 0 -0.165512 -0.164817 -0.164372 -0.164834 -0.189315 -0.189475 -0.189522 -0.189323 -0.144357 -0.144324 -0.144322 -0.14437
4.065 0 0 0 0 -0.175188 -0.175336 -0.175862 -0.175785 -0.144241 -0.14422 -0.144159 -0.144188 -0.0986018 -0.098538 -0.0984149 -0.0983374
4.085 0 0 0 0 -0.106413 -0.107349 -0.109342 -0.111114 -0.0991762 -0.0989762 -0.0987198 -0.0985723 -0.0819621 -0.0820644 -0.0822319 -0.0823352
4.105 0 0 0 0 -0.0170197 -0.017688 -0.0184479 -0.0182693 -0.0413491 -0.0413125 -0.0413378 -0.041422 -0.0661417 -0.0659866 -0.0656973 -0.0655126
4.125 0 0 0 0 0.0572594 0.0575617 0.0579282 0.0579717 0.0151035 0.0152008 0.0153503 0.015479 -0.0316358 -0.0317791 -0.0320486 -0.03221
4.145 0 0 0 0 0.0794196 0.0796785 0.0802552 0.0804409 0.0591846 0.059049 0.0588937 0.0588879 0.0183973 0.0185268 0.0187397 0.018857
4.165 0 0 0 0 0.0674417 0.0678421 0.0683952 0.0687075 0.102812 0.102869 0.102845 0.102717 0.103113 0.102962 0.102768 0.102695
4.185 0 0 0 0 0.0559578 0.0555641 0.0553156 0.0552461 0.143317 0.143298 0.143189 0.143012 0.198018 0.198077 0.198211 0.198303
4.205 0 0 0 0 0.0554378 0.0551908 0.0550406 0.0549292 0.169266 0.16938 0.169444 0.169323 0.259278 0.259178 0.25906 0.259017
4.225 0 0 0 0 0.0800834 0.0799187 0.0798067 0.0797523 0.188832 0.188893 0.188905 0.188813 0.267638 0.267639 0.267682 0.267735
4.245 0 0 0 0 0.116889 0.116963 0.116976 0.117112 0.193418 0.19358 0.193638 0.193575 0.228109 0.22804 0.227981 0.227975
4.265 0 0 0 0 0.153976 0.154265 0.15437 0.154333 0.18596 0.186016 0.186016 0.186015 0.176209 0.176192 0.176207 0.176241
4.285 0 0 0 0 0.172585 0.172975 0.173121 0.173229 0.174857 0.174788 0.174751 0.174768 0.144924 0.144927 0.144948 0.144964
4.305 0 0 0 0 0.141769 0.142172 0.141932 0.141536 0.149206 0.149128 0.149094 0.149134 0.130397 0.13041 0.130454 0.130489
4.325 0 0 0 0 0.0729642 0.0729438 0.0726018 0.0724662 0.109088 0.109144 0.109173 0.109154 0.123122 0.123107 0.123117 0.123144
4.345 0 0 0 0 -0.00282138 -0.00287777 -0.00280832 -0.00254129 0.0563145 0.0564489 0.0564683 0.0564086 0.10359 0.10358 0.103583 0.103598
4.365 0 0 0 0 -0.0619328 -0.0621827 -0.0621708 -0.0619618 -0.0110291 -0.0109071 -0.010902 -0.0109422 0.0450817 0.0450939 0.0451222 0.0451485
4.385 0 0 0 0 -0.0722654 -0.0723969 -0.0722774 -0.0721103 -0.0693401 -0.0693393 -0.0693242 -0.069311 -0.0408456 -0.0408544 -0.0409005 -0.0409425
4.405 0 0 0 0 -0.0481316 -0.0481886 -0.0481925 -0.0484271 -0.108046 -0.108173 -0.108199 -0.108145 -0.136073 -0.136049 -0.13604 -0.136057
4.425 0 0 0 0 -0.0281821 -0.0281511 -0.0280602 -0.028272 -0.12972 -0.129885 -0.129903 -0.129829 -0.210275 -0.21028 -0.210326 -0.210384
4.445 0 0 0 0 -0.0362849 -0.0362772 -0.0362926 -0.0365977 -0.14286 -0.142894 -0.142905 -0.142853 -0.234624 -0.234606 -0.234596 -0.234608
4.465 0 0 0 0 -0.0818118 -0.0817512 -0.0817544 -0.0818985 -0.157882 -0.157937 -0.15795 -0.157897 -0.211747 -0.211735 -0.211747 -0.211772
4.485 0 0 0 0 -0.137551 -0.13764 -0.137666 -0.137474 -0.172312 -0.172337 -0.172355 -0.172314 -0.166573 -0.166549 -0.166554 -0.166581
4.505 0 0 0 0 -0.179337 -0.179434 -0.1793 -0.178828 -0.181901 -0.181914 -0.181932 -0.181986 -0.139355 -0.139342 -0.13936 -0.139394
4.525 0 0 0 0 -0.171836 -0.171844 -0.172125 -0.172286 -0.167956 -0.167811 -0.167746 -0.167737 -0.135608 -0.13558 -0.135505 -0.135463
4.545 0 0 0 0 -0.0943228 -0.0941487 -0.0934684 -0.0928101 -0.130177 -0.130144 -0.130213 -0.130263 -0.137856 -0.137873 -0.137919 -0.137967
4.565 0 0 0 0 -0.00342314 -0.00338178 -0.00336666 -0.00341926 -0.0869207 -0.0870477 -0.0871624 -0.0870872 -0.140899 -0.140862 -0.140831 -0.140831
4.585 0 0 0 0 0.0472423 0.0473683 0.0470644 0.0466531 -0.0359452 -0.0360638 -0.036078 -0.0359258 -0.117004 -0.116952 -0.116926 -0.116933
4.605 0 0 0 0 0.0380534 0.0381824 0.0381039 0.0379071 0.00780288 0.00784817 0.00787071 0.00788488 -0.0508276 -0.0508688 -0.050896 -0.0508835
4.625 0 0 0 0 0.00514614 0.00507702 0.00515672 0.0052045 0.037202 0.037228 0.0372302 0.0371828 0.0504956 0.0505302 0.0505888 0.0506241
4.645 0 0 0 0 -0.0201384 -0.0202218 -0.02015 -0.020064 0.0533423 0.0533951 0.0534362 0.0533867 0.138445 0.138389 0.13833 0.138306
4.665 0 0 0 0 -0.00145704 -0.00168882 -0.00163148 -0.00144497 0.085385 0.0853658 0.0853203 0.085199 0.181572 0.181605 0.181649 0.181663
4.685 0 0 0 0 0.0597716 0.0597299 0.0597967 0.0597938 0.133767 0.13383 0.133827 0.133748 0.176756 0.176691 0.176629 0.176627
4.705 0 0 0 0 0.132926 0.133017 0.133109 0.133098 0.176467 0.176464 0.176434 0.176322 0.155547 0.155532 0.155541 0.155577
4.725 0 0 0 0 0.173002 0.173039 0.172872 0.172714 0.18832 0.188426 0.188514 0.188531 0.148462 0.14837 0.148273 0.148251
4.745 0 0 0 0 0.17195 0.172164 0.172013 0.17188 0.183952 0.183853 0.183828 0.183866 0.174481 0.174541 0.17464 0.1747
4.765 0 0 0 0 0.131158 0.131279 0.131216 0.131298 0.178992 0.178975 0.179004 0.179038 0.212068 0.212062 0.212069 0.212084
4.785 0 0 0 0 0.0794672 0.0794717 0.0794303 0.0795987 0.176146 0.176257 0.176282 0.176188 0.236327 0.236303 0.236322 0.236369
4.805 0 0 0 0 0.0553372 0.0553287 0.0553113 0.0556452 0.169302 0.16957 0.169601 0.169459 0.235946 0.235929 0.235978 0.236054
4.825 0 0 0 0 0.0744734 0.0745741 0.0746028 0.0748846 0.157084 0.157217 0.15724 0.157194 0.211161 0.211137 0.211116 0.21112
4.845 0 0 0 0 0.112417 0.11259 0.112491 0.112305 0.141739 0.141723 0.141708 0.141754 0.161934 0.161954 0.162007 0.162047
4.865 0 0 0 0 0.135473 0.135663 0.135605 0.135453 0.126073 0.126024 0.126036 0.126113 0.102617 0.102595 0.102561 0.102535
4.885 0 0 0 0 0.122882 0.123059 0.122994 0.12277 0.0998631 0.0998236 0.0998107 0.0998148 0.0531686 0.0531707 0.0532071 0.0532408
4.905 0 0 0 0 0.0817192 0.0818419 0.0818992 0.081888 0.0611293 0.0610946 0.0610979 0.0611058 0.031326 0.031311 0.0312855 0.0312688
4.925 0 0 0 0 0.0234421 0.0234708 0.0234432 0.023354 0.0189513 0.0189165 0.0189218 0.0189699 0.0276116 0.0276279 0.02764 0.0276377
4.945 0 0 0 0 -0.0443705 -0.0445169 -0.0444965 -0.0443622 -0.02177 -0.0217259 -0.0217212 -0.0217386 0.0121424 0.0121443 0.0121389 0.0121346
4.965 0 0 0 0 -0.0921477 -0.0924499 -0.0924603 -0.0922923 -0.0640207 -0.0639267 -0.0639307 -0.0640045 -0.0310825 -0.0310814 -0.0310695 -0.0310523
4.985 0 0 0 0 -0.109392 -0.109682 -0.109657 -0.109602 -0.122167 -0.122157 -0.122163 -0.122187 -0.110686 -0.110678 -0.110683 -0.110695
5.005 0 0 0 0 -0.0948417 -0.0950068 -0.0949678 -0.0951672 -0.173506 -0.173655 -0.173667 -0.173582 -0.200175 -0.200149 -0.200169 -0.200221
5.025 0 0 0 0 -0.076455 -0.0765144 -0.07645 -0.0767908 -0.199121 -0.199341 -0.199361 -0.199257 -0.270827 -0.2708 -0.270823 -0.270883
5.045 0 0 0 0 -0.0731566 -0.0732302 -0.0731502 -0.0733492 -0.19558 -0.195632 -0.195655 -0.195599 -0.290443 -0.29043 -0.290453 -0.290497
5.065 0 0 0 0 -0.0913198 -0.0913421 -0.0912743 -0.0912354 -0.177812 -0.177824 -0.177827 -0.17789 -0.249383 -0.249378 -0.249377 -0.249378
5.085 0 0 0 0 -0.11659 -0.116669 -0.116609 -0.116473 -0.154715 -0.154743 -0.154745 -0.154684 -0.166119 -0.166109 -0.166123 -0.16615
5.105 0 0 0 0 -0.137968 -0.1381 -0.138007 -0.137796 -0.131532 -0.131548 -0.131543 -0.131539 -0.0884543 -0.0884507 -0.0884786 -0.0885149
5.125 0 0 0 0 -0.13641 -0.136588 -0.13655 -0.136298 -0.0985128 -0.0984799 -0.0984861 -0.0985549 -0.0452795 -0.0452804 -0.0452814 -0.0452831
5.145 0 0 0 0 -0.0998178 -0.099987 -0.100002 -0.0998216 -0.0611208 -0.061033 -0.0610288 -0.0611067 -0.0360319 -0.0360592 -0.0360869 -0.0360877
5.165 0 0 0 0 -0.033082 -0.0331053 -0.0331027 -0.0330568 -0.0307701 -0.0307416 -0.0307477 -0.0307792 -0.0392348 -0.0392399 -0.0392383 -0.0392296
5.185 0 0 0 0 0.0418557 0.0419964 0.0419806 0.0418475 -0.00179006 -0.00185013 -0.00183445 -0.0017677 -0.03221 -0.0321931 -0.0321942 -0.0322122
5.205 0 0 0 0 0.0880588 0.0883048 0.0882844 0.0880629 0.0386389 0.0385418 0.0385499 0.0386342 -0.00340972 -0.00339352 -0.0034 -0.00341664
5.225 0 0 0 0 0.083883 0.0840087 0.0839984 0.0838182 0.0804539 0.0804425 0.0804219 0.0804263 0.0471138 0.0471166 0.0471403 0.0471677
5.245 0 0 0 0 0.0510187 0.0509089 0.0509232 0.0510182 0.105419 0.105515 0.105518 0.105425 0.1155 0.115468 0.115472 0.115506
5.265 0 0 0 0 0.0226041 0.0225055 0.0224982 0.0226353 0.107729 0.107753 0.107766 0.107752 0.176112 0.176096 0.176091 0.176096
5.285 0 0 0 0 0.0217334 0.021696 0.0216535 0.0217716 0.101681 0.101657 0.101687 0.101682 0.194286 0.1943 0.194315 0.194324
5.305 0 0 0 0 0.048136 0.0482232 0.0481836 0.0483085 0.108568 0.108668 0.108689 0.108681 0.161022 0.161028 0.161041 0.161055
5.325 0 0 0 0 0.0889276 0.0890616 0.0889918 0.0889799 0.122116 0.122203 0.122211 0.122141 0.105742 0.105724 0.105753 0.105802
5.345 0 0 0 0 0.118441 0.118691 0.118667 0.118523 0.116466 0.116476 0.116477 0.116454 0.0664843 0.0664569 0.0664625 0.0664878
5.365 0 0 0 0 0.113707 0.113958 0.11385 0.113566 0.0903526 0.0902685 0.0902722 0.090356 0.0599912 0.0599922 0.0599913 0.0599858
5.385 0 0 0 0 0.0666336 0.0668151 0.0668034 0.0666714 0.0608879 0.0608165 0.0608166 0.0608965 0.069248 0.0692666 0.0692717 0.0692584
5.405 0 0 0 0 -0.00281529 -0.00289061 -0.00292007 -0.0028113 0.0362194 0.0362969 0.0363093 0.0362739 0.0685763 0.0685709 0.0685757 0.0685888
5.425 0 0 0 0 -0.0608607 -0.0611229 -0.0611533 -0.0608662 0.000719505 0.00089631 0.000907504 0.000787808 0.0404878 0.0404688 0.0404799 0.0405173
5.445 0 0 0 0 -0.0797513 -0.0800029 -0.0800169 -0.07987 -0.0557179 -0.0556494 -0.0556461 -0.0556869 -0.0208745 -0.0208717 -0.0208695 -0.0208649
5.465 0 0 0 0 -0.0782538 -0.0783737 -0.0783232 -0.0784474 -0.126454 -0.126572 -0.126577 -0.126492 -0.122281 -0.122255 -0.122274 -0.122319
5.485 0 0 0 0 -0.0821974 -0.0822695 -0.0821832 -0.0824494 -0.186313 -0.186505 -0.186524 -0.186432 -0.23979 -0.239767 -0.239794 -0.239853
5.505 0 0 0 0 -0.107716 -0.107771 -0.107712 -0.107991 -0.234025 -0.234088 -0.23411 -0.234061 -0.33389 -0.333887 -0.333922 -0.33397
5.525 0 0 0 0 -0.1595 -0.15943 -0.159361 -0.159299 -0.283869 -0.28387 -0.28386 -0.28392 -0.378946 -0.37894 -0.378975 -0.379005
5.545 0 0 0 0 -0.227309 -0.227199 -0.226991 -0.226548 -0.331774 -0.331854 -0.331837 -0.331739 -0.376776 -0.376714 -0.3767 -0.376738
5.565 0 0 0 0 -0.290516 -0.290429 -0.29097 -0.291585 -0.362292 -0.362127 -0.361956 -0.361708 -0.357101 -0.357063 -0.357003 -0.357003
5.585 0 0 0 0 -0.288238 -0.287751 -0.286076 -0.284818 -0.356333 -0.356318 -0.356465 -0.356468 -0.337461 -0.337455 -0.337532 -0.337655
5.605 0 0 0 0 -0.241467 -0.240645 -0.240671 -0.241518 -0.288856 -0.289404 -0.289554 -0.289249 -0.309106 -0.308974 -0.308867 -0.30884
5.625 0 0 0 0 -0.18139 -0.182081 -0.183166 -0.18314 -0.189775 -0.189609 -0.189485 -0.189699 -0.248921 -0.248889 -0.248782 -0.248665
5.645 0 0 0 0 -0.0980797 -0.0989178 -0.09969 -0.099875 -0.108404 -0.108096 -0.107918 -0.10793 -0.140422 -0.14042 -0.140392 -0.140365
5.665 0 0 0 0 -0.00399515 -0.00398871 -0.00393431 -0.00378506 -0.0281721 -0.0281869 -0.0281062 -0.0279885 -0.00288671 -0.00285904 -0.00284671 -0.00285883
5.685 0 0 0 0 0.0831577 0.0835486 0.0839677 0.0839224 0.0891952 0.0890553 0.0890878 0.0892365 0.128365 0.12836 0.128275 0.128176
5.705 0 0 0 0 0.141306 0.141361 0.141563 0.141487 0.228966 0.229004 0.228891 0.228687 0.238266 0.23821 0.23823 0.238305
5.725 0 0 0 0 0.154451 0.154375 0.154547 0.154475 0.301401 0.301602 0.30157 0.301233 0.314667 0.314508 0.314387 0.314409
5.745 0 0 0 0 0.156679 0.156457 0.156338 0.156176 0.291314 0.291363 0.291304 0.291091 0.365446 0.365418 0.365457 0.365526
5.765 0 0 0 0 0.16258 0.162866 0.163066 0.163053 0.2575 0.257382 0.257408 0.257554 0.371913 0.371903 0.371831 0.37176
5.785 0 0 0 0 0.170142 0.170202 0.170259 0.170637 0.246807 0.246806 0.246758 0.246741 0.316924 0.316923 0.316929 0.316945
5.805 0 0 0 0 0.184439 0.184736 0.184892 0.185272 0.249957 0.250067 0.250056 0.249906 0.234874 0.234779 0.234721 0.234754
5.825 0 0 0 0 0.206224 0.206503 0.206618 0.206683 0.222892 0.222925 0.222874 0.222758 0.172909 0.172859 0.172854 0.172893
5.845 0 0 0 0 0.209952 0.210196 0.21022 0.209939 0.161234 0.161091 0.161074 0.161204 0.139362 0.139371 0.139341 0.139297
5.865 0 0 0 0 0.165226 0.164999 0.164819 0.164938 0.108854 0.108734 0.108776 0.108963 0.111543 0.111639 0.1117 0.111668
5.885 0 0 0 0 0.0719518 0.0721227 0.0719727 0.0715033 0.0876871 0.0877034 0.0877209 0.0877617 0.0815169 0.0815363 0.0816057 0.0816569
5.905 0 0 0 0 -0.0251333 -0.0251943 -0.0253293 -0.0252649 0.0527306 0.0529661 0.0530611 0.0529426 0.0528303 0.0526951 0.0525759 0.0525766
5.925 0 0 0 0 -0.0761931 -0.0761515 -0.0760616 -0.0758515 -0.0181078 -0.0179952 -0.0180559 -0.018224 0.0296811 0.0297318 0.0298392 0.0299235
5.945 0 0 0 0 -0.0728131 -0.0728713 -0.0727156 -0.0726591 -0.0865948 -0.0867394 -0.0867039 -0.0864977 -0.0173388 -0.0173561 -0.0174973 -0.0176361
5.965 0 0 0 0 -0.0583283 -0.0584001 -0.0584454 -0.0587476 -0.114654 -0.114842 -0.114913 -0.114822 -0.109249 -0.109141 -0.109047 -0.109046
5.985 0 0 0 0 -0.0531613 -0.0532896 -0.0532987 -0.0534622 -0.117071 -0.117064 -0.117041 -0.117075 -0.207459 -0.207524 -0.207579 -0.207584
6.005 0 0 0 0 -0.0608147 -0.0608849 -0.0608988 -0.0610335 -0.143032 -0.142969 -0.142957 -0.142998 -0.25481 -0.254809 -0.254813 -0.25482
6.025 0 0 0 0 -0.0850718 -0.0850425 -0.0851113 -0.0852878 -0.188397 -0.188475 -0.188462 -0.188336 -0.237069 -0.237033 -0.237014 -0.237029
6.045 0 0 0 0 -0.134555 -0.134451 -0.134481 -0.134294 -0.210489 -0.210635 -0.21061 -0.210401 -0.196606 -0.196558 -0.196614 -0.196724
6.065 0 0 0 0 -0.185123 -0.185341 -0.185334 -0.185024 -0.189293 -0.189299 -0.189333 -0.189394 -0.167254 -0.167242 -0.167238 -0.167248
6.085 0 0 0 0 -0.196757 -0.197543 -0.197956 -0.198071 -0.161717 -0.161473 -0.161497 -0.161625 -0.154903 -0.154871 -0.15472 -0.154599
6.105 0 0 0 0 -0.148141 -0.147934 -0.147393 -0.146882 -0.151164 -0.151117 -0.15109 -0.151124 -0.144027 -0.14406 -0.144125 -0.144164
6.125 0 0 0 0 -0.0676058 -0.0676779 -0.067997 -0.0681896 -0.135048 -0.135139 -0.135093 -0.134904 -0.135823 -0.135767 -0.135733 -0.135755
6.145 0 0 0 0 0.00292374 0.00317789 0.0031429 0.00288621 -0.0802454 -0.0803709 -0.0803338 -0.0801072 -0.122403 -0.122355 -0.122364 -0.12242
6.165 0 0 0 0 0.0347313 0.034791 0.0346365 0.034414 -0.00896675 -0.00890848 -0.00890401 -0.00889172 -0.0854204 -0.0854534 -0.0854624 -0.0854332
6.185 0 0 0 0 0.039121 0.0391196 0.039169 0.0391518 0.0445874 0.0446607 0.0446638 0.0445883 -0.000827999 -0.000840768 -0.000832645 -0.000806159
6.205 0 0 0 0 0.0357275 0.0357523 0.0358179 0.035822 0.0752883 0.0752826 0.0752733 0.0752367 0.113982 0.113948 0.113916 0.113909
6.225 0 0 0 0 0.0377228 0.0376637 0.0377482 0.0377802 0.1117 0.111612 0.11159 0.111565 0.207034 0.20706 0.20707 0.20705
6.245 0 0 0 0 0.0532688 0.0531441 0.0532162 0.0532803 0.16279 0.162888 0.162881 0.162723 0.242244 0.242188 0.242152 0.242165
6.265 0 0 0 0 0.0856944 0.0855909 0.0856462 0.085718 0.193922 0.194076 0.194045 0.193855 0.223719 0.223672 0.223664 0.223713
6.285 0 0 0 0 0.134447 0.134571 0.134625 0.134791 0.186537 0.186592 0.186592 0.186509 0.190062 0.190009 0.189973 0.189994
6.305 0 0 0 0 0.167257 0.167569 0.167552 0.16733 0.16158 0.161488 0.161518 0.161642 0.159631 0.159613 0.159566 0.159528
6.325 0 0 0 0 0.166506 0.166835 0.166835 0.166616 0.151271 0.151176 0.151166 0.151242 0.139153 0.139174 0.139188 0.139182
6.345 0 0 0 0 0.139024 0.139281 0.139317 0.139293 0.155509 0.155512 0.155514 0.155493 0.1367 0.136656 0.136615 0.136616
6.365 0 0 0 0 0.0987453 0.0985637 0.0986079 0.0991162 0.142716 0.142827 0.142851 0.142758 0.146464 0.14644 0.146444 0.146474
6.385 0 0 0 0 0.0500568 0.0501824 0.0501824 0.0503067 0.103885 0.103877 0.10383 0.10377 0.146868 0.146904 0.146988 0.147053
6.405 0 0 0 0 0.00751546 0.00762923 0.00768549 0.00780877 0.0577337 0.0577381 0.0577278 0.0577665 0.116553 0.116524 0.116461 0.116421
6.425 0 0 0 0 -0.0148401 -0.0147984 -0.0148731 -0.0149305 0.0218941 0.0219117 0.0218402 0.021754 0.0550559 0.0551111 0.055223 0.0552998
6.445 0 0 0 0 -0.00883757 -0.00887587 -0.00884612 -0.00875411 -0.00525599 -0.00521193 -0.00517608 -0.00519167 -0.015987 -0.0160378 -0.0161059 -0.0161329
6.465 0 0 0 0 0.0119966 0.012019 0.0119835 0.0118056 -0.0285223 -0.0285804 -0.0286127 -0.0286125 -0.067936 -0.0678849 -0.0678054 -0.0677701
6.485 0 0 0 0 0.00815711 0.00817641 0.008223 0.00804349 -0.0575712 -0.0576872 -0.0576582 -0.0575272 -0.101656 -0.101666 -0.101719 -0.101773
6.505 0 0 0 0 -0.0322944 -0.0323196 -0.0323387 -0.0325485 -0.0857297 -0.0858075 -0.0858148 -0.0857531 -0.118176 -0.118145 -0.118129 -0.118144
6.525 0 0 0 0 -0.084973 -0.0850784 -0.0850499 -0.0851175 -0.108312 -0.10831 -0.108293 -0.108281 -0.119135 -0.119158 -0.119206 -0.119235
6.545 0 0 0 0 -0.121272 -0.12148 -0.121478 -0.121417 -0.129429 -0.129409 -0.129406 -0.129414 -0.117159 -0.117168 -0.117203 -0.117233
6.565 0 0 0 0 -0.110653 -0.110864 -0.11091 -0.11088 -0.125116 -0.125144 -0.125173 -0.125182 -0.106413 -0.10636 -0.106297 -0.106275
6.585 0 0 0 0 -0.0717313 -0.0717746 -0.0717319 -0.0716717 -0.0985692 -0.0985776 -0.0985658 -0.0985327 -0.100529 -0.100546 -0.100603 -0.100653
6.605 0 0 0 0 -0.0432387 -0.0432891 -0.0433173 -0.0433186 -0.0770739 -0.0770484 -0.0770582 -0.0770677 -0.110223 -0.110204 -0.110171 -0.110154
6.625 0 0 0 0 -0.0557294 -0.0557176 -0.0557348 -0.0557358 -0.0948863 -0.0948645 -0.094876 -0.0949059 -0.137899 -0.137895 -0.13788 -0.137861
6.645 0 0 0 0 -0.0455958 -0.0454776 -0.0454232 -0.0454492 -0.0897796 -0.089817 -0.0897988 -0.0897278 -0.113625 -0.113621 -0.113658 -0.113697
6.665 0 0 0 0 -0.0322921 -0.0322362 -0.032284 -0.0323418 -0.0654958 -0.065614 -0.0656591 -0.065584 -0.0666687 -0.0665907 -0.066497 -0.0664689
6.685 0 0 0 0 -0.0227496 -0.0226608 -0.0226439 -0.0226847 -0.0236287 -0.0236297 -0.0236044 -0.0235774 -0.0173644 -0.0173837 -0.0174308 -0.0174655
6.705 0 0 0 0 -0.0175254 -0.0176605 -0.0177118 -0.0176778 0.0100412 0.0100987 0.0100815 0.0100046 0.0162223 0.0162282 0.0162796 0.0163314
6.725 0 0 0 0 -0.00419652 -0.00424564 -0.00420769 -0.00417259 0.0249514 0.0250092 0.0250253 0.0249827 0.0393921 0.0393618 0.0393283 0.0393192
6.745 0 0 0 0 0.0175286 0.0175359 0.0175342 0.0175256 0.0286386 0.0286066 0.0285989 0.0286163 0.0495337 0.0495415 0.0495479 0.0495471
6.765 0 0 0 0 0.0426637 0.0426748 0.0426826 0.0426416 0.0448524 0.0448273 0.0448329 0.0448661 0.0534443 0.0534439 0.0534276 0.0534091
6.785 0 0 0 0 0.0704208 0.0704368 0.0704588 0.0704069 0.0826479 0.0826824 0.0826811 0.0826463 0.0699249 0.0698902 0.0698595 0.0698591
6.805 0 0 0 0 0.0938982 0.0939399 0.0939411 0.0939191 0.119754 0.119785 0.119775 0.11973 0.106077 0.106075 0.106109 0.10615
6.825 0 0 0 0 0.114253 0.11437 0.114379 0.11434 0.148848 0.148841 0.148849 0.148868 0.162086 0.16206 0.162033 0.162025
6.845 0 0 0 0 0.115911 0.116104 0.116104 0.116076 0.164861 0.16483 0.164835 0.164892 0.205789 0.205782 0.205776 0.205776
6.865 0 0 0 0 0.117559 0.117754 0.117755 0.117907 0.185876 0.18591 0.185908 0.18586 0.231474 0.231469 0.231482 0.231517
6.885 0 0 0 0 0.125653 0.125675 0.125609 0.125934 0.206513 0.206647 0.20661 0.206443 0.23878 0.238802 0.238912 0.239021
6.905 0 0 0 0 0.135442 0.135225 0.134885 0.134968 0.205825 0.20601 0.206041 0.205988 0.228002 0.227979 0.228001 0.228045
6.925 0 0 0 0 0.112737 0.112817 0.112632 0.112595 0.154474 0.154539 0.154569 0.154574 0.174343 0.174366 0.174427 0.174474
6.945 0 0 0 0 0.0673412 0.0673566 0.0672506 0.0671921 0.079915 0.0799364 0.0800023 0.080062 0.0938247 0.0938122 0.0937835 0.0937626
6.965 0 0 0 0 0.0106127 0.0107119 0.0107318 0.0106549 0.00448656 0.00445777 0.00446576 0.00450279 0.00173065 0.0017366 0.00174216 0.00174119
6.985 0 0 0 0 -0.0389772 -0.0390568 -0.0389968 -0.0389734 -0.0578581 -0.0578563 -0.0578661 -0.0578954 -0.0768463 -0.0768639 -0.0768933 -0.0769113
7.005 0 0 0 0 -0.0820064 -0.082168 -0.0821281 -0.0821987 -0.124121 -0.124176 -0.124202 -0.124211 -0.14615 -0.146145 -0.146148 -0.146158
7.025 0 0 0 0 -0.115402 -0.115463 -0.11532 -0.115417 -0.187558 -0.187719 -0.18775 -0.1877 -0.207104 -0.20708 -0.207111 -0.207169
7.045 0 0 0 0 -0.137483 -0.137631 -0.137619 -0.137904 -0.229043 -0.22922 -0.229223 -0.229116 -0.258405 -0.258384 -0.258419 -0.258479
7.065 0 0 0 0 -0.145014 -0.145107 -0.145156 -0.145347 -0.23561 -0.235638 -0.235603 -0.235514 -0.284763 -0.284771 -0.284838 -0.284912
7.085 0 0 0 0 -0.153111 -0.153212 -0.153241 -0.153148 -0.226533 -0.226511 -0.22649 -0.226551 -0.284447 -0.284432 -0.284403 -0.284386
7.105 0 0 0 0 -0.166031 -0.166067 -0.165997 -0.165656 -0.220985 -0.220952 -0.220934 -0.220938 -0.257535 -0.257534 -0.257575 -0.257614
7.125 0 0 0 0 -0.174715 -0.174769 -0.174659 -0.174409 -0.212317 -0.212338 -0.21234 -0.212313 -0.213053 -0.213052 -0.213094 -0.213145
7.145 0 0 0 0 -0.154997 -0.155469 -0.155806 -0.155976 -0.176261 -0.176295 -0.176366 -0.176293 -0.159571 -0.159409 -0.159156 -0.159041
7.165 0 0 0 0 -0.105426 -0.105075 -0.104985 -0.105219 -0.114438 -0.114434 -0.114331 -0.114215 -0.106726 -0.106792 -0.106915 -0.106991
7.185 0 0 0 0 -0.0299005 -0.0300192 -0.030303 -0.0305975 -0.0396808 -0.0396577 -0.0396349 -0.0395896 -0.0523275 -0.0523171 -0.0522883 -0.052271
7.205 0 0 0 0 0.0440377 0.0443112 0.0445072 0.0444788 0.0301322 0.0300964 0.0300921 0.030127 0.0075498 0.00754165 0.00752585 0.00751882
7.225 0 0 0 0 0.0829175 0.0830715 0.0831905 0.0832008 0.0834262 0.0833999 0.0833776 0.0833561 0.0688899 0.0688582 0.0688078 0.0687864
7.245 0 0 0 0 0.0958445 0.0958124 0.095886 0.0959167 0.134235 0.134219 0.134183 0.134109 0.14168 0.141686 0.141718 0.14175
7.265 0 0 0 0 0.101252 0.101198 0.101237 0.101214 0.182532 0.182642 0.182673 0.182555 0.221467 0.221367 0.221258 0.221229
7.285 0 0 0 0 0.116005 0.115907 0.115851 0.115945 0.220776 0.220816 0.22081 0.220757 0.285787 0.285777 0.28581 0.285857
7.305 0 0 0 0 0.13769 0.137761 0.1377 0.137917 0.235822 0.235805 0.235836 0.235788 0.306598 0.306584 0.306575 0.30659
7.325 0 0 0 0 0.167654 0.168036 0.168043 0.168145 0.241209 0.241274 0.241296 0.241273 0.286245 0.28621 0.286191 0.286222
7.345 0 0 0 0 0.1858 0.185767 0.185932 0.186548 0.228481 0.228598 0.228597 0.228505 0.232303 0.23229 0.232305 0.232335
7.365 0 0 0 0 0.179547 0.179329 0.178725 0.178327 0.196955 0.197038 0.197057 0.197035 0.17581 0.175873 0.176045 0.176172
7.385 0 0 0 0 0.146992 0.147561 0.147972 0.148208 0.153176 0.153087 0.153041 0.153036 0.136695 0.136662 0.136614 0.136593
7.405 0 0 0 0 0.0942272 0.0944078 0.0944958 0.094444 0.106266 0.106236 0.106168 0.106161 0.113232 0.113282 0.113369 0.113417
7.425 0 0 0 0 0.0242203 0.0242003 0.024207 0.024287 0.0529262 0.0529701 0.0529918 0.0529923 0.0791342 0.0791121 0.0790956 0.0791032
7.445 0 0 0 0 -0.0532307 -0.0533986 -0.0534256 -0.0532582 -0.0167505 -0.0166719 -0.016684 -0.0167372 0.0129353 0.0129478 0.0129576 0.0129567
7.465 0 0 0 0 -0.104655 -0.105 -0.10504 -0.105036 -0.100555 -0.100491 -0.100475 -0.100518 -0.0812359 -0.0812456 -0.0812339 -0.0812057
7.485 0 0 0 0 -0.10923 -0.109293 -0.109154 -0.109187 -0.171428 -0.171583 -0.171604 -0.171519 -0.179722 -0.1797 -0.179762 -0.179856
7.505 0 0 0 0 -0.0982768 -0.0983386 -0.0982758 -0.0987109 -0.215189 -0.215411 -0.215434 -0.21533 -0.270721 -0.270691 -0.270688 -0.270718
7.525 0 0 0 0 -0.101976 -0.102083 -0.101999 -0.102306 -0.232621 -0.232693 -0.232695 -0.232585 -0.328272 -0.32827 -0.328352 -0.328454
7.545 0 0 0 0 -0.129047 -0.128913 -0.128884 -0.129059 -0.237359 -0.237355 -0.237327 -0.237391 -0.329824 -0.32982 -0.329819 -0.329811
7.565 0 0 0 0 -0.170958 -0.170814 -0.170852 -0.170636 -0.241689 -0.241716 -0.241694 -0.241636 -0.280756 -0.280724 -0.28073 -0.280761
7.585 0 0 0 0 -0.215735 -0.215838 -0.215833 -0.215545 -0.241603 -0.241642 -0.241638 -0.24159 -0.218442 -0.218434 -0.218478 -0.218541
7.605 0 0 0 0 -0.252909 -0.252253 -0.252219 -0.252726 -0.234019 -0.234062 -0.234025 -0.233953 -0.187321 -0.187311 -0.187295 -0.187293
7.625 0 0 0 0 -0.233612 -0.233499 -0.233534 -0.232783 -0.216368 -0.216422 -0.216514 -0.216751 -0.187254 -0.187191 -0.187051 -0.186944
7.645 0 0 0 0 -0.161266 -0.162287 -0.163471 -0.163946 -0.192311 -0.192113 -0.191995 -0.19195 -0.198597 -0.198636 -0.198723 -0.198798
7.665 0 0 0 0 -0.0655204 -0.0657019 -0.0657853 -0.0655984 -0.150679 -0.150748 -0.150792 -0.150718 -0.200336 -0.200225 -0.200062 -0.199977
7.685 0 0 0 0 0.00624954 0.00635266 0.00608016 0.00570912 -0.0920693 -0.0921 -0.0919706 -0.0917419 -0.168207 -0.168163 -0.168193 -0.168261
7.705 0 0 0 0 0.0315794 0.0320442 0.032238 0.0322427 -0.0275068 -0.0275447 -0.0275311 -0.027451 -0.0947106 -0.0947195 -0.0947042 -0.0946721
7.725 0 0 0 0 0.0133716 0.0133072 0.0133905 0.0134214 0.0218742 0.0219053 0.0218889 0.0218492 0.0100235 0.0100483 0.0100728 0.0100806
7.745 0 0 0 0 -0.00343288 -0.00347626 -0.00335616 -0.00319381 0.0626904 0.0627214 0.0626949 0.0625743 0.122285 0.122204 0.122127 0.122111
7.765 0 0 0 0 0.00760471 0.0073172 0.00729119 0.00741582 0.101985 0.101954 0.101901 0.101771 0.197393 0.197432 0.197489 0.19751
7.785 0 0 0 0 0.0539486 0.0538533 0.0538371 0.0537749 0.146575 0.146657 0.146683 0.14657 0.217197 0.217109 0.217013 0.21699
7.805 0 0 0 0 0.126172 0.12613 0.12617 0.126048 0.194378 0.194417 0.1944 0.194302 0.206556 0.206574 0.206642 0.206708
7.825 0 0 0 0 0.186904 0.187165 0.187199 0.18685 0.227151 0.227212 0.227255 0.227216 0.201686 0.201599 0.201511 0.201502
7.845 0 0 0 0 0.205488 0.20574 0.205942 0.205997 0.234975 0.234948 0.234905 0.234885 0.217612 0.217582 0.217552 0.217548
7.865 0 0 0 0 0.174736 0.175083 0.175182 0.17518 0.213063 0.212987 0.212969 0.213013 0.234742 0.234702 0.234646 0.234624
7.885 0 0 0 0 0.132567 0.132782 0.132714 0.132765 0.188817 0.18875 0.188753 0.188761 0.24172 0.24173 0.241751 0.241773
7.905 0 0 0 0 0.0919267 0.0920981 0.0921292 0.0923343 0.164251 0.16429 0.164322 0.164248 0.215518 0.215477 0.21545 0.215462
7.925 0 0 0 0 0.0716445 0.0717033 0.0716991 0.0719251 0.136426 0.136583 0.136592 0.136485 0.164374 0.164348 0.164366 0.164413
7.945 0 0 0 0 0.0677249 0.0677698 0.0676481 0.0678894 0.0935699 0.0936172 0.0936219 0.0935693 0.0993198 0.0993434 0.0993774 0.0993989
7.965 0 0 0 0 0.0608332 0.0608251 0.0609033 0.0608605 0.04252 0.0424893 0.0424971 0.0425436 0.0322064 0.0322244 0.0322651 0.0322856
7.985 0 0 0 0 0.0367853 0.0367267 0.0367339 0.036619 -0.00263087 -0.00270881 -0.00271663 -0.00264151 -0.0270601 -0.0270316 -0.0270271 -0.0270552
8.005 0 0 0 0 -0.0079929 -0.0079747 -0.00794321 -0.00803272 -0.0402196 -0.040265 -0.0402884 -0.0402915 -0.0712061 -0.0712044 -0.0711982 -0.0711945
8.025 0 0 0 0 -0.0545388 -0.054653 -0.054689 -0.0547611 -0.0731466 -0.0731456 -0.0731467 -0.0731399 -0.0914938 -0.0915077 -0.0915361 -0.0915576
8.045 0 0 0 0 -0.0814345 -0.0815433 -0.0815657 -0.0816885 -0.0991805 -0.0992065 -0.0991987 -0.0991614 -0.0927347 -0.0927272 -0.0927395 -0.0927594
8.065 0 0 0 0 -0.0826809 -0.0828127 -0.0828501 -0.0829059 -0.107575 -0.107635 -0.107612 -0.107538 -0.0922378 -0.0922293 -0.092262 -0.0923057
8.085 0 0 0 0 -0.0689732 -0.0690728 -0.0690641 -0.0690758 -0.0949992 -0.0950107 -0.0950187 -0.0950032 -0.0995105 -0.0994782 -0.0994519 -0.0994569
8.105 0 0 0 0 -0.0549693 -0.0550459 -0.0550067 -0.0550003 -0.0806881 -0.0806481 -0.0806535 -0.0806828 -0.111367 -0.111382 -0.111389 -0.111386
8.125 0 0 0 0 -0.0510937 -0.0511454 -0.0511403 -0.0511241 -0.0858571 -0.0858305 -0.0858206 -0.0858235 -0.11962 -0.119623 -0.11964 -0.119659
8.145 0 0 0 0 -0.0494301 -0.0494689 -0.0495092 -0.0495421 -0.0922246 -0.0922567 -0.0922565 -0.0922235 -0.108861 -0.108833 -0.10881 -0.108815
8.165 0 0 0 0 -0.0489188 -0.048871 -0.048866 -0.048863 -0.0802598 -0.0802979 -0.0802839 -0.0802334 -0.0836757 -0.0836742 -0.0837082 -0.0837468
8.185 0 0 0 0 -0.0483312 -0.0483751 -0.0483853 -0.0483228 -0.0532234 -0.0532136 -0.053215 -0.0532335 -0.0554061 -0.0553958 -0.0553817 -0.0553752
8.205 0 0 0 0 -0.032957 -0.0329611 -0.0329772 -0.0329552 -0.0204521 -0.0204086 -0.0204047 -0.0204509 -0.0201646 -0.0201821 -0.0201862 -0.0201738
8.225 0 0 0 0 0.00212049 0.00210146 0.00211354 0.00211869 0.0114792 0.0114794 0.0114716 0.0114671 0.0208881 0.0208961 0.020907 0.0209108
8.245 0 0 0 0 0.0390527 0.0390678 0.0390794 0.0390435 0.0437846 0.0437616 0.0437623 0.0437899 0.0561085 0.0561015 0.0560831 0.0560686
8.265 0 0 0 0 0.0509197 0.0509412 0.050934 0.0509021 0.0664241 0.0664295 0.0664303 0.0664251 0.0693065 0.0693022 0.069304 0.0693112
8.285 0 0 0 0 0.0484688 0.0485121 0.0485193 0.0485162 0.0762992 0.0763338 0.0763275 0.0762887 0.0743722 0.0743573 0.0743653 0.0743882
8.305 0 0 0 0 0.0438862 0.0439296 0.0439431 0.0439547 0.0696537 0.0696659 0.0696702 0.0696642 0.0796788 0.07966 0.0796441 0.0796453
8.325 0 0 0 0 0.0404035 0.0404498 0.0404395 0.0404238 0.0578769 0.0578401 0.0578359 0.0578677 0.0810648 0.0810775 0.0810932 0.0810983
8.345 0 0 0 0 0.0438164 0.0438822 0.0438805 0.0438753 0.0616903 0.0616671 0.0616764 0.0617037 0.0797574 0.0797524 0.079739 0.0797322
8.365 0 0 0 0 0.057898 0.0579712 0.0579628 0.0579936 0.0818206 0.0818457 0.0818476 0.0818196 0.0833239 0.0833116 0.0833143 0.0833291
8.385 0 0 0 0 0.0767302 0.0768673 0.0768509 0.0768736 0.100804 0.100842 0.100844 0.100802 0.0960821 0.0960663 0.0960743 0.0961002
8.405 0 0 0 0 0.0895966 0.089621 0.0895835 0.0897556 0.109439 0.109457 0.109475 0.10947 0.114922 0.11492 0.114926 0.114935
8.425 0 0 0 0 0.091391 0.0914892 0.0914751 0.0915196 0.117512 0.117507 0.11749 0.117481 0.135292 0.135322 0.135388 0.135433
8.445 0 0 0 0 0.0908462 0.0907987 0.0905962 0.0905005 0.133423 0.133496 0.133525 0.133537 0.154949 0.154935 0.154933 0.15494
8.465 0 0 0 0 0.0871543 0.0871647 0.0870096 0.0870266 0.143491 0.143614 0.143619 0.143545 0.164307 0.164318 0.164388 0.164457
8.485 0 0 0 0 0.0838719 0.0839585 0.0839254 0.0840577 0.135603 0.135692 0.135716 0.135691 0.159031 0.159001 0.158982 0.15899
8.505 0 0 0 0 0.0757329 0.0758438 0.0757953 0.0757637 0.109724 0.10975 0.10975 0.109761 0.133653 0.13367 0.13371 0.133739
8.525 0 0 0 0 0.0585415 0.0586056 0.0586034 0.058607 0.0744384 0.0744462 0.0744584 0.0744828 0.087333 0.087326 0.0873168 0.0873132
8.545 0 0 0 0 0.0353133 0.0353645 0.0353447 0.0353248 0.0380345 0.0380369 0.0380364 0.0380345 0.0325438 0.0325424 0.0325475 0.0325539
8.565 0 0 0 0 0.00648754 0.00650572 0.00652468 0.0065141 -0.00265549 -0.0026552 -0.00266171 -0.00268433 -0.0189349 -0.0189392 -0.0189352 -0.0189275
8.585 0 0 0 0 -0.0301504 -0.0302231 -0.0302286 -0.0302847 -0.052452 -0.0524806 -0.052479 -0.0524623 -0.0656187 -0.0656196 -0.0656336 -0.0656502
8.605 0 0 0 0 -0.0679559 -0.0681124 -0.0680931 -0.0681595 -0.103099 -0.103154 -0.10316 -0.103138 -0.108951 -0.108934 -0.108936 -0.108955
8.625 0 0 0 0 -0.0929231 -0.0931046 -0.09306 -0.0931399 -0.140101 -0.140183 -0.140189 -0.140145 -0.148636 -0.148622 -0.148644 -0.148682
8.645 0 0 0 0 -0.110977 -0.111069 -0.110944 -0.11101 -0.169602 -0.169707 -0.169734 -0.169723 -0.192661 -0.192644 -0.192655 -0.192683
8.665 0 0 0 0 -0.120093 -0.120225 -0.120153 -0.120259 -0.192054 -0.192155 -0.19217 -0.192132 -0.230224 -0.230226 -0.230269 -0.230315
8.685 0 0 0 0 -0.126168 -0.126244 -0.126258 -0.126466 -0.207739 -0.207794 -0.20779 -0.207712 -0.251286 -0.251281 -0.251326 -0.251384
8.705 0 0 0 0 -0.138085 -0.138106 -0.138144 -0.138126 -0.213109 -0.213139 -0.213106 -0.213119 -0.253235 -0.25323 -0.253247 -0.253269
8.725 0 0 0 0 -0.149425 -0.1494 -0.14941 -0.149244 -0.200313 -0.200336 -0.200349 -0.200349 -0.229233 -0.229208 -0.229206 -0.229223
8.745 0 0 0 0 -0.151955 -0.152027 -0.151979 -0.151757 -0.176978 -0.176958 -0.176967 -0.17698 -0.186255 -0.186264 -0.186297 -0.186325
8.765 0 0 0 0 -0.143928 -0.143464 -0.143401 -0.143675 -0.15028 -0.15032 -0.150302 -0.150249 -0.141051 -0.141031 -0.141016 -0.14102
8.785 0 0 0 0 -0.114701 -0.114919 -0.115224 -0.115334 -0.122674 -0.122697 -0.122707 -0.122688 -0.108186 -0.108095 -0.107954 -0.107887
8.805 0 0 0 0 -0.0721106 -0.072111 -0.0720115 -0.0719479 -0.0901863 -0.0901506 -0.09012 -0.0900716 -0.0882072 -0.0882464 -0.0883201 -0.0883729
8.825 0 0 0 0 -0.0196977 -0.0199384 -0.0201716 -0.0201866 -0.0489397 -0.048974 -0.0490018 -0.0489766 -0.0700597 -0.0699899 -0.069896 -0.0698529
8.845 0 0 0 0 0.0195755 0.0196922 0.0197358 0.0197263 -0.00813386 -0.00811246 -0.00808726 -0.00806032 -0.0415967 -0.0416258 -0.0416798 -0.0417086
8.865 0 0 0 0 0.0301529 0.0302284 0.0303109 0.0303264 0.017315 0.0172916 0.0172447 0.0172267 -0.00525415 -0.00524093 -0.00520629 -0.00517792
8.885 0 0 0 0 0.0164479 0.0164667 0.0165187 0.0165063 0.0291561 0.0291664 0.0291718 0.029157 0.0359737 0.0359687 0.0359555 0.0359455
8.905 0 0 0 0 -0.00211404 -0.00216057 -0.00215089 -0.00210371 0.0339628 0.0339748 0.0339713 0.0339228 0.067608 0.0675855 0.067571 0.0675735
8.925 0 0 0 0 -0.00930825 -0.00948036 -0.0095288 -0.00950903 0.0348267 0.0348664 0.0348643 0.0348089 0.0751312 0.0751446 0.075172 0.0751876
8.945 0 0 0 0 0.00625769 0.00623934 0.00626717 0.00629596 0.0372418 0.037278 0.0372886 0.0372691 0.0614259 0.0613851 0.0613401 0.0613288
8.965 0 0 0 0 0.0379108 0.0379134 0.0379326 0.0379256 0.0439261 0.0438991 0.0438751 0.0438551 0.040447 0.0404752 0.0405198 0.0405444
8.985 0 0 0 0 0.0596449 0.0598039 0.0598938 0.0598659 0.0489138 0.0489106 0.0489221 0.0489238 0.0247965 0.0247544 0.0246897 0.024661
9.005 0 0 0 0 0.0584461 0.0584761 0.0584965 0.0584676 0.0498828 0.0498634 0.0498386 0.0498274 0.025504 0.0255203 0.0255519 0.0255751
9.025 0 0 0 0 0.0440747 0.0441001 0.0441282 0.0441045 0.053784 0.0538113 0.0538297 0.0538189 0.0515373 0.0514957 0.0514371 0.0514121
9.045 0 0 0 0 0.0272807 0.0272181 0.0272135 0.0272128 0.0602149 0.0602203 0.0602034 0.0601775 0.0859569 0.0859627 0.0859867 0.0860073
9.065 0 0 0 0 0.0201422 0.0200709 0.0200895 0.0201421 0.0695295 0.0695592 0.0695629 0.0695421 0.110298 0.11027 0.110239 0.11023
9.085 0 0 0 0 0.0308376 0.0308546 0.0308421 0.0308806 0.0795514 0.0795667 0.0795644 0.0795666 0.114381 0.11437 0.114377 0.114393
9.105 0 0 0 0 0.0524071 0.0524665 0.0524413 0.0524373 0.0822259 0.0822259 0.0822423 0.0822375 0.0977171 0.0977087 0.0977077 0.0977151
9.125 0 0 0 0 0.0739625 0.0740841 0.0740977 0.0740546 0.0802685 0.0802609 0.0802649 0.0802799 0.074371 0.0743554 0.07434 0.0743404
9.145 0 0 0 0 0.0761919 0.0763316 0.0763534 0.0762856 0.0696971 0.0696825 0.0696757 0.0696885 0.0514256 0.0514181 0.0514106 0.0514071
9.165 0 0 0 0 0.0480274 0.048118 0.0481274 0.0480852 0.0432584 0.0432509 0.0432469 0.0432483 0.0287636 0.0287563 0.0287495 0.0287491
9.185 0 0 0 0 0.00494398 0.00495456 0.0049543 0.00495904 0.00880018 0.00880055 0.00880485 0.00880618 0.0111742 0.011167 0.0111578 0.0111545
9.205 0 0 0 0 -0.0334561 -0.0335237 -0.0335343 -0.0334936 -0.022931 -0.0229306 -0.0229359 -0.022944 -0.00489907 -0.00488774 -0.0048701 -0.00486252
9.225 0 0 0 0 -0.0533934 -0.0534919 -0.053492 -0.0534303 -0.0458753 -0.0458643 -0.0458524 -0.0458547 -0.0269815 -0.0269857 -0.026998 -0.027007
9.245 0 0 0 0 -0.0521406 -0.0522196 -0.0522207 -0.0521958 -0.059848 -0.0598482 -0.0598527 -0.0598565 -0.0565678 -0.0565558 -0.0565471 -0.0565488
9.265 0 0 0 0 -0.0416798 -0.0417178 -0.0417099 -0.0417455 -0.0708971 -0.0708977 -0.0709031 -0.0708968 -0.0896362 -0.0896364 -0.0896429 -0.0896529
9.285 0 0 0 0 -0.0321355 -0.032131 -0.0321233 -0.0321852 -0.0771706 -0.0771685 -0.0771667 -0.0771473 -0.111255 -0.111247 -0.111251 -0.111265
9.305 0 0 0 0 -0.0377694 -0.037745 -0.0377664 -0.0378103 -0.0830994 -0.0831155 -0.0831058 -0.0830909 -0.117445 -0.117429 -0.117423 -0.117426
9.325 0 0 0 0 -0.05522 -0.0551426 -0.0551543 -0.0551601 -0.0883412 -0.0883692 -0.0883704 -0.0883319 -0.107427 -0.107411 -0.107406 -0.107416
9.345 0 0 0 0 -0.0677858 -0.0677727 -0.0678013 -0.0677798 -0.0869439 -0.0869882 -0.0870127 -0.0869904 -0.085915 -0.085877 -0.0858333 -0.0858222
9.365 0 0 0 0 -0.0665439 -0.0665721 -0.0666366 -0.0666399 -0.0752303 -0.0752406 -0.0752288 -0.0752022 -0.0643551 -0.0643382 -0.0643269 -0.0643322
9.385 0 0 0 0 -0.0467479 -0.0468874 -0.0469992 -0.0470185 -0.0518335 -0.0518218 -0.0518157 -0.0518029 -0.0469268 -0.0469059 -0.046874 -0.046861
9.405 0 0 0 0 -0.0115091 -0.0115031 -0.0114982 -0.0114874 -0.0194551 -0.0194426 -0.0194306 -0.019423 -0.027226 -0.027228 -0.0272323 -0.0272349
9.425 0 0 0 0 0.0299939 0.0300888 0.030151 0.030149 0.0192597 0.0192416 0.0192383 0.0192509 0.00408651 0.00408624 0.00408297 0.00408174
9.445 0 0 0 0 0.0539007 0.0539839 0.0540584 0.0540473 0.05335 0.0533335 0.0533219 0.0533171 0.0419457 0.0419379 0.0419265 0.0419232
9.465 0 0 0 0 0.0597227 0.059734 0.0597845 0.0597778 0.0836559 0.0836768 0.0836696 0.0836235 0.0873958 0.0873664 0.0873397 0.0873385
9.485 0 0 0 0 0.0579883 0.0578803 0.0578601 0.0578455 0.107763 0.107813 0.107809 0.107745 0.133354 0.133326 0.13331 0.133319
9.505 0 0 0 0 0.0583359 0.05824 0.0582267 0.0583321 0.122077 0.122111 0.12211 0.122085 0.164938 0.164907 0.164885 0.16489
9.525 0 0 0 0 0.0736188 0.0736081 0.0735932 0.0736522 0.132817 0.132815 0.132821 0.132818 0.176798 0.176795 0.176813 0.176833
9.545 0 0 0 0 0.101702 0.101842 0.101856 0.101892 0.145093 0.145098 0.145116 0.145109 0.17084 0.170826 0.17082 0.170824
9.565 0 0 0 0 0.126849 0.127142 0.12716 0.127172 0.155721 0.155744 0.155758 0.155746 0.15513 0.155102 0.155082 0.15509
9.585 0 0 0 0 0.128916 0.129144 0.129207 0.129199 0.144533 0.144551 0.144544 0.144522 0.131561 0.131533 0.131522 0.131536
9.605 0 0 0 0 0.0929965 0.0929911 0.0929296 0.0928705 0.102454 0.102457 0.102381 0.102314 0.0982774 0.0983451 0.0984798 0.0985644
9.625 0 0 0 0 0.0391494 0.0390285 0.0389914 0.0391244 0.0526581 0.0527062 0.05276 0.0527727 0.0653169 0.0652907 0.0652527 0.0652386
9.645 0 0 0 0 -0.00483544 -0.00489455 -0.00491819 -0.00477088 0.0174488 0.0174988 0.0175169 0.0174966 0.0384402 0.0384477 0.0384553 0.0384571
9.665 0 0 0 0 -0.0287063 -0.0287525 -0.0286963 -0.0285727 -0.0083249 -0.00826757 -0.00825074 -0.0082928 0.00858147 0.00856129 0.00854512 0.00854998
9.685 0 0 0 0 -0.0358077 -0.035853 -0.0358485 -0.0358453 -0.0369216 -0.036924 -0.0369204 -0.0369137 -0.0321431 -0.0321552 -0.032191 -0.032219
9.705 0 0 0 0 -0.0302744 -0.0302882 -0.0302939 -0.0304532 -0.0611725 -0.0612389 -0.0612537 -0.0612278 -0.0737343 -0.073721 -0.073714 -0.0737206
9.725 0 0 0 0 -0.0281214 -0.0281532 -0.028143 -0.0282808 -0.0781306 -0.0782205 -0.0782213 -0.0781526 -0.10884 -0.108842 -0.108882 -0.108929
9.745 0 0 0 0 -0.0434398 -0.0434968 -0.0434977 -0.0436709 -0.0945871 -0.0946243 -0.0946342 -0.0946029 -0.133083 -0.133067 -0.133054 -0.133056
9.765 0 0 0 0 -0.0642469 -0.0643071 -0.0642958 -0.0643663 -0.106716 -0.106705 -0.106692 -0.106661 -0.13459 -0.134599 -0.13464 -0.134679
9.785 0 0 0 0 -0.0796716 -0.0797489 -0.0797794 -0.0798204 -0.108896 -0.108905 -0.108917 -0.10892 -0.116037 -0.116008 -0.115978 -0.115971
9.805 0 0 0 0 -0.0855201 -0.0855975 -0.0855913 -0.085536 -0.0999938 -0.0999922 -0.0999884 -0.0999796 -0.0931452 -0.0931445 -0.0931586 -0.093177
9.825 0 0 0 0 -0.0800762 -0.0801816 -0.0801742 -0.0800874 -0.0856111 -0.0855968 -0.0855923 -0.0856046 -0.079205 -0.0792101 -0.0792298 -0.0792456
9.845 0 0 0 0 -0.0640764 -0.0641338 -0.0641472 -0.0640961 -0.0722464 -0.0722363 -0.0722465 -0.0722682 -0.0750866 -0.0750745 -0.0750548 -0.0750448
9.865 0 0 0 0 -0.0433787 -0.0433807 -0.0433752 -0.0433354 -0.0631072 -0.0631037 -0.0630962 -0.063092 -0.0748985 -0.0749061 -0.0749314 -0.0749527
9.885 0 0 0 0 -0.0214573 -0.0214419 -0.0214688 -0.0214459 -0.0511759 -0.0512158 -0.0512221 -0.051199 -0.0684397 -0.0684006 -0.068353 -0.0683352
9.905 0 0 0 0 -0.00465367 -0.00456473 -0.00455054 -0.00458753 -0.0318148 -0.0318353 -0.0318095 -0.0317546 -0.0498483 -0.0498513 -0.0498729 -0.0498952
9.925 0 0 0 0 0.00807639 0.00810924 0.00810634 0.00807424 -0.00299571 -0.00299902 -0.00299476 -0.00298312 -0.0154617 -0.0154598 -0.0154577 -0.0154563
9.945 0 0 0 0 0.0182174 0.0181993 0.0181972 0.0181876 0.0291444 0.029163 0.0291645 0.029144 0.0306865 0.0306754 0.0306676 0.0306697
9.965 0 0 0 0 0.029773 0.0297346 0.0297441 0.0297394 0.0597846 0.0598119 0.0598133 0.0597818 0.0787921 0.078768 0.078744 0.0787396
9.985 0 0 0 0 0.0474968 0.0474647 0.047466 0.0474456 0.089007 0.0890139 0.0890024 0.0889845 0.11847 0.11847 0.118489 0.118508
10.005 0 0 0 0 0.0717143 0.0718194 0.0718253 0.071814 0.116312 0.116315 0.116326 0.116339 0.143815 0.143788 0.143763 0.14376
10.025 0 0 0 0 0.0964885 0.0966059 0.0965786 0.0965695 0.137698 0.137684 0.137678 0.137678 0.154753 0.154749 0.154758 0.154778
10.045 0 0 0 0 0.115703 0.115875 0.115856 0.115875 0.151436 0.151434 0.151423 0.151394 0.159449 0.159437 0.159443 0.159465
10.065 0 0 0 0 0.122368 0.122359 0.122389 0.122676 0.155474 0.155528 0.155541 0.155505 0.161993 0.161969 0.161964 0.161979
10.085 0 0 0 0 0.102969 0.102977 0.102917 0.103104 0.140895 0.140924 0.140871 0.140779 0.153551 0.153604 0.153731 0.153825
10.105 0 0 0 0 0.0638617 0.0638067 0.0637053 0.0638095 0.105811 0.105886 0.105909 0.105901 0.127715 0.127684 0.127649 0.12764
10.125 0 0 0 0 0.0136748 0.013682 0.0135607 0.0135196 0.0512428 0.0512899 0.0512687 0.0512275 0.0771931 0.0772287 0.0773121 0.0773761
10.145 0 0 0 0 -0.0274503 -0.0274446 -0.0273582 -0.0272268 -0.0108367 -0.0108097 -0.0107816 -0.0107726 0.00837865 0.00835025 0.00829556 0.00826528
10.165 0 0 0 0 -0.0483727 -0.0483809 -0.0483379 -0.0484028 -0.0668595 -0.0669093 -0.066932 -0.066927 -0.0672562 -0.0672295 -0.0672002 -0.0671919
10.185 0 0 0 0 -0.0581825 -0.0582092 -0.0581332 -0.0582755 -0.113005 -0.113104 -0.113104 -0.113046 -0.140512 -0.140518 -0.140566 -0.140617
10.205 0 0 0 0 -0.0646055 -0.0646648 -0.0646415 -0.0648675 -0.142051 -0.142175 -0.142187 -0.142106 -0.191793 -0.191784 -0.191809 -0.19185
10.225 0 0 0 0 -0.0765079 -0.0765915 -0.0766068 -0.0768423 -0.156456 -0.156511 -0.156507 -0.156443 -0.209845 -0.209838 -0.209865 -0.209905
10.245 0 0 0 0 -0.103905 -0.103987 -0.104 -0.104097 -0.166741 -0.166744 -0.166732 -0.166747 -0.2037 -0.203691 -0.203707 -0.203725
10.265 0 0 0 0 -0.135476 -0.1356 -0.135633 -0.13558 -0.17128 -0.171286 -0.171298 -0.171281 -0.18213 -0.182097 -0.182073 -0.182079
10.285 0 0 0 0 -0.150266 -0.150367 -0.150328 -0.150004 -0.166825 -0.166801 -0.166771 -0.166765 -0.155896 -0.15591 -0.15596 -0.156001
10.305 0 0 0 0 -0.138164 -0.138 -0.138008 -0.13806 -0.148089 -0.148108 -0.14809 -0.148063 -0.135013 -0.134973 -0.13492 -0.134903
10.325 0 0 0 0 -0.0976168 -0.0978299 -0.0979179 -0.0978754 -0.118914 -0.118885 -0.118886 -0.118872 -0.121668 -0.121637 -0.121592 -0.121579
10.345 0 0 0 0 -0.0408892 -0.0408959 -0.0408522 -0.0408004 -0.0786978 -0.078683 -0.0786681 -0.0786325 -0.102516 -0.102541 -0.102601 -0.102645
10.365 0 0 0 0 0.0131609 0.0131835 0.0131162 0.0131035 -0.030914 -0.0310015 -0.0310416 -0.0310012 -0.0673134 -0.0672536 -0.0671795 -0.0671499
10.385 0 0 0 0 0.0384096 0.0385693 0.0385934 0.0385087 0.014299 0.0142981 0.0143303 0.014375 -0.0153148 -0.0153483 -0.0154137 -0.0154511
10.405 0 0 0 0 0.0370659 0.0370577 0.0370771 0.0370813 0.0518811 0.0518737 0.0518421 0.0518033 0.0487555 0.0487761 0.0488317 0.0488771
10.425 0 0 0 0 0.0269586 0.0268906 0.0269349 0.0269489 0.0792536 0.0793118 0.079335 0.0792645 0.11309 0.113045 0.112995 0.112979
10.445 0 0 0 0 0.0310738 0.0309048 0.0309202 0.0309713 0.101518 0.101561 0.101544 0.101447 0.158853 0.158842 0.158857 0.158882
10.465 0 0 0 0 0.0511297 0.0510412 0.0510918 0.0511116 0.118963 0.119001 0.119004 0.118949 0.170229 0.170196 0.170162 0.170155
10.485 0 0 0 0 0.0829497 0.082911 0.0829089 0.0830116 0.131191 0.131196 0.131231 0.131215 0.15315 0.15312 0.153093 0.153099
10.505 0 0 0 0 0.110908 0.111067 0.11107 0.110978 0.13296 0.132961 0.132969 0.132963 0.126262 0.126247 0.126246 0.126262
10.525 0 0 0 0 0.119921 0.120158 0.120176 0.120077 0.123064 0.12305 0.123048 0.123064 0.105611 0.105589 0.105568 0.105566
10.545 0 0 0 0 0.101868 0.102055 0.102081 0.102034 0.103887 0.103857 0.103844 0.103862 0.0950258 0.0950207 0.0950149 0.0950124
10.565 0 0 0 0 0.0699028 0.0700255 0.0700423 0.0700577 0.0862949 0.0862811 0.0862801 0.0862846 0.0952206 0.0952115 0.0952036 0.0952058
10.585 0 0 0 0 0.0349988 0.0350496 0.0350175 0.0350737 0.0714685 0.0714865 0.0714622 0.0714039 0.0950651 0.095094 0.0951659 0.0952206
10.605 0 0 0 0 0.00943293 0.00938998 0.00940727 0.00961619 0.0548442 0.0549352 0.0549656 0.0549108 0.0842227 0.084194 0.0841724 0.0841791
10.625 0 0 0 0 -0.000107357 -0.000146823 -0.000157788 -1.87373e-05 0.0325279 0.0326048 0.0326149 0.0325725 0.0572903 0.0572924 0.0573075 0.057325
10.645 0 0 0 0 0.00217201 0.00216082 0.00216504 0.00219153 0.00669995 0.00670031 0.00670917 0.00671956 0.0153205 0.0153171 0.0153068 0.0152985
10.665 0 0 0 0 0.0050048 0.00501404 0.00501585 0.00494739 -0.016552 -0.0165985 -0.0166038 -0.016578 -0.0313935 -0.0313925 -0.0314017 -0.0314156
10.685 0 0 0 0 -0.00410896 -0.00410703 -0.00411052 -0.0042304 -0.0387943 -0.0388416 -0.0388539 -0.0388358 -0.0707702 -0.0707656 -0.0707631 -0.0707681
10.705 0 0 0 0 -0.0265624 -0.0266008 -0.0265925 -0.0266899 -0.0627674 -0.0627905 -0.0627884 -0.0627577 -0.0928814 -0.0928892 -0.0929139 -0.0929366
10.725 0 0 0 0 -0.0558462 -0.0559107 -0.0559047 -0.0560189 -0.0872473 -0.0872782 -0.0872815 -0.0872466 -0.0993925 -0.0993804 -0.0993852 -0.0994027
10.745 0 0 0 0 -0.0807503 -0.0808597 -0.080841 -0.0808579 -0.104002 -0.104009 -0.103995 -0.103966 -0.100157 -0.100154 -0.100171 -0.100195
10.765 0 0 0 0 -0.0929493 -0.0930689 -0.0930812 -0.0930684 -0.108044 -0.10804 -0.108042 -0.108049 -0.103747 -0.103728 -0.103712 -0.103713
10.785 0 0 0 0 -0.0866379 -0.0867219 -0.0867241 -0.0866586 -0.103872 -0.103843 -0.103838 -0.103854 -0.110212 -0.110224 -0.110247 -0.110263
10.805 0 0 0 0 -0.0666356 -0.0667244 -0.066744 -0.0667218 -0.0971556 -0.0971499 -0.0971567 -0.0971661 -0.114392 -0.114379 -0.114377 -0.114385
10.825 0 0 0 0 -0.0453902 -0.0453487 -0.0453563 -0.0454056 -0.0862545 -0.0862852 -0.0862853 -0.0862563 -0.109961 -0.109944 -0.109938 -0.109946
10.845 0 0 0 0 -0.0299206 -0.029837 -0.0298329 -0.0298568 -0.0684276 -0.0684765 -0.0684828 -0.0684359 -0.0926686 -0.0926367 -0.0926048 -0.0926013
10.865 0 0 0 0 -0.0221458 -0.0220717 -0.0220516 -0.0220638 -0.0454174 -0.0454366 -0.0454395 -0.0454161 -0.0621067 -0.0620945 -0.0620866 -0.0620883
10.885 0 0 0 0 -0.0178231 -0.0178101 -0.0178102 -0.0178069 -0.0208521 -0.0208506 -0.0208533 -0.0208551 -0.0228393 -0.0228328 -0.0228227 -0.0228172
10.905 0 0 0 0 -0.010276 -0.0103127 -0.0103221 -0.0103109 0.00322487 0.00323489 0.00323614 0.00321917 0.0166249 0.0166252 0.0166298 0.0166334
10.925 0 0 0 0 0.00560875 0.00556881 0.00556545 0.00556829 0.0279527 0.0279668 0.0279712 0.0279591 0.048379 0.0483696 0.0483614 0.0483602
10.945 0 0 0 0 0.0288979 0.0288536 0.0288591 0.0288585 0.0531791 0.0531952 0.0531931 0.0531739 0.0687604 0.0687494 0.068743 0.068746
10.965 0 0 0 0 0.0522499 0.0522267 0.052243 0.0522242 0.0751274 0.0751544 0.0751552 0.0751264 0.0806156 0.08059 0.0805661 0.0805655
10.985 0 0 0 0 0.0679703 0.0680073 0.0680302 0.0680104 0.0892927 0.0893091 0.0893133 0.0893045 0.08991 0.0898903 0.0898761 0.0898785
11.005 0 0 0 0 0.0735664 0.0736668 0.0736745 0.0736197 0.0943753 0.0943574 0.0943402 0.0943398 0.0996665 0.0996731 0.0996973 0.0997187
11.025 0 0 0 0 0.0685896 0.0686842 0.0686885 0.0686791 0.0931533 0.0931496 0.0931561 0.0931678 0.106958 0.106944 0.106927 0.106922
11.045 0 0 0 0 0.0567909 0.0568593 0.0568372 0.0568557 0.0883527 0.0883453 0.0883472 0.0883388 0.106709 0.106708 0.106722 0.106738
11.065 0 0 0 0 0.0450132 0.0450556 0.0450482 0.0451326 0.0787972 0.0788179 0.0788246 0.0787938 0.0967204 0.0967084 0.0967078 0.0967211
11.085 0 0 0 0 0.0372189 0.0372923 0.0373047 0.037368 0.0637002 0.0637262 0.0637282 0.0637046 0.0775874 0.0775723 0.0775661 0.0775719
11.105 0 0 0 0 0.0324636 0.0325254 0.0325255 0.03254 0.0445944 0.0445974 0.0445925 0.0445836 0.0515779 0.0515777 0.0515834 0.0515924
11.125 0 0 0 0 0.0253542 0.0253725 0.0253438 0.0253495 0.0245468 0.0245373 0.0245336 0.0245407 0.022353 0.0223604 0.022368 0.0223677
11.145 0 0 0 0 0.01155 0.0115572 0.0115724 0.0115427 0.00452869 0.00453126 0.00453349 0.00454051 -0.00496387 -0.00496339 -0.00495635 -0.00495008
