0.005 0 0 0 0 3.99187e-05 4.00142e-05 4.00142e-05 3.99181e-05 4.08602e-05 4.08255e-05 4.08255e-05 4.086e-05 4.07154e-05 4.07199e-05 4.07199e-05 4.07154e-05
0.025 0 0 0 0 0.000181519 0.000182034 0.000182032 0.000181508 0.000233479 0.000233352 0.00023335 0.000233476 0.000230106 0.000230099 0.000230098 0.000230103
0.045 0 0 0 0 -0.000183865 -0.00018478 -0.000184784 -0.000183878 -6.79525e-05 -6.75241e-05 -6.75245e-05 -6.79552e-05 -3.96934e-05 -3.98022e-05 -3.98026e-05 -3.96942e-05
0.065 0 0 0 0 -0.00036402 -0.000364892 -0.000364878 -0.000363986 -0.000458128 -0.000458102 -0.000458109 -0.000458151 -0.000350899 -0.000350893 -0.000350897 -0.000350915
0.085 0 0 0 0 0.000245797 0.000247621 0.000247618 0.000245781 -7.1269e-05 -7.23386e-05 -7.23371e-05 -7.12655e-05 -6.64374e-05 -6.61741e-05 -6.61745e-05 -6.64431e-05
0.105 0 0 0 0 0.000708088 0.000710086 0.000710077 0.000708083 0.000762187 0.000762007 0.000761989 0.00076213 0.000455361 0.000455413 0.00045541 0.000455353
0.125 0 0 0 0 0.000504252 0.000503677 0.000503607 0.000504072 0.00117388 0.00117524 0.00117523 0.00117384 0.000937052 0.000936636 0.000936625 0.000937022
0.145 0 0 0 0 -0.000147923 -0.000149986 -0.00015002 -0.00014803 0.000529399 0.000530133 0.00053013 0.000529398 0.00102557 0.0010251 0.00102509 0.00102556
0.165 0 0 0 0 -8.36662e-05 -8.32169e-05 -8.3202e-05 -8.3642e-05 6.26569e-05 6.08997e-05 6.08844e-05 6.25778e-05 0.0010939 0.00109377 0.00109375 0.00109377
0.185 0 0 0 0 0.00034749 0.000349071 0.000349069 0.000347474 0.000415846 0.000414548 0.000414529 0.000415783 0.000869425 0.000869439 0.000869447 0.00086941
0.205 0 0 0 0 -2.03018e-05 -2.21058e-05 -2.21114e-05 -2.03545e-05 0.000330857 0.000332858 0.000332852 0.000330851 -0.000218827 -0.000219127 -0.000219116 -0.000218811
0.225 0 0 0 0 -0.000267689 -0.000268874 -0.000268868 -0.000267675 -0.000438108 -0.00043679 -0.000436791 -0.000438112 -0.00108598 -0.00108594 -0.00108593 -0.00108596
0.245 0 0 0 0 0.000163224 0.000166609 0.000166604 0.000163218 -0.000806723 -0.000808901 -0.000808892 -0.000806707 -0.000951806 -0.000951093 -0.000951091 -0.000951802
0.265 0 0 0 0 -2.40041e-05 -2.24942e-05 -2.24896e-05 -2.39908e-05 -0.000605796 -0.000606829 -0.000606827 -0.000605795 -0.000740962 -0.000740561 -0.000740563 -0.000740965
0.285 0 0 0 0 -0.000798794 -0.000802726 -0.000802725 -0.000798789 -0.00053623 -0.000533958 -0.00053396 -0.000536234 -0.000831227 -0.000831569 -0.00083157 -0.000831228
0.305 0 0 0 0 -0.000556178 -0.000557885 -0.000557886 -0.00055618 -0.0005772 -0.00057677 -0.000576771 -0.000577201 -0.000469682 -0.000469745 -0.000469746 -0.000469684
0.325 0 0 0 0 -0.000548611 -0.00054809 -0.000548096 -0.000548652 -0.00119678 -0.00119836 -0.00119836 -0.00119678 -0.000833652 -0.000833253 -0.000833254 -0.000833654
0.345 0 0 0 0 -0.00116016 -0.00116215 -0.00116216 -0.00116025 -0.0019407 -0.0019406 -0.0019406 -0.00194069 -0.00212028 -0.00211993 -0.00211994 -0.0021203
0.365 0 0 0 0 -0.000790106 -0.000791041 -0.000791082 -0.000790256 -0.00176793 -0.00176728 -0.00176733 -0.00176806 -0.00267326 -0.00267276 -0.00267277 -0.00267328
0.385 0 0 0 0 -8.8937e-05 -8.71037e-05 -8.71649e-05 -8.9141e-05 -0.0012501 -0.00125033 -0.00125039 -0.00125028 -0.00238684 -0.00238614 -0.0023862 -0.00238702
0.405 0 0 0 0 -0.000241254 -0.000240621 -0.000240661 -0.000241391 -0.00102411 -0.00102401 -0.00102406 -0.00102425 -0.00181147 -0.00181103 -0.00181106 -0.00181158
0.425 0 0 0 0 -0.00131201 -0.00131582 -0.00131583 -0.00131204 -0.00160693 -0.00160584 -0.00160586 -0.00160699 -0.00162792 -0.00162793 -0.00162794 -0.00162793
0.445 0 0 0 0 -0.00071599 -0.000716662 -0.000716688 -0.000716089 -0.00111201 -0.00111325 -0.00111326 -0.00111202 -0.000507691 -0.000507486 -0.000507495 -0.000507708
0.465 0 0 0 0 0.000752772 0.000756134 0.000756135 0.000752776 0.000645845 0.000643977 0.000643986 0.000645872 0.000941911 0.000942135 0.000942138 0.000941914
0.485 0 0 0 0 0.00102454 0.00102478 0.00102479 0.00102455 0.00199472 0.00199645 0.00199645 0.00199472 0.00160073 0.00160017 0.00160016 0.00160072
0.505 0 0 0 0 0.000865415 0.000864188 0.000864186 0.000865408 0.00227111 0.00227328 0.00227328 0.0022711 0.0022522 0.00225133 0.00225134 0.0022522
0.525 0 0 0 0 0.0010162 0.00101825 0.00101825 0.0010162 0.00196723 0.00196567 0.00196567 0.00196723 0.0031241 0.00312368 0.00312367 0.0031241
0.545 0 0 0 0 0.000843388 0.00084525 0.000845248 0.000843386 0.00178375 0.00178173 0.00178173 0.00178375 0.00325161 0.00325118 0.00325118 0.00325161
0.565 0 0 0 0 6.45549e-06 3.38014e-06 3.38062e-06 6.45632e-06 0.00127953 0.00128109 0.00128109 0.00127953 0.0019476 0.00194674 0.00194674 0.0019476
0.585 0 0 0 0 8.80066e-05 8.66184e-05 8.66168e-05 8.79988e-05 0.00062225 0.000623476 0.000623477 0.000622255 0.000581029 0.000580658 0.000580658 0.000581029
0.605 0 0 0 0 0.000969679 0.000974562 0.000974566 0.000969685 0.000341855 0.00033992 0.000339918 0.000341852 -4.08573e-05 -4.02768e-05 -4.02772e-05 -4.08583e-05
0.625 0 0 0 0 0.000469183 0.000471588 0.000471589 0.000469186 -5.27879e-05 -5.30792e-05 -5.30805e-05 -5.2791e-05 -0.000790436 -0.000790043 -0.000790042 -0.000790436
0.645 0 0 0 0 -0.000985364 -0.000989431 -0.000989431 -0.000985364 -0.00102733 -0.00102493 -0.00102493 -0.00102733 -0.00159073 -0.0015909 -0.0015909 -0.00159073
0.665 0 0 0 0 -0.000215459 -0.00021452 -0.00021452 -0.00021546 -0.000692272 -0.000693598 -0.000693598 -0.000692271 -0.000449512 -0.000449188 -0.000449187 -0.000449512
0.685 0 0 0 0 0.00140453 0.00141055 0.00141055 0.00140453 0.00121961 0.00121645 0.00121645 0.00121961 0.00163054 0.00163093 0.00163093 0.00163054
0.705 0 0 0 0 0.000670096 0.000668076 0.00066811 0.000670193 0.00214582 0.0021484 0.00214839 0.0021458 0.00211571 0.00211476 0.00211476 0.0021157
0.725 0 0 0 0 -0.000982154 -0.000990103 -0.000990117 -0.000982235 0.00066066 0.00066468 0.000664678 0.000660662 0.00119442 0.00119312 0.00119313 0.00119442
0.745 0 0 0 0 9.03121e-05 9.32664e-05 9.33009e-05 9.03945e-05 -0.000191346 -0.000195342 -0.00019543 -0.000191603 0.00127734 0.00127767 0.00127766 0.00127734
0.765 0 0 0 0 0.000792663 0.000798379 0.000798384 0.000792685 2.22042e-05 1.83847e-05 1.83711e-05 2.21558e-05 0.000476874 0.000477537 0.000477513 0.000476788
0.785 0 0 0 0 -0.000505797 -0.000510282 -0.000510289 -0.000505814 -0.000206051 -0.000201545 -0.000201521 -0.000205998 -0.00168176 -0.00168219 -0.00168223 -0.00168184
0.805 0 0 0 0 -0.00107546 -0.00107984 -0.00107985 -0.00107548 -0.00144128 -0.00143777 -0.00143776 -0.00144126 -0.00282515 -0.00282516 -0.00282517 -0.00282515
0.825 0 0 0 0 3.06081e-05 3.68952e-05 3.6895e-05 3.06078e-05 -0.00199099 -0.00199577 -0.00199577 -0.00199099 -0.00198195 -0.00198049 -0.00198049 -0.00198195
0.845 0 0 0 0 1.61309e-05 2.00095e-05 2.00104e-05 1.61327e-05 -0.00120759 -0.00121053 -0.00121053 -0.0012076 -0.00119145 -0.00119057 -0.00119056 -0.00119144
0.865 0 0 0 0 -0.00160336 -0.00161195 -0.00161195 -0.00160336 -0.00089817 -0.000893017 -0.000893018 -0.000898172 -0.00156106 -0.00156188 -0.00156188 -0.00156106
0.885 0 0 0 0 -0.000799297 -0.000802708 -0.000802708 -0.000799297 -0.000625402 -0.000623926 -0.000623926 -0.000625402 -0.000623818 -0.000624074 -0.000624074 -0.000623817
0.905 0 0 0 0 0.00178184 0.00179153 0.00179153 0.00178184 0.000932456 0.000926659 0.000926659 0.000932457 0.00163279 0.00163374 0.00163374 0.00163279
0.925 0 0 0 0 0.00175346 0.00175698 0.00175698 0.00175346 0.00263634 0.00263617 0.00263617 0.00263634 0.00259148 0.00259113 0.00259113 0.00259148
0.945 0 0 0 0 -0.000339401 -0.000348591 -0.00034859 -0.0003394 0.00222492 0.00223164 0.00223164 0.00222492 0.00208845 0.00208655 0.00208655 0.00208845
0.965 0 0 0 0 -0.000383354 -0.000385847 -0.000385848 -0.000383359 0.000586221 0.000585762 0.000585763 0.000586227 0.00211604 0.0021154 0.0021154 0.00211604
0.985 0 0 0 0 0.000525059 0.000531829 0.000531832 0.000525058 -0.00034381 -0.00035054 -0.000350543 -0.000343827 0.00154993 0.00155078 0.00155078 0.00154992
1.005 0 0 0 0 9.84551e-05 9.8831e-05 9.88387e-05 9.84679e-05 -9.34382e-05 -9.30178e-05 -9.30127e-05 -9.34171e-05 -0.000558165 -0.000558017 -0.000558038 -0.000558169
1.025 0 0 0 0 -0.000433756 -0.000438917 -0.000438912 -0.000433748 -0.000108825 -0.000102834 -0.000102853 -0.00010886 -0.00232201 -0.00232249 -0.0023225 -0.00232205
1.045 0 0 0 0 0.000431757 0.00043514 0.000435142 0.00043176 -0.000652679 -0.000653296 -0.000653305 -0.000652699 -0.00182329 -0.00182254 -0.00182255 -0.00182331
1.065 0 0 0 0 0.000896011 0.000903815 0.000903816 0.000896005 -0.000489604 -0.000494756 -0.000494756 -0.000489602 -0.000139501 -0.000138335 -0.000138335 -0.000139502
1.085 0 0 0 0 -0.00109899 -0.00110408 -0.0011041 -0.00109904 -0.000492777 -0.000491019 -0.000491007 -0.000492749 2.82249e-05 2.76478e-05 2.7643e-05 2.8215e-05
1.105 0 0 0 0 -0.00190167 -0.00191122 -0.00191122 -0.00190167 -0.000721837 -0.000717876 -0.000717875 -0.000721837 -0.00011564 -0.000116749 -0.000116745 -0.000115632
1.125 0 0 0 0 -0.000262343 -0.000260564 -0.000260557 -0.000262328 -0.000846675 -0.000849383 -0.000849384 -0.000846677 -3.8674e-05 -3.824e-05 -3.82429e-05 -3.868e-05
1.145 0 0 0 0 0.000816373 0.000822699 0.000822701 0.000816377 -0.000434578 -0.000437911 -0.000437913 -0.000434582 -0.000748614 -0.000747608 -0.000747606 -0.000748611
1.165 0 0 0 0 -0.000339608 -0.000342206 -0.000342206 -0.000339609 -0.000573746 -0.000570073 -0.000570072 -0.000573746 -0.00236591 -0.00236593 -0.00236593 -0.00236591
1.185 0 0 0 0 -0.00101284 -0.00101671 -0.00101671 -0.00101284 -0.00139143 -0.00138834 -0.00138834 -0.00139143 -0.00265164 -0.00265163 -0.00265163 -0.00265164
1.205 0 0 0 0 -0.00103007 -0.0010285 -0.00102851 -0.00103007 -0.00256398 -0.00256711 -0.0025671 -0.00256396 -0.00213413 -0.00213317 -0.00213317 -0.00213414
1.225 0 0 0 0 -0.0013821 -0.00138193 -0.00138193 -0.0013821 -0.00281398 -0.00281678 -0.00281678 -0.00281398 -0.00220415 -0.0022033 -0.0022033 -0.00220415
1.245 0 0 0 0 -0.000800812 -0.000803244 -0.000803244 -0.000800809 -0.00118467 -0.00118308 -0.00118308 -0.00118467 -0.00186845 -0.00186835 -0.00186835 -0.00186845
1.265 0 0 0 0 0.000555771 0.000556067 0.000556067 0.000555771 0.000590162 0.000592225 0.000592224 0.000590161 -0.000690011 -0.00069004 -0.00069004 -0.000690009
1.285 0 0 0 0 0.00291884 0.00292765 0.00292764 0.00291879 0.00323214 0.00322993 0.0032299 0.00323207 0.00279809 0.0027983 0.00279825 0.00279798
1.305 0 0 0 0 0.00364458 0.00365149 0.0036515 0.00364461 0.00595085 0.00594953 0.00594949 0.00595076 0.00683957 0.00683857 0.00683856 0.00683953
1.325 0 0 0 0 0.00306664 0.00306551 0.0030656 0.00306674 0.00796318 0.00796539 0.00796536 0.0079631 0.0103924 0.0103896 0.0103896 0.0103924
1.345 0 0 0 0 0.00209357 0.00208856 0.00208845 0.00209288 0.00760609 0.00760743 0.00760735 0.00760573 0.0116685 0.0116652 0.0116651 0.0116684
1.365 0 0 0 0 0.00138491 0.00138297 0.0013828 0.00138425 0.00518749 0.00518512 0.00518505 0.00518696 0.00948604 0.00948342 0.00948319 0.00948521
1.385 0 0 0 0 0.00157585 0.00157893 0.00157881 0.00157549 0.00307736 0.0030746 0.00307451 0.003077 0.00497258 0.00497177 0.00497167 0.00497229
1.405 0 0 0 0 0.001408 0.00141135 0.00141132 0.00140788 0.00126778 0.00126916 0.00126918 0.00126781 -0.000422578 -0.000422383 -0.000422376 -0.000422583
1.425 0 0 0 0 2.91817e-05 3.02386e-05 3.02646e-05 2.92656e-05 -0.00156314 -0.00155985 -0.00155984 -0.00156313 -0.00491266 -0.00491177 -0.00491174 -0.00491261
1.445 0 0 0 0 -0.00252166 -0.00252326 -0.00252323 -0.00252161 -0.00576363 -0.00576328 -0.00576329 -0.00576366 -0.00794755 -0.0079458 -0.00794579 -0.00794752
1.465 0 0 0 0 -0.00530539 -0.00531131 -0.00531131 -0.0053054 -0.00975608 -0.00975828 -0.00975828 -0.0097561 -0.0103185 -0.0103163 -0.0103163 -0.0103185
1.485 0 0 0 0 -0.00633225 -0.00634061 -0.00634062 -0.00633227 -0.0112933 -0.0112946 -0.0112946 -0.0112933 -0.0121875 -0.0121851 -0.0121851 -0.0121875
1.505 0 0 0 0 -0.00499126 -0.00499656 -0.00499655 -0.00499124 -0.0101853 -0.0101847 -0.0101847 -0.0101853 -0.0130906 -0.0130879 -0.0130879 -0.0130906
1.525 0 0 0 0 -0.00273758 -0.00273742 -0.00273783 -0.00273873 -0.0077644 -0.00776335 -0.00776353 -0.00776518 -0.0122054 -0.0122026 -0.0122027 -0.0122056
1.545 0 0 0 0 -0.00225725 -0.00225781 -0.00225808 -0.00225816 -0.00623756 -0.00623601 -0.00623615 -0.00623823 -0.0100463 -0.0100441 -0.0100442 -0.0100465
1.565 0 0 0 0 -0.00286131 -0.00286542 -0.00286555 -0.00286187 -0.00536902 -0.00536853 -0.00536859 -0.00536927 -0.00660187 -0.00660069 -0.00660078 -0.00660213
1.585 0 0 0 0 -0.00228864 -0.00229213 -0.0022922 -0.00228896 -0.00335596 -0.00335796 -0.00335796 -0.00335593 -0.00215003 -0.00214956 -0.00214958 -0.00215009
1.605 0 0 0 0 -0.000529216 -0.000530836 -0.000530817 -0.000529184 4.4098e-05 4.26165e-05 4.25974e-05 4.40516e-05 0.00169834 0.00169796 0.00169794 0.0016983
1.625 0 0 0 0 0.0018571 0.00185797 0.00185794 0.00185703 0.00395724 0.00395829 0.00395828 0.0039572 0.00462636 0.00462522 0.00462523 0.00462639
1.645 0 0 0 0 0.00514856 0.00515717 0.00515715 0.00514851 0.00836879 0.00836906 0.00836906 0.00836879 0.00858886 0.00858741 0.0085874 0.00858884
1.665 0 0 0 0 0.00667343 0.00668383 0.00668382 0.00667341 0.0114979 0.0114976 0.0114976 0.0114979 0.012778 0.0127758 0.0127758 0.0127781
1.685 0 0 0 0 0.00583323 0.00583742 0.0058374 0.00583317 0.0125993 0.0126 0.0126 0.0125993 0.0160874 0.0160838 0.0160838 0.0160874
1.705 0 0 0 0 0.00513549 0.00513728 0.00513728 0.0051355 0.0126715 0.0126707 0.0126707 0.0126715 0.018192 0.0181879 0.0181879 0.018192
1.725 0 0 0 0 0.00521731 0.00522104 0.00522105 0.00521735 0.0122707 0.0122685 0.0122685 0.0122707 0.017849 0.0178452 0.0178452 0.017849
1.745 0 0 0 0 0.00338917 0.00338678 0.00338616 0.00338701 0.00902585 0.00902688 0.0090267 0.009025 0.0124613 0.012458 0.0124579 0.0124611
1.765 0 0 0 0 0.00280186 0.00280448 0.00280435 0.00280133 0.00534073 0.00534128 0.0053414 0.00534081 0.00612983 0.00612849 0.00612852 0.00612984
1.785 0 0 0 0 0.00300243 0.00301311 0.00301321 0.00300256 0.00248214 0.0024797 0.00247975 0.00248221 0.00118227 0.00118304 0.00118306 0.00118231
1.805 0 0 0 0 -0.00020086 -0.000199564 -0.000199482 -0.000200657 -0.00173172 -0.0017301 -0.0017301 -0.00173172 -0.00407761 -0.00407674 -0.00407676 -0.00407766
1.825 0 0 0 0 -0.00490791 -0.0049192 -0.00491913 -0.00490783 -0.00752968 -0.00752591 -0.00752595 -0.00752977 -0.00916137 -0.00916042 -0.00916042 -0.00916136
1.845 0 0 0 0 -0.00649364 -0.00650092 -0.00650091 -0.00649365 -0.0118638 -0.0118666 -0.0118666 -0.0118638 -0.0124212 -0.0124184 -0.0124184 -0.0124212
1.865 0 0 0 0 -0.00626357 -0.00626623 -0.00626624 -0.0062636 -0.0134227 -0.013427 -0.013427 -0.0134227 -0.0153903 -0.0153864 -0.0153864 -0.0153903
1.885 0 0 0 0 -0.00658942 -0.00659769 -0.0065977 -0.00658944 -0.0135231 -0.0135198 -0.0135198 -0.0135231 -0.0186526 -0.0186491 -0.0186491 -0.0186526
1.905 0 0 0 0 -0.00622893 -0.00623676 -0.00623675 -0.00622891 -0.0133137 -0.013309 -0.013309 -0.0133137 -0.0195165 -0.0195129 -0.0195129 -0.0195165
1.925 0 0 0 0 -0.00432495 -0.0043225 -0.00432249 -0.00432492 -0.0118063 -0.011809 -0.011809 -0.0118063 -0.0161135 -0.0161092 -0.0161092 -0.0161135
1.945 0 0 0 0 -0.00339885 -0.00339768 -0.0033978 -0.00339935 -0.00854823 -0.00855164 -0.00855182 -0.00854908 -0.0106189 -0.010616 -0.0106161 -0.0106193
1.965 0 0 0 0 -0.00328769 -0.00329684 -0.00329703 -0.00328805 -0.00431614 -0.00431316 -0.00431314 -0.00431621 -0.00482316 -0.00482298 -0.00482296 -0.00482315
1.985 0 0 0 0 -0.00093721 -0.000943271 -0.000943394 -0.000937422 0.000397295 0.000399148 0.000399197 0.000397384 0.00159554 0.00159452 0.00159453 0.00159555
2.005 0 0 0 0 0.00316701 0.00317387 0.00317378 0.00316683 0.00548777 0.00548404 0.00548405 0.00548778 0.00784577 0.00784482 0.00784484 0.00784581
2.025 0 0 0 0 0.00667433 0.00668613 0.00668613 0.00667431 0.0113325 0.0113302 0.0113302 0.0113325 0.0134187 0.0134166 0.0134166 0.0134187
2.045 0 0 0 0 0.00851003 0.00851804 0.00851804 0.00851003 0.0165734 0.0165765 0.0165765 0.0165733 0.0186623 0.0186581 0.0186582 0.0186624
2.065 0 0 0 0 0.00793335 0.00793654 0.00793656 0.00793337 0.0177963 0.0177997 0.0177997 0.0177963 0.0221422 0.0221368 0.0221368 0.0221422
2.085 0 0 0 0 0.006761 0.00676564 0.00676564 0.00676101 0.015873 0.0158702 0.0158702 0.0158731 0.0230893 0.0230845 0.0230845 0.0230893
2.105 0 0 0 0 0.00584605 0.00585177 0.00585176 0.00584604 0.0134581 0.0134535 0.0134535 0.0134582 0.0204419 0.0204379 0.0204379 0.0204419
2.125 0 0 0 0 0.00486323 0.00486557 0.00486553 0.00486307 0.0109556 0.0109557 0.0109553 0.010954 0.0142231 0.0142194 0.0142191 0.0142223
2.145 0 0 0 0 0.00402083 0.00402405 0.00402414 0.00402059 0.00737231 0.00737568 0.00737575 0.00737231 0.00693056 0.0069288 0.00692875 0.00693051
2.165 0 0 0 0 0.00134889 0.00135273 0.00135262 0.00134854 0.000945354 0.000946218 0.000946318 0.000945543 -0.000738806 -0.000738391 -0.000738337 -0.000738703
2.185 0 0 0 0 -0.00286325 -0.00286416 -0.00286439 -0.00286377 -0.00649336 -0.00649506 -0.00649501 -0.00649327 -0.00790804 -0.00790601 -0.00790601 -0.00790802
2.205 0 0 0 0 -0.00722807 -0.00723797 -0.00723803 -0.0072282 -0.0130348 -0.0130352 -0.0130352 -0.0130348 -0.0147771 -0.0147743 -0.0147743 -0.0147771
2.225 0 0 0 0 -0.0100475 -0.0100622 -0.0100622 -0.0100474 -0.018145 -0.0181437 -0.0181437 -0.0181451 -0.0214623 -0.0214584 -0.0214584 -0.0214623
2.245 0 0 0 0 -0.0101282 -0.0101375 -0.0101375 -0.0101281 -0.0209735 -0.0209737 -0.0209737 -0.0209735 -0.0265425 -0.0265369 -0.0265369 -0.0265425
2.265 0 0 0 0 -0.00901211 -0.00901565 -0.00901564 -0.00901209 -0.021293 -0.0212937 -0.0212937 -0.021293 -0.0289059 -0.0288991 -0.0288991 -0.0289059
2.285 0 0 0 0 -0.00740736 -0.00740941 -0.0074094 -0.0074074 -0.0184955 -0.0184946 -0.0184946 -0.0184955 -0.0265583 -0.0265522 -0.0265522 -0.0265583
2.305 0 0 0 0 -0.00650589 -0.00651236 -0.00651308 -0.00650908 -0.0143671 -0.0143654 -0.0143662 -0.0143699 -0.0201513 -0.0201474 -0.0201477 -0.0201526
2.325 0 0 0 0 -0.00459914 -0.00460456 -0.0046044 -0.00459967 -0.00876678 -0.00876722 -0.00876738 -0.00876718 -0.0103106 -0.0103086 -0.0103088 -0.010311
2.345 0 0 0 0 -0.00113393 -0.00113517 -0.00113498 -0.00113362 -0.00125755 -0.00126033 -0.00126017 -0.00125713 0.000695309 0.000695385 0.000695453 0.000695426
2.365 0 0 0 0 0.00250801 0.00250758 0.00250749 0.00250777 0.00678362 0.00678361 0.00678368 0.00678372 0.00995482 0.00995241 0.0099524 0.00995482
2.385 0 0 0 0 0.0059843 0.00598668 0.00598658 0.00598409 0.0134555 0.0134578 0.0134578 0.0134554 0.0168571 0.016853 0.016853 0.0168571
2.405 0 0 0 0 0.00924171 0.00925238 0.00925237 0.00924166 0.0180543 0.0180539 0.0180539 0.0180542 0.0221982 0.0221937 0.0221937 0.0221981
2.425 0 0 0 0 0.0118735 0.0118912 0.0118912 0.0118735 0.0218205 0.0218173 0.0218173 0.0218205 0.0269257 0.0269209 0.0269209 0.0269257
2.445 0 0 0 0 0.0118875 0.0118999 0.0118999 0.0118875 0.0238713 0.0238714 0.0238714 0.0238713 0.0296522 0.029646 0.029646 0.0296522
2.465 0 0 0 0 0.00988477 0.00988862 0.00988864 0.00988486 0.0227095 0.0227122 0.0227123 0.0227095 0.0294182 0.0294112 0.0294112 0.0294182
2.485 0 0 0 0 0.00761352 0.00761687 0.00761692 0.00761363 0.0182055 0.0182046 0.0182047 0.0182056 0.0255868 0.025581 0.025581 0.0255868
2.505 0 0 0 0 0.0063498 0.00635657 0.00635549 0.00634611 0.0131416 0.0131358 0.0131348 0.0131386 0.0188434 0.0188392 0.0188388 0.0188419
2.525 0 0 0 0 0.00349288 0.00349546 0.00349491 0.00349115 0.00702099 0.00702124 0.00702101 0.00702031 0.0084855 0.00848352 0.00848336 0.00848512
2.545 0 0 0 0 -0.000957687 -0.000962367 -0.00096227 -0.000957356 -0.00134694 -0.00134168 -0.00134144 -0.00134637 -0.0035889 -0.00358895 -0.00358893 -0.00358887
2.565 0 0 0 0 -0.00468387 -0.0046867 -0.00468679 -0.00468398 -0.0105558 -0.0105559 -0.0105557 -0.0105556 -0.0140978 -0.0140946 -0.0140946 -0.0140977
2.585 0 0 0 0 -0.00821303 -0.0082161 -0.00821618 -0.00821321 -0.0184475 -0.0184515 -0.0184515 -0.0184477 -0.0227783 -0.0227727 -0.0227727 -0.0227783
2.605 0 0 0 0 -0.0109502 -0.0109603 -0.0109604 -0.0109503 -0.0227223 -0.0227224 -0.0227225 -0.0227225 -0.0288825 -0.0288763 -0.0288763 -0.0288824
2.625 0 0 0 0 -0.0122596 -0.012275 -0.0122749 -0.0122595 -0.024393 -0.0243892 -0.0243892 -0.0243931 -0.0319977 -0.0319916 -0.0319916 -0.0319977
2.645 0 0 0 0 -0.0116078 -0.0116187 -0.0116187 -0.0116078 -0.0242751 -0.0242738 -0.0242739 -0.0242748 -0.0314989 -0.0314923 -0.0314922 -0.0314988
2.665 0 0 0 0 -0.0111355 -0.011145 -0.011145 -0.0111356 -0.0232674 -0.0232684 -0.0232684 -0.0232673 -0.0291816 -0.0291751 -0.0291751 -0.0291815
2.685 0 0 0 0 -0.00915687 -0.00916324 -0.00916344 -0.00915531 -0.0190163 -0.019017 -0.0190169 -0.0190162 -0.0238819 -0.0238767 -0.0238767 -0.0238819
2.705 0 0 0 0 -0.00421119 -0.00421207 -0.0042124 -0.00421351 -0.0103572 -0.0103579 -0.0103579 -0.0103575 -0.014265 -0.0142616 -0.0142617 -0.0142651
2.725 0 0 0 0 0.000976686 0.000980794 0.000981174 0.000976999 2.38812e-05 2.45583e-05 2.46348e-05 2.37623e-05 -0.00201003 -0.00200948 -0.00200962 -0.00201056
2.745 0 0 0 0 0.00321347 0.00321281 0.00321276 0.00321348 0.00777873 0.00778178 0.00778175 0.00777857 0.00933636 0.00933372 0.00933367 0.00933632
2.765 0 0 0 0 0.00521162 0.00521213 0.00521206 0.00521149 0.0133598 0.0133594 0.0133593 0.0133596 0.0193125 0.019308 0.019308 0.0193126
2.785 0 0 0 0 0.00931615 0.00932732 0.0093273 0.00931606 0.0195801 0.0195746 0.0195746 0.0195801 0.0277484 0.0277432 0.0277432 0.0277483
2.805 0 0 0 0 0.0132898 0.0133056 0.0133056 0.0132898 0.026206 0.0262039 0.0262039 0.0262059 0.0331497 0.0331432 0.0331432 0.0331498
2.825 0 0 0 0 0.0140473 0.0140575 0.0140575 0.0140473 0.0291188 0.0291241 0.0291242 0.0291188 0.0344569 0.0344488 0.0344488 0.0344569
2.845 0 0 0 0 0.0112438 0.0112493 0.0112493 0.0112438 0.0249711 0.0249749 0.0249749 0.0249712 0.0313699 0.0313624 0.0313624 0.0313699
2.865 0 0 0 0 0.00881707 0.00882879 0.00882885 0.00881736 0.0182921 0.018286 0.018286 0.0182922 0.0261923 0.0261876 0.0261876 0.0261923
2.885 0 0 0 0 0.00564819 0.00565622 0.00565618 0.00564826 0.0117863 0.0117812 0.0117813 0.0117863 0.0174185 0.0174155 0.0174155 0.0174186
2.905 0 0 0 0 0.00107994 0.0010744 0.00107444 0.00108009 0.00442371 0.00442828 0.00442814 0.00442285 0.00502912 0.00502681 0.00502667 0.00502879
2.925 0 0 0 0 -0.00375731 -0.00376685 -0.00376672 -0.00375708 -0.00607668 -0.00607115 -0.00607096 -0.00607642 -0.00893812 -0.00893729 -0.00893735 -0.0089382
2.945 0 0 0 0 -0.00715686 -0.00715767 -0.00715769 -0.00715697 -0.0169313 -0.0169354 -0.0169352 -0.016931 -0.0212848 -0.0212793 -0.0212793 -0.0212848
2.965 0 0 0 0 -0.00964784 -0.00964771 -0.00964778 -0.009648 -0.0235042 -0.0235097 -0.0235097 -0.0235042 -0.0302299 -0.0302221 -0.0302221 -0.0302299
2.985 0 0 0 0 -0.0132008 -0.0132166 -0.0132166 -0.0132008 -0.0269322 -0.0269271 -0.0269271 -0.0269323 -0.036366 -0.0363591 -0.0363591 -0.036366
3.005 0 0 0 0 -0.0165672 -0.0165931 -0.0165931 -0.0165672 -0.0308123 -0.0308046 -0.0308047 -0.0308124 -0.0398571 -0.0398503 -0.0398503 -0.0398571
3.025 0 0 0 0 -0.0152256 -0.015237 -0.0152369 -0.0152256 -0.0317468 -0.0317516 -0.0317515 -0.0317467 -0.0382087 -0.0381999 -0.0381999 -0.0382087
3.045 0 0 0 0 -0.0104733 -0.0104717 -0.0104715 -0.0104732 -0.0256001 -0.0256085 -0.0256085 -0.0256 -0.0318021 -0.0317935 -0.0317935 -0.0318021
3.065 0 0 0 0 -0.00512901 -0.0051325 -0.00513477 -0.00513453 -0.0133071 -0.0133043 -0.0133048 -0.0133099 -0.0208934 -0.0208891 -0.0208893 -0.0208939
3.085 0 0 0 0 -0.000812009 -0.000818734 -0.00081929 -0.000813138 -0.00154671 -0.0015374 -0.00153739 -0.00154745 -0.00637644 -0.00637639 -0.0063764 -0.0063766
3.105 0 0 0 0 0.00388695 0.00389185 0.00389178 0.00388688 0.00789334 0.0078916 0.00789192 0.00789398 0.0108134 0.0108113 0.0108113 0.0108134
3.125 0 0 0 0 0.00840676 0.00841954 0.00841963 0.00840692 0.0175573 0.0175481 0.0175481 0.0175573 0.026794 0.0267895 0.0267896 0.0267941
3.145 0 0 0 0 0.0120641 0.0120706 0.0120707 0.0120642 0.0278808 0.0278804 0.0278803 0.0278807 0.0380306 0.038022 0.038022 0.0380305
3.165 0 0 0 0 0.0154494 0.015455 0.015455 0.0154493 0.0349844 0.0349908 0.0349907 0.0349842 0.0439031 0.0438923 0.0438923 0.0439031
3.185 0 0 0 0 0.0186322 0.0186529 0.0186529 0.0186322 0.0369353 0.0369345 0.0369345 0.0369354 0.0459073 0.0458979 0.0458979 0.0459073
3.205 0 0 0 0 0.0180635 0.018089 0.0180891 0.0180636 0.0341894 0.0341841 0.0341841 0.0341895 0.0432848 0.043277 0.043277 0.0432849
3.225 0 0 0 0 0.0132625 0.0132732 0.013273 0.0132624 0.0281582 0.0281589 0.0281588 0.0281593 0.0360316 0.0360238 0.0360238 0.0360317
3.245 0 0 0 0 0.00772497 0.00772251 0.00772082 0.00771954 0.01919 0.0191913 0.0191902 0.019186 0.0254572 0.0254499 0.0254494 0.0254556
3.265 0 0 0 0 0.00331828 0.00331919 0.00331835 0.00331522 0.00808259 0.00807961 0.00807885 0.0080801 0.0122597 0.0122568 0.0122568 0.0122594
3.285 0 0 0 0 -0.0016604 -0.00165913 -0.00165893 -0.00165974 -0.0038643 -0.0038672 -0.00386706 -0.0038639 -0.00380915 -0.00380785 -0.00380785 -0.00380917
3.305 0 0 0 0 -0.00805494 -0.00806503 -0.00806488 -0.00805469 -0.0161182 -0.0161152 -0.0161152 -0.0161182 -0.0214177 -0.0214136 -0.0214136 -0.0214176
3.325 0 0 0 0 -0.0132337 -0.013248 -0.013248 -0.0132338 -0.0274069 -0.0274035 -0.0274036 -0.0274071 -0.0364576 -0.0364504 -0.0364504 -0.0364578
3.345 0 0 0 0 -0.0165138 -0.016525 -0.0165251 -0.016514 -0.0361411 -0.0361428 -0.0361429 -0.0361413 -0.0467424 -0.0467319 -0.0467319 -0.0467424
3.365 0 0 0 0 -0.0189805 -0.018995 -0.018995 -0.0189804 -0.0406703 -0.0406717 -0.0406717 -0.0406703 -0.0521356 -0.0521241 -0.0521241 -0.0521357
3.385 0 0 0 0 -0.0203753 -0.0203976 -0.0203975 -0.0203747 -0.0410677 -0.0410645 -0.0410645 -0.0410677 -0.052772 -0.0527614 -0.0527614 -0.052772
3.405 0 0 0 0 -0.0178412 -0.0178588 -0.0178584 -0.0178406 -0.0366707 -0.0366693 -0.0366693 -0.0366706 -0.0470236 -0.0470138 -0.0470138 -0.0470236
3.425 0 0 0 0 -0.0124916 -0.012499 -0.0124981 -0.0124904 -0.0278026 -0.027805 -0.0278051 -0.0278031 -0.0358123 -0.035804 -0.035804 -0.0358122
3.445 0 0 0 0 -0.00691578 -0.00692084 -0.00692139 -0.00691893 -0.015659 -0.0156602 -0.0156615 -0.0156632 -0.0210476 -0.0210431 -0.0210435 -0.0210487
3.465 0 0 0 0 -0.00265103 -0.00265924 -0.00266014 -0.00265364 -0.00373726 -0.00373336 -0.00373401 -0.00373876 -0.00534527 -0.00534492 -0.00534466 -0.00534491
3.485 0 0 0 0 0.00400649 0.00400968 0.0040093 0.00400565 0.00885935 0.0088582 0.00885827 0.00885936 0.0122771 0.0122745 0.0122744 0.0122768
3.505 0 0 0 0 0.0118533 0.0118713 0.0118713 0.0118534 0.0225123 0.0225064 0.0225065 0.0225125 0.0297053 0.0297002 0.0297003 0.0297055
3.525 0 0 0 0 0.0175949 0.0176133 0.0176134 0.017595 0.0353814 0.0353813 0.0353813 0.0353815 0.0441444 0.0441352 0.0441351 0.0441442
3.545 0 0 0 0 0.0203433 0.0203571 0.0203571 0.0203433 0.043575 0.04358 0.0435799 0.0435748 0.0541837 0.0541712 0.0541712 0.0541837
3.565 0 0 0 0 0.0204682 0.0204833 0.0204833 0.0204681 0.0445393 0.0445396 0.0445395 0.0445392 0.0582568 0.058244 0.058244 0.0582568
3.585 0 0 0 0 0.0185815 0.0185992 0.0185992 0.0185806 0.0400891 0.0400835 0.0400835 0.0400892 0.0549576 0.0549464 0.0549464 0.0549576
3.605 0 0 0 0 0.0152045 0.0152172 0.0152165 0.0152034 0.0329245 0.0329221 0.0329226 0.0329251 0.0442924 0.0442831 0.044283 0.0442924
3.625 0 0 0 0 0.0111713 0.0111797 0.0111801 0.0111722 0.023428 0.0234309 0.0234309 0.023428 0.0287081 0.0287016 0.0287017 0.0287083
3.645 0 0 0 0 0.0062132 0.00622051 0.00621892 0.00620881 0.0108929 0.0108942 0.010893 0.0108906 0.0112683 0.0112659 0.0112658 0.011268
3.665 0 0 0 0 -0.000567526 -0.0005625 -0.000562688 -0.000567524 -0.00367524 -0.00367695 -0.00367727 -0.00367601 -0.00605443 -0.00605248 -0.00605251 -0.00605452
3.685 0 0 0 0 -0.0082917 -0.0082985 -0.00829832 -0.0082915 -0.0174106 -0.0174116 -0.0174114 -0.0174104 -0.0218275 -0.0218227 -0.0218228 -0.0218276
3.705 0 0 0 0 -0.0145795 -0.014597 -0.014597 -0.0145796 -0.0283728 -0.0283717 -0.0283716 -0.0283727 -0.035064 -0.035057 -0.0350569 -0.0350639
3.725 0 0 0 0 -0.0179888 -0.0180083 -0.0180083 -0.0179889 -0.0360002 -0.0359996 -0.0359984 -0.0359996 -0.0451248 -0.0451156 -0.0451156 -0.0451249
3.745 0 0 0 0 -0.0191428 -0.0191598 -0.01916 -0.0191429 -0.040186 -0.0401858 -0.0401857 -0.0401856 -0.0515452 -0.0515342 -0.0515342 -0.0515452
3.765 0 0 0 0 -0.0185317 -0.0185464 -0.0185464 -0.0185318 -0.0401356 -0.0401348 -0.0401351 -0.0401358 -0.0527886 -0.0527772 -0.0527772 -0.0527888
3.785 0 0 0 0 -0.0178559 -0.0178731 -0.0178733 -0.0178558 -0.0373992 -0.0373962 -0.0373964 -0.0373995 -0.049295 -0.0492849 -0.0492849 -0.049295
3.805 0 0 0 0 -0.015693 -0.0157099 -0.0157107 -0.0156948 -0.0319158 -0.0319144 -0.0319143 -0.0319155 -0.0407006 -0.0406922 -0.0406922 -0.0407005
3.825 0 0 0 0 -0.0100889 -0.0100955 -0.0100958 -0.0100894 -0.0216839 -0.0216868 -0.0216865 -0.0216833 -0.0267178 -0.0267115 -0.0267114 -0.0267176
3.845 0 0 0 0 -0.00394663 -0.00394896 -0.00394844 -0.00394698 -0.0084855 -0.00848612 -0.00848611 -0.00848542 -0.0107524 -0.0107499 -0.0107499 -0.0107523
3.865 0 0 0 0 0.00167162 0.00166972 0.00167086 0.00167417 0.00471516 0.00471886 0.0047187 0.00471497 0.00528138 0.00527948 0.00527942 0.00528125
3.885 0 0 0 0 0.00903439 0.00904462 0.00904479 0.00903458 0.0179151 0.0179142 0.0179141 0.0179147 0.0224801 0.0224756 0.0224757 0.0224802
3.905 0 0 0 0 0.0161801 0.0162026 0.0162023 0.0161794 0.030738 0.0307331 0.030733 0.0307378 0.0390272 0.0390201 0.03902 0.0390271
3.925 0 0 0 0 0.0190998 0.0191161 0.019116 0.0190995 0.0400611 0.0400622 0.0400621 0.040061 0.0507989 0.0507878 0.0507878 0.0507989
3.945 0 0 0 0 0.0188899 0.0188984 0.0188983 0.01889 0.043153 0.0431572 0.0431572 0.043153 0.0561784 0.0561651 0.0561651 0.0561784
3.965 0 0 0 0 0.0187578 0.0187734 0.0187733 0.0187583 0.0410541 0.0410508 0.0410509 0.0410542 0.0555072 0.0554954 0.0554954 0.0555072
3.985 0 0 0 0 0.016287 0.0163036 0.016304 0.0162876 0.0343619 0.0343571 0.034357 0.0343621 0.0465117 0.0465023 0.0465024 0.0465117
4.005 0 0 0 0 0.0120385 0.0120484 0.0120477 0.0120364 0.0251031 0.0251041 0.0251041 0.0251033 0.0315603 0.0315535 0.0315535 0.0315603
4.025 0 0 0 0 0.00883875 0.00885123 0.00885092 0.00883791 0.0154179 0.0154194 0.0154195 0.0154182 0.0164809 0.0164777 0.0164778 0.0164809
4.045 0 0 0 0 0.00311967 0.00312805 0.0031282 0.00311925 0.00330147 0.00330175 0.00330176 0.00330181 0.00145547 0.00145568 0.00145568 0.00145543
4.065 0 0 0 0 -0.0071503 -0.0071621 -0.00716231 -0.00715053 -0.0125805 -0.012578 -0.012578 -0.0125805 -0.0153121 -0.0153096 -0.0153095 -0.015312
4.085 0 0 0 0 -0.0154589 -0.0154811 -0.0154811 -0.0154591 -0.0275716 -0.0275719 -0.0275719 -0.0275718 -0.0312041 -0.0311983 -0.0311983 -0.0312041
4.105 0 0 0 0 -0.0176093 -0.0176229 -0.0176229 -0.0176093 -0.0363676 -0.036373 -0.036373 -0.0363678 -0.0436116 -0.0436016 -0.0436016 -0.0436116
4.125 0 0 0 0 -0.016996 -0.0170056 -0.0170057 -0.016996 -0.0387247 -0.0387251 -0.0387252 -0.0387248 -0.051946 -0.0519342 -0.0519342 -0.051946
4.145 0 0 0 0 -0.0165089 -0.0165226 -0.0165227 -0.016509 -0.0375386 -0.0375312 -0.0375312 -0.0375385 -0.0539552 -0.0539441 -0.0539441 -0.0539552
4.165 0 0 0 0 -0.0159638 -0.0159775 -0.0159777 -0.0159639 -0.0350173 -0.0350133 -0.0350133 -0.0350173 -0.0479866 -0.0479765 -0.0479765 -0.0479866
4.185 0 0 0 0 -0.0131907 -0.0131981 -0.013199 -0.0131924 -0.0283921 -0.0283974 -0.0283973 -0.0283917 -0.0344006 -0.0343924 -0.0343924 -0.0344006
4.205 0 0 0 0 -0.00927119 -0.0092809 -0.00928061 -0.00927034 -0.0170497 -0.0170532 -0.0170531 -0.0170496 -0.0182697 -0.0182656 -0.0182657 -0.0182696
4.225 0 0 0 0 -0.0034998 -0.00351204 -0.00351156 -0.00349841 -0.00312842 -0.00312442 -0.00312441 -0.00312856 -0.00247299 -0.00247381 -0.00247386 -0.00247309
4.245 0 0 0 0 0.00431968 0.0043207 0.00432085 0.00432004 0.00994185 0.00994424 0.00994412 0.00994157 0.0122956 0.0122925 0.0122925 0.0122956
4.265 0 0 0 0 0.0118608 0.0118795 0.0118794 0.0118605 0.0212001 0.0211965 0.0211964 0.0212 0.025849 0.0258446 0.0258446 0.025849
4.285 0 0 0 0 0.0168354 0.0168586 0.0168585 0.0168352 0.0313673 0.0313647 0.0313647 0.0313672 0.0381466 0.0381395 0.0381395 0.0381466
4.305 0 0 0 0 0.0181084 0.0181223 0.0181223 0.0181083 0.0381747 0.0381779 0.0381778 0.0381746 0.0475332 0.0475225 0.0475225 0.0475332
4.325 0 0 0 0 0.0171832 0.0171918 0.0171917 0.0171831 0.0392567 0.0392587 0.0392587 0.0392568 0.052015 0.052003 0.052003 0.052015
4.345 0 0 0 0 0.0155378 0.0155495 0.0155496 0.0155377 0.0353146 0.0353103 0.0353103 0.0353146 0.0495619 0.0495514 0.0495514 0.0495619
4.365 0 0 0 0 0.0136415 0.013655 0.0136546 0.0136412 0.0292391 0.0292346 0.0292349 0.0292395 0.040091 0.040083 0.040083 0.0400911
4.385 0 0 0 0 0.0101621 0.0101705 0.0101711 0.010163 0.0207837 0.0207863 0.0207861 0.0207836 0.0250126 0.025007 0.025007 0.0250126
4.405 0 0 0 0 0.00531444 0.00532015 0.00532032 0.00531488 0.00921447 0.00921858 0.00921858 0.00921442 0.00830837 0.00830636 0.00830634 0.00830836
4.425 0 0 0 0 -0.000798649 -0.000794126 -0.000794279 -0.00079881 -0.00434507 -0.00434631 -0.0043463 -0.00434517 -0.00719079 -0.00718859 -0.00718859 -0.00719078
4.445 0 0 0 0 -0.00905232 -0.00906071 -0.00906081 -0.00905262 -0.0183288 -0.0183304 -0.0183304 -0.0183288 -0.0221667 -0.0221619 -0.0221619 -0.0221667
4.465 0 0 0 0 -0.0159242 -0.0159454 -0.0159455 -0.0159244 -0.0297108 -0.0297097 -0.0297098 -0.0297109 -0.0355354 -0.0355286 -0.0355287 -0.0355355
4.485 0 0 0 0 -0.0184651 -0.018485 -0.018485 -0.018465 -0.0367709 -0.0367706 -0.0367706 -0.036771 -0.0456571 -0.0456477 -0.0456477 -0.0456571
4.505 0 0 0 0 -0.0179497 -0.0179623 -0.0179622 -0.0179496 -0.0393369 -0.0393376 -0.0393377 -0.039337 -0.0514841 -0.0514727 -0.0514727 -0.0514842
4.525 0 0 0 0 -0.0169805 -0.0169916 -0.0169916 -0.0169799 -0.0381859 -0.0381838 -0.0381838 -0.0381858 -0.0519639 -0.0519525 -0.0519525 -0.0519638
4.545 0 0 0 0 -0.0153341 -0.0153466 -0.0153461 -0.0153336 -0.0335615 -0.0335585 -0.0335586 -0.0335613 -0.0454685 -0.0454589 -0.0454588 -0.0454685
4.565 0 0 0 0 -0.0122995 -0.012311 -0.0123106 -0.012299 -0.0257077 -0.0257078 -0.025708 -0.0257079 -0.0327685 -0.0327615 -0.0327614 -0.0327684
4.585 0 0 0 0 -0.00766879 -0.00767742 -0.00767754 -0.00766961 -0.0147113 -0.0147132 -0.0147131 -0.014711 -0.0167197 -0.0167161 -0.016716 -0.0167196
4.605 0 0 0 0 -0.000467492 -0.00046863 -0.000468902 -0.000468024 -0.000163872 -0.000165238 -0.000165197 -0.000163796 0.00111183 0.00111165 0.00111165 0.00111186
4.625 0 0 0 0 0.00740979 0.00741661 0.00741652 0.00740961 0.0150671 0.015068 0.015068 0.015067 0.0184489 0.0184449 0.0184449 0.0184489
4.645 0 0 0 0 0.014718 0.0147343 0.0147343 0.0147179 0.0287822 0.0287828 0.0287827 0.0287821 0.0348626 0.0348554 0.0348554 0.0348625
4.665 0 0 0 0 0.0192806 0.0193012 0.0193013 0.0192808 0.0386983 0.0386975 0.0386974 0.0386981 0.0485007 0.0484907 0.0484907 0.0485007
4.685 0 0 0 0 0.0207265 0.0207446 0.0207446 0.0207267 0.0440573 0.0440563 0.0440562 0.0440571 0.0573655 0.0573533 0.0573532 0.0573655
4.705 0 0 0 0 0.0188756 0.0188858 0.0188858 0.0188761 0.0432374 0.0432377 0.0432377 0.0432375 0.0582075 0.0581943 0.0581943 0.0582075
4.725 0 0 0 0 0.0155161 0.0155231 0.0155238 0.0155169 0.0364517 0.0364514 0.0364515 0.0364521 0.0501228 0.0501114 0.0501114 0.0501228
4.745 0 0 0 0 0.0125562 0.0125688 0.0125692 0.0125566 0.0264532 0.0264503 0.0264501 0.026453 0.0354309 0.0354237 0.0354237 0.035431
4.765 0 0 0 0 0.00926589 0.00928152 0.00928156 0.00926591 0.0156415 0.0156397 0.0156396 0.0156412 0.0177619 0.0177586 0.0177585 0.0177613
4.785 0 0 0 0 0.00366784 0.00367553 0.00367525 0.00366711 0.00378639 0.00378924 0.00378931 0.00378648 0.000300906 0.000301162 0.00030119 0.000300975
4.805 0 0 0 0 -0.00424792 -0.00425203 -0.00425218 -0.00424811 -0.0098222 -0.00981878 -0.00981865 -0.00982202 -0.0149671 -0.0149642 -0.0149643 -0.0149672
4.825 0 0 0 0 -0.0121912 -0.0122051 -0.0122051 -0.0121913 -0.023473 -0.0234742 -0.0234743 -0.0234732 -0.027798 -0.0277922 -0.0277921 -0.0277978
4.845 0 0 0 0 -0.0177133 -0.0177331 -0.0177331 -0.0177134 -0.033785 -0.0337883 -0.0337884 -0.0337851 -0.0389434 -0.0389352 -0.0389352 -0.0389435
4.865 0 0 0 0 -0.0198656 -0.0198879 -0.0198879 -0.0198656 -0.0391943 -0.039194 -0.039194 -0.0391945 -0.0483613 -0.0483514 -0.0483514 -0.0483613
4.885 0 0 0 0 -0.0186733 -0.0186901 -0.01869 -0.0186734 -0.0400293 -0.0400261 -0.0400261 -0.0400293 -0.0535121 -0.0535009 -0.0535009 -0.0535121
4.905 0 0 0 0 -0.0163329 -0.0163419 -0.0163417 -0.0163322 -0.0378174 -0.0378155 -0.0378154 -0.0378174 -0.0523495 -0.0523379 -0.0523379 -0.0523494
4.925 0 0 0 0 -0.0133151 -0.0133203 -0.0133197 -0.0133144 -0.0315755 -0.0315732 -0.0315735 -0.0315729 -0.0430883 -0.0430782 -0.0430781 -0.0430881
4.945 0 0 0 0 -0.0104935 -0.0105032 -0.0105027 -0.0104928 -0.0218849 -0.0218839 -0.0218838 -0.0218845 -0.0280177 -0.0280117 -0.0280116 -0.0280176
4.965 0 0 0 0 -0.00765595 -0.00767255 -0.00767246 -0.0076563 -0.0112969 -0.0112951 -0.0112953 -0.0112978 -0.0116796 -0.0116782 -0.0116783 -0.0116796
4.985 0 0 0 0 -0.00153788 -0.00154503 -0.00154531 -0.0015385 0.000468248 0.000466677 0.00046653 0.000467967 0.00430947 0.00430806 0.00430806 0.00430947
5.005 0 0 0 0 0.00775497 0.00776774 0.00776765 0.00775473 0.0144739 0.0144689 0.0144689 0.0144739 0.0194235 0.0194204 0.0194204 0.0194235
5.025 0 0 0 0 0.0153506 0.0153709 0.0153709 0.0153505 0.0281634 0.0281639 0.028164 0.0281634 0.0324787 0.0324724 0.0324724 0.0324787
5.045 0 0 0 0 0.0181684 0.0181837 0.0181837 0.0181686 0.0366476 0.0366538 0.0366538 0.0366475 0.0427864 0.0427766 0.0427766 0.0427863
5.065 0 0 0 0 0.0175007 0.0175139 0.0175138 0.0175011 0.0380821 0.0380829 0.0380828 0.038082 0.0495315 0.0495205 0.0495205 0.0495315
5.085 0 0 0 0 0.0158045 0.0158185 0.0158185 0.0158046 0.0354726 0.0354654 0.0354654 0.0354726 0.0507206 0.0507103 0.0507103 0.0507206
5.105 0 0 0 0 0.0136915 0.0137011 0.0137008 0.0136916 0.0314149 0.0314111 0.0314111 0.031415 0.0442885 0.044279 0.044279 0.0442885
5.125 0 0 0 0 0.0107159 0.010719 0.0107181 0.0107143 0.0243588 0.0243633 0.0243636 0.0243594 0.0306815 0.030674 0.0306739 0.0306815
5.145 0 0 0 0 0.00785296 0.00786261 0.00786307 0.00785358 0.0139938 0.0139963 0.0139963 0.0139939 0.014729 0.0147259 0.0147259 0.014729
5.165 0 0 0 0 0.00316087 0.00317433 0.00317461 0.00316166 0.0015669 0.00156373 0.00156367 0.00156668 -0.000693928 -0.000692456 -0.000692498 -0.000694004
5.185 0 0 0 0 -0.00425039 -0.00425087 -0.00425092 -0.00425047 -0.0105716 -0.0105725 -0.0105726 -0.0105718 -0.0144883 -0.0144848 -0.0144847 -0.0144883
5.205 0 0 0 0 -0.0110941 -0.0111101 -0.0111102 -0.0110943 -0.0206049 -0.0206023 -0.0206023 -0.020605 -0.0254592 -0.0254546 -0.0254546 -0.0254592
5.225 0 0 0 0 -0.0148662 -0.0148848 -0.0148848 -0.0148663 -0.0282115 -0.0282112 -0.0282112 -0.0282116 -0.0338434 -0.0338367 -0.0338367 -0.0338434
5.245 0 0 0 0 -0.0157409 -0.0157544 -0.0157544 -0.0157409 -0.0324717 -0.0324742 -0.0324742 -0.0324718 -0.0400218 -0.040013 -0.040013 -0.0400218
5.265 0 0 0 0 -0.0153844 -0.0153971 -0.0153972 -0.0153845 -0.0330919 -0.0330911 -0.0330911 -0.0330919 -0.0434478 -0.0434384 -0.0434384 -0.0434478
5.285 0 0 0 0 -0.0138447 -0.0138563 -0.0138562 -0.0138443 -0.0304253 -0.0304217 -0.0304217 -0.0304253 -0.0418169 -0.0418082 -0.0418082 -0.0418169
5.305 0 0 0 0 -0.012316 -0.0123268 -0.0123262 -0.0123153 -0.0264556 -0.0264535 -0.0264536 -0.0264556 -0.0354121 -0.0354046 -0.0354046 -0.035412
5.325 0 0 0 0 -0.0107577 -0.0107695 -0.01077 -0.010759 -0.0213053 -0.0213061 -0.021306 -0.0213051 -0.0258641 -0.0258586 -0.0258586 -0.0258641
5.345 0 0 0 0 -0.00685349 -0.00686144 -0.00686153 -0.00685388 -0.0127617 -0.0127641 -0.0127641 -0.0127616 -0.0138692 -0.0138661 -0.0138661 -0.0138691
5.365 0 0 0 0 -0.00112422 -0.00112634 -0.00112635 -0.0011243 -0.00160241 -0.00160267 -0.00160265 -0.00160236 -0.0013242 -0.001324 -0.00132402 -0.00132421
5.385 0 0 0 0 0.00481701 0.00482113 0.00482115 0.00481704 0.00952048 0.00952253 0.00952255 0.00952049 0.0107456 0.0107431 0.0107431 0.0107456
5.405 0 0 0 0 0.0110437 0.011059 0.011059 0.0110437 0.0201606 0.02016 0.0201599 0.0201606 0.0236623 0.0236578 0.0236578 0.0236622
5.425 0 0 0 0 0.0150922 0.0151113 0.0151113 0.0150921 0.0289541 0.0289521 0.0289521 0.028954 0.0357742 0.0357673 0.0357672 0.0357742
5.445 0 0 0 0 0.0155453 0.0155562 0.0155562 0.0155452 0.0339304 0.0339314 0.0339314 0.0339303 0.0440505 0.0440407 0.0440407 0.0440505
5.465 0 0 0 0 0.0139885 0.0139925 0.0139924 0.0139884 0.0337181 0.0337195 0.0337195 0.0337181 0.0461479 0.046137 0.046137 0.0461479
5.485 0 0 0 0 0.013545 0.0135557 0.0135558 0.0135457 0.0303991 0.0303953 0.0303953 0.0303991 0.042386 0.0423771 0.0423771 0.042386
5.505 0 0 0 0 0.0141287 0.0141487 0.0141494 0.0141297 0.0268722 0.0268674 0.0268673 0.0268723 0.0344777 0.0344715 0.0344715 0.0344777
5.525 0 0 0 0 0.011661 0.0116748 0.0116743 0.0116596 0.0212663 0.0212694 0.0212695 0.0212666 0.0231969 0.0231921 0.0231921 0.0231969
5.545 0 0 0 0 0.00529646 0.00529793 0.00529754 0.00529533 0.0107171 0.0107236 0.0107236 0.0107172 0.0103553 0.0103522 0.0103523 0.0103553
5.565 0 0 0 0 -0.00131442 -0.00131511 -0.00131518 -0.00131463 -0.00230269 -0.00230482 -0.00230478 -0.00230253 -0.00156366 -0.00156311 -0.0015631 -0.00156367
5.585 0 0 0 0 -0.00668832 -0.00669163 -0.00669157 -0.00668821 -0.0132826 -0.0132895 -0.0132895 -0.0132826 -0.0131239 -0.0131202 -0.0131202 -0.0131239
5.605 0 0 0 0 -0.0105245 -0.0105372 -0.0105372 -0.0105244 -0.0202423 -0.0202419 -0.0202419 -0.0202424 -0.024623 -0.0246181 -0.0246181 -0.024623
5.625 0 0 0 0 -0.0121328 -0.0121481 -0.012148 -0.0121327 -0.0247438 -0.0247379 -0.024738 -0.0247439 -0.0339053 -0.0338989 -0.033899 -0.0339053
5.645 0 0 0 0 -0.0123785 -0.0123861 -0.0123861 -0.0123785 -0.0283154 -0.0283141 -0.0283141 -0.0283155 -0.0388561 -0.0388475 -0.0388475 -0.0388561
5.665 0 0 0 0 -0.0127828 -0.0127877 -0.0127878 -0.012783 -0.0296138 -0.0296168 -0.0296168 -0.0296138 -0.0388441 -0.0388349 -0.0388349 -0.0388441
5.685 0 0 0 0 -0.0125497 -0.0125576 -0.0125579 -0.0125472 -0.0263926 -0.0263929 -0.0263928 -0.0263924 -0.0336826 -0.0336753 -0.0336753 -0.0336826
5.705 0 0 0 0 -0.0106382 -0.0106525 -0.010652 -0.0106372 -0.019878 -0.019875 -0.019875 -0.019878 -0.024863 -0.0248585 -0.0248585 -0.024863
5.725 0 0 0 0 -0.00664305 -0.00665283 -0.00665299 -0.00664363 -0.0120685 -0.0120677 -0.0120679 -0.0120687 -0.014249 -0.0142464 -0.0142463 -0.0142489
5.745 0 0 0 0 -0.00115336 -0.00115215 -0.00115231 -0.00115359 -0.00292682 -0.00292942 -0.00292954 -0.00292689 -0.00289845 -0.00289738 -0.00289737 -0.00289846
5.765 0 0 0 0 0.00273705 0.00273925 0.00273916 0.00273686 0.00563455 0.00563523 0.00563531 0.00563469 0.00682171 0.00682018 0.00682018 0.00682172
5.785 0 0 0 0 0.00550123 0.00550286 0.00550285 0.0055012 0.0124044 0.0124075 0.0124075 0.0124044 0.015143 0.0151392 0.0151392 0.015143
5.805 0 0 0 0 0.00885359 0.00886271 0.0088628 0.0088529 0.0178558 0.0178543 0.0178543 0.0178558 0.0230017 0.0229971 0.022997 0.0230016
5.825 0 0 0 0 0.0105965 0.010609 0.0106089 0.0105965 0.0214009 0.021398 0.021398 0.0214009 0.0281212 0.0281157 0.0281157 0.0281212
5.845 0 0 0 0 0.00989638 0.0099018 0.00990179 0.0098964 0.0222105 0.0222119 0.0222119 0.0222105 0.0290014 0.0289947 0.0289947 0.0290014
5.865 0 0 0 0 0.00940165 0.00940749 0.0094075 0.00940168 0.0208394 0.0208405 0.0208405 0.0208394 0.0271318 0.0271256 0.0271256 0.0271318
5.885 0 0 0 0 0.00888655 0.00889762 0.00889732 0.00888612 0.017557 0.0175545 0.0175545 0.017557 0.0227694 0.022765 0.022765 0.0227694
5.905 0 0 0 0 0.00598132 0.0059879 0.00598789 0.00598138 0.0119484 0.0119479 0.0119479 0.0119484 0.015062 0.0150589 0.0150589 0.015062
5.925 0 0 0 0 0.00168437 0.00168274 0.00168276 0.0016844 0.00452179 0.00452426 0.00452426 0.00452179 0.00544436 0.00544268 0.00544269 0.00544438
5.945 0 0 0 0 -0.00146585 -0.00146698 -0.00146703 -0.001466 -0.00303824 -0.00303866 -0.00303866 -0.00303825 -0.00367834 -0.0036775 -0.0036775 -0.00367834
5.965 0 0 0 0 -0.00478987 -0.00479245 -0.00479246 -0.00478991 -0.0104334 -0.0104352 -0.0104352 -0.0104334 -0.0128506 -0.0128476 -0.0128476 -0.0128507
5.985 0 0 0 0 -0.00844903 -0.00845858 -0.0084586 -0.00844908 -0.0169365 -0.0169354 -0.0169354 -0.0169366 -0.0216125 -0.0216081 -0.0216081 -0.0216125
6.005 0 0 0 0 -0.0102715 -0.010282 -0.010282 -0.0102715 -0.0212299 -0.0212285 -0.0212285 -0.0212299 -0.0276079 -0.0276023 -0.0276023 -0.0276079
6.025 0 0 0 0 -0.0102646 -0.010271 -0.010271 -0.0102647 -0.0228244 -0.0228253 -0.0228253 -0.0228244 -0.029894 -0.0298873 -0.0298873 -0.029894
6.045 0 0 0 0 -0.00963938 -0.00964522 -0.00964517 -0.00963915 -0.0215739 -0.0215743 -0.0215743 -0.0215739 -0.0285479 -0.0285415 -0.0285415 -0.0285479
6.065 0 0 0 0 -0.00761628 -0.00762199 -0.00762192 -0.00761624 -0.0168442 -0.0168434 -0.0168434 -0.0168442 -0.0226755 -0.0226706 -0.0226706 -0.0226755
6.085 0 0 0 0 -0.00544995 -0.00545675 -0.00545658 -0.00545001 -0.0108994 -0.0108978 -0.0108978 -0.0108993 -0.014268 -0.0142653 -0.0142653 -0.014268
6.105 0 0 0 0 -0.003101 -0.00310678 -0.00310681 -0.00310114 -0.00492042 -0.00492018 -0.0049201 -0.00492035 -0.00512908 -0.00512831 -0.00512831 -0.00512909
6.125 0 0 0 0 0.000999722 0.00100135 0.00100132 0.000999678 0.00245749 0.00245507 0.00245508 0.00245751 0.00458774 0.00458702 0.00458702 0.00458774
6.145 0 0 0 0 0.00463197 0.00463636 0.00463636 0.00463194 0.00970869 0.00970829 0.00970828 0.00970864 0.0125981 0.0125954 0.0125954 0.0125981
6.165 0 0 0 0 0.00681147 0.00681513 0.00681512 0.00681142 0.0148265 0.0148291 0.0148291 0.0148265 0.0181889 0.0181846 0.0181845 0.0181889
6.185 0 0 0 0 0.00885388 0.00886289 0.00886286 0.0088538 0.0179426 0.0179423 0.0179423 0.0179425 0.0225945 0.0225898 0.0225898 0.0225945
6.205 0 0 0 0 0.0109646 0.0109806 0.0109806 0.0109645 0.0206287 0.0206247 0.0206247 0.0206287 0.0263583 0.0263537 0.0263537 0.0263583
6.225 0 0 0 0 0.011095 0.0111069 0.0111069 0.011095 0.0222547 0.0222541 0.0222541 0.0222548 0.0279272 0.0279215 0.0279215 0.0279272
6.245 0 0 0 0 0.0096202 0.00962487 0.00962491 0.0096204 0.0213946 0.0213977 0.0213977 0.0213947 0.0269552 0.0269488 0.0269488 0.0269552
6.265 0 0 0 0 0.00767218 0.00767686 0.00767701 0.00767245 0.0173301 0.0173301 0.0173301 0.0173301 0.0232432 0.023238 0.023238 0.0232432
6.285 0 0 0 0 0.00568286 0.00569016 0.00569036 0.00568308 0.0118254 0.0118217 0.0118216 0.0118253 0.0168401 0.016837 0.016837 0.0168401
6.305 0 0 0 0 0.00213265 0.00213326 0.00213304 0.00213221 0.00508414 0.00508429 0.00508442 0.00508443 0.00700298 0.00700135 0.00700134 0.00700295
6.325 0 0 0 0 -0.00166662 -0.00167154 -0.00167164 -0.00166684 -0.002579 -0.0025757 -0.00257566 -0.00257884 -0.00409608 -0.00409582 -0.00409582 -0.00409609
6.345 0 0 0 0 -0.00473159 -0.00473467 -0.00473467 -0.00473158 -0.0106322 -0.0106321 -0.0106321 -0.0106322 -0.0142716 -0.0142684 -0.0142684 -0.0142716
6.365 0 0 0 0 -0.00779524 -0.00779871 -0.0077987 -0.00779523 -0.0176549 -0.017657 -0.0176571 -0.017655 -0.0227322 -0.0227268 -0.0227269 -0.0227323
6.385 0 0 0 0 -0.011553 -0.0115657 -0.0115657 -0.011553 -0.0232794 -0.0232779 -0.023278 -0.0232794 -0.0297264 -0.0297204 -0.0297204 -0.0297264
6.405 0 0 0 0 -0.0136261 -0.0136428 -0.0136428 -0.0136262 -0.0267306 -0.0267282 -0.0267282 -0.0267306 -0.0338371 -0.0338305 -0.0338305 -0.0338371
6.425 0 0 0 0 -0.0124193 -0.012428 -0.012428 -0.0124189 -0.0265681 -0.0265696 -0.0265696 -0.026568 -0.0336854 -0.0336779 -0.0336778 -0.0336854
6.445 0 0 0 0 -0.0107038 -0.0107107 -0.0107107 -0.0107037 -0.0235718 -0.0235726 -0.0235726 -0.0235718 -0.0307365 -0.0307296 -0.0307296 -0.0307365
6.465 0 0 0 0 -0.00910622 -0.00911676 -0.00911653 -0.00910614 -0.0187131 -0.01871 -0.0187101 -0.0187131 -0.0251176 -0.0251127 -0.0251127 -0.0251176
6.485 0 0 0 0 -0.00567121 -0.0056767 -0.00567712 -0.00567184 -0.0119361 -0.0119348 -0.0119352 -0.0119361 -0.0157462 -0.0157429 -0.0157429 -0.0157462
6.505 0 0 0 0 -0.000528906 -0.000524589 -0.000524834 -0.000529102 -0.00277076 -0.00277401 -0.00277403 -0.00277083 -0.00333629 -0.0033348 -0.0033348 -0.00333627
6.525 0 0 0 0 0.00374951 0.00375407 0.00375417 0.00374965 0.00733659 0.007336 0.00733602 0.00733657 0.00924213 0.00924032 0.00924032 0.00924212
6.545 0 0 0 0 0.00681216 0.00681349 0.00681356 0.00681227 0.0159675 0.0159708 0.0159708 0.0159675 0.0202577 0.0202525 0.0202525 0.0202576
6.565 0 0 0 0 0.0096854 0.00969156 0.00969155 0.0096854 0.0216609 0.0216611 0.021661 0.0216608 0.0287754 0.028769 0.028769 0.0287754
6.585 0 0 0 0 0.0137113 0.0137299 0.0137299 0.0137112 0.0268556 0.0268499 0.0268499 0.0268555 0.0354885 0.035482 0.0354819 0.0354884
6.605 0 0 0 0 0.0158851 0.0159041 0.015904 0.015885 0.0310893 0.0310875 0.0310875 0.0310893 0.0388238 0.0388161 0.0388161 0.0388238
6.625 0 0 0 0 0.0146683 0.0146775 0.0146776 0.0146687 0.0312926 0.0312978 0.0312978 0.0312927 0.0380759 0.0380669 0.0380669 0.0380759
6.645 0 0 0 0 0.0118219 0.0118292 0.0118294 0.0118224 0.0261523 0.026154 0.0261541 0.0261524 0.0338548 0.0338471 0.0338471 0.0338548
6.665 0 0 0 0 0.00917325 0.00918392 0.00918351 0.00917016 0.0188366 0.0188306 0.0188308 0.018837 0.0267664 0.0267616 0.0267616 0.0267664
6.685 0 0 0 0 0.00497035 0.00497494 0.00497434 0.00496923 0.0108428 0.0108405 0.0108406 0.010843 0.0153846 0.0153816 0.0153816 0.0153847
6.705 0 0 0 0 -0.00132707 -0.00133694 -0.00133666 -0.00132646 0.000271922 0.000278289 0.000278257 0.000271836 -0.000177161 -0.00017853 -0.00017855 -0.000177159
6.725 0 0 0 0 -0.00621926 -0.00622771 -0.0062275 -0.00621885 -0.0120931 -0.0120908 -0.0120909 -0.0120933 -0.0158129 -0.01581 -0.01581 -0.015813
6.745 0 0 0 0 -0.00850139 -0.00849845 -0.00849846 -0.00850142 -0.0217296 -0.0217363 -0.0217363 -0.0217297 -0.0279064 -0.0278988 -0.0278988 -0.0279064
6.765 0 0 0 0 -0.0125697 -0.0125775 -0.0125775 -0.0125698 -0.0282494 -0.0282497 -0.0282497 -0.0282495 -0.0376375 -0.037629 -0.037629 -0.0376375
6.785 0 0 0 0 -0.0173409 -0.0173664 -0.0173665 -0.0173408 -0.0332701 -0.0332617 -0.0332617 -0.0332702 -0.0440732 -0.0440654 -0.0440654 -0.0440732
6.805 0 0 0 0 -0.0182811 -0.0183016 -0.0183016 -0.0182811 -0.0362172 -0.036216 -0.036216 -0.036217 -0.0450962 -0.045087 -0.045087 -0.0450961
6.825 0 0 0 0 -0.0150678 -0.015073 -0.0150732 -0.0150679 -0.0336007 -0.0336087 -0.0336087 -0.0336006 -0.0408477 -0.0408374 -0.0408374 -0.0408477
6.845 0 0 0 0 -0.0116572 -0.0116655 -0.0116662 -0.0116585 -0.0255881 -0.0255881 -0.0255877 -0.0255876 -0.0336847 -0.0336773 -0.0336773 -0.0336847
6.865 0 0 0 0 -0.00764732 -0.00765984 -0.00765961 -0.0076467 -0.0151953 -0.0151871 -0.0151872 -0.0151955 -0.0227016 -0.022698 -0.022698 -0.0227015
6.885 0 0 0 0 -0.00158331 -0.00158298 -0.00158265 -0.00158272 -0.0045425 -0.00454175 -0.00454183 -0.00454247 -0.00712454 -0.0071229 -0.00712288 -0.00712453
6.905 0 0 0 0 0.00543198 0.00544698 0.00544701 0.00543195 0.00803448 0.00802654 0.00802655 0.0080345 0.0113104 0.0113097 0.0113097 0.0113104
6.925 0 0 0 0 0.00983668 0.00984487 0.00984478 0.00983647 0.0211331 0.0211325 0.0211324 0.021133 0.0277366 0.0277307 0.0277306 0.0277366
6.945 0 0 0 0 0.0129509 0.0129517 0.0129517 0.0129508 0.0312184 0.0312249 0.0312248 0.0312183 0.040245 0.0402348 0.0402347 0.040245
6.965 0 0 0 0 0.0172257 0.0172402 0.0172402 0.0172256 0.0370135 0.037012 0.037012 0.0370134 0.0488477 0.0488372 0.0488372 0.0488477
6.985 0 0 0 0 0.0202209 0.0202479 0.0202478 0.0202208 0.0396189 0.0396114 0.0396114 0.039619 0.0520014 0.0519918 0.0519918 0.0520014
7.005 0 0 0 0 0.0181108 0.0181263 0.0181265 0.0181109 0.037884 0.0378855 0.0378856 0.0378841 0.0477262 0.0477158 0.0477158 0.0477262
7.025 0 0 0 0 0.0127833 0.0127848 0.0127841 0.0127822 0.0298879 0.0298951 0.0298954 0.0298885 0.0375011 0.0374915 0.0374915 0.0375011
7.045 0 0 0 0 0.00778339 0.00779005 0.00779006 0.00778383 0.0171821 0.0171799 0.0171801 0.0171821 0.0238116 0.0238067 0.0238067 0.0238117
7.065 0 0 0 0 0.00201908 0.00202677 0.00202701 0.00201981 0.00320856 0.00320164 0.00320166 0.00320841 0.00653669 0.00653641 0.00653639 0.00653665
7.085 0 0 0 0 -0.00543012 -0.00543798 -0.00543788 -0.0054299 -0.0103433 -0.0103411 -0.0103413 -0.0103436 -0.0134228 -0.0134204 -0.0134204 -0.0134228
7.105 0 0 0 0 -0.0102824 -0.0102942 -0.0102943 -0.0102826 -0.0216925 -0.0216876 -0.0216877 -0.0216927 -0.0302149 -0.0302091 -0.0302091 -0.0302149
7.125 0 0 0 0 -0.0128719 -0.0128763 -0.0128763 -0.012872 -0.0305385 -0.0305401 -0.0305401 -0.0305386 -0.0412818 -0.0412721 -0.0412721 -0.0412818
7.145 0 0 0 0 -0.0170449 -0.0170569 -0.017057 -0.0170451 -0.0371595 -0.0371606 -0.0371606 -0.0371595 -0.0482491 -0.0482383 -0.0482384 -0.0482491
7.165 0 0 0 0 -0.0211804 -0.0212076 -0.0212075 -0.0211804 -0.0408603 -0.0408562 -0.0408562 -0.0408601 -0.0512742 -0.0512643 -0.0512643 -0.0512742
7.185 0 0 0 0 -0.0198018 -0.0198238 -0.0198234 -0.0198015 -0.0391442 -0.0391442 -0.0391442 -0.0391442 -0.0481697 -0.0481598 -0.0481598 -0.0481697
7.205 0 0 0 0 -0.0138828 -0.0138888 -0.0138896 -0.013884 -0.0312241 -0.0312285 -0.0312283 -0.0312237 -0.0396267 -0.0396172 -0.0396172 -0.0396267
7.225 0 0 0 0 -0.00858386 -0.00858881 -0.00858873 -0.00858359 -0.0199569 -0.0199552 -0.0199552 -0.0199571 -0.0281093 -0.0281031 -0.028103 -0.0281091
7.245 0 0 0 0 -0.00343544 -0.00344084 -0.00344071 -0.0034351 -0.00758015 -0.00757471 -0.0075747 -0.00758016 -0.0126337 -0.0126317 -0.0126317 -0.0126337
7.265 0 0 0 0 0.00299073 0.00299607 0.00299615 0.00299074 0.00520707 0.0052055 0.00520545 0.00520703 0.00655135 0.00655033 0.00655032 0.00655131
7.285 0 0 0 0 0.00865611 0.008667 0.00866694 0.00865599 0.0179142 0.0179091 0.0179091 0.017914 0.0251107 0.0251061 0.0251061 0.0251107
7.305 0 0 0 0 0.0128193 0.0128261 0.012826 0.0128192 0.0293799 0.0293804 0.0293803 0.0293797 0.0394443 0.0394353 0.0394353 0.0394442
7.325 0 0 0 0 0.0175253 0.0175371 0.0175372 0.0175254 0.0383307 0.0383326 0.0383325 0.0383305 0.0494811 0.0494699 0.0494699 0.049481
7.345 0 0 0 0 0.021047 0.0210695 0.0210695 0.0210471 0.0426314 0.0426296 0.0426296 0.0426314 0.054201 0.0541898 0.0541898 0.054201
7.365 0 0 0 0 0.0196587 0.0196779 0.0196782 0.0196594 0.0404538 0.040453 0.040453 0.0404538 0.0515628 0.051552 0.051552 0.0515628
7.385 0 0 0 0 0.0150335 0.0150435 0.0150442 0.0150344 0.033019 0.0330204 0.0330204 0.0330192 0.0429001 0.0428905 0.0428905 0.0429001
7.405 0 0 0 0 0.00953673 0.00954291 0.00954333 0.00953713 0.0216872 0.0216865 0.0216863 0.0216869 0.0294355 0.029429 0.029429 0.0294356
7.425 0 0 0 0 0.00428977 0.00429505 0.0042948 0.00428887 0.00890491 0.00890204 0.0089019 0.008905 0.0126834 0.0126811 0.0126812 0.0126835
7.445 0 0 0 0 -0.00177446 -0.00177527 -0.00177562 -0.00177507 -0.00433499 -0.00433477 -0.00433464 -0.00433476 -0.00613791 -0.0061365 -0.0061365 -0.00613787
7.465 0 0 0 0 -0.00790552 -0.00791321 -0.00791323 -0.00790558 -0.0171709 -0.017168 -0.017168 -0.0171709 -0.0238599 -0.0238551 -0.0238551 -0.02386
7.485 0 0 0 0 -0.0128074 -0.0128168 -0.0128168 -0.0128074 -0.0282016 -0.0282011 -0.0282012 -0.0282017 -0.0374412 -0.037433 -0.0374331 -0.0374413
7.505 0 0 0 0 -0.0165175 -0.0165293 -0.0165293 -0.0165174 -0.035753 -0.0357547 -0.0357547 -0.0357532 -0.0459663 -0.045956 -0.0459561 -0.0459664
7.525 0 0 0 0 -0.0188453 -0.0188635 -0.0188635 -0.0188452 -0.0388317 -0.038831 -0.0388311 -0.0388318 -0.0495015 -0.0494911 -0.0494911 -0.0495015
7.545 0 0 0 0 -0.0189701 -0.0189911 -0.0189909 -0.0189695 -0.0379582 -0.0379557 -0.0379557 -0.0379582 -0.0483194 -0.0483097 -0.0483097 -0.0483194
7.565 0 0 0 0 -0.0162048 -0.0162202 -0.0162195 -0.016204 -0.0334078 -0.0334076 -0.0334077 -0.0334078 -0.0424416 -0.0424325 -0.0424325 -0.0424414
7.585 0 0 0 0 -0.0106689 -0.0106742 -0.0106739 -0.0106686 -0.0242099 -0.0242121 -0.0242122 -0.0242101 -0.0314908 -0.0314833 -0.0314833 -0.0314906
7.605 0 0 0 0 -0.00494947 -0.00495186 -0.00495195 -0.00494971 -0.0119703 -0.0119693 -0.0119693 -0.0119702 -0.0170226 -0.0170188 -0.0170187 -0.0170225
7.625 0 0 0 0 0.00028756 0.000285491 0.000285493 0.000287371 0.000799776 0.000803011 0.000802953 0.000799754 -0.00030407 -0.000304463 -0.000304448 -0.000304029
7.645 0 0 0 0 0.00580203 0.00580646 0.00580636 0.00580186 0.012779 0.0127785 0.0127785 0.012779 0.0171252 0.0171215 0.0171215 0.0171252
7.665 0 0 0 0 0.011139 0.0111502 0.0111502 0.0111389 0.0237334 0.0237297 0.0237297 0.0237333 0.0324511 0.0324445 0.0324445 0.0324511
7.685 0 0 0 0 0.0162987 0.0163144 0.0163145 0.0162987 0.0340299 0.034028 0.034028 0.0340297 0.0443566 0.0443473 0.0443473 0.0443565
7.705 0 0 0 0 0.0207165 0.0207367 0.0207366 0.0207166 0.0421952 0.0421961 0.042196 0.0421951 0.052597 0.0525858 0.0525858 0.052597
7.725 0 0 0 0 0.0221259 0.0221474 0.0221474 0.022126 0.0450243 0.0450254 0.0450254 0.0450244 0.0559883 0.0559764 0.0559764 0.0559883
7.745 0 0 0 0 0.0196324 0.0196497 0.0196499 0.0196327 0.0413828 0.0413822 0.0413822 0.0413829 0.0534429 0.0534315 0.0534314 0.0534429
7.765 0 0 0 0 0.0147297 0.0147407 0.0147411 0.0147303 0.0328679 0.032866 0.0328656 0.0328677 0.0446376 0.0446279 0.044628 0.0446377
7.785 0 0 0 0 0.00958253 0.00959003 0.00958925 0.00958253 0.0219109 0.0219097 0.02191 0.0219122 0.0303962 0.0303895 0.0303895 0.030396
7.805 0 0 0 0 0.00357459 0.00357464 0.00357244 0.00356984 0.00848354 0.00848425 0.00848386 0.00848257 0.0112375 0.0112345 0.0112341 0.0112367
7.825 0 0 0 0 -0.00288816 -0.00289122 -0.00289192 -0.00288995 -0.0065897 -0.00658818 -0.00658845 -0.00659045 -0.00970661 -0.00970477 -0.00970484 -0.00970687
7.845 0 0 0 0 -0.00904601 -0.00905024 -0.00905014 -0.00904601 -0.0211074 -0.0211079 -0.0211079 -0.0211076 -0.0286224 -0.0286159 -0.028616 -0.0286227
7.865 0 0 0 0 -0.0146854 -0.0146948 -0.0146947 -0.0146852 -0.0326532 -0.0326539 -0.032654 -0.0326533 -0.043031 -0.0430212 -0.0430212 -0.0430308
7.885 0 0 0 0 -0.0203016 -0.0203233 -0.0203232 -0.0203015 -0.0413312 -0.0413287 -0.0413287 -0.0413313 -0.0531253 -0.0531145 -0.0531146 -0.0531255
7.905 0 0 0 0 -0.0232548 -0.0232812 -0.0232814 -0.0232549 -0.0461839 -0.046182 -0.046182 -0.0461841 -0.0579571 -0.0579454 -0.0579453 -0.057957
7.925 0 0 0 0 -0.0221005 -0.0221194 -0.0221195 -0.0220998 -0.0457004 -0.0457021 -0.045702 -0.0457002 -0.0571182 -0.0571058 -0.0571059 -0.0571183
7.945 0 0 0 0 -0.0184481 -0.0184619 -0.0184614 -0.0184475 -0.039642 -0.0396427 -0.0396428 -0.0396418 -0.051192 -0.0511807 -0.0511806 -0.0511919
7.965 0 0 0 0 -0.0131763 -0.0131865 -0.0131856 -0.0131748 -0.028966 -0.0289635 -0.0289637 -0.0289664 -0.0395648 -0.0395564 -0.0395564 -0.0395648
7.985 0 0 0 0 -0.00721229 -0.00721866 -0.00721897 -0.00721143 -0.0161927 -0.0161902 -0.0161901 -0.0161926 -0.0227922 -0.0227874 -0.0227874 -0.0227921
8.005 0 0 0 0 -0.00154976 -0.00155215 -0.00155306 -0.00155212 -0.00307055 -0.00307129 -0.00307166 -0.00307087 -0.00343531 -0.00343453 -0.00343456 -0.0034353
8.025 0 0 0 0 0.00397245 0.0039737 0.00397371 0.00397196 0.0101215 0.0101191 0.0101185 0.0101201 0.0153875 0.015384 0.015384 0.0153874
8.045 0 0 0 0 0.0102862 0.0102932 0.0102934 0.0102866 0.0232681 0.0232669 0.0232668 0.0232677 0.0316974 0.0316903 0.0316903 0.0316972
8.065 0 0 0 0 0.0160674 0.016081 0.0160811 0.0160675 0.0339897 0.0339902 0.0339902 0.0339897 0.0435504 0.043541 0.043541 0.0435505
8.085 0 0 0 0 0.0198582 0.0198779 0.0198779 0.0198582 0.040362 0.0403622 0.0403622 0.0403619 0.050528 0.0505173 0.0505173 0.0505279
8.105 0 0 0 0 0.0217019 0.0217267 0.0217267 0.0217019 0.0429506 0.0429488 0.0429487 0.0429506 0.0538283 0.0538174 0.0538174 0.0538283
8.125 0 0 0 0 0.0207294 0.0207514 0.0207517 0.0207299 0.0418663 0.0418647 0.0418648 0.0418663 0.0530666 0.0530557 0.0530557 0.0530666
8.145 0 0 0 0 0.0164893 0.0164999 0.0165 0.0164882 0.0360245 0.0360258 0.036026 0.036025 0.0467986 0.0467881 0.0467881 0.0467986
8.165 0 0 0 0 0.0106039 0.0106076 0.0106079 0.0106045 0.0252767 0.0252773 0.0252772 0.0252763 0.034588 0.03458 0.03458 0.0345882
8.185 0 0 0 0 0.00562819 0.00563506 0.00563507 0.00562959 0.012613 0.0126097 0.0126095 0.0126127 0.018336 0.0183324 0.0183324 0.0183361
8.205 0 0 0 0 -9.41335e-05 -9.20459e-05 -9.23335e-05 -9.47021e-05 -0.000905747 -0.000906885 -0.000906891 -0.000905689 -0.00122236 -0.00122177 -0.0012217 -0.00122223
8.225 0 0 0 0 -0.00771983 -0.00773002 -0.00773024 -0.00772049 -0.0158225 -0.0158179 -0.0158179 -0.0158224 -0.0221332 -0.0221292 -0.0221292 -0.0221332
8.245 0 0 0 0 -0.0141228 -0.0141359 -0.014136 -0.0141231 -0.0300065 -0.0300047 -0.0300047 -0.0300066 -0.039641 -0.0396327 -0.0396327 -0.039641
8.265 0 0 0 0 -0.0184125 -0.0184239 -0.0184238 -0.0184125 -0.0404048 -0.0404084 -0.0404084 -0.040405 -0.0515954 -0.0515836 -0.0515836 -0.0515955
8.285 0 0 0 0 -0.0216487 -0.0216677 -0.0216677 -0.0216487 -0.045519 -0.0455194 -0.0455194 -0.0455191 -0.0582673 -0.0582547 -0.0582547 -0.0582673
8.305 0 0 0 0 -0.0225185 -0.0225432 -0.0225433 -0.0225179 -0.0455075 -0.0455031 -0.045503 -0.0455074 -0.0588941 -0.0588823 -0.0588823 -0.0588941
8.325 0 0 0 0 -0.0193785 -0.019396 -0.0193952 -0.019378 -0.0406195 -0.0406183 -0.0406184 -0.0406192 -0.0524444 -0.0524332 -0.0524332 -0.0524444
8.345 0 0 0 0 -0.0136263 -0.0136325 -0.0136314 -0.0136249 -0.0307667 -0.0307698 -0.0307703 -0.0307673 -0.0397966 -0.0397872 -0.0397871 -0.0397964
8.365 0 0 0 0 -0.00737793 -0.00738287 -0.00738305 -0.00737671 -0.0167665 -0.0167662 -0.016766 -0.0167664 -0.0226608 -0.0226558 -0.0226558 -0.0226608
8.385 0 0 0 0 -0.00145464 -0.00146133 -0.00146193 -0.00145709 -0.00183494 -0.00183108 -0.00183112 -0.00183536 -0.00325388 -0.00325395 -0.00325393 -0.00325387
8.405 0 0 0 0 0.00515076 0.00515272 0.00515223 0.00514975 0.0121275 0.0121276 0.0121277 0.0121276 0.0166055 0.0166016 0.0166016 0.0166054
8.425 0 0 0 0 0.0117627 0.0117754 0.0117754 0.0117628 0.024848 0.0248437 0.0248438 0.0248482 0.0340247 0.034018 0.0340179 0.0340246
8.445 0 0 0 0 0.0163899 0.0164036 0.0164037 0.01639 0.0351414 0.0351406 0.0351405 0.0351412 0.0460215 0.0460116 0.0460115 0.0460214
8.465 0 0 0 0 0.0198121 0.0198278 0.0198279 0.0198121 0.041912 0.0419141 0.041914 0.0419118 0.0529817 0.05297 0.0529699 0.0529816
8.485 0 0 0 0 0.0219819 0.0220051 0.0220052 0.0219818 0.0442296 0.0442287 0.0442286 0.0442296 0.0556095 0.0555981 0.0555981 0.0556095
8.505 0 0 0 0 0.0206422 0.0206651 0.0206654 0.0206421 0.0415211 0.0415188 0.0415187 0.0415211 0.0528589 0.0528482 0.0528481 0.0528588
8.525 0 0 0 0 0.0157163 0.0157275 0.0157266 0.015715 0.0340494 0.0340501 0.0340506 0.03405 0.0442748 0.044265 0.044265 0.0442748
8.545 0 0 0 0 0.010206 0.0102115 0.0102116 0.0102067 0.0233346 0.0233351 0.0233354 0.0233346 0.0313378 0.0313307 0.0313307 0.031338
8.565 0 0 0 0 0.00509367 0.00510121 0.00510158 0.00509554 0.0108493 0.010847 0.0108467 0.0108489 0.0150939 0.0150909 0.015091 0.015094
8.585 0 0 0 0 -0.00066385 -0.000661805 -0.000661765 -0.000663672 -0.00228844 -0.00228933 -0.00228951 -0.00228871 -0.00330287 -0.00330185 -0.00330178 -0.00330274
8.605 0 0 0 0 -0.00642351 -0.00642844 -0.00642862 -0.00642402 -0.0146429 -0.0146411 -0.0146411 -0.014643 -0.0206221 -0.0206177 -0.0206177 -0.020622
8.625 0 0 0 0 -0.0103613 -0.0103667 -0.0103668 -0.0103616 -0.0241239 -0.0241237 -0.0241237 -0.024124 -0.0329616 -0.0329542 -0.0329542 -0.0329617
8.645 0 0 0 0 -0.0130044 -0.0130113 -0.0130113 -0.0130046 -0.029641 -0.0296423 -0.0296424 -0.0296411 -0.0393106 -0.0393016 -0.0393016 -0.0393107
8.665 0 0 0 0 -0.0168935 -0.0169135 -0.0169135 -0.0168935 -0.0334604 -0.0334576 -0.0334576 -0.0334605 -0.0426081 -0.0425997 -0.0425997 -0.0426081
8.685 0 0 0 0 -0.0189388 -0.0189649 -0.0189648 -0.0189387 -0.035321 -0.0353182 -0.0353182 -0.035321 -0.042942 -0.0429339 -0.0429339 -0.042942
8.705 0 0 0 0 -0.0160458 -0.0160592 -0.0160592 -0.016045 -0.0326009 -0.0326045 -0.0326044 -0.032601 -0.0392904 -0.0392817 -0.0392817 -0.0392904
8.725 0 0 0 0 -0.0119273 -0.0119343 -0.0119343 -0.0119267 -0.0261195 -0.026121 -0.026121 -0.0261195 -0.0336946 -0.0336869 -0.0336869 -0.0336945
8.745 0 0 0 0 -0.00959904 -0.00961255 -0.00961346 -0.00960104 -0.0193525 -0.019346 -0.0193448 -0.0193511 -0.0271613 -0.0271565 -0.0271565 -0.0271613
8.765 0 0 0 0 -0.00579776 -0.00580411 -0.00580409 -0.00579748 -0.0121723 -0.0121697 -0.0121695 -0.0121718 -0.0167698 -0.0167666 -0.0167666 -0.0167698
8.785 0 0 0 0 0.000532635 0.000542504 0.000543 0.000533454 -0.00202189 -0.00202873 -0.00202924 -0.00202264 -0.00201246 -0.00201055 -0.00201057 -0.00201246
8.805 0 0 0 0 0.0046757 0.00468154 0.0046816 0.00467568 0.00928118 0.00927962 0.00927944 0.0092808 0.0121507 0.0121484 0.0121484 0.0121508
8.825 0 0 0 0 0.00740987 0.00740708 0.00740696 0.00740964 0.0188878 0.0188939 0.0188939 0.0188878 0.0240671 0.0240605 0.0240605 0.0240671
8.845 0 0 0 0 0.0135184 0.0135325 0.0135325 0.0135184 0.0277733 0.0277712 0.0277712 0.0277733 0.0360935 0.0360862 0.0360862 0.0360935
8.865 0 0 0 0 0.0196916 0.0197223 0.0197223 0.0196915 0.0363211 0.0363129 0.0363129 0.0363211 0.0462851 0.0462772 0.0462772 0.0462851
8.885 0 0 0 0 0.0213012 0.0213231 0.0213231 0.0213012 0.0425072 0.0425085 0.0425085 0.0425074 0.052083 0.052072 0.052072 0.052083
8.905 0 0 0 0 0.0206523 0.0206657 0.0206656 0.0206527 0.0442688 0.0442746 0.0442745 0.0442687 0.0547464 0.0547337 0.0547337 0.0547464
8.925 0 0 0 0 0.0196845 0.0197041 0.0197036 0.0196839 0.0411498 0.0411467 0.0411473 0.0411505 0.0540774 0.0540663 0.0540662 0.0540773
8.945 0 0 0 0 0.0159212 0.0159388 0.015938 0.0159209 0.0338058 0.0337998 0.0338004 0.0338067 0.0465142 0.046505 0.046505 0.0465143
8.965 0 0 0 0 0.00938877 0.00938595 0.00938172 0.00937707 0.0229282 0.0229268 0.022925 0.0229206 0.0311995 0.0311907 0.0311901 0.0311972
8.985 0 0 0 0 0.0038325 0.00382919 0.00382773 0.00382781 0.00971896 0.00972152 0.00972147 0.00971748 0.0122002 0.0121967 0.0121969 0.0122005
9.005 0 0 0 0 -0.00199943 -0.00199679 -0.00199588 -0.00199725 -0.00592849 -0.00592922 -0.00592866 -0.00592724 -0.00853144 -0.00852912 -0.00852903 -0.00853126
9.025 0 0 0 0 -0.0109551 -0.010964 -0.0109636 -0.0109545 -0.0234344 -0.0234343 -0.0234342 -0.0234344 -0.0304691 -0.0304625 -0.0304623 -0.0304688
9.045 0 0 0 0 -0.0195711 -0.0195935 -0.0195937 -0.0195716 -0.0391332 -0.0391308 -0.039131 -0.0391337 -0.0497322 -0.0497222 -0.0497223 -0.0497324
9.065 0 0 0 0 -0.0243795 -0.0244034 -0.0244037 -0.0243803 -0.0500675 -0.0500676 -0.0500678 -0.050068 -0.0632844 -0.063271 -0.063271 -0.0632844
9.085 0 0 0 0 -0.0271204 -0.0271453 -0.0271453 -0.0271203 -0.0563741 -0.0563741 -0.0563741 -0.0563742 -0.0718211 -0.0718058 -0.0718058 -0.0718212
9.105 0 0 0 0 -0.030381 -0.0304148 -0.030415 -0.0303797 -0.0604677 -0.0604621 -0.060462 -0.0604669 -0.0771797 -0.0771644 -0.0771644 -0.0771797
9.125 0 0 0 0 -0.030797 -0.030834 -0.0308323 -0.0307985 -0.0611592 -0.0611554 -0.0611554 -0.0611584 -0.0771107 -0.0770953 -0.0770953 -0.0771108
9.145 0 0 0 0 -0.027008 -0.0270324 -0.0270304 -0.0270049 -0.0562849 -0.0562881 -0.0562877 -0.0562853 -0.0705934 -0.0705778 -0.0705777 -0.070593
9.165 0 0 0 0 -0.022009 -0.0220329 -0.0220334 -0.02202 -0.0462653 -0.046269 -0.0462746 -0.0462801 -0.0593548 -0.0593432 -0.0593447 -0.0593593
9.185 0 0 0 0 -0.0149299 -0.0149465 -0.0149505 -0.0149423 -0.0314179 -0.0314176 -0.031421 -0.03143 -0.0421167 -0.0421085 -0.0421088 -0.0421181
9.205 0 0 0 0 -0.00547406 -0.00547801 -0.00548009 -0.00548301 -0.013277 -0.0132776 -0.0132781 -0.0132805 -0.0187778 -0.0187739 -0.0187744 -0.0187795
9.225 0 0 0 0 0.00521154 0.00522344 0.005223 0.00521009 0.00768159 0.00767831 0.007679 0.00768354 0.00898087 0.00898029 0.00898064 0.0089817
9.245 0 0 0 0 0.0153545 0.0153725 0.0153727 0.0153546 0.0301952 0.0301932 0.0301932 0.0301952 0.0379623 0.0379547 0.0379544 0.0379618
9.265 0 0 0 0 0.0252556 0.0252788 0.0252786 0.0252549 0.0520913 0.0520913 0.0520909 0.0520901 0.0658563 0.0658423 0.0658423 0.0658563
9.285 0 0 0 0 0.0366747 0.0367158 0.0367155 0.0366738 0.073068 0.0730637 0.0730635 0.0730673 0.0924043 0.0923856 0.0923854 0.0924039
9.305 0 0 0 0 0.0458207 0.0458743 0.0458741 0.0458207 0.0905708 0.0905655 0.0905656 0.0905707 0.114011 0.113988 0.113988 0.114011
9.325 0 0 0 0 0.0494119 0.0494605 0.0494613 0.0494156 0.101003 0.101003 0.101004 0.101004 0.1272 0.127174 0.127173 0.1272
9.345 0 0 0 0 0.0473925 0.0474367 0.0474382 0.0473983 0.100677 0.100679 0.100679 0.100676 0.1292 0.129172 0.129173 0.129202
9.365 0 0 0 0 0.0412079 0.041211 0.0411934 0.0411492 0.0889501 0.0889368 0.0889297 0.088921 0.117686 0.117656 0.117654 0.117678
9.385 0 0 0 0 0.0299775 0.0299768 0.0299641 0.0299285 0.0665786 0.0665654 0.0665621 0.0665609 0.0900412 0.0900192 0.0900185 0.090037
9.405 0 0 0 0 0.013653 0.0136425 0.0136387 0.0136292 0.0341463 0.0341416 0.0341375 0.0341294 0.0467957 0.0467826 0.0467816 0.046792
9.425 0 0 0 0 -0.00389925 -0.00390793 -0.00390625 -0.00389371 -0.00493066 -0.00492757 -0.00492787 -0.00493155 -0.00531581 -0.00531547 -0.00531502 -0.00531486
9.445 0 0 0 0 -0.0210951 -0.021111 -0.0211121 -0.021097 -0.0455805 -0.0455825 -0.0455842 -0.0455837 -0.0588782 -0.0588655 -0.0588662 -0.0588797
9.465 0 0 0 0 -0.0381243 -0.0381554 -0.0381568 -0.0381279 -0.08222 -0.0822207 -0.0822219 -0.082223 -0.107283 -0.10726 -0.10726 -0.107283
9.485 0 0 0 0 -0.0537988 -0.0538525 -0.0538533 -0.0538008 -0.111801 -0.111794 -0.111795 -0.111801 -0.14529 -0.14526 -0.14526 -0.145291
9.505 0 0 0 0 -0.0630858 -0.0631475 -0.0631474 -0.0630862 -0.130465 -0.130461 -0.130461 -0.130465 -0.16735 -0.167315 -0.167315 -0.16735
9.525 0 0 0 0 -0.0627802 -0.0628167 -0.062809 -0.0627659 -0.133099 -0.133101 -0.1331 -0.133094 -0.169989 -0.169951 -0.169952 -0.169989
9.545 0 0 0 0 -0.0544187 -0.0544569 -0.0544491 -0.0544105 -0.117625 -0.117627 -0.117628 -0.117631 -0.152866 -0.152831 -0.152829 -0.152861
9.565 0 0 0 0 -0.0411611 -0.0412251 -0.0412245 -0.0412134 -0.0883424 -0.0883474 -0.0883566 -0.0883812 -0.117964 -0.117942 -0.117944 -0.117975
9.585 0 0 0 0 -0.0250713 -0.0251039 -0.025102 -0.0250863 -0.0522725 -0.0522698 -0.0522759 -0.0522879 -0.0694883 -0.069475 -0.0694758 -0.0694924
9.605 0 0 0 0 -0.00682585 -0.00683376 -0.00683302 -0.00682866 -0.0128182 -0.0128201 -0.0128179 -0.0128151 -0.0137819 -0.0137785 -0.0137781 -0.0137808
9.625 0 0 0 0 0.0119503 0.011957 0.0119553 0.0119445 0.0280178 0.0280116 0.0280107 0.0280144 0.0407331 0.0407243 0.0407239 0.0407323
9.645 0 0 0 0 0.0293162 0.0293338 0.0293327 0.0293136 0.0655994 0.0656 0.065599 0.0655971 0.0868069 0.0867871 0.0867868 0.0868061
9.665 0 0 0 0 0.0437951 0.0438287 0.0438286 0.0437943 0.0938488 0.0938508 0.0938503 0.093847 0.12053 0.120504 0.120504 0.12053
9.685 0 0 0 0 0.0535639 0.0536166 0.0536161 0.053562 0.110054 0.110051 0.11005 0.110053 0.140634 0.140605 0.140605 0.140634
9.705 0 0 0 0 0.0555158 0.0555752 0.0555749 0.0555176 0.11373 0.113726 0.113727 0.113731 0.145557 0.145527 0.145527 0.145557
9.725 0 0 0 0 0.0489212 0.0489547 0.0489637 0.0489296 0.104176 0.10418 0.104183 0.104179 0.134194 0.134165 0.134164 0.134193
9.745 0 0 0 0 0.0362002 0.0362208 0.0362387 0.0362164 0.0808635 0.0808651 0.0808642 0.0808609 0.106573 0.10655 0.106551 0.106577
9.765 0 0 0 0 0.0210052 0.0210197 0.0210211 0.0210168 0.0474415 0.047436 0.0474368 0.0474411 0.0652676 0.0652533 0.0652526 0.0652663
9.785 0 0 0 0 0.0044005 0.00440571 0.00440386 0.00440105 0.00953258 0.00952831 0.00952774 0.00953199 0.0144377 0.0144352 0.0144357 0.0144384
9.805 0 0 0 0 -0.0129729 -0.0129841 -0.0129842 -0.0129739 -0.0285469 -0.0285442 -0.0285444 -0.0285473 -0.0389714 -0.0389634 -0.0389637 -0.0389722
9.825 0 0 0 0 -0.0300565 -0.0300838 -0.0300842 -0.0300579 -0.0648305 -0.0648248 -0.064825 -0.0648315 -0.0873832 -0.087365 -0.0873649 -0.0873831
9.845 0 0 0 0 -0.0435496 -0.0435831 -0.0435836 -0.0435504 -0.0942826 -0.0942828 -0.0942828 -0.0942831 -0.12322 -0.123193 -0.123193 -0.12322
9.865 0 0 0 0 -0.052094 -0.0521342 -0.0521341 -0.052089 -0.111491 -0.111494 -0.111494 -0.111491 -0.143202 -0.143171 -0.143171 -0.143202
9.885 0 0 0 0 -0.0540092 -0.054065 -0.0540658 -0.0540206 -0.113325 -0.113318 -0.113317 -0.113318 -0.145862 -0.145831 -0.145831 -0.145862
9.905 0 0 0 0 -0.0468199 -0.046862 -0.0468619 -0.0468199 -0.0993152 -0.0993118 -0.0993131 -0.0993169 -0.129488 -0.129459 -0.129458 -0.129485
9.925 0 0 0 0 -0.0316813 -0.0317015 -0.0317014 -0.0316802 -0.071308 -0.0713118 -0.0713153 -0.0713129 -0.094835 -0.0948136 -0.0948133 -0.0948348
9.945 0 0 0 0 -0.0125247 -0.0125217 -0.0125198 -0.012518 -0.0322912 -0.0322929 -0.0322969 -0.032294 -0.0453737 -0.0453626 -0.0453622 -0.0453731
9.965 0 0 0 0 0.00723313 0.00724429 0.00724545 0.00723525 0.0123955 0.0123984 0.0123994 0.0123987 0.0129755 0.0129731 0.0129731 0.0129757
9.985 0 0 0 0 0.0262537 0.0262739 0.0262734 0.0262519 0.0562109 0.0562121 0.0562129 0.0562117 0.0724864 0.0724704 0.0724703 0.0724861
10.005 0 0 0 0 0.044362 0.0444002 0.0443993 0.0443598 0.0949182 0.0949126 0.094912 0.094916 0.125309 0.125282 0.125282 0.125308
10.025 0 0 0 0 0.059196 0.0592496 0.0592483 0.0591946 0.125139 0.125133 0.125132 0.125137 0.163865 0.163831 0.16383 0.163865
10.045 0 0 0 0 0.0674824 0.0675583 0.0675566 0.0674996 0.142324 0.142327 0.142325 0.142325 0.183124 0.183084 0.183084 0.183123
10.065 0 0 0 0 0.0675038 0.0675798 0.0675737 0.0675045 0.142121 0.142126 0.142123 0.142119 0.181542 0.181502 0.181504 0.181544
10.085 0 0 0 0 0.0592399 0.059298 0.0593089 0.0592503 0.124139 0.124135 0.124139 0.124145 0.160002 0.159968 0.159967 0.16
10.105 0 0 0 0 0.0437167 0.0437531 0.043757 0.043709 0.0921437 0.0921398 0.0921391 0.0921447 0.120646 0.120621 0.120622 0.120647
10.125 0 0 0 0 0.022393 0.0224211 0.0224266 0.0224333 0.049777 0.0497688 0.0497615 0.0497572 0.0661171 0.0660988 0.0660941 0.0661054
10.145 0 0 0 0 -0.00130404 -0.00131805 -0.00132179 -0.00131321 0.000591542 0.000589796 0.000583875 0.000576603 0.00198164 0.00198005 0.00198037 0.0019817
10.165 0 0 0 0 -0.0250243 -0.0250571 -0.0250636 -0.0250459 -0.0509472 -0.0509477 -0.0509514 -0.0509552 -0.0647139 -0.0647016 -0.0647037 -0.0647182
10.185 0 0 0 0 -0.0476988 -0.0477476 -0.0477503 -0.0477125 -0.0994081 -0.0994078 -0.0994085 -0.0994107 -0.127321 -0.127293 -0.127292 -0.127319
10.205 0 0 0 0 -0.0664323 -0.0664987 -0.0664975 -0.0664406 -0.13843 -0.138426 -0.138426 -0.13843 -0.178154 -0.178116 -0.178117 -0.178155
10.225 0 0 0 0 -0.0784554 -0.0785315 -0.0785328 -0.0784665 -0.16362 -0.163616 -0.163616 -0.163622 -0.210971 -0.210926 -0.210926 -0.21097
10.245 0 0 0 0 -0.0822048 -0.0822213 -0.0822324 -0.082186 -0.172177 -0.172167 -0.172166 -0.172166 -0.221848 -0.221801 -0.221801 -0.221849
10.265 0 0 0 0 -0.0779708 -0.0780129 -0.0779894 -0.0779457 -0.163247 -0.163243 -0.16325 -0.163252 -0.210076 -0.21003 -0.210025 -0.210068
10.285 0 0 0 0 -0.0660768 -0.0661371 -0.0661447 -0.0660958 -0.137681 -0.137682 -0.137674 -0.137673 -0.177128 -0.177092 -0.177094 -0.177131
10.305 0 0 0 0 -0.0483738 -0.0483739 -0.0484086 -0.0483477 -0.0992018 -0.0992153 -0.0992383 -0.0992598 -0.127199 -0.127178 -0.127185 -0.127219
10.325 0 0 0 0 -0.0263012 -0.0262648 -0.0262696 -0.0262087 -0.0518098 -0.0518202 -0.0518332 -0.0518439 -0.0650887 -0.0650776 -0.0650794 -0.0650958
10.345 0 0 0 0 0.00101231 0.00101017 0.00101274 0.00101254 0.00253127 0.00253061 0.00253263 0.00253629 0.00498018 0.00497887 0.00497799 0.00497866
10.365 0 0 0 0 0.0302067 0.0302216 0.0302272 0.0301848 0.0596017 0.0595966 0.0595963 0.0596004 0.0758113 0.075797 0.0757982 0.0758139
10.385 0 0 0 0 0.0559069 0.0559389 0.0559383 0.0558679 0.112436 0.112433 0.112432 0.112429 0.140565 0.140535 0.140534 0.140563
10.405 0 0 0 0 0.0748903 0.0749275 0.0749248 0.0748339 0.153481 0.153479 0.153476 0.153471 0.193554 0.193513 0.193513 0.193555
10.425 0 0 0 0 0.0873544 0.0874099 0.0874063 0.0872976 0.179752 0.179743 0.179739 0.179742 0.230605 0.230557 0.230556 0.230604
10.445 0 0 0 0 0.091123 0.0911992 0.0911938 0.0911067 0.18946 0.189459 0.189458 0.189477 0.245408 0.245356 0.245356 0.245407
10.465 0 0 0 0 0.0844547 0.0845333 0.0845157 0.0844421 0.179991 0.179995 0.179984 0.179967 0.233173 0.233125 0.233129 0.233184
10.485 0 0 0 0 0.0688512 0.0688807 0.0688608 0.0688087 0.149118 0.149132 0.14914 0.14914 0.193796 0.193752 0.193749 0.193789
10.505 0 0 0 0 0.0476298 0.0476774 0.0476673 0.0476436 0.100959 0.100955 0.100961 0.100962 0.132441 0.132412 0.132414 0.132442
10.525 0 0 0 0 0.0226581 0.0227288 0.0227352 0.0227724 0.0439864 0.0439807 0.0439878 0.043992 0.0566429 0.0566289 0.0566277 0.0566362
10.545 0 0 0 0 -0.0064415 -0.00644012 -0.00644304 -0.00645294 -0.016724 -0.016725 -0.0167274 -0.0167316 -0.0254935 -0.0254871 -0.0254855 -0.0254904
10.565 0 0 0 0 -0.0359512 -0.0359951 -0.0359992 -0.035983 -0.0762937 -0.0762899 -0.0762936 -0.0763041 -0.102212 -0.102192 -0.102193 -0.102215
10.585 0 0 0 0 -0.0619861 -0.0620578 -0.0620604 -0.0620287 -0.129318 -0.129321 -0.129324 -0.129327 -0.165889 -0.165853 -0.165853 -0.165888
10.605 0 0 0 0 -0.0818864 -0.0819811 -0.0819821 -0.0819374 -0.168733 -0.168738 -0.16874 -0.168739 -0.21286 -0.212815 -0.212815 -0.212861
10.625 0 0 0 0 -0.0910042 -0.091062 -0.0910633 -0.0909942 -0.187422 -0.187422 -0.187421 -0.187424 -0.238263 -0.238213 -0.238213 -0.238264
10.645 0 0 0 0 -0.085892 -0.0858971 -0.0858737 -0.0858646 -0.181972 -0.181965 -0.181963 -0.181967 -0.236189 -0.236139 -0.236142 -0.236189
10.665 0 0 0 0 -0.0717924 -0.071791 -0.0717555 -0.0716854 -0.155981 -0.155982 -0.155976 -0.155969 -0.206298 -0.206254 -0.206251 -0.206297
10.685 0 0 0 0 -0.0530137 -0.0530376 -0.0530374 -0.0529799 -0.114313 -0.114311 -0.114318 -0.114324 -0.151614 -0.151582 -0.151581 -0.151614
10.705 0 0 0 0 -0.0290197 -0.029041 -0.0290489 -0.0290185 -0.060417 -0.0604135 -0.0604128 -0.0604137 -0.0775111 -0.0774936 -0.0774922 -0.0775077
10.725 0 0 0 0 0.000992605 0.000992343 0.000989454 0.000985607 0.00302021 0.00301642 0.00301916 0.00302578 0.00733714 0.00733631 0.00733646 0.00733739
10.745 0 0 0 0 0.0325532 0.0325677 0.0325671 0.0325292 0.0689692 0.0689649 0.0689646 0.0689667 0.0907394 0.0907198 0.0907192 0.0907381
10.765 0 0 0 0 0.0594802 0.0595006 0.0594997 0.059436 0.126176 0.126176 0.126174 0.126167 0.161478 0.161442 0.161442 0.161477
10.785 0 0 0 0 0.0788318 0.0788705 0.0788702 0.0787809 0.165869 0.165867 0.165864 0.165858 0.212696 0.21265 0.212649 0.212695
10.805 0 0 0 0 0.088435 0.0885001 0.0885021 0.0884505 0.18472 0.184718 0.184722 0.184731 0.239245 0.239194 0.239193 0.239242
10.825 0 0 0 0 0.0852015 0.0852623 0.0852651 0.0851556 0.1812 0.181181 0.181189 0.181182 0.235927 0.235876 0.235878 0.235931
10.845 0 0 0 0 0.0711673 0.0712487 0.0712737 0.0712478 0.155091 0.155096 0.155103 0.155113 0.202431 0.202386 0.202384 0.202428
10.865 0 0 0 0 0.0512475 0.0513103 0.0513196 0.0513027 0.110267 0.110261 0.110256 0.110258 0.144457 0.144426 0.144427 0.14446
10.885 0 0 0 0 0.0266183 0.0266535 0.0266541 0.0266325 0.053543 0.0535354 0.0535335 0.0535377 0.0694618 0.0694478 0.0694473 0.0694606
10.905 0 0 0 0 -0.00322149 -0.00322407 -0.00322717 -0.00323067 -0.00897803 -0.00897694 -0.00897737 -0.00897921 -0.0140289 -0.014025 -0.0140237 -0.0140261
10.925 0 0 0 0 -0.0354202 -0.0354672 -0.0354692 -0.0354455 -0.0729176 -0.0729106 -0.0729104 -0.0729191 -0.0962559 -0.096237 -0.0962379 -0.0962579
10.945 0 0 0 0 -0.0642807 -0.0643591 -0.0643608 -0.0643229 -0.131915 -0.131915 -0.131917 -0.131922 -0.168188 -0.168153 -0.168152 -0.168188
10.965 0 0 0 0 -0.0847114 -0.0848066 -0.0848062 -0.0847598 -0.176048 -0.176056 -0.176058 -0.176057 -0.222531 -0.222483 -0.222484 -0.222533
10.985 0 0 0 0 -0.0955411 -0.0955795 -0.0955769 -0.0955012 -0.199042 -0.199038 -0.199033 -0.199029 -0.254759 -0.254706 -0.254707 -0.254762
11.005 0 0 0 0 -0.0958473 -0.0959714 -0.095991 -0.0958739 -0.200391 -0.200388 -0.200379 -0.20041 -0.260465 -0.26041 -0.260408 -0.260461
11.025 0 0 0 0 -0.0863095 -0.0863601 -0.0863599 -0.0862408 -0.181951 -0.181925 -0.181915 -0.181928 -0.237084 -0.237035 -0.237038 -0.237088
11.045 0 0 0 0 -0.067672 -0.0676941 -0.0676808 -0.0676018 -0.144187 -0.144184 -0.144182 -0.144179 -0.186275 -0.186233 -0.186232 -0.186272
11.065 0 0 0 0 -0.0419855 -0.0417923 -0.0418017 -0.0417131 -0.0888299 -0.0888371 -0.0888528 -0.0888403 -0.113731 -0.113707 -0.113713 -0.113753
11.085 0 0 0 0 -0.010332 -0.0103051 -0.0103311 -0.0103079 -0.0208287 -0.0208206 -0.0208314 -0.0208247 -0.0259206 -0.0259099 -0.0259039 -0.0259091
11.105 0 0 0 0 0.0263855 0.0263857 0.0263689 0.0263308 0.0537731 0.0537734 0.0537758 0.0537767 0.0687532 0.0687367 0.0687337 0.0687468
11.125 0 0 0 0 0.0645419 0.0645468 0.0645399 0.0644379 0.127933 0.12792 0.127917 0.127912 0.161194 0.161162 0.161166 0.161201
11.145 0 0 0 0 0.0978152 0.0978295 0.097826 0.09768 0.194275 0.19426 0.194255 0.194245 0.243343 0.24329 0.243286 0.243335
11.165 0 0 0 0 0.11864 0.118682 0.118676 0.118511 0.241815 0.241803 0.241791 0.241771 0.304782 0.304717 0.304717 0.304784
11.185 0 0 0 0 0.125786 0.125789 0.125778 0.125708 0.263319 0.263318 0.263316 0.263342 0.337591 0.337518 0.337515 0.337585
11.205 0 0 0 0 0.120829 0.120941 0.121013 0.121035 0.257009 0.257013 0.257005 0.257022 0.335526 0.335453 0.335459 0.335538
11.225 0 0 0 0 0.105171 0.105262 0.10527 0.10523 0.22439 0.224369 0.224356 0.22436 0.295138 0.295073 0.295071 0.295133
11.245 0 0 0 0 0.0832351 0.0836387 0.0837489 0.0843843 0.170792 0.170911 0.170973 0.171086 0.219409 0.219347 0.219347 0.219397
11.265 0 0 0 0 0.0547214 0.0552938 0.0554148 0.0561441 0.100594 0.100692 0.10074 0.100823 0.115682 0.115651 0.115656 0.115685
11.285 0 0 0 0 0.0142625 0.0143693 0.0143705 0.0144325 0.012984 0.0129759 0.0129599 0.0129393 -0.00189084 -0.00188961 -0.00188851 -0.00189254
11.305 0 0 0 0 -0.0399815 -0.0400436 -0.0400141 -0.0400749 -0.0877448 -0.0877764 -0.0877876 -0.0878023 -0.117833 -0.117806 -0.117813 -0.117845
11.325 0 0 0 0 -0.0980706 -0.0983825 -0.0983949 -0.0986505 -0.186049 -0.186108 -0.186133 -0.186172 -0.223807 -0.223758 -0.223758 -0.223806
11.345 0 0 0 0 -0.144181 -0.144637 -0.144691 -0.145033 -0.266835 -0.266913 -0.266947 -0.267005 -0.316442 -0.316379 -0.31639 -0.316462
11.365 0 0 0 0 -0.166255 -0.166762 -0.166806 -0.1672 -0.318685 -0.318784 -0.318827 -0.318893 -0.388244 -0.38816 -0.388165 -0.388252
11.385 0 0 0 0 -0.162426 -0.162713 -0.16282 -0.163156 -0.336168 -0.336159 -0.336172 -0.336229 -0.426744 -0.426662 -0.426667 -0.426751
11.405 0 0 0 0 -0.137798 -0.137466 -0.137236 -0.137241 -0.312636 -0.312607 -0.312607 -0.312544 -0.416413 -0.416303 -0.416291 -0.416386
11.425 0 0 0 0 -0.10493 -0.104729 -0.104669 -0.104619 -0.24831 -0.248292 -0.248311 -0.248296 -0.346446 -0.346364 -0.346371 -0.346459
11.445 0 0 0 0 -0.0748952 -0.0738303 -0.0737912 -0.0731013 -0.164182 -0.163865 -0.163726 -0.163422 -0.221775 -0.221706 -0.221673 -0.221726
11.465 0 0 0 0 -0.0439219 -0.0428989 -0.0427962 -0.0422448 -0.0725653 -0.0725148 -0.0724305 -0.0723052 -0.0679019 -0.0678816 -0.0678812 -0.0679036
11.485 0 0 0 0 -0.00561686 -0.00585175 -0.00591489 -0.00602985 0.0306066 0.0305296 0.0305469 0.0305502 0.0794984 0.0794748 0.0794743 0.0794958
11.505 0 0 0 0 0.0484271 0.0480083 0.0479251 0.0477549 0.138136 0.138071 0.138038 0.137919 0.197413 0.197346 0.197331 0.19738
11.525 0 0 0 0 0.114035 0.113555 0.113526 0.113145 0.229543 0.229461 0.229406 0.22927 0.282468 0.282395 0.282388 0.282453
11.545 0 0 0 0 0.163337 0.16282 0.16279 0.162181 0.290736 0.290627 0.290574 0.290459 0.338823 0.338744 0.338727 0.338789
11.565 0 0 0 0 0.17164 0.171421 0.171447 0.170796 0.314059 0.313987 0.313921 0.31382 0.367876 0.367792 0.367785 0.367863
11.585 0 0 0 0 0.143478 0.143265 0.143257 0.14317 0.298294 0.298198 0.298185 0.298273 0.369413 0.369336 0.369341 0.369424
11.605 0 0 0 0 0.108406 0.108556 0.108778 0.109423 0.249804 0.249904 0.249979 0.250048 0.33941 0.339338 0.339367 0.339474
11.625 0 0 0 0 0.0815834 0.0818109 0.0819104 0.0822757 0.184525 0.184563 0.184572 0.184643 0.266625 0.266563 0.266557 0.26661
11.645 0 0 0 0 0.0560729 0.0562329 0.0562368 0.0563835 0.114374 0.114391 0.114383 0.11441 0.151875 0.151842 0.151841 0.151876
11.665 0 0 0 0 0.0238472 0.0239039 0.0238847 0.0239075 0.034709 0.034743 0.0347433 0.0347093 0.0183143 0.0183083 0.0183103 0.0183192
11.685 0 0 0 0 -0.0175663 -0.0176019 -0.0176119 -0.0177369 -0.0592834 -0.0592923 -0.059298 -0.0593385 -0.104256 -0.104234 -0.104239 -0.104268
11.705 0 0 0 0 -0.0696397 -0.0698136 -0.0698329 -0.0701064 -0.156796 -0.156872 -0.156895 -0.156916 -0.203382 -0.203329 -0.203331 -0.203384
11.725 0 0 0 0 -0.123021 -0.123384 -0.123415 -0.12374 -0.236268 -0.236356 -0.236388 -0.236423 -0.280518 -0.280458 -0.280466 -0.280533
11.745 0 0 0 0 -0.15739 -0.157901 -0.1579 -0.158167 -0.284986 -0.28506 -0.285073 -0.285059 -0.337245 -0.337179 -0.337189 -0.33726
11.765 0 0 0 0 -0.16025 -0.159571 -0.159457 -0.159475 -0.303907 -0.303784 -0.303684 -0.303611 -0.370454 -0.370394 -0.370405 -0.370477
11.785 0 0 0 0 -0.136809 -0.13614 -0.135958 -0.135313 -0.291752 -0.291708 -0.2917 -0.291496 -0.371961 -0.371843 -0.371809 -0.37189
11.805 0 0 0 0 -0.105111 -0.104547 -0.104561 -0.104304 -0.245484 -0.245382 -0.245343 -0.245192 -0.32981 -0.329736 -0.329758 -0.329859
11.825 0 0 0 0 -0.0720253 -0.0716603 -0.0717077 -0.0715358 -0.169195 -0.16911 -0.169078 -0.168993 -0.236976 -0.236894 -0.236857 -0.236899
11.845 0 0 0 0 -0.0379033 -0.0377384 -0.037728 -0.0376024 -0.0779255 -0.0778671 -0.077834 -0.0777952 -0.104557 -0.104541 -0.104552 -0.10458
11.865 0 0 0 0 0.0022795 0.00221558 0.00222666 0.0022402 0.0202407 0.0202092 0.0202007 0.0201859 0.0425764 0.0425688 0.042577 0.0425924
11.885 0 0 0 0 0.0524631 0.0521752 0.0521617 0.0519906 0.124147 0.124062 0.124031 0.123965 0.179234 0.179183 0.17917 0.179206
11.905 0 0 0 0 0.109023 0.108521 0.108477 0.108096 0.226228 0.226126 0.226073 0.225947 0.290126 0.290053 0.290045 0.29011
11.925 0 0 0 0 0.160805 0.16016 0.160102 0.159525 0.310277 0.310174 0.310114 0.309951 0.373326 0.37323 0.373214 0.373293
11.945 0 0 0 0 0.192264 0.192073 0.192104 0.191784 0.361685 0.361591 0.361532 0.361476 0.430684 0.430582 0.430575 0.430668
11.965 0 0 0 0 0.191451 0.19223 0.191852 0.191768 0.374514 0.374473 0.374473 0.374377 0.458701 0.458599 0.458611 0.458723
11.985 0 0 0 0 0.169711 0.17029 0.170113 0.170398 0.34924 0.349353 0.349447 0.349568 0.449246 0.44914 0.449128 0.449235
12.005 0 0 0 0 0.139426 0.139825 0.139882 0.140318 0.296118 0.296224 0.296285 0.296381 0.393732 0.393652 0.393686 0.393796
12.025 0 0 0 0 0.116292 0.118376 0.119487 0.123545 0.231425 0.232091 0.232609 0.233319 0.29298 0.292929 0.292969 0.293037
