0.005 0 0 0 0 -5.54428e-06 -2.25405e-06 2.23721e-06 5.52748e-06 -5.61098e-07 -4.30424e-07 4.13242e-07 5.43901e-07 1.84308e-05 5.33948e-06 -5.35661e-06 -1.84479e-05
0.025 0 0 0 0 -5.84259e-06 -2.55328e-06 1.93798e-06 5.22915e-06 -9.00329e-07 -7.69371e-07 7.42941e-08 2.04666e-07 1.80954e-05 5.00412e-06 -5.69197e-06 -1.87833e-05
0.045 0 0 0 0 -6.42392e-06 -3.13582e-06 1.35543e-06 4.64777e-06 -1.76565e-06 -1.63458e-06 -7.90926e-07 -6.60681e-07 1.72232e-05 4.13195e-06 -6.56415e-06 -1.96555e-05
0.065 0 0 0 0 -7.03987e-06 -3.7522e-06 7.39021e-07 4.03172e-06 -3.02493e-06 -2.89422e-06 -2.05057e-06 -1.92e-06 1.58018e-05 2.71096e-06 -7.98514e-06 -2.10769e-05
0.085 0 0 0 0 -7.62272e-06 -4.3352e-06 1.55981e-07 3.44873e-06 -4.43726e-06 -4.30669e-06 -3.46307e-06 -3.33242e-06 1.3894e-05 8.03537e-07 -9.89258e-06 -2.29848e-05
0.105 0 0 0 0 -8.21169e-06 -4.92464e-06 -4.33497e-07 2.85964e-06 -5.84658e-06 -5.71564e-06 -4.87206e-06 -4.74186e-06 1.17541e-05 -1.33587e-06 -1.2032e-05 -2.51247e-05
0.125 0 0 0 0 -8.82071e-06 -5.5342e-06 -1.04309e-06 2.2505e-06 -7.22786e-06 -7.09668e-06 -6.25313e-06 -6.12325e-06 9.77072e-06 -3.31889e-06 -1.4015e-05 -2.71082e-05
0.145 0 0 0 0 -9.43017e-06 -6.1441e-06 -1.65302e-06 1.64092e-06 -8.50656e-06 -8.37563e-06 -7.53209e-06 -7.40201e-06 8.24361e-06 -4.84565e-06 -1.55418e-05 -2.86354e-05
0.165 0 0 0 0 -9.97916e-06 -6.69378e-06 -2.20272e-06 1.09185e-06 -9.47697e-06 -9.34627e-06 -8.50275e-06 -8.37244e-06 7.26098e-06 -5.82806e-06 -1.65242e-05 -2.9618e-05
0.185 0 0 0 0 -1.03211e-05 -7.03652e-06 -2.54547e-06 7.49884e-07 -9.9522e-06 -9.82138e-06 -8.97786e-06 -8.84768e-06 6.79053e-06 -6.29847e-06 -1.69946e-05 -3.00884e-05
0.205 0 0 0 0 -1.03008e-05 -7.01627e-06 -2.52522e-06 7.70235e-07 -9.89041e-06 -9.75944e-06 -8.91592e-06 -8.78589e-06 6.81443e-06 -6.2746e-06 -1.69708e-05 -3.00646e-05
0.225 0 0 0 0 -9.92645e-06 -6.64117e-06 -2.15011e-06 1.14454e-06 -9.34732e-06 -9.21643e-06 -8.37291e-06 -8.2428e-06 7.35097e-06 -5.73812e-06 -1.64343e-05 -2.9528e-05
0.245 0 0 0 0 -9.4026e-06 -6.11651e-06 -1.62545e-06 1.66839e-06 -8.43334e-06 -8.30248e-06 -7.45896e-06 -7.32882e-06 8.38279e-06 -4.70649e-06 -1.54027e-05 -2.84962e-05
0.265 0 0 0 0 -8.93244e-06 -5.64622e-06 -1.15517e-06 2.13855e-06 -7.33511e-06 -7.20408e-06 -6.36056e-06 -6.23059e-06 9.80222e-06 -3.2874e-06 -1.39836e-05 -2.70768e-05
0.285 0 0 0 0 -8.56451e-06 -5.27848e-06 -7.87427e-07 2.50648e-06 -6.27677e-06 -6.14571e-06 -5.30219e-06 -5.17224e-06 1.13782e-05 -1.71182e-06 -1.2408e-05 -2.55008e-05
0.305 0 0 0 0 -8.24738e-06 -4.9613e-06 -4.70246e-07 2.82361e-06 -5.40398e-06 -5.27315e-06 -4.42963e-06 -4.29946e-06 1.27755e-05 -3.14828e-07 -1.1011e-05 -2.41035e-05
0.325 0 0 0 0 -7.92913e-06 -4.64268e-06 -1.51624e-07 3.14186e-06 -4.73492e-06 -4.60424e-06 -3.76072e-06 -3.6304e-06 1.37066e-05 6.1612e-07 -1.00801e-05 -2.31724e-05
0.345 0 0 0 0 -7.61711e-06 -4.33013e-06 1.6092e-07 3.45388e-06 -4.26858e-06 -4.13778e-06 -3.29426e-06 -3.16406e-06 1.40883e-05 9.9771e-07 -9.69846e-06 -2.27907e-05
0.365 0 0 0 0 -7.38722e-06 -4.09966e-06 3.91396e-07 3.68377e-06 -4.05956e-06 -3.92859e-06 -3.08507e-06 -2.95504e-06 1.40546e-05 9.64018e-07 -9.73215e-06 -2.28244e-05
0.385 0 0 0 0 -7.34114e-06 -4.05319e-06 4.37861e-07 3.72985e-06 -4.14417e-06 -4.01325e-06 -3.16973e-06 -3.03965e-06 1.3819e-05 7.28537e-07 -9.96763e-06 -2.306e-05
0.405 0 0 0 0 -7.50023e-06 -4.21241e-06 2.78646e-07 3.57076e-06 -4.44274e-06 -4.31196e-06 -3.46844e-06 -3.33821e-06 1.35372e-05 4.46836e-07 -1.02493e-05 -2.33418e-05
0.425 0 0 0 0 -7.72719e-06 -4.43978e-06 5.12721e-08 3.3438e-06 -4.7666e-06 -4.63591e-06 -3.79239e-06 -3.66207e-06 1.32907e-05 2.00352e-07 -1.04958e-05 -2.35883e-05
0.445 0 0 0 0 -7.82517e-06 -4.53791e-06 -4.68547e-08 3.24582e-06 -4.93138e-06 -4.80073e-06 -3.95721e-06 -3.82686e-06 1.31273e-05 3.70091e-08 -1.06592e-05 -2.37517e-05
0.465 0 0 0 0 -7.66472e-06 -4.37695e-06 1.14103e-07 3.40627e-06 -4.79132e-06 -4.6607e-06 -3.81718e-06 -3.68679e-06 1.31609e-05 7.0586e-08 -1.06256e-05 -2.37181e-05
0.485 0 0 0 0 -7.43353e-06 -4.14539e-06 3.45667e-07 3.63746e-06 -4.45626e-06 -4.32548e-06 -3.48196e-06 -3.35174e-06 1.33899e-05 2.99597e-07 -1.03966e-05 -2.34891e-05
0.505 0 0 0 0 -7.35357e-06 -4.06568e-06 4.25375e-07 3.71742e-06 -4.17022e-06 -4.03921e-06 -3.19569e-06 -3.0657e-06 1.37456e-05 6.55146e-07 -1.0041e-05 -2.31334e-05
0.525 0 0 0 0 -7.51175e-06 -4.22457e-06 2.66486e-07 3.55924e-06 -4.17072e-06 -4.03973e-06 -3.19621e-06 -3.06619e-06 1.40254e-05 9.34881e-07 -9.76129e-06 -2.28535e-05
0.545 0 0 0 0 -7.88238e-06 -4.59606e-06 -1.05005e-07 3.18861e-06 -4.5817e-06 -4.45088e-06 -3.60736e-06 -3.47717e-06 1.38811e-05 7.90553e-07 -9.90562e-06 -2.29979e-05
0.565 0 0 0 0 -8.2998e-06 -5.01404e-06 -5.22991e-07 2.77119e-06 -5.31925e-06 -5.18851e-06 -4.34499e-06 -4.21473e-06 1.30882e-05 -2.1905e-09 -1.06984e-05 -2.37908e-05
0.585 0 0 0 0 -8.66895e-06 -5.38328e-06 -8.92223e-07 2.40204e-06 -6.27418e-06 -6.14332e-06 -5.2998e-06 -5.16966e-06 1.16579e-05 -1.43223e-06 -1.21284e-05 -2.52211e-05
0.605 0 0 0 0 -9.05866e-06 -5.7729e-06 -1.28184e-06 2.01233e-06 -7.41276e-06 -7.2817e-06 -6.43818e-06 -6.30824e-06 9.83755e-06 -3.25212e-06 -1.39483e-05 -2.70414e-05
0.625 0 0 0 0 -9.59734e-06 -6.3118e-06 -1.82074e-06 1.47365e-06 -8.71699e-06 -8.58583e-06 -7.74231e-06 -7.61247e-06 7.97971e-06 -5.10954e-06 -1.58057e-05 -2.88993e-05
0.645 0 0 0 0 -1.0315e-05 -7.03029e-06 -2.53924e-06 7.55983e-07 -1.00942e-05 -9.96313e-06 -9.11963e-06 -8.98974e-06 6.34811e-06 -6.74081e-06 -1.7437e-05 -3.05309e-05
0.665 0 0 0 0 -1.10676e-05 -7.7841e-06 -3.29308e-06 3.24403e-09 -1.13606e-05 -1.12296e-05 -1.03861e-05 -1.02561e-05 5.03042e-06 -8.05826e-06 -1.87544e-05 -3.18486e-05
0.685 0 0 0 0 -1.16216e-05 -8.33892e-06 -3.84792e-06 -5.50795e-07 -1.23113e-05 -1.21803e-05 -1.13369e-05 -1.12069e-05 4.00768e-06 -9.08082e-06 -1.9777e-05 -3.28714e-05
0.705 0 0 0 0 -1.18548e-05 -8.57232e-06 -4.08132e-06 -7.84064e-07 -1.28418e-05 -1.27108e-05 -1.18673e-05 -1.17374e-05 3.25873e-06 -9.82962e-06 -2.05258e-05 -3.36203e-05
0.725 0 0 0 0 -1.2142e-05 -8.86016e-06 -4.36917e-06 -1.07124e-06 -1.33369e-05 -1.32055e-05 -1.2362e-05 -1.22326e-05 2.49189e-06 -1.05964e-05 -2.12926e-05 -3.43872e-05
0.745 0 0 0 0 -1.29345e-05 -9.65461e-06 -5.16364e-06 -1.86382e-06 -1.44584e-05 -1.43264e-05 -1.3483e-05 -1.33541e-05 1.24838e-06 -1.18398e-05 -2.2536e-05 -3.56307e-05
0.765 0 0 0 0 -1.43983e-05 -1.11211e-05 -6.63019e-06 -3.32776e-06 -1.67344e-05 -1.66025e-05 -1.5759e-05 -1.56302e-05 -1.03481e-06 -1.41226e-05 -2.48189e-05 -3.79139e-05
0.785 0 0 0 0 -1.62086e-05 -1.29337e-05 -8.4428e-06 -5.1383e-06 -2.0071e-05 -1.99395e-05 -1.90961e-05 -1.89668e-05 -4.69599e-06 -1.77831e-05 -2.84793e-05 -4.15752e-05
0.805 0 0 0 0 -1.61762e-05 -1.2897e-05 -8.40621e-06 -5.10618e-06 -2.19016e-05 -2.17721e-05 -2.09288e-05 -2.07976e-05 -7.66228e-06 -2.07481e-05 -3.14444e-05 -4.45416e-05
0.825 0 0 0 0 -1.26428e-05 -9.3522e-06 -4.86145e-06 -1.57293e-06 -1.87712e-05 -1.86435e-05 -1.78002e-05 -1.76674e-05 -6.32063e-06 -1.94058e-05 -3.01021e-05 -4.32001e-05
0.845 0 0 0 0 -5.45214e-06 -2.14763e-06 2.34313e-06 5.61778e-06 -8.14467e-06 -8.01678e-06 -7.1735e-06 -7.04099e-06 3.51454e-06 -9.57192e-06 -2.02682e-05 -3.3365e-05
0.865 0 0 0 0 4.98123e-06 8.29952e-06 1.27903e-05 1.60509e-05 1.09083e-05 1.10365e-05 1.18797e-05 1.20118e-05 2.54168e-05 1.23261e-05 1.62975e-06 -1.14628e-05
0.885 0 0 0 0 1.71417e-05 2.04694e-05 2.49596e-05 2.82092e-05 3.67812e-05 3.69082e-05 3.77511e-05 3.78836e-05 5.92119e-05 4.61138e-05 3.54173e-05 2.23319e-05
0.905 0 0 0 0 3.01821e-05 3.35158e-05 3.80051e-05 4.12467e-05 6.70386e-05 6.7163e-05 6.80053e-05 6.8139e-05 0.000101137 8.80289e-05 7.7332e-05 6.42557e-05
0.925 0 0 0 0 4.44387e-05 4.77803e-05 5.22687e-05 5.55002e-05 9.94097e-05 9.95312e-05 0.000100373 0.000100508 0.000145537 0.000132418 0.000121721 0.000108654
0.945 0 0 0 0 5.85303e-05 6.18812e-05 6.63688e-05 6.95889e-05 0.000130021 0.000130142 0.000130983 0.000131117 0.000185386 0.000172258 0.000161561 0.000148503
0.965 0 0 0 0 6.38027e-05 6.71427e-05 7.16298e-05 7.48592e-05 0.00014688 0.000147009 0.00014785 0.000147976 0.000207909 0.000194774 0.000184076 0.000171025
0.985 0 0 0 0 5.82661e-05 6.15883e-05 6.60753e-05 6.93224e-05 0.000141733 0.000141864 0.000142705 0.000142828 0.000205375 0.000192238 0.00018154 0.00016849
1.005 0 0 0 0 4.80778e-05 5.14008e-05 5.58878e-05 5.9134e-05 0.000118178 0.000118298 0.000119139 0.000119273 0.000178725 0.000165596 0.000154898 0.00014184
1.025 0 0 0 0 3.55749e-05 3.89021e-05 4.33891e-05 4.66311e-05 8.47393e-05 8.48544e-05 8.5695e-05 8.58342e-05 0.000132259 0.000119142 0.000108444 9.53746e-05
1.045 0 0 0 0 1.76977e-05 2.10061e-05 2.54931e-05 2.87539e-05 4.44772e-05 4.46058e-05 4.54464e-05 4.55721e-05 7.20227e-05 5.89171e-05 4.82193e-05 3.51379e-05
1.065 0 0 0 0 4.92005e-06 8.23328e-06 1.27203e-05 1.59763e-05 8.35834e-06 8.48546e-06 9.32606e-06 9.45315e-06 1.89116e-05 5.81939e-06 -4.87846e-06 -1.79732e-05
1.085 0 0 0 0 7.68831e-06 1.10479e-05 1.55346e-05 1.87435e-05 -4.24435e-06 -4.13827e-06 -3.29812e-06 -3.151e-06 -2.72446e-06 -1.58061e-05 -2.65042e-05 -3.96103e-05
1.105 0 0 0 0 -2.84924e-06 4.60579e-07 4.94736e-06 8.20621e-06 -1.04558e-05 -1.03254e-05 -9.48518e-06 -9.36246e-06 -9.31009e-06 -2.23965e-05 -3.30947e-05 -4.61961e-05
1.125 0 0 0 0 -3.72365e-05 -3.4055e-05 -2.9568e-05 -2.61805e-05 -3.78873e-05 -3.77212e-05 -3.68811e-05 -3.67944e-05 -2.4518e-05 -3.76141e-05 -4.83122e-05 -6.14039e-05
1.145 0 0 0 0 -6.20298e-05 -5.88688e-05 -5.43826e-05 -5.09769e-05 -7.89269e-05 -7.87997e-05 -7.79597e-05 -7.78344e-05 -4.95435e-05 -6.2631e-05 -7.33294e-05 -8.643e-05
1.165 0 0 0 0 -5.91058e-05 -5.58615e-05 -5.13763e-05 -4.80563e-05 -0.000103124 -0.000103047 -0.000102207 -0.000102031 -8.16504e-05 -9.47186e-05 -0.000105417 -0.000118537
1.185 0 0 0 0 -5.10372e-05 -4.77772e-05 -4.32922e-05 -3.99886e-05 -0.000105593 -0.000105472 -0.000104633 -0.000104504 -0.000121998 -0.00013506 -0.000145759 -0.000158885
1.205 0 0 0 0 -5.38078e-05 -5.05901e-05 -4.6105e-05 -4.27588e-05 -0.000109161 -0.000108977 -0.00010814 -0.000108076 -0.000155176 -0.00016824 -0.00017894 -0.000192066
1.225 0 0 0 0 -6.19414e-05 -5.87122e-05 -5.42276e-05 -5.08939e-05 -0.00012649 -0.000126339 -0.000125502 -0.000125405 -0.000161863 -0.000174922 -0.000185621 -0.000198754
1.245 0 0 0 0 -6.97493e-05 -6.64968e-05 -6.20129e-05 -5.87043e-05 -0.000139366 -0.000139281 -0.000138443 -0.00013828 -0.000144123 -0.000157177 -0.000167877 -0.000181014
1.265 0 0 0 0 -7.03309e-05 -6.71164e-05 -6.26325e-05 -5.92856e-05 -0.000123156 -0.000123059 -0.000122221 -0.000122071 -0.000115052 -0.000128117 -0.000138817 -0.000151943
1.285 0 0 0 0 -4.94606e-05 -4.62591e-05 -4.17751e-05 -3.84153e-05 -7.64587e-05 -7.63139e-05 -7.54762e-05 -7.53734e-05 -7.52871e-05 -8.8368e-05 -9.90674e-05 -0.000112178
1.305 0 0 0 0 -7.9389e-06 -4.6494e-06 -1.65412e-07 3.10636e-06 -1.68444e-05 -1.67059e-05 -1.58681e-05 -1.57591e-05 -1.86579e-05 -3.17451e-05 -4.24446e-05 -5.55492e-05
1.325 0 0 0 0 3.21734e-05 3.55554e-05 4.00393e-05 4.32187e-05 4.43083e-05 4.44168e-05 4.52546e-05 4.53937e-05 5.49884e-05 4.18937e-05 3.11942e-05 1.80972e-05
1.345 0 0 0 0 5.21937e-05 5.55607e-05 6.00447e-05 6.32389e-05 0.000101816 0.000101935 0.000102773 0.000102901 0.000136502 0.000123385 0.000112686 9.96106e-05
1.365 0 0 0 0 5.59579e-05 5.92549e-05 6.37389e-05 6.70029e-05 0.000144882 0.000145024 0.000145862 0.000145968 0.000209913 0.000196771 0.000186072 0.000173022
1.385 0 0 0 0 5.23638e-05 5.56276e-05 6.01107e-05 6.34062e-05 0.000157888 0.000158016 0.000158852 0.000158969 0.000248945 0.000235791 0.000225091 0.000212051
1.405 0 0 0 0 5.01174e-05 5.34098e-05 5.7893e-05 6.11602e-05 0.000144368 0.000144468 0.000145304 0.000145449 0.000237798 0.000224652 0.000213951 0.000200903
1.425 0 0 0 0 5.54665e-05 5.88171e-05 6.33004e-05 6.65096e-05 0.000125087 0.000125185 0.000126022 0.000126167 0.000188519 0.000175388 0.000164688 0.000151624
1.445 0 0 0 0 5.42453e-05 5.76143e-05 6.20976e-05 6.52884e-05 0.000100056 0.00010019 0.000101026 0.000101137 0.000121263 0.000108147 9.74463e-05 8.43686e-05
1.465 0 0 0 0 3.35819e-05 3.69229e-05 4.14062e-05 4.46249e-05 5.64681e-05 5.66193e-05 5.74557e-05 5.75486e-05 5.67987e-05 4.36935e-05 3.29932e-05 1.99041e-05
1.485 0 0 0 0 -2.00278e-06 1.29645e-06 5.77974e-06 9.04013e-06 -3.06911e-06 -2.94648e-06 -2.11009e-06 -1.98858e-06 6.55325e-06 -6.53994e-06 -1.72402e-05 -3.03413e-05
1.505 0 0 0 0 -4.27469e-05 -3.95146e-05 -3.50313e-05 -3.1704e-05 -6.34865e-05 -6.33863e-05 -6.25499e-05 -6.24059e-05 -3.95291e-05 -5.26138e-05 -6.33141e-05 -7.64237e-05
1.525 0 0 0 0 -7.45623e-05 -7.13989e-05 -6.69156e-05 -6.35191e-05 -0.000112021 -0.000111905 -0.000111068 -0.000110941 -9.45316e-05 -0.00010761 -0.00011831 -0.000131426
1.545 0 0 0 0 -8.77312e-05 -8.45748e-05 -8.00911e-05 -7.66873e-05 -0.000148634 -0.000148497 -0.000147661 -0.000147553 -0.00015817 -0.000171236 -0.000181936 -0.000195065
1.565 0 0 0 0 -8.87256e-05 -8.552e-05 -8.10373e-05 -7.76851e-05 -0.00017873 -0.000178598 -0.000177762 -0.000177651 -0.00021818 -0.000231228 -0.000241928 -0.000255075
1.585 0 0 0 0 -9.50165e-05 -9.17928e-05 -8.73114e-05 -8.39802e-05 -0.000205201 -0.000205072 -0.000204237 -0.000204125 -0.000261634 -0.00027467 -0.00028537 -0.00029853
1.605 0 0 0 0 -0.000106098 -0.000102901 -9.84196e-05 -9.50625e-05 -0.000219752 -0.000219621 -0.000218786 -0.000218676 -0.000273747 -0.000286782 -0.000297482 -0.000310643
1.625 0 0 0 0 -0.000105849 -0.000102664 -9.81829e-05 -9.48136e-05 -0.000208459 -0.000208338 -0.000207503 -0.000207383 -0.000245739 -0.00025878 -0.000269481 -0.000282635
1.645 0 0 0 0 -0.000101448 -9.82907e-05 -9.38095e-05 -9.04126e-05 -0.000182622 -0.000182497 -0.000181662 -0.000181546 -0.000201164 -0.000214219 -0.00022492 -0.00023806
1.665 0 0 0 0 -8.64379e-05 -8.32785e-05 -7.87973e-05 -7.54024e-05 -0.000145868 -0.000145739 -0.000144904 -0.000144792 -0.00015156 -0.000164627 -0.000175328 -0.000188456
1.685 0 0 0 0 -5.81266e-05 -5.49134e-05 -5.04322e-05 -4.70911e-05 -0.00010031 -0.000100189 -9.93543e-05 -9.92338e-05 -0.000100631 -0.000113705 -0.000124406 -0.000137527
1.705 0 0 0 0 -2.54696e-05 -2.21968e-05 -1.77156e-05 -1.44342e-05 -4.8925e-05 -4.88065e-05 -4.79715e-05 -4.7849e-05 -4.7981e-05 -6.10629e-05 -7.17637e-05 -8.48769e-05
1.725 0 0 0 0 1.6914e-06 4.99161e-06 9.4728e-06 1.27268e-05 2.97358e-06 3.10181e-06 3.93681e-06 4.04957e-06 9.72928e-06 -3.36542e-06 -1.40662e-05 -2.71667e-05
1.745 0 0 0 0 2.26583e-05 2.59705e-05 3.04517e-05 3.36937e-05 5.10189e-05 5.11462e-05 5.19812e-05 5.20949e-05 7.50971e-05 6.19878e-05 5.1287e-05 3.82012e-05
1.765 0 0 0 0 4.16787e-05 4.50084e-05 4.94896e-05 5.27141e-05 9.56492e-05 9.57605e-05 9.65955e-05 9.67252e-05 0.000143787 0.000130664 0.000119963 0.000106891
1.785 0 0 0 0 6.27264e-05 6.60771e-05 7.05583e-05 7.37618e-05 0.00014119 0.000141292 0.000142127 0.000142266 0.000207329 0.000194193 0.000183492 0.000170433
1.805 0 0 0 0 8.32611e-05 8.66236e-05 9.11045e-05 9.42951e-05 0.000184027 0.000184141 0.000184976 0.000185103 0.000256259 0.000243112 0.000232411 0.000219363
1.825 0 0 0 0 8.83938e-05 9.17364e-05 9.62168e-05 9.9426e-05 0.000201571 0.000201707 0.000202542 0.000202648 0.000274558 0.000261402 0.000250701 0.000237661
1.845 0 0 0 0 8.64626e-05 8.98192e-05 9.42996e-05 9.74948e-05 0.000193273 0.000193393 0.000194228 0.000194349 0.00026792 0.000254769 0.000244068 0.000231024
1.865 0 0 0 0 8.57959e-05 8.91953e-05 9.36757e-05 9.68282e-05 0.000176281 0.000176372 0.000177207 0.000177357 0.000247002 0.000233862 0.000223161 0.000210106
1.885 0 0 0 0 7.5488e-05 7.88677e-05 8.3348e-05 8.65203e-05 0.000154859 0.000154969 0.000155804 0.000155935 0.000210846 0.000197711 0.000187011 0.00017395
1.905 0 0 0 0 5.27494e-05 5.60672e-05 6.05475e-05 6.37816e-05 0.000120561 0.000120704 0.000121539 0.000121637 0.000162279 0.000149148 0.000138447 0.000125383
1.925 0 0 0 0 1.91192e-05 2.23916e-05 2.6872e-05 3.01515e-05 6.14615e-05 6.15967e-05 6.24317e-05 6.25373e-05 9.9288e-05 8.61691e-05 7.54681e-05 6.23918e-05
1.945 0 0 0 0 -1.75207e-05 -1.42672e-05 -9.78679e-06 -6.48849e-06 -1.33233e-05 -1.32198e-05 -1.23848e-05 -1.22475e-05 2.03264e-05 7.22849e-06 -3.47242e-06 -1.65697e-05
1.965 0 0 0 0 -6.16986e-05 -5.85075e-05 -5.40271e-05 -5.06663e-05 -9.58584e-05 -9.5742e-05 -9.4907e-05 -9.47826e-05 -8.34942e-05 -9.65737e-05 -0.000107275 -0.00012039
1.985 0 0 0 0 -0.000120981 -0.000117903 -0.000113422 -0.000109948 -0.000200605 -0.000200444 -0.000199609 -0.000199529 -0.000222351 -0.00023541 -0.000246111 -0.000259247
2.005 0 0 0 0 -0.000146823 -0.000143689 -0.00013921 -0.000135797 -0.000288266 -0.000288144 -0.00028731 -0.00028719 -0.000343501 -0.000356523 -0.000367224 -0.000380398
2.025 0 0 0 0 -0.000144224 -0.000140985 -0.000136508 -0.000133206 -0.000331232 -0.000331153 -0.00033032 -0.000330163 -0.00041878 -0.000431772 -0.000442474 -0.000455681
2.045 0 0 0 0 -0.000112773 -0.000109471 -0.000104995 -0.000101755 -0.000292188 -0.000292087 -0.000291254 -0.000291122 -0.000402053 -0.000415047 -0.00042575 -0.000438956
2.065 0 0 0 0 -8.62459e-05 -8.30074e-05 -7.85308e-05 -7.52277e-05 -0.00020699 -0.000206823 -0.00020599 -0.000205923 -0.000299767 -0.000312797 -0.0003235 -0.00033667
2.085 0 0 0 0 -7.08505e-05 -6.76882e-05 -6.32116e-05 -5.98323e-05 -0.000121173 -0.000121011 -0.000120179 -0.000120107 -0.000143328 -0.000156401 -0.000167103 -0.00018023
2.105 0 0 0 0 -2.36331e-05 -2.03866e-05 -1.59101e-05 -1.2615e-05 -1.48157e-05 -1.47536e-05 -1.39212e-05 -1.37494e-05 4.65212e-05 3.34201e-05 2.27174e-05 9.61847e-06
2.125 0 0 0 0 6.6297e-05 6.96907e-05 7.41673e-05 7.73154e-05 0.00014536 0.000145392 0.000146224 0.000146426 0.000242161 0.000229027 0.000218324 0.000205258
2.145 0 0 0 0 0.000139057 0.00014243 0.000146904 0.000150066 0.000304253 0.000304408 0.000305239 0.000305315 0.000391545 0.00037836 0.000367657 0.000354642
2.165 0 0 0 0 0.000173473 0.000176817 0.000181289 0.000184472 0.000389129 0.000389339 0.00039017 0.00039019 0.000484555 0.00047134 0.000460636 0.00044765
2.185 0 0 0 0 0.00019716 0.000200652 0.000205123 0.000208158 0.000407474 0.00040755 0.000408379 0.00040853 0.000544891 0.000531685 0.000520981 0.000507984
2.205 0 0 0 0 0.000209885 0.000213469 0.000217941 0.000220885 0.000413047 0.000413046 0.000413874 0.0004141 0.000570817 0.000557618 0.000546913 0.000533907
2.225 0 0 0 0 0.000185458 0.000188877 0.000193348 0.000196457 0.000404738 0.000404862 0.00040569 0.000405791 0.000536029 0.000522812 0.000512107 0.000499118
2.245 0 0 0 0 0.000121229 0.000124449 0.00012892 0.000132228 0.000320865 0.000321087 0.000321915 0.000321918 0.000423619 0.000410403 0.000399698 0.000386708
2.265 0 0 0 0 2.78471e-05 3.10268e-05 3.5498e-05 3.88455e-05 0.000128364 0.000128497 0.000129325 0.000129417 0.000221984 0.000208823 0.000198118 0.000185073
2.285 0 0 0 0 -7.50224e-05 -7.18324e-05 -6.73611e-05 -6.40238e-05 -0.000113041 -0.000113012 -0.000112183 -0.000111987 -5.85924e-05 -7.16736e-05 -8.23786e-05 -9.55033e-05
2.305 0 0 0 0 -0.000154684 -0.000151533 -0.000147062 -0.000143685 -0.000312743 -0.000312671 -0.000311842 -0.000311689 -0.000361523 -0.000374539 -0.000385244 -0.000398434
2.325 0 0 0 0 -0.00020374 -0.000200631 -0.000196163 -0.000192752 -0.000449657 -0.000449486 -0.00044866 -0.000448615 -0.000614166 -0.000627136 -0.000637842 -0.000651081
2.345 0 0 0 0 -0.000279844 -0.000276855 -0.00027239 -0.000268869 -0.000594638 -0.000594429 -0.000593607 -0.000593609 -0.000806888 -0.000819826 -0.000830534 -0.00084381
2.365 0 0 0 0 -0.000347991 -0.000345042 -0.000340581 -0.000337032 -0.00071753 -0.000717424 -0.000716602 -0.000716501 -0.000898938 -0.000911846 -0.000922555 -0.000935862
2.385 0 0 0 0 -0.000361463 -0.00035849 -0.00035403 -0.000350509 -0.000739866 -0.000739847 -0.000739025 -0.000738836 -0.000880893 -0.000893795 -0.000904504 -0.000917818
2.405 0 0 0 0 -0.000299262 -0.000296254 -0.000291794 -0.000288309 -0.000615761 -0.000615684 -0.000614862 -0.000614731 -0.000755243 -0.000768179 -0.000778887 -0.000792168
2.425 0 0 0 0 -0.000201891 -0.000198857 -0.000194398 -0.000190938 -0.00041397 -0.000413779 -0.000412957 -0.00041294 -0.000552411 -0.000565405 -0.000576114 -0.000589336
2.445 0 0 0 0 -4.92741e-05 -4.59631e-05 -4.15032e-05 -3.83208e-05 -0.000152128 -0.000152007 -0.000151186 -0.000151099 -0.000232469 -0.000245511 -0.00025622 -0.000269393
2.465 0 0 0 0 5.2196e-05 5.5572e-05 6.00319e-05 6.31494e-05 8.7296e-05 8.7382e-05 8.82038e-05 8.83251e-05 0.000112562 9.94449e-05 8.87359e-05 7.56369e-05
2.485 0 0 0 0 8.62863e-05 8.94731e-05 9.3933e-05 9.72396e-05 0.000265798 0.00026594 0.000266762 0.000266827 0.000403308 0.000390102 0.000379393 0.000366384
2.505 0 0 0 0 0.000147643 0.000150882 0.000155341 0.000158593 0.000412257 0.000412343 0.000413161 0.000413271 0.000628158 0.000614903 0.000604192 0.000591226
2.525 0 0 0 0 0.000205951 0.000209329 0.000213785 0.000216892 0.000492732 0.000492781 0.000493599 0.000493746 0.000714775 0.000701513 0.000690802 0.000677842
2.545 0 0 0 0 0.000263796 0.000267344 0.0002718 0.000274735 0.000537657 0.000537725 0.000538542 0.000538669 0.000699898 0.00068665 0.000675939 0.000662965
2.565 0 0 0 0 0.00029544 0.000299091 0.000303547 0.000306379 0.000546695 0.000546808 0.000547625 0.000547706 0.000642348 0.000629116 0.000618405 0.000605414
2.585 0 0 0 0 0.000256897 0.000260471 0.000264927 0.000267836 0.00048282 0.000482955 0.000483772 0.00048383 0.000564338 0.000551118 0.000540407 0.000527405
2.605 0 0 0 0 0.000181329 0.000184786 0.000189242 0.000192267 0.000372166 0.000372242 0.000373059 0.000373177 0.000490206 0.000477001 0.00046629 0.000453273
2.625 0 0 0 0 6.99819e-05 7.32137e-05 7.76699e-05 8.09203e-05 0.000216491 0.000216555 0.000217372 0.000217502 0.000360177 0.000346988 0.000336276 0.000323244
2.645 0 0 0 0 -3.82308e-05 -3.51902e-05 -3.07339e-05 -2.72924e-05 3.068e-05 3.07795e-05 3.15963e-05 3.1691e-05 0.000140204 0.000127049 0.000116338 0.000103271
2.665 0 0 0 0 -2.40931e-05 -2.07711e-05 -1.63148e-05 -1.31546e-05 -6.84029e-05 -6.83841e-05 -6.75674e-05 -6.7392e-05 -5.47189e-05 -6.77973e-05 -7.85084e-05 -9.16518e-05
2.685 0 0 0 0 2.12645e-05 2.48101e-05 2.92663e-05 3.22028e-05 -8.81751e-05 -8.81234e-05 -8.73066e-05 -8.71641e-05 -0.000190996 -0.000204029 -0.00021474 -0.000227929
2.705 0 0 0 0 -3.67535e-05 -3.3493e-05 -2.90368e-05 -2.58152e-05 -0.00013675 -0.000136507 -0.00013569 -0.000135739 -0.000284067 -0.000297119 -0.00030783 -0.000320999
2.725 0 0 0 0 -0.000168579 -0.000165675 -0.000161219 -0.000157641 -0.000272491 -0.000272258 -0.000271441 -0.00027148 -0.000336808 -0.000349873 -0.000360584 -0.000373741
2.745 0 0 0 0 -0.000249383 -0.000246463 -0.000242007 -0.000238444 -0.000409599 -0.000409625 -0.000408809 -0.000408588 -0.000362257 -0.000375287 -0.000385998 -0.00039919
2.765 0 0 0 0 -0.000220144 -0.000217045 -0.000212588 -0.000209206 -0.000412233 -0.000412334 -0.000411517 -0.000411222 -0.000382683 -0.000395686 -0.000406397 -0.000419616
2.785 0 0 0 0 -0.000109919 -0.000106708 -0.000102251 -9.89802e-05 -0.000265247 -0.000265118 -0.000264301 -0.000264236 -0.000372905 -0.000385927 -0.000396638 -0.000409838
2.805 0 0 0 0 6.72485e-05 7.07831e-05 7.52394e-05 7.8187e-05 -1.75596e-05 -1.73382e-05 -1.6522e-05 -1.65504e-05 -0.000202583 -0.000215632 -0.000226342 -0.000239514
2.825 0 0 0 0 0.00014988 0.000153498 0.000157954 0.000160818 0.000173326 0.000173481 0.000174297 0.000174336 8.7841e-05 7.47357e-05 6.40249e-05 5.09091e-05
2.845 0 0 0 0 9.20097e-05 9.52592e-05 9.97155e-05 0.000102948 0.000252931 0.000253026 0.000253842 0.00025394 0.000384121 0.000370924 0.000360213 0.000347189
2.865 0 0 0 0 4.96742e-05 5.26794e-05 5.71356e-05 6.06122e-05 0.000307931 0.000307944 0.000308759 0.000308932 0.000610186 0.00059692 0.000586208 0.000573247
2.885 0 0 0 0 0.000123539 0.000126736 0.000131192 0.000134477 0.000403379 0.000403348 0.000404161 0.000404374 0.0007031 0.00068983 0.000679117 0.00066616
2.905 0 0 0 0 0.000272075 0.000275675 0.000280131 0.000283013 0.000532228 0.00053228 0.000533091 0.000533221 0.000677592 0.000664348 0.000653635 0.000640651
2.925 0 0 0 0 0.000356081 0.000359865 0.000364321 0.000367015 0.000596395 0.000596592 0.000597403 0.000597386 0.000597718 0.000584491 0.000573778 0.000560775
2.945 0 0 0 0 0.000295373 0.000299024 0.00030348 0.000306308 0.000513504 0.000513709 0.000514521 0.000514496 0.00052444 0.000511219 0.000500506 0.000487497
2.965 0 0 0 0 0.000105767 0.000109035 0.000113491 0.000116702 0.000280397 0.000280474 0.000281286 0.000281389 0.000422698 0.000409487 0.000398774 0.000385756
2.985 0 0 0 0 -7.73146e-05 -7.43569e-05 -6.99013e-05 -6.63808e-05 1.73255e-05 1.72879e-05 1.80996e-05 1.83175e-05 0.000240287 0.00022711 0.000216397 0.000203345
3.005 0 0 0 0 -0.000127419 -0.000124412 -0.000119957 -0.000116485 -0.000144981 -0.00014501 -0.000144198 -0.000143989 -1.89847e-05 -3.20976e-05 -4.28106e-05 -5.59272e-05
3.025 0 0 0 0 -5.25135e-05 -4.91713e-05 -4.47156e-05 -4.15795e-05 -0.00017921 -0.000179126 -0.000178315 -0.000178218 -0.000273978 -0.000287017 -0.00029773 -0.00031092
3.045 0 0 0 0 1.54239e-05 1.89951e-05 2.34507e-05 2.63578e-05 -0.000168934 -0.000168739 -0.000167928 -0.000167943 -0.000423286 -0.000436285 -0.000446999 -0.000460233
3.065 0 0 0 0 -5.50755e-05 -5.17289e-05 -4.72732e-05 -4.41411e-05 -0.000231415 -0.000231192 -0.000230381 -0.000230425 -0.000446801 -0.000459814 -0.000470528 -0.000483749
3.085 0 0 0 0 -0.000239337 -0.000236497 -0.000232041 -0.000228402 -0.000389271 -0.000389147 -0.000388336 -0.000388282 -0.000413519 -0.000426568 -0.000437282 -0.000450468
3.105 0 0 0 0 -0.000345766 -0.000343113 -0.000338657 -0.00033483 -0.000502163 -0.000502218 -0.000501407 -0.000501175 -0.000381485 -0.000394536 -0.00040525 -0.000418435
3.125 0 0 0 0 -0.000279161 -0.00027628 -0.000271823 -0.000268226 -0.000455369 -0.000455434 -0.000454623 -0.00045438 -0.000393969 -0.000406999 -0.000417714 -0.000430919
3.145 0 0 0 0 -0.000145495 -0.000142374 -0.000137918 -0.000134561 -0.000322769 -0.000322595 -0.000321785 -0.00032178 -0.000459246 -0.000472268 -0.000482982 -0.000496195
3.165 0 0 0 0 -2.42215e-05 -2.08207e-05 -1.63648e-05 -1.3287e-05 -0.000197162 -0.000196897 -0.000196086 -0.000196172 -0.000447402 -0.000460416 -0.00047113 -0.000484351
3.185 0 0 0 0 3.02207e-05 3.38081e-05 3.8264e-05 4.11552e-05 -0.000107201 -0.000107108 -0.000106297 -0.000106212 -0.000270556 -0.00028358 -0.000294294 -0.000307505
3.205 0 0 0 0 -1.21574e-05 -8.84144e-06 -4.3854e-06 -1.22255e-06 -3.21579e-05 -3.21521e-05 -3.13414e-05 -3.11691e-05 1.7661e-06 -1.13339e-05 -2.20482e-05 -3.51835e-05
3.225 0 0 0 0 -6.58576e-05 -6.29813e-05 -5.85254e-05 -5.49231e-05 5.66926e-05 5.67708e-05 5.75815e-05 5.76814e-05 0.000247843 0.000234644 0.00022393 0.000210894
3.245 0 0 0 0 5.66432e-06 8.644e-06 1.30999e-05 1.65987e-05 0.000190793 0.000190851 0.000191662 0.000191782 0.00041571 0.00040248 0.000391766 0.00037876
3.265 0 0 0 0 0.000178623 0.00018213 0.000186586 0.000189558 0.000356596 0.000356595 0.000357406 0.000357585 0.000493755 0.000480553 0.000469838 0.000456805
3.285 0 0 0 0 0.000330979 0.000334842 0.000339298 0.000341915 0.000523757 0.000523839 0.00052465 0.000524746 0.000542704 0.000529507 0.000518793 0.000505755
3.305 0 0 0 0 0.000317696 0.00032133 0.000325786 0.000328631 0.00056623 0.000566483 0.000567294 0.000567219 0.000573439 0.000560199 0.000549485 0.000536489
3.325 0 0 0 0 0.000166285 0.000169511 0.000173967 0.000177219 0.000424676 0.000424867 0.000425678 0.000425666 0.000567792 0.00055453 0.000543816 0.000530842
3.345 0 0 0 0 4.62068e-05 4.93805e-05 5.38362e-05 5.71405e-05 0.000233883 0.000233788 0.0002346 0.000234873 0.000509364 0.000496144 0.000485429 0.000472415
3.365 0 0 0 0 3.34275e-06 6.54429e-06 1.1e-05 1.42766e-05 0.000109986 0.000109879 0.00011069 0.000110976 0.00032829 0.000315116 0.000304402 0.000291341
3.385 0 0 0 0 3.51941e-06 6.68814e-06 1.11439e-05 1.44535e-05 3.84012e-05 3.85803e-05 3.93913e-05 3.93908e-05 4.07808e-05 2.76417e-05 1.69273e-05 3.83102e-06
3.405 0 0 0 0 -4.94137e-05 -4.62714e-05 -4.18157e-05 -3.84796e-05 -0.000132624 -0.0001323 -0.000131489 -0.000131635 -0.000296369 -0.000309445 -0.00032016 -0.000333319
3.425 0 0 0 0 -0.0001396 -0.000136299 -0.000131843 -0.000128666 -0.000382613 -0.000382527 -0.000381716 -0.000381623 -0.000553284 -0.000566261 -0.000576975 -0.000590234
3.445 0 0 0 0 -0.000275446 -0.000272285 -0.00026783 -0.000264511 -0.000608231 -0.000608293 -0.000607481 -0.00060724 -0.000723233 -0.000736164 -0.000746878 -0.000760183
3.465 0 0 0 0 -0.000399428 -0.000396711 -0.000392254 -0.000388491 -0.000727738 -0.000727644 -0.000726833 -0.000726749 -0.00083455 -0.000847504 -0.000858218 -0.0008715
3.485 0 0 0 0 -0.000381126 -0.000378398 -0.000373941 -0.000370187 -0.000704593 -0.000704441 -0.00070363 -0.000703604 -0.000845032 -0.000857989 -0.000868703 -0.000881982
3.505 0 0 0 0 -0.000244099 -0.000240926 -0.000236468 -0.00023316 -0.000567846 -0.000567803 -0.000566992 -0.000566857 -0.000742229 -0.000755165 -0.000765879 -0.000779178
3.525 0 0 0 0 -9.23935e-05 -8.89371e-05 -8.44799e-05 -8.14548e-05 -0.000334875 -0.000334835 -0.000334024 -0.000333886 -0.000512508 -0.000525478 -0.000536193 -0.000549458
3.545 0 0 0 0 3.32745e-05 3.67089e-05 4.11659e-05 4.42127e-05 -2.72017e-05 -2.70589e-05 -2.62481e-05 -2.62131e-05 -0.000131061 -0.000144135 -0.000154849 -0.000168011
3.565 0 0 0 0 0.000132818 0.000136162 0.000140619 0.000143756 0.000284104 0.00028425 0.000285061 0.000285093 0.000350716 0.00033752 0.000326805 0.000313766
3.585 0 0 0 0 0.000232501 0.000235882 0.000240339 0.00024344 0.000562386 0.000562409 0.00056322 0.000563376 0.000823336 0.000810043 0.000799328 0.000786386
3.605 0 0 0 0 0.000355288 0.000358786 0.000363233 0.000366193 0.000824105 0.000824065 0.000824869 0.000825074 0.00118687 0.0011735 0.00116278 0.00114991
3.625 0 0 0 0 0.000395763 0.000399112 0.000403554 0.000406647 0.000949262 0.000949407 0.000950213 0.000950232 0.00129228 0.00127886 0.00126814 0.00125533
3.645 0 0 0 0 0.000352587 0.000355857 0.0003603 0.000363471 0.000856405 0.000856626 0.000857433 0.000857375 0.00113548 0.00112208 0.00111136 0.00109852
3.665 0 0 0 0 0.000261348 0.00026479 0.000269232 0.00027223 0.000576416 0.000576461 0.000577267 0.000577386 0.000787607 0.000774321 0.000763604 0.000750649
3.685 0 0 0 0 8.03887e-05 8.37342e-05 8.81756e-05 9.12699e-05 0.000173334 0.000173331 0.000174137 0.000174303 0.000274713 0.000261549 0.000250831 0.000237755
3.705 0 0 0 0 -0.00010737 -0.000104249 -9.98074e-05 -9.64884e-05 -0.000218882 -0.000218791 -0.000217985 -0.000217912 -0.000270327 -0.000283387 -0.000294105 -0.000307285
3.725 0 0 0 0 -0.000196924 -0.000193729 -0.000189287 -0.000186042 -0.000490309 -0.000490235 -0.000489428 -0.000489339 -0.000679051 -0.000692006 -0.000702723 -0.000716008
3.745 0 0 0 0 -0.000202887 -0.000199506 -0.000195066 -0.000192012 -0.000594583 -0.000594574 -0.000593771 -0.000593626 -0.000858366 -0.000871257 -0.000881975 -0.000895324
3.765 0 0 0 0 -0.000156723 -0.000153309 -0.000148868 -0.000145846 -0.000501368 -0.000501333 -0.000500529 -0.00050041 -0.000754543 -0.00076746 -0.000778178 -0.000791502
3.785 0 0 0 0 -9.7368e-05 -9.41342e-05 -8.9694e-05 -8.64914e-05 -0.000268236 -0.000268109 -0.000267306 -0.000267278 -0.0004111 -0.000424123 -0.000434841 -0.000448058
3.805 0 0 0 0 -0.000166476 -0.000163833 -0.000159393 -0.000155599 -0.000147442 -0.000147182 -0.000146379 -0.000146485 -0.000101616 -0.000114772 -0.000125489 -0.000138574
3.825 0 0 0 0 -0.000366254 -0.000364215 -0.000359775 -0.000355378 -0.000314968 -0.00031473 -0.000313927 -0.000314012 -9.80297e-05 -0.000111229 -0.000121946 -0.000134988
3.845 0 0 0 0 -0.000468075 -0.00046582 -0.000461377 -0.000457192 -0.000613637 -0.000613692 -0.00061289 -0.000612683 -0.00041056 -0.000423636 -0.000434354 -0.000447518
3.865 0 0 0 0 -0.000398081 -0.000395122 -0.000390681 -0.000387208 -0.000807584 -0.000807728 -0.000806925 -0.000806628 -0.000897993 -0.000910891 -0.000921609 -0.000934951
3.885 0 0 0 0 -0.000321262 -0.000318023 -0.000313587 -0.000310404 -0.000887801 -0.0008876 -0.000886809 -0.000886892 -0.00136867 -0.00138148 -0.0013922 -0.00140565
3.905 0 0 0 0 -0.000310392 -0.000307143 -0.000302709 -0.000299539 -0.000923508 -0.00092314 -0.000922359 -0.000922636 -0.00154637 -0.00155915 -0.00156988 -0.00158337
3.925 0 0 0 0 -0.000348398 -0.000345168 -0.000340736 -0.00033755 -0.000915066 -0.000915003 -0.000914222 -0.000914194 -0.00131764 -0.00133045 -0.00134118 -0.00135464
3.945 0 0 0 0 -0.000348103 -0.00034505 -0.000340617 -0.000337254 -0.000719894 -0.000720108 -0.000719327 -0.000719024 -0.000777378 -0.000790299 -0.000801026 -0.000814381
3.965 0 0 0 0 -0.000355958 -0.00035361 -0.000349176 -0.000345109 -0.000424538 -0.000424466 -0.000423685 -0.000423669 -0.000278684 -0.000291808 -0.000302535 -0.000315687
3.985 0 0 0 0 -0.000326193 -0.000324194 -0.000319761 -0.000315344 -0.00023116 -0.000230816 -0.000230036 -0.00023029 -5.19625e-05 -6.51955e-05 -7.5923e-05 -8.8965e-05
4.005 0 0 0 0 -0.000260402 -0.000257913 -0.00025348 -0.000249553 -0.000279045 -0.000278902 -0.000278121 -0.000278175 -0.000171049 -0.000184195 -0.000194923 -0.000208051
4.025 0 0 0 0 -0.000150923 -0.000147569 -0.000143136 -0.000140074 -0.000398247 -0.000398412 -0.000397632 -0.000397377 -0.000462913 -0.000475891 -0.000486618 -0.000499916
4.045 0 0 0 0 5.60651e-05 6.0112e-05 6.45445e-05 6.69125e-05 -0.000266419 -0.00026656 -0.00026578 -0.000265549 -0.0005546 -0.000567507 -0.000578234 -0.000591603
4.065 0 0 0 0 0.000249133 0.000253221 0.000257653 0.00025998 0.000110423 0.000110605 0.000111385 0.000111293 -0.000248967 -0.000261979 -0.000272706 -0.000285969
4.085 0 0 0 0 0.000348347 0.000352107 0.00035654 0.000359196 0.000534063 0.000534321 0.000535102 0.000534933 0.000435137 0.000421929 0.000411202 0.000398135
4.105 0 0 0 0 0.00043678 0.000440417 0.00044485 0.000447632 0.000950922 0.000950831 0.000951612 0.000951793 0.0013258 0.0013124 0.00130168 0.00128879
4.125 0 0 0 0 0.000552433 0.000555915 0.000560329 0.000563212 0.00137504 0.00137474 0.00137549 0.00137579 0.00208983 0.00207623 0.00206549 0.00205278
4.145 0 0 0 0 0.000535567 0.000538389 0.000542791 0.000546291 0.00155408 0.00155421 0.00155496 0.00155483 0.0022902 0.00227646 0.00226572 0.00225314
4.165 0 0 0 0 0.000498231 0.000501119 0.000505522 0.000508959 0.00137841 0.00137866 0.00137941 0.00137915 0.00192932 0.00191565 0.00190491 0.00189226
4.185 0 0 0 0 0.000558051 0.000562093 0.000566497 0.000568782 0.00102069 0.00102046 0.00102121 0.00102144 0.00130266 0.00128928 0.00127854 0.0012656
4.205 0 0 0 0 0.000641749 0.000646647 0.000651054 0.000652488 0.000798213 0.000797816 0.000798566 0.000798954 0.000766901 0.000753732 0.000742989 0.000729837
4.225 0 0 0 0 0.000629303 0.000633871 0.000638278 0.00064004 0.000808386 0.000808454 0.000809203 0.000809126 0.000588341 0.00057514 0.000564397 0.000551278
4.245 0 0 0 0 0.000391362 0.000394785 0.000399192 0.000402099 0.000739803 0.000740226 0.000740975 0.000740543 0.000684682 0.000671333 0.00066059 0.000647619
4.265 0 0 0 0 -0.000176881 -0.00017495 -0.000170545 -0.000166147 0.000171956 0.000172217 0.000172967 0.000172697 0.000548043 0.000534633 0.00052389 0.000510981
4.285 0 0 0 0 -0.000773093 -0.000771954 -0.000767541 -0.000762338 -0.00077312 -0.000773352 -0.000772606 -0.000772393 -0.000176193 -0.000189434 -0.000200175 -0.000213251
4.305 0 0 0 0 -0.000935403 -0.000933585 -0.0009292 -0.000924765 -0.00151912 -0.00151962 -0.00151887 -0.00151839 -0.00133873 -0.00135161 -0.00136236 -0.0013758
4.325 0 0 0 0 -0.000810546 -0.000807787 -0.000803421 -0.000799989 -0.00191177 -0.00191176 -0.00191102 -0.00191107 -0.002628 -0.00264056 -0.00265131 -0.00266507
4.345 0 0 0 0 -0.000710992 -0.000707743 -0.000703395 -0.000700495 -0.002122 -0.00212154 -0.00212087 -0.0021216 -0.0034995 -0.0035119 -0.00352268 -0.00353671
4.365 0 0 0 0 -0.000809963 -0.000806756 -0.000802421 -0.00079952 -0.00228348 -0.00228327 -0.00228261 -0.0022831 -0.00355617 -0.00356853 -0.00357931 -0.00359337
4.385 0 0 0 0 -0.00109694 -0.00109466 -0.00109033 -0.00108652 -0.0023386 -0.00233889 -0.00233823 -0.00233823 -0.00293446 -0.00294699 -0.00295777 -0.00297168
4.405 0 0 0 0 -0.00115808 -0.00115665 -0.00115231 -0.00114765 -0.00195277 -0.00195326 -0.0019526 -0.00195242 -0.00192782 -0.00194063 -0.00195141 -0.00196503
4.425 0 0 0 0 -0.000683961 -0.000682125 -0.000677789 -0.000673531 -0.0010001 -0.00100043 -0.000999773 -0.000999748 -0.000816615 -0.000829683 -0.00084046 -0.000853831
4.445 0 0 0 0 0.000237002 0.00024055 0.000244887 0.000247434 0.000359589 0.000359456 0.000360112 0.000359947 0.000360344 0.000347098 0.00033632 0.000323125
4.465 0 0 0 0 0.000952835 0.000957371 0.000961713 0.000963276 0.00155339 0.00155358 0.00155424 0.00155374 0.0014774 0.00146392 0.00145315 0.00144018
4.485 0 0 0 0 0.00114083 0.00114499 0.0011493 0.00115112 0.00219951 0.00219976 0.00220042 0.00219987 0.00248592 0.00247217 0.00246139 0.00244869
4.505 0 0 0 0 0.000845449 0.000848489 0.000852793 0.00085572 0.00216977 0.00216967 0.00217031 0.00217006 0.00309 0.00307606 0.00306528 0.00305278
4.525 0 0 0 0 0.000556213 0.000558808 0.000563111 0.000566476 0.00182033 0.00181968 0.0018203 0.0018205 0.00308839 0.00307443 0.00306363 0.00305108
4.545 0 0 0 0 0.000860978 0.000865067 0.000869368 0.000871243 0.00185215 0.00185119 0.0018518 0.00185231 0.0027783 0.00276456 0.00275376 0.00274099
4.565 0 0 0 0 0.00158049 0.00158655 0.00159087 0.00159077 0.00245443 0.0024539 0.00245451 0.00245457 0.00259036 0.00257676 0.00256596 0.00255305
4.585 0 0 0 0 0.00219104 0.0021979 0.00220215 0.00220104 0.00330273 0.00330285 0.00330345 0.00330285 0.00301116 0.00299745 0.00298665 0.00297384
4.605 0 0 0 0 0.00234704 0.00235337 0.00235757 0.00235678 0.00397435 0.00397439 0.003975 0.00397449 0.00419307 0.00417905 0.00416825 0.00415574
4.625 0 0 0 0 0.00186461 0.00186878 0.00187297 0.00187431 0.00407569 0.00407529 0.00407586 0.00407568 0.0054247 0.00541027 0.00539946 0.00538736
4.645 0 0 0 0 0.00121199 0.00121399 0.00121816 0.00122161 0.00368978 0.00368888 0.00368932 0.00368924 0.00586857 0.00585379 0.00584292 0.00583099
4.665 0 0 0 0 0.00109853 0.0011009 0.00110506 0.00110814 0.00324697 0.00324585 0.00324629 0.00324642 0.00523499 0.00522041 0.00520955 0.00519742
4.685 0 0 0 0 0.0015032 0.00150783 0.001512 0.00151284 0.00293896 0.00293803 0.00293846 0.00293837 0.00378416 0.00377006 0.0037592 0.00374657
4.705 0 0 0 0 0.00171519 0.00172113 0.0017253 0.00172482 0.00249329 0.00249311 0.00249354 0.00249269 0.00212004 0.00210636 0.00209549 0.00208246
4.725 0 0 0 0 0.00113112 0.00113596 0.00114013 0.00114073 0.00145927 0.00145953 0.00145996 0.00145868 0.000748908 0.000735428 0.000724568 0.000711333
4.745 0 0 0 0 -0.00023178 -0.000229751 -0.000225581 -0.00022215 -0.000316604 -0.000316821 -0.000316398 -0.00031719 -0.000404377 -0.000417743 -0.000428605 -0.00044196
4.765 0 0 0 0 -0.00164564 -0.00164608 -0.00164191 -0.00163602 -0.00231323 -0.0023143 -0.00231387 -0.00231382 -0.00175962 -0.00177275 -0.00178362 -0.00179721
4.785 0 0 0 0 -0.00244985 -0.00245134 -0.00244728 -0.00244075 -0.00389601 -0.00389713 -0.00389671 -0.00389662 -0.00368323 -0.00369596 -0.00370683 -0.00372082
4.805 0 0 0 0 -0.00255492 -0.00255565 -0.00255166 -0.00254616 -0.00490193 -0.00490226 -0.00490184 -0.00490254 -0.00599837 -0.00601057 -0.00602144 -0.00603596
4.825 0 0 0 0 -0.00240956 -0.00240881 -0.00240491 -0.00240118 -0.00561787 -0.00561797 -0.00561778 -0.00561941 -0.00800966 -0.0080214 -0.00803234 -0.00804755
4.845 0 0 0 0 -0.00244113 -0.00243956 -0.00243576 -0.00243313 -0.0061378 -0.00613837 -0.00613829 -0.0061398 -0.00890159 -0.00891306 -0.00892403 -0.0089396
4.865 0 0 0 0 -0.00271611 -0.00271541 -0.00271161 -0.0027082 -0.00621947 -0.00622053 -0.00622042 -0.00622144 -0.00836367 -0.00837527 -0.00838624 -0.00840169
4.885 0 0 0 0 -0.00293618 -0.00293742 -0.00293361 -0.0029282 -0.00565392 -0.005655 -0.0056549 -0.00565591 -0.00678802 -0.00680015 -0.00681113 -0.00682606
4.905 0 0 0 0 -0.00270066 -0.00270288 -0.00269907 -0.0026927 -0.00452965 -0.00453058 -0.00453049 -0.00453168 -0.00490655 -0.00491922 -0.0049302 -0.00494459
4.925 0 0 0 0 -0.00180534 -0.00180607 -0.00180227 -0.00179742 -0.00301068 -0.00301177 -0.00301169 -0.00301273 -0.00318186 -0.00319481 -0.00320579 -0.0032199
4.945 0 0 0 0 -0.000334275 -0.000331646 -0.000327851 -0.000326367 -0.00102859 -0.00102996 -0.00102988 -0.00103063 -0.00141729 -0.00143039 -0.00144137 -0.00145534
4.965 0 0 0 0 0.00127817 0.00128371 0.0012875 0.00128609 0.00144523 0.00144404 0.00144412 0.00144319 0.000917001 0.000903539 0.000892557 0.000878951
4.985 0 0 0 0 0.0021745 0.00217983 0.00218364 0.00218249 0.00367323 0.00367284 0.00367291 0.00367121 0.00369117 0.00367694 0.00366597 0.00365314
5.005 0 0 0 0 0.00230016 0.00230349 0.00230719 0.00230772 0.00505989 0.00505943 0.00505951 0.0050579 0.00642916 0.00641416 0.00640318 0.00639113
5.025 0 0 0 0 0.00215156 0.0021538 0.00215743 0.00215885 0.00557672 0.00557491 0.00557489 0.00557418 0.00829083 0.00827537 0.00826436 0.00825267
5.045 0 0 0 0 0.00218957 0.00219211 0.00219576 0.00219686 0.00564746 0.00564511 0.00564505 0.00564473 0.00859369 0.00857817 0.00856714 0.0085554
5.065 0 0 0 0 0.00237529 0.00237866 0.00238231 0.00238259 0.00536671 0.00536522 0.00536511 0.00536386 0.00725302 0.00723776 0.00722671 0.00721468
5.085 0 0 0 0 0.00225615 0.0022603 0.00226394 0.00226346 0.00431469 0.00431409 0.00431395 0.00431177 0.00481087 0.00479615 0.0047851 0.00477252
5.105 0 0 0 0 0.00142981 0.00143395 0.00143758 0.00143707 0.00223883 0.00223795 0.00223782 0.00223592 0.00200749 0.00199346 0.00198241 0.00196913
5.125 0 0 0 0 -1.48505e-05 -1.22305e-05 -8.60712e-06 -7.6085e-06 -0.000399547 -0.000401223 -0.000401345 -0.000402411 -0.000659393 -0.000672799 -0.000683848 -0.000697742
5.145 0 0 0 0 -0.00148696 -0.0014868 -0.00148317 -0.00147975 -0.00277541 -0.00277728 -0.00277738 -0.00277825 -0.00302686 -0.00303986 -0.00305091 -0.00306521
5.165 0 0 0 0 -0.00236939 -0.0023706 -0.00236697 -0.00236212 -0.00437694 -0.00437843 -0.00437856 -0.00437983 -0.005055 -0.00506766 -0.0050787 -0.00509333
5.185 0 0 0 0 -0.00251557 -0.00251619 -0.00251253 -0.00250826 -0.00517121 -0.00517247 -0.0051726 -0.00517408 -0.00659038 -0.00660264 -0.00661368 -0.0066287
5.205 0 0 0 0 -0.00226456 -0.00226382 -0.00226018 -0.00225728 -0.00530618 -0.00530738 -0.0053075 -0.00530899 -0.00731696 -0.00732895 -0.00734 -0.00735528
5.225 0 0 0 0 -0.00215018 -0.00214946 -0.00214582 -0.0021429 -0.00505838 -0.00505938 -0.00505949 -0.00506121 -0.00709728 -0.00710935 -0.0071204 -0.00713561
5.245 0 0 0 0 -0.00233995 -0.00234077 -0.00233712 -0.00233265 -0.00471704 -0.00471787 -0.00471798 -0.00471988 -0.00613266 -0.0061451 -0.00615614 -0.00617099
5.265 0 0 0 0 -0.00248476 -0.00248668 -0.00248304 -0.00247746 -0.00432583 -0.00432708 -0.0043272 -0.0043287 -0.00486269 -0.00487547 -0.00488652 -0.00490103
5.285 0 0 0 0 -0.00204637 -0.00204737 -0.00204374 -0.0020391 -0.00350969 -0.00351163 -0.00351175 -0.00351258 -0.00358049 -0.00359343 -0.00360447 -0.00361882
5.305 0 0 0 0 -0.000833447 -0.000831857 -0.000828226 -0.000826196 -0.00184199 -0.00184395 -0.00184408 -0.00184488 -0.00215058 -0.00216366 -0.00217471 -0.00218891
5.325 0 0 0 0 0.000835788 0.000840262 0.000843901 0.000843075 0.000663547 0.000662202 0.000662075 0.000660658 -5.69592e-05 -7.04037e-05 -8.14508e-05 -9.5299e-05
5.345 0 0 0 0 0.0021149 0.00212041 0.00212403 0.00212214 0.00321116 0.00321043 0.0032103 0.00320829 0.00281273 0.00279861 0.00278756 0.00277439
5.365 0 0 0 0 0.00252159 0.00252594 0.00252957 0.00252891 0.005005 0.00500408 0.00500396 0.00500213 0.00597099 0.00595605 0.005945 0.00593265
5.385 0 0 0 0 0.00230901 0.00231135 0.00231496 0.00231617 0.00582349 0.00582181 0.00582172 0.00582071 0.00842684 0.00841126 0.00840022 0.00838852
5.405 0 0 0 0 0.00195086 0.00195181 0.00195541 0.00195795 0.00576828 0.00576611 0.00576588 0.00576497 0.00906395 0.00904809 0.00903701 0.0090255
5.425 0 0 0 0 0.00170147 0.00170253 0.00170613 0.00170857 0.00488809 0.00488645 0.00488626 0.00488488 0.00740449 0.00738898 0.00737791 0.00736605
5.445 0 0 0 0 0.00150098 0.0015038 0.0015074 0.00150808 0.00321771 0.00321646 0.00321626 0.00321447 0.00404926 0.00403463 0.00402356 0.0040108
5.465 0 0 0 0 0.000950289 0.000954605 0.000958182 0.000957326 0.000922508 0.000921243 0.000921038 0.000919293 0.000190355 0.00017676 0.000165685 0.000151891
5.485 0 0 0 0 -0.00043855 -0.000435687 -0.000432122 -0.000431502 -0.00187609 -0.00187727 -0.00187748 -0.00187932 -0.00335259 -0.00336545 -0.00337652 -0.00339105
5.505 0 0 0 0 -0.00193587 -0.00193532 -0.00193173 -0.00192875 -0.00433315 -0.00433476 -0.00433499 -0.00433644 -0.00573664 -0.00574905 -0.00576011 -0.00577508
5.525 0 0 0 0 -0.00269014 -0.00269042 -0.00268679 -0.00268296 -0.00557873 -0.00558103 -0.00558125 -0.00558197 -0.00672219 -0.00673435 -0.00674541 -0.00676062
5.545 0 0 0 0 -0.00257366 -0.00257394 -0.00257032 -0.00256651 -0.00536338 -0.00536541 -0.00536562 -0.00536662 -0.00660125 -0.00661346 -0.00662453 -0.00663969
5.565 0 0 0 0 -0.00196284 -0.00196295 -0.00195934 -0.00195572 -0.00418959 -0.00419061 -0.00419083 -0.00419283 -0.00566687 -0.00567941 -0.00569048 -0.00570531
5.585 0 0 0 0 -0.00125796 -0.00125741 -0.00125381 -0.00125087 -0.0028018 -0.00280262 -0.00280284 -0.00280506 -0.00406136 -0.00407425 -0.00408532 -0.0040998
5.605 0 0 0 0 -0.000735762 -0.000734572 -0.00073098 -0.000728683 -0.00158052 -0.00158205 -0.00158227 -0.00158379 -0.00205995 -0.0020732 -0.00208427 -0.0020984
5.625 0 0 0 0 -0.000367417 -0.000366342 -0.000362751 -0.000360335 -0.000423367 -0.000425284 -0.000425505 -0.000426621 -6.98975e-05 -8.35942e-05 -9.4668e-05 -0.000108358
5.645 0 0 0 0 0.000274998 0.000276441 0.000280026 0.000282094 0.000997218 0.00099539 0.000995172 0.000993983 0.00176662 0.0017525 0.00174143 0.00172817
5.665 0 0 0 0 0.00131384 0.00131696 0.00132052 0.00132089 0.00268581 0.00268414 0.00268393 0.00268257 0.00345539 0.00344098 0.0034299 0.00341693
5.685 0 0 0 0 0.0021441 0.00214841 0.002152 0.0021512 0.00407968 0.00407832 0.0040781 0.00407641 0.00479982 0.00478515 0.00477408 0.00476139
5.705 0 0 0 0 0.00241237 0.00241663 0.00242022 0.00241952 0.00477198 0.00477074 0.00477053 0.00476874 0.00574825 0.00573333 0.00572226 0.0057098
5.725 0 0 0 0 0.00269602 0.00270116 0.00270479 0.00270321 0.005283 0.00528089 0.00528068 0.00527974 0.0067442 0.0067292 0.00671814 0.00670577
5.745 0 0 0 0 0.00295114 0.00295666 0.0029603 0.00295832 0.00582946 0.00582711 0.00582689 0.0058262 0.00756647 0.00755133 0.00754026 0.00752803
5.765 0 0 0 0 0.00243992 0.00244272 0.00244634 0.00244702 0.00559804 0.0055971 0.00559688 0.0055948 0.0072873 0.00727187 0.0072608 0.00724886
5.785 0 0 0 0 0.00124646 0.00124654 0.00125014 0.00125351 0.00386258 0.00386216 0.00386194 0.00385932 0.00545203 0.00543678 0.00542571 0.00541358
5.805 0 0 0 0 0.000242971 0.000244045 0.000247648 0.000250014 0.00122189 0.0012197 0.00121946 0.00121858 0.00246467 0.00245041 0.00243934 0.00242623
5.825 0 0 0 0 -0.000313936 -0.000310851 -0.000307246 -0.000306864 -0.00108387 -0.00108694 -0.00108717 -0.00108715 -0.00101194 -0.00102515 -0.00103622 -0.00105041
5.845 0 0 0 0 -0.000810342 -0.000807858 -0.000804273 -0.00080332 -0.00260577 -0.00260708 -0.0026073 -0.00260904 -0.00419055 -0.00420322 -0.00421428 -0.00422899
5.865 0 0 0 0 -0.00113038 -0.00112844 -0.00112485 -0.00112333 -0.00344222 -0.00344251 -0.00344273 -0.00344544 -0.00586429 -0.00587671 -0.00588778 -0.00590275
5.885 0 0 0 0 -0.00132335 -0.00132098 -0.00131739 -0.00131629 -0.00378109 -0.00378267 -0.00378289 -0.00378431 -0.00563205 -0.00564434 -0.00565542 -0.0056705
5.905 0 0 0 0 -0.00170709 -0.00170634 -0.00170274 -0.00170001 -0.00361326 -0.00361557 -0.0036158 -0.00361652 -0.00427841 -0.00429108 -0.00430216 -0.00431687
5.925 0 0 0 0 -0.00191392 -0.0019159 -0.00191231 -0.00190689 -0.00284714 -0.00284866 -0.00284888 -0.00285041 -0.0026897 -0.00270304 -0.00271411 -0.00272816
5.945 0 0 0 0 -0.00143771 -0.00143962 -0.00143604 -0.0014307 -0.00176926 -0.00177037 -0.0017706 -0.0017725 -0.00143105 -0.00144473 -0.00145581 -0.00146952
5.965 0 0 0 0 -0.000605545 -0.00060496 -0.000601372 -0.000598524 -0.000901052 -0.000902566 -0.000902792 -0.0009043 -0.000856525 -0.000870111 -0.000881188 -0.000894989
5.985 0 0 0 0 -5.77937e-05 -5.5515e-05 -5.19246e-05 -5.07533e-05 -0.000448257 -0.000449766 -0.000449992 -0.00045151 -0.000850077 -0.000863542 -0.000874621 -0.000888545
6.005 0 0 0 0 0.000150544 0.000153159 0.000156752 0.000157586 -0.00018082 -0.000182077 -0.000182304 -0.000184073 -0.000764802 -0.000778288 -0.000789363 -0.000803263
6.025 0 0 0 0 2.60006e-06 4.4697e-06 8.06391e-06 9.64522e-06 -0.000140424 -0.000141673 -0.000141899 -0.000143677 -0.000427567 -0.000441192 -0.000452269 -0.000466033
6.045 0 0 0 0 -0.000302804 -0.000301871 -0.000298277 -0.000295759 -0.00028322 -0.000284823 -0.000285048 -0.000286468 -3.33699e-05 -4.71185e-05 -5.8196e-05 -7.18352e-05
6.065 0 0 0 0 -0.000420356 -0.000419657 -0.000416062 -0.000413307 -0.000355311 -0.00035724 -0.00035747 -0.000358575 0.000169465 0.000155689 0.000144613 0.000131002
6.085 0 0 0 0 -9.27089e-05 -9.10752e-05 -8.74803e-05 -8.56623e-05 -5.14612e-05 -5.33554e-05 -5.35846e-05 -5.47225e-05 0.000226806 0.000213082 0.000202006 0.000188342
6.105 0 0 0 0 0.000466965 0.000469855 0.000473454 0.000474046 0.000553168 0.00055168 0.000551452 0.000549912 0.000341605 0.000327902 0.000316825 0.000303139
6.125 0 0 0 0 0.000803545 0.000806839 0.000810412 0.000810563 0.00107759 0.00107646 0.00107623 0.00107434 0.000697333 0.000683536 0.000672459 0.000658867
6.145 0 0 0 0 0.000588294 0.000590592 0.000594178 0.000595332 0.00110541 0.00110424 0.00110401 0.00110217 0.00114602 0.00113205 0.00112097 0.00110755
6.165 0 0 0 0 7.94911e-05 8.04627e-05 8.40603e-05 8.65443e-05 0.00069683 0.000695158 0.000694939 0.000693599 0.00139714 0.00138306 0.00137198 0.00135867
6.185 0 0 0 0 -6.31217e-05 -6.20376e-05 -5.84383e-05 -5.60646e-05 0.000434201 0.000431962 0.000431734 0.000430936 0.00136034 0.00134634 0.00133527 0.00132188
6.205 0 0 0 0 0.000415672 0.000418281 0.00042188 0.000422732 0.000777824 0.000775696 0.000775469 0.00077456 0.00120031 0.00118645 0.00117537 0.00116185
6.225 0 0 0 0 0.000735169 0.000737993 0.000741586 0.000742216 0.00111735 0.00111637 0.00111615 0.00111409 0.000819 0.00080512 0.000794043 0.000780538
6.245 0 0 0 0 0.000624127 0.000626575 0.000630171 0.000631177 0.000951283 0.000950585 0.00095036 0.00094803 0.000532471 0.000518602 0.000507527 0.000494012
6.265 0 0 0 0 0.000310338 0.000312882 0.000316478 0.00031739 0.000448641 0.00044679 0.000446565 0.00044539 0.000565108 0.000551363 0.000540289 0.000526649
6.285 0 0 0 0 5.57032e-06 7.60462e-06 1.11996e-05 1.26198e-05 0.000132091 0.000129665 0.000129439 0.000128836 0.000696201 0.000682453 0.000671379 0.000657744
6.305 0 0 0 0 -4.58874e-05 -4.47479e-05 -4.11517e-05 -3.88353e-05 0.000272154 0.000270479 0.000270254 0.0002689 0.000723365 0.000709461 0.000698386 0.000684906
6.325 0 0 0 0 0.000209852 0.000211282 0.000214879 0.000216907 0.000584548 0.000583473 0.000583249 0.000581294 0.000652056 0.000638124 0.000627049 0.000613596
6.345 0 0 0 0 0.000308978 0.000311104 0.000314699 0.000316032 0.000495654 0.000494415 0.000494192 0.000492402 0.000370597 0.0003568 0.000345724 0.000332135
6.365 0 0 0 0 0.000115853 0.000118111 0.000121706 0.000122904 5.60866e-05 5.43873e-05 5.41646e-05 5.28382e-05 2.50753e-06 -1.11384e-05 -2.22139e-05 -3.59528e-05
6.385 0 0 0 0 2.16233e-05 2.39445e-05 2.75391e-05 2.86728e-05 -0.000129951 -0.00013194 -0.000132162 -0.000133199 -8.97458e-05 -0.000103334 -0.00011441 -0.000128206
6.405 0 0 0 0 -9.71149e-05 -9.56054e-05 -9.20106e-05 -9.00651e-05 -0.000124273 -0.000125757 -0.000125981 -0.000127522 -0.00011512 -0.00012882 -0.000139895 -0.000153581
6.425 0 0 0 0 -0.000529078 -0.000529173 -0.000525576 -0.000522012 -0.000533093 -0.000533915 -0.000534138 -0.000536342 -0.000542765 -0.000556554 -0.000567629 -0.000581226
6.445 0 0 0 0 -0.000940673 -0.000940878 -0.000937294 -0.000933651 -0.0013756 -0.00137696 -0.00137719 -0.00137884 -0.00134477 -0.00135832 -0.00136939 -0.00138324
6.465 0 0 0 0 -0.00116904 -0.00116834 -0.00116475 -0.00116202 -0.00224687 -0.002249 -0.00224922 -0.00225012 -0.00242421 -0.00243734 -0.00244842 -0.00246267
6.485 0 0 0 0 -0.00141017 -0.0014097 -0.00140611 -0.00140313 -0.00292054 -0.00292212 -0.00292234 -0.00292379 -0.00368501 -0.00369793 -0.003709 -0.00372347
6.505 0 0 0 0 -0.0016337 -0.00163379 -0.0016302 -0.00162666 -0.00342271 -0.00342354 -0.00342376 -0.00342597 -0.0047148 -0.00472758 -0.00473865 -0.00475324
6.525 0 0 0 0 -0.00192138 -0.00192162 -0.00191802 -0.00191433 -0.00401321 -0.00401428 -0.0040145 -0.00401646 -0.00534437 -0.00535699 -0.00536806 -0.00538281
6.545 0 0 0 0 -0.00202793 -0.00202765 -0.00202405 -0.00202088 -0.00431028 -0.00431225 -0.00431247 -0.00431353 -0.00535599 -0.00536846 -0.00537953 -0.00539443
6.565 0 0 0 0 -0.0015996 -0.00159844 -0.00159485 -0.00159256 -0.00361267 -0.00361492 -0.00361514 -0.00361593 -0.00449592 -0.00450851 -0.00451958 -0.00453436
6.585 0 0 0 0 -0.000740458 -0.000738769 -0.000735181 -0.000733437 -0.00191625 -0.00191774 -0.00191797 -0.00191952 -0.00277163 -0.00278468 -0.00279575 -0.00281008
6.605 0 0 0 0 0.000192506 0.000194614 0.000198207 0.000199544 0.000106802 0.000105874 0.000105647 0.000103531 -0.000392381 -0.000406027 -0.0004171 -0.000430833
6.625 0 0 0 0 0.00107595 0.00107903 0.00108267 0.00108303 0.002028 0.00202648 0.00202626 0.00202475 0.0024108 0.00239662 0.00238554 0.00237234
6.645 0 0 0 0 0.00179219 0.00179587 0.00179945 0.00179922 0.00376399 0.00376186 0.00376164 0.00376073 0.00511669 0.00510198 0.00509091 0.00507825
6.665 0 0 0 0 0.00222354 0.00222655 0.00223015 0.00223063 0.00513627 0.00513459 0.00513436 0.00513301 0.00704576 0.00703048 0.00701941 0.00700731
6.685 0 0 0 0 0.00232729 0.00232951 0.00233313 0.00233436 0.00565783 0.00565678 0.00565659 0.00565463 0.00766668 0.00765113 0.00764006 0.00762824
6.705 0 0 0 0 0.00213437 0.00213698 0.0021406 0.00214146 0.00503114 0.00502977 0.00502958 0.00502793 0.00682881 0.00681352 0.00680245 0.00679036
6.725 0 0 0 0 0.00173119 0.0017348 0.00173842 0.00173827 0.00361203 0.00360998 0.00360977 0.00360878 0.00485843 0.00484377 0.00483269 0.00481998
6.745 0 0 0 0 0.00115508 0.0011588 0.0011624 0.00116212 0.00198443 0.00198251 0.0019823 0.00198115 0.00236342 0.00234934 0.00233826 0.00232496
6.765 0 0 0 0 0.000723457 0.000727185 0.000730781 0.000730479 0.000732265 0.000730733 0.000730518 0.000729029 0.000305311 0.00029168 0.000280601 0.000266843
6.785 0 0 0 0 3.6604e-05 3.9093e-05 4.26899e-05 4.36315e-05 -0.000454707 -0.000455842 -0.000456043 -0.000457935 -0.00119736 -0.00121077 -0.00122184 -0.00123582
6.805 0 0 0 0 -0.00130766 -0.00130836 -0.00130476 -0.00130064 -0.00222131 -0.00222217 -0.00222238 -0.00222455 -0.00272159 -0.00273489 -0.00274597 -0.00276005
6.825 0 0 0 0 -0.00203384 -0.00203468 -0.00203109 -0.00202679 -0.00362291 -0.00362503 -0.00362524 -0.00362615 -0.00382704 -0.00383995 -0.00385102 -0.00386548
6.845 0 0 0 0 -0.00201433 -0.00201397 -0.00201038 -0.00200728 -0.00410554 -0.0041081 -0.00410832 -0.0041088 -0.00467272 -0.0046853 -0.00469637 -0.00471118
6.865 0 0 0 0 -0.00222847 -0.00222968 -0.00222609 -0.00222143 -0.00438969 -0.00439033 -0.00439055 -0.00439292 -0.00581168 -0.0058243 -0.00583536 -0.00585011
6.885 0 0 0 0 -0.00235272 -0.00235409 -0.0023505 -0.00234565 -0.00475022 -0.00475043 -0.00475064 -0.00475344 -0.00655543 -0.00656793 -0.00657901 -0.00659387
6.905 0 0 0 0 -0.00195352 -0.00195202 -0.00194843 -0.00194644 -0.0047029 -0.00470515 -0.00470537 -0.00470615 -0.00618296 -0.00619512 -0.00620619 -0.0062214
6.925 0 0 0 0 -0.00154739 -0.00154534 -0.00154175 -0.00154032 -0.00385905 -0.00386164 -0.00386186 -0.00386231 -0.00494679 -0.00495917 -0.00497024 -0.00498524
6.945 0 0 0 0 -0.00107845 -0.00107812 -0.00107453 -0.00107141 -0.0021651 -0.00216609 -0.00216632 -0.00216838 -0.00295492 -0.00296808 -0.00297915 -0.00299337
6.965 0 0 0 0 -0.000363252 -0.000363066 -0.00035948 -0.000356222 -0.00033185 -0.000332469 -0.00033269 -0.000335115 -0.000501372 -0.000515171 -0.000526249 -0.000539834
6.985 0 0 0 0 0.000826448 0.000829611 0.000833215 0.000833538 0.00158103 0.00157873 0.00157851 0.00157778 0.00226695 0.0022529 0.00224182 0.00222849
7.005 0 0 0 0 0.00234386 0.00234992 0.00235352 0.00235091 0.00409692 0.00409393 0.00409371 0.00409366 0.0052676 0.00525312 0.00524205 0.00522915
7.025 0 0 0 0 0.00341324 0.00341851 0.00342212 0.00342006 0.00668387 0.0066827 0.00668248 0.0066806 0.00800376 0.00798838 0.00797731 0.00796532
7.045 0 0 0 0 0.00393287 0.00393643 0.00393968 0.00393819 0.00835996 0.00835966 0.00835949 0.00835678 0.0102307 0.0102146 0.0102035 0.0101922
7.065 0 0 0 0 0.00440576 0.00441121 0.00441437 0.00441094 0.00911615 0.00911386 0.00911364 0.00911289 0.0119411 0.0119249 0.0119138 0.0119026
7.085 0 0 0 0 0.00470424 0.00471101 0.0047141 0.0047094 0.00948055 0.00947706 0.00947673 0.00947691 0.012689 0.0126729 0.0126618 0.0126505
7.105 0 0 0 0 0.00414004 0.00414378 0.00414688 0.00414515 0.00903812 0.00903681 0.0090365 0.00903451 0.0117062 0.0116899 0.0116788 0.0116677
7.125 0 0 0 0 0.00278537 0.00278589 0.00278897 0.00279033 0.00688068 0.00688073 0.00688041 0.00687705 0.00885538 0.00883933 0.00882823 0.00881686
7.145 0 0 0 0 0.00127475 0.00127586 0.00127893 0.00127949 0.00318064 0.00317867 0.00317833 0.00317693 0.00462637 0.0046116 0.00460051 0.00458786
7.165 0 0 0 0 -0.00018309 -0.000180949 -0.000177893 -0.000178417 -0.000742139 -0.000745653 -0.000745994 -0.000745843 -0.000382294 -0.000395625 -0.000406733 -0.00042083
7.185 0 0 0 0 -0.0015696 -0.00156934 -0.00156631 -0.001565 -0.00383988 -0.00384173 -0.00384213 -0.00384364 -0.00529001 -0.00530246 -0.00531354 -0.00532847
7.205 0 0 0 0 -0.00285843 -0.00286056 -0.00285742 -0.00285368 -0.00635079 -0.00635078 -0.00635105 -0.0063543 -0.00920341 -0.0092153 -0.00922638 -0.00924188
7.225 0 0 0 0 -0.0039941 -0.00399743 -0.00399471 -0.00399116 -0.00865411 -0.00865535 -0.00865587 -0.00865846 -0.011635 -0.0116463 -0.0116575 -0.0116737
7.245 0 0 0 0 -0.00498367 -0.00498712 -0.00498471 -0.00498043 -0.0103578 -0.0103606 -0.010361 -0.010362 -0.0127807 -0.0127917 -0.0128028 -0.0128194
7.265 0 0 0 0 -0.00536016 -0.00536475 -0.00536235 -0.00535649 -0.0106031 -0.0106055 -0.0106059 -0.0106072 -0.0128019 -0.012813 -0.0128242 -0.0128406
7.285 0 0 0 0 -0.00455315 -0.00455743 -0.00455504 -0.00454981 -0.00910449 -0.0091059 -0.00910636 -0.00910868 -0.0115092 -0.0115207 -0.0115318 -0.0115479
7.305 0 0 0 0 -0.00288954 -0.00289121 -0.00288887 -0.00288684 -0.0064781 -0.00647952 -0.00648002 -0.00648239 -0.00886637 -0.00887822 -0.00888937 -0.00890505
7.325 0 0 0 0 -0.00113261 -0.00113192 -0.00112959 -0.00113051 -0.00329268 -0.00329463 -0.00329515 -0.00329708 -0.00497018 -0.00498273 -0.00499389 -0.00500889
7.345 0 0 0 0 5.56698e-05 5.59359e-05 5.82586e-05 5.74581e-05 -0.000114671 -0.000116447 -0.00011699 -0.000119149 -0.000430694 -0.000444364 -0.000455524 -0.000469405
7.365 0 0 0 0 0.000774106 0.000772452 0.000774773 0.000775629 0.00256407 0.00256257 0.00256204 0.00255964 0.00386234 0.00384751 0.00383636 0.00382365
7.385 0 0 0 0 0.00163709 0.00163623 0.00163857 0.00163861 0.00466712 0.00466485 0.00466435 0.00466278 0.00715719 0.00714171 0.00713056 0.00711851
7.405 0 0 0 0 0.00278841 0.00279017 0.00279254 0.00278998 0.00634889 0.00634602 0.0063455 0.0063445 0.00898802 0.00897236 0.00896121 0.00894934
7.425 0 0 0 0 0.00380665 0.00381053 0.00381292 0.0038083 0.00756896 0.0075668 0.00756627 0.00756457 0.00946193 0.00944623 0.00943509 0.00942325
7.445 0 0 0 0 0.0042622 0.00426695 0.00426934 0.00426387 0.0080064 0.00800504 0.00800453 0.00800202 0.00920994 0.00919428 0.00918313 0.00917126
7.465 0 0 0 0 0.00369661 0.00370036 0.00370273 0.0036982 0.00713998 0.00713847 0.00713795 0.00713559 0.00843215 0.00841662 0.00840547 0.00839347
7.485 0 0 0 0 0.00214581 0.00214664 0.00214899 0.00214721 0.00494132 0.00493918 0.00493866 0.00493692 0.0067853 0.00677002 0.00675888 0.00674663
7.505 0 0 0 0 0.000299374 0.000297186 0.000299527 0.000300933 0.00196661 0.00196416 0.00196362 0.00196214 0.00385488 0.00384011 0.00382896 0.0038162
7.525 0 0 0 0 -0.00102011 -0.00102263 -0.00102026 -0.00101789 -0.00104341 -0.00104574 -0.00104627 -0.00104782 -0.000238983 -0.00025286 -0.000264026 -0.000277707
7.545 0 0 0 0 -0.00150608 -0.00150654 -0.00150419 -0.0015036 -0.0034541 -0.00345625 -0.00345672 -0.0034584 -0.00455414 -0.00456684 -0.00457799 -0.00459281
7.565 0 0 0 0 -0.00171067 -0.00170926 -0.00170693 -0.00170801 -0.00511186 -0.00511354 -0.00511398 -0.00511608 -0.00790471 -0.00791654 -0.0079277 -0.0079434
7.585 0 0 0 0 -0.00235884 -0.00235856 -0.0023562 -0.002356 -0.00629617 -0.00629728 -0.00629779 -0.00630049 -0.00954753 -0.00955915 -0.00957032 -0.00958632
7.605 0 0 0 0 -0.00336988 -0.00337248 -0.0033701 -0.00336682 -0.00712716 -0.0071285 -0.00712899 -0.00713145 -0.009438 -0.00944985 -0.00946103 -0.0094768
7.625 0 0 0 0 -0.00389415 -0.00389841 -0.00389601 -0.00389099 -0.00716244 -0.00716485 -0.00716535 -0.00716676 -0.00809713 -0.00810931 -0.00812048 -0.00813592
7.645 0 0 0 0 -0.00333001 -0.00333382 -0.00333143 -0.00332711 -0.00591599 -0.00591881 -0.00591932 -0.00592036 -0.0062684 -0.00628094 -0.0062921 -0.0063072
7.665 0 0 0 0 -0.00180264 -0.00180449 -0.00180213 -0.00180026 -0.00351634 -0.00351829 -0.00351882 -0.00352077 -0.00427944 -0.00429238 -0.00430355 -0.00431823
7.685 0 0 0 0 0.000155105 0.000156307 0.000158671 0.000157042 -0.000560994 -0.000562317 -0.000562865 -0.000565478 -0.00174696 -0.00176032 -0.0017715 -0.00178576
7.705 0 0 0 0 0.00200171 0.00200591 0.0020082 0.00200312 0.00255815 0.00255623 0.00255569 0.00255368 0.00191018 0.00189625 0.00188508 0.00187138
7.725 0 0 0 0 0.0033449 0.00335002 0.00335241 0.00334649 0.00575071 0.00574815 0.00574763 0.00574628 0.00661883 0.00660392 0.00659275 0.00658005
7.745 0 0 0 0 0.00399854 0.00400147 0.00400384 0.00400014 0.0085977 0.00859559 0.00859513 0.00859342 0.0112808 0.0112646 0.0112535 0.0112421
7.765 0 0 0 0 0.00430007 0.00430059 0.00430262 0.00430154 0.0104726 0.0104704 0.0104693 0.0104666 0.014533 0.0145156 0.0145044 0.0144939
7.785 0 0 0 0 0.00440784 0.0044084 0.00441041 0.00440957 0.0108233 0.010821 0.01082 0.0108179 0.0152207 0.0152031 0.0151919 0.0151816
7.805 0 0 0 0 0.00397677 0.00397792 0.00397994 0.0039783 0.00933327 0.00933086 0.00932984 0.00932762 0.0128157 0.0127987 0.0127875 0.0127765
7.825 0 0 0 0 0.00283341 0.00283453 0.00283652 0.00283441 0.00617159 0.00616935 0.00616825 0.00616541 0.00793273 0.00791687 0.00790558 0.00789344
7.845 0 0 0 0 0.00101601 0.00101633 0.00101828 0.00101651 0.00178663 0.00178422 0.00178308 0.00177996 0.00180029 0.00178583 0.00177452 0.00176093
7.865 0 0 0 0 -0.00115594 -0.00115621 -0.00115414 -0.0011548 -0.00299143 -0.00299433 -0.00299538 -0.00299807 -0.00428082 -0.00429382 -0.00430513 -0.00432014
7.885 0 0 0 0 -0.00317848 -0.00318026 -0.00317813 -0.00317665 -0.00711198 -0.00711509 -0.00711601 -0.00711831 -0.00930264 -0.00931455 -0.00932585 -0.00934195
7.905 0 0 0 0 -0.00446664 -0.00446968 -0.00446763 -0.00446451 -0.00967485 -0.00967787 -0.00967887 -0.00968136 -0.0125344 -0.0125457 -0.012557 -0.0125738
7.925 0 0 0 0 -0.00480268 -0.00480609 -0.00480407 -0.00480055 -0.0104026 -0.0104056 -0.0104068 -0.0104099 -0.0136453 -0.0136563 -0.0136676 -0.0136846
7.945 0 0 0 0 -0.00470969 -0.00471383 -0.00471179 -0.00470762 -0.00991834 -0.00992079 -0.00992198 -0.00992556 -0.0130343 -0.0130456 -0.0130569 -0.0130737
7.965 0 0 0 0 -0.00476392 -0.00476984 -0.00476779 -0.00476193 -0.00919169 -0.00919378 -0.00919495 -0.00919891 -0.0115823 -0.0115941 -0.0116054 -0.0116216
7.985 0 0 0 0 -0.00448546 -0.00449147 -0.00448942 -0.00448363 -0.00822523 -0.00822811 -0.0082293 -0.00823251 -0.00965818 -0.0096704 -0.00968172 -0.00969755
8.005 0 0 0 0 -0.00348159 -0.00348567 -0.00348363 -0.00348012 -0.00657346 -0.0065772 -0.00657842 -0.0065808 -0.00750461 -0.00751709 -0.00752842 -0.00754399
8.025 0 0 0 0 -0.0016366 -0.00163769 -0.00163568 -0.00163569 -0.0037368 -0.00374036 -0.0037416 -0.00374419 -0.00481105 -0.00482395 -0.00483528 -0.00485043
8.045 0 0 0 0 0.000669913 0.000672045 0.000674071 0.000670892 0.000130856 0.000128052 0.000126791 0.000123518 -0.00101117 -0.00102482 -0.00103615 -0.00105056
8.065 0 0 0 0 0.00278071 0.00278494 0.00278688 0.00278153 0.00430382 0.00430133 0.00430008 0.00429693 0.00408291 0.00406819 0.00405689 0.00404358
8.085 0 0 0 0 0.00459141 0.00459709 0.00459913 0.00459306 0.00853836 0.00853522 0.00853393 0.00853173 0.0102775 0.0102615 0.0102502 0.0102382
8.105 0 0 0 0 0.00554596 0.00555034 0.00555215 0.00554922 0.0120137 0.0120109 0.0120098 0.0120077 0.0158845 0.015867 0.0158558 0.0158453
8.125 0 0 0 0 0.00533791 0.00533766 0.00533941 0.0053439 0.0134477 0.0134484 0.0134478 0.0134465 0.0187012 0.0186823 0.018671 0.0186618
8.145 0 0 0 0 0.00481029 0.00480885 0.00481053 0.00481552 0.0126343 0.012635 0.0126344 0.0126335 0.0179462 0.0179274 0.0179162 0.0179068
8.165 0 0 0 0 0.00415299 0.00415397 0.0041556 0.00415671 0.00982441 0.00982305 0.00982224 0.00982169 0.0136762 0.0136587 0.0136474 0.0136365
8.185 0 0 0 0 0.00318035 0.00318375 0.0031854 0.00318229 0.00594047 0.00593743 0.00593619 0.00593448 0.00723668 0.00722095 0.00720952 0.00719677
8.205 0 0 0 0 0.00171974 0.00172295 0.00172453 0.00171983 0.00180803 0.00180487 0.00180329 0.00179961 0.000671264 0.000657046 0.000645515 0.000631162
8.225 0 0 0 0 -0.000215324 -0.000213909 -0.000212223 -0.000215832 -0.00212986 -0.00213343 -0.00213533 -0.00213985 -0.00439228 -0.00440544 -0.00441694 -0.00443232
8.245 0 0 0 0 -0.00273889 -0.00274243 -0.00274094 -0.00274 -0.00596094 -0.00596473 -0.00596646 -0.00597062 -0.00795206 -0.00796471 -0.00797624 -0.00799218
8.265 0 0 0 0 -0.00501171 -0.00501932 -0.00501786 -0.00501228 -0.00914197 -0.00914623 -0.00914799 -0.00915167 -0.0104978 -0.0105101 -0.0105215 -0.0105377
8.285 0 0 0 0 -0.0063809 -0.00638978 -0.00638832 -0.00637997 -0.0113562 -0.0113603 -0.0113621 -0.0113658 -0.012861 -0.012873 -0.0128845 -0.0129011
8.305 0 0 0 0 -0.00669148 -0.00669837 -0.00669683 -0.00668788 -0.0125397 -0.0125429 -0.0125446 -0.012549 -0.0151909 -0.0152023 -0.0152137 -0.0152309
8.325 0 0 0 0 -0.00610316 -0.00610681 -0.00610534 -0.00609965 -0.0127188 -0.0127221 -0.0127241 -0.0127287 -0.016674 -0.0166848 -0.0166963 -0.0167141
8.345 0 0 0 0 -0.00474074 -0.00474038 -0.00473904 -0.00473826 -0.0114378 -0.0114417 -0.0114437 -0.0114471 -0.015876 -0.0158866 -0.0158981 -0.0159162
8.365 0 0 0 0 -0.00306485 -0.00306321 -0.0030619 -0.00306395 -0.00832995 -0.00833445 -0.00833651 -0.00833981 -0.0120412 -0.0120526 -0.0120642 -0.0120817
8.385 0 0 0 0 -0.00130728 -0.00130763 -0.00130632 -0.00130832 -0.00362164 -0.0036258 -0.00362804 -0.00363256 -0.00545792 -0.00547106 -0.00548267 -0.00549845
8.405 0 0 0 0 0.00074096 0.000739543 0.000740955 0.000740757 0.0019522 0.00194898 0.00194725 0.00194411 0.00270315 0.00268797 0.00267632 0.00266257
8.425 0 0 0 0 0.00277907 0.00277762 0.00277889 0.00277988 0.00716943 0.00716726 0.00716589 0.00716398 0.010312 0.0102951 0.0102836 0.0102718
8.445 0 0 0 0 0.00471704 0.00471713 0.00471829 0.00471963 0.0113733 0.0113721 0.0113709 0.0113697 0.0158333 0.0158151 0.0158036 0.0157931
8.465 0 0 0 0 0.00675347 0.0067587 0.00675951 0.00676082 0.0145692 0.0145685 0.0145676 0.0145669 0.0190855 0.0190668 0.0190554 0.0190455
8.485 0 0 0 0 0.00839588 0.00841012 0.00841253 0.00841934 0.0164636 0.016463 0.0164626 0.0164625 0.0203307 0.0203119 0.0203005 0.0202904
8.505 0 0 0 0 0.00862959 0.00864539 0.00864779 0.00865384 0.0162977 0.0162968 0.0162963 0.0162959 0.0195988 0.0195804 0.019569 0.0195587
8.525 0 0 0 0 0.00689941 0.00691064 0.00691285 0.0069195 0.0136464 0.0136455 0.0136448 0.0136438 0.0168236 0.0168055 0.0167939 0.0167832
8.545 0 0 0 0 0.00373745 0.00374042 0.00374225 0.00374909 0.00874896 0.00874736 0.00874624 0.00874445 0.0118818 0.0118645 0.011853 0.0118415
8.565 0 0 0 0 0.000159885 0.000155695 0.00015728 0.000162026 0.00232276 0.00231939 0.00231766 0.00231517 0.00464766 0.00463177 0.0046201 0.00460702
8.585 0 0 0 0 -0.00260511 -0.00261103 -0.00261047 -0.0026096 -0.00419866 -0.0042034 -0.00420556 -0.00420869 -0.00402931 -0.00404307 -0.0040547 -0.00406988
8.605 0 0 0 0 -0.00403277 -0.00403445 -0.00403362 -0.00403411 -0.00931103 -0.009316 -0.00931823 -0.00932121 -0.0122771 -0.0122886 -0.0123001 -0.0123175
8.625 0 0 0 0 -0.00482044 -0.00481975 -0.00481926 -0.00482163 -0.0124959 -0.0124977 -0.0124998 -0.0125025 -0.0181475 -0.0181577 -0.0181692 -0.0181883
8.645 0 0 0 0 -0.00560174 -0.00559975 -0.00559956 -0.00560099 -0.0139914 -0.0139891 -0.01399 -0.0139913 -0.0202802 -0.0202901 -0.0203015 -0.0203207
8.665 0 0 0 0 -0.00645967 -0.00645954 -0.00645904 -0.00645597 -0.0141616 -0.014161 -0.014162 -0.0141632 -0.0188131 -0.0188236 -0.0188351 -0.018854
8.685 0 0 0 0 -0.0065431 -0.00654629 -0.00654563 -0.00654004 -0.012604 -0.0126067 -0.0126083 -0.0126095 -0.0148031 -0.0148146 -0.0148263 -0.0148444
8.705 0 0 0 0 -0.00481024 -0.00481463 -0.00481401 -0.00481014 -0.00866936 -0.00867378 -0.00867591 -0.00867825 -0.00935421 -0.00936701 -0.00937881 -0.00939584
8.725 0 0 0 0 -0.00157896 -0.00158198 -0.0015813 -0.00158265 -0.00294738 -0.00295111 -0.00295355 -0.0029577 -0.00342633 -0.00344049 -0.00345234 -0.00346804
8.745 0 0 0 0 0.00158034 0.00158162 0.0015837 0.00158499 0.00269353 0.00269137 0.00268915 0.0026839 0.00229183 0.00227626 0.00226429 0.00224982
8.765 0 0 0 0 0.00330993 0.00331383 0.00331562 0.00331857 0.00643403 0.0064315 0.00642929 0.00642411 0.0071961 0.00717946 0.00716765 0.00715435
8.785 0 0 0 0 0.00420589 0.00421174 0.00421328 0.00421679 0.00864249 0.00863853 0.00863673 0.00863458 0.0113589 0.0113416 0.0113297 0.011317
8.805 0 0 0 0 0.00477148 0.00477817 0.00477969 0.00478427 0.0101991 0.0101946 0.0101928 0.0101922 0.0141462 0.0141284 0.0141167 0.0141048
8.825 0 0 0 0 0.00587764 0.00588648 0.00588825 0.00589379 0.0120518 0.0120485 0.012047 0.0120457 0.015735 0.0157167 0.0157049 0.0156933
8.845 0 0 0 0 0.00755207 0.00756569 0.00756762 0.00757179 0.0140402 0.0140376 0.0140361 0.0140339 0.0167296 0.0167113 0.0166996 0.0166881
8.865 0 0 0 0 0.00850549 0.00852222 0.00852438 0.00852748 0.0150937 0.0150911 0.0150896 0.0150872 0.0172954 0.0172771 0.0172654 0.0172537
8.885 0 0 0 0 0.0070844 0.00709592 0.00709787 0.00710351 0.0136704 0.0136686 0.013667 0.0136641 0.016414 0.0163956 0.0163839 0.0163725
8.905 0 0 0 0 0.0037951 0.00379653 0.00379806 0.00380652 0.00953665 0.00953479 0.00953309 0.00952992 0.0132521 0.0132338 0.013222 0.0132104
8.925 0 0 0 0 0.00073037 0.000725962 0.000727254 0.000733206 0.00410228 0.00409783 0.00409561 0.00409315 0.00774279 0.00772581 0.00771394 0.00770107
8.945 0 0 0 0 -0.0013727 -0.00137603 -0.00137495 -0.00137383 -0.00141681 -0.00142258 -0.00142506 -0.00142771 -2.77342e-05 -4.27845e-05 -5.47339e-05 -6.96624e-05
8.965 0 0 0 0 -0.00328081 -0.00328348 -0.00328295 -0.00328195 -0.0069223 -0.00692392 -0.00692598 -0.00692997 -0.00923871 -0.00925159 -0.0092633 -0.00928007
8.985 0 0 0 0 -0.00540865 -0.00540889 -0.00540847 -0.00540669 -0.012478 -0.0124757 -0.0124768 -0.0124798 -0.0177929 -0.0178037 -0.0178152 -0.0178337
9.005 0 0 0 0 -0.00720405 -0.00718909 -0.00718829 -0.00718321 -0.0169887 -0.0169855 -0.0169855 -0.0169824 -0.0232504 -0.0232593 -0.0232707 -0.023291
9.025 0 0 0 0 -0.0087424 -0.00870494 -0.00870219 -0.00868398 -0.0196019 -0.0196 -0.0195991 -0.0195912 -0.0251831 -0.025191 -0.025202 -0.0252231
9.045 0 0 0 0 -0.00953694 -0.00950138 -0.00949859 -0.0094744 -0.0194709 -0.0194687 -0.0194674 -0.0194611 -0.023924 -0.0239328 -0.023944 -0.0239645
9.065 0 0 0 0 -0.00892306 -0.00889663 -0.00889335 -0.00886749 -0.016709 -0.0167062 -0.0167055 -0.0167037 -0.020208 -0.0202184 -0.0202297 -0.0202488
9.085 0 0 0 0 -0.00678693 -0.00676834 -0.00676555 -0.00674623 -0.0124623 -0.012461 -0.0124613 -0.012462 -0.0150195 -0.0150313 -0.015043 -0.0150609
9.105 0 0 0 0 -0.00371501 -0.00370213 -0.00370038 -0.00369286 -0.00748844 -0.00749038 -0.00749159 -0.00749275 -0.00909242 -0.00910519 -0.00911695 -0.00913409
9.125 0 0 0 0 -0.000428034 -0.000421115 -0.000419757 -0.00042241 -0.00183173 -0.00183526 -0.0018373 -0.00183991 -0.00262195 -0.00263611 -0.00264813 -0.00266413
9.145 0 0 0 0 0.00254479 0.00254522 0.00254556 0.00254302 0.00420885 0.00420499 0.00420256 0.00419857 0.00438109 0.00436535 0.00435337 0.00433908
9.165 0 0 0 0 0.00496242 0.0049676 0.00496859 0.00497072 0.00969584 0.0096929 0.0096906 0.00968588 0.0115397 0.0115222 0.0115105 0.0114982
9.185 0 0 0 0 0.0067199 0.00672806 0.00672892 0.00673354 0.0138138 0.0138109 0.0138092 0.0138071 0.0178085 0.0177896 0.0177778 0.0177666
9.205 0 0 0 0 0.00781734 0.0078268 0.0078274 0.0078339 0.0164732 0.0164705 0.0164692 0.0164687 0.0219525 0.0219328 0.0219212 0.0219111
9.225 0 0 0 0 0.00834521 0.00835822 0.00836 0.00837527 0.0177381 0.0177385 0.0177382 0.0177383 0.0232513 0.0232312 0.0232196 0.0232102
9.245 0 0 0 0 0.00826728 0.00827968 0.00828081 0.00829553 0.017247 0.0172483 0.0172478 0.017246 0.0217236 0.0217035 0.0216919 0.0216822
9.265 0 0 0 0 0.00704762 0.00705818 0.0070592 0.00706991 0.0142664 0.0142661 0.0142649 0.0142621 0.0175684 0.0175494 0.0175377 0.0175268
9.285 0 0 0 0 0.00415543 0.00415965 0.00416032 0.00416549 0.0086138 0.00861097 0.00860897 0.00860543 0.0109176 0.0109001 0.0108882 0.0108757
9.305 0 0 0 0 0.000167466 0.00016414 0.000165031 0.000168619 0.00125261 0.00124783 0.00124517 0.0012414 0.00235643 0.00234067 0.00232862 0.00231417
9.325 0 0 0 0 -0.00332009 -0.00331228 -0.00331119 -0.00330367 -0.00599733 -0.00599947 -0.00600081 -0.00600288 -0.00670431 -0.00671801 -0.0067301 -0.00674669
9.345 0 0 0 0 -0.00584306 -0.0058208 -0.00581836 -0.00580409 -0.0121213 -0.0121211 -0.0121213 -0.0121195 -0.0151708 -0.0151819 -0.0151932 -0.0152116
9.365 0 0 0 0 -0.00744439 -0.00741192 -0.00740893 -0.00739141 -0.0164557 -0.0164527 -0.0164519 -0.0164475 -0.0216418 -0.0216513 -0.0216626 -0.0216827
9.385 0 0 0 0 -0.00841834 -0.00838127 -0.00837836 -0.00835854 -0.0187832 -0.0187789 -0.0187778 -0.0187722 -0.0249797 -0.0249882 -0.0249992 -0.0250199
9.405 0 0 0 0 -0.00894504 -0.00890879 -0.00890584 -0.00888367 -0.0191479 -0.0191439 -0.0191427 -0.0191374 -0.0248526 -0.0248613 -0.0248725 -0.0248931
9.425 0 0 0 0 -0.00914763 -0.00911707 -0.0091141 -0.00908928 -0.0179781 -0.0179755 -0.0179749 -0.0179715 -0.0221606 -0.0221703 -0.0221816 -0.0222014
9.445 0 0 0 0 -0.00862376 -0.00860058 -0.00859777 -0.00857281 -0.0155975 -0.0155966 -0.0155967 -0.0155958 -0.0181526 -0.0181637 -0.0181752 -0.0181939
9.465 0 0 0 0 -0.00652524 -0.00650804 -0.00650582 -0.00648805 -0.0117404 -0.0117417 -0.0117426 -0.0117429 -0.013342 -0.0133541 -0.0133658 -0.0133836
9.485 0 0 0 0 -0.00287951 -0.00286827 -0.00286701 -0.00286296 -0.00622204 -0.00622477 -0.00622623 -0.00622764 -0.00768253 -0.00769559 -0.00770749 -0.00772452
9.505 0 0 0 0 0.00104857 0.00105439 0.00105583 0.0010535 0.000283032 0.000280402 0.000278198 0.000274427 -0.00108664 -0.00110115 -0.00111322 -0.00112893
9.525 0 0 0 0 0.00438828 0.00439636 0.00439619 0.00439518 0.00694797 0.00694536 0.00694323 0.00693894 0.00678128 0.00676502 0.00675312 0.00673932
9.545 0 0 0 0 0.00711824 0.00713137 0.00713224 0.00713883 0.0132306 0.0132286 0.013227 0.0132245 0.0157211 0.0157029 0.0156911 0.0156794
9.565 0 0 0 0 0.00906135 0.00907841 0.00907958 0.00909576 0.0185557 0.0185553 0.0185547 0.0185555 0.0240387 0.0240186 0.0240071 0.0239976
9.585 0 0 0 0 0.0105536 0.0105984 0.0106065 0.0106812 0.0227631 0.0227766 0.0227823 0.022799 0.0300482 0.0300266 0.0300157 0.030008
9.605 0 0 0 0 0.0117467 0.0118166 0.0118275 0.0119683 0.0254837 0.0255056 0.0255125 0.0255313 0.0326794 0.0326572 0.0326471 0.0326409
