0.02 0 0 0 0 3.74211e-06 7.05807e-06 1.15492e-05 1.48135e-05 1.05415e-05 1.06646e-05 1.15082e-05 1.16464e-05 2.9548e-05 1.64569e-05 5.76076e-06 -7.33076e-06
0.04 0 0 0 0 3.33931e-05 3.67808e-05 4.12715e-05 4.44624e-05 5.09853e-05 5.10921e-05 5.19354e-05 5.20892e-05 7.09494e-05 5.78554e-05 4.71592e-05 3.40704e-05
0.06 0 0 0 0 6.88299e-05 7.22638e-05 7.67533e-05 7.98946e-05 0.000114373 0.000114484 0.000115326 0.000115475 0.000140547 0.000127439 0.000116742 0.000103667
0.08 0 0 0 0 8.81616e-05 9.15575e-05 9.60448e-05 9.92187e-05 0.000174526 0.000174666 0.000175507 0.000175624 0.000219295 0.000206161 0.000195464 0.000182413
0.1 0 0 0 0 9.04455e-05 9.37785e-05 9.8264e-05 0.000101496 0.000211684 0.000211833 0.000212673 0.000212778 0.00028831 0.000275152 0.000264454 0.000251425
0.12 0 0 0 0 8.0711e-05 8.40103e-05 8.84957e-05 9.17613e-05 0.000213694 0.000213816 0.000214655 0.000214783 0.000320795 0.000307627 0.000296929 0.000283907
0.14 0 0 0 0 6.15711e-05 6.48558e-05 6.93414e-05 7.26221e-05 0.000179357 0.000179457 0.000180296 0.000180445 0.000292129 0.000278968 0.000268269 0.000255239
0.16 0 0 0 0 3.88153e-05 4.20953e-05 4.65805e-05 4.98654e-05 0.000119654 0.000119762 0.000120601 0.000120742 0.000201813 0.000188674 0.000177975 0.000164924
0.18 0 0 0 0 1.70486e-05 2.03433e-05 2.48288e-05 2.80993e-05 4.67302e-05 4.68614e-05 4.76998e-05 4.78177e-05 7.49749e-05 6.18639e-05 5.1165e-05 3.80857e-05
0.2 0 0 0 0 -7.7765e-06 -4.46133e-06 2.31284e-08 3.27059e-06 -3.3137e-05 -3.29979e-05 -3.21607e-05 -3.20539e-05 -5.45436e-05 -6.76234e-05 -7.8323e-05 -9.14362e-05
0.22 0 0 0 0 -4.67328e-05 -4.3444e-05 -3.89622e-05 -3.56947e-05 -0.000118799 -0.000118667 -0.000117832 -0.000117723 -0.00016499 -0.000178045 -0.000188746 -0.000201886
0.24 0 0 0 0 -0.00010288 -9.96914e-05 -9.52112e-05 -9.18488e-05 -0.000207425 -0.000207296 -0.000206462 -0.00020635 -0.000253003 -0.000266044 -0.000276745 -0.0002899
0.26 0 0 0 0 -0.000158117 -0.000155042 -0.000150563 -0.00014709 -0.000286041 -0.000285915 -0.00028508 -0.000284967 -0.000322061 -0.000335094 -0.000345795 -0.000358959
0.28 0 0 0 0 -0.000179535 -0.000176478 -0.000172 -0.000168513 -0.00032757 -0.00032746 -0.000326626 -0.000326498 -0.000364898 -0.000377921 -0.000388622 -0.000401797
0.3 0 0 0 0 -0.000146309 -0.000143134 -0.000138656 -0.000135288 -0.000302417 -0.000302328 -0.000301495 -0.000301346 -0.000359087 -0.000372099 -0.000382801 -0.000395985
0.32 0 0 0 0 -7.01802e-05 -6.68394e-05 -6.23618e-05 -5.91591e-05 -0.000200853 -0.00020076 -0.000199927 -0.000199784 -0.000279111 -0.000292131 -0.000302834 -0.000316012
0.34 0 0 0 0 8.99368e-06 1.24113e-05 1.68887e-05 2.00143e-05 -5.10935e-05 -5.09599e-05 -5.01267e-05 -5.0024e-05 -0.000120419 -0.000133476 -0.000144179 -0.000157321
0.36 0 0 0 0 4.72451e-05 5.05788e-05 5.50565e-05 5.82664e-05 8.42204e-05 8.43968e-05 8.523e-05 8.52896e-05 7.76635e-05 6.45483e-05 5.38463e-05 4.07633e-05
0.38 0 0 0 0 3.3771e-05 3.69318e-05 4.14091e-05 4.47913e-05 0.000150939 0.000151109 0.000151942 0.000152008 0.000244477 0.000231309 0.000220607 0.000207576
0.4 0 0 0 0 4.29894e-06 7.36646e-06 1.18435e-05 1.53179e-05 0.000148001 0.000148103 0.000148934 0.000149063 0.000319984 0.000306795 0.000296092 0.000283079
0.42 0 0 0 0 1.25721e-06 4.39857e-06 8.87553e-06 1.2276e-05 0.000115292 0.000115335 0.000116165 0.000116348 0.000283298 0.000270128 0.000259424 0.00024639
0.44 0 0 0 0 2.72324e-05 3.05339e-05 3.5011e-05 3.82515e-05 8.25851e-05 8.26554e-05 8.34866e-05 8.36466e-05 0.000157693 0.000144565 0.000133861 0.000120788
0.46 0 0 0 0 5.05168e-05 5.3938e-05 5.8415e-05 6.15356e-05 4.74034e-05 4.75544e-05 4.83844e-05 4.84612e-05 4.39396e-06 -8.69929e-06 -1.94027e-05 -3.25128e-05
0.48 0 0 0 0 4.95731e-05 5.30448e-05 5.75218e-05 6.05922e-05 5.37046e-06 5.55193e-06 6.38143e-06 6.42742e-06 -9.67289e-05 -0.000109797 -0.000120501 -0.000133638
0.5 0 0 0 0 2.3619e-05 2.70717e-05 3.15489e-05 3.46384e-05 -3.13599e-05 -3.12396e-05 -3.04093e-05 -3.03019e-05 -0.000100308 -0.00011337 -0.000124073 -0.000137216
0.52 0 0 0 0 -2.77716e-05 -2.44738e-05 -1.99969e-05 -1.67525e-05 -5.76117e-05 -5.75463e-05 -5.67172e-05 -5.65558e-05 -4.10751e-05 -5.41574e-05 -6.48613e-05 -7.79844e-05
0.54 0 0 0 0 -8.59606e-05 -8.2907e-05 -7.84298e-05 -7.49411e-05 -7.66076e-05 -7.6517e-05 -7.56868e-05 -7.55498e-05 7.91075e-06 -5.20392e-06 -1.59076e-05 -2.89985e-05
0.56 0 0 0 0 -0.000106582 -0.000103628 -9.91512e-05 -9.55628e-05 -8.59461e-05 -8.58158e-05 -8.49863e-05 -8.48895e-05 4.93407e-06 -8.1918e-06 -1.88957e-05 -3.19753e-05
0.58 0 0 0 0 -6.39247e-05 -6.07864e-05 -5.63094e-05 -5.29055e-05 -7.56253e-05 -7.55133e-05 -7.46837e-05 -7.45686e-05 -3.82244e-05 -5.13239e-05 -6.20276e-05 -7.51336e-05
0.6 0 0 0 0 1.74848e-05 2.09392e-05 2.54164e-05 2.85043e-05 -3.34074e-05 -3.33333e-05 -3.25033e-05 -3.23498e-05 -7.20489e-05 -8.51129e-05 -9.58167e-05 -0.000108958
0.62 0 0 0 0 8.2714e-05 8.63266e-05 9.08039e-05 9.37338e-05 3.83178e-05 3.84146e-05 3.92439e-05 3.93739e-05 -4.47968e-05 -5.78579e-05 -6.85617e-05 -8.1706e-05
0.64 0 0 0 0 9.89315e-05 0.000102445 0.000106922 0.000109952 0.000118201 0.00011836 0.00011919 0.000119258 6.59475e-05 5.28456e-05 4.21419e-05 2.90382e-05
0.66 0 0 0 0 7.5894e-05 7.91976e-05 8.36751e-05 8.69144e-05 0.000178158 0.000178322 0.000179151 0.000179215 0.000229569 0.000216411 0.000205708 0.000192659
0.68 0 0 0 0 4.71789e-05 5.03439e-05 5.48213e-05 5.81989e-05 0.000206075 0.000206167 0.000206997 0.000207131 0.00037185 0.000358656 0.000347952 0.00033494
0.7 0 0 0 0 3.81555e-05 4.13072e-05 4.57847e-05 4.91752e-05 0.000208108 0.000208144 0.000208972 0.00020916 0.000417402 0.0004042 0.000393496 0.00038049
0.72 0 0 0 0 4.77484e-05 5.0959e-05 5.54363e-05 5.8768e-05 0.000186117 0.000186191 0.000187018 0.000187166 0.000335611 0.000322428 0.000311723 0.000298697
0.74 0 0 0 0 5.55545e-05 5.88544e-05 6.3332e-05 6.65746e-05 0.000127873 0.000128032 0.00012886 0.000128925 0.000159909 0.000146766 0.000136062 0.000122997
0.76 0 0 0 0 2.72919e-05 3.06488e-05 3.51262e-05 3.83115e-05 1.16879e-05 1.18758e-05 1.27029e-05 1.27363e-05 -5.03855e-05 -6.3478e-05 -7.41829e-05 -8.72998e-05
0.78 0 0 0 0 -5.93328e-05 -5.60407e-05 -5.15633e-05 -4.83129e-05 -0.000164364 -0.000164216 -0.000163388 -0.000163314 -0.000251915 -0.000264959 -0.000275664 -0.000288828
0.8 0 0 0 0 -0.000182325 -0.000179219 -0.000174742 -0.000171308 -0.000360475 -0.000360383 -0.000359555 -0.000359426 -0.000425836 -0.000438846 -0.000449551 -0.000462749
0.82 0 0 0 0 -0.000289285 -0.000286377 -0.000281904 -0.000278281 -0.000521796 -0.00052172 -0.000520894 -0.000520752 -0.000573418 -0.000586406 -0.000597112 -0.000610333
0.84 0 0 0 0 -0.000328166 -0.000325306 -0.000320835 -0.000317173 -0.000603423 -0.00060333 -0.000602504 -0.000602382 -0.000686335 -0.000699302 -0.000710007 -0.000723251
0.86 0 0 0 0 -0.000274867 -0.000271821 -0.00026735 -0.000263875 -0.000574936 -0.000574838 -0.000574016 -0.000573905 -0.000721769 -0.000734714 -0.000745422 -0.000758688
0.88 0 0 0 0 -0.000163286 -0.000159968 -0.000155498 -0.000152297 -0.00044114 -0.000441041 -0.00044022 -0.000440114 -0.000634053 -0.000647 -0.000657708 -0.000670977
0.9 0 0 0 0 -5.71519e-05 -5.37152e-05 -4.92459e-05 -4.6163e-05 -0.000241027 -0.000240901 -0.000240079 -0.000239999 -0.000408843 -0.000421838 -0.000432547 -0.000445768
0.92 0 0 0 0 2.26636e-05 2.60476e-05 3.05175e-05 3.36534e-05 -7.15887e-06 -7.01884e-06 -6.19789e-06 -6.13254e-06 -6.11597e-05 -7.42434e-05 -8.49516e-05 -9.8084e-05
0.94 0 0 0 0 0.000100365 0.000103689 0.000108157 0.000111351 0.000243923 0.000244019 0.00024484 0.000244949 0.000353697 0.000340514 0.000329806 0.000316772
0.96 0 0 0 0 0.000191285 0.000194613 0.000199076 0.000202247 0.000488598 0.000488636 0.000489455 0.000489615 0.00073695 0.00072368 0.00071297 0.000700021
0.98 0 0 0 0 0.00028482 0.0002882 0.000292653 0.000295751 0.000690474 0.000690515 0.000691328 0.000691472 0.000994655 0.000981322 0.00097061 0.000957716
1 0 0 0 0 0.000348646 0.000352087 0.000356539 0.00035957 0.000796914 0.000797025 0.000797838 0.000797912 0.00107507 0.00106172 0.001051 0.00103813
1.02 0 0 0 0 0.000336144 0.000339587 0.000344039 0.000347067 0.000745423 0.000745591 0.000746406 0.000746425 0.00096183 0.000948496 0.000937784 0.000924891
1.04 0 0 0 0 0.000233657 0.000237033 0.000241485 0.000244579 0.00052265 0.000522794 0.000523607 0.000523647 0.000680682 0.000667413 0.000656699 0.000643741
1.06 0 0 0 0 8.77867e-05 9.11013e-05 9.55533e-05 9.87088e-05 0.000203961 0.000204019 0.000204833 0.000204961 0.00030395 0.000290777 0.000280064 0.000267011
1.08 0 0 0 0 -5.04725e-05 -4.72109e-05 -4.276e-05 -3.95516e-05 -0.000109847 -0.000109841 -0.000109027 -0.000108849 -9.37408e-05 -0.000106818 -0.000117531 -0.000130681
1.1 0 0 0 0 -0.000164098 -0.000160944 -0.000156492 -0.000153176 -0.000363003 -0.000362939 -0.000362126 -0.000362005 -0.000457363 -0.000470368 -0.000481081 -0.000494303
1.12 0 0 0 0 -0.000250983 -0.000247952 -0.000243501 -0.000240062 -0.000547411 -0.000547258 -0.000546444 -0.000546412 -0.000737718 -0.000750674 -0.000761387 -0.000774657
1.14 0 0 0 0 -0.000319815 -0.000316869 -0.000312419 -0.000308901 -0.000682392 -0.000682229 -0.000681418 -0.000681404 -0.000909588 -0.000922512 -0.000933226 -0.000946532
1.16 0 0 0 0 -0.000372876 -0.000369985 -0.000365539 -0.000361976 -0.000770744 -0.000770642 -0.000769832 -0.000769756 -0.000974245 -0.00098715 -0.000997865 -0.00101119
1.18 0 0 0 0 -0.000391283 -0.000388424 -0.000383979 -0.000380384 -0.000782815 -0.000782766 -0.000781954 -0.000781823 -0.000942493 -0.000955402 -0.000966117 -0.000979437
1.2 0 0 0 0 -0.000360142 -0.000357294 -0.000352847 -0.00034924 -0.000701574 -0.000701506 -0.000700696 -0.000700587 -0.000834927 -0.000847866 -0.00085858 -0.000871873
1.22 0 0 0 0 -0.000273319 -0.000270397 -0.000265952 -0.000262421 -0.000535484 -0.000535364 -0.000534553 -0.000534495 -0.000659461 -0.000672441 -0.000683155 -0.000696405
1.24 0 0 0 0 -0.000135341 -0.0001322 -0.000127754 -0.000124442 -0.000300802 -0.000300684 -0.000299873 -0.000299813 -0.000403192 -0.000416217 -0.000426931 -0.000440137
1.26 0 0 0 0 2.18207e-05 2.5213e-05 2.96586e-05 3.27195e-05 -2.13075e-05 -2.12339e-05 -2.04238e-05 -2.03208e-05 -6.58324e-05 -7.89149e-05 -8.96298e-05 -0.000102778
1.28 0 0 0 0 0.000157647 0.000161152 0.000165597 0.000168544 0.000271988 0.00027205 0.000272861 0.000272977 0.000322685 0.00030952 0.000298805 0.00028574
1.3 0 0 0 0 0.00025367 0.000257129 0.000261576 0.00026457 0.000539697 0.000539789 0.0005406 0.000540684 0.000705393 0.000692129 0.000681414 0.000668447
1.32 0 0 0 0 0.000314878 0.000318263 0.000322708 0.000325776 0.000737593 0.000737702 0.000738513 0.000738583 0.00100878 0.000995439 0.000984724 0.000971837
1.34 0 0 0 0 0.000357022 0.000360435 0.000364879 0.000367915 0.000841751 0.000841818 0.000842628 0.000842732 0.00117283 0.00115945 0.00114874 0.00113588
1.36 0 0 0 0 0.000387184 0.000390728 0.000395171 0.000398075 0.000858474 0.000858495 0.000859302 0.00085945 0.00117719 0.00116382 0.00115311 0.00114024
1.38 0 0 0 0 0.000391193 0.000394847 0.000399292 0.000402087 0.00080129 0.000801327 0.000802136 0.000802271 0.00104294 0.00102962 0.0010189 0.00100599
1.4 0 0 0 0 0.000351889 0.000355544 0.000359988 0.000362781 0.000678216 0.000678309 0.000679117 0.000679191 0.000824073 0.000810793 0.000800077 0.000787124
1.42 0 0 0 0 0.000263402 0.000266963 0.000271406 0.000274293 0.000493311 0.000493431 0.000494239 0.000494288 0.00057561 0.00056238 0.000551664 0.000538661
1.44 0 0 0 0 0.000126118 0.000129496 0.000133941 0.000137011 0.000249988 0.00025008 0.000250888 0.000250966 0.00031365 0.000300471 0.000289756 0.000276701
1.46 0 0 0 0 -3.30637e-05 -2.99142e-05 -2.54709e-05 -2.21735e-05 -2.23544e-05 -2.23004e-05 -2.14935e-05 -2.13792e-05 3.36515e-05 2.05274e-05 9.81144e-06 -3.29745e-06
1.48 0 0 0 0 -0.000160915 -0.000157913 -0.000153468 -0.000150023 -0.000266506 -0.000266465 -0.000265656 -0.000265527 -0.000252553 -0.000265618 -0.000276333 -0.000289501
1.5 0 0 0 0 -0.000228218 -0.000225226 -0.000220782 -0.000217326 -0.000442822 -0.00044276 -0.000441953 -0.000441845 -0.00051756 -0.000530565 -0.000541281 -0.000554509
1.52 0 0 0 0 -0.000243614 -0.000240543 -0.000236099 -0.000232723 -0.000541087 -0.000540987 -0.000540179 -0.00054011 -0.00071581 -0.000728765 -0.000739481 -0.000752758
1.54 0 0 0 0 -0.000238254 -0.000235117 -0.000230673 -0.000227361 -0.000572089 -0.000571966 -0.000571157 -0.000571111 -0.000801793 -0.000814726 -0.000825442 -0.000838742
1.56 0 0 0 0 -0.000258291 -0.000255242 -0.000250799 -0.000247399 -0.00057652 -0.000576383 -0.000575576 -0.000575543 -0.000783075 -0.000796021 -0.000806737 -0.000820024
1.58 0 0 0 0 -0.00031922 -0.00031642 -0.000311975 -0.000308328 -0.000594045 -0.000593904 -0.000593096 -0.000593067 -0.000716811 -0.000729791 -0.000740507 -0.000753759
1.6 0 0 0 0 -0.000371486 -0.000368865 -0.000364421 -0.000360593 -0.000615554 -0.000615448 -0.000614641 -0.000614578 -0.000654707 -0.000667712 -0.000678428 -0.000691656
1.62 0 0 0 0 -0.00036144 -0.000358759 -0.000354314 -0.000350547 -0.000606191 -0.000606141 -0.000605334 -0.000605214 -0.000625827 -0.000638828 -0.000649544 -0.000662776
1.64 0 0 0 0 -0.000291975 -0.000289077 -0.000284632 -0.000281082 -0.000550778 -0.000550725 -0.000549917 -0.0005498 -0.000630464 -0.000643448 -0.000654164 -0.000667413
1.66 0 0 0 0 -0.00019853 -0.000195415 -0.000190971 -0.000187638 -0.000454056 -0.000453938 -0.00045313 -0.00045308 -0.000619764 -0.000632742 -0.000643457 -0.000656713
1.68 0 0 0 0 -0.000117973 -0.000114724 -0.00011028 -0.00010708 -0.00033509 -0.000334927 -0.000334119 -0.000334113 -0.000529522 -0.000542516 -0.000553232 -0.000566471
1.7 0 0 0 0 -7.53617e-05 -7.21074e-05 -6.76632e-05 -6.44695e-05 -0.000217569 -0.000217437 -0.00021663 -0.000216593 -0.000341513 -0.000354549 -0.000365265 -0.000378463
1.72 0 0 0 0 -5.54587e-05 -5.22847e-05 -4.78405e-05 -4.45667e-05 -9.64336e-05 -9.63735e-05 -9.5566e-05 -9.54573e-05 -8.63921e-05 -9.94863e-05 -0.000110202 -0.000123341
1.74 0 0 0 0 -1.32515e-05 -1.0123e-05 -5.67865e-06 -2.35898e-06 5.5193e-05 5.52068e-05 5.60145e-05 5.61696e-05 0.000181863 0.000168707 0.000157991 0.000144915
1.76 0 0 0 0 7.05339e-05 7.37178e-05 7.81619e-05 8.14257e-05 0.00023469 0.000234728 0.000235535 0.000235667 0.000403591 0.000390383 0.000379667 0.000366643
1.78 0 0 0 0 0.000179635 0.000182979 0.000187423 0.000190527 0.000408211 0.000408306 0.000409113 0.000409188 0.000553176 0.000539938 0.000529222 0.000516228
1.8 0 0 0 0 0.000277924 0.000281476 0.000285921 0.000288817 0.000538233 0.000538347 0.000539154 0.000539209 0.000647519 0.000634271 0.000623555 0.000610569
1.82 0 0 0 0 0.000317307 0.000320957 0.000325401 0.0003282 0.000591484 0.000591578 0.000592386 0.00059246 0.000700793 0.000687542 0.000676826 0.000663844
1.84 0 0 0 0 0.000275277 0.000278809 0.000283254 0.00028617 0.000554682 0.000554761 0.000555569 0.000555659 0.000703635 0.000690376 0.00067966 0.000666686
1.86 0 0 0 0 0.000183943 0.000187253 0.000191697 0.000194835 0.000446801 0.000446872 0.000447679 0.000447777 0.000638094 0.000624836 0.00061412 0.000601145
1.88 0 0 0 0 0.000103112 0.000106307 0.000110751 0.000114005 0.000308697 0.000308747 0.000309555 0.000309674 0.000497305 0.000484074 0.000473358 0.000460356
1.9 0 0 0 0 6.27242e-05 6.5978e-05 7.04223e-05 7.36165e-05 0.000174992 0.000175024 0.000175832 0.000175968 0.000293654 0.000280477 0.000269762 0.000256705
1.92 0 0 0 0 4.21824e-05 4.55356e-05 4.99798e-05 5.30745e-05 5.43768e-05 5.44393e-05 5.52469e-05 5.53532e-05 6.10563e-05 4.79398e-05 3.72241e-05 2.41074e-05
1.94 0 0 0 0 2.29224e-07 3.57067e-06 8.01493e-06 1.11215e-05 -6.85319e-05 -6.84059e-05 -6.75983e-05 -6.75555e-05 -0.000155446 -0.000168518 -0.000179234 -0.000192394
1.96 0 0 0 0 -9.03485e-05 -8.71732e-05 -8.2729e-05 -7.94564e-05 -0.000219339 -0.00021918 -0.000218372 -0.000218363 -0.000332251 -0.000345297 -0.000356012 -0.000369199
1.98 0 0 0 0 -0.000207865 -0.000204902 -0.000200458 -0.000196972 -0.000390226 -0.00039011 -0.000389302 -0.00038925 -0.00046834 -0.000481365 -0.000492081 -0.000505289
2 0 0 0 0 -0.000293416 -0.000290557 -0.000286113 -0.000282523 -0.000526997 -0.000526962 -0.000526155 -0.000526021 -0.000569398 -0.000582398 -0.000593113 -0.000606347
2.02 0 0 0 0 -0.000316458 -0.000313589 -0.000309144 -0.000305565 -0.000587614 -0.000587595 -0.000586787 -0.000586637 -0.000649728 -0.000662705 -0.000673421 -0.000686676
2.04 0 0 0 0 -0.00028295 -0.000280007 -0.000275562 -0.000272057 -0.000567343 -0.00056725 -0.000566443 -0.000566366 -0.000699906 -0.000712875 -0.00072359 -0.000736855
2.06 0 0 0 0 -0.00022192 -0.000218863 -0.000214419 -0.000211027 -0.00049495 -0.000494788 -0.000493981 -0.000493973 -0.000685988 -0.000698958 -0.000709674 -0.000722936
2.08 0 0 0 0 -0.000189061 -0.000185969 -0.000181525 -0.000178168 -0.000429989 -0.000429823 -0.000429016 -0.000429012 -0.000608209 -0.000621196 -0.000631912 -0.000645158
2.1 0 0 0 0 -0.000205211 -0.000202219 -0.000197774 -0.000194318 -0.000400269 -0.000400151 -0.000399343 -0.000399293 -0.000495074 -0.00050809 -0.000518806 -0.000532023
2.12 0 0 0 0 -0.000224139 -0.000221249 -0.000216804 -0.000213246 -0.00037132 -0.000371263 -0.000370455 -0.000370343 -0.000372109 -0.000385156 -0.000395871 -0.000409058
2.14 0 0 0 0 -0.000186605 -0.000183667 -0.000179223 -0.000175713 -0.000291394 -0.000291369 -0.000290561 -0.000290417 -0.000253383 -0.000266451 -0.000277167 -0.000290332
2.16 0 0 0 0 -6.0989e-05 -5.77865e-05 -5.33423e-05 -5.00967e-05 -0.000119278 -0.000119245 -0.000118438 -0.000118301 -0.000111215 -0.000124298 -0.000135014 -0.000148164
2.18 0 0 0 0 0.000128689 0.00013227 0.000136715 0.000139582 0.00014853 0.00014859 0.000149398 0.000149506 0.000111116 9.80049e-05 8.72891e-05 7.4167e-05
2.2 0 0 0 0 0.000296142 0.000299938 0.000304382 0.000307034 0.000447691 0.000447798 0.000448605 0.000448667 0.000429054 0.000415877 0.000405162 0.000392105
2.22 0 0 0 0 0.000354803 0.000358454 0.000362898 0.000365696 0.000671261 0.000671413 0.000672221 0.000672237 0.000776119 0.000762844 0.000752128 0.000739171
2.24 0 0 0 0 0.000308237 0.000311541 0.000315985 0.000319129 0.000755515 0.000755647 0.000756455 0.000756492 0.00104392 0.00103056 0.00101984 0.00100697
2.26 0 0 0 0 0.000245637 0.000248768 0.000253212 0.000256527 0.000726604 0.00072662 0.000727425 0.000727569 0.00114348 0.00113009 0.00111937 0.00110653
2.28 0 0 0 0 0.000233797 0.000237059 0.000241502 0.000244686 0.000646382 0.000646315 0.000647118 0.000647341 0.00103353 0.00102018 0.00100946 0.000996573
2.3 0 0 0 0 0.000259646 0.000263159 0.000267603 0.000270538 0.000547491 0.000547492 0.000548298 0.000548456 0.000749573 0.000736304 0.000725587 0.000712617
2.32 0 0 0 0 0.000240197 0.000243805 0.000248249 0.000251087 0.000390343 0.000390504 0.000391307 0.0003913 0.000374018 0.000360826 0.000350108 0.000337058
2.34 0 0 0 0 8.30855e-05 8.6451e-05 9.08946e-05 9.39757e-05 8.80446e-05 8.83094e-05 8.91126e-05 8.90051e-05 -3.90917e-05 -5.22125e-05 -6.29301e-05 -7.60495e-05
2.36 0 0 0 0 -0.000201392 -0.000198481 -0.000194037 -0.000190502 -0.00036741 -0.000367225 -0.00036642 -0.000366448 -0.000467903 -0.000480947 -0.000491664 -0.000504861
2.38 0 0 0 0 -0.000499063 -0.000496538 -0.000492094 -0.000488176 -0.000863606 -0.000863604 -0.000862803 -0.00086265 -0.000911227 -0.000924174 -0.000934892 -0.000948187
2.4 0 0 0 0 -0.000689124 -0.000686759 -0.000682324 -0.000678283 -0.00124989 -0.00124996 -0.00124916 -0.00124893 -0.0013599 -0.00137274 -0.00138346 -0.00139686
2.42 0 0 0 0 -0.000708563 -0.000706057 -0.000701637 -0.000697774 -0.00142095 -0.00142094 -0.00142014 -0.00142003 -0.00173333 -0.00174609 -0.00175681 -0.00177031
2.44 0 0 0 0 -0.000618805 -0.000616011 -0.000611589 -0.000608013 -0.00140382 -0.00140366 -0.00140288 -0.00140295 -0.00193096 -0.00194367 -0.00195439 -0.00196796
2.46 0 0 0 0 -0.000574324 -0.000571491 -0.00056707 -0.000563536 -0.00134258 -0.00134232 -0.00134154 -0.00134172 -0.00192842 -0.00194114 -0.00195187 -0.00196543
2.48 0 0 0 0 -0.000642503 -0.000639975 -0.000635555 -0.000631715 -0.00133059 -0.00133037 -0.00132959 -0.00132972 -0.0017638 -0.00177658 -0.00178731 -0.00180081
2.5 0 0 0 0 -0.000724148 -0.000721921 -0.000717497 -0.000713351 -0.00131159 -0.00131155 -0.00131077 -0.00131073 -0.00149616 -0.001509 -0.00151973 -0.00153316
2.52 0 0 0 0 -0.000677167 -0.000674903 -0.000670483 -0.000666378 -0.00116278 -0.00116289 -0.00116211 -0.00116192 -0.00119199 -0.00120489 -0.00121562 -0.001229
2.54 0 0 0 0 -0.000451899 -0.000449232 -0.00044481 -0.000441107 -0.000820614 -0.000820687 -0.000819909 -0.000819757 -0.000879725 -0.000892669 -0.000903398 -0.000916732
2.56 0 0 0 0 -0.000113699 -0.000110452 -0.000106031 -0.000102909 -0.000328507 -0.000328408 -0.000327631 -0.000327653 -0.000510647 -0.000523655 -0.000534386 -0.000547656
2.58 0 0 0 0 0.000201834 0.000205552 0.000209971 0.000212621 0.00018858 0.000188788 0.000189565 0.000189436 -1.91291e-05 -3.22305e-05 -4.29595e-05 -5.6134e-05
2.6 0 0 0 0 0.000386653 0.0003905 0.000394923 0.000397447 0.000617037 0.000617183 0.00061796 0.000617892 0.000592771 0.000579539 0.000568808 0.000555762
2.62 0 0 0 0 0.000460767 0.000464456 0.000468875 0.000471549 0.000951957 0.000951933 0.00095271 0.000952812 0.00125074 0.00123736 0.00122663 0.00121373
2.64 0 0 0 0 0.000531499 0.000535018 0.000539426 0.000542235 0.00125891 0.00125875 0.00125951 0.00125973 0.00183253 0.001819 0.00180826 0.0017955
2.66 0 0 0 0 0.000654269 0.000657792 0.000662185 0.000664944 0.00154445 0.00154431 0.00154506 0.00154521 0.0021996 0.00218597 0.00217522 0.00216255
2.68 0 0 0 0 0.000786337 0.000790044 0.000794432 0.000796983 0.00172374 0.00172376 0.00172452 0.00172452 0.00227427 0.00226062 0.00224988 0.00223723
2.7 0 0 0 0 0.000823229 0.000827129 0.000831518 0.000833878 0.00167673 0.00167685 0.00167761 0.0016775 0.00206192 0.00204832 0.00203758 0.00202488
2.72 0 0 0 0 0.000659351 0.000663146 0.000667533 0.000669999 0.00131475 0.00131485 0.00131561 0.00131551 0.00158861 0.00157512 0.00156437 0.00155156
2.74 0 0 0 0 0.000301845 0.000305174 0.000309561 0.000312487 0.000673494 0.00067352 0.000674279 0.000674269 0.00089674 0.000883391 0.000872652 0.000859698
2.76 0 0 0 0 -9.96892e-05 -9.68308e-05 -9.24424e-05 -8.90415e-05 -6.96192e-05 -6.96984e-05 -6.89446e-05 -6.8856e-05 7.54603e-05 6.22823e-05 5.15401e-05 3.84119e-05
2.78 0 0 0 0 -0.000390682 -0.000387995 -0.000383607 -0.000380035 -0.000716014 -0.000716137 -0.000715381 -0.000715244 -0.000759933 -0.000772918 -0.000783658 -0.000796978
2.8 0 0 0 0 -0.000534963 -0.000532192 -0.000527803 -0.000524314 -0.00116347 -0.00116352 -0.00116276 -0.0011627 -0.00148805 -0.00150087 -0.00151161 -0.0015251
2.82 0 0 0 0 -0.000605319 -0.000602491 -0.000598101 -0.000594671 -0.00142823 -0.00142813 -0.00142737 -0.00142746 -0.00199654 -0.00200924 -0.00201998 -0.00203358
2.84 0 0 0 0 -0.000681376 -0.000678689 -0.000674307 -0.000670754 -0.0015744 -0.00157422 -0.00157347 -0.00157364 -0.00221148 -0.00222415 -0.00223489 -0.00224853
2.86 0 0 0 0 -0.000767673 -0.000765244 -0.000760867 -0.000757067 -0.00162558 -0.00162548 -0.00162473 -0.00162484 -0.00213136 -0.00214406 -0.0021548 -0.00216841
2.88 0 0 0 0 -0.000799889 -0.000797663 -0.000793283 -0.000789277 -0.00154436 -0.00154441 -0.00154366 -0.0015436 -0.00183287 -0.00184564 -0.00185639 -0.00186992
2.9 0 0 0 0 -0.000704493 -0.000702261 -0.000697882 -0.000693884 -0.00128163 -0.00128174 -0.00128099 -0.00128089 -0.00141921 -0.00143207 -0.00144282 -0.00145626
2.92 0 0 0 0 -0.000488215 -0.000485768 -0.00048139 -0.000477609 -0.000874224 -0.000874229 -0.00087348 -0.000873482 -0.000985611 -0.000998575 -0.00100932 -0.00102266
2.94 0 0 0 0 -0.000233288 -0.000230518 -0.00022614 -0.000222679 -0.0004404 -0.000440263 -0.000439511 -0.000439654 -0.000579991 -0.000593043 -0.000603786 -0.000617044
2.96 0 0 0 0 -1.12117e-05 -8.0808e-06 -3.70306e-06 -6.06572e-07 -6.95184e-05 -6.93866e-05 -6.86394e-05 -6.87803e-05 -0.000181348 -0.000194469 -0.000205214 -0.000218405
2.98 0 0 0 0 0.000127844 0.0001312 0.000135579 0.000138451 0.00020468 0.000204687 0.000205438 0.000205425 0.000215043 0.000201858 0.000191115 0.00017799
3 0 0 0 0 0.000172263 0.000175543 0.000179921 0.000182871 0.000387474 0.000387409 0.000388158 0.000388215 0.000557545 0.00054428 0.000533536 0.000520489
3.02 0 0 0 0 0.000173726 0.000176791 0.000181168 0.000184332 0.000503885 0.000503853 0.000504602 0.000504627 0.000784205 0.000770867 0.000760123 0.000747151
3.04 0 0 0 0 0.000200693 0.000203742 0.000208121 0.000211302 0.000572162 0.000572166 0.000572916 0.000572907 0.000865289 0.000851927 0.000841183 0.000828235
3.06 0 0 0 0 0.000278034 0.000281388 0.000285766 0.000288642 0.000609753 0.000609717 0.000610466 0.000610493 0.000828593 0.000815265 0.000804521 0.000791538
3.08 0 0 0 0 0.000366663 0.000370395 0.000374774 0.000377272 0.000634802 0.00063473 0.000635481 0.000635547 0.000746127 0.000732852 0.000722109 0.000709073
3.1 0 0 0 0 0.000398035 0.000401867 0.000406246 0.000408645 0.000643177 0.000643153 0.000643902 0.000643919 0.000686143 0.000672884 0.00066214 0.000649088
3.12 0 0 0 0 0.000329177 0.000332734 0.000337112 0.000339786 0.000594647 0.000594713 0.000595462 0.000595388 0.00066017 0.000646887 0.000636143 0.000623115
3.14 0 0 0 0 0.000204766 0.000207964 0.000212343 0.000215375 0.000480556 0.000480606 0.000481356 0.0004813 0.000643494 0.000630191 0.000619447 0.000606439
3.16 0 0 0 0 0.0001299 0.000133034 0.000137412 0.000140508 0.000371465 0.00037136 0.000372109 0.000372205 0.000616332 0.000603047 0.000592303 0.000579277
3.18 0 0 0 0 0.00012989 0.000133164 0.000137542 0.000140498 0.000316841 0.000316661 0.000317411 0.000317584 0.000536542 0.000523295 0.000512551 0.000499488
3.2 0 0 0 0 0.000124575 0.000127827 0.000132205 0.000135184 0.000263696 0.000263681 0.000264431 0.000264438 0.000355242 0.000342017 0.000331273 0.000318186
3.22 0 0 0 0 3.60344e-05 3.90406e-05 4.3419e-05 4.66422e-05 0.000103486 0.000103691 0.00010444 0.000104228 6.63764e-05 5.31794e-05 4.24358e-05 2.93219e-05
3.24 0 0 0 0 -0.000153793 -0.000151056 -0.000146677 -0.000143184 -0.000234991 -0.00023479 -0.00023404 -0.000234248 -0.000316031 -0.000329156 -0.0003399 -0.000353085
3.26 0 0 0 0 -0.00040105 -0.000398498 -0.00039412 -0.000390441 -0.000705978 -0.000705987 -0.000705238 -0.000705237 -0.000780314 -0.00079332 -0.000804063 -0.000817369
3.28 0 0 0 0 -0.000621543 -0.00061912 -0.000614741 -0.000610931 -0.00116183 -0.00116198 -0.00116123 -0.00116109 -0.00129151 -0.00130438 -0.00131513 -0.00132856
3.3 0 0 0 0 -0.000736947 -0.000734574 -0.000730194 -0.000726334 -0.0014613 -0.00146137 -0.00146062 -0.00146056 -0.00176084 -0.00177362 -0.00178436 -0.00179789
3.32 0 0 0 0 -0.000720851 -0.000718342 -0.000713963 -0.000710241 -0.00155078 -0.00155069 -0.00154993 -0.00155003 -0.00205338 -0.00206609 -0.00207684 -0.00209043
3.34 0 0 0 0 -0.000624957 -0.000622184 -0.000617805 -0.000614347 -0.0014657 -0.00146556 -0.00146481 -0.00146495 -0.00206056 -0.00207326 -0.002084 -0.00209761
3.36 0 0 0 0 -0.000525851 -0.000522944 -0.000518565 -0.000515242 -0.00125882 -0.00125876 -0.00125801 -0.00125807 -0.00175798 -0.00177073 -0.00178148 -0.00179504
3.38 0 0 0 0 -0.000446244 -0.000443464 -0.000439085 -0.000435635 -0.000952617 -0.000952638 -0.000951888 -0.000951872 -0.00121477 -0.00122765 -0.00123839 -0.00125182
3.4 0 0 0 0 -0.000321554 -0.000318925 -0.000314546 -0.000310945 -0.000534435 -0.000534478 -0.000533729 -0.000533693 -0.000539396 -0.000552449 -0.000563193 -0.000576451
3.42 0 0 0 0 -2.53467e-05 -2.23844e-05 -1.80061e-05 -1.47395e-05 6.12478e-05 6.11497e-05 6.18989e-05 6.19897e-05 0.000229619 0.000216413 0.00020567 0.000192564
3.44 0 0 0 0 0.000452733 0.000456539 0.000460917 0.000463342 0.000845528 0.000845365 0.000846115 0.000846272 0.00108453 0.00107119 0.00106045 0.00104748
3.46 0 0 0 0 0.000918309 0.000922758 0.00092714 0.000928928 0.00166107 0.00166101 0.00166176 0.00166182 0.00194883 0.00193531 0.00192457 0.00191177
3.48 0 0 0 0 0.00118618 0.00119058 0.00119495 0.0011967 0.00229331 0.00229344 0.00229419 0.00229406 0.00272468 0.00271096 0.00270022 0.00268762
3.5 0 0 0 0 0.00123258 0.00123658 0.00124091 0.00124296 0.00260688 0.00260699 0.00260773 0.00260758 0.00330372 0.00328984 0.00327909 0.00326665
3.52 0 0 0 0 0.00114419 0.00114795 0.00115228 0.00115458 0.00259519 0.00259502 0.00259573 0.00259578 0.00354485 0.0035309 0.00352014 0.00350775
3.54 0 0 0 0 0.00103546 0.00103922 0.00104356 0.00104585 0.00237227 0.00237189 0.0023726 0.00237285 0.00335872 0.00334482 0.00333406 0.0033216
3.56 0 0 0 0 0.000958372 0.00096229 0.000966613 0.000968748 0.00205342 0.00205313 0.00205384 0.00205401 0.00278207 0.00276832 0.00275757 0.00274497
3.58 0 0 0 0 0.000827754 0.0008317 0.000836035 0.000838151 0.00160594 0.00160594 0.00160664 0.00160651 0.00192408 0.0019105 0.00189974 0.00188696
3.6 0 0 0 0 0.000491956 0.000495507 0.000499832 0.000502331 0.000884514 0.000884736 0.000885447 0.000885098 0.000881422 0.000868037 0.000857278 0.000844308
3.62 0 0 0 0 -5.74384e-05 -5.45691e-05 -5.02401e-05 -4.70549e-05 -0.000124973 -0.000124855 -0.000124146 -0.000124398 -0.000245651 -0.000258806 -0.000269564 -0.000282763
3.64 0 0 0 0 -0.000652686 -0.000650441 -0.000646107 -0.00064229 -0.00121507 -0.00121526 -0.00121455 -0.00121449 -0.00136404 -0.00137695 -0.00138771 -0.00140116
3.66 0 0 0 0 -0.00110872 -0.00110693 -0.00110262 -0.00109842 -0.00211679 -0.00211711 -0.0021164 -0.0021162 -0.0024096 -0.00242227 -0.00243303 -0.00244671
3.68 0 0 0 0 -0.00131017 -0.00130852 -0.00130424 -0.00130002 -0.0026451 -0.00264526 -0.00264456 -0.00264456 -0.00325869 -0.00327119 -0.00328195 -0.00329582
3.7 0 0 0 0 -0.00126269 -0.00126075 -0.00125649 -0.00125259 -0.00277145 -0.00277141 -0.00277074 -0.00277103 -0.00372113 -0.00373352 -0.0037443 -0.0037583
3.72 0 0 0 0 -0.00109937 -0.00109702 -0.00109275 -0.00108926 -0.00259718 -0.0025971 -0.00259644 -0.00259681 -0.00366122 -0.00367361 -0.00368439 -0.00369841
3.74 0 0 0 0 -0.000923809 -0.000921295 -0.000917034 -0.000913711 -0.00219142 -0.00219147 -0.00219081 -0.00219103 -0.00304455 -0.00305705 -0.00306783 -0.00308173
3.76 0 0 0 0 -0.000701085 -0.000698622 -0.000694358 -0.000690983 -0.00152437 -0.00152461 -0.00152395 -0.00152401 -0.00194382 -0.00195658 -0.00196735 -0.00198101
3.78 0 0 0 0 -0.000341548 -0.000339065 -0.000334801 -0.000331448 -0.00057896 -0.000579252 -0.000578599 -0.000578605 -0.000547931 -0.000561016 -0.000571796 -0.000585127
3.8 0 0 0 0 0.000184956 0.000187809 0.000192071 0.000195054 0.000560993 0.00056077 0.000561432 0.000561368 0.000911548 0.000898136 0.000887359 0.000874359
3.82 0 0 0 0 0.00077679 0.000780304 0.000784571 0.000786897 0.00169286 0.00169273 0.00169339 0.00169323 0.00222339 0.0022097 0.00219892 0.00218619
3.84 0 0 0 0 0.00124784 0.00125194 0.0012562 0.00125794 0.0025707 0.00257064 0.00257131 0.00257108 0.00322684 0.00321295 0.00320217 0.00318965
3.86 0 0 0 0 0.00147533 0.00147961 0.00148385 0.00148534 0.00304176 0.00304167 0.00304234 0.00304213 0.00383752 0.0038235 0.00381272 0.00380033
3.88 0 0 0 0 0.00144045 0.00144454 0.00144877 0.00145041 0.00306782 0.00306764 0.0030683 0.00306817 0.00399345 0.00397938 0.0039686 0.00395625
3.9 0 0 0 0 0.0011853 0.00118898 0.00119322 0.00119531 0.00267082 0.0026706 0.00267125 0.00267117 0.00361929 0.00360529 0.00359451 0.0035821
3.92 0 0 0 0 0.000800475 0.000803664 0.000807899 0.000810441 0.00192598 0.00192578 0.00192643 0.00192632 0.00270452 0.0026907 0.00267992 0.00266733
3.94 0 0 0 0 0.000377061 0.000380012 0.000384242 0.000387025 0.00094804 0.000947872 0.000948523 0.000948376 0.00136179 0.00134827 0.00133749 0.00132459
3.96 0 0 0 0 -6.48928e-05 -6.20426e-05 -5.77981e-05 -5.49047e-05 -0.000154634 -0.000154771 -0.000154121 -0.000154295 -0.000209594 -0.000222748 -0.000233529 -0.000246792
3.98 0 0 0 0 -0.00055109 -0.00054851 -0.000544279 -0.000541123 -0.00128597 -0.00128605 -0.0012854 -0.00128563 -0.00177718 -0.00178998 -0.00180076 -0.00181437
4 0 0 0 0 -0.00106304 -0.00106097 -0.00105673 -0.00105305 -0.00233352 -0.00233355 -0.0023329 -0.00233317 -0.00311961 -0.00313214 -0.00314292 -0.00315681
4.02 0 0 0 0 -0.00148986 -0.00148835 -0.00148413 -0.00147998 -0.00313874 -0.00313882 -0.00313817 -0.00313839 -0.00405419 -0.00406652 -0.0040773 -0.00409138
4.04 0 0 0 0 -0.00169733 -0.00169605 -0.00169187 -0.00168759 -0.00353308 -0.00353329 -0.00353264 -0.00353276 -0.00446955 -0.00448179 -0.00449257 -0.00450675
4.06 0 0 0 0 -0.00163659 -0.00163519 -0.001631 -0.00162685 -0.00343215 -0.00343239 -0.00343175 -0.00343184 -0.00434714 -0.0043594 -0.00437018 -0.00438435
4.08 0 0 0 0 -0.00134387 -0.00134218 -0.00133799 -0.00133412 -0.00286697 -0.0028671 -0.00286645 -0.00286665 -0.00371539 -0.00372779 -0.00373857 -0.00375259
4.1 0 0 0 0 -0.000899358 -0.000897297 -0.000893115 -0.000889642 -0.00196362 -0.00196365 -0.00196301 -0.00196332 -0.00263416 -0.0026468 -0.00265758 -0.00267136
4.12 0 0 0 0 -0.00039357 -0.000391066 -0.000386881 -0.000383834 -0.000884536 -0.000884595 -0.000883953 -0.000884232 -0.0012228 -0.00123575 -0.00124653 -0.00126001
4.14 0 0 0 0 0.000119857 0.000122789 0.000126975 0.000129583 0.000251973 0.000251775 0.000252416 0.000252276 0.000348356 0.000335084 0.000324299 0.000311149
4.16 0 0 0 0 0.000639006 0.000642372 0.000646559 0.000648747 0.00139066 0.00139035 0.00139099 0.00139096 0.00190125 0.00188765 0.00187687 0.00186404
4.18 0 0 0 0 0.00113589 0.00113967 0.00114386 0.00114564 0.00244368 0.0024434 0.00244405 0.002444 0.00324784 0.00323394 0.00322315 0.00321062
4.2 0 0 0 0 0.00151726 0.0015213 0.00152546 0.00152694 0.00323895 0.00323878 0.00323942 0.00323924 0.00420222 0.0041881 0.00417732 0.00416502
4.22 0 0 0 0 0.00173565 0.00173986 0.00174401 0.00174521 0.00365785 0.0036577 0.00365832 0.00365808 0.00468999 0.00467577 0.00466499 0.00465278
4.24 0 0 0 0 0.00177208 0.00177648 0.00178062 0.00178159 0.00367061 0.00367034 0.00367096 0.00367083 0.00470784 0.00469364 0.00468285 0.00467062
4.26 0 0 0 0 0.0015707 0.00157495 0.0015791 0.00158027 0.00326371 0.00326339 0.00326401 0.00326394 0.00422438 0.0042103 0.00419951 0.00418717
4.28 0 0 0 0 0.0011617 0.00116536 0.0011695 0.00117122 0.00249487 0.00249462 0.00249524 0.00249507 0.00327416 0.00326025 0.00324946 0.00323695
4.3 0 0 0 0 0.000662484 0.00066561 0.000669743 0.000671996 0.00148377 0.00148359 0.0014842 0.00148398 0.00198208 0.00196843 0.00195764 0.00194486
4.32 0 0 0 0 0.000148145 0.000150937 0.000155086 0.00015768 0.000344404 0.000344177 0.000344796 0.000344613 0.00049028 0.000476966 0.000466176 0.000453063
4.34 0 0 0 0 -0.000338905 -0.000336348 -0.000332218 -0.000329399 -0.000779648 -0.000779915 -0.000779302 -0.000779445 -0.00101485 -0.00102781 -0.0010386 -0.00105206
4.36 0 0 0 0 -0.000789096 -0.000786878 -0.000782731 -0.000779561 -0.00176868 -0.00176888 -0.00176825 -0.00176845 -0.0023492 -0.00236189 -0.00237268 -0.00238643
4.38 0 0 0 0 -0.00121729 -0.00121568 -0.00121154 -0.00120777 -0.00258923 -0.00258929 -0.00258866 -0.00258901 -0.00340439 -0.00341688 -0.00342767 -0.0034416
4.4 0 0 0 0 -0.00155321 -0.00155211 -0.00154797 -0.00154369 -0.00318482 -0.00318486 -0.00318424 -0.0031846 -0.00408802 -0.00410038 -0.00411117 -0.00412523
4.42 0 0 0 0 -0.00170276 -0.00170175 -0.00169761 -0.00169322 -0.00346625 -0.00346642 -0.0034658 -0.00346601 -0.0043525 -0.00436479 -0.00437558 -0.00438972
4.44 0 0 0 0 -0.00165977 -0.00165865 -0.00165452 -0.00165024 -0.00339427 -0.00339454 -0.00339392 -0.00339405 -0.00423652 -0.00424882 -0.00425961 -0.00427373
4.46 0 0 0 0 -0.00144015 -0.00143883 -0.00143469 -0.00143062 -0.00296754 -0.00296771 -0.00296709 -0.00296732 -0.00376308 -0.00377549 -0.00378628 -0.0038003
4.48 0 0 0 0 -0.00104675 -0.00104501 -0.00104087 -0.00103723 -0.00221687 -0.00221695 -0.00221633 -0.00221665 -0.00290719 -0.00291978 -0.00293058 -0.00294441
4.5 0 0 0 0 -0.000521702 -0.00051929 -0.000515151 -0.000512189 -0.0012146 -0.00121474 -0.00121413 -0.00121439 -0.00167488 -0.00168771 -0.0016985 -0.0017121
4.52 0 0 0 0 8.89593e-05 9.21311e-05 9.62716e-05 9.84829e-05 -6.26791e-06 -6.56762e-06 -5.94919e-06 -6.05686e-06 -0.000110426 -0.000123559 -0.000134348 -0.000147642
4.54 0 0 0 0 0.000778841 0.000782737 0.000786876 0.000788361 0.00140596 0.00140555 0.00140617 0.00140617 0.00172347 0.00170997 0.00169917 0.00168625
4.56 0 0 0 0 0.00149578 0.00150027 0.00150442 0.00150531 0.00292707 0.0029267 0.00292732 0.00292729 0.00367051 0.00365658 0.00364579 0.00363329
4.58 0 0 0 0 0.00211728 0.00212201 0.00212611 0.00212661 0.00431902 0.00431875 0.00431935 0.00431917 0.00546605 0.00545169 0.0054409 0.00542882
4.6 0 0 0 0 0.00251709 0.00252165 0.00252566 0.00252592 0.00529654 0.00529621 0.00529674 0.00529639 0.00680095 0.00678623 0.00677542 0.00676364
4.62 0 0 0 0 0.00261059 0.00261492 0.00261887 0.00261921 0.00563811 0.00563763 0.0056381 0.00563773 0.00738195 0.00736705 0.00735621 0.00734456
4.64 0 0 0 0 0.00238869 0.00239273 0.00239671 0.00239737 0.00526627 0.00526573 0.00526621 0.00526592 0.0070199 0.00700508 0.00699425 0.00698253
4.66 0 0 0 0 0.00190127 0.00190486 0.00190881 0.00190988 0.00423712 0.00423657 0.00423705 0.00423675 0.00569528 0.00568074 0.00566991 0.00565791
4.68 0 0 0 0 0.00122149 0.00122463 0.00122857 0.00123009 0.00269408 0.00269359 0.00269405 0.00269366 0.00358465 0.00357057 0.00355973 0.00354725
4.7 0 0 0 0 0.000406877 0.000409538 0.000413491 0.00041549 0.000819329 0.000818925 0.000819399 0.00081894 0.00100914 0.000995629 0.000984795 0.000971748
4.72 0 0 0 0 -0.000495856 -0.000493807 -0.000489858 -0.000487228 -0.00118149 -0.00118186 -0.0011814 -0.00118189 -0.00165724 -0.00167016 -0.001681 -0.00169464
4.74 0 0 0 0 -0.00139068 -0.00138941 -0.00138546 -0.00138203 -0.00305705 -0.00305743 -0.00305695 -0.00305741 -0.00404958 -0.00406199 -0.00407283 -0.00408698
4.76 0 0 0 0 -0.00215788 -0.00215755 -0.00215369 -0.0021496 -0.00457322 -0.00457371 -0.00457328 -0.0045738 -0.00590652 -0.00591854 -0.00592939 -0.00594394
4.78 0 0 0 0 -0.00269066 -0.0026912 -0.00268744 -0.00268291 -0.00556955 -0.00557011 -0.00556978 -0.00557046 -0.00709587 -0.00710768 -0.00711855 -0.00713337
4.8 0 0 0 0 -0.00290143 -0.00290235 -0.00289861 -0.00289386 -0.00595377 -0.00595431 -0.00595397 -0.00595469 -0.00755754 -0.00756927 -0.00758015 -0.00759506
4.82 0 0 0 0 -0.00277691 -0.00277767 -0.00277394 -0.00276935 -0.00572359 -0.00572412 -0.0057238 -0.00572455 -0.00729487 -0.00730666 -0.00731753 -0.00733238
4.84 0 0 0 0 -0.00238181 -0.00238212 -0.00237839 -0.00237426 -0.00495579 -0.00495632 -0.004956 -0.00495676 -0.00636492 -0.00637689 -0.00638776 -0.00640242
4.86 0 0 0 0 -0.00179987 -0.00179962 -0.0017959 -0.00179235 -0.00376292 -0.00376345 -0.00376312 -0.00376388 -0.00486028 -0.00487258 -0.00488346 -0.00489781
4.88 0 0 0 0 -0.00110233 -0.0011015 -0.00109779 -0.00109484 -0.00227769 -0.00227827 -0.00227796 -0.00227871 -0.00292579 -0.0029385 -0.00294937 -0.00296331
4.9 0 0 0 0 -0.000345495 -0.000344035 -0.000340322 -0.000338014 -0.000644765 -0.000645395 -0.000645073 -0.000645753 -0.00076603 -0.000779204 -0.000790077 -0.000803548
4.92 0 0 0 0 0.000420704 0.000422843 0.000426558 0.000428232 0.000989792 0.000989099 0.000989415 0.000988802 0.00138222 0.00136859 0.0013577 0.00134468
4.94 0 0 0 0 0.00114117 0.00114399 0.00114771 0.00114873 0.00248302 0.0024823 0.00248262 0.00248204 0.00329629 0.00328226 0.00327138 0.00325877
4.96 0 0 0 0 0.00175422 0.00175771 0.0017614 0.0017617 0.00370468 0.00370396 0.00370429 0.0037037 0.00481057 0.00479623 0.00478536 0.00477307
4.98 0 0 0 0 0.00218946 0.00219347 0.00219717 0.00219699 0.00454204 0.00454132 0.00454164 0.00454106 0.00582122 0.00580667 0.00579579 0.0057837
5 0 0 0 0 0.00237888 0.0023831 0.00238682 0.00238642 0.00490774 0.00490703 0.00490737 0.00490679 0.00626475 0.00625011 0.00623923 0.00622723
5.02 0 0 0 0 0.00231814 0.0023223 0.002326 0.00232566 0.00479356 0.00479282 0.00479314 0.00479259 0.00614037 0.00612576 0.00611489 0.00610286
5.04 0 0 0 0 0.00207315 0.00207711 0.00208083 0.00208069 0.00428312 0.00428234 0.00428266 0.00428215 0.00551552 0.00550105 0.00549017 0.005478
5.06 0 0 0 0 0.00169462 0.00169829 0.00170199 0.00170213 0.00347297 0.00347216 0.00347248 0.003472 0.00447184 0.0044576 0.00444673 0.00443433
5.08 0 0 0 0 0.00121395 0.00121716 0.00122086 0.00122145 0.00245081 0.00245006 0.00245037 0.00244981 0.00311879 0.00310483 0.00309396 0.00308128
5.1 0 0 0 0 0.000688335 0.000691075 0.000694783 0.00069583 0.00132642 0.00132574 0.00132606 0.00132544 0.00162822 0.00161457 0.00160369 0.00159069
5.12 0 0 0 0 0.000145595 0.000147843 0.000151543 0.000153082 0.000183834 0.000183169 0.000183485 0.000182841 0.000150731 0.000137398 0.000126521 0.000113205
5.14 0 0 0 0 -0.000449816 -0.000448267 -0.000444556 -0.000442293 -0.00096678 -0.000967385 -0.000967069 -0.000967768 -0.00126852 -0.00128158 -0.00129246 -0.00130605
5.16 0 0 0 0 -0.00108371 -0.00108306 -0.00107935 -0.00107618 -0.00211006 -0.00211057 -0.00211025 -0.00211102 -0.00262131 -0.00263412 -0.002645 -0.00265884
5.18 0 0 0 0 -0.00161293 -0.00161295 -0.00160926 -0.00160544 -0.00312131 -0.00312186 -0.00312153 -0.00312228 -0.00382356 -0.00383613 -0.003847 -0.00386109
5.2 0 0 0 0 -0.00188543 -0.00188543 -0.00188172 -0.00187793 -0.00380464 -0.00380533 -0.00380501 -0.00380562 -0.0047222 -0.00473453 -0.0047454 -0.00475971
5.22 0 0 0 0 -0.00190565 -0.0019053 -0.00190159 -0.00189815 -0.00404847 -0.00404918 -0.00404886 -0.00404944 -0.00518923 -0.00520141 -0.00521229 -0.00522674
5.24 0 0 0 0 -0.0018109 -0.00181049 -0.00180678 -0.00180341 -0.00391282 -0.00391332 -0.003913 -0.00391379 -0.00517364 -0.00518585 -0.00519672 -0.00521116
5.26 0 0 0 0 -0.00169735 -0.00169717 -0.00169346 -0.00168986 -0.00354406 -0.00354435 -0.00354404 -0.00354504 -0.00469089 -0.00470326 -0.00471413 -0.0047284
5.28 0 0 0 0 -0.00153639 -0.00153631 -0.0015326 -0.0015289 -0.00302941 -0.00302983 -0.00302951 -0.00303039 -0.00382558 -0.00383814 -0.00384902 -0.0038631
5.3 0 0 0 0 -0.001231 -0.00123055 -0.00122685 -0.00122351 -0.0023275 -0.00232827 -0.00232795 -0.00232849 -0.00271064 -0.00272341 -0.00273429 -0.00274816
5.32 0 0 0 0 -0.000705775 -0.000704587 -0.000700883 -0.000698295 -0.00133415 -0.0013351 -0.00133478 -0.00133515 -0.00144529 -0.00145828 -0.00146916 -0.00148281
5.34 0 0 0 0 1.01922e-05 1.23052e-05 1.6009e-05 1.76778e-05 -4.84543e-05 -4.92212e-05 -4.89034e-05 -4.94415e-05 -5.65053e-05 -6.97878e-05 -8.06666e-05 -9.40345e-05
5.36 0 0 0 0 0.000739662 0.00074255 0.000746259 0.000747167 0.00131434 0.00131386 0.00131417 0.00131336 0.00141699 0.00140338 0.0013925 0.00137946
5.38 0 0 0 0 0.00125506 0.0012583 0.00126201 0.00126257 0.00242995 0.00242955 0.00242987 0.00242897 0.0028378 0.00282387 0.00281299 0.00280027
5.4 0 0 0 0 0.00149217 0.0014954 0.0014991 0.00149966 0.00313494 0.00313432 0.00313465 0.00313397 0.00402088 0.00400669 0.00399582 0.00398336
5.42 0 0 0 0 0.00157774 0.00158088 0.00158458 0.00158523 0.00350216 0.00350122 0.00350154 0.00350119 0.004796 0.00478165 0.00477078 0.00475848
5.44 0 0 0 0 0.00161194 0.00161509 0.00161879 0.00161945 0.00361721 0.00361623 0.00361656 0.00361624 0.00499829 0.0049839 0.00497303 0.00496078
5.46 0 0 0 0 0.00157676 0.00157987 0.00158357 0.00158425 0.00344331 0.00344261 0.00344294 0.00344234 0.00455933 0.00454502 0.00453414 0.00452182
5.48 0 0 0 0 0.00141816 0.00142135 0.00142505 0.00142566 0.00291269 0.00291222 0.00291254 0.00291171 0.00360697 0.00359286 0.00358199 0.00356945
5.5 0 0 0 0 0.00107174 0.00107496 0.00107866 0.00107923 0.00201883 0.00201829 0.0020186 0.00201784 0.00235821 0.00234441 0.00233353 0.00232069
5.52 0 0 0 0 0.000504863 0.000507614 0.000511312 0.000512341 0.000857197 0.000856466 0.000856783 0.000856205 0.000979843 0.000966357 0.000955482 0.000942321
5.54 0 0 0 0 -0.000207333 -0.000205588 -0.000201885 -0.000199827 -0.000404811 -0.000405551 -0.000405233 -0.000405795 -0.000439721 -0.000452944 -0.000463822 -0.000477249
5.56 0 0 0 0 -0.000902267 -0.000901639 -0.000897934 -0.00089477 -0.00161804 -0.00161864 -0.00161832 -0.00161902 -0.00185867 -0.00187165 -0.00188252 -0.00189619
5.58 0 0 0 0 -0.00143385 -0.00143382 -0.00143012 -0.00142636 -0.00268623 -0.00268676 -0.00268644 -0.00268721 -0.0032237 -0.00323641 -0.00324728 -0.00326123
5.6 0 0 0 0 -0.00174673 -0.00174664 -0.00174294 -0.00173923 -0.00352134 -0.00352193 -0.00352161 -0.00352231 -0.00441181 -0.00442421 -0.00443509 -0.00444933
5.62 0 0 0 0 -0.00185819 -0.00185773 -0.00185403 -0.00185069 -0.0040064 -0.00400705 -0.00400673 -0.00400737 -0.00521256 -0.00522474 -0.00523561 -0.00525008
5.64 0 0 0 0 -0.00181721 -0.00181653 -0.00181281 -0.0018097 -0.00405417 -0.00405476 -0.00405445 -0.00405514 -0.00541355 -0.00542567 -0.00543654 -0.00545106
5.66 0 0 0 0 -0.00164734 -0.00164663 -0.00164293 -0.00163984 -0.00365023 -0.00365073 -0.00365041 -0.0036512 -0.00489985 -0.0049121 -0.00492297 -0.00493736
5.68 0 0 0 0 -0.00132382 -0.00132305 -0.00131935 -0.00131633 -0.00282979 -0.00283035 -0.00283004 -0.00283079 -0.00370786 -0.00372039 -0.00373126 -0.00374538
5.7 0 0 0 0 -0.000830109 -0.000829029 -0.000825324 -0.000822622 -0.00166662 -0.00166734 -0.00166702 -0.00166762 -0.00203676 -0.00204965 -0.00206053 -0.00207429
5.72 0 0 0 0 -0.000169935 -0.000168273 -0.000164572 -0.000162454 -0.000244503 -0.000245313 -0.000244998 -0.000245498 -0.000138633 -0.000151924 -0.000162801 -0.000176157
5.74 0 0 0 0 0.000615291 0.000617761 0.000621476 0.000622815 0.00132219 0.00132142 0.00132174 0.00132121 0.0017829 0.00176921 0.00175833 0.00174537
5.76 0 0 0 0 0.00139102 0.00139433 0.00139804 0.00139853 0.00282507 0.00282441 0.00282474 0.0028241 0.00355415 0.00354008 0.0035292 0.00351662
5.78 0 0 0 0 0.00199142 0.00199535 0.00199905 0.0019989 0.00402631 0.0040257 0.00402602 0.00402532 0.00502315 0.00500878 0.00499791 0.00498564
5.8 0 0 0 0 0.00234658 0.00235083 0.00235454 0.00235411 0.00480032 0.00479962 0.00479995 0.00479935 0.00608655 0.00607195 0.00606108 0.00604904
5.82 0 0 0 0 0.00250222 0.00250663 0.00251036 0.00250977 0.00517265 0.00517178 0.00517211 0.0051717 0.00668661 0.0066719 0.00666103 0.0066491
5.84 0 0 0 0 0.00252837 0.00253285 0.00253659 0.00253593 0.00522665 0.00522569 0.00522601 0.00522568 0.00679268 0.00677796 0.00676709 0.00675517
5.86 0 0 0 0 0.00243534 0.00243975 0.00244348 0.0024429 0.00498915 0.00498832 0.00498864 0.00498819 0.00640092 0.00638628 0.00637541 0.00636341
5.88 0 0 0 0 0.00218031 0.00218445 0.00218818 0.00218785 0.00441648 0.00441582 0.00441614 0.00441551 0.00555129 0.00553681 0.00552593 0.00551377
5.9 0 0 0 0 0.00172427 0.00172796 0.00173168 0.00173181 0.00347039 0.00346978 0.0034701 0.0034694 0.00431903 0.0043048 0.00429393 0.00428151
5.92 0 0 0 0 0.00108467 0.0010877 0.00109142 0.00109217 0.00220174 0.00220104 0.00220136 0.00220075 0.00279225 0.00277835 0.00276748 0.00275473
5.94 0 0 0 0 0.000358448 0.000360707 0.000364421 0.000365946 0.000772721 0.000771936 0.00077225 0.000771721 0.00108013 0.00106659 0.00105572 0.00104261
5.96 0 0 0 0 -0.000323215 -0.000321628 -0.000317914 -0.000315695 -0.000615031 -0.000615785 -0.000615467 -0.000616016 -0.000674367 -0.000687542 -0.00069842 -0.000711894
5.98 0 0 0 0 -0.000885734 -0.000884642 -0.000880932 -0.000878232 -0.00182859 -0.00182922 -0.0018289 -0.00182956 -0.00231588 -0.00232871 -0.00233959 -0.00235341
6 0 0 0 0 -0.00134952 -0.00134886 -0.00134516 -0.00134203 -0.00284356 -0.00284407 -0.00284374 -0.00284454 -0.0037154 -0.00372794 -0.00373882 -0.00375293
6.02 0 0 0 0 -0.00176649 -0.00176629 -0.00176258 -0.00175898 -0.00368209 -0.00368254 -0.00368221 -0.00368308 -0.00478976 -0.00480208 -0.00481295 -0.00482727
6.04 0 0 0 0 -0.00213773 -0.00213807 -0.00213436 -0.00213024 -0.00433502 -0.00433549 -0.00433517 -0.00433599 -0.00550836 -0.00552054 -0.00553142 -0.00554587
6.06 0 0 0 0 -0.00237853 -0.00237922 -0.00237551 -0.002371 -0.00472029 -0.00472084 -0.00472051 -0.00472124 -0.00586258 -0.00587471 -0.00588558 -0.0059001
6.08 0 0 0 0 -0.00234037 -0.00234089 -0.00233718 -0.00233283 -0.00467698 -0.00467764 -0.00467731 -0.00467795 -0.00578774 -0.00579986 -0.00581073 -0.00582525
6.1 0 0 0 0 -0.00195053 -0.00195032 -0.00194661 -0.00194302 -0.00408003 -0.00408074 -0.00408042 -0.00408099 -0.00518096 -0.00519316 -0.00520404 -0.00521848
6.12 0 0 0 0 -0.00133628 -0.00133522 -0.00133151 -0.00132878 -0.00300094 -0.00300154 -0.00300122 -0.00300191 -0.00402086 -0.00403329 -0.00404416 -0.00405838
6.14 0 0 0 0 -0.00070533 -0.00070382 -0.00070012 -0.000697849 -0.00167297 -0.00167341 -0.00167309 -0.00167396 -0.00240049 -0.00241329 -0.00242417 -0.00243801
6.16 0 0 0 0 -0.000160714 -0.000159057 -0.000155359 -0.000153225 -0.000328153 -0.000328587 -0.000328269 -0.000329142 -0.00051106 -0.000524304 -0.000535182 -0.000548585
6.18 0 0 0 0 0.00030917 0.000310967 0.000314678 0.00031669 0.000890692 0.000890029 0.000890344 0.000889707 0.00135282 0.00133917 0.00132829 0.00131529
6.2 0 0 0 0 0.00076743 0.000769549 0.00077325 0.000774919 0.00194691 0.00194603 0.00194635 0.00194594 0.00289106 0.00287709 0.00286622 0.00285354
6.22 0 0 0 0 0.00126419 0.001267 0.0012707 0.00127168 0.00285695 0.00285607 0.00285639 0.00285597 0.00395121 0.00393703 0.00392616 0.00391369
6.24 0 0 0 0 0.00173885 0.00174251 0.00174621 0.00174636 0.0035669 0.00356618 0.0035665 0.00356591 0.00454239 0.00452811 0.00451724 0.00450487
6.26 0 0 0 0 0.00200224 0.00200639 0.00201009 0.00200973 0.0039085 0.00390796 0.00390828 0.00390752 0.00472403 0.00470973 0.00469886 0.00468651
6.28 0 0 0 0 0.00189473 0.00189869 0.0019024 0.00190222 0.00373109 0.00373056 0.00373088 0.00373011 0.00452731 0.00451305 0.00450217 0.0044898
6.3 0 0 0 0 0.00145723 0.00146045 0.00146415 0.00146472 0.00306365 0.00306296 0.00306328 0.00306266 0.00395505 0.00394089 0.00393001 0.00391754
6.32 0 0 0 0 0.000883151 0.000885562 0.000889258 0.000890622 0.00209046 0.00208959 0.0020899 0.00208947 0.00298739 0.00297342 0.00296254 0.00294988
6.34 0 0 0 0 0.000319355 0.000321142 0.000324844 0.000326838 0.000971907 0.000971051 0.000971369 0.000970913 0.00159781 0.00158412 0.00157324 0.00156029
6.36 0 0 0 0 -0.000217549 -0.000216215 -0.000212512 -0.000210064 -0.000247865 -0.000248472 -0.000248156 -0.00024886 -0.000160399 -0.000173732 -0.000184608 -0.000197922
6.38 0 0 0 0 -0.000770544 -0.000769519 -0.000765815 -0.000763049 -0.00156846 -0.00156885 -0.00156853 -0.00156944 -0.00208813 -0.00210105 -0.00211193 -0.00212566
6.4 0 0 0 0 -0.00135595 -0.00135523 -0.00135153 -0.00134846 -0.00291628 -0.0029167 -0.00291637 -0.00291725 -0.00389756 -0.00391006 -0.00392094 -0.00393508
6.42 0 0 0 0 -0.00190763 -0.00190728 -0.00190358 -0.00190013 -0.00408571 -0.00408633 -0.00408601 -0.00408669 -0.00531013 -0.0053223 -0.00533317 -0.00534764
6.44 0 0 0 0 -0.0022499 -0.00224982 -0.0022461 -0.00224237 -0.00476585 -0.00476661 -0.00476629 -0.00476682 -0.00607856 -0.00609055 -0.00610142 -0.00611607
6.46 0 0 0 0 -0.00214713 -0.0021468 -0.00214309 -0.0021396 -0.00463171 -0.00463252 -0.0046322 -0.00463267 -0.00595043 -0.00596242 -0.0059733 -0.00598794
6.48 0 0 0 0 -0.0014851 -0.00148373 -0.00148002 -0.0014776 -0.0035079 -0.00350873 -0.00350841 -0.00350888 -0.00472426 -0.00473647 -0.00474734 -0.00476177
6.5 0 0 0 0 -0.000415566 -0.000412841 -0.000409139 -0.000408074 -0.00151055 -0.00151133 -0.00151102 -0.00151155 -0.00239383 -0.0024065 -0.00241738 -0.00243135
6.52 0 0 0 0 0.000788744 0.00079244 0.000796136 0.000796237 0.00103079 0.00103012 0.00103043 0.0010298 0.000825984 0.0008126 0.000801721 0.000788456
6.54 0 0 0 0 0.00197395 0.00197828 0.00198198 0.00198145 0.00377305 0.00377236 0.00377268 0.00377207 0.00456419 0.00454996 0.00453908 0.00452666
6.56 0 0 0 0 0.00308608 0.00309083 0.00309449 0.00309325 0.0064068 0.00640585 0.00640615 0.00640572 0.00828514 0.00827008 0.0082592 0.00824761
6.58 0 0 0 0 0.00400477 0.00400926 0.00401261 0.00401039 0.0085709 0.00856942 0.0085695 0.00856883 0.0113061 0.0112902 0.0112792 0.0112683
6.6 0 0 0 0 0.00452352 0.00452778 0.00453074 0.00452837 0.009835 0.00983333 0.00983315 0.00983195 0.0129733 0.0129569 0.0129459 0.0129353
6.62 0 0 0 0 0.0044683 0.00447238 0.00447547 0.00447367 0.00981363 0.00981235 0.00981224 0.00981081 0.012876 0.0128596 0.0128486 0.012838
6.64 0 0 0 0 0.00378357 0.00378689 0.00378993 0.0037885 0.00834279 0.00834151 0.00834139 0.00833987 0.0109406 0.0109247 0.0109137 0.0109026
6.66 0 0 0 0 0.00253502 0.00253754 0.0025405 0.0025398 0.00558863 0.00558708 0.00558686 0.00558551 0.00740493 0.00738974 0.00737871 0.00736686
6.68 0 0 0 0 0.000883344 0.000884586 0.00088767 0.000887979 0.00198899 0.00198737 0.00198723 0.00198601 0.00274356 0.00272941 0.0027184 0.00270552
6.7 0 0 0 0 -0.000964149 -0.000964559 -0.000961617 -0.000959859 -0.00194759 -0.00194906 -0.00194926 -0.00195065 -0.0024345 -0.00244756 -0.00245858 -0.00247256
6.72 0 0 0 0 -0.00280712 -0.0028093 -0.00280616 -0.00280243 -0.00580458 -0.0058057 -0.00580587 -0.0058075 -0.0075073 -0.00751929 -0.0075303 -0.00754532
6.74 0 0 0 0 -0.00445448 -0.00445875 -0.00445606 -0.00445151 -0.009232 -0.00923345 -0.00923387 -0.0092361 -0.0119152 -0.0119263 -0.0119374 -0.0119535
6.76 0 0 0 0 -0.00572678 -0.00573058 -0.00572858 -0.0057229 -0.0118673 -0.0118695 -0.0118703 -0.0118728 -0.0151977 -0.0152082 -0.0152194 -0.0152364
6.78 0 0 0 0 -0.00644481 -0.00644568 -0.00644328 -0.00643571 -0.0133344 -0.0133365 -0.0133372 -0.0133392 -0.0169883 -0.0169984 -0.0170096 -0.0170271
6.8 0 0 0 0 -0.00641869 -0.00641951 -0.00641721 -0.00640998 -0.0133174 -0.0133195 -0.0133202 -0.0133222 -0.0169966 -0.0170067 -0.0170179 -0.0170354
6.82 0 0 0 0 -0.00556827 -0.00556912 -0.00556709 -0.00556116 -0.0117035 -0.0117057 -0.0117066 -0.0117088 -0.0150815 -0.015092 -0.0151032 -0.0151203
6.84 0 0 0 0 -0.00401473 -0.00401456 -0.00401219 -0.00400841 -0.00865589 -0.00865812 -0.00865891 -0.00866118 -0.0113381 -0.0113494 -0.0113606 -0.011377
6.86 0 0 0 0 -0.00202267 -0.00202284 -0.00202096 -0.00202009 -0.00456036 -0.0045629 -0.00456392 -0.00456655 -0.00612621 -0.0061386 -0.00614983 -0.00616505
6.88 0 0 0 0 0.000124866 0.000125 0.000126931 0.000125677 7.58924e-05 7.32795e-05 7.22112e-05 6.94399e-05 -4.5163e-05 -5.89122e-05 -7.01676e-05 -8.40616e-05
6.9 0 0 0 0 0.00224751 0.00224802 0.00224984 0.00224646 0.00475215 0.00474943 0.00474842 0.00474574 0.00618054 0.00616541 0.00615413 0.0061416
6.92 0 0 0 0 0.00422666 0.0042289 0.00423039 0.00422516 0.00901974 0.00901674 0.00901565 0.00901313 0.0118189 0.0118026 0.0117915 0.0117802
6.94 0 0 0 0 0.00587601 0.00588091 0.00588262 0.00587872 0.0124294 0.0124264 0.0124253 0.0124228 0.0161871 0.0161697 0.0161584 0.016148
6.96 0 0 0 0 0.00693815 0.00694555 0.00694707 0.00694804 0.0145321 0.01453 0.0145289 0.0145266 0.0187297 0.0187115 0.0187002 0.0186903
6.98 0 0 0 0 0.0072178 0.0072266 0.00722869 0.00723154 0.0150005 0.0149991 0.0149983 0.0149961 0.0191563 0.0191381 0.0191269 0.0191173
7 0 0 0 0 0.0066665 0.00667416 0.00667584 0.00667736 0.0137577 0.0137558 0.0137548 0.0137522 0.0175 0.0174822 0.0174709 0.0174608
7.02 0 0 0 0 0.00534904 0.00535505 0.00535663 0.00535771 0.010991 0.0109887 0.0109876 0.0109851 0.0140195 0.0140024 0.013991 0.01398
7.04 0 0 0 0 0.00344676 0.00344999 0.0034517 0.00345174 0.00709984 0.00709693 0.00709572 0.00709305 0.00912608 0.00911011 0.0090988 0.00908682
7.06 0 0 0 0 0.00122674 0.00122632 0.00122743 0.00122677 0.00257579 0.00257232 0.0025706 0.00256738 0.00335649 0.00334173 0.00333033 0.00331705
7.08 0 0 0 0 -0.00104577 -0.00104749 -0.00104601 -0.00104645 -0.00211507 -0.00211834 -0.00211984 -0.00212327 -0.00268848 -0.00270199 -0.00271348 -0.00272809
7.1 0 0 0 0 -0.00309779 -0.00310045 -0.00309954 -0.0030985 -0.006479 -0.00648233 -0.0064839 -0.00648733 -0.00833807 -0.00835026 -0.00836158 -0.00837734
7.12 0 0 0 0 -0.004671 -0.00467363 -0.00467265 -0.00466962 -0.00995607 -0.00995954 -0.00996104 -0.00996408 -0.0128772 -0.0128884 -0.0128997 -0.0129165
7.14 0 0 0 0 -0.00562623 -0.00562798 -0.00562664 -0.00562292 -0.0120941 -0.0120973 -0.0120986 -0.0121014 -0.0157265 -0.0157371 -0.0157485 -0.015766
7.16 0 0 0 0 -0.00597257 -0.00597526 -0.00597437 -0.00596991 -0.0127414 -0.0127445 -0.012746 -0.0127491 -0.0166089 -0.0166193 -0.0166306 -0.0166483
7.18 0 0 0 0 -0.00575919 -0.00576217 -0.00576095 -0.00575621 -0.0120173 -0.0120201 -0.0120215 -0.0120249 -0.0155647 -0.0155754 -0.0155867 -0.0156041
7.2 0 0 0 0 -0.00492615 -0.00492971 -0.00492867 -0.00492467 -0.0100629 -0.010066 -0.0100675 -0.0100708 -0.0128125 -0.0128239 -0.0128353 -0.0128521
7.22 0 0 0 0 -0.00334933 -0.00335238 -0.00335148 -0.00335002 -0.00688585 -0.00688961 -0.00689124 -0.00689441 -0.00860393 -0.00861607 -0.00862745 -0.00864338
7.24 0 0 0 0 -0.0010765 -0.0010774 -0.00107615 -0.00107811 -0.00254177 -0.00254583 -0.0025475 -0.00255048 -0.00322797 -0.00324117 -0.00325255 -0.0032674
7.26 0 0 0 0 0.00157793 0.0015797 0.00158107 0.00157891 0.00261637 0.00261273 0.00261111 0.00260827 0.00294999 0.00293543 0.00292394 0.00291031
7.28 0 0 0 0 0.00419615 0.00420161 0.0042034 0.00420276 0.00794466 0.00794209 0.00794085 0.00793801 0.00947034 0.00945434 0.00944296 0.00943086
7.3 0 0 0 0 0.00641117 0.00641956 0.00642127 0.00642175 0.012707 0.0127051 0.012704 0.0127013 0.0156906 0.0156732 0.015662 0.0156513
7.32 0 0 0 0 0.00794466 0.00795661 0.00795874 0.00796548 0.0162624 0.0162612 0.0162606 0.0162593 0.0207237 0.0207051 0.0206937 0.0206842
7.34 0 0 0 0 0.00860003 0.00861704 0.00862034 0.00863966 0.0181237 0.0181255 0.0181261 0.0181278 0.0235636 0.023544 0.0235327 0.023524
7.36 0 0 0 0 0.00827875 0.00829428 0.00829772 0.00831948 0.0179299 0.0179333 0.0179344 0.0179364 0.0234319 0.0234121 0.0234011 0.0233927
7.38 0 0 0 0 0.00703147 0.00704262 0.0070449 0.00706255 0.0154798 0.0154821 0.0154821 0.0154818 0.0201283 0.0201091 0.0200978 0.0200887
7.4 0 0 0 0 0.00499367 0.00500222 0.00500504 0.0050191 0.0108902 0.010891 0.0108908 0.01089 0.0140572 0.0140393 0.0140278 0.014017
7.42 0 0 0 0 0.00223351 0.00223576 0.00223758 0.0022413 0.004661 0.00465838 0.00465719 0.00465506 0.00598368 0.005968 0.00595654 0.00594368
7.44 0 0 0 0 -0.00118367 -0.00118614 -0.00118578 -0.0011877 -0.00250488 -0.00250943 -0.00251197 -0.00251612 -0.00318685 -0.00320059 -0.0032123 -0.00322736
7.46 0 0 0 0 -0.00491333 -0.00491892 -0.00491817 -0.00491604 -0.00985375 -0.00985772 -0.00985967 -0.00986442 -0.0124887 -0.0125006 -0.0125123 -0.0125292
7.48 0 0 0 0 -0.00838131 -0.00837747 -0.00837712 -0.00836412 -0.0165981 -0.0166009 -0.0166027 -0.0166058 -0.0209207 -0.0209306 -0.020942 -0.0209607
7.5 0 0 0 0 -0.0111866 -0.0111313 -0.011126 -0.0110842 -0.022038 -0.0220345 -0.022033 -0.0220289 -0.0275712 -0.0275795 -0.0275909 -0.0276117
7.52 0 0 0 0 -0.0132427 -0.0131191 -0.0131131 -0.0130479 -0.025693 -0.0256817 -0.0256749 -0.0256615 -0.0317893 -0.0317962 -0.0318069 -0.0318288
