0.02 -0.11087 -0.11087 -0.11087 -0.11087 -0.0180898 -0.0178326 -0.0178335 -0.0180938 7.04812e-05 -5.47097e-06 -5.92361e-06 6.90775e-05 0.000216598 0.000218582 0.000218409 0.00021625
0.04 -0.0797455 -0.0797455 -0.0797455 -0.0797455 -0.0615754 -0.0616292 -0.0616313 -0.0615833 -0.00812788 -0.00806259 -0.00806447 -0.00813365 0.0010094 0.000975226 0.000974579 0.00100821
0.06 -0.011719 -0.011719 -0.011719 -0.011719 -0.0829806 -0.0833857 -0.0833879 -0.0829874 -0.036454 -0.0363067 -0.036307 -0.0364551 -0.00235095 -0.00239736 -0.00239859 -0.00235542
0.08 -0.0155272 -0.0155272 -0.0155272 -0.0155272 -0.0522251 -0.0522042 -0.0522071 -0.0522335 -0.0700267 -0.0701351 -0.0701342 -0.0700256 -0.0235152 -0.0235065 -0.0235069 -0.0235199
0.1 0.0215499 0.0215499 0.0215499 0.0215499 -0.00427046 -0.00415508 -0.0041448 -0.0042348 -0.0746563 -0.0747915 -0.0747974 -0.0746736 -0.0691715 -0.0691257 -0.0691245 -0.0691671
0.12 0.0584169 0.0584169 0.0584169 0.0584169 0.0265713 0.0266108 0.0266119 0.026569 -0.0461576 -0.0461301 -0.0461219 -0.0461301 -0.117453 -0.117409 -0.117408 -0.117452
0.14 0.0406398 0.0406398 0.0406398 0.0406398 0.0360985 0.0360946 0.0360848 0.0360767 -0.017476 -0.0173529 -0.0173487 -0.0174649 -0.128416 -0.128377 -0.128374 -0.128401
0.16 0.0198309 0.0198309 0.0198309 0.0198309 0.0245993 0.0246667 0.0246794 0.0246308 -0.0130299 -0.0129946 -0.013007 -0.0130674 -0.0826752 -0.0826666 -0.0826699 -0.0826943
0.18 -0.0122251 -0.0122251 -0.0122251 -0.0122251 -0.00732978 -0.00726591 -0.00727567 -0.00735668 -0.0205829 -0.0206353 -0.0206219 -0.0205375 -0.00338561 -0.00336257 -0.00336223 -0.00337363
0.2 0.0062301 0.0062301 0.0062301 0.0062301 -0.038913 -0.0390499 -0.0390564 -0.0389328 -0.0136323 -0.0137119 -0.0137341 -0.0137181 0.0642554 0.0642267 0.0642231 0.0642218
0.22 0.0247652 0.0247652 0.0247652 0.0247652 -0.0311561 -0.0314149 -0.0314079 -0.0311435 0.0149023 0.0149623 0.0149824 0.0150004 0.0905978 0.0905661 0.0905692 0.0906476
0.24 0.0443811 0.0443811 0.0443811 0.0443811 0.0294537 0.0293738 0.0293767 0.0294742 0.0543266 0.0543248 0.0543263 0.054277 0.0790219 0.0790063 0.0790121 0.078991
0.26 0.00237864 0.00237864 0.00237864 0.00237864 0.0972644 0.0975442 0.0975379 0.0972317 0.0924461 0.0924022 0.092381 0.0924498 0.0568151 0.0568225 0.0568086 0.0568243
0.28 -0.0635487 -0.0635487 -0.0635487 -0.0635487 0.0997947 0.100272 0.100278 0.0998342 0.117246 0.117197 0.11723 0.117276 0.0551456 0.055168 0.0551887 0.055157
0.3 -0.107523 -0.107523 -0.107523 -0.107523 0.0173453 0.0174694 0.0174746 0.0173362 0.10764 0.107728 0.107692 0.107592 0.0871392 0.0870808 0.0870576 0.0871161
0.32 -0.103527 -0.103527 -0.103527 -0.103527 -0.0875794 -0.0878283 -0.0878405 -0.0875904 0.0494647 0.0495938 0.0496236 0.0495143 0.1301 0.130018 0.130037 0.130107
0.34 0.00563424 0.00563424 0.00563424 0.00563424 -0.120677 -0.121191 -0.121174 -0.120649 -0.0335597 -0.0335379 -0.0335518 -0.0335831 0.130877 0.130809 0.130802 0.130913
0.36 0.136148 0.136148 0.136148 0.136148 -0.0364009 -0.0367313 -0.0367475 -0.0364357 -0.0829112 -0.083064 -0.0830681 -0.0829215 0.0459486 0.0459515 0.045949 0.0458793
0.38 0.152642 0.152642 0.152642 0.152642 0.106796 0.107079 0.107088 0.106821 -0.0559927 -0.0562035 -0.0561855 -0.0559546 -0.104899 -0.104777 -0.104771 -0.104817
0.4 0.0803 0.0803 0.0803 0.0803 0.184562 0.185123 0.185121 0.184542 0.0200545 0.0200144 0.0199708 0.0199281 -0.227483 -0.227416 -0.227426 -0.2276
0.42 0.0283907 0.0283907 0.0283907 0.0283907 0.130015 0.130282 0.13028 0.130042 0.0598002 0.0601902 0.0602568 0.0600349 -0.220439 -0.220292 -0.220279 -0.220274
0.44 0.0134044 0.0134044 0.0134044 0.0134044 -0.00393805 -0.00416746 -0.0041618 -0.00396605 0.0108647 0.0109713 0.0109177 0.0106172 -0.0703323 -0.0704778 -0.070479 -0.0704927
0.46 -0.0248565 -0.0248565 -0.0248565 -0.0248565 -0.118703 -0.118917 -0.118928 -0.118682 -0.0759395 -0.0760016 -0.0759906 -0.0757627 0.114497 0.114589 0.114567 0.114608
0.48 -0.13194 -0.13194 -0.13194 -0.13194 -0.169185 -0.169217 -0.169201 -0.169193 -0.0957462 -0.0962307 -0.0961924 -0.0958249 0.194856 0.194714 0.194757 0.194788
0.5 -0.057251 -0.057251 -0.057251 -0.057251 -0.139017 -0.139435 -0.139455 -0.139023 -0.025529 -0.0254144 -0.0254886 -0.0255293 0.125247 0.125244 0.125188 0.125295
0.52 0.048237 0.048237 0.048237 0.048237 -0.00535097 -0.00584264 -0.00582342 -0.00533751 0.0533852 0.0537037 0.0537933 0.0534333 -0.0154409 -0.0155518 -0.0154899 -0.0154758
0.54 0.0435567 0.0435567 0.0435567 0.0435567 0.164515 0.165024 0.16501 0.164502 0.0740986 0.0741461 0.0740642 0.0740428 -0.114052 -0.113951 -0.114012 -0.114025
0.56 0.0266587 0.0266587 0.0266587 0.0266587 0.214005 0.214923 0.214929 0.214011 0.0569994 0.0567332 0.0567898 0.0570318 -0.11407 -0.113951 -0.113896 -0.114091
0.58 -0.0657962 -0.0657962 -0.0657962 -0.0657962 0.0713383 0.0718379 0.071841 0.0713442 0.0395732 0.0394776 0.0394536 0.0395782 -0.028547 -0.0285119 -0.0285563 -0.0285313
0.6 -0.0708569 -0.0708569 -0.0708569 -0.0708569 -0.14495 -0.145552 -0.145561 -0.144964 0.00703598 0.00729627 0.00729093 0.00699913 0.0887142 0.0886153 0.088647 0.0887004
0.62 -0.0927882 -0.0927882 -0.0927882 -0.0927882 -0.24354 -0.244415 -0.2444 -0.243518 -0.0588709 -0.0586886 -0.0586657 -0.0588242 0.161586 0.161424 0.161405 0.1616
0.64 -0.0468775 -0.0468775 -0.0468775 -0.0468775 -0.161397 -0.16162 -0.16164 -0.161422 -0.111022 -0.111255 -0.111282 -0.111056 0.119726 0.119711 0.119717 0.119711
0.66 0.0192857 0.0192857 0.0192857 0.0192857 0.00652751 0.0067452 0.00676247 0.00654184 -0.085609 -0.0858978 -0.0858751 -0.0855992 -0.0395262 -0.0394799 -0.0394758 -0.0395137
0.68 0.0446635 0.0446635 0.0446635 0.0446635 0.127922 0.128421 0.128408 0.127919 -0.00180447 -0.00175645 -0.00177094 -0.00178831 -0.217716 -0.217608 -0.217618 -0.217723
0.7 0.104172 0.104172 0.104172 0.104172 0.14733 0.14737 0.147377 0.147324 0.0431722 0.0435104 0.0435025 0.0430818 -0.279541 -0.27952 -0.279515 -0.279576
0.72 0.0678117 0.0678117 0.0678117 0.0678117 0.0844004 0.0845433 0.0845421 0.0844183 -0.00397089 -0.00373907 -0.0037055 -0.00378503 -0.175824 -0.1757 -0.175696 -0.175729
0.74 0.0775797 0.0775797 0.0775797 0.0775797 -0.0166231 -0.0166442 -0.0166462 -0.0166463 -0.0803752 -0.0807203 -0.080757 -0.0805976 0.00946674 0.00940926 0.00940605 0.00934043
0.76 0.105419 0.105419 0.105419 0.105419 -0.0834512 -0.083875 -0.0838733 -0.083432 -0.0863032 -0.0864018 -0.0863863 -0.0861117 0.139352 0.139442 0.139433 0.139472
0.78 0.0620637 0.0620637 0.0620637 0.0620637 -0.0496132 -0.0499627 -0.0499615 -0.0496215 0.00479204 0.00465063 0.00467315 0.00468546 0.149959 0.149822 0.14985 0.149876
0.8 0.0229011 0.0229011 0.0229011 0.0229011 0.0714497 0.0713604 0.0713477 0.0714164 0.128577 0.128797 0.128733 0.128574 0.0892645 0.0893006 0.0892531 0.0892978
0.82 0.0125962 0.0125962 0.0125962 0.0125962 0.187499 0.187903 0.187904 0.187473 0.20642 0.206516 0.2066 0.206486 0.0553622 0.0553135 0.0553682 0.0553612
0.84 -0.0917969 -0.0917969 -0.0917969 -0.0917969 0.190635 0.191425 0.191441 0.190742 0.211816 0.211738 0.211653 0.21171 0.10296 0.103017 0.102963 0.10294
0.86 -0.136063 -0.136063 -0.136063 -0.136063 0.0459756 0.0463259 0.0463186 0.0458796 0.16403 0.163966 0.164023 0.164103 0.206483 0.206416 0.20646 0.206502
0.88 -0.0652076 -0.0652076 -0.0652076 -0.0652076 -0.128894 -0.129533 -0.129539 -0.128825 0.0840817 0.0842501 0.0842408 0.0840968 0.286444 0.286295 0.286265 0.286413
0.9 -0.0675576 -0.0675576 -0.0675576 -0.0675576 -0.176697 -0.177297 -0.177269 -0.176706 -0.00306138 -0.00307682 -0.0030948 -0.00309776 0.261535 0.261429 0.261448 0.261605
0.92 -0.112584 -0.112584 -0.112584 -0.112584 -0.0938018 -0.0936782 -0.0937216 -0.0938458 -0.0533154 -0.053579 -0.0535525 -0.053297 0.102311 0.102273 0.102275 0.102229
0.94 -0.0449112 -0.0449112 -0.0449112 -0.0449112 0.00552509 0.00580127 0.00583903 0.00556973 -0.0558074 -0.055844 -0.0558691 -0.0557937 -0.132061 -0.131988 -0.13201 -0.131983
0.96 0.0356199 0.0356199 0.0356199 0.0356199 0.0481413 0.0481193 0.0480405 0.04791 -0.0659219 -0.0657282 -0.0657296 -0.066051 -0.321013 -0.320999 -0.320977 -0.321125
0.98 0.0782773 0.0782773 0.0782773 0.0782773 0.0289584 0.0291853 0.0292784 0.0292928 -0.135741 -0.135479 -0.135477 -0.135594 -0.376789 -0.376647 -0.376678 -0.37669
1 0.192419 0.192419 0.192419 0.192419 -0.0185548 -0.0188854 -0.018916 -0.0187593 -0.232354 -0.232405 -0.232357 -0.232333 -0.313689 -0.313583 -0.313523 -0.313693
1.02 0.250876 0.250876 0.250876 0.250876 -0.0411392 -0.0413003 -0.0413206 -0.0409947 -0.264871 -0.265162 -0.265243 -0.265025 -0.218446 -0.218359 -0.218434 -0.218511
1.04 0.0789606 0.0789606 0.0789606 0.0789606 -0.0258819 -0.0259138 -0.0258494 -0.0259659 -0.17759 -0.177763 -0.177685 -0.177398 -0.155334 -0.155191 -0.155119 -0.155236
1.06 -0.0870815 -0.0870815 -0.0870815 -0.0870815 -0.0192215 -0.0189422 -0.0190357 -0.0191888 -0.0173923 -0.0173829 -0.0174245 -0.0175386 -0.105017 -0.105067 -0.105119 -0.105107
1.08 -0.0674787 -0.0674787 -0.0674787 -0.0674787 -0.0222413 -0.0226842 -0.0225793 -0.0222361 0.0984998 0.0990082 0.0990013 0.098562 -0.00690151 -0.00694501 -0.00692378 -0.0068499
1.1 -0.090152 -0.090152 -0.090152 -0.090152 -0.00215259 -0.00209061 -0.00218701 -0.00217 0.114726 0.114783 0.114833 0.11475 0.147311 0.147217 0.14723 0.147311
1.12 -0.0145046 -0.0145046 -0.0145046 -0.0145046 0.0316672 0.0318316 0.0319045 0.0316779 0.0972381 0.0969393 0.0968619 0.0971553 0.28267 0.282656 0.282617 0.282627
1.14 0.0673867 0.0673867 0.0673867 0.0673867 0.0675731 0.0675668 0.0675023 0.0674972 0.133287 0.13304 0.133099 0.133304 0.320426 0.320386 0.320428 0.320451
1.16 -0.00421721 -0.00421721 -0.00421721 -0.00421721 0.106955 0.107091 0.107131 0.107035 0.218544 0.218605 0.218598 0.218687 0.26466 0.264612 0.264583 0.264693
1.18 0.0186874 0.0186874 0.0186874 0.0186874 0.142689 0.142655 0.142675 0.142734 0.270063 0.27029 0.270263 0.26982 0.191988 0.1919 0.191917 0.191911
1.2 0.02246 0.02246 0.02246 0.02246 0.158761 0.158917 0.158854 0.158635 0.230074 0.230271 0.230296 0.230318 0.165113 0.165089 0.165079 0.165213
1.22 -0.0475931 -0.0475931 -0.0475931 -0.0475931 0.112621 0.113194 0.113265 0.112752 0.134292 0.133999 0.134004 0.134126 0.172806 0.172818 0.172829 0.172715
1.24 -0.0655641 -0.0655641 -0.0655641 -0.0655641 -0.0107371 -0.0105992 -0.0106507 -0.0108145 0.0489711 0.0488259 0.048783 0.0490276 0.159011 0.158979 0.158957 0.159067
1.26 -0.0529461 -0.0529461 -0.0529461 -0.0529461 -0.13098 -0.131499 -0.131479 -0.130975 -0.0157766 -0.0156188 -0.0155477 -0.0157373 0.0884074 0.0883342 0.0883694 0.0883965
1.28 -0.0380968 -0.0380968 -0.0380968 -0.0380968 -0.150213 -0.150696 -0.150686 -0.150152 -0.0889576 -0.0888041 -0.0888823 -0.08905 -0.033799 -0.0338732 -0.0339141 -0.0338207
1.3 0.0253625 0.0253625 0.0253625 0.0253625 -0.0703974 -0.0704997 -0.0705262 -0.0704902 -0.165957 -0.165998 -0.165933 -0.165856 -0.182682 -0.182619 -0.182584 -0.182651
1.32 0.058663 0.058663 0.058663 0.058663 0.0141471 0.0145435 0.0145697 0.0142308 -0.205958 -0.206176 -0.20621 -0.206026 -0.322731 -0.322592 -0.322613 -0.322751
1.34 0.0189583 0.0189583 0.0189583 0.0189583 0.0131147 0.0134448 0.0134141 0.0130032 -0.19787 -0.197964 -0.197986 -0.197934 -0.40362 -0.403506 -0.403508 -0.403642
1.36 -0.0101799 -0.0101799 -0.0101799 -0.0101799 -0.0738025 -0.0738216 -0.0737806 -0.0736336 -0.186247 -0.185901 -0.185824 -0.186023 -0.380529 -0.380424 -0.380401 -0.380457
1.38 -0.0382376 -0.0382376 -0.0382376 -0.0382376 -0.166682 -0.16718 -0.167209 -0.166844 -0.208345 -0.208312 -0.208399 -0.208627 -0.261012 -0.261075 -0.261104 -0.261104
1.4 -0.0905404 -0.0905404 -0.0905404 -0.0905404 -0.203145 -0.20323 -0.203237 -0.20306 -0.23316 -0.233174 -0.233118 -0.232925 -0.120863 -0.120779 -0.120755 -0.120778
1.42 -0.0311539 -0.0311539 -0.0311539 -0.0311539 -0.169344 -0.169617 -0.16957 -0.169332 -0.194113 -0.19442 -0.194419 -0.194231 -0.0436818 -0.0437405 -0.0437519 -0.0437398
1.44 0.0342261 0.0342261 0.0342261 0.0342261 -0.0647512 -0.0650115 -0.0650826 -0.0648342 -0.0814201 -0.0813336 -0.0813915 -0.0814293 -0.0453603 -0.0453123 -0.0453168 -0.0453399
1.46 -0.0535689 -0.0535689 -0.0535689 -0.0535689 0.0635955 0.0639288 0.0640002 0.0637015 0.0504961 0.0505238 0.0506159 0.0505945 -0.0622505 -0.0622607 -0.0622409 -0.0622332
1.48 -0.0518284 -0.0518284 -0.0518284 -0.0518284 0.126124 0.126535 0.126487 0.126046 0.137593 0.137704 0.13761 0.13747 -0.0169405 -0.0169188 -0.0169484 -0.0169844
1.5 -0.0416327 -0.0416327 -0.0416327 -0.0416327 0.0907848 0.0909921 0.0910059 0.0908095 0.153811 0.1539 0.153968 0.153903 0.109246 0.109219 0.109249 0.109296
1.52 -0.0743937 -0.0743937 -0.0743937 -0.0743937 0.00188705 0.00195349 0.00197155 0.00191091 0.125806 0.125696 0.125669 0.125777 0.256537 0.256465 0.256444 0.256501
1.54 0.0241465 0.0241465 0.0241465 0.0241465 -0.0532691 -0.0537377 -0.0537758 -0.0533214 0.100936 0.100915 0.100902 0.100899 0.334071 0.333971 0.333976 0.334075
1.56 0.195502 0.195502 0.195502 0.195502 0.0200798 0.0194061 0.0194492 0.0201345 0.107441 0.107485 0.107525 0.10752 0.291736 0.291654 0.291662 0.291763
1.58 0.184684 0.184684 0.184684 0.184684 0.204015 0.204241 0.204207 0.203983 0.153064 0.152916 0.152868 0.152977 0.157754 0.157799 0.157782 0.157704
1.6 0.110427 0.110427 0.110427 0.110427 0.333828 0.334727 0.334746 0.333828 0.221898 0.221742 0.22178 0.221959 0.0264525 0.0265481 0.0265642 0.0265069
1.62 0.137613 0.137613 0.137613 0.137613 0.294594 0.294979 0.294972 0.294619 0.255007 0.255263 0.255246 0.254994 0.000251723 0.000296085 0.000287028 0.000210461
1.64 0.0820775 0.0820775 0.0820775 0.0820775 0.13891 0.138799 0.138797 0.13887 0.196323 0.196554 0.19655 0.19629 0.105604 0.105554 0.105553 0.105625
1.66 0.00935133 0.00935133 0.00935133 0.00935133 -0.0214994 -0.0216625 -0.0216565 -0.0214604 0.0765482 0.0764616 0.0764792 0.0766072 0.253026 0.252977 0.252986 0.253026
1.68 0.0192863 0.0192863 0.0192863 0.0192863 -0.104722 -0.105113 -0.105116 -0.104746 -0.00690899 -0.00718581 -0.00720597 -0.00697096 0.303832 0.303752 0.303738 0.303817
1.7 0.0285908 0.0285908 0.0285908 0.0285908 -0.0720065 -0.0723392 -0.0723409 -0.0720018 -0.000669216 -0.000772997 -0.000759729 -0.000625105 0.193495 0.193451 0.193467 0.193516
1.72 -0.0678804 -0.0678804 -0.0678804 -0.0678804 0.0302441 0.0304366 0.0304431 0.0302579 0.0529869 0.0530501 0.0530481 0.05297 -0.0111116 -0.011119 -0.0111315 -0.0111269
1.74 -0.0275169 -0.0275169 -0.0275169 -0.0275169 0.0998733 0.100169 0.10016 0.0998478 0.0649165 0.0651546 0.0651463 0.0649092 -0.174616 -0.174593 -0.174586 -0.174611
1.76 0.0167691 0.0167691 0.0167691 0.0167691 0.0796456 0.0798715 0.0798779 0.0796718 -0.010256 -0.0100997 -0.0100853 -0.0102325 -0.211077 -0.211007 -0.211007 -0.211071
1.78 -0.0289908 -0.0289908 -0.0289908 -0.0289908 -0.0289803 -0.0286798 -0.02868 -0.028994 -0.127143 -0.127351 -0.127366 -0.12717 -0.14763 -0.147575 -0.147581 -0.147646
1.8 0.00645958 0.00645958 0.00645958 0.00645958 -0.164554 -0.164896 -0.164902 -0.164556 -0.205202 -0.205321 -0.205312 -0.205184 -0.0808411 -0.080817 -0.0808093 -0.0808235
1.82 0.0343152 0.0343152 0.0343152 0.0343152 -0.212727 -0.213456 -0.213446 -0.212716 -0.211916 -0.211861 -0.211863 -0.211921 -0.0831222 -0.0831648 -0.0831706 -0.0831336
1.84 0.0297106 0.0297106 0.0297106 0.0297106 -0.119327 -0.119677 -0.119686 -0.119342 -0.166688 -0.16664 -0.166644 -0.166695 -0.152439 -0.152421 -0.152419 -0.152437
1.86 -0.024895 -0.024895 -0.024895 -0.024895 0.0271851 0.0275641 0.0275712 0.0271972 -0.0966695 -0.0967376 -0.0967297 -0.0966561 -0.226983 -0.2269 -0.226899 -0.226977
1.88 -0.0661725 -0.0661725 -0.0661725 -0.0661725 0.0837396 0.0844046 0.0844023 0.083736 -0.0284434 -0.0284908 -0.0284997 -0.0284586 -0.232337 -0.232246 -0.232248 -0.232346
1.9 -0.0384973 -0.0384973 -0.0384973 -0.0384973 0.0140206 0.0140543 0.0140527 0.0140181 0.00179677 0.00199763 0.00200447 0.00180757 -0.1327 -0.132692 -0.132691 -0.132692
1.92 -0.0319052 -0.0319052 -0.0319052 -0.0319052 -0.0883897 -0.0887187 -0.0887143 -0.0883835 -0.0193154 -0.019199 -0.0192018 -0.0193174 0.0332054 0.0331486 0.0331484 0.0332011
1.94 0.0422087 0.0422087 0.0422087 0.0422087 -0.111453 -0.111941 -0.111946 -0.111461 -0.0462034 -0.0462995 -0.0463006 -0.0462089 0.167143 0.167091 0.16709 0.167145
1.96 0.105896 0.105896 0.105896 0.105896 -0.016541 -0.0167815 -0.0167762 -0.0165333 -0.00885441 -0.00908186 -0.00907811 -0.00884418 0.187887 0.187871 0.187872 0.187885
1.98 -0.00913741 -0.00913741 -0.00913741 -0.00913741 0.120012 0.120515 0.120513 0.120011 0.107977 0.107772 0.107768 0.107967 0.109098 0.109133 0.109131 0.109098
2 0.00446879 0.00446879 0.00446879 0.00446879 0.188256 0.188578 0.188578 0.188252 0.226152 0.226393 0.226396 0.226158 0.0363271 0.0363128 0.0363146 0.0363296
2.02 0.0419697 0.0419697 0.0419697 0.0419697 0.17034 0.170336 0.170338 0.170346 0.243032 0.243414 0.243414 0.243031 0.0673012 0.067258 0.0672561 0.0672978
2.04 -0.0301373 -0.0301373 -0.0301373 -0.0301373 0.0948334 0.0951549 0.0951522 0.0948269 0.154929 0.154823 0.154821 0.154925 0.188847 0.188828 0.18883 0.188851
2.06 0.110327 0.110327 0.110327 0.110327 0.00723427 0.00698592 0.00698806 0.00723812 0.0603586 0.0601376 0.0601395 0.060364 0.288002 0.287963 0.287963 0.288
2.08 0.201671 0.201671 0.201671 0.201671 0.00117973 0.000576035 0.00057561 0.00118139 0.0422162 0.0421165 0.0421148 0.0422111 0.265938 0.265891 0.26589 0.265936
2.1 0.0828453 0.0828453 0.0828453 0.0828453 0.0968268 0.0969345 0.096934 0.0968228 0.0993118 0.0992222 0.0992228 0.0993144 0.130204 0.130209 0.130211 0.130207
2.12 0.0454694 0.0454694 0.0454694 0.0454694 0.190216 0.190582 0.190583 0.19022 0.16429 0.164424 0.164424 0.16429 -0.0152207 -0.0151941 -0.0151956 -0.0152229
2.14 -0.0940196 -0.0940196 -0.0940196 -0.0940196 0.167127 0.167784 0.167784 0.167123 0.16164 0.161759 0.161758 0.161639 -0.0623911 -0.0623606 -0.0623598 -0.0623903
2.16 -0.224853 -0.224853 -0.224853 -0.224853 -0.0110704 -0.0105873 -0.0105876 -0.0110687 0.0669075 0.0669224 0.0669238 0.0669096 0.00700801 0.00698482 0.00698467 0.00700868
2.18 -0.202332 -0.202332 -0.202332 -0.202332 -0.250421 -0.250901 -0.2509 -0.250419 -0.0845984 -0.0845353 -0.0845367 -0.0846008 0.103943 0.103827 0.103826 0.103942
2.2 -0.0124374 -0.0124374 -0.0124374 -0.0124374 -0.352305 -0.353463 -0.353465 -0.352306 -0.226133 -0.226092 -0.22609 -0.22613 0.0992207 0.0991034 0.0991037 0.0992219
2.22 0.163009 0.163009 0.163009 0.163009 -0.197073 -0.197878 -0.197876 -0.19707 -0.283249 -0.283397 -0.283397 -0.283249 -0.0753041 -0.0752894 -0.0752895 -0.075305
2.24 0.0729096 0.0729096 0.0729096 0.0729096 0.0806552 0.0814172 0.0814124 0.0806448 -0.214031 -0.214436 -0.214436 -0.214031 -0.354764 -0.35456 -0.35456 -0.354762
2.26 0.0330218 0.0330218 0.0330218 0.0330218 0.217283 0.218295 0.218296 0.21728 -0.0784947 -0.0784959 -0.0785275 -0.0786291 -0.5557 -0.555553 -0.555567 -0.555782
2.28 -0.0177427 -0.0177427 -0.0177427 -0.0177427 0.113583 0.113835 0.113845 0.11362 -0.0208779 -0.0201432 -0.0200701 -0.0205374 -0.507772 -0.507539 -0.507508 -0.507568
2.3 -0.0418808 -0.0418808 -0.0418808 -0.0418808 -0.111892 -0.112208 -0.112221 -0.111946 -0.110782 -0.110738 -0.110809 -0.111211 -0.213184 -0.213416 -0.213441 -0.213441
2.32 0.202997 0.202997 0.202997 0.202997 -0.241292 -0.242475 -0.242468 -0.241248 -0.238641 -0.238539 -0.238518 -0.238263 0.11969 0.119873 0.11987 0.119927
2.34 0.29248 0.29248 0.29248 0.29248 -0.125559 -0.12625 -0.126246 -0.12558 -0.206837 -0.207659 -0.2076 -0.207058 0.254841 0.254654 0.254701 0.254686
2.36 0.147407 0.147407 0.147407 0.147407 0.154118 0.154561 0.154547 0.154117 0.0561211 0.0558328 0.0557019 0.0561659 0.14898 0.149226 0.149136 0.149029
2.38 0.117115 0.117115 0.117115 0.117115 0.389802 0.390294 0.390314 0.389784 0.391581 0.391944 0.392109 0.391644 0.00648336 0.00638147 0.0064978 0.00652084
2.4 -0.0902374 -0.0902374 -0.0902374 -0.0902374 0.433764 0.434603 0.434488 0.433381 0.55127 0.551917 0.551766 0.55119 0.0759894 0.076015 0.0758819 0.0758717
2.42 -0.13696 -0.13696 -0.13696 -0.13696 0.248586 0.249412 0.249571 0.249309 0.457702 0.457692 0.457721 0.457425 0.393561 0.393449 0.393555 0.393648
2.44 0.204248 0.204248 0.204248 0.204248 0.00112314 0.000104572 5.62196e-05 0.000600112 0.255391 0.255354 0.255388 0.255794 0.735072 0.734874 0.734801 0.734912
2.46 0.409952 0.409952 0.409952 0.409952 -0.0221262 -0.0233977 -0.023476 -0.0218624 0.154096 0.153688 0.153719 0.15404 0.819459 0.819371 0.819428 0.819795
2.48 0.290724 0.290724 0.290724 0.290724 0.231424 0.231532 0.231726 0.231443 0.258807 0.258235 0.258179 0.258676 0.56164 0.561567 0.56156 0.561303
2.5 0.0823114 0.0823114 0.0823114 0.0823114 0.498318 0.499423 0.499171 0.498111 0.472087 0.472219 0.472255 0.472239 0.161297 0.161414 0.161355 0.161536
2.52 0.00363883 0.00363883 0.00363883 0.00363883 0.517192 0.518244 0.518475 0.517422 0.55414 0.554778 0.554791 0.554071 -0.0600954 -0.0601158 -0.0599951 -0.0601937
2.54 -0.0866209 -0.0866209 -0.0866209 -0.0866209 0.253123 0.253589 0.253437 0.252985 0.3561 0.356596 0.356541 0.356089 0.042892 0.0428638 0.0426993 0.0428642
2.56 -0.0742772 -0.0742772 -0.0742772 -0.0742772 -0.137982 -0.138212 -0.138166 -0.137994 -0.0107849 -0.0110853 -0.0110111 -0.0107303 0.298548 0.298468 0.298653 0.298667
2.58 0.0303636 0.0303636 0.0303636 0.0303636 -0.408651 -0.409741 -0.409691 -0.408499 -0.289538 -0.290076 -0.290146 -0.289597 0.379599 0.379495 0.379322 0.379447
2.6 -0.0233137 -0.0233137 -0.0233137 -0.0233137 -0.388716 -0.389719 -0.389816 -0.388905 -0.333302 -0.333627 -0.333577 -0.333261 0.109208 0.109124 0.109251 0.10932
2.62 -0.226043 -0.226043 -0.226043 -0.226043 -0.163274 -0.163054 -0.162981 -0.16323 -0.221537 -0.221425 -0.221447 -0.221551 -0.379656 -0.379572 -0.379629 -0.379673
2.64 -0.182891 -0.182891 -0.182891 -0.182891 0.0231608 0.0235941 0.0234776 0.0229095 -0.161576 -0.161191 -0.16129 -0.161986 -0.769956 -0.770012 -0.770065 -0.770212
2.66 -0.0211948 -0.0211948 -0.0211948 -0.0211948 0.024297 0.0249649 0.0250809 0.0246211 -0.282503 -0.281734 -0.281555 -0.281761 -0.840647 -0.840165 -0.840044 -0.840187
2.68 0.0647641 0.0647641 0.0647641 0.0647641 -0.139279 -0.139253 -0.139271 -0.139372 -0.496363 -0.496912 -0.496992 -0.496829 -0.63324 -0.633302 -0.633391 -0.633613
2.7 0.278012 0.278012 0.278012 0.278012 -0.311155 -0.311788 -0.311803 -0.31097 -0.601492 -0.601764 -0.60184 -0.601464 -0.376752 -0.376427 -0.37641 -0.376574
2.72 0.349832 0.349832 0.349832 0.349832 -0.275486 -0.277226 -0.277206 -0.2758 -0.479697 -0.479761 -0.47956 -0.479343 -0.252275 -0.252312 -0.25225 -0.252232
2.74 0.0772287 0.0772287 0.0772287 0.0772287 -0.0192502 -0.0187447 -0.0187586 -0.0188533 -0.176952 -0.177203 -0.177445 -0.17749 -0.249323 -0.249215 -0.249324 -0.249514
2.76 -0.164425 -0.164425 -0.164425 -0.164425 0.213566 0.21425 0.214281 0.213203 0.154875 0.155184 0.155374 0.155378 -0.203349 -0.203238 -0.203127 -0.203117
2.78 -0.228239 -0.228239 -0.228239 -0.228239 0.217673 0.218792 0.218724 0.217933 0.354524 0.354775 0.354707 0.354239 0.0350242 0.0349209 0.0348464 0.0348407
2.8 -0.146834 -0.146834 -0.146834 -0.146834 0.050466 0.0500982 0.0502095 0.0503497 0.357689 0.358064 0.357999 0.35771 0.43831 0.438185 0.438206 0.438401
2.82 0.0310518 0.0310518 0.0310518 0.0310518 -0.0702125 -0.070868 -0.0710143 -0.070276 0.26628 0.26605 0.266213 0.266455 0.793828 0.793561 0.793589 0.79383
2.84 0.0474472 0.0474472 0.0474472 0.0474472 -0.00432848 -0.00463812 -0.00454302 -0.00433976 0.258315 0.257664 0.257422 0.257891 0.872203 0.872084 0.872007 0.872077
2.86 0.101756 0.101756 0.101756 0.101756 0.204168 0.204276 0.204268 0.20435 0.394717 0.394621 0.394891 0.395362 0.6401 0.639989 0.640098 0.640349
2.88 0.0166184 0.0166184 0.0166184 0.0166184 0.404383 0.405038 0.40502 0.40426 0.543848 0.544048 0.543846 0.543193 0.298795 0.298741 0.298635 0.298496
2.9 0.0514252 0.0514252 0.0514252 0.0514252 0.449599 0.450268 0.450276 0.449571 0.519043 0.519664 0.519724 0.51952 0.100546 0.100526 0.100594 0.100811
2.92 0.304107 0.304107 0.304107 0.304107 0.328818 0.328914 0.328921 0.32899 0.288423 0.288593 0.288701 0.28824 0.122983 0.123026 0.123026 0.122835
2.94 0.18811 0.18811 0.18811 0.18811 0.126995 0.127212 0.127209 0.126757 0.0160532 0.0154646 0.0152253 0.0159701 0.221481 0.221523 0.221455 0.22149
2.96 0.157716 0.157716 0.157716 0.157716 -0.0732646 -0.0734095 -0.073431 -0.073042 -0.111917 -0.112383 -0.112085 -0.111682 0.202316 0.202383 0.202498 0.202412
2.98 0.163964 0.163964 0.163964 0.163964 -0.14317 -0.144451 -0.14439 -0.143311 -0.0915418 -0.0912131 -0.0914851 -0.0917805 0.018886 0.0187615 0.0186353 0.0187522
3 0.077526 0.077526 0.077526 0.077526 -0.0235874 -0.0239087 -0.0240059 -0.0235495 -0.0558687 -0.0555441 -0.0553586 -0.0557358 -0.215811 -0.215794 -0.21569 -0.215702
3.02 0.0644026 0.0644026 0.0644026 0.0644026 0.144199 0.144745 0.144859 0.144245 -0.0771387 -0.0770575 -0.0771294 -0.0771183 -0.362266 -0.362106 -0.362171 -0.362312
3.04 -0.0536259 -0.0536259 -0.0536259 -0.0536259 0.142947 0.144163 0.144059 0.142861 -0.118483 -0.118948 -0.118979 -0.118635 -0.362716 -0.362553 -0.362532 -0.362736
3.06 -0.110026 -0.110026 -0.110026 -0.110026 -0.0792376 -0.0790128 -0.0789394 -0.0791536 -0.145634 -0.145528 -0.145437 -0.145428 -0.242976 -0.242874 -0.242863 -0.242911
3.08 -0.196015 -0.196015 -0.196015 -0.196015 -0.341287 -0.342205 -0.342233 -0.341332 -0.185351 -0.185077 -0.185183 -0.185524 -0.0787234 -0.0789142 -0.0789443 -0.0788069
3.1 -0.0974392 -0.0974392 -0.0974392 -0.0974392 -0.410256 -0.411432 -0.41145 -0.410262 -0.249911 -0.24971 -0.249628 -0.249833 0.0257495 0.0256614 0.0256974 0.0258255
3.12 0.00904126 0.00904126 0.00904126 0.00904126 -0.222341 -0.222832 -0.222783 -0.222305 -0.26572 -0.265988 -0.266029 -0.265683 -0.0145247 -0.0145552 -0.0145856 -0.0145724
3.14 -0.199943 -0.199943 -0.199943 -0.199943 0.0200951 0.0214322 0.0213698 0.0200514 -0.153561 -0.154275 -0.154271 -0.153685 -0.183018 -0.182837 -0.182819 -0.183009
3.16 -0.213788 -0.213788 -0.213788 -0.213788 0.0729737 0.0737292 0.0737881 0.0730016 0.0182066 0.0185093 0.018522 0.0183599 -0.32894 -0.328881 -0.328883 -0.328909
3.18 0.0245239 0.0245239 0.0245239 0.0245239 -0.0204811 -0.0212882 -0.0213301 -0.0204738 0.0588246 0.0597343 0.0597251 0.0586954 -0.288379 -0.288486 -0.288495 -0.288437
3.2 0.202769 0.202769 0.202769 0.202769 -0.0470284 -0.0477918 -0.0477702 -0.0470696 -0.0830282 -0.0827614 -0.0827691 -0.0829579 -0.0713801 -0.0713691 -0.0713586 -0.0713193
3.22 0.340968 0.340968 0.340968 0.340968 0.0533026 0.053412 0.0534056 0.0533598 -0.192401 -0.193289 -0.193263 -0.192405 0.12652 0.126647 0.126644 0.126478
3.24 0.380707 0.380707 0.380707 0.380707 0.192975 0.193278 0.193277 0.192923 -0.0494206 -0.0501479 -0.0501844 -0.0494637 0.148335 0.148513 0.148506 0.148349
3.26 0.209405 0.209405 0.209405 0.209405 0.298237 0.298355 0.298357 0.298279 0.27792 0.278204 0.27824 0.277984 0.0698339 0.0698339 0.0698485 0.0698441
3.28 0.0672912 0.0672912 0.0672912 0.0672912 0.344999 0.34503 0.345035 0.34499 0.511759 0.512611 0.512588 0.511705 0.109716 0.10962 0.109604 0.109694
3.3 -0.109895 -0.109895 -0.109895 -0.109895 0.296746 0.297359 0.297344 0.296707 0.496451 0.496684 0.496688 0.496483 0.363427 0.363334 0.363348 0.36345
3.32 -0.097513 -0.097513 -0.097513 -0.097513 0.126503 0.127108 0.127117 0.126552 0.345249 0.344731 0.34475 0.345252 0.681334 0.681247 0.68124 0.681321
3.34 -0.003751 -0.003751 -0.003751 -0.003751 -0.0604527 -0.0609971 -0.0609907 -0.0604829 0.249959 0.249572 0.249532 0.249915 0.818858 0.818661 0.818661 0.818858
3.36 -0.00854014 -0.00854014 -0.00854014 -0.00854014 -0.0870339 -0.0878412 -0.0878623 -0.0870262 0.259318 0.259366 0.259413 0.259369 0.664954 0.664729 0.664731 0.664954
3.38 0.077637 0.077637 0.077637 0.077637 0.0963417 0.095882 0.0959135 0.096357 0.281397 0.281733 0.281693 0.281356 0.314437 0.314308 0.314305 0.314435
3.4 -0.212659 -0.212659 -0.212659 -0.212659 0.279254 0.28074 0.280704 0.279221 0.231764 0.231596 0.231621 0.231782 -0.0382327 -0.0381404 -0.0381347 -0.0382272
3.42 -0.592701 -0.592701 -0.592701 -0.592701 0.119946 0.122272 0.122302 0.119976 0.0897069 0.0893744 0.0893687 0.0897297 -0.241892 -0.241771 -0.241777 -0.241896
3.44 -0.255418 -0.255418 -0.255418 -0.255418 -0.353911 -0.354936 -0.354946 -0.353893 -0.178681 -0.177951 -0.177958 -0.178727 -0.272497 -0.272654 -0.27265 -0.272496
3.46 -0.0385004 -0.0385004 -0.0385004 -0.0385004 -0.67919 -0.681473 -0.681456 -0.679183 -0.56172 -0.561204 -0.561197 -0.561681 -0.261308 -0.261469 -0.261474 -0.261309
3.48 0.00448973 0.00448973 0.00448973 0.00448973 -0.592705 -0.594003 -0.59424 -0.593839 -0.858909 -0.859692 -0.859675 -0.858882 -0.417207 -0.417094 -0.417104 -0.417239
3.5 0.0933382 0.0933382 0.0933382 0.0933382 -0.286294 -0.284928 -0.284667 -0.284403 -0.843281 -0.844423 -0.844606 -0.843968 -0.808659 -0.808315 -0.80831 -0.808637
3.52 -0.0602935 -0.0602935 -0.0602935 -0.0602935 -0.0517444 -0.0516247 -0.0514963 -0.052888 -0.576313 -0.575852 -0.57566 -0.575454 -1.21364 -1.21348 -1.21351 -1.21389
3.54 -0.219289 -0.219289 -0.219289 -0.219289 -0.0601126 -0.059272 -0.0597922 -0.0598541 -0.362942 -0.361907 -0.361837 -0.362958 -1.28329 -1.28269 -1.2826 -1.28266
3.56 -0.256409 -0.256409 -0.256409 -0.256409 -0.266885 -0.267179 -0.2664 -0.266422 -0.412333 -0.41199 -0.412267 -0.413023 -0.880127 -0.880588 -0.880676 -0.880861
3.58 0.243524 0.243524 0.243524 0.243524 -0.430028 -0.431526 -0.432346 -0.430825 -0.587274 -0.586991 -0.586661 -0.586264 -0.258544 -0.258023 -0.258008 -0.257963
3.6 0.386196 0.386196 0.386196 0.386196 -0.30802 -0.308974 -0.308328 -0.307318 -0.535747 -0.537273 -0.537495 -0.536651 0.167414 0.167147 0.167253 0.167156
3.62 0.122316 0.122316 0.122316 0.122316 0.0483358 0.0488902 0.0485563 0.0480307 -0.0836223 -0.0841293 -0.0841046 -0.083057 0.217794 0.21812 0.217898 0.217718
3.64 0.0115002 0.0115002 0.0115002 0.0115002 0.395149 0.395559 0.39559 0.395099 0.539216 0.539699 0.539891 0.53908 0.126138 0.125982 0.126272 0.126458
3.66 -0.132806 -0.132806 -0.132806 -0.132806 0.565975 0.566344 0.566357 0.565302 0.90148 0.902778 0.902448 0.901299 0.270781 0.270594 0.2703 0.270353
3.68 -0.292892 -0.292892 -0.292892 -0.292892 0.471792 0.473725 0.473544 0.472666 0.844937 0.844804 0.845057 0.844794 0.749967 0.749871 0.750067 0.750277
3.7 -0.107574 -0.107574 -0.107574 -0.107574 0.153515 0.153605 0.154116 0.153451 0.602017 0.601408 0.601118 0.601855 1.26963 1.2693 1.2692 1.26925
3.72 0.00944064 0.00944064 0.00944064 0.00944064 -0.118945 -0.119866 -0.120478 -0.119157 0.45876 0.458418 0.458838 0.459795 1.43567 1.43543 1.43548 1.4362
3.74 -0.231645 -0.231645 -0.231645 -0.231645 -0.113579 -0.114301 -0.113723 -0.113317 0.474913 0.474555 0.474269 0.473873 1.10639 1.10595 1.10599 1.10601
3.76 -0.262983 -0.262983 -0.262983 -0.262983 0.100892 0.101115 0.100685 0.100772 0.487473 0.488041 0.488028 0.487966 0.475212 0.475022 0.474865 0.47533
3.78 -0.259568 -0.259568 -0.259568 -0.259568 0.262753 0.263745 0.263977 0.262661 0.316635 0.317046 0.317367 0.316829 -0.122384 -0.122334 -0.122081 -0.122215
3.8 -0.103679 -0.103679 -0.103679 -0.103679 0.157461 0.158761 0.158723 0.157782 -0.0611387 -0.0612447 -0.0617218 -0.0617074 -0.480324 -0.480223 -0.480523 -0.480676
3.82 0.231212 0.231212 0.231212 0.231212 -0.160075 -0.160763 -0.160854 -0.160531 -0.510929 -0.510838 -0.510354 -0.510281 -0.629062 -0.628822 -0.628542 -0.628671
3.84 0.253318 0.253318 0.253318 0.253318 -0.43308 -0.433814 -0.433697 -0.432607 -0.845211 -0.845579 -0.845942 -0.845695 -0.733429 -0.733256 -0.733436 -0.733681
3.86 0.181806 0.181806 0.181806 0.181806 -0.489744 -0.49157 -0.491805 -0.491077 -0.946858 -0.947134 -0.946967 -0.946694 -0.912057 -0.911889 -0.911862 -0.912065
3.88 0.256494 0.256494 0.256494 0.256494 -0.337701 -0.336953 -0.336626 -0.335201 -0.83756 -0.837352 -0.837381 -0.837623 -1.11664 -1.1163 -1.1162 -1.11641
3.9 0.280102 0.280102 0.280102 0.280102 -0.0626491 -0.0646649 -0.0647602 -0.0652328 -0.633757 -0.633388 -0.633424 -0.633579 -1.18057 -1.18036 -1.18049 -1.18084
3.92 0.142499 0.142499 0.142499 0.142499 0.12548 0.128023 0.127641 0.127188 -0.414171 -0.414423 -0.414353 -0.414491 -0.969165 -0.968766 -0.968663 -0.968987
3.94 0.112302 0.112302 0.112302 0.112302 0.103178 0.102634 0.103538 0.102766 -0.19144 -0.191261 -0.191356 -0.191031 -0.483355 -0.483185 -0.483255 -0.483441
3.96 0.12178 0.12178 0.12178 0.12178 -0.0283613 -0.0284455 -0.0296684 -0.0289794 0.0385644 0.0384776 0.0386092 0.0382022 0.138304 0.138235 0.138293 0.138352
3.98 0.0969174 0.0969174 0.0969174 0.0969174 -0.0361065 -0.0370884 -0.0358238 -0.034913 0.280458 0.280694 0.280542 0.280736 0.697508 0.697313 0.697269 0.697501
4 0.0055829 0.0055829 0.0055829 0.0055829 0.164267 0.163865 0.16281 0.162946 0.559609 0.559152 0.559337 0.559502 1.03938 1.03913 1.03914 1.03933
4.02 -0.267244 -0.267244 -0.267244 -0.267244 0.399659 0.401077 0.40154 0.399821 0.86441 0.864142 0.863928 0.864329 1.14309 1.14295 1.14297 1.14321
4.04 -0.21536 -0.21536 -0.21536 -0.21536 0.485678 0.486442 0.486496 0.486267 1.07622 1.07639 1.0765 1.07608 1.1223 1.12191 1.12185 1.1221
4.06 -0.194555 -0.194555 -0.194555 -0.194555 0.418561 0.419116 0.418943 0.418739 1.04323 1.0441 1.04417 1.04385 1.0976 1.09734 1.09741 1.0978
4.08 -0.113603 -0.113603 -0.113603 -0.113603 0.279007 0.278814 0.279016 0.278032 0.761797 0.76136 0.761186 0.760893 1.05775 1.05745 1.05744 1.05769
4.1 0.00891491 0.00891491 0.00891491 0.00891491 0.128383 0.129123 0.12886 0.129806 0.402008 0.401904 0.402055 0.402874 0.868914 0.868759 0.868678 0.868776
4.12 0.0329416 0.0329416 0.0329416 0.0329416 0.0142048 0.013576 0.0139956 0.0128556 0.128658 0.128019 0.128007 0.12814 0.44285 0.442826 0.442937 0.443062
4.14 -0.0542706 -0.0542706 -0.0542706 -0.0542706 -0.0598744 -0.0594996 -0.0601113 -0.0589089 -0.0645172 -0.0642532 -0.0644198 -0.0644355 -0.136109 -0.136126 -0.136184 -0.13622
4.16 -0.238173 -0.238173 -0.238173 -0.238173 -0.151016 -0.151077 -0.150269 -0.151337 -0.291595 -0.291215 -0.29089 -0.291262 -0.667042 -0.666978 -0.667 -0.667091
4.18 0.122593 0.122593 0.122593 0.122593 -0.268728 -0.269242 -0.270218 -0.269195 -0.617046 -0.61663 -0.616989 -0.617535 -1.00088 -1.00069 -1.00061 -1.00073
4.2 0.0993498 0.0993498 0.0993498 0.0993498 -0.360397 -0.36075 -0.359876 -0.359788 -0.945418 -0.945793 -0.9456 -0.945319 -1.14689 -1.14658 -1.14664 -1.14699
4.22 -0.156818 -0.156818 -0.156818 -0.156818 -0.475748 -0.475419 -0.476136 -0.477054 -1.09127 -1.092 -1.09209 -1.09129 -1.207 -1.20664 -1.20665 -1.20706
4.24 0.130202 0.130202 0.130202 0.130202 -0.591742 -0.591895 -0.591293 -0.589029 -1.01766 -1.01709 -1.01697 -1.01715 -1.22246 -1.22224 -1.22217 -1.22229
4.26 0.116325 0.116325 0.116325 0.116325 -0.499054 -0.502452 -0.502647 -0.502085 -0.850025 -0.849739 -0.849845 -0.850835 -1.14116 -1.14105 -1.14108 -1.14124
4.28 -0.118289 -0.118289 -0.118289 -0.118289 -0.241685 -0.239223 -0.239696 -0.2395 -0.657173 -0.657071 -0.657078 -0.6564 -0.918372 -0.918127 -0.918178 -0.918443
4.3 -0.00993066 -0.00993066 -0.00993066 -0.00993066 -0.0500006 -0.0508804 -0.0497102 -0.0508026 -0.388319 -0.388982 -0.388793 -0.388784 -0.570816 -0.570573 -0.570498 -0.5707
4.32 -0.0620916 -0.0620916 -0.0620916 -0.0620916 -0.00976345 -0.00849033 -0.0101049 -0.0100904 -0.0491866 -0.0489375 -0.0492983 -0.0491022 -0.137524 -0.137484 -0.13751 -0.137533
4.34 -0.24053 -0.24053 -0.24053 -0.24053 -0.032227 -0.0328938 -0.0312082 -0.0312834 0.265212 0.265376 0.265837 0.265472 0.337977 0.337761 0.337722 0.337858
4.36 0.149862 0.149862 0.149862 0.149862 0.0495273 0.0485381 0.0471483 0.0485317 0.475716 0.476213 0.475813 0.475393 0.776021 0.775772 0.775828 0.776171
4.38 0.0999129 0.0999129 0.0999129 0.0999129 0.312252 0.31223 0.31307 0.312888 0.627234 0.626803 0.627012 0.627354 1.06078 1.06062 1.06062 1.06076
4.4 -0.039873 -0.039873 -0.039873 -0.039873 0.558468 0.560528 0.560322 0.558362 0.829188 0.828392 0.828398 0.829338 1.12777 1.12766 1.12759 1.12763
4.42 0.159371 0.159371 0.159371 0.159371 0.61412 0.614043 0.613722 0.613793 1.03565 1.03599 1.03582 1.0353 1.05474 1.05456 1.05463 1.0549
4.44 0.143562 0.143562 0.143562 0.143562 0.561133 0.561344 0.561965 0.561584 1.05588 1.05662 1.05685 1.05623 0.989775 0.989475 0.989457 0.989729
4.46 -0.0162952 -0.0162952 -0.0162952 -0.0162952 0.460074 0.460625 0.459918 0.459747 0.830396 0.830377 0.83017 0.830165 0.970442 0.970245 0.970204 0.97037
4.48 -0.123241 -0.123241 -0.123241 -0.123241 0.244275 0.245186 0.24581 0.244288 0.510464 0.509734 0.509871 0.510502 0.881669 0.881587 0.881637 0.881754
4.5 -0.163885 -0.163885 -0.163885 -0.163885 -0.0588452 -0.0587292 -0.0591799 -0.0585094 0.237974 0.237869 0.237806 0.238102 0.603704 0.603538 0.603525 0.603696
4.52 -0.635296 -0.635296 -0.635296 -0.635296 -0.356728 -0.356993 -0.356713 -0.357241 -0.0120387 -0.0120274 -0.0120206 -0.0122586 0.146085 0.145871 0.145843 0.146008
4.54 -0.743663 -0.743663 -0.743663 -0.743663 -0.613638 -0.613574 -0.613717 -0.613082 -0.353094 -0.352531 -0.352488 -0.352777 -0.379581 -0.379721 -0.379689 -0.379496
4.56 -0.504323 -0.504323 -0.504323 -0.504323 -0.772414 -0.773489 -0.773411 -0.772828 -0.819956 -0.819608 -0.819647 -0.820238 -0.882488 -0.882506 -0.882488 -0.882467
4.58 -0.232394 -0.232394 -0.232394 -0.232394 -0.780567 -0.782179 -0.782657 -0.782511 -1.28318 -1.28383 -1.28405 -1.28386 -1.35514 -1.35497 -1.35508 -1.3554
4.6 0.182293 0.182293 0.182293 0.182293 -0.670185 -0.669855 -0.669601 -0.668755 -1.54491 -1.54553 -1.54556 -1.54544 -1.80035 -1.80004 -1.80006 -1.80065
4.62 0.322091 0.322091 0.322091 0.322091 -0.48786 -0.487656 -0.487162 -0.486019 -1.53216 -1.53116 -1.53076 -1.52981 -2.12893 -2.12791 -2.12771 -2.12799
4.64 0.381958 0.381958 0.381958 0.381958 -0.299626 -0.300878 -0.301415 -0.301928 -1.3165 -1.31704 -1.31712 -1.31798 -2.16389 -2.16367 -2.16375 -2.16451
4.66 0.301649 0.301649 0.301649 0.301649 -0.180566 -0.179859 -0.179678 -0.179092 -1.02023 -1.01959 -1.01997 -1.02019 -1.78127 -1.78068 -1.78083 -1.78121
4.68 0.119337 0.119337 0.119337 0.119337 -0.158121 -0.158306 -0.158002 -0.158291 -0.677429 -0.677441 -0.676701 -0.676265 -1.0291 -1.02875 -1.02848 -1.02879
4.7 0.149416 0.149416 0.149416 0.149416 -0.161842 -0.162429 -0.163075 -0.162624 -0.252226 -0.252655 -0.253424 -0.253816 -0.119662 -0.119775 -0.120018 -0.120023
4.72 -0.0740124 -0.0740124 -0.0740124 -0.0740124 -0.0552311 -0.0552202 -0.0543446 -0.0535201 0.265317 0.265667 0.26623 0.266924 0.703979 0.703939 0.704066 0.704203
4.74 -0.15186 -0.15186 -0.15186 -0.15186 0.200906 0.199827 0.198781 0.198402 0.823798 0.823062 0.82294 0.822664 1.30155 1.30112 1.30114 1.30158
4.76 -0.0046188 -0.0046188 -0.0046188 -0.0046188 0.547376 0.547812 0.548104 0.546614 1.29859 1.29884 1.29781 1.29659 1.66467 1.66414 1.66394 1.66408
4.78 -0.024751 -0.024751 -0.024751 -0.024751 0.862592 0.863645 0.864049 0.865111 1.59151 1.59206 1.59381 1.5957 1.85912 1.85892 1.85908 1.85976
4.8 0.099186 0.099186 0.099186 0.099186 0.992713 0.994976 0.994602 0.991901 1.6846 1.6842 1.68283 1.68135 1.93902 1.93861 1.93865 1.93884
4.82 0.225285 0.225285 0.225285 0.225285 0.903692 0.90358 0.904057 0.90453 1.58223 1.58232 1.58299 1.58422 1.90503 1.90478 1.90471 1.90517
4.84 0.246048 0.246048 0.246048 0.246048 0.701569 0.702325 0.701872 0.700688 1.32288 1.32305 1.32322 1.32246 1.71965 1.71916 1.71917 1.71939
4.86 0.222002 0.222002 0.222002 0.222002 0.500957 0.50067 0.500959 0.501659 0.962134 0.961724 0.960879 0.961252 1.34184 1.34174 1.34173 1.34208
4.88 0.194726 0.194726 0.194726 0.194726 0.337189 0.337365 0.337283 0.336804 0.561137 0.561325 0.562468 0.562625 0.780016 0.779814 0.779938 0.780044
4.9 0.15428 0.15428 0.15428 0.15428 0.183468 0.18376 0.183698 0.183606 0.158381 0.158282 0.157278 0.157164 0.116494 0.116503 0.116242 0.116144
4.92 0.10598 0.10598 0.10598 0.10598 -0.00125562 -0.0014911 -0.00126554 -0.000550689 -0.252346 -0.252394 -0.251777 -0.251739 -0.518773 -0.518585 -0.518312 -0.518349
4.94 0.0387986 0.0387986 0.0387986 0.0387986 -0.233202 -0.233019 -0.233381 -0.234981 -0.661916 -0.661354 -0.661503 -0.661822 -1.01575 -1.01551 -1.01559 -1.01583
4.96 -0.0746219 -0.0746219 -0.0746219 -0.0746219 -0.497658 -0.497891 -0.497624 -0.49572 -1.0306 -1.03144 -1.03169 -1.03137 -1.33866 -1.33841 -1.33854 -1.33891
4.98 -0.0641156 -0.0641156 -0.0641156 -0.0641156 -0.724064 -0.725291 -0.72518 -0.72508 -1.29445 -1.2933 -1.29282 -1.29314 -1.51779 -1.51753 -1.51734 -1.51755
5 -0.0977467 -0.0977467 -0.0977467 -0.0977467 -0.813037 -0.813372 -0.813858 -0.813171 -1.39764 -1.39899 -1.39946 -1.39912 -1.59761 -1.59721 -1.59734 -1.59762
5.02 -0.364022 -0.364022 -0.364022 -0.364022 -0.77507 -0.775971 -0.775338 -0.77425 -1.33268 -1.33163 -1.33139 -1.3316 -1.5896 -1.58949 -1.58944 -1.58983
5.04 -0.406178 -0.406178 -0.406178 -0.406178 -0.711286 -0.710507 -0.711035 -0.712294 -1.1316 -1.13248 -1.13239 -1.13202 -1.4599 -1.45945 -1.45948 -1.45961
5.06 -0.313942 -0.313942 -0.313942 -0.313942 -0.628074 -0.629714 -0.629486 -0.627375 -0.891604 -0.890615 -0.891015 -0.891891 -1.16925 -1.16933 -1.16925 -1.16943
5.08 -0.415615 -0.415615 -0.415615 -0.415615 -0.503701 -0.502737 -0.502625 -0.503912 -0.654957 -0.655242 -0.654677 -0.654227 -0.744971 -0.744749 -0.744883 -0.744938
5.1 -0.42195 -0.42195 -0.42195 -0.42195 -0.381079 -0.381551 -0.381891 -0.381274 -0.387823 -0.388128 -0.388639 -0.388533 -0.283181 -0.283255 -0.283123 -0.283163
5.12 -0.0636783 -0.0636783 -0.0636783 -0.0636783 -0.228573 -0.228809 -0.228383 -0.22803 -0.0745966 -0.074293 -0.0740025 -0.0741944 0.119059 0.119012 0.118931 0.119085
5.14 0.343433 0.343433 0.343433 0.343433 0.105651 0.104519 0.104187 0.105202 0.250856 0.251037 0.251034 0.250922 0.421474 0.421286 0.421313 0.421408
5.16 0.313084 0.313084 0.313084 0.313084 0.568742 0.569236 0.569343 0.568726 0.582534 0.582162 0.581984 0.582185 0.638971 0.639044 0.639052 0.639034
5.18 0.0585055 0.0585055 0.0585055 0.0585055 0.831626 0.834065 0.834098 0.831796 0.932395 0.931762 0.932 0.93274 0.834024 0.834087 0.834085 0.834058
5.2 -0.0687841 -0.0687841 -0.0687841 -0.0687841 0.696605 0.698138 0.698141 0.696671 1.19327 1.19375 1.19343 1.19289 1.09045 1.09016 1.09018 1.0904
5.22 0.188174 0.188174 0.188174 0.188174 0.406999 0.404877 0.404808 0.406738 1.18521 1.18607 1.18645 1.18575 1.41028 1.40983 1.4097 1.41016
5.24 0.394892 0.394892 0.394892 0.394892 0.341578 0.341318 0.341378 0.34184 0.933424 0.933713 0.933379 0.932839 1.61763 1.61721 1.61745 1.61793
5.26 0.468056 0.468056 0.468056 0.468056 0.543875 0.543579 0.54356 0.543697 0.725153 0.723543 0.723717 0.725511 1.47203 1.47202 1.47174 1.47168
5.28 0.353984 0.353984 0.353984 0.353984 0.729765 0.731953 0.731923 0.729825 0.760197 0.759781 0.759808 0.76016 0.948963 0.948921 0.949135 0.949158
5.3 0.0488045 0.0488045 0.0488045 0.0488045 0.665811 0.666292 0.666348 0.665822 0.851784 0.852075 0.851882 0.851544 0.351129 0.351218 0.351132 0.3512
5.32 -0.269584 -0.269584 -0.269584 -0.269584 0.318835 0.319577 0.319528 0.318757 0.632691 0.634226 0.634509 0.633092 0.0349052 0.0345421 0.0345198 0.0346342
5.34 -0.291438 -0.291438 -0.291438 -0.291438 -0.177813 -0.177982 -0.177949 -0.177542 0.0245408 0.0246847 0.0244118 0.0242133 0.031577 0.0316201 0.0316794 0.0318884
5.36 0.112241 0.112241 0.112241 0.112241 -0.568404 -0.570315 -0.570279 -0.568722 -0.651047 -0.651776 -0.651581 -0.650876 0.00881907 0.0087044 0.00867207 0.00860594
5.38 0.268847 0.268847 0.268847 0.268847 -0.624234 -0.624399 -0.624539 -0.624022 -0.992385 -0.993125 -0.993188 -0.992375 -0.37416 -0.37395 -0.373951 -0.374057
5.4 -0.0908575 -0.0908575 -0.0908575 -0.0908575 -0.406916 -0.408418 -0.408278 -0.407213 -0.911311 -0.912094 -0.912126 -0.911457 -1.07866 -1.07834 -1.0783 -1.07864
5.42 -0.22253 -0.22253 -0.22253 -0.22253 -0.212709 -0.210274 -0.210322 -0.212193 -0.698138 -0.696782 -0.696767 -0.697995 -1.68359 -1.68339 -1.68345 -1.68371
5.44 0.0467954 0.0467954 0.0467954 0.0467954 -0.170408 -0.172897 -0.172934 -0.171052 -0.703228 -0.702363 -0.702312 -0.703284 -1.77149 -1.77114 -1.77108 -1.77137
5.46 -0.00879042 -0.00879042 -0.00879042 -0.00879042 -0.278165 -0.275908 -0.275845 -0.277585 -0.922593 -0.922528 -0.922643 -0.922667 -1.32373 -1.32344 -1.32348 -1.32384
5.48 -0.0180475 -0.0180475 -0.0180475 -0.0180475 -0.496203 -0.497153 -0.497174 -0.496554 -1.00765 -1.00917 -1.00903 -1.00757 -0.703859 -0.703467 -0.703467 -0.703821
5.5 0.00816735 0.00816735 0.00816735 0.00816735 -0.644311 -0.645254 -0.645317 -0.644306 -0.731203 -0.731259 -0.731376 -0.731222 -0.269245 -0.269307 -0.26926 -0.269188
5.52 -0.0231635 -0.0231635 -0.0231635 -0.0231635 -0.444711 -0.446677 -0.44654 -0.444425 -0.23258 -0.232032 -0.231939 -0.232586 -0.0786308 -0.0788138 -0.0788874 -0.0787426
5.54 0.0668208 0.0668208 0.0668208 0.0668208 0.109239 0.10866 0.108531 0.109062 0.221282 0.222013 0.22195 0.221409 0.0432141 0.0431148 0.0431821 0.0433159
5.56 0.158496 0.158496 0.158496 0.158496 0.667824 0.669846 0.669924 0.667529 0.546781 0.546234 0.546278 0.546505 0.267378 0.267541 0.267506 0.267337
5.58 0.292748 0.292748 0.292748 0.292748 0.865206 0.866914 0.866839 0.865967 0.812108 0.811801 0.811791 0.812499 0.637687 0.637799 0.637818 0.637702
5.6 0.126753 0.126753 0.126753 0.126753 0.659473 0.660636 0.660745 0.658454 1.03055 1.03038 1.03039 1.03011 1.09727 1.09711 1.09711 1.09731
5.62 -0.062996 -0.062996 -0.062996 -0.062996 0.313414 0.31243 0.312328 0.314529 1.11059 1.11123 1.1111 1.11092 1.52456 1.52404 1.52402 1.52445
5.64 -0.107685 -0.107685 -0.107685 -0.107685 0.13107 0.130518 0.130616 0.13004 1.01416 1.01427 1.01458 1.01402 1.74439 1.74389 1.7439 1.74447
5.66 -0.25693 -0.25693 -0.25693 -0.25693 0.178136 0.178087 0.177905 0.178812 0.842966 0.84239 0.841946 0.842878 1.59823 1.59785 1.59785 1.59818
5.68 -0.14076 -0.14076 -0.14076 -0.14076 0.286798 0.287947 0.288226 0.286545 0.702534 0.702103 0.702569 0.702678 1.07971 1.07951 1.07948 1.07967
5.7 -0.104849 -0.104849 -0.104849 -0.104849 0.306886 0.30707 0.306733 0.306742 0.536041 0.53643 0.536045 0.535988 0.390208 0.390105 0.390155 0.390289
5.72 -0.262988 -0.262988 -0.262988 -0.262988 0.150629 0.151822 0.152165 0.151142 0.201397 0.201752 0.202008 0.201372 -0.203266 -0.203263 -0.203308 -0.203342
5.74 -0.200492 -0.200492 -0.200492 -0.200492 -0.188944 -0.189256 -0.189413 -0.189337 -0.324406 -0.324162 -0.324231 -0.324167 -0.580947 -0.580876 -0.580847 -0.580894
5.76 -0.0337006 -0.0337006 -0.0337006 -0.0337006 -0.565397 -0.565578 -0.565832 -0.565673 -0.888442 -0.888553 -0.888636 -0.888877 -0.83543 -0.835267 -0.835255 -0.835403
5.78 -0.0956609 -0.0956609 -0.0956609 -0.0956609 -0.797105 -0.798733 -0.798101 -0.796316 -1.27856 -1.27931 -1.27923 -1.27824 -1.1341 -1.13384 -1.13385 -1.1341
5.8 -0.342136 -0.342136 -0.342136 -0.342136 -0.85998 -0.859494 -0.860234 -0.860481 -1.39393 -1.39366 -1.39361 -1.3938 -1.51963 -1.51944 -1.51949 -1.5198
5.82 -0.6038 -0.6038 -0.6038 -0.6038 -0.86183 -0.862762 -0.861941 -0.861924 -1.33412 -1.33469 -1.33485 -1.33475 -1.84371 -1.84331 -1.84321 -1.84344
5.84 -0.623534 -0.623534 -0.623534 -0.623534 -0.884449 -0.884038 -0.884996 -0.883992 -1.29444 -1.29278 -1.29262 -1.29362 -1.90613 -1.90607 -1.90615 -1.90637
5.86 -0.489934 -0.489934 -0.489934 -0.489934 -0.901963 -0.903198 -0.902253 -0.902747 -1.3327 -1.33335 -1.33342 -1.33341 -1.66312 -1.6628 -1.66279 -1.66304
5.88 -0.320331 -0.320331 -0.320331 -0.320331 -0.855398 -0.855281 -0.856145 -0.854465 -1.31568 -1.31549 -1.31559 -1.31533 -1.27011 -1.26993 -1.26985 -1.27003
5.9 -0.167619 -0.167619 -0.167619 -0.167619 -0.695429 -0.696395 -0.695677 -0.696437 -1.06838 -1.06925 -1.069 -1.06837 -0.921143 -0.920906 -0.921041 -0.921294
5.92 -0.169822 -0.169822 -0.169822 -0.169822 -0.414869 -0.415015 -0.415596 -0.413992 -0.598584 -0.59841 -0.59873 -0.598808 -0.658138 -0.658094 -0.657965 -0.658014
5.94 -0.238937 -0.238937 -0.238937 -0.238937 -0.0871789 -0.0870839 -0.0865836 -0.0877094 -0.0842509 -0.0838284 -0.0835117 -0.0839132 -0.362216 -0.362171 -0.362275 -0.362285
5.96 -0.228713 -0.228713 -0.228713 -0.228713 0.158395 0.159355 0.158949 0.158864 0.303312 0.303527 0.303283 0.303114 0.0823403 0.0822493 0.0823283 0.0823669
5.98 0.0100024 0.0100024 0.0100024 0.0100024 0.275469 0.275224 0.2755 0.274663 0.533186 0.533245 0.533448 0.533219 0.64107 0.640963 0.640907 0.641079
6 0.293576 0.293576 0.293576 0.293576 0.362831 0.363034 0.362849 0.364023 0.701063 0.700795 0.700583 0.701052 1.14026 1.14008 1.14014 1.1403
6.02 0.484982 0.484982 0.484982 0.484982 0.549273 0.548674 0.548899 0.547981 0.911248 0.911024 0.911188 0.911161 1.41221 1.41194 1.4119 1.41217
6.04 0.577317 0.577317 0.577317 0.577317 0.836654 0.837024 0.836709 0.837734 1.17339 1.17322 1.17313 1.17377 1.4338 1.43366 1.43363 1.4337
6.06 0.334334 0.334334 0.334334 0.334334 1.05586 1.05754 1.05797 1.0555 1.39243 1.39247 1.39253 1.3918 1.33784 1.33769 1.33776 1.33804
6.08 -0.137932 -0.137932 -0.137932 -0.137932 0.94925 0.950654 0.950146 0.948704 1.43556 1.43547 1.43535 1.43617 1.28926 1.28911 1.28904 1.28908
6.1 -0.13085 -0.13085 -0.13085 -0.13085 0.490023 0.491298 0.491722 0.490973 1.20053 1.20119 1.20138 1.20009 1.33061 1.33017 1.33018 1.33068
6.12 0.127377 0.127377 0.127377 0.127377 0.0424962 0.039747 0.0395398 0.0415327 0.712521 0.71283 0.712556 0.712689 1.31054 1.31016 1.3102 1.31059
6.14 0.206634 0.206634 0.206634 0.206634 -0.077364 -0.0773 -0.0773811 -0.076681 0.193696 0.19313 0.193441 0.193748 0.981468 0.981219 0.981155 0.981344
6.16 0.290913 0.290913 0.290913 0.290913 0.0804037 0.0800696 0.0804741 0.0803442 -0.0998046 -0.100689 -0.100956 -0.0999183 0.248737 0.248896 0.248942 0.248831
6.18 0.295443 0.295443 0.295443 0.295443 0.253144 0.253681 0.253087 0.252806 -0.169932 -0.169903 -0.169735 -0.169723 -0.65055 -0.65028 -0.650285 -0.650555
6.2 0.0358092 0.0358092 0.0358092 0.0358092 0.214671 0.215763 0.216318 0.214791 -0.268984 -0.268016 -0.268004 -0.269229 -1.28644 -1.28619 -1.28619 -1.28643
6.22 -0.205483 -0.205483 -0.205483 -0.205483 -0.135936 -0.134934 -0.135331 -0.135475 -0.592341 -0.592166 -0.592375 -0.59216 -1.39597 -1.39562 -1.39562 -1.39601
6.24 -0.124896 -0.124896 -0.124896 -0.124896 -0.663752 -0.665415 -0.665144 -0.664685 -1.04728 -1.04694 -1.04663 -1.04747 -1.11133 -1.11123 -1.11122 -1.11125
6.26 0.106034 0.106034 0.106034 0.106034 -0.998609 -0.999744 -0.999981 -0.997578 -1.34573 -1.34649 -1.34682 -1.34549 -0.825976 -0.825817 -0.825843 -0.826111
6.28 0.0994067 0.0994067 0.0994067 0.0994067 -0.861452 -0.864253 -0.863984 -0.862278 -1.26494 -1.26531 -1.26499 -1.2652 -0.833672 -0.833549 -0.833526 -0.833535
6.3 -0.111006 -0.111006 -0.111006 -0.111006 -0.384441 -0.383358 -0.383707 -0.384054 -0.830821 -0.831098 -0.831382 -0.830596 -1.06833 -1.06803 -1.06803 -1.06841
6.32 -0.0638504 -0.0638504 -0.0638504 -0.0638504 0.0780109 0.0780101 0.0784121 0.0780569 -0.317333 -0.316673 -0.316437 -0.317509 -1.17012 -1.16992 -1.16996 -1.17013
6.34 0.223665 0.223665 0.223665 0.223665 0.316224 0.31699 0.316656 0.316003 -0.00317675 -0.0021937 -0.00237151 -0.0030572 -0.82572 -0.825507 -0.825446 -0.825656
6.36 0.412258 0.412258 0.412258 0.412258 0.354196 0.354382 0.354586 0.354503 0.107214 0.106906 0.107019 0.107182 -0.0689505 -0.0688084 -0.0688721 -0.0690293
6.38 0.4369 0.4369 0.4369 0.4369 0.299553 0.299851 0.299797 0.299243 0.265565 0.264946 0.264956 0.265669 0.753483 0.753515 0.75357 0.75356
6.4 0.276898 0.276898 0.276898 0.276898 0.285551 0.284819 0.284678 0.285669 0.652421 0.651424 0.651294 0.652181 1.30796 1.30781 1.3078 1.30798
6.42 -0.0589034 -0.0589034 -0.0589034 -0.0589034 0.398422 0.398884 0.399243 0.398652 1.14526 1.14613 1.14626 1.14551 1.53095 1.53039 1.53038 1.53087
6.44 -0.649983 -0.649983 -0.649983 -0.649983 0.520775 0.521694 0.521226 0.520515 1.45907 1.45897 1.45896 1.45896 1.58068 1.58036 1.58034 1.5807
6.46 -1.31662 -1.31662 -1.31662 -1.31662 0.334925 0.337779 0.33819 0.334789 1.40392 1.40419 1.40406 1.40382 1.59781 1.59719 1.59724 1.59785
6.48 -1.38204 -1.38204 -1.38204 -1.38204 -0.263266 -0.262031 -0.262369 -0.26294 0.964462 0.964365 0.964533 0.964572 1.53881 1.53828 1.53823 1.53876
6.5 -1.08625 -1.08625 -1.08625 -1.08625 -0.900285 -0.902474 -0.902191 -0.900672 0.235659 0.23619 0.23603 0.23557 1.20023 1.19939 1.1994 1.2002
6.52 -1.02305 -1.02305 -1.02305 -1.02305 -1.16602 -1.16667 -1.16695 -1.16543 -0.573449 -0.573817 -0.573644 -0.573246 0.377006 0.376721 0.376723 0.377042
6.54 -1.01749 -1.01749 -1.01749 -1.01749 -1.10855 -1.10842 -1.10804 -1.10931 -1.22943 -1.23049 -1.23062 -1.22962 -0.920206 -0.920126 -0.920073 -0.920088
6.56 -0.589686 -0.589686 -0.589686 -0.589686 -0.995317 -0.997149 -0.998081 -0.997756 -1.70049 -1.70036 -1.70062 -1.7015 -2.35678 -2.35654 -2.3567 -2.35722
6.58 0.127805 0.127805 0.127805 0.127805 -0.904359 -0.907476 -0.908746 -0.910858 -2.13525 -2.13715 -2.13836 -2.14183 -3.43566 -3.43592 -3.43631 -3.4375
6.6 0.772431 0.772431 0.772431 0.772431 -0.756947 -0.748677 -0.745876 -0.733826 -2.59052 -2.58349 -2.5813 -2.57631 -3.86994 -3.86692 -3.86607 -3.8658
6.62 1.1109 1.1109 1.1109 1.1109 -0.537884 -0.550825 -0.550021 -0.564621 -2.75492 -2.76122 -2.76107 -2.76466 -3.68685 -3.68746 -3.6877 -3.68988
6.64 1.05279 1.05279 1.05279 1.05279 -0.41532 -0.403431 -0.40974 -0.394674 -2.34734 -2.34573 -2.34898 -2.34534 -3.08986 -3.08748 -3.08811 -3.08882
6.66 0.766705 0.766705 0.766705 0.766705 -0.286564 -0.29789 -0.286204 -0.298079 -1.40037 -1.39998 -1.39447 -1.39573 -2.15376 -2.15397 -2.15275 -2.1532
6.68 0.417246 0.417246 0.417246 0.417246 -0.039345 -0.0332694 -0.0484432 -0.0370204 -0.303188 -0.303681 -0.30972 -0.311027 -0.855736 -0.855205 -0.856541 -0.856945
6.7 0.405114 0.405114 0.405114 0.405114 0.4134 0.408809 0.424859 0.418303 0.643521 0.646491 0.651563 0.652336 0.70473 0.704308 0.705452 0.705969
6.72 0.495706 0.495706 0.495706 0.495706 0.980923 0.982829 0.969384 0.976245 1.53527 1.53172 1.52867 1.5277 2.22204 2.22205 2.22137 2.22141
6.74 0.475961 0.475961 0.475961 0.475961 1.45344 1.45099 1.45519 1.43663 2.45411 2.45149 2.44965 2.44729 3.37294 3.3713 3.37069 3.36989
6.76 0.33562 0.33562 0.33562 0.33562 1.64598 1.67468 1.67736 1.71065 3.26087 3.26582 3.27115 3.27971 4.06887 4.0697 4.07097 4.07395
6.78 -0.153048 -0.153048 -0.153048 -0.153048 1.79146 1.76104 1.76241 1.72207 3.70084 3.70072 3.69712 3.69087 4.40231 4.4003 4.39968 4.3988
6.8 -0.557062 -0.557062 -0.557062 -0.557062 1.68514 1.68842 1.67796 1.70296 3.65043 3.64603 3.64629 3.64515 4.42212 4.42141 4.4216 4.42511
6.82 -0.629101 -0.629101 -0.629101 -0.629101 1.18489 1.20802 1.2259 1.20669 3.07063 3.07809 3.08019 3.08587 4.09178 4.09077 4.09052 4.08865
6.84 -0.587429 -0.587429 -0.587429 -0.587429 0.573586 0.534595 0.515386 0.520248 2.14336 2.13391 2.13105 2.12308 3.27409 3.27308 3.27332 3.27687
6.86 -0.336808 -0.336808 -0.336808 -0.336808 -0.0875751 -0.0464114 -0.0341829 -0.0321891 0.98097 0.989344 0.990102 0.997219 1.90446 1.90431 1.90469 1.90349
6.88 -0.251849 -0.251849 -0.251849 -0.251849 -0.35654 -0.393417 -0.393274 -0.394355 -0.211077 -0.215996 -0.212599 -0.216764 0.095464 0.0943299 0.0927763 0.0934443
6.9 -0.363682 -0.363682 -0.363682 -0.363682 -0.652481 -0.619165 -0.633263 -0.633125 -1.36293 -1.36178 -1.36837 -1.36483 -1.85298 -1.8508 -1.84803 -1.84783
6.92 -0.293813 -0.293813 -0.293813 -0.293813 -1.04647 -1.06265 -1.03689 -1.03326 -2.42271 -2.42195 -2.41348 -2.41564 -3.53603 -3.53691 -3.53951 -3.54139
6.94 0.0738401 0.0738401 0.0738401 0.0738401 -1.43006 -1.42178 -1.45356 -1.42913 -3.24816 -3.24779 -3.25749 -3.2587 -4.65429 -4.65442 -4.65416 -4.65476
6.96 0.4676 0.4676 0.4676 0.4676 -1.64407 -1.64596 -1.61235 -1.62949 -3.82945 -3.82215 -3.8112 -3.8041 -5.0889 -5.08462 -5.08236 -5.08249
6.98 0.388237 0.388237 0.388237 0.388237 -1.70934 -1.72499 -1.75275 -1.77283 -4.03884 -4.05596 -4.06467 -4.07847 -4.93109 -4.93198 -4.93432 -4.93689
7 0.235777 0.235777 0.235777 0.235777 -1.76693 -1.75902 -1.74692 -1.72175 -3.72442 -3.70938 -3.70879 -3.69325 -4.39844 -4.39694 -4.39695 -4.39811
7.02 0.0962266 0.0962266 0.0962266 0.0962266 -1.46247 -1.46769 -1.4611 -1.48236 -2.79576 -2.8076 -2.79896 -2.81137 -3.55818 -3.55645 -3.55435 -3.55361
7.04 -0.171514 -0.171514 -0.171514 -0.171514 -0.899511 -0.908405 -0.931278 -0.92 -1.67215 -1.66549 -1.68248 -1.67685 -2.35729 -2.35818 -2.36031 -2.36224
7.06 -0.0999139 -0.0999139 -0.0999139 -0.0999139 -0.26261 -0.248323 -0.216588 -0.214421 -0.535243 -0.536338 -0.51568 -0.517557 -0.835659 -0.834982 -0.834724 -0.834383
7.08 -0.0775745 -0.0775745 -0.0775745 -0.0775745 0.450836 0.454784 0.423965 0.417548 0.625671 0.628631 0.611733 0.613195 0.825859 0.82569 0.827364 0.828353
7.1 -0.505124 -0.505124 -0.505124 -0.505124 0.805716 0.786989 0.807509 0.830711 1.79295 1.78565 1.79592 1.79695 2.37753 2.37804 2.37694 2.37638
7.12 -0.786984 -0.786984 -0.786984 -0.786984 0.851067 0.894312 0.890407 0.855517 2.78225 2.79303 2.79068 2.79113 3.64853 3.64514 3.64413 3.64509
7.14 -0.638145 -0.638145 -0.638145 -0.638145 0.954583 0.895417 0.885655 0.919282 3.31602 3.30512 3.30126 3.29769 4.5068 4.50808 4.50998 4.51212
7.16 -0.150779 -0.150779 -0.150779 -0.150779 1.1147 1.17153 1.18686 1.15498 3.27865 3.28943 3.29484 3.29622 4.79283 4.78986 4.78917 4.78981
7.18 0.110569 0.110569 0.110569 0.110569 1.58415 1.53603 1.52293 1.54846 3.01108 3.00152 2.99804 2.99911 4.34462 4.34424 4.34279 4.34371
7.2 -0.417763 -0.417763 -0.417763 -0.417763 1.56609 1.60274 1.60846 1.57913 2.65513 2.65824 2.65785 2.65715 3.2505 3.25042 3.2528 3.25289
7.22 -1.08209 -1.08209 -1.08209 -1.08209 0.914424 0.900208 0.902287 0.917307 2.0985 2.09747 2.10078 2.10308 1.91102 1.91051 1.90905 1.91086
7.24 -1.29943 -1.29943 -1.29943 -1.29943 -0.31614 -0.308121 -0.313119 -0.322428 0.936572 0.939239 0.934447 0.930371 0.71977 0.718305 0.718181 0.716681
7.26 -1.32808 -1.32808 -1.32808 -1.32808 -1.47527 -1.47178 -1.46612 -1.43054 -0.840065 -0.837196 -0.830025 -0.824633 -0.339464 -0.33916 -0.338568 -0.335937
7.28 -1.0876 -1.0876 -1.0876 -1.0876 -2.1385 -2.14335 -2.14671 -2.19129 -2.59815 -2.59997 -2.60637 -2.61449 -1.66023 -1.6601 -1.65895 -1.65958
7.3 -0.644187 -0.644187 -0.644187 -0.644187 -2.42723 -2.42867 -2.43255 -2.38289 -3.77036 -3.77398 -3.7703 -3.75783 -3.48847 -3.48843 -3.49123 -3.49311
7.32 0.145767 0.145767 0.145767 0.145767 -2.0526 -2.03849 -2.02233 -2.02576 -4.16095 -4.1507 -4.14909 -4.154 -5.464 -5.46337 -5.46107 -5.46051
7.34 1.14836 1.14836 1.14836 1.14836 -1.45293 -1.46479 -1.48575 -1.46544 -4.05313 -4.04736 -4.04688 -4.03297 -6.72057 -6.71876 -6.7186 -6.72052
7.36 1.67625 1.67625 1.67625 1.67625 -0.689378 -0.745119 -0.729661 -0.86812 -4.16546 -4.20094 -4.2101 -4.26058 -6.69204 -6.68774 -6.68945 -6.69158
7.38 1.63277 1.63277 1.63277 1.63277 -0.294635 -0.200308 -0.223374 -0.0322349 -4.04461 -4.00781 -4.00542 -3.9439 -5.48086 -5.48392 -5.48473 -5.48926
7.4 1.45314 1.45314 1.45314 1.45314 -0.231604 -0.346754 -0.298957 -0.53761 -2.74572 -2.78655 -2.77485 -2.82809 -3.62616 -3.61698 -3.61367 -3.61135
7.42 1.36018 1.36018 1.36018 1.36018 -0.566596 -0.467623 -0.555577 -0.336891 -0.960608 -0.935146 -0.967576 -0.932865 -1.39156 -1.39875 -1.40179 -1.40564
7.44 1.39235 1.39235 1.39235 1.39235 0.360485 0.293486 0.417032 0.265271 0.865959 0.870625 0.919826 0.897434 1.00492 1.00792 1.00764 1.01134
7.46 1.1382 1.1382 1.1382 1.1382 2.00392 2.05485 1.91423 2.09592 2.6819 2.67212 2.62562 2.64986 3.35126 3.35194 3.35835 3.35858
7.48 0.68571 0.68571 0.68571 0.68571 2.60281 2.69361 2.84329 2.70009 4.16963 4.19074 4.23051 4.22638 5.3457 5.34235 5.33274 5.32866
7.5 0.409424 0.409424 0.409424 0.409424 2.33691 2.52463 2.41856 2.70296 4.94252 4.96097 4.95886 4.99913 6.69187 6.69418 6.7031 6.70799
7.52 0.123442 0.123442 0.123442 0.123442 1.84261 1.54436 1.56583 1.08525 5.42269 5.37975 5.36423 5.3089 7.22245 7.21877 7.21768 7.22304
