0.005 0 0 0 0 -5.36266e-06 -2.072e-06 2.41926e-06 5.70909e-06 -3.75198e-07 -2.44682e-07 5.98984e-07 7.29801e-07 1.8616e-05 5.52474e-06 -5.17135e-06 -1.82627e-05
0.025 0 0 0 0 -9.54598e-08 3.21115e-06 7.70235e-06 1.0976e-05 5.6791e-06 5.80465e-06 6.6483e-06 6.78402e-06 2.45972e-05 1.15062e-05 8.1009e-07 -1.22815e-05
0.045 0 0 0 0 8.15795e-06 1.14789e-05 1.59699e-05 1.92287e-05 1.87073e-05 1.88326e-05 1.96761e-05 1.98118e-05 3.78147e-05 2.47217e-05 1.40255e-05 9.35867e-07
0.065 0 0 0 0 1.64149e-05 1.97383e-05 2.42288e-05 2.74839e-05 3.65535e-05 3.66839e-05 3.75273e-05 3.76574e-05 5.85166e-05 4.54181e-05 3.47218e-05 2.16374e-05
0.085 0 0 0 0 2.51784e-05 2.85058e-05 3.29958e-05 3.62456e-05 5.68492e-05 5.69782e-05 5.78211e-05 5.79517e-05 8.64865e-05 7.33812e-05 6.26847e-05 4.96063e-05
0.105 0 0 0 0 3.46859e-05 3.80221e-05 4.25115e-05 4.57512e-05 7.81772e-05 7.82989e-05 7.91413e-05 7.92779e-05 0.000117997 0.000104885 9.41882e-05 8.11158e-05
0.125 0 0 0 0 4.27582e-05 4.60952e-05 5.05841e-05 5.38215e-05 9.81073e-05 9.82287e-05 9.90706e-05 9.92065e-05 0.000145823 0.000132704 0.000122007 0.000108941
0.145 0 0 0 0 4.8705e-05 5.2039e-05 5.65275e-05 5.97666e-05 0.000113096 0.000113222 0.000114064 0.000114194 0.000164579 0.000151455 0.000140757 0.000127697
0.165 0 0 0 0 5.31341e-05 5.64757e-05 6.0964e-05 6.41951e-05 0.000120388 0.000120514 0.000121355 0.000121487 0.000172636 0.00015951 0.000148813 0.000135754
0.185 0 0 0 0 5.39624e-05 5.73128e-05 6.18011e-05 6.50236e-05 0.000118683 0.000118805 0.000119647 0.000119782 0.000169325 0.000156201 0.000145504 0.000132442
0.205 0 0 0 0 4.91304e-05 5.24757e-05 5.69641e-05 6.01916e-05 0.000108454 0.000108578 0.00010942 0.000109553 0.000155334 0.000142213 0.000131516 0.000118452
0.225 0 0 0 0 3.94857e-05 4.28163e-05 4.73047e-05 5.05469e-05 9.06067e-05 9.07338e-05 9.15754e-05 9.1705e-05 0.0001328 0.000119682 0.000108985 9.59171e-05
0.245 0 0 0 0 2.81927e-05 3.15134e-05 3.60018e-05 3.92538e-05 6.75441e-05 6.7669e-05 6.85106e-05 6.86424e-05 0.000104808 9.16971e-05 8.09999e-05 6.79256e-05
0.265 0 0 0 0 1.53212e-05 1.86305e-05 2.31188e-05 2.63824e-05 4.10628e-05 4.11862e-05 4.20278e-05 4.2161e-05 7.19988e-05 5.88948e-05 4.81975e-05 3.51161e-05
0.285 0 0 0 0 3.01524e-06 6.31277e-06 1.08011e-05 1.40764e-05 1.50874e-05 1.52125e-05 1.60542e-05 1.61857e-05 3.78054e-05 2.47085e-05 1.40113e-05 9.22751e-07
0.305 0 0 0 0 -5.10711e-06 -1.811e-06 2.67725e-06 5.95363e-06 -5.29826e-06 -5.17329e-06 -4.33185e-06 -4.20065e-06 8.91624e-06 -4.17393e-06 -1.48713e-05 -2.79669e-05
0.325 0 0 0 0 -1.13129e-05 -8.0209e-06 -3.53316e-06 -2.53844e-07 -1.98735e-05 -1.9747e-05 -1.89059e-05 -1.8777e-05 -1.18972e-05 -2.4983e-05 -3.56806e-05 -4.87811e-05
0.345 0 0 0 0 -1.80167e-05 -1.47389e-05 -1.02514e-05 -6.95835e-06 -3.04182e-05 -3.02883e-05 -2.94474e-05 -2.93223e-05 -2.42024e-05 -3.72867e-05 -4.79843e-05 -6.10865e-05
0.365 0 0 0 0 -2.04828e-05 -1.7208e-05 -1.27205e-05 -9.42468e-06 -3.38872e-05 -3.37616e-05 -3.29206e-05 -3.27912e-05 -2.51696e-05 -3.82535e-05 -4.89511e-05 -6.20538e-05
0.385 0 0 0 0 -1.43509e-05 -1.10601e-05 -6.57261e-06 -3.29277e-06 -2.45847e-05 -2.44666e-05 -2.36257e-05 -2.34887e-05 -1.26218e-05 -2.57066e-05 -3.64043e-05 -4.95059e-05
0.405 0 0 0 0 -5.3267e-06 -2.03168e-06 2.45584e-06 5.73147e-06 -5.61167e-06 -5.48687e-06 -4.64592e-06 -4.51565e-06 8.50941e-06 -4.58088e-06 -1.52786e-05 -2.83748e-05
0.425 0 0 0 0 3.50328e-06 6.79503e-06 1.12825e-05 1.45614e-05 1.63336e-05 1.64677e-05 1.73086e-05 1.74296e-05 3.50332e-05 2.19353e-05 1.12376e-05 -1.85094e-06
0.445 0 0 0 0 1.25055e-05 1.58067e-05 2.02942e-05 2.35636e-05 3.62488e-05 3.6377e-05 3.72179e-05 3.73448e-05 6.42259e-05 5.11224e-05 4.04247e-05 2.73418e-05
0.465 0 0 0 0 2.197e-05 2.52878e-05 2.97753e-05 3.30281e-05 5.49172e-05 5.50346e-05 5.58755e-05 5.60132e-05 9.2242e-05 7.91342e-05 6.84365e-05 5.53579e-05
0.485 0 0 0 0 2.96544e-05 3.29747e-05 3.74622e-05 4.07125e-05 7.22808e-05 7.2402e-05 7.3243e-05 7.33768e-05 0.000113702 0.000100588 8.98907e-05 7.68174e-05
0.505 0 0 0 0 3.77308e-05 4.1057e-05 4.55445e-05 4.8789e-05 8.78553e-05 8.79832e-05 8.88241e-05 8.89514e-05 0.000129403 0.000116286 0.000105588 9.25192e-05
0.525 0 0 0 0 4.02826e-05 4.36098e-05 4.80973e-05 5.13407e-05 9.32457e-05 9.3376e-05 9.42169e-05 9.43417e-05 0.000135145 0.000122027 0.000111329 9.82612e-05
0.545 0 0 0 0 2.91291e-05 3.24303e-05 3.69178e-05 4.01873e-05 7.84131e-05 7.85459e-05 7.93869e-05 7.95092e-05 0.000121978 0.00010886 9.8162e-05 8.50934e-05
0.565 0 0 0 0 1.03929e-05 1.3668e-05 1.81555e-05 2.1451e-05 4.60228e-05 4.61504e-05 4.69913e-05 4.71188e-05 8.87079e-05 7.55966e-05 6.4899e-05 5.18238e-05
0.585 0 0 0 0 7.53099e-07 4.04723e-06 8.53473e-06 1.18112e-05 1.48448e-05 1.49563e-05 1.57972e-05 1.59408e-05 4.74538e-05 3.43556e-05 2.36579e-05 1.05696e-05
0.605 0 0 0 0 6.7105e-06 1.00525e-05 1.454e-05 1.77686e-05 4.12571e-06 4.23328e-06 5.0742e-06 5.2217e-06 1.64256e-05 3.33883e-06 -7.35884e-06 -2.04585e-05
0.625 0 0 0 0 1.16401e-05 1.49831e-05 1.94706e-05 2.26981e-05 7.82601e-06 7.96011e-06 8.8008e-06 8.92094e-06 2.85636e-06 -1.02301e-05 -2.0928e-05 -3.40289e-05
0.645 0 0 0 0 1.52705e-06 4.81815e-06 9.3056e-06 1.2585e-05 4.84315e-06 4.99781e-06 5.83856e-06 5.93821e-06 4.30962e-06 -8.78326e-06 -1.94811e-05 -3.25755e-05
0.665 0 0 0 0 -1.98044e-05 -1.6564e-05 -1.20765e-05 -8.74639e-06 -1.48572e-05 -1.4723e-05 -1.38823e-05 -1.37623e-05 9.32751e-06 -3.76818e-06 -1.4466e-05 -2.75577e-05
0.685 0 0 0 0 -4.23276e-05 -3.91233e-05 -3.46353e-05 -3.12688e-05 -4.49575e-05 -4.48489e-05 -4.40086e-05 -4.38636e-05 -2.82408e-06 -1.59167e-05 -2.66145e-05 -3.97091e-05
0.705 0 0 0 0 -3.73952e-05 -3.41507e-05 -2.96632e-05 -2.63375e-05 -5.23748e-05 -5.22756e-05 -5.14351e-05 -5.12806e-05 -2.24933e-05 -3.55772e-05 -4.62751e-05 -5.93785e-05
0.725 0 0 0 0 -1.35772e-05 -1.02703e-05 -5.78289e-06 -2.52004e-06 -3.48095e-05 -3.46837e-05 -3.38435e-05 -3.37159e-05 -3.94305e-05 -5.25087e-05 -6.32066e-05 -7.63158e-05
0.745 0 0 0 0 4.22787e-07 3.74411e-06 8.23144e-06 1.14799e-05 -1.7424e-05 -1.72647e-05 -1.64254e-05 -1.63336e-05 -4.34778e-05 -5.65579e-05 -6.72563e-05 -8.03651e-05
0.765 0 0 0 0 -7.4866e-06 -4.19296e-06 2.94379e-07 3.5705e-06 -1.92556e-05 -1.91056e-05 -1.82663e-05 -1.8165e-05 -2.91018e-05 -4.21863e-05 -5.28846e-05 -6.59889e-05
0.785 0 0 0 0 -1.88523e-05 -1.5576e-05 -1.10887e-05 -7.7952e-06 -2.38265e-05 -2.37238e-05 -2.28844e-05 -2.27358e-05 3.46973e-06 -9.61864e-06 -2.03169e-05 -3.34172e-05
0.805 0 0 0 0 -1.90638e-05 -1.5806e-05 -1.13187e-05 -8.00663e-06 -1.02348e-05 -1.01421e-05 -9.30266e-06 -9.14409e-06 3.70988e-05 2.40019e-05 1.33037e-05 2.11715e-07
0.825 0 0 0 0 -8.26066e-06 -5.02247e-06 -5.35108e-07 2.79649e-06 1.57938e-05 1.59276e-05 1.6767e-05 1.68844e-05 5.3785e-05 4.06783e-05 2.99801e-05 1.6898e-05
0.845 0 0 0 0 2.75048e-05 3.08357e-05 3.53231e-05 3.8562e-05 5.51837e-05 5.53169e-05 5.61563e-05 5.62743e-05 7.53304e-05 6.22256e-05 5.15274e-05 3.84433e-05
0.865 0 0 0 0 9.1274e-05 9.47952e-05 9.92836e-05 0.000102334 0.000128581 0.000128666 0.000129505 0.000129671 0.000142356 0.000129254 0.000118556 0.000105469
0.885 0 0 0 0 0.000127938 0.000131459 0.000135945 0.00013899 0.000212784 0.0002129 0.000213739 0.000213874 0.000241258 0.00022813 0.000217431 0.00020437
0.905 0 0 0 0 0.000113006 0.000116335 0.000120818 0.000124048 0.000260028 0.000260207 0.000261045 0.000261112 0.000335143 0.00032197 0.000311271 0.000298254
0.925 0 0 0 0 9.38386e-05 9.71037e-05 0.000101587 0.00010488 0.000264057 0.000264179 0.000265014 0.000265132 0.000401934 0.000388741 0.00037804 0.000365037
0.945 0 0 0 0 8.97826e-05 9.31102e-05 9.75935e-05 0.000100825 0.000242915 0.000242956 0.00024379 0.000243987 0.000402177 0.000388995 0.000378294 0.000365277
0.965 0 0 0 0 9.40023e-05 9.73668e-05 0.00010185 0.000105044 0.000219448 0.000219529 0.000220363 0.00022052 0.000326644 0.000313479 0.000302778 0.000289745
0.985 0 0 0 0 0.000106721 0.000110139 0.000114622 0.000117763 0.000198117 0.00019827 0.000199104 0.000199189 0.000225554 0.00021241 0.000201709 0.000188655
1.005 0 0 0 0 9.17072e-05 9.515e-05 9.96333e-05 0.000102749 0.000143511 0.000143672 0.000144505 0.000144583 0.000132623 0.000119502 0.000108801 9.57241e-05
1.025 0 0 0 0 1.22974e-05 1.55979e-05 2.00812e-05 2.33392e-05 2.60097e-05 2.61447e-05 2.69786e-05 2.70816e-05 3.49039e-05 2.17984e-05 1.10971e-05 -1.99512e-06
1.045 0 0 0 0 -6.59586e-05 -6.27761e-05 -5.82932e-05 -5.49186e-05 -9.24492e-05 -9.23727e-05 -9.15387e-05 -9.13773e-05 -5.10186e-05 -6.41058e-05 -7.48071e-05 -8.79177e-05
1.065 0 0 0 0 -9.55855e-05 -9.24162e-05 -8.7935e-05 -8.45515e-05 -0.000156149 -0.000156088 -0.000155253 -0.000155076 -0.000127118 -0.000140187 -0.000150889 -0.000164018
1.085 0 0 0 0 -0.000129829 -0.000126769 -0.000122289 -0.000118798 -0.000217318 -0.000217153 -0.000216321 -0.000216251 -0.00024661 -0.00025967 -0.000270371 -0.00028351
1.105 0 0 0 0 -0.000117398 -0.00011422 -0.000109742 -0.000106374 -0.000251133 -0.000250984 -0.000250154 -0.000250073 -0.000331586 -0.000344616 -0.00035532 -0.000368493
1.125 0 0 0 0 -3.4928e-05 -3.14091e-05 -2.69323e-05 -2.3909e-05 -0.000191012 -0.000190988 -0.000190158 -0.000189955 -0.000289387 -0.000302388 -0.000313092 -0.000326295
1.145 0 0 0 0 -4.50907e-05 -4.17867e-05 -3.73095e-05 -3.40708e-05 -0.000134585 -0.000134431 -0.000133602 -0.000133528 -0.000214876 -0.000227925 -0.000238629 -0.000251784
1.165 0 0 0 0 -0.00013423 -0.000131371 -0.000126894 -0.000123209 -0.000152124 -0.000151846 -0.000151016 -0.000151067 -0.000156468 -0.000169577 -0.000180281 -0.000193376
1.185 0 0 0 0 -0.000135428 -0.000132417 -0.000127939 -0.000124407 -0.000170089 -0.000170039 -0.000169209 -0.000169032 -8.33093e-05 -9.64001e-05 -0.000107104 -0.000120218
1.205 0 0 0 0 -2.26178e-05 -1.91587e-05 -1.46806e-05 -1.15957e-05 -7.76229e-05 -7.7748e-05 -7.69187e-05 -7.6567e-05 -7.7114e-07 -1.38293e-05 -2.45331e-05 -3.76788e-05
1.225 0 0 0 0 7.58851e-05 7.9346e-05 8.38241e-05 8.69072e-05 9.46965e-05 9.48412e-05 9.56707e-05 9.57526e-05 6.23938e-05 4.92906e-05 3.85866e-05 2.54858e-05
1.245 0 0 0 0 2.59114e-05 2.89323e-05 3.34106e-05 3.69344e-05 0.00011654 0.000116992 0.000117821 0.000117593 4.89031e-05 3.57382e-05 2.50351e-05 1.19968e-05
1.265 0 0 0 0 -2.65822e-05 -2.3432e-05 -1.89537e-05 -1.55594e-05 5.87651e-06 6.01855e-06 6.8473e-06 6.93024e-06 5.38098e-05 4.06865e-05 2.99832e-05 1.69028e-05
1.285 0 0 0 0 -6.25498e-05 -5.91736e-05 -5.46953e-05 -5.15266e-05 -0.000113253 -0.000113445 -0.000112616 -0.000112201 2.44818e-05 1.14191e-05 7.16153e-07 -1.24242e-05
1.305 0 0 0 0 -4.8436e-05 -4.51498e-05 -4.06716e-05 -3.74129e-05 -8.34092e-05 -8.34113e-05 -8.25828e-05 -8.23565e-05 -2.79022e-05 -4.09802e-05 -5.16833e-05 -6.48086e-05
1.325 0 0 0 0 -8.64899e-05 -8.36087e-05 -7.91304e-05 -7.54666e-05 -8.39803e-05 -8.35592e-05 -8.27308e-05 -8.29281e-05 -0.00016496 -0.000178081 -0.000188784 -0.000201866
1.345 0 0 0 0 -0.000214435 -0.000211707 -0.000207228 -0.000203409 -0.00031345 -0.000313076 -0.000312248 -0.000312399 -0.000405049 -0.00041812 -0.000428823 -0.000441957
1.365 0 0 0 0 -0.000402427 -0.00039964 -0.000395174 -0.00039145 -0.000722199 -0.00072221 -0.000721383 -0.000721149 -0.000756594 -0.000769534 -0.000780239 -0.000793506
1.385 0 0 0 0 -0.000431295 -0.000428185 -0.00042373 -0.000420361 -0.000925606 -0.000925833 -0.000925009 -0.000924572 -0.00103252 -0.00104534 -0.00105605 -0.00106943
1.405 0 0 0 0 -0.000252977 -0.000249528 -0.000245074 -0.000242047 -0.000730568 -0.000730551 -0.000729736 -0.000729565 -0.00105187 -0.0010647 -0.00107541 -0.00108881
1.425 0 0 0 0 -0.00023466 -0.000231735 -0.000227279 -0.000223724 -0.000556335 -0.00055578 -0.000554968 -0.000555343 -0.000973816 -0.000986761 -0.000997474 -0.00101076
1.445 0 0 0 0 -0.00028237 -0.000279593 -0.000275137 -0.000271433 -0.000527315 -0.000526973 -0.000526161 -0.000526324 -0.000728712 -0.000741703 -0.000752417 -0.00076566
1.465 0 0 0 0 -0.000214257 -0.000210967 -0.000206511 -0.000203321 -0.00043153 -0.000431862 -0.00043105 -0.000430539 -0.000323818 -0.000336794 -0.000347508 -0.000360766
1.485 0 0 0 0 2.96358e-05 3.32684e-05 3.77243e-05 4.05716e-05 1.07009e-05 1.03705e-05 1.11814e-05 1.16876e-05 0.000182643 0.000169566 0.000158851 0.000145689
1.505 0 0 0 0 0.000279481 0.000282802 0.000287251 0.000290385 0.000597796 0.000598175 0.000598987 0.000598785 0.000652418 0.00063913 0.000628415 0.000615462
1.525 0 0 0 0 0.000592806 0.000596571 0.000601004 0.000603641 0.00113509 0.00113548 0.00113629 0.00113606 0.00122671 0.00121331 0.00120259 0.00118974
1.545 0 0 0 0 0.00068974 0.000693795 0.00069822 0.000700546 0.0013423 0.00134227 0.00134306 0.00134322 0.00168869 0.00167524 0.00166452 0.00165172
1.565 0 0 0 0 0.000530488 0.000533967 0.000538389 0.000541282 0.00127734 0.00127722 0.00127801 0.00127822 0.00185693 0.00184339 0.00183266 0.00181992
1.585 0 0 0 0 0.000257794 0.000260409 0.000264827 0.000268576 0.000978396 0.000978528 0.00097931 0.000979263 0.00157791 0.00156434 0.0015536 0.00154089
1.605 0 0 0 0 0.000150157 0.000153049 0.000157468 0.00016094 0.000570634 0.000570651 0.000571431 0.000571497 0.000960581 0.000947191 0.00093646 0.000923567
1.625 0 0 0 0 0.000196189 0.00020006 0.000204479 0.000206974 0.000205891 0.000205681 0.00020646 0.000206752 0.000218259 0.000205143 0.000194412 0.000181246
1.645 0 0 0 0 -4.41308e-05 -4.07148e-05 -3.62959e-05 -3.33472e-05 -0.000307785 -0.000307547 -0.000306767 -0.000306923 -0.000658672 -0.000671659 -0.00068239 -0.000695685
1.665 0 0 0 0 -0.000430946 -0.000428312 -0.000423893 -0.00042016 -0.00092356 -0.000923147 -0.00092237 -0.000922709 -0.00136942 -0.00138232 -0.00139305 -0.00140644
1.685 0 0 0 0 -0.000748346 -0.000745879 -0.000741478 -0.000737642 -0.00150438 -0.00150446 -0.00150369 -0.00150354 -0.00181037 -0.00182312 -0.00183385 -0.00184739
1.705 0 0 0 0 -0.000924588 -0.000922223 -0.000917836 -0.000913951 -0.00183385 -0.00183418 -0.00183341 -0.00183301 -0.00208057 -0.00209324 -0.00210398 -0.0021176
1.725 0 0 0 0 -0.0010162 -0.00101439 -0.00101 -0.00100557 -0.00191472 -0.00191458 -0.00191382 -0.00191391 -0.00231919 -0.00233189 -0.00234263 -0.00235622
1.745 0 0 0 0 -0.000793955 -0.000791603 -0.000787219 -0.00078333 -0.00168171 -0.00168149 -0.00168073 -0.00168093 -0.0022561 -0.00226879 -0.00227953 -0.00229314
1.765 0 0 0 0 -0.000198322 -0.000194206 -0.000189827 -0.000187715 -0.000973881 -0.00097418 -0.000973418 -0.000973098 -0.0015501 -0.00156277 -0.00157351 -0.00158714
1.785 0 0 0 0 0.000158647 0.000162716 0.000167097 0.000169259 -0.000107245 -0.000107257 -0.000106498 -0.000106469 -0.000479721 -0.00049268 -0.000503421 -0.000516764
1.805 0 0 0 0 0.000272284 0.000275213 0.000279595 0.0002829 0.000698581 0.000699031 0.00069979 0.000699356 0.000800515 0.000787114 0.000776373 0.000763471
1.825 0 0 0 0 0.000394098 0.000396791 0.00040117 0.000404704 0.00127489 0.00127495 0.00127571 0.00127567 0.00199121 0.00197755 0.00196681 0.00195416
1.845 0 0 0 0 0.000588931 0.000592132 0.000596499 0.000599488 0.0016485 0.00164797 0.00164869 0.00164912 0.00268461 0.00267084 0.00266009 0.0026475
1.865 0 0 0 0 0.000690304 0.000693507 0.000697869 0.000700833 0.00177044 0.00177029 0.00177101 0.00177107 0.00258996 0.00257617 0.00256542 0.00255285
1.885 0 0 0 0 0.00100671 0.00101098 0.00101534 0.00101721 0.00191389 0.00191393 0.00191465 0.00191452 0.00225643 0.00224279 0.00223203 0.00221932
1.905 0 0 0 0 0.00119587 0.00120107 0.00120543 0.00120638 0.00190245 0.00190242 0.00190314 0.00190307 0.0019285 0.001915 0.00190424 0.00189138
1.925 0 0 0 0 0.000693658 0.000697432 0.000701791 0.000704151 0.00130178 0.00130207 0.00130278 0.0013024 0.00138717 0.00137367 0.00136291 0.00135006
1.945 0 0 0 0 2.12196e-05 2.3659e-05 2.80187e-05 3.17138e-05 0.000406384 0.000406385 0.000407105 0.000407002 0.000800697 0.000787265 0.000776507 0.000763581
1.965 0 0 0 0 -0.000318934 -0.000316386 -0.000312026 -0.000308437 -0.000329471 -0.000330132 -0.000329414 -0.000328857 0.000153198 0.000140002 0.000129246 0.000116087
1.985 0 0 0 0 -0.000307973 -0.000304938 -0.000300578 -0.000297474 -0.00063645 -0.000636936 -0.000636217 -0.000635833 -0.000595174 -0.000608175 -0.000618933 -0.00063229
2.005 0 0 0 0 -0.000286627 -0.00028376 -0.0002794 -0.000276129 -0.000775368 -0.000774933 -0.000774215 -0.000774751 -0.00136303 -0.00137596 -0.00138672 -0.00140014
2.025 0 0 0 0 -0.000414615 -0.000411842 -0.000407481 -0.000404112 -0.00110246 -0.00110191 -0.00110119 -0.00110186 -0.0018872 -0.00190003 -0.0019108 -0.00192435
2.045 0 0 0 0 -0.000449429 -0.000445883 -0.000441522 -0.000438926 -0.00131412 -0.00131456 -0.00131385 -0.00131352 -0.0017973 -0.00180998 -0.00182074 -0.00183444
2.065 0 0 0 0 -0.000448948 -0.000445624 -0.000441261 -0.000438442 -0.00111177 -0.00111244 -0.00111173 -0.00111118 -0.00126672 -0.00127953 -0.00129029 -0.00130387
2.085 0 0 0 0 -0.000364309 -0.000362087 -0.000357725 -0.000353804 -0.000514329 -0.000514188 -0.000513475 -0.000513736 -0.000541568 -0.000554716 -0.000565477 -0.000578711
2.105 0 0 0 0 -0.000137033 -0.000134959 -0.000130597 -0.000126529 7.09001e-05 7.13324e-05 7.20452e-05 7.14937e-05 0.000158585 0.000145226 0.000134465 0.000121441
2.125 0 0 0 0 0.000214568 0.000217899 0.00022226 0.000225072 0.000483836 0.000483588 0.000484301 0.000484429 0.000741978 0.000728647 0.000717886 0.000704835
2.145 0 0 0 0 0.000560953 0.000565268 0.00056963 0.000571459 0.000916359 0.000915778 0.000916491 0.000916953 0.00121634 0.00120301 0.00119225 0.0011792
2.165 0 0 0 0 0.00101646 0.00102128 0.00102564 0.00102696 0.00170399 0.00170376 0.00170448 0.00170458 0.00191469 0.00190118 0.00189042 0.00187754
2.185 0 0 0 0 0.00112853 0.00113248 0.00113682 0.00113896 0.00225605 0.00225654 0.00225725 0.00225665 0.00254653 0.00253273 0.00252197 0.00250938
2.205 0 0 0 0 0.000812472 0.000815316 0.00081966 0.000822893 0.00209154 0.00209193 0.00209265 0.00209216 0.0027937 0.00277977 0.00276901 0.00275655
2.225 0 0 0 0 0.000499224 0.000502192 0.000506532 0.000509634 0.00150832 0.00150775 0.00150847 0.00150894 0.00256462 0.00255086 0.0025401 0.00252747
2.245 0 0 0 0 0.000498534 0.000502331 0.000506668 0.000508942 0.00113402 0.00113312 0.00113383 0.00113462 0.00193375 0.00192024 0.00190948 0.0018966
2.265 0 0 0 0 0.000505766 0.000509389 0.000513726 0.000516173 0.000912955 0.000913117 0.000913834 0.000913557 0.000949921 0.000936514 0.000925752 0.000912766
2.285 0 0 0 0 0.000277304 0.000280433 0.00028477 0.000287712 0.000378822 0.000379667 0.000380383 0.000379425 -0.000101235 -0.000114499 -0.000125263 -0.00013839
2.305 0 0 0 0 1.926e-06 5.66178e-06 9.99893e-06 1.23327e-05 -0.000377481 -0.000377612 -0.000376894 -0.000376877 -0.000753842 -0.000766799 -0.000777562 -0.000790997
2.325 0 0 0 0 -0.00031113 -0.000307446 -0.000303106 -0.000300717 -0.00092421 -0.000925071 -0.000924355 -0.000923607 -0.00101787 -0.00103069 -0.00104146 -0.00105503
2.345 0 0 0 0 -0.000653448 -0.000651445 -0.000647103 -0.000643027 -0.00109773 -0.0010978 -0.00109709 -0.00109713 -0.00116671 -0.0011797 -0.00119046 -0.00120386
2.365 0 0 0 0 -0.000767467 -0.000766307 -0.000761971 -0.000757058 -0.00111277 -0.00111223 -0.00111152 -0.00111217 -0.00129076 -0.00130385 -0.00131462 -0.00132791
2.385 0 0 0 0 -0.000468642 -0.000465894 -0.000461557 -0.000458233 -0.00100916 -0.00100935 -0.00100863 -0.00100856 -0.00124315 -0.00125606 -0.00126682 -0.00128031
2.405 0 0 0 0 -0.000154762 -0.000150834 -0.000146497 -0.000144352 -0.00075298 -0.000753536 -0.000752819 -0.000752375 -0.00107322 -0.00108604 -0.00109681 -0.00111038
2.425 0 0 0 0 -9.01945e-05 -8.70473e-05 -8.27091e-05 -7.97833e-05 -0.000380063 -0.000379861 -0.000379145 -0.00037946 -0.000759196 -0.000772233 -0.000782996 -0.000796352
2.445 0 0 0 0 -7.13147e-05 -6.8818e-05 -6.448e-05 -6.09038e-05 -3.62783e-05 -3.58228e-05 -3.51066e-05 -3.56758e-05 -0.000188786 -0.000202035 -0.000212798 -0.000225942
2.465 0 0 0 0 -2.55929e-05 -2.28171e-05 -1.84794e-05 -1.5183e-05 0.000139965 0.000139751 0.000140467 0.000140568 0.000420248 0.000406945 0.000396182 0.000383092
2.485 0 0 0 0 3.2462e-05 3.54239e-05 3.97614e-05 4.28714e-05 0.000285651 0.000285115 0.000285832 0.000286253 0.000779623 0.000766285 0.000755522 0.000742468
2.505 0 0 0 0 0.000147453 0.000150274 0.000154611 0.000157864 0.000514048 0.000513996 0.000514713 0.000514651 0.000830855 0.000817441 0.000806677 0.000793699
2.525 0 0 0 0 0.000183469 0.000186171 0.00019051 0.000193881 0.000520783 0.000521205 0.000521921 0.000521386 0.000558952 0.000545543 0.00053478 0.000521796
2.545 0 0 0 0 0.00019051 0.000193904 0.000198242 0.000200922 0.000274943 0.000274958 0.000275674 0.000275546 0.000221439 0.000208205 0.000197442 0.000184283
2.565 0 0 0 0 -1.69001e-05 -1.35022e-05 -9.16433e-06 -6.48924e-06 -0.000168946 -0.000169257 -0.00016854 -0.000168343 -0.000198162 -0.000211259 -0.000222022 -0.000235318
2.585 0 0 0 0 -0.000303617 -0.000300971 -0.000296633 -0.000293205 -0.000548578 -0.000548676 -0.00054796 -0.000547975 -0.000603442 -0.000616521 -0.000627285 -0.000640598
2.605 0 0 0 0 -0.000464133 -0.000461891 -0.000457552 -0.000453719 -0.000799104 -0.000799026 -0.000798309 -0.0007985 -0.000934082 -0.00094713 -0.000957893 -0.000971239
2.625 0 0 0 0 -0.000213661 -0.000210288 -0.00020595 -0.00020325 -0.000661902 -0.000662226 -0.000661509 -0.000661298 -0.000889873 -0.000902805 -0.000913568 -0.000927029
2.645 0 0 0 0 -4.58599e-06 -9.04205e-07 3.43336e-06 5.82419e-06 -0.000342876 -0.000343051 -0.000342334 -0.000342271 -0.000650312 -0.000663295 -0.000674058 -0.000687468
2.665 0 0 0 0 8.13536e-05 8.45168e-05 8.88546e-05 9.17644e-05 4.61638e-05 4.63991e-05 4.71157e-05 4.67668e-05 -0.000174086 -0.000187265 -0.000198029 -0.000211243
2.685 0 0 0 0 0.000147986 0.000150962 0.0001553 0.000158397 0.000381838 0.000381917 0.000382634 0.000382441 0.000490444 0.000477108 0.000466345 0.000453288
2.705 0 0 0 0 0.000260678 0.000263897 0.000268235 0.000271089 0.000674341 0.000673969 0.000674686 0.000674945 0.00112778 0.00111436 0.0011036 0.00109062
2.725 0 0 0 0 0.000600541 0.000604432 0.000608772 0.000610957 0.00122205 0.00122156 0.00122227 0.00122266 0.00174988 0.00173637 0.00172561 0.00171272
2.745 0 0 0 0 0.000740085 0.000743512 0.00074785 0.000750497 0.00162261 0.00162284 0.00162355 0.00162321 0.00200583 0.00199214 0.00198138 0.00196867
2.765 0 0 0 0 0.000420415 0.000422694 0.000427032 0.000430825 0.00129774 0.00129844 0.00129916 0.00129834 0.00164838 0.00163465 0.00162389 0.00161123
2.785 0 0 0 0 -0.0002216 -0.000219865 -0.000215527 -0.000211191 0.000130147 0.000130246 0.000130963 0.000130751 0.000588914 0.00057546 0.000564697 0.000551759
2.805 0 0 0 0 -0.00090699 -0.000905326 -0.000900991 -0.000896585 -0.0013987 -0.00139927 -0.00139856 -0.0013981 -0.00112704 -0.00114002 -0.00115078 -0.0011642
2.825 0 0 0 0 -0.00164641 -0.0016457 -0.0016414 -0.00163622 -0.00298625 -0.00298629 -0.00298557 -0.00298566 -0.0034502 -0.00346275 -0.00347351 -0.00348736
2.845 0 0 0 0 -0.00251734 -0.00251815 -0.00251399 -0.0025078 -0.00478596 -0.00478527 -0.00478468 -0.00478584 -0.00614849 -0.0061606 -0.0061714 -0.00618576
2.865 0 0 0 0 -0.0032996 -0.00330077 -0.00329684 -0.00329118 -0.00670223 -0.00670215 -0.00670171 -0.00670273 -0.00863945 -0.00865097 -0.00866181 -0.00867688
2.885 0 0 0 0 -0.00394995 -0.00395125 -0.0039476 -0.00394283 -0.0083138 -0.00831471 -0.0083144 -0.00831487 -0.0105376 -0.0105486 -0.0105595 -0.0105751
2.905 0 0 0 0 -0.00462751 -0.00463029 -0.00462679 -0.00462067 -0.0093896 -0.00939017 -0.00938994 -0.009391 -0.0118443 -0.0118552 -0.0118661 -0.0118819
2.925 0 0 0 0 -0.00508797 -0.00509213 -0.00508875 -0.00508108 -0.00991232 -0.00991223 -0.00991203 -0.0099138 -0.0124725 -0.0124834 -0.0124943 -0.0125102
2.945 0 0 0 0 -0.00496736 -0.00497083 -0.00496746 -0.00496045 -0.00982575 -0.00982615 -0.00982594 -0.00982721 -0.0122655 -0.0122763 -0.0122872 -0.0123031
2.965 0 0 0 0 -0.00424831 -0.00424985 -0.00424647 -0.0042415 -0.00886754 -0.00886868 -0.00886847 -0.00886901 -0.011139 -0.0111499 -0.0111608 -0.0111767
2.985 0 0 0 0 -0.0030364 -0.00303642 -0.00303305 -0.00302983 -0.00674047 -0.0067414 -0.00674121 -0.006742 -0.00886733 -0.00887867 -0.00888959 -0.008905
3.005 0 0 0 0 -0.00169237 -0.00169189 -0.00168853 -0.00168609 -0.00386251 -0.00386267 -0.00386251 -0.00386411 -0.00550875 -0.00552093 -0.00553185 -0.00554643
3.025 0 0 0 0 -0.00037022 -0.000369083 -0.000365729 -0.000364193 -0.000834551 -0.000834889 -0.00083473 -0.000836186 -0.00134357 -0.00135667 -0.00136759 -0.00138126
3.045 0 0 0 0 0.000894395 0.000896516 0.000899935 0.000900444 0.0020757 0.00207452 0.00207473 0.0020742 0.00301588 0.00300191 0.00299099 0.00297819
3.065 0 0 0 0 0.00187642 0.00187836 0.00188155 0.00188157 0.00458138 0.00457988 0.00457982 0.00457898 0.00657967 0.00656476 0.0065538 0.0065418
3.085 0 0 0 0 0.00271287 0.00271453 0.00271751 0.00271698 0.00646461 0.00646343 0.00646329 0.00646173 0.00884572 0.00883016 0.00881914 0.00880768
3.105 0 0 0 0 0.00334343 0.00334611 0.00334899 0.00334694 0.00735933 0.00735812 0.00735797 0.00735637 0.0096368 0.00962115 0.00961015 0.0095988
3.125 0 0 0 0 0.00344404 0.00344782 0.00345072 0.00344757 0.00708113 0.00707961 0.00707945 0.00707813 0.00901515 0.00899976 0.00898874 0.00897711
3.145 0 0 0 0 0.00279991 0.00280305 0.00280593 0.00280338 0.00571746 0.00571602 0.00571584 0.0057144 0.00721236 0.00719734 0.00718633 0.00717433
3.165 0 0 0 0 0.00167524 0.00167688 0.00167974 0.0016787 0.00359995 0.00359863 0.00359844 0.00359687 0.00464053 0.004626 0.00461498 0.00460248
3.185 0 0 0 0 0.000433012 0.000433552 0.000436392 0.000436613 0.00109596 0.00109443 0.00109424 0.00109287 0.00161884 0.00160496 0.00159395 0.00158079
3.205 0 0 0 0 -0.00061805 -0.000617755 -0.000614881 -0.000614082 -0.00129152 -0.00129327 -0.00129348 -0.00129454 -0.0014797 -0.00149284 -0.00150387 -0.00151776
3.225 0 0 0 0 -0.00134007 -0.00133994 -0.00133712 -0.00133608 -0.00312494 -0.00312654 -0.00312673 -0.003128 -0.00416851 -0.00418103 -0.00419205 -0.00420655
3.245 0 0 0 0 -0.0015451 -0.00154444 -0.0015416 -0.00154103 -0.00399228 -0.00399375 -0.00399395 -0.00399536 -0.00570153 -0.00571366 -0.00572468 -0.00573957
3.265 0 0 0 0 -0.00120677 -0.00120511 -0.00120226 -0.00120273 -0.00364375 -0.00364538 -0.00364559 -0.00364684 -0.00547773 -0.00548982 -0.00550084 -0.00551576
3.285 0 0 0 0 -0.000478091 -0.000475916 -0.000473066 -0.000474177 -0.0020618 -0.00206353 -0.00206375 -0.00206491 -0.00336525 -0.00337779 -0.00338882 -0.00340329
3.305 0 0 0 0 0.000557852 0.000560041 0.000562903 0.000561608 0.000554322 0.000552672 0.000552456 0.000551192 0.000310495 0.000297066 0.000286046 0.000272448
3.325 0 0 0 0 0.0018631 0.00186551 0.00186834 0.00186658 0.00376914 0.0037675 0.00376731 0.00376605 0.00482637 0.00481189 0.00480087 0.00478833
3.345 0 0 0 0 0.00344446 0.00344822 0.00345112 0.00344799 0.00719683 0.00719496 0.00719479 0.00719383 0.00942881 0.00941336 0.00940235 0.00939079
3.365 0 0 0 0 0.00488653 0.00489101 0.0048932 0.00488872 0.0102204 0.0102181 0.0102176 0.0102161 0.0132367 0.0132203 0.0132092 0.0131984
3.385 0 0 0 0 0.00517619 0.00517951 0.00518181 0.00518036 0.0115014 0.0115001 0.0114995 0.0114966 0.01494 0.0149228 0.0149117 0.0149015
3.405 0 0 0 0 0.00417264 0.00417321 0.00417543 0.00417615 0.0102055 0.0102045 0.0102039 0.0102007 0.0138059 0.0137888 0.0137776 0.0137674
3.425 0 0 0 0 0.00294632 0.00294721 0.00294933 0.00294879 0.00717713 0.00717436 0.00717365 0.00717205 0.0103304 0.0103143 0.0103032 0.0102918
3.445 0 0 0 0 0.00199967 0.0020023 0.00200442 0.0020013 0.00386647 0.00386262 0.00386185 0.00386112 0.00542609 0.00541145 0.00540028 0.0053875
3.465 0 0 0 0 0.00100413 0.00100627 0.00100833 0.00100517 0.000946175 0.000943999 0.000943235 0.000940927 0.000234991 0.000221384 0.000210208 0.000196375
3.485 0 0 0 0 -0.000177954 -0.000176975 -0.000174892 -0.000176944 -0.00168811 -0.00168917 -0.00168995 -0.00169346 -0.00386547 -0.00387831 -0.00388948 -0.00390405
3.505 0 0 0 0 -0.00157165 -0.00157241 -0.00157041 -0.00157113 -0.00419225 -0.00419427 -0.00419511 -0.00419775 -0.00625967 -0.00627194 -0.00628309 -0.00629822
3.525 0 0 0 0 -0.00346492 -0.00346946 -0.00346734 -0.00346403 -0.00665951 -0.00666221 -0.00666301 -0.00666492 -0.00785143 -0.00786353 -0.00787465 -0.00788995
3.545 0 0 0 0 -0.00507526 -0.00508376 -0.0050816 -0.00507409 -0.0086297 -0.00863193 -0.0086327 -0.00863505 -0.00943459 -0.00944668 -0.00945783 -0.00947316
3.565 0 0 0 0 -0.00557316 -0.00558179 -0.00557963 -0.00557175 -0.0098412 -0.00984311 -0.00984384 -0.00984651 -0.0112761 -0.0112878 -0.0112989 -0.0113147
3.585 0 0 0 0 -0.0049022 -0.00490714 -0.00490507 -0.00490084 -0.010094 -0.0100962 -0.010097 -0.0100994 -0.0128278 -0.0128388 -0.01285 -0.0128663
3.605 0 0 0 0 -0.00351938 -0.00352008 -0.00351809 -0.00351851 -0.00898849 -0.00899147 -0.00899258 -0.0089954 -0.0128001 -0.0128109 -0.0128222 -0.0128392
3.625 0 0 0 0 -0.00219474 -0.00219415 -0.00219217 -0.00219422 -0.00658186 -0.00658426 -0.00658536 -0.00658878 -0.0102814 -0.0102929 -0.0103041 -0.0103206
3.645 0 0 0 0 -0.00101972 -0.00101983 -0.00101782 -0.00101931 -0.00315483 -0.0031572 -0.00315834 -0.00316189 -0.00512898 -0.00514171 -0.00515299 -0.00516819
3.665 0 0 0 0 0.000552614 0.000552805 0.000554866 0.00055382 0.00120518 0.00120174 0.00120064 0.00119836 0.00187264 0.00185837 0.00184706 0.00183338
3.685 0 0 0 0 0.00298786 0.00299041 0.00299251 0.00299012 0.00660279 0.00659863 0.00659755 0.00659618 0.00944028 0.00942445 0.00941317 0.00940111
3.705 0 0 0 0 0.00618654 0.00619321 0.00619512 0.00619112 0.012744 0.0127406 0.0127396 0.0127377 0.0165619 0.0165444 0.0165331 0.0165226
3.725 0 0 0 0 0.0095877 0.00961189 0.00961632 0.00963804 0.018665 0.0186658 0.0186662 0.0186655 0.022839 0.0228199 0.0228085 0.0227994
3.745 0 0 0 0 0.0128264 0.0128863 0.0128957 0.0129701 0.0236002 0.0236044 0.0236073 0.0236112 0.0282693 0.0282492 0.0282384 0.0282303
3.765 0 0 0 0 0.0160504 0.0161218 0.0161286 0.0162413 0.0274978 0.0275035 0.0275086 0.0275173 0.0328213 0.0328006 0.0327898 0.0327822
