0.005 -0.0489524 -0.0489524 -0.0489524 -0.0489524 -0.000973772 -0.000858988 -0.000859041 -0.000974515 0.000157818 0.000116053 0.000116051 0.000157569 -1.62449e-05 -1.07829e-05 -1.07771e-05 -1.62455e-05
0.025 0.021795 0.021795 0.021795 0.021795 -0.00398218 -0.00403136 -0.0040304 -0.00398127 -0.00079605 -0.0007773 -0.000776694 -0.000796319 0.000314097 0.000311357 0.000311208 0.000313705
0.045 0.0229313 0.0229313 0.0229313 0.0229313 0.0114598 0.0114955 0.0114985 0.0114636 -0.00391988 -0.00395783 -0.0039589 -0.00392258 -5.51482e-05 -4.64366e-05 -4.69223e-05 -5.6701e-05
0.065 0.027802 0.027802 0.027802 0.027802 0.0251235 0.0251758 0.0251783 0.0251228 0.00346997 0.00343728 0.00343684 0.00347163 -0.00381829 -0.00380364 -0.00380281 -0.00381765
0.085 0.0258022 0.0258022 0.0258022 0.0258022 0.0279428 0.0279494 0.0279489 0.0279397 0.0184608 0.0184872 0.0184887 0.018467 -0.00408924 -0.00408629 -0.00408671 -0.00409282
0.105 0.0230215 0.0230215 0.0230215 0.0230215 0.0253501 0.025336 0.0253358 0.0253502 0.0260414 0.0260758 0.026075 0.0260382 0.00903503 0.00903447 0.0090302 0.009039
0.125 0.0455203 0.0455203 0.0455203 0.0455203 0.025461 0.0254 0.0253999 0.0254607 0.0241478 0.0241559 0.0241563 0.0241482 0.0320209 0.0320174 0.032016 0.0320169
0.145 0.0309094 0.0309094 0.0309094 0.0309094 0.0341361 0.0341941 0.0341934 0.0341334 0.0274558 0.0273904 0.0273913 0.0274587 0.0491932 0.0492002 0.0491999 0.0491936
0.165 0.0238689 0.0238689 0.0238689 0.0238689 0.0359858 0.0360051 0.0360058 0.0359879 0.0463152 0.0463099 0.0463099 0.0463157 0.0527045 0.0526997 0.0526999 0.0527053
0.185 0.0191023 0.0191023 0.0191023 0.0191023 0.0354348 0.0354018 0.0354035 0.0354409 0.062317 0.062376 0.0623757 0.0623162 0.0538184 0.0538012 0.0538014 0.0538182
0.205 0.0141712 0.0141712 0.0141712 0.0141712 0.0390417 0.0390723 0.0390733 0.0390456 0.0592815 0.0592899 0.0592903 0.0592825 0.0621514 0.0621416 0.0621421 0.0621527
0.225 0.0128055 0.0128055 0.0128055 0.0128055 0.036206 0.036275 0.0362766 0.0362081 0.0487607 0.0487159 0.0487166 0.0487626 0.06955 0.0695466 0.0695465 0.0695511
0.245 0.0144632 0.0144632 0.0144632 0.0144632 0.0233146 0.0233078 0.0233081 0.0233148 0.044178 0.0441712 0.0441715 0.0441784 0.0648244 0.0648123 0.0648118 0.0648252
0.265 0.0215655 0.0215655 0.0215655 0.0215655 0.0166386 0.0165651 0.0165649 0.0166382 0.0389756 0.0390128 0.0390129 0.038976 0.0492266 0.0492101 0.0492096 0.0492254
0.285 0.0175562 0.0175562 0.0175562 0.0175562 0.0245762 0.0245979 0.0245978 0.0245758 0.0265236 0.0265133 0.0265132 0.0265235 0.0292077 0.0292076 0.0292075 0.0292074
0.305 0.00938216 0.00938216 0.00938216 0.00938216 0.0269342 0.027023 0.0270231 0.0269343 0.0153551 0.0153205 0.0153206 0.0153552 0.00793125 0.00794184 0.00794171 0.00793099
0.325 0.00323156 0.00323156 0.00323156 0.00323156 0.0108059 0.0108233 0.0108234 0.0108064 0.00750467 0.00751754 0.00751672 0.00749834 -0.00917024 -0.00917906 -0.00918063 -0.00918408
0.345 -0.00168017 -0.00168017 -0.00168017 -0.00168017 -0.0104819 -0.0105158 -0.01051 -0.0104533 -0.00751203 -0.00747513 -0.00746782 -0.00750098 -0.0161975 -0.0162019 -0.0162044 -0.0161997
0.365 -0.00538324 -0.00538324 -0.00538324 -0.00538324 -0.022855 -0.0228902 -0.0228937 -0.0228653 -0.028964 -0.028975 -0.0289726 -0.0289573 -0.0182985 -0.0182953 -0.0182931 -0.0182944
0.385 -0.0122177 -0.0122177 -0.0122177 -0.0122177 -0.0274389 -0.0274361 -0.0274393 -0.0274451 -0.0414561 -0.0414971 -0.0414967 -0.0414558 -0.0279019 -0.0278946 -0.0278956 -0.0279048
0.405 -0.0180514 -0.0180514 -0.0180514 -0.0180514 -0.0301531 -0.030174 -0.0301751 -0.0301544 -0.039843 -0.0398355 -0.0398352 -0.0398424 -0.0464612 -0.046456 -0.0464552 -0.0464591
0.425 -0.0175837 -0.0175837 -0.0175837 -0.0175837 -0.0290885 -0.0291277 -0.0291265 -0.0290856 -0.0379615 -0.0379171 -0.0379157 -0.0379573 -0.0609047 -0.060901 -0.0609014 -0.0609045
0.445 -0.00910778 -0.00910778 -0.00910778 -0.00910778 -0.0235137 -0.0235186 -0.0235168 -0.023508 -0.0443215 -0.0443138 -0.0443136 -0.0443208 -0.0617987 -0.061788 -0.061787 -0.0617977
0.465 -0.00465349 -0.00465349 -0.00465349 -0.00465349 -0.0192538 -0.0192211 -0.0192235 -0.0192567 -0.0485526 -0.0485896 -0.0485881 -0.0485491 -0.0539456 -0.0539278 -0.0539279 -0.0539459
0.485 -0.0037053 -0.0037053 -0.0037053 -0.0037053 -0.020925 -0.0209372 -0.0209388 -0.0209281 -0.0398388 -0.0398486 -0.0398486 -0.0398392 -0.0451325 -0.045122 -0.0451216 -0.0451316
0.505 -0.00966528 -0.00966528 -0.00966528 -0.00966528 -0.021576 -0.0216213 -0.0216213 -0.0215762 -0.0248404 -0.0248119 -0.0248122 -0.0248409 -0.0342745 -0.034275 -0.034275 -0.0342746
0.525 -0.0119909 -0.0119909 -0.0119909 -0.0119909 -0.0151153 -0.0151345 -0.0151342 -0.0151147 -0.0142163 -0.014202 -0.0142022 -0.0142166 -0.0178671 -0.0178685 -0.0178684 -0.0178668
0.545 -0.0071913 -0.0071913 -0.0071913 -0.0071913 -0.00541373 -0.00539774 -0.00539755 -0.0054133 -0.00606182 -0.00607942 -0.00607935 -0.00606165 0.000505169 0.000506382 0.000506273 0.000504944
0.565 -0.000316126 -0.000316126 -0.000316126 -0.000316126 0.00252674 0.00253507 0.00253503 0.00252666 0.00631169 0.00629932 0.00629932 0.00631169 0.0145809 0.0145794 0.0145795 0.0145811
0.585 0.00851534 0.00851534 0.00851534 0.00851534 0.0105963 0.0105766 0.0105766 0.0105962 0.0209123 0.0209269 0.0209269 0.0209123 0.0239856 0.0239788 0.0239787 0.0239855
0.605 0.0143816 0.0143816 0.0143816 0.0143816 0.0226772 0.022682 0.022682 0.0226771 0.0312805 0.0312871 0.0312871 0.0312804 0.0324014 0.0323967 0.0323968 0.0324015
0.625 0.00774155 0.00774155 0.00774155 0.00774155 0.031674 0.0317437 0.0317437 0.031674 0.0382294 0.0382071 0.0382071 0.0382294 0.0407355 0.040735 0.040735 0.0407355
0.645 0.00579966 0.00579966 0.00579966 0.00579966 0.0277757 0.0278094 0.0278094 0.0277757 0.0441966 0.0441973 0.0441973 0.0441966 0.0480277 0.0480199 0.0480199 0.0480277
0.665 0.00448708 0.00448708 0.00448708 0.00448708 0.0185111 0.0184944 0.0184944 0.0185111 0.0439925 0.0440123 0.0440123 0.0439924 0.0541014 0.0540862 0.0540862 0.0541014
0.685 -0.0117202 -0.0117202 -0.0117202 -0.0117202 0.0120042 0.0120374 0.0120374 0.0120042 0.0360596 0.0360436 0.0360436 0.0360596 0.0555074 0.0554956 0.0554956 0.0555074
0.705 -0.0126211 -0.0126211 -0.0126211 -0.0126211 0.00240429 0.00240459 0.00240459 0.0024043 0.0266476 0.0266433 0.0266433 0.0266476 0.0465675 0.046554 0.046554 0.0465675
0.725 -0.00791703 -0.00791703 -0.00791703 -0.00791703 -0.00491606 -0.00495517 -0.00495517 -0.00491605 0.0151684 0.0151868 0.0151868 0.0151684 0.0273309 0.0273177 0.0273177 0.0273309
0.745 -0.0088526 -0.0088526 -0.0088526 -0.0088526 -0.00506269 -0.00506006 -0.00506006 -0.00506267 -0.000684814 -0.000685575 -0.000685565 -0.000684778 0.00234872 0.00234636 0.00234636 0.00234872
0.765 0.00193175 0.00193175 0.00193175 0.00193175 -0.00552862 -0.00552992 -0.00552992 -0.00552861 -0.0169611 -0.0169627 -0.0169627 -0.0169611 -0.0238802 -0.0238739 -0.0238739 -0.0238802
0.785 0.016988 0.016988 0.016988 0.016988 -0.00671666 -0.00674865 -0.00674865 -0.00671666 -0.0308907 -0.0308819 -0.0308818 -0.0308907 -0.046403 -0.0463909 -0.0463909 -0.046403
0.805 0.00862808 0.00862808 0.00862808 0.00862808 -0.00747672 -0.00745515 -0.00745515 -0.00747671 -0.0405224 -0.0405358 -0.0405359 -0.0405224 -0.0610058 -0.0609864 -0.0609864 -0.0610058
0.825 0.0203868 0.0203868 0.0203868 0.0203868 -0.0129085 -0.0129542 -0.0129526 -0.0129055 -0.0438189 -0.0437967 -0.0437963 -0.043811 -0.0653204 -0.0653012 -0.0652995 -0.0653145
0.845 0.0155712 0.0155712 0.0155712 0.0155712 -0.0114963 -0.0115149 -0.0115146 -0.0114956 -0.0432727 -0.0432788 -0.0432803 -0.043277 -0.0588354 -0.0588184 -0.0588174 -0.0588344
0.865 0.00595947 0.00595947 0.00595947 0.00595947 -0.00993315 -0.0099239 -0.00992408 -0.0099336 -0.0345848 -0.034601 -0.0346024 -0.0345884 -0.0453461 -0.0453325 -0.0453328 -0.0453469
0.885 0.0119292 0.0119292 0.0119292 0.0119292 -0.00855386 -0.00859977 -0.00859985 -0.00855402 -0.0192547 -0.0192375 -0.0192377 -0.019255 -0.0271196 -0.0271157 -0.027116 -0.0271201
0.905 0.00856579 0.00856579 0.00856579 0.00856579 0.00255555 0.00254884 0.00254888 0.00255565 -0.00365396 -0.0036564 -0.00365604 -0.00365314 -0.00502023 -0.005017 -0.00501705 -0.00502035
0.925 0.00687936 0.00687936 0.00687936 0.00687936 0.0135583 0.0135789 0.0135789 0.0135584 0.0144547 0.0144436 0.0144438 0.0144551 0.0172776 0.017278 0.017278 0.0172776
0.945 -0.00421545 -0.00421545 -0.00421545 -0.00421545 0.0177525 0.0177868 0.0177868 0.0177525 0.0340096 0.0340098 0.0340098 0.0340096 0.0378861 0.0378785 0.0378785 0.0378861
0.965 -0.00180268 -0.00180268 -0.00180268 -0.00180268 0.0165067 0.0164946 0.0164946 0.0165067 0.0473039 0.0473286 0.0473286 0.0473038 0.0572841 0.057266 0.057266 0.0572841
0.985 -0.00312545 -0.00312545 -0.00312545 -0.00312545 0.0218578 0.0218874 0.0218863 0.021856 0.0496297 0.0496104 0.0496098 0.0496185 0.072429 0.0724147 0.0724139 0.0724209
1.005 0.000912866 0.000912866 0.000912866 0.000912866 0.0246124 0.0246453 0.0246445 0.0246116 0.0505175 0.0504982 0.0505025 0.0505263 0.0753032 0.0752911 0.0752908 0.0753033
1.025 0.00760468 0.00760468 0.00760468 0.00760468 0.0237793 0.0237663 0.0237664 0.0237793 0.0515486 0.051567 0.0515718 0.0515587 0.0651073 0.065092 0.0650933 0.06511
1.045 -0.0182671 -0.0182671 -0.0182671 -0.0182671 0.0230411 0.0231225 0.0231223 0.0230406 0.0453576 0.0453484 0.0453492 0.0453595 0.0490087 0.0490001 0.0490009 0.0490105
1.065 -0.0493965 -0.0493965 -0.0493965 -0.0493965 0.00364866 0.0037586 0.00375849 0.00364846 0.0311205 0.0311095 0.0311086 0.0311187 0.0325778 0.0325671 0.0325671 0.0325778
1.085 -0.0628258 -0.0628258 -0.0628258 -0.0628258 -0.0345482 -0.034552 -0.034552 -0.0345482 0.0048875 0.00491517 0.00491462 0.00488631 0.017218 0.0171955 0.0171955 0.017218
1.105 -0.0605224 -0.0605224 -0.0605224 -0.0605224 -0.0678926 -0.0679783 -0.0679787 -0.0678935 -0.0351417 -0.0351231 -0.0351229 -0.0351409 -0.00342639 -0.0034488 -0.00344888 -0.00342672
1.125 -0.0408172 -0.0408172 -0.0408172 -0.0408172 -0.076159 -0.0763083 -0.0763788 -0.0763164 -0.0760861 -0.0760933 -0.0760827 -0.0760499 -0.0417687 -0.0417779 -0.041783 -0.041784
1.145 0.0183189 0.0183189 0.0183189 0.0183189 -0.0571195 -0.0572631 -0.0572902 -0.0571509 -0.100348 -0.100328 -0.100294 -0.100292 -0.100665 -0.100613 -0.100622 -0.100637
1.165 0.010529 0.010529 0.010529 0.010529 -0.0179703 -0.0178597 -0.0178471 -0.0179401 -0.10422 -0.10426 -0.104251 -0.104202 -0.160945 -0.160893 -0.160898 -0.160958
1.185 0.00394736 0.00394736 0.00394736 0.00394736 -0.00678605 -0.00666486 -0.00665466 -0.00675963 -0.0928283 -0.0928039 -0.0928048 -0.0928209 -0.190887 -0.190831 -0.190832 -0.190886
1.205 0.00815454 0.00815454 0.00815454 0.00815454 -0.0295865 -0.0296371 -0.0296298 -0.0295753 -0.0880155 -0.087934 -0.0879358 -0.0880166 -0.166393 -0.166359 -0.166364 -0.166394
1.225 -0.0109048 -0.0109048 -0.0109048 -0.0109048 -0.0575186 -0.0575829 -0.057584 -0.0575226 -0.0940373 -0.0940506 -0.0940531 -0.0940445 -0.0998837 -0.0998665 -0.0998658 -0.0998839
1.245 -0.0255455 -0.0255455 -0.0255455 -0.0255455 -0.0722653 -0.0723369 -0.0723387 -0.0722688 -0.0839533 -0.0840231 -0.0840236 -0.0839542 -0.0349514 -0.0349473 -0.034948 -0.0349528
1.265 -0.0622316 -0.0622316 -0.0622316 -0.0622316 -0.065747 -0.0657677 -0.0657682 -0.0657478 -0.0432144 -0.0432485 -0.0432481 -0.0432134 -0.00174117 -0.00175423 -0.00175382 -0.00174025
1.285 -0.0508405 -0.0508405 -0.0508405 -0.0508405 -0.0402937 -0.0403839 -0.0403835 -0.0402927 0.00461078 0.00469154 0.00469205 0.00461191 0.00882648 0.0087965 0.00879628 0.00882602
1.305 -0.0347599 -0.0347599 -0.0347599 -0.0347599 0.00234822 0.00239995 0.00240008 0.00234853 0.0290351 0.0290613 0.0290612 0.029035 0.0210157 0.0210024 0.0210026 0.0210161
1.325 0.0337494 0.0337494 0.0337494 0.0337494 0.0406803 0.0407197 0.0407198 0.0406805 0.0363852 0.0363586 0.0363588 0.0363847 0.0399488 0.0399534 0.0399532 0.0399485
1.345 0.0478808 0.0478808 0.0478808 0.0478808 0.0656482 0.0657717 0.0657782 0.0656716 0.0503074 0.0502321 0.0502305 0.0502999 0.0559392 0.0559539 0.0559541 0.0559401
1.365 0.0505644 0.0505644 0.0505644 0.0505644 0.0695709 0.0696163 0.0696417 0.0696152 0.076581 0.0765757 0.0765684 0.0765307 0.0677463 0.0677444 0.0677433 0.067746
1.385 0.0429387 0.0429387 0.0429387 0.0429387 0.0658619 0.0658503 0.0658556 0.065868 0.094058 0.0941132 0.094107 0.0940517 0.0858945 0.0858765 0.0858725 0.0859003
1.405 0.0375402 0.0375402 0.0375402 0.0375402 0.0628903 0.0629106 0.0629073 0.0628866 0.0926634 0.0926656 0.0926687 0.0926743 0.110573 0.110555 0.110555 0.110571
1.425 0.0107613 0.0107613 0.0107613 0.0107613 0.0563752 0.0564816 0.0564821 0.0563782 0.0868632 0.0867978 0.086802 0.0868736 0.125486 0.125474 0.125474 0.125487
1.445 -0.0463001 -0.0463001 -0.0463001 -0.0463001 0.0281099 0.0282227 0.028225 0.0281141 0.0880014 0.0879792 0.087976 0.0879984 0.118868 0.118839 0.118837 0.118868
1.465 -0.0641441 -0.0641441 -0.0641441 -0.0641441 -0.0176667 -0.0177526 -0.0177515 -0.0176646 0.074871 0.0749735 0.074971 0.0748661 0.0983325 0.0982749 0.0982743 0.0983308
1.485 -0.0793898 -0.0793898 -0.0793898 -0.0793898 -0.0413046 -0.0413095 -0.0413095 -0.0413046 0.0247259 0.0247312 0.0247308 0.0247249 0.0697931 0.0697562 0.0697562 0.069793
1.505 -0.0661868 -0.0661868 -0.0661868 -0.0661868 -0.052759 -0.0526898 -0.05269 -0.0527592 -0.0344446 -0.0345346 -0.0345341 -0.0344434 0.0175631 0.0175566 0.0175567 0.0175632
1.525 4.15844e-05 4.15844e-05 4.15844e-05 4.15844e-05 -0.05723 -0.0573613 -0.0573614 -0.0572302 -0.0750396 -0.0750291 -0.0750287 -0.0750389 -0.0646816 -0.064677 -0.0646768 -0.0646813
1.545 0.0537569 0.0537569 0.0537569 0.0537569 -0.0307472 -0.0308782 -0.0308771 -0.0307464 -0.103924 -0.103881 -0.103881 -0.103924 -0.152873 -0.152839 -0.152839 -0.152874
1.565 0.122126 0.122126 0.122126 0.122126 0.0201957 0.0202161 0.0202633 0.0203337 -0.123324 -0.123289 -0.123311 -0.12331 -0.214722 -0.214642 -0.214654 -0.214737
1.585 -0.0535426 -0.0535426 -0.0535426 -0.0535426 0.0320065 0.0326043 0.0325881 0.0319421 -0.113223 -0.11344 -0.113458 -0.113261 -0.230118 -0.230005 -0.230018 -0.230138
1.605 -0.0177628 -0.0177628 -0.0177628 -0.0177628 -0.0674165 -0.0676811 -0.0676937 -0.0674481 -0.0848534 -0.0846204 -0.0846147 -0.0848483 -0.183249 -0.183257 -0.183259 -0.183259
1.625 -0.119081 -0.119081 -0.119081 -0.119081 -0.1509 -0.151109 -0.151103 -0.150886 -0.102552 -0.102451 -0.102446 -0.102541 -0.0798044 -0.0798412 -0.0798378 -0.079796
1.645 -0.117993 -0.117993 -0.117993 -0.117993 -0.173162 -0.17328 -0.173273 -0.173148 -0.13508 -0.135227 -0.135226 -0.135076 0.00829786 0.0082743 0.00827448 0.00829821
1.665 -0.112651 -0.112651 -0.112651 -0.112651 -0.135198 -0.135203 -0.135203 -0.135197 -0.112761 -0.112936 -0.112938 -0.112765 0.00905165 0.00904179 0.00904311 0.00905434
1.685 0.00104112 0.00104112 0.00104112 0.00104112 -0.0697731 -0.070128 -0.0701292 -0.0697755 -0.0418301 -0.0416344 -0.0416352 -0.0418318 -0.0598003 -0.0598345 -0.0598348 -0.0598009
1.705 0.0666155 0.0666155 0.0666155 0.0666155 0.0570063 0.0570474 0.0570468 0.057005 -0.0031573 -0.00306477 -0.00306478 -0.00315738 -0.111444 -0.111409 -0.111408 -0.111444
1.725 0.120282 0.120282 0.120282 0.120282 0.164568 0.165055 0.165055 0.164569 0.0113908 0.0112115 0.0112119 0.0113916 -0.0998775 -0.099769 -0.0997692 -0.0998779
1.745 -0.00232274 -0.00232274 -0.00232274 -0.00232274 0.135394 0.13602 0.13602 0.135394 0.0586161 0.0584416 0.0584417 0.0586166 -0.0315072 -0.0314366 -0.0314365 -0.0315071
1.765 -0.0615534 -0.0615534 -0.0615534 -0.0615534 -0.0172445 -0.0174804 -0.0174803 -0.0172445 0.104067 0.10433 0.104329 0.104067 0.0861019 0.0860216 0.0860215 0.0861018
1.785 0.0194762 0.0194762 0.0194762 0.0194762 -0.110943 -0.111778 -0.111741 -0.11087 0.0707922 0.0711029 0.0710907 0.0708793 0.219274 0.219127 0.219128 0.219349
1.805 0.0547363 0.0547363 0.0547363 0.0547363 -0.0200727 -0.0201393 -0.0201522 -0.0201441 0.0146575 0.0142697 0.0142478 0.0145883 0.268207 0.268184 0.268187 0.268215
1.825 -0.0212211 -0.0212211 -0.0212211 -0.0212211 0.114762 0.115459 0.115443 0.114696 0.0773133 0.0768637 0.0768718 0.0773225 0.16462 0.164674 0.164674 0.164605
1.845 -0.169222 -0.169222 -0.169222 -0.169222 0.112458 0.112971 0.112983 0.112522 0.209747 0.210006 0.210009 0.209748 0.0147166 0.0146861 0.014693 0.0147314
1.865 -0.238804 -0.238804 -0.238804 -0.238804 -0.0112804 -0.0112983 -0.0112721 -0.0112383 0.187218 0.187784 0.187793 0.187237 -0.00165623 -0.00177803 -0.00178501 -0.0016695
1.885 -0.0757013 -0.0757013 -0.0757013 -0.0757013 -0.150403 -0.150858 -0.150857 -0.150397 -0.0338615 -0.0337836 -0.0337838 -0.0338623 0.105408 0.105323 0.105325 0.105413
1.905 0.0392031 0.0392031 0.0392031 0.0392031 -0.17889 -0.17907 -0.179074 -0.178899 -0.234767 -0.235364 -0.235364 -0.234766 0.123081 0.123112 0.123108 0.123074
1.925 0.0697842 0.0697842 0.0697842 0.0697842 -0.107652 -0.107873 -0.10801 -0.107893 -0.217766 -0.218064 -0.218058 -0.21775 -0.0834095 -0.0833509 -0.0833524 -0.0834124
1.945 0.0513481 0.0513481 0.0513481 0.0513481 0.00578669 0.00561709 0.00554409 0.00570821 -0.0862379 -0.0857004 -0.0858219 -0.0862499 -0.366786 -0.366755 -0.366831 -0.366897
1.965 0.0200976 0.0200976 0.0200976 0.0200976 0.113674 0.114077 0.114091 0.113703 -0.0672423 -0.0669078 -0.0669837 -0.0673395 -0.474266 -0.474113 -0.474164 -0.474323
1.985 -0.0654723 -0.0654723 -0.0654723 -0.0654723 0.0557466 0.0566133 0.056621 0.0557794 -0.155739 -0.155967 -0.155989 -0.155753 -0.347895 -0.347748 -0.347747 -0.347917
2.005 0.0488363 0.0488363 0.0488363 0.0488363 -0.168967 -0.1695 -0.169532 -0.16903 -0.218197 -0.218214 -0.218208 -0.218192 -0.128085 -0.12808 -0.128077 -0.128079
2.025 -0.12553 -0.12553 -0.12553 -0.12553 -0.283705 -0.284169 -0.284155 -0.28369 -0.212661 -0.212799 -0.212801 -0.212668 0.0246126 0.0245553 0.0245574 0.0246185
2.045 -0.167358 -0.167358 -0.167358 -0.167358 -0.246411 -0.246806 -0.246798 -0.246394 -0.130738 -0.130729 -0.13073 -0.130742 0.0357846 0.0357033 0.035705 0.0357878
2.065 -0.0354483 -0.0354483 -0.0354483 -0.0354483 -0.0722068 -0.0724753 -0.0724747 -0.0722046 -0.0353192 -0.035164 -0.035164 -0.0353191 -0.0419643 -0.0419968 -0.0419966 -0.0419637
2.085 -0.29654 -0.29654 -0.29654 -0.29654 0.0907943 0.0921812 0.0921797 0.0907911 0.0379076 0.0375706 0.0375706 0.0379076 -0.107774 -0.107683 -0.107683 -0.107773
2.105 -0.196628 -0.196628 -0.196628 -0.196628 -0.0188726 -0.0187177 -0.0187183 -0.0188739 0.078744 0.0790737 0.0790743 0.0787454 -0.0835459 -0.0835986 -0.0835998 -0.0835484
2.125 0.096193 0.096193 0.096193 0.096193 -0.147433 -0.148639 -0.14864 -0.147434 -0.0182017 -0.0177017 -0.0177022 -0.0182028 0.0440032 0.0438754 0.0438764 0.0440053
2.145 0.175102 0.175102 0.175102 0.175102 -0.0458955 -0.0460016 -0.0460011 -0.0458945 -0.155904 -0.156475 -0.156475 -0.155903 0.131806 0.131869 0.131868 0.131804
2.165 0.272315 0.272315 0.272315 0.272315 0.140652 0.140935 0.140935 0.140652 -0.0812853 -0.0818484 -0.0818488 -0.0812861 0.032942 0.0330879 0.0330886 0.0329435
2.185 -0.240861 -0.240861 -0.240861 -0.240861 0.198994 0.200352 0.200352 0.198993 0.171724 0.171705 0.171706 0.171724 -0.139671 -0.139603 -0.139603 -0.139672
2.205 -0.0911546 -0.0911546 -0.0911546 -0.0911546 0.0334688 0.0327364 0.0327356 0.033468 0.269652 0.270843 0.270842 0.269655 -0.110185 -0.110359 -0.110358 -0.110184
2.225 -0.00939028 -0.00939028 -0.00939028 -0.00939028 -0.0599473 -0.0602936 -0.0602934 -0.0599469 0.0392062 0.0392527 0.0392538 0.0392058 0.16014 0.160066 0.160066 0.16014
2.245 -0.0535857 -0.0535857 -0.0535857 -0.0535857 -0.0892676 -0.0885868 -0.0885865 -0.0892857 -0.159458 -0.160609 -0.160613 -0.159414 0.343633 0.343704 0.343631 0.34363
2.265 -0.146811 -0.146811 -0.146811 -0.146811 -0.16113 -0.161241 -0.161236 -0.161125 -0.0436107 -0.0438585 -0.0438856 -0.0436466 0.211724 0.211611 0.21156 0.211671
2.285 -0.00623817 -0.00623817 -0.00623817 -0.00623817 -0.146354 -0.147853 -0.147849 -0.146345 0.121637 0.122801 0.12279 0.121609 -0.0526702 -0.0529185 -0.0529327 -0.0527182
2.305 0.251562 0.251562 0.251562 0.251562 0.145077 0.144808 0.144809 0.145078 0.0244619 0.0247628 0.0247635 0.0244628 -0.183093 -0.183038 -0.183043 -0.183103
2.325 0.135891 0.135891 0.135891 0.135891 0.394886 0.397203 0.397202 0.394886 -0.10118 -0.10247 -0.102467 -0.101173 -0.200124 -0.199733 -0.199731 -0.200121
2.345 0.162516 0.162516 0.162516 0.162516 0.193358 0.193743 0.193741 0.193356 0.0166134 0.0166045 0.0166062 0.0166167 -0.190904 -0.190788 -0.190786 -0.190901
2.365 0.093393 0.093393 0.093393 0.093393 -0.107246 -0.108807 -0.108808 -0.107249 0.107243 0.108365 0.108365 0.107242 -0.0628097 -0.0630093 -0.0630085 -0.0628079
2.385 -0.248937 -0.248937 -0.248937 -0.248937 -0.148609 -0.148361 -0.148361 -0.148608 -0.0245827 -0.0248616 -0.0248629 -0.0245846 0.176246 0.176191 0.176191 0.176246
2.405 -0.450299 -0.450299 -0.450299 -0.450299 -0.189778 -0.188681 -0.18868 -0.189777 -0.0987716 -0.0997181 -0.0997185 -0.0987717 0.289249 0.289256 0.289256 0.289248
2.425 -0.500535 -0.500535 -0.500535 -0.500535 -0.374888 -0.375353 -0.375352 -0.374886 -0.00282761 -0.00250176 -0.00250168 -0.00282779 0.173449 0.173215 0.173215 0.173448
2.445 -0.187395 -0.187395 -0.187395 -0.187395 -0.396253 -0.3981 -0.3981 -0.396254 -0.0326275 -0.0315338 -0.0315331 -0.0326258 -0.0145885 -0.0148824 -0.0148822 -0.014588
2.465 0.133593 0.133593 0.133593 0.133593 -0.0834023 -0.083681 -0.0837058 -0.0836588 -0.261935 -0.262241 -0.262243 -0.261944 -0.18852 -0.188421 -0.188421 -0.188518
2.485 0.697178 0.697178 0.697178 0.697178 0.295996 0.296568 0.29674 0.296491 -0.348425 -0.349476 -0.3497 -0.349007 -0.421998 -0.421599 -0.421588 -0.421974
2.505 0.420041 0.420041 0.420041 0.420041 0.521174 0.522884 0.522995 0.521385 -0.128675 -0.129121 -0.129247 -0.128751 -0.646746 -0.646234 -0.646098 -0.646486
2.525 -0.343746 -0.343746 -0.343746 -0.343746 0.267977 0.269605 0.269615 0.267971 0.169645 0.170183 0.170243 0.16972 -0.584636 -0.584552 -0.584527 -0.58465
2.545 -0.391342 -0.391342 -0.391342 -0.391342 -0.34159 -0.343075 -0.343106 -0.34165 0.124887 0.126335 0.126377 0.124971 -0.0686767 -0.0690104 -0.0690415 -0.0687043
2.565 -0.177903 -0.177903 -0.177903 -0.177903 -0.658942 -0.660738 -0.660732 -0.65882 -0.271424 -0.271954 -0.272088 -0.272269 0.567278 0.566947 0.566861 0.566823
2.585 -0.0132066 -0.0132066 -0.0132066 -0.0132066 -0.468922 -0.469308 -0.469323 -0.46895 -0.426841 -0.428485 -0.428557 -0.426939 0.687238 0.687163 0.687051 0.687092
2.605 0.247458 0.247458 0.247458 0.247458 0.0126727 0.0121857 0.0121748 0.0126546 -0.0323273 -0.0323691 -0.0322105 -0.0319951 0.14012 0.140139 0.140179 0.140158
2.625 0.63341 0.63341 0.63341 0.63341 0.622956 0.622384 0.622418 0.622779 0.433012 0.43453 0.4346 0.433132 -0.474863 -0.47477 -0.474747 -0.474786
2.645 0.929175 0.929175 0.929175 0.929175 1.16248 1.16415 1.16426 1.16257 0.500498 0.500837 0.500842 0.500518 -0.525321 -0.524887 -0.524878 -0.525301
2.665 0.36925 0.36925 0.36925 0.36925 1.10359 1.10785 1.10783 1.1036 0.429843 0.428186 0.42821 0.429882 -0.00651369 -0.00595968 -0.00598719 -0.00656875
2.685 -0.185329 -0.185329 -0.185329 -0.185329 0.182026 0.182591 0.182558 0.182151 0.549406 0.549426 0.549631 0.550003 0.712502 0.712344 0.712232 0.712374
2.705 -0.708915 -0.708915 -0.708915 -0.708915 -0.744324 -0.747378 -0.747313 -0.744028 0.555034 0.556425 0.556539 0.555247 1.33857 1.33783 1.33809 1.33884
2.725 -1.10062 -1.10062 -1.10062 -1.10062 -0.928917 -0.930402 -0.930359 -0.928959 0.255542 0.255085 0.255031 0.254906 1.55755 1.55697 1.55706 1.55802
2.745 -0.764574 -0.764574 -0.764574 -0.764574 -0.585291 -0.585196 -0.585203 -0.585277 0.0165398 0.0155965 0.0156443 0.0167025 1.05675 1.05647 1.05663 1.05697
2.765 -0.0213355 -0.0213355 -0.0213355 -0.0213355 -0.0228943 -0.0231131 -0.0230992 -0.0229091 0.00391195 0.00419059 0.00424041 0.00415189 -0.0141104 -0.0141127 -0.0140823 -0.0140426
2.785 -0.00980081 -0.00980081 -0.00980081 -0.00980081 0.451677 0.45265 0.452417 0.450329 -0.0385473 -0.0398939 -0.0403306 -0.0419441 -1.03228 -1.03262 -1.03286 -1.0333
2.805 0.562269 0.562269 0.562269 0.562269 0.402017 0.40173 0.402134 0.402092 -0.328357 -0.327058 -0.327361 -0.327991 -1.45636 -1.45584 -1.45608 -1.45662
2.825 0.61298 0.61298 0.61298 0.61298 0.0832222 0.0826841 0.0834854 0.0834252 -0.807666 -0.807764 -0.807586 -0.806929 -1.25604 -1.25544 -1.25549 -1.25604
2.845 0.19364 0.19364 0.19364 0.19364 -0.372808 -0.372191 -0.372271 -0.37221 -1.03489 -1.03597 -1.03567 -1.03445 -0.87159 -0.871201 -0.871205 -0.87162
2.865 -0.195864 -0.195864 -0.195864 -0.195864 -0.805133 -0.806778 -0.806626 -0.80484 -0.837917 -0.837618 -0.837622 -0.837912 -0.644932 -0.644996 -0.644992 -0.644925
2.885 0.134699 0.134699 0.134699 0.134699 -0.755237 -0.758896 -0.758887 -0.75533 -0.583098 -0.581664 -0.581725 -0.583219 -0.534081 -0.534345 -0.534345 -0.534079
2.905 0.176212 0.176212 0.176212 0.176212 -0.0238232 -0.0232018 -0.0232298 -0.0238641 -0.445638 -0.446402 -0.446418 -0.445685 -0.441371 -0.441099 -0.441098 -0.441368
2.925 0.31642 0.31642 0.31642 0.31642 0.588949 0.591531 0.591583 0.588851 -0.0676411 -0.0688663 -0.0688605 -0.0676032 -0.377394 -0.376901 -0.3769 -0.377393
2.945 0.327938 0.327938 0.327938 0.327938 0.623616 0.624089 0.624012 0.623394 0.515654 0.516554 0.516582 0.5157 -0.154403 -0.154324 -0.154318 -0.154387
2.965 0.528724 0.528724 0.528724 0.528724 0.480395 0.478548 0.478864 0.479843 0.788051 0.789406 0.789388 0.788018 0.47564 0.475403 0.475417 0.475665
2.985 0.427391 0.427391 0.427391 0.427391 0.531725 0.532364 0.532294 0.532694 0.731466 0.73072 0.730756 0.731907 1.29392 1.29376 1.29376 1.29378
3.005 0.122272 0.122272 0.122272 0.122272 0.571365 0.572606 0.572525 0.571335 0.897728 0.896818 0.898724 0.899877 1.75636 1.75639 1.75628 1.75703
3.025 -0.441597 -0.441597 -0.441597 -0.441597 0.415165 0.414018 0.415009 0.415085 1.36182 1.36257 1.36294 1.36272 1.72652 1.72586 1.72581 1.72615
3.045 -0.908351 -0.908351 -0.908351 -0.908351 0.175594 0.17509 0.174788 0.174111 1.51038 1.51173 1.51127 1.50984 1.56291 1.56209 1.56195 1.56262
3.065 -0.203476 -0.203476 -0.203476 -0.203476 0.0396445 0.0384625 0.0382601 0.0397848 0.985336 0.98605 0.985834 0.984879 1.46193 1.46131 1.46129 1.46189
3.085 0.492368 0.492368 0.492368 0.492368 0.267929 0.268363 0.268561 0.268211 0.2368 0.235187 0.23521 0.236822 1.11449 1.11454 1.11455 1.1145
3.105 0.546195 0.546195 0.546195 0.546195 0.526147 0.527739 0.527858 0.526172 0.00133745 -0.000395497 -0.000406492 0.00135904 0.226812 0.227219 0.227273 0.226884
3.125 0.180141 0.180141 0.180141 0.180141 0.426704 0.427525 0.427317 0.427807 0.161428 0.162675 0.162258 0.16135 -0.798391 -0.798196 -0.798055 -0.79826
3.145 -0.802168 -0.802168 -0.802168 -0.802168 -0.00869681 -0.00857637 -0.00735539 -0.0106244 -0.0621014 -0.0609636 -0.0609761 -0.0615753 -1.2247 -1.22453 -1.22406 -1.22593
3.165 -1.12329 -1.12329 -1.12329 -1.12329 -0.899199 -0.904151 -0.902774 -0.904071 -0.839279 -0.838902 -0.839101 -0.839268 -0.957164 -0.957229 -0.957451 -0.957199
3.185 -0.77667 -0.77667 -0.77667 -0.77667 -1.83298 -1.83581 -1.83466 -1.82841 -1.67108 -1.67149 -1.67123 -1.67063 -0.656472 -0.656767 -0.656945 -0.656754
3.205 0.480667 0.480667 0.480667 0.480667 -1.83015 -1.83539 -1.83318 -1.82775 -2.09473 -2.09601 -2.09484 -2.09476 -0.992544 -0.992583 -0.992526 -0.992425
3.225 1.07377 1.07377 1.07377 1.07377 -0.491142 -0.493463 -0.493936 -0.493813 -1.89885 -1.89993 -1.89974 -1.89756 -2.0066 -2.00492 -2.00572 -2.00642
3.245 1.32173 1.32173 1.32173 1.32173 1.05424 1.05736 1.05699 1.05413 -1.07975 -1.07935 -1.07905 -1.07817 -2.99883 -2.99749 -2.99758 -2.99886
3.265 0.322132 0.322132 0.322132 0.322132 1.50386 1.50984 1.5101 1.50459 -0.1343 -0.13373 -0.133515 -0.13429 -2.91916 -2.91871 -2.91902 -2.92066
3.285 0.019041 0.019041 0.019041 0.019041 0.420525 0.420687 0.420871 0.42113 0.255912 0.258033 0.257909 0.255427 -1.25078 -1.25071 -1.25092 -1.25098
3.305 -0.119482 -0.119482 -0.119482 -0.119482 -0.878379 -0.875454 -0.876961 -0.872855 -0.0363127 -0.0365806 -0.036618 -0.0363594 1.25246 1.252 1.25249 1.25322
3.325 -0.207264 -0.207264 -0.207264 -0.207264 -1.18253 -1.19065 -1.18897 -1.18296 -0.0826371 -0.0881327 -0.0856245 -0.0897938 2.92844 2.92912 2.92929 2.93128
3.345 0.292977 0.292977 0.292977 0.292977 -0.253614 -0.257061 -0.25647 -0.252106 0.821464 0.821159 0.82213 0.823903 2.82855 2.82694 2.82687 2.82684
3.365 0.0496443 0.0496443 0.0496443 0.0496443 1.43474 1.43628 1.44152 1.4399 2.12967 2.13179 2.133 2.13358 1.64619 1.64568 1.64511 1.64532
3.385 0.190615 0.190615 0.190615 0.190615 2.51405 2.52004 2.52095 2.517 2.81881 2.82043 2.82055 2.81879 0.891126 0.891131 0.891106 0.891048
3.405 0.385928 0.385928 0.385928 0.385928 2.25113 2.25571 2.25396 2.24903 2.42869 2.42866 2.42819 2.42768 1.35247 1.35252 1.35245 1.3523
3.425 -0.0663738 -0.0663738 -0.0663738 -0.0663738 0.793797 0.79528 0.794577 0.792342 1.51743 1.51481 1.51488 1.51485 2.43126 2.43099 2.43104 2.43147
3.445 0.173806 0.173806 0.173806 0.173806 -0.776514 -0.781833 -0.781577 -0.775769 0.766782 0.766405 0.766894 0.765507 2.9424 2.94128 2.94125 2.94231
3.465 0.00414586 0.00414586 0.00414586 0.00414586 -0.878572 -0.882841 -0.882511 -0.877936 0.276297 0.276632 0.2768 0.277362 2.20894 2.20816 2.20826 2.20913
3.485 -0.780812 -0.780812 -0.780812 -0.780812 0.0802323 0.0842737 0.0845886 0.0816491 0.137986 0.136782 0.137082 0.138822 0.405676 0.405802 0.405751 0.405601
3.505 -0.198446 -0.198446 -0.198446 -0.198446 0.512483 0.515473 0.517901 0.512145 0.119904 0.122442 0.122616 0.119225 -1.48521 -1.48538 -1.48591 -1.48511
3.525 -0.124205 -0.124205 -0.124205 -0.124205 0.265831 0.256786 0.260969 0.26406 -0.521784 -0.522339 -0.521671 -0.523965 -2.38043 -2.38014 -2.37968 -2.38026
3.545 -0.621072 -0.621072 -0.621072 -0.621072 -0.678369 -0.672644 -0.679301 -0.675494 -1.67542 -1.67686 -1.67702 -1.67638 -2.21787 -2.21716 -2.21715 -2.21776
3.565 -0.466079 -0.466079 -0.466079 -0.466079 -1.9929 -1.99494 -1.98883 -1.9836 -2.52643 -2.52681 -2.52661 -2.52632 -1.84513 -1.84498 -1.84503 -1.84526
3.585 0.0222513 0.0222513 0.0222513 0.0222513 -2.44376 -2.45162 -2.4486 -2.4418 -2.79626 -2.79602 -2.79612 -2.79716 -1.95602 -1.95595 -1.95575 -1.95553
3.605 0.441947 0.441947 0.441947 0.441947 -1.43988 -1.44394 -1.44358 -1.44172 -2.56896 -2.56893 -2.56912 -2.56872 -2.59726 -2.59686 -2.59713 -2.59777
3.625 0.877473 0.877473 0.877473 0.877473 0.201781 0.20352 0.202813 0.200601 -1.84467 -1.84482 -1.84468 -1.84375 -3.26414 -3.26331 -3.26296 -3.26451
3.645 0.336212 0.336212 0.336212 0.336212 1.06016 1.06573 1.06581 1.06052 -0.786008 -0.786411 -0.785617 -0.785103 -3.16346 -3.16264 -3.16328 -3.16516
3.665 -0.46869 -0.46869 -0.46869 -0.46869 0.452971 0.454634 0.455155 0.453795 0.0358029 0.0375943 0.0377446 0.0365251 -1.72485 -1.72453 -1.72475 -1.72512
3.685 -0.710835 -0.710835 -0.710835 -0.710835 -0.858915 -0.862507 -0.855826 -0.865037 0.181035 0.183447 0.183551 0.179926 0.714611 0.713408 0.713599 0.714621
3.705 -0.86551 -0.86551 -0.86551 -0.86551 -1.47095 -1.47661 -1.47634 -1.47577 0.0612578 0.0610089 0.0636036 0.0592218 2.81051 2.81498 2.81178 2.81207
3.725 -0.258754 -0.258754 -0.258754 -0.258754 -0.817762 -0.818747 -0.819785 -0.81953 0.56667 0.562548 0.560325 0.561807 3.28997 3.2901 3.29076 3.29132
3.745 0.381176 0.381176 0.381176 0.381176 0.838759 0.836894 0.839007 0.838808 1.70959 1.71048 1.70873 1.70934 2.24114 2.24035 2.24065 2.24105
3.765 2.27237 2.27237 2.27237 2.27237 2.75026 2.74978 2.74976 2.74985 2.61064 2.61328 2.61376 2.61169 1.01364 1.01367 1.01339 1.01333
3.785 1.98253 1.98253 1.98253 1.98253 3.99308 4.0013 4.00302 3.99683 2.77126 2.77022 2.77101 2.77239 0.798321 0.799295 0.799169 0.798056
3.805 0.58649 0.58649 0.58649 0.58649 3.13805 3.14656 3.14517 3.13673 2.70625 2.70341 2.7033 2.70569 1.69445 1.69514 1.69513 1.69445
3.825 -1.42427 -1.42427 -1.42427 -1.42427 0.312221 0.312281 0.311751 0.311248 2.47387 2.47686 2.48003 2.48077 3.14031 3.13927 3.13926 3.14082
3.845 -2.12657 -2.12657 -2.12657 -2.12657 -2.29912 -2.30717 -2.30731 -2.29922 1.46868 1.47211 1.47376 1.4726 4.267 4.26537 4.26729 4.26996
3.865 -1.36202 -1.36202 -1.36202 -1.36202 -2.58498 -2.59303 -2.59329 -2.58637 -0.130277 -0.131322 -0.130269 -0.129333 3.8899 3.88844 3.88834 3.89053
3.885 0.368059 0.368059 0.368059 0.368059 -0.739771 -0.751295 -0.751227 -0.746342 -0.956559 -0.959148 -0.958238 -0.955763 1.2222 1.22213 1.22183 1.22174
3.905 0.382985 0.382985 0.382985 0.382985 1.31909 1.31519 1.32662 1.32374 -0.542971 -0.537578 -0.54003 -0.538957 -2.68017 -2.67938 -2.67995 -2.6819
3.925 0.1765 0.1765 0.1765 0.1765 1.68728 1.69362 1.69131 1.68546 -0.281579 -0.28598 -0.292952 -0.300901 -5.24802 -5.24307 -5.24235 -5.24085
3.945 -0.342899 -0.342899 -0.342899 -0.342899 0.0826166 0.0841327 0.0826581 0.0818276 -1.53354 -1.53189 -1.53742 -1.53995 -4.89972 -4.9006 -4.90109 -4.90458
3.965 -1.17098 -1.17098 -1.17098 -1.17098 -2.39093 -2.39411 -2.37804 -2.36749 -3.57687 -3.57924 -3.57583 -3.57198 -2.73517 -2.73441 -2.73577 -2.73687
3.985 -1.58731 -1.58731 -1.58731 -1.58731 -4.33621 -4.32293 -4.31244 -4.3132 -4.48845 -4.49151 -4.49141 -4.48804 -1.3007 -1.30097 -1.3007 -1.30041
4.005 0.640236 0.640236 0.640236 0.640236 -4.52149 -4.53905 -4.53227 -4.50557 -3.81071 -3.8059 -3.80718 -3.81268 -1.84272 -1.84421 -1.84458 -1.84342
4.025 1.80084 1.80084 1.80084 1.80084 -1.19147 -1.20181 -1.20183 -1.19749 -2.80425 -2.8034 -2.80497 -2.80784 -3.47857 -3.47724 -3.47596 -3.47581
4.045 2.79533 2.79533 2.79533 2.79533 3.05596 3.06428 3.0624 3.05154 -1.41998 -1.42335 -1.42323 -1.42031 -4.73084 -4.72832 -4.72918 -4.73263
4.065 1.57228 1.57228 1.57228 1.57228 4.5399 4.53125 4.51853 4.50307 0.707921 0.707988 0.709539 0.71307 -4.19824 -4.19514 -4.19434 -4.19679
4.085 -0.469297 -0.469297 -0.469297 -0.469297 2.04694 2.06097 2.03661 2.05355 2.40048 2.40666 2.40389 2.4179 -0.902522 -0.902438 -0.903772 -0.904658
4.105 -1.52855 -1.52855 -1.52855 -1.52855 -1.48328 -1.48695 -1.49243 -1.4984 2.22858 2.21978 2.22714 2.20631 4.32386 4.32041 4.32159 4.32571
4.125 -1.97696 -1.97696 -1.97696 -1.97696 -2.73628 -2.74164 -2.733 -2.71767 1.12736 1.13594 1.16369 1.17607 8.16712 8.16786 8.18053 8.18707
4.145 -0.302454 -0.302454 -0.302454 -0.302454 -1.46173 -1.46501 -1.45977 -1.45368 1.70132 1.72991 1.73365 1.74069 8.0145 8.00819 8.01059 8.0149
4.165 0.557792 0.557792 0.557792 0.557792 1.59017 1.5618 1.56372 1.56584 3.81921 3.82761 3.80848 3.79954 4.45288 4.45198 4.44918 4.44949
4.185 1.391 1.391 1.391 1.391 4.77811 4.77041 4.77432 4.77837 4.96285 4.96343 4.95785 4.94395 0.87229 0.871198 0.869663 0.86998
4.205 0.764798 0.764798 0.764798 0.764798 6.12367 6.14471 6.14386 6.12392 4.02521 4.01837 4.01903 4.02319 -0.150687 -0.144905 -0.146217 -0.148569
4.225 -0.358464 -0.358464 -0.358464 -0.358464 2.97487 2.98545 2.98293 2.96871 2.40733 2.40649 2.40764 2.41237 1.15239 1.15373 1.15445 1.15361
4.245 -1.31469 -1.31469 -1.31469 -1.31469 -2.41269 -2.40897 -2.41018 -2.39505 0.644195 0.64673 0.646152 0.639321 3.06417 3.06179 3.06231 3.06494
4.265 -1.91786 -1.91786 -1.91786 -1.91786 -5.2828 -5.36509 -5.3652 -5.29326 -1.56942 -1.56766 -1.56646 -1.57585 3.61413 3.61135 3.61182 3.61543
4.285 0.160843 0.160843 0.160843 0.160843 -3.80484 -3.81485 -3.81661 -3.81597 -3.29145 -3.2911 -3.29442 -3.26154 1.24785 1.2474 1.24616 1.2438
4.305 1.06956 1.06956 1.06956 1.06956 0.16488 0.18889 0.189464 0.177889 -3.04315 -3.0712 -3.04811 -3.03698 -3.78033 -3.77645 -3.77341 -3.79826
4.325 0.244524 0.244524 0.244524 0.244524 2.42487 2.44063 2.44412 2.43481 -1.49344 -1.47994 -1.43361 -1.40597 -8.24513 -8.233 -8.23143 -8.22476
4.345 -0.503611 -0.503611 -0.503611 -0.503611 1.41978 1.44977 1.43606 1.48709 -1.43322 -1.4185 -1.4162 -1.40925 -8.72326 -8.72472 -8.72691 -8.73463
4.365 -0.842762 -0.842762 -0.842762 -0.842762 -1.83775 -1.84007 -1.83758 -1.84367 -3.51409 -3.52886 -3.55015 -3.55015 -5.21956 -5.2187 -5.22118 -5.22593
4.385 1.26087 1.26087 1.26087 1.26087 -4.5663 -4.55697 -4.53253 -4.51314 -5.53786 -5.55138 -5.56339 -5.55899 -1.06961 -1.06786 -1.06898 -1.07092
4.405 2.59313 2.59313 2.59313 2.59313 -4.59784 -4.60744 -4.59321 -4.58121 -4.88362 -4.88906 -4.88949 -4.87828 0.183615 0.182862 0.178778 0.183349
4.425 1.74302 1.74302 1.74302 1.74302 -0.644526 -0.651212 -0.655555 -0.658543 -1.82643 -1.8264 -1.82599 -1.82339 -1.55536 -1.55539 -1.55323 -1.5519
4.445 0.0970445 0.0970445 0.0970445 0.0970445 4.07759 4.01677 4.01906 3.99432 1.72557 1.74851 1.7533 1.74853 -3.34081 -3.34105 -3.34195 -3.34343
4.465 -1.50241 -1.50241 -1.50241 -1.50241 4.94477 4.94749 4.96894 4.94278 3.96454 3.99962 3.99558 3.98828 -2.10502 -2.10567 -2.10663 -2.10816
4.485 -1.44965 -1.44965 -1.44965 -1.44965 1.62201 1.62594 1.63205 1.65828 3.83812 3.852 3.89299 3.85891 2.67464 2.67703 2.67938 2.68061
4.505 -0.360531 -0.360531 -0.360531 -0.360531 -2.02623 -2.01353 -2.01135 -2.02498 2.05597 2.03764 2.05159 2.0818 8.15839 8.15274 8.14957 8.14633
4.525 0.175078 0.175078 0.175078 0.175078 -2.3998 -2.36864 -2.36433 -2.35052 1.46385 1.39138 1.27279 1.2616 9.8214 9.82565 9.82253 9.81607
4.545 -0.041447 -0.041447 -0.041447 -0.041447 0.235672 0.224837 0.215082 0.227299 2.99728 2.98395 2.93764 2.91515 6.96253 6.956 6.95748 6.96005
4.565 -0.282469 -0.282469 -0.282469 -0.282469 3.73367 3.73115 3.71746 3.71725 5.06899 5.09648 5.10828 5.10648 2.13513 2.13431 2.138 2.1431
4.585 -0.811857 -0.811857 -0.811857 -0.811857 5.31917 5.3277 5.31583 5.30057 5.02348 5.05711 5.07737 5.07894 -0.636832 -0.638881 -0.638723 -0.63752
4.605 -0.225992 -0.225992 -0.225992 -0.225992 3.17326 3.17975 3.177 3.16359 2.5341 2.54139 2.54634 2.53539 -0.0498925 -0.049507 -0.0520803 -0.052985
4.625 0.115564 0.115564 0.115564 0.115564 -1.35515 -1.39548 -1.38753 -1.30746 -0.659595 -0.662609 -0.660432 -0.654728 1.8687 1.86701 1.86525 1.86292
4.645 1.97421 1.97421 1.97421 1.97421 -4.14699 -4.17049 -4.14468 -4.06414 -2.9534 -2.95094 -2.9554 -2.9537 2.18201 2.18252 2.18494 2.18798
4.665 0.82177 0.82177 0.82177 0.82177 -2.8165 -2.83988 -2.83364 -2.82516 -3.49121 -3.48389 -3.49285 -3.47148 -0.475554 -0.476538 -0.478333 -0.479669
4.685 -0.473112 -0.473112 -0.473112 -0.473112 0.127865 0.127416 0.120955 0.111065 -2.29411 -2.30156 -2.32979 -2.34391 -4.89182 -4.88928 -4.88974 -4.88508
4.705 -0.268588 -0.268588 -0.268588 -0.268588 1.47313 1.48011 1.47889 1.47198 -1.2737 -1.27501 -1.28237 -1.29399 -7.75352 -7.753 -7.75131 -7.75426
4.725 -0.272436 -0.272436 -0.272436 -0.272436 0.470469 0.476788 0.479129 0.474952 -2.12516 -2.12321 -2.12011 -2.1249 -6.8809 -6.88002 -6.88199 -6.88512
4.745 -0.793188 -0.793188 -0.793188 -0.793188 -2.17879 -2.17808 -2.17766 -2.18103 -3.93111 -3.93407 -3.93217 -3.9278 -3.47344 -3.47176 -3.47147 -3.47248
4.765 -0.764113 -0.764113 -0.764113 -0.764113 -4.75635 -4.76815 -4.76867 -4.76202 -4.51915 -4.52108 -4.52098 -4.51592 -0.627965 -0.629406 -0.629133 -0.628824
4.785 0.122489 0.122489 0.122489 0.122489 -4.64185 -4.66056 -4.66208 -4.64918 -3.42081 -3.41828 -3.42243 -3.43469 -0.158024 -0.159061 -0.158009 -0.154935
4.805 0.0347613 0.0347613 0.0347613 0.0347613 -1.09372 -1.09616 -1.09589 -1.0945 -1.58594 -1.58515 -1.58567 -1.58569 -1.49252 -1.49232 -1.49194 -1.49243
4.825 -0.0473897 -0.0473897 -0.0473897 -0.0473897 2.79294 2.83167 2.83301 2.83219 0.44878 0.450309 0.45469 0.456223 -2.80025 -2.79988 -2.79994 -2.80104
4.845 0.453145 0.453145 0.453145 0.453145 3.59092 3.58756 3.59846 3.62612 2.16212 2.16289 2.16208 2.16022 -2.23836 -2.23678 -2.2353 -2.23589
4.865 0.937582 0.937582 0.937582 0.937582 1.96432 1.95092 1.94467 1.96017 2.43523 2.43698 2.4217 2.4434 0.81958 0.815973 0.811515 0.81165
4.885 0.64336 0.64336 0.64336 0.64336 0.0506384 0.0432117 0.046058 0.049398 1.77633 1.75794 1.74158 1.73364 4.70752 4.70502 4.70088 4.7017
4.905 -0.554178 -0.554178 -0.554178 -0.554178 -0.697322 -0.6988 -0.698192 -0.697881 1.77075 1.75568 1.75174 1.75443 6.84877 6.8482 6.84974 6.84834
4.925 -2.34526 -2.34526 -2.34526 -2.34526 -0.378016 -0.380278 -0.379453 -0.380115 3.10826 3.10423 3.10697 3.10731 6.15828 6.15474 6.15229 6.15278
4.945 -0.85798 -0.85798 -0.85798 -0.85798 0.712503 0.70227 0.70194 0.706109 4.14605 4.15143 4.15222 4.1438 4.01097 4.00873 4.0091 4.0121
4.965 0.6695 0.6695 0.6695 0.6695 2.62795 2.62901 2.62847 2.62418 3.31323 3.31565 3.31593 3.31444 2.2631 2.26219 2.2615 2.26161
4.985 1.91696 1.91696 1.91696 1.91696 3.59492 3.60615 3.60612 3.59458 1.76064 1.75908 1.76048 1.77048 1.18147 1.18319 1.18278 1.18105
5.005 1.61392 1.61392 1.61392 1.61392 2.31028 2.34341 2.34276 2.33804 1.06945 1.06612 1.06101 1.06652 0.314543 0.312374 0.311903 0.310638
5.025 0.654428 0.654428 0.654428 0.654428 -0.0154394 -0.0083474 0.00817615 -0.0126635 0.649318 0.658902 0.654273 0.650446 -0.187296 -0.188361 -0.189291 -0.189007
5.045 -0.633382 -0.633382 -0.633382 -0.633382 -1.463 -1.43614 -1.44243 -1.48235 -0.654194 -0.654389 -0.652828 -0.644983 -0.158684 -0.160363 -0.161255 -0.160222
5.065 -1.79521 -1.79521 -1.79521 -1.79521 -1.89818 -1.91027 -1.91326 -1.90171 -2.11767 -2.11461 -2.11212 -2.11009 -0.415274 -0.417453 -0.420581 -0.422173
5.085 -0.847865 -0.847865 -0.847865 -0.847865 -2.3422 -2.34597 -2.34922 -2.33387 -2.5683 -2.58696 -2.56953 -2.57167 -1.7147 -1.71469 -1.71674 -1.71895
5.105 -0.152365 -0.152365 -0.152365 -0.152365 -1.98655 -1.99428 -1.99218 -1.98836 -2.58452 -2.58024 -2.58216 -2.5775 -3.50393 -3.50459 -3.50699 -3.50736
5.125 0.927669 0.927669 0.927669 0.927669 -0.709292 -0.711451 -0.711943 -0.714164 -2.88619 -2.88735 -2.88887 -2.89057 -4.74156 -4.74024 -4.73861 -4.73916
5.145 0.916282 0.916282 0.916282 0.916282 0.343017 0.348225 0.347763 0.338738 -3.03196 -3.03751 -3.03864 -3.03875 -5.01208 -5.00956 -5.00876 -5.01143
5.165 -0.195015 -0.195015 -0.195015 -0.195015 -0.151909 -0.147229 -0.147056 -0.153062 -2.39153 -2.39414 -2.39473 -2.39581 -4.33364 -4.33205 -4.33192 -4.33324
5.185 -0.749361 -0.749361 -0.749361 -0.749361 -1.68678 -1.69174 -1.69161 -1.68718 -1.61123 -1.60751 -1.60743 -1.61151 -2.65324 -2.65365 -2.65372 -2.65338
5.205 -0.924503 -0.924503 -0.924503 -0.924503 -2.38441 -2.39634 -2.39533 -2.39121 -1.52581 -1.48532 -1.49342 -1.50419 -0.40892 -0.407518 -0.405657 -0.402771
5.225 -1.12285 -1.12285 -1.12285 -1.12285 -1.76709 -1.73384 -1.74859 -1.74574 -1.3191 -1.31684 -1.30781 -1.31239 1.14995 1.1556 1.15779 1.15672
5.245 -0.585076 -0.585076 -0.585076 -0.585076 -0.507682 -0.484999 -0.494361 -0.499673 -0.0795787 -0.0890925 -0.0862547 -0.0833554 1.27587 1.27742 1.27845 1.2787
5.265 1.73449 1.73449 1.73449 1.73449 1.03625 1.02909 1.03057 1.05086 1.51616 1.51576 1.519 1.52051 0.695434 0.695158 0.695277 0.694961
5.285 0.970281 0.970281 0.970281 0.970281 2.97327 2.96452 2.96923 2.96216 2.40073 2.40211 2.40324 2.40583 0.684925 0.684666 0.683585 0.682708
5.305 0.661576 0.661576 0.661576 0.661576 3.36217 3.36943 3.36794 3.35867 2.82711 2.8226 2.81742 2.82585 1.65661 1.65683 1.65495 1.65409
5.325 -0.415423 -0.415423 -0.415423 -0.415423 1.74611 1.74753 1.74714 1.74296 3.09155 3.09157 3.08847 3.08806 3.25728 3.25635 3.25514 3.25674
5.345 -1.18177 -1.18177 -1.18177 -1.18177 -0.445809 -0.453727 -0.453028 -0.448207 2.82868 2.82714 2.82603 2.81926 4.80739 4.80703 4.80695 4.809
5.365 -0.243837 -0.243837 -0.243837 -0.243837 -1.19687 -1.20678 -1.20627 -1.19695 1.8813 1.8766 1.87513 1.87027 5.35932 5.35672 5.35796 5.35987
5.385 0.0180592 0.0180592 0.0180592 0.0180592 0.112336 0.112739 0.112942 0.112292 1.11045 1.1032 1.10274 1.1058 4.03119 4.03073 4.03044 4.03049
5.405 -1.2194 -1.2194 -1.2194 -1.2194 1.4896 1.49696 1.50069 1.48874 1.36725 1.37065 1.37069 1.38337 1.1033 1.10392 1.10458 1.10568
5.425 -2.09013 -2.09013 -2.09013 -2.09013 1.03228 1.0408 1.02857 1.06744 1.64432 1.62481 1.62308 1.65887 -1.54527 -1.54529 -1.54575 -1.54139
5.445 -1.17009 -1.17009 -1.17009 -1.17009 -0.855773 -0.775901 -0.790792 -0.86037 -0.0156308 -0.0311702 -0.0211357 -0.013388 -2.22035 -2.22193 -2.21941 -2.22326
5.465 0.152467 0.152467 0.152467 0.152467 -2.05483 -2.03833 -2.05092 -2.09394 -3.17269 -3.17813 -3.19589 -3.1806 -1.63409 -1.63376 -1.63752 -1.64045
5.485 1.2243 1.2243 1.2243 1.2243 -2.54987 -2.55616 -2.55909 -2.5626 -4.8836 -4.89266 -4.89808 -4.89199 -2.17974 -2.17726 -2.17541 -2.17591
5.505 1.18614 1.18614 1.18614 1.18614 -2.16549 -2.17039 -2.16692 -2.15267 -4.10115 -4.10018 -4.09766 -4.09906 -4.47447 -4.47492 -4.47713 -4.47853
5.525 0.303302 0.303302 0.303302 0.303302 -0.777024 -0.783781 -0.775693 -0.775853 -2.76284 -2.75765 -2.75682 -2.76481 -6.55957 -6.55982 -6.55775 -6.5578
5.545 -0.143579 -0.143579 -0.143579 -0.143579 0.375223 0.379268 0.379865 0.370187 -2.47414 -2.47534 -2.47603 -2.48108 -6.43672 -6.43575 -6.43741 -6.4405
5.565 -0.724163 -0.724163 -0.724163 -0.724163 -0.267131 -0.260306 -0.262193 -0.271461 -2.64731 -2.65207 -2.6535 -2.65283 -4.18573 -4.18391 -4.18389 -4.18551
5.585 -1.17583 -1.17583 -1.17583 -1.17583 -2.36511 -2.36808 -2.3677 -2.36547 -2.27415 -2.27843 -2.27286 -2.25649 -1.27006 -1.26935 -1.26931 -1.26906
5.605 -0.879157 -0.879157 -0.879157 -0.879157 -3.503 -3.51234 -3.51255 -3.47192 -1.4722 -1.49706 -1.51371 -1.48945 0.958017 0.95192 0.945181 0.955334
5.625 0.380437 0.380437 0.380437 0.380437 -1.79286 -1.82429 -1.82009 -1.77848 -0.685331 -0.680694 -0.694047 -0.693359 1.8209 1.82198 1.82114 1.81965
5.645 0.246812 0.246812 0.246812 0.246812 1.58377 1.61812 1.63874 1.63582 0.727742 0.725405 0.727884 0.735932 1.30789 1.31013 1.31001 1.30754
5.665 0.261113 0.261113 0.261113 0.261113 3.42093 3.4353 3.43596 3.41177 2.99812 2.99838 2.99858 3.00983 0.484169 0.483375 0.481358 0.479976
5.685 0.478648 0.478648 0.478648 0.478648 3.1116 3.11216 3.10425 3.09656 4.25408 4.26722 4.25934 4.25107 1.20311 1.2031 1.20575 1.20841
5.705 0.383183 0.383183 0.383183 0.383183 1.92359 1.92221 1.92118 1.91772 3.45087 3.44875 3.44813 3.44546 3.77062 3.76952 3.76542 3.76709
5.725 0.39258 0.39258 0.39258 0.39258 0.591663 0.591362 0.592086 0.591591 2.19549 2.18458 2.18304 2.18702 6.11512 6.11587 6.11281 6.11396
5.745 0.606572 0.606572 0.606572 0.606572 -0.130742 -0.135851 -0.134668 -0.128684 2.2028 2.19501 2.19416 2.19359 6.18245 6.1806 6.18012 6.17975
5.765 0.648681 0.648681 0.648681 0.648681 0.706566 0.699603 0.699956 0.705296 2.94546 2.94579 2.94516 2.94054 4.10474 4.1033 4.10323 4.10477
5.785 1.28114 1.28114 1.28114 1.28114 2.68222 2.68248 2.68214 2.67945 3.02223 3.02571 3.02585 3.02359 1.59718 1.59692 1.59724 1.59867
5.805 0.795742 0.795742 0.795742 0.795742 3.77731 3.78731 3.78512 3.77005 2.27771 2.27459 2.2713 2.28807 0.0218998 0.0208546 0.0233812 0.0242915
5.825 0.0363207 0.0363207 0.0363207 0.0363207 2.13013 2.15569 2.15258 2.14567 1.35448 1.36114 1.36731 1.36396 -0.319198 -0.318091 -0.3175 -0.317663
5.845 -0.377441 -0.377441 -0.377441 -0.377441 -1.13016 -1.14226 -1.1415 -1.14439 0.0849287 0.0849032 0.0875623 0.0817315 0.257116 0.256886 0.256938 0.257955
5.865 -0.873578 -0.873578 -0.873578 -0.873578 -3.02547 -3.01571 -3.01347 -2.96271 -1.77624 -1.77495 -1.77208 -1.77448 0.726083 0.725933 0.726459 0.726757
5.885 -1.01046 -1.01046 -1.01046 -1.01046 -2.9366 -2.94427 -2.93605 -2.94441 -3.04105 -3.04594 -3.04276 -3.03463 -0.261793 -0.26178 -0.263592 -0.265639
5.905 -1.08415 -1.08415 -1.08415 -1.08415 -1.90546 -1.90538 -1.90716 -1.91011 -2.88392 -2.88822 -2.89261 -2.8992 -2.88488 -2.88786 -2.89688 -2.89054
5.925 -0.535161 -0.535161 -0.535161 -0.535161 -0.880199 -0.881538 -0.882539 -0.882768 -2.33833 -2.32898 -2.32834 -2.33707 -5.47993 -5.4831 -5.48286 -5.48608
5.945 -0.861886 -0.861886 -0.861886 -0.861886 -0.394951 -0.390233 -0.389449 -0.394229 -2.71329 -2.7103 -2.70828 -2.71231 -6.22447 -6.22317 -6.22483 -6.22725
5.965 -0.69039 -0.69039 -0.69039 -0.69039 -1.29844 -1.29556 -1.29561 -1.30094 -3.61975 -3.62255 -3.6232 -3.62343 -5.05948 -5.05749 -5.05667 -5.05769
5.985 0.261849 0.261849 0.261849 0.261849 -2.87538 -2.88329 -2.88381 -2.88058 -4.01872 -4.0197 -4.02036 -4.02029 -3.27294 -3.27255 -3.27268 -3.27308
6.005 0.575657 0.575657 0.575657 0.575657 -3.05079 -3.06163 -3.06218 -3.05642 -3.56396 -3.56388 -3.56428 -3.56403 -2.0743 -2.07405 -2.07373 -2.07353
6.025 2.03824 2.03824 2.03824 2.03824 -1.14899 -1.15734 -1.15754 -1.15372 -2.26988 -2.27054 -2.26699 -2.26685 -1.80565 -1.80561 -1.80585 -1.8062
6.045 3.21313 3.21313 3.21313 3.21313 2.06738 2.1563 2.15997 2.10549 -0.34171 -0.323678 -0.328804 -0.321792 -1.85151 -1.84907 -1.84846 -1.84998
6.065 1.79506 1.79506 1.79506 1.79506 4.46205 4.54036 4.53537 4.55083 2.07433 2.07962 2.06499 2.08294 -1.1074 -1.09965 -1.09508 -1.10009
6.085 -0.957451 -0.957451 -0.957451 -0.957451 3.82352 3.85338 3.85023 3.79566 4.19413 4.2113 4.23053 4.23071 1.37627 1.3797 1.38164 1.38583
6.105 -1.30301 -1.30301 -1.30301 -1.30301 0.675506 0.845634 0.89618 0.989334 4.75049 4.76801 4.7834 4.78387 5.53891 5.53629 5.54048 5.54157
6.125 -1.10212 -1.10212 -1.10212 -1.10212 -0.714721 -0.806463 -0.763213 -0.759542 3.09352 3.29149 3.3347 3.41964 9.30891 9.32105 9.3278 9.32926
6.145 -0.602247 -0.602247 -0.602247 -0.602247 -0.926104 -1.03453 -1.06092 -1.07597 3.39343 3.36041 3.39901 3.34561 9.64272 9.63601 9.63719 9.64278
6.165 -0.197848 -0.197848 -0.197848 -0.197848 0.694916 0.669391 0.666286 0.67473 4.62355 4.6043 4.52476 4.48807 6.73667 6.72736 6.72554 6.73038
6.185 -0.66433 -0.66433 -0.66433 -0.66433 3.57606 3.5752 3.57768 3.56839 4.89275 4.88122 4.8577 4.84195 2.98436 2.98191 2.97819 2.97733
6.205 -0.703275 -0.703275 -0.703275 -0.703275 4.42212 4.43354 4.43647 4.41588 3.76385 3.77593 3.786 3.79333 0.520653 0.525515 0.527336 0.526067
6.225 -0.421246 -0.421246 -0.421246 -0.421246 1.9094 1.9298 1.93568 1.92284 1.62972 1.64478 1.65673 1.6407 -0.0551683 -0.054033 -0.0547762 -0.0563216
6.245 -1.3645 -1.3645 -1.3645 -1.3645 -2.06334 -2.03433 -2.04237 -2.1766 -1.14108 -1.15729 -1.15287 -1.18788 0.272012 0.272019 0.278383 0.283993
6.265 -1.07399 -1.07399 -1.07399 -1.07399 -4.74622 -4.66449 -4.77782 -4.87352 -3.89749 -3.83624 -3.84723 -3.86603 -0.264831 -0.261812 -0.257522 -0.253202
6.285 -1.24589 -1.24589 -1.24589 -1.24589 -4.41777 -4.17646 -4.20348 -3.81203 -5.32648 -5.30329 -5.31867 -5.31742 -2.95097 -2.94624 -2.94867 -2.93969
6.305 -1.42511 -1.42511 -1.42511 -1.42511 -2.6297 -2.54921 -2.53004 -2.52817 -4.3833 -4.35054 -4.36353 -4.3106 -7.075 -7.07971 -7.08502 -7.08431
6.325 -1.24459 -1.24459 -1.24459 -1.24459 -1.57912 -1.72988 -1.69957 -1.59909 -3.79373 -3.7713 -3.92205 -3.96463 -9.3183 -9.33161 -9.32861 -9.32603
6.345 0.160083 0.160083 0.160083 0.160083 1.46586 4.60059 1.77757 -15.3811 -3.33248 -3.72626 -4.43865 -5.39304 -8.73611 -8.69675 -8.59262 -8.48274
6.365 1.47857 1.47857 1.47857 1.47857 -3.10991 0.504183 -0.430348 -0.53661 -6.81589 -6.67324 -6.48053 -6.41202 -5.68921 -5.65828 -5.63146 -5.63215
6.385 1.8811 1.8811 1.8811 1.8811 -4.77507 -4.13349 -2.45314 -0.316163 -6.34589 -6.11393 -5.80716 -5.57564 -3.69964 -3.70165 -3.70775 -3.72588
6.405 2.48827 2.48827 2.48827 2.48827 -4.14495 -4.57887 -4.33431 -3.79293 -3.22281 -3.2394 -3.27073 -3.29615 -3.20467 -3.21577 -3.23194 -3.23765
6.425 2.88182 2.88182 2.88182 2.88182 -0.894536 -1.32458 -1.78546 -2.20116 -1.45483 -1.53347 -1.66403 -1.74328 -2.61833 -2.61643 -2.61674 -2.61874
6.445 2.92698 2.92698 2.92698 2.92698 3.19546 3.25812 3.14554 2.70296 -0.726053 -0.747709 -0.773719 -0.790651 -1.43774 -1.43568 -1.43202 -1.42905
6.465 3.33759 3.33759 3.33759 3.33759 6.3462 6.98348 7.05592 6.76672 1.73435 1.75046 1.65751 1.59201 -0.210021 -0.190658 -0.157388 -0.161453
6.485 2.28025 2.28025 2.28025 2.28025 4.68897 5.47318 4.39362 2.64978 6.56785 6.61106 6.59534 6.29905 1.87167 1.86476 1.87265 1.89135
6.505 1.23425 1.23425 1.23425 1.23425 -14.9266 6.00338 2.19012 1.76959 4.96025 5.77096 6.22726 6.29916 7.15407 7.04892 7.03524 7.06052
6.525 0.582333 0.582333 0.582333 0.582333 -3.70943 5.5566 2.02278 -5.1484 1.80946 2.19164 2.18813 2.06565 10.9785 11.0623 11.0875 11.0427
6.545 0.535496 0.535496 0.535496 0.535496 4.23651 2.74538 0.494486 -4.81318 3.18449 2.88137 2.31639 1.16437 9.9729 10.0734 10.1943 10.3734
6.565 0.0358486 0.0358486 0.0358486 0.0358486 -0.271814 1.40084 1.79721 1.57156 6.23223 6.21039 5.79433 5.49595 5.22202 5.27019 5.41352 5.55898
