0.005 0 0 0 0 -3.36e-06 -3.36809e-06 -3.36809e-06 -3.36006e-06 -3.43929e-06 -3.43638e-06 -3.43638e-06 -3.4393e-06 -3.42711e-06 -3.4275e-06 -3.4275e-06 -3.42711e-06
0.025 0 0 0 0 -2.45712e-05 -2.46382e-05 -2.46385e-05 -2.45725e-05 -3.05214e-05 -3.05045e-05 -3.05047e-05 -3.05217e-05 -3.00943e-05 -3.0094e-05 -3.00941e-05 -3.00945e-05
0.045 0 0 0 0 -3.13977e-05 -3.14399e-05 -3.14409e-05 -3.14013e-05 -5.49834e-05 -5.49927e-05 -5.49934e-05 -5.49853e-05 -5.73054e-05 -5.7294e-05 -5.72942e-05 -5.73058e-05
0.065 0 0 0 0 -2.97767e-05 -2.97832e-05 -2.97854e-05 -2.9784e-05 -6.88403e-05 -6.88598e-05 -6.88605e-05 -6.8843e-05 -8.44742e-05 -8.44526e-05 -8.44532e-05 -8.44764e-05
0.085 0 0 0 0 -2.89532e-05 -2.89679e-05 -2.89699e-05 -2.89601e-05 -7.11221e-05 -7.11138e-05 -7.11154e-05 -7.11275e-05 -0.000104276 -0.000104253 -0.000104254 -0.000104279
0.105 0 0 0 0 -3.00306e-05 -3.00601e-05 -3.00618e-05 -3.00366e-05 -6.9823e-05 -6.98007e-05 -6.98026e-05 -6.98292e-05 -0.000106445 -0.000106425 -0.000106426 -0.000106449
0.125 0 0 0 0 -3.07176e-05 -3.07401e-05 -3.07418e-05 -3.07237e-05 -6.78125e-05 -6.7814e-05 -6.78153e-05 -6.78166e-05 -8.94347e-05 -8.94152e-05 -8.94159e-05 -8.94372e-05
0.145 0 0 0 0 -2.98221e-05 -2.98472e-05 -2.98486e-05 -2.98272e-05 -5.82796e-05 -5.82977e-05 -5.82982e-05 -5.82811e-05 -6.26939e-05 -6.26789e-05 -6.26793e-05 -6.26947e-05
0.165 0 0 0 0 -2.3866e-05 -2.39089e-05 -2.39095e-05 -2.38684e-05 -3.71727e-05 -3.7175e-05 -3.71753e-05 -3.71734e-05 -3.59568e-05 -3.59512e-05 -3.59514e-05 -3.59572e-05
0.185 0 0 0 0 -8.93019e-06 -8.95958e-06 -8.95963e-06 -8.93043e-06 -1.0096e-05 -1.00846e-05 -1.00847e-05 -1.00962e-05 -1.1236e-05 -1.12368e-05 -1.12368e-05 -1.12361e-05
0.205 0 0 0 0 1.09274e-05 1.09489e-05 1.09488e-05 1.09272e-05 1.57769e-05 1.57779e-05 1.57779e-05 1.57769e-05 1.38296e-05 1.38278e-05 1.38278e-05 1.38296e-05
0.225 0 0 0 0 2.46948e-05 2.4745e-05 2.4745e-05 2.4695e-05 3.77145e-05 3.77081e-05 3.77081e-05 3.77146e-05 3.97306e-05 3.97255e-05 3.97255e-05 3.97307e-05
0.245 0 0 0 0 2.59527e-05 2.5977e-05 2.59771e-05 2.59527e-05 5.21994e-05 5.22043e-05 5.22043e-05 5.21994e-05 6.26431e-05 6.26294e-05 6.26294e-05 6.26432e-05
0.265 0 0 0 0 2.07574e-05 2.075e-05 2.075e-05 2.07574e-05 5.57468e-05 5.57552e-05 5.57552e-05 5.57468e-05 7.74924e-05 7.74724e-05 7.74724e-05 7.74923e-05
0.285 0 0 0 0 1.66168e-05 1.66107e-05 1.66107e-05 1.66167e-05 4.89787e-05 4.89723e-05 4.89723e-05 4.89787e-05 7.74268e-05 7.74085e-05 7.74085e-05 7.74268e-05
0.305 0 0 0 0 1.56945e-05 1.57066e-05 1.57066e-05 1.56945e-05 3.84249e-05 3.84116e-05 3.84116e-05 3.84249e-05 6.00481e-05 6.0036e-05 6.0036e-05 6.00481e-05
0.325 0 0 0 0 1.61529e-05 1.61767e-05 1.61767e-05 1.61529e-05 2.86411e-05 2.86408e-05 2.86408e-05 2.86411e-05 3.24729e-05 3.24669e-05 3.24669e-05 3.24729e-05
0.345 0 0 0 0 1.43719e-05 1.44006e-05 1.44006e-05 1.43719e-05 1.74298e-05 1.74404e-05 1.74404e-05 1.74298e-05 6.8261e-06 6.82546e-06 6.82546e-06 6.8261e-06
0.365 0 0 0 0 7.844e-06 7.87182e-06 7.87182e-06 7.84399e-06 3.20618e-06 3.20939e-06 3.20939e-06 3.20617e-06 -8.27988e-06 -8.27615e-06 -8.27615e-06 -8.27988e-06
0.385 0 0 0 0 -3.32797e-06 -3.32062e-06 -3.32061e-06 -3.32797e-06 -1.08745e-05 -1.08812e-05 -1.08812e-05 -1.08745e-05 -1.38972e-05 -1.38926e-05 -1.38926e-05 -1.38972e-05
0.405 0 0 0 0 -1.13896e-05 -1.1407e-05 -1.1407e-05 -1.13896e-05 -1.73738e-05 -1.73807e-05 -1.73807e-05 -1.73738e-05 -1.36647e-05 -1.3662e-05 -1.3662e-05 -1.36647e-05
0.425 0 0 0 0 -9.97595e-06 -9.99583e-06 -9.99583e-06 -9.97595e-06 -1.38664e-05 -1.38683e-05 -1.38683e-05 -1.38664e-05 -1.10294e-05 -1.1028e-05 -1.1028e-05 -1.10294e-05
0.445 0 0 0 0 1.3979e-06 1.40717e-06 1.40717e-06 1.3979e-06 -1.34007e-06 -1.34186e-06 -1.34186e-06 -1.34007e-06 -4.30897e-06 -4.30702e-06 -4.30702e-06 -4.30897e-06
0.465 0 0 0 0 1.22899e-05 1.23205e-05 1.23205e-05 1.22899e-05 1.38201e-05 1.38218e-05 1.38218e-05 1.38201e-05 7.02665e-06 7.02704e-06 7.02704e-06 7.02665e-06
0.485 0 0 0 0 8.80191e-06 8.80331e-06 8.80331e-06 8.80191e-06 1.74966e-05 1.75102e-05 1.75102e-05 1.74966e-05 1.52673e-05 1.52623e-05 1.52623e-05 1.52673e-05
0.505 0 0 0 0 -1.68473e-06 -1.71203e-06 -1.71203e-06 -1.68473e-06 8.90613e-06 8.91299e-06 8.91299e-06 8.90613e-06 1.85087e-05 1.85015e-05 1.85015e-05 1.85087e-05
0.525 0 0 0 0 -1.38964e-05 -1.39376e-05 -1.39376e-05 -1.38964e-05 -9.9223e-06 -9.92968e-06 -9.92968e-06 -9.9223e-06 6.57957e-06 6.57571e-06 6.57571e-06 6.57957e-06
0.545 0 0 0 0 -2.12388e-05 -2.1278e-05 -2.1278e-05 -2.12388e-05 -2.99264e-05 -2.99347e-05 -2.99347e-05 -2.99264e-05 -2.2458e-05 -2.24547e-05 -2.24547e-05 -2.2458e-05
0.565 0 0 0 0 -1.97022e-05 -1.97174e-05 -1.97174e-05 -1.97022e-05 -4.29063e-05 -4.29053e-05 -4.29053e-05 -4.29063e-05 -5.67753e-05 -5.6763e-05 -5.6763e-05 -5.67753e-05
0.585 0 0 0 0 -1.78507e-05 -1.78463e-05 -1.78463e-05 -1.78507e-05 -5.23859e-05 -5.23758e-05 -5.23758e-05 -5.23859e-05 -8.42004e-05 -8.41811e-05 -8.4181e-05 -8.42004e-05
0.605 0 0 0 0 -2.22724e-05 -2.22716e-05 -2.22716e-05 -2.22724e-05 -6.14208e-05 -6.14122e-05 -6.14122e-05 -6.14208e-05 -9.48915e-05 -9.48697e-05 -9.48697e-05 -9.48915e-05
0.625 0 0 0 0 -3.19061e-05 -3.19322e-05 -3.19322e-05 -3.1906e-05 -6.82955e-05 -6.82953e-05 -6.82953e-05 -6.82956e-05 -8.8754e-05 -8.87348e-05 -8.87347e-05 -8.87544e-05
0.645 0 0 0 0 -3.86619e-05 -3.87167e-05 -3.87173e-05 -3.86641e-05 -6.79294e-05 -6.79353e-05 -6.79369e-05 -6.79333e-05 -7.38011e-05 -7.37869e-05 -7.37868e-05 -7.38011e-05
0.665 0 0 0 0 -3.46163e-05 -3.46719e-05 -3.46715e-05 -3.46175e-05 -5.70207e-05 -5.70255e-05 -5.70264e-05 -5.70228e-05 -5.8246e-05 -5.82358e-05 -5.82362e-05 -5.82468e-05
0.685 0 0 0 0 -1.94968e-05 -1.95214e-05 -1.95222e-05 -1.94998e-05 -3.69481e-05 -3.69487e-05 -3.69493e-05 -3.69499e-05 -4.40192e-05 -4.40104e-05 -4.40104e-05 -4.40194e-05
0.705 0 0 0 0 -7.8957e-06 -7.902e-06 -7.90277e-06 -7.898e-06 -1.99512e-05 -1.99405e-05 -1.99409e-05 -1.99528e-05 -3.39295e-05 -3.39235e-05 -3.39241e-05 -3.39314e-05
0.725 0 0 0 0 -2.49463e-05 -2.50153e-05 -2.50157e-05 -2.49478e-05 -3.53896e-05 -3.53585e-05 -3.53594e-05 -3.53924e-05 -4.66391e-05 -4.66366e-05 -4.66366e-05 -4.66398e-05
0.745 0 0 0 0 -5.59593e-05 -5.60797e-05 -5.60807e-05 -5.59634e-05 -8.15219e-05 -8.15067e-05 -8.15073e-05 -8.15238e-05 -8.25628e-05 -8.2554e-05 -8.25544e-05 -8.25636e-05
0.765 0 0 0 0 -8.96789e-05 -8.9825e-05 -8.98276e-05 -8.96891e-05 -0.000147285 -0.000147296 -0.000147297 -0.000147289 -0.000150686 -0.00015066 -0.00015066 -0.000150687
0.785 0 0 0 0 -6.63934e-05 -6.63915e-05 -6.63961e-05 -6.64098e-05 -0.000159792 -0.000159851 -0.000159853 -0.000159798 -0.000193225 -0.000193172 -0.000193173 -0.000193229
0.805 0 0 0 0 8.34827e-05 8.39125e-05 8.39101e-05 8.34754e-05 5.54123e-06 5.41801e-06 5.41541e-06 5.53166e-06 -7.43232e-05 -7.4261e-05 -7.42628e-05 -7.43314e-05
0.825 0 0 0 0 0.000270714 0.000271384 0.000271382 0.000270709 0.000328665 0.000328624 0.000328622 0.000328656 0.000242852 0.000242848 0.000242847 0.000242844
0.845 0 0 0 0 0.000447428 0.000448141 0.000448146 0.00044744 0.000743554 0.000743591 0.000743588 0.000743543 0.000773129 0.000772994 0.000772995 0.000773132
0.865 0 0 0 0 0.000578865 0.000579442 0.000579395 0.000578729 0.00114419 0.00114418 0.00114418 0.00114419 0.00141224 0.00141195 0.00141194 0.00141223
0.885 0 0 0 0 0.000629802 0.000630157 0.000630115 0.000629659 0.00142296 0.00142284 0.0014228 0.00142283 0.00193604 0.00193558 0.00193557 0.00193599
0.905 0 0 0 0 0.000678275 0.000678579 0.000678547 0.000678146 0.00158527 0.00158512 0.00158507 0.00158513 0.00221036 0.00220983 0.00220982 0.0022103
0.925 0 0 0 0 0.000747618 0.00074814 0.000748103 0.000747478 0.0016326 0.00163247 0.00163244 0.0016325 0.00218368 0.00218318 0.00218316 0.00218363
0.945 0 0 0 0 0.000562522 0.000562623 0.000562585 0.000562387 0.00130841 0.0013086 0.00130858 0.00130834 0.00167531 0.00167488 0.00167486 0.00167527
0.965 0 0 0 0 -3.9343e-05 -4.0345e-05 -4.03669e-05 -3.94141e-05 0.000316583 0.000317006 0.000316999 0.000316554 0.000525716 0.000525458 0.000525451 0.000525692
0.985 0 0 0 0 -0.000448177 -0.000448687 -0.000448689 -0.000448183 -0.000791849 -0.00079212 -0.00079212 -0.000791847 -0.000761292 -0.000761122 -0.000761123 -0.000761298
1.005 0 0 0 0 -0.000542192 -0.000541718 -0.000541716 -0.000542185 -0.00147687 -0.00147753 -0.00147753 -0.00147687 -0.00186006 -0.00185951 -0.00185951 -0.00186006
1.025 0 0 0 0 -0.000749802 -0.000750158 -0.000750156 -0.000749798 -0.00185281 -0.0018525 -0.0018525 -0.00185281 -0.00274965 -0.00274906 -0.00274906 -0.00274966
1.045 0 0 0 0 -0.000980401 -0.000981613 -0.000981614 -0.000980401 -0.00212945 -0.0021287 -0.0021287 -0.00212945 -0.00313803 -0.00313745 -0.00313745 -0.00313803
1.065 0 0 0 0 -0.000119748 -0.000117579 -0.000117578 -0.000119744 -0.00123631 -0.00123738 -0.00123738 -0.00123633 -0.0018886 -0.00188787 -0.00188786 -0.00188861
1.085 0 0 0 0 6.2254e-05 6.3047e-05 6.30273e-05 6.22077e-05 -0.00022294 -0.000223163 -0.000223182 -0.00022298 -0.000482079 -0.000481883 -0.00048188 -0.000482089
1.105 0 0 0 0 -0.0012296 -0.0012353 -0.00123532 -0.00122964 -0.000664808 -0.000662469 -0.000662479 -0.000664834 -0.000393431 -0.000394013 -0.000394008 -0.000393416
1.125 0 0 0 0 -0.00183354 -0.00183859 -0.00183857 -0.00183355 -0.00196411 -0.0019639 -0.00196393 -0.00196418 -0.00106818 -0.00106831 -0.00106832 -0.00106818
1.145 0 0 0 0 -0.000466049 -0.000463042 -0.000463068 -0.000466199 -0.00183674 -0.00184024 -0.00184023 -0.00183671 -0.00139283 -0.0013919 -0.0013919 -0.00139284
1.165 0 0 0 0 0.000506796 0.000510286 0.000510292 0.000506765 -0.000559533 -0.000559923 -0.000559939 -0.000559535 -0.00187141 -0.00187067 -0.00187068 -0.00187144
1.185 0 0 0 0 0.000163309 0.000161607 0.000161611 0.000163315 9.28147e-05 9.68524e-05 9.67876e-05 9.25918e-05 -0.00202862 -0.00202873 -0.00202876 -0.00202885
1.205 0 0 0 0 -0.000353421 -0.0003547 -0.00035471 -0.000353436 -0.000556178 -0.000555068 -0.000555086 -0.000556256 -0.00109391 -0.00109385 -0.00109384 -0.00109393
1.225 0 0 0 0 -0.000424036 -0.000422125 -0.000422177 -0.000424217 -0.0010101 -0.00101388 -0.00101389 -0.00101013 0.000392769 0.000393241 0.000393253 0.000392792
1.245 0 0 0 0 -0.000315574 -0.000315949 -0.000315944 -0.00031557 -5.44778e-05 -5.62039e-05 -5.62035e-05 -5.44788e-05 0.00125132 0.00125118 0.00125118 0.00125132
1.265 0 0 0 0 0.00039676 0.00039421 0.000394193 0.00039671 0.00168072 0.00168324 0.00168325 0.00168074 0.00166082 0.00165997 0.00165998 0.00166084
1.285 0 0 0 0 0.00168301 0.00168498 0.00168498 0.001683 0.00281429 0.00281566 0.00281566 0.00281431 0.0023687 0.00236813 0.00236812 0.00236868
1.305 0 0 0 0 0.00227236 0.00227825 0.00227825 0.00227236 0.00306353 0.00306188 0.00306188 0.00306353 0.00329916 0.00329899 0.00329899 0.00329917
1.325 0 0 0 0 0.00157129 0.00157356 0.00157356 0.0015713 0.00302536 0.00302465 0.00302465 0.00302536 0.00398944 0.00398873 0.00398873 0.00398944
1.345 0 0 0 0 0.000483703 0.000480517 0.000480518 0.000483706 0.00264062 0.00264205 0.00264205 0.00264062 0.00404474 0.00404338 0.00404339 0.00404475
1.365 0 0 0 0 -3.68244e-05 -3.98401e-05 -3.98508e-05 -3.6887e-05 0.00151456 0.00151491 0.00151491 0.00151453 0.00306818 0.00306717 0.00306716 0.00306816
1.385 0 0 0 0 -0.000284552 -0.000284732 -0.000284691 -0.000284455 -0.000213849 -0.000215192 -0.000215214 -0.000213952 0.000664121 0.000664046 0.000664064 0.000664104
1.405 0 0 0 0 0.000129665 0.000132467 0.000132448 0.000129621 -0.000934584 -0.000935713 -0.000935725 -0.000934624 -0.00166401 -0.00166326 -0.00166325 -0.00166397
1.425 0 0 0 0 0.000288081 0.000290492 0.000290477 0.000288051 -0.000985102 -0.000984034 -0.000984035 -0.000985104 -0.00308411 -0.00308331 -0.00308331 -0.00308412
1.445 0 0 0 0 -0.000532908 -0.000533533 -0.000533536 -0.000532915 -0.00165535 -0.00165343 -0.00165342 -0.00165535 -0.00347623 -0.00347566 -0.00347566 -0.00347623
1.465 0 0 0 0 -0.00148179 -0.00148361 -0.0014836 -0.00148179 -0.00267876 -0.0026792 -0.0026792 -0.00267875 -0.00286647 -0.00286587 -0.00286587 -0.00286647
1.485 0 0 0 0 -0.00201092 -0.0020135 -0.0020135 -0.00201092 -0.00314866 -0.00315053 -0.00315053 -0.00314866 -0.00226426 -0.00226371 -0.00226371 -0.00226426
1.505 0 0 0 0 -0.00194365 -0.00194758 -0.00194758 -0.00194365 -0.00278078 -0.00278085 -0.00278085 -0.00278078 -0.00246021 -0.0024599 -0.0024599 -0.00246021
1.525 0 0 0 0 -0.00115051 -0.00115285 -0.00115283 -0.00115044 -0.00208369 -0.00208236 -0.00208236 -0.00208372 -0.00303706 -0.00303666 -0.00303665 -0.00303706
1.545 0 0 0 0 -0.000220132 -0.000218548 -0.000218606 -0.000220308 -0.00162689 -0.00162652 -0.00162651 -0.00162687 -0.00321856 -0.00321771 -0.00321772 -0.00321857
1.565 0 0 0 0 -4.03795e-05 -3.7906e-05 -3.79477e-05 -4.05836e-05 -0.00140551 -0.00140601 -0.00140607 -0.00140572 -0.00267768 -0.00267681 -0.00267682 -0.0026777
1.585 0 0 0 0 -0.000614831 -0.000615701 -0.000615697 -0.000614871 -0.00120412 -0.00120388 -0.00120388 -0.00120415 -0.00157726 -0.00157698 -0.001577 -0.00157734
1.605 0 0 0 0 -0.000273608 -0.000274549 -0.000274525 -0.000273562 -6.38e-05 -6.41461e-05 -6.41345e-05 -6.37827e-05 0.00051067 0.000510522 0.000510525 0.000510668
1.625 0 0 0 0 0.000132376 0.000131347 0.000131332 0.000132347 0.00100892 0.0010087 0.00100871 0.00100892 0.00199633 0.0019958 0.0019958 0.00199634
1.645 0 0 0 0 0.00040733 0.000406177 0.000406166 0.000407306 0.00157939 0.00157985 0.00157985 0.0015794 0.00240454 0.00240383 0.00240383 0.00240454
1.665 0 0 0 0 0.00111816 0.00111971 0.00111971 0.00111815 0.0020768 0.00207662 0.00207661 0.0020768 0.00252623 0.00252576 0.00252576 0.00252623
1.685 0 0 0 0 0.00162971 0.00163307 0.00163307 0.00162971 0.00245691 0.00245646 0.00245646 0.00245691 0.00256863 0.00256831 0.00256831 0.00256862
1.705 0 0 0 0 0.00154548 0.00154772 0.00154772 0.00154548 0.00263378 0.0026341 0.0026341 0.00263378 0.00272244 0.00272192 0.00272192 0.00272244
1.725 0 0 0 0 0.00117518 0.00117588 0.00117588 0.00117518 0.00252144 0.00252185 0.00252185 0.00252144 0.00307985 0.00307912 0.00307912 0.00307985
1.745 0 0 0 0 0.000958929 0.000959609 0.000959608 0.000958928 0.00228644 0.00228588 0.00228588 0.00228644 0.00341951 0.00341881 0.00341881 0.00341952
1.765 0 0 0 0 0.000975121 0.000976143 0.000976144 0.000975122 0.00221835 0.00221753 0.00221753 0.00221835 0.00337534 0.00337469 0.00337469 0.00337534
1.785 0 0 0 0 0.00113997 0.00114104 0.00114105 0.00113998 0.00234164 0.0023417 0.0023417 0.00234164 0.00293345 0.00293282 0.00293282 0.00293345
1.805 0 0 0 0 0.000747022 0.000746705 0.000746589 0.000746737 0.00171442 0.00171551 0.0017155 0.00171441 0.00179595 0.00179538 0.00179537 0.00179593
1.825 0 0 0 0 -0.000122665 -0.000123667 -0.000123696 -0.000122717 5.46314e-05 5.51165e-05 5.51223e-05 5.46414e-05 0.000113384 0.000113244 0.000113249 0.000113396
1.845 0 0 0 0 -2.23708e-05 -2.02019e-05 -2.02032e-05 -2.23713e-05 -0.000754283 -0.000756025 -0.000756013 -0.000754257 -0.000713944 -0.000713427 -0.000713435 -0.000713961
1.865 0 0 0 0 -0.000172199 -0.000171103 -0.000171096 -0.000172186 -0.000920422 -0.000920905 -0.000920907 -0.000920427 -0.00141359 -0.00141312 -0.00141311 -0.00141358
1.885 0 0 0 0 -0.000882057 -0.0008849 -0.000884892 -0.000882042 -0.00130675 -0.00130475 -0.00130475 -0.00130676 -0.00217798 -0.00217789 -0.00217789 -0.00217799
1.905 0 0 0 0 -0.00133764 -0.00134024 -0.00134024 -0.00133765 -0.00219943 -0.00219874 -0.00219874 -0.00219944 -0.00265574 -0.00265537 -0.00265537 -0.00265573
1.925 0 0 0 0 -0.00203097 -0.00203315 -0.00203315 -0.00203097 -0.00370196 -0.0037031 -0.0037031 -0.00370196 -0.0037334 -0.00373254 -0.00373254 -0.0037334
1.945 0 0 0 0 -0.00153733 -0.00153715 -0.00153715 -0.00153733 -0.00354903 -0.00355059 -0.00355059 -0.00354903 -0.00409874 -0.00409759 -0.00409759 -0.00409874
1.965 0 0 0 0 -0.00315086 -0.00315816 -0.00315816 -0.00315086 -0.00503837 -0.00503536 -0.00503536 -0.00503837 -0.00656976 -0.00656905 -0.00656905 -0.00656977
1.985 0 0 0 0 -0.00214265 -0.00214381 -0.00214374 -0.00214241 -0.00494277 -0.00494279 -0.00494281 -0.00494284 -0.00668601 -0.00668449 -0.00668449 -0.00668601
2.005 0 0 0 0 -0.000780929 -0.000776629 -0.000776887 -0.000781646 -0.00384966 -0.0038523 -0.0038523 -0.00384971 -0.00548117 -0.00547925 -0.00547927 -0.00548124
2.025 0 0 0 0 0.00118078 0.0011866 0.00118652 0.00118057 1.76812e-05 1.66625e-05 1.66831e-05 1.76111e-05 -0.00152878 -0.00152791 -0.00152799 -0.00152898
2.045 0 0 0 0 0.00163673 0.00163626 0.00163623 0.0016367 0.00354497 0.00354811 0.0035481 0.00354495 0.00312558 0.00312444 0.00312443 0.00312551
2.065 0 0 0 0 0.000983821 0.00097912 0.00097912 0.000983819 0.00457744 0.00457968 0.00457966 0.00457741 0.00686235 0.00686009 0.00686007 0.00686229
2.085 0 0 0 0 0.00083318 0.000831341 0.000831344 0.000833186 0.0040653 0.00406247 0.00406246 0.00406527 0.00849452 0.00849267 0.00849268 0.00849452
2.105 0 0 0 0 0.00396412 0.0039733 0.00397331 0.00396413 0.00689765 0.00689216 0.00689216 0.00689765 0.0102469 0.0102457 0.0102457 0.0102469
2.125 0 0 0 0 0.00450667 0.00451021 0.00451021 0.00450666 0.00868454 0.00868786 0.00868787 0.00868458 0.00890543 0.00890317 0.00890315 0.00890536
2.145 0 0 0 0 0.00253244 0.00252803 0.00252754 0.00253088 0.00646303 0.00646998 0.00646991 0.00646285 0.00590044 0.00589795 0.00589786 0.00590026
2.165 0 0 0 0 0.00125864 0.00126207 0.00126201 0.00125851 0.00215997 0.00215705 0.00215691 0.00215959 0.00369297 0.00369266 0.00369266 0.00369298
2.185 0 0 0 0 0.00113594 0.00114523 0.00114534 0.00113622 0.000242793 0.000234682 0.000234638 0.000242612 0.00235657 0.00235727 0.00235717 0.0023561
2.205 0 0 0 0 -0.000146228 -0.000148463 -0.000148458 -0.000146249 0.000293679 0.000295566 0.000295569 0.000293701 -2.7224e-05 -2.75411e-05 -2.7544e-05 -2.71794e-05
2.225 0 0 0 0 -0.00229887 -0.00231094 -0.00231092 -0.00229885 -0.00170672 -0.00169841 -0.00169843 -0.00170676 -0.00357372 -0.00357465 -0.00357467 -0.00357374
2.245 0 0 0 0 -0.00407013 -0.00407633 -0.00407632 -0.00407009 -0.00704034 -0.00704032 -0.00704035 -0.00704041 -0.00780537 -0.00780396 -0.00780395 -0.00780534
2.265 0 0 0 0 -0.00512231 -0.00512126 -0.00512126 -0.00512232 -0.0116697 -0.0116768 -0.0116768 -0.0116697 -0.0123031 -0.0122993 -0.0122993 -0.0123031
2.285 0 0 0 0 -0.00487661 -0.00487753 -0.00487754 -0.00487662 -0.011665 -0.0116668 -0.0116668 -0.011665 -0.0152908 -0.015287 -0.015287 -0.0152908
2.305 0 0 0 0 -0.00283987 -0.00284164 -0.00284164 -0.00283984 -0.00798732 -0.00798244 -0.00798243 -0.00798731 -0.0142173 -0.0142146 -0.0142146 -0.0142173
2.325 0 0 0 0 -0.00286344 -0.00286767 -0.00286796 -0.00286426 -0.00661769 -0.00661343 -0.00661396 -0.00661941 -0.0112337 -0.0112319 -0.0112322 -0.0112346
2.345 0 0 0 0 -0.00402636 -0.00403112 -0.00403138 -0.00402729 -0.00725542 -0.00725754 -0.00725761 -0.00725561 -0.0073139 -0.00731224 -0.00731228 -0.00731395
2.365 0 0 0 0 -0.00266462 -0.0026655 -0.00266565 -0.00266526 -0.0045991 -0.00460521 -0.00460508 -0.00459877 -0.00210549 -0.00210438 -0.00210439 -0.0021055
2.385 0 0 0 0 0.00169082 0.00169434 0.00169442 0.00169104 0.0029777 0.00297613 0.00297616 0.00297776 0.00407431 0.00407376 0.00407378 0.00407435
2.405 0 0 0 0 0.00395423 0.00395347 0.00395349 0.00395427 0.00860583 0.00861262 0.00861261 0.00860579 0.00803557 0.00803284 0.00803283 0.00803555
2.425 0 0 0 0 0.00623518 0.00624224 0.00624221 0.0062351 0.0116125 0.0116142 0.0116142 0.0116124 0.0128394 0.0128367 0.0128367 0.0128394
2.445 0 0 0 0 0.0079274 0.00794319 0.00794318 0.00792737 0.0138251 0.0138188 0.0138188 0.0138251 0.0182705 0.0182679 0.0182679 0.0182705
2.465 0 0 0 0 0.00219075 0.00218154 0.00218154 0.00219075 0.00989891 0.00990195 0.00990195 0.00989891 0.015669 0.0156643 0.0156643 0.0156691
2.485 0 0 0 0 0.00237134 0.00236722 0.00236722 0.00237135 0.00844406 0.00844428 0.00844429 0.00844408 0.0136002 0.0135966 0.0135966 0.0136002
2.505 0 0 0 0 0.00300645 0.00301198 0.00301193 0.00300636 0.00548868 0.0054855 0.0054852 0.00548796 0.00781679 0.00781553 0.00781537 0.00781641
2.525 0 0 0 0 0.00291727 0.00292539 0.00292522 0.00291684 0.00289193 0.00289156 0.00289147 0.00289173 0.00121829 0.00121864 0.00121862 0.00121821
2.545 0 0 0 0 0.00269383 0.00270199 0.00270199 0.00269375 0.00163427 0.00163622 0.00163619 0.00163417 -0.00215755 -0.00215666 -0.00215668 -0.00215761
2.565 0 0 0 0 -0.000226048 -0.000226096 -0.000226074 -0.000225987 -0.00136059 -0.00135801 -0.001358 -0.00136058 -0.00370646 -0.00370586 -0.00370584 -0.00370641
2.585 0 0 0 0 -0.00304544 -0.00305044 -0.00305042 -0.00304539 -0.00454364 -0.0045451 -0.0045451 -0.00454363 -0.00362056 -0.00361991 -0.00361991 -0.00362056
2.605 0 0 0 0 -0.00442442 -0.00443144 -0.00443144 -0.00442444 -0.00638113 -0.00638447 -0.00638448 -0.00638115 -0.00421328 -0.00421244 -0.00421242 -0.00421326
2.625 0 0 0 0 -0.00678057 -0.0067966 -0.00679661 -0.00678059 -0.00947789 -0.00947512 -0.00947512 -0.00947789 -0.00949245 -0.00949166 -0.00949166 -0.00949247
2.645 0 0 0 0 -0.00275579 -0.00275402 -0.00275402 -0.0027558 -0.00795153 -0.00795276 -0.00795277 -0.00795154 -0.0113464 -0.0113434 -0.0113434 -0.0113464
2.665 0 0 0 0 0.00312837 0.00314856 0.00314856 0.00312837 -0.0021576 -0.00216161 -0.00216161 -0.00215759 -0.00806196 -0.00805812 -0.00805812 -0.00806198
2.685 0 0 0 0 7.14092e-05 6.86851e-05 6.86812e-05 7.13969e-05 -0.000878255 -0.000870145 -0.000870148 -0.00087826 -0.00581815 -0.00581784 -0.00581783 -0.00581814
2.705 0 0 0 0 -0.00559311 -0.00561465 -0.00561464 -0.00559308 -0.00457991 -0.00457245 -0.00457246 -0.00457993 -0.00351391 -0.00351547 -0.00351547 -0.00351391
2.725 0 0 0 0 -0.00650501 -0.00651516 -0.00651515 -0.006505 -0.0082897 -0.00829868 -0.00829868 -0.00828971 -0.00191709 -0.0019164 -0.00191639 -0.00191708
2.745 0 0 0 0 -0.000991957 -0.00098218 -0.000982179 -0.000991948 -0.00405894 -0.00407176 -0.00407176 -0.00405894 -0.00075231 -0.000750022 -0.000750022 -0.000752307
2.765 0 0 0 0 0.00340873 0.00341395 0.00341395 0.00340872 0.00369782 0.00370457 0.00370457 0.00369783 -0.00131399 -0.00131401 -0.00131401 -0.00131398
2.785 0 0 0 0 0.00803434 0.00804544 0.00804543 0.00803432 0.0109599 0.010971 0.010971 0.0109599 0.00391111 0.0039098 0.0039098 0.00391111
2.805 0 0 0 0 0.00799208 0.00800787 0.00800789 0.00799213 0.0122425 0.0122411 0.012241 0.0122423 0.0125646 0.012563 0.012563 0.0125648
2.825 0 0 0 0 -0.000322657 -0.000333177 -0.000333154 -0.000322609 0.00625304 0.00624969 0.00624966 0.00625298 0.0153343 0.0153302 0.0153303 0.0153343
2.845 0 0 0 0 -0.00399584 -0.00401663 -0.00401664 -0.00399586 0.0025129 0.0025098 0.00250981 0.00251294 0.0137075 0.0137031 0.0137031 0.0137076
2.865 0 0 0 0 0.000604046 0.00060299 0.000602937 0.000603829 0.00352049 0.00351555 0.00351519 0.00351899 0.00832138 0.0083191 0.00831875 0.00832023
2.885 0 0 0 0 0.00642265 0.00644088 0.00644096 0.0064228 0.00600297 0.00600391 0.00600423 0.00600357 0.00112078 0.00112175 0.00112171 0.0011207
2.905 0 0 0 0 0.00713576 0.00715393 0.00715396 0.00713585 0.0059679 0.00597505 0.00597523 0.00596829 -0.0031663 -0.00316496 -0.00316489 -0.00316617
2.925 0 0 0 0 0.000787027 0.000787808 0.000787717 0.000786896 -9.95059e-05 -9.42179e-05 -9.42423e-05 -9.95353e-05 -0.00408599 -0.00408552 -0.00408552 -0.00408598
2.945 0 0 0 0 -0.00696059 -0.00697513 -0.00697524 -0.00696083 -0.00844216 -0.00844634 -0.00844645 -0.00844237 -0.00378241 -0.00378212 -0.00378206 -0.0037823
2.965 0 0 0 0 -0.0107516 -0.0107722 -0.0107722 -0.0107516 -0.0137551 -0.0137625 -0.0137626 -0.0137551 -0.00680975 -0.00680885 -0.00680889 -0.00680983
2.985 0 0 0 0 -0.00641675 -0.00642432 -0.00642431 -0.00641674 -0.0113925 -0.0113956 -0.0113956 -0.0113925 -0.0113947 -0.0113922 -0.0113922 -0.0113946
3.005 0 0 0 0 0.00135178 0.00136378 0.0013638 0.00135184 -0.00460268 -0.00459889 -0.00459887 -0.00460263 -0.0138265 -0.0138227 -0.0138228 -0.0138266
3.025 0 0 0 0 0.00505726 0.00507575 0.00507574 0.00505723 0.000521095 0.00052749 0.000527485 0.000521089 -0.010713 -0.0107098 -0.0107097 -0.0107129
3.045 0 0 0 0 0.000591049 0.000592453 0.000592467 0.000591122 -0.000495527 -0.000491596 -0.000491692 -0.000495893 -0.00401664 -0.00401614 -0.00401636 -0.00401763
3.065 0 0 0 0 -0.00760204 -0.00762495 -0.00762495 -0.00760202 -0.00613252 -0.00613392 -0.00613387 -0.00613246 0.00089581 0.000894056 0.000894007 0.000895706
3.085 0 0 0 0 -0.00896851 -0.00899001 -0.00899001 -0.00896849 -0.00829242 -0.00830081 -0.00830076 -0.00829231 0.00206291 0.00206176 0.0020618 0.00206302
3.105 0 0 0 0 -0.000655899 -0.000651679 -0.000651619 -0.000655791 -0.00176225 -0.00176967 -0.0017697 -0.00176231 0.000950228 0.000951141 0.000951195 0.000950345
3.125 0 0 0 0 0.00597879 0.005992 0.00599202 0.00597883 0.00544754 0.00545543 0.00545542 0.00544752 -0.0026236 -0.00262285 -0.00262284 -0.00262358
3.145 0 0 0 0 0.00691811 0.00693047 0.00693046 0.00691808 0.00710986 0.00712162 0.00712162 0.00710985 -0.00258433 -0.00258406 -0.00258406 -0.00258432
3.165 0 0 0 0 0.00474642 0.00476095 0.00476093 0.00474638 0.00519992 0.00519617 0.00519617 0.00519992 0.00452307 0.00452348 0.00452348 0.00452308
3.185 0 0 0 0 0.000497854 0.000498668 0.000498674 0.000497874 0.00415886 0.0041488 0.0041488 0.00415887 0.0126481 0.0126462 0.0126462 0.0126481
3.205 0 0 0 0 -0.00420756 -0.00423386 -0.00423386 -0.00420756 0.00337066 0.00337295 0.00337295 0.00337065 0.0133183 0.0133129 0.0133129 0.0133183
3.225 0 0 0 0 0.000321997 0.000312104 0.000312099 0.000321977 0.00597904 0.00598095 0.00598095 0.00597904 0.0111106 0.011107 0.011107 0.0111106
3.245 0 0 0 0 0.00637885 0.00639689 0.00639689 0.00637887 0.00711005 0.00710712 0.00710712 0.00711005 0.00535822 0.00535861 0.00535861 0.00535822
3.265 0 0 0 0 0.00984564 0.00987489 0.0098749 0.00984567 0.00928531 0.00928422 0.00928422 0.00928531 0.00299478 0.00299633 0.00299632 0.00299478
3.285 0 0 0 0 0.00415378 0.00415669 0.00415668 0.00415377 0.00637894 0.00638772 0.00638771 0.00637893 0.00205667 0.00205544 0.00205544 0.00205667
3.305 0 0 0 0 -0.00542412 -0.0054466 -0.00544662 -0.00542416 -0.00292442 -0.00291901 -0.00291898 -0.00292435 0.000663011 0.000660591 0.000660584 0.000662993
3.325 0 0 0 0 -0.00784984 -0.0078617 -0.00786167 -0.00784981 -0.0097139 -0.00972619 -0.00972623 -0.00971397 -0.00104199 -0.00104127 -0.00104127 -0.00104197
3.345 0 0 0 0 -0.00400531 -0.0040026 -0.00400259 -0.00400529 -0.00845692 -0.00846799 -0.00846801 -0.00845697 -0.00562456 -0.00562181 -0.00562181 -0.00562454
3.365 0 0 0 0 -0.000493319 -0.000494213 -0.000494213 -0.000493309 -0.0039834 -0.00397346 -0.00397346 -0.00398339 -0.012248 -0.0122462 -0.0122462 -0.012248
3.385 0 0 0 0 -0.00062184 -0.00062439 -0.000624395 -0.000621851 -0.00487568 -0.0048608 -0.00486079 -0.00487566 -0.0162814 -0.0162793 -0.0162793 -0.0162814
3.405 0 0 0 0 -0.00411629 -0.00411286 -0.00411286 -0.0041163 -0.0117304 -0.0117338 -0.0117337 -0.0117304 -0.0159656 -0.0159611 -0.0159611 -0.0159656
3.425 0 0 0 0 -0.00522416 -0.00521722 -0.00521722 -0.00522415 -0.0124581 -0.0124736 -0.0124736 -0.0124581 -0.00990186 -0.00989735 -0.00989735 -0.00990187
3.445 0 0 0 0 -0.00768973 -0.00770982 -0.00770981 -0.0076897 -0.00921605 -0.00921376 -0.00921376 -0.00921605 -0.00719235 -0.00719236 -0.00719236 -0.00719235
3.465 0 0 0 0 -0.00350386 -0.00352045 -0.00352035 -0.00350339 -0.00251971 -0.00251062 -0.00251063 -0.00251982 -0.00356364 -0.003565 -0.003565 -0.00356363
3.485 0 0 0 0 0.00505734 0.00507459 0.00507445 0.00505708 0.00452928 0.00452546 0.00452551 0.00452936 0.00257369 0.00257475 0.00257475 0.00257369
3.505 0 0 0 0 0.00773848 0.00775998 0.00775989 0.00773827 0.00909729 0.00909296 0.00909299 0.00909735 0.00785158 0.00785179 0.00785178 0.00785156
3.525 0 0 0 0 0.00715398 0.00715974 0.00715975 0.00715399 0.0140834 0.0140873 0.0140873 0.0140833 0.0154096 0.0154059 0.0154059 0.0154096
3.545 0 0 0 0 0.00544779 0.00544228 0.00544231 0.00544786 0.0160517 0.0160559 0.0160559 0.0160517 0.0223366 0.0223304 0.0223304 0.0223366
3.565 0 0 0 0 0.00465776 0.00465575 0.00465576 0.00465778 0.0147004 0.0146962 0.0146962 0.0147004 0.0248463 0.0248407 0.0248407 0.0248463
3.585 0 0 0 0 0.00599072 0.00599768 0.00599772 0.00599071 0.0138052 0.0137983 0.0137983 0.0138052 0.0220482 0.0220442 0.0220442 0.0220482
3.605 0 0 0 0 0.00502736 0.00502736 0.00502641 0.00502436 0.0110979 0.0111016 0.0111013 0.011097 0.0127771 0.0127734 0.0127732 0.0127766
3.625 0 0 0 0 -0.000832335 -0.000844137 -0.00084459 -0.00083337 0.000751062 0.000762118 0.000762084 0.000751092 -0.00212662 -0.00212821 -0.0021283 -0.00212684
3.645 0 0 0 0 -0.00310047 -0.00309511 -0.00309519 -0.00310063 -0.00973876 -0.00974347 -0.00974353 -0.00973886 -0.0128973 -0.0128933 -0.0128933 -0.0128973
3.665 0 0 0 0 -0.00668483 -0.00667916 -0.00667907 -0.00668464 -0.0178724 -0.0178812 -0.0178812 -0.0178725 -0.0219464 -0.0219398 -0.0219398 -0.0219464
3.685 0 0 0 0 -0.0104745 -0.0104874 -0.0104873 -0.0104744 -0.0211384 -0.0211348 -0.0211349 -0.0211384 -0.028066 -0.0280606 -0.0280606 -0.028066
3.705 0 0 0 0 -0.00738993 -0.00739527 -0.00739527 -0.00738993 -0.017262 -0.0172588 -0.0172588 -0.017262 -0.0250708 -0.0250656 -0.0250656 -0.0250708
3.725 0 0 0 0 -0.00177261 -0.00176171 -0.00176172 -0.00177261 -0.00953429 -0.00953837 -0.00953836 -0.00953426 -0.0150919 -0.0150871 -0.0150871 -0.0150919
3.745 0 0 0 0 0.00081011 0.000815303 0.000815208 0.000809886 -0.000693501 -0.000694514 -0.000694893 -0.000694269 -0.00247989 -0.00247882 -0.00247885 -0.00247994
3.765 0 0 0 0 0.00361868 0.00361681 0.00361675 0.00361852 0.00967613 0.00967894 0.00967875 0.00967566 0.012661 0.0126575 0.0126575 0.012661
3.785 0 0 0 0 0.000840946 0.000821924 0.000821942 0.000840992 0.0113037 0.0113101 0.0113102 0.0113037 0.0192186 0.0192119 0.0192119 0.0192186
3.805 0 0 0 0 -0.00793614 -0.00797316 -0.00797315 -0.00793612 -0.000924295 -0.000919088 -0.000919034 -0.000924176 0.00929524 0.0092897 0.00928972 0.00929528
3.825 0 0 0 0 -0.00992804 -0.00994311 -0.00994306 -0.00992796 -0.014446 -0.0144549 -0.0144549 -0.014446 -0.00898391 -0.00898189 -0.00898188 -0.00898389
3.845 0 0 0 0 0.000860051 0.000895261 0.00089526 0.00085996 -0.0128069 -0.0128233 -0.0128233 -0.0128068 -0.0206297 -0.0206204 -0.0206205 -0.0206298
3.865 0 0 0 0 0.00350419 0.00352593 0.00352536 0.00350257 -0.00762992 -0.00761802 -0.00761796 -0.00762967 -0.0276381 -0.0276311 -0.0276311 -0.027638
3.885 0 0 0 0 0.00365658 0.00366577 0.00366561 0.00365625 -0.00107234 -0.00105657 -0.00105873 -0.00107889 -0.0169924 -0.0169902 -0.0169911 -0.0169964
3.905 0 0 0 0 -0.00187979 -0.00188259 -0.00188261 -0.0018799 -0.00207587 -0.00207959 -0.00207967 -0.0020756 0.00066618 0.000666331 0.000666307 0.000666426
3.925 0 0 0 0 -0.000974542 -0.00097409 -0.000973973 -0.00097419 0.00449096 0.0044689 0.00446886 0.00449105 0.0215708 0.021568 0.0215681 0.0215709
3.945 0 0 0 0 0.000381445 0.000358982 0.000358944 0.000381389 0.0142737 0.0142736 0.0142735 0.0142736 0.0293315 0.0293228 0.0293229 0.0293316
3.965 0 0 0 0 -0.000497303 -0.00053581 -0.000535862 -0.000497446 0.0136027 0.0136252 0.0136252 0.0136028 0.0188615 0.0188517 0.0188517 0.0188615
3.985 0 0 0 0 0.00330896 0.00331639 0.00331638 0.00330893 0.00431461 0.00431511 0.0043151 0.0043146 0.00307165 0.00307138 0.00307139 0.00307166
4.005 0 0 0 0 0.00325071 0.0032876 0.00328762 0.00325077 -0.00763917 -0.00765598 -0.00765598 -0.00763916 -0.0136325 -0.0136247 -0.0136247 -0.0136326
4.025 0 0 0 0 0.00864133 0.00868758 0.00868757 0.00864129 -0.000991393 -0.00100183 -0.00100183 -0.000991373 -0.0119994 -0.0119919 -0.0119919 -0.0119994
4.045 0 0 0 0 0.0106211 0.0106376 0.0106376 0.010621 0.0136288 0.0136422 0.0136422 0.0136288 0.00404554 0.00404439 0.00404439 0.00404555
4.065 0 0 0 0 0.00758079 0.00756935 0.00756933 0.00758078 0.0218163 0.0218306 0.0218306 0.0218162 0.025978 0.0259694 0.0259694 0.025978
4.085 0 0 0 0 0.00341886 0.00340398 0.00340399 0.00341891 0.0203946 0.0203857 0.0203857 0.0203947 0.0413022 0.0412922 0.0412922 0.0413022
4.105 0 0 0 0 0.00613869 0.00614021 0.00614037 0.00613939 0.0220249 0.0220046 0.0220046 0.0220249 0.0453629 0.0453542 0.0453542 0.0453628
4.125 0 0 0 0 0.0029781 0.00295424 0.00295274 0.00297335 0.0173832 0.0173925 0.0173919 0.0173807 0.0264427 0.0264329 0.0264329 0.0264418
4.145 0 0 0 0 -0.00305812 -0.00308509 -0.0030856 -0.00305955 -0.00012667 -0.000103955 -0.000104402 -0.000127524 -0.00581851 -0.00582168 -0.00582158 -0.00581854
4.165 0 0 0 0 0.000200533 0.000236535 0.000236232 0.000199963 -0.0162079 -0.0162216 -0.0162223 -0.016209 -0.0279829 -0.0279721 -0.0279722 -0.0279832
4.185 0 0 0 0 0.00531822 0.00538498 0.00538526 0.00531879 -0.0164046 -0.0164304 -0.0164307 -0.0164053 -0.0315058 -0.0314905 -0.0314905 -0.0315057
4.205 0 0 0 0 0.00171737 0.00172635 0.00172637 0.00171732 -0.00527426 -0.00526115 -0.005261 -0.00527391 -0.0201247 -0.0201207 -0.0201207 -0.0201249
4.225 0 0 0 0 -0.00472934 -0.00477064 -0.00477058 -0.00472916 0.00281215 0.00283967 0.00283968 0.00281219 0.00099396 0.00098765 0.000987721 0.000994116
4.245 0 0 0 0 -0.0201223 -0.0201921 -0.0201921 -0.0201222 -0.0134218 -0.0134172 -0.0134172 -0.0134217 0.00429465 0.00428784 0.00428775 0.00429445
4.265 0 0 0 0 -0.0342623 -0.0343339 -0.034334 -0.0342626 -0.0424856 -0.0425042 -0.0425043 -0.0424857 -0.0212284 -0.0212265 -0.0212264 -0.0212282
4.285 0 0 0 0 -0.0208745 -0.020874 -0.0208728 -0.0208717 -0.0465758 -0.046602 -0.0466026 -0.0465777 -0.0496223 -0.0496075 -0.0496074 -0.0496219
4.305 0 0 0 0 0.00280091 0.00285631 0.00285542 0.00279634 -0.0270734 -0.0270677 -0.0270675 -0.0270727 -0.0644801 -0.0644611 -0.064461 -0.06448
4.325 0 0 0 0 0.00681062 0.00684161 0.00683978 0.00680415 -0.014082 -0.0140469 -0.0140493 -0.0140957 -0.059975 -0.0599626 -0.0599632 -0.0599767
4.345 0 0 0 0 0.00295743 0.00297954 0.00297878 0.00295481 -0.00700527 -0.00700125 -0.0070012 -0.00700964 -0.0225467 -0.0225406 -0.0225399 -0.0225476
4.365 0 0 0 0 -0.0136279 -0.0136625 -0.0136628 -0.0136303 -0.00934479 -0.00936693 -0.0093659 -0.00934356 0.0148396 0.0148359 0.0148357 0.0148386
4.385 0 0 0 0 -0.0115905 -0.0116421 -0.0116411 -0.0115878 0.00668339 0.00666149 0.00666192 0.00668379 0.0446238 0.0446116 0.0446115 0.0446236
4.405 0 0 0 0 0.00788321 0.00785949 0.00785917 0.00788251 0.0326376 0.0326415 0.0326414 0.0326375 0.0533393 0.0533243 0.0533241 0.0533389
4.425 0 0 0 0 0.0393001 0.0393663 0.0393661 0.0392995 0.0617555 0.0617639 0.0617636 0.0617552 0.0580683 0.0580584 0.0580585 0.0580685
4.445 0 0 0 0 0.046595 0.046679 0.0466791 0.0465954 0.0690197 0.0690331 0.069033 0.0690198 0.0583114 0.0583021 0.0583021 0.0583113
4.465 0 0 0 0 0.0223765 0.0223863 0.0223872 0.0223752 0.0471943 0.0472096 0.0472091 0.0471933 0.0532341 0.0532204 0.0532204 0.0532341
4.485 0 0 0 0 -0.00279374 -0.00282986 -0.00282963 -0.00279629 0.0167526 0.0167415 0.0167423 0.0167549 0.0455317 0.0455193 0.0455192 0.0455314
4.505 0 0 0 0 -0.0219492 -0.0220116 -0.0220126 -0.0219537 -0.0162145 -0.0162422 -0.0162463 -0.0162305 0.0135177 0.0135101 0.0135096 0.0135149
4.525 0 0 0 0 -0.00184851 -0.0018205 -0.00182009 -0.00184723 -0.0127714 -0.0127965 -0.0127965 -0.0127702 -0.0113565 -0.0113488 -0.0113473 -0.0113541
4.545 0 0 0 0 0.0307652 0.0308741 0.0308747 0.0307668 0.0177667 0.017767 0.017767 0.0177668 -0.0159374 -0.0159254 -0.0159255 -0.0159373
4.565 0 0 0 0 0.0363716 0.0364422 0.0364426 0.036365 0.0392682 0.0393071 0.0393065 0.0392664 0.00109558 0.00109645 0.00109628 0.0010952
4.585 0 0 0 0 0.0225362 0.0225506 0.0225506 0.0225268 0.0425798 0.0425949 0.0425944 0.0425788 0.0431754 0.0431647 0.0431643 0.0431746
4.605 0 0 0 0 -0.00926147 -0.00933258 -0.00933545 -0.00926897 0.0207954 0.0207781 0.0207793 0.0207976 0.0684158 0.0683963 0.0683962 0.0684157
4.625 0 0 0 0 -0.0353995 -0.0355354 -0.0355378 -0.0354084 -0.010336 -0.0103685 -0.0103766 -0.0103735 0.0470929 0.0470731 0.0470722 0.0470916
4.645 0 0 0 0 -0.023076 -0.0231312 -0.0231307 -0.0230756 -0.0241302 -0.0241474 -0.0241482 -0.0241382 -0.00471912 -0.00472228 -0.00472267 -0.00472224
4.665 0 0 0 0 0.0116627 0.0117507 0.0117514 0.0116648 -0.0182539 -0.0182607 -0.0182616 -0.0182564 -0.0562698 -0.0562506 -0.0562511 -0.0562725
4.685 0 0 0 0 0.022172 0.0222828 0.022283 0.0221726 -0.0151969 -0.0151685 -0.0151682 -0.0151965 -0.083951 -0.0839261 -0.0839267 -0.0839522
4.705 0 0 0 0 -0.00594464 -0.00593565 -0.00593591 -0.00594562 -0.0331641 -0.033125 -0.0331248 -0.0331631 -0.0778144 -0.0777997 -0.0777997 -0.0778144
4.725 0 0 0 0 -0.0519635 -0.052074 -0.0520741 -0.0519641 -0.0713825 -0.071384 -0.0713848 -0.0713825 -0.0596625 -0.059657 -0.059657 -0.0596633
4.745 0 0 0 0 -0.0783862 -0.0785406 -0.0785398 -0.0783839 -0.102099 -0.10214 -0.10214 -0.1021 -0.0598494 -0.0598421 -0.0598422 -0.0598494
4.765 0 0 0 0 -0.0577669 -0.0578539 -0.0578541 -0.0577686 -0.0923443 -0.0923774 -0.0923779 -0.0923462 -0.0793761 -0.0793595 -0.0793592 -0.0793754
4.785 0 0 0 0 -0.021197 -0.0212061 -0.0212093 -0.0212196 -0.0639466 -0.0639172 -0.0639153 -0.0639411 -0.110814 -0.110791 -0.110793 -0.110817
4.805 0 0 0 0 0.00570592 0.0057714 0.0057654 0.00568163 -0.0404572 -0.0404192 -0.040422 -0.040466 -0.115782 -0.115753 -0.115753 -0.115782
4.825 0 0 0 0 0.00585896 0.00593144 0.005924 0.00583444 -0.0313755 -0.0313841 -0.0313862 -0.0314051 -0.0777351 -0.0777191 -0.0777278 -0.0777636
4.845 0 0 0 0 -0.00977955 -0.00978166 -0.00978476 -0.00979428 -0.0185804 -0.0186087 -0.0186083 -0.0185803 -0.0090913 -0.00908627 -0.00908797 -0.00909311
4.865 0 0 0 0 -0.0153196 -0.0153977 -0.0153959 -0.0153117 0.0121709 0.0121524 0.0121461 0.0121596 0.0593044 0.0592851 0.0592845 0.0593024
4.885 0 0 0 0 -0.00312927 -0.00322376 -0.00322372 -0.00312834 0.043587 0.0435949 0.0435916 0.043579 0.0921166 0.0920861 0.0920859 0.092116
4.905 0 0 0 0 0.0284797 0.0284907 0.0284897 0.0284771 0.0673578 0.0673582 0.0673582 0.0673571 0.0921787 0.0921576 0.0921581 0.0921797
4.925 0 0 0 0 0.0602118 0.060343 0.0603424 0.0602099 0.0850949 0.0850813 0.085082 0.0850966 0.0818766 0.0818684 0.0818684 0.0818766
4.945 0 0 0 0 0.083844 0.0840313 0.0840316 0.0838449 0.114296 0.114288 0.114287 0.114296 0.0998747 0.0998657 0.0998658 0.099875
4.965 0 0 0 0 0.0683164 0.0683914 0.0683866 0.0683072 0.125413 0.125444 0.125445 0.125416 0.131162 0.131132 0.131132 0.131161
4.985 0 0 0 0 0.0224195 0.0223342 0.0223303 0.0224082 0.0934066 0.0934338 0.0934399 0.0934083 0.143756 0.143714 0.143714 0.143757
5.005 0 0 0 0 -0.0060647 -0.00615291 -0.00615926 -0.006087 0.0444876 0.044453 0.0444529 0.0444923 0.122345 0.122313 0.122314 0.122347
5.025 0 0 0 0 -0.0044626 -0.00447474 -0.00447906 -0.00447597 0.0116684 0.0115848 0.0115568 0.0115861 0.0583651 0.0583424 0.0583391 0.0583376
5.045 0 0 0 0 0.00785095 0.00788308 0.00788225 0.00784905 -0.00364678 -0.00362616 -0.00362367 -0.00363699 -0.0287928 -0.0287827 -0.0287799 -0.0287849
5.065 0 0 0 0 0.00662077 0.00666679 0.00666774 0.00662362 -0.0285834 -0.0285194 -0.0285132 -0.0285721 -0.100745 -0.100723 -0.100721 -0.100741
5.085 0 0 0 0 -0.0223212 -0.0222962 -0.0222968 -0.0223225 -0.0793965 -0.079378 -0.0793776 -0.0793968 -0.137491 -0.137458 -0.137458 -0.13749
5.105 0 0 0 0 -0.0597298 -0.0597629 -0.0597638 -0.0597326 -0.124271 -0.124311 -0.124311 -0.124271 -0.138976 -0.138942 -0.138943 -0.138978
5.125 0 0 0 0 -0.0795703 -0.0796828 -0.0796827 -0.0795693 -0.13234 -0.132374 -0.132374 -0.132343 -0.126571 -0.126546 -0.126546 -0.126572
5.145 0 0 0 0 -0.062316 -0.0624212 -0.062438 -0.062322 -0.101104 -0.101095 -0.101095 -0.101104 -0.110066 -0.110049 -0.110049 -0.110065
5.165 0 0 0 0 -0.02471 -0.0247266 -0.0247311 -0.0247118 -0.0590815 -0.0590601 -0.0590597 -0.0590799 -0.0915412 -0.0915231 -0.091523 -0.0915409
5.185 0 0 0 0 0.00721011 0.00727996 0.00728301 0.00721353 -0.0214873 -0.0214842 -0.0214833 -0.0214913 -0.0591549 -0.0591368 -0.0591349 -0.0591526
5.205 0 0 0 0 0.0129744 0.0130224 0.0130224 0.0129749 0.00560034 0.00560651 0.00561149 0.00560736 -0.0124537 -0.0124475 -0.0124472 -0.0124534
5.225 0 0 0 0 -0.00294595 -0.00299685 -0.00299747 -0.00294691 0.0166912 0.0167053 0.0167069 0.0166909 0.0327998 0.0327865 0.0327865 0.0327999
5.245 0 0 0 0 -0.012866 -0.0129513 -0.0129514 -0.0128661 0.016999 0.0169938 0.016993 0.0169967 0.0599762 0.0599556 0.0599551 0.059975
5.265 0 0 0 0 0.00282281 0.00281019 0.00280996 0.00282213 0.0251257 0.0250913 0.0250905 0.0251235 0.0641693 0.0641568 0.0641567 0.0641692
5.285 0 0 0 0 0.0427651 0.0428668 0.0428667 0.0427644 0.0604619 0.0604368 0.0604366 0.0604613 0.0652616 0.0652563 0.0652562 0.0652614
5.305 0 0 0 0 0.0768109 0.0769593 0.0769591 0.0768097 0.107175 0.107196 0.107196 0.107175 0.0831734 0.0831625 0.0831626 0.0831736
5.325 0 0 0 0 0.0807302 0.0808349 0.0808345 0.0807274 0.134592 0.134632 0.134632 0.134594 0.125442 0.125416 0.125416 0.125442
5.345 0 0 0 0 0.0435195 0.0435107 0.0435138 0.0435263 0.113822 0.113838 0.113837 0.113824 0.158087 0.158047 0.158048 0.158088
5.365 0 0 0 0 -0.000125852 -0.000222269 -0.000215365 -0.000118371 0.0642804 0.0642539 0.0642505 0.064281 0.149852 0.149811 0.149811 0.14985
5.385 0 0 0 0 -0.0177386 -0.0178408 -0.0178497 -0.0177664 0.0180784 0.0180462 0.0180525 0.0180856 0.0855896 0.0855655 0.0855651 0.0855883
5.405 0 0 0 0 -0.0156408 -0.0156777 -0.0156823 -0.0156479 -0.0229316 -0.0229203 -0.0229301 -0.0229402 -0.0256605 -0.025662 -0.0256676 -0.0256737
5.425 0 0 0 0 -0.00998811 -0.00993799 -0.00993779 -0.00998629 -0.0652697 -0.0652422 -0.065256 -0.0652949 -0.135381 -0.135349 -0.135354 -0.135388
5.445 0 0 0 0 -0.0124488 -0.0123343 -0.012333 -0.0124462 -0.099377 -0.0993768 -0.099381 -0.0993877 -0.189001 -0.188949 -0.188949 -0.189004
5.465 0 0 0 0 -0.049977 -0.0499785 -0.0499781 -0.0499779 -0.13195 -0.131941 -0.131939 -0.131942 -0.192997 -0.192949 -0.192948 -0.192992
5.485 0 0 0 0 -0.0808464 -0.0809655 -0.0809655 -0.0808438 -0.139606 -0.139609 -0.139605 -0.139597 -0.15297 -0.152938 -0.152942 -0.152972
5.505 0 0 0 0 -0.0611891 -0.0612733 -0.0612718 -0.0611957 -0.0984822 -0.0985209 -0.0985218 -0.0984804 -0.0834342 -0.0834168 -0.083418 -0.0834381
5.525 0 0 0 0 -0.0141016 -0.0141099 -0.0141125 -0.0141005 -0.0244789 -0.0244991 -0.0245015 -0.0244837 -0.0184826 -0.0184776 -0.0184783 -0.0184842
5.545 0 0 0 0 0.0231962 0.0232059 0.0232071 0.0231991 0.0424376 0.0424791 0.0424782 0.0424353 0.029011 0.0290002 0.0290007 0.0290121
5.565 0 0 0 0 0.0345009 0.034514 0.0345147 0.0345014 0.0683002 0.0683438 0.0683438 0.0683002 0.0634525 0.0634337 0.0634337 0.0634527
5.585 0 0 0 0 0.0335516 0.0336004 0.0335999 0.0335502 0.0673597 0.0673359 0.0673361 0.0673597 0.0948809 0.0948643 0.0948644 0.094881
5.605 0 0 0 0 0.0190997 0.0191076 0.0191068 0.0190976 0.0561985 0.0561635 0.0561637 0.0561987 0.101997 0.101977 0.101977 0.101997
5.625 0 0 0 0 0.0215451 0.0215375 0.0215365 0.0215447 0.0623287 0.0623254 0.0623252 0.0623313 0.095761 0.095738 0.0957377 0.0957604
5.645 0 0 0 0 0.0444604 0.0445174 0.0445184 0.0444661 0.0803076 0.0803155 0.0803186 0.080309 0.0886261 0.0886084 0.0886079 0.088626
5.665 0 0 0 0 0.053339 0.0534388 0.0534322 0.0533349 0.0831931 0.0832033 0.0832062 0.0831955 0.0780684 0.0780555 0.0780556 0.0780687
5.685 0 0 0 0 0.0260794 0.0260974 0.0260942 0.0260757 0.0521281 0.0521472 0.0521463 0.0521265 0.0555085 0.0554944 0.0554945 0.0555086
5.705 0 0 0 0 0.00828948 0.00829789 0.00830052 0.00829056 0.0235648 0.0235488 0.0235465 0.0235657 0.0452177 0.0452098 0.0452101 0.0452185
5.725 0 0 0 0 0.0181183 0.0181828 0.0181859 0.0181288 0.0284724 0.0284254 0.0284247 0.0284708 0.0510852 0.0510829 0.0510822 0.0510857
5.745 0 0 0 0 0.000918378 0.000868469 0.000869532 0.0009095 0.0197208 0.019753 0.0197529 0.0197196 0.0236568 0.0236448 0.023645 0.0236585
5.765 0 0 0 0 -0.051376 -0.0515697 -0.0515677 -0.0513757 -0.0500239 -0.0499411 -0.0499401 -0.0500224 -0.0555535 -0.0555632 -0.0555625 -0.0555523
5.785 0 0 0 0 -0.0603348 -0.0603772 -0.0603766 -0.0603336 -0.118862 -0.118906 -0.118906 -0.118862 -0.124839 -0.124807 -0.124807 -0.124839
5.805 0 0 0 0 -0.036623 -0.0365044 -0.0365045 -0.0366244 -0.132555 -0.132657 -0.132657 -0.132555 -0.167265 -0.167205 -0.167206 -0.167266
5.825 0 0 0 0 -0.0242837 -0.0242403 -0.0242396 -0.0242796 -0.0956034 -0.0955673 -0.0955683 -0.0956004 -0.175495 -0.175454 -0.175454 -0.175495
5.845 0 0 0 0 -0.0228666 -0.0229328 -0.0229346 -0.0228712 -0.0573147 -0.0572126 -0.057217 -0.0573179 -0.130991 -0.130973 -0.130972 -0.130988
5.865 0 0 0 0 -0.0111697 -0.0111614 -0.011166 -0.0111748 -0.0298382 -0.0298533 -0.0298567 -0.0298393 -0.0346256 -0.0346133 -0.0346112 -0.0346188
5.885 0 0 0 0 -0.0118316 -0.0118341 -0.0118353 -0.0118351 -0.00377561 -0.00385628 -0.00385608 -0.00377617 0.0505064 0.0505026 0.0505032 0.050507
5.905 0 0 0 0 -0.022712 -0.0228644 -0.0228639 -0.0227133 0.022056 0.0220724 0.0220726 0.0220553 0.0778919 0.0778603 0.0778601 0.0778914
5.925 0 0 0 0 0.00635627 0.00627089 0.00627058 0.00635531 0.0514135 0.0514581 0.0514592 0.0514149 0.0760882 0.0760588 0.0760583 0.0760872
5.945 0 0 0 0 0.0385243 0.0386129 0.0386125 0.0385231 0.0521404 0.0521307 0.0521323 0.0521435 0.0471176 0.0471138 0.0471138 0.0471175
5.965 0 0 0 0 0.0382869 0.0384144 0.0384142 0.0382879 0.0326135 0.0325968 0.0325975 0.0326148 0.0107163 0.0107249 0.0107248 0.0107161
5.985 0 0 0 0 0.0166979 0.0167389 0.0167394 0.0166995 0.0150871 0.0151028 0.0151024 0.0150865 -0.00407016 -0.00406795 -0.00406782 -0.00407007
6.005 0 0 0 0 0.00255667 0.00254789 0.00254808 0.00255641 0.009786 0.0097929 0.00979287 0.00978575 0.0126585 0.0126538 0.0126537 0.0126582
6.025 0 0 0 0 -0.0147077 -0.0147612 -0.0147613 -0.0147077 -0.00455791 -0.0045673 -0.0045672 -0.00455785 0.0202251 0.0202173 0.0202172 0.0202249
6.045 0 0 0 0 -0.0135263 -0.0135614 -0.0135614 -0.0135265 -0.00813788 -0.00816 -0.00815958 -0.00813773 0.0163435 0.0163394 0.0163393 0.0163434
6.065 0 0 0 0 0.00475152 0.00477025 0.00477011 0.00475132 0.00428153 0.00427263 0.00427253 0.00428114 0.00498282 0.0049842 0.00498454 0.00498353
6.085 0 0 0 0 0.0257121 0.0257777 0.0257777 0.0257119 0.025069 0.025082 0.0250819 0.0250688 0.00211968 0.0021226 0.00212263 0.00211978
6.105 0 0 0 0 0.0270451 0.0270994 0.0271016 0.0270528 0.0328256 0.0328481 0.0328483 0.0328258 0.0117786 0.0117772 0.0117771 0.0117785
6.125 0 0 0 0 0.00354326 0.00352705 0.00352961 0.0035474 0.0158481 0.0158578 0.0158579 0.015848 0.0224398 0.0224321 0.0224321 0.0224399
6.145 0 0 0 0 -0.0226285 -0.0227024 -0.022703 -0.022632 -0.0124131 -0.0124281 -0.0124285 -0.0124138 0.0200672 0.0200586 0.0200587 0.0200672
6.165 0 0 0 0 -0.0228598 -0.0229069 -0.0229088 -0.0228641 -0.0238457 -0.023875 -0.0238724 -0.0238426 0.00371684 0.00371615 0.003717 0.00371821
6.185 0 0 0 0 0.0121826 0.0122438 0.0122434 0.0121818 0.00302091 0.00300176 0.00300425 0.00302445 -0.00471738 -0.00470939 -0.00470975 -0.00471795
6.205 0 0 0 0 0.0272309 0.0272903 0.0272906 0.0272317 0.0247795 0.0248188 0.0248188 0.0247799 -0.0134124 -0.0134093 -0.0134096 -0.013413
6.225 0 0 0 0 0.00256047 0.00253129 0.00253121 0.00255957 0.00443803 0.00449607 0.00449591 0.00443872 -0.0218853 -0.0218888 -0.021889 -0.0218859
6.245 0 0 0 0 -0.0116449 -0.0116443 -0.0116446 -0.011646 -0.0197078 -0.0197413 -0.0197414 -0.0197067 -0.0049535 -0.00494919 -0.00494952 -0.00495478
6.265 0 0 0 0 -0.017746 -0.0177485 -0.0177488 -0.017746 -0.0253489 -0.0254101 -0.0254099 -0.0253486 0.00643966 0.00644453 0.00644423 0.00643903
6.285 0 0 0 0 -0.0110592 -0.0111086 -0.0111086 -0.0110592 -0.00433076 -0.00431899 -0.00431965 -0.00433182 0.0044692 0.00446324 0.0044637 0.00447
6.305 0 0 0 0 0.00709059 0.0070681 0.00706802 0.00709031 0.0161193 0.016167 0.016167 0.0161193 -0.00100777 -0.00101428 -0.00101421 -0.00100755
6.325 0 0 0 0 0.0139437 0.0139864 0.0139865 0.013944 0.00974815 0.00975586 0.00975593 0.00974824 -0.00735082 -0.00734685 -0.00734684 -0.00735079
6.345 0 0 0 0 -0.00549246 -0.00547612 -0.00547605 -0.00549226 -0.0183483 -0.0183668 -0.0183665 -0.0183479 -0.0200526 -0.0200445 -0.0200447 -0.0200529
6.365 0 0 0 0 -0.00986691 -0.00986444 -0.00986445 -0.00986701 -0.019921 -0.0199456 -0.0199456 -0.0199216 -0.0133642 -0.0133582 -0.0133583 -0.0133644
6.385 0 0 0 0 -0.00150167 -0.00150943 -0.00150943 -0.00150167 0.000194672 0.000197306 0.000197209 0.000194709 0.00163221 0.00163086 0.00163085 0.00163219
6.405 0 0 0 0 -0.0139935 -0.0140697 -0.0140697 -0.0139934 -0.00600538 -0.00596221 -0.00596217 -0.00600531 -0.00906638 -0.00907463 -0.00907461 -0.00906634
6.425 0 0 0 0 -0.0247785 -0.0248339 -0.0248334 -0.0247764 -0.0340442 -0.0340371 -0.034037 -0.034044 -0.0321254 -0.0321226 -0.0321226 -0.0321253
6.445 0 0 0 0 -0.014885 -0.0148423 -0.0148398 -0.01488 -0.0463117 -0.0463635 -0.0463637 -0.0463122 -0.0472012 -0.0471811 -0.0471811 -0.0472011
6.465 0 0 0 0 -0.0104725 -0.0104489 -0.0104497 -0.0104749 -0.0392206 -0.0392278 -0.0392268 -0.0392186 -0.0606504 -0.060633 -0.060633 -0.0606503
6.485 0 0 0 0 -0.0123675 -0.0124049 -0.012407 -0.0123717 -0.0278764 -0.0278256 -0.0278248 -0.027876 -0.061061 -0.0610548 -0.0610551 -0.0610611
6.505 0 0 0 0 -0.011934 -0.0119515 -0.0119517 -0.0119342 -0.0260703 -0.0260548 -0.0260552 -0.0260691 -0.0416794 -0.0416726 -0.0416729 -0.0416801
6.525 0 0 0 0 -0.0146397 -0.0146358 -0.0146354 -0.0146396 -0.0296298 -0.0296667 -0.0296682 -0.0296319 -0.0195396 -0.0195304 -0.0195303 -0.0195394
6.545 0 0 0 0 0.00704709 0.00709068 0.00709072 0.00704715 0.00619457 0.00615312 0.0061525 0.00619318 0.0203724 0.0203754 0.0203757 0.020373
6.565 0 0 0 0 0.035398 0.0354375 0.0354372 0.0353972 0.0642117 0.0642279 0.0642279 0.0642112 0.0661407 0.0661261 0.0661262 0.0661409
6.585 0 0 0 0 0.0466606 0.0466736 0.0466734 0.0466595 0.098652 0.0987006 0.0987008 0.0986521 0.103929 0.1039 0.1039 0.103929
6.605 0 0 0 0 0.0457775 0.0458124 0.0458122 0.0457782 0.100005 0.100004 0.100004 0.100005 0.1323 0.132271 0.13227 0.132299
6.625 0 0 0 0 0.0418037 0.0418604 0.0418574 0.0418019 0.0921488 0.0921009 0.0921031 0.0921492 0.143977 0.143952 0.143951 0.143976
6.645 0 0 0 0 0.028696 0.0286942 0.0286965 0.0287048 0.0802001 0.0801991 0.0801966 0.0802021 0.120898 0.12087 0.120871 0.120899
6.665 0 0 0 0 0.0140599 0.0140099 0.0140133 0.0140598 0.0526343 0.0526774 0.0526781 0.0526426 0.0676185 0.0675936 0.0675927 0.0676164
6.685 0 0 0 0 -0.002992 -0.00300697 -0.0030064 -0.00299434 -0.0028994 -0.00288809 -0.00289107 -0.00290083 -0.00636837 -0.00636958 -0.00636999 -0.00636936
6.705 0 0 0 0 -0.0153911 -0.0153426 -0.0153433 -0.015392 -0.0564026 -0.0564405 -0.0564411 -0.0564046 -0.0745692 -0.0745439 -0.074544 -0.0745696
6.725 0 0 0 0 -0.0251036 -0.0250678 -0.0250684 -0.025105 -0.0807457 -0.0807639 -0.080764 -0.0807464 -0.117901 -0.117868 -0.117868 -0.117901
6.745 0 0 0 0 -0.0293495 -0.0293645 -0.0293647 -0.0293505 -0.0771095 -0.0770846 -0.0770841 -0.077109 -0.12337 -0.123344 -0.123344 -0.12337
6.765 0 0 0 0 -0.0167681 -0.0167594 -0.0167598 -0.0167688 -0.0500906 -0.0500792 -0.0500786 -0.0500886 -0.0807213 -0.0807032 -0.0807028 -0.080721
6.785 0 0 0 0 -0.057516 -0.057661 -0.057659 -0.057515 -0.0761458 -0.0761137 -0.0761108 -0.0761415 -0.0763439 -0.0763396 -0.0763396 -0.0763437
6.805 0 0 0 0 -0.0625176 -0.0626313 -0.0626453 -0.0625328 -0.0900269 -0.0900491 -0.0900477 -0.0900215 -0.0697053 -0.0696946 -0.0696947 -0.0697058
6.825 0 0 0 0 -0.00887122 -0.00879015 -0.00879784 -0.00887842 -0.0444315 -0.0445083 -0.0445077 -0.0444325 -0.0419631 -0.0419389 -0.0419387 -0.0419623
6.845 0 0 0 0 -0.000378259 -0.000388703 -0.000388412 -0.000377401 -0.0119535 -0.0119007 -0.0119002 -0.0119534 -0.0494572 -0.049452 -0.0494521 -0.0494574
6.865 0 0 0 0 -0.015909 -0.0160041 -0.0160028 -0.0159053 -0.0180315 -0.0179329 -0.0179308 -0.0180301 -0.0566639 -0.0566686 -0.0566684 -0.0566641
6.885 0 0 0 0 0.00816248 0.00825817 0.00825807 0.00816189 -0.0132621 -0.0133264 -0.0133251 -0.013261 -0.0109493 -0.0109324 -0.0109323 -0.0109489
6.905 0 0 0 0 0.0248273 0.0249566 0.0249554 0.0248249 0.0204265 0.0203346 0.0203358 0.0204291 0.043945 0.0439537 0.0439532 0.0439439
6.925 0 0 0 0 0.0185454 0.0184815 0.0184816 0.0185454 0.0664532 0.0665098 0.0665095 0.0664521 0.0808968 0.0808665 0.0808663 0.0808962
6.945 0 0 0 0 0.0291175 0.0290433 0.029043 0.0291159 0.095105 0.0951781 0.0951779 0.0951044 0.114994 0.114953 0.114953 0.114994
6.965 0 0 0 0 0.0446091 0.0446858 0.0446856 0.0446116 0.0877694 0.0877256 0.0877248 0.0877697 0.129265 0.129244 0.129244 0.129264
6.985 0 0 0 0 0.0740383 0.0742319 0.0742358 0.0740373 0.109974 0.109882 0.109881 0.109975 0.14793 0.147919 0.14792 0.14793
7.005 0 0 0 0 0.0698834 0.0699392 0.0699437 0.069891 0.136598 0.136638 0.136639 0.136595 0.147239 0.147204 0.147204 0.14724
7.025 0 0 0 0 0.0362089 0.0360815 0.0360692 0.0361308 0.112585 0.112684 0.112683 0.112576 0.124307 0.124259 0.124258 0.124306
7.045 0 0 0 0 0.0212304 0.0212355 0.0212409 0.021215 0.055545 0.055509 0.0555088 0.0555465 0.099233 0.0992146 0.0992138 0.0992313
7.065 0 0 0 0 0.0246289 0.0247684 0.0247794 0.0246467 0.0256377 0.0255159 0.0255109 0.025629 0.0679073 0.0679143 0.0679148 0.0679088
7.085 0 0 0 0 -0.00114231 -0.00117843 -0.00117893 -0.00114221 0.00765895 0.0076984 0.00770413 0.00767021 0.000385705 0.000379028 0.000379647 0.000387002
7.105 0 0 0 0 -0.0546045 -0.0548276 -0.0548343 -0.054621 -0.0610012 -0.060863 -0.0608626 -0.061001 -0.0998603 -0.0998683 -0.0998691 -0.0998626
7.125 0 0 0 0 -0.0746684 -0.0747297 -0.0747308 -0.07468 -0.153404 -0.153435 -0.153438 -0.153412 -0.180702 -0.18066 -0.18066 -0.180703
7.145 0 0 0 0 -0.0758217 -0.0757395 -0.0757387 -0.0758294 -0.205355 -0.205489 -0.205491 -0.205362 -0.23847 -0.238393 -0.238393 -0.238471
7.165 0 0 0 0 -0.0697548 -0.069739 -0.0697397 -0.0697355 -0.177348 -0.177337 -0.177342 -0.17734 -0.254997 -0.254936 -0.254936 -0.254996
7.185 0 0 0 0 -0.0697462 -0.0698919 -0.0699011 -0.0697513 -0.136652 -0.136526 -0.136538 -0.136664 -0.22941 -0.229377 -0.229375 -0.229405
7.205 0 0 0 0 -0.058285 -0.0583556 -0.0583681 -0.0583092 -0.118093 -0.118089 -0.118094 -0.118112 -0.157546 -0.157516 -0.157515 -0.157548
7.225 0 0 0 0 -0.054979 -0.0550181 -0.0550332 -0.05506 -0.107769 -0.107866 -0.107869 -0.107774 -0.0869197 -0.0868883 -0.0868829 -0.0869121
7.245 0 0 0 0 -0.0410358 -0.0410485 -0.041067 -0.0409758 -0.0558117 -0.0558461 -0.0558465 -0.0558099 -0.0302734 -0.0302668 -0.0302657 -0.0302718
7.265 0 0 0 0 0.0096022 0.00953622 0.00953475 0.00957923 0.0344104 0.0344594 0.0344578 0.0344043 0.030828 0.0308125 0.0308132 0.0308297
7.285 0 0 0 0 0.0674346 0.0675161 0.0675138 0.067408 0.109033 0.109064 0.109064 0.109032 0.0981001 0.0980799 0.098079 0.0980982
7.305 0 0 0 0 0.0929582 0.0931154 0.0931151 0.0929291 0.149788 0.149762 0.149761 0.149785 0.166296 0.166272 0.166272 0.166296
7.325 0 0 0 0 0.0767766 0.0768318 0.0768325 0.0767524 0.164253 0.164239 0.164237 0.164246 0.218228 0.218181 0.218181 0.218226
7.345 0 0 0 0 0.0426618 0.0426062 0.0426026 0.0426719 0.148922 0.148947 0.148947 0.148921 0.228003 0.22794 0.22794 0.228002
7.365 0 0 0 0 0.0347758 0.0347546 0.0347262 0.0347344 0.118303 0.118287 0.118279 0.11829 0.19513 0.195085 0.195087 0.195138
7.385 0 0 0 0 0.0528729 0.0529725 0.0529586 0.0528597 0.0938404 0.0937938 0.0938084 0.0938656 0.130575 0.130558 0.13056 0.130578
7.405 0 0 0 0 0.0579521 0.058075 0.0580684 0.0579366 0.073708 0.0737173 0.0737253 0.0737227 0.0529356 0.0529316 0.0529306 0.0529335
7.425 0 0 0 0 0.0413558 0.0414334 0.0414335 0.0413554 0.0463344 0.0463867 0.0463862 0.0463334 0.00102756 0.00102674 0.00102558 0.00102478
7.445 0 0 0 0 -0.000120244 -0.000116888 -0.000115585 -0.000117727 -0.00756667 -0.00754905 -0.00755122 -0.00757118 -0.0247579 -0.024754 -0.024754 -0.0247581
7.465 0 0 0 0 -0.0565117 -0.0566155 -0.0566156 -0.0565166 -0.0794958 -0.0795244 -0.0795249 -0.0794972 -0.0563212 -0.0563124 -0.0563127 -0.0563216
7.485 0 0 0 0 -0.0924814 -0.0926541 -0.0926549 -0.0924919 -0.135422 -0.13545 -0.13545 -0.135423 -0.111991 -0.111973 -0.111973 -0.11199
7.505 0 0 0 0 -0.085488 -0.0855784 -0.0855788 -0.0854596 -0.156399 -0.1564 -0.1564 -0.156399 -0.180764 -0.18073 -0.18073 -0.180765
7.525 0 0 0 0 -0.0436764 -0.0436168 -0.0436306 -0.0436904 -0.139273 -0.139266 -0.139264 -0.139267 -0.220681 -0.220626 -0.220626 -0.220682
7.545 0 0 0 0 -0.00973835 -0.00960785 -0.00960189 -0.00972662 -0.100435 -0.100455 -0.100454 -0.100466 -0.200779 -0.200724 -0.200726 -0.200778
7.565 0 0 0 0 -0.0175005 -0.0174732 -0.0174666 -0.0174848 -0.0681832 -0.0681486 -0.06814 -0.0681619 -0.128356 -0.128328 -0.128328 -0.128358
7.585 0 0 0 0 -0.0466973 -0.0468272 -0.0468275 -0.0466947 -0.0517095 -0.0516879 -0.0516819 -0.0516917 -0.0357667 -0.0357684 -0.0357718 -0.035767
7.605 0 0 0 0 -0.046792 -0.0469292 -0.0469291 -0.0467846 -0.027518 -0.0275592 -0.02756 -0.0275205 0.0422704 0.0422519 0.04225 0.0422644
7.625 0 0 0 0 -0.000268342 -0.000292069 -0.000292184 -0.000271886 0.0287456 0.0286912 0.0286883 0.0287382 0.0856302 0.0856129 0.0856117 0.085627
7.645 0 0 0 0 0.0554738 0.0555369 0.0555366 0.0554536 0.0948834 0.0949019 0.094901 0.0948794 0.0945139 0.0944946 0.0944941 0.0945132
7.665 0 0 0 0 0.0924068 0.0925383 0.0925365 0.0923795 0.139361 0.139415 0.139414 0.139358 0.107568 0.107547 0.107547 0.107569
7.685 0 0 0 0 0.0992141 0.0993904 0.0993926 0.0992058 0.153196 0.153195 0.153195 0.153194 0.151239 0.151216 0.151216 0.151238
7.705 0 0 0 0 0.0824681 0.0825982 0.0825879 0.0824513 0.158819 0.158772 0.158772 0.158816 0.214353 0.214317 0.214318 0.214357
7.725 0 0 0 0 0.0498626 0.0498249 0.0498323 0.0498766 0.156987 0.156979 0.156974 0.156981 0.247059 0.246999 0.246998 0.247057
7.745 0 0 0 0 0.0191853 0.0190367 0.0190366 0.0191819 0.122685 0.122734 0.122732 0.122698 0.208355 0.208288 0.208289 0.208353
7.765 0 0 0 0 0.0119913 0.0119327 0.011899 0.0120018 0.0598695 0.0598874 0.0598408 0.0598613 0.10702 0.106965 0.106956 0.106975
7.785 0 0 0 0 -0.00468536 -0.00464768 -0.00465331 -0.00470607 -0.0275355 -0.0275647 -0.0275879 -0.0275965 -0.0429616 -0.0429447 -0.0429468 -0.0429633
7.805 0 0 0 0 -0.0397832 -0.0397661 -0.0397643 -0.0397993 -0.119916 -0.11991 -0.119916 -0.119946 -0.192235 -0.192188 -0.192188 -0.192235
7.825 0 0 0 0 -0.0745953 -0.0746126 -0.0746104 -0.0746203 -0.193156 -0.193149 -0.193146 -0.19317 -0.286221 -0.286155 -0.286154 -0.286221
7.845 0 0 0 0 -0.104116 -0.104155 -0.104159 -0.104119 -0.23832 -0.238343 -0.238335 -0.238323 -0.316103 -0.316031 -0.316034 -0.316108
7.865 0 0 0 0 -0.108613 -0.108679 -0.108677 -0.108633 -0.230497 -0.230551 -0.230571 -0.230535 -0.283796 -0.283728 -0.283725 -0.283791
7.885 0 0 0 0 -0.0905563 -0.0906537 -0.0906649 -0.0905259 -0.17599 -0.175984 -0.175967 -0.175962 -0.214531 -0.214489 -0.214487 -0.214528
7.905 0 0 0 0 -0.0376105 -0.0376448 -0.0376396 -0.0375818 -0.0792703 -0.0792592 -0.0792469 -0.0792607 -0.107117 -0.107095 -0.107095 -0.107117
7.925 0 0 0 0 0.00106918 0.00105585 0.00105874 0.0010735 0.00282231 0.00284824 0.00286193 0.00284441 -0.00553136 -0.00553352 -0.00553439 -0.00553334
7.945 0 0 0 0 0.000706729 0.000625233 0.000623394 0.000697066 0.0349686 0.0349988 0.0349919 0.0349537 0.0570064 0.0569827 0.0569819 0.0570046
7.965 0 0 0 0 -0.000518386 -0.000588301 -0.000589197 -0.00052577 0.0387009 0.03869 0.0386845 0.0386883 0.0863053 0.0862799 0.0862788 0.0863026
7.985 0 0 0 0 0.0307733 0.0308319 0.0308316 0.0307612 0.0611374 0.0610785 0.0610772 0.0611334 0.103029 0.103016 0.103017 0.103031
8.005 0 0 0 0 0.0714089 0.0715382 0.0715379 0.0713858 0.109323 0.109305 0.109305 0.109323 0.11568 0.115665 0.115665 0.115679
8.025 0 0 0 0 0.111927 0.112106 0.112103 0.111903 0.174951 0.17498 0.174978 0.17495 0.160645 0.160617 0.160618 0.160646
8.045 0 0 0 0 0.109042 0.109176 0.109183 0.109077 0.201486 0.201528 0.201529 0.201497 0.217218 0.21717 0.217169 0.217216
8.065 0 0 0 0 0.101297 0.101396 0.101394 0.101346 0.213986 0.213967 0.213951 0.214004 0.290784 0.290726 0.290731 0.290796
8.085 0 0 0 0 0.0750322 0.0750275 0.075018 0.0750406 0.203551 0.203503 0.203511 0.203564 0.314975 0.314903 0.314904 0.314978
8.105 0 0 0 0 0.0170811 0.0170123 0.0169811 0.0173978 0.13227 0.132318 0.132326 0.132311 0.226602 0.226529 0.226531 0.226605
8.125 0 0 0 0 -0.0290926 -0.0293809 -0.029479 -0.0293253 0.0106641 0.0108285 0.0109208 0.011046 0.050029 0.0499879 0.0499853 0.0500076
8.145 0 0 0 0 -0.0237878 -0.0237168 -0.0236933 -0.0238216 -0.0918202 -0.0919033 -0.0919327 -0.0918988 -0.126936 -0.126902 -0.126915 -0.126965
8.165 0 0 0 0 -0.0400397 -0.039879 -0.0398509 -0.0400644 -0.177428 -0.177554 -0.177614 -0.177652 -0.285365 -0.285282 -0.285286 -0.285377
8.185 0 0 0 0 -0.0610472 -0.0609802 -0.0609681 -0.0611192 -0.206403 -0.206457 -0.206491 -0.206586 -0.343772 -0.343687 -0.343694 -0.343787
8.205 0 0 0 0 -0.0822422 -0.0822944 -0.0823056 -0.0823259 -0.201157 -0.201116 -0.201109 -0.201202 -0.296719 -0.296647 -0.296643 -0.296709
8.225 0 0 0 0 -0.116459 -0.116627 -0.116608 -0.116523 -0.197562 -0.19755 -0.197549 -0.197564 -0.213802 -0.213761 -0.213751 -0.21378
8.245 0 0 0 0 -0.124172 -0.12435 -0.124307 -0.124074 -0.176416 -0.176436 -0.176438 -0.176404 -0.142077 -0.142059 -0.142061 -0.142081
8.265 0 0 0 0 -0.0983897 -0.0985577 -0.0985551 -0.0983481 -0.139941 -0.139946 -0.139943 -0.139933 -0.120676 -0.120665 -0.120672 -0.120691
8.285 0 0 0 0 -0.0396362 -0.0395546 -0.0395813 -0.0394786 -0.082831 -0.0827926 -0.0827901 -0.0828122 -0.118826 -0.118804 -0.118803 -0.118825
8.305 0 0 0 0 0.00807801 0.00820061 0.00821197 0.00815242 -0.0354063 -0.0353764 -0.0353764 -0.0354027 -0.106513 -0.106484 -0.106485 -0.106515
8.325 0 0 0 0 0.0502173 0.0504106 0.0503906 0.0501604 0.0215627 0.0215433 0.0215015 0.0215507 -0.0293534 -0.0293303 -0.0293319 -0.0293766
8.345 0 0 0 0 0.0814889 0.0816504 0.0816424 0.0814225 0.109763 0.109696 0.109684 0.109722 0.11505 0.115041 0.115042 0.115049
8.365 0 0 0 0 0.0829814 0.0829298 0.0829274 0.0828838 0.198109 0.198118 0.198114 0.198072 0.264931 0.264866 0.264867 0.264934
8.385 0 0 0 0 0.0968893 0.0968321 0.0968413 0.0968478 0.268296 0.268327 0.268328 0.268271 0.385823 0.385719 0.385712 0.385809
8.405 0 0 0 0 0.105033 0.104925 0.104929 0.104995 0.278776 0.278828 0.27888 0.278962 0.412405 0.41231 0.412312 0.412411
8.425 0 0 0 0 0.0984407 0.0984303 0.0984783 0.0985952 0.238106 0.238192 0.238264 0.238335 0.336182 0.336103 0.33611 0.336197
8.445 0 0 0 0 0.0987721 0.0989158 0.0989272 0.0989025 0.183858 0.183909 0.183935 0.183963 0.216139 0.216093 0.21609 0.216131
8.465 0 0 0 0 0.100275 0.10078 0.100756 0.101141 0.133286 0.133302 0.13332 0.13337 0.111483 0.111469 0.111466 0.111471
8.485 0 0 0 0 0.0551645 0.0553892 0.0553681 0.0554095 0.0492767 0.0492585 0.0492442 0.0492377 0.0129343 0.0129469 0.012954 0.0129461
8.505 0 0 0 0 -0.0367983 -0.0368647 -0.0369277 -0.0369322 -0.0692712 -0.0692867 -0.0692983 -0.0693205 -0.0865278 -0.0865128 -0.0865172 -0.0865366
8.525 0 0 0 0 -0.131263 -0.131632 -0.131678 -0.131627 -0.193812 -0.193821 -0.193837 -0.193877 -0.191967 -0.191938 -0.191936 -0.191959
8.545 0 0 0 0 -0.17685 -0.177281 -0.177295 -0.177338 -0.290682 -0.290741 -0.29076 -0.290789 -0.304227 -0.304176 -0.304187 -0.304248
8.565 0 0 0 0 -0.170352 -0.170508 -0.170507 -0.170685 -0.339884 -0.339999 -0.34004 -0.340072 -0.412376 -0.412281 -0.41228 -0.412374
8.585 0 0 0 0 -0.101804 -0.101799 -0.101897 -0.101857 -0.299567 -0.299634 -0.299658 -0.299636 -0.439973 -0.439847 -0.439839 -0.439954
8.605 0 0 0 0 -0.0489587 -0.0488531 -0.0489424 -0.0490267 -0.209229 -0.209161 -0.209111 -0.209077 -0.370458 -0.370367 -0.370379 -0.370483
8.625 0 0 0 0 -0.034497 -0.0344423 -0.034503 -0.0346388 -0.111642 -0.111217 -0.111162 -0.111011 -0.204525 -0.204505 -0.204508 -0.204576
8.645 0 0 0 0 -0.0448003 -0.0447045 -0.0446206 -0.0443438 -0.0415188 -0.0416226 -0.041687 -0.0417478 -0.010283 -0.0102949 -0.0103187 -0.010327
8.665 0 0 0 0 -0.0344689 -0.0346699 -0.0346288 -0.0344371 0.027651 0.0274881 0.0274494 0.027452 0.147159 0.147119 0.147123 0.147161
8.685 0 0 0 0 0.0360128 0.0358786 0.0359015 0.0359376 0.134812 0.134682 0.134675 0.134669 0.245201 0.245145 0.245143 0.245196
8.705 0 0 0 0 0.133703 0.133699 0.133692 0.133496 0.253134 0.253142 0.25314 0.253057 0.291149 0.291085 0.291081 0.291142
8.725 0 0 0 0 0.177147 0.177444 0.177475 0.177168 0.304594 0.304662 0.304642 0.304509 0.29792 0.297849 0.297847 0.297916
8.745 0 0 0 0 0.124695 0.124812 0.124836 0.124882 0.241566 0.241623 0.24161 0.241586 0.266995 0.266928 0.266929 0.266998
8.765 0 0 0 0 0.0560695 0.0562158 0.0563064 0.0564404 0.137842 0.137765 0.137762 0.137852 0.226313 0.226272 0.226283 0.226329
8.785 0 0 0 0 0.0333595 0.0334755 0.0335149 0.0335611 0.0874303 0.0873479 0.0873686 0.0875399 0.18034 0.180301 0.180282 0.180298
8.805 0 0 0 0 0.0347355 0.0347681 0.0347613 0.0348307 0.0800855 0.0801241 0.0801384 0.0801488 0.103587 0.103558 0.103565 0.103593
8.825 0 0 0 0 0.0749558 0.0751273 0.07512 0.0751026 0.102009 0.102075 0.102081 0.10202 0.0592501 0.059239 0.0592416 0.0592539
8.845 0 0 0 0 0.0882703 0.0885591 0.0885656 0.088439 0.0946631 0.0946552 0.0946562 0.0946499 0.048827 0.0488317 0.0488305 0.0488229
8.865 0 0 0 0 -0.0116386 -0.0116958 -0.0116819 -0.0116167 -0.00611731 -0.00609108 -0.00609687 -0.00612749 -0.00470105 -0.00470474 -0.00470064 -0.0046924
8.885 0 0 0 0 -0.127373 -0.127792 -0.127795 -0.127616 -0.139739 -0.139707 -0.139711 -0.139735 -0.0918021 -0.09181 -0.0918136 -0.091807
8.905 0 0 0 0 -0.178206 -0.17868 -0.178706 -0.178674 -0.257182 -0.257245 -0.257263 -0.257247 -0.220487 -0.220452 -0.220453 -0.220485
8.925 0 0 0 0 -0.125497 -0.125594 -0.125587 -0.125798 -0.278413 -0.278581 -0.278616 -0.278588 -0.333142 -0.333055 -0.333061 -0.333154
8.945 0 0 0 0 -0.0912785 -0.0912391 -0.0912842 -0.0915767 -0.272358 -0.272172 -0.272158 -0.272192 -0.436706 -0.436603 -0.436605 -0.436709
8.965 0 0 0 0 -0.104784 -0.104624 -0.104544 -0.104516 -0.281753 -0.281464 -0.281479 -0.281494 -0.468542 -0.468454 -0.468449 -0.468532
8.985 0 0 0 0 -0.101594 -0.101405 -0.101391 -0.101399 -0.263567 -0.263517 -0.263532 -0.263425 -0.365159 -0.365059 -0.365049 -0.365135
9.005 0 0 0 0 -0.0817115 -0.0800546 -0.0797889 -0.0793541 -0.182909 -0.182663 -0.182494 -0.181845 -0.180194 -0.180091 -0.180079 -0.180167
9.025 0 0 0 0 -0.0653633 -0.0646123 -0.0644341 -0.0637485 -0.0679187 -0.0679467 -0.0680603 -0.0680717 -0.0128282 -0.0128313 -0.0128234 -0.0128236
9.045 0 0 0 0 -0.0105077 -0.0109191 -0.011135 -0.0109843 0.0784939 0.0784905 0.0783375 0.0780429 0.130926 0.13084 0.130814 0.130867
9.065 0 0 0 0 0.073294 0.072722 0.0724891 0.0722613 0.187146 0.187132 0.187067 0.186844 0.232411 0.232339 0.232343 0.23242
9.085 0 0 0 0 0.135458 0.135142 0.135089 0.134577 0.231422 0.231306 0.231301 0.231274 0.280488 0.280432 0.280417 0.280457
9.105 0 0 0 0 0.165296 0.165014 0.165006 0.164402 0.2662 0.266071 0.266051 0.266029 0.310583 0.310533 0.310527 0.310574
9.125 0 0 0 0 0.1599 0.159529 0.159541 0.159518 0.298074 0.298055 0.298011 0.297921 0.337478 0.337392 0.337381 0.337455
9.145 0 0 0 0 0.135646 0.13578 0.135516 0.135412 0.297607 0.297522 0.297509 0.297401 0.360047 0.359959 0.359984 0.360096
9.165 0 0 0 0 0.105018 0.105207 0.105061 0.105136 0.243545 0.243633 0.243705 0.243777 0.346637 0.346562 0.346565 0.346654
9.185 0 0 0 0 0.0704472 0.0706164 0.0706431 0.0707212 0.167968 0.167947 0.167952 0.168071 0.26959 0.269557 0.269593 0.269671
9.205 0 0 0 0 0.0406015 0.0406212 0.0406649 0.0408441 0.099298 0.099416 0.0994339 0.0994702 0.13928 0.139227 0.139209 0.139243
9.225 0 0 0 0 0.012117 0.0122872 0.0125611 0.0127415 0.0243513 0.0244254 0.0243378 0.0241639 -0.00887025 -0.00887615 -0.00885883 -0.00884341
9.245 0 0 0 0 -0.0246305 -0.0245747 -0.0244753 -0.0245085 -0.0798431 -0.0798393 -0.0798512 -0.0799204 -0.141749 -0.141726 -0.141741 -0.141783
9.265 0 0 0 0 -0.101904 -0.102116 -0.102167 -0.10245 -0.219373 -0.219484 -0.219504 -0.219522 -0.272462 -0.272387 -0.27238 -0.272446
9.285 0 0 0 0 -0.184114 -0.184589 -0.184661 -0.184964 -0.339511 -0.339634 -0.339669 -0.339716 -0.389876 -0.389797 -0.389812 -0.389904
9.305 0 0 0 0 -0.197963 -0.1975 -0.197444 -0.197188 -0.378564 -0.378482 -0.378503 -0.378461 -0.451696 -0.451596 -0.451599 -0.451703
9.325 0 0 0 0 -0.150562 -0.149935 -0.150283 -0.14978 -0.340861 -0.340884 -0.34088 -0.340782 -0.448684 -0.44855 -0.448527 -0.448643
9.345 0 0 0 0 -0.0999451 -0.0994036 -0.0995726 -0.0994533 -0.264352 -0.264178 -0.264082 -0.263904 -0.384651 -0.384554 -0.384562 -0.384666
9.365 0 0 0 0 -0.0624093 -0.0620394 -0.0620334 -0.06193 -0.167465 -0.16733 -0.167257 -0.16714 -0.252871 -0.252788 -0.25275 -0.252791
9.385 0 0 0 0 -0.0353919 -0.035255 -0.0351982 -0.0350647 -0.0646445 -0.0646052 -0.0645728 -0.0645352 -0.0769531 -0.0769475 -0.0769657 -0.0769913
9.405 0 0 0 0 -0.0194054 -0.0195785 -0.0195627 -0.0194148 0.0238446 0.0237796 0.0237462 0.0236755 0.0812243 0.0811971 0.0812061 0.0812395
9.425 0 0 0 0 0.00167332 0.00130993 0.00130283 0.00140783 0.0895367 0.0894562 0.0894179 0.0892895 0.176579 0.176508 0.176488 0.176534
9.445 0 0 0 0 0.0597198 0.0593676 0.0593419 0.0591894 0.152173 0.152073 0.152033 0.151935 0.221393 0.221334 0.22133 0.221383
9.465 0 0 0 0 0.150696 0.150433 0.150394 0.149826 0.236185 0.236079 0.236048 0.236013 0.260921 0.260876 0.260865 0.260901
9.485 0 0 0 0 0.201917 0.201547 0.201497 0.200759 0.30929 0.309261 0.309227 0.309135 0.30502 0.304965 0.304957 0.305009
9.505 0 0 0 0 0.183849 0.183445 0.183498 0.183922 0.334789 0.334816 0.334827 0.334778 0.358327 0.35824 0.358229 0.358303
9.525 0 0 0 0 0.151875 0.152267 0.152467 0.153069 0.328375 0.328332 0.328382 0.328417 0.42864 0.428553 0.42859 0.428714
9.545 0 0 0 0 0.11626 0.116322 0.116299 0.116675 0.292542 0.292639 0.292785 0.293035 0.44814 0.44803 0.448015 0.44812
9.565 0 0 0 0 0.0824298 0.0829679 0.0827164 0.083808 0.239853 0.239938 0.239978 0.240151 0.370612 0.370537 0.370572 0.370677
9.585 0 0 0 0 0.0686064 0.0699141 0.0697541 0.0725357 0.178605 0.17928 0.179655 0.180309 0.221352 0.22134 0.221417 0.221523
9.605 0 0 0 0 0.0472826 0.0483184 0.0485411 0.0530548 0.0850698 0.0851169 0.0852213 0.0851875 0.0393393 0.0393229 0.0393265 0.0393244
