0.02 0 0 0 0 0.000927799 0.00093037 0.000930361 0.000927759 0.0011094 0.00110864 0.00110864 0.00110939 0.00111086 0.00111088 0.00111088 0.00111086
0.04 0 0 0 0 0.0020373 0.0020419 0.00204186 0.00203714 0.00293498 0.00293411 0.00293409 0.00293489 0.00302927 0.00302897 0.00302896 0.00302926
0.06 0 0 0 0 0.00150638 0.0015064 0.00150632 0.00150608 0.00340381 0.00340506 0.00340502 0.00340365 0.0039305 0.0039294 0.00392937 0.00393043
0.08 0 0 0 0 0.000426787 0.000422963 0.000422831 0.00042633 0.00261146 0.00261311 0.00261307 0.00261131 0.0039443 0.00394282 0.00394277 0.00394414
0.1 0 0 0 0 -0.000198396 -0.000200857 -0.000200916 -0.00019858 0.0011044 0.00110362 0.00110352 0.00110409 0.00295721 0.00295627 0.00295623 0.00295704
0.12 0 0 0 0 -0.000775056 -0.000775968 -0.000775913 -0.000774906 -0.000903404 -0.000905269 -0.000905337 -0.000903621 0.000291294 0.000291259 0.000291236 0.000291178
0.14 0 0 0 0 -0.00113893 -0.00113948 -0.00113951 -0.00113902 -0.00253031 -0.00253067 -0.00253061 -0.00253014 -0.00315797 -0.00315717 -0.00315716 -0.00315792
0.16 0 0 0 0 -0.00113665 -0.00113657 -0.00113658 -0.00113665 -0.00344007 -0.00343885 -0.00343887 -0.00344017 -0.00587358 -0.00587231 -0.0058723 -0.00587357
0.18 0 0 0 0 -0.00104002 -0.00103863 -0.0010386 -0.00103996 -0.00385226 -0.0038512 -0.00385122 -0.00385227 -0.00681025 -0.00680866 -0.00680868 -0.00681031
0.2 0 0 0 0 -0.00144249 -0.00144183 -0.00144197 -0.00144291 -0.00413446 -0.00413473 -0.00413483 -0.00413488 -0.0061416 -0.00614007 -0.00614012 -0.00614188
0.22 0 0 0 0 -0.00245314 -0.00245643 -0.00245656 -0.00245363 -0.00443171 -0.00443217 -0.0044323 -0.00443201 -0.00490302 -0.00490209 -0.00490215 -0.00490314
0.24 0 0 0 0 -0.00316163 -0.00316831 -0.00316834 -0.00316178 -0.00443089 -0.00443077 -0.00443068 -0.0044307 -0.00389829 -0.00389783 -0.0038978 -0.00389822
0.26 0 0 0 0 -0.00236204 -0.00236673 -0.00236679 -0.00236232 -0.00343076 -0.0034311 -0.0034312 -0.00343103 -0.00300752 -0.00300714 -0.00300719 -0.00300766
0.28 0 0 0 0 0.00022025 0.000223136 0.000223065 0.000220039 -0.000722133 -0.000723406 -0.000723388 -0.000722074 -0.00127621 -0.00127554 -0.00127552 -0.00127615
0.3 0 0 0 0 0.00310236 0.00311126 0.0031113 0.00310245 0.00323744 0.00323656 0.00323655 0.00323732 0.00185735 0.00185766 0.00185765 0.0018573
0.32 0 0 0 0 0.00451051 0.00451817 0.00451813 0.00451041 0.00691898 0.00692027 0.0069202 0.00691888 0.00614023 0.00613915 0.00613909 0.00614002
0.34 0 0 0 0 0.00340687 0.0034069 0.00340691 0.00340694 0.00805696 0.00805976 0.00805985 0.00805711 0.00972893 0.00972635 0.00972641 0.00972914
0.36 0 0 0 0 0.000418268 0.000409856 0.000409874 0.000418267 0.00547442 0.00547591 0.00547583 0.00547425 0.0100794 0.0100761 0.0100761 0.0100792
0.38 0 0 0 0 -0.00176568 -0.00177457 -0.00177462 -0.00176578 0.00119749 0.00119534 0.00119539 0.00119759 0.00660197 0.00659998 0.00659997 0.00660197
0.4 0 0 0 0 -0.00118152 -0.00118196 -0.00118195 -0.00118156 -0.00149131 -0.00149596 -0.00149617 -0.00149209 0.00094874 0.000948632 0.000948579 0.000948377
0.42 0 0 0 0 0.000877348 0.000885174 0.000885155 0.000877371 -0.00177967 -0.00178082 -0.0017808 -0.00177937 -0.00461738 -0.00461536 -0.00461538 -0.00461727
0.44 0 0 0 0 0.00172017 0.00172836 0.00172839 0.00172018 -0.00149097 -0.00148716 -0.00148701 -0.0014908 -0.00794305 -0.00794101 -0.00794091 -0.00794289
0.46 0 0 0 0 0.000608276 0.000612037 0.000612008 0.000608226 -0.0020272 -0.00202294 -0.00202321 -0.00202773 -0.00738688 -0.00738538 -0.00738551 -0.00738722
0.48 0 0 0 0 -0.000702646 -0.000701348 -0.000701321 -0.000702563 -0.0021761 -0.0021773 -0.00217708 -0.00217565 -0.0027254 -0.00272439 -0.00272431 -0.00272529
0.5 0 0 0 0 -0.00189276 -0.00189596 -0.00189597 -0.00189282 -0.00149694 -0.00150185 -0.00150199 -0.00149729 0.00236753 0.0023671 0.00236705 0.00236744
0.52 0 0 0 0 -0.0032463 -0.0032586 -0.00325861 -0.00324628 -0.00112824 -0.00112882 -0.0011288 -0.00112811 0.00355573 0.00355416 0.00355416 0.00355577
0.54 0 0 0 0 -0.0025726 -0.00258472 -0.00258468 -0.00257257 -0.00077134 -0.000768257 -0.000768164 -0.000771283 0.00134286 0.00134119 0.00134121 0.00134282
0.56 0 0 0 0 0.000510456 0.000512598 0.000512551 0.000510401 -0.000162513 -0.000161618 -0.000161777 -0.000162691 -0.00164052 -0.00163998 -0.00164002 -0.00164049
0.58 0 0 0 0 0.00375527 0.00377158 0.00377162 0.00375532 0.00119459 0.00119186 0.00119203 0.00119478 -0.00267532 -0.00267323 -0.00267317 -0.00267534
0.6 0 0 0 0 0.00438568 0.00440098 0.00440095 0.00438566 0.00302721 0.00302613 0.00302601 0.00302709 -0.00070712 -0.000705668 -0.000705736 -0.000707119
0.62 0 0 0 0 0.00213723 0.00213776 0.0021378 0.00213729 0.00414531 0.00414866 0.00414871 0.00414529 0.00343233 0.00343117 0.00343124 0.00343233
0.64 0 0 0 0 -0.000515483 -0.00052594 -0.00052594 -0.000515448 0.00384304 0.00384589 0.00384589 0.00384314 0.0076421 0.00763918 0.00763912 0.0076421
0.66 0 0 0 0 -0.00178826 -0.00179877 -0.0017988 -0.00178833 0.00215264 0.00215028 0.00215024 0.00215251 0.00872001 0.00871741 0.00871744 0.00871999
0.68 0 0 0 0 -0.00108325 -0.0010866 -0.00108658 -0.00108322 0.000639016 0.000634247 0.000634291 0.000639142 0.0055081 0.00550704 0.00550702 0.00550814
0.7 0 0 0 0 0.000180913 0.000182943 0.000182911 0.00018085 -0.000435665 -0.000436572 -0.000436752 -0.000436282 -0.000952837 -0.000952605 -0.000952668 -0.000953205
0.72 0 0 0 0 0.000778378 0.000782233 0.000782258 0.000778427 -0.00176349 -0.0017587 -0.00175862 -0.00176315 -0.00722633 -0.00722465 -0.00722463 -0.0072261
0.74 0 0 0 0 2.23586e-06 7.31006e-06 7.30235e-06 2.23196e-06 -0.00406087 -0.00405721 -0.00405716 -0.0040609 -0.0103438 -0.0103415 -0.0103414 -0.0103439
0.76 0 0 0 0 -0.0028285 -0.00282787 -0.00282788 -0.00282854 -0.00755764 -0.00755842 -0.00755859 -0.00755798 -0.0106856 -0.010683 -0.010683 -0.0106858
0.78 0 0 0 0 -0.00583397 -0.00584108 -0.00584106 -0.0058339 -0.0100476 -0.0100508 -0.0100505 -0.0100471 -0.00946734 -0.00946516 -0.00946505 -0.0094671
0.8 0 0 0 0 -0.00646525 -0.00647675 -0.00647684 -0.0064656 -0.00956354 -0.00956593 -0.00956613 -0.00956412 -0.00792475 -0.00792358 -0.00792367 -0.00792501
0.82 0 0 0 0 -0.00423074 -0.00423908 -0.0042393 -0.00423168 -0.00656854 -0.00656777 -0.00656778 -0.00656848 -0.00683345 -0.00683241 -0.00683243 -0.00683339
0.84 0 0 0 0 0.000342606 0.000346213 0.000346153 0.000342477 -0.00159416 -0.00159322 -0.00159324 -0.00159451 -0.00445822 -0.0044571 -0.00445711 -0.00445837
0.86 0 0 0 0 0.00498731 0.00500232 0.00500234 0.00498729 0.00444289 0.00444242 0.00444213 0.00444222 0.000914811 0.000915818 0.00091571 0.000914649
0.88 0 0 0 0 0.00617083 0.00618295 0.00618284 0.00617053 0.00893672 0.00893729 0.00893747 0.00893692 0.00785678 0.00785563 0.00785566 0.0078565
0.9 0 0 0 0 0.00444256 0.00444231 0.00444241 0.00444287 0.0110746 0.0110767 0.0110766 0.0110746 0.0146642 0.0146605 0.0146604 0.0146643
0.92 0 0 0 0 0.00353899 0.00353398 0.00353393 0.00353877 0.0123122 0.0123115 0.0123115 0.012312 0.0201041 0.020099 0.0200991 0.0201041
0.94 0 0 0 0 0.00423118 0.00423016 0.00423006 0.00423097 0.012796 0.0127923 0.0127923 0.0127961 0.0213816 0.0213768 0.0213767 0.0213815
0.96 0 0 0 0 0.00486075 0.00486228 0.00486177 0.00485868 0.0116716 0.0116695 0.0116692 0.0116706 0.0169437 0.0169398 0.0169397 0.0169433
0.98 0 0 0 0 0.00449278 0.00449636 0.00449598 0.00449173 0.00851597 0.0085184 0.00851815 0.00851513 0.00882675 0.00882439 0.00882421 0.00882622
1 0 0 0 0 0.00188985 0.00189239 0.00189264 0.0018901 0.00212805 0.0021326 0.00213284 0.0021289 -0.000784989 -0.000784869 -0.000784761 -0.000784577
1.02 0 0 0 0 -0.00314005 -0.00314242 -0.00314268 -0.00314039 -0.00727715 -0.00727602 -0.00727611 -0.00727763 -0.0105393 -0.0105372 -0.0105373 -0.0105396
1.04 0 0 0 0 -0.00710862 -0.00711293 -0.00711275 -0.00710836 -0.0150001 -0.0150036 -0.0150038 -0.0150002 -0.0175755 -0.0175711 -0.0175712 -0.0175754
1.06 0 0 0 0 -0.00747845 -0.00748028 -0.00748039 -0.0074787 -0.0168687 -0.0168739 -0.0168737 -0.0168684 -0.0200978 -0.0200925 -0.0200923 -0.0200976
1.08 0 0 0 0 -0.00634747 -0.00635094 -0.00635094 -0.00634735 -0.0145121 -0.014512 -0.0145123 -0.0145125 -0.0196713 -0.019667 -0.0196672 -0.0196716
1.1 0 0 0 0 -0.00501511 -0.00502238 -0.00502229 -0.0050151 -0.0108035 -0.0107978 -0.0107976 -0.0108031 -0.0166909 -0.016688 -0.0166878 -0.0166907
1.12 0 0 0 0 -0.00367339 -0.00367841 -0.00367855 -0.00367346 -0.0076373 -0.00763403 -0.00763412 -0.0076375 -0.0113446 -0.0113427 -0.0113428 -0.0113447
1.14 0 0 0 0 -0.00320981 -0.00321324 -0.0032133 -0.00321053 -0.00586087 -0.00586306 -0.00586333 -0.00586173 -0.00584242 -0.00584108 -0.00584115 -0.00584276
1.16 0 0 0 0 -0.00209622 -0.00209836 -0.00209867 -0.0020969 -0.00297425 -0.00297831 -0.00297806 -0.00297353 -0.000623264 -0.000622794 -0.000622734 -0.00062302
1.18 0 0 0 0 0.000255525 0.000254402 0.000254687 0.000256091 0.00176711 0.00176594 0.00176585 0.00176684 0.00379851 0.00379762 0.00379756 0.00379832
1.2 0 0 0 0 0.00285856 0.00285864 0.0028585 0.00285831 0.00635701 0.00636007 0.00635997 0.00635674 0.00695805 0.00695604 0.00695606 0.00695809
1.22 0 0 0 0 0.00582371 0.00583107 0.00583102 0.00582351 0.010252 0.0102541 0.0102543 0.0102525 0.0105886 0.0105864 0.0105865 0.0105887
1.24 0 0 0 0 0.00797412 0.00798859 0.00798873 0.00797446 0.0132162 0.0132139 0.0132137 0.0132156 0.0150383 0.015036 0.0150359 0.0150381
1.26 0 0 0 0 0.00774205 0.0077527 0.00775253 0.00774166 0.0147332 0.0147311 0.0147312 0.0147336 0.0186976 0.0186942 0.0186943 0.0186978
1.28 0 0 0 0 0.00584054 0.00584118 0.00584131 0.00584082 0.0145963 0.0145973 0.0145973 0.0145962 0.0201541 0.0201492 0.0201492 0.020154
1.3 0 0 0 0 0.00376178 0.00375657 0.00375654 0.00376174 0.0121745 0.0121766 0.0121765 0.0121745 0.0181167 0.0181117 0.0181116 0.0181166
1.32 0 0 0 0 0.00235902 0.00235676 0.00235672 0.00235889 0.00761512 0.00761463 0.00761482 0.00761539 0.0122223 0.0122193 0.0122194 0.0122224
1.34 0 0 0 0 0.00185542 0.00186043 0.00186034 0.00185502 0.00280063 0.00279702 0.00279665 0.00279957 0.00418256 0.00418211 0.00418196 0.00418222
1.36 0 0 0 0 0.00116076 0.00116887 0.00116889 0.00116093 -0.00112833 -0.0011294 -0.00112924 -0.00112779 -0.00374672 -0.00374497 -0.00374491 -0.00374656
1.38 0 0 0 0 -0.000759913 -0.00075697 -0.000756832 -0.00075967 -0.00459007 -0.00458735 -0.00458729 -0.00459011 -0.00967795 -0.00967578 -0.00967579 -0.00967799
1.4 0 0 0 0 -0.00317041 -0.0031733 -0.00317352 -0.00317093 -0.00771735 -0.00771442 -0.00771468 -0.00771785 -0.0122089 -0.0122065 -0.0122066 -0.012209
1.42 0 0 0 0 -0.00567835 -0.00568482 -0.00568465 -0.0056779 -0.0107731 -0.0107734 -0.0107731 -0.0107725 -0.0126374 -0.0126348 -0.0126347 -0.0126373
1.44 0 0 0 0 -0.00805002 -0.00806182 -0.00806189 -0.00805029 -0.0135592 -0.0135617 -0.0135619 -0.0135598 -0.0135586 -0.013556 -0.0135561 -0.0135588
1.46 0 0 0 0 -0.00786815 -0.00787922 -0.00787929 -0.00786819 -0.013675 -0.0136764 -0.0136763 -0.0136747 -0.0144413 -0.0144383 -0.0144383 -0.0144411
1.48 0 0 0 0 -0.00491699 -0.00492061 -0.00492045 -0.00491674 -0.0107401 -0.0107401 -0.01074 -0.0107401 -0.0141792 -0.0141762 -0.0141762 -0.0141793
1.5 0 0 0 0 -0.00181329 -0.00181073 -0.00181091 -0.00181357 -0.00689148 -0.00688945 -0.00688963 -0.00689174 -0.0123215 -0.0123186 -0.0123186 -0.0123216
1.52 0 0 0 0 0.000273689 0.000278994 0.000279132 0.000273898 -0.00293505 -0.00293322 -0.002933 -0.00293468 -0.00750344 -0.00750145 -0.00750138 -0.00750331
1.54 0 0 0 0 0.000262341 0.000263624 0.000263562 0.000262265 -0.000165158 -0.000164633 -0.000164813 -0.000165458 -0.0010949 -0.00109462 -0.0010947 -0.00109507
1.56 0 0 0 0 -0.00226603 -0.00227617 -0.00227618 -0.00226608 -0.000277877 -0.000277113 -0.000277025 -0.000277754 0.00296669 0.00296514 0.0029652 0.00296683
1.58 0 0 0 0 -0.00382694 -0.00384156 -0.00384148 -0.00382676 -0.00147469 -0.00147496 -0.00147495 -0.00147464 0.00365973 0.00365781 0.00365779 0.00365965
1.6 0 0 0 0 -0.00139962 -0.001403 -0.00140307 -0.00139977 -0.000676177 -0.000679483 -0.000679576 -0.000676399 0.00255068 0.00255016 0.00255014 0.00255065
1.62 0 0 0 0 0.00240421 0.00241366 0.00241372 0.0024043 0.00161247 0.00161017 0.00161029 0.00161273 0.000337325 0.000338206 0.000338253 0.000337422
1.64 0 0 0 0 0.00454234 0.00455454 0.0045545 0.00454229 0.00392887 0.00393145 0.00393135 0.00392867 -0.000801018 -0.0008002 -0.000800248 -0.000801127
1.66 0 0 0 0 0.00480216 0.00481162 0.00481161 0.00480209 0.00574329 0.00574732 0.00574736 0.00574336 0.00187099 0.00187082 0.00187086 0.00187109
1.68 0 0 0 0 0.00325357 0.00325749 0.00325751 0.00325366 0.00615331 0.0061537 0.00615371 0.00615335 0.00715319 0.00715174 0.00715172 0.00715314
1.7 0 0 0 0 0.00100751 0.0010042 0.00100417 0.00100741 0.00559875 0.00559534 0.00559529 0.00559862 0.0116477 0.011645 0.011645 0.0116477
1.72 0 0 0 0 0.000982787 0.00097807 0.00097809 0.000982869 0.00651483 0.00651101 0.00651107 0.00651496 0.0138644 0.0138612 0.0138613 0.0138645
1.74 0 0 0 0 0.00323793 0.0032381 0.0032381 0.0032379 0.00864783 0.00864703 0.00864698 0.00864773 0.0129611 0.0129581 0.012958 0.0129611
1.76 0 0 0 0 0.0051406 0.00514598 0.00514596 0.00514057 0.00930192 0.00930505 0.00930507 0.00930197 0.00921167 0.00920955 0.00920959 0.00921173
1.78 0 0 0 0 0.00576947 0.00578011 0.00578015 0.00576957 0.00805015 0.00805276 0.00805278 0.00805017 0.00574681 0.00574594 0.00574592 0.00574678
1.8 0 0 0 0 0.00405944 0.00406966 0.00406964 0.00405938 0.00495201 0.00495135 0.00495131 0.00495195 0.00368741 0.00368733 0.00368733 0.00368739
1.82 0 0 0 0 -0.000121118 -0.000121604 -0.000121594 -0.000121082 0.000373086 0.000371777 0.000371814 0.000373157 0.00164003 0.00163977 0.00163979 0.00164008
1.84 0 0 0 0 -0.00408191 -0.00409318 -0.00409318 -0.00408192 -0.00405321 -0.00405349 -0.00405352 -0.00405326 -0.00135584 -0.00135635 -0.00135637 -0.00135589
1.86 0 0 0 0 -0.00505148 -0.00506246 -0.00506249 -0.00505153 -0.00673494 -0.00673542 -0.00673541 -0.00673493 -0.00519821 -0.00519771 -0.00519769 -0.00519818
1.88 0 0 0 0 -0.00303156 -0.0030321 -0.00303208 -0.00303152 -0.0070754 -0.00707703 -0.00707703 -0.0070754 -0.00888073 -0.00887848 -0.00887848 -0.00888074
1.9 0 0 0 0 -0.00100726 -0.00100081 -0.00100083 -0.00100728 -0.00629517 -0.00629526 -0.00629528 -0.00629521 -0.0114844 -0.0114812 -0.0114812 -0.0114844
1.92 0 0 0 0 -0.00104692 -0.00104343 -0.00104342 -0.00104691 -0.00576633 -0.00576325 -0.00576323 -0.00576628 -0.0117753 -0.0117726 -0.0117726 -0.0117753
1.94 0 0 0 0 -0.00314839 -0.00315306 -0.00315306 -0.0031484 -0.00652455 -0.00652127 -0.00652129 -0.00652458 -0.00987487 -0.00987322 -0.00987322 -0.00987488
1.96 0 0 0 0 -0.00590938 -0.00592133 -0.00592133 -0.00590939 -0.00855618 -0.00855613 -0.00855613 -0.00855616 -0.00780562 -0.00780464 -0.00780464 -0.00780561
1.98 0 0 0 0 -0.00584225 -0.00585157 -0.00585155 -0.0058422 -0.00853253 -0.00853682 -0.00853681 -0.00853252 -0.00580336 -0.00580219 -0.00580219 -0.00580337
2 0 0 0 0 -0.00271288 -0.00271395 -0.00271396 -0.00271289 -0.00514456 -0.00514848 -0.00514849 -0.00514458 -0.00430242 -0.00430105 -0.00430105 -0.00430241
2.02 0 0 0 0 0.000408697 0.000410812 0.000410819 0.000408702 -0.000917109 -0.000914787 -0.000914774 -0.000917074 -0.00373052 -0.00372973 -0.00372973 -0.00373052
2.04 0 0 0 0 0.00294211 0.0029474 0.0029474 0.0029421 0.00294418 0.00294925 0.00294925 0.00294417 -0.00128736 -0.00128719 -0.0012872 -0.00128736
2.06 0 0 0 0 0.00316089 0.00316691 0.0031669 0.00316085 0.00429516 0.00429696 0.00429696 0.00429516 0.00267923 0.00267882 0.00267883 0.00267925
2.08 0 0 0 0 0.000125045 0.000122548 0.000122555 0.000125067 0.00220092 0.00219952 0.00219952 0.00220093 0.00509864 0.00509739 0.00509738 0.00509863
2.1 0 0 0 0 -0.00174005 -0.00174751 -0.00174751 -0.00174005 0.000771039 0.000767741 0.000767733 0.000771018 0.0062149 0.00621323 0.00621323 0.00621489
2.12 0 0 0 0 -0.000152771 -0.000155492 -0.000155493 -0.000152775 0.00212391 0.00212105 0.00212106 0.00212391 0.00608158 0.00608023 0.00608023 0.00608159
2.14 0 0 0 0 0.00390616 0.00391367 0.00391367 0.00390616 0.00586871 0.00586839 0.00586838 0.0058687 0.00579097 0.00579019 0.00579018 0.00579096
2.16 0 0 0 0 0.00865545 0.00867436 0.00867435 0.00865543 0.0113429 0.0113439 0.0113439 0.0113429 0.00842586 0.00842516 0.00842516 0.00842587
2.18 0 0 0 0 0.0103124 0.0103313 0.0103313 0.0103124 0.0154379 0.0154397 0.0154397 0.0154379 0.0138072 0.0138051 0.0138051 0.0138072
2.2 0 0 0 0 0.00643283 0.00643538 0.00643538 0.00643285 0.0144782 0.0144811 0.0144811 0.0144782 0.0179866 0.0179821 0.0179821 0.0179866
2.22 0 0 0 0 -0.000566657 -0.000583748 -0.00058374 -0.000566633 0.00787871 0.00788047 0.00788049 0.00787874 0.01672 0.0167145 0.0167145 0.01672
2.24 0 0 0 0 -0.00409002 -0.00410754 -0.00410756 -0.00409007 0.000546729 0.000542963 0.000542972 0.000546763 0.0100601 0.0100569 0.0100569 0.0100602
2.26 0 0 0 0 -0.00216995 -0.00216973 -0.00216979 -0.00217014 -0.00343784 -0.00344567 -0.00344598 -0.00343915 -0.000103821 -0.000103574 -0.000103709 -0.000104596
2.28 0 0 0 0 0.000985913 0.000998781 0.000998825 0.000986072 -0.00458435 -0.00458485 -0.00458474 -0.00458361 -0.0108913 -0.0108873 -0.0108872 -0.0108909
2.3 0 0 0 0 0.00159906 0.00161129 0.0016113 0.00159904 -0.00530472 -0.00529743 -0.0052973 -0.00530485 -0.0175047 -0.0175006 -0.0175005 -0.0175048
2.32 0 0 0 0 -0.00354395 -0.0035467 -0.00354675 -0.00354406 -0.0104101 -0.0104014 -0.0104017 -0.0104108 -0.0200508 -0.0200472 -0.0200474 -0.0200511
2.34 0 0 0 0 -0.0121672 -0.0121887 -0.0121887 -0.0121671 -0.0198197 -0.0198181 -0.0198177 -0.0198187 -0.0212602 -0.0212567 -0.0212565 -0.0212597
2.36 0 0 0 0 -0.0162805 -0.0163045 -0.0163045 -0.0162806 -0.0257257 -0.0257353 -0.0257356 -0.0257265 -0.0216209 -0.0216168 -0.021617 -0.0216214
2.38 0 0 0 0 -0.0134865 -0.0135012 -0.0135011 -0.0134868 -0.0238939 -0.0239027 -0.0239027 -0.0238937 -0.0227115 -0.0227059 -0.0227058 -0.0227112
2.4 0 0 0 0 -0.00551966 -0.00552096 -0.0055219 -0.00552394 -0.0147342 -0.0147329 -0.0147327 -0.0147341 -0.0221555 -0.0221507 -0.0221508 -0.022156
2.42 0 0 0 0 0.00357581 0.00359117 0.00359067 0.00357494 -0.00237248 -0.00236479 -0.00236584 -0.00237595 -0.0151881 -0.0151841 -0.0151845 -0.0151888
2.44 0 0 0 0 0.00540002 0.00541345 0.00541406 0.00540115 0.00408557 0.00409279 0.00409237 0.00408336 -0.00457462 -0.00457375 -0.0045738 -0.0045761
2.46 0 0 0 0 -0.000952011 -0.000961484 -0.000962135 -0.00095347 0.00203845 0.00204121 0.00204144 0.00203971 0.00482869 0.00482669 0.00482649 0.00482896
2.48 0 0 0 0 -0.0058658 -0.0058869 -0.0058864 -0.00586443 -0.000839293 -0.000846312 -0.000846349 -0.0008399 0.0116329 0.0116293 0.0116296 0.0116332
2.5 0 0 0 0 -0.00229873 -0.0023077 -0.00230778 -0.00229924 0.00273929 0.00272788 0.00272763 0.00273889 0.0151319 0.0151288 0.0151284 0.0151312
2.52 0 0 0 0 0.00699687 0.00700947 0.00700918 0.00699659 0.0121421 0.0121384 0.0121386 0.0121425 0.0152844 0.0152822 0.0152825 0.0152851
2.54 0 0 0 0 0.0155298 0.0155576 0.0155581 0.0155305 0.0220743 0.0220819 0.0220817 0.0220739 0.0159422 0.0159395 0.0159394 0.0159416
2.56 0 0 0 0 0.0182902 0.0183204 0.0183198 0.0182894 0.0271364 0.027146 0.027146 0.0271365 0.0209656 0.0209618 0.0209619 0.0209659
2.58 0 0 0 0 0.013263 0.01328 0.0132804 0.0132636 0.0245723 0.0245735 0.0245736 0.0245724 0.0281862 0.0281806 0.0281808 0.0281862
2.6 0 0 0 0 0.00521886 0.00521488 0.00521481 0.00521903 0.0182734 0.018266 0.0182659 0.0182733 0.0330038 0.0329963 0.032996 0.0330034
2.62 0 0 0 0 0.00219253 0.00218072 0.0021804 0.00219124 0.0152186 0.015209 0.0152092 0.0152187 0.0327929 0.0327854 0.0327858 0.0327934
2.64 0 0 0 0 0.00488074 0.00487547 0.00487471 0.00487737 0.0154768 0.0154722 0.0154711 0.0154727 0.0253861 0.0253789 0.0253782 0.0253839
2.66 0 0 0 0 0.00739617 0.00740191 0.00740115 0.00739353 0.0130769 0.0130838 0.0130835 0.0130761 0.0113209 0.011318 0.0113179 0.0113208
2.68 0 0 0 0 0.00581065 0.00582333 0.00582355 0.00581032 0.0048525 0.00486166 0.00486239 0.00485448 -0.00385364 -0.0038524 -0.00385212 -0.00385291
2.7 0 0 0 0 -0.00212145 -0.00211485 -0.00211495 -0.00212086 -0.00955382 -0.00955287 -0.00955369 -0.00955621 -0.0173813 -0.0173775 -0.0173779 -0.0173825
2.72 0 0 0 0 -0.0142663 -0.0142834 -0.0142835 -0.014267 -0.0266442 -0.0266466 -0.0266461 -0.0266427 -0.02995 -0.0299433 -0.029943 -0.029949
2.74 0 0 0 0 -0.0214843 -0.0215138 -0.0215138 -0.0214842 -0.0374813 -0.0374868 -0.0374868 -0.0374817 -0.0392366 -0.0392292 -0.0392293 -0.0392371
2.76 0 0 0 0 -0.0186692 -0.0186867 -0.0186866 -0.0186687 -0.03683 -0.036835 -0.0368356 -0.0368308 -0.0428914 -0.0428817 -0.0428819 -0.0428914
2.78 0 0 0 0 -0.0104301 -0.0104297 -0.0104299 -0.0104307 -0.0278094 -0.0278088 -0.0278081 -0.027808 -0.040648 -0.0406383 -0.040638 -0.0406476
2.8 0 0 0 0 -0.00399799 -0.00399002 -0.00398979 -0.00399713 -0.0169365 -0.0169297 -0.0169303 -0.0169378 -0.0321639 -0.0321565 -0.0321568 -0.0321644
2.82 0 0 0 0 -0.00303763 -0.00303989 -0.00304002 -0.00303857 -0.00953904 -0.00953074 -0.00953036 -0.0095383 -0.0186847 -0.0186812 -0.018681 -0.0186843
2.84 0 0 0 0 -0.00456803 -0.00457994 -0.00458058 -0.00456972 -0.00507809 -0.00507859 -0.005079 -0.00507983 -0.00280939 -0.00280974 -0.00281 -0.00281021
2.86 0 0 0 0 -0.00406167 -0.0040756 -0.00407537 -0.00406165 -3.98009e-05 -4.77656e-05 -4.79089e-05 -3.93344e-05 0.0108216 0.010819 0.010819 0.010822
2.88 0 0 0 0 0.000840095 0.000833788 0.00083377 0.000840709 0.00816211 0.00815518 0.00815572 0.00816247 0.0190268 0.0190225 0.0190226 0.0190267
2.9 0 0 0 0 0.00869948 0.00870641 0.0087063 0.00869858 0.0181106 0.0181119 0.018111 0.0181092 0.0223398 0.0223347 0.0223345 0.0223394
2.92 0 0 0 0 0.0129283 0.0129429 0.0129429 0.0129289 0.0226299 0.0226391 0.0226399 0.0226314 0.0210198 0.0210149 0.0210153 0.0210205
2.94 0 0 0 0 0.0125643 0.012582 0.0125821 0.0125642 0.0207525 0.0207575 0.020757 0.0207514 0.0195422 0.0195383 0.019538 0.0195416
2.96 0 0 0 0 0.00964335 0.00966176 0.00966159 0.00964306 0.0163356 0.0163301 0.0163301 0.016336 0.020322 0.0203191 0.0203192 0.0203223
2.98 0 0 0 0 0.0042622 0.00426636 0.00426657 0.00426273 0.0110842 0.0110773 0.0110776 0.0110846 0.0193172 0.0193137 0.0193137 0.0193172
3 0 0 0 0 0.000179715 0.000167861 0.000167711 0.000179222 0.00719521 0.00719484 0.0071943 0.00719448 0.014933 0.0149285 0.0149283 0.0149328
3.02 0 0 0 0 -3.34548e-05 -4.30631e-05 -4.30446e-05 -3.31138e-05 0.00444585 0.00444954 0.00445013 0.00444666 0.00773298 0.00773018 0.00773041 0.00773334
3.04 0 0 0 0 0.00273024 0.00273825 0.00273836 0.00273017 0.00238186 0.00238172 0.00238128 0.00238136 0.000375399 0.000375818 0.00037562 0.000375098
3.06 0 0 0 0 0.00500386 0.00502627 0.00502608 0.00500376 0.00137721 0.00137347 0.00137365 0.00137724 -0.004045 -0.00404193 -0.0040418 -0.00404485
3.08 0 0 0 0 0.00385902 0.0038745 0.00387475 0.00385931 0.00112777 0.00112781 0.00112786 0.00112812 -0.00420159 -0.0041994 -0.00419946 -0.00420162
3.1 0 0 0 0 -0.000721873 -0.000727335 -0.000727536 -0.000722088 -0.000290323 -0.000285521 -0.000285716 -0.000290916 -0.00179679 -0.00179739 -0.0017974 -0.00179689
3.12 0 0 0 0 -0.00616386 -0.006186 -0.00618589 -0.00616378 -0.00456266 -0.00455852 -0.0045583 -0.0045621 -0.000800566 -0.000802351 -0.000802298 -0.000800382
3.14 0 0 0 0 -0.00627729 -0.00629097 -0.006291 -0.00627729 -0.00684645 -0.00685214 -0.00685228 -0.00684676 -0.000866968 -0.000867248 -0.000867325 -0.000867178
3.16 0 0 0 0 -0.00120929 -0.00120204 -0.0012021 -0.00120944 -0.00406268 -0.00407247 -0.00407245 -0.00406269 -0.00184922 -0.00184711 -0.00184703 -0.00184904
3.18 0 0 0 0 0.00120828 0.00121501 0.00121512 0.00120848 -0.00139972 -0.00139739 -0.00139733 -0.00139949 -0.00612977 -0.00612813 -0.00612817 -0.00612985
3.2 0 0 0 0 -0.00173974 -0.00174871 -0.00174881 -0.00173988 -0.00391469 -0.00390059 -0.0039007 -0.00391504 -0.0120003 -0.0119996 -0.0119996 -0.0120003
3.22 0 0 0 0 -0.00711437 -0.00712988 -0.00712982 -0.00711435 -0.0121063 -0.0120985 -0.0120984 -0.012106 -0.0168863 -0.0168842 -0.0168841 -0.0168861
3.24 0 0 0 0 -0.0118683 -0.0118797 -0.0118798 -0.0118683 -0.0217413 -0.0217496 -0.0217496 -0.0217415 -0.0213545 -0.0213493 -0.0213494 -0.0213546
3.26 0 0 0 0 -0.0128574 -0.0128645 -0.0128645 -0.0128574 -0.0253575 -0.0253702 -0.0253702 -0.0253574 -0.0250739 -0.025067 -0.025067 -0.0250738
3.28 0 0 0 0 -0.00919195 -0.00919766 -0.00919758 -0.00919166 -0.0202276 -0.020229 -0.0202289 -0.0202275 -0.0260454 -0.0260394 -0.0260394 -0.0260454
3.3 0 0 0 0 -0.00234847 -0.00234774 -0.00234776 -0.00234865 -0.0097195 -0.00970999 -0.00971007 -0.00971958 -0.0208879 -0.0208838 -0.0208839 -0.0208879
3.32 0 0 0 0 0.00395811 0.00397101 0.00397093 0.00395802 0.000771578 0.000778239 0.000778379 0.000771843 -0.00836621 -0.00836396 -0.00836391 -0.00836611
3.34 0 0 0 0 0.00563125 0.00564476 0.00564483 0.00563135 0.0077363 0.00773392 0.00773384 0.00773615 0.00764834 0.00764776 0.00764774 0.00764832
3.36 0 0 0 0 0.0042793 0.00427928 0.00427922 0.00427917 0.012952 0.0129462 0.0129462 0.0129519 0.0226094 0.0226046 0.0226046 0.0226093
3.38 0 0 0 0 0.00368141 0.00366872 0.00366876 0.00368151 0.0176682 0.0176662 0.0176663 0.0176682 0.0317123 0.031704 0.031704 0.0317123
3.4 0 0 0 0 0.00878759 0.00878516 0.00878515 0.0087875 0.02415 0.0241497 0.0241496 0.0241498 0.0358246 0.0358159 0.0358159 0.0358246
3.42 0 0 0 0 0.0208332 0.0208689 0.0208688 0.0208331 0.0354183 0.035413 0.0354131 0.0354185 0.0410769 0.0410704 0.0410704 0.0410769
3.44 0 0 0 0 0.0269747 0.0270234 0.0270235 0.0269751 0.0430097 0.0430085 0.0430084 0.0430097 0.0444142 0.0444073 0.0444073 0.0444142
3.46 0 0 0 0 0.0195829 0.0195985 0.0195987 0.0195835 0.0385449 0.0385561 0.0385561 0.0385448 0.0420154 0.0420052 0.0420052 0.0420153
3.48 0 0 0 0 0.00720407 0.00718385 0.00718185 0.00719341 0.0246787 0.0246872 0.0246875 0.0246793 0.0355703 0.0355597 0.0355596 0.03557
3.5 0 0 0 0 -0.0025642 -0.00258373 -0.0025855 -0.00256729 0.00667856 0.00666781 0.00666637 0.00667249 0.0223334 0.0223273 0.0223271 0.0223329
3.52 0 0 0 0 -0.00627503 -0.00627971 -0.00627758 -0.00627064 -0.00784784 -0.00786539 -0.00786673 -0.00785218 0.00177994 0.00177897 0.00177851 0.00177723
3.54 0 0 0 0 -0.00459777 -0.00459285 -0.00459465 -0.00460224 -0.0144446 -0.0144472 -0.0144459 -0.0144405 -0.0203936 -0.0203869 -0.0203867 -0.0203925
3.56 0 0 0 0 -0.00311077 -0.00310039 -0.0030996 -0.00310803 -0.0174403 -0.0174292 -0.0174299 -0.0174433 -0.0372708 -0.0372627 -0.0372625 -0.0372707
3.58 0 0 0 0 -0.00995105 -0.00995859 -0.00995822 -0.00995166 -0.0273076 -0.0272901 -0.0272904 -0.0273073 -0.0485286 -0.04852 -0.0485205 -0.0485301
3.6 0 0 0 0 -0.0236287 -0.0236608 -0.0236622 -0.0236303 -0.044835 -0.04483 -0.0448291 -0.0448337 -0.0557371 -0.0557259 -0.0557253 -0.0557354
3.62 0 0 0 0 -0.0313107 -0.0313468 -0.031345 -0.0313083 -0.0561138 -0.0561291 -0.0561302 -0.0561159 -0.0569702 -0.0569584 -0.0569589 -0.0569718
3.64 0 0 0 0 -0.028214 -0.0282404 -0.0282417 -0.0282152 -0.052896 -0.0529116 -0.0529105 -0.0528938 -0.054869 -0.0548555 -0.0548554 -0.0548682
3.66 0 0 0 0 -0.0173897 -0.0174083 -0.0174092 -0.0173981 -0.037276 -0.0372737 -0.0372741 -0.037277 -0.0496868 -0.0496767 -0.0496766 -0.049687
3.68 0 0 0 0 -0.00275507 -0.00275066 -0.00275317 -0.00276144 -0.0155549 -0.0155409 -0.0155421 -0.0155591 -0.0352223 -0.0352151 -0.0352159 -0.0352237
3.7 0 0 0 0 0.00750266 0.0075273 0.0075281 0.0075044 0.00291935 0.00292585 0.00292437 0.0029121 -0.0110217 -0.0110187 -0.0110186 -0.0110238
3.72 0 0 0 0 0.00882969 0.00884602 0.00884582 0.00882868 0.0145085 0.0145055 0.0145053 0.0145099 0.0170126 0.01701 0.0170095 0.0170121
3.74 0 0 0 0 0.0087265 0.0087264 0.00872586 0.00872598 0.0260672 0.0260572 0.0260584 0.0260687 0.0446552 0.0446458 0.0446463 0.0446562
3.76 0 0 0 0 0.0135459 0.0135408 0.0135418 0.0135468 0.0406374 0.0406295 0.0406276 0.0406333 0.0654175 0.0654018 0.0654012 0.0654158
3.78 0 0 0 0 0.0224079 0.0224149 0.0224139 0.0224067 0.053904 0.0539058 0.0539071 0.0539068 0.0741713 0.0741542 0.0741546 0.0741725
3.8 0 0 0 0 0.0302425 0.0302725 0.0302733 0.0302435 0.0600914 0.0600963 0.060096 0.0600905 0.0717767 0.0717611 0.071761 0.071776
3.82 0 0 0 0 0.028941 0.0289771 0.0289767 0.0289407 0.0530954 0.0531002 0.0530999 0.0530953 0.0594075 0.0593953 0.059395 0.0594072
3.84 0 0 0 0 0.0181641 0.018186 0.0181859 0.0181641 0.0346887 0.0346907 0.0346916 0.0346902 0.0409373 0.0409292 0.0409299 0.0409384
3.86 0 0 0 0 0.00458465 0.00458096 0.00457964 0.00457598 0.0124168 0.0124124 0.0124113 0.0124151 0.0201312 0.0201265 0.0201257 0.0201297
3.88 0 0 0 0 -0.0080728 -0.00808727 -0.00808768 -0.0080698 -0.0098104 -0.0098155 -0.00981516 -0.00981108 -0.00453876 -0.00453833 -0.00453793 -0.00453806
3.9 0 0 0 0 -0.0174423 -0.0174694 -0.0174675 -0.0174401 -0.0298895 -0.0298889 -0.0298892 -0.0298891 -0.0328768 -0.0328708 -0.0328708 -0.0328765
3.92 0 0 0 0 -0.02104 -0.0210618 -0.0210647 -0.0210466 -0.0445948 -0.044593 -0.0445929 -0.0445958 -0.0586001 -0.0585881 -0.0585883 -0.0586008
3.94 0 0 0 0 -0.0213014 -0.0213033 -0.0213009 -0.021295 -0.0531989 -0.0531978 -0.0531981 -0.053199 -0.0756734 -0.0756556 -0.0756555 -0.0756731
3.96 0 0 0 0 -0.022894 -0.0229022 -0.0229031 -0.022898 -0.0570685 -0.0570665 -0.0570663 -0.0570681 -0.0814647 -0.0814459 -0.0814459 -0.0814648
3.98 0 0 0 0 -0.0257257 -0.0257445 -0.025745 -0.0257239 -0.0560653 -0.0560618 -0.0560618 -0.0560657 -0.0752935 -0.0752774 -0.0752773 -0.0752933
4 0 0 0 0 -0.0254691 -0.0255018 -0.0255001 -0.0254686 -0.0486896 -0.0486883 -0.048688 -0.0486883 -0.0589496 -0.058938 -0.0589382 -0.05895
4.02 0 0 0 0 -0.0172132 -0.0172357 -0.01724 -0.0172243 -0.0318328 -0.0318388 -0.0318388 -0.0318334 -0.0345083 -0.0345007 -0.0345005 -0.0345079
4.04 0 0 0 0 -0.00353382 -0.00353452 -0.00353361 -0.00353735 -0.00760048 -0.00760743 -0.00760847 -0.0076033 -0.00702837 -0.00702612 -0.00702635 -0.0070288
4.06 0 0 0 0 0.00960772 0.00962021 0.00961992 0.00961185 0.0176932 0.0176966 0.0176974 0.0176951 0.0192698 0.0192656 0.0192654 0.0192694
4.08 0 0 0 0 0.019665 0.0196811 0.0196811 0.0196611 0.0388251 0.0388328 0.0388325 0.0388241 0.0439049 0.0438951 0.0438955 0.0439059
4.1 0 0 0 0 0.0247858 0.0248073 0.0248067 0.0247864 0.05151 0.0515123 0.0515118 0.0515086 0.0642184 0.064204 0.0642036 0.0642175
4.12 0 0 0 0 0.0257931 0.0258157 0.0258167 0.0257944 0.0563981 0.056393 0.0563939 0.0564002 0.0769175 0.0769013 0.0769012 0.0769173
4.14 0 0 0 0 0.0255497 0.0255698 0.0255689 0.0255472 0.0572528 0.057244 0.057243 0.0572506 0.0801982 0.0801816 0.080182 0.080199
4.16 0 0 0 0 0.0263652 0.0263885 0.0263895 0.0263692 0.0566161 0.0566137 0.0566144 0.056618 0.0750911 0.075075 0.0750746 0.0750903
4.18 0 0 0 0 0.0233236 0.0233411 0.0233404 0.0233197 0.0486855 0.0486911 0.0486914 0.0486858 0.0595677 0.0595542 0.0595543 0.0595679
4.2 0 0 0 0 0.0148129 0.0148217 0.0148201 0.0148104 0.0308414 0.0308474 0.0308461 0.0308379 0.0358706 0.0358621 0.0358624 0.0358713
4.22 0 0 0 0 0.00702612 0.00703472 0.00703462 0.00701666 0.0110493 0.0110442 0.0110439 0.0110464 0.0129065 0.0129046 0.0129041 0.0129054
4.24 0 0 0 0 -0.00338262 -0.00337226 -0.00337352 -0.00337802 -0.00977385 -0.00978056 -0.00978049 -0.00977183 -0.0111219 -0.011118 -0.011118 -0.0111219
4.26 0 0 0 0 -0.0167559 -0.016781 -0.0167782 -0.0167544 -0.030916 -0.0309142 -0.0309139 -0.0309169 -0.0372233 -0.0372162 -0.0372158 -0.0372225
4.28 0 0 0 0 -0.0241436 -0.0241781 -0.024182 -0.0241506 -0.0459683 -0.0459626 -0.0459635 -0.0459696 -0.057799 -0.0577884 -0.0577888 -0.0577998
4.3 0 0 0 0 -0.0257783 -0.0257969 -0.0257939 -0.0257715 -0.055141 -0.0551409 -0.05514 -0.0551393 -0.0714086 -0.0713932 -0.0713933 -0.071409
4.32 0 0 0 0 -0.0256557 -0.0256704 -0.0256718 -0.0256602 -0.0587959 -0.0587999 -0.0588007 -0.0587979 -0.0777718 -0.0777536 -0.0777532 -0.0777711
4.34 0 0 0 0 -0.0230494 -0.023058 -0.0230587 -0.0230477 -0.0536094 -0.0536093 -0.0536091 -0.053608 -0.0727411 -0.0727246 -0.0727248 -0.0727416
4.36 0 0 0 0 -0.0219697 -0.0219949 -0.0219926 -0.0219685 -0.0452934 -0.0452867 -0.0452859 -0.0452926 -0.0606944 -0.0606826 -0.0606827 -0.0606947
4.38 0 0 0 0 -0.0208496 -0.020885 -0.0208882 -0.0208521 -0.0367617 -0.0367543 -0.0367554 -0.0367629 -0.0448241 -0.0448164 -0.044816 -0.0448231
4.4 0 0 0 0 -0.0127428 -0.0127578 -0.0127547 -0.01274 -0.0227979 -0.0228028 -0.0228017 -0.0227964 -0.023539 -0.0235341 -0.0235343 -0.0235395
4.42 0 0 0 0 -0.00221194 -0.00220709 -0.0022092 -0.0022134 -0.00534442 -0.00535398 -0.00535455 -0.00534497 -0.00290887 -0.00290691 -0.00290709 -0.0029092
4.44 0 0 0 0 0.00651125 0.00651745 0.00651834 0.00651104 0.0125415 0.0125427 0.0125427 0.012541 0.014507 0.0145041 0.0145044 0.0145077
4.46 0 0 0 0 0.0154506 0.0154645 0.0154645 0.0154517 0.0301316 0.03014 0.0301402 0.0301323 0.0328365 0.0328286 0.0328284 0.032836
4.48 0 0 0 0 0.0238895 0.0239179 0.0239172 0.0238874 0.0449356 0.0449364 0.044936 0.0449344 0.0527529 0.0527423 0.0527422 0.0527526
4.5 0 0 0 0 0.0286151 0.0286538 0.0286547 0.0286164 0.0552912 0.0552837 0.055284 0.0552917 0.0704779 0.0704648 0.070465 0.0704784
4.52 0 0 0 0 0.0324511 0.0324883 0.0324876 0.0324507 0.0655424 0.0655339 0.0655337 0.0655419 0.0859676 0.0859507 0.0859505 0.0859672
4.54 0 0 0 0 0.0365371 0.0365723 0.0365729 0.0365371 0.0756806 0.0756779 0.0756782 0.0756811 0.0974222 0.0974018 0.0974016 0.0974219
4.56 0 0 0 0 0.0351564 0.0351815 0.0351815 0.0351579 0.07643 0.0764364 0.0764367 0.0764308 0.0972814 0.0972594 0.0972597 0.0972822
4.58 0 0 0 0 0.0269938 0.026992 0.026988 0.0269716 0.0627658 0.0627692 0.0627668 0.062757 0.0822723 0.0822518 0.0822512 0.0822707
4.6 0 0 0 0 0.0129872 0.0129726 0.0129664 0.01296 0.0349859 0.0349766 0.0349718 0.0349651 0.0512184 0.0512027 0.0512007 0.0512112
4.62 0 0 0 0 -0.00363706 -0.00364632 -0.0036451 -0.00363159 -0.000828599 -0.000834168 -0.0008352 -0.000831263 0.00688171 0.00687934 0.00687917 0.00688104
4.64 0 0 0 0 -0.0185524 -0.0185722 -0.0185714 -0.0185516 -0.0363557 -0.0363566 -0.0363545 -0.0363496 -0.043087 -0.0430769 -0.0430759 -0.0430844
4.66 0 0 0 0 -0.0301904 -0.0302156 -0.0302184 -0.0301978 -0.066559 -0.0665589 -0.0665615 -0.0665674 -0.0893747 -0.0893565 -0.0893577 -0.0893777
4.68 0 0 0 0 -0.0377871 -0.0378071 -0.037805 -0.0377815 -0.0877455 -0.0877391 -0.0877381 -0.0877418 -0.121688 -0.121661 -0.121661 -0.121687
4.7 0 0 0 0 -0.0436743 -0.043702 -0.0437033 -0.0436782 -0.0997295 -0.0997275 -0.0997269 -0.0997301 -0.135863 -0.135833 -0.135833 -0.135863
4.72 0 0 0 0 -0.046599 -0.0466325 -0.0466316 -0.0465937 -0.100353 -0.100351 -0.100353 -0.100353 -0.130774 -0.130746 -0.130747 -0.130775
4.74 0 0 0 0 -0.0428836 -0.0429277 -0.0429285 -0.0428861 -0.0872028 -0.0872055 -0.0872025 -0.0871985 -0.10846 -0.108437 -0.108436 -0.108459
4.76 0 0 0 0 -0.0338359 -0.0338866 -0.0338948 -0.0338712 -0.0644141 -0.0644216 -0.0644302 -0.0644412 -0.0772333 -0.0772192 -0.0772203 -0.0772374
4.78 0 0 0 0 -0.0194426 -0.0194783 -0.0194796 -0.0194602 -0.0352193 -0.035219 -0.0352203 -0.0352246 -0.0417018 -0.0416949 -0.0416963 -0.0417053
4.8 0 0 0 0 -0.00163387 -0.00163642 -0.00163745 -0.00163447 -0.00320255 -0.00320079 -0.00319819 -0.00319839 -0.00446474 -0.00446388 -0.00446335 -0.00446375
4.82 0 0 0 0 0.0140855 0.0141044 0.0141044 0.0140851 0.026221 0.0262197 0.0262153 0.0262126 0.0307311 0.0307253 0.0307256 0.0307316
4.84 0 0 0 0 0.0254247 0.0254502 0.0254504 0.025424 0.0505588 0.0505601 0.0505641 0.050566 0.0622646 0.0622514 0.062251 0.0622638
4.86 0 0 0 0 0.0327695 0.0327996 0.0327982 0.032767 0.0687284 0.0687274 0.0687246 0.0687226 0.088199 0.0881799 0.0881795 0.088198
4.88 0 0 0 0 0.0369837 0.0370127 0.0370133 0.0369843 0.0797939 0.0797906 0.0797908 0.0797941 0.10525 0.105228 0.105229 0.105252
4.9 0 0 0 0 0.0387002 0.0387339 0.0387331 0.0386984 0.083499 0.0834966 0.0834982 0.0835019 0.110725 0.110701 0.110701 0.110724
4.92 0 0 0 0 0.0379197 0.037954 0.0379548 0.0379263 0.0799567 0.0799529 0.0799506 0.0799535 0.1041 0.104078 0.104077 0.104099
4.94 0 0 0 0 0.0341274 0.0341611 0.0341606 0.0341232 0.0693663 0.0693676 0.06937 0.0693701 0.087307 0.0872891 0.0872905 0.0873095
4.96 0 0 0 0 0.027177 0.0272102 0.0272087 0.0271744 0.0527994 0.0527979 0.0527964 0.0527965 0.0641211 0.0641081 0.0641074 0.0641203
4.98 0 0 0 0 0.0163471 0.0163658 0.0163681 0.0163538 0.0309362 0.030938 0.0309386 0.0309387 0.0369439 0.0369361 0.036936 0.0369431
5 0 0 0 0 0.00259476 0.00259776 0.00259634 0.00258991 0.00563394 0.00563369 0.00563438 0.00563472 0.0074085 0.00740742 0.00740792 0.00740997
5.02 0 0 0 0 -0.00866862 -0.00867799 -0.00867794 -0.00866662 -0.0170515 -0.0170549 -0.0170565 -0.0170547 -0.0198459 -0.0198418 -0.0198422 -0.0198468
5.04 0 0 0 0 -0.0158302 -0.0158408 -0.0158397 -0.0158301 -0.0339923 -0.0339939 -0.0339923 -0.0339889 -0.0426389 -0.0426292 -0.0426294 -0.0426392
5.06 0 0 0 0 -0.0220226 -0.0220418 -0.0220437 -0.0220255 -0.0470231 -0.0470237 -0.0470251 -0.0470268 -0.0617292 -0.0617158 -0.0617155 -0.0617285
5.08 0 0 0 0 -0.0260447 -0.0260707 -0.0260692 -0.0260428 -0.0551932 -0.0551867 -0.0551864 -0.0551924 -0.0735759 -0.073561 -0.0735612 -0.0735766
5.1 0 0 0 0 -0.0265169 -0.0265379 -0.0265387 -0.026519 -0.0572453 -0.0572447 -0.0572439 -0.0572444 -0.0754818 -0.0754654 -0.0754656 -0.075482
5.12 0 0 0 0 -0.0277571 -0.0277853 -0.0277852 -0.0277558 -0.0570132 -0.0570126 -0.0570141 -0.0570154 -0.0722667 -0.0722516 -0.0722513 -0.0722665
5.14 0 0 0 0 -0.0317839 -0.0318257 -0.0318247 -0.0317816 -0.0580482 -0.0580428 -0.0580413 -0.0580456 -0.0696589 -0.0696461 -0.0696464 -0.0696591
5.16 0 0 0 0 -0.0316051 -0.0316533 -0.0316546 -0.0316075 -0.0562795 -0.0562759 -0.0562763 -0.0562797 -0.0656197 -0.065608 -0.0656079 -0.0656199
5.18 0 0 0 0 -0.0213174 -0.0213362 -0.0213361 -0.0213182 -0.0448461 -0.0448526 -0.0448524 -0.0448464 -0.0546056 -0.0545926 -0.0545924 -0.0546048
5.2 0 0 0 0 -0.00593228 -0.00591143 -0.00591088 -0.00593076 -0.0234867 -0.0234947 -0.0234953 -0.0234873 -0.0352581 -0.0352474 -0.035247 -0.0352575
5.22 0 0 0 0 0.00390986 0.00392481 0.0039247 0.00390942 -0.000895807 -0.000890423 -0.000890376 -0.000894906 -0.0114447 -0.0114415 -0.0114421 -0.0114457
5.24 0 0 0 0 0.00556496 0.00555609 0.00555589 0.00556454 0.0144599 0.0144767 0.0144772 0.0144603 0.0130037 0.0129982 0.0129987 0.0130045
5.26 0 0 0 0 0.00579001 0.00577559 0.0057758 0.00579043 0.0224162 0.0224198 0.0224187 0.0224143 0.0352709 0.035261 0.0352611 0.0352711
5.28 0 0 0 0 0.010306 0.0103105 0.0103102 0.0103053 0.0290493 0.0290326 0.0290336 0.0290506 0.0512605 0.05125 0.0512494 0.051259
5.3 0 0 0 0 0.0202339 0.0202651 0.0202651 0.0202339 0.0411412 0.0411233 0.0411226 0.0411398 0.0602335 0.0602235 0.0602242 0.0602347
5.32 0 0 0 0 0.0322881 0.0323315 0.0323316 0.0322874 0.0581937 0.0581941 0.0581943 0.0581939 0.0663016 0.0662889 0.0662885 0.0663008
5.34 0 0 0 0 0.0393086 0.0393577 0.0393576 0.0393098 0.0703763 0.0703934 0.0703937 0.0703772 0.0725767 0.0725608 0.0725607 0.0725763
5.36 0 0 0 0 0.0336384 0.0336667 0.0336673 0.0336391 0.0659032 0.0659145 0.065914 0.0659026 0.0747726 0.074756 0.0747562 0.0747732
5.38 0 0 0 0 0.0179011 0.0179087 0.0179083 0.0179008 0.045658 0.0456546 0.0456554 0.0456592 0.0673083 0.0672926 0.0672925 0.0673078
5.4 0 0 0 0 0.00580972 0.00580064 0.0058002 0.00580857 0.0248411 0.0248225 0.0248224 0.0248409 0.0510002 0.0509899 0.0509901 0.051001
5.42 0 0 0 0 0.00274734 0.00274759 0.00274808 0.00274838 0.0118805 0.0118676 0.0118673 0.0118803 0.0265115 0.0265065 0.0265065 0.0265115
5.44 0 0 0 0 0.000673512 0.000673221 0.000672865 0.000673275 -0.000375792 -0.000366468 -0.000366114 -0.000375155 -0.00628197 -0.00628151 -0.00628156 -0.00628199
5.46 0 0 0 0 -0.00419227 -0.00419488 -0.00419498 -0.00419314 -0.0170141 -0.0169954 -0.0169957 -0.0170147 -0.0376143 -0.0376074 -0.0376073 -0.0376142
5.48 0 0 0 0 -0.0116676 -0.0116571 -0.0116568 -0.0116662 -0.0360481 -0.036044 -0.0360441 -0.0360487 -0.0576218 -0.0576081 -0.0576084 -0.0576224
5.5 0 0 0 0 -0.0229739 -0.0229824 -0.0229829 -0.022976 -0.0533377 -0.0533495 -0.0533494 -0.0533377 -0.0672541 -0.067237 -0.0672368 -0.0672537
5.52 0 0 0 0 -0.0337142 -0.0337517 -0.0337515 -0.0337133 -0.0628256 -0.0628324 -0.0628326 -0.0628259 -0.0705828 -0.0705683 -0.0705684 -0.0705831
5.54 0 0 0 0 -0.0375054 -0.0375685 -0.0375682 -0.0375035 -0.0633752 -0.0633692 -0.0633691 -0.0633742 -0.0713736 -0.0713618 -0.071362 -0.0713739
5.56 0 0 0 0 -0.031988 -0.0320366 -0.0320368 -0.0319908 -0.0579477 -0.0579399 -0.0579399 -0.0579482 -0.0705208 -0.0705084 -0.0705083 -0.0705206
5.58 0 0 0 0 -0.0211701 -0.0211814 -0.0211816 -0.0211683 -0.0488713 -0.048872 -0.0488717 -0.0488706 -0.0659826 -0.0659675 -0.0659675 -0.0659826
5.6 0 0 0 0 -0.0101184 -0.0101009 -0.0101008 -0.010119 -0.0346397 -0.0346452 -0.0346449 -0.0346395 -0.0528281 -0.0528134 -0.0528132 -0.0528275
5.62 0 0 0 0 -0.00102706 -0.00100786 -0.0010076 -0.00102679 -0.013866 -0.0138666 -0.0138676 -0.0138668 -0.0272474 -0.0272394 -0.0272394 -0.0272474
5.64 0 0 0 0 0.00512459 0.00512844 0.00512866 0.00512571 0.00908837 0.00909525 0.00909608 0.00908951 0.00714886 0.00714667 0.0071466 0.00714869
5.66 0 0 0 0 0.0118628 0.0118606 0.01186 0.0118604 0.0313058 0.031308 0.0313075 0.0313047 0.0442211 0.0442102 0.0442103 0.0442214
5.68 0 0 0 0 0.020489 0.0204979 0.0204982 0.0204909 0.0507377 0.0507298 0.0507296 0.0507371 0.0749774 0.0749608 0.0749606 0.0749768
5.7 0 0 0 0 0.028882 0.0289042 0.0289039 0.0288798 0.0655795 0.0655713 0.0655718 0.0655799 0.0921326 0.092113 0.092113 0.0921325
5.72 0 0 0 0 0.0371355 0.0371714 0.0371713 0.037137 0.0766323 0.0766315 0.0766307 0.0766318 0.0976804 0.0976598 0.0976598 0.0976804
5.74 0 0 0 0 0.0413871 0.0414319 0.0414336 0.0413899 0.080037 0.0800422 0.0800433 0.0800387 0.0944731 0.0944533 0.0944531 0.0944728
5.76 0 0 0 0 0.0361857 0.0362255 0.0362231 0.0361817 0.0702505 0.0702569 0.0702566 0.0702502 0.0826513 0.0826337 0.082634 0.0826518
5.78 0 0 0 0 0.0238543 0.023876 0.0238774 0.0238554 0.049874 0.0498719 0.0498715 0.0498726 0.0642495 0.0642363 0.0642366 0.0642504
5.8 0 0 0 0 0.0116614 0.0116717 0.011672 0.0116654 0.027527 0.0275202 0.027521 0.0275303 0.0420901 0.0420815 0.0420811 0.0420894
5.82 0 0 0 0 0.00390262 0.00390849 0.00390959 0.00390073 0.00970589 0.00969602 0.0096957 0.00970412 0.0179161 0.0179133 0.0179134 0.0179163
5.84 0 0 0 0 -0.00128683 -0.00128617 -0.00128644 -0.00128509 -0.00430629 -0.00430539 -0.00430569 -0.00430627 -0.00730901 -0.00730718 -0.00730694 -0.0073085
5.86 0 0 0 0 -0.00801627 -0.00802384 -0.00802424 -0.0080178 -0.0194429 -0.0194321 -0.0194314 -0.0194419 -0.0318669 -0.0318612 -0.0318617 -0.0318679
5.88 0 0 0 0 -0.0174872 -0.017506 -0.0175056 -0.0174873 -0.037824 -0.0378178 -0.0378189 -0.0378266 -0.0530965 -0.0530859 -0.0530855 -0.053096
5.9 0 0 0 0 -0.028116 -0.0281432 -0.0281443 -0.0281168 -0.0567851 -0.0567858 -0.0567853 -0.0567841 -0.0701296 -0.0701148 -0.0701149 -0.0701297
5.92 0 0 0 0 -0.0358446 -0.0358829 -0.0358826 -0.0358467 -0.0700804 -0.070088 -0.0700882 -0.0700815 -0.082548 -0.0825304 -0.0825305 -0.0825484
5.94 0 0 0 0 -0.0367775 -0.0368163 -0.0368168 -0.0367761 -0.0728212 -0.0728228 -0.072823 -0.0728211 -0.0886639 -0.0886454 -0.0886453 -0.0886638
5.96 0 0 0 0 -0.0313888 -0.0314171 -0.0314167 -0.031388 -0.0659541 -0.0659493 -0.0659488 -0.0659526 -0.0867862 -0.0867681 -0.0867683 -0.0867865
5.98 0 0 0 0 -0.0248631 -0.0248842 -0.0248851 -0.0248657 -0.055402 -0.0553945 -0.0553943 -0.0554022 -0.077365 -0.0773489 -0.0773488 -0.0773649
6 0 0 0 0 -0.0215159 -0.0215374 -0.0215374 -0.0215146 -0.0460953 -0.0460898 -0.0460898 -0.0460952 -0.0625875 -0.0625742 -0.0625741 -0.0625869
6.02 0 0 0 0 -0.0201804 -0.0202059 -0.0202055 -0.0201801 -0.0377577 -0.0377572 -0.0377577 -0.0377587 -0.0448483 -0.0448396 -0.0448393 -0.0448477
6.04 0 0 0 0 -0.0169441 -0.0169719 -0.0169724 -0.016946 -0.0275344 -0.0275378 -0.0275375 -0.0275323 -0.0270113 -0.0270065 -0.0270069 -0.027012
6.06 0 0 0 0 -0.00713546 -0.00714278 -0.00714213 -0.00713015 -0.0109927 -0.0109975 -0.0109974 -0.0109931 -0.00841139 -0.00840958 -0.00840946 -0.00841118
6.08 0 0 0 0 0.0109516 0.0109751 0.010975 0.0109478 0.0153233 0.0153178 0.0153174 0.0153225 0.0158956 0.0158944 0.0158945 0.015896
6.1 0 0 0 0 0.0280322 0.0280825 0.0280815 0.0280324 0.044372 0.0443722 0.0443725 0.0443729 0.0447821 0.0447749 0.0447746 0.0447814
6.12 0 0 0 0 0.0333921 0.0334276 0.0334288 0.0333922 0.0635372 0.0635471 0.0635466 0.0635353 0.0712284 0.0712129 0.0712131 0.0712288
6.14 0 0 0 0 0.0297033 0.029712 0.0297103 0.0297006 0.0692592 0.0692666 0.0692665 0.0692596 0.0908084 0.0907866 0.0907865 0.0908081
6.16 0 0 0 0 0.0247583 0.0247642 0.0247658 0.0247618 0.0652227 0.0652155 0.0652159 0.0652224 0.0981349 0.0981122 0.098112 0.0981344
6.18 0 0 0 0 0.0222302 0.0222382 0.0222378 0.0222297 0.0566618 0.056646 0.0566454 0.0566625 0.0882533 0.0882348 0.088235 0.0882536
6.2 0 0 0 0 0.0235958 0.0236201 0.0236194 0.0235932 0.0489601 0.0489543 0.0489555 0.0489604 0.0655708 0.0655577 0.0655577 0.0655712
6.22 0 0 0 0 0.0260799 0.0261251 0.026126 0.0260831 0.0420436 0.0420492 0.0420485 0.0420433 0.0404435 0.0404364 0.0404364 0.0404435
6.24 0 0 0 0 0.0213868 0.0214254 0.021425 0.0213853 0.0289512 0.028962 0.0289622 0.0289508 0.0186743 0.0186717 0.0186719 0.0186746
6.26 0 0 0 0 0.0049518 0.00496246 0.0049624 0.00495125 0.00520971 0.00521628 0.00521627 0.00520989 -0.000510178 -0.000510071 -0.000510121 -0.000510355
6.28 0 0 0 0 -0.0157032 -0.0157319 -0.0157317 -0.0157017 -0.0229513 -0.0229561 -0.0229563 -0.0229514 -0.0191611 -0.0191581 -0.0191582 -0.0191612
6.3 0 0 0 0 -0.0280462 -0.028092 -0.0280926 -0.028049 -0.0437929 -0.0438042 -0.043804 -0.0437933 -0.0380651 -0.038058 -0.0380578 -0.0380646
6.32 0 0 0 0 -0.0293619 -0.0293969 -0.029397 -0.0293604 -0.0535259 -0.0535333 -0.0535336 -0.0535258 -0.0587009 -0.0586889 -0.0586891 -0.0587014
6.34 0 0 0 0 -0.0270177 -0.0270451 -0.0270444 -0.027018 -0.0583292 -0.0583201 -0.0583199 -0.0583296 -0.0802574 -0.0802413 -0.0802413 -0.0802575
6.36 0 0 0 0 -0.0266727 -0.0266906 -0.0266912 -0.0266722 -0.063648 -0.0636322 -0.0636326 -0.0636476 -0.0955634 -0.0955436 -0.0955437 -0.0955636
6.38 0 0 0 0 -0.0286268 -0.0286399 -0.028639 -0.0286263 -0.0684118 -0.0684053 -0.0684045 -0.0684107 -0.0972096 -0.0971882 -0.0971883 -0.0972098
6.4 0 0 0 0 -0.0299138 -0.0299311 -0.0299322 -0.0299152 -0.0663699 -0.0663796 -0.06638 -0.0663702 -0.0837332 -0.0837129 -0.0837125 -0.0837324
6.42 0 0 0 0 -0.025254 -0.0252741 -0.025273 -0.0252519 -0.050573 -0.050584 -0.0505844 -0.0505732 -0.0575241 -0.0575108 -0.0575107 -0.0575239
6.44 0 0 0 0 -0.00897315 -0.00897942 -0.0089794 -0.00897137 -0.0174409 -0.0174441 -0.0174433 -0.0174397 -0.0193189 -0.0193145 -0.0193147 -0.0193193
6.46 0 0 0 0 0.0192499 0.0192813 0.0192808 0.0192477 0.030855 0.0308535 0.0308529 0.0308541 0.0321321 0.0321271 0.0321272 0.0321322
6.48 0 0 0 0 0.0469531 0.0470254 0.0470256 0.0469528 0.0815255 0.0815256 0.0815255 0.0815247 0.0904848 0.0904684 0.0904685 0.090485
6.5 0 0 0 0 0.0600005 0.0600633 0.060063 0.0599996 0.11821 0.118214 0.118214 0.118209 0.142558 0.142528 0.142528 0.142557
6.52 0 0 0 0 0.0604304 0.0604648 0.0604645 0.0604315 0.135925 0.135931 0.135931 0.135925 0.179423 0.179382 0.179382 0.179423
6.54 0 0 0 0 0.0580901 0.0581193 0.05812 0.0580895 0.138301 0.138293 0.138294 0.138302 0.194397 0.194354 0.194354 0.194398
6.56 0 0 0 0 0.0531232 0.0531353 0.0531306 0.0530907 0.125074 0.125056 0.125053 0.125063 0.177699 0.177659 0.177658 0.177697
6.58 0 0 0 0 0.0387453 0.0387079 0.0386812 0.0386234 0.0913354 0.0913001 0.0912821 0.0912482 0.124393 0.124353 0.124347 0.124368
6.6 0 0 0 0 0.0131299 0.013144 0.0131326 0.0131742 0.0350753 0.0350914 0.0350831 0.0350644 0.0423347 0.0423222 0.0423205 0.0423329
6.62 0 0 0 0 -0.0186518 -0.0186843 -0.0186597 -0.0186436 -0.0372125 -0.037189 -0.037174 -0.0371786 -0.0520665 -0.052055 -0.0520506 -0.0520572
6.64 0 0 0 0 -0.0498208 -0.0498638 -0.0498943 -0.0498735 -0.109872 -0.109895 -0.109911 -0.109915 -0.14147 -0.141441 -0.141446 -0.141481
6.66 0 0 0 0 -0.0750346 -0.075072 -0.0750487 -0.074996 -0.165544 -0.165547 -0.165541 -0.165521 -0.212102 -0.212051 -0.212049 -0.212096
6.68 0 0 0 0 -0.0901332 -0.0902231 -0.0902347 -0.0901865 -0.194419 -0.194424 -0.194422 -0.194428 -0.254036 -0.253982 -0.253982 -0.254037
6.7 0 0 0 0 -0.0946162 -0.0946913 -0.0946941 -0.0945973 -0.199239 -0.199219 -0.199227 -0.199239 -0.26377 -0.263714 -0.263716 -0.263771
6.72 0 0 0 0 -0.0896812 -0.0897831 -0.0897599 -0.08966 -0.18646 -0.186445 -0.186433 -0.186447 -0.24351 -0.243459 -0.243456 -0.243505
6.74 0 0 0 0 -0.0750542 -0.0751616 -0.0752307 -0.0752479 -0.156283 -0.15633 -0.156367 -0.156413 -0.197277 -0.197242 -0.197252 -0.197309
6.76 0 0 0 0 -0.0521759 -0.0520208 -0.052021 -0.051891 -0.107249 -0.107272 -0.107274 -0.107259 -0.130975 -0.130948 -0.130951 -0.130986
6.78 0 0 0 0 -0.0196273 -0.0194893 -0.019449 -0.0193895 -0.0394572 -0.0394328 -0.0394174 -0.039379 -0.0480887 -0.0480738 -0.0480705 -0.0480847
6.8 0 0 0 0 0.0222398 0.0221063 0.0220558 0.0219619 0.0411566 0.0411357 0.0411179 0.0410822 0.0472567 0.0472445 0.0472434 0.0472555
6.82 0 0 0 0 0.0628017 0.0629323 0.0629561 0.0629201 0.120229 0.120239 0.120244 0.120254 0.144257 0.144228 0.144226 0.144255
6.84 0 0 0 0 0.0925518 0.0925238 0.0925342 0.0923548 0.184534 0.184524 0.184522 0.184509 0.230081 0.230032 0.23003 0.230075
6.86 0 0 0 0 0.106654 0.106648 0.106589 0.106478 0.22502 0.224999 0.224976 0.224954 0.291109 0.291048 0.291052 0.291121
6.88 0 0 0 0 0.1081 0.108136 0.108201 0.108099 0.238605 0.238619 0.238638 0.238645 0.316995 0.316921 0.316914 0.316977
6.9 0 0 0 0 0.104165 0.104166 0.104091 0.103979 0.22902 0.228996 0.228983 0.228985 0.305575 0.305512 0.305516 0.305589
6.92 0 0 0 0 0.0937503 0.0939225 0.093964 0.0938905 0.197739 0.197734 0.19774 0.197755 0.25826 0.258209 0.258216 0.258271
6.94 0 0 0 0 0.0711847 0.071278 0.0712592 0.0714663 0.14323 0.143236 0.14323 0.143211 0.178556 0.178496 0.178479 0.17851
6.96 0 0 0 0 0.035029 0.0351862 0.0351856 0.0354656 0.0670395 0.0671226 0.0671284 0.0671687 0.0757102 0.075691 0.0756994 0.0757227
6.98 0 0 0 0 -0.00706353 -0.0070816 -0.00702379 -0.00711604 -0.0202018 -0.0202168 -0.0201886 -0.0202154 -0.0330481 -0.0330333 -0.0330258 -0.0330294
7 0 0 0 0 -0.0480664 -0.0481618 -0.0482606 -0.048302 -0.104075 -0.10411 -0.104163 -0.104173 -0.132584 -0.132563 -0.132579 -0.13262
7.02 0 0 0 0 -0.0836805 -0.083749 -0.0836608 -0.083663 -0.172596 -0.1726 -0.172561 -0.172539 -0.21547 -0.215417 -0.215412 -0.215457
7.04 0 0 0 0 -0.106547 -0.106757 -0.106832 -0.106934 -0.216523 -0.216578 -0.216623 -0.216668 -0.273872 -0.27381 -0.273805 -0.273862
7.06 0 0 0 0 -0.115454 -0.11561 -0.115596 -0.115564 -0.235882 -0.235882 -0.23589 -0.235898 -0.303087 -0.303027 -0.303041 -0.303114
7.08 0 0 0 0 -0.111797 -0.111771 -0.111747 -0.111758 -0.233203 -0.233184 -0.233154 -0.233167 -0.30141 -0.301345 -0.30134 -0.3014
7.1 0 0 0 0 -0.0934047 -0.0935259 -0.0936057 -0.0934479 -0.20319 -0.203215 -0.203251 -0.203239 -0.263549 -0.263481 -0.26347 -0.263525
7.12 0 0 0 0 -0.0639158 -0.0637918 -0.0637054 -0.0636646 -0.144517 -0.144507 -0.144464 -0.144437 -0.190368 -0.190328 -0.190338 -0.19039
7.14 0 0 0 0 -0.031608 -0.0316433 -0.0316935 -0.0316653 -0.069283 -0.0692739 -0.0692933 -0.0692973 -0.0945629 -0.0945447 -0.094546 -0.0945662
7.16 0 0 0 0 -0.00302594 -0.00308451 -0.0030791 -0.0030334 0.00455294 0.00456079 0.00455694 0.00453103 0.00632258 0.00632385 0.00633473 0.00634235
7.18 0 0 0 0 0.0243646 0.0243932 0.0244209 0.0244031 0.0678523 0.0678724 0.0678878 0.0678865 0.0980991 0.098067 0.0980564 0.0980796
7.2 0 0 0 0 0.058939 0.0588528 0.0588067 0.0587509 0.127586 0.127542 0.127519 0.127521 0.177122 0.177086 0.177084 0.177118
7.22 0 0 0 0 0.0987427 0.0988808 0.0989128 0.0987139 0.190121 0.190098 0.190104 0.190122 0.243736 0.243693 0.243701 0.243754
7.24 0 0 0 0 0.128541 0.128617 0.12862 0.128478 0.244287 0.24428 0.244271 0.244271 0.293859 0.293797 0.293789 0.293844
7.26 0 0 0 0 0.136902 0.137093 0.137102 0.137223 0.271527 0.271576 0.27159 0.271604 0.323937 0.323863 0.32386 0.323927
7.28 0 0 0 0 0.124921 0.125098 0.125131 0.125162 0.261302 0.261361 0.261383 0.261369 0.328097 0.328027 0.328042 0.328128
7.3 0 0 0 0 0.0965812 0.096696 0.0966559 0.0967377 0.214935 0.214939 0.214934 0.214964 0.293928 0.29386 0.293858 0.293919
7.32 0 0 0 0 0.0567671 0.0570086 0.0570913 0.0576354 0.140606 0.140676 0.140725 0.14083 0.209388 0.209326 0.209319 0.209367
7.34 0 0 0 0 0.00877042 0.00903463 0.0090692 0.00978203 0.0455237 0.0457543 0.0458237 0.0460192 0.0746005 0.0745636 0.0745808 0.0746157
7.36 0 0 0 0 -0.0408988 -0.0413106 -0.041331 -0.0417998 -0.0649083 -0.0649748 -0.0649921 -0.0651624 -0.0877717 -0.0877475 -0.0877459 -0.0877514
7.38 0 0 0 0 -0.0838292 -0.083855 -0.0839516 -0.0838935 -0.180099 -0.180153 -0.180237 -0.180297 -0.242591 -0.242554 -0.242578 -0.24265
7.4 0 0 0 0 -0.119951 -0.120185 -0.120034 -0.120451 -0.278862 -0.278955 -0.278899 -0.278876 -0.36452 -0.364422 -0.364421 -0.364515
7.42 0 0 0 0 -0.156066 -0.156462 -0.156712 -0.157329 -0.344058 -0.344305 -0.344457 -0.344619 -0.44283 -0.442713 -0.442709 -0.442818
7.44 0 0 0 0 -0.185652 -0.185728 -0.185623 -0.185571 -0.37253 -0.372476 -0.372459 -0.372499 -0.474222 -0.474146 -0.474175 -0.474286
7.46 0 0 0 0 -0.187313 -0.18755 -0.187616 -0.187264 -0.362357 -0.362354 -0.36231 -0.362331 -0.455966 -0.455853 -0.455821 -0.455893
7.48 0 0 0 0 -0.159485 -0.158305 -0.15828 -0.157543 -0.31208 -0.311964 -0.311988 -0.311808 -0.387235 -0.387149 -0.387149 -0.387259
7.5 0 0 0 0 -0.121039 -0.117074 -0.116613 -0.114464 -0.23191 -0.231398 -0.231046 -0.230504 -0.277811 -0.277735 -0.277742 -0.277844
7.52 0 0 0 0 -0.0845728 -0.0817126 -0.0820974 -0.0819105 -0.133587 -0.13332 -0.133144 -0.132753 -0.143996 -0.143934 -0.143863 -0.143862
