0.005 0 0 0 0 -5.51931e-06 -2.22903e-06 2.26224e-06 5.55244e-06 -5.35543e-07 -4.04891e-07 4.38775e-07 5.69456e-07 1.84562e-05 5.36494e-06 -5.33115e-06 -1.84225e-05
0.025 0 0 0 0 -4.46195e-06 -1.16839e-06 3.32286e-06 6.60976e-06 6.4898e-07 7.78572e-07 1.62223e-06 1.75396e-06 1.96279e-05 6.53664e-06 -4.15945e-06 -1.72508e-05
0.045 0 0 0 0 -2.2797e-06 1.01839e-06 5.5096e-06 8.79185e-06 3.84715e-06 3.97619e-06 4.81982e-06 4.95206e-06 2.28379e-05 9.74628e-06 -9.49822e-07 -1.40409e-05
0.065 0 0 0 0 -2.05901e-07 3.0928e-06 7.5839e-06 1.08652e-05 8.28058e-06 8.41111e-06 9.2547e-06 9.38532e-06 2.78389e-05 1.4746e-05 4.04983e-06 -9.03992e-06
0.085 0 0 0 0 1.39207e-06 4.68959e-06 9.18055e-06 1.24627e-05 1.27531e-05 1.28842e-05 1.37277e-05 1.38575e-05 3.41325e-05 2.10378e-05 1.03416e-05 -2.74653e-06
0.105 0 0 0 0 2.70273e-06 6.00041e-06 1.04913e-05 1.3773e-05 1.6496e-05 1.66253e-05 1.74687e-05 1.76e-05 4.05028e-05 2.74066e-05 1.67103e-05 3.62349e-06
0.125 0 0 0 0 3.81889e-06 7.11706e-06 1.16078e-05 1.48889e-05 1.942e-05 1.9548e-05 2.03913e-05 2.05237e-05 4.52711e-05 3.21738e-05 2.14775e-05 8.39163e-06
0.145 0 0 0 0 4.67551e-06 7.97353e-06 1.24642e-05 1.57453e-05 2.13291e-05 2.14583e-05 2.23016e-05 2.24328e-05 4.7267e-05 3.4169e-05 2.34727e-05 1.03875e-05
0.165 0 0 0 0 5.06456e-06 8.36331e-06 1.2854e-05 1.61344e-05 2.15072e-05 2.16377e-05 2.24809e-05 2.26109e-05 4.63667e-05 3.32689e-05 2.25726e-05 9.48717e-06
0.185 0 0 0 0 4.46297e-06 7.76296e-06 1.22537e-05 1.55328e-05 1.93515e-05 1.94816e-05 2.03248e-05 2.04551e-05 4.30519e-05 2.99551e-05 1.92587e-05 6.1724e-06
0.205 0 0 0 0 2.33273e-06 5.63105e-06 1.01218e-05 1.34025e-05 1.49468e-05 1.50763e-05 1.59195e-05 1.60505e-05 3.77483e-05 2.46526e-05 1.39563e-05 8.68785e-07
0.225 0 0 0 0 -1.15814e-06 2.13474e-06 6.62546e-06 9.91167e-06 8.8291e-06 8.95902e-06 9.80228e-06 9.93276e-06 3.06885e-05 1.75941e-05 6.89775e-06 -6.19103e-06
0.245 0 0 0 0 -5.08094e-06 -1.79355e-06 2.69718e-06 5.98887e-06 1.63105e-06 1.76137e-06 2.60463e-06 2.73472e-06 2.21337e-05 9.04085e-06 -1.65547e-06 -1.47458e-05
0.265 0 0 0 0 -8.58781e-06 -5.30309e-06 -8.12451e-07 2.48165e-06 -5.88253e-06 -5.75267e-06 -4.90945e-06 -4.779e-06 1.25789e-05 -5.11821e-07 -1.12082e-05 -2.43007e-05
0.285 0 0 0 0 -1.15146e-05 -8.23116e-06 -3.74071e-06 -4.45828e-07 -1.28793e-05 -1.27495e-05 -1.19065e-05 -1.17762e-05 2.90802e-06 -1.01805e-05 -2.0877e-05 -3.39719e-05
0.305 0 0 0 0 -1.40698e-05 -1.07883e-05 -6.29806e-06 -3.00161e-06 -1.8802e-05 -1.86714e-05 -1.78284e-05 -1.76994e-05 -5.60972e-06 -1.86965e-05 -2.9393e-05 -4.24899e-05
0.325 0 0 0 0 -1.62915e-05 -1.30125e-05 -8.52234e-06 -5.22368e-06 -2.34006e-05 -2.32695e-05 -2.24266e-05 -2.22983e-05 -1.17224e-05 -2.4808e-05 -3.55046e-05 -4.86028e-05
0.345 0 0 0 0 -1.79331e-05 -1.46561e-05 -1.0166e-05 -6.86547e-06 -2.63453e-05 -2.62148e-05 -2.5372e-05 -2.52431e-05 -1.47824e-05 -2.78674e-05 -3.85639e-05 -5.16629e-05
0.365 0 0 0 0 -1.86158e-05 -1.53402e-05 -1.08501e-05 -7.5482e-06 -2.71132e-05 -2.69834e-05 -2.61406e-05 -2.6011e-05 -1.49016e-05 -2.79865e-05 -3.86831e-05 -5.1782e-05
0.385 0 0 0 0 -1.79833e-05 -1.4708e-05 -1.02179e-05 -6.91575e-06 -2.54101e-05 -2.52801e-05 -2.44373e-05 -2.43079e-05 -1.25319e-05 -2.56174e-05 -3.6314e-05 -4.94123e-05
0.405 0 0 0 0 -1.59575e-05 -1.268e-05 -8.18992e-06 -4.88996e-06 -2.15023e-05 -2.13718e-05 -2.0529e-05 -2.04001e-05 -8.02713e-06 -2.11136e-05 -3.18102e-05 -4.49075e-05
0.425 0 0 0 0 -1.29773e-05 -9.69573e-06 -5.20563e-06 -1.90974e-06 -1.60418e-05 -1.59114e-05 -1.50686e-05 -1.49396e-05 -1.63772e-06 -1.47254e-05 -2.5422e-05 -3.85181e-05
0.445 0 0 0 0 -9.80364e-06 -6.51846e-06 -2.02835e-06 1.26393e-06 -9.75762e-06 -9.62745e-06 -8.78464e-06 -8.65542e-06 6.22014e-06 -6.86916e-06 -1.75657e-05 -3.06603e-05
0.465 0 0 0 0 -6.97159e-06 -3.68468e-06 8.05427e-07 4.09599e-06 -3.36202e-06 -3.23184e-06 -2.38903e-06 -2.25982e-06 1.47824e-05 1.69114e-06 -9.00544e-06 -2.20981e-05
0.485 0 0 0 0 -4.53721e-06 -1.24934e-06 3.24077e-06 6.53037e-06 2.48874e-06 2.61875e-06 3.46157e-06 3.59094e-06 2.2967e-05 9.87389e-06 -8.22693e-07 -1.39134e-05
0.505 0 0 0 0 -2.38474e-06 9.0481e-07 5.39492e-06 8.68283e-06 7.29784e-06 7.42736e-06 8.27018e-06 8.40004e-06 2.96027e-05 1.65082e-05 5.81166e-06 -7.27767e-06
0.525 0 0 0 0 -6.18164e-07 2.67357e-06 7.16368e-06 1.04494e-05 1.07052e-05 1.08346e-05 1.16774e-05 1.18074e-05 3.38019e-05 2.07065e-05 1.001e-05 -3.07854e-06
0.545 0 0 0 0 4.14098e-07 3.70743e-06 8.19754e-06 1.14817e-05 1.23385e-05 1.24682e-05 1.33111e-05 1.34407e-05 3.52512e-05 2.21556e-05 1.1459e-05 -1.62922e-06
0.565 0 0 0 0 3.61074e-07 3.6548e-06 8.14491e-06 1.14287e-05 1.18539e-05 1.1984e-05 1.28269e-05 1.29561e-05 3.41544e-05 2.10591e-05 1.03625e-05 -2.72597e-06
0.585 0 0 0 0 -5.0565e-07 2.78833e-06 7.27843e-06 1.05619e-05 9.66546e-06 9.79498e-06 1.06378e-05 1.07677e-05 3.13358e-05 1.82412e-05 7.54464e-06 -5.5446e-06
0.605 0 0 0 0 -2.54431e-06 7.47026e-07 5.23713e-06 8.52327e-06 5.8425e-06 5.97208e-06 6.81489e-06 6.9447e-06 2.6787e-05 1.36932e-05 2.99667e-06 -1.00935e-05
0.625 0 0 0 0 -5.41572e-06 -2.12888e-06 2.36122e-06 5.65186e-06 7.15744e-07 8.45959e-07 1.68877e-06 1.81795e-06 2.06652e-05 7.5726e-06 -3.12398e-06 -1.62152e-05
0.645 0 0 0 0 -7.49436e-06 -4.20777e-06 2.82331e-07 3.57321e-06 -4.19845e-06 -4.06922e-06 -3.22641e-06 -3.09624e-06 1.43621e-05 1.27103e-06 -9.42556e-06 -2.25183e-05
0.665 0 0 0 0 -9.41431e-06 -6.12858e-06 -1.63847e-06 1.65326e-06 -8.83433e-06 -8.705e-06 -7.86218e-06 -7.73213e-06 7.90021e-06 -5.18936e-06 -1.58859e-05 -2.89802e-05
0.685 0 0 0 0 -1.06747e-05 -7.38948e-06 -2.89938e-06 3.92869e-07 -1.2055e-05 -1.19249e-05 -1.10821e-05 -1.09528e-05 2.93124e-06 -1.01573e-05 -2.08539e-05 -3.39492e-05
0.705 0 0 0 0 -1.16193e-05 -8.33517e-06 -3.84506e-06 -5.51732e-07 -1.40272e-05 -1.38965e-05 -1.30537e-05 -1.2925e-05 1.36657e-07 -1.29513e-05 -2.36479e-05 -3.67438e-05
0.725 0 0 0 0 -1.14637e-05 -8.17821e-06 -3.6881e-06 -3.96113e-07 -1.40124e-05 -1.38831e-05 -1.30403e-05 -1.29102e-05 5.59051e-07 -1.25288e-05 -2.32254e-05 -3.63214e-05
0.745 0 0 0 0 -1.07096e-05 -7.42412e-06 -2.93402e-06 3.57941e-07 -1.19462e-05 -1.1817e-05 -1.09742e-05 -1.0844e-05 3.66259e-06 -9.42598e-06 -2.01226e-05 -3.32178e-05
0.765 0 0 0 0 -1.13178e-05 -8.03947e-06 -3.54937e-06 -2.50181e-07 -1.04519e-05 -1.03197e-05 -9.47693e-06 -9.34969e-06 6.46884e-06 -6.62123e-06 -1.73178e-05 -3.04116e-05
0.785 0 0 0 0 -8.88019e-06 -5.59519e-06 -1.10509e-06 2.18739e-06 -6.74101e-06 -6.61213e-06 -5.76932e-06 -5.63881e-06 1.15557e-05 -1.53472e-06 -1.22313e-05 -2.53247e-05
0.805 0 0 0 0 -8.09575e-06 -4.81136e-06 -3.21257e-07 2.97183e-06 -4.72333e-06 -4.59371e-06 -3.7509e-06 -3.62113e-06 1.415e-05 1.05878e-06 -9.6378e-06 -2.27304e-05
0.825 0 0 0 0 -6.37634e-06 -3.08917e-06 1.40093e-06 4.69124e-06 -1.92358e-06 -1.79348e-06 -9.50665e-07 -8.21381e-07 1.68133e-05 3.72163e-06 -6.97495e-06 -2.00671e-05
0.845 0 0 0 0 -6.94576e-06 -3.66262e-06 8.27488e-07 4.12181e-06 -1.88524e-06 -1.75282e-06 -9.10006e-07 -7.83036e-07 1.67985e-05 3.7063e-06 -6.99028e-06 -2.00819e-05
0.865 0 0 0 0 -2.99886e-06 2.99752e-07 4.78986e-06 8.06872e-06 1.66967e-06 1.7952e-06 2.63802e-06 2.77187e-06 2.07363e-05 7.64505e-06 -3.05154e-06 -1.61441e-05
0.885 0 0 0 0 5.91841e-07 3.89607e-06 8.38617e-06 1.16594e-05 7.58155e-06 7.70791e-06 8.55073e-06 8.68375e-06 2.65719e-05 1.34795e-05 2.78294e-06 -1.03085e-05
0.905 0 0 0 0 1.14395e-06 4.43715e-06 8.92725e-06 1.22115e-05 1.2808e-05 1.29425e-05 1.37853e-05 1.39102e-05 3.27482e-05 1.96527e-05 8.95613e-06 -4.13219e-06
0.925 0 0 0 0 7.77647e-07 4.06618e-06 8.55628e-06 1.18452e-05 1.50257e-05 1.51589e-05 1.60017e-05 1.61279e-05 3.86667e-05 2.55695e-05 1.48729e-05 1.78624e-06
0.945 0 0 0 0 -4.52426e-08 3.24559e-06 7.7357e-06 1.10224e-05 1.36923e-05 1.38179e-05 1.46606e-05 1.47944e-05 4.09684e-05 2.78717e-05 1.71751e-05 4.08794e-06
0.965 0 0 0 0 7.06203e-06 1.03782e-05 1.48683e-05 1.81298e-05 2.06923e-05 2.08099e-05 2.16527e-05 2.17943e-05 4.70128e-05 3.39173e-05 2.32207e-05 1.01323e-05
0.985 0 0 0 0 4.60575e-06 7.89731e-06 1.23874e-05 1.56734e-05 2.1636e-05 2.17741e-05 2.26169e-05 2.27381e-05 4.36291e-05 3.05303e-05 1.98337e-05 6.74852e-06
1.005 0 0 0 0 -2.05342e-06 1.21889e-06 5.70897e-06 9.01409e-06 1.3602e-05 1.37464e-05 1.45892e-05 1.47042e-05 3.5178e-05 2.20791e-05 1.13825e-05 -1.70258e-06
1.025 0 0 0 0 -8.74351e-06 -5.46236e-06 -9.72263e-07 2.32402e-06 -2.94395e-06 -2.81965e-06 -1.97681e-06 -1.84173e-06 2.15788e-05 8.48605e-06 -2.21058e-06 -1.53019e-05
1.045 0 0 0 0 -1.10443e-05 -7.74712e-06 -3.25701e-06 2.32165e-08 -1.43045e-05 -1.41916e-05 -1.33488e-05 -1.32023e-05 7.02438e-06 -6.06251e-06 -1.67591e-05 -2.98562e-05
1.065 0 0 0 0 -1.69672e-05 -1.36946e-05 -9.20453e-06 -5.89968e-06 -2.29356e-05 -2.27994e-05 -2.19566e-05 -2.18335e-05 -1.21061e-05 -2.51928e-05 -3.58894e-05 -4.89867e-05
1.085 0 0 0 0 -2.5344e-05 -2.20941e-05 -1.7604e-05 -1.42764e-05 -3.63749e-05 -3.62255e-05 -3.53831e-05 -3.52742e-05 -3.22529e-05 -4.5338e-05 -5.60347e-05 -6.91342e-05
1.105 0 0 0 0 -2.62588e-05 -2.29795e-05 -1.84899e-05 -1.51933e-05 -4.78227e-05 -4.76992e-05 -4.68567e-05 -4.67218e-05 -4.23719e-05 -5.54496e-05 -6.61464e-05 -7.92535e-05
1.125 0 0 0 0 -1.15958e-05 -8.25818e-06 -3.7688e-06 -5.30868e-07 -3.50935e-05 -3.49952e-05 -3.41527e-05 -3.39925e-05 -2.89421e-05 -4.20158e-05 -5.27127e-05 -6.58237e-05
1.145 0 0 0 0 3.54452e-06 6.87491e-06 1.13643e-05 1.46094e-05 -3.06174e-07 -1.78296e-07 6.6419e-07 7.9479e-07 3.81904e-06 -9.26643e-06 -1.99633e-05 -3.30625e-05
1.165 0 0 0 0 -1.04005e-05 -7.18227e-06 -2.693e-06 6.64043e-07 1.00093e-05 1.01914e-05 1.10339e-05 1.11105e-05 2.41311e-05 1.10267e-05 3.29845e-07 -1.27505e-05
1.185 0 0 0 0 -1.06542e-05 -7.40583e-06 -2.91668e-06 4.09911e-07 9.114e-06 9.24149e-06 1.00835e-05 1.02134e-05 4.82242e-05 3.51215e-05 2.44245e-05 1.13418e-05
1.205 0 0 0 0 7.30411e-06 1.06493e-05 1.51385e-05 1.83683e-05 1.99803e-05 2.00469e-05 2.08887e-05 2.1079e-05 6.87979e-05 5.57031e-05 4.50059e-05 3.19144e-05
1.225 0 0 0 0 1.59227e-05 1.92375e-05 2.37264e-05 2.69857e-05 4.05235e-05 4.06489e-05 4.14907e-05 4.1622e-05 6.91735e-05 5.607e-05 4.53727e-05 3.22897e-05
1.245 0 0 0 0 7.56554e-06 1.08021e-05 1.52906e-05 1.86276e-05 4.13488e-05 4.15442e-05 4.23862e-05 4.24477e-05 5.20935e-05 3.89807e-05 2.82834e-05 1.52097e-05
1.265 0 0 0 0 -1.35262e-05 -1.02893e-05 -5.80078e-06 -2.46429e-06 -9.52332e-07 -7.98664e-07 4.32354e-08 1.46462e-07 1.94679e-05 6.36759e-06 -4.32976e-06 -1.74159e-05
1.285 0 0 0 0 -2.20845e-05 -1.87643e-05 -1.42758e-05 -1.10226e-05 -4.25809e-05 -4.25167e-05 -4.16748e-05 -4.14821e-05 -1.08669e-05 -2.39441e-05 -3.46414e-05 -4.77507e-05
1.305 0 0 0 0 -1.60577e-05 -1.27213e-05 -8.23302e-06 -4.99655e-06 -4.27964e-05 -4.27132e-05 -4.18712e-05 -4.16972e-05 -3.05453e-05 -4.36185e-05 -5.43159e-05 -6.74292e-05
1.325 0 0 0 0 -6.55155e-07 2.64522e-06 7.13354e-06 1.0406e-05 -8.10032e-06 -7.93211e-06 -7.09053e-06 -7.00275e-06 -2.51711e-05 -3.82582e-05 -4.8956e-05 -6.20574e-05
1.345 0 0 0 0 -1.02521e-05 -7.01604e-06 -2.52765e-06 8.09298e-07 -5.84109e-06 -5.64502e-06 -4.80342e-06 -4.74358e-06 -1.67881e-05 -2.98846e-05 -4.05823e-05 -5.36741e-05
1.365 0 0 0 0 -1.07296e-05 -7.4251e-06 -2.93669e-06 3.31789e-07 -1.43881e-05 -1.42922e-05 -1.34507e-05 -1.32908e-05 1.36039e-05 5.15994e-07 -1.01818e-05 -2.32822e-05
1.385 0 0 0 0 -7.43764e-06 -4.11247e-06 3.75959e-07 3.62384e-06 -5.41462e-06 -5.35411e-06 -4.51264e-06 -4.31747e-06 4.32912e-05 3.02013e-05 1.95035e-05 6.40498e-06
1.405 0 0 0 0 -2.2595e-05 -1.94087e-05 -1.49203e-05 -1.15336e-05 1.5248e-06 1.6881e-06 2.52957e-06 2.62197e-06 3.54835e-05 2.23742e-05 1.16764e-05 -1.4027e-06
1.425 0 0 0 0 -1.65287e-05 -1.33238e-05 -8.83537e-06 -5.46719e-06 1.38525e-06 1.56266e-06 2.40419e-06 2.48252e-06 1.82685e-05 5.16324e-06 -5.53458e-06 -1.86178e-05
1.445 0 0 0 0 1.9864e-05 2.3273e-05 2.77616e-05 3.09259e-05 1.10619e-05 1.11413e-05 1.19828e-05 1.2159e-05 2.19264e-05 8.84594e-06 -1.85185e-06 -1.49597e-05
1.465 0 0 0 0 3.23528e-05 3.578e-05 4.02691e-05 4.34158e-05 2.95887e-05 2.96805e-05 3.0522e-05 3.06857e-05 3.32935e-05 2.02101e-05 9.51219e-06 -3.59302e-06
1.485 0 0 0 0 8.26959e-07 4.05262e-06 8.54167e-06 1.189e-05 2.95053e-05 2.97023e-05 3.05438e-05 3.06022e-05 3.7774e-05 2.46633e-05 1.39655e-05 8.87862e-07
1.505 0 0 0 0 -3.38618e-05 -3.07195e-05 -2.62305e-05 -2.27989e-05 -6.21573e-06 -6.04139e-06 -5.19991e-06 -5.11895e-06 3.34904e-05 2.0377e-05 9.67904e-06 -3.39615e-06
1.525 0 0 0 0 -1.46886e-05 -1.13563e-05 -6.86721e-06 -3.62547e-06 -1.96242e-05 -1.95943e-05 -1.87531e-05 -1.85284e-05 4.06141e-05 2.75279e-05 1.68297e-05 3.72638e-06
1.545 0 0 0 0 3.2322e-05 3.57747e-05 4.02638e-05 4.33853e-05 2.97061e-05 2.97503e-05 3.05915e-05 3.08019e-05 5.61114e-05 4.30287e-05 3.23306e-05 1.92238e-05
1.565 0 0 0 0 3.15702e-05 3.48419e-05 3.93301e-05 4.26303e-05 7.05934e-05 7.08297e-05 7.16707e-05 7.16887e-05 5.16573e-05 3.85414e-05 2.78434e-05 1.47698e-05
1.585 0 0 0 0 -3.50571e-05 -3.19932e-05 -2.75049e-05 -2.3997e-05 1.68909e-06 1.96521e-06 2.80658e-06 2.78522e-06 3.82493e-06 -9.29889e-06 -1.99971e-05 -3.30632e-05
1.605 0 0 0 0 -3.38454e-05 -3.05091e-05 -2.60208e-05 -2.27858e-05 -6.33526e-05 -6.33536e-05 -6.25124e-05 -6.22568e-05 -3.5323e-06 -1.66041e-05 -2.73024e-05 -4.04207e-05
1.625 0 0 0 0 1.4511e-05 1.80428e-05 2.25302e-05 2.55677e-05 -2.82428e-05 -2.83083e-05 -2.74663e-05 -2.71452e-05 1.71647e-05 4.10854e-06 -6.58988e-06 -1.97247e-05
1.645 0 0 0 0 2.17661e-05 2.50268e-05 2.9514e-05 3.28226e-05 4.921e-05 4.94495e-05 5.02914e-05 5.03072e-05 2.26305e-05 9.51969e-06 -1.17876e-06 -1.42591e-05
1.665 0 0 0 0 -7.85358e-06 -4.78566e-06 -2.98548e-07 3.20226e-06 4.79037e-05 4.82498e-05 4.90914e-05 4.90004e-05 2.06625e-05 7.52612e-06 -3.17284e-06 -1.62292e-05
1.685 0 0 0 0 -2.05113e-05 -1.72135e-05 -1.27263e-05 -9.45519e-06 -2.38927e-05 -2.38394e-05 -2.29978e-05 -2.27962e-05 3.0589e-05 1.74992e-05 6.80026e-06 -6.30281e-06
1.705 0 0 0 0 -9.17193e-06 -5.70347e-06 -1.21613e-06 1.88457e-06 -4.39397e-05 -4.40367e-05 -4.31954e-05 -4.28443e-05 3.97748e-05 2.67099e-05 1.60104e-05 2.88039e-06
1.725 0 0 0 0 -3.99493e-06 -7.42026e-07 3.74524e-06 7.06138e-06 1.16442e-05 1.1803e-05 1.26445e-05 1.274e-05 2.6359e-05 1.32539e-05 2.55456e-06 -1.05348e-05
1.745 0 0 0 0 -5.87632e-06 -2.77905e-06 1.70819e-06 5.17996e-06 3.9366e-05 3.97024e-05 4.05439e-05 4.04619e-05 3.68436e-06 -9.44613e-06 -2.01454e-05 -3.32092e-05
1.765 0 0 0 0 4.43374e-06 7.76472e-06 1.22519e-05 1.549e-05 -5.95885e-07 -4.7148e-07 3.69977e-07 4.9996e-07 2.458e-06 -1.06317e-05 -2.13309e-05 -3.44355e-05
1.785 0 0 0 0 1.16872e-06 4.64768e-06 9.13493e-06 1.2225e-05 -3.85472e-05 -3.85939e-05 -3.77525e-05 -3.74514e-05 9.20828e-06 -3.85379e-06 -1.4553e-05 -2.76853e-05
1.805 0 0 0 0 -4.39112e-05 -4.07264e-05 -3.62392e-05 -3.28549e-05 -4.73776e-05 -4.72411e-05 -4.63997e-05 -4.62818e-05 -1.77415e-05 -3.08384e-05 -4.15376e-05 -5.46351e-05
1.825 0 0 0 0 -3.23011e-05 -2.91747e-05 -2.46874e-05 -2.12448e-05 -1.36438e-05 -1.34083e-05 -1.25669e-05 -1.2548e-05 -1.44538e-05 -2.75669e-05 -3.82662e-05 -5.13474e-05
1.845 0 0 0 0 1.31311e-06 4.64084e-06 9.12808e-06 1.23694e-05 -6.78107e-06 -6.659e-06 -5.81756e-06 -5.68526e-06 -3.81416e-06 -1.69022e-05 -2.76015e-05 -4.07077e-05
1.865 0 0 0 0 4.492e-05 4.84449e-05 5.29323e-05 5.59768e-05 2.74538e-05 2.74721e-05 2.83135e-05 2.85494e-05 4.1872e-05 2.87986e-05 1.80994e-05 4.97842e-06
1.885 0 0 0 0 5.0997e-05 5.43812e-05 5.88686e-05 6.20539e-05 8.72564e-05 8.73921e-05 8.82335e-05 8.8352e-05 0.000101345 8.82338e-05 7.75345e-05 6.44509e-05
1.905 0 0 0 0 8.39484e-06 1.15006e-05 1.59873e-05 1.94488e-05 9.62239e-05 9.64829e-05 9.73229e-05 9.73153e-05 0.000134271 0.000121118 0.000110418 9.73769e-05
1.925 0 0 0 0 -3.77922e-05 -3.47077e-05 -3.02214e-05 -2.67394e-05 2.23072e-05 2.24522e-05 2.32916e-05 2.33965e-05 0.000112724 9.95874e-05 8.8888e-05 7.58303e-05
1.945 0 0 0 0 -1.74435e-05 -1.40805e-05 -9.59437e-06 -6.391e-06 -2.37394e-05 -2.37814e-05 -2.29421e-05 -2.26504e-05 6.88361e-05 5.57497e-05 4.50499e-05 3.1941e-05
1.965 0 0 0 0 -2.19926e-05 -1.86921e-05 -1.42059e-05 -1.094e-05 -4.68801e-05 -4.67745e-05 -4.59351e-05 -4.57909e-05 -4.22062e-05 -5.52867e-05 -6.59866e-05 -7.91015e-05
1.985 0 0 0 0 -6.66911e-05 -6.36072e-05 -5.91216e-05 -5.56394e-05 -0.000105234 -0.000104929 -0.000104092 -0.000104154 -0.000183155 -0.00019624 -0.00020694 -0.000220053
2.005 0 0 0 0 -7.53888e-05 -7.21238e-05 -6.76402e-05 -6.43451e-05 -0.000182023 -0.000181879 -0.000181044 -0.000180948 -0.000253312 -0.000266349 -0.00027705 -0.000290211
2.025 0 0 0 0 -4.11818e-05 -3.76382e-05 -3.3157e-05 -3.01459e-05 -0.000184884 -0.000184953 -0.000184116 -0.000183804 -0.000217222 -0.000230224 -0.000240925 -0.000254122
2.045 0 0 0 0 -3.77392e-05 -3.4412e-05 -2.99307e-05 -2.67032e-05 -0.000103773 -0.000103676 -0.00010284 -0.000102694 -0.000131645 -0.000144702 -0.000155403 -0.000168545
2.065 0 0 0 0 -5.75017e-05 -5.45183e-05 -5.00367e-05 -4.64651e-05 -2.67569e-05 -2.64476e-05 -2.56115e-05 -2.56785e-05 -3.56244e-05 -4.87526e-05 -5.94539e-05 -7.25248e-05
2.085 0 0 0 0 -2.76904e-07 2.95782e-06 7.43951e-06 1.07599e-05 4.17358e-05 4.1849e-05 4.26852e-05 4.28141e-05 0.000102371 8.92497e-05 7.85484e-05 6.54709e-05
2.105 0 0 0 0 7.83533e-05 8.19014e-05 8.63832e-05 8.9391e-05 0.000124618 0.000124553 0.000125389 0.000125696 0.000225233 0.000212124 0.000201423 0.000188332
2.125 0 0 0 0 8.55612e-05 8.8888e-05 9.33673e-05 9.65904e-05 0.000199527 0.000199676 0.000200512 0.000200604 0.000268395 0.000255237 0.000244535 0.000231494
2.145 0 0 0 0 5.78254e-05 6.09229e-05 6.5401e-05 6.885e-05 0.000205319 0.000205627 0.000206464 0.000206397 0.000253894 0.000240705 0.000230003 0.000216992
2.165 0 0 0 0 8.9403e-05 9.28288e-05 9.73073e-05 0.000100429 0.000177929 0.000177992 0.000178828 0.000179007 0.000257672 0.000244533 0.000233831 0.00022077
2.185 0 0 0 0 9.82631e-05 0.000101843 0.000106323 0.000109291 0.000148794 0.000148747 0.000149583 0.000149871 0.000232887 0.000219777 0.000209075 0.000195986
2.205 0 0 0 0 4.34452e-05 4.66974e-05 5.11765e-05 5.44725e-05 0.00011948 0.000119664 0.0001205 0.000120558 0.000157158 0.000144017 0.000133315 0.000120256
2.225 0 0 0 0 1.42117e-05 1.73634e-05 2.18424e-05 2.52387e-05 8.06063e-05 8.08531e-05 8.16891e-05 8.1684e-05 9.58949e-05 8.27544e-05 7.20526e-05 5.89934e-05
2.245 0 0 0 0 2.5554e-05 2.89589e-05 3.34379e-05 3.65809e-05 2.96122e-05 2.96598e-05 3.04957e-05 3.06899e-05 6.2989e-05 4.98965e-05 3.91948e-05 2.60876e-05
2.265 0 0 0 0 -1.46433e-05 -1.1299e-05 -6.82004e-06 -3.61636e-06 -3.87498e-05 -3.87076e-05 -3.78716e-05 -3.76721e-05 -8.76714e-06 -2.18464e-05 -3.25482e-05 -4.56687e-05
2.285 0 0 0 0 -8.69039e-05 -8.38523e-05 -7.93732e-05 -7.58767e-05 -0.000111608 -0.000111403 -0.000110567 -0.00011053 -0.000114262 -0.000127355 -0.000138057 -0.000151164
2.305 0 0 0 0 -0.000100838 -9.77286e-05 -9.32487e-05 -8.98091e-05 -0.00016935 -0.000169186 -0.00016835 -0.000168273 -0.000192321 -0.000205387 -0.000216089 -0.000229223
2.325 0 0 0 0 -7.07189e-05 -6.73557e-05 -6.28758e-05 -5.96896e-05 -0.000191508 -0.000191477 -0.000190641 -0.000190431 -0.000228717 -0.000241742 -0.000252443 -0.000265619
2.345 0 0 0 0 -0.000129354 -0.000126233 -0.000121755 -0.00011833 -0.000248853 -0.00024869 -0.000247854 -0.000247776 -0.000310338 -0.000323375 -0.000334077 -0.00034724
2.365 0 0 0 0 -0.000191045 -0.000188126 -0.000183647 -0.000180022 -0.000318294 -0.000318063 -0.000317228 -0.000317219 -0.000381062 -0.000394104 -0.000404806 -0.000417965
2.385 0 0 0 0 -9.72796e-05 -9.38974e-05 -8.9419e-05 -8.62567e-05 -0.000261192 -0.000261207 -0.000260372 -0.000260118 -0.000306779 -0.000319777 -0.000330479 -0.000343681
2.405 0 0 0 0 4.13319e-05 4.50097e-05 4.94872e-05 5.23522e-05 -6.12855e-05 -6.13172e-05 -6.04819e-05 -6.02103e-05 -0.000118776 -0.000131796 -0.000142499 -0.000155678
2.425 0 0 0 0 1.55843e-05 1.86926e-05 2.31699e-05 2.66042e-05 7.45715e-05 7.4927e-05 7.57621e-05 7.56462e-05 2.81366e-05 1.4997e-05 4.29486e-06 -8.76543e-06
2.445 0 0 0 0 -6.67891e-05 -6.40129e-05 -5.95361e-05 -5.57706e-05 5.22306e-05 5.25792e-05 5.34148e-05 5.33061e-05 0.000127226 0.000114039 0.000103337 9.03236e-05
2.465 0 0 0 0 -6.09989e-05 -5.78093e-05 -5.33322e-05 -4.99792e-05 -2.38305e-05 -2.39443e-05 -2.31124e-05 -2.27671e-05 0.000174398 0.000161273 0.000150568 0.000137485
2.485 0 0 0 0 2.13263e-05 2.48554e-05 2.93327e-05 3.23464e-05 1.57475e-05 1.55664e-05 1.63987e-05 1.68116e-05 0.000147832 0.000134746 0.000124042 0.00011092
2.505 0 0 0 0 0.000139267 0.000142791 0.000147268 0.000150287 0.000197978 0.000198202 0.000199034 0.000199042 0.000134319 0.000121191 0.000110488 9.74072e-05
2.525 0 0 0 0 0.000169704 0.000173086 0.000177561 0.000180715 0.000284956 0.000285399 0.000286229 0.000286013 0.000159961 0.000146793 0.000136087 0.000123042
2.545 0 0 0 0 0.000143841 0.000147381 0.000151856 0.000154853 0.00023929 0.00023938 0.00024021 0.000240347 0.000276323 0.000263177 0.000252472 0.000239405
2.565 0 0 0 0 0.000110188 0.000113776 0.000118252 0.000121202 0.000220387 0.000220182 0.000221012 0.000221442 0.000433136 0.000419988 0.000409283 0.000396218
2.585 0 0 0 0 3.61372e-05 3.91816e-05 4.36573e-05 4.71488e-05 0.000241259 0.000241352 0.000242177 0.0002423 0.000461583 0.000448354 0.000437648 0.000424663
2.605 0 0 0 0 3.55663e-05 3.84662e-05 4.29404e-05 4.65732e-05 0.000250834 0.00025115 0.000251977 0.000251879 0.000377325 0.00036408 0.000353374 0.000340403
2.625 0 0 0 0 0.000109192 0.000112652 0.000117127 0.000120198 0.000191956 0.000192041 0.000192868 0.000193001 0.000235885 0.000222741 0.000212035 0.000198964
2.645 0 0 0 0 0.000192654 0.000196638 0.000201114 0.000203667 0.000174782 0.000174669 0.000175495 0.000175826 0.00014904 0.000135976 0.00012527 0.000112118
2.665 0 0 0 0 0.000105509 0.000108985 0.000113461 0.000116521 0.000138206 0.000138411 0.000139238 0.00013925 7.14343e-05 5.83171e-05 4.76107e-05 3.45121e-05
2.685 0 0 0 0 -8.59969e-05 -8.3227e-05 -7.87512e-05 -7.49852e-05 -1.60256e-05 -1.56326e-05 -1.48062e-05 -1.49818e-05 -1.08933e-05 -2.40632e-05 -3.47695e-05 -4.78153e-05
2.705 0 0 0 0 -0.000192684 -0.000189808 -0.000185332 -0.000181672 -0.000232294 -0.000232281 -0.000231455 -0.00023125 -0.00010131 -0.000114409 -0.000125116 -0.000138232
2.725 0 0 0 0 -0.000230553 -0.000227449 -0.000222976 -0.000219553 -0.00040165 -0.000401831 -0.000401005 -0.000400606 -0.000300363 -0.000313377 -0.000324083 -0.000337286
2.745 0 0 0 0 -0.000216041 -0.000212981 -0.000208508 -0.000205042 -0.000441362 -0.00044123 -0.000440406 -0.000440325 -0.000558068 -0.000571058 -0.000581764 -0.000594991
2.765 0 0 0 0 -0.000127663 -0.000124407 -0.000119936 -0.000116668 -0.00038567 -0.000385354 -0.000384538 -0.000384664 -0.000684486 -0.000697454 -0.000708166 -0.000721428
2.785 0 0 0 0 -6.82424e-05 -6.47048e-05 -6.02343e-05 -5.72513e-05 -0.000337866 -0.000337719 -0.000336904 -0.000336862 -0.000607394 -0.000620341 -0.000631052 -0.000644334
2.805 0 0 0 0 -0.000167903 -0.00016473 -0.00016026 -0.000156911 -0.000360948 -0.000360883 -0.000360068 -0.000359946 -0.000445149 -0.000458153 -0.000468865 -0.00048209
2.825 0 0 0 0 -0.000294136 -0.000291519 -0.000287046 -0.000283136 -0.000382087 -0.000381987 -0.000381173 -0.000381087 -0.000287124 -0.000300211 -0.000310923 -0.000324065
2.845 0 0 0 0 -0.000225605 -0.000222802 -0.000218329 -0.000214606 -0.000278403 -0.000278402 -0.000277587 -0.000277402 -0.000140173 -0.000153271 -0.000163982 -0.000177115
2.865 0 0 0 0 -1.83743e-05 -1.50042e-05 -1.05313e-05 -7.37601e-06 -6.15158e-05 -6.15218e-05 -6.07074e-05 -6.0515e-05 -3.93227e-05 -5.24018e-05 -6.31132e-05 -7.6264e-05
2.885 0 0 0 0 0.00013528 0.000138858 0.000143331 0.000146279 0.000148497 0.000148713 0.000149527 0.000149498 3.14818e-05 1.83769e-05 7.66511e-06 -5.4602e-06
2.905 0 0 0 0 0.000130587 0.000133977 0.00013845 0.000141586 0.00020865 0.000208976 0.00020979 0.00020965 0.00011418 0.000101029 9.03179e-05 7.72383e-05
2.925 0 0 0 0 5.92622e-05 6.25686e-05 6.70419e-05 7.02613e-05 0.000153729 0.000153796 0.00015461 0.00015473 0.000245332 0.000232172 0.000221461 0.00020839
2.945 0 0 0 0 2.00829e-06 5.24521e-06 9.7184e-06 1.30071e-05 0.000108424 0.000108293 0.000109108 0.000109425 0.000342726 0.000329559 0.000318848 0.000305785
2.965 0 0 0 0 1.12501e-06 4.21046e-06 8.68363e-06 1.21238e-05 0.000138355 0.000138392 0.000139207 0.000139355 0.000327354 0.000314161 0.00030345 0.000290412
2.985 0 0 0 0 0.000107637 0.000110954 0.000115427 0.000118636 0.000233438 0.000233628 0.000234442 0.000234439 0.00027154 0.000258361 0.00024765 0.000234598
3.005 0 0 0 0 0.000266068 0.000269951 0.000274423 0.000277065 0.000352256 0.000352347 0.000353161 0.000353256 0.000294162 0.00028103 0.000270318 0.000257219
3.025 0 0 0 0 0.000320316 0.0003243 0.000328771 0.000331308 0.000447537 0.000447588 0.000448402 0.000448535 0.000418885 0.000405735 0.000395022 0.000381941
3.045 0 0 0 0 0.000197239 0.000200594 0.000205065 0.00020823 0.000442737 0.00044293 0.000443743 0.000443735 0.000554262 0.000541018 0.000530306 0.000517319
3.065 0 0 0 0 3.24453e-05 3.52803e-05 3.97499e-05 4.343e-05 0.000322093 0.000322247 0.000323057 0.000323078 0.000600743 0.000587451 0.000576738 0.000563797
3.085 0 0 0 0 -4.08487e-05 -3.79247e-05 -3.34549e-05 -2.98633e-05 0.000148833 0.00014877 0.000149579 0.000149814 0.000464914 0.00045168 0.000440966 0.000427962
3.105 0 0 0 0 -3.52109e-05 -3.20055e-05 -2.75356e-05 -2.42249e-05 -4.04347e-06 -4.09069e-06 -3.28159e-06 -3.06285e-06 0.000125822 0.000112688 0.000101973 8.8868e-05
3.125 0 0 0 0 -1.91911e-05 -1.58279e-05 -1.13583e-05 -8.20577e-06 -0.0001321 -0.000131905 -0.000131097 -0.000131121 -0.000286669 -0.000299719 -0.000310433 -0.000323622
3.145 0 0 0 0 -6.74103e-05 -6.40127e-05 -5.95431e-05 -5.64251e-05 -0.000304633 -0.000304354 -0.000303545 -0.000303653 -0.000606126 -0.000619105 -0.00062982 -0.000643078
3.165 0 0 0 0 -0.000186905 -0.00018359 -0.000179121 -0.000175923 -0.000509399 -0.000509311 -0.000508501 -0.000508416 -0.000739157 -0.00075209 -0.000762804 -0.00077611
3.185 0 0 0 0 -0.000277985 -0.000274842 -0.000270378 -0.00026702 -0.000590919 -0.000591008 -0.000590198 -0.000589936 -0.00066996 -0.000682903 -0.000693618 -0.000706914
3.205 0 0 0 0 -0.000311006 -0.000308208 -0.000303744 -0.00030004 -0.000521437 -0.000521394 -0.000520584 -0.000520454 -0.00052873 -0.000541747 -0.000552461 -0.000565684
3.225 0 0 0 0 -0.000179446 -0.000176499 -0.000172035 -0.00016848 -0.000291306 -0.000291175 -0.000290365 -0.000290323 -0.000313989 -0.000327056 -0.000337771 -0.000350944
3.245 0 0 0 0 1.87006e-05 2.20903e-05 2.65544e-05 2.96662e-05 -1.83474e-05 -1.8247e-05 -1.74371e-05 -1.73644e-05 -6.78051e-05 -8.08951e-05 -9.16099e-05 -0.000104759
3.265 0 0 0 0 0.000118835 0.000122318 0.000126782 0.000129801 0.000178236 0.00017837 0.00017918 0.000179219 0.000156522 0.000143382 0.000132667 0.000119568
3.285 0 0 0 0 0.000106011 0.000109271 0.000113735 0.000116977 0.00026256 0.000262725 0.000263535 0.000263543 0.00034278 0.000329576 0.000318861 0.000305826
3.305 0 0 0 0 9.61933e-05 9.94194e-05 0.000103884 0.000107159 0.000298366 0.000298405 0.000299215 0.000299349 0.000494327 0.000481097 0.000470382 0.000457373
3.325 0 0 0 0 7.01427e-05 7.33071e-05 7.77712e-05 8.11081e-05 0.00027216 0.000272177 0.000272987 0.000273144 0.000494817 0.000481585 0.00047087 0.000457863
3.345 0 0 0 0 9.70862e-05 0.000100376 0.00010484 0.000108052 0.000253745 0.000253805 0.000254615 0.000254728 0.000389888 0.000376686 0.000365971 0.000352934
3.365 0 0 0 0 0.000236744 0.000240546 0.00024501 0.00024771 0.00033867 0.000338685 0.000339495 0.000339653 0.000347484 0.000334335 0.00032362 0.00031053
3.385 0 0 0 0 0.000258483 0.000262237 0.000266702 0.000269449 0.00037974 0.000379901 0.000380711 0.000380723 0.000326168 0.000313003 0.000302288 0.000289213
3.405 0 0 0 0 1.06632e-05 1.35645e-05 1.80287e-05 2.16289e-05 0.000156022 0.000156391 0.000157201 0.000157005 0.000185337 0.000172121 0.000161406 0.000148383
3.425 0 0 0 0 -0.000241886 -0.000239307 -0.000234842 -0.000230921 -0.000227455 -0.000227373 -0.000226563 -0.000226472 -4.75592e-05 -6.07117e-05 -7.14266e-05 -8.45133e-05
3.445 0 0 0 0 -0.000257248 -0.000254111 -0.000249647 -0.000246282 -0.000456017 -0.000456351 -0.000455541 -0.000455034 -0.000304446 -0.00031745 -0.000328165 -0.0003414
3.465 0 0 0 0 -8.80579e-05 -8.44415e-05 -7.99774e-05 -7.70924e-05 -0.000360291 -0.000360403 -0.000359593 -0.000359307 -0.000501558 -0.000514504 -0.000525219 -0.000538512
3.485 0 0 0 0 3.51735e-06 6.91172e-06 1.13759e-05 1.44836e-05 -0.00018903 -0.000188537 -0.000187728 -0.000188054 -0.000588371 -0.000601379 -0.000612094 -0.000625332
3.505 0 0 0 0 -1.6376e-05 -1.30883e-05 -8.62388e-06 -5.40901e-06 -0.000155815 -0.000155399 -0.000154591 -0.00015484 -0.000446651 -0.000459692 -0.000470408 -0.000483614
3.525 0 0 0 0 -1.92103e-05 -1.56248e-05 -1.11602e-05 -8.24283e-06 -0.00012154 -0.000121788 -0.000120981 -0.000120568 -5.45522e-05 -6.75936e-05 -7.83098e-05 -9.15168e-05
3.545 0 0 0 0 3.34861e-05 3.69277e-05 4.13924e-05 4.44539e-05 0.000124946 0.000124625 0.000125431 0.000125917 0.000407075 0.00039392 0.000383203 0.00037011
3.565 0 0 0 0 0.00010599 0.000108823 0.000113287 0.000116955 0.000469013 0.000469301 0.000470108 0.000469987 0.000717557 0.000704217 0.0006935 0.000680592
3.585 0 0 0 0 0.000264079 0.000267148 0.0002716 0.000275005 0.000699384 0.000699775 0.000700585 0.000700363 0.000881707 0.000868335 0.000857617 0.000844739
3.605 0 0 0 0 0.000496911 0.000501102 0.000505554 0.000507835 0.00083308 0.000832928 0.000833736 0.000834055 0.00101762 0.00100436 0.00099364 0.000980653
3.625 0 0 0 0 0.00062499 0.000629518 0.00063397 0.000635904 0.000992319 0.000992096 0.000992904 0.000993292 0.00116399 0.00115072 0.00114 0.00112702
3.645 0 0 0 0 0.000527115 0.000530722 0.000535169 0.00053801 0.00108402 0.00108435 0.00108516 0.00108499 0.00126366 0.00125024 0.00123953 0.00122669
3.665 0 0 0 0 0.000329255 0.000332183 0.000336627 0.000340139 0.000934103 0.000934493 0.000935294 0.000935051 0.00125621 0.00124274 0.00123201 0.00121924
3.685 0 0 0 0 0.00015448 0.000157572 0.000162016 0.000165364 0.000557644 0.000557494 0.000558293 0.000558584 0.00102003 0.00100667 0.000995944 0.000983036
3.705 0 0 0 0 -8.01097e-05 -7.7175e-05 -7.27302e-05 -6.92237e-05 4.96405e-05 4.94507e-05 5.02499e-05 5.05795e-05 0.000374437 0.000361226 0.000350502 0.000337448
3.725 0 0 0 0 -0.000349995 -0.00034755 -0.000343105 -0.000339106 -0.000528707 -0.000528423 -0.000527625 -0.000527771 -0.000600627 -0.000613691 -0.000624414 -0.000637613
3.745 0 0 0 0 -0.000508204 -0.000505485 -0.000501056 -0.000497381 -0.00110755 -0.00110726 -0.00110647 -0.00110665 -0.00155265 -0.00156546 -0.00157619 -0.00158964
3.765 0 0 0 0 -0.00077063 -0.00076787 -0.000763473 -0.000759939 -0.00177084 -0.00177077 -0.00177 -0.00177002 -0.00240147 -0.00241407 -0.0024248 -0.0024385
3.785 0 0 0 0 -0.00112268 -0.00112051 -0.00111614 -0.00111212 -0.00236169 -0.00236167 -0.00236091 -0.00236091 -0.0030238 -0.00303629 -0.00304703 -0.00306084
3.805 0 0 0 0 -0.00139803 -0.00139653 -0.00139217 -0.00138755 -0.00273408 -0.00273397 -0.00273322 -0.00273331 -0.00336946 -0.00338192 -0.00339266 -0.0034065
3.825 0 0 0 0 -0.00150859 -0.00150735 -0.001503 -0.00149815 -0.00289109 -0.00289098 -0.00289022 -0.00289032 -0.00351481 -0.00352725 -0.00353799 -0.00355185
3.845 0 0 0 0 -0.00132315 -0.00132129 -0.00131695 -0.00131272 -0.00271148 -0.00271155 -0.00271079 -0.00271073 -0.00337289 -0.0033853 -0.00339604 -0.00340993
3.865 0 0 0 0 -0.000864597 -0.00086173 -0.000857388 -0.000854178 -0.00207144 -0.00207157 -0.00207082 -0.00207069 -0.00278692 -0.0027994 -0.00281014 -0.00282397
3.885 0 0 0 0 -0.000425969 -0.000422868 -0.000418527 -0.000415553 -0.0011664 -0.00116621 -0.00116546 -0.00116566 -0.00179538 -0.00180811 -0.00181885 -0.00183243
3.905 0 0 0 0 -0.000104951 -0.000102056 -9.77141e-05 -9.45321e-05 -0.00025264 -0.000252316 -0.000251566 -0.000251899 -0.000490391 -0.000503461 -0.000514205 -0.00052744
3.925 0 0 0 0 0.000247185 0.00025038 0.000254722 0.000257609 0.00063392 0.000633799 0.00063455 0.000634663 0.000979411 0.00096606 0.000955316 0.000942361
3.945 0 0 0 0 0.000812078 0.000816139 0.000820469 0.00082243 0.00171135 0.00171075 0.00171147 0.00171197 0.00247104 0.00245743 0.00244667 0.00243395
3.965 0 0 0 0 0.00162231 0.00162732 0.00163158 0.00163232 0.00312549 0.00312504 0.00312573 0.00312602 0.00396218 0.00394826 0.0039375 0.00392507
3.985 0 0 0 0 0.00247654 0.00248223 0.00248636 0.00248593 0.00465146 0.00465139 0.00465205 0.00465185 0.00549237 0.0054781 0.00546733 0.00545524
4.005 0 0 0 0 0.00308317 0.00308915 0.00309316 0.00309193 0.00588124 0.00588111 0.00588171 0.00588139 0.00701652 0.00700191 0.00699112 0.00697934
4.025 0 0 0 0 0.00331898 0.00332472 0.00332863 0.00332728 0.00662263 0.00662197 0.00662246 0.00662236 0.00833634 0.00832137 0.00831055 0.00829902
4.045 0 0 0 0 0.00319198 0.0031968 0.00320066 0.00320012 0.00682415 0.0068232 0.00682361 0.00682347 0.00902828 0.00901303 0.00900217 0.00899082
4.065 0 0 0 0 0.00271388 0.00271726 0.00272111 0.00272197 0.00628792 0.00628729 0.00628769 0.00628718 0.00855816 0.00854286 0.008532 0.00852068
4.085 0 0 0 0 0.00191366 0.00191593 0.00191978 0.00192173 0.00475745 0.00475705 0.00475743 0.00475666 0.00660233 0.00658739 0.00657653 0.00656484
4.105 0 0 0 0 0.000862528 0.000864444 0.000868285 0.000870586 0.00227493 0.00227434 0.0022747 0.00227411 0.00328434 0.00327018 0.00325932 0.00324684
4.125 0 0 0 0 -0.000404248 -0.000402674 -0.000398827 -0.000396119 -0.000778473 -0.000779194 -0.000778825 -0.000779286 -0.000893856 -0.000907027 -0.000917893 -0.00093136
4.145 0 0 0 0 -0.00189096 -0.00189076 -0.00188697 -0.00188307 -0.00402084 -0.0040213 -0.00402097 -0.00402185 -0.00530461 -0.00531686 -0.00532774 -0.00534217
4.165 0 0 0 0 -0.00333458 -0.0033363 -0.00333283 -0.00332836 -0.00702813 -0.00702875 -0.00702865 -0.00703008 -0.00920543 -0.00921694 -0.0092279 -0.00924327
4.185 0 0 0 0 -0.00444882 -0.00445182 -0.00444884 -0.00444425 -0.00936453 -0.00936584 -0.009366 -0.00936752 -0.0120499 -0.0120608 -0.0120718 -0.0120879
4.205 0 0 0 0 -0.00511076 -0.00511375 -0.005111 -0.00510554 -0.0106733 -0.0106749 -0.0106751 -0.0106767 -0.0136062 -0.0136169 -0.0136279 -0.0136444
4.225 0 0 0 0 -0.00526575 -0.00526913 -0.00526632 -0.00526023 -0.0108291 -0.0108304 -0.0108306 -0.0108325 -0.0138209 -0.0138315 -0.0138426 -0.0138591
4.245 0 0 0 0 -0.00481758 -0.00482073 -0.00481793 -0.00481225 -0.00988935 -0.00989053 -0.00989081 -0.00989283 -0.0126683 -0.0126792 -0.0126903 -0.0127065
4.265 0 0 0 0 -0.00381104 -0.00381303 -0.00381028 -0.00380617 -0.00797741 -0.00797893 -0.00797924 -0.00798098 -0.0102384 -0.0102498 -0.0102608 -0.0102766
4.285 0 0 0 0 -0.00257097 -0.00257216 -0.00256943 -0.00256664 -0.00537896 -0.00538053 -0.00538087 -0.00538263 -0.00690259 -0.00691466 -0.00692572 -0.0069408
4.305 0 0 0 0 -0.00126412 -0.00126498 -0.00126228 -0.00126038 -0.00243724 -0.00243864 -0.002439 -0.002441 -0.00306497 -0.00307793 -0.003089 -0.00310318
4.325 0 0 0 0 0.000253236 0.000253737 0.000256449 0.000256589 0.00068821 0.000686542 0.000686182 0.000684521 0.0010336 0.0010198 0.00100873 0.000995374
4.345 0 0 0 0 0.00175281 0.00175485 0.00175749 0.0017557 0.00369214 0.0036902 0.00368984 0.00368841 0.00489146 0.00487691 0.00486587 0.00485332
4.365 0 0 0 0 0.00301803 0.00302115 0.00302396 0.00302115 0.0063048 0.00630305 0.00630271 0.00630116 0.00812536 0.0081101 0.00809906 0.0080872
4.385 0 0 0 0 0.00405157 0.00405518 0.00405768 0.00405335 0.00835325 0.00835148 0.00835112 0.00834943 0.0106289 0.0106132 0.0106021 0.0105908
4.405 0 0 0 0 0.00466718 0.0046715 0.00467386 0.0046689 0.00956637 0.00956426 0.00956378 0.00956205 0.0121816 0.0121654 0.0121543 0.0121432
4.425 0 0 0 0 0.00464596 0.00464992 0.00465221 0.00464764 0.0097021 0.00969991 0.00969935 0.00969751 0.0124848 0.0124686 0.0124575 0.0124465
4.445 0 0 0 0 0.00412516 0.00412826 0.00413051 0.00412669 0.00880096 0.00879878 0.00879822 0.00879635 0.0114846 0.0114685 0.0114574 0.0114462
4.465 0 0 0 0 0.00340573 0.00340847 0.0034107 0.00340708 0.00716333 0.00716092 0.00716034 0.00715868 0.00938513 0.00936955 0.00935844 0.00934677
4.485 0 0 0 0 0.00253612 0.00253846 0.00254069 0.00253729 0.00506715 0.00506475 0.00506415 0.00506245 0.0064665 0.00645159 0.00644047 0.00642812
4.505 0 0 0 0 0.00153713 0.00153866 0.00154088 0.00153824 0.0027753 0.00277318 0.00277256 0.00277052 0.00322469 0.00321046 0.00319934 0.0031863
4.525 0 0 0 0 0.000421818 0.000422445 0.000424686 0.000423252 0.000431946 0.000430031 0.000429424 0.000427243 0.00013757 0.000123971 0.000112845 9.91602e-05
4.545 0 0 0 0 -0.000657636 -0.000657594 -0.000655299 -0.000655712 -0.00171229 -0.0017144 -0.00171499 -0.00171695 -0.00241455 -0.0024276 -0.00243872 -0.00245296
4.565 0 0 0 0 -0.00148175 -0.00148258 -0.00148034 -0.00147978 -0.00329432 -0.00329666 -0.00329727 -0.00329903 -0.00421913 -0.00423176 -0.00424287 -0.0042575
4.585 0 0 0 0 -0.0019671 -0.00196871 -0.00196648 -0.00196504 -0.00414443 -0.00414654 -0.00414714 -0.00414908 -0.00527265 -0.00528512 -0.00529624 -0.00531103
4.605 0 0 0 0 -0.00218031 -0.00218252 -0.00218029 -0.00217816 -0.00443323 -0.00443495 -0.00443555 -0.00443787 -0.0057001 -0.00571256 -0.00572367 -0.00573847
4.625 0 0 0 0 -0.00231981 -0.00232249 -0.00232025 -0.00231761 -0.00455005 -0.00455165 -0.00455225 -0.00455469 -0.00576418 -0.00577668 -0.00578779 -0.00580256
4.645 0 0 0 0 -0.00239748 -0.00240024 -0.002398 -0.00239526 -0.00461194 -0.0046138 -0.0046144 -0.00461658 -0.0056305 -0.005643 -0.00565411 -0.00566887
4.665 0 0 0 0 -0.00227618 -0.00227858 -0.00227634 -0.002274 -0.00442715 -0.00442929 -0.00442988 -0.00443179 -0.00532278 -0.0053353 -0.00534641 -0.00536115
4.685 0 0 0 0 -0.00189262 -0.00189444 -0.00189221 -0.00189055 -0.00382669 -0.00382873 -0.00382934 -0.00383136 -0.00476989 -0.00478251 -0.00479362 -0.00480827
4.705 0 0 0 0 -0.00135873 -0.00135998 -0.00135775 -0.00135682 -0.00290541 -0.00290719 -0.0029078 -0.00291011 -0.00388455 -0.00389736 -0.00390847 -0.00392292
4.725 0 0 0 0 -0.000888373 -0.000889277 -0.000887052 -0.000886576 -0.00193855 -0.00194028 -0.00194089 -0.00194326 -0.00269002 -0.0027031 -0.00271421 -0.0027284
4.745 0 0 0 0 -0.000715629 -0.000716954 -0.000714722 -0.000713902 -0.00124902 -0.00125083 -0.00125143 -0.00125373 -0.00150005 -0.00151342 -0.00152454 -0.00153843
4.765 0 0 0 0 -0.00073626 -0.000738214 -0.000735988 -0.000734564 -0.000901804 -0.000903761 -0.000904373 -0.000906487 -0.000651221 -0.000664829 -0.000675947 -0.00068961
4.785 0 0 0 0 -0.000439998 -0.00044112 -0.000438895 -0.000438317 -0.000478627 -0.000481022 -0.000481639 -0.00048333 -7.00607e-05 -8.3698e-05 -9.48157e-05 -0.00010845
4.805 0 0 0 0 0.000171274 0.000171593 0.000173799 0.000172821 0.000223988 0.000221599 0.000220983 0.000219284 0.000347618 0.000333995 0.000322878 0.000309231
4.825 0 0 0 0 0.00066163 0.00066244 0.000664645 0.00066312 0.000949569 0.000947834 0.000947225 0.00094488 0.00071946 0.000705719 0.000694598 0.000681064
4.845 0 0 0 0 0.000839129 0.000839828 0.000842064 0.000840617 0.00138999 0.00138843 0.00138782 0.00138529 0.0012573 0.0012434 0.00123228 0.0012189
4.865 0 0 0 0 0.000921889 0.000922845 0.000925071 0.000923319 0.00168609 0.00168375 0.00168314 0.0016814 0.00210776 0.00209377 0.00208265 0.00206936
4.885 0 0 0 0 0.00107542 0.00107645 0.00107867 0.00107678 0.00217506 0.00217226 0.00217164 0.00217033 0.00308174 0.00306757 0.00305646 0.00304336
4.905 0 0 0 0 0.00116244 0.00116251 0.00116471 0.00116373 0.0027058 0.00270376 0.00270314 0.00270108 0.00369776 0.0036833 0.00367219 0.00365939
4.925 0 0 0 0 0.00122264 0.00122237 0.00122458 0.00122396 0.00290617 0.0029046 0.00290398 0.00290143 0.00378355 0.00376899 0.00375788 0.00374518
4.945 0 0 0 0 0.001458 0.00145932 0.00146152 0.00145928 0.00284193 0.00283959 0.00283897 0.00283719 0.0036101 0.00359579 0.00358468 0.00357173
4.965 0 0 0 0 0.00177799 0.00178094 0.00178314 0.00177928 0.00292802 0.00292512 0.0029245 0.00292328 0.00350319 0.00348908 0.00347797 0.00346482
4.985 0 0 0 0 0.00180505 0.00180727 0.00180947 0.00180633 0.00315237 0.00315032 0.00314971 0.00314764 0.00352293 0.00350867 0.00349755 0.00348456
5.005 0 0 0 0 0.00148653 0.00148702 0.00148922 0.0014878 0.00308698 0.00308563 0.00308501 0.00308225 0.00360513 0.00359064 0.00357954 0.00356676
5.025 0 0 0 0 0.00109984 0.00109992 0.00110211 0.00110111 0.00257028 0.00256813 0.00256751 0.00256554 0.00356543 0.00355102 0.00353991 0.00352707
5.045 0 0 0 0 0.000860333 0.000860872 0.000863068 0.00086168 0.00198664 0.00198364 0.00198302 0.00198191 0.00316004 0.00314585 0.00313474 0.00312168
5.065 0 0 0 0 0.000741547 0.000741871 0.000744071 0.000742936 0.00161733 0.00161495 0.00161433 0.00161261 0.00229423 0.00228016 0.00226905 0.00225586
5.085 0 0 0 0 0.000613956 0.000613894 0.000616102 0.000615389 0.00120232 0.00120093 0.00120032 0.0011976 0.0011681 0.00115415 0.00114304 0.00112973
5.105 0 0 0 0 0.000213392 0.000213275 0.000215483 0.000214943 0.000270962 0.000269489 0.000268879 0.000266268 -5.31341e-05 -6.67931e-05 -7.79082e-05 -9.15172e-05
5.125 0 0 0 0 -0.000734806 -0.000735835 -0.000733582 -0.000732932 -0.00134446 -0.00134649 -0.0013471 -0.00134916 -0.00155159 -0.00156492 -0.00157603 -0.00158998
5.145 0 0 0 0 -0.0019446 -0.00194765 -0.00194543 -0.00194262 -0.00326555 -0.00326765 -0.00326824 -0.00327019 -0.00346421 -0.00347723 -0.00348834 -0.0035026
5.165 0 0 0 0 -0.00287321 -0.00287727 -0.002875 -0.00287089 -0.00505547 -0.00505737 -0.00505796 -0.00506012 -0.00572466 -0.00573725 -0.00574836 -0.00576304
5.185 0 0 0 0 -0.00336456 -0.00336817 -0.00336589 -0.00336201 -0.00655933 -0.0065611 -0.00656169 -0.00656395 -0.00809961 -0.00811161 -0.00812271 -0.00813797
5.205 0 0 0 0 -0.00355871 -0.00356123 -0.00355895 -0.00355602 -0.00764353 -0.00764525 -0.00764577 -0.00764802 -0.0100506 -0.010062 -0.0100731 -0.0100889
5.225 0 0 0 0 -0.00354481 -0.00354655 -0.00354428 -0.00354209 -0.00802699 -0.00802877 -0.00802931 -0.0080315 -0.0108568 -0.010868 -0.0108792 -0.0108952
5.245 0 0 0 0 -0.00336121 -0.00336302 -0.00336074 -0.00335858 -0.00753531 -0.00753712 -0.00753768 -0.00753987 -0.0101278 -0.0101392 -0.0101503 -0.0101662
5.265 0 0 0 0 -0.00297719 -0.00297967 -0.0029774 -0.0029748 -0.00622339 -0.00622523 -0.00622581 -0.00622802 -0.00802626 -0.00803818 -0.00804929 -0.00806464
5.285 0 0 0 0 -0.00233557 -0.00233857 -0.0023363 -0.00233352 -0.0043529 -0.00435485 -0.00435545 -0.00435762 -0.00516728 -0.0051799 -0.00519102 -0.00520567
5.305 0 0 0 0 -0.00113385 -0.00113564 -0.00113341 -0.00113218 -0.00192036 -0.0019227 -0.0019233 -0.00192513 -0.00194437 -0.00195762 -0.00196873 -0.00198276
5.325 0 0 0 0 0.000679117 0.000680091 0.000682318 0.000680643 0.00116142 0.00115883 0.00115823 0.00115674 0.00154271 0.00152888 0.00151775 0.0015043
5.345 0 0 0 0 0.00257701 0.00258034 0.00258247 0.00257816 0.00455962 0.00455746 0.00455688 0.00455493 0.00521317 0.0051986 0.0051875 0.0051748
5.365 0 0 0 0 0.00387894 0.0038829 0.00388515 0.00388048 0.00746597 0.00746446 0.00746387 0.00746132 0.0087843 0.00876884 0.00875772 0.00874591
5.385 0 0 0 0 0.00427296 0.00427599 0.00427825 0.00427458 0.00910013 0.00909846 0.00909791 0.00909555 0.0116154 0.0115992 0.0115881 0.0115771
5.405 0 0 0 0 0.00399886 0.00400069 0.00400291 0.00400035 0.00930213 0.00929925 0.00929844 0.00929654 0.0128932 0.0128766 0.0128654 0.0128545
5.425 0 0 0 0 0.00365624 0.00365797 0.00366018 0.00365764 0.00859633 0.00859296 0.0085922 0.00859079 0.0122319 0.0122154 0.0122042 0.0121931
5.445 0 0 0 0 0.00368382 0.00368715 0.00368937 0.00368519 0.00765617 0.007653 0.0076522 0.00765052 0.0100955 0.0100796 0.0100684 0.0100567
5.465 0 0 0 0 0.00367396 0.00367878 0.00368101 0.00367526 0.00650733 0.0065049 0.00650406 0.00650156 0.00732065 0.00730545 0.00729425 0.00728183
5.485 0 0 0 0 0.00263961 0.00264283 0.00264504 0.0026407 0.00441847 0.00441684 0.00441598 0.00441264 0.00432771 0.00431301 0.0043018 0.00428887
5.505 0 0 0 0 0.00074596 0.00074613 0.000748322 0.000747116 0.00140152 0.00139938 0.00139853 0.00139572 0.00149967 0.00148548 0.00147427 0.00146083
5.525 0 0 0 0 -0.000942862 -0.00094397 -0.000941729 -0.000941046 -0.00149153 -0.00149509 -0.00149594 -0.00149725 -0.000989287 -0.00100287 -0.00101408 -0.00102815
5.545 0 0 0 0 -0.00189091 -0.00189297 -0.00189073 -0.00188895 -0.00339466 -0.00339816 -0.003399 -0.00340034 -0.00337722 -0.00339028 -0.00340147 -0.00341602
5.565 0 0 0 0 -0.0023908 -0.00239386 -0.00239165 -0.00238868 -0.00459467 -0.00459644 -0.00459728 -0.00460032 -0.00585784 -0.00587058 -0.00588179 -0.00589667
5.585 0 0 0 0 -0.00282223 -0.00282531 -0.00282304 -0.00281983 -0.00586349 -0.00586449 -0.00586531 -0.00586903 -0.00811151 -0.00812379 -0.00813498 -0.0081503
5.605 0 0 0 0 -0.00326112 -0.00326303 -0.00326076 -0.00325854 -0.00720044 -0.00720273 -0.00720351 -0.00720594 -0.00955849 -0.00957021 -0.00958142 -0.00959732
5.625 0 0 0 0 -0.00371685 -0.00371898 -0.00371671 -0.00371415 -0.00796678 -0.00796983 -0.0079706 -0.00797224 -0.0100194 -0.0100309 -0.0100421 -0.0100582
5.645 0 0 0 0 -0.00409886 -0.00410331 -0.00410103 -0.00409612 -0.00793615 -0.0079382 -0.00793897 -0.00794162 -0.009772 -0.0097839 -0.0097951 -0.00981083
5.665 0 0 0 0 -0.00388768 -0.00389274 -0.00389046 -0.00388508 -0.00724364 -0.00724524 -0.00724602 -0.00724914 -0.00889458 -0.00890677 -0.00891797 -0.0089334
5.685 0 0 0 0 -0.00262781 -0.00262947 -0.00262721 -0.00262557 -0.00562455 -0.00562745 -0.00562824 -0.0056301 -0.00705527 -0.00706749 -0.0070787 -0.00709409
5.705 0 0 0 0 -0.000962992 -0.000961757 -0.000959521 -0.000961244 -0.00300009 -0.00300332 -0.00300414 -0.00300574 -0.00427221 -0.00428484 -0.00429604 -0.00431103
5.725 0 0 0 0 7.72893e-05 7.73022e-05 7.95692e-05 7.88561e-05 -0.000217138 -0.000218656 -0.00021948 -0.000222823 -0.00103543 -0.0010491 -0.00106032 -0.00107427
5.745 0 0 0 0 0.0003258 0.000323259 0.000325498 0.000327224 0.0015579 0.00155703 0.00155622 0.00155228 0.00199053 0.00197589 0.00196468 0.00195169
5.765 0 0 0 0 0.000460701 0.000458645 0.000460887 0.000462077 0.00225423 0.00225136 0.00225051 0.00224853 0.00417585 0.00416096 0.00414976 0.00413704
5.785 0 0 0 0 0.000932795 0.000932694 0.000934888 0.000934065 0.00275874 0.00275456 0.0027537 0.00275301 0.00502955 0.00501474 0.00500353 0.00499072
5.805 0 0 0 0 0.00146388 0.00146431 0.0014665 0.0014651 0.0033062 0.0033037 0.00330284 0.00330048 0.00446427 0.00444945 0.00443825 0.00442546
5.825 0 0 0 0 0.00178111 0.00178213 0.00178435 0.00178238 0.0033196 0.0033186 0.00331774 0.00331386 0.00322575 0.0032111 0.00319989 0.00318692
5.845 0 0 0 0 0.00177275 0.00177564 0.00177783 0.00177396 0.0025863 0.00258407 0.00258321 0.00258055 0.00228122 0.00226707 0.00225587 0.00224241
5.865 0 0 0 0 0.00148286 0.00148657 0.00148877 0.00148416 0.00190976 0.0019059 0.00190505 0.00190405 0.00213997 0.00212609 0.00211489 0.00210115
5.885 0 0 0 0 0.00155628 0.00155912 0.00156132 0.00155751 0.00250386 0.00250021 0.00249936 0.00249815 0.0031639 0.00314969 0.00313849 0.00312508
5.905 0 0 0 0 0.0022449 0.0022471 0.0022493 0.00224613 0.00430124 0.00429884 0.00429799 0.00429553 0.00516148 0.00514661 0.00513541 0.00512267
5.925 0 0 0 0 0.00322597 0.00322902 0.00323128 0.00322741 0.00632335 0.00632122 0.00632039 0.00631768 0.00760196 0.00758653 0.00757534 0.00756315
5.945 0 0 0 0 0.0040008 0.00400509 0.00400734 0.00400232 0.00788473 0.00788187 0.0078811 0.00787917 0.00989394 0.00987814 0.00986694 0.00985513
5.965 0 0 0 0 0.00418296 0.0041867 0.00418893 0.00418448 0.00870761 0.00870464 0.00870384 0.008702 0.0113567 0.0113405 0.0113293 0.0113179
5.985 0 0 0 0 0.00408715 0.00408994 0.00409217 0.00408865 0.00889314 0.0088905 0.0088897 0.00888753 0.0117592 0.0117428 0.0117316 0.0117204
6.005 0 0 0 0 0.00393831 0.00394126 0.00394349 0.00393978 0.0084135 0.00841082 0.00841002 0.00840788 0.0110215 0.0110053 0.0109941 0.0109827
6.025 0 0 0 0 0.00349609 0.00349923 0.00350146 0.00349745 0.00714082 0.0071381 0.00713729 0.00713517 0.00912247 0.00910676 0.00909556 0.00908365
6.045 0 0 0 0 0.00244098 0.00244281 0.00244503 0.00244213 0.00496532 0.00496296 0.00496213 0.0049596 0.00618176 0.00616661 0.00615541 0.00614293
6.065 0 0 0 0 0.000824477 0.000824089 0.000826288 0.000825624 0.00192734 0.00192521 0.00192435 0.00192154 0.00246823 0.00245378 0.00244258 0.00242941
6.085 0 0 0 0 -0.00114388 -0.00114599 -0.00114376 -0.00114201 -0.00180131 -0.00180356 -0.0018044 -0.00180694 -0.00188795 -0.00190152 -0.00191274 -0.00192681
6.105 0 0 0 0 -0.00330028 -0.00330461 -0.00330236 -0.00329788 -0.00595481 -0.00595709 -0.00595793 -0.00596045 -0.00689706 -0.0069096 -0.00692078 -0.00693584
6.125 0 0 0 0 -0.00545049 -0.00545686 -0.00545459 -0.0054474 -0.0102532 -0.010255 -0.0102557 -0.0102586 -0.0124103 -0.0124218 -0.012433 -0.0124491
6.145 0 0 0 0 -0.00712709 -0.00712813 -0.00712578 -0.00711564 -0.0140858 -0.0140876 -0.0140883 -0.0140909 -0.0176318 -0.0176421 -0.0176533 -0.0176709
6.165 0 0 0 0 -0.00779285 -0.00778225 -0.00777907 -0.00776711 -0.0164165 -0.0164171 -0.0164172 -0.0164167 -0.0211364 -0.0211455 -0.0211567 -0.0211757
6.185 0 0 0 0 -0.00736412 -0.00734952 -0.0073468 -0.00733807 -0.0165329 -0.0165327 -0.0165322 -0.0165293 -0.0217833 -0.021792 -0.0218032 -0.0218227
6.205 0 0 0 0 -0.00628706 -0.00627371 -0.00627097 -0.00626388 -0.014384 -0.0143839 -0.0143837 -0.0143818 -0.0192402 -0.0192495 -0.0192607 -0.0192797
6.225 0 0 0 0 -0.00529205 -0.00528487 -0.00528225 -0.00527404 -0.010979 -0.0109787 -0.0109791 -0.0109802 -0.0143827 -0.0143936 -0.014405 -0.0144225
6.245 0 0 0 0 -0.00439301 -0.00439215 -0.00438976 -0.00438038 -0.00746835 -0.00746912 -0.00747011 -0.00747327 -0.00865106 -0.0086638 -0.00867529 -0.00869112
6.265 0 0 0 0 -0.00294541 -0.00294692 -0.00294478 -0.00293807 -0.00406391 -0.0040671 -0.00406852 -0.00407147 -0.00330476 -0.00331862 -0.0033302 -0.00334498
6.285 0 0 0 0 -0.00039157 -0.000391938 -0.00039013 -0.000390317 -4.97434e-05 -5.47944e-05 -5.64075e-05 -5.86402e-05 0.00127572 0.00126124 0.00124965 0.0012355
6.305 0 0 0 0 0.00274252 0.00274416 0.00274467 0.0027364 0.00468538 0.00468087 0.00467899 0.00467548 0.00538358 0.00536851 0.00535701 0.00534361
6.325 0 0 0 0 0.00506034 0.00506467 0.00506558 0.00505582 0.00889195 0.00888909 0.00888716 0.00888153 0.00935683 0.00934072 0.00932918 0.00931674
6.345 0 0 0 0 0.00577393 0.00577829 0.00577912 0.00577158 0.011183 0.0111801 0.0111783 0.011173 0.0130689 0.0130519 0.0130404 0.0130289
6.365 0 0 0 0 0.00532568 0.00532817 0.00532888 0.00532326 0.0116061 0.0116011 0.011599 0.0115957 0.0157569 0.0157393 0.0157278 0.0157168
6.385 0 0 0 0 0.00450288 0.00450274 0.0045033 0.00449981 0.0110094 0.0110039 0.0110017 0.0109999 0.0162132 0.0161951 0.0161835 0.0161725
6.405 0 0 0 0 0.00387492 0.00387327 0.00387384 0.0038715 0.00969757 0.00969331 0.00969099 0.00968741 0.0138305 0.0138127 0.013801 0.0137897
6.425 0 0 0 0 0.00337566 0.00337532 0.00337591 0.00337165 0.00727378 0.00727005 0.00726758 0.00726249 0.00913853 0.00912183 0.00911017 0.00909773
6.445 0 0 0 0 0.00226436 0.00226544 0.00226625 0.00225975 0.00348312 0.00347936 0.00347706 0.00347272 0.00330697 0.00329185 0.00328016 0.00326612
6.465 0 0 0 0 -3.46954e-05 -3.14732e-05 -2.97624e-05 -3.22985e-05 -0.00127383 -0.00127662 -0.00127843 -0.00128191 -0.00258958 -0.00260338 -0.00261505 -0.00263042
6.485 0 0 0 0 -0.00315535 -0.00315215 -0.00315019 -0.00314564 -0.00634552 -0.00634767 -0.00634918 -0.00635189 -0.00802277 -0.0080356 -0.00804725 -0.00806357
6.505 0 0 0 0 -0.00597355 -0.00596951 -0.00596719 -0.00595622 -0.0109845 -0.0109863 -0.0109874 -0.0109889 -0.0128514 -0.0128633 -0.0128748 -0.012892
6.525 0 0 0 0 -0.00743965 -0.00743218 -0.00742959 -0.00741703 -0.0142514 -0.0142534 -0.014254 -0.0142536 -0.0168489 -0.0168597 -0.0168713 -0.0168896
6.545 0 0 0 0 -0.00743778 -0.00742664 -0.00742404 -0.0074136 -0.015515 -0.0155163 -0.0155167 -0.0155154 -0.0195047 -0.0195145 -0.0195259 -0.0195451
6.565 0 0 0 0 -0.00654408 -0.00653168 -0.00652922 -0.00652169 -0.0147995 -0.0147996 -0.0147999 -0.0147993 -0.0199661 -0.0199758 -0.0199872 -0.0200065
6.585 0 0 0 0 -0.00526146 -0.0052503 -0.00524805 -0.00524313 -0.0124762 -0.0124763 -0.0124769 -0.0124773 -0.0174317 -0.0174419 -0.0174534 -0.0174722
6.605 0 0 0 0 -0.00372142 -0.00371359 -0.00371156 -0.00370888 -0.00875705 -0.00875913 -0.00876024 -0.00876133 -0.0118719 -0.0118835 -0.0118951 -0.0119127
6.625 0 0 0 0 -0.00181486 -0.00181251 -0.00181074 -0.00180992 -0.00372115 -0.00372516 -0.00372702 -0.00372967 -0.00429506 -0.00430864 -0.00432038 -0.00433614
6.645 0 0 0 0 0.000536034 0.000532875 0.00053413 0.000534171 0.00212419 0.0021194 0.00211714 0.00211334 0.00368729 0.00367168 0.00365991 0.00364618
6.665 0 0 0 0 0.00331997 0.00331874 0.00331928 0.00331628 0.00788107 0.00787714 0.00787497 0.00787086 0.0107911 0.010774 0.0107624 0.0107504
6.685 0 0 0 0 0.00613022 0.00613408 0.00613441 0.00612844 0.0127213 0.0127171 0.0127148 0.0127114 0.0163595 0.0163414 0.0163297 0.0163185
6.705 0 0 0 0 0.0082882 0.0083015 0.00830323 0.0083073 0.0162184 0.0162153 0.0162139 0.0162115 0.0202203 0.0202015 0.0201899 0.0201794
6.725 0 0 0 0 0.00948274 0.00950517 0.0095083 0.00952391 0.0181929 0.0181909 0.0181901 0.0181883 0.0223995 0.0223802 0.0223687 0.0223587
6.745 0 0 0 0 0.00981368 0.00983909 0.00984233 0.00986163 0.0187242 0.0187224 0.0187218 0.0187206 0.0230674 0.0230479 0.0230364 0.0230265
6.765 0 0 0 0 0.00920197 0.00922531 0.00922842 0.00924712 0.0177757 0.0177738 0.0177731 0.0177718 0.0221017 0.0220824 0.0220708 0.0220608
6.785 0 0 0 0 0.00761113 0.00762912 0.00763182 0.00764897 0.0152233 0.0152214 0.0152205 0.0152183 0.0192304 0.0192116 0.0192 0.0191895
6.805 0 0 0 0 0.00553048 0.00554233 0.00554452 0.0055575 0.0113572 0.0113545 0.0113531 0.0113503 0.0146204 0.0146025 0.0145908 0.0145794
6.825 0 0 0 0 0.00346651 0.00347327 0.0034749 0.00348113 0.00684192 0.00683761 0.00683571 0.00683261 0.00883029 0.00881377 0.00880201 0.00878909
6.845 0 0 0 0 0.00143196 0.00143411 0.0014358 0.00143737 0.00224654 0.00224211 0.00223993 0.00223664 0.00254252 0.00252747 0.00251563 0.00250121
6.865 0 0 0 0 -0.000956208 -0.000954464 -0.000953223 -0.000954898 -0.00244226 -0.00244469 -0.00244655 -0.00245061 -0.00372897 -0.00374281 -0.0037546 -0.00377012
6.885 0 0 0 0 -0.00368345 -0.00368282 -0.00368207 -0.0036785 -0.00738786 -0.00738937 -0.00739076 -0.00739388 -0.00959773 -0.00961031 -0.00962194 -0.00963857
6.905 0 0 0 0 -0.00624984 -0.00624625 -0.00624536 -0.00623749 -0.0121822 -0.0121841 -0.0121851 -0.0121861 -0.0148163 -0.0148276 -0.0148393 -0.0148572
6.925 0 0 0 0 -0.00797797 -0.00797138 -0.00797029 -0.00796007 -0.0157796 -0.0157817 -0.0157824 -0.0157815 -0.0190647 -0.0190749 -0.0190863 -0.0191052
6.945 0 0 0 0 -0.00852964 -0.00851709 -0.00851567 -0.00850161 -0.0173258 -0.0173262 -0.0173265 -0.0173256 -0.0217311 -0.0217407 -0.0217522 -0.0217717
6.965 0 0 0 0 -0.00805199 -0.00804013 -0.00803939 -0.00802699 -0.0168769 -0.0168761 -0.0168764 -0.0168765 -0.0221127 -0.0221223 -0.0221337 -0.0221532
6.985 0 0 0 0 -0.00697204 -0.00696101 -0.00696014 -0.00695051 -0.0149875 -0.0149873 -0.0149878 -0.0149881 -0.019873 -0.019883 -0.0198944 -0.0199135
7.005 0 0 0 0 -0.00564929 -0.00564095 -0.00563994 -0.00563285 -0.0119423 -0.0119439 -0.0119448 -0.0119454 -0.0153259 -0.0153369 -0.0153485 -0.0153667
7.025 0 0 0 0 -0.00405027 -0.00404751 -0.00404674 -0.00404176 -0.00779407 -0.00779708 -0.00779865 -0.00780103 -0.00930488 -0.00931748 -0.00932914 -0.00934586
7.045 0 0 0 0 -0.0019035 -0.00190489 -0.00190392 -0.00190257 -0.00284609 -0.00284948 -0.00285163 -0.00285575 -0.00278868 -0.00280301 -0.00281483 -0.00282993
7.065 0 0 0 0 0.000808757 0.000809065 0.000811335 0.000816798 0.00230996 0.00230607 0.00230409 0.00230026 0.00343469 0.00341909 0.00340726 0.00339341
7.085 0 0 0 0 0.00362436 0.00363213 0.00363407 0.00364114 0.00712838 0.00712488 0.00712315 0.0071198 0.00892685 0.00891024 0.00889846 0.00888561
7.105 0 0 0 0 0.00585752 0.00587157 0.00587371 0.00588438 0.0110556 0.0110526 0.0110511 0.0110482 0.0134076 0.0133902 0.0133785 0.0133666
7.125 0 0 0 0 0.00698497 0.00700165 0.00700408 0.00701834 0.0135145 0.0135124 0.0135112 0.0135084 0.0165529 0.0165347 0.0165231 0.0165119
7.145 0 0 0 0 0.00699826 0.0070143 0.00701687 0.00703334 0.0141891 0.0141873 0.0141863 0.0141838 0.0179783 0.0179596 0.017948 0.0179372
7.165 0 0 0 0 0.00632936 0.0063433 0.00634571 0.00636152 0.0132627 0.0132603 0.0132592 0.0132571 0.017389 0.0173705 0.0173589 0.0173481
7.185 0 0 0 0 0.00536583 0.00537734 0.00537949 0.00539227 0.0111858 0.0111827 0.0111814 0.0111791 0.0147448 0.0147269 0.0147152 0.0147037
7.205 0 0 0 0 0.00410169 0.00410997 0.00411177 0.00412021 0.00819231 0.00818886 0.00818712 0.00818373 0.0103478 0.0103309 0.0103191 0.0103067
7.225 0 0 0 0 0.00230121 0.00230455 0.00230612 0.00230989 0.00424378 0.00424019 0.00423815 0.00423397 0.00481623 0.00480048 0.00478866 0.00477493
7.245 0 0 0 0 -0.000144796 -0.00014262 -0.000140886 -0.000139526 -0.000578593 -0.000581288 -0.000583275 -0.000587371 -0.00116759 -0.00118211 -0.00119398 -0.00120895
7.265 0 0 0 0 -0.00290836 -0.00290703 -0.00290676 -0.00290382 -0.0057428 -0.00574565 -0.00574755 -0.00575058 -0.00707433 -0.00708745 -0.00709914 -0.00711533
7.285 0 0 0 0 -0.00531417 -0.00530908 -0.00530814 -0.00529998 -0.0103284 -0.0103307 -0.0103319 -0.0103332 -0.0124288 -0.0124406 -0.0124522 -0.0124696
7.305 0 0 0 0 -0.00681971 -0.00681151 -0.00681024 -0.0067992 -0.0135411 -0.0135424 -0.0135432 -0.0135436 -0.0167141 -0.016725 -0.0167365 -0.0167548
7.325 0 0 0 0 -0.00740023 -0.00738993 -0.00738861 -0.00737689 -0.0151873 -0.0151876 -0.015188 -0.0151882 -0.0194215 -0.0194316 -0.0194431 -0.0194621
7.345 0 0 0 0 -0.00736082 -0.00734968 -0.00734845 -0.00733731 -0.0154579 -0.0154578 -0.0154583 -0.0154584 -0.0201326 -0.0201425 -0.0201539 -0.0201731
7.365 0 0 0 0 -0.00692435 -0.00691409 -0.00691291 -0.00690271 -0.0144804 -0.0144809 -0.0144814 -0.0144816 -0.0186864 -0.0186967 -0.0187082 -0.0187271
7.385 0 0 0 0 -0.00594168 -0.00593409 -0.00593306 -0.0059246 -0.0121091 -0.0121108 -0.0121117 -0.0121126 -0.0152015 -0.0152127 -0.0152242 -0.0152423
7.405 0 0 0 0 -0.00417143 -0.00416772 -0.00416695 -0.00416195 -0.0082671 -0.00826987 -0.00827133 -0.00827342 -0.0100975 -0.0101099 -0.0101215 -0.0101385
7.425 0 0 0 0 -0.00162862 -0.00162769 -0.00162683 -0.00162751 -0.00324176 -0.00324521 -0.00324728 -0.00325087 -0.00393796 -0.00395177 -0.00396354 -0.00397912
7.445 0 0 0 0 0.00130015 0.00130259 0.00130489 0.00130852 0.00233451 0.00233084 0.00232892 0.00232548 0.0027165 0.00270124 0.00268932 0.00267502
7.465 0 0 0 0 0.00422531 0.00423506 0.00423696 0.004244 0.0078963 0.00789279 0.007891 0.00788757 0.00949048 0.00947386 0.00946217 0.00944943
7.485 0 0 0 0 0.00670988 0.00672614 0.00672837 0.0067411 0.0128197 0.0128169 0.0128157 0.0128133 0.0157794 0.0157614 0.0157497 0.0157382
7.505 0 0 0 0 0.00840898 0.00842944 0.00843212 0.00844998 0.0165506 0.0165487 0.0165478 0.0165461 0.0207846 0.0207655 0.020754 0.0207439
7.525 0 0 0 0 0.00941622 0.00943832 0.00944117 0.00946287 0.0188616 0.0188617 0.0188616 0.0188619 0.023948 0.0239281 0.0239166 0.0239073
7.545 0 0 0 0 0.00985646 0.00988519 0.00989036 0.00992251 0.0197521 0.0197536 0.019754 0.0197551 0.0249906 0.0249705 0.0249593 0.0249505
7.565 0 0 0 0 0.00958053 0.00960758 0.00961144 0.00964185 0.0190497 0.0190513 0.0190515 0.0190518 0.0237781 0.0237581 0.0237467 0.0237375
7.585 0 0 0 0 0.00839241 0.00841554 0.00841867 0.0084444 0.0165351 0.0165357 0.0165354 0.0165348 0.0204402 0.020421 0.0204097 0.0203997
7.605 0 0 0 0 0.0064073 0.0064245 0.00642717 0.00644577 0.01248 0.0124788 0.012478 0.0124766 0.0154564 0.0154384 0.0154268 0.0154155
7.625 0 0 0 0 0.00382084 0.00382987 0.00383185 0.00384218 0.00743065 0.00742743 0.00742583 0.00742337 0.00930735 0.00929067 0.00927897 0.00926627
7.645 0 0 0 0 0.00081768 0.000817908 0.000819706 0.0008245 0.00180804 0.00180415 0.00180187 0.00179819 0.00236583 0.00235053 0.00233865 0.00232443
7.665 0 0 0 0 -0.00227084 -0.00227121 -0.00227056 -0.00226976 -0.00409611 -0.00409888 -0.004101 -0.00410556 -0.00493934 -0.00495319 -0.00496503 -0.00498062
7.685 0 0 0 0 -0.00494287 -0.00493812 -0.00493689 -0.0049299 -0.00970948 -0.00971214 -0.00971365 -0.00971602 -0.0119462 -0.0119581 -0.0119696 -0.0119868
7.705 0 0 0 0 -0.00697867 -0.00696915 -0.00696799 -0.00695767 -0.0142826 -0.0142846 -0.0142856 -0.0142861 -0.0179306 -0.0179411 -0.0179527 -0.0179715
7.725 0 0 0 0 -0.00847024 -0.00845838 -0.00845734 -0.00844386 -0.0174207 -0.0174212 -0.0174219 -0.017422 -0.0222798 -0.0222892 -0.0223006 -0.0223202
7.745 0 0 0 0 -0.00934679 -0.0093224 -0.00931883 -0.00929605 -0.0190182 -0.0190166 -0.0190163 -0.0190151 -0.0243906 -0.0243996 -0.024411 -0.0244311
7.765 0 0 0 0 -0.00954586 -0.00952082 -0.00951798 -0.00949376 -0.0191041 -0.0191034 -0.0191034 -0.0191022 -0.0240767 -0.0240857 -0.0240969 -0.0241168
7.785 0 0 0 0 -0.00906149 -0.00903929 -0.00903693 -0.00901391 -0.0176634 -0.0176637 -0.0176639 -0.0176631 -0.0217087 -0.0217185 -0.0217299 -0.0217494
7.805 0 0 0 0 -0.0077236 -0.00770659 -0.00770465 -0.0076852 -0.0146891 -0.0146902 -0.0146908 -0.0146915 -0.0177925 -0.0178032 -0.0178147 -0.0178331
7.825 0 0 0 0 -0.00539978 -0.00538855 -0.00538711 -0.0053748 -0.0103431 -0.0103451 -0.0103464 -0.0103486 -0.0126452 -0.0126571 -0.0126688 -0.0126862
7.845 0 0 0 0 -0.00238977 -0.00238439 -0.00238357 -0.00238108 -0.00504501 -0.00504821 -0.00505018 -0.00505383 -0.00651605 -0.00652923 -0.006541 -0.00655722
7.865 0 0 0 0 0.000673423 0.000677648 0.000679697 0.000682577 0.000648567 0.000644936 0.000642788 0.000639097 0.000278789 0.000264104 0.000252161 0.000237262
7.885 0 0 0 0 0.00323094 0.00323816 0.00323907 0.00324683 0.00609559 0.0060924 0.00609049 0.00608707 0.0072117 0.00719547 0.00718371 0.00717054
7.905 0 0 0 0 0.00528185 0.00529482 0.00529686 0.00531374 0.010798 0.010797 0.0107959 0.0107939 0.0136335 0.0136158 0.0136041 0.0135927
7.925 0 0 0 0 0.00706453 0.00708302 0.00708581 0.00710895 0.0145672 0.0145669 0.0145665 0.0145662 0.0188261 0.0188072 0.0187958 0.0187856
7.945 0 0 0 0 0.00849282 0.00851593 0.00851917 0.00854623 0.0172361 0.0172365 0.0172365 0.017237 0.0220844 0.0220648 0.0220534 0.0220438
7.965 0 0 0 0 0.00927967 0.00930523 0.00930858 0.00933734 0.0184838 0.0184851 0.0184851 0.0184851 0.023102 0.0230822 0.0230709 0.0230616
7.985 0 0 0 0 0.00915951 0.00918485 0.00918815 0.00921558 0.0179367 0.0179379 0.0179378 0.0179372 0.0220121 0.0219925 0.0219811 0.0219715
8.005 0 0 0 0 0.00799155 0.00801343 0.0080163 0.00803918 0.0155202 0.0155201 0.0155196 0.0155187 0.0190942 0.0190754 0.0190639 0.0190536
8.025 0 0 0 0 0.00588326 0.00589826 0.00590047 0.00591721 0.0116099 0.0116082 0.0116071 0.0116056 0.0145989 0.0145811 0.0145695 0.014558
8.045 0 0 0 0 0.00314251 0.00314811 0.00314951 0.00315939 0.00667293 0.00666994 0.00666816 0.00666514 0.00871464 0.00869792 0.00868619 0.00867352
8.065 0 0 0 0 0.000263362 0.000263117 0.000264943 0.000270736 0.00115465 0.00115092 0.00114856 0.00114466 0.00184105 0.00182574 0.00181385 0.00179964
8.085 0 0 0 0 -0.00229152 -0.00228683 -0.00228588 -0.00228336 -0.00440239 -0.00440528 -0.00440728 -0.00441103 -0.00531848 -0.00533211 -0.00534395 -0.00535979
8.105 0 0 0 0 -0.00444295 -0.00442977 -0.00442805 -0.00441929 -0.00937359 -0.0093759 -0.00937698 -0.00937822 -0.0119422 -0.0119539 -0.0119654 -0.0119828
8.125 0 0 0 0 -0.00635511 -0.00633658 -0.00633451 -0.00632019 -0.0133384 -0.0133391 -0.0133396 -0.0133398 -0.0172671 -0.0172777 -0.0172892 -0.0173079
8.145 0 0 0 0 -0.00801946 -0.00799847 -0.00799625 -0.00797644 -0.0162074 -0.0162068 -0.0162071 -0.0162072 -0.0207652 -0.0207751 -0.0207865 -0.0208057
8.165 0 0 0 0 -0.00902186 -0.00899933 -0.00899692 -0.00897394 -0.0177609 -0.0177605 -0.0177606 -0.0177599 -0.0221481 -0.0221577 -0.0221691 -0.0221886
8.185 0 0 0 0 -0.00899872 -0.00897615 -0.00897369 -0.00895097 -0.0175936 -0.0175942 -0.0175943 -0.0175931 -0.0214996 -0.0215092 -0.0215206 -0.02154
8.205 0 0 0 0 -0.00801402 -0.00799453 -0.00799234 -0.00797242 -0.0156376 -0.0156384 -0.0156388 -0.0156386 -0.0191987 -0.0192089 -0.0192204 -0.0192393
8.225 0 0 0 0 -0.006304 -0.00628972 -0.00628802 -0.00627294 -0.0123379 -0.0123386 -0.0123395 -0.0123412 -0.0155275 -0.0155388 -0.0155503 -0.0155683
8.245 0 0 0 0 -0.00407649 -0.00406735 -0.0040662 -0.00405818 -0.00823809 -0.00824004 -0.00824157 -0.00824449 -0.0106038 -0.0106161 -0.0106278 -0.0106448
8.265 0 0 0 0 -0.00164786 -0.00164266 -0.00164156 -0.0016415 -0.0036593 -0.00366287 -0.00366499 -0.0036687 -0.00472849 -0.00474205 -0.00475387 -0.00476976
8.285 0 0 0 0 0.000637286 0.000640674 0.000642808 0.000646892 0.00115533 0.00115157 0.0011496 0.00114664 0.00150179 0.00148679 0.00147486 0.0014603
8.305 0 0 0 0 0.00266309 0.00266803 0.00266933 0.0026786 0.0057704 0.00576764 0.00576553 0.00576196 0.00741656 0.00740009 0.00738837 0.00737549
8.325 0 0 0 0 0.00458951 0.00460008 0.00460212 0.00461808 0.0097248 0.00972351 0.00972222 0.0097198 0.0124898 0.0124722 0.0124605 0.0124488
8.345 0 0 0 0 0.00634008 0.00635678 0.00635928 0.00637863 0.0127538 0.0127527 0.0127519 0.0127511 0.0162595 0.0162413 0.0162298 0.0162189
8.365 0 0 0 0 0.00745006 0.00747051 0.00747334 0.00749512 0.0146332 0.0146326 0.0146321 0.0146316 0.0183222 0.0183036 0.0182921 0.0182815
8.385 0 0 0 0 0.00762601 0.00764652 0.0076494 0.00767262 0.0150707 0.015071 0.0150705 0.0150692 0.0185878 0.018569 0.0185576 0.0185472
8.405 0 0 0 0 0.00700349 0.00702188 0.00702458 0.00704617 0.0139424 0.0139423 0.0139416 0.0139401 0.0172679 0.0172494 0.0172379 0.0172272
8.425 0 0 0 0 0.00575471 0.00576945 0.0057717 0.00578858 0.011458 0.0114564 0.0114554 0.011454 0.0145017 0.0144838 0.0144723 0.0144608
8.445 0 0 0 0 0.00400544 0.00401456 0.00401626 0.00402763 0.0080722 0.00806926 0.00806771 0.00806558 0.0104006 0.0103837 0.010372 0.0103596
8.465 0 0 0 0 0.00200129 0.00200357 0.00200501 0.00201161 0.00417885 0.00417513 0.00417311 0.00416972 0.00532855 0.0053126 0.00530077 0.00528726
8.485 0 0 0 0 7.19839e-05 7.50271e-05 7.69781e-05 8.06522e-05 9.82913e-05 9.50548e-05 9.30045e-05 8.92358e-05 -3.68922e-05 -5.16647e-05 -6.35752e-05 -7.83305e-05
8.505 0 0 0 0 -0.00165178 -0.00164544 -0.00164416 -0.00164384 -0.00380305 -0.00380652 -0.00380874 -0.00381223 -0.00504197 -0.00505535 -0.00506712 -0.00508305
8.525 0 0 0 0 -0.00322268 -0.00321272 -0.00321156 -0.00320647 -0.00708947 -0.00709239 -0.00709382 -0.00709573 -0.0091907 -0.00920306 -0.00921472 -0.00923162
8.545 0 0 0 0 -0.00446158 -0.00444923 -0.00444771 -0.0044385 -0.00932308 -0.00932499 -0.00932617 -0.00932784 -0.0119871 -0.011999 -0.0120106 -0.012028
8.565 0 0 0 0 -0.00506964 -0.00505658 -0.00505493 -0.00504365 -0.0103084 -0.0103099 -0.010311 -0.0103127 -0.0131152 -0.0131268 -0.0131384 -0.013156
8.585 0 0 0 0 -0.00499326 -0.00498053 -0.00497894 -0.00496795 -0.0100816 -0.0100835 -0.0100847 -0.0100862 -0.0126471 -0.0126588 -0.0126704 -0.012688
8.605 0 0 0 0 -0.00435219 -0.00434149 -0.00434008 -0.00433096 -0.00873973 -0.00874219 -0.0087436 -0.00874558 -0.0108731 -0.0108853 -0.0108969 -0.010914
8.625 0 0 0 0 -0.00319675 -0.00318967 -0.00318856 -0.00318271 -0.00640944 -0.00641223 -0.00641394 -0.00641699 -0.00802431 -0.00803719 -0.00804892 -0.00806539
8.645 0 0 0 0 -0.00161176 -0.00160662 -0.00160504 -0.00160403 -0.00335352 -0.00335662 -0.00335875 -0.00336269 -0.00431548 -0.00432923 -0.00434105 -0.00435672
8.665 0 0 0 0 0.000105613 0.000109437 0.000111581 0.000114682 1.09493e-05 7.59239e-06 5.57392e-06 2.00252e-06 -0.000129052 -0.000143702 -0.000155591 -0.000170417
8.685 0 0 0 0 0.00162229 0.0016243 0.00162618 0.00163235 0.00325512 0.00325149 0.00324941 0.0032461 0.00404435 0.00402876 0.00401693 0.00400306
8.705 0 0 0 0 0.00279615 0.00280151 0.0028033 0.00281281 0.00596752 0.00596483 0.00596309 0.00595987 0.00766944 0.00765295 0.00764124 0.00762839
8.725 0 0 0 0 0.00363452 0.00364229 0.00364425 0.00365727 0.00783444 0.00783239 0.00783092 0.00782832 0.0102278 0.0102107 0.010199 0.0101868
8.745 0 0 0 0 0.00413734 0.00414679 0.00414874 0.00416278 0.00873503 0.00873302 0.00873166 0.00872949 0.0113726 0.0113554 0.0113437 0.0113317
8.765 0 0 0 0 0.00426654 0.00427665 0.00427858 0.00429189 0.00869864 0.00869647 0.00869507 0.00869278 0.0110734 0.0110562 0.0110446 0.0110324
8.785 0 0 0 0 0.00391627 0.00392547 0.00392729 0.00393857 0.00773224 0.00772976 0.00772818 0.0077253 0.00954366 0.00952687 0.00951517 0.00950261
8.805 0 0 0 0 0.00294021 0.0029463 0.00294787 0.00295599 0.0057755 0.00577242 0.00577066 0.00576739 0.00702032 0.00700405 0.00699228 0.00697914
8.825 0 0 0 0 0.0013313 0.00133223 0.00133426 0.00134084 0.00287163 0.00286811 0.00286599 0.00286242 0.00365522 0.00363966 0.00362784 0.00361398
8.845 0 0 0 0 -0.000566779 -0.000564281 -0.000562064 -0.000557655 -0.000611065 -0.000614506 -0.000616513 -0.000620005 -0.000340291 -0.000355075 -0.000366955 -0.000381649
8.865 0 0 0 0 -0.00221474 -0.00221037 -0.00220919 -0.00220616 -0.00404325 -0.00404662 -0.00404866 -0.00405205 -0.00458598 -0.00459973 -0.00461154 -0.0046272
8.885 0 0 0 0 -0.00338127 -0.00337292 -0.00337185 -0.00336552 -0.00686161 -0.00686457 -0.00686627 -0.0068688 -0.00853698 -0.00854967 -0.00856136 -0.008578
8.905 0 0 0 0 -0.0042068 -0.00419506 -0.00419364 -0.0041852 -0.00889868 -0.00890044 -0.00890172 -0.00890371 -0.0116273 -0.0116392 -0.0116509 -0.0116682
8.925 0 0 0 0 -0.00488735 -0.00487393 -0.00487232 -0.00486181 -0.0102451 -0.0102462 -0.0102472 -0.010249 -0.0134224 -0.013434 -0.0134456 -0.0134633
8.945 0 0 0 0 -0.00535821 -0.00534446 -0.0053428 -0.00533071 -0.0108475 -0.010849 -0.01085 -0.0108515 -0.0137427 -0.0137542 -0.0137658 -0.0137835
8.965 0 0 0 0 -0.00534341 -0.00533083 -0.00532919 -0.00531688 -0.0104322 -0.0104345 -0.0104356 -0.0104371 -0.0127118 -0.0127236 -0.0127352 -0.0127527
8.985 0 0 0 0 -0.00458051 -0.00457063 -0.0045692 -0.00455898 -0.00879132 -0.00879399 -0.00879545 -0.00879762 -0.0105806 -0.0105929 -0.0106046 -0.0106216
9.005 0 0 0 0 -0.003016 -0.00300962 -0.00300856 -0.00300323 -0.00600844 -0.00601125 -0.00601299 -0.00601624 -0.00748851 -0.00750153 -0.00751328 -0.00752964
9.025 0 0 0 0 -0.000907731 -0.000901926 -0.00090016 -0.000900867 -0.00239951 -0.0024028 -0.00240502 -0.00240891 -0.0034551 -0.00346894 -0.00348077 -0.00349636
9.045 0 0 0 0 0.00122272 0.00122733 0.00122969 0.00123296 0.00160756 0.00160393 0.00160189 0.00159856 0.00136695 0.00135214 0.00134024 0.00132554
9.065 0 0 0 0 0.00291984 0.00292652 0.00292804 0.00293518 0.00547731 0.00547403 0.00547219 0.00546899 0.00648992 0.00647387 0.00646213 0.00644881
9.085 0 0 0 0 0.00424144 0.00425121 0.00425312 0.00426702 0.00880303 0.00880119 0.00879986 0.00879743 0.0112506 0.0112333 0.0112216 0.0112095
9.105 0 0 0 0 0.005466 0.00547943 0.00548166 0.00549998 0.0114686 0.0114674 0.0114664 0.0114652 0.0149952 0.0149772 0.0149656 0.0149545
9.125 0 0 0 0 0.00656708 0.00658427 0.00658686 0.00660764 0.013377 0.0133761 0.0133754 0.0133748 0.0171952 0.0171768 0.0171652 0.0171545
9.145 0 0 0 0 0.00717888 0.00719815 0.00720091 0.00722255 0.0141951 0.0141948 0.0141942 0.014193 0.0176327 0.0176141 0.0176026 0.017592
9.165 0 0 0 0 0.00700288 0.00702172 0.00702441 0.00704468 0.0135796 0.0135792 0.0135784 0.0135767 0.0164977 0.0164794 0.0164679 0.0164569
9.185 0 0 0 0 0.00595194 0.00596758 0.0059699 0.00598643 0.0114982 0.0114967 0.0114956 0.0114937 0.0140782 0.0140605 0.0140489 0.0140373
9.205 0 0 0 0 0.00415361 0.00416329 0.00416505 0.00417677 0.00828365 0.00828089 0.00827936 0.00827708 0.0105174 0.0105004 0.0104887 0.0104763
9.225 0 0 0 0 0.00196282 0.00196486 0.00196627 0.00197351 0.00439052 0.00438678 0.0043848 0.00438166 0.00593019 0.00591408 0.00590227 0.00588895
9.245 0 0 0 0 -0.000166158 -0.000164189 -0.000162265 -0.000157508 0.000213648 0.000210134 0.000208034 0.00020438 0.000642326 0.000627315 0.000615428 0.000600943
9.265 0 0 0 0 -0.00193356 -0.00192854 -0.00192735 -0.00192573 -0.00386735 -0.00387054 -0.00387261 -0.00387632 -0.00477958 -0.00479325 -0.00480507 -0.00482082
9.285 0 0 0 0 -0.00344844 -0.00343809 -0.00343685 -0.00343097 -0.00747046 -0.00747313 -0.00747455 -0.00747652 -0.00969119 -0.00970348 -0.00971512 -0.00973207
9.305 0 0 0 0 -0.00487192 -0.00485785 -0.00485624 -0.00484607 -0.0103285 -0.0103299 -0.0103309 -0.0103323 -0.0134825 -0.013494 -0.0135056 -0.0135233
9.325 0 0 0 0 -0.00609858 -0.00608298 -0.00608114 -0.00606679 -0.0123257 -0.0123264 -0.0123272 -0.0123284 -0.0157547 -0.0157658 -0.0157773 -0.0157955
9.345 0 0 0 0 -0.00682241 -0.00680618 -0.00680422 -0.00678745 -0.0133175 -0.0133185 -0.0133192 -0.01332 -0.0164611 -0.016472 -0.0164835 -0.0165018
9.365 0 0 0 0 -0.00677911 -0.00676332 -0.00676138 -0.00674472 -0.0130609 -0.0130625 -0.0130633 -0.013064 -0.0158139 -0.015825 -0.0158365 -0.0158546
9.385 0 0 0 0 -0.00591018 -0.00589658 -0.00589486 -0.00588085 -0.011468 -0.0114697 -0.0114708 -0.0114721 -0.0140283 -0.0140398 -0.0140514 -0.0140691
9.405 0 0 0 0 -0.00438593 -0.00437573 -0.00437439 -0.00436513 -0.00879609 -0.00879799 -0.00879939 -0.00880188 -0.0111744 -0.0111865 -0.0111982 -0.0112153
9.425 0 0 0 0 -0.00252031 -0.00251404 -0.00251309 -0.00250984 -0.00545648 -0.0054592 -0.00546103 -0.00546449 -0.00727321 -0.00728622 -0.00729798 -0.00731435
9.445 0 0 0 0 -0.000708666 -0.000703843 -0.000702092 -0.000701881 -0.00183794 -0.00184136 -0.00184362 -0.00184745 -0.00260373 -0.00261781 -0.00262966 -0.00264503
9.465 0 0 0 0 0.000819128 0.000821376 0.000823457 0.000828798 0.00174039 0.00173668 0.00173461 0.00173149 0.00226662 0.0022514 0.00223951 0.00222522
9.485 0 0 0 0 0.0021396 0.00214269 0.00214423 0.00215345 0.00497354 0.00497047 0.00496848 0.0049651 0.00668963 0.00667329 0.00666155 0.00664854
9.505 0 0 0 0 0.00343488 0.00344173 0.00344338 0.00345631 0.00760867 0.00760653 0.00760499 0.00760242 0.0101137 0.0100966 0.0100849 0.0100727
9.525 0 0 0 0 0.00465543 0.00466673 0.0046687 0.00468321 0.00951982 0.00951778 0.00951653 0.00951472 0.0122397 0.0122223 0.0122107 0.0121989
9.545 0 0 0 0 0.00546994 0.00548435 0.0054866 0.00550179 0.0105884 0.0105865 0.0105854 0.0105836 0.0130595 0.013042 0.0130304 0.0130186
9.565 0 0 0 0 0.00552416 0.00553868 0.00554097 0.0055562 0.010571 0.0105695 0.0105683 0.0105658 0.0127265 0.0127091 0.0126974 0.0126856
9.585 0 0 0 0 0.00477396 0.0047858 0.00478786 0.00480161 0.00934209 0.00934025 0.00933889 0.00933624 0.0114144 0.0113972 0.0113855 0.0113734
9.605 0 0 0 0 0.00348036 0.00348791 0.00348957 0.00350007 0.00713485 0.00713196 0.00713032 0.00712774 0.00918395 0.00916723 0.00915552 0.00914289
9.625 0 0 0 0 0.00198721 0.00198976 0.00199133 0.00199866 0.00440103 0.00439711 0.00439518 0.00439244 0.00604165 0.00602558 0.00601378 0.00600043
9.645 0 0 0 0 0.000582647 0.000584264 0.000586083 0.000591215 0.00151581 0.00151206 0.00150994 0.00150661 0.00220494 0.00218969 0.00217785 0.00216364
9.665 0 0 0 0 -0.000617328 -0.000613146 -0.000611347 -0.000609167 -0.00134561 -0.00134844 -0.0013505 -0.0013544 -0.00183841 -0.00185277 -0.00186463 -0.00187973
9.685 0 0 0 0 -0.00174633 -0.00173979 -0.0017386 -0.00173772 -0.00406791 -0.00407095 -0.00407306 -0.00407672 -0.00554927 -0.0055626 -0.00557436 -0.00559039
9.705 0 0 0 0 -0.00298489 -0.00297648 -0.00297552 -0.00297072 -0.00649449 -0.00649715 -0.00649873 -0.00650135 -0.00853269 -0.00854532 -0.00855702 -0.00857369
9.725 0 0 0 0 -0.00422898 -0.00421902 -0.00421759 -0.00420839 -0.00843048 -0.00843254 -0.00843392 -0.00843632 -0.0106053 -0.0106175 -0.0106292 -0.0106462
9.745 0 0 0 0 -0.00508674 -0.00507607 -0.00507444 -0.00506225 -0.00966478 -0.0096667 -0.00966799 -0.00967021 -0.0117493 -0.0117614 -0.0117731 -0.0117902
9.765 0 0 0 0 -0.0052314 -0.00522006 -0.00521843 -0.00520604 -0.00997528 -0.00997746 -0.00997874 -0.00998058 -0.012021 -0.012033 -0.0120446 -0.0120619
9.785 0 0 0 0 -0.00466565 -0.00465447 -0.00465299 -0.00464277 -0.00924952 -0.00925182 -0.00925314 -0.00925499 -0.0114279 -0.01144 -0.0114516 -0.0114689
9.805 0 0 0 0 -0.00365787 -0.00364845 -0.0036472 -0.00364026 -0.00763062 -0.00763284 -0.00763434 -0.00763687 -0.00987998 -0.00989237 -0.00990404 -0.00992095
9.825 0 0 0 0 -0.00248635 -0.00247992 -0.0024789 -0.00247551 -0.00542616 -0.0054287 -0.00543047 -0.00543389 -0.00729744 -0.00731044 -0.00732218 -0.00733853
9.845 0 0 0 0 -0.00130874 -0.00130353 -0.00130178 -0.00130145 -0.00289162 -0.00289477 -0.00289694 -0.00290086 -0.00384177 -0.00385559 -0.00386741 -0.003883
9.865 0 0 0 0 -0.000140914 -0.000137407 -0.000135127 -0.00013175 -0.000155115 -0.000158656 -0.000160695 -0.000163969 2.48095e-05 1.00716e-05 -1.8085e-06 -1.65493e-05
9.885 0 0 0 0 0.00111921 0.00112043 0.00112251 0.00112926 0.00268197 0.00267817 0.00267608 0.00267295 0.00378228 0.00376669 0.00375488 0.00374107
9.905 0 0 0 0 0.0025521 0.002557 0.00255872 0.00256738 0.00544654 0.00544346 0.00544165 0.00543859 0.00708838 0.00707204 0.00706028 0.00704725
9.925 0 0 0 0 0.00401629 0.00402602 0.00402795 0.00403924 0.00787515 0.00787253 0.00787098 0.00786836 0.009774 0.0097572 0.00974551 0.00973297
9.945 0 0 0 0 0.00515064 0.00516432 0.00516641 0.0051796 0.009712 0.0097097 0.00970836 0.00970626 0.0117777 0.0117606 0.011749 0.0117368
9.965 0 0 0 0 0.00567773 0.00569296 0.00569522 0.00571027 0.0107778 0.010776 0.0107748 0.0107728 0.0130746 0.0130572 0.0130456 0.0130337
9.985 0 0 0 0 0.00560942 0.00562403 0.00562633 0.00564255 0.0109894 0.0109879 0.0109868 0.0109849 0.0135955 0.0135778 0.0135662 0.0135546
10.005 0 0 0 0 0.00514372 0.00515658 0.00515876 0.00517455 0.0103846 0.0103829 0.0103818 0.01038 0.0131844 0.0131668 0.0131552 0.0131435
10.025 0 0 0 0 0.00445032 0.00446094 0.0044629 0.00447663 0.00909081 0.00908858 0.00908724 0.0090853 0.011694 0.0116768 0.0116651 0.0116531
10.045 0 0 0 0 0.00355717 0.00356498 0.00356665 0.00357713 0.00719688 0.00719405 0.00719241 0.00718968 0.00913798 0.00912126 0.00910955 0.0090969
10.065 0 0 0 0 0.00243321 0.00243752 0.00243908 0.00244569 0.00475082 0.00474727 0.00474537 0.0047421 0.00579293 0.00577695 0.00576514 0.00575169
10.085 0 0 0 0 0.00107286 0.00107507 0.00107689 0.00108119 0.00188179 0.00187811 0.00187596 0.00187247 0.00209422 0.00207911 0.00206726 0.00205291
10.105 0 0 0 0 -0.000472595 -0.000468328 -0.000466489 -0.000464326 -0.00115484 -0.00115793 -0.00115995 -0.0011636 -0.00158409 -0.00159846 -0.00161032 -0.00162541
10.125 0 0 0 0 -0.00199766 -0.00199234 -0.00199106 -0.00198887 -0.00401957 -0.00402271 -0.00402478 -0.0040284 -0.00498033 -0.00499391 -0.00500571 -0.00502152
10.145 0 0 0 0 -0.00325874 -0.00325178 -0.00325071 -0.00324429 -0.00640204 -0.00640486 -0.00640662 -0.00640962 -0.0078773 -0.00789021 -0.00790192 -0.00791833
10.165 0 0 0 0 -0.00408684 -0.0040774 -0.00407601 -0.00406721 -0.00808502 -0.00808737 -0.00808882 -0.00809123 -0.0100561 -0.0100686 -0.0100802 -0.0100971
10.185 0 0 0 0 -0.00446742 -0.00445643 -0.00445491 -0.00444523 -0.00898686 -0.00898887 -0.00899019 -0.00899227 -0.0113257 -0.0113378 -0.0113494 -0.0113666
10.205 0 0 0 0 -0.004502 -0.0044907 -0.00448922 -0.00447953 -0.00912787 -0.0091298 -0.00913111 -0.00913315 -0.0115749 -0.0115869 -0.0115985 -0.0116158
10.225 0 0 0 0 -0.00425019 -0.00423992 -0.00423853 -0.0042295 -0.00854732 -0.00854944 -0.00855085 -0.00855315 -0.0107862 -0.0107984 -0.0108101 -0.0108271
10.245 0 0 0 0 -0.00372002 -0.0037119 -0.00371065 -0.003703 -0.00732123 -0.00732377 -0.00732537 -0.00732821 -0.00909838 -0.00911104 -0.00912273 -0.0091394
10.265 0 0 0 0 -0.00291961 -0.00291432 -0.00291322 -0.00290778 -0.00558271 -0.0055855 -0.00558728 -0.00559082 -0.00678966 -0.00680291 -0.00681467 -0.00683082
10.285 0 0 0 0 -0.00188401 -0.0018797 -0.00187806 -0.0018757 -0.0034999 -0.00350296 -0.00350501 -0.00350883 -0.00416299 -0.00417685 -0.00418865 -0.00420419
10.305 0 0 0 0 -0.000655978 -0.000652405 -0.000650391 -0.000647596 -0.00120956 -0.00121284 -0.0012149 -0.00121859 -0.0014089 -0.00142336 -0.00143522 -0.00145023
10.325 0 0 0 0 0.000596544 0.0005994 0.000601329 0.00060563 0.00111169 0.0011081 0.00110603 0.0011028 0.00133012 0.00131517 0.00130333 0.00128884
10.345 0 0 0 0 0.00157512 0.001577 0.00157877 0.00158495 0.00313665 0.00313315 0.00313107 0.00312765 0.00381926 0.00380371 0.00379188 0.00377799
10.365 0 0 0 0 0.00216039 0.00216395 0.00216582 0.00217384 0.00456343 0.00456023 0.00455834 0.00455496 0.00578284 0.00576679 0.00575501 0.00574168
10.385 0 0 0 0 0.00245468 0.00245907 0.00246079 0.00246948 0.00531214 0.005309 0.00530717 0.00530413 0.00697957 0.00696326 0.0069515 0.00693845
10.405 0 0 0 0 0.00255463 0.00255944 0.00256107 0.00256961 0.00546969 0.00546639 0.00546456 0.00546177 0.00723638 0.00722005 0.0072083 0.00719527
10.425 0 0 0 0 0.00245886 0.00246347 0.00246515 0.00247311 0.00510273 0.00509936 0.00509748 0.00509447 0.00654967 0.00653349 0.00652172 0.0065085
10.445 0 0 0 0 0.00213679 0.00214051 0.00214235 0.00214931 0.00422057 0.00421718 0.00421518 0.00421185 0.00515138 0.00513555 0.00512375 0.00511019
10.465 0 0 0 0 0.00153472 0.00153697 0.00153897 0.0015445 0.00285363 0.00285001 0.00284784 0.00284446 0.00334418 0.0033288 0.00331698 0.00330294
10.485 0 0 0 0 0.000614917 0.000618006 0.000620195 0.0006245 0.00111626 0.00111266 0.00111059 0.00110728 0.00131539 0.00130044 0.00128858 0.00127409
10.505 0 0 0 0 -0.000496914 -0.000493549 -0.000491613 -0.000488221 -0.000809887 -0.000813056 -0.000815138 -0.000818735 -0.000860737 -0.000875317 -0.000887147 -0.000901985
10.525 0 0 0 0 -0.00153713 -0.00153328 -0.00153161 -0.00152928 -0.00272657 -0.0027296 -0.0027317 -0.0027355 -0.00312394 -0.00313807 -0.00314992 -0.00316522
10.545 0 0 0 0 -0.00231255 -0.00230758 -0.00230614 -0.0023022 -0.00441552 -0.00441851 -0.00442045 -0.00442402 -0.00531373 -0.00532728 -0.00533904 -0.00535485
10.565 0 0 0 0 -0.00278743 -0.00278103 -0.00277987 -0.00277505 -0.00567517 -0.00567806 -0.00567987 -0.00568302 -0.00714445 -0.00715751 -0.00716926 -0.00718556
10.585 0 0 0 0 -0.00301753 -0.00300959 -0.00300841 -0.00300318 -0.00637506 -0.0063777 -0.00637937 -0.0063822 -0.00826753 -0.00828027 -0.00829197 -0.00830854
10.605 0 0 0 0 -0.00306971 -0.00306163 -0.00306044 -0.00305504 -0.00648745 -0.00649 -0.00649164 -0.00649449 -0.00844377 -0.00845648 -0.00846819 -0.00848479
10.625 0 0 0 0 -0.00295121 -0.00294423 -0.00294309 -0.00293782 -0.00603515 -0.00603784 -0.00603955 -0.00604263 -0.00766841 -0.00768135 -0.00769307 -0.00770947
10.645 0 0 0 0 -0.00257297 -0.00256767 -0.00256639 -0.00256201 -0.00502152 -0.00502447 -0.00502631 -0.00502981 -0.0061311 -0.00614445 -0.00615623 -0.00617226
10.665 0 0 0 0 -0.00183322 -0.00182866 -0.00182705 -0.00182483 -0.00346112 -0.00346432 -0.00346638 -0.00347 -0.00408647 -0.0041003 -0.00411208 -0.00412763
10.685 0 0 0 0 -0.000751749 -0.000747815 -0.000745825 -0.000743305 -0.0014624 -0.0014657 -0.00146776 -0.00147139 -0.00174084 -0.00175519 -0.00176704 -0.00178212
10.705 0 0 0 0 0.000476972 0.000480395 0.000482371 0.00048613 0.000754562 0.000751099 0.000749008 0.000745629 0.000779852 0.000765036 0.000753199 0.000738585
10.725 0 0 0 0 0.00159001 0.0015926 0.00159448 0.00159991 0.00291106 0.00290749 0.00290544 0.00290214 0.00337173 0.00335633 0.00334447 0.00333041
10.745 0 0 0 0 0.00246136 0.00246639 0.00246824 0.00247535 0.0047834 0.00477995 0.00477807 0.00477498 0.00585867 0.00584272 0.00583095 0.00581752
10.765 0 0 0 0 0.00310126 0.003108 0.00310957 0.0031187 0.0062606 0.00625749 0.00625572 0.00625295 0.00795708 0.00794064 0.0079289 0.00791597
10.785 0 0 0 0 0.00356474 0.00357275 0.00357445 0.00358544 0.00730099 0.00729826 0.00729666 0.00729414 0.0093751 0.00935835 0.00934666 0.00933409
10.805 0 0 0 0 0.00386925 0.00387825 0.00388009 0.00389189 0.00783963 0.00783716 0.00783564 0.00783314 0.00994286 0.00992598 0.00991428 0.00990185
10.825 0 0 0 0 0.00394504 0.00395448 0.00395633 0.00396763 0.00778056 0.007778 0.00777646 0.00777378 0.00966195 0.00964516 0.00963347 0.00962093
10.845 0 0 0 0 0.00366804 0.00367679 0.00367855 0.00368829 0.00706643 0.00706349 0.00706187 0.00705911 0.00864475 0.00862821 0.00861648 0.00860365
10.865 0 0 0 0 0.00299321 0.00299979 0.00300135 0.00300896 0.00575588 0.00575245 0.00575068 0.00574779 0.00704637 0.00703017 0.0070184 0.0070052
10.885 0 0 0 0 0.0020198 0.00202307 0.00202494 0.00203159 0.0040049 0.00400121 0.00399921 0.0039961 0.00500729 0.00499151 0.0049797 0.00496607
10.905 0 0 0 0 0.000926548 0.000928401 0.000930356 0.000935721 0.00199927 0.00199551 0.00199338 0.00199009 0.00263684 0.00262156 0.00260972 0.00259557
10.925 0 0 0 0 -0.000121306 -0.000118419 -0.000116492 -0.000112669 -8.43255e-05 -8.78504e-05 -8.99173e-05 -9.33302e-05 5.62177e-05 4.14592e-05 2.96102e-05 1.49278e-05
10.945 0 0 0 0 -0.00101903 -0.00101454 -0.00101256 -0.00101066 -0.00205954 -0.00206272 -0.00206477 -0.00206837 -0.00253462 -0.0025488 -0.00256064 -0.00257591
10.965 0 0 0 0 -0.00175512 -0.00174946 -0.00174801 -0.00174638 -0.00374669 -0.00374979 -0.00375185 -0.0037555 -0.00483936 -0.00485291 -0.00486468 -0.00488047
10.985 0 0 0 0 -0.00235915 -0.00235277 -0.00235153 -0.00234813 -0.00502901 -0.00503188 -0.00503375 -0.00503709 -0.0065539 -0.00656705 -0.00657881 -0.00659501
11.005 0 0 0 0 -0.00281153 -0.00280469 -0.00280359 -0.00279875 -0.00582884 -0.00583155 -0.00583331 -0.00583643 -0.00748073 -0.00749369 -0.00750541 -0.00752178
11.025 0 0 0 0 -0.00303642 -0.00302958 -0.0030284 -0.00302272 -0.00608151 -0.00608427 -0.00608601 -0.00608907 -0.0075994 -0.00761237 -0.0076241 -0.00764048
11.045 0 0 0 0 -0.00293798 -0.00293193 -0.00293077 -0.00292523 -0.00573637 -0.00573924 -0.00574103 -0.00574427 -0.00701941 -0.00703254 -0.00704428 -0.00706051
11.065 0 0 0 0 -0.00247309 -0.00246784 -0.00246649 -0.00246234 -0.00481146 -0.00481441 -0.00481632 -0.00481985 -0.00588042 -0.00589384 -0.00590561 -0.00592158
11.085 0 0 0 0 -0.00170367 -0.00169867 -0.00169706 -0.00169537 -0.00342173 -0.00342478 -0.00342688 -0.00343064 -0.00428752 -0.00430128 -0.00431307 -0.00432869
11.105 0 0 0 0 -0.00079067 -0.000786189 -0.000784242 -0.000782349 -0.00175095 -0.00175409 -0.00175621 -0.00175996 -0.00233016 -0.00234434 -0.00235617 -0.0023714
11.125 0 0 0 0 8.1805e-05 8.55034e-05 8.7524e-05 9.07301e-05 5.40969e-06 2.10155e-06 1.46176e-08 -3.58003e-06 -0.000139658 -0.000154303 -0.000166139 -0.000180918
11.145 0 0 0 0 0.000803422 0.000805866 0.000808063 0.000813238 0.00165672 0.00165319 0.00165114 0.00164784 0.00207137 0.00205621 0.00204436 0.00203007
11.165 0 0 0 0 0.00138749 0.00138888 0.00139082 0.00139757 0.00305035 0.00304666 0.00304456 0.00304128 0.0040215 0.00400588 0.00399407 0.00398031
11.185 0 0 0 0 0.00187722 0.00187996 0.0018818 0.00188942 0.00409925 0.00409562 0.00409364 0.00409054 0.00543234 0.00541638 0.00540459 0.00539114
11.205 0 0 0 0 0.002258 0.00226199 0.00226373 0.00227155 0.00473973 0.00473624 0.00473434 0.0047313 0.00613533 0.00611925 0.00610747 0.00609417
11.225 0 0 0 0 0.00244282 0.00244756 0.00244928 0.00245677 0.00490255 0.00489909 0.00489719 0.00489409 0.00613 0.00611394 0.00610216 0.00608882
11.245 0 0 0 0 0.00232688 0.00233136 0.00233314 0.00234009 0.00453195 0.00452849 0.00452655 0.00452337 0.00553085 0.00551496 0.00550317 0.00548967
11.265 0 0 0 0 0.00186557 0.00186856 0.00187047 0.00187685 0.00364287 0.00363927 0.00363721 0.00363397 0.00446334 0.00444769 0.00443589 0.00442213
11.285 0 0 0 0 0.00112633 0.00112829 0.0011303 0.00113602 0.00234382 0.00234013 0.00233799 0.0023347 0.00300591 0.00299056 0.00297873 0.00296467
11.305 0 0 0 0 0.000282247 0.000284793 0.00028683 0.000291515 0.000807805 0.000804182 0.000802083 0.000798761 0.00122345 0.00120845 0.00119661 0.00118219
11.325 0 0 0 0 -0.00047833 -0.000474891 -0.000472943 -0.000469563 -0.00077403 -0.000777358 -0.000779441 -0.000782932 -0.000770012 -0.000784605 -0.000796444 -0.000811282
11.345 0 0 0 0 -0.00108563 -0.00108097 -0.00107917 -0.0010775 -0.00222287 -0.00222605 -0.00222813 -0.00223177 -0.00276967 -0.00278378 -0.00279561 -0.00281093
11.365 0 0 0 0 -0.00158194 -0.00157637 -0.00157484 -0.00157374 -0.00342432 -0.00342736 -0.00342945 -0.00343323 -0.00449233 -0.00450597 -0.00451775 -0.00453347
11.385 0 0 0 0 -0.00200896 -0.00200291 -0.00200151 -0.00199906 -0.00431683 -0.00431969 -0.00432164 -0.00432532 -0.00567093 -0.00568431 -0.00569609 -0.00571208
11.405 0 0 0 0 -0.00233477 -0.00232877 -0.00232742 -0.00232389 -0.00483122 -0.00483411 -0.00483598 -0.00483945 -0.00617101 -0.00618428 -0.00619604 -0.00621213
11.425 0 0 0 0 -0.00245937 -0.00245378 -0.00245243 -0.00244836 -0.00487872 -0.00488171 -0.00488359 -0.00488704 -0.00602136 -0.00603471 -0.00604648 -0.0060625
11.445 0 0 0 0 -0.00227653 -0.0022714 -0.00226997 -0.00226634 -0.0044049 -0.00440795 -0.0044099 -0.00441341 -0.00533883 -0.00535235 -0.00536413 -0.00537997
11.465 0 0 0 0 -0.00175812 -0.00175323 -0.00175161 -0.0017496 -0.00344637 -0.00344947 -0.00345155 -0.00345525 -0.00422829 -0.00424207 -0.00425387 -0.00426946
11.485 0 0 0 0 -0.00100056 -0.000995904 -0.000994057 -0.000992408 -0.00212768 -0.00213085 -0.00213298 -0.00213672 -0.00275029 -0.00276438 -0.00277619 -0.00279151
11.505 0 0 0 0 -0.000186852 -0.000182693 -0.00018073 -0.000178077 -0.000615339 -0.000618583 -0.000620677 -0.000624331 -0.000965935 -0.00098039 -0.000992222 -0.00100718
