0.005 0 0 0 0 -0.000109386 -0.000109649 -0.000109649 -0.000109387 -0.000111967 -0.000111872 -0.000111872 -0.000111967 -0.00011157 -0.000111583 -0.000111583 -0.00011157
0.025 0 0 0 0 -3.55944e-05 -3.52779e-05 -3.52798e-05 -3.56031e-05 -0.000137772 -0.00013802 -0.000138022 -0.000137775 -0.000133825 -0.000133753 -0.000133755 -0.000133832
0.045 0 0 0 0 0.000304649 0.000305901 0.000305895 0.000304628 0.000223634 0.000223175 0.000223175 0.000223632 0.000160291 0.000160393 0.000160394 0.000160293
0.065 0 0 0 0 0.000368565 0.000369016 0.000369009 0.000368525 0.000592707 0.000592985 0.000592982 0.000592696 0.000476675 0.000476564 0.000476557 0.000476656
0.085 0 0 0 0 0.00032082 0.000320589 0.000320576 0.000320762 0.000790453 0.000790937 0.000790938 0.000790462 0.000883366 0.000883089 0.000883089 0.000883367
0.105 0 0 0 0 0.000326286 0.000326464 0.000326442 0.00032621 0.000810872 0.000810585 0.000810572 0.000810824 0.00126792 0.00126765 0.00126763 0.00126789
0.125 0 0 0 0 0.000364907 0.000365349 0.000365327 0.000364835 0.000849101 0.00084852 0.000848485 0.000848988 0.00141168 0.0014114 0.0014114 0.00141165
0.145 0 0 0 0 0.000406936 0.000407028 0.000407001 0.00040684 0.000954079 0.000954136 0.000954116 0.000954017 0.0012652 0.00126488 0.00126487 0.00126516
0.165 0 0 0 0 0.000442829 0.000442954 0.000442929 0.000442738 0.000917959 0.00091838 0.000918374 0.000917938 0.000962293 0.000962026 0.000962021 0.000962283
0.185 0 0 0 0 0.00041367 0.000414403 0.000414392 0.000413628 0.000647671 0.000647652 0.000647648 0.000647658 0.000654471 0.00065437 0.000654365 0.000654461
0.205 0 0 0 0 0.000224944 0.000225634 0.000225632 0.000224934 0.00028624 0.000285922 0.000285918 0.000286225 0.000361139 0.000361137 0.000361134 0.000361134
0.225 0 0 0 0 -7.46871e-05 -7.49656e-05 -7.49659e-05 -7.46877e-05 -4.0644e-05 -4.06315e-05 -4.06345e-05 -4.06542e-05 3.54209e-05 3.53858e-05 3.53838e-05 3.54132e-05
0.245 0 0 0 0 -0.00028088 -0.000281689 -0.000281692 -0.000280888 -0.000334832 -0.000334623 -0.000334622 -0.000334829 -0.000317893 -0.000317901 -0.000317901 -0.000317895
0.265 0 0 0 0 -0.000315825 -0.000316168 -0.000316169 -0.000315827 -0.000600441 -0.000600521 -0.000600522 -0.000600443 -0.000680166 -0.00068002 -0.00068002 -0.000680166
0.285 0 0 0 0 -0.000305601 -0.000305532 -0.000305532 -0.0003056 -0.000778316 -0.000778498 -0.000778499 -0.000778318 -0.00102423 -0.00102396 -0.00102397 -0.00102424
0.305 0 0 0 0 -0.000360416 -0.000360626 -0.000360626 -0.000360416 -0.000865954 -0.00086581 -0.000865811 -0.000865955 -0.00126845 -0.00126818 -0.00126817 -0.00126845
0.325 0 0 0 0 -0.000435717 -0.00043623 -0.00043623 -0.000435717 -0.000923655 -0.000923401 -0.000923401 -0.000923655 -0.00131155 -0.0013113 -0.0013113 -0.00131155
0.345 0 0 0 0 -0.000439694 -0.000440045 -0.000440045 -0.000439694 -0.000919041 -0.000919124 -0.000919124 -0.000919041 -0.00113515 -0.0011349 -0.0011349 -0.00113515
0.365 0 0 0 0 -0.000379452 -0.000379714 -0.000379714 -0.000379452 -0.000766209 -0.000766434 -0.000766434 -0.000766209 -0.000849896 -0.000849688 -0.000849688 -0.000849896
0.385 0 0 0 0 -0.000269941 -0.000270376 -0.000270376 -0.000269941 -0.000469971 -0.000469918 -0.000469919 -0.000469971 -0.000547615 -0.000547523 -0.000547522 -0.000547615
0.405 0 0 0 0 -9.08218e-05 -9.10993e-05 -9.10993e-05 -9.08217e-05 -0.000138311 -0.000138121 -0.000138121 -0.000138311 -0.000224021 -0.000224008 -0.000224008 -0.000224021
0.425 0 0 0 0 0.000130262 0.000130577 0.000130577 0.000130262 0.000170959 0.00017092 0.00017092 0.000170959 0.000153323 0.000153314 0.000153314 0.000153323
0.445 0 0 0 0 0.000293285 0.000293876 0.000293876 0.000293286 0.000472847 0.000472699 0.000472699 0.000472847 0.000558617 0.000558543 0.000558543 0.000558617
0.465 0 0 0 0 0.000358773 0.000359075 0.000359075 0.000358773 0.000748208 0.000748251 0.000748251 0.000748208 0.000934124 0.000933919 0.000933919 0.000934125
0.485 0 0 0 0 0.000391459 0.000391562 0.000391562 0.00039146 0.000927693 0.000927801 0.000927801 0.000927693 0.00122503 0.00122474 0.00122474 0.00122503
0.505 0 0 0 0 0.000441463 0.000441793 0.000441793 0.000441463 0.000992867 0.000992772 0.000992773 0.000992867 0.00137169 0.00137139 0.00137139 0.00137169
0.525 0 0 0 0 0.000460844 0.000461334 0.000461334 0.000460844 0.00096895 0.000968802 0.000968802 0.00096895 0.00131315 0.00131288 0.00131288 0.00131315
0.545 0 0 0 0 0.000402875 0.000403197 0.000403198 0.000402875 0.000847165 0.000847223 0.000847223 0.000847165 0.00105922 0.00105898 0.00105898 0.00105922
0.565 0 0 0 0 0.000291575 0.000291785 0.000291785 0.000291576 0.000599841 0.000599966 0.000599966 0.000599841 0.000699279 0.000699114 0.000699114 0.000699279
0.585 0 0 0 0 0.000144952 0.000145182 0.000145175 0.000144931 0.000253368 0.000253318 0.000253311 0.000253351 0.000303468 0.000303411 0.000303407 0.000303455
0.605 0 0 0 0 -5.15905e-05 -5.1556e-05 -5.15491e-05 -5.15749e-05 -0.000121303 -0.000121396 -0.000121396 -0.000121302 -0.000121875 -0.000121834 -0.000121834 -0.000121876
0.625 0 0 0 0 -0.000257968 -0.000258347 -0.000258344 -0.000257965 -0.000468724 -0.000468681 -0.00046868 -0.000468723 -0.000560901 -0.000560799 -0.0005608 -0.000560902
0.645 0 0 0 0 -0.00039668 -0.000397193 -0.000397194 -0.000396684 -0.000764487 -0.000764414 -0.000764415 -0.000764488 -0.000958443 -0.000958259 -0.000958258 -0.000958441
0.665 0 0 0 0 -0.000457887 -0.00045824 -0.000458241 -0.000457889 -0.000982613 -0.000982641 -0.000982641 -0.000982613 -0.0012637 -0.00126342 -0.00126342 -0.0012637
0.685 0 0 0 0 -0.000478531 -0.000478807 -0.000478807 -0.000478531 -0.00107946 -0.00107949 -0.00107949 -0.00107946 -0.00142849 -0.00142817 -0.00142817 -0.00142849
0.705 0 0 0 0 -0.000457862 -0.000458187 -0.000458187 -0.000457861 -0.00102508 -0.00102502 -0.00102502 -0.00102508 -0.00139047 -0.00139017 -0.00139017 -0.00139047
0.725 0 0 0 0 -0.000378738 -0.000379033 -0.000379033 -0.000378738 -0.000835008 -0.000834956 -0.000834957 -0.000835008 -0.0011277 -0.00112745 -0.00112745 -0.00112769
0.745 0 0 0 0 -0.000266609 -0.00026684 -0.00026684 -0.000266609 -0.000559308 -0.000559318 -0.000559318 -0.000559308 -0.000711529 -0.000711375 -0.000711375 -0.000711529
0.765 0 0 0 0 -0.000115999 -0.00011614 -0.00011614 -0.000116 -0.000208729 -0.000208778 -0.000208789 -0.000208752 -0.000218686 -0.000218641 -0.000218642 -0.000218692
0.785 0 0 0 0 9.06167e-05 9.06813e-05 9.06814e-05 9.06163e-05 0.000209185 0.00020915 0.000209145 0.000209175 0.00029928 0.000299216 0.000299214 0.000299277
0.805 0 0 0 0 0.000317749 0.000318084 0.000318085 0.00031775 0.000637468 0.000637464 0.000637465 0.00063747 0.00079471 0.000794545 0.000794545 0.00079471
0.825 0 0 0 0 0.000490526 0.000491026 0.000491026 0.000490526 0.000984938 0.000984962 0.000984964 0.000984941 0.00121399 0.00121374 0.00121374 0.00121399
0.845 0 0 0 0 0.000567258 0.000567762 0.000567762 0.000567258 0.00118462 0.00118464 0.00118464 0.00118462 0.00150597 0.00150565 0.00150565 0.00150597
0.865 0 0 0 0 0.000578534 0.000579023 0.000579023 0.000578534 0.00124404 0.00124399 0.00124399 0.00124404 0.00164228 0.00164193 0.00164193 0.00164228
0.885 0 0 0 0 0.000542812 0.000543258 0.000543258 0.000542812 0.00118248 0.00118241 0.00118241 0.00118248 0.00158367 0.00158333 0.00158333 0.00158367
0.905 0 0 0 0 0.000467117 0.000467489 0.000467489 0.000467118 0.00100999 0.00100997 0.00100997 0.00100999 0.0013259 0.00132561 0.00132561 0.0013259
0.925 0 0 0 0 0.000357632 0.000357942 0.000357923 0.000357574 0.000734951 0.000734955 0.000734946 0.00073492 0.000921037 0.000920827 0.000920823 0.000921019
0.945 0 0 0 0 0.000208752 0.000209015 0.000208994 0.000208691 0.000380245 0.000380226 0.000380213 0.000380209 0.000442196 0.000442109 0.000442109 0.000442193
0.965 0 0 0 0 2.16824e-05 2.18003e-05 2.17976e-05 2.16771e-05 -6.50485e-06 -6.52194e-06 -6.52327e-06 -6.50725e-06 -4.3381e-05 -4.33619e-05 -4.3365e-05 -4.33876e-05
0.985 0 0 0 0 -0.000186084 -0.000186265 -0.000186266 -0.000186085 -0.000386214 -0.000386198 -0.000386198 -0.000386214 -0.000499005 -0.0004989 -0.000498897 -0.000499
1.005 0 0 0 0 -0.000363756 -0.000364166 -0.000364165 -0.000363753 -0.000719048 -0.000719027 -0.000719025 -0.000719045 -0.000894429 -0.000894249 -0.000894251 -0.000894434
1.025 0 0 0 0 -0.000469104 -0.000469556 -0.000469557 -0.000469105 -0.000958039 -0.000958055 -0.000958056 -0.000958041 -0.00119853 -0.00119828 -0.00119827 -0.00119853
1.045 0 0 0 0 -0.00051499 -0.000515442 -0.000515442 -0.00051499 -0.00108496 -0.00108496 -0.00108496 -0.00108496 -0.00139487 -0.00139457 -0.00139457 -0.00139487
1.065 0 0 0 0 -0.00049969 -0.000500098 -0.000500098 -0.00049969 -0.00108233 -0.00108229 -0.00108229 -0.00108233 -0.00143322 -0.00143291 -0.00143291 -0.00143322
1.085 0 0 0 0 -0.000427992 -0.000428295 -0.000428294 -0.000427992 -0.000952043 -0.000952014 -0.000952014 -0.000952043 -0.00127812 -0.00127784 -0.00127784 -0.00127812
1.105 0 0 0 0 -0.000335033 -0.000335295 -0.000335295 -0.000335033 -0.000728265 -0.000728249 -0.000728249 -0.000728265 -0.000961437 -0.000961228 -0.000961228 -0.000961436
1.125 0 0 0 0 -0.000229182 -0.000229458 -0.000229458 -0.000229182 -0.00044436 -0.000444343 -0.000444343 -0.00044436 -0.00054753 -0.000547422 -0.000547422 -0.000547531
1.145 0 0 0 0 -8.40072e-05 -8.41793e-05 -8.41793e-05 -8.40073e-05 -0.000117082 -0.000117091 -0.000117091 -0.000117082 -9.67022e-05 -9.66907e-05 -9.66905e-05 -9.67018e-05
1.165 0 0 0 0 0.000114232 0.000114344 0.000114344 0.000114232 0.000249315 0.000249263 0.000249263 0.000249315 0.000352263 0.000352193 0.000352193 0.000352263
1.185 0 0 0 0 0.000330319 0.000330738 0.000330738 0.000330319 0.000632853 0.000632814 0.000632814 0.000632853 0.00077949 0.000779339 0.000779339 0.00077949
1.205 0 0 0 0 0.000486766 0.000487294 0.000487294 0.000486767 0.000954552 0.000954588 0.000954588 0.000954552 0.00115085 0.00115061 0.00115061 0.00115085
1.225 0 0 0 0 0.000547691 0.000548171 0.000548171 0.000547691 0.00113705 0.0011371 0.0011371 0.00113705 0.0014253 0.00142499 0.00142499 0.0014253
1.245 0 0 0 0 0.000546365 0.000546822 0.000546822 0.000546365 0.00117968 0.00117963 0.00117963 0.00117968 0.00156524 0.0015649 0.0015649 0.00156524
1.265 0 0 0 0 0.000509416 0.00050984 0.00050984 0.000509416 0.001118 0.00111789 0.00111789 0.001118 0.00152151 0.00152118 0.00152118 0.00152151
1.285 0 0 0 0 0.00044423 0.000444574 0.000444574 0.000444231 0.000968965 0.000968944 0.000968944 0.000968965 0.00128152 0.00128124 0.00128124 0.00128152
1.305 0 0 0 0 0.000343822 0.000344091 0.000344086 0.000343794 0.000715399 0.000715431 0.000715424 0.000715366 0.000887492 0.00088728 0.000887275 0.00088747
1.325 0 0 0 0 0.000203125 0.000203391 0.0002034 0.000203127 0.000368132 0.000368139 0.000368147 0.000368141 0.000419534 0.000419449 0.000419446 0.000419526
1.345 0 0 0 0 1.31848e-05 1.33079e-05 1.33086e-05 1.31866e-05 -2.59458e-05 -2.59773e-05 -2.59761e-05 -2.59427e-05 -6.21585e-05 -6.21285e-05 -6.21238e-05 -6.21487e-05
1.365 0 0 0 0 -0.000205583 -0.0002058 -0.000205805 -0.000205591 -0.000415128 -0.000415118 -0.00041512 -0.000415131 -0.000523794 -0.000523687 -0.000523688 -0.000523797
1.385 0 0 0 0 -0.000400044 -0.000400551 -0.000400555 -0.000400051 -0.000766736 -0.000766693 -0.000766695 -0.000766741 -0.000943832 -0.000943648 -0.000943646 -0.000943829
1.405 0 0 0 0 -0.000535274 -0.000535871 -0.000535871 -0.000535274 -0.00105768 -0.00105767 -0.00105767 -0.00105768 -0.00130822 -0.00130795 -0.00130795 -0.00130822
1.425 0 0 0 0 -0.000605799 -0.00060637 -0.00060637 -0.000605799 -0.00125159 -0.00125159 -0.00125159 -0.00125159 -0.00158579 -0.00158545 -0.00158545 -0.00158579
1.445 0 0 0 0 -0.000607681 -0.00060818 -0.00060818 -0.00060768 -0.00130647 -0.00130644 -0.00130644 -0.00130647 -0.00171062 -0.00171025 -0.00171025 -0.00171062
1.465 0 0 0 0 -0.000558711 -0.00055915 -0.00055915 -0.000558712 -0.00122373 -0.00122367 -0.00122367 -0.00122373 -0.00163662 -0.00163626 -0.00163626 -0.00163662
1.485 0 0 0 0 -0.000488692 -0.000489128 -0.000489128 -0.000488692 -0.00104218 -0.00104212 -0.00104212 -0.00104218 -0.00137601 -0.00137572 -0.00137572 -0.00137601
1.505 0 0 0 0 -0.000395711 -0.000396146 -0.000396147 -0.000395711 -0.000786949 -0.000786931 -0.000786931 -0.000786949 -0.000981491 -0.00098129 -0.00098129 -0.00098149
1.525 0 0 0 0 -0.000270338 -0.000270722 -0.000270722 -0.000270338 -0.000480023 -0.000480032 -0.000480032 -0.000480023 -0.00053903 -0.000538929 -0.000538929 -0.00053903
1.545 0 0 0 0 -0.000100921 -0.000101134 -0.000101134 -0.000100921 -0.000137929 -0.000137937 -0.000137937 -0.000137929 -0.000111721 -0.00011171 -0.00011171 -0.000111721
1.565 0 0 0 0 0.00010321 0.000103303 0.000103303 0.00010321 0.000217599 0.000217593 0.000217593 0.000217599 0.000282651 0.000282591 0.000282591 0.000282651
1.585 0 0 0 0 0.000296929 0.000297316 0.000297316 0.000296929 0.00055189 0.000551888 0.000551888 0.00055189 0.000649774 0.000649648 0.000649648 0.000649774
1.605 0 0 0 0 0.000429043 0.000429554 0.000429554 0.000429043 0.000822587 0.000822595 0.000822595 0.000822587 0.000986071 0.000985872 0.000985872 0.000986071
1.625 0 0 0 0 0.000466046 0.000466455 0.000466455 0.000466046 0.000975507 0.000975525 0.000975525 0.000975507 0.0012394 0.00123914 0.00123914 0.0012394
1.645 0 0 0 0 0.000437982 0.000438247 0.000438247 0.000437982 0.000996197 0.00099618 0.00099618 0.000996198 0.00134843 0.00134813 0.00134813 0.00134843
1.665 0 0 0 0 0.000387974 0.000388194 0.000388194 0.000387974 0.000905163 0.000905101 0.000905101 0.000905163 0.00126451 0.00126424 0.00126424 0.00126451
1.685 0 0 0 0 0.000329051 0.000329298 0.000329298 0.000329051 0.000729554 0.000729512 0.000729512 0.000729554 0.000987194 0.000986981 0.000986981 0.000987194
1.705 0 0 0 0 0.000251386 0.000251667 0.000251667 0.000251386 0.000488525 0.000488541 0.000488541 0.000488525 0.000586169 0.000586048 0.000586048 0.000586169
1.725 0 0 0 0 0.000113083 0.000113271 0.000113271 0.000113083 0.000169192 0.000169247 0.000169247 0.000169192 0.000134397 0.000134373 0.000134373 0.000134397
1.745 0 0 0 0 -8.5373e-05 -8.54178e-05 -8.54178e-05 -8.5373e-05 -0.000208151 -0.000208119 -0.000208119 -0.000208151 -0.000305469 -0.000305402 -0.000305402 -0.000305469
1.765 0 0 0 0 -0.000204848 -0.000204884 -0.000204884 -0.000204848 -0.000482684 -0.000482797 -0.000482797 -0.000482684 -0.000606942 -0.000606786 -0.000606786 -0.000606942
1.785 0 0 0 0 -0.000150743 -0.000150492 -0.000150492 -0.000150743 -0.000475394 -0.000475583 -0.000475583 -0.000475394 -0.000651428 -0.000651233 -0.000651233 -0.000651428
1.805 0 0 0 0 -0.000139738 -0.000139801 -0.000139801 -0.000139738 -0.000364353 -0.000364237 -0.000364237 -0.000364354 -0.000581729 -0.000581607 -0.000581607 -0.000581729
1.825 0 0 0 0 -0.000135584 -0.000135878 -0.000135878 -0.000135584 -0.000248901 -0.000248696 -0.000248696 -0.000248901 -0.00038737 -0.000387322 -0.000387322 -0.00038737
1.845 0 0 0 0 -9.60202e-05 -9.614e-05 -9.614e-05 -9.60202e-05 -0.000156844 -0.000156923 -0.000156923 -0.000156844 -0.000126387 -0.000126357 -0.000126357 -0.000126387
1.865 0 0 0 0 -3.25756e-05 -3.25703e-05 -3.25703e-05 -3.25756e-05 -2.45336e-05 -2.47312e-05 -2.47312e-05 -2.45336e-05 9.86499e-05 9.86481e-05 9.86481e-05 9.86499e-05
1.885 0 0 0 0 4.93471e-05 4.9269e-05 4.9269e-05 4.93471e-05 0.000164052 0.000164081 0.000164081 0.000164052 0.000246048 0.00024598 0.00024598 0.000246048
1.905 0 0 0 0 0.000144712 0.000144727 0.000144727 0.000144712 0.000317214 0.000317375 0.000317375 0.000317214 0.000340745 0.000340647 0.000340647 0.000340745
1.925 0 0 0 0 0.000215838 0.00021617 0.00021617 0.000215839 0.000375849 0.000375848 0.000375848 0.000375849 0.000417179 0.000417103 0.000417103 0.000417179
1.945 0 0 0 0 7.80266e-05 7.79907e-05 7.79907e-05 7.80267e-05 0.000221776 0.000221797 0.000221797 0.000221776 0.000320338 0.000320255 0.000320255 0.000320338
1.965 0 0 0 0 -0.000246118 -0.000246996 -0.000246996 -0.000246119 -0.00019057 -0.000190388 -0.000190388 -0.00019057 -6.34749e-05 -6.35454e-05 -6.35454e-05 -6.34749e-05
1.985 0 0 0 0 -0.000474349 -0.000475275 -0.000475275 -0.000474349 -0.000697637 -0.000697651 -0.000697651 -0.000697637 -0.000642362 -0.000642276 -0.000642276 -0.000642362
2.005 0 0 0 0 -0.00051356 -0.000513863 -0.000513863 -0.000513561 -0.00108508 -0.00108533 -0.00108533 -0.00108508 -0.00128036 -0.00128005 -0.00128005 -0.00128036
2.025 0 0 0 0 -0.000520561 -0.000520691 -0.000520691 -0.000520561 -0.00129415 -0.00129412 -0.00129412 -0.00129415 -0.00183649 -0.00183607 -0.00183607 -0.00183649
2.045 0 0 0 0 -0.000575142 -0.000575516 -0.000575516 -0.000575142 -0.00139701 -0.00139667 -0.00139667 -0.00139701 -0.00210584 -0.0021054 -0.0021054 -0.00210584
2.065 0 0 0 0 -0.000651267 -0.000651777 -0.000651802 -0.000651364 -0.00145394 -0.00145383 -0.00145386 -0.00145405 -0.00199858 -0.00199816 -0.00199818 -0.00199866
2.085 0 0 0 0 -0.000692873 -0.00069349 -0.000693479 -0.000692912 -0.00138831 -0.00138852 -0.00138852 -0.00138833 -0.00162634 -0.00162597 -0.00162598 -0.00162637
2.105 0 0 0 0 -0.000408621 -0.000408814 -0.000408829 -0.000408691 -0.000857455 -0.000857809 -0.000857813 -0.00085747 -0.000928535 -0.000928284 -0.00092828 -0.000928527
2.125 0 0 0 0 7.80387e-05 7.83176e-05 7.83106e-05 7.80252e-05 5.37323e-05 5.37282e-05 5.37244e-05 5.37212e-05 -2.54728e-05 -2.54512e-05 -2.54549e-05 -2.54851e-05
2.145 0 0 0 0 0.000112089 0.000111342 0.00011133 0.000112067 0.000495799 0.000496523 0.000496518 0.000495785 0.000499781 0.000499528 0.00049953 0.000499784
2.165 0 0 0 0 -0.000136596 -0.000137855 -0.000137856 -0.000136594 0.000248855 0.000249254 0.000249257 0.00024886 0.000569276 0.000568999 0.000568996 0.000569266
2.185 0 0 0 0 6.11625e-05 6.1751e-05 6.17501e-05 6.11598e-05 0.000118838 0.000117867 0.00011787 0.000118844 0.000610967 0.000610973 0.00061097 0.000610963
2.205 0 0 0 0 0.00107323 0.00107673 0.00107673 0.00107323 0.00119916 0.00119782 0.00119781 0.00119916 0.0013136 0.0013137 0.0013137 0.0013136
2.225 0 0 0 0 0.00233168 0.00233632 0.00233632 0.00233169 0.0033883 0.00338841 0.00338841 0.0033883 0.00304437 0.00304397 0.00304397 0.00304437
2.245 0 0 0 0 0.002449 0.00245084 0.00245084 0.002449 0.00475981 0.00476158 0.00476157 0.00475978 0.00493583 0.0049346 0.00493461 0.00493585
2.265 0 0 0 0 0.00140139 0.00139988 0.0013999 0.00140131 0.00422433 0.00422525 0.00422525 0.00422431 0.00601006 0.0060084 0.00600839 0.00601004
2.285 0 0 0 0 -0.001186 -0.00119284 -0.00119283 -0.00118611 0.000845013 0.000844683 0.00084449 0.000844355 0.00380818 0.00380662 0.00380657 0.00380797
2.305 0 0 0 0 -0.00176973 -0.001773 -0.00177306 -0.00176981 -0.00197758 -0.0019801 -0.00198017 -0.00197783 3.43847e-05 3.42738e-05 3.42992e-05 3.43033e-05
2.325 0 0 0 0 0.000336362 0.000342442 0.000342409 0.000336291 -0.00176693 -0.00176964 -0.0017696 -0.00176686 -0.00301307 -0.00301155 -0.00301151 -0.00301294
2.345 0 0 0 0 0.00114628 0.00115151 0.00115151 0.00114629 -0.000902671 -0.000900019 -0.000899996 -0.000902625 -0.00513219 -0.00513085 -0.00513084 -0.00513218
2.365 0 0 0 0 0.000552886 0.000554689 0.000554697 0.000552918 -0.00076613 -0.000762443 -0.000762464 -0.000766222 -0.00435401 -0.00435324 -0.00435322 -0.00435407
2.385 0 0 0 0 -0.0022533 -0.002258 -0.002258 -0.00225331 -0.00322531 -0.00322504 -0.003225 -0.00322524 -0.00302037 -0.00302 -0.00301994 -0.00302025
2.405 0 0 0 0 -0.00471669 -0.00472613 -0.00472613 -0.0047167 -0.00598455 -0.00598763 -0.00598766 -0.00598458 -0.00293904 -0.00293868 -0.0029387 -0.00293905
2.425 0 0 0 0 -0.00187731 -0.00187713 -0.00187713 -0.00187754 -0.0033699 -0.00337464 -0.00337468 -0.00336999 -0.00165341 -0.00165253 -0.00165257 -0.00165348
2.445 0 0 0 0 -0.00210258 -0.0021099 -0.00210982 -0.00210248 -0.00308173 -0.00307657 -0.00307661 -0.00308184 -0.00525407 -0.00525388 -0.00525388 -0.00525406
2.465 0 0 0 0 0.00114398 0.00114936 0.00114935 0.00114393 -0.000716179 -0.000714043 -0.000714212 -0.000716738 -0.00460453 -0.00460332 -0.00460333 -0.00460457
2.485 0 0 0 0 -9.89511e-06 -5.93601e-06 -6.06221e-06 -1.03162e-05 -0.00232991 -0.00233034 -0.00233038 -0.00233018 -0.00467907 -0.00467768 -0.00467782 -0.0046796
2.505 0 0 0 0 0.000851418 0.000858042 0.000857974 0.0008512 -0.00028292 -0.000287119 -0.000287058 -0.000282789 -4.43383e-05 -4.34014e-05 -4.34505e-05 -4.44062e-05
2.525 0 0 0 0 0.000352972 0.000349965 0.000349953 0.000352949 0.00243007 0.00243079 0.00243075 0.00242997 0.00414763 0.00414633 0.00414634 0.00414765
2.545 0 0 0 0 -0.000351765 -0.000361871 -0.000361861 -0.000351747 0.00355611 0.00356028 0.00356026 0.00355608 0.00611704 0.00611439 0.00611439 0.00611706
2.565 0 0 0 0 0.00155391 0.00155503 0.00155503 0.00155392 0.00417055 0.00416842 0.00416842 0.00417055 0.00707933 0.00707794 0.00707794 0.00707934
2.585 0 0 0 0 0.00330142 0.00331051 0.00331051 0.00330142 0.00461104 0.0046068 0.0046068 0.00461105 0.00605952 0.00605924 0.00605924 0.00605952
2.605 0 0 0 0 0.00397908 0.00398556 0.00398556 0.00397908 0.0061005 0.0061022 0.0061022 0.00610051 0.00516158 0.00516063 0.00516063 0.00516158
2.625 0 0 0 0 0.00142759 0.00142324 0.00142324 0.00142759 0.00411726 0.0041237 0.0041237 0.00411726 0.00315125 0.0031495 0.00314949 0.00315125
2.645 0 0 0 0 0.00082267 0.000824836 0.000824678 0.000822389 0.00168323 0.00168075 0.00168076 0.00168326 0.00330016 0.00329979 0.00329978 0.00330013
2.665 0 0 0 0 -0.00015147 -0.000148243 -0.000148268 -0.000151523 -0.000364619 -0.000370447 -0.000370448 -0.000364625 0.00225612 0.00225645 0.00225645 0.00225612
2.685 0 0 0 0 -0.0021657 -0.00217342 -0.00217339 -0.00216565 -0.00192571 -0.00192341 -0.00192341 -0.00192572 -0.00140883 -0.00140932 -0.00140933 -0.00140884
2.705 0 0 0 0 -0.00317526 -0.00318497 -0.00318496 -0.00317523 -0.00434407 -0.00433897 -0.00433897 -0.00434408 -0.00607124 -0.00607106 -0.00607105 -0.00607123
2.725 0 0 0 0 0.000129389 0.000139823 0.000139825 0.000129395 -0.00422589 -0.00423075 -0.00423075 -0.00422589 -0.00677479 -0.00677184 -0.00677184 -0.00677479
2.745 0 0 0 0 0.00435325 0.00437484 0.00437483 0.00435324 0.00107154 0.00106503 0.00106503 0.00107154 -0.00220732 -0.0022045 -0.0022045 -0.00220732
2.765 0 0 0 0 0.00171921 0.00171506 0.00171513 0.00171934 0.00422194 0.00423047 0.00423044 0.00422188 0.00183216 0.00183048 0.00183048 0.00183217
2.785 0 0 0 0 -0.00250467 -0.00252447 -0.00252443 -0.00250458 0.00221715 0.00222559 0.00222555 0.00221708 0.00497974 0.00497616 0.00497618 0.00497978
2.805 0 0 0 0 -0.00396541 -0.0039742 -0.00397419 -0.0039654 -0.00275892 -0.00276669 -0.00276671 -0.00275895 0.00473426 0.00473331 0.00473331 0.00473426
2.825 0 0 0 0 -0.00278769 -0.0027863 -0.0027863 -0.00278762 -0.00478793 -0.00479853 -0.00479882 -0.004789 -0.000447906 -0.000447196 -0.000447312 -0.000448647
2.845 0 0 0 0 -0.00118219 -0.00118407 -0.00118408 -0.00118221 -0.00371924 -0.00371397 -0.00371382 -0.00371898 -0.00826941 -0.00826814 -0.00826809 -0.00826931
2.865 0 0 0 0 0.00188462 0.00189164 0.00189163 0.00188459 -0.00189188 -0.00188353 -0.00188341 -0.0018916 -0.0111433 -0.0111409 -0.0111408 -0.0111431
2.885 0 0 0 0 0.00471539 0.00473824 0.00473823 0.0047154 0.000512664 0.000508791 0.000508789 0.000512564 -0.00531323 -0.00530989 -0.00530986 -0.0053135
2.905 0 0 0 0 -0.00171436 -0.00171876 -0.00171886 -0.00171455 -0.00184253 -0.00184292 -0.00184301 -0.00184259 -0.00073369 -0.000733702 -0.00073354 -0.000733361
2.925 0 0 0 0 -0.0070202 -0.00704663 -0.0070467 -0.0070203 -0.00395338 -0.00395079 -0.00395094 -0.00395363 0.00255557 0.00255273 0.00255275 0.00255563
2.945 0 0 0 0 -0.00615067 -0.00616788 -0.00616769 -0.00615004 -0.00497462 -0.00497782 -0.0049779 -0.00497489 0.00160867 0.00160731 0.00160729 0.00160863
2.965 0 0 0 0 -0.00156737 -0.00156472 -0.00156511 -0.00156826 -0.00443748 -0.00444243 -0.00444241 -0.00443746 -0.00416367 -0.00416189 -0.00416194 -0.00416378
2.985 0 0 0 0 0.00610958 0.00613374 0.00613373 0.00610947 0.0024811 0.00248072 0.00248074 0.00248114 -0.00528744 -0.00528442 -0.00528438 -0.00528737
3.005 0 0 0 0 0.00298781 0.00299097 0.00299109 0.00298803 0.00185481 0.00186731 0.0018673 0.00185484 -0.00715593 -0.00715529 -0.00715532 -0.007156
3.025 0 0 0 0 -0.00217359 -0.00218098 -0.00218093 -0.00217347 -0.00265391 -0.00265024 -0.00265044 -0.00265417 -0.00356754 -0.00356779 -0.00356796 -0.00356788
3.045 0 0 0 0 -0.00232031 -0.0023168 -0.0023168 -0.00232032 -0.00322037 -0.00323523 -0.0032355 -0.0032209 0.00415746 0.0041582 0.004158 0.00415708
3.065 0 0 0 0 -0.00365576 -0.00366758 -0.00366766 -0.00365611 -0.00165706 -0.0016612 -0.0016613 -0.0016573 0.00484778 0.00484617 0.00484614 0.00484769
3.085 0 0 0 0 -0.00073876 -0.000752269 -0.000752273 -0.000738765 0.00293847 0.002948 0.00294806 0.00293861 0.00290959 0.00290685 0.00290687 0.00290963
3.105 0 0 0 0 0.000876752 0.00087538 0.000875407 0.000876798 0.000952109 0.000958969 0.000959025 0.000952231 -0.00278327 -0.00278345 -0.00278345 -0.00278326
3.125 0 0 0 0 0.00269159 0.00271154 0.00271155 0.00269159 -0.00223834 -0.00224635 -0.00224634 -0.00223833 -0.00544428 -0.00544056 -0.00544055 -0.00544427
3.145 0 0 0 0 0.0067706 0.00680036 0.00680028 0.0067702 0.00392939 0.00391914 0.0039192 0.00392966 0.00139885 0.00140178 0.00140177 0.00139879
3.165 0 0 0 0 0.00075375 0.000739136 0.000739309 0.000754054 0.00600741 0.00602061 0.00602047 0.00600714 0.00509039 0.0050867 0.00508671 0.00509041
3.185 0 0 0 0 0.00349649 0.00349171 0.00349178 0.00349664 0.0112053 0.0112081 0.011208 0.0112052 0.0161532 0.0161486 0.0161486 0.0161532
3.205 0 0 0 0 -9.14921e-05 -9.99101e-05 -9.99177e-05 -9.15044e-05 0.00619395 0.00618877 0.00618878 0.00619397 0.0157026 0.0156988 0.0156988 0.0157027
3.225 0 0 0 0 0.00145477 0.00145672 0.00145666 0.00145448 0.00522864 0.00522062 0.00522052 0.00522812 0.0121042 0.0121023 0.0121023 0.0121042
3.245 0 0 0 0 0.00283347 0.00283576 0.00283563 0.00283308 0.00474969 0.00475298 0.00475329 0.00475033 0.00369587 0.00369504 0.00369503 0.00369603
3.265 0 0 0 0 0.00423151 0.00423969 0.00423965 0.00423126 0.00390135 0.00390834 0.0039083 0.00390127 -0.0024205 -0.0024201 -0.00242016 -0.00242066
3.285 0 0 0 0 0.0071992 0.00722547 0.00722558 0.0071993 0.00508032 0.00507574 0.00507557 0.00507989 0.000323971 0.000326286 0.00032619 0.000323768
3.305 0 0 0 0 -0.000844878 -0.000849734 -0.000849777 -0.000844975 -0.000138913 -0.000136866 -0.000136888 -0.000138951 0.000224156 0.000223483 0.000223459 0.000224105
3.325 0 0 0 0 -0.0100237 -0.0100581 -0.0100581 -0.0100238 -0.00825815 -0.00825212 -0.00825212 -0.00825814 -0.00292091 -0.00292339 -0.00292336 -0.00292085
3.345 0 0 0 0 -0.00898519 -0.00899946 -0.0089995 -0.00898534 -0.0125403 -0.0125485 -0.0125485 -0.0125402 -0.00697524 -0.00697374 -0.00697375 -0.00697526
3.365 0 0 0 0 -0.00483023 -0.00482552 -0.00482551 -0.00483018 -0.013069 -0.0130767 -0.0130768 -0.013069 -0.0153771 -0.0153722 -0.0153722 -0.015377
3.385 0 0 0 0 0.00154149 0.00155711 0.00155713 0.00154154 -0.00634471 -0.00633997 -0.00633997 -0.0063447 -0.0183315 -0.0183265 -0.0183265 -0.0183315
3.405 0 0 0 0 9.21661e-05 9.34031e-05 9.34019e-05 9.21523e-05 -0.0050208 -0.00500671 -0.0050067 -0.00502077 -0.0174268 -0.017424 -0.017424 -0.0174268
3.425 0 0 0 0 -0.00463572 -0.00464213 -0.00464212 -0.00463571 -0.00868202 -0.00868152 -0.00868222 -0.0086835 -0.0106953 -0.0106935 -0.0106938 -0.0106961
3.445 0 0 0 0 -0.00409026 -0.00408824 -0.00408877 -0.00409166 -0.00674931 -0.00676619 -0.00676634 -0.00674962 0.00088806 0.000889684 0.000889372 0.00088735
3.465 0 0 0 0 0.00014373 0.000141826 0.000141795 0.000143795 0.00384649 0.00384039 0.00384043 0.00384652 0.0106064 0.0106043 0.0106042 0.0106063
3.485 0 0 0 0 -0.000782201 -0.000809636 -0.0008095 -0.000781911 0.00760643 0.00762497 0.00762506 0.0076066 0.00866629 0.00866028 0.0086603 0.00866634
3.505 0 0 0 0 0.00946852 0.00948833 0.00948833 0.00946851 0.0137613 0.0137596 0.0137596 0.0137614 0.0134702 0.0134687 0.0134687 0.0134703
3.525 0 0 0 0 0.0161856 0.0162336 0.0162336 0.0161855 0.0195859 0.0195709 0.0195709 0.0195859 0.0202418 0.0202421 0.0202421 0.0202418
3.545 0 0 0 0 0.00708525 0.0070808 0.00708079 0.00708527 0.0175748 0.0175854 0.0175853 0.0175748 0.0197644 0.0197582 0.0197582 0.0197644
3.565 0 0 0 0 -0.000791248 -0.000823057 -0.000824019 -0.000794561 0.0109766 0.0109899 0.0109901 0.0109773 0.0184212 0.018413 0.018413 0.0184209
3.585 0 0 0 0 -0.000785849 -0.000787357 -0.000787529 -0.00078627 0.00303749 0.003023 0.00302195 0.00303474 0.0141555 0.0141534 0.0141533 0.0141553
3.605 0 0 0 0 0.00125194 0.00126711 0.00126725 0.00125228 -0.00063203 -0.0006473 -0.000647855 -0.000633445 0.0035759 0.0035777 0.00357776 0.00357596
3.625 0 0 0 0 0.000997077 0.000997248 0.000997329 0.000997265 -0.00111445 -0.00110349 -0.00110363 -0.00111483 -0.00932009 -0.00931921 -0.00931924 -0.00932033
3.645 0 0 0 0 0.00123397 0.00123673 0.00123672 0.00123401 -0.00290264 -0.00288863 -0.00288853 -0.00290243 -0.014858 -0.0148558 -0.0148559 -0.0148581
3.665 0 0 0 0 -0.00199206 -0.00198216 -0.00198222 -0.00199219 -0.00940894 -0.00941342 -0.00941333 -0.00940876 -0.0142429 -0.0142383 -0.0142384 -0.014243
3.685 0 0 0 0 -0.00928615 -0.00929545 -0.00929548 -0.0092862 -0.0160262 -0.0160353 -0.0160353 -0.0160262 -0.0133403 -0.0133368 -0.0133368 -0.0133403
3.705 0 0 0 0 -0.0132411 -0.0132716 -0.0132716 -0.0132411 -0.0173277 -0.0173265 -0.0173265 -0.0173277 -0.0141785 -0.0141775 -0.0141775 -0.0141785
3.725 0 0 0 0 -0.00831239 -0.008328 -0.00832799 -0.00831235 -0.0135165 -0.0135142 -0.0135142 -0.0135165 -0.0151579 -0.0151557 -0.0151557 -0.0151579
3.745 0 0 0 0 -0.000896347 -0.000885224 -0.000885212 -0.000896305 -0.00839716 -0.00839846 -0.00839845 -0.00839712 -0.0154702 -0.0154655 -0.0154655 -0.0154701
3.765 0 0 0 0 0.00756319 0.00759593 0.00759592 0.00756315 0.00215737 0.00215348 0.0021535 0.00215741 -0.00672524 -0.00672076 -0.00672075 -0.00672523
3.785 0 0 0 0 0.00516433 0.00516884 0.00516872 0.00516413 0.00805515 0.00806374 0.00806381 0.00805498 0.00388818 0.00388663 0.00388664 0.00388821
3.805 0 0 0 0 -0.00226924 -0.00229548 -0.00229558 -0.0022694 0.00635205 0.00636101 0.00636111 0.00635218 0.0130431 0.013037 0.013037 0.013043
3.825 0 0 0 0 -0.00199938 -0.00200989 -0.00200992 -0.00199944 0.00485753 0.00484503 0.00484506 0.00485763 0.0196503 0.0196462 0.0196462 0.0196503
3.845 0 0 0 0 0.00499844 0.00501211 0.00501212 0.00499845 0.0102176 0.010202 0.010202 0.0102175 0.0202103 0.0202081 0.0202081 0.0202103
3.865 0 0 0 0 0.00989976 0.00990943 0.00990945 0.0098998 0.017177 0.0171865 0.0171865 0.017177 0.0145125 0.0145087 0.0145087 0.0145125
3.885 0 0 0 0 0.00811196 0.00811271 0.00811273 0.008112 0.0146778 0.0146978 0.0146978 0.0146778 0.00723295 0.00722902 0.00722902 0.00723294
3.905 0 0 0 0 -0.000289886 -0.000289767 -0.000289768 -0.000289886 -0.000981267 -0.000982069 -0.000982069 -0.000981269 -0.00104014 -0.00103968 -0.00103968 -0.00104013
3.925 0 0 0 0 -0.000501563 -0.0004787 -0.000478698 -0.000501558 -0.00615336 -0.00617867 -0.00617867 -0.00615336 -0.000128311 -0.00012392 -0.000123919 -0.000128305
3.945 0 0 0 0 -0.0063964 -0.00641278 -0.00641279 -0.00639643 -0.00782328 -0.00782149 -0.00782149 -0.00782329 -0.00627507 -0.00627494 -0.00627494 -0.00627507
3.965 0 0 0 0 -0.0108099 -0.0108518 -0.0108518 -0.0108099 -0.0113594 -0.0113367 -0.0113367 -0.0113594 -0.0159803 -0.015982 -0.015982 -0.0159803
3.985 0 0 0 0 -0.00724671 -0.00724805 -0.00724804 -0.00724669 -0.0172528 -0.0172558 -0.0172558 -0.0172528 -0.0223302 -0.0223245 -0.0223246 -0.0223302
4.005 0 0 0 0 -0.000322916 -0.000284459 -0.000284459 -0.000322915 -0.0156761 -0.0156988 -0.0156988 -0.0156761 -0.0216808 -0.0216703 -0.0216703 -0.0216808
4.025 0 0 0 0 -0.00228485 -0.00228257 -0.00228257 -0.0022849 -0.00941555 -0.00940907 -0.00940905 -0.00941549 -0.0189353 -0.0189313 -0.0189313 -0.0189353
4.045 0 0 0 0 -0.00472897 -0.00475603 -0.00475605 -0.00472893 -0.0036431 -0.00362204 -0.00362257 -0.00364475 -0.00966453 -0.00966656 -0.00966657 -0.00966456
4.065 0 0 0 0 -0.00771513 -0.0077369 -0.00773691 -0.00771517 -0.00743237 -0.00743243 -0.00743249 -0.0074326 -0.00234907 -0.00235009 -0.00234996 -0.0023487
4.085 0 0 0 0 -0.011651 -0.0116683 -0.0116687 -0.011653 -0.0156907 -0.0157063 -0.0157062 -0.0156905 -0.00541388 -0.00541215 -0.0054122 -0.00541403
4.105 0 0 0 0 -0.00985792 -0.00987199 -0.00987264 -0.00986066 -0.0162533 -0.0162588 -0.0162587 -0.0162532 -0.0145651 -0.0145621 -0.0145621 -0.0145653
4.125 0 0 0 0 -0.00315634 -0.00315737 -0.00315779 -0.00315813 -0.011137 -0.011127 -0.011127 -0.0111369 -0.0227268 -0.0227225 -0.0227226 -0.022727
4.145 0 0 0 0 0.00484657 0.00487282 0.00487218 0.00484462 -0.00452353 -0.00451917 -0.00452015 -0.00452677 -0.0203291 -0.0203228 -0.0203231 -0.0203297
4.165 0 0 0 0 0.00748667 0.00751905 0.00751881 0.00748573 0.00224117 0.00223519 0.0022342 0.00223773 -0.00591416 -0.00590982 -0.00590969 -0.00591466
4.185 0 0 0 0 0.00453015 0.00453404 0.00453416 0.00453045 0.0103559 0.0103539 0.010354 0.0103563 0.014994 0.0149911 0.0149914 0.0149946
4.205 0 0 0 0 0.00156382 0.00153892 0.00153901 0.00156405 0.0175469 0.0175503 0.0175504 0.0175472 0.0326541 0.0326441 0.032644 0.032654
4.225 0 0 0 0 0.00198296 0.00195814 0.00195809 0.00198284 0.0194097 0.0194097 0.0194097 0.0194095 0.037409 0.0373982 0.0373982 0.037409
4.245 0 0 0 0 0.0151963 0.015226 0.015226 0.0151961 0.0274236 0.0274088 0.0274088 0.0274236 0.0384328 0.0384274 0.0384273 0.0384326
4.265 0 0 0 0 0.0203863 0.0204221 0.0204221 0.0203863 0.0316116 0.0316138 0.0316137 0.0316116 0.0303823 0.0303775 0.0303775 0.0303823
4.285 0 0 0 0 0.0187255 0.018747 0.0187471 0.0187258 0.031295 0.0313112 0.0313112 0.031295 0.025797 0.0257907 0.0257906 0.025797
4.305 0 0 0 0 0.0102282 0.0102348 0.0102332 0.0102235 0.0206316 0.0206354 0.0206355 0.0206319 0.0239707 0.0239651 0.0239649 0.0239703
4.325 0 0 0 0 -0.00323657 -0.00325032 -0.00325075 -0.00323766 0.00275347 0.0027432 0.00274312 0.00275338 0.0162731 0.0162694 0.0162694 0.0162733
4.345 0 0 0 0 -0.0159065 -0.0159482 -0.0159486 -0.0159073 -0.0162034 -0.0162087 -0.0162096 -0.016206 -0.00456814 -0.00457049 -0.00457083 -0.00456947
4.365 0 0 0 0 -0.0173093 -0.0173384 -0.0173383 -0.0173091 -0.0288587 -0.0288573 -0.0288574 -0.028859 -0.0315089 -0.0315034 -0.0315028 -0.0315077
4.385 0 0 0 0 -0.0141527 -0.0141515 -0.0141513 -0.0141523 -0.0384221 -0.0384191 -0.0384191 -0.0384222 -0.0579341 -0.0579204 -0.0579205 -0.057934
4.405 0 0 0 0 -0.0179226 -0.0179213 -0.0179212 -0.0179224 -0.0500244 -0.0500168 -0.0500169 -0.0500244 -0.0778652 -0.0778472 -0.0778472 -0.0778651
4.425 0 0 0 0 -0.0222332 -0.0222382 -0.0222385 -0.0222337 -0.0554852 -0.0554839 -0.0554837 -0.0554847 -0.0789116 -0.0788933 -0.0788933 -0.0789117
4.445 0 0 0 0 -0.0266038 -0.0266345 -0.0266385 -0.02662 -0.0541771 -0.0541848 -0.0541903 -0.0541923 -0.0664317 -0.0664182 -0.0664198 -0.0664361
4.465 0 0 0 0 -0.0267543 -0.0268028 -0.0268072 -0.0267742 -0.0452931 -0.0452965 -0.0452993 -0.0453006 -0.0485608 -0.0485525 -0.0485531 -0.0485622
4.485 0 0 0 0 -0.0208929 -0.0209363 -0.0209397 -0.020907 -0.0322812 -0.0322796 -0.0322796 -0.0322829 -0.0329927 -0.0329881 -0.0329884 -0.0329933
4.505 0 0 0 0 -0.00809522 -0.0081064 -0.00810746 -0.00810317 -0.0158903 -0.015892 -0.0158923 -0.0158923 -0.0189811 -0.018977 -0.0189771 -0.0189813
4.525 0 0 0 0 0.00927227 0.00930615 0.00930655 0.00927328 0.00665878 0.00665229 0.00665165 0.00665568 0.000564921 0.000567475 0.000567162 0.000563525
4.545 0 0 0 0 0.0175019 0.0175317 0.0175317 0.0175017 0.0263582 0.0263641 0.026364 0.026358 0.0224318 0.0224279 0.0224278 0.0224311
4.565 0 0 0 0 0.0224095 0.0224314 0.0224309 0.0224081 0.0439874 0.0439924 0.0439921 0.0439866 0.0512777 0.0512665 0.0512666 0.0512779
4.585 0 0 0 0 0.022847 0.0228591 0.0228588 0.0228462 0.0538016 0.0537971 0.0537969 0.0538007 0.0757726 0.0757559 0.0757559 0.0757726
4.605 0 0 0 0 0.0253216 0.0253357 0.0253357 0.025321 0.0612746 0.0612638 0.0612637 0.0612742 0.0903001 0.0902807 0.0902807 0.0903
4.625 0 0 0 0 0.0300415 0.0300641 0.0300645 0.0300423 0.067015 0.0670111 0.0670112 0.067015 0.0909267 0.090907 0.0909069 0.0909266
4.645 0 0 0 0 0.026939 0.0269509 0.02695 0.026942 0.0593982 0.0594107 0.059411 0.0593942 0.0729102 0.0728923 0.0728921 0.0729096
4.665 0 0 0 0 0.0195969 0.0196121 0.0196116 0.019594 0.0393816 0.0393876 0.0393873 0.0393819 0.0462458 0.0462352 0.0462351 0.0462453
4.685 0 0 0 0 0.00493978 0.00495086 0.0049543 0.00494448 0.00854794 0.00854264 0.00854352 0.00855013 0.0120695 0.0120681 0.0120683 0.0120698
4.705 0 0 0 0 -0.00874067 -0.00874446 -0.00874526 -0.00874318 -0.0189601 -0.0189679 -0.0189675 -0.0189599 -0.0211511 -0.0211453 -0.0211454 -0.021151
4.725 0 0 0 0 -0.0215713 -0.0215988 -0.0215998 -0.0215732 -0.0420735 -0.0420695 -0.0420697 -0.0420742 -0.0533142 -0.053304 -0.053304 -0.0533144
4.745 0 0 0 0 -0.031139 -0.0311765 -0.0311767 -0.0311394 -0.0621766 -0.0621686 -0.0621687 -0.062177 -0.0809612 -0.0809456 -0.0809456 -0.0809614
4.765 0 0 0 0 -0.036181 -0.0362093 -0.0362089 -0.0361807 -0.0775071 -0.0775085 -0.0775083 -0.0775071 -0.0999934 -0.0999715 -0.0999715 -0.0999934
4.785 0 0 0 0 -0.0379165 -0.0379402 -0.0379394 -0.0379148 -0.0834618 -0.0834668 -0.0834668 -0.0834617 -0.107895 -0.10787 -0.10787 -0.107894
4.805 0 0 0 0 -0.0351018 -0.0351281 -0.035129 -0.0351021 -0.0766165 -0.076615 -0.0766148 -0.0766155 -0.101411 -0.101389 -0.101389 -0.101411
4.825 0 0 0 0 -0.0274592 -0.0274975 -0.0275069 -0.0275056 -0.0592856 -0.0592915 -0.0593006 -0.0593192 -0.0800088 -0.0799938 -0.0799954 -0.0800157
4.845 0 0 0 0 -0.02283 -0.0228677 -0.022868 -0.0228468 -0.0434816 -0.0434806 -0.0434816 -0.043492 -0.0547031 -0.0546939 -0.054695 -0.0547069
4.865 0 0 0 0 -0.00903909 -0.00904621 -0.00904594 -0.00904616 -0.0184319 -0.0184413 -0.0184408 -0.0184334 -0.0193317 -0.0193261 -0.0193255 -0.0193302
4.885 0 0 0 0 0.00505689 0.00506653 0.00506788 0.00506124 0.0101723 0.0101672 0.0101676 0.0101728 0.0151046 0.0151021 0.0151018 0.0151041
4.905 0 0 0 0 0.0170513 0.0170595 0.017059 0.0170496 0.0371858 0.0371924 0.0371921 0.0371846 0.0454663 0.0454554 0.0454556 0.0454666
4.925 0 0 0 0 0.0252489 0.0252633 0.0252623 0.0252464 0.0550675 0.0550737 0.0550733 0.0550663 0.0691078 0.0690915 0.0690914 0.0691074
4.945 0 0 0 0 0.0324532 0.0324896 0.0324891 0.0324517 0.0658884 0.0658797 0.0658794 0.0658875 0.0866988 0.0866818 0.0866817 0.0866986
4.965 0 0 0 0 0.0405831 0.0406386 0.0406383 0.0405822 0.0780355 0.0780217 0.0780214 0.0780345 0.100591 0.100573 0.100573 0.100591
4.985 0 0 0 0 0.0403432 0.0403771 0.0403771 0.0403418 0.0838198 0.083826 0.083826 0.0838197 0.103693 0.10367 0.10367 0.103693
5.005 0 0 0 0 0.0328924 0.0329152 0.0329145 0.0329025 0.0750021 0.0750166 0.0750157 0.0750021 0.0947841 0.0947609 0.0947608 0.0947841
5.025 0 0 0 0 0.025261 0.0252864 0.0252953 0.0252724 0.0553625 0.0553556 0.0553554 0.0553623 0.0766923 0.0766764 0.0766761 0.0766921
5.045 0 0 0 0 0.0159054 0.0159286 0.0159233 0.0158988 0.0324426 0.0324249 0.0324252 0.0324388 0.0478975 0.0478882 0.0478881 0.0478958
5.065 0 0 0 0 0.00629371 0.00630053 0.00629722 0.00628801 0.0120988 0.0121001 0.0121004 0.0120985 0.0136473 0.0136442 0.0136443 0.0136475
5.085 0 0 0 0 -0.00169571 -0.00169695 -0.0016973 -0.00169669 -0.00736395 -0.00735402 -0.0073548 -0.00736597 -0.017666 -0.0176626 -0.0176621 -0.0176648
5.105 0 0 0 0 -0.00971875 -0.0097151 -0.00971467 -0.00971806 -0.0275752 -0.0275752 -0.0275753 -0.0275754 -0.0412279 -0.0412179 -0.0412183 -0.0412286
5.125 0 0 0 0 -0.0144693 -0.0144611 -0.014461 -0.0144693 -0.0388954 -0.0389072 -0.0389072 -0.0388955 -0.0512893 -0.0512749 -0.0512747 -0.0512889
5.145 0 0 0 0 -0.0165083 -0.0165161 -0.0165161 -0.0165083 -0.0376398 -0.0376427 -0.0376426 -0.0376397 -0.0493352 -0.0493238 -0.049324 -0.0493357
5.165 0 0 0 0 -0.0166819 -0.0167103 -0.0167103 -0.0166826 -0.0304269 -0.0304163 -0.0304164 -0.030427 -0.0402229 -0.0402165 -0.0402164 -0.0402227
5.185 0 0 0 0 -0.022474 -0.0225246 -0.0225243 -0.0224736 -0.03324 -0.0332268 -0.0332267 -0.0332399 -0.037467 -0.0374634 -0.0374634 -0.0374672
5.205 0 0 0 0 -0.0290675 -0.0291203 -0.02912 -0.0290684 -0.0457875 -0.0457888 -0.0457888 -0.0457874 -0.0453375 -0.0453303 -0.0453302 -0.0453375
5.225 0 0 0 0 0.000747992 0.000811591 0.00081199 0.000748546 -0.021275 -0.0213168 -0.0213167 -0.0212748 -0.026236 -0.0262205 -0.0262204 -0.026236
5.245 0 0 0 0 0.0300429 0.0301356 0.0301354 0.0300421 0.0272283 0.0272202 0.0272202 0.0272283 0.00922029 0.00922593 0.009226 0.00922042
5.265 0 0 0 0 0.0462439 0.0462954 0.0462955 0.0462445 0.077998 0.0780376 0.0780375 0.0779976 0.0655038 0.0654879 0.0654879 0.065504
5.285 0 0 0 0 0.0609943 0.0610564 0.0610528 0.0609877 0.119931 0.119937 0.119938 0.119932 0.144368 0.144338 0.144338 0.144368
5.305 0 0 0 0 0.0618553 0.0618632 0.0618523 0.0617736 0.141644 0.141612 0.141613 0.141645 0.206678 0.206636 0.206635 0.206678
5.325 0 0 0 0 0.0615991 0.0615736 0.0615541 0.061498 0.157383 0.157329 0.157306 0.157295 0.233522 0.233457 0.233452 0.2335
5.345 0 0 0 0 0.0640543 0.06407 0.0640265 0.0640618 0.158362 0.158336 0.15831 0.158264 0.215412 0.215348 0.215343 0.215388
5.365 0 0 0 0 0.0747298 0.0749209 0.0749314 0.0751575 0.143576 0.143622 0.143614 0.143641 0.172021 0.171977 0.171977 0.172016
5.385 0 0 0 0 0.0568745 0.0571621 0.0572232 0.0575572 0.0928954 0.0929552 0.0929809 0.0929919 0.0972419 0.0972207 0.097222 0.0972417
5.405 0 0 0 0 -0.0263036 -0.026446 -0.0264773 -0.0264922 -0.0283195 -0.0282771 -0.028285 -0.0283465 -0.0356624 -0.0356652 -0.0356633 -0.0356582
5.425 0 0 0 0 -0.116673 -0.116972 -0.116978 -0.116928 -0.180723 -0.180713 -0.180719 -0.180756 -0.192045 -0.19202 -0.192025 -0.192055
5.445 0 0 0 0 -0.16377 -0.164063 -0.164069 -0.164175 -0.30816 -0.308251 -0.308268 -0.308243 -0.344814 -0.344736 -0.34474 -0.344818
5.465 0 0 0 0 -0.150619 -0.150729 -0.150748 -0.151113 -0.349367 -0.349491 -0.349515 -0.349474 -0.448782 -0.448666 -0.448668 -0.448785
5.485 0 0 0 0 -0.0917364 -0.0918308 -0.0918704 -0.0918461 -0.288079 -0.288106 -0.288088 -0.288123 -0.44763 -0.447509 -0.447498 -0.447604
5.505 0 0 0 0 -0.0615306 -0.0615999 -0.0617206 -0.0618036 -0.198558 -0.198604 -0.198696 -0.198899 -0.349771 -0.349731 -0.349767 -0.349901
5.525 0 0 0 0 -0.121269 -0.121146 -0.121136 -0.120738 -0.194483 -0.194113 -0.193962 -0.193888 -0.245662 -0.24564 -0.245623 -0.245641
5.545 0 0 0 0 -0.186262 -0.185067 -0.184953 -0.183801 -0.236238 -0.236209 -0.236113 -0.236003 -0.171388 -0.171387 -0.171406 -0.171445
5.565 0 0 0 0 -0.14944 -0.147379 -0.147167 -0.145585 -0.179548 -0.179587 -0.179536 -0.179382 -0.092232 -0.0922085 -0.0921793 -0.0921875
5.585 0 0 0 0 -0.0800733 -0.0796951 -0.0794258 -0.0785059 -0.0463954 -0.0465145 -0.0466736 -0.0468989 -0.0403919 -0.0403896 -0.0403808 -0.0403548
5.605 0 0 0 0 -0.01445 -0.015334 -0.015932 -0.0162459 0.0470272 0.0472529 0.0472139 0.0469457 -0.00476206 -0.00479638 -0.00478059 -0.00472593
5.625 0 0 0 0 0.0900804 0.0899712 0.0897792 0.0891898 0.0889568 0.0888982 0.0889366 0.0890485 0.075163 0.0751689 0.0751747 0.0751764
5.645 0 0 0 0 0.181191 0.181365 0.18135 0.180419 0.168568 0.168276 0.168325 0.168668 0.197473 0.197504 0.197469 0.197402
5.665 0 0 0 0 0.19731 0.196771 0.196841 0.196163 0.298448 0.298336 0.298271 0.298208 0.319693 0.319643 0.319649 0.319711
5.685 0 0 0 0 0.1747 0.173385 0.173333 0.172807 0.387216 0.387305 0.387222 0.386856 0.431219 0.431067 0.431026 0.431141
5.705 0 0 0 0 0.17901 0.178201 0.178249 0.178541 0.386519 0.38637 0.386327 0.386282 0.518935 0.518829 0.518834 0.518952
5.725 0 0 0 0 0.205081 0.205861 0.205607 0.205104 0.361756 0.361621 0.361702 0.362058 0.540215 0.540167 0.54022 0.540302
5.745 0 0 0 0 0.175636 0.175759 0.175643 0.175711 0.352163 0.352182 0.352202 0.35231 0.456839 0.456697 0.456667 0.456713
5.765 0 0 0 0 0.145088 0.14724 0.148256 0.152954 0.317497 0.318409 0.318775 0.319106 0.331849 0.331705 0.331702 0.331837
5.785 0 0 0 0 0.162767 0.165401 0.165831 0.172016 0.239254 0.239268 0.23923 0.239002 0.219239 0.219241 0.219313 0.219426
