0.01 0 0 0 0 6.98033e-07 7.00045e-07 7.00042e-07 6.98014e-07 7.46488e-07 7.45794e-07 7.45794e-07 7.46481e-07 7.41309e-07 7.41383e-07 7.41382e-07 7.41309e-07
0.03 0 0 0 0 -2.85826e-06 -2.86874e-06 -2.86875e-06 -2.85831e-06 -2.96859e-06 -2.9649e-06 -2.9649e-06 -2.96861e-06 -2.92141e-06 -2.92185e-06 -2.92185e-06 -2.92142e-06
0.05 0 0 0 0 -8.09789e-06 -8.11792e-06 -8.11806e-06 -8.0984e-06 -1.08284e-05 -1.08244e-05 -1.08245e-05 -1.08286e-05 -1.0721e-05 -1.07204e-05 -1.07204e-05 -1.07211e-05
0.07 0 0 0 0 -1.28165e-05 -1.28367e-05 -1.2837e-05 -1.28178e-05 -2.14216e-05 -2.14225e-05 -2.14228e-05 -2.14224e-05 -2.27058e-05 -2.27018e-05 -2.27019e-05 -2.27059e-05
0.09 0 0 0 0 -1.68773e-05 -1.68971e-05 -1.68978e-05 -1.68801e-05 -3.23716e-05 -3.23736e-05 -3.2374e-05 -3.23728e-05 -3.8169e-05 -3.81612e-05 -3.81615e-05 -3.81699e-05
0.11 0 0 0 0 -2.09627e-05 -2.09864e-05 -2.09874e-05 -2.09661e-05 -4.24721e-05 -4.24695e-05 -4.24702e-05 -4.24744e-05 -5.46478e-05 -5.4637e-05 -5.46374e-05 -5.46492e-05
0.13 0 0 0 0 -2.49955e-05 -2.50231e-05 -2.50243e-05 -2.49999e-05 -5.1717e-05 -5.1712e-05 -5.1713e-05 -5.17202e-05 -6.84422e-05 -6.84287e-05 -6.84293e-05 -6.84441e-05
0.15 0 0 0 0 -2.88051e-05 -2.88343e-05 -2.88357e-05 -2.88101e-05 -5.97424e-05 -5.97406e-05 -5.97417e-05 -5.97458e-05 -7.72474e-05 -7.72315e-05 -7.72322e-05 -7.72494e-05
0.17 0 0 0 0 -3.19727e-05 -3.2006e-05 -3.20075e-05 -3.19781e-05 -6.47575e-05 -6.47587e-05 -6.47597e-05 -6.47608e-05 -8.09e-05 -8.08832e-05 -8.08838e-05 -8.09019e-05
0.19 0 0 0 0 -3.30254e-05 -3.30639e-05 -3.30654e-05 -3.30307e-05 -6.48958e-05 -6.48956e-05 -6.48966e-05 -6.48989e-05 -7.99687e-05 -7.99528e-05 -7.99534e-05 -7.99706e-05
0.21 0 0 0 0 -3.06796e-05 -3.0717e-05 -3.07183e-05 -3.06844e-05 -6.00711e-05 -6.00688e-05 -6.00698e-05 -6.00741e-05 -7.48443e-05 -7.48297e-05 -7.48302e-05 -7.48461e-05
0.23 0 0 0 0 -2.53119e-05 -2.53395e-05 -2.53407e-05 -2.53162e-05 -5.13848e-05 -5.13831e-05 -5.1384e-05 -5.13876e-05 -6.55397e-05 -6.55265e-05 -6.5527e-05 -6.55414e-05
0.25 0 0 0 0 -1.85619e-05 -1.85781e-05 -1.85791e-05 -1.85653e-05 -3.97036e-05 -3.97034e-05 -3.97041e-05 -3.97059e-05 -5.18959e-05 -5.18849e-05 -5.18853e-05 -5.18973e-05
0.27 0 0 0 0 -1.22462e-05 -1.22574e-05 -1.2258e-05 -1.22484e-05 -2.62009e-05 -2.61999e-05 -2.62004e-05 -2.62025e-05 -3.46609e-05 -3.46537e-05 -3.4654e-05 -3.46619e-05
0.29 0 0 0 0 -6.94433e-06 -6.95539e-06 -6.95564e-06 -6.94524e-06 -1.26319e-05 -1.26296e-05 -1.26298e-05 -1.26326e-05 -1.57736e-05 -1.5771e-05 -1.57711e-05 -1.5774e-05
0.31 0 0 0 0 -9.56168e-07 -9.61617e-07 -9.61546e-07 -9.55961e-07 7.7955e-07 7.79577e-07 7.79642e-07 7.79728e-07 3.26251e-06 3.26133e-06 3.26136e-06 3.26262e-06
0.33 0 0 0 0 3.92931e-06 3.92736e-06 3.92726e-06 3.92904e-06 1.15076e-05 1.15068e-05 1.15067e-05 1.15075e-05 1.78713e-05 1.7867e-05 1.7867e-05 1.78713e-05
0.35 0 0 0 0 9.34358e-06 9.35033e-06 9.35044e-06 9.34378e-06 2.09673e-05 2.09662e-05 2.09662e-05 2.09673e-05 2.85018e-05 2.84956e-05 2.84956e-05 2.85018e-05
0.37 0 0 0 0 1.2877e-05 1.28884e-05 1.28883e-05 1.28769e-05 2.68597e-05 2.68606e-05 2.68606e-05 2.68597e-05 3.3835e-05 3.38277e-05 3.38277e-05 3.38351e-05
0.39 0 0 0 0 1.34081e-05 1.34193e-05 1.34193e-05 1.34081e-05 2.76739e-05 2.76758e-05 2.76758e-05 2.76738e-05 3.42281e-05 3.42206e-05 3.42206e-05 3.42281e-05
0.41 0 0 0 0 1.15754e-05 1.15861e-05 1.15862e-05 1.15754e-05 2.41464e-05 2.41462e-05 2.41462e-05 2.41464e-05 3.09127e-05 3.09061e-05 3.09061e-05 3.09127e-05
0.43 0 0 0 0 7.56341e-06 7.56931e-06 7.56929e-06 7.56336e-06 1.70903e-05 1.70889e-05 1.70889e-05 1.70903e-05 2.34774e-05 2.34723e-05 2.34723e-05 2.34774e-05
0.45 0 0 0 0 1.59998e-06 1.59517e-06 1.59518e-06 1.59999e-06 6.55131e-06 6.55192e-06 6.55192e-06 6.55129e-06 1.08087e-05 1.08057e-05 1.08057e-05 1.08087e-05
0.47 0 0 0 0 -3.62029e-06 -3.62837e-06 -3.62837e-06 -3.62028e-06 -5.12252e-06 -5.12183e-06 -5.12182e-06 -5.1225e-06 -4.80321e-06 -4.80272e-06 -4.80272e-06 -4.80321e-06
0.49 0 0 0 0 -7.433e-06 -7.43789e-06 -7.4379e-06 -7.43302e-06 -1.60962e-05 -1.6097e-05 -1.6097e-05 -1.60962e-05 -2.07399e-05 -2.07353e-05 -2.07353e-05 -2.07399e-05
0.51 0 0 0 0 -1.17356e-05 -1.17436e-05 -1.17436e-05 -1.17356e-05 -2.62407e-05 -2.62397e-05 -2.62397e-05 -2.62407e-05 -3.54281e-05 -3.54203e-05 -3.54203e-05 -3.54281e-05
0.53 0 0 0 0 -1.51365e-05 -1.51478e-05 -1.51478e-05 -1.51365e-05 -3.32959e-05 -3.3294e-05 -3.3294e-05 -3.32959e-05 -4.49085e-05 -4.48988e-05 -4.48988e-05 -4.49085e-05
0.55 0 0 0 0 -1.89655e-05 -1.89856e-05 -1.89856e-05 -1.89655e-05 -3.90419e-05 -3.90396e-05 -3.90396e-05 -3.90419e-05 -5.03608e-05 -5.03505e-05 -5.03505e-05 -5.03608e-05
0.57 0 0 0 0 -1.82571e-05 -1.82721e-05 -1.8272e-05 -1.82569e-05 -3.84463e-05 -3.84487e-05 -3.84488e-05 -3.84466e-05 -4.8184e-05 -4.81733e-05 -4.81733e-05 -4.8184e-05
0.59 0 0 0 0 -1.57534e-05 -1.57676e-05 -1.57693e-05 -1.57583e-05 -3.29408e-05 -3.29425e-05 -3.29431e-05 -3.29429e-05 -4.15721e-05 -4.15632e-05 -4.15637e-05 -4.15734e-05
0.61 0 0 0 0 -1.3317e-05 -1.33353e-05 -1.33354e-05 -1.33185e-05 -2.56162e-05 -2.56121e-05 -2.56123e-05 -2.56171e-05 -3.30212e-05 -3.30152e-05 -3.30153e-05 -3.30217e-05
0.63 0 0 0 0 -7.15934e-06 -7.16627e-06 -7.16638e-06 -7.16025e-06 -1.49698e-05 -1.49691e-05 -1.49695e-05 -1.49709e-05 -1.96674e-05 -1.96635e-05 -1.96639e-05 -1.96684e-05
0.65 0 0 0 0 -2.3712e-07 -2.31764e-07 -2.32265e-07 -2.38278e-07 -2.87097e-06 -2.87429e-06 -2.87435e-06 -2.87115e-06 -4.05438e-06 -4.05258e-06 -4.05249e-06 -4.05429e-06
0.67 0 0 0 0 5.22851e-06 5.2354e-06 5.23568e-06 5.22923e-06 9.64742e-06 9.64682e-06 9.64695e-06 9.64764e-06 1.17159e-05 1.17137e-05 1.17138e-05 1.17159e-05
0.69 0 0 0 0 9.1314e-06 9.13485e-06 9.13475e-06 9.13126e-06 2.05178e-05 2.05209e-05 2.05209e-05 2.05176e-05 2.59843e-05 2.5978e-05 2.5978e-05 2.59842e-05
0.71 0 0 0 0 1.32982e-05 1.33084e-05 1.33083e-05 1.3298e-05 2.90902e-05 2.90901e-05 2.90901e-05 2.90902e-05 3.82305e-05 3.82222e-05 3.82222e-05 3.82306e-05
0.73 0 0 0 0 1.55212e-05 1.55354e-05 1.55355e-05 1.55215e-05 3.32908e-05 3.32878e-05 3.32878e-05 3.32908e-05 4.4715e-05 4.47057e-05 4.47057e-05 4.4715e-05
0.75 0 0 0 0 1.94073e-05 1.94321e-05 1.9432e-05 1.94071e-05 3.83642e-05 3.83595e-05 3.83594e-05 3.83641e-05 4.9254e-05 4.92445e-05 4.92445e-05 4.9254e-05
0.77 0 0 0 0 1.91739e-05 1.91916e-05 1.91917e-05 1.91739e-05 3.88079e-05 3.881e-05 3.88101e-05 3.8808e-05 4.76802e-05 4.767e-05 4.767e-05 4.76802e-05
0.79 0 0 0 0 2.28679e-05 2.29005e-05 2.29005e-05 2.28679e-05 4.20344e-05 4.2032e-05 4.2032e-05 4.20344e-05 4.99285e-05 4.99192e-05 4.99192e-05 4.99286e-05
0.81 0 0 0 0 2.05748e-05 2.06e-05 2.06e-05 2.05747e-05 3.97327e-05 3.9732e-05 3.9732e-05 3.97327e-05 4.8312e-05 4.83023e-05 4.83023e-05 4.83119e-05
0.83 0 0 0 0 1.43038e-05 1.43099e-05 1.431e-05 1.43039e-05 3.20242e-05 3.20261e-05 3.20261e-05 3.20242e-05 4.22245e-05 4.22148e-05 4.22148e-05 4.22245e-05
0.85 0 0 0 0 1.05448e-05 1.05525e-05 1.05525e-05 1.05448e-05 2.43429e-05 2.43395e-05 2.43395e-05 2.43429e-05 3.45988e-05 3.45914e-05 3.45914e-05 3.45988e-05
0.87 0 0 0 0 8.84063e-06 8.85409e-06 8.85408e-06 8.84062e-06 1.76112e-05 1.76056e-05 1.76056e-05 1.76112e-05 2.42493e-05 2.4245e-05 2.4245e-05 2.42493e-05
0.89 0 0 0 0 5.0206e-06 5.02534e-06 5.02534e-06 5.02062e-06 9.21305e-06 9.21517e-06 9.21517e-06 9.21305e-06 9.89816e-06 9.89597e-06 9.89598e-06 9.89817e-06
0.91 0 0 0 0 6.7182e-06 6.73704e-06 6.73704e-06 6.71819e-06 6.79433e-06 6.79341e-06 6.7934e-06 6.79433e-06 3.17007e-06 3.17088e-06 3.17088e-06 3.17006e-06
0.93 0 0 0 0 1.46294e-06 1.46794e-06 1.46794e-06 1.46294e-06 -1.45737e-07 -1.42705e-07 -1.42704e-07 -1.45734e-07 -4.21857e-06 -4.21756e-06 -4.21755e-06 -4.21856e-06
0.95 0 0 0 0 -2.97835e-06 -2.98158e-06 -2.98158e-06 -2.97835e-06 -5.24349e-06 -5.24303e-06 -5.24303e-06 -5.24349e-06 -6.43367e-06 -6.43252e-06 -6.43253e-06 -6.43368e-06
0.97 0 0 0 0 -7.98308e-06 -7.99864e-06 -7.99865e-06 -7.98309e-06 -1.17431e-05 -1.17444e-05 -1.17444e-05 -1.17431e-05 -1.01522e-05 -1.01508e-05 -1.01508e-05 -1.01522e-05
0.99 0 0 0 0 -9.30253e-06 -9.31685e-06 -9.31685e-06 -9.30252e-06 -1.53324e-05 -1.53352e-05 -1.53352e-05 -1.53323e-05 -1.47471e-05 -1.47443e-05 -1.47443e-05 -1.47471e-05
1.01 0 0 0 0 -6.32531e-06 -6.32713e-06 -6.32713e-06 -6.32532e-06 -1.40129e-05 -1.40145e-05 -1.40145e-05 -1.40129e-05 -1.81737e-05 -1.81695e-05 -1.81695e-05 -1.81737e-05
1.03 0 0 0 0 -4.11235e-06 -4.1123e-06 -4.1123e-06 -4.11235e-06 -1.2443e-05 -1.24392e-05 -1.24392e-05 -1.2443e-05 -2.07472e-05 -2.07425e-05 -2.07425e-05 -2.07472e-05
1.05 0 0 0 0 3.23014e-06 3.2516e-06 3.2516e-06 3.23014e-06 -3.34576e-06 -3.34834e-06 -3.34834e-06 -3.34576e-06 -1.13149e-05 -1.13103e-05 -1.13103e-05 -1.13149e-05
1.07 0 0 0 0 4.45569e-06 4.46634e-06 4.46634e-06 4.45569e-06 4.04581e-06 4.04612e-06 4.04612e-06 4.04581e-06 1.16545e-06 1.16617e-06 1.16617e-06 1.16545e-06
1.09 0 0 0 0 5.05443e-06 5.0546e-06 5.0546e-06 5.05443e-06 1.33313e-05 1.33333e-05 1.33333e-05 1.33313e-05 1.80796e-05 1.80748e-05 1.80748e-05 1.80796e-05
1.11 0 0 0 0 9.38724e-06 9.39236e-06 9.39236e-06 9.38724e-06 2.43029e-05 2.42996e-05 2.42996e-05 2.43029e-05 3.58518e-05 3.58438e-05 3.58438e-05 3.58518e-05
1.13 0 0 0 0 1.30838e-05 1.30881e-05 1.30881e-05 1.30838e-05 3.08751e-05 3.08716e-05 3.08716e-05 3.08751e-05 4.48058e-05 4.47961e-05 4.47961e-05 4.48058e-05
1.15 0 0 0 0 2.54646e-05 2.55045e-05 2.55045e-05 2.54646e-05 4.56355e-05 4.56266e-05 4.56266e-05 4.56355e-05 5.65268e-05 5.65173e-05 5.65173e-05 5.65268e-05
1.17 0 0 0 0 2.9966e-05 3.00049e-05 3.00049e-05 2.9966e-05 5.54747e-05 5.5479e-05 5.5479e-05 5.54747e-05 6.25285e-05 6.25157e-05 6.25157e-05 6.25285e-05
1.19 0 0 0 0 3.23044e-05 3.23416e-05 3.23416e-05 3.23044e-05 6.20368e-05 6.20427e-05 6.20427e-05 6.20368e-05 7.14882e-05 7.14731e-05 7.14731e-05 7.14882e-05
1.21 0 0 0 0 3.03361e-05 3.03687e-05 3.03687e-05 3.03361e-05 6.11992e-05 6.1195e-05 6.1195e-05 6.11992e-05 7.85805e-05 7.85647e-05 7.85647e-05 7.85805e-05
1.23 0 0 0 0 2.62433e-05 2.62675e-05 2.62675e-05 2.62433e-05 5.7082e-05 5.70722e-05 5.70722e-05 5.7082e-05 7.97117e-05 7.96956e-05 7.96956e-05 7.97117e-05
1.25 0 0 0 0 2.52851e-05 2.53039e-05 2.53025e-05 2.52797e-05 5.50142e-05 5.50061e-05 5.50046e-05 5.50089e-05 7.48884e-05 7.48708e-05 7.48701e-05 7.48854e-05
1.27 0 0 0 0 2.25378e-05 2.2551e-05 2.25505e-05 2.25355e-05 4.81081e-05 4.81132e-05 4.81135e-05 4.81083e-05 6.01187e-05 6.01045e-05 6.01044e-05 6.01181e-05
1.29 0 0 0 0 2.96805e-05 2.97341e-05 2.97322e-05 2.96752e-05 4.8859e-05 4.88516e-05 4.885e-05 4.88556e-05 5.40656e-05 5.40571e-05 5.40566e-05 5.40646e-05
1.31 0 0 0 0 2.12277e-05 2.12554e-05 2.12553e-05 2.12262e-05 3.67189e-05 3.67215e-05 3.67215e-05 3.67187e-05 3.96767e-05 3.9669e-05 3.96686e-05 3.96759e-05
1.33 0 0 0 0 4.61211e-06 4.5964e-06 4.59576e-06 4.6098e-06 1.5991e-05 1.60002e-05 1.6e-05 1.59902e-05 2.16246e-05 2.16172e-05 2.16173e-05 2.16245e-05
1.35 0 0 0 0 1.96916e-06 1.97909e-06 1.97882e-06 1.96847e-06 5.56526e-06 5.55161e-06 5.55102e-06 5.56343e-06 1.36503e-05 1.36482e-05 1.36478e-05 1.36491e-05
1.37 0 0 0 0 -6.37007e-07 -6.28924e-07 -6.28665e-07 -6.364e-07 -3.04145e-06 -3.05307e-06 -3.05294e-06 -3.04127e-06 4.37696e-07 4.39393e-07 4.39428e-07 4.37528e-07
1.39 0 0 0 0 -7.27458e-06 -7.29271e-06 -7.29287e-06 -7.27491e-06 -1.13954e-05 -1.13836e-05 -1.13838e-05 -1.13956e-05 -1.74066e-05 -1.74052e-05 -1.74051e-05 -1.74064e-05
1.41 0 0 0 0 -5.97787e-06 -5.98029e-06 -5.98025e-06 -5.97776e-06 -1.51809e-05 -1.51733e-05 -1.51733e-05 -1.51808e-05 -2.5837e-05 -2.58319e-05 -2.5832e-05 -2.58371e-05
1.43 0 0 0 0 -6.10178e-06 -6.09356e-06 -6.09351e-06 -6.10164e-06 -2.17399e-05 -2.1747e-05 -2.1747e-05 -2.17399e-05 -3.05158e-05 -3.05067e-05 -3.05067e-05 -3.05159e-05
1.45 0 0 0 0 -1.88818e-06 -1.86426e-06 -1.86436e-06 -1.88838e-06 -1.45926e-05 -1.46058e-05 -1.46058e-05 -1.45927e-05 -2.11733e-05 -2.11651e-05 -2.11651e-05 -2.11733e-05
1.47 0 0 0 0 -7.4608e-06 -7.48182e-06 -7.48176e-06 -7.46068e-06 -9.15845e-06 -9.14523e-06 -9.14521e-06 -9.15841e-06 -1.35754e-05 -1.35756e-05 -1.35756e-05 -1.35754e-05
1.49 0 0 0 0 -1.22337e-06 -1.2362e-06 -1.23621e-06 -1.22339e-06 2.13248e-06 2.138e-06 2.13799e-06 2.13247e-06 4.05789e-06 4.05553e-06 4.05551e-06 4.05784e-06
1.51 0 0 0 0 2.99285e-06 2.99376e-06 2.99374e-06 2.99281e-06 6.76786e-06 6.75883e-06 6.75882e-06 6.76785e-06 1.46906e-05 1.46886e-05 1.46887e-05 1.46906e-05
1.53 0 0 0 0 2.04815e-05 2.05348e-05 2.05349e-05 2.04815e-05 2.96569e-05 2.96364e-05 2.96364e-05 2.96569e-05 3.66213e-05 3.66186e-05 3.66186e-05 3.66212e-05
1.55 0 0 0 0 2.25129e-05 2.25314e-05 2.25318e-05 2.25142e-05 4.47918e-05 4.4806e-05 4.48059e-05 4.47914e-05 4.82327e-05 4.82207e-05 4.82207e-05 4.82327e-05
1.57 0 0 0 0 2.83946e-05 2.84117e-05 2.84098e-05 2.83878e-05 5.88021e-05 5.88164e-05 5.88165e-05 5.88024e-05 6.74517e-05 6.74353e-05 6.7435e-05 6.74511e-05
1.59 0 0 0 0 3.28147e-05 3.28562e-05 3.28558e-05 3.28117e-05 6.43988e-05 6.43837e-05 6.4382e-05 6.43937e-05 8.50257e-05 8.50099e-05 8.50096e-05 8.50251e-05
1.61 0 0 0 0 2.92665e-05 2.92937e-05 2.92915e-05 2.92602e-05 6.35539e-05 6.35379e-05 6.3537e-05 6.35503e-05 9.00764e-05 9.00562e-05 9.0055e-05 9.0072e-05
1.63 0 0 0 0 2.73929e-05 2.74025e-05 2.74008e-05 2.73869e-05 6.36314e-05 6.36313e-05 6.36298e-05 6.3627e-05 8.58154e-05 8.57941e-05 8.57936e-05 8.58132e-05
1.65 0 0 0 0 2.4316e-05 2.43204e-05 2.43192e-05 2.43114e-05 5.47176e-05 5.47266e-05 5.47257e-05 5.47146e-05 6.88053e-05 6.87876e-05 6.87872e-05 6.88039e-05
1.67 0 0 0 0 3.08056e-05 3.0864e-05 3.08629e-05 3.08019e-05 5.02317e-05 5.02192e-05 5.02188e-05 5.023e-05 5.76807e-05 5.76719e-05 5.76713e-05 5.76792e-05
1.69 0 0 0 0 2.34936e-05 2.35377e-05 2.35372e-05 2.34914e-05 3.77795e-05 3.77743e-05 3.77739e-05 3.77781e-05 4.06303e-05 4.06241e-05 4.06239e-05 4.06299e-05
1.71 0 0 0 0 1.4595e-05 1.46098e-05 1.46091e-05 1.45927e-05 2.80202e-05 2.80257e-05 2.80254e-05 2.80194e-05 3.05722e-05 3.05652e-05 3.05651e-05 3.05719e-05
1.73 0 0 0 0 -1.72331e-06 -1.75228e-06 -1.75282e-06 -1.72498e-06 6.85318e-06 6.86249e-06 6.86235e-06 6.8526e-06 1.35179e-05 1.35113e-05 1.3511e-05 1.35169e-05
1.75 0 0 0 0 5.21628e-06 5.24628e-06 5.24639e-06 5.21669e-06 5.43075e-06 5.40615e-06 5.4056e-06 5.42909e-06 1.33144e-05 1.33153e-05 1.33152e-05 1.33139e-05
1.77 0 0 0 0 8.41748e-06 8.44471e-06 8.44477e-06 8.41757e-06 7.18711e-06 7.1749e-06 7.17505e-06 7.18744e-06 7.55341e-06 7.55545e-06 7.55536e-06 7.55318e-06
1.79 0 0 0 0 4.01254e-06 4.00206e-06 4.00185e-06 4.01167e-06 8.64517e-06 8.66766e-06 8.66744e-06 8.64461e-06 6.71107e-07 6.67471e-07 6.6743e-07 6.70939e-07
1.81 0 0 0 0 9.84431e-06 9.86246e-06 9.86216e-06 9.84309e-06 1.53589e-05 1.53664e-05 1.53666e-05 1.53594e-05 1.06457e-05 1.06435e-05 1.06435e-05 1.06458e-05
1.83 0 0 0 0 1.20599e-05 1.20916e-05 1.20916e-05 1.20595e-05 1.64971e-05 1.64803e-05 1.64802e-05 1.64968e-05 2.26176e-05 2.26166e-05 2.26164e-05 2.26174e-05
1.85 0 0 0 0 8.55967e-06 8.56892e-06 8.56843e-06 8.55803e-06 2.05509e-05 2.05409e-05 2.054e-05 2.05483e-05 3.22862e-05 3.228e-05 3.22799e-05 3.2286e-05
1.87 0 0 0 0 -3.4939e-06 -3.54563e-06 -3.54654e-06 -3.4969e-06 1.3754e-05 1.3774e-05 1.3774e-05 1.37534e-05 2.50997e-05 2.50866e-05 2.50862e-05 2.50979e-05
1.89 0 0 0 0 -2.2528e-07 -2.43805e-07 -2.43961e-07 -2.26009e-07 6.72485e-06 6.72451e-06 6.72391e-06 6.72321e-06 1.55849e-05 1.55798e-05 1.55797e-05 1.55843e-05
1.91 0 0 0 0 9.92907e-06 9.97951e-06 9.97933e-06 9.92865e-06 6.17636e-06 6.15223e-06 6.15217e-06 6.17631e-06 6.70823e-06 6.71267e-06 6.71267e-06 6.70829e-06
1.93 0 0 0 0 9.70007e-06 9.73411e-06 9.73432e-06 9.70041e-06 7.15805e-06 7.15965e-06 7.15956e-06 7.15763e-06 -3.40941e-06 -3.40665e-06 -3.40685e-06 -3.40985e-06
1.95 0 0 0 0 5.28255e-06 5.27678e-06 5.27659e-06 5.28191e-06 6.5828e-06 6.60524e-06 6.60539e-06 6.58299e-06 -4.72269e-06 -4.72373e-06 -4.72358e-06 -4.72233e-06
1.97 0 0 0 0 8.27531e-06 8.29605e-06 8.29589e-06 8.27475e-06 1.1311e-05 1.13058e-05 1.13056e-05 1.13106e-05 1.19029e-05 1.1902e-05 1.19019e-05 1.19026e-05
1.99 0 0 0 0 3.90878e-06 3.91749e-06 3.91734e-06 3.90818e-06 1.18594e-05 1.18447e-05 1.18447e-05 1.18595e-05 2.44082e-05 2.44043e-05 2.44043e-05 2.44082e-05
2.01 0 0 0 0 -4.4223e-07 -4.69884e-07 -4.70281e-07 -4.43561e-07 1.2378e-05 1.23778e-05 1.23774e-05 1.23766e-05 2.7302e-05 2.72937e-05 2.72937e-05 2.7302e-05
2.03 0 0 0 0 9.05764e-06 9.05717e-06 9.05631e-06 9.05497e-06 2.14362e-05 2.14359e-05 2.14355e-05 2.1435e-05 3.00181e-05 3.00102e-05 3.00096e-05 3.00162e-05
2.05 0 0 0 0 1.71588e-05 1.71918e-05 1.71916e-05 1.71573e-05 2.83315e-05 2.83315e-05 2.8331e-05 2.833e-05 2.84458e-05 2.84409e-05 2.8441e-05 2.8446e-05
2.07 0 0 0 0 1.89132e-05 1.89469e-05 1.89463e-05 1.89111e-05 2.93841e-05 2.93873e-05 2.93876e-05 2.93844e-05 2.71351e-05 2.71307e-05 2.71306e-05 2.71348e-05
2.09 0 0 0 0 2.18798e-05 2.19208e-05 2.19203e-05 2.18778e-05 3.43499e-05 3.43436e-05 3.43431e-05 3.43485e-05 3.74091e-05 3.74038e-05 3.74036e-05 3.74087e-05
2.11 0 0 0 0 4.98104e-06 4.95705e-06 4.95627e-06 4.97828e-06 2.16028e-05 2.16116e-05 2.16111e-05 2.16013e-05 3.28468e-05 3.28361e-05 3.28358e-05 3.2846e-05
2.13 0 0 0 0 1.73546e-05 1.73855e-05 1.73847e-05 1.73522e-05 3.2764e-05 3.27426e-05 3.27419e-05 3.27614e-05 4.87595e-05 4.87514e-05 4.8751e-05 4.87578e-05
2.15 0 0 0 0 5.53068e-06 5.51282e-06 5.5121e-06 5.52807e-06 2.23343e-05 2.23403e-05 2.23397e-05 2.23322e-05 3.39818e-05 3.39704e-05 3.39699e-05 3.39799e-05
2.17 0 0 0 0 7.88805e-06 7.88605e-06 7.88545e-06 7.88597e-06 1.913e-05 1.91359e-05 1.91357e-05 1.91291e-05 2.35683e-05 2.3562e-05 2.35622e-05 2.35685e-05
2.19 0 0 0 0 1.66982e-05 1.67445e-05 1.67444e-05 1.66978e-05 1.93199e-05 1.93079e-05 1.93079e-05 1.93199e-05 1.80785e-05 1.80789e-05 1.80785e-05 1.80779e-05
2.21 0 0 0 0 3.47629e-06 3.47826e-06 3.47809e-06 3.47572e-06 4.7317e-06 4.73962e-06 4.73947e-06 4.73136e-06 2.7149e-07 2.70987e-07 2.71013e-07 2.71607e-07
2.23 0 0 0 0 9.28845e-07 9.32792e-07 9.32833e-07 9.2884e-07 1.0903e-06 1.09294e-06 1.09307e-06 1.09057e-06 -1.18291e-06 -1.18304e-06 -1.18302e-06 -1.18287e-06
2.25 0 0 0 0 -2.03202e-06 -2.03091e-06 -2.03091e-06 -2.03205e-06 -3.70357e-06 -3.70973e-06 -3.70977e-06 -3.70365e-06 -1.50775e-06 -1.5066e-06 -1.50663e-06 -1.50784e-06
2.27 0 0 0 0 -3.26923e-06 -3.27351e-06 -3.27351e-06 -3.26921e-06 -5.05126e-06 -5.05693e-06 -5.05696e-06 -5.05132e-06 -1.9685e-06 -1.9676e-06 -1.96756e-06 -1.96842e-06
2.29 0 0 0 0 -1.85156e-06 -1.85755e-06 -1.85756e-06 -1.85154e-06 -2.48379e-06 -2.48184e-06 -2.48179e-06 -2.48366e-06 -2.74337e-06 -2.74329e-06 -2.74334e-06 -2.74346e-06
2.31 0 0 0 0 4.78535e-06 4.80009e-06 4.80007e-06 4.78531e-06 5.78067e-06 5.78209e-06 5.78203e-06 5.78055e-06 2.3544e-06 2.35437e-06 2.35442e-06 2.35452e-06
2.33 0 0 0 0 1.00295e-05 1.00529e-05 1.00531e-05 1.00299e-05 1.32971e-05 1.32961e-05 1.32961e-05 1.3297e-05 1.10024e-05 1.10016e-05 1.10016e-05 1.10022e-05
2.35 0 0 0 0 1.16663e-05 1.168e-05 1.16794e-05 1.16646e-05 1.87744e-05 1.87728e-05 1.87728e-05 1.87744e-05 2.15906e-05 2.15873e-05 2.15873e-05 2.15906e-05
2.37 0 0 0 0 7.88165e-06 7.87801e-06 7.87769e-06 7.88007e-06 2.12107e-05 2.12129e-05 2.12123e-05 2.12087e-05 2.955e-05 2.95421e-05 2.9542e-05 2.95497e-05
2.39 0 0 0 0 -5.97388e-07 -6.27593e-07 -6.28284e-07 -5.99812e-07 1.32521e-05 1.32588e-05 1.32586e-05 1.32514e-05 2.53951e-05 2.5385e-05 2.53846e-05 2.53933e-05
2.41 0 0 0 0 1.65858e-05 1.66334e-05 1.66329e-05 1.65843e-05 2.61357e-05 2.6111e-05 2.61099e-05 2.61329e-05 3.64526e-05 3.6449e-05 3.64489e-05 3.64521e-05
2.43 0 0 0 0 7.38423e-07 7.12503e-07 7.12093e-07 7.36855e-07 9.57351e-06 9.58889e-06 9.58898e-06 9.57361e-06 1.21769e-05 1.21708e-05 1.21705e-05 1.21763e-05
2.45 0 0 0 0 2.92524e-06 2.92413e-06 2.92406e-06 2.92479e-06 5.1952e-06 5.2026e-06 5.20256e-06 5.19517e-06 2.61658e-06 2.61511e-06 2.61518e-06 2.61672e-06
2.47 0 0 0 0 6.37238e-06 6.41009e-06 6.41019e-06 6.37264e-06 1.98676e-06 1.97373e-06 1.9736e-06 1.98633e-06 -1.8337e-06 -1.8296e-06 -1.82963e-06 -1.83375e-06
2.49 0 0 0 0 4.40814e-07 4.48871e-07 4.48818e-07 4.40667e-07 -4.50024e-06 -4.50296e-06 -4.50281e-06 -4.49995e-06 -8.24077e-06 -8.23747e-06 -8.23744e-06 -8.24072e-06
2.51 0 0 0 0 -1.46077e-05 -1.46571e-05 -1.46571e-05 -1.46075e-05 -1.85517e-05 -1.8534e-05 -1.8534e-05 -1.85518e-05 -2.09018e-05 -2.0902e-05 -2.09021e-05 -2.09019e-05
2.53 0 0 0 0 -7.37878e-06 -7.37583e-06 -7.37593e-06 -7.37897e-06 -1.5678e-05 -1.56883e-05 -1.56884e-05 -1.56781e-05 -1.6104e-05 -1.6099e-05 -1.60989e-05 -1.61038e-05
2.55 0 0 0 0 -4.01605e-06 -4.00121e-06 -4.00117e-06 -4.01596e-06 -1.33405e-05 -1.33525e-05 -1.33524e-05 -1.33403e-05 -1.60806e-05 -1.60748e-05 -1.60749e-05 -1.60807e-05
2.57 0 0 0 0 -7.42932e-06 -7.44766e-06 -7.44766e-06 -7.42932e-06 -1.26876e-05 -1.26754e-05 -1.26755e-05 -1.26877e-05 -1.97411e-05 -1.97389e-05 -1.97389e-05 -1.97411e-05
2.59 0 0 0 0 -8.13903e-06 -8.16096e-06 -8.16098e-06 -8.13907e-06 -1.3439e-05 -1.3427e-05 -1.3427e-05 -1.3439e-05 -1.95654e-05 -1.95635e-05 -1.95635e-05 -1.95654e-05
2.61 0 0 0 0 -5.58536e-06 -5.58128e-06 -5.58126e-06 -5.58531e-06 -1.43514e-05 -1.43609e-05 -1.43609e-05 -1.43514e-05 -1.58447e-05 -1.58395e-05 -1.58396e-05 -1.58448e-05
2.63 0 0 0 0 -8.01272e-06 -8.01357e-06 -8.01359e-06 -8.01275e-06 -1.47299e-05 -1.47368e-05 -1.47368e-05 -1.473e-05 -1.51909e-05 -1.51873e-05 -1.51873e-05 -1.51909e-05
2.65 0 0 0 0 -1.48721e-05 -1.49135e-05 -1.49135e-05 -1.48721e-05 -2.04678e-05 -2.04554e-05 -2.04553e-05 -2.04678e-05 -2.27838e-05 -2.27823e-05 -2.27824e-05 -2.27839e-05
2.67 0 0 0 0 -1.55932e-06 -1.54604e-06 -1.54604e-06 -1.55933e-06 -1.01733e-05 -1.01812e-05 -1.01812e-05 -1.01733e-05 -1.45277e-05 -1.45224e-05 -1.45224e-05 -1.45277e-05
2.69 0 0 0 0 -8.6529e-06 -8.6668e-06 -8.6668e-06 -8.6529e-06 -1.6489e-05 -1.64826e-05 -1.64826e-05 -1.6489e-05 -2.2846e-05 -2.28422e-05 -2.28423e-05 -2.28461e-05
2.71 0 0 0 0 -3.48293e-07 -3.35724e-07 -3.35727e-07 -3.48299e-07 -7.86755e-06 -7.87182e-06 -7.87182e-06 -7.86755e-06 -1.35111e-05 -1.35064e-05 -1.35064e-05 -1.35111e-05
2.73 0 0 0 0 -7.54581e-06 -7.56611e-06 -7.56611e-06 -7.54581e-06 -1.20715e-05 -1.20643e-05 -1.20643e-05 -1.20715e-05 -1.51035e-05 -1.5102e-05 -1.5102e-05 -1.51036e-05
2.75 0 0 0 0 -9.24173e-06 -9.25902e-06 -9.25902e-06 -9.24174e-06 -1.19321e-05 -1.19295e-05 -1.19295e-05 -1.19321e-05 -1.15486e-05 -1.15479e-05 -1.15479e-05 -1.15486e-05
2.77 0 0 0 0 -2.23846e-05 -2.24393e-05 -2.24393e-05 -2.23846e-05 -2.9627e-05 -2.96189e-05 -2.96189e-05 -2.9627e-05 -2.74444e-05 -2.74428e-05 -2.74428e-05 -2.74444e-05
2.79 0 0 0 0 -2.63133e-05 -2.63528e-05 -2.63528e-05 -2.63133e-05 -4.55731e-05 -4.55782e-05 -4.55782e-05 -4.55731e-05 -4.75326e-05 -4.75234e-05 -4.75234e-05 -4.75326e-05
2.81 0 0 0 0 -1.59641e-05 -1.59473e-05 -1.59473e-05 -1.59641e-05 -4.47387e-05 -4.47557e-05 -4.47557e-05 -4.47387e-05 -5.89614e-05 -5.89445e-05 -5.89445e-05 -5.89614e-05
2.83 0 0 0 0 -5.40713e-06 -5.37603e-06 -5.37603e-06 -5.40713e-06 -3.08203e-05 -3.08181e-05 -3.08181e-05 -3.08203e-05 -5.73516e-05 -5.73361e-05 -5.73361e-05 -5.73516e-05
2.85 0 0 0 0 -1.96122e-05 -1.96625e-05 -1.96625e-05 -1.96122e-05 -3.6211e-05 -3.6173e-05 -3.6173e-05 -3.6211e-05 -5.9731e-05 -5.97242e-05 -5.97242e-05 -5.9731e-05
2.87 0 0 0 0 -2.95564e-05 -2.96135e-05 -2.96135e-05 -2.95564e-05 -4.75904e-05 -4.7584e-05 -4.7584e-05 -4.75904e-05 -5.16498e-05 -5.16422e-05 -5.16422e-05 -5.16498e-05
2.89 0 0 0 0 -1.26997e-05 -1.26665e-05 -1.26665e-05 -1.26997e-05 -3.25222e-05 -3.25732e-05 -3.25732e-05 -3.25222e-05 -2.36101e-05 -2.35971e-05 -2.35971e-05 -2.36101e-05
2.91 0 0 0 0 -1.56735e-05 -1.57072e-05 -1.57072e-05 -1.56735e-05 -2.28173e-05 -2.2815e-05 -2.2815e-05 -2.28173e-05 -2.18349e-05 -2.18323e-05 -2.18323e-05 -2.18349e-05
2.93 0 0 0 0 -1.43705e-05 -1.44391e-05 -1.44391e-05 -1.43705e-05 -1.36006e-05 -1.35568e-05 -1.35568e-05 -1.36006e-05 -2.39993e-05 -2.40032e-05 -2.40032e-05 -2.39993e-05
2.95 0 0 0 0 -6.7179e-06 -6.72479e-06 -6.72479e-06 -6.7179e-06 -1.55717e-05 -1.5565e-05 -1.5565e-05 -1.55717e-05 -2.43831e-05 -2.43786e-05 -2.43786e-05 -2.43832e-05
2.97 0 0 0 0 -1.04896e-05 -1.04698e-05 -1.04698e-05 -1.04896e-05 -2.92026e-05 -2.92273e-05 -2.92273e-05 -2.92026e-05 -3.22503e-05 -3.22388e-05 -3.22388e-05 -3.22503e-05
2.99 0 0 0 0 -2.51678e-05 -2.52044e-05 -2.52044e-05 -2.51678e-05 -4.36051e-05 -4.36055e-05 -4.36055e-05 -4.36051e-05 -4.84348e-05 -4.8426e-05 -4.8426e-05 -4.84348e-05
3.01 0 0 0 0 -2.92757e-05 -2.93343e-05 -2.93343e-05 -2.92758e-05 -4.924e-05 -4.9224e-05 -4.9224e-05 -4.924e-05 -6.00673e-05 -6.00588e-05 -6.00588e-05 -6.00673e-05
3.03 0 0 0 0 -3.41444e-05 -3.41984e-05 -3.41984e-05 -3.41444e-05 -6.34349e-05 -6.34246e-05 -6.34246e-05 -6.34349e-05 -7.85362e-05 -7.85223e-05 -7.85223e-05 -7.85362e-05
3.05 0 0 0 0 -3.79149e-05 -3.79476e-05 -3.79476e-05 -3.79149e-05 -7.91911e-05 -7.91973e-05 -7.91973e-05 -7.91911e-05 -9.78146e-05 -9.77928e-05 -9.77928e-05 -9.78146e-05
3.07 0 0 0 0 -5.27255e-05 -5.27914e-05 -5.27914e-05 -5.27255e-05 -0.0001014 -0.000101393 -0.000101393 -0.0001014 -0.00012568 -0.000125655 -0.000125655 -0.00012568
3.09 0 0 0 0 -6.92281e-05 -6.93292e-05 -6.93292e-05 -6.92281e-05 -0.000125922 -0.000125903 -0.000125903 -0.000125922 -0.000155384 -0.000155357 -0.000155357 -0.000155384
3.11 0 0 0 0 -5.07623e-05 -5.07736e-05 -5.07736e-05 -5.07623e-05 -0.000118562 -0.000118584 -0.000118584 -0.000118562 -0.000151571 -0.000151533 -0.000151533 -0.000151571
3.13 0 0 0 0 -2.76029e-05 -2.75693e-05 -2.75693e-05 -2.76029e-05 -8.77383e-05 -8.77594e-05 -8.77594e-05 -8.77383e-05 -0.00012578 -0.000125744 -0.000125744 -0.00012578
3.15 0 0 0 0 -2.61298e-05 -2.61645e-05 -2.61645e-05 -2.61298e-05 -5.43277e-05 -5.42905e-05 -5.42905e-05 -5.43277e-05 -8.90853e-05 -8.90717e-05 -8.90717e-05 -8.90853e-05
3.17 0 0 0 0 -3.35985e-05 -3.37006e-05 -3.37006e-05 -3.35985e-05 -4.17426e-05 -4.17004e-05 -4.17004e-05 -4.17426e-05 -5.0134e-05 -5.0134e-05 -5.0134e-05 -5.0134e-05
3.19 0 0 0 0 -2.99492e-05 -3.0011e-05 -3.0011e-05 -2.99492e-05 -4.1326e-05 -4.13538e-05 -4.13538e-05 -4.1326e-05 -1.89565e-05 -1.89524e-05 -1.89524e-05 -1.89565e-05
3.21 0 0 0 0 2.2374e-05 2.24926e-05 2.24926e-05 2.2374e-05 1.75986e-05 1.75132e-05 1.75132e-05 1.75986e-05 3.8861e-05 3.88698e-05 3.88698e-05 3.8861e-05
3.23 0 0 0 0 7.22465e-05 7.23898e-05 7.23898e-05 7.22465e-05 0.000110704 0.000110706 0.000110706 0.000110704 0.000105037 0.000105021 0.000105021 0.000105037
3.25 0 0 0 0 6.91038e-05 6.90921e-05 6.90921e-05 6.91038e-05 0.0001542 0.000154312 0.000154312 0.0001542 0.00015055 0.0001505 0.0001505 0.00015055
3.27 0 0 0 0 3.87691e-05 3.87049e-05 3.87049e-05 3.87691e-05 0.000121287 0.000121327 0.000121327 0.000121287 0.000170709 0.00017066 0.00017066 0.000170709
3.29 0 0 0 0 2.99687e-05 3.00209e-05 3.00209e-05 2.99687e-05 7.7026e-05 7.69111e-05 7.69111e-05 7.7026e-05 0.000168087 0.000168064 0.000168064 0.000168087
3.31 0 0 0 0 6.09887e-05 6.11516e-05 6.11516e-05 6.09887e-05 0.000102864 0.000102759 0.000102759 0.000102864 0.000159655 0.000159639 0.000159639 0.000159655
3.33 0 0 0 0 8.19366e-05 8.20184e-05 8.20184e-05 8.19366e-05 0.000151894 0.000151971 0.000151971 0.000151894 0.000137739 0.000137702 0.000137702 0.000137739
3.35 0 0 0 0 2.05527e-05 2.04014e-05 2.04014e-05 2.05527e-05 8.29896e-05 8.31655e-05 8.31655e-05 8.29895e-05 5.60783e-05 5.60349e-05 5.6035e-05 5.60783e-05
3.37 0 0 0 0 -4.78124e-05 -4.79193e-05 -4.79193e-05 -4.78125e-05 -6.49464e-05 -6.49672e-05 -6.49671e-05 -6.49464e-05 -4.09818e-05 -4.09761e-05 -4.09761e-05 -4.09818e-05
3.39 0 0 0 0 -6.84371e-05 -6.83585e-05 -6.83586e-05 -6.84371e-05 -0.000159462 -0.000159658 -0.000159658 -0.000159462 -0.000124952 -0.000124895 -0.000124895 -0.000124952
3.41 0 0 0 0 -8.86354e-05 -8.86952e-05 -8.86951e-05 -8.86353e-05 -0.00018288 -0.000182898 -0.000182898 -0.00018288 -0.000226488 -0.000226438 -0.000226438 -0.000226488
3.43 0 0 0 0 -8.2417e-05 -8.259e-05 -8.25901e-05 -8.2417e-05 -0.000171271 -0.000171113 -0.000171113 -0.000171271 -0.000291099 -0.000291058 -0.000291058 -0.000291099
3.45 0 0 0 0 -6.02027e-05 -6.02125e-05 -6.02125e-05 -6.02028e-05 -0.000175694 -0.000175644 -0.000175644 -0.000175693 -0.000286249 -0.000286186 -0.000286186 -0.00028625
3.47 0 0 0 0 -7.21576e-05 -7.20909e-05 -7.20907e-05 -7.21571e-05 -0.000191644 -0.000191732 -0.000191732 -0.000191645 -0.000239938 -0.000239868 -0.000239867 -0.000239937
3.49 0 0 0 0 -6.34419e-05 -6.34516e-05 -6.34518e-05 -6.34426e-05 -0.000133806 -0.00013388 -0.00013388 -0.000133805 -0.00013769 -0.00013765 -0.00013765 -0.00013769
3.51 0 0 0 0 -5.98223e-05 -6.00385e-05 -6.00386e-05 -5.98221e-05 -5.90635e-05 -5.89924e-05 -5.89923e-05 -5.90635e-05 -5.26774e-05 -5.26881e-05 -5.26882e-05 -5.26777e-05
3.53 0 0 0 0 -0.00012173 -0.000122187 -0.000122187 -0.00012173 -0.000108698 -0.000108537 -0.000108537 -0.000108697 -9.35461e-05 -9.35745e-05 -9.35744e-05 -9.35457e-05
3.55 0 0 0 0 6.82149e-06 7.04014e-06 7.04035e-06 6.81766e-06 -4.26958e-05 -4.28657e-05 -4.28664e-05 -4.26968e-05 -2.54218e-05 -2.53832e-05 -2.53838e-05 -2.5423e-05
3.57 0 0 0 0 0.000105492 0.00010594 0.000105942 0.000105497 6.76614e-05 6.74986e-05 6.74997e-05 6.76643e-05 3.80587e-05 3.81009e-05 3.81012e-05 3.80589e-05
3.59 0 0 0 0 6.3531e-05 6.34637e-05 6.34595e-05 6.35254e-05 0.000127011 0.000127218 0.000127216 0.000127004 6.21138e-05 6.20726e-05 6.20712e-05 6.21088e-05
3.61 0 0 0 0 -6.72544e-06 -7.02061e-06 -7.01973e-06 -6.72399e-06 9.33765e-05 9.3592e-05 9.35922e-05 9.33753e-05 0.000101956 0.000101885 0.000101885 0.000101958
3.63 0 0 0 0 -0.000114209 -0.000114512 -0.00011451 -0.000114208 -0.000100449 -0.00010053 -0.000100529 -0.000100447 2.56464e-05 2.56266e-05 2.5625e-05 2.56411e-05
3.65 0 0 0 0 1.85366e-06 2.20044e-06 2.1992e-06 1.85022e-06 -7.32235e-05 -7.36234e-05 -7.36244e-05 -7.32248e-05 3.48558e-05 3.49186e-05 3.49206e-05 3.48598e-05
3.67 0 0 0 0 5.28161e-05 5.29893e-05 5.29902e-05 5.28183e-05 3.3365e-05 3.3392e-05 3.33921e-05 3.33658e-05 -3.50386e-05 -3.5022e-05 -3.50227e-05 -3.50398e-05
3.69 0 0 0 0 -2.01895e-05 -2.0566e-05 -2.05664e-05 -2.01898e-05 1.75724e-05 1.80399e-05 1.80399e-05 1.75718e-05 -0.000151725 -0.000151768 -0.000151768 -0.000151725
3.71 0 0 0 0 0.000122898 0.000123355 0.000123355 0.000122898 9.12935e-05 9.11861e-05 9.11853e-05 9.12893e-05 2.9478e-05 2.95168e-05 2.95162e-05 2.94717e-05
3.73 0 0 0 0 6.96772e-05 7.00477e-05 7.00478e-05 6.96769e-05 5.44927e-05 5.42035e-05 5.42044e-05 5.4496e-05 0.000134731 0.000134759 0.000134761 0.000134737
3.75 0 0 0 0 5.87038e-05 5.86802e-05 5.86803e-05 5.87037e-05 0.00018192 0.00018188 0.000181878 0.000181915 0.00029882 0.00029875 0.000298747 0.000298817
3.77 0 0 0 0 0.000195689 0.000195756 0.000195756 0.000195689 0.000439903 0.000440009 0.00044001 0.000439906 0.000538034 0.000537898 0.000537898 0.000538034
3.79 0 0 0 0 0.000144468 0.000144282 0.000144282 0.000144467 0.000419429 0.000419639 0.000419639 0.000419428 0.000532047 0.000531884 0.000531885 0.000532049
3.81 0 0 0 0 5.6196e-05 5.60759e-05 5.60754e-05 5.61939e-05 0.00022434 0.000224324 0.000224324 0.000224341 0.000381577 0.000381478 0.000381477 0.000381575
3.83 0 0 0 0 1.47348e-06 1.56379e-06 1.56319e-06 1.47332e-06 9.30348e-06 9.06616e-06 9.05813e-06 9.27526e-06 0.000129565 0.000129554 0.00012955 0.000129547
3.85 0 0 0 0 9.45895e-05 9.508e-05 9.50793e-05 9.45864e-05 3.04769e-05 3.0299e-05 3.03076e-05 3.04982e-05 -1.42213e-05 -1.41577e-05 -1.4154e-05 -1.4211e-05
3.87 0 0 0 0 0.000227035 0.000227644 0.000227646 0.00022704 0.00022309 0.000223178 0.00022317 0.000223074 2.97575e-05 2.97825e-05 2.97793e-05 2.97506e-05
3.89 0 0 0 0 -7.48636e-05 -7.55224e-05 -7.5525e-05 -7.48776e-05 -5.8926e-06 -5.34946e-06 -5.34754e-06 -5.88761e-06 -0.000136115 -0.000136188 -0.000136188 -0.000136114
3.91 0 0 0 0 -0.000401298 -0.000402329 -0.000402323 -0.000401283 -0.00048238 -0.000482277 -0.000482276 -0.00048238 -0.000370719 -0.000370716 -0.000370715 -0.000370714
3.93 0 0 0 0 -0.000464097 -0.000464414 -0.00046442 -0.000464104 -0.000819149 -0.000819753 -0.000819752 -0.000819149 -0.000640081 -0.000639891 -0.000639894 -0.000640088
3.95 0 0 0 0 -0.00048977 -0.000490197 -0.000490189 -0.00048975 -0.000979562 -0.000979757 -0.000979762 -0.000979576 -0.00112065 -0.00112039 -0.00112039 -0.00112065
3.97 0 0 0 0 -0.000591735 -0.000592818 -0.000592861 -0.000591857 -0.00115491 -0.00115428 -0.00115428 -0.00115492 -0.00170491 -0.00170465 -0.00170466 -0.00170493
3.99 0 0 0 0 -0.000234225 -0.000233593 -0.000233623 -0.000234346 -0.000932217 -0.000932245 -0.000932293 -0.000932357 -0.00158208 -0.00158167 -0.0015817 -0.00158218
4.01 0 0 0 0 -0.000180776 -0.000180128 -0.000180145 -0.000180863 -0.000816168 -0.000816461 -0.000816479 -0.000816241 -0.00125571 -0.00125532 -0.00125532 -0.00125572
4.03 0 0 0 0 -0.000117672 -0.000117588 -0.000117613 -0.00011774 -0.000358436 -0.000358556 -0.000358552 -0.000358442 -0.000483654 -0.000483523 -0.00048354 -0.000483682
4.05 0 0 0 0 0.000103845 0.00010368 0.000103689 0.000103875 0.000379776 0.000379864 0.00037986 0.000379772 0.000562373 0.000562212 0.00056221 0.000562376
4.07 0 0 0 0 0.000150434 0.000149646 0.000149642 0.000150429 0.000782872 0.00078318 0.000783179 0.000782873 0.00122987 0.00122948 0.00122948 0.00122988
4.09 0 0 0 0 0.000287726 0.000287382 0.000287376 0.000287711 0.000912511 0.000912416 0.000912416 0.000912511 0.0014939 0.00149354 0.00149354 0.00149389
4.11 0 0 0 0 0.000916629 0.00091868 0.000918689 0.000916646 0.00147154 0.00147074 0.00147074 0.00147154 0.00189498 0.00189476 0.00189476 0.00189498
4.13 0 0 0 0 0.00112991 0.00113171 0.0011317 0.0011299 0.00193566 0.00193578 0.00193578 0.00193566 0.00204111 0.00204073 0.00204074 0.00204111
4.15 0 0 0 0 0.000783634 0.000783372 0.000783343 0.000783502 0.00178782 0.00178888 0.00178887 0.00178781 0.00191299 0.0019124 0.00191239 0.00191297
4.17 0 0 0 0 0.000244522 0.000243741 0.000243702 0.00024441 0.000969128 0.000969302 0.000969275 0.000969042 0.00152445 0.001524 0.00152398 0.00152441
4.19 0 0 0 0 -0.000516332 -0.000517612 -0.000517631 -0.000516371 -0.000411803 -0.000412519 -0.000412552 -0.000411918 0.000345056 0.000344892 0.000344872 0.000344963
4.21 0 0 0 0 -0.000235313 -0.0002344 -0.000234381 -0.00023528 -0.000692924 -0.000694116 -0.000694107 -0.000692907 -0.000505795 -0.000505515 -0.000505519 -0.000505829
4.23 0 0 0 0 -0.000203658 -0.000203515 -0.000203522 -0.000203678 -0.000827532 -0.000827007 -0.000827024 -0.000827578 -0.001635 -0.00163465 -0.00163463 -0.00163497
4.25 0 0 0 0 -0.000419553 -0.000420262 -0.00042026 -0.000419549 -0.00116213 -0.0011607 -0.00116068 -0.00116209 -0.00238452 -0.00238415 -0.00238416 -0.00238453
4.27 0 0 0 0 -0.000167215 -0.000165683 -0.000165682 -0.000167209 -0.00112974 -0.00113026 -0.00113027 -0.00112976 -0.00185322 -0.00185261 -0.00185261 -0.00185322
4.29 0 0 0 0 -0.000520267 -0.000520094 -0.000520098 -0.000520273 -0.00120681 -0.00120764 -0.00120764 -0.0012068 -0.00123602 -0.00123562 -0.00123562 -0.00123601
4.31 0 0 0 0 -0.000899895 -0.000902446 -0.000902444 -0.000899892 -0.000999064 -0.000998723 -0.000998719 -0.000999058 -0.000704857 -0.000704912 -0.000704911 -0.000704857
4.33 0 0 0 0 -0.000648008 -0.000650148 -0.000650148 -0.000648008 -0.000546474 -0.000546015 -0.000546018 -0.000546482 -0.000270159 -0.000270317 -0.000270318 -0.000270162
4.35 0 0 0 0 -0.000551304 -0.000552582 -0.000552559 -0.000551232 -0.000761792 -0.00076166 -0.000761664 -0.000761805 -0.000706972 -0.000706905 -0.000706906 -0.000706973
4.37 0 0 0 0 0.000222934 0.00022501 0.000224997 0.000222895 -0.000357072 -0.000357994 -0.000357991 -0.000357062 -0.000684848 -0.000684425 -0.000684427 -0.000684851
4.39 0 0 0 0 0.000579344 0.000581574 0.000581585 0.000579365 0.000273499 0.000273439 0.000273434 0.000273491 -0.000408339 -0.000408075 -0.000408073 -0.000408335
4.41 0 0 0 0 -3.9242e-05 -4.06516e-05 -4.06525e-05 -3.92376e-05 0.000201446 0.000203019 0.000203016 0.000201431 -0.000258257 -0.000258472 -0.000258476 -0.000258286
4.43 0 0 0 0 7.50469e-05 7.48547e-05 7.48482e-05 7.50319e-05 0.000366542 0.000366324 0.000366326 0.000366555 0.00075181 0.000751645 0.000751648 0.000751835
4.45 0 0 0 0 0.000262366 0.000263407 0.000263416 0.000262384 0.000597983 0.000596455 0.000596447 0.000597963 0.00152081 0.00152068 0.00152066 0.00152078
4.47 0 0 0 0 0.000409834 0.000409801 0.000409796 0.000409823 0.00111573 0.00111554 0.00111555 0.00111574 0.00174185 0.00174147 0.00174148 0.00174186
4.49 0 0 0 0 0.0013438 0.0013455 0.0013455 0.00134381 0.00238954 0.00239004 0.00239004 0.00238954 0.00246308 0.00246255 0.00246255 0.00246307
4.51 0 0 0 0 0.00165198 0.00165407 0.00165407 0.00165198 0.00288997 0.00289061 0.0028906 0.00288996 0.00292667 0.00292606 0.00292606 0.00292667
4.53 0 0 0 0 0.00125793 0.00125904 0.00125902 0.00125779 0.00253829 0.00253834 0.00253833 0.00253826 0.00315071 0.00315004 0.00315003 0.0031507
4.55 0 0 0 0 0.000439225 0.000438634 0.000438598 0.000439115 0.00162527 0.00162489 0.00162486 0.00162518 0.00280249 0.0028018 0.00280179 0.00280247
4.57 0 0 0 0 -0.000704416 -0.000707702 -0.000707786 -0.000704593 -1.62938e-05 -1.61699e-05 -1.62116e-05 -1.643e-05 0.0010894 0.00108876 0.00108872 0.00108922
4.59 0 0 0 0 -0.000655831 -0.00065673 -0.000656695 -0.000655775 -0.00106222 -0.00106283 -0.00106286 -0.0010623 -0.000811104 -0.000810889 -0.000810868 -0.000811056
4.61 0 0 0 0 -0.000282634 -0.000280834 -0.000280825 -0.000282635 -0.00161655 -0.00161706 -0.00161704 -0.00161653 -0.00267663 -0.00267578 -0.0026758 -0.00267663
4.63 0 0 0 0 -0.000602808 -0.000602178 -0.000602194 -0.000602838 -0.00222953 -0.0022285 -0.00222849 -0.00222951 -0.0041525 -0.00415157 -0.00415158 -0.00415251
4.65 0 0 0 0 -0.0013422 -0.00134363 -0.00134362 -0.00134217 -0.00305484 -0.00305372 -0.00305374 -0.00305488 -0.00463742 -0.00463654 -0.00463653 -0.0046374
4.67 0 0 0 0 -0.00167109 -0.00167229 -0.0016723 -0.0016711 -0.00344257 -0.0034434 -0.00344339 -0.00344254 -0.00394872 -0.00394778 -0.00394778 -0.00394874
4.69 0 0 0 0 -0.00124667 -0.00124693 -0.00124699 -0.00124691 -0.00256577 -0.00256744 -0.00256745 -0.00256584 -0.0024775 -0.00247676 -0.00247676 -0.00247751
4.71 0 0 0 0 -0.000402932 -0.000403631 -0.000403645 -0.000402946 -0.00069579 -0.000695664 -0.000695659 -0.000695788 -0.000829113 -0.000828977 -0.000828984 -0.000829124
4.73 0 0 0 0 0.000321162 0.000320009 0.00031997 0.000321066 0.000923406 0.000925067 0.000925061 0.000923407 0.000614857 0.000614449 0.000614443 0.000614852
4.75 0 0 0 0 0.000752388 0.000752762 0.000752815 0.000752494 0.00161859 0.00161914 0.00161913 0.00161857 0.00183368 0.0018332 0.0018332 0.00183368
4.77 0 0 0 0 0.00138227 0.00138543 0.0013854 0.00138221 0.0023146 0.00231297 0.00231298 0.00231461 0.00325273 0.00325236 0.00325236 0.00325271
4.79 0 0 0 0 0.00149626 0.00149817 0.00149818 0.00149627 0.00304191 0.00304123 0.00304123 0.00304192 0.00413716 0.00413638 0.00413639 0.00413717
4.81 0 0 0 0 0.000531073 0.00052785 0.00052786 0.000531097 0.00253617 0.00253823 0.00253822 0.00253617 0.00346662 0.00346533 0.00346533 0.00346661
4.83 0 0 0 0 0.00077217 0.000772189 0.000772175 0.000772141 0.00204718 0.0020472 0.0020472 0.00204719 0.0029501 0.00294938 0.00294938 0.0029501
4.85 0 0 0 0 0.000508006 0.0005098 0.000509809 0.000508025 0.000697099 0.000695685 0.000695686 0.0006971 0.00128043 0.00128043 0.00128042 0.00128043
4.87 0 0 0 0 0.000438992 0.000441134 0.000441132 0.000438988 0.00013569 0.000135006 0.000135004 0.000135685 -0.000151534 -0.000151266 -0.000151264 -0.000151532
4.89 0 0 0 0 0.000780551 0.000782871 0.000782869 0.000780547 0.000592885 0.000593462 0.000593464 0.000592889 -0.000407549 -0.000407354 -0.000407356 -0.000407555
4.91 0 0 0 0 -0.000478956 -0.000481448 -0.000481442 -0.000478948 -0.000520368 -0.000518296 -0.000518299 -0.000520371 -0.00123534 -0.00123545 -0.00123545 -0.00123534
4.93 0 0 0 0 -0.00154753 -0.00155081 -0.00155081 -0.00154751 -0.00220846 -0.00220855 -0.00220855 -0.00220847 -0.00189814 -0.0018979 -0.0018979 -0.00189814
4.95 0 0 0 0 -0.00100488 -0.00100354 -0.00100355 -0.00100489 -0.00232153 -0.00232457 -0.00232457 -0.00232153 -0.00174188 -0.00174106 -0.00174106 -0.00174189
4.97 0 0 0 0 -0.00134068 -0.00134274 -0.00134273 -0.00134068 -0.00241098 -0.00241066 -0.00241066 -0.00241098 -0.00291391 -0.00291339 -0.00291339 -0.00291391
4.99 0 0 0 0 -0.00040562 -0.00040635 -0.000406349 -0.000405619 -0.00128182 -0.00128005 -0.00128005 -0.00128182 -0.00281122 -0.00281078 -0.00281078 -0.00281122
5.01 0 0 0 0 -1.74692e-05 -1.62522e-05 -1.62537e-05 -1.74739e-05 -0.000902128 -0.000901416 -0.000901415 -0.000902126 -0.00223432 -0.00223379 -0.00223379 -0.00223432
5.03 0 0 0 0 -0.00143675 -0.00143941 -0.00143941 -0.00143674 -0.00231684 -0.00231655 -0.00231655 -0.00231685 -0.00253208 -0.0025317 -0.0025317 -0.00253211
5.05 0 0 0 0 -0.000392095 -0.000390312 -0.000390313 -0.000392097 -0.0012256 -0.00122824 -0.00122824 -0.00122559 -0.000637375 -0.000636795 -0.000636786 -0.000637357
5.07 0 0 0 0 8.15769e-05 8.17422e-05 8.17414e-05 8.15744e-05 0.000193477 0.000193112 0.000193113 0.000193482 0.000457521 0.000457464 0.000457457 0.00045752
5.09 0 0 0 0 0.000510339 0.000508624 0.000508626 0.000510342 0.001579 0.00158128 0.00158128 0.00157899 0.00135876 0.00135806 0.00135805 0.00135875
5.11 0 0 0 0 0.00156738 0.0015697 0.0015697 0.00156737 0.00276419 0.00276447 0.00276447 0.00276419 0.0029344 0.00293382 0.00293382 0.00293441
5.13 0 0 0 0 0.00164962 0.00165276 0.00165276 0.00164962 0.00288652 0.00288519 0.00288519 0.00288652 0.00386508 0.00386454 0.00386454 0.00386507
5.15 0 0 0 0 0.00174098 0.00174317 0.00174317 0.00174098 0.00347406 0.0034731 0.0034731 0.00347406 0.00480472 0.00480385 0.00480385 0.00480471
5.17 0 0 0 0 0.00225001 0.00225205 0.00225206 0.00225005 0.00472276 0.00472301 0.00472301 0.00472275 0.00589441 0.0058931 0.0058931 0.00589441
5.19 0 0 0 0 0.00127915 0.00127676 0.00127657 0.00127851 0.0038979 0.00389992 0.00389991 0.00389789 0.00502856 0.00502696 0.00502693 0.0050285
5.21 0 0 0 0 0.000670752 0.000669981 0.00066996 0.000670587 0.00213855 0.00213821 0.0021381 0.00213822 0.003457 0.00345609 0.00345605 0.00345688
5.23 0 0 0 0 0.000729636 0.000732939 0.000732924 0.00072962 0.000820977 0.000818359 0.000818329 0.000820801 0.00166399 0.00166405 0.00166403 0.00166391
5.25 0 0 0 0 0.000226803 0.000228235 0.000228229 0.000226798 -0.000114662 -0.000114717 -0.000114661 -0.000114548 -0.000628054 -0.000627801 -0.000627811 -0.000628074
5.27 0 0 0 0 -0.00101519 -0.00101855 -0.00101854 -0.00101517 -0.00168371 -0.00168088 -0.00168094 -0.00168381 -0.00311805 -0.00311786 -0.00311784 -0.00311804
5.29 0 0 0 0 -0.00259839 -0.0026031 -0.00260311 -0.00259841 -0.00453313 -0.00453181 -0.0045318 -0.00453308 -0.00564768 -0.00564684 -0.00564684 -0.00564771
5.31 0 0 0 0 -0.00358091 -0.00358335 -0.00358335 -0.00358091 -0.00715891 -0.00716116 -0.00716115 -0.00715891 -0.00783936 -0.00783743 -0.00783742 -0.00783935
5.33 0 0 0 0 -0.00389204 -0.00389442 -0.00389442 -0.00389203 -0.00816417 -0.0081659 -0.00816591 -0.0081642 -0.0096656 -0.00966329 -0.0096633 -0.00966561
5.35 0 0 0 0 -0.00450191 -0.00450877 -0.00450884 -0.00450226 -0.00867382 -0.00867139 -0.00867139 -0.00867387 -0.0116238 -0.0116218 -0.0116218 -0.0116238
5.37 0 0 0 0 -0.00515794 -0.00516618 -0.00516648 -0.00515892 -0.00982795 -0.00982522 -0.00982555 -0.00982899 -0.013168 -0.0131659 -0.013166 -0.0131686
5.39 0 0 0 0 -0.00456756 -0.0045697 -0.00457006 -0.00456895 -0.0102223 -0.0102241 -0.0102242 -0.0102228 -0.0128512 -0.0128481 -0.0128481 -0.0128513
5.41 0 0 0 0 -0.0033578 -0.00335671 -0.00335695 -0.00335894 -0.00854755 -0.00855069 -0.00855083 -0.00854811 -0.0107789 -0.010776 -0.0107761 -0.0107793
5.43 0 0 0 0 -0.00193051 -0.00193189 -0.00193212 -0.00193132 -0.00472354 -0.00472285 -0.00472304 -0.0047242 -0.00699036 -0.00698888 -0.00698897 -0.00699064
5.45 0 0 0 0 -0.000287916 -0.000290086 -0.000290056 -0.000287817 -0.000374239 -0.000371392 -0.000371435 -0.000374442 -0.00168248 -0.00168256 -0.00168256 -0.00168257
5.47 0 0 0 0 0.00167937 0.00168122 0.00168119 0.00167927 0.00346406 0.00346382 0.00346385 0.00346415 0.00448632 0.00448541 0.00448542 0.00448635
5.49 0 0 0 0 0.00374438 0.00375011 0.00375014 0.00374444 0.007304 0.00730091 0.00730086 0.00730391 0.010415 0.0104133 0.0104133 0.010415
5.51 0 0 0 0 0.00587267 0.00587922 0.0058792 0.00587262 0.011958 0.0119567 0.0119567 0.011958 0.0156372 0.0156341 0.0156341 0.0156372
5.53 0 0 0 0 0.00709076 0.00709505 0.00709504 0.00709074 0.0154038 0.0154061 0.0154061 0.0154038 0.0190149 0.0190104 0.0190104 0.0190149
5.55 0 0 0 0 0.00754299 0.00754826 0.00754828 0.00754301 0.0162017 0.0162031 0.0162031 0.0162017 0.0204194 0.0204147 0.0204147 0.0204193
5.57 0 0 0 0 0.00742933 0.00743815 0.00743815 0.00742932 0.0149996 0.0149971 0.0149972 0.0149996 0.0199121 0.0199083 0.0199083 0.0199121
5.59 0 0 0 0 0.00600523 0.00601063 0.00600996 0.00600301 0.0125189 0.0125164 0.012516 0.0125174 0.016819 0.0168151 0.0168149 0.0168181
5.61 0 0 0 0 0.0032978 0.00329652 0.00329642 0.00329691 0.00837728 0.00837909 0.00837913 0.00837708 0.0109653 0.0109624 0.0109623 0.0109652
5.63 0 0 0 0 0.000701088 0.000698536 0.000698392 0.000700574 0.00263838 0.00263987 0.00263966 0.00263789 0.00357065 0.00356942 0.00356933 0.00357048
5.65 0 0 0 0 -0.00161514 -0.00161492 -0.00161494 -0.00161509 -0.00384532 -0.0038469 -0.00384687 -0.0038452 -0.00449785 -0.00449656 -0.00449659 -0.00449787
5.67 0 0 0 0 -0.00301753 -0.00301529 -0.00301529 -0.00301746 -0.00829723 -0.00829974 -0.00829972 -0.00829722 -0.0110882 -0.0110851 -0.0110851 -0.0110881
5.69 0 0 0 0 -0.00509135 -0.00509557 -0.00509562 -0.0050915 -0.0115012 -0.0114994 -0.0114995 -0.0115013 -0.0162769 -0.0162736 -0.0162736 -0.016277
5.71 0 0 0 0 -0.00681165 -0.00682024 -0.00682018 -0.00681159 -0.0138884 -0.0138853 -0.0138853 -0.0138883 -0.0188975 -0.0188939 -0.0188938 -0.0188974
5.73 0 0 0 0 -0.00701303 -0.00701839 -0.0070184 -0.00701305 -0.0147699 -0.0147711 -0.0147711 -0.01477 -0.01845 -0.0184459 -0.018446 -0.0184501
5.75 0 0 0 0 -0.0062894 -0.00629304 -0.00629306 -0.00628943 -0.0134623 -0.0134651 -0.0134651 -0.0134624 -0.0161402 -0.0161363 -0.0161363 -0.0161402
5.77 0 0 0 0 -0.0045842 -0.00458873 -0.0045887 -0.00458413 -0.00946931 -0.00946895 -0.00946893 -0.00946924 -0.0121628 -0.0121602 -0.0121602 -0.0121628
5.79 0 0 0 0 -0.00196185 -0.00196485 -0.00196487 -0.00196187 -0.00417387 -0.00417148 -0.0041715 -0.0041739 -0.00652793 -0.00652683 -0.00652682 -0.0065279
5.81 0 0 0 0 0.001761 0.00176584 0.00176583 0.00176099 0.00200325 0.0020028 0.00200281 0.00200327 0.0013698 0.00136986 0.00136985 0.00136978
5.83 0 0 0 0 0.00351212 0.00351662 0.00351663 0.00351212 0.00676402 0.0067632 0.00676319 0.006764 0.00857726 0.00857565 0.00857565 0.00857727
5.85 0 0 0 0 0.00499559 0.00499866 0.00499865 0.00499557 0.0113317 0.0113315 0.0113315 0.0113317 0.0153096 0.0153062 0.0153062 0.0153096
5.87 0 0 0 0 0.00633742 0.00634062 0.00634063 0.00633742 0.0147427 0.0147428 0.0147428 0.0147427 0.0200063 0.0200017 0.0200017 0.0200062
5.89 0 0 0 0 0.00681425 0.00681787 0.00681787 0.00681425 0.0156258 0.0156259 0.0156259 0.0156258 0.0210762 0.0210715 0.0210715 0.0210763
5.91 0 0 0 0 0.00799788 0.00800754 0.00800755 0.00799793 0.0158768 0.0158751 0.0158751 0.0158768 0.020426 0.020422 0.020422 0.020426
5.93 0 0 0 0 0.00646849 0.00647462 0.00647462 0.00646849 0.0131578 0.0131585 0.0131585 0.0131578 0.0161674 0.0161639 0.0161639 0.0161674
5.95 0 0 0 0 0.00196687 0.00196203 0.00196186 0.0019657 0.00630462 0.00630805 0.00630797 0.00630438 0.0082035 0.00820083 0.0082008 0.00820342
5.97 0 0 0 0 -0.00132422 -0.00132658 -0.0013264 -0.00132351 -0.00146702 -0.00146812 -0.00146822 -0.00146728 -0.000344806 -0.00034497 -0.000345037 -0.000345051
5.99 0 0 0 0 -0.00390079 -0.00390174 -0.00390218 -0.00390172 -0.0086037 -0.00860748 -0.00860748 -0.00860382 -0.00959599 -0.0095933 -0.00959326 -0.00959589
6.01 0 0 0 0 -0.00532926 -0.00533101 -0.00533069 -0.00532859 -0.0127686 -0.0127691 -0.012769 -0.0127684 -0.0173472 -0.0173432 -0.0173432 -0.0173473
6.03 0 0 0 0 -0.0048236 -0.00482371 -0.00482382 -0.00482385 -0.0130938 -0.0130918 -0.0130919 -0.013094 -0.0202555 -0.0202509 -0.0202509 -0.0202555
6.05 0 0 0 0 -0.00675397 -0.0067613 -0.00676135 -0.0067541 -0.0147199 -0.0147159 -0.0147159 -0.0147198 -0.0211628 -0.0211587 -0.0211587 -0.0211628
6.07 0 0 0 0 -0.00713503 -0.00714134 -0.00714124 -0.00713482 -0.0146274 -0.0146288 -0.0146288 -0.0146275 -0.0177968 -0.0177928 -0.0177928 -0.0177968
6.09 0 0 0 0 -0.00620945 -0.00621444 -0.00621451 -0.00620958 -0.0119768 -0.0119806 -0.0119807 -0.0119768 -0.0126861 -0.0126831 -0.0126831 -0.0126862
6.11 0 0 0 0 -0.00620909 -0.00622227 -0.00622224 -0.00620903 -0.00932922 -0.00932702 -0.00932699 -0.00932917 -0.00993502 -0.00993385 -0.00993383 -0.00993499
6.13 0 0 0 0 -0.00282022 -0.00282586 -0.00282583 -0.00282016 -0.00477013 -0.00476814 -0.00476815 -0.00477014 -0.00609933 -0.00609851 -0.00609853 -0.00609936
6.15 0 0 0 0 0.00150094 0.00150852 0.00150849 0.00150086 0.000168294 0.000166478 0.000166476 0.000168294 -0.00139887 -0.00139778 -0.00139777 -0.00139885
6.17 0 0 0 0 0.00383427 0.0038437 0.00384371 0.00383429 0.00481391 0.00481307 0.00481308 0.00481393 0.00391562 0.00391549 0.00391548 0.00391562
6.19 0 0 0 0 0.00348265 0.00348316 0.00348315 0.00348263 0.00786829 0.00787135 0.00787133 0.00786826 0.00906737 0.00906489 0.00906489 0.00906737
6.21 0 0 0 0 0.00191033 0.001904 0.001904 0.00191032 0.00784484 0.00784702 0.00784702 0.00784483 0.0122053 0.0122017 0.0122017 0.0122053
6.23 0 0 0 0 0.00309247 0.00309499 0.00309499 0.00309247 0.00817951 0.00817472 0.00817472 0.00817951 0.0141489 0.0141462 0.0141462 0.0141489
6.25 0 0 0 0 0.00519825 0.00520743 0.00520743 0.00519823 0.00973824 0.00973386 0.00973385 0.00973823 0.0135705 0.0135684 0.0135684 0.0135705
6.27 0 0 0 0 0.00740124 0.00741162 0.00741162 0.00740125 0.0125413 0.0125433 0.0125433 0.0125413 0.0126606 0.0126581 0.0126581 0.0126606
6.29 0 0 0 0 0.00791449 0.00792425 0.00792426 0.00791452 0.0136318 0.0136364 0.0136364 0.0136318 0.0128238 0.0128209 0.0128209 0.0128238
6.31 0 0 0 0 0.00496979 0.00497386 0.00497387 0.0049698 0.0101979 0.010199 0.010199 0.0101979 0.0123645 0.0123618 0.0123618 0.0123645
6.33 0 0 0 0 0.0040463 0.00405385 0.00405386 0.00404632 0.00843578 0.0084293 0.00842931 0.00843581 0.013792 0.01379 0.01379 0.0137921
6.35 0 0 0 0 -0.000173911 -0.000181989 -0.00018198 -0.000173883 0.00414555 0.00414545 0.00414545 0.00414556 0.00911744 0.00911469 0.0091147 0.00911745
6.37 0 0 0 0 -0.00135219 -0.00136153 -0.00136152 -0.00135214 0.000864866 0.000867999 0.000867972 0.00086471 0.00261979 0.0026179 0.00261786 0.00261951
6.39 0 0 0 0 -0.00169064 -0.00169163 -0.00169168 -0.00169074 -0.00407779 -0.00407703 -0.00407703 -0.00407766 -0.00596975 -0.00596836 -0.00596829 -0.00596954
6.41 0 0 0 0 -0.0039002 -0.0038989 -0.00389888 -0.00390018 -0.0106219 -0.0106227 -0.0106228 -0.0106222 -0.0153394 -0.0153355 -0.0153356 -0.0153395
6.43 0 0 0 0 -0.00853129 -0.00853984 -0.00853984 -0.00853131 -0.0180009 -0.0179989 -0.0179988 -0.0180008 -0.0241077 -0.0241028 -0.0241028 -0.0241077
6.45 0 0 0 0 -0.0128941 -0.0129109 -0.0129109 -0.0128941 -0.0246519 -0.0246497 -0.0246497 -0.024652 -0.0306757 -0.0306698 -0.0306698 -0.0306756
6.47 0 0 0 0 -0.0160584 -0.0160784 -0.0160784 -0.0160583 -0.0304024 -0.0304025 -0.0304025 -0.0304024 -0.0361829 -0.0361757 -0.0361757 -0.036183
6.49 0 0 0 0 -0.0156509 -0.0156654 -0.0156655 -0.0156526 -0.0318962 -0.0318987 -0.0318988 -0.0318964 -0.0389235 -0.0389149 -0.0389149 -0.0389235
6.51 0 0 0 0 -0.0128971 -0.0129075 -0.0129095 -0.0129044 -0.0287349 -0.0287362 -0.0287372 -0.0287389 -0.0381054 -0.0380972 -0.0380978 -0.0381072
6.53 0 0 0 0 -0.00891307 -0.00891865 -0.00891973 -0.00891886 -0.021821 -0.0218194 -0.0218202 -0.0218245 -0.0318452 -0.0318383 -0.0318384 -0.0318461
6.55 0 0 0 0 -0.00463201 -0.00463281 -0.00463327 -0.00463469 -0.012683 -0.0126823 -0.0126831 -0.0126861 -0.0195092 -0.019505 -0.0195055 -0.0195108
6.57 0 0 0 0 -0.000312485 -0.000310142 -0.000310788 -0.000314155 -0.00193211 -0.00193394 -0.00193416 -0.0019328 -0.00272603 -0.00272494 -0.00272484 -0.00272592
6.59 0 0 0 0 0.00554587 0.00555282 0.00555317 0.00554631 0.0116427 0.0116392 0.0116393 0.0116427 0.0166219 0.0166189 0.0166189 0.0166219
6.61 0 0 0 0 0.0122633 0.0122736 0.0122737 0.0122634 0.026407 0.0264059 0.0264059 0.0264072 0.0349679 0.0349604 0.0349604 0.0349679
6.63 0 0 0 0 0.0210348 0.0210576 0.0210572 0.0210339 0.0420241 0.0420229 0.0420226 0.0420236 0.0526 0.0525892 0.0525892 0.0526
6.65 0 0 0 0 0.0251258 0.0251496 0.0251499 0.0251263 0.0513157 0.0513174 0.0513174 0.0513158 0.0638575 0.0638438 0.0638438 0.0638575
6.67 0 0 0 0 0.0255148 0.0255365 0.0255365 0.0255152 0.0539222 0.053923 0.053923 0.0539224 0.069008 0.068993 0.0689931 0.069008
6.69 0 0 0 0 0.0227826 0.022795 0.0227936 0.0227735 0.0496577 0.049654 0.0496532 0.0496546 0.0662458 0.0662312 0.0662309 0.066245
6.71 0 0 0 0 0.0167264 0.0167319 0.01673 0.0167179 0.0386578 0.0386534 0.0386514 0.0386505 0.0532792 0.0532658 0.0532647 0.053276
6.73 0 0 0 0 0.013012 0.0130212 0.0130179 0.0130007 0.0271055 0.0270997 0.0270983 0.0270992 0.0358841 0.0358757 0.0358754 0.0358825
6.75 0 0 0 0 0.00518947 0.0051932 0.00519328 0.00518845 0.0103531 0.010355 0.0103553 0.0103524 0.0115736 0.0115707 0.0115707 0.0115734
6.77 0 0 0 0 -0.00626497 -0.00627653 -0.00627682 -0.00626492 -0.0115211 -0.0115151 -0.0115152 -0.0115212 -0.0162042 -0.0162018 -0.0162017 -0.0162041
6.79 0 0 0 0 -0.0168261 -0.0168435 -0.0168439 -0.0168271 -0.0340064 -0.0340066 -0.0340068 -0.0340065 -0.0423151 -0.0423062 -0.0423064 -0.0423154
6.81 0 0 0 0 -0.0245364 -0.0245553 -0.0245549 -0.0245365 -0.051791 -0.0517963 -0.0517966 -0.0517916 -0.064151 -0.0641364 -0.0641363 -0.0641507
6.83 0 0 0 0 -0.0282993 -0.0283218 -0.0283216 -0.0282992 -0.0607367 -0.0607376 -0.0607374 -0.0607366 -0.0785661 -0.0785491 -0.0785492 -0.0785665
6.85 0 0 0 0 -0.0275234 -0.0275455 -0.0275456 -0.0275236 -0.0605217 -0.060517 -0.0605172 -0.0605215 -0.0819433 -0.0819257 -0.0819257 -0.0819432
6.87 0 0 0 0 -0.0230267 -0.02304 -0.023039 -0.0230249 -0.0527369 -0.0527343 -0.0527342 -0.0527365 -0.0723734 -0.0723574 -0.0723574 -0.0723734
6.89 0 0 0 0 -0.0191286 -0.0191441 -0.0191453 -0.0191299 -0.0413743 -0.0413739 -0.0413736 -0.0413741 -0.0542508 -0.0542389 -0.0542389 -0.0542507
6.91 0 0 0 0 -0.0124985 -0.0125154 -0.0125179 -0.012512 -0.0243491 -0.0243532 -0.0243552 -0.024356 -0.0288312 -0.0288255 -0.0288261 -0.0288329
6.93 0 0 0 0 -0.00391805 -0.00392653 -0.00392362 -0.00391092 -0.00438083 -0.00438081 -0.00437975 -0.00437835 -0.00212146 -0.00212153 -0.00212144 -0.00212142
6.95 0 0 0 0 0.00695858 0.00695963 0.00695621 0.00695333 0.0166616 0.0166612 0.0166603 0.0166597 0.023061 0.0230558 0.0230561 0.0230615
6.97 0 0 0 0 0.0184871 0.018509 0.0185099 0.0184897 0.0366414 0.0366405 0.0366407 0.0366419 0.0456462 0.0456366 0.0456362 0.0456453
6.99 0 0 0 0 0.0259196 0.0259477 0.0259479 0.0259192 0.0513511 0.0513514 0.0513513 0.0513508 0.0630766 0.0630637 0.063064 0.0630773
7.01 0 0 0 0 0.0287617 0.0287878 0.0287874 0.0287603 0.0593637 0.0593645 0.0593643 0.0593632 0.0748281 0.0748119 0.0748117 0.0748276
7.03 0 0 0 0 0.0253755 0.0253904 0.0253911 0.0253776 0.0572998 0.0573012 0.0573014 0.0573006 0.0762329 0.0762157 0.0762158 0.076233
7.05 0 0 0 0 0.0207905 0.0208012 0.0208007 0.0207884 0.0485648 0.048562 0.0485621 0.048565 0.0677186 0.0677036 0.0677035 0.0677185
7.07 0 0 0 0 0.017321 0.0173394 0.0173396 0.0173223 0.0370685 0.0370627 0.0370628 0.0370684 0.0507925 0.0507824 0.0507825 0.0507928
7.09 0 0 0 0 0.0123908 0.0124054 0.0124057 0.0123902 0.0232023 0.0232025 0.0232026 0.0232026 0.0275003 0.0274949 0.027495 0.0275005
7.11 0 0 0 0 0.00555587 0.00556737 0.00556707 0.00555675 0.00739516 0.00739961 0.00739949 0.00739484 0.00368461 0.00368395 0.00368391 0.00368462
7.13 0 0 0 0 -0.00575446 -0.0057598 -0.00576031 -0.00575472 -0.0131568 -0.0131524 -0.0131523 -0.0131566 -0.0198224 -0.0198186 -0.0198186 -0.0198224
7.15 0 0 0 0 -0.0177944 -0.017815 -0.0178149 -0.0177946 -0.0344438 -0.0344452 -0.0344454 -0.0344441 -0.0410482 -0.0410397 -0.0410398 -0.0410483
7.17 0 0 0 0 -0.0266691 -0.0266991 -0.026699 -0.0266696 -0.0511651 -0.0511692 -0.0511693 -0.0511654 -0.059763 -0.0597504 -0.0597504 -0.0597629
7.19 0 0 0 0 -0.0314607 -0.0314967 -0.0314965 -0.0314606 -0.0618565 -0.0618555 -0.0618555 -0.0618565 -0.0762852 -0.0762698 -0.0762699 -0.0762854
7.21 0 0 0 0 -0.0292575 -0.0292801 -0.0292801 -0.0292566 -0.063473 -0.0634703 -0.0634704 -0.0634727 -0.0842333 -0.0842151 -0.0842151 -0.0842332
7.23 0 0 0 0 -0.0241675 -0.0241778 -0.024178 -0.0241693 -0.0579222 -0.0579207 -0.0579204 -0.0579216 -0.0808905 -0.0808721 -0.0808721 -0.0808906
7.25 0 0 0 0 -0.0194897 -0.0194983 -0.0194979 -0.0194869 -0.046735 -0.0467335 -0.0467335 -0.0467353 -0.065459 -0.065444 -0.0654438 -0.0654585
7.27 0 0 0 0 -0.0156314 -0.0156507 -0.0156529 -0.0156407 -0.0317859 -0.0317866 -0.0317885 -0.0317955 -0.0410527 -0.0410451 -0.0410457 -0.0410555
7.29 0 0 0 0 -0.0077303 -0.00774377 -0.0077444 -0.00773361 -0.011862 -0.011863 -0.0118616 -0.0118573 -0.0106271 -0.010625 -0.0106247 -0.0106261
7.31 0 0 0 0 0.00391759 0.00391743 0.00391697 0.00391636 0.0113256 0.0113199 0.0113173 0.0113213 0.019383 0.0193787 0.0193783 0.0193822
7.33 0 0 0 0 0.0160074 0.0160203 0.016021 0.016008 0.0342086 0.0342091 0.0342102 0.0342109 0.0444853 0.0444758 0.0444758 0.0444855
7.35 0 0 0 0 0.0272104 0.0272384 0.0272379 0.0272088 0.0540395 0.0540416 0.0540415 0.0540386 0.0654999 0.0654861 0.0654862 0.0655001
7.37 0 0 0 0 0.0347897 0.0348303 0.0348304 0.0347898 0.067617 0.0676162 0.0676158 0.0676159 0.0824343 0.0824175 0.0824173 0.0824338
7.39 0 0 0 0 0.0357386 0.0357757 0.0357758 0.0357395 0.0727605 0.0727586 0.0727591 0.0727614 0.0924297 0.0924106 0.0924106 0.0924298
7.41 0 0 0 0 0.0319597 0.0319822 0.0319822 0.0319584 0.070253 0.0702519 0.0702518 0.0702529 0.0932709 0.0932504 0.0932504 0.0932709
7.43 0 0 0 0 0.0254578 0.0254729 0.0254728 0.0254611 0.0595714 0.0595709 0.0595712 0.0595721 0.0817192 0.0817007 0.0817008 0.0817195
7.45 0 0 0 0 0.0190583 0.019062 0.0190587 0.0190401 0.0430934 0.0430857 0.0430831 0.0430819 0.0590157 0.0590012 0.0590007 0.0590128
7.47 0 0 0 0 0.0116587 0.0116698 0.011669 0.011653 0.0226312 0.0226279 0.0226278 0.0226289 0.028309 0.0283031 0.0283026 0.028308
7.49 0 0 0 0 0.000706854 0.000710722 0.000709301 0.000703548 -0.00162166 -0.00161759 -0.00161942 -0.00162336 -0.00621361 -0.00621206 -0.00621228 -0.00621373
7.51 0 0 0 0 -0.0124474 -0.0124591 -0.0124584 -0.0124467 -0.027678 -0.0276731 -0.0276728 -0.0276769 -0.0387346 -0.0387267 -0.0387269 -0.0387349
7.53 0 0 0 0 -0.0248043 -0.0248267 -0.0248267 -0.0248039 -0.0516563 -0.051658 -0.0516581 -0.0516578 -0.0655629 -0.0655488 -0.0655486 -0.0655626
7.55 0 0 0 0 -0.0337574 -0.0337889 -0.0337899 -0.0337594 -0.0689267 -0.0689302 -0.0689301 -0.0689273 -0.0853535 -0.0853353 -0.0853355 -0.0853541
7.57 0 0 0 0 -0.0376753 -0.0377127 -0.0377121 -0.0376743 -0.0769819 -0.0769812 -0.076981 -0.0769815 -0.0971908 -0.0971704 -0.0971703 -0.0971908
7.59 0 0 0 0 -0.0365402 -0.0365738 -0.0365737 -0.036539 -0.0763673 -0.0763624 -0.0763628 -0.0763667 -0.0995593 -0.0995386 -0.0995386 -0.0995594
7.61 0 0 0 0 -0.03225 -0.0322792 -0.0322805 -0.0322541 -0.0692795 -0.0692769 -0.0692762 -0.069279 -0.0917415 -0.0917219 -0.091722 -0.0917416
7.63 0 0 0 0 -0.0234213 -0.0234327 -0.0234304 -0.0234178 -0.0534642 -0.0534666 -0.0534665 -0.0534646 -0.0709878 -0.070971 -0.0709707 -0.0709868
7.65 0 0 0 0 -0.010602 -0.0106035 -0.0106051 -0.0106101 -0.027612 -0.0276183 -0.02762 -0.0276172 -0.0377675 -0.0377585 -0.037759 -0.0377696
7.67 0 0 0 0 0.00180321 0.00180582 0.00180459 0.00180478 0.00275311 0.00275598 0.00275527 0.00275286 0.00154275 0.00154222 0.00154238 0.001543
7.69 0 0 0 0 0.0116405 0.0116374 0.0116356 0.011635 0.0295559 0.0295614 0.0295606 0.0295522 0.0390916 0.0390811 0.0390809 0.0390908
7.71 0 0 0 0 0.0215303 0.0215423 0.0215451 0.0215346 0.050506 0.0505043 0.0505062 0.0505088 0.070175 0.0701594 0.0701596 0.0701753
7.73 0 0 0 0 0.0319625 0.0319945 0.031993 0.031959 0.0676683 0.0676576 0.0676563 0.0676656 0.0917602 0.0917417 0.0917416 0.09176
7.75 0 0 0 0 0.0371733 0.0372077 0.0372077 0.0371739 0.0776283 0.0776279 0.0776281 0.0776291 0.0994557 0.0994343 0.0994341 0.0994551
7.77 0 0 0 0 0.0372938 0.0373233 0.0373238 0.0372966 0.077815 0.0778226 0.0778232 0.0778159 0.0959737 0.0959523 0.0959524 0.095974
7.79 0 0 0 0 0.0323226 0.0323536 0.0323519 0.0323197 0.0664666 0.0664684 0.0664683 0.0664664 0.0833915 0.0833736 0.0833736 0.0833915
7.81 0 0 0 0 0.02242 0.0224421 0.0224442 0.0224202 0.0464579 0.046451 0.046451 0.046458 0.062086 0.062074 0.0620743 0.062087
7.83 0 0 0 0 0.0103075 0.0103182 0.0103188 0.01031 0.02348 0.0234775 0.0234774 0.0234819 0.0336847 0.0336775 0.0336772 0.0336839
7.85 0 0 0 0 -0.00101114 -0.00101692 -0.00101889 -0.00101236 0.000369622 0.000371734 0.000371272 0.000368602 0.00134797 0.00134703 0.00134734 0.00134844
7.87 0 0 0 0 -0.0109278 -0.0109396 -0.0109395 -0.0109273 -0.0229966 -0.0229939 -0.0229933 -0.0229968 -0.0312519 -0.0312458 -0.0312458 -0.0312521
7.89 0 0 0 0 -0.0192378 -0.0192485 -0.0192481 -0.0192384 -0.0440453 -0.0440468 -0.0440467 -0.044046 -0.0590187 -0.0590053 -0.0590054 -0.0590189
7.91 0 0 0 0 -0.0273876 -0.0274069 -0.0274071 -0.0273888 -0.0604255 -0.0604262 -0.0604265 -0.0604261 -0.0794592 -0.0794416 -0.0794416 -0.0794593
7.93 0 0 0 0 -0.0347493 -0.0347858 -0.0347856 -0.0347493 -0.0710855 -0.0710813 -0.0710813 -0.0710852 -0.0915583 -0.0915396 -0.0915397 -0.0915585
7.95 0 0 0 0 -0.0389063 -0.0389521 -0.0389519 -0.0389063 -0.0764446 -0.0764397 -0.07644 -0.0764441 -0.0958179 -0.0957989 -0.095799 -0.0958181
7.97 0 0 0 0 -0.0363159 -0.0363523 -0.0363522 -0.0363182 -0.0736973 -0.0736996 -0.0736991 -0.0736964 -0.0912736 -0.0912541 -0.0912541 -0.0912737
7.99 0 0 0 0 -0.0278876 -0.0279037 -0.0279029 -0.0278845 -0.0607977 -0.0608023 -0.0608022 -0.0607982 -0.0777847 -0.0777669 -0.0777666 -0.0777841
8.01 0 0 0 0 -0.0167544 -0.0167635 -0.0167642 -0.0167528 -0.0394103 -0.0394081 -0.0394084 -0.0394094 -0.0551695 -0.0551573 -0.0551574 -0.0551698
8.03 0 0 0 0 -0.0042292 -0.0042313 -0.00423476 -0.00424008 -0.0130627 -0.0130583 -0.0130592 -0.0130667 -0.0227298 -0.0227247 -0.0227246 -0.0227296
8.05 0 0 0 0 0.00638213 0.00639111 0.00639434 0.00638932 0.0123015 0.0123038 0.0123044 0.0123037 0.0142568 0.0142536 0.0142532 0.0142563
8.07 0 0 0 0 0.0140971 0.0141022 0.0141002 0.0140927 0.0337712 0.0337667 0.033765 0.033766 0.0481025 0.0480915 0.0480913 0.0481013
8.09 0 0 0 0 0.0225436 0.0225559 0.0225559 0.0225429 0.0528876 0.0528833 0.052885 0.0528899 0.0745634 0.0745472 0.0745479 0.0745644
8.11 0 0 0 0 0.032224 0.0322524 0.0322532 0.0322252 0.0692173 0.0692138 0.0692132 0.0692159 0.0913177 0.091298 0.0912977 0.091317
8.13 0 0 0 0 0.0363196 0.0363507 0.0363499 0.0363177 0.0754288 0.0754323 0.0754319 0.0754283 0.0943704 0.0943497 0.0943494 0.09437
8.15 0 0 0 0 0.0382648 0.0383079 0.0383083 0.0382672 0.0746705 0.0746704 0.0746714 0.074672 0.0913127 0.0912943 0.0912945 0.0913132
8.17 0 0 0 0 0.0324715 0.0325086 0.0325082 0.0324688 0.0641395 0.0641376 0.064137 0.0641392 0.0800066 0.0799903 0.0799903 0.0800064
8.19 0 0 0 0 0.0197542 0.0197648 0.0197657 0.0197543 0.0448395 0.0448406 0.0448408 0.0448402 0.0596603 0.0596469 0.0596471 0.059661
8.21 0 0 0 0 0.00506409 0.00505499 0.00505513 0.0050666 0.0187401 0.0187431 0.0187429 0.0187411 0.030047 0.0300387 0.0300385 0.0300465
8.23 0 0 0 0 -0.00667352 -0.0066857 -0.00668683 -0.00667484 -0.00908884 -0.00909343 -0.00909381 -0.00909055 -0.00597842 -0.00597728 -0.00597695 -0.00597769
8.25 0 0 0 0 -0.0148602 -0.014867 -0.0148667 -0.0148599 -0.0335504 -0.0335547 -0.033554 -0.0335497 -0.0430914 -0.0430812 -0.0430814 -0.0430918
8.27 0 0 0 0 -0.0208398 -0.0208469 -0.0208468 -0.0208403 -0.0513701 -0.0513682 -0.0513686 -0.0513712 -0.0731313 -0.0731146 -0.0731146 -0.0731315
8.29 0 0 0 0 -0.0278 -0.0278191 -0.0278192 -0.0278009 -0.0644754 -0.0644676 -0.0644677 -0.0644756 -0.0913265 -0.0913069 -0.091307 -0.0913267
8.31 0 0 0 0 -0.0357518 -0.035787 -0.0357869 -0.0357506 -0.0745079 -0.0745029 -0.0745029 -0.0745074 -0.0973984 -0.0973783 -0.0973783 -0.0973985
8.33 0 0 0 0 -0.0362881 -0.0363195 -0.036318 -0.0362861 -0.0737273 -0.0737341 -0.0737339 -0.073727 -0.0892543 -0.0892347 -0.0892346 -0.0892543
8.35 0 0 0 0 -0.0331679 -0.0332059 -0.0332086 -0.0331698 -0.0642158 -0.0642194 -0.0642187 -0.0642152 -0.0761019 -0.0760858 -0.0760858 -0.0761017
8.37 0 0 0 0 -0.0237303 -0.0237602 -0.0237597 -0.0237295 -0.0458643 -0.0458599 -0.0458606 -0.0458661 -0.0578023 -0.0577909 -0.0577908 -0.0578015
8.39 0 0 0 0 -0.00576593 -0.00575926 -0.0057579 -0.00576494 -0.0185154 -0.0185148 -0.0185146 -0.018512 -0.0291879 -0.0291807 -0.0291809 -0.0291884
8.41 0 0 0 0 0.0095042 0.00952886 0.00952851 0.00950117 0.0098278 0.00982636 0.0098257 0.00982672 0.00502761 0.00502851 0.00502868 0.0050277
8.43 0 0 0 0 0.0212642 0.0212939 0.0212944 0.0212662 0.0388536 0.0388539 0.0388542 0.0388527 0.0449368 0.0449282 0.0449283 0.044937
8.45 0 0 0 0 0.0294012 0.0294232 0.029422 0.0293999 0.0641121 0.0641127 0.0641132 0.0641119 0.0836361 0.0836174 0.0836173 0.0836357
8.47 0 0 0 0 0.0329961 0.0330082 0.0330081 0.0329955 0.0790108 0.0790101 0.0790097 0.0790099 0.109431 0.109406 0.109406 0.109431
8.49 0 0 0 0 0.0367441 0.0367661 0.0367666 0.0367452 0.0852415 0.0852364 0.0852363 0.0852427 0.118584 0.118557 0.118557 0.118584
8.51 0 0 0 0 0.0393574 0.0393911 0.0393918 0.0393558 0.0834615 0.0834569 0.0834568 0.0834619 0.110142 0.110119 0.110119 0.110142
8.53 0 0 0 0 0.0351937 0.0352294 0.0352286 0.0351941 0.070645 0.0706477 0.070649 0.0706453 0.0860436 0.0860255 0.0860255 0.086044
8.55 0 0 0 0 0.024926 0.0249548 0.0249552 0.0249311 0.0477135 0.0477193 0.0477192 0.0477127 0.054653 0.0546411 0.0546409 0.0546529
8.57 0 0 0 0 0.00951014 0.00951626 0.0095117 0.00948898 0.0171714 0.0171686 0.017166 0.0171646 0.0203354 0.0203315 0.0203314 0.0203352
8.59 0 0 0 0 -0.0096347 -0.00964699 -0.00964309 -0.00962923 -0.0168162 -0.0168178 -0.0168162 -0.016811 -0.0170692 -0.0170658 -0.0170659 -0.0170696
8.61 0 0 0 0 -0.0240614 -0.0240908 -0.0240918 -0.0240622 -0.0452188 -0.0452222 -0.045224 -0.0452225 -0.0526248 -0.052614 -0.0526138 -0.0526244
8.63 0 0 0 0 -0.0358833 -0.0359273 -0.0359298 -0.0358877 -0.07024 -0.0702359 -0.0702356 -0.0702403 -0.0879606 -0.0879433 -0.0879435 -0.087961
8.65 0 0 0 0 -0.040129 -0.0401614 -0.04016 -0.0401263 -0.0864404 -0.0864384 -0.0864378 -0.08644 -0.1135 -0.113476 -0.113475 -0.1135
8.67 0 0 0 0 -0.0377563 -0.0377703 -0.0377711 -0.0377574 -0.089646 -0.08965 -0.0896507 -0.0896475 -0.121757 -0.121729 -0.121729 -0.121758
8.69 0 0 0 0 -0.0379027 -0.0379284 -0.0379281 -0.0379051 -0.084874 -0.0848683 -0.0848648 -0.084876 -0.115577 -0.115552 -0.115551 -0.115576
8.71 0 0 0 0 -0.0375256 -0.0375726 -0.0375701 -0.0375193 -0.0741863 -0.0741771 -0.0741775 -0.0741813 -0.0957999 -0.0957815 -0.0957818 -0.0958005
8.73 0 0 0 0 -0.0304333 -0.0304698 -0.0304738 -0.0304353 -0.0568085 -0.0568119 -0.0568153 -0.0568099 -0.0659398 -0.0659264 -0.0659262 -0.0659394
8.75 0 0 0 0 -0.0160978 -0.016121 -0.0161279 -0.0161277 -0.030721 -0.0307336 -0.0307359 -0.0307288 -0.0319449 -0.0319372 -0.0319376 -0.0319457
8.77 0 0 0 0 0.00144262 0.00144786 0.00145497 0.00145211 0.00196813 0.00196861 0.00197088 0.00197161 0.00221461 0.00221421 0.00221405 0.00221422
8.79 0 0 0 0 0.0175331 0.0175455 0.0175424 0.0175237 0.0334788 0.033487 0.0334856 0.0334746 0.0356195 0.0356113 0.0356115 0.0356201
8.81 0 0 0 0 0.0291196 0.0291515 0.0291519 0.0291228 0.0572146 0.0572192 0.0572198 0.0572161 0.0677444 0.0677298 0.0677295 0.0677438
8.83 0 0 0 0 0.03089 0.0309151 0.0309143 0.0308901 0.0672105 0.0672072 0.0672065 0.0672094 0.0896174 0.0895984 0.0895986 0.0896179
8.85 0 0 0 0 0.0325103 0.032535 0.0325338 0.032507 0.0731227 0.073113 0.0731128 0.0731221 0.102396 0.102375 0.102374 0.102395
8.87 0 0 0 0 0.0345258 0.0345553 0.0345564 0.0345292 0.0758428 0.0758387 0.0758389 0.0758436 0.102237 0.102215 0.102215 0.102237
8.89 0 0 0 0 0.0359753 0.0360079 0.0360104 0.0359789 0.0734378 0.0734406 0.0734411 0.0734384 0.091134 0.0911142 0.0911139 0.0911333
8.91 0 0 0 0 0.0328663 0.0329073 0.0329023 0.0328607 0.0623111 0.0623139 0.062314 0.0623111 0.0727473 0.0727326 0.072733 0.0727482
8.93 0 0 0 0 0.0215462 0.0215723 0.021573 0.0215474 0.0409216 0.0409216 0.0409212 0.0409205 0.0486478 0.0486384 0.0486384 0.0486482
8.95 0 0 0 0 0.00684124 0.00684504 0.00684719 0.00684202 0.0154256 0.0154249 0.015425 0.0154283 0.0222187 0.022214 0.0222139 0.0222184
8.97 0 0 0 0 -0.0098223 -0.00984557 -0.00984642 -0.0098254 -0.0128373 -0.0128383 -0.0128388 -0.0128387 -0.00988508 -0.00988439 -0.00988428 -0.00988498
8.99 0 0 0 0 -0.0251855 -0.0252261 -0.0252258 -0.0251838 -0.0425925 -0.0425889 -0.0425886 -0.0425925 -0.0480816 -0.0480737 -0.0480736 -0.0480816
9.01 0 0 0 0 -0.034078 -0.0341131 -0.034114 -0.0340788 -0.0685066 -0.0685066 -0.0685067 -0.0685071 -0.085467 -0.0854492 -0.0854493 -0.0854672
9.03 0 0 0 0 -0.0403031 -0.0403321 -0.0403318 -0.0403027 -0.0889392 -0.0889397 -0.0889399 -0.0889397 -0.117331 -0.117305 -0.117306 -0.117332
9.05 0 0 0 0 -0.0464084 -0.0464411 -0.0464405 -0.046405 -0.102083 -0.102076 -0.102076 -0.102082 -0.137359 -0.137329 -0.137329 -0.137359
9.07 0 0 0 0 -0.0478632 -0.0479059 -0.0479084 -0.047866 -0.103717 -0.103713 -0.103713 -0.103717 -0.137846 -0.137816 -0.137816 -0.137845
9.09 0 0 0 0 -0.045565 -0.045603 -0.0455992 -0.0455602 -0.0953778 -0.0953778 -0.0953772 -0.0953745 -0.121879 -0.121853 -0.121853 -0.121879
9.11 0 0 0 0 -0.0377733 -0.037837 -0.037853 -0.0378521 -0.0757717 -0.0757847 -0.0757937 -0.0758072 -0.0932295 -0.093212 -0.0932148 -0.0932379
9.13 0 0 0 0 -0.0250447 -0.0250827 -0.0250774 -0.0250517 -0.0476933 -0.0476961 -0.0476966 -0.0477044 -0.0576994 -0.0576888 -0.0576896 -0.0577026
9.15 0 0 0 0 -0.00558327 -0.00559534 -0.00561021 -0.00560699 -0.0121356 -0.0121387 -0.0121417 -0.0121439 -0.015867 -0.0158635 -0.015863 -0.0158667
9.17 0 0 0 0 0.013824 0.013847 0.0138492 0.0138276 0.0242442 0.0242442 0.0242447 0.0242468 0.0274089 0.0274035 0.0274026 0.0274073
9.19 0 0 0 0 0.029442 0.0294781 0.0294826 0.0294482 0.0574103 0.0574108 0.0574102 0.057409 0.0696001 0.0695861 0.0695866 0.0696011
9.21 0 0 0 0 0.0422228 0.0422618 0.0422564 0.0422097 0.0860455 0.0860428 0.0860417 0.0860419 0.108989 0.108966 0.108966 0.108988
9.23 0 0 0 0 0.0508327 0.0508803 0.0508826 0.0508378 0.10682 0.106815 0.106816 0.10682 0.139127 0.139098 0.139098 0.139128
9.25 0 0 0 0 0.0650133 0.0650897 0.0650883 0.0650113 0.129298 0.129285 0.129284 0.129297 0.166025 0.165992 0.165992 0.166024
9.27 0 0 0 0 0.0726224 0.0726996 0.0727013 0.0726353 0.14425 0.144248 0.144248 0.144256 0.180223 0.180186 0.180186 0.180223
9.29 0 0 0 0 0.0674657 0.0675321 0.0675296 0.0674643 0.141677 0.141686 0.141684 0.141671 0.176716 0.176678 0.176679 0.176719
9.31 0 0 0 0 0.0545931 0.054597 0.0545878 0.0545176 0.119609 0.119601 0.119599 0.119589 0.155953 0.155915 0.155913 0.155946
9.33 0 0 0 0 0.0392105 0.0392172 0.0392098 0.0391624 0.085251 0.0852221 0.0852092 0.0852036 0.118359 0.118329 0.118325 0.118346
9.35 0 0 0 0 0.0301094 0.0301542 0.0301337 0.0301087 0.05593 0.0558984 0.0558896 0.0559002 0.074501 0.074485 0.0744833 0.0744926
9.37 0 0 0 0 0.0155661 0.0156057 0.0156081 0.0156045 0.024953 0.0249598 0.0249628 0.0249596 0.0229008 0.0228964 0.0228965 0.022901
9.39 0 0 0 0 -0.00122349 -0.00121653 -0.00122234 -0.0012279 -0.00864479 -0.00863238 -0.00863434 -0.00865184 -0.0237184 -0.0237146 -0.0237143 -0.0237189
9.41 0 0 0 0 -0.0148562 -0.0148559 -0.0148581 -0.0148588 -0.039531 -0.0395335 -0.0395314 -0.039526 -0.055483 -0.0554693 -0.05547 -0.0554846
9.43 0 0 0 0 -0.0298904 -0.029916 -0.0299153 -0.0299054 -0.0644284 -0.0644413 -0.0644447 -0.0644353 -0.078191 -0.0781717 -0.0781709 -0.0781889
9.45 0 0 0 0 -0.0429696 -0.0430347 -0.0430332 -0.0429871 -0.07968 -0.0796764 -0.0796766 -0.0796815 -0.0954197 -0.0954022 -0.0954033 -0.0954218
9.47 0 0 0 0 -0.0453592 -0.0454284 -0.0454283 -0.0453756 -0.0848417 -0.0848331 -0.0848335 -0.0848441 -0.104903 -0.104883 -0.104883 -0.104902
9.49 0 0 0 0 -0.040597 -0.0406407 -0.0406421 -0.0406114 -0.0844487 -0.0844486 -0.0844501 -0.0844524 -0.107937 -0.107914 -0.107914 -0.107937
9.51 0 0 0 0 -0.0363746 -0.0364029 -0.036404 -0.0363875 -0.080028 -0.0800294 -0.0800294 -0.0800292 -0.105102 -0.105078 -0.105079 -0.105102
9.53 0 0 0 0 -0.0318529 -0.0318897 -0.0318856 -0.0318631 -0.0687091 -0.0687052 -0.0687041 -0.068707 -0.0918284 -0.0918091 -0.0918093 -0.0918287
9.55 0 0 0 0 -0.0290735 -0.0291161 -0.0291169 -0.0290882 -0.0561181 -0.0561089 -0.0561077 -0.0561196 -0.0721431 -0.0721299 -0.0721301 -0.0721433
9.57 0 0 0 0 -0.028971 -0.0290108 -0.0290023 -0.0289517 -0.0484023 -0.0483942 -0.0483931 -0.0483969 -0.0545517 -0.0545423 -0.0545421 -0.0545508
9.59 0 0 0 0 -0.0248534 -0.0248951 -0.0249109 -0.024879 -0.0407398 -0.0407466 -0.0407519 -0.0407459 -0.040764 -0.0407564 -0.0407563 -0.0407641
9.61 0 0 0 0 -0.0193627 -0.0193954 -0.0193965 -0.0193771 -0.0333231 -0.0333241 -0.0333206 -0.0333162 -0.0354549 -0.0354483 -0.0354478 -0.035454
9.63 0 0 0 0 -0.0148268 -0.0148525 -0.0148407 -0.0148068 -0.0278284 -0.0278218 -0.0278235 -0.0278344 -0.0367084 -0.0367024 -0.0367023 -0.0367083
9.65 0 0 0 0 -0.00960343 -0.00961888 -0.00962772 -0.00962215 -0.0235916 -0.0235855 -0.0235858 -0.0235937 -0.0360789 -0.0360705 -0.0360702 -0.0360773
9.67 0 0 0 0 -0.0096794 -0.00967438 -0.00967275 -0.00967085 -0.023897 -0.0238956 -0.0238943 -0.0238877 -0.0339864 -0.033979 -0.0339795 -0.0339877
9.69 0 0 0 0 -0.0144787 -0.0144982 -0.0144912 -0.014473 -0.0268046 -0.0268054 -0.0268082 -0.0268125 -0.0315545 -0.0315482 -0.0315477 -0.0315534
9.71 0 0 0 0 -0.0143509 -0.0143735 -0.014378 -0.0143582 -0.0246043 -0.0246056 -0.024603 -0.0246008 -0.0256943 -0.0256894 -0.0256894 -0.0256943
9.73 0 0 0 0 -0.00934409 -0.00935242 -0.00934985 -0.00933693 -0.0173916 -0.0173952 -0.0173953 -0.0173921 -0.019129 -0.019125 -0.0191252 -0.0191295
9.75 0 0 0 0 -0.00379178 -0.00379562 -0.00379671 -0.00379462 -0.00895286 -0.00895104 -0.00895239 -0.00895487 -0.013562 -0.0135592 -0.0135589 -0.0135615
9.77 0 0 0 0 0.0044334 0.00444774 0.004448 0.00443369 0.00276784 0.00276968 0.00277035 0.00276948 -0.00231617 -0.00231465 -0.00231473 -0.00231628
9.79 0 0 0 0 0.0105663 0.0105889 0.0105893 0.0105668 0.0148866 0.0148852 0.0148849 0.0148857 0.0137836 0.0137821 0.0137821 0.0137835
9.81 0 0 0 0 0.0243616 0.0244096 0.0244088 0.0243594 0.0385615 0.0385501 0.03855 0.0385609 0.044517 0.0445113 0.0445113 0.044517
9.83 0 0 0 0 0.0420155 0.0420893 0.0420887 0.0420197 0.0736252 0.0736145 0.0736143 0.0736245 0.0872247 0.08721 0.08721 0.0872247
9.85 0 0 0 0 0.0468559 0.0468949 0.0468943 0.0468652 0.0994085 0.0994197 0.0994193 0.0994074 0.122676 0.122648 0.122648 0.122676
9.87 0 0 0 0 0.047492 0.0475247 0.0475276 0.0475209 0.110787 0.110797 0.110798 0.11079 0.14698 0.146945 0.146945 0.146979
9.89 0 0 0 0 0.0486498 0.0486831 0.0486821 0.0486569 0.109246 0.109233 0.109235 0.10925 0.153206 0.153173 0.153173 0.153205
9.91 0 0 0 0 0.0481323 0.0481914 0.0481953 0.048158 0.100862 0.100845 0.100841 0.10086 0.137485 0.137459 0.13746 0.137488
9.93 0 0 0 0 0.04185 0.041897 0.0418941 0.0418581 0.084959 0.0849677 0.0849703 0.0849681 0.103483 0.10346 0.103458 0.10348
9.95 0 0 0 0 0.0301316 0.0301649 0.0301644 0.0301441 0.0575451 0.0575597 0.0575594 0.057542 0.0619382 0.0619242 0.0619252 0.0619403
9.97 0 0 0 0 0.0139977 0.0140264 0.0140244 0.0139998 0.0209561 0.0209529 0.020956 0.0209595 0.021284 0.0212811 0.0212807 0.0212829
9.99 0 0 0 0 -0.010896 -0.0109051 -0.0109047 -0.0108998 -0.0217872 -0.0217972 -0.0217982 -0.0217901 -0.022838 -0.022832 -0.0228318 -0.0228376
10.01 0 0 0 0 -0.0336915 -0.0337459 -0.0337455 -0.0337033 -0.059271 -0.0592706 -0.0592715 -0.0592726 -0.066808 -0.0667958 -0.066796 -0.0668082
10.03 0 0 0 0 -0.0463887 -0.0464562 -0.0464569 -0.0464069 -0.087805 -0.0878001 -0.087801 -0.0878071 -0.107086 -0.107066 -0.107066 -0.107087
10.05 0 0 0 0 -0.0355106 -0.0355128 -0.035513 -0.0355251 -0.089855 -0.0898687 -0.0898701 -0.0898589 -0.121986 -0.121956 -0.121956 -0.121986
10.07 0 0 0 0 -0.0343067 -0.0343197 -0.0343209 -0.0343211 -0.0872537 -0.0872483 -0.0872482 -0.0872551 -0.126856 -0.126827 -0.126827 -0.126856
10.09 0 0 0 0 -0.0334321 -0.0334694 -0.0334709 -0.0334346 -0.074779 -0.0747581 -0.0747591 -0.0747747 -0.107701 -0.107679 -0.10768 -0.107701
10.11 0 0 0 0 -0.0255594 -0.0255687 -0.0255716 -0.0255666 -0.0529588 -0.0529651 -0.0529631 -0.0529601 -0.0663746 -0.0663597 -0.0663594 -0.066374
10.13 0 0 0 0 -0.0104371 -0.0104433 -0.010442 -0.0104484 -0.0198372 -0.0198584 -0.0198576 -0.0198394 -0.0148491 -0.0148436 -0.0148434 -0.0148488
10.15 0 0 0 0 0.00535788 0.00534697 0.0053561 0.00537089 0.0187348 0.0187345 0.0187339 0.0187351 0.0313439 0.0313361 0.031336 0.0313438
10.17 0 0 0 0 0.030198 0.0302201 0.0302143 0.0301952 0.0632541 0.0632632 0.0632627 0.0632563 0.0776165 0.0775988 0.0775986 0.0776162
10.19 0 0 0 0 0.0585223 0.0586124 0.0586159 0.0585547 0.106683 0.106679 0.106679 0.106685 0.125514 0.125491 0.12549 0.125514
10.21 0 0 0 0 0.0725292 0.0726343 0.0726294 0.0725462 0.136977 0.136972 0.136973 0.136978 0.165482 0.165449 0.16545 0.165482
10.23 0 0 0 0 0.0710356 0.0711025 0.0711058 0.0710576 0.150253 0.150259 0.15026 0.150256 0.191743 0.191701 0.1917 0.191743
10.25 0 0 0 0 0.0650527 0.065094 0.0650979 0.065076 0.147984 0.147982 0.147985 0.147987 0.199991 0.199947 0.199947 0.199992
10.27 0 0 0 0 0.0575243 0.0576384 0.0576054 0.0578103 0.129877 0.129859 0.129856 0.129856 0.1806 0.180555 0.180553 0.18059
10.29 0 0 0 0 0.045788 0.0459294 0.0459599 0.0462196 0.0968123 0.0968588 0.096857 0.096911 0.128952 0.128913 0.12891 0.128939
10.31 0 0 0 0 0.0319393 0.0321009 0.0321751 0.0324174 0.0553527 0.0553931 0.0554086 0.0554322 0.059751 0.0597331 0.0597328 0.0597448
10.33 0 0 0 0 0.0169044 0.0169908 0.0169653 0.0169729 0.0101739 0.0101702 0.0101801 0.0101722 -0.00670334 -0.00669709 -0.00669387 -0.00670185
10.35 0 0 0 0 -0.0114868 -0.0114622 -0.0114851 -0.0115311 -0.0417343 -0.0417516 -0.0417552 -0.0417705 -0.0660003 -0.0659819 -0.0659818 -0.0660009
10.37 0 0 0 0 -0.0528843 -0.0530223 -0.0530207 -0.0530744 -0.0969323 -0.0969351 -0.0969408 -0.096962 -0.119157 -0.119136 -0.11914 -0.119163
10.39 0 0 0 0 -0.116674 -0.117009 -0.117003 -0.116986 -0.180915 -0.180896 -0.180911 -0.180964 -0.19994 -0.199911 -0.199911 -0.199937
10.41 0 0 0 0 -0.149373 -0.149727 -0.149745 -0.149796 -0.255463 -0.255496 -0.255516 -0.255542 -0.282986 -0.282936 -0.282942 -0.282997
10.43 0 0 0 0 -0.144894 -0.145097 -0.145142 -0.145406 -0.295044 -0.29513 -0.29515 -0.295136 -0.355593 -0.355508 -0.355507 -0.35559
10.45 0 0 0 0 -0.124537 -0.124806 -0.124857 -0.124851 -0.293886 -0.293894 -0.293902 -0.293916 -0.399862 -0.399766 -0.399762 -0.39985
10.47 0 0 0 0 -0.107576 -0.107549 -0.107512 -0.107482 -0.263925 -0.263872 -0.263873 -0.263923 -0.390302 -0.390222 -0.390228 -0.390316
10.49 0 0 0 0 -0.099447 -0.0987238 -0.0987068 -0.0984098 -0.222794 -0.222638 -0.222678 -0.222566 -0.315755 -0.315688 -0.315702 -0.315813
10.51 0 0 0 0 -0.0933984 -0.0920995 -0.0920875 -0.0912975 -0.174884 -0.174666 -0.174471 -0.174182 -0.196469 -0.196403 -0.196377 -0.196427
10.53 0 0 0 0 -0.0803099 -0.0788943 -0.0786407 -0.0775401 -0.107627 -0.107713 -0.107646 -0.107602 -0.0714138 -0.0714143 -0.0714083 -0.0714276
10.55 0 0 0 0 -0.0486548 -0.0488214 -0.0488498 -0.0486306 -0.0164356 -0.0164275 -0.0164447 -0.0165001 0.0302903 0.030264 0.0302685 0.0302987
10.57 0 0 0 0 0.0107071 0.0105474 0.0105147 0.0105891 0.0790059 0.079101 0.0790645 0.0789398 0.107151 0.107102 0.107093 0.107138
10.59 0 0 0 0 0.0939271 0.0934565 0.0933004 0.0927437 0.155519 0.155454 0.155387 0.155335 0.172339 0.172303 0.172291 0.172321
10.61 0 0 0 0 0.154486 0.154127 0.154244 0.153567 0.215201 0.215056 0.215051 0.215089 0.231871 0.231851 0.231849 0.23187
10.63 0 0 0 0 0.162815 0.162201 0.162111 0.161354 0.261074 0.260969 0.260923 0.26084 0.285764 0.285704 0.285687 0.285731
10.65 0 0 0 0 0.134903 0.134148 0.134075 0.13352 0.278419 0.278384 0.278322 0.278117 0.33095 0.330859 0.33085 0.330935
10.67 0 0 0 0 0.105505 0.104862 0.10481 0.105011 0.258786 0.258702 0.25868 0.258611 0.352897 0.35281 0.352807 0.352891
10.69 0 0 0 0 0.0885568 0.0889242 0.0887037 0.0884481 0.216611 0.216544 0.216507 0.216474 0.32799 0.327917 0.327935 0.328024
10.71 0 0 0 0 0.0748893 0.074812 0.0749656 0.0751034 0.164607 0.164579 0.164634 0.164766 0.239683 0.239631 0.239619 0.23966
10.73 0 0 0 0 0.0313822 0.031268 0.0313872 0.0315885 0.0762585 0.0763476 0.0763409 0.0763128 0.0832811 0.0832624 0.0832739 0.0833011
10.75 0 0 0 0 -0.00775615 -0.00775554 -0.0078506 -0.007926 -0.0302275 -0.0301831 -0.0302248 -0.030307 -0.0721088 -0.0721019 -0.0721092 -0.0721247
10.77 0 0 0 0 -0.0477612 -0.0476686 -0.0476713 -0.0478743 -0.14001 -0.140062 -0.140043 -0.140017 -0.197424 -0.197366 -0.197363 -0.197413
10.79 0 0 0 0 -0.0963909 -0.0965204 -0.0965476 -0.0967557 -0.22274 -0.222845 -0.22286 -0.222829 -0.284991 -0.284921 -0.284932 -0.28501
10.81 0 0 0 0 -0.145284 -0.144931 -0.144818 -0.14435 -0.27222 -0.272034 -0.271995 -0.271976 -0.339273 -0.339206 -0.339202 -0.339266
10.83 0 0 0 0 -0.159453 -0.159047 -0.158972 -0.158459 -0.28918 -0.289108 -0.289066 -0.288969 -0.352983 -0.35291 -0.352912 -0.352988
10.85 0 0 0 0 -0.146312 -0.145286 -0.14509 -0.144546 -0.277882 -0.277761 -0.277675 -0.277543 -0.332721 -0.332633 -0.332601 -0.332659
10.87 0 0 0 0 -0.120096 -0.119441 -0.119577 -0.119094 -0.236914 -0.236844 -0.23682 -0.236708 -0.288489 -0.288435 -0.28845 -0.288526
10.89 0 0 0 0 -0.0883776 -0.0879899 -0.0879532 -0.0874642 -0.172077 -0.172001 -0.171965 -0.171889 -0.221725 -0.221651 -0.22161 -0.221643
10.91 0 0 0 0 -0.0506305 -0.0503989 -0.0503322 -0.0501132 -0.0968027 -0.0967275 -0.0966912 -0.0966609 -0.131163 -0.13115 -0.131174 -0.131213
10.93 0 0 0 0 -0.00605311 -0.00535651 -0.00529501 -0.0050005 -0.0150781 -0.0150403 -0.0150165 -0.0149917 -0.019664 -0.0196507 -0.0196355 -0.019636
10.95 0 0 0 0 0.0395443 0.0392923 0.0390053 0.0387341 0.0716691 0.0716065 0.0715617 0.071531 0.0964263 0.0964013 0.0963953 0.0964139
10.97 0 0 0 0 0.0846721 0.0839463 0.0840635 0.0836446 0.163098 0.163007 0.162987 0.162933 0.20574 0.205694 0.205683 0.205721
10.99 0 0 0 0 0.12725 0.126473 0.126609 0.126021 0.245754 0.245654 0.2456 0.245475 0.299058 0.298986 0.298976 0.299041
11.01 0 0 0 0 0.163148 0.162248 0.162041 0.161188 0.306156 0.306034 0.305956 0.305805 0.371023 0.370933 0.370915 0.37099
11.03 0 0 0 0 0.18334 0.182626 0.182601 0.181812 0.338924 0.338798 0.338729 0.33862 0.414912 0.41482 0.414811 0.414898
11.05 0 0 0 0 0.178181 0.177333 0.177184 0.177089 0.34229 0.342121 0.342078 0.342121 0.422966 0.422895 0.422899 0.422977
11.07 0 0 0 0 0.149905 0.150427 0.150705 0.151264 0.314195 0.314366 0.314396 0.314382 0.396605 0.39652 0.39654 0.396643
11.09 0 0 0 0 0.116082 0.116624 0.116296 0.116108 0.252073 0.252107 0.252107 0.252064 0.332732 0.332634 0.332607 0.332677
11.11 0 0 0 0 0.0789271 0.0801924 0.0803943 0.0824845 0.170627 0.170968 0.17118 0.171587 0.229794 0.229726 0.229772 0.22986
11.13 0 0 0 0 0.0536172 0.0541591 0.0541426 0.0554242 0.0940309 0.0941292 0.0941248 0.0942455 0.10572 0.105701 0.105703 0.105726
11.15 0 0 0 0 0.0287248 0.0288902 0.0290814 0.0292042 0.0153702 0.0153563 0.0153932 0.0153707 -0.0169059 -0.0168927 -0.0169033 -0.0169292
11.17 0 0 0 0 -0.00828055 -0.0081919 -0.00822949 -0.00859899 -0.0698301 -0.0699409 -0.0699557 -0.0700238 -0.119464 -0.119415 -0.119405 -0.119442
11.19 0 0 0 0 -0.0641521 -0.0646094 -0.0647836 -0.0655423 -0.147639 -0.147742 -0.147786 -0.147842 -0.193856 -0.193822 -0.193849 -0.193911
11.21 0 0 0 0 -0.123658 -0.124183 -0.123976 -0.124434 -0.210905 -0.210972 -0.21103 -0.21113 -0.245879 -0.245832 -0.245827 -0.245866
11.23 0 0 0 0 -0.162361 -0.163242 -0.163441 -0.164144 -0.261197 -0.261275 -0.261332 -0.261446 -0.288729 -0.288689 -0.288715 -0.288779
11.25 0 0 0 0 -0.170222 -0.171012 -0.171095 -0.171918 -0.293694 -0.293824 -0.293865 -0.293949 -0.329679 -0.329611 -0.329617 -0.329686
11.27 0 0 0 0 -0.153328 -0.152285 -0.15216 -0.152416 -0.299372 -0.299324 -0.299331 -0.299361 -0.362074 -0.361999 -0.362012 -0.362103
11.29 0 0 0 0 -0.126118 -0.126221 -0.126568 -0.125787 -0.279083 -0.27912 -0.279099 -0.279061 -0.371088 -0.370982 -0.370959 -0.371047
11.31 0 0 0 0 -0.111972 -0.111118 -0.110667 -0.110371 -0.243094 -0.242859 -0.242756 -0.242616 -0.339345 -0.339266 -0.33925 -0.339311
11.33 0 0 0 0 -0.102697 -0.101902 -0.10179 -0.101531 -0.200429 -0.200345 -0.200358 -0.200302 -0.262522 -0.262468 -0.262469 -0.262525
11.35 0 0 0 0 -0.0859586 -0.0856401 -0.0858359 -0.0854306 -0.146224 -0.1462 -0.146154 -0.146078 -0.156613 -0.156564 -0.156542 -0.156568
11.37 0 0 0 0 -0.0530376 -0.052858 -0.0527474 -0.0523069 -0.0700807 -0.0700889 -0.0700538 -0.070015 -0.0479271 -0.0479311 -0.0479494 -0.0479697
11.39 0 0 0 0 -0.00357894 -0.00376488 -0.00382137 -0.00382948 0.0208852 0.0208561 0.0208114 0.0207451 0.0443857 0.0443779 0.0443982 0.0444272
11.41 0 0 0 0 0.0530444 0.0527244 0.0527134 0.0524056 0.104924 0.104934 0.104938 0.10488 0.119217 0.119171 0.119146 0.119166
11.43 0 0 0 0 0.105101 0.104674 0.104672 0.104186 0.171474 0.171402 0.171352 0.171292 0.187603 0.187573 0.187581 0.187621
11.45 0 0 0 0 0.132669 0.132101 0.132007 0.131365 0.217257 0.217152 0.217111 0.217061 0.249029 0.248977 0.248957 0.24899
11.47 0 0 0 0 0.130166 0.129474 0.129426 0.128839 0.241951 0.241851 0.241804 0.241701 0.294277 0.294212 0.294206 0.294269
11.49 0 0 0 0 0.114353 0.114001 0.114079 0.113548 0.244884 0.244893 0.244847 0.244753 0.315321 0.315236 0.315223 0.315298
11.51 0 0 0 0 0.102425 0.102027 0.102086 0.102966 0.227859 0.227831 0.227901 0.228069 0.3046 0.304538 0.30454 0.304601
11.53 0 0 0 0 0.0931003 0.0937178 0.0934877 0.0939294 0.19583 0.195927 0.195921 0.195958 0.258048 0.257992 0.258012 0.258087
11.55 0 0 0 0 0.0856392 0.0857976 0.0858276 0.0862817 0.154567 0.154613 0.15464 0.154686 0.18537 0.18533 0.185334 0.185381
11.57 0 0 0 0 0.0723866 0.0726983 0.0729407 0.0732001 0.10814 0.108203 0.108285 0.108341 0.108054 0.108038 0.10804 0.108058
11.59 0 0 0 0 0.0441205 0.0443359 0.0442805 0.0442649 0.054022 0.0539933 0.0539421 0.0539193 0.0393517 0.0393519 0.0393536 0.0393539
11.61 0 0 0 0 0.00768246 0.0077841 0.00777315 0.00776819 0.00039554 0.000394623 0.000414782 0.000431945 -0.00981765 -0.00981094 -0.00981086 -0.00981897
11.63 0 0 0 0 -0.0261305 -0.0262452 -0.0262611 -0.026347 -0.0440067 -0.0440337 -0.0440435 -0.0440473 -0.0439925 -0.0439835 -0.0439839 -0.0439933
11.65 0 0 0 0 -0.0469038 -0.0471679 -0.0472122 -0.0474135 -0.0726547 -0.0726885 -0.0727116 -0.0727345 -0.0715537 -0.0715446 -0.0715531 -0.0715695
11.67 0 0 0 0 -0.0507987 -0.0510335 -0.051022 -0.0512632 -0.0855301 -0.0855553 -0.0855608 -0.0855906 -0.0961162 -0.0960954 -0.0960924 -0.0961082
11.69 0 0 0 0 -0.0473889 -0.0476209 -0.047647 -0.0479392 -0.0926698 -0.0927172 -0.0927459 -0.0928018 -0.119081 -0.119062 -0.119074 -0.119107
11.71 0 0 0 0 -0.0471228 -0.0473429 -0.0473703 -0.0476981 -0.101073 -0.101129 -0.101146 -0.10117 -0.136049 -0.136016 -0.136017 -0.136049
11.73 0 0 0 0 -0.0541893 -0.0544458 -0.0543901 -0.0544962 -0.111219 -0.111217 -0.111241 -0.111272 -0.143322 -0.143289 -0.143294 -0.143331
11.75 0 0 0 0 -0.065048 -0.0648334 -0.0648741 -0.065117 -0.119109 -0.1191 -0.119099 -0.119126 -0.141758 -0.141733 -0.141737 -0.141768
11.77 0 0 0 0 -0.0748358 -0.0747882 -0.0747697 -0.0748975 -0.125607 -0.125569 -0.125568 -0.125614 -0.140762 -0.140738 -0.140733 -0.14075
11.79 0 0 0 0 -0.0741933 -0.0740611 -0.0740299 -0.0740705 -0.126835 -0.126839 -0.126844 -0.126852 -0.142399 -0.142372 -0.142375 -0.142406
11.81 0 0 0 0 -0.0673415 -0.0671482 -0.0671586 -0.0667362 -0.122671 -0.12265 -0.122618 -0.122582 -0.14625 -0.146213 -0.146203 -0.146232
11.83 0 0 0 0 -0.0597508 -0.0593545 -0.0593648 -0.0590722 -0.115118 -0.115083 -0.115087 -0.115041 -0.147382 -0.147357 -0.147354 -0.147385
11.85 0 0 0 0 -0.0520157 -0.0516925 -0.0517088 -0.051504 -0.104803 -0.104739 -0.104717 -0.104695 -0.137635 -0.137596 -0.137587 -0.137612
11.87 0 0 0 0 -0.0469202 -0.0466474 -0.0465934 -0.0463816 -0.0926716 -0.0926376 -0.0925963 -0.0925531 -0.116657 -0.116628 -0.116631 -0.11666
11.89 0 0 0 0 -0.0425415 -0.0423563 -0.0423373 -0.0421462 -0.0761404 -0.0761286 -0.0761203 -0.0760908 -0.0882625 -0.0882395 -0.0882322 -0.0882482
11.91 0 0 0 0 -0.0346411 -0.0345123 -0.0345032 -0.0343434 -0.0540838 -0.0540591 -0.0540478 -0.0540299 -0.0576657 -0.0576579 -0.0576575 -0.0576678
11.93 0 0 0 0 -0.0182323 -0.0181674 -0.0181603 -0.0180693 -0.0260619 -0.0260474 -0.0260459 -0.0260439 -0.0262358 -0.0262323 -0.0262296 -0.0262319
11.95 0 0 0 0 0.00475046 0.00474108 0.00473306 0.00470745 0.00603364 0.00602812 0.00602531 0.00602581 0.00618 0.00617958 0.00617887 0.00617864
11.97 0 0 0 0 0.0311127 0.0310229 0.0310154 0.0308632 0.0438188 0.0437968 0.0437928 0.0437931 0.0447958 0.0447908 0.0447893 0.044794
11.99 0 0 0 0 0.0579245 0.0577165 0.0576968 0.0574147 0.0888664 0.0888272 0.0888103 0.088793 0.095251 0.0952351 0.0952312 0.0952451
12.01 0 0 0 0 0.0792207 0.0788595 0.0788243 0.0784471 0.134988 0.134936 0.134908 0.134861 0.154055 0.154023 0.154016 0.154045
12.03 0 0 0 0 0.0949481 0.0944386 0.0943981 0.0939561 0.176311 0.176238 0.1762 0.176124 0.213766 0.213717 0.213708 0.213751
12.05 0 0 0 0 0.107973 0.107564 0.107587 0.107073 0.209632 0.209614 0.209583 0.209484 0.264167 0.264104 0.264092 0.264146
12.07 0 0 0 0 0.117667 0.117324 0.117331 0.11813 0.232679 0.232652 0.232692 0.23281 0.29461 0.29455 0.294548 0.294606
12.09 0 0 0 0 0.121131 0.121421 0.121229 0.121397 0.24188 0.241886 0.241866 0.241879 0.300819 0.30075 0.300764 0.30085
12.11 0 0 0 0 0.118552 0.11908 0.11942 0.120179 0.230253 0.230405 0.230499 0.230645 0.281513 0.281463 0.281482 0.281553
12.13 0 0 0 0 0.108071 0.108647 0.108639 0.109136 0.198662 0.198753 0.198778 0.198857 0.240616 0.240561 0.240552 0.240592
12.15 0 0 0 0 0.0835212 0.083955 0.0838744 0.0842727 0.150439 0.150493 0.150517 0.150572 0.180841 0.180816 0.180847 0.180902
12.17 0 0 0 0 0.0473268 0.0475672 0.0476538 0.0480266 0.0901643 0.0902219 0.0902717 0.0903217 0.108045 0.10801 0.107997 0.108015
12.19 0 0 0 0 0.0068262 0.00679534 0.00675855 0.00680629 0.0203746 0.0203823 0.0203643 0.0203521 0.0269368 0.0269358 0.0269523 0.0269723
12.21 0 0 0 0 -0.0320137 -0.0321646 -0.0321483 -0.0323045 -0.053505 -0.0535154 -0.0535118 -0.0535199 -0.0585025 -0.0584975 -0.0585124 -0.0585321
12.23 0 0 0 0 -0.0627966 -0.0630773 -0.0630985 -0.0634779 -0.119147 -0.119219 -0.119254 -0.1193 -0.140556 -0.140521 -0.140519 -0.140551
12.25 0 0 0 0 -0.0854276 -0.0858459 -0.0859119 -0.0864511 -0.16924 -0.169339 -0.169383 -0.16946 -0.210849 -0.210807 -0.210822 -0.210879
12.27 0 0 0 0 -0.103618 -0.104105 -0.104142 -0.104769 -0.205396 -0.2055 -0.205548 -0.205657 -0.262388 -0.262333 -0.262341 -0.262405
12.29 0 0 0 0 -0.117546 -0.11811 -0.118165 -0.118879 -0.229575 -0.229697 -0.229741 -0.229818 -0.289458 -0.2894 -0.289415 -0.289486
12.31 0 0 0 0 -0.127397 -0.12763 -0.127553 -0.127775 -0.241636 -0.241611 -0.241634 -0.241693 -0.294017 -0.293952 -0.293958 -0.294025
12.33 0 0 0 0 -0.127078 -0.126645 -0.126599 -0.126938 -0.236576 -0.236531 -0.236516 -0.236581 -0.280606 -0.280551 -0.280543 -0.280591
12.35 0 0 0 0 -0.113942 -0.113224 -0.113207 -0.112415 -0.211547 -0.211493 -0.211436 -0.21129 -0.252639 -0.252581 -0.25257 -0.252627
12.37 0 0 0 0 -0.0916123 -0.0912202 -0.0913936 -0.0909498 -0.169283 -0.169226 -0.169243 -0.169203 -0.210172 -0.210123 -0.210121 -0.210166
12.39 0 0 0 0 -0.0637517 -0.0633525 -0.0632094 -0.0629312 -0.119545 -0.119468 -0.119405 -0.119347 -0.153091 -0.153046 -0.15303 -0.153054
12.41 0 0 0 0 -0.0334414 -0.0332491 -0.0332173 -0.0331437 -0.0670807 -0.0670611 -0.0670522 -0.0670322 -0.0842805 -0.0842698 -0.0842824 -0.0843064
12.43 0 0 0 0 -0.00528345 -0.00527903 -0.00529916 -0.00528675 -0.0119883 -0.0119999 -0.0120028 -0.0119907 -0.0112726 -0.0112623 -0.0112502 -0.0112482
12.45 0 0 0 0 0.0202915 0.0201717 0.0201925 0.0201509 0.0442034 0.0441916 0.0441912 0.0441743 0.0585368 0.0585184 0.0585119 0.0585221
12.47 0 0 0 0 0.0465882 0.0462723 0.0462096 0.0459831 0.096283 0.0962435 0.0962087 0.0961458 0.120734 0.120701 0.120695 0.120722
12.49 0 0 0 0 0.0725888 0.0721878 0.0721655 0.0718265 0.138801 0.138742 0.138716 0.138655 0.171713 0.171674 0.171671 0.171708
12.51 0 0 0 0 0.0956728 0.0951939 0.095163 0.09471 0.172802 0.172717 0.172683 0.172622 0.210933 0.210884 0.210871 0.210909
12.53 0 0 0 0 0.111689 0.111278 0.111281 0.110739 0.199722 0.199691 0.199662 0.19961 0.239226 0.239176 0.239171 0.239218
12.55 0 0 0 0 0.116039 0.115751 0.115765 0.116442 0.214981 0.214989 0.215031 0.215086 0.255723 0.255669 0.255661 0.255707
12.57 0 0 0 0 0.111538 0.111459 0.111337 0.111365 0.216815 0.216775 0.216745 0.216772 0.262681 0.26263 0.262645 0.262713
12.59 0 0 0 0 0.105901 0.106592 0.106922 0.107561 0.206358 0.206487 0.20656 0.206688 0.258585 0.258533 0.258551 0.258615
12.61 0 0 0 0 0.0996209 0.100234 0.100104 0.100535 0.187757 0.187834 0.187861 0.18796 0.237492 0.237434 0.237423 0.237468
12.63 0 0 0 0 0.0851131 0.085515 0.0854665 0.0860047 0.160348 0.160429 0.160461 0.160508 0.196085 0.196059 0.196092 0.196155
12.65 0 0 0 0 0.063407 0.0636617 0.0637683 0.0642535 0.121006 0.121087 0.121137 0.121178 0.140826 0.140784 0.140769 0.140794
12.67 0 0 0 0 0.0357765 0.035888 0.0358636 0.0359876 0.0667625 0.0667843 0.0667804 0.0667919 0.0771358 0.0771275 0.0771464 0.0771741
12.69 0 0 0 0 -0.000282316 -0.000246595 -0.000206068 -0.00022408 8.18753e-06 1.01438e-05 2.32782e-05 4.61018e-05 0.00437972 0.00437476 0.00436528 0.00435939
12.71 0 0 0 0 -0.0424414 -0.0426403 -0.0426671 -0.0428682 -0.0714717 -0.0715034 -0.071526 -0.0715549 -0.0780802 -0.0780629 -0.0780596 -0.0780727
12.73 0 0 0 0 -0.083569 -0.0839965 -0.0840521 -0.0844295 -0.142703 -0.142751 -0.142781 -0.142854 -0.166529 -0.166504 -0.166516 -0.166553
12.75 0 0 0 0 -0.117263 -0.117826 -0.117864 -0.118463 -0.211119 -0.211206 -0.211253 -0.211358 -0.253717 -0.253669 -0.253677 -0.253733
12.77 0 0 0 0 -0.143716 -0.144406 -0.144477 -0.145323 -0.272577 -0.272718 -0.272786 -0.272912 -0.332261 -0.332195 -0.332211 -0.332292
12.79 0 0 0 0 -0.164034 -0.164714 -0.164641 -0.165088 -0.318421 -0.318528 -0.318587 -0.318628 -0.392414 -0.392328 -0.392343 -0.39244
12.81 0 0 0 0 -0.176654 -0.175756 -0.175667 -0.175995 -0.344462 -0.344309 -0.344255 -0.344354 -0.426917 -0.426837 -0.426832 -0.42691
12.83 0 0 0 0 -0.181887 -0.180218 -0.179966 -0.179095 -0.346382 -0.346239 -0.346166 -0.345927 -0.430288 -0.430171 -0.430128 -0.430205
12.85 0 0 0 0 -0.173587 -0.173044 -0.173454 -0.172249 -0.322839 -0.322773 -0.322748 -0.322613 -0.398118 -0.398042 -0.398067 -0.398175
12.87 0 0 0 0 -0.152285 -0.152086 -0.152338 -0.152096 -0.274362 -0.274191 -0.274032 -0.273834 -0.332307 -0.332203 -0.332151 -0.332215
