0.005 0 0 0 0 -5.80417e-06 -1.88064e-06 1.94032e-06 5.86371e-06 -1.10374e-06 -3.39428e-07 4.00108e-07 1.16446e-06 1.47699e-05 4.71593e-06 -4.65537e-06 -1.47094e-05
0.025 0 0 0 0 -4.82538e-06 -8.98814e-07 2.92214e-06 6.84249e-06 4.00973e-09 7.67479e-07 1.50701e-06 2.2722e-06 1.58668e-05 5.8129e-06 -3.5584e-06 -1.36124e-05
0.045 0 0 0 0 -2.974e-06 9.56641e-07 4.77758e-06 8.6938e-06 2.74798e-06 3.51131e-06 4.25083e-06 5.01612e-06 1.86418e-05 8.58751e-06 -7.83807e-07 -1.08375e-05
0.065 0 0 0 0 -8.31631e-07 3.10148e-06 6.92235e-06 1.08359e-05 6.93561e-06 7.70028e-06 8.43978e-06 9.20367e-06 2.33561e-05 1.33009e-05 3.92954e-06 -6.12326e-06
0.085 0 0 0 0 1.66275e-06 5.59862e-06 9.41941e-06 1.333e-05 1.22356e-05 1.30009e-05 1.37404e-05 1.45035e-05 3.02328e-05 2.01766e-05 1.08053e-05 7.53247e-07
0.105 0 0 0 0 4.52096e-06 8.46067e-06 1.22814e-05 1.61879e-05 1.82637e-05 1.90286e-05 1.9768e-05 2.05313e-05 3.86354e-05 2.85785e-05 1.92071e-05 9.15568e-06
0.125 0 0 0 0 6.59526e-06 1.05354e-05 1.4356e-05 1.82618e-05 2.37314e-05 2.44977e-05 2.5237e-05 2.59987e-05 4.63085e-05 3.62506e-05 2.68792e-05 1.68287e-05
0.145 0 0 0 0 6.67145e-06 1.06069e-05 1.44273e-05 1.83376e-05 2.61531e-05 2.69221e-05 2.76614e-05 2.84203e-05 5.02153e-05 4.01565e-05 3.0785e-05 2.07354e-05
0.165 0 0 0 0 9.66063e-06 1.3607e-05 1.74274e-05 2.13269e-05 2.91132e-05 2.98777e-05 3.06169e-05 3.13803e-05 5.35995e-05 4.35413e-05 3.41698e-05 2.41195e-05
0.185 0 0 0 0 1.44281e-05 1.83889e-05 2.22094e-05 2.60943e-05 3.42024e-05 3.49644e-05 3.57036e-05 3.64694e-05 5.74019e-05 4.73435e-05 3.7972e-05 2.79219e-05
0.205 0 0 0 0 1.52423e-05 1.91971e-05 2.30175e-05 2.69083e-05 3.78795e-05 3.865e-05 3.93893e-05 4.01466e-05 5.97133e-05 4.96521e-05 4.02806e-05 3.02333e-05
0.225 0 0 0 0 1.36317e-05 1.75781e-05 2.13985e-05 2.52975e-05 3.79346e-05 3.87074e-05 3.94466e-05 4.02017e-05 6.1722e-05 5.16605e-05 4.22889e-05 3.2242e-05
0.245 0 0 0 0 1.36575e-05 1.76109e-05 2.14313e-05 2.53233e-05 3.69549e-05 3.77176e-05 3.84567e-05 3.92216e-05 6.46028e-05 5.4544e-05 4.51724e-05 3.51225e-05
0.265 0 0 0 0 7.94344e-06 1.18797e-05 1.57001e-05 1.96093e-05 3.02623e-05 3.10286e-05 3.17677e-05 3.2529e-05 5.84783e-05 4.84197e-05 3.90481e-05 2.8998e-05
0.285 0 0 0 0 9.38165e-06 1.33269e-05 1.71473e-05 2.10475e-05 2.88771e-05 2.96418e-05 3.03809e-05 3.11438e-05 5.33586e-05 4.33002e-05 3.39286e-05 2.38783e-05
0.305 0 0 0 0 5.5357e-06 9.47169e-06 1.32921e-05 1.72015e-05 2.15358e-05 2.23066e-05 2.30456e-05 2.38025e-05 4.07984e-05 3.07391e-05 2.13675e-05 1.13181e-05
0.325 0 0 0 0 -1.97501e-06 1.94798e-06 5.76837e-06 9.69082e-06 7.63036e-06 8.3998e-06 9.13886e-06 9.89697e-06 2.43782e-05 1.43211e-05 4.94954e-06 -5.102e-06
0.345 0 0 0 0 5.70827e-06 9.67606e-06 1.34963e-05 1.73737e-05 8.6287e-06 9.37412e-06 1.01133e-05 1.08955e-05 2.4489e-05 1.44375e-05 5.06587e-06 -4.9913e-06
0.365 0 0 0 0 -9.0165e-06 -5.11012e-06 -1.2898e-06 2.64909e-06 -3.40892e-06 -2.63472e-06 -1.89561e-06 -1.14228e-06 1.00881e-05 3.09636e-08 -9.34068e-06 -1.93924e-05
0.385 0 0 0 0 -1.78507e-05 -1.39678e-05 -1.01475e-05 -6.18502e-06 -1.45976e-05 -1.38209e-05 -1.30819e-05 -1.23312e-05 1.62842e-07 -9.8931e-06 -1.92648e-05 -2.93177e-05
0.405 0 0 0 0 -1.24455e-05 -8.51643e-06 -4.69623e-06 -7.80483e-07 -1.88638e-05 -1.81207e-05 -1.73817e-05 -1.65975e-05 -2.15016e-06 -1.21971e-05 -2.15687e-05 -3.16307e-05
0.425 0 0 0 0 -5.21528e-06 -1.26537e-06 2.55481e-06 6.44963e-06 -1.21323e-05 -1.13879e-05 -1.06489e-05 -9.86616e-06 -1.36971e-06 -1.14185e-05 -2.07903e-05 -3.08505e-05
0.445 0 0 0 0 -3.04627e-06 8.76748e-07 4.69686e-06 8.61855e-06 1.943e-07 9.73746e-07 1.71252e-06 2.45989e-06 4.09818e-06 -5.96162e-06 -1.53334e-05 -2.53827e-05
0.465 0 0 0 0 4.8762e-06 8.81454e-06 1.26347e-05 1.6541e-05 1.55966e-05 1.63719e-05 1.71107e-05 1.78624e-05 2.60922e-05 1.60317e-05 6.65981e-06 -3.38902e-06
0.485 0 0 0 0 1.58163e-05 1.97928e-05 2.36129e-05 2.7481e-05 3.2777e-05 3.35236e-05 3.42624e-05 3.50427e-05 5.92584e-05 4.9204e-05 3.98322e-05 2.97774e-05
0.505 0 0 0 0 1.44115e-06 5.34246e-06 9.16252e-06 1.31057e-05 3.15218e-05 3.22982e-05 3.30367e-05 3.37864e-05 6.78956e-05 5.78344e-05 4.84624e-05 3.8414e-05
0.525 0 0 0 0 -2.56432e-06 1.31999e-06 5.13991e-06 9.09978e-06 2.84627e-05 2.92446e-05 2.99832e-05 3.07275e-05 6.58911e-05 5.58293e-05 4.64573e-05 3.64095e-05
0.545 0 0 0 0 3.89946e-05 4.30436e-05 4.68635e-05 5.06587e-05 5.99878e-05 6.07114e-05 6.14499e-05 6.22523e-05 8.8781e-05 7.8728e-05 6.9356e-05 5.92994e-05
0.565 0 0 0 0 4.34948e-05 4.7512e-05 5.13317e-05 5.51582e-05 7.6398e-05 7.71741e-05 7.79127e-05 7.86626e-05 8.99205e-05 7.98506e-05 7.04784e-05 6.04383e-05
0.585 0 0 0 0 3.02847e-05 3.42202e-05 3.80397e-05 4.19475e-05 7.73457e-05 7.81652e-05 7.89039e-05 7.96105e-05 9.47422e-05 8.46621e-05 7.52902e-05 6.52605e-05
0.605 0 0 0 0 4.76687e-05 5.17021e-05 5.55215e-05 5.93311e-05 9.1724e-05 9.24638e-05 9.32022e-05 9.39883e-05 0.00013561 0.000125549 0.000116177 0.000106128
0.625 0 0 0 0 2.65728e-05 3.05287e-05 3.43481e-05 3.82353e-05 7.74354e-05 7.81879e-05 7.89255e-05 7.9697e-05 0.00013613 0.000126069 0.000116696 0.000106647
0.645 0 0 0 0 5.8815e-06 9.74815e-06 1.35675e-05 1.75434e-05 5.91626e-05 5.9963e-05 6.07008e-05 6.14247e-05 0.000109193 9.91218e-05 8.97494e-05 7.97096e-05
0.665 0 0 0 0 3.93629e-05 4.3383e-05 4.72023e-05 5.10247e-05 7.18828e-05 7.26291e-05 7.33669e-05 7.41447e-05 0.00010257 9.25088e-05 8.31365e-05 7.30871e-05
0.685 0 0 0 0 6.13086e-05 6.54056e-05 6.92252e-05 7.29714e-05 8.51616e-05 8.59014e-05 8.66391e-05 8.74234e-05 9.47208e-05 8.46572e-05 7.52849e-05 6.52376e-05
0.705 0 0 0 0 8.26649e-05 8.6779e-05 9.05982e-05 9.43261e-05 0.000126613 0.000127383 0.000128121 0.000128874 0.000131996 0.000121919 0.000112546 0.000102513
0.725 0 0 0 0 9.4503e-05 9.85875e-05 0.000102406 0.000106161 0.00017631 0.000177102 0.00017784 0.000178572 0.000210917 0.000200829 0.000191457 0.000181433
0.745 0 0 0 0 5.64989e-05 6.04145e-05 6.42319e-05 6.81538e-05 0.000171076 0.000171895 0.000172631 0.000173335 0.000256321 0.000246231 0.000236858 0.000226836
0.765 0 0 0 0 3.24703e-05 3.63528e-05 4.01703e-05 4.41255e-05 0.000140478 0.000141244 0.00014198 0.000142732 0.000258729 0.000248657 0.000239284 0.000229242
0.785 0 0 0 0 3.58983e-05 3.98588e-05 4.36763e-05 4.75533e-05 0.000108555 0.000109283 0.000110019 0.00011081 0.000200141 0.000190081 0.000180708 0.000170654
0.805 0 0 0 0 3.75142e-05 4.15029e-05 4.53204e-05 4.91692e-05 7.29863e-05 7.37653e-05 7.4501e-05 7.52411e-05 8.95808e-05 7.95065e-05 7.01331e-05 6.00937e-05
0.825 0 0 0 0 2.29652e-05 2.69504e-05 3.07679e-05 3.46203e-05 1.8131e-05 1.89367e-05 1.96708e-05 2.03805e-05 -2.15428e-05 -3.16211e-05 -4.0995e-05 -5.10322e-05
0.845 0 0 0 0 -9.237e-06 -5.25604e-06 -1.43956e-06 2.4148e-06 -5.30921e-05 -5.23488e-05 -5.16144e-05 -5.0842e-05 -8.9532e-05 -9.95847e-05 -0.000108959 -0.000119022
0.865 0 0 0 0 -8.42168e-05 -8.04148e-05 -7.65992e-05 -7.25684e-05 -0.000146615 -0.000145892 -0.000145158 -0.000144365 -0.000148844 -0.000158875 -0.000168249 -0.000178334
0.885 0 0 0 0 -0.000142024 -0.000138378 -0.000134563 -0.000130377 -0.000216958 -0.000216225 -0.000215491 -0.000214709 -0.000203544 -0.000213566 -0.000222941 -0.000233035
0.905 0 0 0 0 -0.000114176 -0.000110402 -0.000106588 -0.000102531 -0.000210381 -0.000209683 -0.000208949 -0.000208132 -0.000223389 -0.000233406 -0.00024278 -0.00025288
0.925 0 0 0 0 -3.60155e-05 -3.20213e-05 -2.82069e-05 -2.4372e-05 -0.000132726 -0.000132028 -0.000131295 -0.00013048 -0.000195799 -0.000205832 -0.000215207 -0.000225291
0.945 0 0 0 0 4.07169e-05 4.48302e-05 4.86446e-05 5.23605e-05 -4.55093e-06 -3.78969e-06 -3.05715e-06 -2.30694e-06 -8.45699e-05 -9.46388e-05 -0.000104014 -0.000114063
0.965 0 0 0 0 2.7117e-05 3.10293e-05 3.48438e-05 3.87609e-05 6.42714e-05 6.51244e-05 6.58571e-05 6.65158e-05 4.957e-05 3.94746e-05 3.00993e-05 2.00764e-05
0.985 0 0 0 0 2.67339e-05 3.06275e-05 3.44419e-05 3.83775e-05 0.000116165 0.000116918 0.000117651 0.000118409 0.000220321 0.000210254 0.000200879 0.000190828
1.005 0 0 0 0 6.31026e-05 6.70967e-05 7.09113e-05 7.47468e-05 0.000186468 0.000187138 0.000187868 0.000188705 0.000352775 0.000342721 0.000333345 0.000323279
1.025 0 0 0 0 0.000122816 0.000126862 0.000130674 0.000134452 0.000286228 0.000287012 0.000287743 0.000288467 0.000406562 0.000396461 0.000387086 0.000377066
1.045 0 0 0 0 0.000173359 0.000177466 0.000181278 0.000184992 0.000352452 0.000353352 0.000354084 0.000354692 0.00039954 0.000389393 0.000380017 0.000370042
1.065 0 0 0 0 0.000165381 0.000169543 0.000173355 0.000177014 0.000309491 0.000310329 0.00031106 0.000311731 0.000350526 0.000340401 0.000331026 0.00032103
1.085 0 0 0 0 0.000116409 0.000120575 0.000124387 0.000128043 0.000211683 0.000212379 0.00021311 0.000213923 0.000295607 0.000285535 0.000276159 0.00026611
1.105 0 0 0 0 1.89343e-06 5.73083e-06 9.54242e-06 1.35267e-05 7.36845e-05 7.44395e-05 7.51706e-05 7.59234e-05 0.000169316 0.000159251 0.000149875 0.000139819
1.125 0 0 0 0 -4.14737e-05 -3.77111e-05 -3.38994e-05 -2.98403e-05 -1.42711e-05 -1.34918e-05 -1.27605e-05 -1.20317e-05 3.91977e-05 2.91351e-05 1.97587e-05 9.70017e-06
1.145 0 0 0 0 -2.56565e-05 -2.17177e-05 -1.79062e-05 -1.40235e-05 -7.08868e-05 -7.01675e-05 -6.94363e-05 -6.86476e-05 -8.8029e-05 -9.80749e-05 -0.000107451 -0.000117526
1.165 0 0 0 0 -5.7913e-05 -5.40119e-05 -5.02003e-05 -4.62797e-05 -0.000154742 -0.000153994 -0.000153263 -0.000152503 -0.000232073 -0.00024212 -0.000251496 -0.000261571
1.185 0 0 0 0 -0.000118662 -0.000114902 -0.000111091 -0.000107029 -0.000246465 -0.000245701 -0.000244971 -0.000244228 -0.000333421 -0.000343459 -0.000352835 -0.000362918
1.205 0 0 0 0 -0.000185539 -0.000181907 -0.000178097 -0.000173913 -0.000339011 -0.000338294 -0.000337563 -0.000336773 -0.000392084 -0.000402095 -0.000411472 -0.000421583
1.225 0 0 0 0 -0.000293811 -0.000290457 -0.000286649 -0.000282189 -0.000475984 -0.000475252 -0.000474522 -0.000473748 -0.000505549 -0.000515542 -0.000524919 -0.000535049
1.245 0 0 0 0 -0.000403984 -0.000400863 -0.000397056 -0.00039237 -0.000654822 -0.000654073 -0.000653344 -0.000652589 -0.000711767 -0.000721741 -0.000731119 -0.000741268
1.265 0 0 0 0 -0.000447999 -0.000444792 -0.000440991 -0.000436405 -0.000823523 -0.000822865 -0.000822137 -0.000821298 -0.000963698 -0.000973634 -0.000983013 -0.000993203
1.285 0 0 0 0 -0.000455716 -0.000452349 -0.000448554 -0.000444143 -0.000948316 -0.000947715 -0.000946991 -0.000946106 -0.00120378 -0.00121369 -0.00122307 -0.00123329
1.305 0 0 0 0 -0.000440162 -0.000436706 -0.000432912 -0.000428594 -0.000978827 -0.000978202 -0.000977482 -0.00097663 -0.00131678 -0.00132671 -0.00133609 -0.0013463
1.325 0 0 0 0 -0.000389237 -0.000385701 -0.000381907 -0.000377671 -0.00088306 -0.000882423 -0.000881703 -0.000880864 -0.00120316 -0.0012131 -0.00122248 -0.00123268
1.345 0 0 0 0 -0.00042673 -0.000423514 -0.00041972 -0.000415163 -0.000800169 -0.00079943 -0.00079871 -0.000797974 -0.000998412 -0.00100838 -0.00101776 -0.00102793
1.365 0 0 0 0 -0.000514588 -0.000511767 -0.000507971 -0.000503015 -0.000794874 -0.000794102 -0.000793383 -0.000792681 -0.00083688 -0.000846843 -0.000856226 -0.0008664
1.385 0 0 0 0 -0.000546683 -0.000543872 -0.000540075 -0.000535108 -0.000838469 -0.000837813 -0.000837094 -0.000836276 -0.000814969 -0.000824892 -0.000834276 -0.000844491
1.405 0 0 0 0 -0.000584496 -0.000581679 -0.000577881 -0.000572919 -0.000971118 -0.000970442 -0.000969723 -0.000968925 -0.00105344 -0.00106336 -0.00107274 -0.00108296
1.425 0 0 0 0 -0.000573896 -0.000570856 -0.000567062 -0.000562333 -0.0011117 -0.00111101 -0.00111029 -0.00110951 -0.00139946 -0.00140938 -0.00141876 -0.00142898
1.445 0 0 0 0 -0.000506405 -0.000502934 -0.000499145 -0.000494861 -0.00118177 -0.0011812 -0.00118048 -0.00117959 -0.00162476 -0.00163465 -0.00164404 -0.00165429
1.465 0 0 0 0 -0.000405855 -0.000402059 -0.000398271 -0.000394313 -0.00107708 -0.0010766 -0.00107589 -0.00107491 -0.00153258 -0.00154247 -0.00155186 -0.00156212
1.485 0 0 0 0 -0.000255672 -0.000251776 -0.000247988 -0.000244129 -0.000713523 -0.000712972 -0.000712258 -0.000711351 -0.00102859 -0.00103854 -0.00104793 -0.00105812
1.505 0 0 0 0 2.85039e-05 3.26478e-05 3.64359e-05 4.00463e-05 -4.95922e-05 -4.89457e-05 -4.82318e-05 -4.74223e-05 -0.000113271 -0.000123316 -0.000132702 -0.000142803
1.525 0 0 0 0 0.000385357 0.000389801 0.000393585 0.00039688 0.000771047 0.000771828 0.000772539 0.000773204 0.000996713 0.00098654 0.000977153 0.000967178
1.545 0 0 0 0 0.000828063 0.000833051 0.000836812 0.000839486 0.00167095 0.00167179 0.00167249 0.00167306 0.00215524 0.00214493 0.00213553 0.00212568
1.565 0 0 0 0 0.00129019 0.00129582 0.00129955 0.00130147 0.00254553 0.00254642 0.0025471 0.00254757 0.00321874 0.00320829 0.00319888 0.00318916
1.585 0 0 0 0 0.00167625 0.00168236 0.00168606 0.00168738 0.00328623 0.00328724 0.00328791 0.00328821 0.00409389 0.00408329 0.00407388 0.00406428
1.605 0 0 0 0 0.00178898 0.00179491 0.00179859 0.0018 0.00364419 0.00364539 0.00364604 0.00364611 0.00457878 0.00456809 0.00455867 0.00454916
1.625 0 0 0 0 0.00171488 0.00172062 0.00172429 0.00172589 0.00358543 0.00358653 0.00358717 0.00358733 0.00463437 0.00462371 0.0046143 0.00460474
1.645 0 0 0 0 0.00160665 0.00161253 0.0016162 0.00161767 0.00327297 0.00327375 0.00327439 0.00327486 0.00429643 0.00428589 0.00427647 0.0042668
1.665 0 0 0 0 0.00137594 0.00138151 0.00138519 0.00138695 0.00275232 0.00275316 0.0027538 0.0027542 0.00352098 0.00351048 0.00350106 0.00349135
1.685 0 0 0 0 0.00107187 0.00107701 0.00108068 0.00108288 0.00208268 0.00208366 0.00208431 0.00208456 0.00250428 0.0024938 0.00248439 0.00247464
1.705 0 0 0 0 0.000550883 0.000555207 0.000558876 0.000561883 0.00109051 0.00109142 0.00109207 0.00109238 0.00127072 0.00126038 0.00125096 0.00124108
1.725 0 0 0 0 -0.000375962 -0.000373401 -0.000369729 -0.000364952 -0.000439276 -0.000438466 -0.000437823 -0.000437401 -0.000384324 -0.00039443 -0.000403849 -0.000413964
1.745 0 0 0 0 -0.00150513 -0.00150458 -0.00150093 -0.00149425 -0.00239396 -0.00239341 -0.00239277 -0.0023921 -0.00254245 -0.00255223 -0.00256165 -0.0025721
1.765 0 0 0 0 -0.00250931 -0.00251011 -0.00250656 -0.00249891 -0.00446269 -0.00446259 -0.00446198 -0.00446097 -0.00511881 -0.00512825 -0.00513768 -0.00514849
1.785 0 0 0 0 -0.00314207 -0.00314319 -0.00313977 -0.00313234 -0.00621197 -0.00621238 -0.00621186 -0.00621064 -0.00769126 -0.00770045 -0.00770991 -0.00772105
1.805 0 0 0 0 -0.00343454 -0.00343549 -0.00343219 -0.00342538 -0.00734135 -0.00734207 -0.00734167 -0.00734057 -0.00964283 -0.00965196 -0.00966146 -0.00967279
1.825 0 0 0 0 -0.00353024 -0.00353117 -0.00352793 -0.00352132 -0.00774097 -0.00774173 -0.0077414 -0.00774048 -0.0103969 -0.010406 -0.0104156 -0.0104269
1.845 0 0 0 0 -0.00333691 -0.00333764 -0.0033344 -0.00332799 -0.00724029 -0.00724118 -0.00724086 -0.00723982 -0.00956034 -0.00956949 -0.00957901 -0.00959037
1.865 0 0 0 0 -0.00268545 -0.00268554 -0.0026823 -0.00267655 -0.00566829 -0.00566927 -0.00566895 -0.00566785 -0.00719157 -0.00720086 -0.00721038 -0.00722161
1.885 0 0 0 0 -0.00163835 -0.00163767 -0.00163444 -0.00162947 -0.00319206 -0.0031925 -0.0031922 -0.00319166 -0.00385751 -0.00386721 -0.00387674 -0.00388755
1.905 0 0 0 0 -0.00057529 -0.000574182 -0.000570958 -0.000566424 -0.000591264 -0.000590704 -0.000590396 -0.000590835 -0.000494243 -0.000504503 -0.000514035 -0.000524297
1.925 0 0 0 0 0.000691261 0.000694406 0.000697649 0.00070022 0.00182017 0.00182072 0.00182103 0.00182063 0.00259748 0.00258695 0.00257742 0.00256744
1.945 0 0 0 0 0.00207804 0.00208432 0.00208756 0.00208699 0.00404155 0.00404159 0.00404189 0.00404197 0.00526475 0.00525406 0.00524454 0.00523472
1.965 0 0 0 0 0.00303064 0.0030378 0.00304092 0.00303895 0.00586007 0.00586068 0.00586093 0.00586026 0.00723464 0.00722352 0.00721397 0.00720455
1.985 0 0 0 0 0.00344743 0.0034541 0.00345709 0.00345514 0.00697802 0.00697939 0.0069796 0.00697802 0.00853709 0.0085256 0.00851605 0.00850698
2.005 0 0 0 0 0.00342158 0.00342813 0.00343111 0.00342921 0.00710624 0.00710715 0.00710732 0.00710605 0.00907342 0.009062 0.00905242 0.00904321
2.025 0 0 0 0 0.00298474 0.00299089 0.00299387 0.00299237 0.0063303 0.00633046 0.00633061 0.00633007 0.00852695 0.00851583 0.00850625 0.00849671
2.045 0 0 0 0 0.00227116 0.00227607 0.00227905 0.00227878 0.00498027 0.00498052 0.00498067 0.00498001 0.00676646 0.00675546 0.00674587 0.00673619
2.065 0 0 0 0 0.00174945 0.00175412 0.00175709 0.00175705 0.00350248 0.00350278 0.00350291 0.00350217 0.00437326 0.00436239 0.0043528 0.00434302
2.085 0 0 0 0 0.00149701 0.00150272 0.00150568 0.00150458 0.00216662 0.00216632 0.00216645 0.0021663 0.00213488 0.00212425 0.00211466 0.00210461
2.105 0 0 0 0 0.0012635 0.00126966 0.00127261 0.00127104 0.00126942 0.00126875 0.00126888 0.00126912 0.000746388 0.000735944 0.000726361 0.000716136
2.125 0 0 0 0 0.000408341 0.000411656 0.000414611 0.000415901 0.000406967 0.000407107 0.00040724 0.000406668 -2.04448e-05 -3.09619e-05 -4.0549e-05 -5.07059e-05
2.145 0 0 0 0 -0.00100324 -0.00100415 -0.0010012 -0.00099564 -0.00101832 -0.00101765 -0.00101752 -0.00101862 -0.000850583 -0.000860968 -0.000870556 -0.000880846
2.165 0 0 0 0 -0.00176818 -0.00176961 -0.00176666 -0.00176059 -0.00246125 -0.0024621 -0.00246198 -0.00246156 -0.00187627 -0.00188603 -0.00189561 -0.00190652
2.185 0 0 0 0 -0.00142602 -0.00142474 -0.00142178 -0.00141843 -0.00294227 -0.0029443 -0.00294416 -0.00294258 -0.00300619 -0.00301564 -0.00302523 -0.00303644
2.205 0 0 0 0 -0.000597132 -0.00059403 -0.000591079 -0.000589553 -0.0022549 -0.00225555 -0.00225542 -0.00225522 -0.00375009 -0.00376012 -0.0037697 -0.00378033
2.225 0 0 0 0 -0.0001989 -0.000196107 -0.000193158 -0.000191328 -0.00143925 -0.00143824 -0.00143812 -0.0014396 -0.00353694 -0.00354754 -0.00355712 -0.00356716
2.245 0 0 0 0 -0.000315687 -0.000313263 -0.000310307 -0.000308098 -0.00112815 -0.00112816 -0.00112804 -0.0011285 -0.0020733 -0.0020836 -0.00209319 -0.00210354
2.265 0 0 0 0 -0.000465731 -0.000463592 -0.000460631 -0.000458129 -0.000697587 -0.000699342 -0.000699229 -0.000697939 0.000106389 9.6625e-05 8.70447e-05 7.61498e-05
2.285 0 0 0 0 -0.000284023 -0.000283203 -0.000280246 -0.000276447 0.000470705 0.000469915 0.000470037 0.000470383 0.00191096 0.00190085 0.00189126 0.00188072
2.305 0 0 0 0 0.000226748 0.000226928 0.000229894 0.000234366 0.00168382 0.0016852 0.00168532 0.0016835 0.00255754 0.00254666 0.00253708 0.00252731
2.325 0 0 0 0 0.00123667 0.00124052 0.00124349 0.00124429 0.00237839 0.00237904 0.00237916 0.00237805 0.00259713 0.00258627 0.00257669 0.00256689
2.345 0 0 0 0 0.00238972 0.00239866 0.00240161 0.00239731 0.00303322 0.00303174 0.00303186 0.00303288 0.00301961 0.00300917 0.00299959 0.00298938
2.365 0 0 0 0 0.00286267 0.00287164 0.00287458 0.00287025 0.0041496 0.00414894 0.00414906 0.00414928 0.00422902 0.00421822 0.00420864 0.00419878
2.385 0 0 0 0 0.00271841 0.00272392 0.00272688 0.00272602 0.00541533 0.00541692 0.00541704 0.00541502 0.00619542 0.00618395 0.00617438 0.0061652
2.405 0 0 0 0 0.00181563 0.00181743 0.00182038 0.00182317 0.00524938 0.00525124 0.0052514 0.00524915 0.00738765 0.00737627 0.00736669 0.00735743
2.425 0 0 0 0 0.000741079 0.000741748 0.000744696 0.000748599 0.00349793 0.00349763 0.00349768 0.00349731 0.00650746 0.0064968 0.00648719 0.00647702
2.445 0 0 0 0 0.000718759 0.000722201 0.000725155 0.000726316 0.00199967 0.00199779 0.00199783 0.00199901 0.00398179 0.00397164 0.00396203 0.00395134
2.465 0 0 0 0 0.00133493 0.00134098 0.00134392 0.00134245 0.00145516 0.00145464 0.0014547 0.00145455 0.000869481 0.000858843 0.000849236 0.000839051
2.485 0 0 0 0 0.00125957 0.00126525 0.00126818 0.00126705 0.000753218 0.000754612 0.000754689 0.000752654 -0.00159137 -0.00160254 -0.00161214 -0.00162179
2.505 0 0 0 0 -0.000432624 -0.000430576 -0.000427642 -0.000425076 -0.00149557 -0.00149486 -0.00149477 -0.00149611 -0.00312408 -0.0031347 -0.0031443 -0.00315452
2.525 0 0 0 0 -0.00319898 -0.00320269 -0.00319978 -0.00319148 -0.00498651 -0.00498803 -0.00498796 -0.00498713 -0.00463603 -0.0046454 -0.004655 -0.00466646
2.545 0 0 0 0 -0.00526352 -0.00527118 -0.00526791 -0.00525537 -0.00797584 -0.00797822 -0.00797819 -0.0079766 -0.00710086 -0.00710957 -0.00711918 -0.00713132
2.565 0 0 0 0 -0.00528034 -0.00528732 -0.00528433 -0.00527325 -0.00918929 -0.00919074 -0.00919073 -0.00919006 -0.0102991 -0.010308 -0.0103176 -0.0103295
2.585 0 0 0 0 -0.00334388 -0.00334406 -0.00334128 -0.00333739 -0.00843475 -0.00843633 -0.00843642 -0.00843635 -0.0123573 -0.0123668 -0.0123765 -0.0123881
2.605 0 0 0 0 -0.00128904 -0.00128331 -0.00128064 -0.00128292 -0.00639786 -0.00640007 -0.0064004 -0.00640054 -0.01144 -0.01145 -0.0114597 -0.0114711
2.625 0 0 0 0 -0.000861233 -0.000857326 -0.000854522 -0.000854756 -0.00400827 -0.00400963 -0.00401003 -0.00401109 -0.00731275 -0.00732323 -0.00733307 -0.00734413
2.645 0 0 0 0 -0.00155219 -0.0015546 -0.00155172 -0.00154543 -0.00174593 -0.00174647 -0.00174696 -0.00174888 -0.0013729 -0.0013835 -0.00139329 -0.00140421
2.665 0 0 0 0 -0.00134262 -0.00134689 -0.00134397 -0.00133566 0.000671478 0.000670206 0.000669786 0.000668725 0.0041391 0.00412858 0.00411877 0.00410769
2.685 0 0 0 0 0.00092765 0.000928659 0.000931465 0.000934224 0.00392721 0.00392496 0.00392441 0.003924 0.00763302 0.00762215 0.00761231 0.00760141
2.705 0 0 0 0 0.0039436 0.0039516 0.00395445 0.00395024 0.00740828 0.0074079 0.00740737 0.0074051 0.00883203 0.00881997 0.00881014 0.00880041
2.725 0 0 0 0 0.0056884 0.00569937 0.0057021 0.00569411 0.00940798 0.00940969 0.00940916 0.00940468 0.00897261 0.00895953 0.00894963 0.00894087
2.745 0 0 0 0 0.00511972 0.00512981 0.00513249 0.0051252 0.00870032 0.0087008 0.00870024 0.00869698 0.00907364 0.00906112 0.00905133 0.00904215
2.765 0 0 0 0 0.00260261 0.00260711 0.00260974 0.00260786 0.00585753 0.00585582 0.00585536 0.00585444 0.00858328 0.00857187 0.00856195 0.0085515
2.785 0 0 0 0 -0.000307077 -0.000309853 -0.000307238 -0.00030175 0.00233953 0.00233785 0.0023373 0.0023362 0.00603628 0.00602551 0.00601572 0.00600479
2.805 0 0 0 0 -0.00188178 -0.00188714 -0.00188457 -0.00187644 -0.00100031 -0.00100097 -0.00100149 -0.00100354 0.000932574 0.000921826 0.000911942 0.000900863
2.825 0 0 0 0 -0.00193315 -0.00193413 -0.00193162 -0.00192805 -0.004108 -0.00410956 -0.00411009 -0.00411127 -0.00554797 -0.00555837 -0.00556821 -0.00557957
2.845 0 0 0 0 -0.00193937 -0.00193596 -0.00193349 -0.00193448 -0.00693227 -0.00693511 -0.0069356 -0.0069355 -0.0112427 -0.0112527 -0.0112625 -0.0112743
2.865 0 0 0 0 -0.00345355 -0.00345304 -0.00345054 -0.00344865 -0.00953109 -0.00953372 -0.00953432 -0.00953479 -0.014588 -0.0145978 -0.0146077 -0.0146197
2.885 0 0 0 0 -0.00606447 -0.00607233 -0.00607022 -0.00606091 -0.0119037 -0.0119057 -0.0119063 -0.0119074 -0.0153495 -0.015359 -0.0153688 -0.0153811
2.905 0 0 0 0 -0.00774446 -0.00775589 -0.00775389 -0.00774101 -0.0131669 -0.0131704 -0.0131711 -0.0131706 -0.0143525 -0.0143611 -0.014371 -0.0143841
2.925 0 0 0 0 -0.00726653 -0.00727715 -0.00727524 -0.00726325 -0.0121728 -0.0121768 -0.0121775 -0.0121767 -0.0127991 -0.0128077 -0.0128174 -0.0128305
2.945 0 0 0 0 -0.0047111 -0.00471673 -0.00471476 -0.00470791 -0.00886607 -0.00886838 -0.00886901 -0.00886985 -0.0109232 -0.0109329 -0.0109428 -0.010955
2.965 0 0 0 0 -0.00110856 -0.00110657 -0.00110456 -0.0011056 -0.00420993 -0.00421136 -0.00421205 -0.0042139 -0.00757149 -0.00758218 -0.00759204 -0.00760312
2.985 0 0 0 0 0.00193648 0.00194441 0.00194648 0.00193922 0.000739449 0.000737443 0.000736762 0.000735472 -0.0017682 -0.0017794 -0.00178931 -0.00179995
3.005 0 0 0 0 0.00328985 0.00329681 0.00329901 0.0032929 0.00533075 0.00532936 0.00532865 0.00532691 0.00582116 0.00580952 0.00579967 0.00578951
3.025 0 0 0 0 0.00377425 0.00377662 0.00377882 0.00377695 0.00939668 0.00939653 0.00939582 0.00939229 0.0133971 0.0133848 0.0133749 0.0133654
3.045 0 0 0 0 0.00506021 0.0050602 0.00506099 0.00505948 0.0130124 0.0130127 0.0130116 0.0130073 0.019061 0.0190483 0.0190383 0.0190287
3.065 0 0 0 0 0.0072361 0.00723968 0.00723912 0.00723423 0.0159672 0.0159688 0.0159678 0.015963 0.0215725 0.0215592 0.0215493 0.0215405
3.085 0 0 0 0 0.00916263 0.00917194 0.00917144 0.00916341 0.0174926 0.0174951 0.0174941 0.0174884 0.0210815 0.0210673 0.0210575 0.0210493
3.105 0 0 0 0 0.00974385 0.00975692 0.00975675 0.00974529 0.01671 0.0167111 0.01671 0.0167048 0.0187606 0.0187466 0.0187369 0.0187287
3.125 0 0 0 0 0.00792582 0.00793699 0.00793707 0.00792653 0.0133277 0.0133268 0.0133256 0.0133221 0.0152453 0.0152321 0.0152222 0.0152129
3.145 0 0 0 0 0.00396101 0.00396311 0.00396343 0.00396033 0.00804071 0.00803941 0.00803804 0.00803435 0.0104792 0.010467 0.010457 0.0104469
3.165 0 0 0 0 -0.000389536 -0.00039564 -0.000394495 -0.000390224 0.0018321 0.00183051 0.00182903 0.00182497 0.00419383 0.00418227 0.00417203 0.00416096
3.185 0 0 0 0 -0.00334361 -0.00335255 -0.00335165 -0.00334609 -0.00434812 -0.00435183 -0.00435354 -0.00435625 -0.00349435 -0.00350474 -0.00351481 -0.00352687
3.205 0 0 0 0 -0.0047276 -0.00473406 -0.00473318 -0.00472985 -0.0095635 -0.009569 -0.00957055 -0.00957139 -0.0116935 -0.0117031 -0.0117133 -0.0117263
3.225 0 0 0 0 -0.00580074 -0.00580585 -0.00580566 -0.00580488 -0.0134479 -0.0134537 -0.0134551 -0.0134552 -0.0187873 -0.0187965 -0.0188064 -0.0188194
3.245 0 0 0 0 -0.00740481 -0.00740946 -0.0074101 -0.00740735 -0.0164973 -0.0165014 -0.0165028 -0.016503 -0.0231068 -0.0231165 -0.0231264 -0.0231392
3.265 0 0 0 0 -0.00904633 -0.00905235 -0.00905467 -0.00904909 -0.0186378 -0.0186443 -0.0186457 -0.018643 -0.0239172 -0.0239256 -0.0239352 -0.0239491
3.285 0 0 0 0 -0.00984374 -0.00985082 -0.00985272 -0.00984393 -0.0186746 -0.0186829 -0.0186842 -0.0186801 -0.0217993 -0.021807 -0.0218168 -0.0218317
3.305 0 0 0 0 -0.00907905 -0.00908923 -0.00909042 -0.00907925 -0.0158174 -0.0158234 -0.0158249 -0.0158241 -0.0179623 -0.017971 -0.0179809 -0.017995
3.325 0 0 0 0 -0.00613562 -0.00614436 -0.00614488 -0.00613748 -0.0106187 -0.0106222 -0.0106239 -0.0106268 -0.0128448 -0.012855 -0.012865 -0.0128776
3.345 0 0 0 0 -0.00174095 -0.00174211 -0.00174201 -0.00174488 -0.00438578 -0.00438999 -0.00439191 -0.00439483 -0.00643608 -0.00644724 -0.0064576 -0.0064696
3.365 0 0 0 0 0.00232603 0.00233043 0.00233118 0.00232316 0.00207317 0.00206821 0.00206603 0.00206322 0.00112287 0.00111111 0.00110072 0.00108927
3.385 0 0 0 0 0.00469257 0.00469672 0.00469686 0.00468944 0.00802909 0.00802673 0.00802457 0.0080195 0.00905298 0.00904029 0.00903028 0.00902021
3.405 0 0 0 0 0.00575493 0.00575503 0.00575416 0.00575088 0.0125503 0.0125516 0.0125501 0.012543 0.0161593 0.0161456 0.0161352 0.0161259
3.425 0 0 0 0 0.00655223 0.00655187 0.00655012 0.00654683 0.0150809 0.0150817 0.0150802 0.015074 0.020861 0.0208478 0.0208381 0.020829
3.445 0 0 0 0 0.00745071 0.00745361 0.00745201 0.00744583 0.0159238 0.0159232 0.0159218 0.0159175 0.0219172 0.0219041 0.021894 0.0218844
3.465 0 0 0 0 0.00785878 0.00786425 0.00786294 0.00785455 0.0152589 0.0152587 0.0152571 0.0152515 0.0192374 0.0192239 0.019214 0.0192049
3.485 0 0 0 0 0.00694905 0.00695451 0.00695379 0.00694536 0.0124825 0.012483 0.0124811 0.012474 0.0139745 0.0139606 0.0139504 0.0139414
3.505 0 0 0 0 0.00428516 0.00428824 0.00428818 0.00428105 0.00716287 0.00716095 0.00715882 0.00715299 0.0075124 0.00749944 0.0074892 0.00747913
3.525 0 0 0 0 0.000113066 0.000111403 0.000111931 0.000109575 0.000113199 0.000108472 0.000106292 0.00010321 0.0004571 0.000445718 0.00043527 0.000423417
3.545 0 0 0 0 -0.00457231 -0.0045798 -0.00458002 -0.00457446 -0.00723281 -0.00723786 -0.0072398 -0.00724164 -0.00732825 -0.00733843 -0.00734873 -0.00736169
3.565 0 0 0 0 -0.0083557 -0.00836724 -0.00836824 -0.00835627 -0.0138735 -0.0138779 -0.0138797 -0.013881 -0.0156726 -0.0156818 -0.0156915 -0.0157048
3.585 0 0 0 0 -0.0103489 -0.010358 -0.0103598 -0.0103494 -0.0192055 -0.0192109 -0.0192122 -0.0192105 -0.0234731 -0.0234817 -0.0234915 -0.0235056
3.605 0 0 0 0 -0.0109429 -0.0109398 -0.0109423 -0.010931 -0.0226457 -0.0226543 -0.0226553 -0.0226481 -0.0290972 -0.0291042 -0.0291133 -0.0291278
3.625 0 0 0 0 -0.0108025 -0.0107927 -0.0107962 -0.0107864 -0.0239316 -0.0239408 -0.0239414 -0.0239299 -0.0310835 -0.0310901 -0.031099 -0.0311135
3.645 0 0 0 0 -0.0102803 -0.0102707 -0.0102746 -0.010266 -0.0228035 -0.022814 -0.0228145 -0.0228026 -0.0289458 -0.0289521 -0.0289611 -0.0289761
3.665 0 0 0 0 -0.00926403 -0.00926074 -0.00926403 -0.00925413 -0.0189634 -0.0189721 -0.018973 -0.0189655 -0.0232193 -0.0232267 -0.0232361 -0.0232507
3.685 0 0 0 0 -0.00692063 -0.00692413 -0.00692634 -0.00691725 -0.0126152 -0.0126206 -0.012622 -0.0126208 -0.0148295 -0.0148388 -0.0148488 -0.0148622
3.705 0 0 0 0 -0.00267455 -0.00267954 -0.0026804 -0.00267933 -0.00441891 -0.00442287 -0.00442459 -0.00442764 -0.00476783 -0.00477889 -0.00478946 -0.00480197
3.725 0 0 0 0 0.00290244 0.00290252 0.00290257 0.00289576 0.00493738 0.00493214 0.0049297 0.00492542 0.00605991 0.00604783 0.00603724 0.00602596
3.745 0 0 0 0 0.00838431 0.00839249 0.00839114 0.00837755 0.0144826 0.0144806 0.0144786 0.0144726 0.0169183 0.0169049 0.0168952 0.016886
3.765 0 0 0 0 0.0126759 0.0126871 0.0126815 0.0126724 0.0228095 0.0228135 0.0228127 0.0228051 0.027062 0.0270464 0.0270358 0.0270278
3.785 0 0 0 0 0.0161313 0.0161484 0.0161433 0.0161508 0.0289326 0.0289414 0.0289391 0.0289282 0.035336 0.035321 0.0353131 0.0353078
3.805 0 0 0 0 0.0195405 0.0195753 0.0195665 0.0195768 0.033181 0.0331896 0.033189 0.033182 0.0405108 0.0404968 0.0404897 0.0404845
3.825 0 0 0 0 0.0227823 0.0228134 0.0228009 0.0228083 0.0356803 0.0356893 0.0356896 0.0356836 0.0419671 0.0419525 0.0419445 0.0419387
3.845 0 0 0 0 0.0255238 0.0255512 0.0255445 0.0255518 0.0360659 0.0360735 0.0360722 0.0360641 0.0402205 0.0402055 0.0401972 0.0401911
3.865 0 0 0 0 0.0269711 0.0269999 0.0269971 0.0270014 0.0341458 0.0341465 0.0341444 0.0341377 0.0363799 0.0363654 0.0363554 0.036347
3.885 0 0 0 0 0.0259821 0.0260103 0.0260073 0.0260037 0.0305881 0.0305835 0.0305811 0.0305771 0.0315923 0.0315791 0.0315692 0.0315598
3.905 0 0 0 0 0.0221905 0.0222081 0.0222054 0.0222031 0.0260603 0.026057 0.0260551 0.0260499 0.0266521 0.0266385 0.026628 0.0266181
3.925 0 0 0 0 0.0169066 0.0169098 0.0169073 0.0169095 0.0207377 0.0207367 0.0207347 0.0207269 0.0219248 0.0219115 0.0219013 0.0218917
3.945 0 0 0 0 0.0118814 0.0118749 0.0118742 0.0118783 0.0148428 0.01484 0.0148382 0.014832 0.0170324 0.0170196 0.0170084 0.0169971
3.965 0 0 0 0 0.00795964 0.00794974 0.00794997 0.00795324 0.00915367 0.00914757 0.00914549 0.00914182 0.01126 0.011248 0.0112362 0.0112233
3.985 0 0 0 0 0.00501357 0.00500606 0.0050092 0.005015 0.00420163 0.00419606 0.00419329 0.00418851 0.00444026 0.00442816 0.00441605 0.00440299
4.005 0 0 0 0 0.00246968 0.00246586 0.00247084 0.00248243 -0.000327522 -0.000331996 -0.00033505 -0.000341408 -0.00257987 -0.0025922 -0.00260458 -0.00261748
4.025 0 0 0 0 -6.82161e-05 -6.68132e-05 -6.03619e-05 -4.50229e-05 -0.0048059 -0.00481202 -0.0048153 -0.00482005 -0.00833638 -0.00834763 -0.00835949 -0.00837261
4.045 0 0 0 0 -0.00301906 -0.00301296 -0.0030032 -0.0029871 -0.00895997 -0.00896893 -0.00897208 -0.00897339 -0.0121137 -0.012124 -0.0121361 -0.0121506
4.065 0 0 0 0 -0.00650187 -0.00650874 -0.00651569 -0.00651296 -0.0122935 -0.0123009 -0.0123029 -0.0123017 -0.0144686 -0.0144776 -0.0144869 -0.0144999
4.085 0 0 0 0 -0.0094358 -0.00944207 -0.00944558 -0.00944194 -0.0147402 -0.0147461 -0.0147476 -0.0147477 -0.0162501 -0.0162599 -0.0162711 -0.0162856
4.105 0 0 0 0 -0.0107121 -0.0107153 -0.0107132 -0.0107003 -0.0161568 -0.0161627 -0.0161651 -0.0161664 -0.017757 -0.0177668 -0.0177773 -0.0177909
4.125 0 0 0 0 -0.0102528 -0.0102567 -0.0102574 -0.0102482 -0.0163998 -0.0164061 -0.0164081 -0.0164081 -0.0187539 -0.0187631 -0.0187735 -0.0187876
4.145 0 0 0 0 -0.00879027 -0.00879019 -0.00879235 -0.00878874 -0.0156417 -0.0156487 -0.0156507 -0.0156492 -0.0189295 -0.018939 -0.0189495 -0.0189631
4.165 0 0 0 0 -0.0072891 -0.00728888 -0.00729237 -0.00729313 -0.014031 -0.0140382 -0.01404 -0.0140383 -0.0177635 -0.0177728 -0.0177831 -0.0177968
4.185 0 0 0 0 -0.00606431 -0.00606399 -0.00606584 -0.00606621 -0.0115524 -0.0115583 -0.01156 -0.0115604 -0.0147321 -0.0147427 -0.0147538 -0.0147672
4.205 0 0 0 0 -0.0049903 -0.00499279 -0.00499168 -0.00498952 -0.00840922 -0.00841471 -0.00841692 -0.0084202 -0.0100823 -0.0100931 -0.0101042 -0.0101174
4.225 0 0 0 0 -0.00367388 -0.00367886 -0.00367674 -0.00367437 -0.00481503 -0.00481908 -0.00482138 -0.00482668 -0.00472604 -0.00473816 -0.00475016 -0.00476314
4.245 0 0 0 0 -0.00170967 -0.00171626 -0.00171348 -0.00170945 -0.000961932 -0.000965757 -0.000968163 -0.00097441 0.000286045 0.000273682 0.000261525 0.000248771
4.265 0 0 0 0 0.00100436 0.00100003 0.00100212 0.00100672 0.0028378 0.00283512 0.00283303 0.00282612 0.00430935 0.00429604 0.00428343 0.00427114
4.285 0 0 0 0 0.00434105 0.00434144 0.00434266 0.00434609 0.00646549 0.00646268 0.00646049 0.00645383 0.00749287 0.00747962 0.00746764 0.00745594
4.305 0 0 0 0 0.00756341 0.00756836 0.0075677 0.00756817 0.00972357 0.00972027 0.00971804 0.0097122 0.0102184 0.0102055 0.0101947 0.0101839
4.325 0 0 0 0 0.00973206 0.00974157 0.00974247 0.00974479 0.0123237 0.0123209 0.012319 0.0123131 0.0127525 0.012739 0.0127276 0.0127166
4.345 0 0 0 0 0.0104411 0.0104513 0.0104505 0.0104537 0.0140137 0.0140119 0.0140098 0.014003 0.0150743 0.015061 0.0150505 0.0150405
4.365 0 0 0 0 0.00972589 0.0097319 0.00973083 0.00973904 0.0144657 0.0144665 0.0144649 0.0144568 0.0166129 0.0165991 0.0165881 0.0165781
4.385 0 0 0 0 0.00831136 0.0083129 0.00831092 0.00832126 0.0136375 0.0136394 0.0136376 0.0136289 0.0166882 0.0166749 0.0166645 0.0166548
4.405 0 0 0 0 0.00708371 0.00708331 0.00708265 0.00709245 0.0118323 0.0118331 0.0118316 0.0118236 0.0149133 0.0149 0.014889 0.0148785
4.425 0 0 0 0 0.00634817 0.00634792 0.00634815 0.00635306 0.00943011 0.00942791 0.00942588 0.00941926 0.0113867 0.0113739 0.0113628 0.0113517
4.445 0 0 0 0 0.0057675 0.00576749 0.00576869 0.00576789 0.00670836 0.00670405 0.00670181 0.00669676 0.00685754 0.00684469 0.00683305 0.00682124
4.465 0 0 0 0 0.00462329 0.00462387 0.00462561 0.00462189 0.00369359 0.00368908 0.00368679 0.00368184 0.00232613 0.00231354 0.00230175 0.0022896
4.485 0 0 0 0 0.00243065 0.00243049 0.00243281 0.00242993 0.000397425 0.00039252 0.000390131 0.000385691 -0.00145233 -0.00146472 -0.00147674 -0.00148932
4.505 0 0 0 0 -0.000786808 -0.000788901 -0.000785471 -0.000780845 -0.00316915 -0.00317453 -0.003177 -0.00318158 -0.00446846 -0.00448042 -0.00449273 -0.00450606
4.525 0 0 0 0 -0.00441402 -0.00441629 -0.00441175 -0.00440362 -0.00671245 -0.00671738 -0.00671971 -0.00672425 -0.00719415 -0.0072059 -0.00721823 -0.00723189
4.545 0 0 0 0 -0.00714333 -0.00715257 -0.00715404 -0.00714547 -0.00971188 -0.00971611 -0.00971892 -0.00972394 -0.00992773 -0.00993818 -0.00994822 -0.00996067
4.565 0 0 0 0 -0.00808461 -0.008093 -0.00809618 -0.00808969 -0.011896 -0.0119007 -0.0119024 -0.0119051 -0.0127285 -0.012739 -0.0127503 -0.0127641
4.585 0 0 0 0 -0.00755336 -0.00755544 -0.0075577 -0.00755461 -0.0131265 -0.0131334 -0.0131352 -0.0131345 -0.0153669 -0.0153764 -0.0153868 -0.0154003
4.605 0 0 0 0 -0.00664168 -0.0066388 -0.00663907 -0.00663746 -0.0133928 -0.0134002 -0.0134021 -0.0134003 -0.01712 -0.0171296 -0.0171403 -0.0171541
4.625 0 0 0 0 -0.006192 -0.00618822 -0.00618764 -0.00618587 -0.0129084 -0.012915 -0.0129171 -0.0129163 -0.0171415 -0.0171516 -0.0171625 -0.0171758
4.645 0 0 0 0 -0.00638752 -0.00638777 -0.00638853 -0.00638644 -0.0120075 -0.0120136 -0.0120157 -0.0120163 -0.0152006 -0.0152108 -0.0152216 -0.015235
4.665 0 0 0 0 -0.00667699 -0.00668142 -0.00668298 -0.00667971 -0.0106532 -0.0106591 -0.0106611 -0.0106631 -0.0119144 -0.0119249 -0.011936 -0.0119495
4.685 0 0 0 0 -0.00614921 -0.00615677 -0.00615767 -0.00615315 -0.00848037 -0.00848567 -0.00848776 -0.00849106 -0.00828044 -0.00829113 -0.00830216 -0.00831555
4.705 0 0 0 0 -0.00419341 -0.00420012 -0.00419893 -0.00419526 -0.00533552 -0.00533959 -0.00534172 -0.00534664 -0.00494989 -0.00496159 -0.00497327 -0.0049863
4.725 0 0 0 0 -0.00107495 -0.00107955 -0.00107608 -0.00107309 -0.00164765 -0.00165119 -0.0016538 -0.00166038 -0.00196298 -0.00197565 -0.00198808 -0.00200092
4.745 0 0 0 0 0.00244076 0.00244083 0.00244385 0.00244352 0.00208699 0.00208336 0.00208102 0.00207498 0.0012257 0.0012126 0.00120001 0.00118743
4.765 0 0 0 0 0.00551835 0.00552229 0.00552512 0.00552466 0.00571181 0.00570695 0.00570442 0.0056993 0.00509797 0.00508535 0.00507371 0.00506173
4.785 0 0 0 0 0.00760746 0.00761475 0.00761691 0.007619 0.00926303 0.00925844 0.00925613 0.00925118 0.00961325 0.00960039 0.00958896 0.00957742
4.805 0 0 0 0 0.00888791 0.00889537 0.00889644 0.00890442 0.0127298 0.0127287 0.0127265 0.0127189 0.014378 0.0143647 0.0143537 0.0143434
4.825 0 0 0 0 0.0101321 0.0101392 0.0101378 0.0101501 0.0160002 0.0160027 0.0160009 0.0159917 0.0188864 0.0188727 0.0188621 0.0188527
4.845 0 0 0 0 0.0119987 0.0120079 0.0120051 0.0120181 0.0189879 0.0189918 0.0189905 0.0189815 0.0226489 0.0226351 0.0226248 0.0226158
4.865 0 0 0 0 0.0145295 0.0145426 0.0145382 0.0145475 0.021676 0.0216793 0.0216784 0.021671 0.0252993 0.0252856 0.0252756 0.0252667
4.885 0 0 0 0 0.0171603 0.0171773 0.0171723 0.0171785 0.0239506 0.0239532 0.0239525 0.0239458 0.0268161 0.026802 0.0267919 0.026783
4.905 0 0 0 0 0.0192463 0.0192668 0.0192622 0.019266 0.0255816 0.0255833 0.0255822 0.0255754 0.0276228 0.0276087 0.0275988 0.0275902
4.925 0 0 0 0 0.0203176 0.0203394 0.020335 0.0203379 0.0263774 0.0263784 0.0263773 0.0263711 0.0282024 0.0281882 0.028178 0.0281691
4.945 0 0 0 0 0.0201053 0.0201264 0.0201218 0.0201248 0.026346 0.0263468 0.0263457 0.0263399 0.0286367 0.0286228 0.0286129 0.028604
4.965 0 0 0 0 0.0186968 0.0187128 0.018708 0.0187142 0.0255084 0.0255109 0.02551 0.0255034 0.0285055 0.0284915 0.0284814 0.0284726
4.985 0 0 0 0 0.0166214 0.0166312 0.0166263 0.0166351 0.0236564 0.0236601 0.0236592 0.0236514 0.0271257 0.0271118 0.0271019 0.0270933
5.005 0 0 0 0 0.0145517 0.0145566 0.0145522 0.0145596 0.0206734 0.0206758 0.0206749 0.0206677 0.0240141 0.0240005 0.0239903 0.0239809
5.025 0 0 0 0 0.0128515 0.0128543 0.0128512 0.0128531 0.0168969 0.0168955 0.0168941 0.0168889 0.0192472 0.0192342 0.0192235 0.019213
5.045 0 0 0 0 0.0113876 0.0113895 0.0113882 0.0113844 0.0129154 0.0129104 0.0129086 0.0129054 0.0135383 0.0135256 0.0135144 0.0135027
5.065 0 0 0 0 0.00976968 0.00977014 0.00977021 0.00976398 0.00916419 0.00915927 0.00915741 0.00915418 0.00804886 0.00803629 0.00802468 0.0080126
5.085 0 0 0 0 0.00769114 0.00769247 0.0076937 0.00768826 0.00584161 0.00583615 0.00583396 0.00583067 0.00386358 0.00385129 0.00383967 0.00382743
5.105 0 0 0 0 0.00512844 0.00512768 0.00512961 0.00512772 0.00297235 0.00296679 0.00296467 0.00296128 0.00136079 0.00134845 0.00133605 0.00132296
5.125 0 0 0 0 0.00233397 0.00232984 0.00233241 0.00233559 0.00065346 0.000648142 0.000645897 0.000641886 8.30704e-05 7.08193e-05 5.82546e-05 4.48493e-05
5.145 0 0 0 0 -8.66991e-05 -9.44362e-05 -9.10471e-05 -8.30643e-05 -0.000940744 -0.000944869 -0.000947308 -0.000952929 -0.000692335 -0.000704995 -0.000717925 -0.000731326
5.165 0 0 0 0 -0.0014457 -0.00145531 -0.00145152 -0.00144114 -0.00184119 -0.00184432 -0.00184688 -0.0018537 -0.00144058 -0.0014536 -0.00146671 -0.00147993
5.185 0 0 0 0 -0.00135052 -0.00135918 -0.00135535 -0.00134537 -0.00218413 -0.00218738 -0.00218994 -0.00219662 -0.00218976 -0.00220265 -0.00221566 -0.00222889
5.205 0 0 0 0 2.63557e-05 2.20144e-05 2.55065e-05 3.13305e-05 -0.00182742 -0.00183251 -0.00183489 -0.00183962 -0.0025766 -0.00258901 -0.00260191 -0.00261549
5.225 0 0 0 0 0.00181745 0.00181634 0.00181954 0.00182128 -0.000624807 -0.0006307 -0.000632954 -0.000636668 -0.00217458 -0.00218694 -0.00219985 -0.00221343
5.245 0 0 0 0 0.00318089 0.00317945 0.00318242 0.00318349 0.00126741 0.00126259 0.00126023 0.0012553 -0.000567086 -0.000579771 -0.00059231 -0.00060513
5.265 0 0 0 0 0.00389002 0.00388678 0.00388999 0.00389388 0.00343158 0.00342828 0.00342586 0.00341938 0.00239417 0.00238086 0.0023682 0.00235578
5.285 0 0 0 0 0.00428444 0.00427983 0.00428251 0.00428929 0.00551981 0.00551645 0.00551426 0.00550804 0.00618404 0.00617081 0.00615839 0.00614618
5.305 0 0 0 0 0.00494306 0.00493838 0.00494045 0.00495031 0.00759133 0.00758862 0.00758662 0.00758028 0.00979831 0.00978527 0.00977307 0.00976103
5.325 0 0 0 0 0.00631629 0.00631359 0.00631487 0.00632648 0.00991771 0.00991654 0.0099146 0.00990736 0.0124753 0.0124621 0.0124504 0.0124391
5.345 0 0 0 0 0.00842021 0.00842052 0.00841989 0.00842977 0.0123357 0.0123358 0.012334 0.0123258 0.0141413 0.0141276 0.0141163 0.0141057
5.365 0 0 0 0 0.0108166 0.0108226 0.0108208 0.0108258 0.0144312 0.0144304 0.0144286 0.0144213 0.0153676 0.0153538 0.0153428 0.0153326
5.385 0 0 0 0 0.0126707 0.0126814 0.0126792 0.0126803 0.01593 0.0159275 0.0159257 0.0159203 0.0166516 0.0166381 0.016627 0.0166165
5.405 0 0 0 0 0.0133243 0.0133359 0.013333 0.0133334 0.0169047 0.0169021 0.0169005 0.0168956 0.0180659 0.0180525 0.0180416 0.0180311
5.425 0 0 0 0 0.0126356 0.0126439 0.0126407 0.0126459 0.0173029 0.0173029 0.0173015 0.0172946 0.0192032 0.0191895 0.0191787 0.0191687
5.445 0 0 0 0 0.0111734 0.0111761 0.0111724 0.0111822 0.0167885 0.0167913 0.01679 0.0167811 0.0194609 0.0194469 0.0194363 0.0194269
5.465 0 0 0 0 0.00958308 0.00958222 0.0095791 0.00958924 0.0149677 0.01497 0.0149686 0.0149603 0.0180821 0.0180685 0.0180577 0.0180478
5.485 0 0 0 0 0.00800317 0.00800083 0.0079992 0.00800508 0.0118121 0.011811 0.0118095 0.0118031 0.0144557 0.0144427 0.0144314 0.0144204
5.505 0 0 0 0 0.00614556 0.00614177 0.00614193 0.00614271 0.00760506 0.00760066 0.00759865 0.00759392 0.00865622 0.00864342 0.0086316 0.00861956
5.525 0 0 0 0 0.00350981 0.00350618 0.00350751 0.00350654 0.00242786 0.00242405 0.00242208 0.00241711 0.00144212 0.00142919 0.00141661 0.00140386
5.545 0 0 0 0 -0.000342851 -0.000344307 -0.000341476 -0.000336241 -0.0037392 -0.00374439 -0.00374668 -0.00375069 -0.00616962 -0.00618171 -0.00619419 -0.00620748
5.565 0 0 0 0 -0.00558054 -0.00557578 -0.00557057 -0.00556426 -0.0107198 -0.0107262 -0.0107283 -0.0107296 -0.0135108 -0.0135219 -0.0135344 -0.0135487
5.585 0 0 0 0 -0.0114788 -0.0114828 -0.0114844 -0.0114723 -0.0179763 -0.0179828 -0.017986 -0.0179869 -0.0204659 -0.0204747 -0.0204837 -0.0204967
5.605 0 0 0 0 -0.0167547 -0.0167647 -0.0167751 -0.0167734 -0.0245389 -0.0245467 -0.0245473 -0.0245416 -0.0269553 -0.0269628 -0.0269723 -0.0269872
5.625 0 0 0 0 -0.0210294 -0.0210328 -0.0210372 -0.0210278 -0.029322 -0.0293291 -0.0293298 -0.0293257 -0.0326042 -0.032613 -0.0326236 -0.0326382
5.645 0 0 0 0 -0.0238785 -0.0238908 -0.0238972 -0.0238874 -0.0322691 -0.0322724 -0.0322729 -0.0322706 -0.0365666 -0.0365751 -0.0365849 -0.0365991
5.665 0 0 0 0 -0.024913 -0.0249201 -0.0249239 -0.0249122 -0.0336623 -0.0336669 -0.0336682 -0.0336657 -0.0380161 -0.0380251 -0.0380355 -0.0380498
5.685 0 0 0 0 -0.0240885 -0.024095 -0.024101 -0.0240937 -0.0331252 -0.033133 -0.0331343 -0.033129 -0.0367338 -0.0367413 -0.036751 -0.0367661
5.705 0 0 0 0 -0.0217684 -0.0217722 -0.0217776 -0.0217746 -0.0299132 -0.0299216 -0.0299229 -0.0299177 -0.0330245 -0.0330328 -0.033043 -0.033058
5.725 0 0 0 0 -0.0187528 -0.0187608 -0.018766 -0.0187658 -0.024457 -0.0244616 -0.0244629 -0.0244629 -0.0274447 -0.0274545 -0.0274651 -0.0274787
5.745 0 0 0 0 -0.0156554 -0.015665 -0.0156673 -0.0156675 -0.0184429 -0.0184443 -0.0184458 -0.0184514 -0.020605 -0.0206171 -0.0206285 -0.0206411
5.765 0 0 0 0 -0.0124646 -0.0124719 -0.0124718 -0.0124737 -0.0129664 -0.0129688 -0.0129709 -0.012977 -0.0131331 -0.0131455 -0.0131573 -0.0131698
5.785 0 0 0 0 -0.00914514 -0.00914516 -0.00914161 -0.00914052 -0.00796822 -0.00797356 -0.00797574 -0.00798022 -0.00616227 -0.00617475 -0.00618767 -0.00620112
5.805 0 0 0 0 -0.00561559 -0.00561105 -0.00560678 -0.005601 -0.00298837 -0.00299256 -0.00299493 -0.00300126 -0.000645298 -0.000658581 -0.000671739 -0.000684468
5.825 0 0 0 0 -0.00170756 -0.00169728 -0.00169195 -0.00168344 0.00180813 0.00180653 0.00180435 0.00179532 0.00337853 0.00336356 0.00334961 0.00333764
5.845 0 0 0 0 0.00251532 0.00253018 0.00253599 0.00254228 0.0056793 0.00567688 0.00567456 0.00566586 0.00647798 0.00646268 0.00644858 0.00643669
5.865 0 0 0 0 0.00635813 0.00637196 0.00637912 0.00638523 0.0083232 0.00831786 0.00831586 0.00831071 0.00898521 0.0089704 0.00895555 0.00894225
5.885 0 0 0 0 0.00877916 0.0087912 0.00879245 0.00879126 0.0102681 0.0102609 0.0102578 0.010254 0.0109201 0.0109085 0.0108984 0.0108872
5.905 0 0 0 0 0.00921049 0.00922248 0.00922711 0.00923399 0.011731 0.0117273 0.0117252 0.011719 0.0122533 0.0122392 0.0122265 0.0122148
5.925 0 0 0 0 0.00809442 0.00810449 0.00810856 0.00812093 0.0121147 0.0121145 0.0121112 0.0121002 0.0130804 0.0130665 0.0130556 0.0130461
5.945 0 0 0 0 0.00655752 0.00656598 0.00657078 0.00658407 0.0110241 0.0110238 0.0110215 0.011012 0.0132749 0.0132605 0.013248 0.0132373
5.965 0 0 0 0 0.00525264 0.00526012 0.0052647 0.00527371 0.0089402 0.00893616 0.00893372 0.00892783 0.0120637 0.0120506 0.012038 0.0120257
5.985 0 0 0 0 0.00415891 0.00416457 0.0041692 0.00417487 0.00662407 0.00661859 0.0066162 0.00661084 0.00885839 0.00884533 0.00883261 0.00882014
6.005 0 0 0 0 0.00303317 0.00303676 0.00304225 0.00304596 0.00407664 0.00407241 0.00406981 0.0040632 0.00412196 0.0041081 0.00409475 0.00408218
6.025 0 0 0 0 0.00162085 0.00162329 0.0016283 0.00162904 0.000765708 0.000761831 0.000759225 0.000752529 -0.000866159 -0.00087962 -0.000892647 -0.000905237
6.045 0 0 0 0 -0.00055537 -0.000551576 -0.000546841 -0.000547193 -0.00329706 -0.00330395 -0.00330676 -0.00331013 -0.00521187 -0.00522415 -0.00523705 -0.00525064
6.065 0 0 0 0 -0.00377056 -0.0037679 -0.00376301 -0.00375889 -0.00734024 -0.00734854 -0.00735083 -0.00735232 -0.00881463 -0.00882627 -0.0088399 -0.00885496
6.085 0 0 0 0 -0.00769634 -0.00769585 -0.00769194 -0.00768697 -0.0108292 -0.010835 -0.0108371 -0.0108403 -0.0120223 -0.0120339 -0.0120464 -0.0120603
6.105 0 0 0 0 -0.0112207 -0.011228 -0.0112278 -0.0112219 -0.0139369 -0.0139399 -0.0139418 -0.0139466 -0.015014 -0.0150254 -0.0150366 -0.0150495
6.125 0 0 0 0 -0.0133905 -0.0133987 -0.0134009 -0.013396 -0.0168453 -0.0168491 -0.0168505 -0.0168533 -0.0178089 -0.0178201 -0.0178319 -0.0178458
6.145 0 0 0 0 -0.0139911 -0.0139949 -0.0139963 -0.0139916 -0.0190506 -0.0190576 -0.0190594 -0.0190588 -0.0204086 -0.0204183 -0.0204291 -0.0204433
6.165 0 0 0 0 -0.0135581 -0.0135589 -0.0135609 -0.0135598 -0.0199411 -0.0199487 -0.0199501 -0.0199471 -0.022549 -0.0225583 -0.0225694 -0.022584
6.185 0 0 0 0 -0.0127952 -0.0127946 -0.0127964 -0.0127963 -0.0195403 -0.0195462 -0.0195477 -0.0195459 -0.0234902 -0.0235002 -0.023511 -0.0235247
6.205 0 0 0 0 -0.0120411 -0.0120416 -0.0120432 -0.0120437 -0.0183196 -0.0183247 -0.0183262 -0.0183256 -0.0223621 -0.0223723 -0.0223833 -0.0223969
6.225 0 0 0 0 -0.0113279 -0.0113283 -0.0113291 -0.0113297 -0.0164864 -0.0164926 -0.0164944 -0.0164941 -0.0190864 -0.019097 -0.0191084 -0.0191222
6.245 0 0 0 0 -0.0104379 -0.0104412 -0.0104412 -0.0104413 -0.0137403 -0.0137468 -0.0137488 -0.0137502 -0.0144889 -0.0144994 -0.0145108 -0.0145249
6.265 0 0 0 0 -0.0090792 -0.0090851 -0.00908368 -0.00908231 -0.0101153 -0.0101192 -0.0101213 -0.010126 -0.00977349 -0.00978552 -0.00979762 -0.00981085
6.285 0 0 0 0 -0.00688537 -0.0068919 -0.00688889 -0.0068853 -0.006257 -0.00625949 -0.00626179 -0.00626873 -0.00563575 -0.00564854 -0.00566091 -0.00567353
6.305 0 0 0 0 -0.00382072 -0.00382242 -0.00381833 -0.0038145 -0.00277802 -0.00278118 -0.00278338 -0.00279006 -0.00214955 -0.00216317 -0.00217651 -0.00218932
6.325 0 0 0 0 -0.000428952 -0.000423818 -0.000418852 -0.000418757 0.000316813 0.000311336 0.000308918 0.000304296 0.000818182 0.000804776 0.000791153 0.000777769
6.345 0 0 0 0 0.00265238 0.0026627 0.00266822 0.0026667 0.0033816 0.00337537 0.00337282 0.00336859 0.00354394 0.00353029 0.00351649 0.00350318
6.365 0 0 0 0 0.00505242 0.00506441 0.00507078 0.00507315 0.00641231 0.00640744 0.00640526 0.00639984 0.0063734 0.00635871 0.00634406 0.00633087
6.385 0 0 0 0 0.00653694 0.00654942 0.00655447 0.00655967 0.00890459 0.00890058 0.00889731 0.00888954 0.00933708 0.00932345 0.00931155 0.00930044
6.405 0 0 0 0 0.00710227 0.00711503 0.0071211 0.0071311 0.0105179 0.0105148 0.0105122 0.0105045 0.0120333 0.012019 0.0120061 0.0119947
6.425 0 0 0 0 0.00697953 0.00699242 0.00699823 0.00701045 0.011287 0.0112847 0.011282 0.0112738 0.0137801 0.0137663 0.0137541 0.0137431
6.445 0 0 0 0 0.00670596 0.00671839 0.00672462 0.00673863 0.0114481 0.011447 0.0114446 0.0114357 0.0141652 0.0141509 0.0141384 0.0141274
6.465 0 0 0 0 0.00674021 0.0067524 0.00675847 0.00677175 0.0111102 0.0111088 0.0111063 0.0110972 0.0132866 0.0132722 0.0132595 0.0132485
6.485 0 0 0 0 0.00700699 0.00701983 0.00702577 0.00703473 0.0102606 0.0102573 0.0102545 0.0102464 0.0115698 0.0115557 0.0115434 0.0115322
6.505 0 0 0 0 0.00680568 0.00681829 0.00682437 0.00682938 0.00881386 0.0088088 0.00880605 0.00879989 0.00933802 0.00932413 0.00931117 0.00929911
6.525 0 0 0 0 0.00563351 0.00564493 0.0056511 0.00565315 0.00687467 0.006869 0.00686611 0.00686041 0.00695492 0.00694128 0.00692841 0.00691617
6.545 0 0 0 0 0.00351258 0.00352095 0.00352777 0.00353001 0.00447869 0.00447323 0.00447059 0.00446496 0.00458257 0.00456846 0.00455445 0.00454142
6.565 0 0 0 0 0.00112506 0.00112924 0.00113581 0.00113932 0.00188847 0.001883 0.00188018 0.00187436 0.00234323 0.00232971 0.00231633 0.00230341
6.585 0 0 0 0 -0.000730792 -0.000728779 -0.000722305 -0.000718416 -0.00038325 -0.000389103 -0.000391886 -0.000397224 0.000276832 0.000263574 0.000250084 0.000236782
6.605 0 0 0 0 -0.00179675 -0.00179543 -0.00178864 -0.00178442 -0.00206651 -0.00207203 -0.00207466 -0.00207975 -0.00176598 -0.00177944 -0.00179357 -0.00180746
6.625 0 0 0 0 -0.00278527 -0.00278487 -0.00277875 -0.00277471 -0.00377966 -0.00378475 -0.00378761 -0.00379343 -0.00429291 -0.00430596 -0.00431927 -0.0043326
6.645 0 0 0 0 -0.00383116 -0.00383017 -0.0038238 -0.00381877 -0.0056719 -0.00567692 -0.00567944 -0.00568495 -0.00688358 -0.00689682 -0.00691082 -0.00692471
6.665 0 0 0 0 -0.00460207 -0.00459946 -0.00459346 -0.00458911 -0.00725471 -0.00726114 -0.00726379 -0.00726784 -0.00869952 -0.00871194 -0.00872528 -0.00873924
6.685 0 0 0 0 -0.00514248 -0.00513884 -0.00513285 -0.00512887 -0.00815681 -0.00816423 -0.00816689 -0.00816984 -0.00952472 -0.00953664 -0.00954974 -0.00956394
6.705 0 0 0 0 -0.00554648 -0.00554321 -0.00553717 -0.00553291 -0.00826259 -0.00826931 -0.00827191 -0.0082756 -0.00951086 -0.00952307 -0.00953634 -0.00955044
6.725 0 0 0 0 -0.0057838 -0.00578283 -0.00577721 -0.00577212 -0.00788656 -0.00789216 -0.00789499 -0.00790009 -0.00894242 -0.00895472 -0.00896748 -0.00898093
6.745 0 0 0 0 -0.0056576 -0.00565691 -0.00565107 -0.00564603 -0.00734901 -0.00735427 -0.00735692 -0.00736217 -0.00803083 -0.00804353 -0.00805684 -0.00807055
6.765 0 0 0 0 -0.00506013 -0.00505918 -0.00505327 -0.00504868 -0.00665038 -0.00665658 -0.00665947 -0.00666413 -0.00700626 -0.00701859 -0.0070316 -0.0070453
6.785 0 0 0 0 -0.00392706 -0.00392563 -0.00391932 -0.00391569 -0.00539464 -0.00540068 -0.00540331 -0.00540787 -0.00580022 -0.00581303 -0.00582677 -0.00584083
6.805 0 0 0 0 -0.00228057 -0.00227848 -0.00227225 -0.00227005 -0.0033584 -0.00336367 -0.00336639 -0.00337181 -0.00407767 -0.00409087 -0.00410452 -0.00411807
6.825 0 0 0 0 -0.000183335 -0.00017903 -0.00017287 -0.000171862 -0.000655756 -0.000660783 -0.000663603 -0.000669402 -0.00140775 -0.00142117 -0.00143462 -0.00144773
6.845 0 0 0 0 0.002145 0.00215235 0.00215873 0.00215954 0.00249367 0.00248812 0.00248548 0.00248049 0.00230774 0.0022939 0.00227992 0.0022666
6.865 0 0 0 0 0.00446423 0.00447505 0.00448087 0.00448275 0.00598633 0.00598045 0.00597786 0.00597289 0.00670607 0.00669223 0.00667859 0.00666571
6.885 0 0 0 0 0.00688557 0.00689754 0.00690315 0.00691102 0.00992323 0.00991918 0.00991663 0.00990982 0.0114335 0.0114195 0.0114066 0.0113949
6.905 0 0 0 0 0.0095238 0.00953511 0.00953716 0.0095473 0.0141129 0.0141122 0.01411 0.0141015 0.0161518 0.0161379 0.0161266 0.0161165
6.925 0 0 0 0 0.0120463 0.0120577 0.0120578 0.0120702 0.0177778 0.0177795 0.0177779 0.017769 0.0202327 0.0202184 0.0202072 0.0201975
6.945 0 0 0 0 0.0138835 0.0138964 0.0138944 0.0139048 0.0201473 0.0201493 0.0201477 0.0201391 0.0229539 0.0229398 0.0229293 0.0229201
6.965 0 0 0 0 0.014654 0.0146689 0.0146679 0.0146788 0.0209668 0.0209683 0.0209666 0.0209586 0.0238975 0.0238834 0.0238726 0.0238632
6.985 0 0 0 0 0.014364 0.0143778 0.0143762 0.014386 0.0204297 0.0204311 0.0204294 0.0204213 0.0231274 0.0231133 0.0231026 0.0230932
7.005 0 0 0 0 0.0131378 0.0131491 0.0131484 0.013158 0.0186144 0.0186154 0.0186135 0.018605 0.0208809 0.0208669 0.0208561 0.0208466
7.025 0 0 0 0 0.0111532 0.0111608 0.0111611 0.0111685 0.0154827 0.015482 0.01548 0.0154722 0.0173411 0.0173272 0.017316 0.0173057
7.045 0 0 0 0 0.00859973 0.00860605 0.00860928 0.00861344 0.0112641 0.0112598 0.0112573 0.0112512 0.0126591 0.0126458 0.012634 0.0126226
7.065 0 0 0 0 0.0057567 0.0057603 0.00576471 0.0057646 0.00656974 0.00656345 0.00656099 0.0065569 0.00718113 0.00716789 0.00715481 0.00714189
7.085 0 0 0 0 0.00278917 0.00279084 0.00279552 0.00279543 0.00194454 0.00193879 0.0019364 0.0019322 0.00144827 0.0014351 0.00142164 0.00140817
7.105 0 0 0 0 -0.000399062 -0.00039869 -0.00039422 -0.000391566 -0.00251778 -0.00252343 -0.00252602 -0.00253078 -0.00400695 -0.00401969 -0.00403292 -0.00404645
7.125 0 0 0 0 -0.00382789 -0.00382808 -0.00382249 -0.00381453 -0.0068814 -0.00688717 -0.00688952 -0.00689384 -0.00873825 -0.008751 -0.00876516 -0.00877965
7.145 0 0 0 0 -0.00718622 -0.00718333 -0.00717851 -0.0071727 -0.010812 -0.0108185 -0.0108208 -0.0108235 -0.0124627 -0.0124743 -0.0124871 -0.0125013
7.165 0 0 0 0 -0.00983215 -0.00983385 -0.00983365 -0.00983077 -0.0137561 -0.0137629 -0.0137651 -0.0137665 -0.0151287 -0.015139 -0.01515 -0.0151635
7.185 0 0 0 0 -0.0112139 -0.011215 -0.0112146 -0.0112113 -0.0152994 -0.0153054 -0.0153071 -0.0153084 -0.0167229 -0.0167339 -0.0167461 -0.0167603
7.205 0 0 0 0 -0.0110346 -0.0110365 -0.0110373 -0.0110349 -0.0153733 -0.0153796 -0.0153819 -0.0153831 -0.0171792 -0.0171895 -0.0172003 -0.0172137
7.225 0 0 0 0 -0.00970377 -0.00970305 -0.00970318 -0.00970338 -0.0142208 -0.0142272 -0.0142289 -0.0142294 -0.0164206 -0.0164315 -0.0164434 -0.0164574
7.245 0 0 0 0 -0.00789033 -0.00788745 -0.00788524 -0.00788498 -0.0120468 -0.0120538 -0.0120561 -0.0120576 -0.0143389 -0.0143499 -0.0143616 -0.0143752
7.265 0 0 0 0 -0.00592389 -0.00592233 -0.0059188 -0.00591882 -0.00886863 -0.00887463 -0.00887691 -0.00888025 -0.0107014 -0.0107133 -0.0107259 -0.0107396
7.285 0 0 0 0 -0.00376657 -0.00376738 -0.00376348 -0.00376322 -0.00480955 -0.00481384 -0.00481618 -0.00482165 -0.00558276 -0.00559599 -0.00560948 -0.00562291
7.305 0 0 0 0 -0.00124625 -0.00124513 -0.00124113 -0.00123857 -0.000211438 -0.00021577 -0.000218183 -0.000224009 0.000416848 0.000403574 0.000390557 0.000377758
7.325 0 0 0 0 0.00180717 0.00181393 0.00181827 0.00182408 0.0045736 0.00456995 0.00456794 0.00456145 0.00640726 0.00639304 0.00637923 0.00636661
7.345 0 0 0 0 0.00537143 0.00538294 0.00538884 0.00539831 0.00930346 0.0093011 0.00929895 0.00929156 0.0116233 0.0116087 0.0115951 0.0115831
7.365 0 0 0 0 0.00906553 0.009076 0.00907803 0.00908858 0.0135843 0.0135833 0.0135807 0.0135723 0.0156854 0.0156718 0.0156607 0.0156505
7.385 0 0 0 0 0.0123666 0.0123808 0.0123831 0.0123936 0.0170976 0.0170973 0.0170952 0.0170869 0.0187828 0.0187688 0.0187577 0.0187478
7.405 0 0 0 0 0.0148188 0.0148327 0.0148299 0.0148361 0.019688 0.0196878 0.0196863 0.0196792 0.0212669 0.0212526 0.0212414 0.0212314
7.425 0 0 0 0 0.0160264 0.0160449 0.0160452 0.0160534 0.0213039 0.0213034 0.0213014 0.0212939 0.0232384 0.0232246 0.0232141 0.0232046
7.445 0 0 0 0 0.0157262 0.0157414 0.01574 0.0157499 0.0216914 0.0216926 0.0216911 0.0216833 0.024207 0.0241928 0.0241817 0.0241722
7.465 0 0 0 0 0.0140776 0.0140887 0.0140884 0.0141022 0.0205276 0.0205303 0.0205284 0.0205188 0.023556 0.023542 0.0235316 0.0235225
7.485 0 0 0 0 0.0118775 0.0118835 0.0118835 0.0118969 0.0177656 0.0177676 0.0177659 0.0177567 0.0209367 0.0209227 0.0209116 0.0209019
7.505 0 0 0 0 0.00981155 0.00981664 0.00981917 0.00982828 0.0138562 0.0138542 0.0138519 0.0138446 0.0164094 0.0163961 0.0163846 0.0163737
7.525 0 0 0 0 0.00784017 0.00784356 0.00784763 0.00784996 0.00934422 0.00933838 0.0093358 0.00933099 0.0103404 0.0103273 0.0103149 0.0103026
7.545 0 0 0 0 0.00556987 0.0055725 0.00557683 0.00557559 0.00463731 0.00463172 0.00462939 0.00462504 0.00366968 0.00365656 0.00364329 0.00363003
7.565 0 0 0 0 0.00258449 0.00258733 0.00259159 0.00259116 -0.00015022 -0.000156185 -0.000158709 -0.000162631 -0.00249373 -0.00250649 -0.00251963 -0.00253297
7.585 0 0 0 0 -0.00128793 -0.0012856 -0.00128067 -0.00127518 -0.00500181 -0.00500851 -0.00501087 -0.00501389 -0.00747165 -0.00748386 -0.00749757 -0.00751203
7.605 0 0 0 0 -0.00601496 -0.00601015 -0.00600288 -0.00599617 -0.00976607 -0.00977334 -0.00977563 -0.00977807 -0.0114603 -0.0114725 -0.0114868 -0.011502
7.625 0 0 0 0 -0.0109581 -0.0109654 -0.0109708 -0.0109691 -0.0142843 -0.01429 -0.0142922 -0.0142949 -0.0151771 -0.0151871 -0.015197 -0.0152097
7.645 0 0 0 0 -0.0149904 -0.014996 -0.0149963 -0.0149888 -0.018391 -0.0183956 -0.0183969 -0.0183997 -0.01903 -0.0190411 -0.0190532 -0.0190675
7.665 0 0 0 0 -0.017278 -0.017285 -0.0172861 -0.0172754 -0.0218471 -0.0218521 -0.021854 -0.021856 -0.0230557 -0.023066 -0.0230769 -0.0230906
7.685 0 0 0 0 -0.0178097 -0.0178137 -0.0178149 -0.0178079 -0.0242988 -0.0243057 -0.0243073 -0.0243056 -0.0268047 -0.0268137 -0.0268242 -0.0268387
7.705 0 0 0 0 -0.0173495 -0.0173488 -0.0173513 -0.017348 -0.0254816 -0.025489 -0.0254904 -0.0254865 -0.0294951 -0.0295044 -0.0295154 -0.0295299
7.725 0 0 0 0 -0.0168514 -0.0168509 -0.0168551 -0.0168547 -0.025512 -0.0255196 -0.0255211 -0.0255165 -0.0303759 -0.0303843 -0.0303942 -0.0304084
7.745 0 0 0 0 -0.0167902 -0.0167901 -0.0167931 -0.0167909 -0.0246639 -0.0246702 -0.0246715 -0.0246685 -0.0290355 -0.0290452 -0.0290563 -0.0290704
7.765 0 0 0 0 -0.0167939 -0.0167985 -0.0168017 -0.0167975 -0.0230174 -0.0230238 -0.0230255 -0.0230245 -0.0257482 -0.0257575 -0.0257678 -0.0257818
7.785 0 0 0 0 -0.0162422 -0.0162484 -0.0162492 -0.0162425 -0.0205472 -0.020553 -0.0205548 -0.0205563 -0.0215298 -0.0215402 -0.0215517 -0.0215658
7.805 0 0 0 0 -0.0144528 -0.0144614 -0.0144624 -0.0144578 -0.0171263 -0.0171313 -0.0171333 -0.0171366 -0.017272 -0.0172827 -0.0172939 -0.0173074
7.825 0 0 0 0 -0.0112779 -0.0112837 -0.011283 -0.0112828 -0.01288 -0.0128841 -0.0128862 -0.0128909 -0.0132236 -0.0132354 -0.0132473 -0.0132604
7.845 0 0 0 0 -0.00726775 -0.00726898 -0.00726558 -0.00726698 -0.00820574 -0.00820983 -0.00821247 -0.00821852 -0.00904944 -0.00906217 -0.00907473 -0.00908764
7.865 0 0 0 0 -0.00341529 -0.00341163 -0.00340734 -0.00340948 -0.00370094 -0.00370525 -0.0037075 -0.00371307 -0.00452022 -0.00453399 -0.00454793 -0.00456136
7.885 0 0 0 0 -0.000337415 -0.000328964 -0.00032424 -0.000326039 0.000313372 0.000308061 0.000305755 0.000301222 0.000281877 0.000268019 0.000254094 0.00024083
7.905 0 0 0 0 0.00188714 0.00189973 0.00190516 0.00190658 0.00384221 0.00383666 0.00383444 0.00382939 0.00490439 0.00489019 0.00487602 0.00486295
7.925 0 0 0 0 0.0034886 0.003504 0.00351011 0.00351598 0.00686949 0.00686565 0.00686345 0.00685667 0.0087365 0.00872159 0.00870722 0.00869472
7.945 0 0 0 0 0.00486797 0.00488376 0.0048912 0.00490205 0.00918992 0.00918816 0.009186 0.0091777 0.0113823 0.011367 0.0113529 0.0113411
7.965 0 0 0 0 0.00617421 0.00618965 0.00619618 0.00620798 0.0105539 0.0105521 0.0105494 0.0105405 0.0126944 0.0126798 0.012667 0.012656
7.985 0 0 0 0 0.00718566 0.00719968 0.00720605 0.00721671 0.0109374 0.0109345 0.0109318 0.0109239 0.012727 0.0127128 0.0127003 0.0126891
8.005 0 0 0 0 0.00749765 0.00751099 0.0075161 0.00752373 0.0104997 0.0104955 0.0104927 0.0104856 0.011713 0.0116993 0.0116872 0.0116758
8.025 0 0 0 0 0.00685539 0.006868 0.00687387 0.00688039 0.00935995 0.00935589 0.00935326 0.00934617 0.0100473 0.0100332 0.0100206 0.0100092
8.045 0 0 0 0 0.00545143 0.00546243 0.00546852 0.00547396 0.00761718 0.00761289 0.00761015 0.00760322 0.00818651 0.00817242 0.00815941 0.00814747
8.065 0 0 0 0 0.00377818 0.00378721 0.00379362 0.00379747 0.00551767 0.00551239 0.00550981 0.00550391 0.00634951 0.00633548 0.00632192 0.00630937
8.085 0 0 0 0 0.00224202 0.00224859 0.00225505 0.00225805 0.00346062 0.00345439 0.00345177 0.00344684 0.00443689 0.00442329 0.00440959 0.00439644
8.105 0 0 0 0 0.00102735 0.00103182 0.00103804 0.00104078 0.00173716 0.00173119 0.00172843 0.00172322 0.00234291 0.00232952 0.00231615 0.00230312
8.125 0 0 0 0 -3.40988e-05 -3.08892e-05 -2.44204e-05 -2.16316e-05 8.46342e-05 7.96162e-05 7.69522e-05 7.12871e-05 8.61787e-07 -1.2912e-05 -2.68005e-05 -4.00532e-05
8.145 0 0 0 0 -0.0010315 -0.00102895 -0.00102275 -0.00102043 -0.00170761 -0.00171269 -0.00171539 -0.00172101 -0.00230805 -0.00232143 -0.00233501 -0.0023483
8.165 0 0 0 0 -0.00201403 -0.0020114 -0.00200538 -0.00200365 -0.00346669 -0.00347269 -0.00347531 -0.00347997 -0.00424742 -0.00426046 -0.0042741 -0.00428781
8.185 0 0 0 0 -0.00299394 -0.00299155 -0.00298558 -0.00298278 -0.00481584 -0.00482217 -0.00482464 -0.00482882 -0.00564129 -0.00565416 -0.00566803 -0.00568213
8.205 0 0 0 0 -0.00384489 -0.00384343 -0.00383746 -0.00383349 -0.00555819 -0.00556393 -0.00556657 -0.00557151 -0.00641558 -0.00642847 -0.00644207 -0.00645585
8.225 0 0 0 0 -0.00416729 -0.00416637 -0.00416042 -0.00415609 -0.0056389 -0.00564417 -0.00564685 -0.00565231 -0.00640265 -0.00641565 -0.00642919 -0.00644282
8.245 0 0 0 0 -0.00374453 -0.00374359 -0.0037376 -0.00373369 -0.00509372 -0.00509935 -0.00510204 -0.00510714 -0.00561888 -0.00563183 -0.00564544 -0.00565919
8.265 0 0 0 0 -0.0027956 -0.0027939 -0.00278766 -0.00278476 -0.00396271 -0.00396859 -0.00397116 -0.00397587 -0.00432474 -0.0043379 -0.00435188 -0.00436584
8.285 0 0 0 0 -0.00179415 -0.00179202 -0.00178585 -0.00178328 -0.00251239 -0.00251787 -0.00252062 -0.00252595 -0.00288916 -0.00290241 -0.00291606 -0.00292957
8.305 0 0 0 0 -0.000874628 -0.00087172 -0.000865371 -0.000862547 -0.00103401 -0.00103892 -0.00104161 -0.00104745 -0.00135079 -0.00136449 -0.00137836 -0.00139167
8.325 0 0 0 0 -3.40635e-05 -3.01924e-05 -2.39082e-05 -2.12485e-05 0.000233827 0.000228662 0.00022599 0.000220439 0.000267502 0.0002538 0.000239962 0.000226709
8.345 0 0 0 0 0.000792201 0.000797214 0.000803377 0.00080573 0.00139649 0.00139062 0.00138798 0.00138306 0.00187451 0.00186096 0.00184724 0.00183397
8.365 0 0 0 0 0.0017945 0.00180094 0.00180707 0.00180968 0.00281828 0.00281244 0.00280991 0.00280497 0.00349229 0.00347851 0.00346461 0.00345136
8.385 0 0 0 0 0.00313987 0.00314807 0.00315393 0.00315722 0.00465719 0.00465208 0.00464953 0.00464375 0.00527051 0.00525647 0.00524275 0.00522999
8.405 0 0 0 0 0.00482607 0.00483614 0.00484221 0.00484704 0.00677675 0.00677227 0.00676985 0.00676361 0.00738009 0.00736571 0.00735194 0.00733946
8.425 0 0 0 0 0.00664075 0.00665202 0.00665727 0.00666324 0.00903019 0.00902568 0.00902287 0.00901621 0.00987523 0.00986149 0.00984902 0.00983738
8.445 0 0 0 0 0.00847083 0.00848212 0.00848567 0.00849237 0.011536 0.0115323 0.0115298 0.0115234 0.0127882 0.0127745 0.0127625 0.0127513
8.465 0 0 0 0 0.0102491 0.0102601 0.0102615 0.0102696 0.0143269 0.0143253 0.0143232 0.0143159 0.0160018 0.015988 0.0159764 0.0159659
8.485 0 0 0 0 0.0119615 0.011973 0.0119722 0.0119811 0.0171485 0.0171491 0.0171473 0.0171391 0.0192602 0.0192463 0.0192354 0.0192258
8.505 0 0 0 0 0.0135714 0.0135846 0.0135832 0.0135939 0.0196258 0.0196277 0.0196262 0.0196178 0.0222244 0.0222101 0.0221991 0.0221896
8.525 0 0 0 0 0.0149282 0.0149431 0.0149407 0.0149504 0.0214739 0.021476 0.0214745 0.0214664 0.0244603 0.0244463 0.0244359 0.0244269
8.545 0 0 0 0 0.0158705 0.0158865 0.0158842 0.0158945 0.0225965 0.0225987 0.0225973 0.0225895 0.0256574 0.0256431 0.0256324 0.0256232
8.565 0 0 0 0 0.0163033 0.0163202 0.0163177 0.0163272 0.0229672 0.0229694 0.022968 0.0229598 0.0257884 0.0257742 0.0257639 0.025755
8.585 0 0 0 0 0.016075 0.0160915 0.0160895 0.0160987 0.0224251 0.0224271 0.0224256 0.0224174 0.0249341 0.0249198 0.0249091 0.0249001
8.605 0 0 0 0 0.0150843 0.0150986 0.0150968 0.0151048 0.0208594 0.0208605 0.0208589 0.020851 0.023184 0.0231699 0.0231593 0.0231499
8.625 0 0 0 0 0.0134557 0.0134665 0.0134653 0.0134717 0.0184053 0.018405 0.0184032 0.0183961 0.0206081 0.0205943 0.0205835 0.0205735
8.645 0 0 0 0 0.0114068 0.0114139 0.0114139 0.0114187 0.0152991 0.0152971 0.0152952 0.0152887 0.0171982 0.0171847 0.0171734 0.0171628
8.665 0 0 0 0 0.00908394 0.00908941 0.00909213 0.00909545 0.0116727 0.0116686 0.0116661 0.0116601 0.0129495 0.0129361 0.0129244 0.0129131
8.685 0 0 0 0 0.0066235 0.00662648 0.00663053 0.00663113 0.00766208 0.0076566 0.00765409 0.0076492 0.00810461 0.00809124 0.00807847 0.008066
8.705 0 0 0 0 0.00399236 0.00399429 0.0039988 0.00399817 0.00343077 0.00342514 0.00342273 0.00341854 0.00302683 0.00301358 0.0030002 0.00298691
8.725 0 0 0 0 0.00110454 0.00110536 0.00110984 0.00111103 -0.000730729 -0.000736818 -0.000739261 -0.000743415 -0.00184101 -0.00185378 -0.00186714 -0.00188079
8.745 0 0 0 0 -0.00192406 -0.00192383 -0.00191859 -0.00191267 -0.00451313 -0.00451909 -0.0045215 -0.0045258 -0.00601294 -0.00602562 -0.00603943 -0.00605363
8.765 0 0 0 0 -0.00490587 -0.00490425 -0.00489751 -0.00489008 -0.00778555 -0.00779145 -0.0077938 -0.00779801 -0.00927361 -0.00928643 -0.00930074 -0.00931541
8.785 0 0 0 0 -0.00751851 -0.00751808 -0.00751481 -0.00750971 -0.0105191 -0.0105255 -0.0105284 -0.0105322 -0.0117448 -0.0117558 -0.011767 -0.0117802
8.805 0 0 0 0 -0.00940655 -0.00940677 -0.00940522 -0.00940247 -0.0126604 -0.0126665 -0.0126685 -0.0126709 -0.0136927 -0.013704 -0.013716 -0.0137298
8.825 0 0 0 0 -0.0103267 -0.0103289 -0.0103292 -0.0103266 -0.0140621 -0.0140683 -0.0140704 -0.0140722 -0.0152847 -0.0152954 -0.0153068 -0.0153205
8.845 0 0 0 0 -0.0102951 -0.0102956 -0.0102953 -0.010293 -0.0146183 -0.0146249 -0.014627 -0.014628 -0.0164193 -0.0164298 -0.0164411 -0.0164547
8.865 0 0 0 0 -0.00974801 -0.00974728 -0.00974744 -0.00974675 -0.0144995 -0.0145059 -0.0145077 -0.0145083 -0.0168972 -0.016908 -0.0169197 -0.0169336
8.885 0 0 0 0 -0.00925602 -0.00925448 -0.00925388 -0.00925305 -0.0140189 -0.0140257 -0.0140278 -0.0140286 -0.0165904 -0.016601 -0.0166122 -0.0166256
8.905 0 0 0 0 -0.00912087 -0.00912006 -0.0091194 -0.00911864 -0.0133809 -0.0133871 -0.013389 -0.0133903 -0.0155246 -0.0155357 -0.0155477 -0.0155615
8.925 0 0 0 0 -0.00926279 -0.00926439 -0.00926404 -0.00926234 -0.0126896 -0.0126956 -0.0126978 -0.0127003 -0.0140571 -0.014068 -0.0140794 -0.0140928
8.945 0 0 0 0 -0.00933181 -0.00933496 -0.00933426 -0.00933181 -0.0119745 -0.0119797 -0.0119817 -0.011985 -0.0126659 -0.0126774 -0.0126894 -0.0127031
8.965 0 0 0 0 -0.00889776 -0.00890143 -0.00890074 -0.00889838 -0.0111689 -0.0111741 -0.0111764 -0.0111802 -0.0116505 -0.0116618 -0.0116734 -0.0116867
8.985 0 0 0 0 -0.00788663 -0.00788815 -0.0078859 -0.00788392 -0.01023 -0.0102354 -0.0102376 -0.0102414 -0.0110104 -0.011022 -0.0110341 -0.0110477
9.005 0 0 0 0 -0.0066756 -0.00667534 -0.00667221 -0.00667087 -0.00924314 -0.00924889 -0.00925132 -0.00925529 -0.0105476 -0.0105594 -0.0105716 -0.010585
9.025 0 0 0 0 -0.00563912 -0.00563817 -0.00563438 -0.00563354 -0.00821228 -0.00821792 -0.00822031 -0.00822439 -0.00980878 -0.00982085 -0.00983342 -0.00984692
9.045 0 0 0 0 -0.00492875 -0.00492826 -0.00492442 -0.00492393 -0.00707422 -0.00707951 -0.00708188 -0.00708646 -0.00842848 -0.00844094 -0.00845386 -0.00846738
9.065 0 0 0 0 -0.00448148 -0.00448254 -0.00447864 -0.00447778 -0.00578408 -0.00578903 -0.00579153 -0.00579666 -0.00644206 -0.00645462 -0.00646747 -0.00648083
9.085 0 0 0 0 -0.00399614 -0.00399805 -0.00399391 -0.00399171 -0.00428572 -0.00429012 -0.00429253 -0.00429795 -0.00415748 -0.00417054 -0.00418382 -0.00419718
9.105 0 0 0 0 -0.00317346 -0.003175 -0.00317098 -0.00316809 -0.00265628 -0.00266068 -0.00266309 -0.00266879 -0.00201356 -0.00202665 -0.00203972 -0.00205279
9.125 0 0 0 0 -0.0018963 -0.00189619 -0.00189212 -0.00188935 -0.00102491 -0.00102938 -0.00103172 -0.00103738 -0.000291879 -0.000305161 -0.000318343 -0.000331309
9.145 0 0 0 0 -0.000349887 -0.000347169 -0.000342949 -0.000341536 0.000495487 0.000490758 0.000488439 0.000483118 0.000964921 0.000951429 0.000938068 0.000925094
9.165 0 0 0 0 0.000934823 0.000939882 0.000944349 0.000944544 0.00164872 0.00164379 0.00164142 0.00163629 0.00176398 0.0017504 0.00173696 0.00172398
9.185 0 0 0 0 0.00147012 0.00147625 0.00148088 0.00148074 0.00217174 0.00216682 0.00216449 0.0021594 0.00215433 0.00214056 0.00212692 0.0021139
9.205 0 0 0 0 0.00116555 0.00117105 0.00117559 0.00117601 0.00202057 0.00201567 0.00201334 0.00200817 0.00222233 0.00220864 0.0021951 0.00218212
9.225 0 0 0 0 0.000259461 0.00026322 0.000267652 0.000269157 0.0013145 0.00130968 0.00130739 0.00130207 0.00191385 0.00190022 0.00188671 0.00187373
9.245 0 0 0 0 -0.000818427 -0.000816493 -0.000812027 -0.000809571 0.000251506 0.000246765 0.000244507 0.000239088 0.00109293 0.00107937 0.0010658 0.00105269
9.265 0 0 0 0 -0.00176681 -0.00176599 -0.00176147 -0.00175915 -0.00106425 -0.00106905 -0.00107144 -0.00107686 -0.000378522 -0.000391898 -0.000405353 -0.000418531
9.285 0 0 0 0 -0.00248834 -0.00248788 -0.00248322 -0.00248157 -0.00254779 -0.00255249 -0.00255488 -0.00256011 -0.00240885 -0.00242222 -0.00243586 -0.00244928
9.305 0 0 0 0 -0.00316026 -0.00316004 -0.00315561 -0.00315478 -0.00415016 -0.00415494 -0.00415735 -0.00416248 -0.00472211 -0.00473522 -0.00474872 -0.00476227
9.325 0 0 0 0 -0.00408476 -0.00408374 -0.00407951 -0.00407914 -0.00586982 -0.00587499 -0.00587732 -0.005882 -0.00699543 -0.0070083 -0.00702176 -0.00703547
9.345 0 0 0 0 -0.00533081 -0.00532914 -0.0053252 -0.00532441 -0.00763664 -0.00764238 -0.00764477 -0.00764884 -0.00893748 -0.00894978 -0.0089627 -0.00897636
9.365 0 0 0 0 -0.00670128 -0.00670005 -0.00669683 -0.0066957 -0.00927712 -0.00928316 -0.00928546 -0.00928893 -0.0104335 -0.0104453 -0.0104578 -0.0104715
9.385 0 0 0 0 -0.0078639 -0.00786348 -0.0078611 -0.0078598 -0.0105641 -0.0105701 -0.0105723 -0.0105754 -0.0115419 -0.0115534 -0.0115655 -0.0115792
9.405 0 0 0 0 -0.00846815 -0.00846857 -0.00846691 -0.00846559 -0.0112904 -0.0112963 -0.0112985 -0.0113015 -0.0122971 -0.0123085 -0.0123204 -0.012334
9.425 0 0 0 0 -0.00827354 -0.00827332 -0.0082716 -0.00827062 -0.0112934 -0.0112994 -0.0113016 -0.0113044 -0.0125445 -0.0125559 -0.0125679 -0.0125815
9.445 0 0 0 0 -0.00739741 -0.0073954 -0.00739265 -0.00739205 -0.0105577 -0.0105641 -0.0105665 -0.0105691 -0.0120935 -0.012105 -0.0121171 -0.0121307
9.465 0 0 0 0 -0.00624067 -0.00623832 -0.00623488 -0.0062348 -0.00918248 -0.00918882 -0.00919119 -0.00919427 -0.0108106 -0.0108224 -0.0108349 -0.0108486
9.485 0 0 0 0 -0.0050598 -0.00505855 -0.00505476 -0.00505479 -0.00725473 -0.00726024 -0.0072626 -0.00726685 -0.00859294 -0.00860531 -0.00861821 -0.00863179
9.505 0 0 0 0 -0.00390942 -0.00390983 -0.00390565 -0.00390504 -0.00494256 -0.00494715 -0.00494957 -0.00495488 -0.00557827 -0.00559127 -0.00560458 -0.00561803
9.525 0 0 0 0 -0.00262126 -0.00262092 -0.00261653 -0.00261505 -0.00239432 -0.00239877 -0.00240114 -0.00240649 -0.00213081 -0.00214417 -0.00215762 -0.00217087
9.545 0 0 0 0 -0.000877863 -0.000875997 -0.000871872 -0.000869378 0.000379915 0.000375226 0.000372962 0.000367476 0.00136731 0.00135392 0.00134067 0.00132776
9.565 0 0 0 0 0.00143087 0.00143672 0.00144102 0.00144417 0.00340661 0.00340208 0.00339984 0.00339405 0.00464027 0.00462641 0.00461283 0.00460006
9.585 0 0 0 0 0.00403575 0.00404652 0.00405117 0.00405447 0.00645559 0.0064515 0.00644927 0.006443 0.00751857 0.00750419 0.00749045 0.00747801
9.605 0 0 0 0 0.00631472 0.00632613 0.00633099 0.00633697 0.00896415 0.00896058 0.00895825 0.00895145 0.00983003 0.00981582 0.00980278 0.00979092
9.625 0 0 0 0 0.00763441 0.00764602 0.00765031 0.00765683 0.0105035 0.0105 0.0104974 0.0104902 0.0114563 0.0114427 0.011431 0.0114201
9.645 0 0 0 0 0.00794769 0.00795885 0.00796318 0.00797173 0.0111785 0.0111754 0.011173 0.011166 0.0124875 0.0124734 0.012461 0.0124496
9.665 0 0 0 0 0.00758242 0.00759322 0.0075975 0.00760729 0.0112707 0.0112683 0.0112656 0.0112576 0.012974 0.0129603 0.0129486 0.0129379
9.685 0 0 0 0 0.00691268 0.00692253 0.00692739 0.00693863 0.0108199 0.0108181 0.0108157 0.0108075 0.0127493 0.0127351 0.0127226 0.0127114
9.705 0 0 0 0 0.00623987 0.00624916 0.00625385 0.00626323 0.00982479 0.00982234 0.00981979 0.00981185 0.0116828 0.011669 0.0116567 0.0116455
9.725 0 0 0 0 0.00567959 0.00568843 0.00569352 0.00570012 0.00842671 0.00842277 0.00842041 0.00841382 0.00984649 0.00983257 0.00981967 0.00980775
9.745 0 0 0 0 0.00498656 0.00499465 0.00499974 0.00500293 0.00669846 0.0066934 0.00669085 0.00668522 0.00740042 0.00738676 0.00737379 0.00736146
9.765 0 0 0 0 0.00390569 0.00391249 0.0039178 0.00391842 0.00467331 0.00466788 0.00466534 0.00466025 0.00468383 0.00467012 0.00465671 0.00464391
9.785 0 0 0 0 0.00245542 0.00246022 0.00246569 0.00246588 0.00249926 0.00249394 0.00249138 0.00248648 0.00215789 0.0021443 0.00213072 0.00211758
9.805 0 0 0 0 0.000786074 0.000788817 0.000793886 0.000794298 0.000395446 0.000389996 0.000387365 0.000382551 7.18462e-05 5.86924e-05 4.55019e-05 3.23601e-05
9.825 0 0 0 0 -0.000887435 -0.000886716 -0.000881383 -0.000879285 -0.00146357 -0.00146874 -0.00147119 -0.00147606 -0.00163329 -0.00164661 -0.00166036 -0.00167397
9.845 0 0 0 0 -0.00234233 -0.0023435 -0.00233833 -0.00233477 -0.00303603 -0.00304091 -0.00304342 -0.00304867 -0.00316454 -0.00317772 -0.00319132 -0.0032049
9.865 0 0 0 0 -0.00341916 -0.00342104 -0.00341585 -0.00341131 -0.00438625 -0.00439094 -0.00439347 -0.00439896 -0.00466573 -0.00467887 -0.00469253 -0.00470619
9.885 0 0 0 0 -0.00406697 -0.00406778 -0.0040626 -0.00405825 -0.00553897 -0.00554398 -0.00554633 -0.0055513 -0.00611461 -0.00612758 -0.00614131 -0.00615522
9.905 0 0 0 0 -0.00431748 -0.00431744 -0.00431267 -0.00430872 -0.00638318 -0.00638901 -0.00639154 -0.00639588 -0.00732069 -0.00733312 -0.00734627 -0.00736006
9.925 0 0 0 0 -0.00427912 -0.00427784 -0.00427279 -0.00426935 -0.0067433 -0.00674935 -0.00675167 -0.00675549 -0.00799786 -0.00801043 -0.00802404 -0.0080382
9.945 0 0 0 0 -0.00401298 -0.00401198 -0.00400712 -0.00400374 -0.00648058 -0.00648662 -0.00648914 -0.00649321 -0.00785731 -0.00786974 -0.00788297 -0.00789683
9.965 0 0 0 0 -0.0035404 -0.00353984 -0.00353467 -0.00353136 -0.00558882 -0.00559427 -0.00559661 -0.00560113 -0.00675682 -0.00676972 -0.00678348 -0.00679749
9.985 0 0 0 0 -0.00277976 -0.00277986 -0.00277469 -0.00277201 -0.00409911 -0.00410426 -0.00410678 -0.00411183 -0.004765 -0.00477805 -0.0047917 -0.00480544
10.005 0 0 0 0 -0.00159395 -0.00159379 -0.00158847 -0.00158581 -0.00204039 -0.00204548 -0.00204806 -0.00205324 -0.00211754 -0.00213079 -0.00214442 -0.00215796
10.025 0 0 0 0 9.38075e-05 9.58692e-05 0.000101276 0.000103853 0.000512727 0.000507631 0.000505132 0.000500027 0.000886739 0.000873147 0.000859329 0.000845915
10.045 0 0 0 0 0.00222508 0.00222979 0.00223481 0.00223753 0.00341131 0.00340629 0.00340386 0.00339848 0.00402801 0.00401432 0.0040008 0.00398789
10.065 0 0 0 0 0.00464142 0.00464955 0.00465477 0.00465888 0.00650785 0.00650333 0.00650109 0.00649533 0.00725626 0.00724205 0.00722827 0.00721558
10.085 0 0 0 0 0.00692674 0.00693626 0.00694067 0.00694728 0.0094977 0.00949391 0.00949123 0.00948424 0.0104283 0.0104146 0.0104024 0.010391
10.105 0 0 0 0 0.00862818 0.00863766 0.00864027 0.00864817 0.0120025 0.0120001 0.0119978 0.0119904 0.0132812 0.0132674 0.0132557 0.0132449
10.125 0 0 0 0 0.00940006 0.00940971 0.00941181 0.00942189 0.0135931 0.0135921 0.0135901 0.0135821 0.0153647 0.0153508 0.015339 0.0153285
10.145 0 0 0 0 0.00923483 0.00924427 0.00924629 0.00925787 0.0139968 0.0139966 0.0139944 0.0139857 0.0162399 0.016226 0.0162147 0.0162046
10.165 0 0 0 0 0.0084522 0.008461 0.00846417 0.00847703 0.0132088 0.0132085 0.0132063 0.0131977 0.0156585 0.0156444 0.0156325 0.015622
10.185 0 0 0 0 0.00737347 0.00738164 0.00738556 0.00739619 0.0113862 0.0113844 0.0113818 0.0113736 0.0135606 0.0135469 0.0135352 0.0135245
10.205 0 0 0 0 0.00614857 0.00615538 0.00615975 0.00616594 0.00880712 0.00880317 0.00880082 0.00879431 0.0101895 0.0101757 0.0101629 0.010151
10.225 0 0 0 0 0.004757 0.00476232 0.0047668 0.00476779 0.00580989 0.00580445 0.00580187 0.00579673 0.0061258 0.00611237 0.00609949 0.00608702
10.245 0 0 0 0 0.00297418 0.00297802 0.002983 0.00298208 0.00257001 0.00256461 0.00256225 0.00255772 0.00195897 0.00194547 0.00193188 0.00191863
10.265 0 0 0 0 0.000568801 0.000570489 0.000575039 0.000574568 -0.000819189 -0.000824728 -0.000827152 -0.00083168 -0.00191514 -0.00192804 -0.00194116 -0.00195444
10.285 0 0 0 0 -0.00232698 -0.00232723 -0.00232254 -0.00231943 -0.00422136 -0.00422689 -0.00422933 -0.00423391 -0.00529513 -0.00530792 -0.0053214 -0.00533519
10.305 0 0 0 0 -0.00526028 -0.00525934 -0.0052539 -0.00524914 -0.0073883 -0.00739399 -0.00739624 -0.00740047 -0.00818715 -0.00819991 -0.00821384 -0.00822819
10.325 0 0 0 0 -0.0076515 -0.00765262 -0.00765011 -0.00764606 -0.0100749 -0.010081 -0.0100838 -0.0100877 -0.0107539 -0.0107649 -0.0107761 -0.0107891
10.345 0 0 0 0 -0.00905377 -0.00905455 -0.00905312 -0.00905079 -0.0120678 -0.0120735 -0.0120755 -0.0120782 -0.0130144 -0.0130258 -0.013038 -0.0130519
10.365 0 0 0 0 -0.00930024 -0.00930092 -0.00930072 -0.00929909 -0.0131673 -0.0131738 -0.0131761 -0.0131777 -0.0147405 -0.0147511 -0.0147624 -0.0147759
10.385 0 0 0 0 -0.00873726 -0.00873432 -0.0087326 -0.00873154 -0.013326 -0.0133331 -0.0133352 -0.0133357 -0.0155917 -0.0156025 -0.0156142 -0.0156281
10.405 0 0 0 0 -0.00794955 -0.00794538 -0.00794301 -0.00794235 -0.0126465 -0.0126537 -0.012656 -0.0126567 -0.0152675 -0.0152784 -0.0152902 -0.015304
10.425 0 0 0 0 -0.00731913 -0.00731575 -0.00731257 -0.00731138 -0.0113248 -0.0113315 -0.011334 -0.0113359 -0.0136386 -0.0136498 -0.0136616 -0.0136752
10.445 0 0 0 0 -0.00676547 -0.00676446 -0.00676102 -0.00675938 -0.00950814 -0.009514 -0.00951633 -0.00952 -0.0108709 -0.0108827 -0.0108952 -0.0109088
10.465 0 0 0 0 -0.00596746 -0.00596883 -0.00596501 -0.00596267 -0.00729799 -0.00730335 -0.007306 -0.00731086 -0.00752656 -0.00753864 -0.00755096 -0.00756422
10.485 0 0 0 0 -0.00463612 -0.00463833 -0.00463404 -0.00463127 -0.00478281 -0.00478759 -0.00479004 -0.0047952 -0.00426031 -0.00427317 -0.00428636 -0.00429981
10.505 0 0 0 0 -0.00267866 -0.00267959 -0.00267517 -0.00267216 -0.00212346 -0.00212799 -0.00213041 -0.00213604 -0.00146739 -0.00148058 -0.0014938 -0.0015069
10.525 0 0 0 0 -0.000328761 -0.000326304 -0.000321799 -0.000320026 0.000455203 0.000450566 0.000448161 0.000442633 0.000836206 0.000822748 0.000809465 0.000796546
10.545 0 0 0 0 0.00192645 0.00193289 0.00193766 0.00193789 0.00273152 0.0027265 0.00272419 0.00271915 0.00282513 0.00281133 0.00279763 0.00278459
10.565 0 0 0 0 0.00365286 0.00366223 0.00366715 0.0036667 0.00462519 0.00461972 0.0046174 0.00461271 0.00471583 0.00470192 0.0046881 0.00467503
10.585 0 0 0 0 0.00470096 0.00471099 0.00471596 0.00471767 0.00620215 0.00619706 0.00619483 0.00618976 0.0066305 0.00661649 0.00660289 0.00659017
10.605 0 0 0 0 0.00512036 0.0051306 0.00513536 0.00513972 0.00747177 0.00746754 0.00746509 0.00745875 0.00844502 0.00843109 0.00841808 0.00840603
10.625 0 0 0 0 0.00518992 0.00519981 0.00520485 0.00521248 0.00835671 0.00835374 0.00835146 0.00834419 0.00988793 0.00987353 0.00986019 0.00984825
10.645 0 0 0 0 0.00519742 0.00520726 0.00521199 0.00522052 0.00874787 0.00874537 0.00874296 0.0087352 0.01063 0.0106159 0.0106031 0.0105915
10.665 0 0 0 0 0.00528128 0.00529122 0.00529623 0.00530444 0.00864556 0.00864262 0.00864041 0.00863323 0.0104683 0.010454 0.0104407 0.0104288
10.685 0 0 0 0 0.00531213 0.00532226 0.00532708 0.00533305 0.00809222 0.00808832 0.0080859 0.00807918 0.0094243 0.00941032 0.00939739 0.00938547
10.705 0 0 0 0 0.00502411 0.00503386 0.00503894 0.00504296 0.00708105 0.00707671 0.00707437 0.00706821 0.00775908 0.00774497 0.00773165 0.00771939
10.725 0 0 0 0 0.00420095 0.00420976 0.00421491 0.00421669 0.00557594 0.00557103 0.00556857 0.00556297 0.00581806 0.00580408 0.00579059 0.00577798
10.745 0 0 0 0 0.00282228 0.00282906 0.00283446 0.00283523 0.00364503 0.00363959 0.0036372 0.00363226 0.00382245 0.00380852 0.00379461 0.00378146
10.765 0 0 0 0 0.00105916 0.00106319 0.00106849 0.00106956 0.00150636 0.00150077 0.00149822 0.00149338 0.00179024 0.00177672 0.00176307 0.0017498
10.785 0 0 0 0 -0.000765388 -0.000763849 -0.000758617 -0.000756554 -0.000619808 -0.000625017 -0.00062755 -0.000632694 -0.000348419 -0.000361874 -0.000375555 -0.000388941
10.805 0 0 0 0 -0.0023103 -0.00231048 -0.00230512 -0.00230206 -0.00263324 -0.00263799 -0.00264045 -0.00264574 -0.00260299 -0.00261647 -0.00263039 -0.00264402
10.825 0 0 0 0 -0.00342415 -0.00342468 -0.00341956 -0.00341653 -0.00447745 -0.00448241 -0.00448489 -0.00449004 -0.00486437 -0.00487749 -0.0048912 -0.00490494
10.845 0 0 0 0 -0.00416595 -0.00416493 -0.00416 -0.00415749 -0.00603501 -0.00604068 -0.00604305 -0.00604741 -0.0069121 -0.00692484 -0.00693838 -0.00695229
10.865 0 0 0 0 -0.00467536 -0.00467328 -0.00466856 -0.00466639 -0.007179 -0.00718531 -0.00718773 -0.00719143 -0.00847863 -0.00849095 -0.00850415 -0.00851809
10.885 0 0 0 0 -0.00507449 -0.00507179 -0.00506707 -0.00506497 -0.00784139 -0.00784779 -0.0078502 -0.00785363 -0.00933521 -0.00934746 -0.00936063 -0.0093746
10.905 0 0 0 0 -0.00536554 -0.00536322 -0.00535857 -0.00535619 -0.00801737 -0.00802371 -0.00802622 -0.00802988 -0.00939099 -0.00940312 -0.00941605 -0.00942988
10.925 0 0 0 0 -0.00542724 -0.00542551 -0.00542081 -0.0054182 -0.00770748 -0.00771361 -0.0077161 -0.00772005 -0.00872418 -0.00873642 -0.00874944 -0.00876327
10.945 0 0 0 0 -0.00508898 -0.00508807 -0.00508329 -0.00508056 -0.00689469 -0.00690058 -0.00690314 -0.00690745 -0.00753554 -0.00754794 -0.00756103 -0.0075748
10.965 0 0 0 0 -0.00427104 -0.00427083 -0.00426584 -0.00426333 -0.00560263 -0.00560808 -0.00561064 -0.00561544 -0.00603314 -0.00604591 -0.0060593 -0.00607305
10.985 0 0 0 0 -0.00305249 -0.00305252 -0.00304724 -0.00304477 -0.00394388 -0.00394885 -0.00395138 -0.00395664 -0.00432795 -0.00434119 -0.00435498 -0.00436871
11.005 0 0 0 0 -0.00162061 -0.00161911 -0.00161386 -0.00161247 -0.00209434 -0.00209929 -0.00210185 -0.00210716 -0.00243211 -0.00244547 -0.00245912 -0.00247258
11.025 0 0 0 0 -0.000183284 -0.000180047 -0.000174882 -0.000174292 -0.000212671 -0.000217794 -0.000220296 -0.000225332 -0.00035759 -0.000371076 -0.000384764 -0.000398121
11.045 0 0 0 0 0.00107551 0.00108028 0.00108558 0.00108652 0.00160835 0.00160308 0.00160066 0.00159582 0.00179377 0.00178005 0.00176618 0.00175286
11.065 0 0 0 0 0.0020891 0.00209503 0.00210006 0.00210202 0.00328833 0.00328322 0.00328082 0.00327555 0.00384338 0.00382958 0.00381592 0.00380294
11.085 0 0 0 0 0.00290434 0.00291154 0.0029165 0.00291983 0.00472167 0.00471704 0.00471474 0.00470889 0.00559935 0.00558525 0.00557147 0.00555869
11.105 0 0 0 0 0.00360005 0.0036085 0.00361335 0.00361741 0.00580827 0.00580398 0.00580171 0.00579555 0.00689929 0.00688506 0.00687132 0.00685874
11.125 0 0 0 0 0.00418698 0.00419613 0.00420124 0.0042057 0.0064994 0.00649509 0.00649284 0.00648674 0.00764005 0.00762586 0.0076122 0.00759966
11.145 0 0 0 0 0.00456591 0.00457533 0.00458032 0.00458454 0.00679053 0.0067861 0.00678374 0.00677766 0.00780632 0.00779227 0.00777885 0.00776646
