0.02 0 0 0 0 -3.75014e-05 -3.76066e-05 -3.7607e-05 -3.7503e-05 -4.48432e-05 -4.48129e-05 -4.48131e-05 -4.48438e-05 -4.49027e-05 -4.49036e-05 -4.49037e-05 -4.49029e-05
0.04 0 0 0 0 -0.000109693 -0.000109961 -0.000109963 -0.000109701 -0.000151341 -0.000151286 -0.000151287 -0.000151345 -0.000155199 -0.000155188 -0.000155188 -0.0001552
0.06 0 0 0 0 -0.000153959 -0.0001542 -0.000154204 -0.000153975 -0.000263606 -0.000263611 -0.000263614 -0.000263616 -0.000287738 -0.000287687 -0.000287689 -0.000287742
0.08 0 0 0 0 -0.000130457 -0.000130481 -0.000130489 -0.000130489 -0.000305969 -0.000306054 -0.000306058 -0.000305981 -0.000378742 -0.000378645 -0.000378648 -0.000378752
0.1 0 0 0 0 -9.31676e-05 -9.30814e-05 -9.30912e-05 -9.32004e-05 -0.000282678 -0.000282724 -0.00028273 -0.000282699 -0.000415338 -0.000415229 -0.000415233 -0.000415352
0.12 0 0 0 0 -0.000104518 -0.000104607 -0.000104612 -0.000104538 -0.000257148 -0.000257052 -0.000257061 -0.000257176 -0.000409889 -0.00040981 -0.000409814 -0.000409904
0.14 0 0 0 0 -0.000111123 -0.000111306 -0.000111312 -0.00011114 -0.00022073 -0.000220634 -0.000220639 -0.000220747 -0.000319677 -0.000319626 -0.000319629 -0.000319688
0.16 0 0 0 0 -9.17535e-05 -9.1846e-05 -9.18495e-05 -9.17668e-05 -0.000169086 -0.000169137 -0.000169138 -0.00016909 -0.00017464 -0.0001746 -0.000174601 -0.000174641
0.18 0 0 0 0 -3.31385e-05 -3.3116e-05 -3.31178e-05 -3.31459e-05 -6.16588e-05 -6.17904e-05 -6.1789e-05 -6.16545e-05 -8.11747e-06 -8.09873e-06 -8.09856e-06 -8.11714e-06
0.2 0 0 0 0 5.88883e-06 5.84684e-06 5.84826e-06 5.89431e-06 5.01279e-05 5.01159e-05 5.01155e-05 5.01256e-05 9.84871e-05 9.84604e-05 9.84599e-05 9.84858e-05
0.22 0 0 0 0 1.91802e-05 1.89843e-05 1.89846e-05 1.91793e-05 0.000110769 0.000110917 0.000110916 0.000110768 0.00013143 0.000131369 0.000131369 0.000131431
0.24 0 0 0 0 9.12799e-05 9.13724e-05 9.13705e-05 9.12761e-05 0.00017386 0.000173895 0.000173896 0.000173863 0.000191793 0.00019175 0.00019175 0.000191792
0.26 0 0 0 0 0.000174387 0.000174829 0.000174832 0.000174392 0.000246069 0.000245929 0.000245928 0.000246066 0.000282262 0.000282242 0.000282242 0.000282262
0.28 0 0 0 0 0.000197107 0.00019749 0.000197488 0.000197103 0.000318852 0.000318767 0.000318767 0.000318854 0.000371848 0.000371797 0.000371798 0.000371849
0.3 0 0 0 0 0.000152824 0.000152853 0.000152853 0.000152826 0.000353472 0.000353573 0.000353573 0.000353472 0.00043056 0.000430447 0.000430446 0.000430558
0.32 0 0 0 0 9.48207e-05 9.46274e-05 9.46282e-05 9.48217e-05 0.000313679 0.00031381 0.00031381 0.000313678 0.000435337 0.000435205 0.000435206 0.000435338
0.34 0 0 0 0 6.39329e-05 6.38884e-05 6.38854e-05 6.39252e-05 0.000212949 0.000212891 0.000212891 0.000212948 0.000363579 0.000363493 0.000363493 0.000363576
0.36 0 0 0 0 3.59584e-05 3.60481e-05 3.60454e-05 3.59475e-05 8.53027e-05 8.51377e-05 8.51273e-05 8.52699e-05 0.000189682 0.000189647 0.000189642 0.000189662
0.38 0 0 0 0 1.06485e-05 1.07435e-05 1.07434e-05 1.0651e-05 -1.37934e-05 -1.38269e-05 -1.38259e-05 -1.37872e-05 -2.95763e-05 -2.95534e-05 -2.95527e-05 -2.95704e-05
0.4 0 0 0 0 3.81949e-06 3.89494e-06 3.89649e-06 3.82119e-06 -6.66373e-05 -6.65357e-05 -6.65308e-05 -6.6628e-05 -0.000194128 -0.000194086 -0.000194084 -0.000194124
0.42 0 0 0 0 -5.03299e-05 -5.03449e-05 -5.03473e-05 -5.03346e-05 -0.000160486 -0.000160371 -0.00016038 -0.000160505 -0.000308758 -0.000308702 -0.000308706 -0.000308768
0.44 0 0 0 0 -0.000114463 -0.000114529 -0.000114527 -0.000114459 -0.000259354 -0.000259359 -0.000259352 -0.000259336 -0.000341298 -0.000341215 -0.000341211 -0.000341288
0.46 0 0 0 0 -0.000185801 -0.000185985 -0.000185986 -0.000185804 -0.000342039 -0.000342145 -0.000342149 -0.000342049 -0.000352407 -0.00035233 -0.000352332 -0.000352413
0.48 0 0 0 0 -0.000253025 -0.000253465 -0.000253466 -0.000253025 -0.000405309 -0.000405317 -0.000405318 -0.000405308 -0.000410021 -0.000409951 -0.000409951 -0.000410018
0.5 0 0 0 0 -0.000215158 -0.000215498 -0.000215496 -0.000215156 -0.000378761 -0.000378723 -0.000378718 -0.000378754 -0.000443394 -0.000443319 -0.000443317 -0.000443393
0.52 0 0 0 0 -0.000123935 -0.000123965 -0.000123965 -0.000123932 -0.000308691 -0.000308674 -0.000308681 -0.000308703 -0.000445198 -0.000445095 -0.000445098 -0.000445201
0.54 0 0 0 0 -4.40311e-05 -4.38687e-05 -4.38751e-05 -4.4058e-05 -0.000216675 -0.000216674 -0.000216672 -0.000216674 -0.000379203 -0.0003791 -0.000379098 -0.000379201
0.56 0 0 0 0 -1.46853e-05 -1.45537e-05 -1.45637e-05 -1.47124e-05 -0.000117965 -0.000117956 -0.000117967 -0.000117997 -0.000232451 -0.00023239 -0.000232398 -0.000232475
0.58 0 0 0 0 -2.02834e-05 -2.03646e-05 -2.03597e-05 -2.02723e-05 -2.29028e-05 -2.28623e-05 -2.28633e-05 -2.29037e-05 -3.09864e-05 -3.09889e-05 -3.09872e-05 -3.0983e-05
0.6 0 0 0 0 -1.20211e-05 -1.2186e-05 -1.21868e-05 -1.20227e-05 7.04533e-05 7.04482e-05 7.04543e-05 7.04664e-05 0.00017169 0.000171639 0.000171641 0.000171696
0.62 0 0 0 0 3.9417e-05 3.93311e-05 3.93298e-05 3.94141e-05 0.000169496 0.000169429 0.00016942 0.000169477 0.000319811 0.000319733 0.000319729 0.000319799
0.64 0 0 0 0 0.000124472 0.000124594 0.000124596 0.000124476 0.000276289 0.000276232 0.000276239 0.000276304 0.000394207 0.000394129 0.000394134 0.000394219
0.66 0 0 0 0 0.000177741 0.000177938 0.000177936 0.000177737 0.000338249 0.000338286 0.000338284 0.000338242 0.000386223 0.000386141 0.000386138 0.000386215
0.68 0 0 0 0 0.000202802 0.000203053 0.000203055 0.000202804 0.000357492 0.000357563 0.000357562 0.000357489 0.000368431 0.000368353 0.000368353 0.000368432
0.7 0 0 0 0 0.00021422 0.000214584 0.000214583 0.00021422 0.00035934 0.000359321 0.000359325 0.000359348 0.000395641 0.000395577 0.00039558 0.000395645
0.72 0 0 0 0 0.000150768 0.000150956 0.000150956 0.000150766 0.000299427 0.000299376 0.000299371 0.000299416 0.000392223 0.000392146 0.000392143 0.000392217
0.74 0 0 0 0 7.59992e-05 7.59576e-05 7.59585e-05 7.60023e-05 0.00022695 0.000226935 0.000226939 0.000226958 0.000355138 0.000355055 0.000355057 0.000355144
0.76 0 0 0 0 1.72821e-05 1.71256e-05 1.71248e-05 1.72794e-05 0.00013446 0.000134472 0.00013447 0.000134457 0.000245996 0.000245922 0.00024592 0.000245992
0.78 0 0 0 0 -2.96344e-05 -2.97898e-05 -2.97894e-05 -2.96333e-05 2.57025e-06 2.59177e-06 2.59081e-06 2.56815e-06 4.71781e-05 4.71532e-05 4.71536e-05 4.7179e-05
0.8 0 0 0 0 -7.57945e-06 -7.44984e-06 -7.44945e-06 -7.57869e-06 -7.80324e-05 -7.80838e-05 -7.80811e-05 -7.80269e-05 -0.000125743 -0.000125696 -0.000125696 -0.000125742
0.82 0 0 0 0 -2.72869e-05 -2.71119e-05 -2.71127e-05 -2.72888e-05 -0.000162435 -0.000162455 -0.000162458 -0.000162441 -0.000287735 -0.000287653 -0.000287655 -0.000287738
0.84 0 0 0 0 -8.73074e-05 -8.73452e-05 -8.73447e-05 -8.73059e-05 -0.00023728 -0.000237201 -0.000237199 -0.000237275 -0.000382788 -0.000382705 -0.000382704 -0.000382785
0.86 0 0 0 0 -0.000149768 -0.000149953 -0.000149953 -0.000149769 -0.000296405 -0.000296349 -0.00029635 -0.000296407 -0.000394989 -0.000394917 -0.000394918 -0.000394992
0.88 0 0 0 0 -0.000186302 -0.000186565 -0.000186565 -0.000186303 -0.000332251 -0.000332278 -0.000332278 -0.000332252 -0.000362176 -0.000362104 -0.000362104 -0.000362174
0.9 0 0 0 0 -0.000156734 -0.000156872 -0.000156872 -0.000156733 -0.000292079 -0.000292182 -0.00029218 -0.000292075 -0.000296041 -0.00029597 -0.00029597 -0.000296041
0.92 0 0 0 0 -0.000112141 -0.00011227 -0.00011227 -0.000112142 -0.000214565 -0.000214578 -0.00021458 -0.000214568 -0.00025165 -0.000251598 -0.000251599 -0.000251652
0.94 0 0 0 0 -6.59418e-05 -6.60709e-05 -6.60706e-05 -6.59413e-05 -0.000132128 -0.000132026 -0.000132025 -0.000132126 -0.000211971 -0.00021194 -0.000211939 -0.000211968
0.96 0 0 0 0 -1.02131e-05 -1.01939e-05 -1.0194e-05 -1.02133e-05 -5.59485e-05 -5.58847e-05 -5.5885e-05 -5.59492e-05 -0.000131614 -0.000131589 -0.00013159 -0.000131616
0.98 0 0 0 0 8.4048e-05 8.43403e-05 8.43403e-05 8.40477e-05 7.22122e-05 7.21252e-05 7.21248e-05 7.22112e-05 5.03453e-05 5.03659e-05 5.03661e-05 5.03459e-05
1 0 0 0 0 0.000147002 0.000147348 0.000147348 0.000147003 0.000226812 0.000226703 0.000226704 0.000226814 0.000272099 0.00027207 0.00027207 0.0002721
1.02 0 0 0 0 0.000125315 0.000125267 0.000125267 0.000125315 0.000324478 0.000324557 0.000324556 0.000324476 0.00043052 0.000430405 0.000430405 0.000430519
1.04 0 0 0 0 8.59298e-05 8.56666e-05 8.56668e-05 8.59302e-05 0.000337018 0.000337153 0.000337153 0.00033702 0.000495802 0.000495649 0.000495649 0.000495803
1.06 0 0 0 0 9.06596e-05 9.05875e-05 9.05875e-05 9.06595e-05 0.00028671 0.000286677 0.000286677 0.000286709 0.000463272 0.000463159 0.000463159 0.000463271
1.08 0 0 0 0 0.00012659 0.000126867 0.000126867 0.00012659 0.000228343 0.000228166 0.000228166 0.000228343 0.000345814 0.000345771 0.000345771 0.000345814
1.1 0 0 0 0 0.000126858 0.000127165 0.000127165 0.000126859 0.000173321 0.000173267 0.000173268 0.000173322 0.000170522 0.000170509 0.000170509 0.000170522
1.12 0 0 0 0 8.64637e-05 8.6571e-05 8.65708e-05 8.64633e-05 0.000112587 0.000112734 0.000112734 0.000112586 1.89133e-05 1.89015e-05 1.89014e-05 1.89131e-05
1.14 0 0 0 0 2.14138e-05 2.142e-05 2.14201e-05 2.1414e-05 1.54244e-05 1.5551e-05 1.55514e-05 1.54252e-05 -6.60456e-05 -6.60437e-05 -6.60435e-05 -6.60452e-05
1.16 0 0 0 0 -8.02752e-05 -8.03806e-05 -8.03806e-05 -8.02754e-05 -0.00013983 -0.000139865 -0.000139865 -0.00013983 -0.000138179 -0.00013815 -0.00013815 -0.000138179
1.18 0 0 0 0 -0.000173318 -0.000173536 -0.000173536 -0.000173318 -0.000282284 -0.000282417 -0.000282417 -0.000282285 -0.000232343 -0.000232289 -0.000232289 -0.000232342
1.2 0 0 0 0 -0.000197467 -0.000197742 -0.000197742 -0.000197467 -0.000338029 -0.000338091 -0.000338091 -0.000338028 -0.000339716 -0.000339648 -0.000339648 -0.000339716
1.22 0 0 0 0 -0.000183519 -0.000183781 -0.000183781 -0.000183519 -0.000352996 -0.000352911 -0.000352911 -0.000352996 -0.000466907 -0.000466825 -0.000466825 -0.000466907
1.24 0 0 0 0 -0.000136604 -0.000136691 -0.000136691 -0.000136604 -0.000343389 -0.000343282 -0.000343282 -0.000343388 -0.000536053 -0.000535942 -0.000535942 -0.000536053
1.26 0 0 0 0 -6.90768e-05 -6.88766e-05 -6.88766e-05 -6.90769e-05 -0.000286241 -0.00028627 -0.00028627 -0.000286241 -0.000470066 -0.000469936 -0.000469936 -0.000470067
1.28 0 0 0 0 -5.35001e-05 -5.3345e-05 -5.3345e-05 -5.35001e-05 -0.000206346 -0.000206413 -0.000206414 -0.000206346 -0.000310317 -0.000310225 -0.000310225 -0.000310317
1.3 0 0 0 0 -8.64722e-05 -8.66743e-05 -8.66742e-05 -8.64722e-05 -0.000121103 -0.00012107 -0.000121069 -0.000121103 -0.000120893 -0.000120883 -0.000120883 -0.000120893
1.32 0 0 0 0 -8.20886e-05 -8.24518e-05 -8.24519e-05 -8.20887e-05 -2.37841e-05 -2.37214e-05 -2.37215e-05 -2.37843e-05 6.17533e-05 6.17045e-05 6.17043e-05 6.1753e-05
1.34 0 0 0 0 1.04929e-05 1.03914e-05 1.03921e-05 1.04942e-05 9.95403e-05 9.94924e-05 9.94923e-05 9.954e-05 0.000214961 0.000214908 0.000214908 0.000214961
1.36 0 0 0 0 0.000130273 0.000130529 0.000130528 0.000130271 0.000229428 0.000229321 0.000229321 0.000229428 0.00030749 0.000307447 0.000307447 0.00030749
1.38 0 0 0 0 0.000199362 0.000199681 0.000199681 0.000199363 0.000331211 0.000331223 0.000331223 0.000331211 0.000347545 0.000347484 0.000347484 0.000347545
1.4 0 0 0 0 0.000230505 0.000230785 0.000230785 0.000230505 0.000407123 0.000407223 0.000407223 0.000407123 0.00041132 0.000411232 0.000411232 0.00041132
1.42 0 0 0 0 0.000196609 0.000196781 0.000196781 0.000196608 0.000397672 0.000397731 0.000397731 0.000397672 0.000468238 0.000468132 0.000468132 0.000468238
1.44 0 0 0 0 0.000125176 0.000125215 0.000125216 0.000125177 0.000317262 0.00031721 0.00031721 0.000317261 0.000477313 0.000477208 0.000477208 0.000477314
1.46 0 0 0 0 4.00398e-05 3.99478e-05 3.99475e-05 4.00391e-05 0.000191849 0.000191759 0.00019176 0.000191849 0.000375341 0.000375253 0.000375253 0.000375341
1.48 0 0 0 0 3.68179e-05 3.6786e-05 3.6786e-05 3.6818e-05 0.00012434 0.000124283 0.000124283 0.000124339 0.000228015 0.000227966 0.000227966 0.000228015
1.5 0 0 0 0 0.000114139 0.000114438 0.000114438 0.000114139 0.000140721 0.00014069 0.00014069 0.000140721 0.000111259 0.000111257 0.000111257 0.000111259
1.52 0 0 0 0 8.00567e-05 8.0231e-05 8.02278e-05 8.00451e-05 6.87177e-05 6.88316e-05 6.88316e-05 6.87166e-05 -4.84217e-05 -4.84099e-05 -4.84104e-05 -4.84225e-05
1.54 0 0 0 0 -4.3785e-05 -4.39009e-05 -4.38985e-05 -4.37763e-05 -9.50787e-05 -9.49323e-05 -9.49325e-05 -9.50787e-05 -0.000192748 -0.000192726 -0.000192726 -0.000192748
1.56 0 0 0 0 -0.000114044 -0.000114139 -0.000114138 -0.000114045 -0.000219878 -0.000219947 -0.000219947 -0.000219877 -0.000233445 -0.000233388 -0.000233388 -0.000233444
1.58 0 0 0 0 -0.000131492 -0.000131528 -0.00013153 -0.000131499 -0.000263497 -0.000263691 -0.000263691 -0.000263498 -0.00023469 -0.000234615 -0.000234615 -0.00023469
1.6 0 0 0 0 -0.000115888 -0.000115997 -0.000115993 -0.000115878 -0.000219483 -0.000219534 -0.000219533 -0.000219481 -0.00023781 -0.000237757 -0.000237757 -0.000237811
1.62 0 0 0 0 -8.67053e-05 -8.69286e-05 -8.69316e-05 -8.67138e-05 -0.000151166 -0.000151008 -0.000151008 -0.000151167 -0.000243441 -0.000243416 -0.000243416 -0.00024344
1.64 0 0 0 0 -7.26219e-05 -7.27871e-05 -7.2786e-05 -7.26177e-05 -0.000141551 -0.000141395 -0.000141395 -0.000141551 -0.000246981 -0.000246952 -0.000246952 -0.000246981
1.66 0 0 0 0 -4.40506e-05 -4.39729e-05 -4.39717e-05 -4.40499e-05 -0.000143321 -0.000143383 -0.000143382 -0.00014332 -0.000195422 -0.000195362 -0.000195363 -0.000195423
1.68 0 0 0 0 -2.24559e-05 -2.22714e-05 -2.2274e-05 -2.24599e-05 -0.000107232 -0.000107404 -0.000107405 -0.000107233 -0.000106481 -0.000106423 -0.000106423 -0.000106479
1.7 0 0 0 0 7.39164e-05 7.4141e-05 7.41439e-05 7.39214e-05 8.5077e-05 8.49861e-05 8.49865e-05 8.50777e-05 9.75141e-05 9.75185e-05 9.75183e-05 9.75137e-05
1.72 0 0 0 0 3.78533e-05 3.76653e-05 3.76632e-05 3.78495e-05 0.000163742 0.000163929 0.000163929 0.000163742 0.000183671 0.00018359 0.000183589 0.00018367
1.74 0 0 0 0 1.70246e-06 1.2967e-06 1.29753e-06 1.70397e-06 0.00014927 0.000149483 0.000149483 0.000149269 0.000217555 0.000217453 0.000217453 0.000217556
1.76 0 0 0 0 -4.56908e-05 -4.5827e-05 -4.58266e-05 -4.56901e-05 9.44979e-06 9.37102e-06 9.37143e-06 9.45074e-06 0.000126978 0.000126942 0.000126942 0.000126977
1.78 0 0 0 0 5.76631e-05 5.80054e-05 5.80042e-05 5.76609e-05 1.96848e-05 1.93818e-05 1.93815e-05 1.96843e-05 9.74635e-05 9.75033e-05 9.7503e-05 9.74631e-05
1.8 0 0 0 0 0.000130157 0.000130683 0.000130685 0.00013016 0.000110708 0.000110573 0.000110573 0.000110708 6.01545e-05 6.01893e-05 6.01896e-05 6.01552e-05
1.82 0 0 0 0 7.81557e-05 7.80376e-05 7.80363e-05 7.81536e-05 0.000139033 0.000139371 0.000139371 0.000139033 6.4741e-06 6.43028e-06 6.43019e-06 6.47394e-06
1.84 0 0 0 0 -9.38343e-06 -9.65016e-06 -9.64942e-06 -9.38249e-06 5.68024e-05 5.70771e-05 5.7077e-05 5.68021e-05 -1.17444e-06 -1.2255e-06 -1.22573e-06 -1.17492e-06
1.86 0 0 0 0 -3.56304e-05 -3.56272e-05 -3.56273e-05 -3.563e-05 -4.80616e-05 -4.82364e-05 -4.82363e-05 -4.80613e-05 4.75488e-05 4.75576e-05 4.75579e-05 4.75494e-05
1.88 0 0 0 0 0.000129155 0.000129822 0.000129822 0.000129153 0.000110299 0.000109785 0.000109785 0.000110299 0.00025517 0.000255216 0.000255216 0.00025517
1.9 0 0 0 0 1.49047e-05 1.47932e-05 1.4794e-05 1.49066e-05 0.000111865 0.000111941 0.000111942 0.000111866 0.000161644 0.000161582 0.000161582 0.000161644
1.92 0 0 0 0 -0.000128387 -0.000129384 -0.000129385 -0.000128389 3.69474e-06 4.28926e-06 4.28922e-06 3.69458e-06 -3.56701e-05 -3.57916e-05 -3.57913e-05 -3.56695e-05
1.94 0 0 0 0 -0.000347812 -0.00034867 -0.00034867 -0.000347813 -0.00043707 -0.000436809 -0.000436809 -0.00043707 -0.000465454 -0.000465445 -0.000465445 -0.000465454
1.96 0 0 0 0 -0.00010399 -0.000103418 -0.000103417 -0.000103987 -0.000488738 -0.000489347 -0.000489347 -0.00048874 -0.000528227 -0.000527978 -0.000527978 -0.000528227
1.98 0 0 0 0 4.63344e-05 4.76637e-05 4.76627e-05 4.6331e-05 -0.00034793 -0.000348574 -0.000348574 -0.000347929 -0.000542354 -0.00054207 -0.00054207 -0.000542354
2 0 0 0 0 6.78057e-06 6.56551e-06 6.56558e-06 6.7815e-06 -0.000106438 -0.000105929 -0.000105929 -0.000106438 -0.00044433 -0.000444283 -0.000444283 -0.000444331
2.02 0 0 0 0 0.000302564 0.00030293 0.000302931 0.000302567 0.000485755 0.000486174 0.000486171 0.000485747 0.00028127 0.000281182 0.000281182 0.000281266
2.04 0 0 0 0 0.000498257 0.000498997 0.000498996 0.000498255 0.000906973 0.000906851 0.000906851 0.000906972 0.00110883 0.00110863 0.00110863 0.00110884
2.06 0 0 0 0 0.000238072 0.000237815 0.000237823 0.000238091 0.000830356 0.000830177 0.000830176 0.000830351 0.00142147 0.00142113 0.00142113 0.00142147
2.08 0 0 0 0 -0.000310194 -0.000312161 -0.000312196 -0.00031031 0.000247964 0.000248183 0.000248169 0.000247922 0.00093252 0.000932106 0.000932095 0.000932481
2.1 0 0 0 0 5.07155e-05 5.04741e-05 5.04613e-05 5.06892e-05 0.000276898 0.000276556 0.000276523 0.000276784 0.000666603 0.000666423 0.000666408 0.000666536
2.12 0 0 0 0 0.000254406 0.000255788 0.000255807 0.00025444 0.000128974 0.000128592 0.0001286 0.000129014 -2.62269e-05 -2.60732e-05 -2.60672e-05 -2.61949e-05
2.14 0 0 0 0 -0.000211677 -0.000212285 -0.000212307 -0.000211723 -0.000575284 -0.000574513 -0.000574501 -0.000575268 -0.0011666 -0.00116644 -0.00116643 -0.0011666
2.16 0 0 0 0 -0.000273228 -0.000272992 -0.000272975 -0.000273191 -0.000861542 -0.000861301 -0.000861327 -0.000861601 -0.00148978 -0.00148945 -0.00148946 -0.0014898
2.18 0 0 0 0 -0.000226612 -0.000225848 -0.000225855 -0.000226634 -0.000903794 -0.000904281 -0.000904257 -0.000903734 -0.0012587 -0.00125827 -0.00125826 -0.00125867
2.2 0 0 0 0 -0.000523766 -0.000524217 -0.000524221 -0.000523767 -0.00100589 -0.00100618 -0.00100619 -0.00100593 -0.00108292 -0.00108268 -0.00108269 -0.00108295
2.22 0 0 0 0 -0.000723501 -0.000725318 -0.000725323 -0.000723546 -0.000946321 -0.000945984 -0.000945992 -0.000946334 -0.000903784 -0.000903726 -0.000903724 -0.000903772
2.24 0 0 0 0 -0.000409005 -0.000410037 -0.000410059 -0.000409057 -0.000564117 -0.000563959 -0.00056395 -0.000564115 -0.000544532 -0.000544502 -0.000544504 -0.000544543
2.26 0 0 0 0 5.01712e-05 5.08932e-05 5.09046e-05 5.01787e-05 -0.000127558 -0.000127893 -0.000127914 -0.000127594 -0.0002175 -0.000217363 -0.000217373 -0.000217513
2.28 0 0 0 0 0.000486633 0.000488043 0.000488025 0.000486598 0.000465235 0.000464996 0.000465008 0.000465243 0.000275392 0.000275467 0.000275475 0.000275401
2.3 0 0 0 0 0.000751449 0.000752915 0.000752923 0.000751463 0.00113851 0.00113861 0.0011386 0.0011385 0.00102718 0.00102702 0.001027 0.00102714
2.32 0 0 0 0 0.000737385 0.000737656 0.000737658 0.000737391 0.00157497 0.00157545 0.00157545 0.00157497 0.00182931 0.00182885 0.00182886 0.00182934
2.34 0 0 0 0 0.0008692 0.000869782 0.000869781 0.000869202 0.00199161 0.00199148 0.00199148 0.00199161 0.00274884 0.00274824 0.00274825 0.00274884
2.36 0 0 0 0 0.00100199 0.00100288 0.00100285 0.00100186 0.00226464 0.00226404 0.00226403 0.00226462 0.00331424 0.00331357 0.00331355 0.00331421
2.38 0 0 0 0 0.000402159 0.000400921 0.00040083 0.000401874 0.00160185 0.00160207 0.00160202 0.0016017 0.00253364 0.00253287 0.00253285 0.00253356
2.4 0 0 0 0 -6.81086e-06 -8.4113e-06 -8.43002e-06 -6.88957e-06 0.000674601 0.000675114 0.000675069 0.000674471 0.00117355 0.00117305 0.00117302 0.00117345
2.42 0 0 0 0 0.000378088 0.000379703 0.000379708 0.000378101 0.000256913 0.000256315 0.00025634 0.000256973 0.000178961 0.000179129 0.000179145 0.000179018
2.44 0 0 0 0 8.32753e-05 8.49632e-05 8.49702e-05 8.33034e-05 -0.000581732 -0.000582118 -0.000582133 -0.000581769 -0.00120675 -0.00120632 -0.00120633 -0.00120679
2.46 0 0 0 0 -0.000958674 -0.0009604 -0.0009604 -0.000958691 -0.00188252 -0.00188153 -0.00188153 -0.00188252 -0.00276081 -0.00276038 -0.00276038 -0.00276081
2.48 0 0 0 0 -0.00113705 -0.00113827 -0.00113828 -0.00113706 -0.00234176 -0.00234152 -0.00234151 -0.00234174 -0.00307557 -0.00307493 -0.00307492 -0.00307554
2.5 0 0 0 0 -0.000921663 -0.000921317 -0.000921297 -0.000921628 -0.00227056 -0.00227151 -0.00227153 -0.00227059 -0.00274526 -0.00274451 -0.00274453 -0.00274531
2.52 0 0 0 0 -0.00161802 -0.00162052 -0.00162054 -0.00161806 -0.00282421 -0.00282404 -0.00282403 -0.00282418 -0.00323161 -0.00323102 -0.00323101 -0.00323157
2.54 0 0 0 0 -0.00174386 -0.00174731 -0.00174734 -0.001744 -0.00287913 -0.00287838 -0.00287842 -0.00287923 -0.00339328 -0.00339281 -0.00339282 -0.0033933
2.56 0 0 0 0 -0.000539738 -0.000538896 -0.000538974 -0.000540018 -0.00170187 -0.00170254 -0.00170258 -0.00170202 -0.00235798 -0.0023573 -0.00235735 -0.00235812
2.58 0 0 0 0 0.000474287 0.000477304 0.000477272 0.000474201 -0.000250289 -0.000251111 -0.000251122 -0.000250338 -0.000959078 -0.000958545 -0.000958552 -0.000959129
2.6 0 0 0 0 0.000410358 0.000410635 0.000410666 0.000410428 0.000646919 0.000647762 0.00064773 0.000646815 0.000231147 0.000231022 0.000231022 0.000231128
2.62 0 0 0 0 0.000496223 0.000495109 0.000495086 0.000496175 0.00155834 0.0015594 0.00155941 0.00155838 0.00193682 0.00193616 0.00193615 0.00193681
2.64 0 0 0 0 0.00106017 0.00106108 0.00106109 0.00106018 0.00251246 0.00251173 0.00251174 0.00251247 0.00379342 0.00379265 0.00379266 0.00379343
2.66 0 0 0 0 0.00116861 0.00116958 0.00116958 0.00116861 0.00283952 0.00283844 0.00283841 0.00283945 0.00445884 0.00445796 0.00445796 0.00445883
2.68 0 0 0 0 0.000999109 0.00099874 0.000998731 0.000999082 0.00273818 0.00273841 0.00273844 0.00273826 0.00394532 0.00394433 0.00394433 0.00394533
2.7 0 0 0 0 0.00126486 0.0012656 0.00126561 0.0012649 0.00268431 0.0026849 0.00268488 0.00268426 0.00317666 0.00317589 0.00317589 0.00317665
2.72 0 0 0 0 0.00128308 0.0012852 0.00128519 0.00128304 0.00208184 0.00208201 0.002082 0.00208185 0.0020801 0.00207974 0.00207974 0.00208012
2.74 0 0 0 0 0.000401362 0.000402126 0.000402111 0.000401287 0.000557161 0.000557244 0.000557259 0.000557173 0.000438266 0.000438211 0.000438204 0.000438246
2.76 0 0 0 0 -0.00029762 -0.000297659 -0.000297644 -0.000297554 -0.000671708 -0.000672026 -0.000672048 -0.000671738 -0.000736747 -0.00073654 -0.000736547 -0.000736759
2.78 0 0 0 0 -0.000671895 -0.000672179 -0.000672184 -0.000671929 -0.00138802 -0.00138855 -0.00138853 -0.00138799 -0.00152577 -0.00152536 -0.00152534 -0.00152573
2.8 0 0 0 0 -0.00108861 -0.00109025 -0.00109026 -0.00108862 -0.00199712 -0.00199692 -0.00199693 -0.00199715 -0.00241088 -0.00241045 -0.00241047 -0.00241091
2.82 0 0 0 0 -0.00174193 -0.00174506 -0.00174504 -0.00174188 -0.00296944 -0.00296855 -0.00296854 -0.00296943 -0.0036821 -0.00368156 -0.00368156 -0.0036821
2.84 0 0 0 0 -0.00162668 -0.00162835 -0.00162838 -0.00162675 -0.00338197 -0.00338195 -0.00338195 -0.00338197 -0.00428873 -0.0042878 -0.00428779 -0.0042887
2.86 0 0 0 0 -0.000728384 -0.000726183 -0.000726168 -0.000728334 -0.00266915 -0.00267052 -0.00267053 -0.00266917 -0.0037326 -0.00373142 -0.00373143 -0.00373262
2.88 0 0 0 0 -0.000619844 -0.000619265 -0.000619263 -0.000619861 -0.00196496 -0.00196493 -0.00196492 -0.00196493 -0.00307495 -0.00307417 -0.00307417 -0.00307495
2.9 0 0 0 0 -0.00110704 -0.00111027 -0.0011103 -0.0011071 -0.00162275 -0.00162097 -0.001621 -0.00162281 -0.00234422 -0.00234408 -0.00234408 -0.00234421
2.92 0 0 0 0 -0.000754698 -0.000756773 -0.000756774 -0.000754762 -0.000915105 -0.000914716 -0.00091474 -0.000915198 -0.000819573 -0.000819583 -0.000819601 -0.000819642
2.94 0 0 0 0 -0.000132074 -0.000131468 -0.000131486 -0.000132101 -0.000199015 -0.000200487 -0.000200465 -0.000198937 0.000513191 0.000513268 0.000513265 0.000513209
2.96 0 0 0 0 0.000453934 0.000455217 0.000455235 0.000453966 0.000781348 0.000780238 0.000780234 0.000781315 0.00139146 0.00139135 0.00139136 0.00139147
2.98 0 0 0 0 0.000945379 0.000945966 0.000945951 0.000945349 0.00190846 0.0019092 0.00190918 0.00190843 0.00202019 0.00201967 0.00201965 0.00202018
3 0 0 0 0 0.00111453 0.0011145 0.0011145 0.00111454 0.00240948 0.00241108 0.00241111 0.00240955 0.0024018 0.00240105 0.00240106 0.00240181
3.02 0 0 0 0 0.00144833 0.00145037 0.00145037 0.00144833 0.00263276 0.00263259 0.00263256 0.00263269 0.00311548 0.00311491 0.00311491 0.00311547
3.04 0 0 0 0 0.00184227 0.00184636 0.00184635 0.00184225 0.0030442 0.00304239 0.0030424 0.00304424 0.00408203 0.00408155 0.00408155 0.00408205
3.06 0 0 0 0 0.00198402 0.00198695 0.00198696 0.00198405 0.00375718 0.00375629 0.0037563 0.00375718 0.00491318 0.00491232 0.00491231 0.00491315
3.08 0 0 0 0 0.00101647 0.00101451 0.0010145 0.00101645 0.00329739 0.00329914 0.00329912 0.00329736 0.00431991 0.00431853 0.00431853 0.00431993
3.1 0 0 0 0 0.000108044 0.000104108 0.000104038 0.000107778 0.00180272 0.00180449 0.0018045 0.00180271 0.00279662 0.00279549 0.00279549 0.0027966
3.12 0 0 0 0 0.000869123 0.000872151 0.000872098 0.000868968 0.00118418 0.00118197 0.00118189 0.00118394 0.0019793 0.00197918 0.00197912 0.00197912
3.14 0 0 0 0 0.00176962 0.0017768 0.00177685 0.00176977 0.00147485 0.00147189 0.00147188 0.00147485 0.00145995 0.00146046 0.00146048 0.00145999
3.16 0 0 0 0 0.000131536 0.000130567 0.000130531 0.0001314 0.000279432 0.000281461 0.000281488 0.000279483 -0.000626044 -0.00062618 -0.00062618 -0.000626025
3.18 0 0 0 0 -0.00198545 -0.00199342 -0.00199343 -0.00198541 -0.00203714 -0.00203286 -0.00203289 -0.00203723 -0.0028715 -0.00287189 -0.00287192 -0.00287158
3.2 0 0 0 0 -0.00168323 -0.00168456 -0.00168452 -0.00168318 -0.00321548 -0.00321673 -0.0032167 -0.00321541 -0.00325326 -0.0032524 -0.00325236 -0.00325317
3.22 0 0 0 0 -0.000349526 -0.000343375 -0.000343432 -0.000349632 -0.00277018 -0.00277543 -0.00277544 -0.00277023 -0.0027561 -0.00275446 -0.00275449 -0.00275617
3.24 0 0 0 0 -0.00104552 -0.00104567 -0.00104561 -0.00104541 -0.00258068 -0.00258067 -0.00258067 -0.00258067 -0.00364205 -0.00364118 -0.00364118 -0.00364204
3.26 0 0 0 0 -0.00290951 -0.0029198 -0.00291983 -0.00290958 -0.00360989 -0.00360396 -0.00360395 -0.00360988 -0.0053804 -0.00538051 -0.00538049 -0.00538036
3.28 0 0 0 0 -0.00210891 -0.00211303 -0.00211303 -0.00210889 -0.00369472 -0.00369322 -0.00369324 -0.00369476 -0.00481044 -0.00480975 -0.00480978 -0.0048105
3.3 0 0 0 0 -0.000541062 -0.000534884 -0.000534856 -0.000541023 -0.00318631 -0.00319142 -0.0031914 -0.00318627 -0.00340184 -0.00340003 -0.00340001 -0.0034018
3.32 0 0 0 0 -0.00116004 -0.00115889 -0.00115897 -0.00116023 -0.00309835 -0.00310045 -0.00310044 -0.00309831 -0.00348259 -0.00348145 -0.00348146 -0.00348263
3.34 0 0 0 0 -0.00102897 -0.00103312 -0.00103319 -0.00102928 -0.00130983 -0.00130696 -0.00130701 -0.00131002 -0.00235273 -0.00235277 -0.00235278 -0.00235275
3.36 0 0 0 0 0.000896241 0.000896371 0.000896416 0.000896488 0.00163294 0.0016351 0.00163507 0.00163287 0.00084447 0.000844015 0.000843998 0.000844374
3.38 0 0 0 0 0.00190978 0.00191353 0.00191354 0.0019097 0.0031048 0.00310394 0.00310398 0.00310489 0.00364486 0.00364436 0.00364437 0.00364489
3.4 0 0 0 0 0.00159899 0.00160114 0.00160107 0.00159889 0.00346008 0.00345838 0.00345834 0.00345997 0.00531498 0.00531406 0.00531407 0.005315
3.42 0 0 0 0 0.00165896 0.00165922 0.00165933 0.00165917 0.00436234 0.00436177 0.00436179 0.00436241 0.00661103 0.00660952 0.00660948 0.00661094
3.44 0 0 0 0 0.00170063 0.00169966 0.00169956 0.00170041 0.00473396 0.00473495 0.00473495 0.00473394 0.00652478 0.00652304 0.00652308 0.00652489
3.46 0 0 0 0 0.000515223 0.00051183 0.000511876 0.000515376 0.00265811 0.00266014 0.00266012 0.00265808 0.00374137 0.00373999 0.00373997 0.0037413
3.48 0 0 0 0 0.000625952 0.000627552 0.000627567 0.000625909 0.00089227 0.000891407 0.000891447 0.000892337 0.00124816 0.00124809 0.00124808 0.00124816
3.5 0 0 0 0 0.00192631 0.00193545 0.00193539 0.00192627 0.00097631 0.000972722 0.000972682 0.000976236 0.000391973 0.00039295 0.000392979 0.000392025
3.52 0 0 0 0 0.00162294 0.00162815 0.00162823 0.00162304 0.00123842 0.00123834 0.00123836 0.00123847 -0.000141052 -0.000140639 -0.000140673 -0.000141118
3.54 0 0 0 0 0.000295394 0.000292721 0.000292644 0.000295296 0.00112342 0.00112708 0.00112708 0.00112342 0.000117374 0.00011677 0.000116793 0.000117419
3.56 0 0 0 0 -0.000134534 -0.000137574 -0.000137523 -0.000134479 0.00096181 0.000963112 0.000963094 0.000961771 0.00164154 0.00164078 0.00164077 0.00164153
3.58 0 0 0 0 0.000556444 0.000558612 0.000558572 0.000556341 0.00130053 0.00129704 0.00129707 0.00130059 0.00344346 0.00344317 0.00344317 0.00344345
3.6 0 0 0 0 0.000835886 0.00083811 0.000838057 0.000835732 0.00181228 0.00180934 0.00180924 0.00181198 0.0036883 0.00368784 0.00368782 0.00368823
3.62 0 0 0 0 -0.000430193 -0.000435439 -0.000435465 -0.00043035 0.000906829 0.000909688 0.000909632 0.000906625 0.00124864 0.00124753 0.00124748 0.00124846
3.64 0 0 0 0 -0.00220994 -0.00221883 -0.00221889 -0.00221004 -0.00215042 -0.00214556 -0.00214547 -0.00215014 -0.00296961 -0.00297 -0.00296997 -0.0029695
3.66 0 0 0 0 -0.0019765 -0.00197657 -0.00197652 -0.00197637 -0.00476457 -0.00476597 -0.00476602 -0.00476473 -0.00594656 -0.00594503 -0.00594503 -0.00594661
3.68 0 0 0 0 -0.000253844 -0.000243436 -0.000243482 -0.00025396 -0.0046513 -0.00465751 -0.00465752 -0.00465131 -0.00642135 -0.00641836 -0.00641839 -0.00642138
3.7 0 0 0 0 -0.000788892 -0.000785508 -0.000785494 -0.000788847 -0.00382818 -0.00382852 -0.00382847 -0.00382807 -0.00653642 -0.00653456 -0.00653452 -0.00653634
3.72 0 0 0 0 -0.0031037 -0.00311473 -0.00311471 -0.00310368 -0.00405592 -0.00404895 -0.00404902 -0.00405608 -0.00648466 -0.00648471 -0.00648474 -0.00648475
3.74 0 0 0 0 -0.00369094 -0.00370123 -0.00370127 -0.003691 -0.0046988 -0.00469561 -0.00469556 -0.00469869 -0.00501462 -0.00501448 -0.00501445 -0.00501453
3.76 0 0 0 0 -0.0030439 -0.0030451 -0.00304502 -0.00304372 -0.00557066 -0.00557574 -0.00557576 -0.00557073 -0.00407677 -0.00407539 -0.00407539 -0.00407681
3.78 0 0 0 0 -0.00153342 -0.00152988 -0.00153003 -0.00153397 -0.00433026 -0.00433603 -0.00433604 -0.00433028 -0.00369417 -0.00369235 -0.00369238 -0.00369421
3.8 0 0 0 0 0.00121965 0.00122429 0.00122418 0.00121933 0.000315667 0.000316219 0.000316271 0.000315784 -0.00170807 -0.0017074 -0.00170738 -0.00170808
3.82 0 0 0 0 0.00286192 0.00286384 0.00286397 0.00286228 0.00442577 0.00443188 0.00443172 0.00442526 0.00141137 0.00141048 0.00141043 0.00141124
3.84 0 0 0 0 0.00265952 0.00265983 0.00265973 0.00265924 0.00546649 0.00547035 0.00547037 0.00546658 0.00507616 0.00507453 0.00507452 0.00507594
3.86 0 0 0 0 0.0027851 0.00278982 0.00278985 0.00278521 0.00590325 0.00589903 0.0058991 0.00590339 0.00965602 0.00965454 0.00965453 0.00965616
3.88 0 0 0 0 0.00297993 0.00298481 0.00298486 0.00297999 0.00706325 0.00705687 0.00705675 0.00706296 0.0126913 0.0126893 0.0126894 0.0126913
3.9 0 0 0 0 0.00177131 0.00176625 0.00176615 0.00177113 0.00709625 0.00709775 0.00709785 0.00709651 0.0111786 0.0111754 0.0111753 0.0111786
3.92 0 0 0 0 0.00125119 0.00124355 0.00124363 0.00125132 0.00567527 0.00568101 0.00568084 0.00567464 0.006964 0.00696096 0.00696094 0.00696379
3.94 0 0 0 0 0.00380215 0.00381022 0.00380984 0.0038009 0.00509653 0.00509578 0.00509574 0.00509654 0.00452621 0.00452594 0.00452588 0.00452616
3.96 0 0 0 0 0.0046276 0.00464517 0.00464524 0.00462787 0.0038626 0.00385736 0.00385746 0.0038627 0.0025793 0.0025805 0.00258055 0.00257944
3.98 0 0 0 0 0.0018428 0.00184765 0.00184781 0.00184295 0.00183194 0.00183185 0.00183165 0.00183152 0.000686385 0.000686549 0.000686451 0.000686108
4 0 0 0 0 -8.4938e-05 -9.01914e-05 -9.05596e-05 -8.57873e-05 0.00147191 0.00147565 0.00147582 0.0014723 0.00154025 0.00153919 0.00153924 0.00154046
4.02 0 0 0 0 -0.00267161 -0.00268221 -0.00268191 -0.00267089 -0.0013257 -0.00132321 -0.00132326 -0.00132582 0.000560474 0.00055916 0.000559177 0.000560375
4.04 0 0 0 0 -0.0063442 -0.00635971 -0.00635989 -0.00634474 -0.00781766 -0.00781796 -0.00781807 -0.00781802 -0.00537997 -0.00537979 -0.00537991 -0.00538009
4.06 0 0 0 0 -0.00694286 -0.00695006 -0.00695008 -0.00694275 -0.0125933 -0.0125971 -0.012597 -0.0125931 -0.0126556 -0.0126528 -0.0126527 -0.0126557
4.08 0 0 0 0 -0.0037782 -0.00377219 -0.00377201 -0.00377796 -0.0121934 -0.0121973 -0.0121974 -0.0121935 -0.0172399 -0.0172347 -0.0172348 -0.0172398
4.1 0 0 0 0 -0.00222771 -0.0022213 -0.00222156 -0.00222814 -0.0103036 -0.0103007 -0.0103007 -0.0103036 -0.0192696 -0.019265 -0.0192649 -0.0192697
4.12 0 0 0 0 -0.00348768 -0.00349159 -0.00349143 -0.00348752 -0.00946978 -0.00946229 -0.00946254 -0.00947065 -0.0174948 -0.0174917 -0.0174919 -0.0174952
4.14 0 0 0 0 -0.00371829 -0.00372248 -0.00372311 -0.00372021 -0.00766603 -0.0076658 -0.00766626 -0.00766763 -0.0100512 -0.0100492 -0.0100494 -0.0100519
4.16 0 0 0 0 -0.00257204 -0.00257269 -0.0025727 -0.00257222 -0.00403213 -0.00403902 -0.00403873 -0.00403106 -0.000626719 -0.000625866 -0.000625877 -0.000626416
4.18 0 0 0 0 -0.0019953 -0.0020022 -0.00200193 -0.00199479 1.01848e-05 6.52124e-06 6.50542e-06 9.82712e-06 0.00514262 0.00514133 0.00514138 0.00514256
4.2 0 0 0 0 -0.00198621 -0.00200199 -0.00200227 -0.00198669 0.00211305 0.00211868 0.00211837 0.00211251 0.00512233 0.00511917 0.00511906 0.00512213
4.22 0 0 0 0 0.00151328 0.00151018 0.00151052 0.00151394 0.00421088 0.00421531 0.0042157 0.00421172 0.00432362 0.00432207 0.00432217 0.00432393
4.24 0 0 0 0 0.00806726 0.00809228 0.00809201 0.00806667 0.00865416 0.0086479 0.00864758 0.00865341 0.00711275 0.00711344 0.00711336 0.00711241
4.26 0 0 0 0 0.0100992 0.010126 0.0101261 0.0100995 0.0124424 0.0124376 0.0124378 0.0124427 0.0110176 0.0110175 0.0110176 0.0110179
4.28 0 0 0 0 0.00382521 0.00382033 0.00382044 0.00382536 0.0104724 0.0104803 0.0104804 0.0104724 0.0116242 0.0116201 0.0116201 0.0116239
4.3 0 0 0 0 -0.00158503 -0.00160743 -0.00160765 -0.00158541 0.00591088 0.00591866 0.00591842 0.00591054 0.0115475 0.0115422 0.0115422 0.0115475
4.32 0 0 0 0 -0.000683097 -0.000686361 -0.000686125 -0.000682689 0.00288097 0.00287319 0.00287346 0.00288139 0.0109284 0.0109264 0.0109266 0.0109285
4.34 0 0 0 0 0.00140594 0.00141686 0.0014167 0.00140569 0.00111272 0.00110084 0.00110058 0.00111225 0.00550588 0.00550637 0.00550613 0.00550541
4.36 0 0 0 0 0.00259492 0.00260301 0.00260308 0.00259501 0.00158487 0.00158621 0.0015863 0.00158499 -0.00174489 -0.00174386 -0.0017437 -0.00174465
4.38 0 0 0 0 0.00405525 0.00406148 0.00406151 0.00405535 0.00364248 0.00365308 0.00365312 0.00364264 -0.00436164 -0.00436127 -0.00436131 -0.00436159
4.4 0 0 0 0 0.00377995 0.00378822 0.00378814 0.00377977 0.00337989 0.00338481 0.00338468 0.00337953 -0.00180307 -0.0018027 -0.00180278 -0.00180338
4.42 0 0 0 0 -0.000946781 -0.00094606 -0.000945957 -0.00094657 -0.00132023 -0.00132428 -0.00132415 -0.00131988 0.00077834 0.000778774 0.000778874 0.000778659
4.44 0 0 0 0 -0.00493376 -0.00494478 -0.00494488 -0.00493393 -0.0045724 -0.00457942 -0.00457951 -0.00457262 0.00229353 0.00229286 0.0022928 0.00229334
4.46 0 0 0 0 -0.0051389 -0.00515294 -0.00515289 -0.00513885 -0.00427521 -0.00427754 -0.00427752 -0.00427516 0.000915317 0.000914326 0.000914326 0.000915348
4.48 0 0 0 0 -0.00259236 -0.00260169 -0.00260168 -0.00259233 -0.00297927 -0.00297488 -0.00297483 -0.00297914 -0.00378598 -0.00378623 -0.0037862 -0.0037859
4.5 0 0 0 0 -0.000966381 -0.000965501 -0.000965544 -0.000966495 -0.00453031 -0.00452506 -0.00452515 -0.00453055 -0.0104818 -0.0104798 -0.0104798 -0.0104819
4.52 0 0 0 0 -0.00017329 -0.000162756 -0.000162694 -0.000173135 -0.00674176 -0.00674179 -0.0067417 -0.00674154 -0.0137523 -0.0137482 -0.0137481 -0.0137522
4.54 0 0 0 0 0.000850342 0.000866771 0.000866724 0.000850218 -0.00531609 -0.00532206 -0.0053221 -0.00531622 -0.00988425 -0.00988004 -0.00988005 -0.00988433
4.56 0 0 0 0 -0.00219117 -0.00219354 -0.00219353 -0.00219115 -0.00413829 -0.00413837 -0.00413839 -0.00413828 -0.00493636 -0.00493536 -0.00493536 -0.00493629
4.58 0 0 0 0 -0.00720273 -0.00723014 -0.00723011 -0.00720265 -0.00560105 -0.00559344 -0.00559338 -0.00560096 -0.00287994 -0.0028821 -0.00288209 -0.00287998
4.6 0 0 0 0 -0.00645063 -0.00646985 -0.00646988 -0.00645069 -0.0058775 -0.00587685 -0.00587693 -0.00587764 -0.00157299 -0.0015741 -0.00157413 -0.001573
4.62 0 0 0 0 0.00112173 0.00113432 0.00113435 0.00112179 -0.00108145 -0.00109214 -0.00109208 -0.00108134 0.00094563 0.000947518 0.000947564 0.000945686
4.64 0 0 0 0 0.00592375 0.00594595 0.00594593 0.0059237 0.00454706 0.00454221 0.00454218 0.00454702 0.00150206 0.00150382 0.00150377 0.00150199
4.66 0 0 0 0 0.0046379 0.00463973 0.00463972 0.00463789 0.00706112 0.00707264 0.00707263 0.00706111 0.00147441 0.00147299 0.00147302 0.00147446
4.68 0 0 0 0 0.00251562 0.0025098 0.00250981 0.00251564 0.00681063 0.00682066 0.00682068 0.00681068 0.00518954 0.00518679 0.00518678 0.00518954
4.7 0 0 0 0 0.0022987 0.00230282 0.0023028 0.00229868 0.00572733 0.00572054 0.0057205 0.00572725 0.0113352 0.0113335 0.0113335 0.0113351
4.72 0 0 0 0 0.00204329 0.00205047 0.00205049 0.00204332 0.00551641 0.00550325 0.00550328 0.00551647 0.0143067 0.0143052 0.0143053 0.0143067
4.74 0 0 0 0 -1.48627e-07 -9.0429e-06 -9.05624e-06 -1.69769e-07 0.00504328 0.00504387 0.00504385 0.00504325 0.0103025 0.0102992 0.0102992 0.0103024
4.76 0 0 0 0 0.000309635 0.000296661 0.000296661 0.000309623 0.00453316 0.00454408 0.00454408 0.00453317 0.00391175 0.00390872 0.00390873 0.00391176
4.78 0 0 0 0 0.00600345 0.0060194 0.00601941 0.00600348 0.00631655 0.0063172 0.00631722 0.00631659 0.00259246 0.00259296 0.00259296 0.00259247
4.8 0 0 0 0 0.0089214 0.00895365 0.00895365 0.00892142 0.00747453 0.007466 0.00746598 0.00747447 0.00432723 0.00432948 0.00432948 0.00432722
4.82 0 0 0 0 0.00376471 0.00377258 0.00377267 0.00376487 0.00545459 0.00545425 0.00545423 0.00545451 0.00510853 0.00510792 0.00510791 0.00510853
4.84 0 0 0 0 -0.00282002 -0.00284193 -0.00284217 -0.00282088 0.00225514 0.00226342 0.00226342 0.00225519 0.00573469 0.00573084 0.00573082 0.00573464
4.86 0 0 0 0 -0.00510102 -0.00512243 -0.00512249 -0.00510106 -0.00148578 -0.00148397 -0.00148404 -0.0014861 0.00474119 0.00473821 0.0047382 0.00474115
4.88 0 0 0 0 -0.00313859 -0.00314032 -0.00314022 -0.00313855 -0.00445087 -0.00446012 -0.00446045 -0.00445206 0.000176509 0.000177066 0.000176951 0.000176145
4.9 0 0 0 0 -0.000544323 -0.000533923 -0.000534104 -0.000544594 -0.00532448 -0.00533059 -0.00533045 -0.00532382 -0.00720861 -0.0072055 -0.00720551 -0.00720875
4.92 0 0 0 0 0.000528507 0.000535565 0.000535761 0.00052889 -0.00449964 -0.00449416 -0.0044941 -0.00449975 -0.0130309 -0.0130277 -0.0130277 -0.0130306
4.94 0 0 0 0 -0.00218774 -0.00219227 -0.00219242 -0.0021881 -0.00675434 -0.00674295 -0.00674321 -0.00675481 -0.0159554 -0.0159534 -0.0159535 -0.0159557
4.96 0 0 0 0 -0.00572404 -0.00573193 -0.00573187 -0.00572383 -0.011193 -0.0111906 -0.0111903 -0.0111923 -0.0145929 -0.0145901 -0.0145901 -0.0145928
4.98 0 0 0 0 -0.00587735 -0.00587706 -0.00587701 -0.00587739 -0.0117376 -0.0117495 -0.0117498 -0.0117382 -0.00903319 -0.00902975 -0.00902969 -0.00903311
5 0 0 0 0 -0.0059599 -0.00596625 -0.00596638 -0.00596002 -0.00940413 -0.00941115 -0.00941106 -0.00940379 -0.00609938 -0.00609769 -0.00609777 -0.00609955
5.02 0 0 0 0 -0.00404464 -0.00405949 -0.00405931 -0.00404439 -0.00428658 -0.00428032 -0.00428023 -0.00428657 -0.00497416 -0.00497465 -0.0049746 -0.00497401
5.04 0 0 0 0 0.000186755 0.000182428 0.000182271 0.000186544 0.000528092 0.000536601 0.000536382 0.000527811 -0.00334049 -0.00334104 -0.00334106 -0.00334059
5.06 0 0 0 0 0.00423179 0.00424501 0.0042451 0.00423186 0.00336222 0.00336148 0.00336173 0.00336259 0.000226911 0.000228021 0.000228017 0.000226973
5.08 0 0 0 0 0.00472994 0.00474754 0.00474753 0.00472998 0.00466316 0.00465642 0.00465623 0.00466289 0.00471354 0.00471435 0.00471437 0.0047135
5.1 0 0 0 0 0.00105487 0.00105162 0.00105157 0.0010547 0.00439611 0.00439624 0.00439633 0.00439618 0.00742669 0.00742473 0.0074247 0.0074267
5.12 0 0 0 0 -0.00324166 -0.00326301 -0.00326293 -0.00324146 0.00194042 0.00194689 0.00194689 0.00194049 0.00658257 0.00657866 0.0065787 0.0065826
5.14 0 0 0 0 -0.00276505 -0.00277768 -0.00277774 -0.00276519 -0.000280284 -0.000279701 -0.00027977 -0.000280468 0.00395491 0.00395299 0.00395292 0.00395482
5.16 0 0 0 0 0.00239452 0.00240903 0.00240905 0.00239455 0.00076369 0.000754716 0.000754807 0.000763888 0.0017376 0.00173925 0.00173933 0.00173771
5.18 0 0 0 0 0.00434285 0.00436133 0.00436135 0.0043429 0.00196021 0.00195687 0.00195679 0.00196006 -0.00186935 -0.00186723 -0.00186727 -0.00186941
5.2 0 0 0 0 0.00415249 0.00415889 0.00415886 0.00415238 0.0042748 0.00428233 0.00428237 0.00427486 -0.00161811 -0.00161799 -0.00161799 -0.00161814
5.22 0 0 0 0 0.00407433 0.00407851 0.00407854 0.00407442 0.00681559 0.00682113 0.00682112 0.00681562 0.00455689 0.00455547 0.00455552 0.00455699
5.24 0 0 0 0 0.000653563 0.000649061 0.000649048 0.000653502 0.00456926 0.00456795 0.00456792 0.00456915 0.00914326 0.00914086 0.00914081 0.00914315
5.26 0 0 0 0 -0.00498074 -0.00499771 -0.00499771 -0.00498071 -0.001711 -0.00171502 -0.00171498 -0.00171086 0.00688065 0.00687817 0.0068782 0.0068807
5.28 0 0 0 0 -0.00258363 -0.00259018 -0.00259016 -0.00258365 -0.00144 -0.00144606 -0.00144609 -0.00144012 0.00444687 0.00444607 0.00444607 0.00444689
5.3 0 0 0 0 0.00316341 0.00317535 0.00317532 0.00316338 0.0025861 0.00258373 0.00258373 0.00258615 0.000935689 0.0009365 0.000936488 0.000935645
5.32 0 0 0 0 0.00384611 0.00385359 0.00385363 0.00384618 0.00275304 0.00276152 0.00276154 0.00275306 -0.00478079 -0.00477996 -0.00477995 -0.00478075
5.34 0 0 0 0 0.00347427 0.00348269 0.00348266 0.00347422 0.00211599 0.0021222 0.00212216 0.00211591 -0.0045068 -0.00450574 -0.00450575 -0.00450683
5.36 0 0 0 0 0.00116824 0.00117583 0.00117583 0.00116826 0.000111606 0.000107986 0.000108022 0.000111678 -0.00014085 -0.000139921 -0.00013992 -0.00014083
5.38 0 0 0 0 -0.00553429 -0.00554802 -0.00554801 -0.00553427 -0.00539722 -0.00540117 -0.00540119 -0.00539726 0.000133707 0.000133097 0.000133096 0.000133688
5.4 0 0 0 0 -0.00939111 -0.00941713 -0.00941715 -0.00939116 -0.00935738 -0.00935756 -0.00935756 -0.00935737 -0.00340683 -0.00340791 -0.00340791 -0.00340681
5.42 0 0 0 0 -0.00400932 -0.00401562 -0.00401559 -0.00400929 -0.00646725 -0.00646922 -0.0064692 -0.00646724 -0.00564488 -0.00564374 -0.00564373 -0.00564487
5.44 0 0 0 0 -0.000907556 -0.000900537 -0.000900548 -0.000907559 -0.00616923 -0.00616818 -0.0061682 -0.00616926 -0.0121427 -0.0121395 -0.0121396 -0.0121428
5.46 0 0 0 0 -0.00575159 -0.00576047 -0.00576045 -0.00575156 -0.0134013 -0.0133916 -0.0133915 -0.0134012 -0.0227319 -0.0227281 -0.0227281 -0.0227319
5.48 0 0 0 0 -0.0059158 -0.0059156 -0.00591559 -0.00591576 -0.0158261 -0.0158256 -0.0158256 -0.015826 -0.0232468 -0.0232413 -0.0232413 -0.0232468
5.5 0 0 0 0 0.000621104 0.000644724 0.000643945 0.000618036 -0.00787456 -0.00788863 -0.00788897 -0.00787601 -0.0111727 -0.0111669 -0.0111671 -0.0111733
5.52 0 0 0 0 0.00183866 0.00184733 0.00184712 0.00183844 0.00111439 0.00111041 0.00111037 0.00111429 0.000994018 0.00099478 0.000994695 0.000993813
5.54 0 0 0 0 -0.0020222 -0.00204875 -0.00204817 -0.0020209 0.00561643 0.00563095 0.00563116 0.00561701 0.00850175 0.00849624 0.00849636 0.00850207
5.56 0 0 0 0 -0.000176797 -0.000197933 -0.000198561 -0.00017837 0.0089239 0.00893112 0.00893081 0.00892298 0.0156221 0.015616 0.0156159 0.0156218
5.58 0 0 0 0 0.0074489 0.00746778 0.00746815 0.00744996 0.0132782 0.0132647 0.0132648 0.0132788 0.0215214 0.0215191 0.0215191 0.0215214
5.6 0 0 0 0 0.0134585 0.0134933 0.0134932 0.0134582 0.0193434 0.0193297 0.0193296 0.0193432 0.0240183 0.0240167 0.0240167 0.0240184
5.62 0 0 0 0 0.0141193 0.0141362 0.0141359 0.0141189 0.0248911 0.024898 0.0248978 0.0248909 0.0246096 0.0246042 0.0246041 0.0246095
5.64 0 0 0 0 0.0111526 0.0111498 0.0111502 0.0111533 0.0251709 0.0251884 0.0251887 0.0251714 0.025511 0.0255028 0.0255029 0.0255111
5.66 0 0 0 0 0.00718604 0.00718228 0.00718069 0.00718034 0.0185154 0.0185176 0.0185174 0.0185153 0.0255509 0.0255444 0.0255443 0.0255506
5.68 0 0 0 0 0.00205599 0.00205976 0.00205959 0.00205524 0.00780919 0.00779325 0.00779254 0.00780623 0.0197073 0.0197044 0.0197042 0.0197071
5.7 0 0 0 0 -0.000529718 -0.000528203 -0.000527753 -0.000528737 0.00133765 0.00132502 0.00132437 0.00133524 0.00930407 0.00930195 0.00930161 0.00930219
5.72 0 0 0 0 0.00115663 0.00115731 0.00115642 0.0011544 0.00119455 0.00119838 0.00119868 0.00119555 -0.00115004 -0.00114959 -0.00114954 -0.00114949
5.74 0 0 0 0 0.000550756 0.000549741 0.000550614 0.000552906 -0.00199418 -0.00198016 -0.00198024 -0.00199459 -0.011938 -0.0119369 -0.0119367 -0.0119378
5.76 0 0 0 0 -0.00573875 -0.00574697 -0.00574744 -0.00573994 -0.0134348 -0.0134259 -0.0134261 -0.0134351 -0.0226024 -0.0225989 -0.0225993 -0.0226034
5.78 0 0 0 0 -0.0106236 -0.010626 -0.0106261 -0.0106238 -0.0236633 -0.0236719 -0.0236717 -0.023663 -0.0272701 -0.0272623 -0.0272618 -0.0272689
5.8 0 0 0 0 -0.00970061 -0.00969511 -0.00969463 -0.00969977 -0.0231977 -0.0232142 -0.0232144 -0.023198 -0.0242702 -0.0242628 -0.0242631 -0.0242712
5.82 0 0 0 0 -0.00931296 -0.00932478 -0.00932543 -0.00931413 -0.0176042 -0.0176034 -0.0176033 -0.0176041 -0.0214117 -0.0214073 -0.0214072 -0.0214114
5.84 0 0 0 0 -0.0136674 -0.0137092 -0.0137086 -0.0136665 -0.0182277 -0.0182067 -0.0182068 -0.0182278 -0.0247464 -0.024746 -0.0247457 -0.0247461
5.86 0 0 0 0 -0.0165313 -0.0165684 -0.0165686 -0.0165312 -0.0254337 -0.025422 -0.025422 -0.0254338 -0.0305379 -0.0305346 -0.0305351 -0.0305386
5.88 0 0 0 0 -0.0133325 -0.0133324 -0.0133325 -0.0133342 -0.0303489 -0.0303642 -0.0303643 -0.0303492 -0.033617 -0.0336073 -0.0336069 -0.0336165
5.9 0 0 0 0 -0.00515173 -0.00512501 -0.00512681 -0.00515934 -0.0230816 -0.0231033 -0.0231036 -0.0230827 -0.0295002 -0.0294888 -0.0294893 -0.0295011
5.92 0 0 0 0 0.00243339 0.00245166 0.00245051 0.00243023 -0.00547251 -0.00547113 -0.0054719 -0.00547649 -0.017004 -0.0169991 -0.0169994 -0.0170054
5.94 0 0 0 0 0.00187201 0.0018558 0.00185723 0.00187587 0.00633613 0.00636227 0.00636135 0.0063336 -0.0026601 -0.00266382 -0.00266394 -0.0026613
5.96 0 0 0 0 0.000602527 0.000579884 0.00057885 0.000599579 0.00990656 0.00991966 0.00992036 0.00990857 0.0139142 0.0139079 0.0139079 0.0139144
5.98 0 0 0 0 0.00777989 0.00779988 0.00780015 0.00778101 0.0168481 0.016823 0.0168226 0.0168466 0.0337431 0.0337392 0.0337393 0.0337433
6 0 0 0 0 0.0156109 0.0156463 0.0156468 0.0156114 0.0290948 0.0290684 0.0290682 0.0290946 0.0466948 0.0466889 0.0466887 0.0466941
6.02 0 0 0 0 0.015633 0.0156311 0.0156302 0.0156313 0.0375113 0.0375244 0.0375249 0.0375122 0.0458025 0.0457901 0.0457903 0.0458031
6.04 0 0 0 0 0.0148313 0.0148165 0.0148175 0.0148333 0.0377721 0.0378018 0.0378011 0.037771 0.0397494 0.0397355 0.0397354 0.039749
6.06 0 0 0 0 0.0163406 0.0163624 0.0163617 0.0163393 0.0298669 0.0298673 0.0298679 0.029868 0.0344521 0.0344454 0.0344454 0.0344522
6.08 0 0 0 0 0.0167565 0.0168102 0.0168106 0.0167573 0.0217504 0.0217218 0.0217215 0.0217499 0.0304769 0.0304768 0.0304769 0.030477
6.1 0 0 0 0 0.0114788 0.011506 0.0115056 0.011475 0.0179551 0.0179405 0.0179403 0.0179546 0.024656 0.0246537 0.0246534 0.0246556
6.12 0 0 0 0 0.000903261 0.000872075 0.000870384 0.000898504 0.0120546 0.0120758 0.0120758 0.0120539 0.0136608 0.013653 0.0136531 0.0136608
6.14 0 0 0 0 -0.00349772 -0.00353177 -0.00353136 -0.00349843 0.00343165 0.003451 0.0034505 0.00342996 0.00385038 0.00384472 0.00384451 0.00384989
6.16 0 0 0 0 -0.00105715 -0.00104338 -0.00104399 -0.00105723 -0.00579047 -0.00580401 -0.00580363 -0.00578967 -0.00392397 -0.00392047 -0.00392031 -0.00392356
6.18 0 0 0 0 -0.00383041 -0.00380857 -0.003808 -0.00382995 -0.0158909 -0.015912 -0.0159122 -0.0158912 -0.0168244 -0.0168166 -0.0168167 -0.0168247
6.2 0 0 0 0 -0.0159496 -0.0159771 -0.0159776 -0.0159505 -0.0285294 -0.0285207 -0.0285207 -0.02853 -0.0368799 -0.0368741 -0.0368741 -0.0368799
6.22 0 0 0 0 -0.024291 -0.0243456 -0.0243455 -0.0242906 -0.0399472 -0.0399229 -0.0399229 -0.0399467 -0.0533538 -0.0533476 -0.0533474 -0.0533535
6.24 0 0 0 0 -0.020647 -0.0206613 -0.0206611 -0.0206471 -0.0449509 -0.0449532 -0.0449533 -0.0449515 -0.0580128 -0.0579999 -0.0580002 -0.0580134
6.26 0 0 0 0 -0.0161096 -0.0160921 -0.0160924 -0.0161093 -0.0449551 -0.0449758 -0.0449758 -0.0449546 -0.0568942 -0.056877 -0.0568767 -0.0568938
6.28 0 0 0 0 -0.0191465 -0.019159 -0.0191585 -0.0191465 -0.0423297 -0.0423312 -0.042331 -0.0423294 -0.0553458 -0.0553333 -0.0553334 -0.0553459
6.3 0 0 0 0 -0.0198928 -0.0199363 -0.0199381 -0.0198994 -0.0341623 -0.0341437 -0.0341443 -0.0341638 -0.0465319 -0.0465259 -0.046526 -0.0465322
6.32 0 0 0 0 -0.0129541 -0.0129808 -0.0129825 -0.0129628 -0.0227295 -0.0227236 -0.0227252 -0.0227364 -0.0293343 -0.0293301 -0.0293304 -0.0293354
6.34 0 0 0 0 -0.00276163 -0.00275028 -0.00275098 -0.0027647 -0.00967368 -0.00968743 -0.00968758 -0.00967356 -0.00905666 -0.00905228 -0.00905254 -0.00905726
6.36 0 0 0 0 0.00594278 0.00596552 0.00596569 0.00594391 0.00694825 0.0069352 0.00693622 0.00695043 0.0107987 0.0107994 0.0107997 0.0107994
6.38 0 0 0 0 0.0120119 0.012019 0.0120192 0.0120122 0.0251917 0.0251973 0.0251961 0.0251888 0.0292546 0.0292473 0.029247 0.0292539
6.4 0 0 0 0 0.0190481 0.0190539 0.0190533 0.0190461 0.0416752 0.041689 0.0416896 0.0416769 0.0485061 0.0484935 0.0484936 0.0485062
6.42 0 0 0 0 0.0248033 0.0248278 0.0248281 0.0248042 0.0510434 0.0510426 0.0510423 0.0510422 0.0646973 0.0646837 0.0646838 0.0646974
6.44 0 0 0 0 0.028053 0.0280908 0.0280909 0.0280529 0.0556425 0.055629 0.0556285 0.0556422 0.0751559 0.0751421 0.075142 0.0751557
6.46 0 0 0 0 0.0276658 0.027696 0.0276958 0.0276661 0.0575587 0.0575507 0.0575515 0.05756 0.0771822 0.0771669 0.077167 0.0771824
6.48 0 0 0 0 0.0228631 0.0228693 0.0228697 0.0228632 0.0530889 0.0530973 0.0530967 0.0530883 0.0683415 0.0683246 0.0683246 0.0683413
6.5 0 0 0 0 0.0181902 0.0181902 0.0181871 0.0181789 0.0419956 0.0420014 0.0420003 0.0419891 0.0527322 0.0527177 0.0527172 0.0527301
6.52 0 0 0 0 0.0124173 0.0124277 0.0124251 0.0124048 0.0241592 0.0241523 0.0241499 0.0241519 0.0313052 0.0312987 0.031298 0.0313034
6.54 0 0 0 0 0.000309524 0.000317535 0.000318561 0.000313325 -0.00044471 -0.00045112 -0.000450532 -0.000443529 0.00171071 0.00171129 0.00171142 0.00171067
6.56 0 0 0 0 -0.0159972 -0.0160231 -0.0160231 -0.0159976 -0.0281698 -0.0281661 -0.0281661 -0.0281697 -0.0334016 -0.0333956 -0.0333955 -0.0334011
6.58 0 0 0 0 -0.0252039 -0.0252373 -0.0252384 -0.0252075 -0.0493558 -0.0493513 -0.049352 -0.0493577 -0.0625994 -0.0625875 -0.0625876 -0.0625999
6.6 0 0 0 0 -0.0251868 -0.0251931 -0.0251919 -0.0251833 -0.0595179 -0.0595227 -0.0595221 -0.0595166 -0.0794064 -0.0793876 -0.0793878 -0.0794068
6.62 0 0 0 0 -0.0231878 -0.0231872 -0.0231879 -0.0231903 -0.0601111 -0.060117 -0.0601175 -0.0601122 -0.0837418 -0.0837207 -0.0837204 -0.0837412
6.64 0 0 0 0 -0.0223317 -0.022342 -0.022342 -0.0223304 -0.0528644 -0.0528594 -0.0528592 -0.0528638 -0.0749857 -0.0749694 -0.0749696 -0.0749862
6.66 0 0 0 0 -0.0262766 -0.026321 -0.02632 -0.0262763 -0.0474438 -0.0474291 -0.0474288 -0.0474426 -0.0613918 -0.0613819 -0.0613819 -0.0613917
6.68 0 0 0 0 -0.0247584 -0.0248045 -0.0248059 -0.0247591 -0.0399748 -0.039972 -0.0399725 -0.0399762 -0.0427295 -0.0427227 -0.0427224 -0.0427288
6.7 0 0 0 0 -0.00821494 -0.00820801 -0.00820704 -0.00821411 -0.0183997 -0.0184197 -0.018419 -0.018398 -0.0148285 -0.0148222 -0.0148225 -0.0148288
6.72 0 0 0 0 0.0122413 0.012281 0.0122803 0.0122404 0.0139022 0.013886 0.0138857 0.0139013 0.0156935 0.0156943 0.0156944 0.0156934
6.74 0 0 0 0 0.0245376 0.0245641 0.0245644 0.0245379 0.0442549 0.0442692 0.0442687 0.0442542 0.0438605 0.0438506 0.0438507 0.0438609
6.76 0 0 0 0 0.0306115 0.0306243 0.0306242 0.0306106 0.064721 0.0647448 0.0647453 0.0647218 0.0720974 0.0720785 0.0720784 0.0720972
6.78 0 0 0 0 0.0381553 0.0381949 0.0381948 0.0381558 0.0785094 0.0785031 0.0785024 0.0785081 0.102281 0.10226 0.10226 0.10228
6.8 0 0 0 0 0.0377178 0.0377617 0.0377624 0.0377183 0.0812473 0.0812235 0.0812239 0.0812484 0.117055 0.117033 0.117033 0.117055
6.82 0 0 0 0 0.0286913 0.0286956 0.0286947 0.0286909 0.0736689 0.0736652 0.0736654 0.0736694 0.107629 0.107604 0.107604 0.107629
6.84 0 0 0 0 0.0273158 0.027309 0.027306 0.0272957 0.066172 0.0661741 0.0661694 0.0661536 0.0874351 0.0874104 0.0874091 0.0874295
6.86 0 0 0 0 0.0289616 0.0289795 0.0289707 0.0289225 0.0532092 0.0532059 0.0532014 0.0531918 0.0602507 0.0602373 0.0602357 0.0602469
6.88 0 0 0 0 0.0179517 0.017985 0.0179831 0.0179406 0.0256177 0.0256184 0.0256195 0.0256221 0.0233011 0.0232991 0.0232997 0.0233031
6.9 0 0 0 0 -0.0026136 -0.00260932 -0.00260738 -0.00260822 -0.00904527 -0.00904514 -0.00904538 -0.00904724 -0.0150249 -0.0150218 -0.0150221 -0.0150262
6.92 0 0 0 0 -0.0221991 -0.0222299 -0.0222319 -0.0222034 -0.0409424 -0.0409419 -0.040943 -0.0409444 -0.0481558 -0.0481463 -0.0481463 -0.0481554
6.94 0 0 0 0 -0.038604 -0.0386585 -0.0386581 -0.0386055 -0.0698147 -0.0698142 -0.0698132 -0.0698128 -0.0804145 -0.0803996 -0.0803995 -0.0804147
6.96 0 0 0 0 -0.0478395 -0.0478974 -0.0478982 -0.0478404 -0.0917794 -0.0917803 -0.0917818 -0.0917831 -0.11037 -0.110348 -0.110348 -0.110371
6.98 0 0 0 0 -0.0509728 -0.0510208 -0.0510206 -0.0509738 -0.105581 -0.105579 -0.105579 -0.10558 -0.134898 -0.134869 -0.134868 -0.134897
7 0 0 0 0 -0.055417 -0.0554654 -0.0554649 -0.0554083 -0.116544 -0.116534 -0.116534 -0.116542 -0.154026 -0.153994 -0.153995 -0.154027
7.02 0 0 0 0 -0.0553466 -0.0553955 -0.0553969 -0.0553481 -0.118215 -0.118208 -0.118208 -0.118214 -0.156726 -0.156693 -0.156692 -0.156725
7.04 0 0 0 0 -0.039587 -0.0396239 -0.0396346 -0.0396605 -0.0958459 -0.0958708 -0.0958816 -0.0958888 -0.128302 -0.12827 -0.128272 -0.128309
7.06 0 0 0 0 -0.0204632 -0.0204602 -0.0204753 -0.0205075 -0.0567126 -0.0567333 -0.0567407 -0.0567418 -0.0786694 -0.0786553 -0.0786593 -0.0786843
7.08 0 0 0 0 -0.0136656 -0.013704 -0.0136993 -0.0136701 -0.0214937 -0.0214801 -0.0214783 -0.0214948 -0.0290764 -0.0290714 -0.0290706 -0.0290739
7.1 0 0 0 0 -0.00401776 -0.00406622 -0.00407083 -0.00402271 0.0109669 0.0109861 0.0109823 0.0109627 0.0211393 0.0211288 0.0211299 0.0211417
7.12 0 0 0 0 0.0180027 0.018017 0.0180207 0.0180121 0.0450714 0.0450584 0.0450623 0.0450763 0.0699534 0.069937 0.0699347 0.0699478
7.14 0 0 0 0 0.0361127 0.0361584 0.0361564 0.0361002 0.0723114 0.0722864 0.0722825 0.0723033 0.100695 0.100679 0.10068 0.100698
7.16 0 0 0 0 0.041601 0.0416385 0.0416357 0.0416042 0.08739 0.0873956 0.0873965 0.0873923 0.109608 0.109582 0.109583 0.109608
7.18 0 0 0 0 0.0470309 0.0470616 0.0470663 0.0470305 0.0966281 0.0966457 0.0966466 0.0966275 0.113564 0.113539 0.113537 0.113562
7.2 0 0 0 0 0.0522298 0.0523005 0.0522943 0.052227 0.0981127 0.0981114 0.0981095 0.0981114 0.117056 0.117032 0.117034 0.117058
7.22 0 0 0 0 0.0454084 0.0454715 0.04548 0.0454237 0.0863163 0.0863022 0.086304 0.0863204 0.110443 0.110424 0.110423 0.110442
7.24 0 0 0 0 0.0282832 0.0283025 0.028294 0.0282693 0.0650717 0.0650678 0.0650674 0.065071 0.0902687 0.0902478 0.090248 0.0902686
7.26 0 0 0 0 0.011014 0.0109916 0.0109945 0.0110166 0.0384426 0.0384501 0.0384496 0.0384413 0.0579207 0.0579057 0.0579064 0.0579231
7.28 0 0 0 0 0.00428843 0.00428637 0.00428947 0.00429796 0.0138659 0.0138665 0.0138659 0.0138663 0.0220793 0.0220733 0.0220732 0.0220786
7.3 0 0 0 0 0.000340114 0.000362727 0.000356752 0.000326057 -0.00960527 -0.00961689 -0.00961576 -0.00960495 -0.0157765 -0.0157701 -0.0157708 -0.0157777
7.32 0 0 0 0 -0.00789356 -0.00787524 -0.00786927 -0.00788074 -0.0305031 -0.0305047 -0.0305061 -0.0305042 -0.0495465 -0.0495326 -0.0495317 -0.0495448
7.34 0 0 0 0 -0.0170871 -0.0170916 -0.0170958 -0.0170952 -0.0444937 -0.044485 -0.0444842 -0.0444942 -0.0686515 -0.068637 -0.0686375 -0.0686526
7.36 0 0 0 0 -0.0227633 -0.0227858 -0.0227849 -0.0227631 -0.0504808 -0.0504744 -0.0504748 -0.0504801 -0.0697031 -0.0696884 -0.0696889 -0.069704
7.38 0 0 0 0 -0.0274046 -0.027431 -0.0274291 -0.0274001 -0.0528661 -0.0528702 -0.05287 -0.052867 -0.0622698 -0.0622569 -0.0622561 -0.0622685
7.4 0 0 0 0 -0.0397877 -0.0398632 -0.0398665 -0.0397947 -0.0633884 -0.0633846 -0.0633847 -0.063387 -0.0663765 -0.0663661 -0.0663667 -0.0663774
7.42 0 0 0 0 -0.0475477 -0.047632 -0.0476287 -0.0475401 -0.0752582 -0.0752497 -0.0752492 -0.0752585 -0.0801985 -0.0801875 -0.0801876 -0.0801992
7.44 0 0 0 0 -0.034147 -0.0341801 -0.0341815 -0.0341523 -0.0706806 -0.0706897 -0.07069 -0.0706805 -0.0856894 -0.0856691 -0.0856686 -0.0856879
7.46 0 0 0 0 -0.00830828 -0.0082549 -0.00825608 -0.00830919 -0.0456896 -0.0457078 -0.0457075 -0.0456903 -0.0731254 -0.0731025 -0.0731025 -0.0731255
7.48 0 0 0 0 0.00898026 0.00904254 0.00904494 0.00898595 -0.0118989 -0.0118952 -0.0118953 -0.0118977 -0.0425699 -0.0425557 -0.0425561 -0.0425706
7.5 0 0 0 0 0.00718657 0.00717658 0.00717425 0.00718081 0.0119343 0.0119663 0.0119665 0.0119343 -0.00237508 -0.00237828 -0.00237782 -0.00237409
7.52 0 0 0 0 -0.00671289 -0.00677628 -0.00677508 -0.00670971 0.014625 0.0146465 0.0146461 0.0146235 0.0317962 0.0317811 0.0317811 0.0317961
7.54 0 0 0 0 -0.0103564 -0.0104134 -0.0104129 -0.0103553 0.0110972 0.0110749 0.0110749 0.0110982 0.0521187 0.0521044 0.0521038 0.0521171
7.56 0 0 0 0 0.00973516 0.00976292 0.0097613 0.00973117 0.0260659 0.0260164 0.0260164 0.0260638 0.0613578 0.0613505 0.061351 0.0613589
7.58 0 0 0 0 0.0384784 0.0385574 0.0385588 0.0384811 0.0584479 0.058434 0.0584333 0.0584482 0.0630612 0.0630538 0.0630537 0.0630609
7.6 0 0 0 0 0.0591157 0.059204 0.0592032 0.0591127 0.0910382 0.0910764 0.0910777 0.0910393 0.0717292 0.0717141 0.0717137 0.0717283
7.62 0 0 0 0 0.0634138 0.0634983 0.0634988 0.0634204 0.106247 0.106282 0.106281 0.106246 0.097124 0.0971035 0.0971039 0.0971248
7.64 0 0 0 0 0.047831 0.0478843 0.0478845 0.0478265 0.0969098 0.0969027 0.0969035 0.0969127 0.125638 0.125613 0.125613 0.125638
7.66 0 0 0 0 0.0252617 0.0252602 0.0252587 0.0252623 0.0777803 0.0777414 0.077742 0.07778 0.138157 0.138129 0.138129 0.138158
7.68 0 0 0 0 0.015723 0.0156941 0.0157006 0.0157338 0.0669181 0.0668952 0.0668936 0.0669195 0.125304 0.125273 0.125273 0.125303
7.7 0 0 0 0 0.0187189 0.018681 0.0186683 0.0186744 0.0575642 0.0575477 0.0575378 0.0575058 0.0833123 0.0832787 0.0832735 0.0832897
7.72 0 0 0 0 0.0137135 0.0136942 0.0136862 0.013678 0.0257112 0.0257487 0.025743 0.0257076 0.0140872 0.0140851 0.0140856 0.0140955
7.74 0 0 0 0 -0.00580287 -0.00576957 -0.00575896 -0.00576569 -0.0297824 -0.0297586 -0.0297474 -0.0297588 -0.061333 -0.0613204 -0.0613178 -0.0613315
7.76 0 0 0 0 -0.0248068 -0.0247821 -0.0247889 -0.024826 -0.0784593 -0.0784935 -0.0785063 -0.0784946 -0.111519 -0.111489 -0.111494 -0.111529
7.78 0 0 0 0 -0.0347243 -0.0346968 -0.0346974 -0.0347312 -0.095503 -0.0955281 -0.0955224 -0.0954813 -0.124447 -0.124408 -0.124403 -0.124435
7.8 0 0 0 0 -0.0446512 -0.0446942 -0.0446898 -0.0446354 -0.090946 -0.0909477 -0.0909463 -0.0909548 -0.116956 -0.116936 -0.11694 -0.116966
7.82 0 0 0 0 -0.0526452 -0.052769 -0.0527766 -0.0526694 -0.0832413 -0.0831983 -0.0832061 -0.0832465 -0.103131 -0.103116 -0.103115 -0.103126
7.84 0 0 0 0 -0.0429182 -0.042988 -0.0429818 -0.0428942 -0.0712321 -0.07122 -0.071209 -0.071215 -0.0805884 -0.0805774 -0.0805758 -0.0805884
7.86 0 0 0 0 -0.0158525 -0.0158208 -0.0158206 -0.0158575 -0.0447538 -0.0447939 -0.0448042 -0.0447688 -0.0484113 -0.0483933 -0.0483973 -0.0484164
7.88 0 0 0 0 0.00481885 0.00486868 0.00486282 0.00480954 -0.00974136 -0.00976639 -0.00975837 -0.00973122 -0.0176475 -0.017636 -0.0176311 -0.0176402
7.9 0 0 0 0 0.00404698 0.00402203 0.0040291 0.0040596 0.0133935 0.0134349 0.0134318 0.013392 0.00266596 0.00265855 0.00265503 0.00266122
7.92 0 0 0 0 -0.00326889 -0.00333893 -0.00334452 -0.0032795 0.0166299 0.0166746 0.0166725 0.0166227 0.0179452 0.0179301 0.0179317 0.0179462
7.94 0 0 0 0 -0.00925299 -0.00929188 -0.00928957 -0.00924847 0.000225272 0.000218867 0.000223998 0.000236843 0.0208644 0.0208587 0.0208587 0.0208663
7.96 0 0 0 0 -0.0167857 -0.016792 -0.0167913 -0.0167849 -0.0239182 -0.0239647 -0.0239704 -0.0239293 -0.000175742 -0.000172711 -0.000173522 -0.000178902
7.98 0 0 0 0 -0.0187332 -0.0187541 -0.0187579 -0.0187382 -0.0355231 -0.0355395 -0.0355354 -0.0355167 -0.0344652 -0.0344552 -0.0344542 -0.0344622
8 0 0 0 0 -0.0123812 -0.012389 -0.0123844 -0.012373 -0.0338392 -0.0338095 -0.033811 -0.0338394 -0.0630487 -0.063038 -0.0630386 -0.0630503
8.02 0 0 0 0 0.00222294 0.00225501 0.00225115 0.00221539 -0.0230034 -0.0229827 -0.0229836 -0.0230088 -0.0636615 -0.063646 -0.0636455 -0.0636604
8.04 0 0 0 0 0.0127653 0.0128458 0.0128484 0.0127709 -0.00806786 -0.00807711 -0.00807656 -0.00806161 -0.0334119 -0.0333957 -0.0333956 -0.0334104
8.06 0 0 0 0 0.00261527 0.00263559 0.00263633 0.00261708 0.000682825 0.000664757 0.000663143 0.000674994 0.00401963 0.00402075 0.00402067 0.00401854
8.08 0 0 0 0 -0.0206821 -0.0207817 -0.0207844 -0.0206878 -0.00205058 -0.00203516 -0.0020343 -0.00204591 0.0249385 0.0249245 0.0249246 0.0249391
8.1 0 0 0 0 -0.0244784 -0.0245864 -0.0245831 -0.0244716 -0.00373055 -0.00372048 -0.00372024 -0.0037319 0.029478 0.0294608 0.0294605 0.0294767
8.12 0 0 0 0 0.0034685 0.00347967 0.00347679 0.00346241 0.00968161 0.00965379 0.00965265 0.00967928 0.027366 0.0273638 0.0273639 0.0273665
8.14 0 0 0 0 0.0338198 0.0339355 0.0339367 0.0338221 0.0315385 0.0315125 0.0315138 0.0315422 0.020699 0.0207054 0.0207056 0.020699
8.16 0 0 0 0 0.0448279 0.044927 0.0449271 0.044828 0.0524042 0.0524229 0.0524219 0.0524009 0.0235873 0.0235868 0.0235863 0.0235867
8.18 0 0 0 0 0.0333368 0.033364 0.0333626 0.0333333 0.0576176 0.0576628 0.057663 0.0576194 0.0423195 0.0423071 0.0423077 0.0423207
8.2 0 0 0 0 0.0135877 0.0135672 0.0135698 0.0135948 0.0454913 0.0454991 0.0454997 0.0454906 0.0685716 0.068552 0.0685513 0.0685704
8.22 0 0 0 0 0.00248806 0.00246658 0.00246472 0.00248488 0.0322269 0.0321833 0.0321826 0.0322277 0.0848299 0.0848132 0.0848132 0.0848295
8.24 0 0 0 0 0.00637225 0.00636722 0.00636768 0.00637307 0.032883 0.0328397 0.0328414 0.0328845 0.0781601 0.0781457 0.0781462 0.0781614
8.26 0 0 0 0 0.0252435 0.0252638 0.0252641 0.0252418 0.0499087 0.0499171 0.049916 0.0499068 0.0583731 0.0583599 0.0583596 0.0583723
8.28 0 0 0 0 0.0426817 0.0427481 0.0427457 0.0426775 0.0628021 0.0628403 0.062841 0.0628038 0.0398396 0.0398306 0.0398308 0.03984
8.3 0 0 0 0 0.0396149 0.0396903 0.0396931 0.0396201 0.052154 0.0521775 0.0521769 0.0521521 0.0298033 0.0297995 0.0297998 0.0298041
8.32 0 0 0 0 0.0130222 0.0130518 0.0130513 0.0130225 0.0198543 0.0198444 0.0198445 0.0198547 0.0243053 0.0243026 0.0243022 0.0243044
8.34 0 0 0 0 -0.0192444 -0.0192907 -0.0192909 -0.0192454 -0.014922 -0.0149473 -0.0149465 -0.0149204 0.0136965 0.0136925 0.0136926 0.0136969
8.36 0 0 0 0 -0.0314007 -0.0314809 -0.0314805 -0.0314004 -0.0316891 -0.0317027 -0.0317042 -0.0316907 -0.00487783 -0.0048806 -0.00488033 -0.00487721
8.38 0 0 0 0 -0.0166726 -0.0166991 -0.0166995 -0.0166733 -0.0268517 -0.0268554 -0.0268543 -0.0268509 -0.0268901 -0.0268854 -0.0268857 -0.0268905
8.4 0 0 0 0 -0.00456872 -0.00455358 -0.00455296 -0.00456833 -0.0265733 -0.0265541 -0.0265549 -0.0265745 -0.0568598 -0.0568473 -0.0568471 -0.0568598
8.42 0 0 0 0 -0.0215145 -0.0215338 -0.0215346 -0.0215151 -0.0556144 -0.0555801 -0.05558 -0.055615 -0.0967799 -0.0967622 -0.0967624 -0.0967803
8.44 0 0 0 0 -0.0514654 -0.0515355 -0.0515347 -0.051466 -0.100335 -0.100319 -0.100319 -0.100334 -0.129581 -0.129557 -0.129557 -0.129581
8.46 0 0 0 0 -0.0633123 -0.0633587 -0.0633586 -0.0633082 -0.125043 -0.125072 -0.125072 -0.12504 -0.138662 -0.13863 -0.13863 -0.138663
8.48 0 0 0 0 -0.0373796 -0.0373624 -0.0373639 -0.0373861 -0.0949032 -0.0949603 -0.0949593 -0.0949056 -0.10951 -0.109475 -0.109475 -0.109508
8.5 0 0 0 0 -0.00263105 -0.00257872 -0.00257775 -0.00262292 -0.0308063 -0.0308083 -0.0308101 -0.0308053 -0.0586695 -0.0586516 -0.0586514 -0.0586689
8.52 0 0 0 0 0.000868887 0.000815932 0.000818814 0.000868901 0.00855864 0.00863071 0.00863258 0.00856004 -0.0179986 -0.0180066 -0.0180071 -0.0179997
8.54 0 0 0 0 -0.00329817 -0.00337672 -0.00338083 -0.00330366 0.0190097 0.0190581 0.0190568 0.0190077 0.0225518 0.0225361 0.0225364 0.0225527
8.56 0 0 0 0 0.0149434 0.0149888 0.0149924 0.0149501 0.0340279 0.0339714 0.0339715 0.0340285 0.0731029 0.0730944 0.0730944 0.0731026
8.58 0 0 0 0 0.0369638 0.0370593 0.0370568 0.0369567 0.064068 0.0639859 0.0639862 0.0640667 0.10924 0.10923 0.10923 0.109239
8.6 0 0 0 0 0.0397723 0.0397899 0.0397894 0.0397739 0.0906409 0.0906615 0.0906607 0.0906407 0.112517 0.112489 0.112489 0.112517
8.62 0 0 0 0 0.0359271 0.0358718 0.0358738 0.0359281 0.095866 0.095952 0.0959533 0.0958686 0.0992305 0.0991934 0.0991934 0.0992302
8.64 0 0 0 0 0.0386145 0.0386419 0.0386385 0.0386117 0.0771909 0.0772103 0.0772106 0.0771915 0.0872376 0.0872167 0.0872162 0.0872367
8.66 0 0 0 0 0.0347258 0.0348468 0.0348498 0.0347291 0.0465393 0.0464681 0.0464672 0.0465359 0.0705228 0.0705227 0.0705237 0.0705248
8.68 0 0 0 0 0.012344 0.0123894 0.0123868 0.0123405 0.0183812 0.0183382 0.0183382 0.0183827 0.03819 0.0381891 0.038189 0.0381903
8.7 0 0 0 0 -0.0078704 -0.00793234 -0.00793079 -0.00786911 0.00325119 0.00328935 0.00328991 0.00325268 0.00349128 0.00348167 0.00348126 0.00349007
8.72 0 0 0 0 -0.00912548 -0.00917759 -0.00917747 -0.00912336 -0.00675667 -0.00671348 -0.00671463 -0.00675904 -0.0201474 -0.0201511 -0.0201507 -0.0201463
8.74 0 0 0 0 -0.00415196 -0.0041279 -0.00412909 -0.00415602 -0.0234276 -0.0234377 -0.0234369 -0.0234266 -0.0365788 -0.0365671 -0.0365672 -0.0365792
8.76 0 0 0 0 -0.00657252 -0.006509 -0.00650767 -0.00656871 -0.0375557 -0.0375994 -0.0375999 -0.0375565 -0.047605 -0.0475845 -0.0475848 -0.0476056
8.78 0 0 0 0 -0.0200147 -0.020032 -0.0200331 -0.020018 -0.0435697 -0.0435726 -0.0435724 -0.0435702 -0.0556602 -0.0556477 -0.0556475 -0.0556597
8.8 0 0 0 0 -0.032769 -0.0328571 -0.0328566 -0.0327688 -0.0463934 -0.0463536 -0.0463534 -0.0463921 -0.0597379 -0.0597343 -0.0597344 -0.0597381
8.82 0 0 0 0 -0.0269363 -0.0269925 -0.0269919 -0.0269324 -0.0435326 -0.0435191 -0.0435195 -0.0435343 -0.0517878 -0.0517813 -0.0517816 -0.0517884
8.84 0 0 0 0 -0.0138335 -0.0138095 -0.0138101 -0.0138351 -0.0378204 -0.037849 -0.0378489 -0.0378172 -0.04133 -0.0413151 -0.0413149 -0.0413297
8.86 0 0 0 0 -0.0213997 -0.0214124 -0.0214105 -0.0213963 -0.0440266 -0.0440393 -0.0440391 -0.0440283 -0.0508598 -0.0508477 -0.0508477 -0.0508598
8.88 0 0 0 0 -0.0303328 -0.0304062 -0.0304087 -0.0303401 -0.048572 -0.0485431 -0.0485424 -0.0485701 -0.0624561 -0.0624492 -0.0624495 -0.0624567
8.9 0 0 0 0 -0.0122771 -0.0122803 -0.0122802 -0.0122736 -0.0311522 -0.0311476 -0.0311476 -0.0311526 -0.0470932 -0.0470826 -0.047082 -0.0470919
8.92 0 0 0 0 0.0153716 0.0154544 0.0154556 0.0153723 0.00119648 0.00116751 0.00116681 0.00119389 -0.0105054 -0.0104933 -0.0104934 -0.0105051
8.94 0 0 0 0 0.0305723 0.0306509 0.0306489 0.0305685 0.0388727 0.038859 0.0388597 0.0388749 0.0358541 0.0358527 0.0358524 0.0358534
8.96 0 0 0 0 0.0330806 0.0330916 0.0330941 0.0330855 0.0730102 0.073032 0.0730314 0.073008 0.0854872 0.0854652 0.0854655 0.0854878
8.98 0 0 0 0 0.0285937 0.028557 0.0285557 0.0285911 0.0877051 0.0877335 0.0877335 0.0877056 0.122238 0.122203 0.122202 0.122237
9 0 0 0 0 0.0302658 0.0302541 0.030255 0.0302675 0.0872162 0.0872027 0.0872036 0.0872188 0.137883 0.137851 0.13785 0.137882
9.02 0 0 0 0 0.0426718 0.0427413 0.0427409 0.0426702 0.0883619 0.0883182 0.0883171 0.0883594 0.133171 0.133149 0.13315 0.133173
9.04 0 0 0 0 0.0491034 0.0491763 0.0491785 0.0491081 0.0883963 0.0883845 0.0883847 0.0883971 0.106779 0.10676 0.10676 0.106779
9.06 0 0 0 0 0.0465875 0.0466361 0.0466363 0.0465857 0.0821541 0.0821883 0.0821913 0.0821599 0.076358 0.0763397 0.0763393 0.0763572
9.08 0 0 0 0 0.0290961 0.0291058 0.0291007 0.0290664 0.053385 0.0534174 0.0534148 0.0533789 0.0461676 0.0461545 0.0461549 0.0461684
9.1 0 0 0 0 -0.01309 -0.0131306 -0.0131333 -0.0130884 -0.0111981 -0.0111956 -0.0111948 -0.0111955 -0.00243461 -0.00243758 -0.00243836 -0.00243612
9.12 0 0 0 0 -0.0665905 -0.0667147 -0.0667117 -0.0665937 -0.0966236 -0.0966388 -0.0966379 -0.0966228 -0.0807563 -0.0807443 -0.0807436 -0.0807548
9.14 0 0 0 0 -0.103722 -0.103891 -0.103897 -0.103734 -0.173755 -0.173769 -0.173772 -0.173762 -0.180556 -0.180524 -0.180524 -0.180557
9.16 0 0 0 0 -0.0999382 -0.100013 -0.100006 -0.0999206 -0.210078 -0.210087 -0.210084 -0.210075 -0.265075 -0.265018 -0.265019 -0.265077
9.18 0 0 0 0 -0.0749331 -0.0749206 -0.0749262 -0.074949 -0.207475 -0.207471 -0.207474 -0.207472 -0.308225 -0.308149 -0.308148 -0.308224
9.2 0 0 0 0 -0.0619199 -0.0618834 -0.0618791 -0.0619089 -0.186396 -0.18636 -0.186358 -0.186386 -0.297794 -0.297722 -0.297721 -0.297789
9.22 0 0 0 0 -0.059161 -0.0591697 -0.0592141 -0.0592219 -0.14968 -0.149725 -0.149764 -0.149855 -0.22432 -0.224286 -0.224299 -0.224377
9.24 0 0 0 0 -0.0547123 -0.0545027 -0.0545036 -0.0543627 -0.0993255 -0.0992461 -0.0992504 -0.099133 -0.109374 -0.109345 -0.109347 -0.109378
9.26 0 0 0 0 -0.0382538 -0.0381805 -0.0381176 -0.037947 -0.0345321 -0.0345942 -0.0345277 -0.034504 0.00808009 0.00807692 0.00808806 0.00810168
9.28 0 0 0 0 -0.000929164 -0.00118728 -0.00125721 -0.00126165 0.0455819 0.0455489 0.0454621 0.0454264 0.102106 0.102068 0.102054 0.102072
9.3 0 0 0 0 0.0546502 0.05472 0.0547486 0.0547606 0.12798 0.128019 0.128082 0.128091 0.167422 0.167384 0.167391 0.16744
9.32 0 0 0 0 0.10321 0.103169 0.103184 0.102995 0.186308 0.186273 0.186234 0.186157 0.206425 0.206378 0.206375 0.206414
9.34 0 0 0 0 0.117326 0.11738 0.117303 0.11706 0.204165 0.204188 0.204165 0.20416 0.224913 0.224871 0.224866 0.22491
9.36 0 0 0 0 0.109178 0.109254 0.109337 0.109202 0.201818 0.201774 0.20182 0.201806 0.242832 0.242784 0.24279 0.242839
9.38 0 0 0 0 0.097502 0.0974623 0.0973611 0.0971411 0.199064 0.199036 0.198967 0.198996 0.262991 0.26294 0.262932 0.26298
9.4 0 0 0 0 0.0877129 0.0879179 0.0879507 0.0879136 0.196497 0.19646 0.196524 0.196527 0.269302 0.269248 0.269261 0.269326
9.42 0 0 0 0 0.0854382 0.0854268 0.0854367 0.0854589 0.189412 0.189421 0.18937 0.189376 0.252631 0.25257 0.252558 0.252607
9.44 0 0 0 0 0.0747625 0.074996 0.0749127 0.07533 0.157252 0.157275 0.157287 0.157269 0.198424 0.19835 0.198344 0.198385
9.46 0 0 0 0 0.0516607 0.0520057 0.0522077 0.0528675 0.0978877 0.0980655 0.0981239 0.0982342 0.113351 0.113328 0.113342 0.113381
9.48 0 0 0 0 0.0318649 0.0321303 0.0320483 0.0321966 0.0365131 0.036475 0.0364907 0.0364859 0.0294237 0.0294218 0.0294205 0.0294183
9.5 0 0 0 0 0.00891423 0.00889278 0.00893073 0.00870038 -0.019253 -0.0193074 -0.0193499 -0.0193459 -0.0413755 -0.0413592 -0.0413665 -0.0413923
9.52 0 0 0 0 -0.0324004 -0.0324271 -0.032451 -0.0324929 -0.0759677 -0.0759567 -0.0759224 -0.0758976 -0.104949 -0.104918 -0.104912 -0.104933
9.54 0 0 0 0 -0.0862898 -0.08653 -0.0865422 -0.0865821 -0.14029 -0.140315 -0.140358 -0.140463 -0.16841 -0.168391 -0.168395 -0.168423
9.56 0 0 0 0 -0.13072 -0.131172 -0.131178 -0.131273 -0.210516 -0.210489 -0.210504 -0.210536 -0.235352 -0.235314 -0.235324 -0.235364
9.58 0 0 0 0 -0.147183 -0.147501 -0.147561 -0.147758 -0.265434 -0.26553 -0.265534 -0.265572 -0.299339 -0.299277 -0.299274 -0.299336
9.6 0 0 0 0 -0.133675 -0.133889 -0.13386 -0.134129 -0.281473 -0.28156 -0.281628 -0.281599 -0.344607 -0.34452 -0.344528 -0.344616
9.62 0 0 0 0 -0.107831 -0.107794 -0.107914 -0.10798 -0.258301 -0.258267 -0.258206 -0.258229 -0.355793 -0.355713 -0.355708 -0.355787
9.64 0 0 0 0 -0.0859698 -0.0859102 -0.0858405 -0.0856347 -0.211924 -0.211888 -0.211922 -0.211903 -0.31858 -0.318496 -0.318485 -0.318553
9.66 0 0 0 0 -0.0759205 -0.0758638 -0.0758641 -0.0758171 -0.164645 -0.164576 -0.164544 -0.164577 -0.236893 -0.23685 -0.236858 -0.23691
9.68 0 0 0 0 -0.0683923 -0.0680718 -0.0681072 -0.0678313 -0.119268 -0.119136 -0.119096 -0.118968 -0.129995 -0.129968 -0.12997 -0.130005
9.7 0 0 0 0 -0.049908 -0.0492971 -0.0491394 -0.0486727 -0.0602196 -0.0603491 -0.060326 -0.060252 -0.0221957 -0.0221792 -0.0221631 -0.0221655
9.72 0 0 0 0 -0.014921 -0.0152898 -0.0153589 -0.0154078 0.0172865 0.0173134 0.0172806 0.0172134 0.0646855 0.06465 0.0646412 0.0646644
9.74 0 0 0 0 0.038989 0.038879 0.0388248 0.0388233 0.101426 0.101431 0.101442 0.101435 0.129335 0.129297 0.129287 0.129317
9.76 0 0 0 0 0.0927042 0.0926864 0.0928061 0.0926173 0.163267 0.16326 0.163234 0.163122 0.174911 0.174874 0.174885 0.174933
9.78 0 0 0 0 0.12315 0.12292 0.122741 0.122306 0.195816 0.195788 0.195761 0.195783 0.212141 0.212107 0.212096 0.212123
9.8 0 0 0 0 0.117498 0.11756 0.117657 0.11737 0.20358 0.20349 0.203499 0.203465 0.240801 0.24075 0.240742 0.240784
9.82 0 0 0 0 0.0898516 0.0897063 0.0897246 0.0896508 0.193871 0.193903 0.193848 0.193815 0.253997 0.253942 0.253947 0.254009
9.84 0 0 0 0 0.0679243 0.0678565 0.0678063 0.0681669 0.176404 0.176373 0.17643 0.176491 0.248271 0.248209 0.248205 0.248261
9.86 0 0 0 0 0.0599031 0.0599565 0.0600335 0.0600534 0.148753 0.148816 0.148788 0.148741 0.212427 0.21237 0.212376 0.212439
9.88 0 0 0 0 0.059425 0.0596261 0.0595036 0.0595988 0.113071 0.113059 0.113091 0.113169 0.148001 0.14798 0.147987 0.148015
9.9 0 0 0 0 0.0528283 0.0529661 0.0531108 0.0531688 0.0733014 0.0733132 0.0733314 0.073353 0.0711141 0.0710999 0.0710946 0.0710995
9.92 0 0 0 0 0.0238301 0.0239469 0.0238486 0.0237218 0.0203509 0.020349 0.0203165 0.0202703 -0.00708989 -0.00708191 -0.00708031 -0.00708476
9.94 0 0 0 0 -0.0202167 -0.0203156 -0.0202785 -0.0202096 -0.0444976 -0.0444744 -0.0444447 -0.04445 -0.0725934 -0.0725812 -0.0725782 -0.0725897
9.96 0 0 0 0 -0.0527429 -0.0528278 -0.0528149 -0.0529894 -0.0982777 -0.0983064 -0.0983402 -0.0983788 -0.11221 -0.112187 -0.112194 -0.112222
9.98 0 0 0 0 -0.0746602 -0.0748863 -0.074973 -0.0750456 -0.135941 -0.136017 -0.13602 -0.135967 -0.14384 -0.143806 -0.143808 -0.143843
10 0 0 0 0 -0.0930455 -0.0932544 -0.0931286 -0.0931261 -0.162191 -0.162183 -0.162193 -0.162223 -0.183828 -0.183791 -0.183789 -0.18382
10.02 0 0 0 0 -0.102636 -0.102428 -0.102516 -0.102497 -0.183272 -0.183232 -0.183236 -0.183265 -0.227905 -0.227869 -0.227876 -0.227921
10.04 0 0 0 0 -0.0915933 -0.0917163 -0.0916876 -0.0916185 -0.190441 -0.190375 -0.190346 -0.190359 -0.250815 -0.250761 -0.250755 -0.250802
10.06 0 0 0 0 -0.0602412 -0.0598664 -0.0599049 -0.0596972 -0.16344 -0.163489 -0.163493 -0.1634 -0.226228 -0.226152 -0.22614 -0.226205
10.08 0 0 0 0 -0.0309423 -0.0307209 -0.0306414 -0.0307458 -0.106871 -0.106839 -0.106803 -0.106727 -0.158804 -0.158764 -0.158773 -0.158822
10.1 0 0 0 0 -0.0230828 -0.0231391 -0.0232149 -0.0231037 -0.0469177 -0.046891 -0.0468946 -0.0469217 -0.0730404 -0.0730238 -0.0730204 -0.0730325
10.12 0 0 0 0 -0.0269461 -0.0269638 -0.0269048 -0.0267614 -0.00569614 -0.00565221 -0.00566262 -0.00571931 0.00777968 0.00776327 0.00777038 0.00779322
10.14 0 0 0 0 -0.0118466 -0.0121058 -0.0121245 -0.0120407 0.0256353 0.0256419 0.0256531 0.0256198 0.0744794 0.0744467 0.0744366 0.074459
10.16 0 0 0 0 0.029513 0.0295863 0.0295533 0.0294829 0.0677064 0.067592 0.067563 0.0676109 0.121646 0.121625 0.121624 0.121641
10.18 0 0 0 0 0.0747837 0.0746704 0.0747295 0.0744733 0.121491 0.121457 0.121459 0.121463 0.147158 0.14714 0.147145 0.147172
10.2 0 0 0 0 0.0989925 0.0989313 0.0988178 0.098585 0.165064 0.165074 0.165057 0.165 0.160803 0.160765 0.160755 0.160783
10.22 0 0 0 0 0.0958652 0.0958217 0.0959547 0.09571 0.174196 0.174257 0.174235 0.174138 0.174656 0.174608 0.174604 0.17465
10.24 0 0 0 0 0.0793601 0.0793538 0.0792782 0.0796089 0.15565 0.155636 0.155659 0.155698 0.194211 0.194178 0.194185 0.194223
10.26 0 0 0 0 0.0618034 0.0617815 0.061831 0.0617039 0.133108 0.13304 0.133028 0.133105 0.204964 0.204922 0.204919 0.204956
10.28 0 0 0 0 0.0480346 0.0482743 0.0481976 0.0483071 0.118873 0.118861 0.118875 0.118903 0.186643 0.186603 0.186607 0.186652
10.3 0 0 0 0 0.0486015 0.0486073 0.0486863 0.0489447 0.113903 0.113973 0.113996 0.114022 0.145897 0.14586 0.145866 0.145907
10.32 0 0 0 0 0.0594933 0.0596496 0.0596194 0.059594 0.104094 0.104138 0.104137 0.104087 0.100775 0.100747 0.100742 0.100765
10.34 0 0 0 0 0.0619499 0.0621733 0.0621828 0.0622744 0.0791804 0.0791841 0.0791934 0.0792201 0.0641976 0.0641949 0.0642003 0.0642056
10.36 0 0 0 0 0.0361448 0.0362516 0.0362991 0.0361458 0.0380044 0.0379759 0.037981 0.038012 0.032378 0.0323834 0.0323856 0.0323837
10.38 0 0 0 0 -0.0129393 -0.0129382 -0.0130194 -0.0129377 -0.0123507 -0.0123572 -0.0123657 -0.0123713 -0.00361126 -0.00361633 -0.00362327 -0.00362671
10.4 0 0 0 0 -0.0508018 -0.0510505 -0.0509592 -0.0509363 -0.0557768 -0.0557449 -0.0557385 -0.0557532 -0.0412725 -0.0412731 -0.0412673 -0.0412584
10.42 0 0 0 0 -0.0610303 -0.0611644 -0.0612724 -0.0612746 -0.0880866 -0.0881028 -0.088117 -0.0881451 -0.0837242 -0.0837131 -0.0837154 -0.0837278
10.44 0 0 0 0 -0.0580298 -0.0582247 -0.0581581 -0.0582805 -0.115125 -0.115161 -0.115172 -0.115163 -0.136507 -0.136479 -0.136487 -0.136523
10.46 0 0 0 0 -0.0544157 -0.0544548 -0.0545165 -0.0547138 -0.132637 -0.132686 -0.132695 -0.132724 -0.184056 -0.184006 -0.184002 -0.184045
10.48 0 0 0 0 -0.0500059 -0.0501491 -0.0501106 -0.0502098 -0.132258 -0.132275 -0.1323 -0.132309 -0.198975 -0.198929 -0.198936 -0.19899
10.5 0 0 0 0 -0.0509022 -0.0507778 -0.0507537 -0.0507951 -0.121537 -0.121474 -0.121451 -0.12147 -0.17686 -0.176822 -0.176825 -0.176865
10.52 0 0 0 0 -0.0633271 -0.0632823 -0.0633048 -0.0633335 -0.115385 -0.115379 -0.115387 -0.115411 -0.139469 -0.13944 -0.139431 -0.139451
10.54 0 0 0 0 -0.0800248 -0.0801383 -0.0801447 -0.0800824 -0.118161 -0.118171 -0.118178 -0.118164 -0.112421 -0.112404 -0.112406 -0.112424
10.56 0 0 0 0 -0.0768714 -0.076885 -0.076923 -0.0765485 -0.110846 -0.110823 -0.110788 -0.110762 -0.0979678 -0.0979554 -0.0979564 -0.0979732
10.58 0 0 0 0 -0.0455803 -0.0454963 -0.0454307 -0.0454007 -0.0807121 -0.0807375 -0.0807507 -0.0807279 -0.0874742 -0.0874511 -0.0874436 -0.0874588
10.6 0 0 0 0 -0.00448832 -0.0044025 -0.00446079 -0.00446213 -0.0370761 -0.0370518 -0.0370412 -0.0370287 -0.0712829 -0.0712633 -0.0712655 -0.0712876
10.62 0 0 0 0 0.0272127 0.027283 0.0273304 0.0272304 0.00896958 0.00899035 0.00900505 0.00901402 -0.0337372 -0.0337229 -0.0337255 -0.0337415
10.64 0 0 0 0 0.0360124 0.0360515 0.0360166 0.0358549 0.0436495 0.0436554 0.0436322 0.0436066 0.0246103 0.0246128 0.0246194 0.0246245
10.66 0 0 0 0 0.028342 0.0282175 0.0282145 0.028216 0.0655259 0.0655189 0.0655301 0.0655196 0.0903604 0.0903337 0.0903256 0.0903442
10.68 0 0 0 0 0.0228627 0.022765 0.0227817 0.0227104 0.0830349 0.0829896 0.0829688 0.0829477 0.143265 0.143228 0.143227 0.143262
10.7 0 0 0 0 0.0301786 0.0300489 0.0300395 0.0300601 0.0992329 0.0992165 0.0992026 0.0991904 0.164126 0.164085 0.164088 0.164133
10.72 0 0 0 0 0.048572 0.0485684 0.0486154 0.04861 0.111147 0.111139 0.11115 0.111181 0.150884 0.150845 0.150837 0.150867
10.74 0 0 0 0 0.0737582 0.0737588 0.0737267 0.0738131 0.121135 0.121119 0.121113 0.121109 0.1275 0.127482 0.127487 0.12751
10.76 0 0 0 0 0.086658 0.0867097 0.0867202 0.0866229 0.124128 0.124142 0.124142 0.124136 0.113162 0.113148 0.113151 0.11317
10.78 0 0 0 0 0.0589204 0.0592376 0.0592018 0.059174 0.0955935 0.0956193 0.0956382 0.0956411 0.0939785 0.093957 0.093953 0.0939675
10.8 0 0 0 0 0.00951138 0.00941555 0.00945996 0.00963435 0.042239 0.0422613 0.0422573 0.0422373 0.066498 0.0664787 0.066485 0.0665111
10.82 0 0 0 0 -0.0197068 -0.0197695 -0.0198089 -0.0197949 -0.00204403 -0.00205018 -0.00205194 -0.0020287 0.038377 0.0383638 0.0383628 0.0383747
10.84 0 0 0 0 -0.0202593 -0.0202936 -0.0202754 -0.0202625 -0.0236231 -0.0236565 -0.0236449 -0.0236014 0.00214213 0.00214174 0.00213707 0.00213459
10.86 0 0 0 0 -0.00766028 -0.00770706 -0.00771141 -0.00777185 -0.0275459 -0.027566 -0.0275829 -0.0275878 -0.0413224 -0.0413066 -0.0412991 -0.0413078
10.88 0 0 0 0 -0.00276956 -0.00269513 -0.00271082 -0.00279968 -0.0323756 -0.0323604 -0.032354 -0.0323873 -0.0797714 -0.0797559 -0.0797645 -0.0797886
10.9 0 0 0 0 -0.0170253 -0.0171265 -0.0170783 -0.0170727 -0.0545561 -0.0545223 -0.0545294 -0.0545711 -0.103155 -0.103135 -0.103134 -0.103155
10.92 0 0 0 0 -0.0485025 -0.0485614 -0.0485967 -0.0486519 -0.093661 -0.093669 -0.0936831 -0.0936937 -0.115052 -0.115021 -0.115015 -0.115037
10.94 0 0 0 0 -0.0785233 -0.0785209 -0.0784789 -0.0784404 -0.128873 -0.128888 -0.128874 -0.12884 -0.124442 -0.124426 -0.124438 -0.124467
10.96 0 0 0 0 -0.0795452 -0.079489 -0.0795111 -0.0795622 -0.132166 -0.132174 -0.13218 -0.132169 -0.12945 -0.129424 -0.129417 -0.129437
10.98 0 0 0 0 -0.0470059 -0.0470687 -0.0471098 -0.0469974 -0.0969915 -0.0970076 -0.0970022 -0.0969831 -0.121118 -0.121084 -0.121078 -0.121106
11 0 0 0 0 -0.0114051 -0.0112578 -0.0112246 -0.0111885 -0.0510554 -0.0510113 -0.0509964 -0.0510039 -0.0996129 -0.0995916 -0.0995967 -0.0996247
11.02 0 0 0 0 -0.00419932 -0.00417782 -0.00420214 -0.00425044 -0.0297295 -0.0296876 -0.0296922 -0.0297191 -0.0736752 -0.0736563 -0.0736523 -0.0736633
11.04 0 0 0 0 -0.0164242 -0.0164169 -0.0164145 -0.0163235 -0.0292201 -0.0292011 -0.0291924 -0.0291904 -0.0390048 -0.0390016 -0.0390015 -0.0390095
11.06 0 0 0 0 -0.0221122 -0.0220885 -0.0220629 -0.0220344 -0.0237575 -0.0237883 -0.0237885 -0.0237661 0.00249167 0.00249427 0.00249539 0.00249631
11.08 0 0 0 0 -0.0130849 -0.0131489 -0.0131814 -0.0131108 -0.00194156 -0.00199087 -0.00199525 -0.00196621 0.0337713 0.0337603 0.0337581 0.0337644
11.1 0 0 0 0 0.00676784 0.00673844 0.00677197 0.0067647 0.0293754 0.0293943 0.0293968 0.0293709 0.0463772 0.0463618 0.0463601 0.046374
11.12 0 0 0 0 0.0298866 0.0297887 0.0297562 0.0297064 0.0546781 0.0546957 0.054685 0.0546448 0.0484065 0.0483958 0.0483999 0.0484165
11.14 0 0 0 0 0.0425218 0.0425276 0.0425389 0.0424033 0.0608869 0.0609056 0.060905 0.0608822 0.0492637 0.0492493 0.049241 0.0492463
11.16 0 0 0 0 0.0462986 0.046404 0.0464264 0.0462711 0.0618097 0.0617742 0.0617675 0.0617909 0.0635068 0.0635077 0.0635116 0.0635171
11.18 0 0 0 0 0.048957 0.0489897 0.0489807 0.0488717 0.0771146 0.0770684 0.0770592 0.0770888 0.0963498 0.0963367 0.096338 0.0963514
11.2 0 0 0 0 0.0419698 0.0419231 0.0419456 0.042086 0.0945131 0.0945223 0.0945303 0.0945296 0.125029 0.124996 0.124989 0.125014
11.22 0 0 0 0 0.0297594 0.0296395 0.0296394 0.0297582 0.0963127 0.0963317 0.0963299 0.0963119 0.13282 0.132783 0.132788 0.132829
11.24 0 0 0 0 0.0249014 0.0247788 0.0247507 0.0248385 0.0790672 0.079083 0.0790794 0.0790471 0.116935 0.116901 0.116902 0.116938
11.26 0 0 0 0 0.0297976 0.029948 0.0299559 0.0299693 0.0560415 0.0560221 0.0560295 0.056074 0.0833494 0.083335 0.0833352 0.0833483
11.28 0 0 0 0 0.0395453 0.0396752 0.0396705 0.0395458 0.0458002 0.0457675 0.0457755 0.0458255 0.048432 0.0484358 0.048436 0.0484334
11.3 0 0 0 0 0.0344597 0.0345706 0.0345501 0.0345609 0.038499 0.0385039 0.0385006 0.0384854 0.0174973 0.0174968 0.0174982 0.0174981
11.32 0 0 0 0 0.00742709 0.00744822 0.00748823 0.00751162 0.0131981 0.0132519 0.0132575 0.0132155 -0.00914631 -0.00915094 -0.0091519 -0.00914819
11.34 0 0 0 0 -0.0159894 -0.0160888 -0.0161258 -0.0160882 -0.0192261 -0.0192121 -0.0192134 -0.0192391 -0.0197817 -0.0197828 -0.0197834 -0.019783
11.36 0 0 0 0 -0.0213927 -0.021391 -0.0213741 -0.0214527 -0.0372584 -0.0373178 -0.0373254 -0.03727 -0.0183283 -0.018317 -0.0183161 -0.0183256
11.38 0 0 0 0 -0.0143584 -0.0143986 -0.0143956 -0.0144319 -0.0304264 -0.0304739 -0.03047 -0.0304274 -0.0176834 -0.0176734 -0.0176755 -0.017687
11.4 0 0 0 0 -0.0115763 -0.0116039 -0.0116124 -0.0115859 -0.0171511 -0.0171334 -0.0171423 -0.0171691 -0.0289095 -0.0289079 -0.0289075 -0.028909
11.42 0 0 0 0 -0.0240376 -0.0241627 -0.0241382 -0.0240582 -0.0298885 -0.0298091 -0.0298065 -0.0298848 -0.0560327 -0.0560333 -0.0560325 -0.0560303
11.44 0 0 0 0 -0.0348136 -0.0349142 -0.0349279 -0.0349083 -0.0618821 -0.0618694 -0.0618767 -0.0619001 -0.0800334 -0.0800207 -0.0800225 -0.0800371
11.46 0 0 0 0 -0.0392574 -0.0391278 -0.0391073 -0.0392222 -0.0899831 -0.0900404 -0.090041 -0.0899822 -0.0960026 -0.0959709 -0.0959713 -0.0960029
11.48 0 0 0 0 -0.0506481 -0.0505831 -0.0505951 -0.0506471 -0.10626 -0.106279 -0.106269 -0.106233 -0.11789 -0.117861 -0.117861 -0.11789
11.5 0 0 0 0 -0.0619686 -0.0619949 -0.0620037 -0.062019 -0.109208 -0.109172 -0.109182 -0.109221 -0.139708 -0.139683 -0.139682 -0.139705
11.52 0 0 0 0 -0.0566235 -0.0566682 -0.0566909 -0.0564482 -0.102187 -0.102129 -0.102111 -0.102148 -0.142475 -0.142452 -0.142449 -0.142471
11.54 0 0 0 0 -0.0434121 -0.0433039 -0.0432919 -0.0432236 -0.0959778 -0.0959647 -0.0959581 -0.095927 -0.127979 -0.127947 -0.127943 -0.127973
11.56 0 0 0 0 -0.0341467 -0.0339805 -0.0339752 -0.0339569 -0.0852958 -0.0853229 -0.0853144 -0.0852559 -0.102906 -0.102875 -0.102875 -0.102907
11.58 0 0 0 0 -0.0233013 -0.0232542 -0.0232497 -0.0231794 -0.053697 -0.0537063 -0.0536937 -0.0536521 -0.0635828 -0.0635642 -0.063563 -0.0635818
11.6 0 0 0 0 -0.00856435 -0.00855804 -0.00855635 -0.00856387 -0.00862443 -0.00860245 -0.00861108 -0.0086398 -0.0147086 -0.0147077 -0.0147042 -0.0147008
11.62 0 0 0 0 0.0242077 0.024116 0.024108 0.0241164 0.0487571 0.0487726 0.0487751 0.0487465 0.0526541 0.0526355 0.05263 0.052643
11.64 0 0 0 0 0.0683356 0.0683193 0.0683152 0.0680609 0.113617 0.113571 0.113557 0.11356 0.134578 0.134558 0.134558 0.134579
11.66 0 0 0 0 0.0950252 0.0949158 0.094897 0.0946668 0.168114 0.168056 0.16804 0.168026 0.206014 0.205975 0.205972 0.20601
11.68 0 0 0 0 0.103233 0.103254 0.103313 0.103255 0.209066 0.209072 0.20906 0.209033 0.260362 0.260299 0.260293 0.260349
11.7 0 0 0 0 0.106447 0.106316 0.106288 0.106605 0.232744 0.232747 0.232758 0.232783 0.295951 0.295885 0.295888 0.295957
11.72 0 0 0 0 0.108499 0.10891 0.108877 0.108962 0.232054 0.232129 0.232154 0.232142 0.303386 0.303313 0.303321 0.303399
11.74 0 0 0 0 0.0891604 0.0893333 0.0894233 0.0897385 0.189848 0.189882 0.189902 0.189977 0.256141 0.256087 0.256092 0.256151
11.76 0 0 0 0 0.0483875 0.0484184 0.0483674 0.0484769 0.11325 0.113272 0.113291 0.113312 0.156523 0.156482 0.156478 0.156513
11.78 0 0 0 0 0.00465613 0.00475078 0.00477816 0.00479568 0.0217965 0.021834 0.0218262 0.0217964 0.0305427 0.0305317 0.030537 0.0305509
11.8 0 0 0 0 -0.0366276 -0.0368438 -0.0368374 -0.0368143 -0.0760278 -0.0760558 -0.0760547 -0.0760506 -0.10182 -0.101794 -0.101791 -0.101811
11.82 0 0 0 0 -0.0717192 -0.0717377 -0.0717984 -0.072145 -0.162918 -0.162959 -0.162984 -0.163034 -0.215977 -0.215933 -0.215948 -0.216009
11.84 0 0 0 0 -0.101728 -0.102053 -0.10202 -0.102171 -0.226041 -0.226135 -0.226161 -0.226164 -0.296762 -0.296684 -0.296682 -0.296754
11.86 0 0 0 0 -0.121415 -0.121604 -0.12165 -0.12198 -0.25517 -0.255205 -0.255224 -0.255267 -0.331862 -0.331788 -0.33179 -0.331863
11.88 0 0 0 0 -0.135084 -0.134952 -0.1349 -0.134763 -0.262839 -0.262743 -0.262733 -0.262735 -0.332519 -0.33246 -0.332471 -0.332545
11.9 0 0 0 0 -0.145051 -0.144973 -0.145001 -0.14473 -0.264332 -0.264326 -0.264295 -0.264264 -0.318253 -0.318178 -0.318159 -0.318212
11.92 0 0 0 0 -0.133861 -0.133669 -0.133688 -0.133287 -0.244374 -0.24432 -0.244314 -0.244255 -0.28464 -0.284578 -0.28457 -0.284629
11.94 0 0 0 0 -0.0872967 -0.0870509 -0.0869354 -0.0867528 -0.17999 -0.179979 -0.179929 -0.179851 -0.217795 -0.217747 -0.217756 -0.217815
11.96 0 0 0 0 -0.022689 -0.0224299 -0.0225199 -0.0224797 -0.0784114 -0.0784247 -0.0784346 -0.0783866 -0.118473 -0.118434 -0.118425 -0.118459
11.98 0 0 0 0 0.0302699 0.0305555 0.0306489 0.0306399 0.0275571 0.0276283 0.027662 0.0277425 0.000541414 0.000560847 0.000570915 0.000565751
12 0 0 0 0 0.0626684 0.0622667 0.0622039 0.0619 0.116157 0.116116 0.116097 0.115982 0.127119 0.127079 0.12707 0.127101
12.02 0 0 0 0 0.0792289 0.0791755 0.0791148 0.079076 0.180518 0.180512 0.180458 0.180406 0.241785 0.241718 0.241703 0.241754
12.04 0 0 0 0 0.0917898 0.0913607 0.0914745 0.0912145 0.221318 0.221228 0.221248 0.221191 0.31827 0.318199 0.31821 0.318293
12.06 0 0 0 0 0.108177 0.107785 0.107571 0.107312 0.246218 0.246153 0.246058 0.245952 0.343831 0.343737 0.343721 0.343797
12.08 0 0 0 0 0.130532 0.130706 0.130945 0.130969 0.2611 0.261084 0.261136 0.261248 0.329125 0.329057 0.329046 0.329108
12.1 0 0 0 0 0.14684 0.14678 0.146614 0.146787 0.260428 0.260468 0.260458 0.260375 0.293328 0.293276 0.293304 0.293379
12.12 0 0 0 0 0.14439 0.145099 0.145108 0.145163 0.240594 0.240658 0.240666 0.240737 0.258309 0.258258 0.258252 0.258293
12.14 0 0 0 0 0.115878 0.11607 0.116266 0.116494 0.197467 0.197493 0.197573 0.197619 0.225145 0.225099 0.225099 0.225143
12.16 0 0 0 0 0.0601584 0.0602639 0.0600245 0.0600753 0.129112 0.129123 0.129053 0.129045 0.175256 0.175224 0.175234 0.175275
12.18 0 0 0 0 0.00576018 0.00634521 0.00661082 0.00751259 0.0524126 0.052471 0.0525736 0.0526695 0.101991 0.101953 0.101954 0.101987
12.2 0 0 0 0 -0.0264175 -0.0269291 -0.0269877 -0.0270254 -0.0173931 -0.0172517 -0.0172519 -0.017164 0.00727226 0.00725703 0.00726187 0.00728151
12.22 0 0 0 0 -0.0517377 -0.0517686 -0.051959 -0.0522735 -0.0891092 -0.089233 -0.0892653 -0.0893689 -0.108045 -0.108022 -0.10803 -0.108062
12.24 0 0 0 0 -0.0750174 -0.0751777 -0.0748813 -0.0747297 -0.16359 -0.163568 -0.163581 -0.163611 -0.222972 -0.222929 -0.222935 -0.222983
12.26 0 0 0 0 -0.0901307 -0.0905037 -0.0908295 -0.0917055 -0.217857 -0.217988 -0.218019 -0.21807 -0.300076 -0.299994 -0.299993 -0.300074
12.28 0 0 0 0 -0.104497 -0.104637 -0.10452 -0.104662 -0.242764 -0.242911 -0.242978 -0.243063 -0.325888 -0.325814 -0.325836 -0.325932
12.3 0 0 0 0 -0.133724 -0.134169 -0.134085 -0.134422 -0.258616 -0.258536 -0.258517 -0.258474 -0.325042 -0.324973 -0.324974 -0.325038
12.32 0 0 0 0 -0.157836 -0.157469 -0.157731 -0.157756 -0.266301 -0.26628 -0.266288 -0.26642 -0.308538 -0.308479 -0.308464 -0.308508
12.34 0 0 0 0 -0.140696 -0.140743 -0.140436 -0.13964 -0.244666 -0.244627 -0.24461 -0.244452 -0.2706 -0.270549 -0.270554 -0.270613
12.36 0 0 0 0 -0.0973942 -0.0969877 -0.0972198 -0.097244 -0.194431 -0.194443 -0.194366 -0.194297 -0.225232 -0.225164 -0.225149 -0.225204
12.38 0 0 0 0 -0.0500716 -0.0499042 -0.0497344 -0.0495379 -0.122816 -0.122789 -0.122849 -0.12281 -0.171038 -0.170999 -0.171001 -0.171041
12.4 0 0 0 0 -0.0123669 -0.0123248 -0.0123555 -0.0122943 -0.0478451 -0.0477899 -0.0477012 -0.0476774 -0.0985386 -0.0985156 -0.0985206 -0.0985505
12.42 0 0 0 0 0.01049 0.010551 0.0104715 0.0102921 0.0124481 0.0125014 0.0124433 0.0123675 -0.00822726 -0.00822086 -0.00820346 -0.0081888
12.44 0 0 0 0 0.0392897 0.0390992 0.0392265 0.0393294 0.075141 0.0750698 0.0750791 0.0751117 0.103688 0.103662 0.103647 0.103656
12.46 0 0 0 0 0.080748 0.0807622 0.0806095 0.0801359 0.156696 0.15663 0.156628 0.156621 0.221601 0.221555 0.221546 0.221584
12.48 0 0 0 0 0.10629 0.105798 0.105863 0.10578 0.22782 0.227717 0.227638 0.227563 0.300715 0.300652 0.300662 0.300738
12.5 0 0 0 0 0.104914 0.104636 0.104583 0.104285 0.251763 0.251842 0.251866 0.251702 0.318513 0.318409 0.318385 0.318467
12.52 0 0 0 0 0.103271 0.103204 0.103271 0.103489 0.233441 0.233481 0.233454 0.23352 0.296413 0.296339 0.296337 0.296411
12.54 0 0 0 0 0.116112 0.116243 0.116273 0.116648 0.206693 0.20664 0.206674 0.206702 0.263103 0.26307 0.263094 0.26315
12.56 0 0 0 0 0.118938 0.11955 0.119446 0.119268 0.184429 0.18447 0.184491 0.184622 0.219887 0.21985 0.219842 0.219868
12.58 0 0 0 0 0.0909984 0.0912264 0.091384 0.0918142 0.153417 0.153419 0.153455 0.153491 0.163055 0.163024 0.163028 0.16306
12.6 0 0 0 0 0.0484829 0.0485768 0.0484993 0.0485883 0.105488 0.105615 0.105604 0.105507 0.10805 0.10802 0.108032 0.108075
12.62 0 0 0 0 0.00253502 0.00255345 0.00257443 0.00272899 0.0309763 0.0310155 0.0310455 0.0310866 0.0484665 0.0484412 0.0484312 0.0484455
12.64 0 0 0 0 -0.0426417 -0.0428553 -0.0428096 -0.0428098 -0.0591765 -0.0592242 -0.0592365 -0.0592466 -0.0323492 -0.03234 -0.0323354 -0.0323381
12.66 0 0 0 0 -0.0784925 -0.0786466 -0.0787713 -0.079117 -0.136501 -0.136576 -0.136606 -0.136545 -0.133482 -0.133445 -0.133446 -0.133479
12.68 0 0 0 0 -0.0947384 -0.0951423 -0.0950601 -0.0951722 -0.183773 -0.183831 -0.183831 -0.183917 -0.231521 -0.231481 -0.231496 -0.231553
12.7 0 0 0 0 -0.0887744 -0.0889325 -0.0890254 -0.0895077 -0.201617 -0.201656 -0.201724 -0.201816 -0.291886 -0.291818 -0.291817 -0.291882
12.72 0 0 0 0 -0.0906875 -0.0907773 -0.0906959 -0.0907275 -0.217953 -0.21796 -0.217942 -0.217963 -0.313659 -0.313586 -0.313592 -0.313672
12.74 0 0 0 0 -0.109349 -0.108958 -0.108996 -0.10929 -0.235299 -0.23523 -0.235238 -0.235263 -0.302686 -0.30262 -0.30262 -0.302685
12.76 0 0 0 0 -0.128195 -0.128201 -0.128292 -0.127659 -0.23583 -0.235879 -0.235843 -0.235682 -0.268225 -0.26815 -0.26813 -0.268185
12.78 0 0 0 0 -0.123609 -0.123259 -0.123063 -0.122757 -0.20386 -0.203776 -0.203738 -0.203716 -0.218503 -0.218466 -0.218471 -0.218517
12.8 0 0 0 0 -0.069945 -0.0699065 -0.0700461 -0.0699371 -0.124667 -0.124681 -0.12469 -0.124666 -0.142762 -0.142737 -0.142739 -0.142768
12.82 0 0 0 0 0.000930662 0.000980936 0.00106602 0.00119575 -0.0252646 -0.0252511 -0.0252268 -0.0251741 -0.0524319 -0.0524039 -0.0523897 -0.0524031
12.84 0 0 0 0 0.0475761 0.0477149 0.0477082 0.047339 0.059366 0.0593916 0.0593798 0.0593268 0.0381041 0.0380984 0.0380914 0.0380918
12.86 0 0 0 0 0.0645128 0.064163 0.06407 0.064099 0.118246 0.118221 0.118203 0.118185 0.128035 0.128 0.127993 0.128021
12.88 0 0 0 0 0.0690584 0.0690395 0.0691369 0.0688031 0.157079 0.157083 0.157072 0.156973 0.211331 0.21128 0.211285 0.211341
12.9 0 0 0 0 0.0816869 0.0812193 0.0810847 0.0810397 0.189725 0.189602 0.189555 0.189536 0.274397 0.27433 0.27432 0.274376
12.92 0 0 0 0 0.100851 0.10077 0.100863 0.100486 0.218463 0.218465 0.218463 0.21842 0.300885 0.30081 0.3008 0.300867
12.94 0 0 0 0 0.124064 0.124129 0.124143 0.124443 0.242553 0.242529 0.242539 0.242649 0.297557 0.297503 0.297511 0.297574
12.96 0 0 0 0 0.139935 0.140087 0.14006 0.140354 0.251422 0.2515 0.251521 0.251463 0.280255 0.280191 0.280194 0.280256
12.98 0 0 0 0 0.126144 0.1268 0.126833 0.127049 0.22275 0.222862 0.222894 0.222943 0.24697 0.24692 0.246929 0.246986
13 0 0 0 0 0.0814576 0.0815479 0.0816069 0.0819685 0.155503 0.155513 0.155546 0.155611 0.193151 0.193114 0.193123 0.193168
13.02 0 0 0 0 0.0198277 0.0199289 0.0198706 0.0198649 0.0662387 0.0662829 0.066276 0.0662716 0.112712 0.112678 0.112669 0.112693
13.04 0 0 0 0 -0.0253623 -0.0254686 -0.0254149 -0.0252303 -0.0146673 -0.0146783 -0.014654 -0.0145768 0.0163929 0.0163876 0.0163977 0.0164144
13.06 0 0 0 0 -0.0431123 -0.0433088 -0.0433474 -0.0435453 -0.0752797 -0.0752939 -0.0753189 -0.0753916 -0.0836102 -0.0835923 -0.0835909 -0.0836054
13.08 0 0 0 0 -0.0600346 -0.0601314 -0.0601661 -0.0603561 -0.134249 -0.134302 -0.134326 -0.134331 -0.186707 -0.186671 -0.18669 -0.186748
13.1 0 0 0 0 -0.0899735 -0.0903247 -0.0902876 -0.0906223 -0.199123 -0.199173 -0.19919 -0.199313 -0.277595 -0.27753 -0.277524 -0.277581
13.12 0 0 0 0 -0.127237 -0.127544 -0.127651 -0.128102 -0.260682 -0.260773 -0.260838 -0.260885 -0.338689 -0.338614 -0.338623 -0.338705
13.14 0 0 0 0 -0.152384 -0.1524 -0.152288 -0.152292 -0.297597 -0.297531 -0.2975 -0.297494 -0.360516 -0.360447 -0.360462 -0.360546
13.16 0 0 0 0 -0.143363 -0.142962 -0.143079 -0.142915 -0.28399 -0.284032 -0.284021 -0.283958 -0.337001 -0.336909 -0.336884 -0.336953
13.18 0 0 0 0 -0.104492 -0.104274 -0.104198 -0.103794 -0.21882 -0.218806 -0.218784 -0.218638 -0.273247 -0.273172 -0.273162 -0.273227
13.2 0 0 0 0 -0.063655 -0.0633944 -0.063339 -0.06325 -0.134499 -0.134393 -0.13434 -0.134351 -0.18822 -0.188188 -0.188201 -0.188248
13.22 0 0 0 0 -0.0360205 -0.0360911 -0.036187 -0.0360687 -0.0640333 -0.0640263 -0.0640601 -0.0640794 -0.0969109 -0.0968937 -0.0968867 -0.0968966
13.24 0 0 0 0 -0.0139657 -0.013936 -0.0138252 -0.0137091 -0.0111253 -0.0110594 -0.0110309 -0.0110466 -0.00465848 -0.00465542 -0.00464245 -0.00463166
13.26 0 0 0 0 0.0256679 0.0256169 0.0255353 0.0253807 0.0540087 0.0538968 0.0538805 0.0539063 0.0935322 0.0935093 0.0934929 0.0934974
13.28 0 0 0 0 0.0800033 0.0798638 0.0798756 0.0796827 0.143994 0.143935 0.143905 0.143915 0.191199 0.191162 0.191155 0.191187
13.3 0 0 0 0 0.128605 0.128401 0.128389 0.127986 0.238431 0.238385 0.238381 0.238296 0.277628 0.277577 0.27759 0.277657
13.32 0 0 0 0 0.16086 0.160386 0.160304 0.159924 0.308428 0.308433 0.308366 0.308228 0.352106 0.352009 0.351984 0.352058
13.34 0 0 0 0 0.163964 0.164162 0.164328 0.164686 0.328968 0.329024 0.329068 0.329075 0.400764 0.400669 0.40066 0.400744
13.36 0 0 0 0 0.149762 0.150208 0.150138 0.150618 0.310633 0.31065 0.310676 0.310807 0.41318 0.413105 0.413137 0.413244
13.38 0 0 0 0 0.130064 0.130436 0.130442 0.130781 0.273653 0.273762 0.273802 0.273888 0.378856 0.378773 0.37878 0.378868
13.4 0 0 0 0 0.0979397 0.0982664 0.0983956 0.0989009 0.215007 0.215064 0.215127 0.215239 0.286161 0.286089 0.286081 0.286145
13.42 0 0 0 0 0.0587858 0.0596511 0.059629 0.0612566 0.134829 0.135185 0.135273 0.135525 0.155342 0.155291 0.155312 0.155372
13.44 0 0 0 0 0.0289086 0.0297328 0.0300635 0.0317469 0.0468529 0.0469841 0.047086 0.0469957 0.0250361 0.0250359 0.0250626 0.0250913
13.46 0 0 0 0 0.00595793 0.00540899 0.00522151 0.00358738 -0.0428775 -0.0431048 -0.0432532 -0.043302 -0.082894 -0.0828679 -0.0828865 -0.0829372
13.48 0 0 0 0 -0.0355202 -0.0353787 -0.0355573 -0.0354163 -0.124291 -0.12434 -0.124283 -0.124209 -0.165606 -0.165557 -0.165579 -0.165651
13.5 0 0 0 0 -0.0968227 -0.0972088 -0.0967872 -0.0974631 -0.189288 -0.189491 -0.189556 -0.189684 -0.231594 -0.231531 -0.231517 -0.231567
13.52 0 0 0 0 -0.166798 -0.167961 -0.16866 -0.169688 -0.260306 -0.260299 -0.260414 -0.260571 -0.30175 -0.301719 -0.301741 -0.301791
13.54 0 0 0 0 -0.220123 -0.220984 -0.220552 -0.220856 -0.343976 -0.344022 -0.343975 -0.344165 -0.383105 -0.383056 -0.383086 -0.383159
13.56 0 0 0 0 -0.218557 -0.219239 -0.219524 -0.221093 -0.403121 -0.403344 -0.40352 -0.403541 -0.453982 -0.453874 -0.45387 -0.453974
13.58 0 0 0 0 -0.168048 -0.167203 -0.167472 -0.166487 -0.392131 -0.392146 -0.392047 -0.392035 -0.484111 -0.483981 -0.483972 -0.484094
13.6 0 0 0 0 -0.118194 -0.117503 -0.116798 -0.116798 -0.319538 -0.319545 -0.319521 -0.319195 -0.462565 -0.46242 -0.462398 -0.462526
13.62 0 0 0 0 -0.0995216 -0.0981179 -0.0988336 -0.097968 -0.237785 -0.237281 -0.237156 -0.237011 -0.380191 -0.380093 -0.380083 -0.380164
13.64 0 0 0 0 -0.082511 -0.0781533 -0.0771649 -0.0748622 -0.158945 -0.157457 -0.157059 -0.156088 -0.221033 -0.221018 -0.220964 -0.220969
