0.005 0 0 0 0 -5.80934e-06 -2.51975e-06 1.97151e-06 5.26241e-06 -8.32416e-07 -7.01513e-07 1.42153e-07 2.72582e-07 1.81604e-05 5.06909e-06 -5.627e-06 -1.87183e-05
0.025 0 0 0 0 -9.54185e-06 -6.2633e-06 -1.7721e-06 1.52967e-06 -5.43741e-06 -5.30361e-06 -4.45997e-06 -4.33249e-06 1.3627e-05 5.35682e-07 -1.01604e-05 -2.32517e-05
0.045 0 0 0 0 -6.44351e-06 -3.1474e-06 1.34374e-06 4.62776e-06 -4.67862e-06 -4.55345e-06 -3.70983e-06 -3.57379e-06 1.3938e-05 8.48823e-07 -9.84729e-06 -2.29407e-05
0.065 0 0 0 0 6.59843e-07 3.97503e-06 8.46626e-06 1.17313e-05 3.61418e-06 3.73698e-06 4.58053e-06 4.71871e-06 2.01928e-05 7.10376e-06 -3.59243e-06 -1.66862e-05
0.085 0 0 0 0 7.53755e-06 1.08533e-05 1.53442e-05 1.86078e-05 1.78041e-05 1.79364e-05 1.87799e-05 1.89086e-05 3.36711e-05 2.05778e-05 9.88161e-06 -3.20811e-06
0.105 0 0 0 0 1.39128e-05 1.72271e-05 2.17175e-05 2.49814e-05 3.39626e-05 3.40971e-05 3.49403e-05 3.50661e-05 5.54078e-05 4.23089e-05 3.16125e-05 1.85283e-05
0.125 0 0 0 0 2.08093e-05 2.41309e-05 2.86209e-05 3.18765e-05 5.03976e-05 5.05217e-05 5.13644e-05 5.14994e-05 8.2686e-05 6.95815e-05 5.88848e-05 4.58053e-05
0.145 0 0 0 0 2.85263e-05 3.18537e-05 3.63433e-05 3.95919e-05 6.84566e-05 6.85747e-05 6.94169e-05 6.95568e-05 0.000109839 9.6728e-05 8.6031e-05 7.29568e-05
0.165 0 0 0 0 3.70525e-05 4.03807e-05 4.48697e-05 4.81161e-05 8.75527e-05 8.7677e-05 8.8519e-05 8.86522e-05 0.000132211 0.000119094 0.000108397 9.53288e-05
0.185 0 0 0 0 4.58086e-05 4.91453e-05 5.3634e-05 5.68709e-05 0.000103506 0.000103635 0.000104477 0.000104605 0.000148333 0.000135213 0.000124516 0.000111451
0.205 0 0 0 0 5.24704e-05 5.58232e-05 6.03117e-05 6.35322e-05 0.000112845 0.00011297 0.000113812 0.000113944 0.000158507 0.000145386 0.000134689 0.000121625
0.225 0 0 0 0 5.40002e-05 5.73577e-05 6.18463e-05 6.50619e-05 0.000115227 0.000115348 0.00011619 0.000116325 0.000162539 0.000149417 0.00013872 0.000125656
0.245 0 0 0 0 5.01626e-05 5.35075e-05 5.7996e-05 6.12242e-05 0.000111446 0.00011157 0.000112411 0.000112544 0.000159737 0.000146615 0.000135917 0.000122854
0.265 0 0 0 0 4.39914e-05 4.73238e-05 5.18123e-05 5.5053e-05 0.000102007 0.000102133 0.000102975 0.000103106 0.000149759 0.000136638 0.000125941 0.000112877
0.285 0 0 0 0 3.78316e-05 4.11623e-05 4.56508e-05 4.88932e-05 8.80454e-05 8.81677e-05 8.90094e-05 8.91439e-05 0.000132639 0.000119523 0.000108826 9.57567e-05
0.305 0 0 0 0 3.12808e-05 3.46109e-05 3.90994e-05 4.23424e-05 7.15148e-05 7.16364e-05 7.24781e-05 7.26133e-05 0.000109471 9.63595e-05 8.56622e-05 7.25879e-05
0.325 0 0 0 0 2.32615e-05 2.65837e-05 3.10722e-05 3.43231e-05 5.35851e-05 5.37115e-05 5.45532e-05 5.46835e-05 8.33009e-05 7.01949e-05 5.94977e-05 4.64182e-05
0.345 0 0 0 0 1.43729e-05 1.76859e-05 2.21744e-05 2.54345e-05 3.49833e-05 3.51117e-05 3.59534e-05 3.60817e-05 5.85519e-05 4.5451e-05 3.47537e-05 2.16692e-05
0.365 0 0 0 0 6.1109e-06 9.41839e-06 1.39069e-05 1.71725e-05 1.78624e-05 1.7987e-05 1.88286e-05 1.89608e-05 3.86332e-05 2.55371e-05 1.48398e-05 1.75056e-06
0.385 0 0 0 0 -4.78559e-07 2.82196e-06 7.31046e-06 1.05831e-05 5.34771e-06 5.47022e-06 6.31189e-06 6.44612e-06 2.46484e-05 1.15553e-05 8.58094e-07 -1.22342e-05
0.405 0 0 0 0 -4.1967e-06 -9.04227e-07 3.58428e-06 6.86491e-06 -7.08467e-07 -5.82883e-07 2.5879e-07 3.89944e-07 1.68687e-05 3.77653e-06 -6.92072e-06 -2.0014e-05
0.425 0 0 0 0 -3.80104e-06 -5.08401e-07 3.9801e-06 7.26057e-06 -3.57146e-07 -2.29768e-07 6.11905e-07 7.41265e-07 1.60741e-05 2.98202e-06 -7.71522e-06 -2.08085e-05
0.445 0 0 0 0 5.9621e-07 3.89894e-06 8.38744e-06 1.16578e-05 6.08707e-06 6.212e-06 7.05368e-06 7.18548e-06 2.31975e-05 1.01047e-05 -5.92547e-07 -1.36851e-05
0.465 0 0 0 0 7.23287e-06 1.0545e-05 1.50335e-05 1.82945e-05 1.83888e-05 1.85125e-05 1.93542e-05 1.94872e-05 3.82116e-05 2.5116e-05 1.44188e-05 1.32895e-06
0.485 0 0 0 0 1.47205e-05 1.8036e-05 2.25245e-05 2.57821e-05 3.53365e-05 3.54622e-05 3.63039e-05 3.64349e-05 5.9977e-05 4.68763e-05 3.61791e-05 2.30944e-05
0.505 0 0 0 0 2.3039e-05 2.63584e-05 3.08469e-05 3.41006e-05 5.47011e-05 5.48271e-05 5.56688e-05 5.57995e-05 8.62261e-05 7.31194e-05 6.24221e-05 4.93435e-05
0.525 0 0 0 0 3.21683e-05 3.54964e-05 3.99849e-05 4.32299e-05 7.44505e-05 7.45736e-05 7.54153e-05 7.55489e-05 0.000113419 0.000100306 8.96091e-05 7.6536e-05
0.545 0 0 0 0 4.09228e-05 4.42594e-05 4.87479e-05 5.19844e-05 9.27939e-05 9.29159e-05 9.37576e-05 9.38923e-05 0.00013739 0.000124273 0.000113576 0.000100508
0.565 0 0 0 0 4.79197e-05 5.12612e-05 5.57497e-05 5.89813e-05 0.00010746 0.000107584 0.000108426 0.000108558 0.000155064 0.000141943 0.000131246 0.000118182
0.585 0 0 0 0 5.23516e-05 5.56976e-05 6.0186e-05 6.3413e-05 0.000116092 0.000116217 0.000117059 0.000117191 0.000165129 0.000152006 0.000141309 0.000128247
0.605 0 0 0 0 5.3358e-05 5.67071e-05 6.11955e-05 6.44192e-05 0.000117404 0.000117527 0.000118369 0.000118502 0.000166995 0.000153871 0.000143174 0.000130112
0.625 0 0 0 0 5.02112e-05 5.35568e-05 5.80451e-05 6.12724e-05 0.000111437 0.00011156 0.000112402 0.000112535 0.000160151 0.000147029 0.000136332 0.000123268
0.645 0 0 0 0 4.35249e-05 4.6861e-05 5.13494e-05 5.45862e-05 9.90109e-05 9.91352e-05 9.99768e-05 0.000100109 0.000144849 0.000131729 0.000121032 0.000107966
0.665 0 0 0 0 3.48963e-05 3.82236e-05 4.2712e-05 4.59576e-05 8.13936e-05 8.15183e-05 8.23599e-05 8.24917e-05 0.000122457 0.000109342 9.86446e-05 8.55739e-05
0.685 0 0 0 0 2.54629e-05 2.87841e-05 3.32725e-05 3.65241e-05 6.05297e-05 6.06536e-05 6.14952e-05 6.16279e-05 9.52472e-05 8.21386e-05 7.14413e-05 5.83644e-05
0.705 0 0 0 0 1.60302e-05 1.93455e-05 2.38339e-05 2.70915e-05 3.92619e-05 3.93859e-05 4.02275e-05 4.036e-05 6.67156e-05 5.36134e-05 4.29161e-05 2.98328e-05
0.725 0 0 0 0 7.57457e-06 1.08835e-05 1.53718e-05 1.86358e-05 2.04782e-05 2.06035e-05 2.14451e-05 2.15764e-05 4.12074e-05 2.81106e-05 1.74133e-05 4.32457e-06
0.745 0 0 0 0 1.08376e-06 4.38739e-06 8.87579e-06 1.2145e-05 6.42518e-06 6.5509e-06 7.3925e-06 7.52336e-06 2.26478e-05 9.55505e-06 -1.14224e-06 -1.4235e-05
0.765 0 0 0 0 -2.82812e-06 4.71666e-07 4.96006e-06 8.23312e-06 -1.3793e-06 -1.25425e-06 -4.12754e-07 -2.8144e-07 1.32677e-05 1.76911e-07 -1.05204e-05 -2.36152e-05
0.785 0 0 0 0 -3.15257e-06 1.463e-07 4.6347e-06 7.90868e-06 -1.44402e-06 -1.31976e-06 -4.78234e-07 -3.46098e-07 1.40778e-05 9.86896e-07 -9.71041e-06 -2.2805e-05
0.805 0 0 0 0 9.50356e-07 4.25323e-06 8.74163e-06 1.20116e-05 7.07006e-06 7.19394e-06 8.03545e-06 8.16796e-06 2.50884e-05 1.19951e-05 1.29784e-06 -1.17945e-05
0.825 0 0 0 0 9.17547e-06 1.2487e-05 1.69754e-05 2.02367e-05 2.34936e-05 2.36177e-05 2.44592e-05 2.45915e-05 4.53421e-05 3.22447e-05 2.15474e-05 8.4593e-06
0.845 0 0 0 0 1.9889e-05 2.32107e-05 2.76991e-05 3.09503e-05 4.54299e-05 4.55545e-05 4.6396e-05 4.65278e-05 7.27634e-05 5.96601e-05 4.89628e-05 3.58805e-05
0.865 0 0 0 0 3.14269e-05 3.47586e-05 3.9247e-05 4.24882e-05 6.99182e-05 7.00425e-05 7.0884e-05 7.10161e-05 0.000104521 9.14108e-05 8.07135e-05 6.76381e-05
0.885 0 0 0 0 4.27082e-05 4.60493e-05 5.05377e-05 5.37695e-05 9.43612e-05 9.44841e-05 9.53256e-05 9.54591e-05 0.000137105 0.000123988 0.000113291 0.000100222
0.905 0 0 0 0 5.28583e-05 5.62075e-05 6.06959e-05 6.39196e-05 0.00011645 0.000116572 0.000117414 0.000117548 0.00016648 0.000153356 0.000142659 0.000129597
0.925 0 0 0 0 6.11633e-05 6.45186e-05 6.90065e-05 7.22228e-05 0.000134052 0.000134173 0.000135014 0.000135148 0.000189125 0.000175996 0.000165299 0.000152242
0.945 0 0 0 0 6.68874e-05 7.02486e-05 7.47363e-05 7.79461e-05 0.00014529 0.000145412 0.000146253 0.000146386 0.00020281 0.000189678 0.000178981 0.000165926
0.965 0 0 0 0 6.92477e-05 7.26131e-05 7.71007e-05 8.03062e-05 0.000149044 0.000149165 0.000150006 0.00015014 0.000206775 0.000193642 0.000182945 0.000169891
0.985 0 0 0 0 6.7601e-05 7.09658e-05 7.54535e-05 7.86595e-05 0.000145076 0.000145197 0.000146038 0.000146172 0.000201279 0.000188148 0.00017745 0.000164395
1.005 0 0 0 0 6.20027e-05 6.53613e-05 6.98489e-05 7.30612e-05 0.000133905 0.000134027 0.000134868 0.000135001 0.000187217 0.000174089 0.000163392 0.000150334
1.025 0 0 0 0 5.35715e-05 5.69213e-05 6.14089e-05 6.463e-05 0.000116975 0.000117096 0.000117937 0.000118071 0.000166143 0.000153019 0.000142321 0.000129259
1.045 0 0 0 0 4.36397e-05 4.69804e-05 5.1468e-05 5.46981e-05 9.63517e-05 9.64732e-05 9.73141e-05 9.74478e-05 0.000140006 0.000126888 0.00011619 0.000103122
1.065 0 0 0 0 3.3396e-05 3.6728e-05 4.12156e-05 4.44544e-05 7.44729e-05 7.45949e-05 7.54359e-05 7.55691e-05 0.000111439 9.83272e-05 8.76296e-05 7.45554e-05
1.085 0 0 0 0 2.40564e-05 2.73813e-05 3.18689e-05 3.51149e-05 5.39512e-05 5.40739e-05 5.49149e-05 5.50474e-05 8.40308e-05 7.09247e-05 6.02271e-05 4.7147e-05
1.105 0 0 0 0 1.64174e-05 1.97369e-05 2.42245e-05 2.74759e-05 3.70356e-05 3.71587e-05 3.79996e-05 3.81317e-05 6.1434e-05 4.83328e-05 3.76352e-05 2.45501e-05
1.125 0 0 0 0 1.07387e-05 1.40527e-05 1.85403e-05 2.17971e-05 2.52339e-05 2.53574e-05 2.61983e-05 2.63301e-05 4.62441e-05 3.31461e-05 2.24485e-05 9.36022e-06
1.145 0 0 0 0 7.52948e-06 1.08387e-05 1.53263e-05 1.85879e-05 1.95617e-05 1.96853e-05 2.05263e-05 2.06579e-05 3.97875e-05 2.66907e-05 1.59931e-05 2.90366e-06
1.165 0 0 0 0 7.75676e-06 1.10652e-05 1.55528e-05 1.88152e-05 2.0825e-05 2.09479e-05 2.17889e-05 2.19212e-05 4.23607e-05 2.92633e-05 1.85657e-05 5.4768e-06
1.185 0 0 0 0 1.22364e-05 1.55503e-05 2.00379e-05 2.32948e-05 2.96706e-05 2.97925e-05 3.06335e-05 3.07668e-05 5.37365e-05 4.06369e-05 2.99393e-05 1.68526e-05
1.205 0 0 0 0 2.05491e-05 2.38728e-05 2.83604e-05 3.16075e-05 4.57144e-05 4.58363e-05 4.66772e-05 4.68106e-05 7.31576e-05 6.00542e-05 4.93565e-05 3.62738e-05
1.225 0 0 0 0 3.10309e-05 3.43648e-05 3.88524e-05 4.20893e-05 6.68747e-05 6.69976e-05 6.78385e-05 6.79709e-05 9.9101e-05 8.59919e-05 7.52943e-05 6.22171e-05
1.245 0 0 0 0 4.20398e-05 4.53831e-05 4.98707e-05 5.30983e-05 9.0234e-05 9.03568e-05 9.11978e-05 9.13302e-05 0.000129256 0.000116141 0.000105443 9.23726e-05
1.265 0 0 0 0 5.26396e-05 5.59918e-05 6.04794e-05 6.36981e-05 0.000113345 0.000113466 0.000114307 0.000114441 0.000160434 0.000147312 0.000136615 0.00012355
1.285 0 0 0 0 6.22313e-05 6.55912e-05 7.00789e-05 7.32898e-05 0.000134369 0.000134488 0.000135329 0.000135465 0.000188761 0.000175633 0.000164935 0.000151877
1.305 0 0 0 0 7.01687e-05 7.35348e-05 7.80224e-05 8.12271e-05 0.000151381 0.000151501 0.000152342 0.000152477 0.00021063 0.000197497 0.000186799 0.000173746
1.325 0 0 0 0 7.57097e-05 7.90808e-05 8.35681e-05 8.67669e-05 0.000162331 0.000162452 0.000163293 0.000163427 0.000223758 0.000210621 0.000199924 0.000186873
1.345 0 0 0 0 7.79447e-05 8.132e-05 8.58072e-05 8.90017e-05 0.00016578 0.0001659 0.000166741 0.000166875 0.000227319 0.000214183 0.000203485 0.000190435
1.365 0 0 0 0 7.60399e-05 7.94145e-05 8.39017e-05 8.70969e-05 0.000161342 0.000161462 0.000162302 0.000162437 0.000221421 0.000208286 0.000197588 0.000184536
1.385 0 0 0 0 6.99017e-05 7.32688e-05 7.7756e-05 8.09587e-05 0.000149443 0.000149564 0.000150404 0.000150538 0.000206663 0.000193531 0.000182833 0.000169779
1.405 0 0 0 0 6.04504e-05 6.38062e-05 6.82934e-05 7.15074e-05 0.000131084 0.000131205 0.000132046 0.000132179 0.000184045 0.000170917 0.000160219 0.00014716
1.425 0 0 0 0 4.89454e-05 5.22894e-05 5.67767e-05 6.00024e-05 0.000107812 0.000107933 0.000108774 0.000108907 0.000154934 0.000141812 0.000131114 0.000118049
1.445 0 0 0 0 3.67098e-05 4.00431e-05 4.45303e-05 4.77667e-05 8.20004e-05 8.21216e-05 8.29624e-05 8.30957e-05 0.000121681 0.000108567 9.78689e-05 8.47969e-05
1.465 0 0 0 0 2.49877e-05 2.83117e-05 3.27989e-05 3.60446e-05 5.65049e-05 5.66269e-05 5.74677e-05 5.76001e-05 8.78857e-05 7.47785e-05 6.40807e-05 5.10014e-05
1.485 0 0 0 0 1.44875e-05 1.78029e-05 2.22901e-05 2.55445e-05 3.37165e-05 3.38398e-05 3.46805e-05 3.48118e-05 5.74979e-05 4.43972e-05 3.36994e-05 2.06136e-05
1.505 0 0 0 0 5.60922e-06 8.91584e-06 1.34031e-05 1.66662e-05 1.53357e-05 1.54598e-05 1.63005e-05 1.6431e-05 3.37861e-05 2.06903e-05 9.99255e-06 -3.0982e-06
1.525 0 0 0 0 -1.11191e-06 2.18637e-06 6.6736e-06 9.94504e-06 2.59969e-06 2.72378e-06 3.56449e-06 3.69498e-06 1.85695e-05 5.47664e-06 -5.22113e-06 -1.83149e-05
1.545 0 0 0 0 -4.88004e-06 -1.58791e-06 2.89932e-06 6.1769e-06 -3.60546e-06 -3.4816e-06 -2.64088e-06 -2.51017e-06 1.2127e-05 -9.64728e-07 -1.16625e-05 -2.47574e-05
1.565 0 0 0 0 -4.88898e-06 -1.59819e-06 2.88904e-06 6.16797e-06 -2.81029e-06 -2.68656e-06 -1.84584e-06 -1.715e-06 1.38811e-05 7.88852e-07 -9.90891e-06 -2.30033e-05
1.585 0 0 0 0 -8.27365e-07 2.4684e-06 6.95563e-06 1.02296e-05 4.94909e-06 5.07272e-06 5.91343e-06 6.04438e-06 2.32426e-05 1.01485e-05 -5.49233e-07 -1.36417e-05
1.605 0 0 0 0 6.55854e-06 9.86362e-06 1.43509e-05 1.76155e-05 1.88289e-05 1.89525e-05 1.97932e-05 1.99241e-05 3.9669e-05 2.65717e-05 1.58739e-05 2.78465e-06
1.625 0 0 0 0 1.56526e-05 1.89671e-05 2.34544e-05 2.67095e-05 3.70219e-05 3.71459e-05 3.79866e-05 3.81172e-05 6.2105e-05 4.9003e-05 3.83052e-05 2.52207e-05
1.645 0 0 0 0 2.4754e-05 2.80752e-05 3.25625e-05 3.5811e-05 5.69352e-05 5.70593e-05 5.79e-05 5.80305e-05 8.82541e-05 7.51463e-05 6.44485e-05 5.13697e-05
1.665 0 0 0 0 3.30306e-05 3.63565e-05 4.08437e-05 4.40875e-05 7.61027e-05 7.62259e-05 7.70666e-05 7.7198e-05 0.000114707 0.000101594 9.0896e-05 7.78231e-05
1.685 0 0 0 0 4.0211e-05 4.35416e-05 4.80288e-05 5.1268e-05 9.25576e-05 9.26796e-05 9.35204e-05 9.36529e-05 0.000137484 0.000124365 0.000113667 0.000100599
1.705 0 0 0 0 4.60821e-05 4.9418e-05 5.39053e-05 5.7139e-05 0.000104853 0.000104975 0.000105816 0.000105948 0.000153355 0.000140233 0.000129535 0.00011647
1.725 0 0 0 0 4.98305e-05 5.31714e-05 5.76586e-05 6.08875e-05 0.000111544 0.000111667 0.000112507 0.000112639 0.000160575 0.000147452 0.000136754 0.000123691
1.745 0 0 0 0 5.01736e-05 5.35161e-05 5.80033e-05 6.12305e-05 0.000111205 0.000111329 0.000112169 0.000112301 0.000158813 0.00014569 0.000134993 0.000121929
1.765 0 0 0 0 4.68957e-05 5.02363e-05 5.47235e-05 5.79527e-05 0.000103845 0.000103968 0.000104809 0.000104941 0.000149237 0.000136116 0.000125418 0.000112352
1.785 0 0 0 0 4.32821e-05 4.66255e-05 5.11127e-05 5.43391e-05 9.39487e-05 9.40681e-05 9.49088e-05 9.5044e-05 0.000136393 0.000123276 0.000112578 9.95083e-05
1.805 0 0 0 0 4.04079e-05 4.37535e-05 4.82407e-05 5.14649e-05 8.54344e-05 8.55529e-05 8.63937e-05 8.65297e-05 0.000123833 0.000110719 0.000100021 8.69483e-05
1.825 0 0 0 0 3.76211e-05 4.09623e-05 4.54496e-05 4.8678e-05 7.936e-05 7.94825e-05 8.03232e-05 8.04553e-05 0.000113972 0.00010086 9.01622e-05 7.70879e-05
1.845 0 0 0 0 3.52379e-05 3.85746e-05 4.30618e-05 4.62948e-05 7.52878e-05 7.54118e-05 7.62525e-05 7.6383e-05 0.000108802 9.56909e-05 8.49931e-05 7.19181e-05
1.865 0 0 0 0 3.39328e-05 3.72688e-05 4.17561e-05 4.49897e-05 7.33688e-05 7.34894e-05 7.43302e-05 7.44641e-05 0.000108647 9.55355e-05 8.48378e-05 7.17624e-05
1.885 0 0 0 0 3.40926e-05 3.74281e-05 4.19153e-05 4.51495e-05 7.47535e-05 7.48721e-05 7.57129e-05 7.58488e-05 0.00011223 9.91185e-05 8.84207e-05 7.5346e-05
1.905 0 0 0 0 3.60251e-05 3.93594e-05 4.38466e-05 4.7082e-05 7.96945e-05 7.98156e-05 8.06563e-05 8.07898e-05 0.000118142 0.000105028 9.43305e-05 8.12575e-05
1.925 0 0 0 0 3.97422e-05 4.308e-05 4.75673e-05 5.07992e-05 8.67905e-05 8.69134e-05 8.77541e-05 8.78858e-05 0.000125768 0.000112652 0.000101954 8.88832e-05
1.945 0 0 0 0 4.31057e-05 4.64479e-05 5.09352e-05 5.41627e-05 9.31917e-05 9.33143e-05 9.4155e-05 9.4287e-05 0.000133565 0.000120448 0.000109751 9.66809e-05
1.965 0 0 0 0 4.15414e-05 4.48743e-05 4.93615e-05 5.25984e-05 9.38622e-05 9.3987e-05 9.48277e-05 9.49575e-05 0.000136583 0.000123465 0.000112767 9.96991e-05
1.985 0 0 0 0 3.39643e-05 3.72771e-05 4.17643e-05 4.50212e-05 8.48949e-05 8.50221e-05 8.58628e-05 8.59902e-05 0.000129672 0.000116553 0.000105855 9.27872e-05
2.005 0 0 0 0 2.38973e-05 2.71977e-05 3.1685e-05 3.49543e-05 6.67854e-05 6.69095e-05 6.77502e-05 6.78807e-05 0.000110452 9.73376e-05 8.66398e-05 7.35679e-05
2.025 0 0 0 0 1.36151e-05 1.69122e-05 2.13995e-05 2.4672e-05 4.27485e-05 4.28696e-05 4.37104e-05 4.38438e-05 7.89974e-05 6.58903e-05 5.51926e-05 4.21131e-05
2.045 0 0 0 0 2.7239e-06 6.01623e-06 1.05035e-05 1.37808e-05 1.57477e-05 1.58731e-05 1.67138e-05 1.6843e-05 3.89915e-05 2.58932e-05 1.51955e-05 2.10717e-06
2.065 0 0 0 0 -9.54756e-06 -6.26426e-06 -1.77709e-06 1.50914e-06 -1.28582e-05 -1.27275e-05 -1.18869e-05 -1.17633e-05 -2.60403e-06 -1.56937e-05 -2.63915e-05 -3.94887e-05
2.085 0 0 0 0 -2.3147e-05 -1.98754e-05 -1.53892e-05 -1.20934e-05 -4.16272e-05 -4.14979e-05 -4.06579e-05 -4.05341e-05 -3.91691e-05 -5.22508e-05 -6.2949e-05 -7.60548e-05
2.105 0 0 0 0 -3.49038e-05 -3.16422e-05 -2.71565e-05 -2.38524e-05 -6.50786e-05 -6.49555e-05 -6.41157e-05 -6.39864e-05 -6.53644e-05 -7.844e-05 -8.91383e-05 -0.000102251
2.125 0 0 0 0 -3.76728e-05 -3.44075e-05 -2.99221e-05 -2.66223e-05 -7.28397e-05 -7.27217e-05 -7.1882e-05 -7.17477e-05 -7.45039e-05 -8.75766e-05 -9.8275e-05 -0.00011139
2.145 0 0 0 0 -3.52007e-05 -3.19397e-05 -2.74543e-05 -2.41501e-05 -6.63942e-05 -6.62679e-05 -6.54282e-05 -6.53023e-05 -6.91972e-05 -8.22724e-05 -9.29708e-05 -0.000106084
2.165 0 0 0 0 -3.52697e-05 -3.20308e-05 -2.75453e-05 -2.4219e-05 -5.79935e-05 -5.7854e-05 -5.70143e-05 -5.69016e-05 -5.7759e-05 -7.084e-05 -8.15384e-05 -9.46455e-05
2.185 0 0 0 0 -3.7768e-05 -3.45418e-05 -3.00563e-05 -2.67172e-05 -5.59785e-05 -5.58436e-05 -5.5004e-05 -5.48868e-05 -4.69371e-05 -6.00211e-05 -7.07195e-05 -8.38236e-05
2.205 0 0 0 0 -2.71737e-05 -2.39044e-05 -1.94188e-05 -1.61229e-05 -4.47936e-05 -4.46855e-05 -4.38459e-05 -4.37018e-05 -2.88708e-05 -4.1953e-05 -5.26514e-05 -6.57573e-05
2.225 0 0 0 0 7.4424e-06 1.07976e-05 1.52831e-05 1.84932e-05 4.12366e-07 5.06154e-07 1.3458e-06 1.50417e-06 1.33195e-05 2.35235e-07 -1.04632e-05 -2.3567e-05
2.245 0 0 0 0 5.72758e-05 6.06991e-05 6.51846e-05 6.83265e-05 8.4314e-05 8.44294e-05 8.5269e-05 8.54057e-05 9.34162e-05 8.03155e-05 6.96171e-05 5.65298e-05
2.265 0 0 0 0 9.8269e-05 0.000101699 0.000106185 0.000109321 0.000178373 0.000178518 0.000179358 0.000179465 0.000206229 0.000193098 0.0001824 0.000169342
2.285 0 0 0 0 0.000101999 0.000105344 0.000109827 0.000113041 0.000232996 0.000233148 0.000233987 0.000234085 0.000310582 0.000297419 0.00028672 0.000273694
2.305 0 0 0 0 6.46263e-05 6.78401e-05 7.23229e-05 7.56672e-05 0.000215448 0.000215578 0.000216414 0.000216527 0.000346908 0.000333725 0.000323025 0.000310014
2.325 0 0 0 0 4.93867e-05 5.26363e-05 5.71194e-05 6.04282e-05 0.000174481 0.000174549 0.000175385 0.000175559 0.00031602 0.000302852 0.000292151 0.000279124
2.345 0 0 0 0 6.80383e-05 7.14193e-05 7.59023e-05 7.90799e-05 0.00014899 0.000149054 0.00014989 0.000150068 0.00023222 0.000219082 0.000208382 0.000195325
2.365 0 0 0 0 8.67741e-05 9.0222e-05 9.4705e-05 9.78156e-05 0.000134313 0.000134454 0.00013529 0.000135391 0.00013256 0.000119443 0.000108743 9.56648e-05
2.385 0 0 0 0 7.33356e-05 7.67625e-05 8.12456e-05 8.43774e-05 9.87652e-05 9.89465e-05 9.97814e-05 9.98405e-05 6.10038e-05 4.78971e-05 3.71959e-05 2.41045e-05
2.405 0 0 0 0 -3.02687e-06 2.38654e-07 4.72175e-06 8.01502e-06 1.12058e-06 1.27425e-06 2.10927e-06 2.19607e-06 7.99951e-07 -1.23011e-05 -2.30022e-05 -3.60991e-05
2.425 0 0 0 0 -7.1543e-05 -6.83665e-05 -6.3883e-05 -6.05009e-05 -9.67802e-05 -9.67198e-05 -9.58848e-05 -9.57051e-05 -4.24648e-05 -5.55518e-05 -6.62529e-05 -7.93636e-05
2.445 0 0 0 0 -0.000110272 -0.000107165 -0.000102683 -9.92354e-05 -0.000159236 -0.000159171 -0.000158336 -0.000158161 -0.00010945 -0.000122527 -0.000133228 -0.000146349
2.465 0 0 0 0 -0.000118937 -0.000115858 -0.000111377 -0.000107903 -0.000194784 -0.000194631 -0.000193797 -0.000193712 -0.000211275 -0.000224339 -0.00023504 -0.000248175
2.485 0 0 0 0 -0.000103177 -9.99867e-05 -9.55071e-05 -9.21475e-05 -0.000222914 -0.000222746 -0.000221915 -0.00022185 -0.000305636 -0.000318672 -0.000329374 -0.00034254
2.505 0 0 0 0 -0.000100384 -9.70987e-05 -9.2621e-05 -8.93618e-05 -0.000257965 -0.000257846 -0.000257016 -0.000256906 -0.00036117 -0.000374181 -0.000384884 -0.000398077
2.525 0 0 0 0 -8.02376e-05 -7.68763e-05 -7.23987e-05 -6.92158e-05 -0.000230146 -0.000230082 -0.000229252 -0.000229086 -0.000311746 -0.000324757 -0.00033546 -0.000348653
2.545 0 0 0 0 -8.64476e-05 -8.32573e-05 -7.87796e-05 -7.54258e-05 -0.000170968 -0.000170834 -0.000170003 -0.000169908 -0.000209672 -0.000222727 -0.000233431 -0.000246579
2.565 0 0 0 0 -7.46332e-05 -7.15405e-05 -6.7063e-05 -6.36115e-05 -9.10617e-05 -9.09038e-05 -9.00733e-05 -9.00019e-05 -7.31397e-05 -8.62377e-05 -9.69412e-05 -0.000110047
2.585 0 0 0 0 -3.11683e-05 -2.79815e-05 -2.35039e-05 -2.01466e-05 -1.06371e-05 -1.05478e-05 -9.71736e-06 -9.5773e-06 5.39774e-05 4.08636e-05 3.01601e-05 1.70706e-05
2.605 0 0 0 0 5.40906e-05 5.74916e-05 6.19692e-05 6.51123e-05 0.000105749 0.000105788 0.000106619 0.000106808 0.000174539 0.000161418 0.000150714 0.000137633
2.625 0 0 0 0 0.000105996 0.000109392 0.00011387 0.000117018 0.000209644 0.000209789 0.000210619 0.000210704 0.000253688 0.000240536 0.000229832 0.000216781
2.645 0 0 0 0 0.000126037 0.000129393 0.00013387 0.000137055 0.000267207 0.000267403 0.000268233 0.000268267 0.000316538 0.000303362 0.000292659 0.000279631
2.665 0 0 0 0 0.000135179 0.000138616 0.000143093 0.000146198 0.000279218 0.000279307 0.000280137 0.000280277 0.000376325 0.000363152 0.000352449 0.000339418
2.685 0 0 0 0 0.000112424 0.000115821 0.000120298 0.000123442 0.000256735 0.000256782 0.000257612 0.000257795 0.000388338 0.000375164 0.000364461 0.000351431
2.705 0 0 0 0 5.57983e-05 5.89925e-05 6.34692e-05 6.68167e-05 0.000195738 0.000195879 0.00019671 0.000196798 0.000313008 0.000299827 0.000289123 0.000276101
2.725 0 0 0 0 1.48808e-05 1.80453e-05 2.2522e-05 2.58993e-05 9.85284e-05 9.86864e-05 9.95168e-05 9.95878e-05 0.000171699 0.000158548 0.000147845 0.000134792
2.745 0 0 0 0 7.05332e-05 7.40911e-05 7.85678e-05 8.15518e-05 6.69171e-05 6.69207e-05 6.77511e-05 6.79765e-05 8.20076e-05 6.89241e-05 5.82205e-05 4.51006e-05
2.765 0 0 0 0 0.000138445 0.000142199 0.000146676 0.000149466 0.000125697 0.000125721 0.000126551 0.000126755 7.83236e-05 6.52532e-05 5.45496e-05 4.14167e-05
2.785 0 0 0 0 0.000128468 0.000131933 0.000136411 0.000139488 0.000198693 0.000198926 0.000199756 0.000199751 0.00014948 0.000136349 0.000125645 0.000112574
2.805 0 0 0 0 5.83595e-05 6.15136e-05 6.59911e-05 6.93798e-05 0.000192891 0.000193134 0.000193964 0.000193949 0.000253983 0.000240803 0.000230099 0.000217077
2.825 0 0 0 0 -1.15497e-05 -8.44645e-06 -3.96901e-06 -5.29464e-07 0.000110172 0.000110195 0.000111024 0.000111226 0.000304023 0.000290847 0.000280143 0.000267113
2.845 0 0 0 0 -5.09561e-05 -4.7849e-05 -4.33713e-05 -3.99353e-05 2.35592e-05 2.3524e-05 2.43523e-05 2.461e-05 0.000216807 0.000203657 0.000192952 0.000179895
2.865 0 0 0 0 -4.90106e-05 -4.58937e-05 -4.14161e-05 -3.79895e-05 -3.50626e-05 -3.49229e-05 -3.40954e-05 -3.40136e-05 7.2224e-06 -5.89639e-06 -1.66011e-05 -2.96912e-05
2.885 0 0 0 0 2.66355e-05 3.00899e-05 3.45676e-05 3.76566e-05 -4.5288e-05 -4.51086e-05 -4.42813e-05 -4.42395e-05 -0.000164076 -0.000177133 -0.000187838 -0.000200991
2.905 0 0 0 0 6.70168e-05 7.07059e-05 7.5183e-05 7.80362e-05 -5.32309e-05 -5.31186e-05 -5.22931e-05 -5.21895e-05 -0.000220151 -0.000233171 -0.000243877 -0.000257072
2.925 0 0 0 0 -3.10926e-05 -2.77649e-05 -2.32874e-05 -2.00722e-05 -0.000114778 -0.000114624 -0.000113798 -0.000113736 -0.000199942 -0.000212998 -0.000223705 -0.000236863
2.945 0 0 0 0 -0.000167769 -0.000164904 -0.000160426 -0.000156746 -0.000202234 -0.000202084 -0.000201258 -0.000201192 -0.00014586 -0.000158963 -0.000169669 -0.00018278
2.965 0 0 0 0 -0.000258988 -0.000256306 -0.000251828 -0.000247967 -0.000310585 -0.000310515 -0.00030969 -0.000309545 -0.000177693 -0.000190794 -0.000201501 -0.000214615
2.985 0 0 0 0 -0.00018844 -0.000185372 -0.000180893 -0.00017742 -0.000314481 -0.000314514 -0.000313689 -0.000313441 -0.000260018 -0.000273059 -0.000283766 -0.000296939
3.005 0 0 0 0 -0.000107834 -0.000104563 -0.000100085 -9.68152e-05 -0.000280335 -0.000280192 -0.000279366 -0.000279295 -0.000410181 -0.00042319 -0.000433897 -0.000447103
3.025 0 0 0 0 -8.01511e-05 -7.68641e-05 -7.23861e-05 -6.91323e-05 -0.000265661 -0.000265363 -0.000264544 -0.000264641 -0.000504505 -0.000517509 -0.000528218 -0.000541435
3.045 0 0 0 0 -0.00014965 -0.000146482 -0.000142004 -0.00013863 -0.00035063 -0.000350428 -0.000349607 -0.000349605 -0.000515377 -0.000528376 -0.000539084 -0.000552306
3.065 0 0 0 0 -0.000196948 -0.000193777 -0.000189301 -0.000185935 -0.000391974 -0.000392023 -0.000391202 -0.000390947 -0.000402313 -0.000415312 -0.00042602 -0.000439242
3.085 0 0 0 0 -0.000249474 -0.000246609 -0.000242133 -0.000238461 -0.000379975 -0.000379943 -0.000379122 -0.000378949 -0.000324383 -0.000337432 -0.00034814 -0.000361312
3.105 0 0 0 0 -0.00024229 -0.000239585 -0.000235109 -0.000231278 -0.000328189 -0.000327967 -0.000327146 -0.000327163 -0.000318404 -0.000331487 -0.000342196 -0.000355333
3.125 0 0 0 0 -0.000220435 -0.000217588 -0.000213112 -0.000209424 -0.000358636 -0.000358409 -0.000357588 -0.000357611 -0.000421939 -0.000434987 -0.000445696 -0.000458869
3.145 0 0 0 0 -0.000105848 -0.000102375 -9.78989e-05 -9.48378e-05 -0.000338225 -0.000338251 -0.00033743 -0.000337198 -0.000457058 -0.000470023 -0.000480732 -0.000493987
3.165 0 0 0 0 -3.04198e-05 -2.68062e-05 -2.23315e-05 -1.94128e-05 -0.00023739 -0.000237371 -0.000236549 -0.000236361 -0.00039646 -0.000409435 -0.000420143 -0.00043339
3.185 0 0 0 0 -2.73695e-06 5.82837e-07 5.05722e-06 8.26938e-06 -6.86345e-05 -6.83963e-05 -6.75741e-05 -6.76052e-05 -0.000192129 -0.000205197 -0.000215906 -0.000229059
3.205 0 0 0 0 5.07056e-05 5.39742e-05 5.84487e-05 6.17123e-05 0.000126657 0.00012683 0.000127652 0.000127687 0.000156291 0.000143141 0.000132433 0.000119361
3.225 0 0 0 0 4.39977e-05 4.71352e-05 5.16096e-05 5.50034e-05 0.000221208 0.000221256 0.000222077 0.000222236 0.000426939 0.000413729 0.000403021 0.000390009
3.245 0 0 0 0 9.2086e-05 9.5296e-05 9.97689e-05 0.000103087 0.000325199 0.000325178 0.000325995 0.000326211 0.000591746 0.000578504 0.000567793 0.000554808
3.265 0 0 0 0 0.000168348 0.000171668 0.000176137 0.000179335 0.000418653 0.000418748 0.000419566 0.000419667 0.000601569 0.000588322 0.000577612 0.000564633
3.285 0 0 0 0 0.00027371 0.000277339 0.000281807 0.000284694 0.000495231 0.000495376 0.000496194 0.000496245 0.000557883 0.000544664 0.000533954 0.000520946
3.305 0 0 0 0 0.000369835 0.00037382 0.000378289 0.000380818 0.000570924 0.000570987 0.000571804 0.000571935 0.000587576 0.000574384 0.000563673 0.000550638
3.325 0 0 0 0 0.000244578 0.000248081 0.00025255 0.000255561 0.000481072 0.000481257 0.000482074 0.000482083 0.00055768 0.000544448 0.000533737 0.000520743
3.345 0 0 0 0 3.87792e-05 4.17329e-05 4.62014e-05 4.97604e-05 0.000263464 0.000263639 0.000264456 0.000264476 0.000461008 0.000447758 0.000437047 0.000424069
3.365 0 0 0 0 -0.000100856 -9.79645e-05 -9.34962e-05 -8.9875e-05 -7.39874e-07 -7.64115e-07 5.29451e-08 2.71225e-07 0.000240225 0.000227046 0.000216335 0.000203288
3.385 0 0 0 0 -0.000122924 -0.000119773 -0.000115304 -0.000111943 -0.000192079 -0.000192154 -0.000191337 -0.000191068 -0.000100445 -0.000113518 -0.000124229 -0.000137383
3.405 0 0 0 0 -0.00010187 -9.8565e-05 -9.40967e-05 -9.0889e-05 -0.000299911 -0.000299757 -0.00029894 -0.0002989 -0.000472533 -0.000485531 -0.000496242 -0.00050947
3.425 0 0 0 0 -0.000142323 -0.00013907 -0.000134602 -0.000131342 -0.000429389 -0.000429072 -0.000428263 -0.000428406 -0.000756368 -0.000769321 -0.000780035 -0.000793316
3.445 0 0 0 0 -0.000252334 -0.000249183 -0.000244723 -0.000241379 -0.000610908 -0.000610753 -0.000609941 -0.000609919 -0.000869504 -0.000882419 -0.000893132 -0.000906451
3.465 0 0 0 0 -0.000271636 -0.000268364 -0.000263905 -0.000260686 -0.000627998 -0.000628153 -0.000627341 -0.000627007 -0.000725902 -0.00073881 -0.000749524 -0.00076285
3.485 0 0 0 0 -0.000301381 -0.00029854 -0.00029408 -0.000290431 -0.000522394 -0.000522354 -0.000521543 -0.000521406 -0.000544647 -0.000557651 -0.000568365 -0.000581596
3.505 0 0 0 0 -0.000215671 -0.000212935 -0.000208475 -0.00020472 -0.000302606 -0.000302365 -0.000301554 -0.000301618 -0.000324869 -0.000337956 -0.00034867 -0.000361819
3.525 0 0 0 0 5.93961e-05 6.29211e-05 6.73808e-05 7.03466e-05 3.3795e-05 3.38082e-05 3.4619e-05 3.4783e-05 1.53742e-05 2.28959e-06 -8.42443e-06 -2.15749e-05
3.545 0 0 0 0 0.000306325 0.000310343 0.000314803 0.000317276 0.000416086 0.000416037 0.000416848 0.000417075 0.000422269 0.000409129 0.000398415 0.000385319
3.565 0 0 0 0 0.000358228 0.000361793 0.000366249 0.000369162 0.000708912 0.000709166 0.000709978 0.000709904 0.000806146 0.000792849 0.000782135 0.000769196
3.585 0 0 0 0 0.00033273 0.000335927 0.000340374 0.000343632 0.000845848 0.000846088 0.000846894 0.000846816 0.00114018 0.00112677 0.00111606 0.00110322
3.605 0 0 0 0 0.000339475 0.000342873 0.000347319 0.000350376 0.000860972 0.000860847 0.000861646 0.000861911 0.00132648 0.00131307 0.00130234 0.0012895
3.625 0 0 0 0 0.000364761 0.000368328 0.000372774 0.000375663 0.000843137 0.00084297 0.000843769 0.000844078 0.00126552 0.00125214 0.00124142 0.00122855
3.645 0 0 0 0 0.000385247 0.000388792 0.000393239 0.000396149 0.000807398 0.000807541 0.000808339 0.000808336 0.00100747 0.000994115 0.000983394 0.00097049
3.665 0 0 0 0 0.000391829 0.000395553 0.0004 0.000402732 0.000694857 0.000695087 0.000695885 0.000695793 0.000716867 0.000703588 0.000692867 0.00067989
3.685 0 0 0 0 0.000273511 0.00027725 0.000281697 0.000284414 0.00042828 0.00042835 0.000429148 0.000429216 0.000436733 0.000423539 0.000412818 0.000399756
3.705 0 0 0 0 4.66264e-05 4.99743e-05 5.44205e-05 5.75282e-05 9.47149e-05 9.46863e-05 9.54838e-05 9.56516e-05 0.000173322 0.000160173 0.000149452 0.000136345
3.725 0 0 0 0 -0.000195017 -0.000192246 -0.0001878 -0.000184116 -0.000232114 -0.000232062 -0.000231264 -0.000231177 -0.000134149 -0.000147275 -0.000157996 -0.000171126
3.745 0 0 0 0 -0.000270071 -0.000267265 -0.000262818 -0.000259168 -0.000438456 -0.000438425 -0.000437627 -0.000437519 -0.000429892 -0.000442943 -0.000453664 -0.000466869
3.765 0 0 0 0 -0.000217053 -0.000213848 -0.000209402 -0.000206151 -0.000523946 -0.000523949 -0.000523151 -0.000523009 -0.000683582 -0.000696538 -0.000707259 -0.000720559
3.785 0 0 0 0 -5.60125e-05 -5.23046e-05 -4.78601e-05 -4.51162e-05 -0.000394261 -0.000394252 -0.000393454 -0.000393321 -0.000695847 -0.000708765 -0.000719486 -0.000732824
3.805 0 0 0 0 -3.71222e-05 -3.37138e-05 -2.92687e-05 -2.62245e-05 -0.000247591 -0.000247351 -0.000246553 -0.000246653 -0.000529392 -0.000542397 -0.000553118 -0.000566369
3.825 0 0 0 0 -9.43417e-05 -9.13582e-05 -8.69129e-05 -8.34431e-05 -0.000142532 -0.000142322 -0.000141524 -0.000141595 -0.000194823 -0.000207936 -0.000218657 -0.0002318
3.845 0 0 0 0 -6.87552e-05 -6.57108e-05 -6.12656e-05 -5.78572e-05 -2.91679e-06 -3.04266e-06 -2.24472e-06 -1.97979e-06 0.000214489 0.000201319 0.000190598 0.000177512
3.865 0 0 0 0 8.70649e-05 9.03729e-05 9.4818e-05 9.79628e-05 0.000275979 0.00027578 0.000276578 0.000276916 0.000566541 0.000553313 0.000542592 0.000529564
3.885 0 0 0 0 0.000289366 0.000292801 0.000297246 0.000300264 0.000626054 0.000626189 0.000626987 0.000626991 0.000793981 0.000780672 0.000769951 0.000757004
3.905 0 0 0 0 0.000345014 0.000348332 0.000352777 0.000355913 0.000748877 0.000749281 0.00075008 0.000749815 0.000829772 0.000816418 0.000805696 0.000792795
3.925 0 0 0 0 0.000353311 0.00035699 0.000361435 0.00036421 0.000677837 0.000677888 0.000678686 0.000678775 0.000833432 0.000820142 0.000809421 0.000796455
3.945 0 0 0 0 0.000276898 0.000280646 0.000285091 0.000287796 0.000523544 0.000523327 0.000524125 0.000524481 0.000767879 0.000754638 0.000743917 0.000730902
3.965 0 0 0 0 0.000107264 0.000110386 0.000114831 0.000118162 0.000350353 0.000350429 0.000351227 0.000351291 0.000556809 0.00054354 0.000532819 0.000519832
3.985 0 0 0 0 -9.52817e-05 -9.27125e-05 -8.82675e-05 -8.43839e-05 5.22006e-05 5.25408e-05 5.33389e-05 5.31379e-05 0.000154918 0.000141676 0.000130955 0.000117941
4.005 0 0 0 0 -0.000159197 -0.00015614 -0.000151695 -0.000148299 -0.000286672 -0.000286669 -0.000285871 -0.000285734 -0.000287783 -0.000300846 -0.000311567 -0.00032476
4.025 0 0 0 0 -0.000174428 -0.000170883 -0.000166438 -0.00016353 -0.000541314 -0.000541517 -0.000540719 -0.000540376 -0.000700073 -0.000712979 -0.0007237 -0.00073705
4.045 0 0 0 0 -0.000251656 -0.000248444 -0.000243999 -0.000240759 -0.000666192 -0.000666043 -0.000665247 -0.000665262 -0.000997384 -0.00101028 -0.001021 -0.00103436
4.065 0 0 0 0 -0.000364889 -0.000362161 -0.000357718 -0.000353998 -0.000754131 -0.000753751 -0.000752956 -0.000753204 -0.00109772 -0.00111066 -0.00112138 -0.0011347
4.085 0 0 0 0 -0.000569294 -0.000566971 -0.000562532 -0.000558423 -0.000996404 -0.000996212 -0.000995419 -0.000995485 -0.00116636 -0.00117929 -0.00119001 -0.00120334
4.105 0 0 0 0 -0.000791251 -0.00078923 -0.0007848 -0.000780428 -0.00132664 -0.0013267 -0.00132591 -0.00132572 -0.00135818 -0.00137106 -0.00138178 -0.00139517
4.125 0 0 0 0 -0.00092927 -0.000927438 -0.000923016 -0.00091849 -0.0016071 -0.00160709 -0.0016063 -0.00160618 -0.0017428 -0.0017556 -0.00176633 -0.00177979
4.145 0 0 0 0 -0.000907363 -0.000905273 -0.000900862 -0.000896621 -0.00176238 -0.00176221 -0.00176143 -0.00176152 -0.0021924 -0.0022051 -0.00221583 -0.00222939
4.165 0 0 0 0 -0.000773379 -0.000770641 -0.000766236 -0.000762658 -0.00178713 -0.00178699 -0.00178623 -0.00178634 -0.00247133 -0.00248392 -0.00249466 -0.00250837
4.185 0 0 0 0 -0.000647385 -0.000644248 -0.000639845 -0.000636673 -0.00166207 -0.00166202 -0.00166126 -0.00166129 -0.002383 -0.00239557 -0.00240631 -0.00242004
4.205 0 0 0 0 -0.000591557 -0.000588669 -0.000584266 -0.000580844 -0.00137869 -0.00137862 -0.00137786 -0.00137791 -0.00189382 -0.00190653 -0.00191727 -0.00193086
4.225 0 0 0 0 -0.000563473 -0.000561137 -0.000556734 -0.000552759 -0.0010008 -0.00100068 -0.000999925 -0.00100002 -0.00117007 -0.001183 -0.00119374 -0.00120711
4.245 0 0 0 0 -0.000414833 -0.000412528 -0.000408125 -0.00040412 -0.000553808 -0.00055383 -0.000553072 -0.000553032 -0.000418152 -0.00043125 -0.000441989 -0.000455194
4.265 0 0 0 0 -3.1402e-05 -2.83051e-05 -2.39021e-05 -2.06892e-05 5.40879e-05 5.38785e-05 5.46366e-05 5.48642e-05 0.000286395 0.000273207 0.000262468 0.000249354
4.285 0 0 0 0 0.000370655 0.000374333 0.000378737 0.000381372 0.000696796 0.000696806 0.000697564 0.000697572 0.000840155 0.000826855 0.000816116 0.000803114
4.305 0 0 0 0 0.000666816 0.000670751 0.000675145 0.000677485 0.00122901 0.00122925 0.00123001 0.00122978 0.00133574 0.00132231 0.00131157 0.00129869
4.325 0 0 0 0 0.000744321 0.000748221 0.000752608 0.000754954 0.00147156 0.00147172 0.00147247 0.00147234 0.00175798 0.00174447 0.00173372 0.00172094
4.345 0 0 0 0 0.000539108 0.000542413 0.000546796 0.000549725 0.00132935 0.00132932 0.00133007 0.00133008 0.00189061 0.00187703 0.00186629 0.00185356
4.365 0 0 0 0 0.000190587 0.000193121 0.000197502 0.0002012 0.000869883 0.000869824 0.000870567 0.000870598 0.00153431 0.00152075 0.00151 0.00149724
4.385 0 0 0 0 -0.000118574 -0.000116297 -0.000111917 -0.000107962 0.000198773 0.000198753 0.000199496 0.000199485 0.000636114 0.000622744 0.000611997 0.000599043
4.405 0 0 0 0 -0.000432086 -0.000429751 -0.000425369 -0.00042147 -0.000688326 -0.000688231 -0.000687488 -0.000687614 -0.000744259 -0.000757307 -0.000768054 -0.000781331
4.425 0 0 0 0 -0.00083238 -0.000830063 -0.000825681 -0.000821762 -0.00175338 -0.00175319 -0.00175244 -0.00175266 -0.00233955 -0.00235223 -0.00236298 -0.00237662
4.445 0 0 0 0 -0.00132405 -0.00132209 -0.00131778 -0.00131372 -0.00286245 -0.00286234 -0.00286163 -0.00286187 -0.00380844 -0.00382079 -0.00383154 -0.00384554
4.465 0 0 0 0 -0.00186686 -0.00186569 -0.00186144 -0.00185685 -0.00386733 -0.00386731 -0.00386663 -0.00386687 -0.00495983 -0.00497196 -0.00498273 -0.00499698
4.485 0 0 0 0 -0.00235275 -0.00235253 -0.00234834 -0.00234304 -0.00464641 -0.00464641 -0.00464575 -0.00464604 -0.00576857 -0.00578057 -0.00579134 -0.00580572
4.505 0 0 0 0 -0.00265483 -0.00265521 -0.00265106 -0.00264535 -0.00513692 -0.00513692 -0.00513628 -0.00513662 -0.00629234 -0.00630426 -0.00631504 -0.0063295
4.525 0 0 0 0 -0.0026397 -0.00263983 -0.00263569 -0.00263029 -0.00523452 -0.00523462 -0.005234 -0.00523429 -0.00648491 -0.00649676 -0.00650754 -0.0065221
4.545 0 0 0 0 -0.00235736 -0.0023568 -0.00235267 -0.00234797 -0.00489758 -0.0048977 -0.00489708 -0.00489739 -0.00626114 -0.006273 -0.00628379 -0.00629835
4.565 0 0 0 0 -0.00195402 -0.00195295 -0.00194882 -0.00194463 -0.0041869 -0.00418687 -0.00418626 -0.00418671 -0.00552969 -0.0055417 -0.00555249 -0.0055669
4.585 0 0 0 0 -0.00150054 -0.00149914 -0.00149502 -0.00149116 -0.00320113 -0.00320109 -0.00320048 -0.00320095 -0.00424794 -0.00426023 -0.00427102 -0.00428515
4.605 0 0 0 0 -0.00102224 -0.00102059 -0.00101647 -0.00101287 -0.00204746 -0.00204759 -0.00204699 -0.0020473 -0.00256538 -0.00257804 -0.00258883 -0.0026026
4.625 0 0 0 0 -0.000469279 -0.000467265 -0.000463142 -0.000459914 -0.000758738 -0.000759033 -0.000758427 -0.000758575 -0.000730927 -0.000743983 -0.000754775 -0.000768149
4.645 0 0 0 0 0.000117191 0.000119583 0.000123702 0.000126567 0.000533885 0.000533678 0.000534289 0.000534062 0.00093544 0.000922003 0.000911212 0.000898219
4.665 0 0 0 0 0.000592695 0.000595366 0.000599498 0.000602113 0.00154276 0.00154277 0.00154338 0.00154295 0.00213951 0.00212578 0.00211499 0.00210229
4.685 0 0 0 0 0.000840558 0.000843422 0.000847495 0.00084978 0.00202482 0.0020248 0.0020254 0.00202494 0.00272474 0.00271089 0.00270009 0.00268751
4.705 0 0 0 0 0.000801081 0.000804048 0.000808129 0.000810313 0.00191247 0.00191229 0.00191289 0.00191259 0.00263254 0.00261873 0.00260794 0.0025953
4.725 0 0 0 0 0.000495777 0.000498456 0.000502544 0.000505022 0.00129712 0.0012969 0.0012975 0.00129724 0.00188492 0.00187128 0.00186048 0.00184768
4.745 0 0 0 0 -3.9093e-05 -3.70985e-05 -3.30106e-05 -2.98448e-05 0.000249309 0.00024924 0.000249835 0.000249424 0.000530869 0.000517482 0.000506685 0.000493634
4.765 0 0 0 0 -0.000717962 -0.000716634 -0.000712546 -0.000708716 -0.00115785 -0.00115785 -0.00115726 -0.00115774 -0.00129383 -0.00130684 -0.00131763 -0.00133106
4.785 0 0 0 0 -0.00146386 -0.00146304 -0.00145895 -0.00145462 -0.00278575 -0.00278583 -0.00278523 -0.00278563 -0.00339218 -0.00340471 -0.00341551 -0.00342941
4.805 0 0 0 0 -0.00220509 -0.00220478 -0.00220069 -0.00219584 -0.00440882 -0.00440893 -0.00440834 -0.0044087 -0.00551206 -0.00552412 -0.00553491 -0.00554928
4.825 0 0 0 0 -0.00282397 -0.00282419 -0.0028201 -0.00281487 -0.00576761 -0.00576771 -0.00576714 -0.00576764 -0.00733484 -0.00734651 -0.00735731 -0.00737209
4.845 0 0 0 0 -0.00334811 -0.00334921 -0.00334528 -0.00333973 -0.00681447 -0.00681453 -0.00681405 -0.00681486 -0.00870783 -0.00871927 -0.0087301 -0.00874519
4.865 0 0 0 0 -0.00365575 -0.00365731 -0.0036535 -0.00364786 -0.00742693 -0.00742713 -0.00742671 -0.00742754 -0.00943702 -0.00944831 -0.00945915 -0.00947442
4.885 0 0 0 0 -0.00370435 -0.00370592 -0.00370212 -0.00369655 -0.00752275 -0.0075231 -0.00752267 -0.00752336 -0.00948488 -0.00949614 -0.00950698 -0.00952228
4.905 0 0 0 0 -0.0034768 -0.00347818 -0.00347439 -0.003469 -0.00703873 -0.00703906 -0.00703864 -0.00703936 -0.00886943 -0.00888082 -0.00889167 -0.00890683
4.925 0 0 0 0 -0.00304681 -0.00304797 -0.00304418 -0.00303902 -0.00609793 -0.0060981 -0.00609769 -0.00609857 -0.00771057 -0.00772225 -0.00773309 -0.00774798
4.945 0 0 0 0 -0.00247893 -0.00247963 -0.00247584 -0.00247116 -0.00489155 -0.00489172 -0.00489132 -0.00489221 -0.00615242 -0.00616443 -0.00617528 -0.00618983
4.965 0 0 0 0 -0.00173557 -0.00173527 -0.00173148 -0.00172782 -0.0034454 -0.00344587 -0.00344547 -0.00344609 -0.00426192 -0.00427428 -0.00428513 -0.00429933
4.985 0 0 0 0 -0.000911109 -0.000909866 -0.000906089 -0.000903378 -0.00180889 -0.00180945 -0.00180905 -0.00180959 -0.0021998 -0.00221257 -0.00222342 -0.00223721
5.005 0 0 0 0 -0.00017706 -0.000175348 -0.000171572 -0.00016926 -0.00020016 -0.000200458 -0.000200061 -0.000200848 -0.000201803 -0.000215057 -0.000225908 -0.000239224
5.025 0 0 0 0 0.000405971 0.000407969 0.000411766 0.000413853 0.00111576 0.00111554 0.00111594 0.0011151 0.00152971 0.00151606 0.00150521 0.00149229
5.045 0 0 0 0 0.000821875 0.000824313 0.00082807 0.000829634 0.00199335 0.00199287 0.00199328 0.00199271 0.00279163 0.00277774 0.00276689 0.00275421
5.065 0 0 0 0 0.00103887 0.00104162 0.00104538 0.00104663 0.00243177 0.00243109 0.00243146 0.00243101 0.003406 0.00339198 0.00338112 0.00336855
5.085 0 0 0 0 0.00108653 0.00108933 0.00109309 0.00109428 0.00248412 0.0024836 0.00248398 0.00248337 0.00335949 0.00334547 0.00333461 0.00332204
5.105 0 0 0 0 0.000970117 0.000972924 0.00097668 0.000977865 0.00212972 0.00212933 0.00212971 0.00212897 0.00275299 0.0027391 0.00272824 0.00271554
5.125 0 0 0 0 0.00072046 0.000723395 0.000727151 0.000728201 0.00144281 0.00144228 0.00144266 0.00144205 0.00180401 0.00179037 0.00177951 0.00176655
5.145 0 0 0 0 0.000410322 0.000413304 0.00041706 0.000418062 0.000663361 0.000662648 0.000663026 0.000662596 0.000785068 0.000771697 0.000760838 0.000747611
5.165 0 0 0 0 7.43817e-05 7.69744e-05 8.07294e-05 8.21173e-05 -2.00384e-05 -2.06545e-05 -2.02784e-05 -2.0804e-05 -0.000118539 -0.000131733 -0.000142591 -0.000155996
5.185 0 0 0 0 -0.000298498 -0.000296665 -0.00029291 -0.000290764 -0.000626229 -0.000626599 -0.000626223 -0.000626996 -0.000869418 -0.000882518 -0.000893377 -0.000906877
5.205 0 0 0 0 -0.000840465 -0.000839787 -0.000836032 -0.000832742 -0.00142942 -0.00142963 -0.00142925 -0.00143019 -0.00170188 -0.00171488 -0.00172574 -0.00173933
5.225 0 0 0 0 -0.0011801 -0.00117944 -0.00117569 -0.0011724 -0.00217824 -0.00217889 -0.00217852 -0.00217901 -0.00247478 -0.00248755 -0.00249841 -0.00251224
5.245 0 0 0 0 -0.000836661 -0.000834173 -0.00083042 -0.000828961 -0.00212763 -0.00212893 -0.00212855 -0.0021284 -0.00265799 -0.00267051 -0.00268137 -0.00269545
5.265 0 0 0 0 -7.13228e-05 -6.7446e-05 -6.36924e-05 -6.36247e-05 -0.0010733 -0.00107418 -0.00107381 -0.00107408 -0.00195949 -0.00197212 -0.00198298 -0.00199695
5.285 0 0 0 0 0.00101486 0.00101984 0.00102359 0.00102255 0.000935606 0.000935278 0.000935654 0.000934833 0.000132101 0.000118999 0.00010814 9.46446e-05
5.305 0 0 0 0 0.00225674 0.00226291 0.00226665 0.0022643 0.00356996 0.00356931 0.00356968 0.00356918 0.00368739 0.00367356 0.0036627 0.00364994
5.325 0 0 0 0 0.00349071 0.00349688 0.0035004 0.00349693 0.00657398 0.00657251 0.00657273 0.00657262 0.00816085 0.00814602 0.00813514 0.0081233
5.345 0 0 0 0 0.00473744 0.00474283 0.00474566 0.00474151 0.00976045 0.00975827 0.0097581 0.00975741 0.0127112 0.0126951 0.0126841 0.0126732
5.365 0 0 0 0 0.00612062 0.00612788 0.00613047 0.00612898 0.0128027 0.0128006 0.0128001 0.0127987 0.0166094 0.0165921 0.016581 0.0165709
5.385 0 0 0 0 0.00752963 0.00754162 0.0075447 0.00754893 0.0152611 0.0152599 0.0152598 0.0152591 0.019381 0.019363 0.0193519 0.0193424
5.405 0 0 0 0 0.007923 0.00793688 0.00794055 0.0079486 0.0160141 0.0160139 0.016014 0.0160131 0.0200819 0.0200637 0.0200527 0.0200434
5.425 0 0 0 0 0.00644804 0.00645744 0.00646096 0.00647054 0.0139284 0.0139289 0.0139289 0.013927 0.0178151 0.0177971 0.017786 0.0177765
5.445 0 0 0 0 0.00354968 0.00355256 0.00355552 0.00356447 0.00894363 0.00894326 0.00894288 0.00894074 0.0124091 0.0123922 0.0123811 0.0123705
5.465 0 0 0 0 0.000317771 0.000316001 0.000318506 0.000322975 0.00220538 0.00220271 0.0022019 0.00220049 0.0043543 0.00433929 0.00432803 0.00431548
5.485 0 0 0 0 -0.00212952 -0.00213362 -0.00213221 -0.00213295 -0.00429563 -0.00429946 -0.00430047 -0.00430187 -0.00479347 -0.00480609 -0.00481726 -0.00483206
5.505 0 0 0 0 -0.00356127 -0.00356408 -0.00356274 -0.00356491 -0.00912125 -0.009125 -0.00912626 -0.0091293 -0.0128748 -0.0128856 -0.0128969 -0.012914
5.525 0 0 0 0 -0.00525577 -0.00525727 -0.00525665 -0.00525651 -0.0128709 -0.0128699 -0.0128711 -0.0128744 -0.0187587 -0.0187688 -0.0187802 -0.0187988
5.545 0 0 0 0 -0.00844055 -0.00843201 -0.00843065 -0.0084161 -0.0172308 -0.0172272 -0.0172274 -0.0172295 -0.0229156 -0.0229253 -0.0229367 -0.0229558
5.565 0 0 0 0 -0.0119544 -0.0119091 -0.0119028 -0.0118559 -0.0215847 -0.0215816 -0.0215803 -0.0215792 -0.0255495 -0.0255589 -0.0255702 -0.0255899
5.585 0 0 0 0 -0.0141903 -0.0141374 -0.0141416 -0.0140986 -0.0238846 -0.0238815 -0.0238786 -0.023875 -0.0268196 -0.0268288 -0.0268398 -0.0268598
5.605 0 0 0 0 -0.0151743 -0.0151222 -0.0151186 -0.0150672 -0.0237434 -0.0237367 -0.0237346 -0.0237364 -0.0272839 -0.0272944 -0.0273056 -0.0273243
5.625 0 0 0 0 -0.0144934 -0.0144469 -0.0144429 -0.0143944 -0.022386 -0.0223769 -0.022375 -0.0223792 -0.0266869 -0.0266978 -0.0267094 -0.026728
5.645 0 0 0 0 -0.0116777 -0.0116284 -0.0116248 -0.0115896 -0.019906 -0.019902 -0.0199007 -0.0199007 -0.0239784 -0.0239884 -0.0239996 -0.0240186
5.665 0 0 0 0 -0.00778119 -0.00773569 -0.00773353 -0.00771623 -0.0152633 -0.015264 -0.0152632 -0.0152599 -0.0187959 -0.0188062 -0.0188179 -0.0188372
5.685 0 0 0 0 -0.00405262 -0.00402808 -0.00402729 -0.00402259 -0.00826119 -0.00826153 -0.00826202 -0.00826354 -0.0112616 -0.0112737 -0.0112854 -0.0113026
5.705 0 0 0 0 -0.000600665 -0.000596849 -0.000595855 -0.00059608 -0.000429098 -0.000429063 -0.000430914 -0.000437732 -0.00171156 -0.00172668 -0.00173899 -0.00175376
5.725 0 0 0 0 0.00329398 0.0032943 0.00329343 0.00329207 0.00704244 0.00703862 0.00703621 0.00703137 0.00904316 0.00902658 0.00901498 0.00900243
5.745 0 0 0 0 0.00717107 0.00718137 0.00718208 0.0071806 0.0141716 0.0141652 0.0141632 0.014163 0.0191466 0.0191281 0.0191163 0.019105
5.765 0 0 0 0 0.0103293 0.0103598 0.0103616 0.0104018 0.0209398 0.0209437 0.0209456 0.0209516 0.0270402 0.0270193 0.0270077 0.0269989
5.785 0 0 0 0 0.0133628 0.0134143 0.0134109 0.0135386 0.0265671 0.0265837 0.0265904 0.0265987 0.0325143 0.0324918 0.0324813 0.0324751
