0.005 0.0013713 0.0013713 0.0013713 0.0013713 2.7299e-05 2.40642e-05 2.40629e-05 2.72783e-05 -4.41396e-06 -3.25092e-06 -3.25099e-06 -4.42094e-06 4.54813e-07 3.01981e-07 3.02097e-07 4.55171e-07
0.025 0.00135773 0.00135773 0.00135773 0.00135773 0.000611392 0.000610427 0.000610425 0.000611335 -2.32556e-05 -2.36794e-05 -2.36989e-05 -2.32711e-05 -1.00322e-05 -9.73465e-06 -9.74797e-06 -1.00759e-05
0.045 0.00134877 0.00134877 0.00134877 0.00134877 0.00128595 0.00128816 0.00128811 0.00128579 0.000296769 0.000295366 0.000295361 0.000296717 -7.11931e-05 -7.05072e-05 -7.05101e-05 -7.11803e-05
0.065 0.00134384 0.00134384 0.00134384 0.00134384 0.00142028 0.00142101 0.00142098 0.00142026 0.000955636 0.000956274 0.000956238 0.000955498 4.27413e-05 4.29967e-05 4.29755e-05 4.25231e-05
0.085 0.00134307 0.00134307 0.00134307 0.00134307 0.00128259 0.0012815 0.0012815 0.00128261 0.0013593 0.00136083 0.00136078 0.00135913 0.000691906 0.000691816 0.000691787 0.000691889
0.105 0.00134622 0.00134622 0.00134622 0.00134622 0.00125628 0.00125617 0.00125615 0.00125625 0.0013669 0.00136648 0.00136652 0.00136699 0.00172947 0.0017294 0.0017294 0.00172949
0.125 0.00135315 0.00135315 0.00135315 0.00135315 0.00131225 0.0013127 0.0013127 0.00131224 0.00153517 0.00153368 0.00153374 0.00153536 0.00251952 0.00251943 0.00251945 0.0025196
0.145 0.00136367 0.00136367 0.00136367 0.00136367 0.001456 0.00145522 0.00145526 0.00145612 0.00210733 0.00210739 0.00210741 0.00210739 0.0027209 0.00272052 0.00272054 0.00272098
0.165 0.00137742 0.00137742 0.00137742 0.00137742 0.00185463 0.00185412 0.00185417 0.00185479 0.00262411 0.00262525 0.00262525 0.00262412 0.00261591 0.00261543 0.00261544 0.00261593
0.185 0.00139462 0.00139462 0.00139462 0.00139462 0.00231141 0.00231335 0.00231336 0.00231147 0.0027259 0.00272592 0.00272593 0.00272592 0.00258566 0.0025855 0.00258551 0.00258566
0.205 0.00141493 0.00141493 0.00141493 0.00141493 0.00231845 0.002321 0.00232093 0.00231842 0.00258966 0.00258888 0.00258887 0.00258962 0.00266881 0.00266878 0.00266876 0.0026688
0.225 0.00150754 0.00150754 0.00150754 0.00150754 0.00182767 0.00182754 0.00182753 0.00182763 0.00240473 0.00240494 0.00240495 0.00240474 0.00271639 0.00271606 0.00271608 0.00271642
0.245 0.001646 0.001646 0.001646 0.001646 0.00142863 0.00142656 0.00142656 0.00142863 0.0020816 0.00208228 0.00208229 0.00208161 0.00260738 0.00260693 0.00260694 0.0026074
0.265 0.00180991 0.00180991 0.00180991 0.00180991 0.00151493 0.00151414 0.00151414 0.00151494 0.00167363 0.00167321 0.00167321 0.00167363 0.002216 0.00221589 0.00221589 0.00221601
0.285 0.00199184 0.00199184 0.00199184 0.00199184 0.00184134 0.00184224 0.00184224 0.00184135 0.00146589 0.00146504 0.00146504 0.00146589 0.00150939 0.00150965 0.00150965 0.00150939
0.305 0.00204307 0.00204307 0.00204307 0.00204307 0.00200944 0.00201037 0.00201036 0.00200944 0.00147963 0.00147983 0.00147983 0.00147963 0.000772649 0.00077298 0.000772981 0.000772652
0.325 0.00194502 0.00194502 0.00194502 0.00194502 0.00188373 0.00188401 0.00188401 0.00188373 0.00139466 0.00139554 0.00139554 0.00139466 0.000451189 0.000451458 0.000451456 0.000451184
0.345 0.00173849 0.00173849 0.00173849 0.00173849 0.00152715 0.00152721 0.00152721 0.00152715 0.00107659 0.00107671 0.00107671 0.00107659 0.000666756 0.000667012 0.000667013 0.000666758
0.365 0.00156102 0.00156102 0.00156102 0.00156102 0.00108363 0.00108337 0.00108337 0.00108363 0.000796592 0.000795878 0.000795878 0.000796593 0.0010764 0.00107656 0.00107656 0.0010764
0.385 0.00139689 0.00139689 0.00139689 0.00139689 0.000815649 0.000814555 0.000814555 0.000815648 0.000808895 0.000808514 0.000808514 0.000808895 0.00127701 0.00127697 0.00127697 0.00127701
0.405 0.00117307 0.00117307 0.00117307 0.00117307 0.000910934 0.000910028 0.000910028 0.000910934 0.00103643 0.00103665 0.00103665 0.00103643 0.00119325 0.00119314 0.00119314 0.00119325
0.425 0.00094953 0.00094953 0.00094953 0.00094953 0.00118621 0.00118645 0.00118645 0.00118621 0.00125439 0.00125474 0.00125474 0.00125439 0.0010362 0.00103617 0.00103617 0.0010362
0.445 0.000501614 0.000501614 0.000501614 0.000501614 0.00124423 0.00124602 0.00124602 0.00124423 0.0013321 0.00133205 0.00133205 0.0013321 0.00102728 0.00102731 0.00102731 0.00102728
0.465 0.000754047 0.000754047 0.000754047 0.000754047 0.000889314 0.0008886 0.0008886 0.000889314 0.00123161 0.00123232 0.00123232 0.00123161 0.00121056 0.00121034 0.00121034 0.00121056
0.485 0.00103626 0.00103626 0.00103626 0.00103626 0.000650874 0.000649176 0.000649176 0.000650874 0.000941312 0.000941498 0.000941498 0.000941312 0.00141633 0.0014161 0.0014161 0.00141633
0.505 0.00145548 0.00145548 0.00145548 0.00145548 0.000862381 0.000861588 0.000861588 0.000862381 0.000736581 0.000735723 0.000735723 0.000736581 0.00133672 0.00133677 0.00133677 0.00133672
0.525 0.00207123 0.00207123 0.00207123 0.00207123 0.00140654 0.00140631 0.00140631 0.00140654 0.000897249 0.000896743 0.000896743 0.000897249 0.000886737 0.000887014 0.000887014 0.000886737
0.545 0.002147 0.002147 0.002147 0.002147 0.00201922 0.00202017 0.00202017 0.00201922 0.00129519 0.00129541 0.00129541 0.00129519 0.000433466 0.000433902 0.000433902 0.000433466
0.565 0.00217525 0.00217525 0.00217525 0.00217525 0.00229943 0.0023007 0.0023007 0.00229944 0.00161353 0.00161413 0.00161413 0.00161353 0.000478745 0.000479173 0.000479172 0.000478743
0.585 0.0022077 0.0022077 0.0022077 0.0022077 0.00213142 0.00213189 0.00213189 0.00213142 0.0017126 0.00171283 0.00171283 0.0017126 0.00116511 0.00116536 0.00116536 0.00116511
0.605 0.00223754 0.00223754 0.00223754 0.00223754 0.00179875 0.00179788 0.00179788 0.00179875 0.00176251 0.00176218 0.00176218 0.00176251 0.00212835 0.00212833 0.00212833 0.00212835
0.625 0.00226634 0.00226634 0.00226634 0.00226634 0.00173121 0.00172957 0.00172957 0.00173123 0.00201822 0.00201779 0.00201778 0.00201816 0.00283851 0.00283826 0.00283829 0.00283834
0.645 0.00229356 0.00229356 0.00229356 0.00229356 0.00213975 0.00213886 0.00213869 0.0021392 0.00252268 0.00252255 0.00252259 0.00252313 0.00306308 0.00306292 0.00306296 0.00306316
0.665 0.00231701 0.00231701 0.00231701 0.00231701 0.00279294 0.00279395 0.00279413 0.00279305 0.00308197 0.00308206 0.00308205 0.00308188 0.00300281 0.00300268 0.00300266 0.00300281
0.685 0.00234061 0.00234061 0.00234061 0.00234061 0.00322329 0.00322549 0.00322565 0.00322375 0.00345525 0.00345543 0.00345536 0.00345507 0.00303145 0.00303141 0.00303144 0.0030314
0.705 0.00355481 0.00355481 0.00355481 0.00355481 0.00322552 0.00322322 0.0032233 0.00322572 0.00351153 0.00351301 0.00351298 0.00351147 0.00334052 0.00334025 0.00334025 0.00334051
0.725 0.0049676 0.0049676 0.0049676 0.0049676 0.00357658 0.00357238 0.00357235 0.00357646 0.00331833 0.00331887 0.0033189 0.00331841 0.00375508 0.00375504 0.00375504 0.00375509
0.745 0.0066308 0.0066308 0.0066308 0.0066308 0.00470702 0.00470446 0.00470439 0.00470677 0.00346221 0.00346097 0.00346096 0.00346217 0.00386449 0.00386511 0.00386513 0.00386456
0.765 0.00805896 0.00805896 0.00805896 0.00805896 0.0062977 0.00629643 0.00629632 0.0062973 0.00443178 0.00443127 0.00443125 0.0044317 0.0036554 0.00365639 0.0036564 0.00365538
0.785 0.00210953 0.00210953 0.00210953 0.00210953 0.00726052 0.00728154 0.00728142 0.00726023 0.00599017 0.00598438 0.00598438 0.00599012 0.00383018 0.00383177 0.00383185 0.00382963
0.805 -0.0054236 -0.0054236 -0.0054236 -0.0054236 0.00383831 0.00385915 0.00385957 0.0038401 0.00732191 0.00732167 0.00732162 0.00732161 0.00528831 0.00528728 0.00528725 0.00528817
0.825 -0.0131961 -0.0131961 -0.0131961 -0.0131961 -0.00388914 -0.00388293 -0.00388242 -0.00388823 0.00602244 0.00602858 0.00602895 0.00602345 0.00820464 0.00819929 0.00819928 0.00820473
0.845 -0.0211467 -0.0211467 -0.0211467 -0.0211467 -0.0123927 -0.012388 -0.0123861 -0.0123885 0.000889369 0.000887935 0.00088723 0.00088751 0.0103054 0.0102982 0.0102984 0.0103062
0.865 -0.0228721 -0.0228721 -0.0228721 -0.0228721 -0.0191444 -0.0191487 -0.019155 -0.0191469 -0.00603411 -0.00603657 -0.0060362 -0.00603294 0.0073859 0.00737813 0.00737828 0.00738593
0.885 -0.0234012 -0.0234012 -0.0234012 -0.0234012 -0.0217588 -0.0217724 -0.0217788 -0.0217732 -0.0127357 -0.0127288 -0.0127306 -0.0127256 -0.00281858 -0.00283473 -0.00283634 -0.00283228
0.905 -0.0244747 -0.0244747 -0.0244747 -0.0244747 -0.0212297 -0.021227 -0.0212297 -0.0212358 -0.0190591 -0.0190602 -0.0190615 -0.0190618 -0.0182136 -0.0182157 -0.0182177 -0.0182176
0.925 -0.0252165 -0.0252165 -0.0252165 -0.0252165 -0.0219942 -0.0219787 -0.0219779 -0.0219924 -0.0260309 -0.0260294 -0.0260302 -0.0260332 -0.0336449 -0.0336408 -0.0336407 -0.0336435
0.945 0.001802 0.001802 0.001802 0.001802 -0.0239559 -0.024025 -0.0240238 -0.0239526 -0.0350302 -0.0350006 -0.0350002 -0.0350284 -0.0445032 -0.0444992 -0.0444981 -0.0445006
0.965 0.01424 0.01424 0.01424 0.01424 -0.0150028 -0.0150199 -0.0150179 -0.0149959 -0.0439037 -0.0439188 -0.0439181 -0.0439018 -0.0505307 -0.0505146 -0.0505138 -0.0505289
0.985 0.00640955 0.00640955 0.00640955 0.00640955 -0.00401585 -0.00395274 -0.00395595 -0.00401954 -0.0411283 -0.0411723 -0.0411714 -0.0411256 -0.0546459 -0.0546216 -0.0546215 -0.0546454
1.005 -0.00486006 -0.00486006 -0.00486006 -0.00486006 -0.00692613 -0.00690618 -0.00690726 -0.00692856 -0.0257849 -0.0257702 -0.0257689 -0.0257828 -0.0526811 -0.0526693 -0.0526701 -0.0526818
1.025 0.00101473 0.00101473 0.00101473 0.00101473 -0.0143978 -0.0144683 -0.0144682 -0.0143975 -0.0157067 -0.0156491 -0.0156486 -0.0157057 -0.0353186 -0.0353217 -0.0353223 -0.0353198
1.045 -0.0193124 -0.0193124 -0.0193124 -0.0193124 -0.0110616 -0.0110174 -0.0110172 -0.011061 -0.0160242 -0.0160621 -0.0160622 -0.0160245 -0.00680396 -0.00679874 -0.00679884 -0.00680422
1.065 -0.0865722 -0.0865722 -0.0865722 -0.0865722 -0.0238429 -0.0236425 -0.0236422 -0.0238424 -0.00659458 -0.00668456 -0.00668568 -0.00659762 0.0148878 0.0148859 0.0148859 0.0148775
1.085 -0.0137529 -0.0137529 -0.0137529 -0.0137529 -0.0532083 -0.0534934 -0.0534878 -0.0531931 0.00536738 0.00551724 0.00552871 0.00538616 0.0249198 0.0248758 0.0248757 0.0249229
1.105 0.0581027 0.0581027 0.0581027 0.0581027 -0.0182601 -0.0185156 -0.0185186 -0.0182635 -0.00785608 -0.00780481 -0.00780425 -0.00785561 0.0267804 0.0267637 0.0267643 0.0267829
1.125 0.0300403 0.0300403 0.0300403 0.0300403 0.0616599 0.0620124 0.0620016 0.0616086 -0.00885322 -0.00909766 -0.00910117 -0.00885428 0.00747085 0.00752788 0.00752764 0.00746852
1.145 -0.0139103 -0.0139103 -0.0139103 -0.0139103 0.0728037 0.0731362 0.0731275 0.0727894 0.0406319 0.0405803 0.0405819 0.0406393 -0.024841 -0.0248079 -0.0248061 -0.0248381
1.165 0.0097793 0.0097793 0.0097793 0.0097793 0.0191642 0.0189293 0.0189327 0.0191767 0.0723571 0.07266 0.0726554 0.0723477 -0.0164214 -0.016467 -0.0164705 -0.0164274
1.185 0.0328159 0.0328159 0.0328159 0.0328159 -0.00176937 -0.00194696 -0.00194487 -0.00175846 0.0261548 0.0262174 0.0262283 0.0261593 0.0484602 0.0484261 0.0484253 0.0483896
1.205 0.0229931 0.0229931 0.0229931 0.0229931 0.011912 0.0121131 0.0121128 0.0119137 -0.0197579 -0.020058 -0.0200444 -0.0197267 0.0968949 0.096921 0.0969027 0.0968825
1.225 0.00706704 0.00706704 0.00706704 0.00706704 0.00765615 0.00770065 0.00769537 0.00765675 0.0163489 0.0162517 0.0162474 0.0163454 0.0710701 0.071063 0.0710584 0.0710679
1.245 -0.0074555 -0.0074555 -0.0074555 -0.0074555 0.00711099 0.00689802 0.00690676 0.0071258 0.072094 0.0723406 0.0723316 0.0720768 0.0163273 0.0162776 0.0162788 0.0163281
1.265 -0.0226992 -0.0226992 -0.0226992 -0.0226992 0.0356256 0.0356969 0.035696 0.0356356 0.0592164 0.0593116 0.0593083 0.0592092 0.00263823 0.00262805 0.00262965 0.00264173
1.285 -0.0198948 -0.0198948 -0.0198948 -0.0198948 0.0374845 0.0377865 0.0377845 0.0374811 0.00901974 0.00884868 0.00884966 0.00902167 0.0235486 0.02358 0.0235805 0.0235499
1.305 -0.0134384 -0.0134384 -0.0134384 -0.0134384 -0.0178687 -0.0178546 -0.0178559 -0.0178721 -0.0113981 -0.011467 -0.0114658 -0.0113956 0.0316107 0.0316085 0.0316086 0.0316108
1.325 -0.00710895 -0.00710895 -0.00710895 -0.00710895 -0.0642141 -0.0645349 -0.0645354 -0.0642148 -0.0140874 -0.0139541 -0.0139538 -0.0140866 0.0138645 0.0138212 0.0138211 0.0138642
1.345 -0.000506535 -0.000506535 -0.000506535 -0.000506535 -0.0413448 -0.0414896 -0.0414895 -0.0413446 -0.0342589 -0.034225 -0.0342251 -0.034259 -0.0170571 -0.0170677 -0.0170678 -0.0170574
1.365 0.0292026 0.0292026 0.0292026 0.0292026 0.0125775 0.0126861 0.012682 0.012553 -0.0501019 -0.0502192 -0.0502204 -0.0501144 -0.0577827 -0.057746 -0.0577484 -0.0577913
1.385 0.038223 0.038223 0.038223 0.038223 0.0397083 0.0398596 0.0398754 0.0397363 -0.0352905 -0.0353308 -0.0353125 -0.035257 -0.0968771 -0.0968309 -0.0968199 -0.0968616
1.405 -0.00388181 -0.00388181 -0.00388181 -0.00388181 0.0202866 0.02037 0.0203792 0.0203061 -0.0127605 -0.0126825 -0.0126833 -0.0127584 -0.101849 -0.101828 -0.101825 -0.101841
1.425 -0.0107902 -0.0107902 -0.0107902 -0.0107902 -0.0266119 -0.0267216 -0.0267223 -0.0266126 -0.0200364 -0.01993 -0.0199327 -0.0200411 -0.0548227 -0.0548329 -0.0548282 -0.0548159
1.445 0.00203685 0.00203685 0.00203685 0.00203685 -0.0519514 -0.0520809 -0.052083 -0.0519563 -0.0494169 -0.0494666 -0.0494672 -0.0494183 0.0109675 0.0109625 0.0109627 0.0109695
1.465 -0.00474329 -0.00474329 -0.00474329 -0.00474329 -0.0423863 -0.0424026 -0.0424036 -0.0423885 -0.0479438 -0.0480865 -0.0480863 -0.0479436 0.0373056 0.0373103 0.037311 0.037307
1.485 0.00177478 0.00177478 0.00177478 0.00177478 -0.0132642 -0.0133441 -0.0133437 -0.0132634 -0.000332026 -0.000307046 -0.0003065 -0.000330811 0.0120437 0.0120326 0.0120319 0.0120424
1.505 0.00928772 0.00928772 0.00928772 0.00928772 0.0324253 0.0324046 0.0324048 0.0324258 0.0428144 0.0429341 0.0429341 0.0428144 -0.016868 -0.0168762 -0.016876 -0.0168678
1.525 0.0178131 0.0178131 0.0178131 0.0178131 0.0686367 0.0688125 0.0688169 0.0686551 0.0485509 0.048553 0.048552 0.048545 -0.00721088 -0.00719234 -0.00719262 -0.00721102
1.545 0.0248047 0.0248047 0.0248047 0.0248047 0.0586756 0.058841 0.058828 0.0586373 0.0401882 0.0401133 0.0401115 0.0401858 0.0340472 0.0340661 0.0340676 0.03405
1.565 0.033544 0.033544 0.033544 0.033544 0.0168906 0.0167765 0.0167547 0.0168491 0.0416048 0.0416161 0.0416136 0.0415749 0.0761783 0.0761562 0.0761521 0.0761696
1.585 0.0217107 0.0217107 0.0217107 0.0217107 0.00154399 0.00138367 0.00138511 0.00154709 0.0464501 0.0464765 0.0464691 0.046443 0.0978855 0.0978494 0.0978561 0.0978785
1.605 -0.029262 -0.029262 -0.029262 -0.029262 0.0179343 0.0180502 0.0180568 0.0179522 0.0532817 0.053218 0.0532165 0.0532768 0.0911608 0.0911434 0.0911337 0.0911504
1.625 0.0337598 0.0337598 0.0337598 0.0337598 0.0327107 0.0326291 0.0326338 0.0327222 0.0614505 0.06151 0.0615095 0.0614507 0.064865 0.0648439 0.064844 0.0648642
1.645 0.0278735 0.0278735 0.0278735 0.0278735 0.0565877 0.0566716 0.0566709 0.0565852 0.0556836 0.0556789 0.0556801 0.0556864 0.0394469 0.0394501 0.0394495 0.0394453
1.665 0.0217897 0.0217897 0.0217897 0.0217897 0.05857 0.058718 0.0587157 0.0585652 0.0439591 0.0439187 0.0439188 0.0439593 0.0242796 0.0242954 0.0242963 0.0242816
1.685 0.0167784 0.0167784 0.0167784 0.0167784 0.0276693 0.0276799 0.0276794 0.0276683 0.032002 0.032023 0.0320231 0.0320022 0.020157 0.0201546 0.0201546 0.0201568
1.705 0.0111343 0.0111343 0.0111343 0.0111343 -0.00611727 -0.00621894 -0.00621866 -0.00611667 0.0115679 0.0116078 0.0116077 0.0115678 0.0231041 0.0230895 0.0230896 0.0231043
1.725 -0.00205025 -0.00205025 -0.00205025 -0.00205025 -0.0184684 -0.0185048 -0.0185046 -0.0184678 -0.012847 -0.0128802 -0.0128802 -0.012847 0.0192859 0.0192816 0.0192815 0.0192857
1.745 -0.0134983 -0.0134983 -0.0134983 -0.0134983 -0.0182049 -0.0181829 -0.0181829 -0.0182049 -0.0233123 -0.0233587 -0.0233587 -0.0233123 -0.0040867 -0.00408231 -0.00408228 -0.00408665
1.765 -0.0246095 -0.0246095 -0.0246095 -0.0246095 -0.0191044 -0.0190981 -0.0190981 -0.0191045 -0.0214087 -0.0213852 -0.0213851 -0.0214086 -0.0386014 -0.0386001 -0.0386002 -0.0386014
1.785 -0.0317716 -0.0317716 -0.0317716 -0.0317716 -0.0244693 -0.0244671 -0.0244666 -0.0244673 -0.028247 -0.0281967 -0.0281968 -0.0282478 -0.0616495 -0.061648 -0.0616479 -0.0616494
1.805 0.0167066 0.0167066 0.0167066 0.0167066 -0.0278444 -0.0279178 -0.0279184 -0.0278272 -0.0511757 -0.0511441 -0.0511419 -0.0511722 -0.064615 -0.0646066 -0.0646073 -0.0646165
1.825 -0.00500594 -0.00500594 -0.00500594 -0.00500594 -0.0158958 -0.0157541 -0.0157564 -0.0159008 -0.0687687 -0.0688973 -0.0689009 -0.0687781 -0.062174 -0.0621359 -0.0621345 -0.0621709
1.845 -0.0349389 -0.0349389 -0.0349389 -0.0349389 -0.0261626 -0.0260638 -0.026067 -0.0261692 -0.0534033 -0.0534498 -0.0534494 -0.0534029 -0.067529 -0.067509 -0.0675092 -0.067529
1.865 -0.0246533 -0.0246533 -0.0246533 -0.0246533 -0.052487 -0.0526898 -0.052693 -0.0524945 -0.0324737 -0.0323197 -0.0323177 -0.0324691 -0.0650091 -0.0650308 -0.0650309 -0.0650094
1.885 -0.00880433 -0.00880433 -0.00880433 -0.00880433 -0.0439694 -0.0440956 -0.0440958 -0.0439694 -0.0428835 -0.0428373 -0.0428366 -0.0428821 -0.0414481 -0.0414546 -0.0414546 -0.0414483
1.905 0.0100502 0.0100502 0.0100502 0.0100502 -0.0131057 -0.0130188 -0.0130179 -0.0131037 -0.052641 -0.0527743 -0.0527745 -0.0526415 -0.0203573 -0.0203303 -0.0203306 -0.0203579
1.925 0.0273584 0.0273584 0.0273584 0.0273584 0.011988 0.0120222 0.0120225 0.0119887 -0.0233734 -0.0234313 -0.0234316 -0.0233742 -0.0219768 -0.0219542 -0.0219541 -0.0219766
1.945 0.0206117 0.0206117 0.0206117 0.0206117 0.0188245 0.0187804 0.0187804 0.0188244 0.0244177 0.0245241 0.0245241 0.0244177 -0.0251527 -0.0251604 -0.0251605 -0.0251528
1.965 0.121411 0.121411 0.121411 0.121411 0.0529538 0.0526746 0.0526746 0.0529538 0.0383014 0.0384453 0.0384454 0.0383016 0.00335065 0.00334723 0.00334729 0.00335078
1.985 -0.0328601 -0.0328601 -0.0328601 -0.0328601 0.0995645 0.100216 0.100224 0.0995981 0.0431694 0.0428498 0.0428468 0.043164 0.0503793 0.0504406 0.05044 0.0503781
2.005 -0.00548702 -0.00548702 -0.00548702 -0.00548702 0.0478432 0.0478869 0.0479331 0.0479029 0.088606 0.0886235 0.0886064 0.0885366 0.0889722 0.0889525 0.088952 0.0889701
2.025 -0.118392 -0.118392 -0.118392 -0.118392 -0.0308598 -0.0309218 -0.0309063 -0.0308139 0.112577 0.112756 0.112768 0.112594 0.130641 0.130558 0.13057 0.130664
2.045 -0.0492662 -0.0492662 -0.0492662 -0.0492662 -0.0705372 -0.0709032 -0.0709023 -0.0705437 0.068316 0.0684626 0.0684789 0.0683611 0.169975 0.169884 0.169891 0.169989
2.065 0.0126895 0.0126895 0.0126895 0.0126895 -0.0205321 -0.0205477 -0.0205508 -0.0205397 0.00393217 0.00372144 0.00373166 0.00394631 0.153737 0.153722 0.153714 0.15373
2.085 -0.0249134 -0.0249134 -0.0249134 -0.0249134 0.0519456 0.0523447 0.0523425 0.0519417 0.00843459 0.00816667 0.00816669 0.00843491 0.0480326 0.0480757 0.0480722 0.0480247
2.105 -0.0855023 -0.0855023 -0.0855023 -0.0855023 0.0268615 0.0269606 0.0269609 0.026862 0.0601466 0.0603809 0.0603795 0.0601439 -0.0787728 -0.0787926 -0.0787941 -0.0787764
2.125 0.0108185 0.0108185 0.0108185 0.0108185 -0.0415862 -0.0421246 -0.0421267 -0.0415882 0.0174272 0.0179222 0.0179291 0.0174381 -0.113848 -0.113888 -0.113908 -0.113841
2.145 0.0947891 0.0947891 0.0947891 0.0947891 -0.0295787 -0.0295641 -0.0296259 -0.0295693 -0.127735 -0.127896 -0.127862 -0.127649 -0.0691393 -0.0690895 -0.0690973 -0.06916
2.165 0.00116369 0.00116369 0.00116369 0.00116369 -0.0168462 -0.0162842 -0.0163236 -0.0169082 -0.180941 -0.18153 -0.181534 -0.180957 -0.0734119 -0.0732917 -0.0732912 -0.0734121
2.185 -0.0810382 -0.0810382 -0.0810382 -0.0810382 -0.092213 -0.0923415 -0.0923502 -0.0922381 -0.0878435 -0.0876946 -0.087699 -0.0878478 -0.152047 -0.152001 -0.152039 -0.152029
2.205 -0.031982 -0.031982 -0.031982 -0.031982 -0.130473 -0.13124 -0.131244 -0.130486 -0.0451028 -0.0444773 -0.0444678 -0.0450774 -0.184929 -0.185008 -0.185011 -0.184932
2.225 0.0643247 0.0643247 0.0643247 0.0643247 -0.035967 -0.0360316 -0.036033 -0.0359761 -0.130966 -0.131056 -0.131048 -0.130949 -0.12831 -0.128267 -0.128265 -0.128319
2.245 0.14869 0.14869 0.14869 0.14869 0.0673504 0.0678222 0.0678316 0.0673651 -0.15712 -0.157683 -0.157692 -0.157135 -0.0858089 -0.0856568 -0.0856537 -0.0858025
2.265 0.114167 0.114167 0.114167 0.114167 0.0803031 0.0803929 0.0804003 0.0803168 -0.021631 -0.0216549 -0.0216599 -0.0216405 -0.101295 -0.101235 -0.101237 -0.101298
2.285 -0.00137091 -0.00137091 -0.00137091 -0.00137091 0.0559327 0.0557233 0.0557237 0.0559349 0.116937 0.117397 0.117396 0.116934 -0.0689705 -0.0690182 -0.0690166 -0.0689673
2.305 -0.0920766 -0.0920766 -0.0920766 -0.0920766 0.0354378 0.0355978 0.0356002 0.0354466 0.120572 0.120678 0.120679 0.120571 0.0813146 0.0812722 0.0812716 0.0813137
2.325 0.136162 0.136162 0.136162 0.136162 0.0166616 0.0163285 0.0163728 0.0167343 0.0647551 0.0646266 0.0645769 0.0647819 0.254162 0.25411 0.254064 0.254115
2.345 0.00433439 0.00433439 0.00433439 0.00433439 0.0668029 0.0672928 0.0672882 0.0667814 0.0879468 0.0873976 0.0873574 0.0878881 0.308326 0.30831 0.308275 0.308278
2.365 -0.0253701 -0.0253701 -0.0253701 -0.0253701 0.0985373 0.0986239 0.0986214 0.0985477 0.215938 0.216007 0.216 0.215905 0.233271 0.233203 0.233206 0.233262
2.385 -0.126323 -0.126323 -0.126323 -0.126323 0.0946064 0.0947158 0.0947254 0.0946217 0.286933 0.287335 0.287344 0.286947 0.163792 0.163688 0.163693 0.163804
2.405 0.0408619 0.0408619 0.0408619 0.0408619 0.0790127 0.0788055 0.0788312 0.0790475 0.19153 0.191763 0.191771 0.191549 0.184434 0.18436 0.18436 0.184433
2.425 -0.112918 -0.112918 -0.112918 -0.112918 0.0593547 0.060188 0.0601936 0.0593704 0.0451392 0.0445383 0.0445373 0.0451369 0.21042 0.21047 0.210472 0.210425
2.445 0.0856792 0.0856792 0.0856792 0.0856792 -0.0826527 -0.0834163 -0.0834171 -0.0826531 0.00792588 0.00811153 0.00810973 0.00792196 0.132259 0.132171 0.13217 0.132255
2.465 0.12603 0.12603 0.12603 0.12603 -0.0587906 -0.059526 -0.0595289 -0.0587973 -0.0274107 -0.0271263 -0.0271274 -0.0274125 -0.0126798 -0.012728 -0.0127272 -0.0126781
2.485 -0.0724367 -0.0724367 -0.0724367 -0.0724367 0.0927337 0.0938102 0.0938098 0.092733 -0.0800426 -0.0805139 -0.0805138 -0.080041 -0.16193 -0.161783 -0.161784 -0.16193
2.505 0.119596 0.119596 0.119596 0.119596 0.0866642 0.0868215 0.0868366 0.0866948 -0.0758029 -0.0756857 -0.0755715 -0.0755821 -0.26881 -0.268665 -0.268621 -0.268717
2.525 -0.00599482 -0.00599482 -0.00599482 -0.00599482 -0.000696325 -0.000613119 -0.000563179 -0.000611523 -0.0872286 -0.0870828 -0.0870676 -0.0872336 -0.266922 -0.266899 -0.26689 -0.266931
2.545 -0.0792811 -0.0792811 -0.0792811 -0.0792811 -0.126789 -0.12693 -0.126928 -0.126793 -0.147221 -0.147176 -0.147185 -0.147236 -0.164359 -0.164358 -0.164372 -0.164381
2.565 0.0346693 0.0346693 0.0346693 0.0346693 -0.206006 -0.20673 -0.206739 -0.206017 -0.206552 -0.20653 -0.206535 -0.206559 -0.0591149 -0.0591435 -0.0591417 -0.0591123
2.585 -0.083392 -0.083392 -0.083392 -0.083392 -0.162388 -0.162396 -0.162392 -0.162384 -0.192353 -0.192624 -0.192619 -0.192344 -0.0482503 -0.0482338 -0.0482382 -0.0482594
2.605 -0.0148543 -0.0148543 -0.0148543 -0.0148543 -0.077279 -0.0774706 -0.0774687 -0.0772733 -0.0919374 -0.09183 -0.09183 -0.0919383 -0.124103 -0.124101 -0.124097 -0.124094
2.625 0.108009 0.108009 0.108009 0.108009 0.0722158 0.0720719 0.0720737 0.0722201 -0.0125836 -0.0123608 -0.0123604 -0.0125825 -0.175204 -0.175165 -0.175167 -0.175209
2.645 -0.231766 -0.231766 -0.231766 -0.231766 0.152631 0.154144 0.154143 0.15263 0.0305728 0.0301319 0.0301309 0.0305707 -0.131062 -0.130924 -0.130923 -0.131058
2.665 -0.15958 -0.15958 -0.15958 -0.15958 -0.0661929 -0.0663972 -0.0663977 -0.0661943 0.0721227 0.0724781 0.0724784 0.0721239 0.00354464 0.00345526 0.00345425 0.00354268
2.685 0.0828478 0.0828478 0.0828478 0.0828478 -0.225631 -0.227203 -0.227203 -0.225631 -0.00169452 -0.00115106 -0.00115177 -0.00169557 0.184485 0.184288 0.184289 0.184487
2.705 0.156888 0.156888 0.156888 0.156888 -0.0577994 -0.0579855 -0.0579846 -0.0577986 -0.1075 -0.108096 -0.108097 -0.1075 0.256748 0.256774 0.256774 0.256747
2.725 0.0401107 0.0401107 0.0401107 0.0401107 0.178504 0.17958 0.17958 0.178505 0.0101975 0.00944226 0.00944135 0.0101961 0.102361 0.10251 0.10251 0.102362
2.745 -0.114857 -0.114857 -0.114857 -0.114857 0.195374 0.195829 0.195832 0.195372 0.268703 0.269239 0.269238 0.268701 -0.104302 -0.104332 -0.104331 -0.104303
2.765 -0.0716439 -0.0716439 -0.0716439 -0.0716439 0.0817348 0.0812428 0.0812427 0.0817348 0.282875 0.28388 0.28388 0.282875 -0.0661391 -0.0662837 -0.0662829 -0.0661374
2.785 -0.308349 -0.308349 -0.308349 -0.308349 -0.0455784 -0.0446201 -0.0446205 -0.0455786 0.0173656 0.0167991 0.0167991 0.0173652 0.188482 0.188492 0.188492 0.188482
2.805 -0.00229881 -0.00229881 -0.00229881 -0.00229881 -0.262802 -0.263427 -0.263427 -0.262812 -0.164686 -0.165126 -0.165127 -0.164655 0.326139 0.326047 0.326042 0.326114
2.825 0.171161 0.171161 0.171161 0.171161 -0.246248 -0.247687 -0.247686 -0.246247 -0.151273 -0.151155 -0.151163 -0.151289 0.167031 0.166919 0.166921 0.167037
2.845 0.00962202 0.00962202 0.00962202 0.00962202 0.0648913 0.0652663 0.0652674 0.0648941 -0.0471122 -0.0471863 -0.0471909 -0.0471268 -0.169551 -0.169469 -0.169466 -0.169543
2.865 -0.0637852 -0.0637852 -0.0637852 -0.0637852 0.259756 0.260957 0.260942 0.259704 0.0501318 0.0501343 0.0500443 0.0499451 -0.423574 -0.423233 -0.423296 -0.42349
2.885 -0.083345 -0.083345 -0.083345 -0.083345 0.127189 0.127731 0.12771 0.127152 0.0228748 0.0231764 0.0230795 0.0226565 -0.395607 -0.395595 -0.395632 -0.395754
2.905 0.024834 0.024834 0.024834 0.024834 -0.172611 -0.173331 -0.17333 -0.172598 -0.157732 -0.157473 -0.157463 -0.157695 -0.128095 -0.128148 -0.128178 -0.128147
2.925 0.0435581 0.0435581 0.0435581 0.0435581 -0.324203 -0.324934 -0.324894 -0.324111 -0.328797 -0.329208 -0.329158 -0.328695 0.104663 0.104637 0.104633 0.104655
2.945 0.154658 0.154658 0.154658 0.154658 -0.225386 -0.226194 -0.226199 -0.225379 -0.278624 -0.278953 -0.27894 -0.278609 0.0644332 0.0644355 0.0644389 0.0644418
2.965 0.0434356 0.0434356 0.0434356 0.0434356 0.0562968 0.0564359 0.0564239 0.0562705 -0.039486 -0.0394287 -0.0394378 -0.0395064 -0.179054 -0.178994 -0.178993 -0.179051
2.985 -0.112335 -0.112335 -0.112335 -0.112335 0.255626 0.256609 0.256605 0.255618 0.166774 0.16712 0.167115 0.166764 -0.32688 -0.326794 -0.326795 -0.326883
3.005 -0.174164 -0.174164 -0.174164 -0.174164 0.168197 0.169004 0.169003 0.168196 0.171706 0.171985 0.171985 0.171707 -0.173445 -0.173416 -0.173413 -0.17344
3.025 -0.108953 -0.108953 -0.108953 -0.108953 -0.12341 -0.123649 -0.123647 -0.123406 0.0137932 0.0137698 0.0137734 0.013797 0.179597 0.179509 0.179506 0.179593
3.045 0.0773086 0.0773086 0.0773086 0.0773086 -0.304349 -0.305589 -0.305583 -0.304336 -0.122551 -0.122797 -0.12282 -0.122595 0.423061 0.422916 0.422832 0.423078
3.065 0.229316 0.229316 0.229316 0.229316 -0.132137 -0.133089 -0.133079 -0.132124 -0.0829458 -0.0832439 -0.0832827 -0.0829995 0.339158 0.339035 0.338961 0.339045
3.085 0.0243665 0.0243665 0.0243665 0.0243665 0.241432 0.242357 0.242357 0.241441 0.136406 0.136146 0.136143 0.136402 0.0119263 0.0120022 0.0119805 0.0118671
3.105 -0.145619 -0.145619 -0.145619 -0.145619 0.384922 0.386233 0.386222 0.384907 0.346784 0.347208 0.347217 0.346803 -0.225867 -0.225795 -0.225799 -0.225875
3.125 0.0920988 0.0920988 0.0920988 0.0920988 0.217373 0.217152 0.217155 0.217381 0.284448 0.285265 0.285263 0.284446 -0.108114 -0.108165 -0.108159 -0.108099
3.145 0.0291226 0.0291226 0.0291226 0.0291226 -0.00333594 -0.00315856 -0.00315388 -0.00332726 -0.00479955 -0.00527233 -0.00527446 -0.00480498 0.237994 0.238008 0.238009 0.237997
3.165 -0.0326133 -0.0326133 -0.0326133 -0.0326133 -0.210988 -0.211162 -0.211161 -0.210987 -0.145112 -0.145904 -0.145907 -0.145116 0.41566 0.415628 0.415631 0.415665
3.185 -0.0141478 -0.0141478 -0.0141478 -0.0141478 -0.272102 -0.273359 -0.273359 -0.272102 -0.0332015 -0.0329257 -0.0329254 -0.0332013 0.254517 0.254326 0.254326 0.254517
3.205 0.0545132 0.0545132 0.0545132 0.0545132 -0.0114322 -0.0121091 -0.0121103 -0.0114357 0.0686346 0.0691827 0.0691836 0.0686359 -0.0522542 -0.0523321 -0.052332 -0.0522538
3.225 -0.0849605 -0.0849605 -0.0849605 -0.0849605 0.295968 0.297691 0.297691 0.295969 0.0585919 0.0582122 0.0582121 0.0585926 -0.269032 -0.268825 -0.268825 -0.269033
3.245 -0.0350797 -0.0350797 -0.0350797 -0.0350797 0.226443 0.227538 0.227539 0.226445 0.0281792 0.0280751 0.0280747 0.0281777 -0.297783 -0.297622 -0.297623 -0.297784
3.265 -0.0671669 -0.0671669 -0.0671669 -0.0671669 -0.130023 -0.130631 -0.13063 -0.130022 -0.0522939 -0.0518205 -0.0518207 -0.0522946 -0.143994 -0.144072 -0.144072 -0.143994
3.285 0.0895684 0.0895684 0.0895684 0.0895684 -0.364713 -0.366411 -0.366413 -0.364712 -0.229338 -0.229027 -0.229027 -0.229338 0.0600585 0.0599092 0.0599094 0.060059
3.305 0.216265 0.216265 0.216265 0.216265 -0.210708 -0.211355 -0.211361 -0.210731 -0.340848 -0.341469 -0.341461 -0.340824 0.0840136 0.0840673 0.0840649 0.0840064
3.325 -0.0710801 -0.0710801 -0.0710801 -0.0710801 0.0753067 0.0765417 0.0765359 0.0752925 -0.162865 -0.163612 -0.163605 -0.162849 -0.158138 -0.157948 -0.157951 -0.158145
3.345 -0.0608065 -0.0608065 -0.0608065 -0.0608065 0.144409 0.14452 0.144522 0.144416 0.138775 0.139622 0.139621 0.13877 -0.399024 -0.399026 -0.399028 -0.399027
3.365 -0.0373769 -0.0373769 -0.0373769 -0.0373769 0.102011 0.10184 0.101843 0.10202 0.148113 0.148979 0.148975 0.148096 -0.300297 -0.300342 -0.300339 -0.300289
3.385 0.234705 0.234705 0.234705 0.234705 0.0377844 0.0376426 0.0376439 0.0377855 -0.0928444 -0.0932061 -0.0932085 -0.0928479 0.0618068 0.0618803 0.0618825 0.0618108
3.405 0.0538104 0.0538104 0.0538104 0.0538104 -0.0165658 -0.0157702 -0.0157706 -0.0165669 -0.160797 -0.162032 -0.162032 -0.160793 0.299717 0.299847 0.299847 0.299717
3.425 0.0549095 0.0549095 0.0549095 0.0549095 -0.114014 -0.115065 -0.115065 -0.114013 0.0918839 0.0922653 0.0922656 0.0918841 0.246978 0.246812 0.246812 0.246978
3.445 -0.00677104 -0.00677104 -0.00677104 -0.00677104 0.00867462 0.00771963 0.00771794 0.00867756 0.283363 0.284309 0.284309 0.283361 0.127683 0.127477 0.127477 0.127684
3.465 -0.127168 -0.127168 -0.127168 -0.127168 0.267736 0.269103 0.269127 0.267818 0.23692 0.236555 0.23655 0.236893 0.127308 0.127388 0.127387 0.127308
3.485 -0.0873397 -0.0873397 -0.0873397 -0.0873397 0.223897 0.225129 0.225171 0.223982 0.183057 0.18254 0.182524 0.183024 0.188259 0.188342 0.188352 0.188279
3.505 -0.0781324 -0.0781324 -0.0781324 -0.0781324 -0.0544921 -0.055016 -0.0550155 -0.0544967 0.172031 0.172384 0.172384 0.172036 0.241352 0.241198 0.241194 0.241344
3.525 -0.13566 -0.13566 -0.13566 -0.13566 -0.210055 -0.210913 -0.210924 -0.210089 0.0679646 0.0682888 0.0682895 0.0679701 0.265239 0.265046 0.265052 0.26525
3.545 -0.0853146 -0.0853146 -0.0853146 -0.0853146 -0.154804 -0.154929 -0.154931 -0.154805 -0.0854438 -0.0857599 -0.0857567 -0.0854378 0.183148 0.183105 0.1831 0.183138
3.565 -0.00859434 -0.00859434 -0.00859434 -0.00859434 -0.0317841 -0.031477 -0.031475 -0.0317783 -0.130727 -0.131082 -0.131083 -0.130731 -0.0574083 -0.0573344 -0.0573322 -0.0574035
3.585 -0.136342 -0.136342 -0.136342 -0.136342 0.0164017 0.0169592 0.0169652 0.0164014 -0.0841809 -0.0840555 -0.0840606 -0.0841725 -0.339817 -0.339749 -0.33975 -0.339826
3.605 0.217713 0.217713 0.217713 0.217713 -0.0184322 -0.0190533 -0.0190256 -0.0180343 -0.126399 -0.125556 -0.125422 -0.126138 -0.463477 -0.463459 -0.463453 -0.463486
3.625 0.260578 0.260578 0.260578 0.260578 0.0626879 0.06304 0.0630185 0.062707 -0.296909 -0.297306 -0.297283 -0.296881 -0.393477 -0.393225 -0.39327 -0.393515
3.645 0.146175 0.146175 0.146175 0.146175 0.069874 0.0708215 0.0707504 0.0697441 -0.315075 -0.315941 -0.315928 -0.315067 -0.2987 -0.298445 -0.298462 -0.298745
3.665 0.21804 0.21804 0.21804 0.21804 -0.0608272 -0.0617653 -0.0617915 -0.0608888 -0.120211 -0.119743 -0.119742 -0.120213 -0.239416 -0.239433 -0.239439 -0.23943
3.685 -0.0260877 -0.0260877 -0.0260877 -0.0260877 -0.0406779 -0.0410042 -0.0409987 -0.0406652 0.0177777 0.0181817 0.0181818 0.01778 -0.107746 -0.107798 -0.107799 -0.107746
3.705 -0.250612 -0.250612 -0.250612 -0.250612 0.0211669 0.0220787 0.0220868 0.0211851 0.0561553 0.0557767 0.0557792 0.0561527 0.10151 0.101534 0.101536 0.101515
3.725 -0.299006 -0.299006 -0.299006 -0.299006 -0.0896513 -0.0893987 -0.0893884 -0.089664 0.118854 0.118728 0.118729 0.118853 0.280785 0.280681 0.280681 0.280786
3.745 -0.338661 -0.338661 -0.338661 -0.338661 -0.226087 -0.226666 -0.226627 -0.226001 0.159703 0.160074 0.160182 0.159935 0.374023 0.373779 0.373781 0.374026
3.765 -0.295156 -0.295156 -0.295156 -0.295156 -0.232626 -0.233182 -0.233192 -0.232638 0.104904 0.105077 0.105049 0.104847 0.362249 0.362033 0.36203 0.362246
3.785 0.308883 0.308883 0.308883 0.308883 -0.0597029 -0.0610169 -0.0610288 -0.0597255 0.00219413 0.00238327 0.0023471 0.00212396 0.216296 0.216203 0.2162 0.216289
3.805 0.809306 0.809306 0.809306 0.809306 0.384741 0.384447 0.384445 0.384735 -0.0323405 -0.0327002 -0.0327052 -0.0323539 -0.0541479 -0.0539206 -0.0539196 -0.0541454
3.825 0.522897 0.522897 0.522897 0.522897 0.787842 0.790115 0.790166 0.787972 0.144106 0.143278 0.14327 0.144071 -0.330607 -0.330139 -0.330135 -0.330597
3.845 -0.00602422 -0.00602422 -0.00602422 -0.00602422 0.60428 0.606019 0.605995 0.60418 0.431707 0.432142 0.43216 0.431772 -0.345054 -0.344889 -0.344896 -0.345079
3.865 0.195641 0.195641 0.195641 0.195641 0.0747676 0.0728568 0.0726968 0.0746774 0.399858 0.401449 0.4015 0.399974 0.105811 0.105528 0.105505 0.10576
3.885 0.0356953 0.0356953 0.0356953 0.0356953 -0.238097 -0.239153 -0.239188 -0.238141 0.0427273 0.0423007 0.042242 0.0430399 0.729356 0.729113 0.729017 0.729336
3.905 -0.156892 -0.156892 -0.156892 -0.156892 -0.285128 -0.285009 -0.285009 -0.285211 -0.0830506 -0.084595 -0.0846644 -0.0831128 0.924628 0.924449 0.924316 0.924505
3.925 -0.320582 -0.320582 -0.320582 -0.320582 -0.184308 -0.184567 -0.184551 -0.184233 0.209475 0.209508 0.209559 0.209491 0.5258 0.525553 0.52557 0.525755
3.945 0.145989 0.145989 0.145989 0.145989 0.0793346 0.077549 0.0775851 0.0793821 0.42282 0.424629 0.424647 0.422836 -0.00758641 -0.00786198 -0.00786088 -0.00756664
3.965 0.456115 0.456115 0.456115 0.456115 0.58854 0.589646 0.589648 0.588544 0.204425 0.204288 0.204284 0.20443 -0.240849 -0.24058 -0.240572 -0.240832
3.985 0.697084 0.697084 0.697084 0.697084 0.776516 0.778897 0.778892 0.77651 -0.00257184 -0.00400356 -0.0040017 -0.00257697 -0.236772 -0.236218 -0.236215 -0.236766
4.005 0.351644 0.351644 0.351644 0.351644 0.431014 0.431874 0.431871 0.431006 0.117521 0.117267 0.117267 0.117523 -0.147697 -0.14748 -0.147479 -0.147696
4.025 -0.54184 -0.54184 -0.54184 -0.54184 -0.168523 -0.168684 -0.168685 -0.168528 0.259564 0.260429 0.260429 0.259566 0.0846173 0.084359 0.0843579 0.0846153
4.045 -0.613986 -0.613986 -0.613986 -0.613986 -0.645583 -0.647408 -0.647406 -0.645574 0.0645806 0.0654736 0.0654719 0.0645757 0.445932 0.44545 0.445451 0.445933
4.065 -0.349411 -0.349411 -0.349411 -0.349411 -0.666447 -0.667615 -0.667605 -0.666422 -0.311549 -0.312205 -0.312204 -0.311546 0.60131 0.601065 0.601061 0.6013
4.085 -0.34276 -0.34276 -0.34276 -0.34276 -0.355737 -0.354926 -0.354935 -0.355762 -0.387184 -0.388522 -0.38852 -0.387176 0.214754 0.214824 0.214825 0.214757
4.105 -0.294998 -0.294998 -0.294998 -0.294998 -0.0997091 -0.0992895 -0.0992772 -0.0996146 -0.133228 -0.132794 -0.132789 -0.133241 -0.516822 -0.516841 -0.516854 -0.516891
4.125 0.656381 0.656381 0.656381 0.656381 0.124921 0.122634 0.122879 0.125343 -0.0962848 -0.0941167 -0.0933697 -0.0951348 -0.983219 -0.983274 -0.98311 -0.982955
4.145 0.532605 0.532605 0.532605 0.532605 0.500771 0.502841 0.502934 0.50108 -0.418732 -0.419602 -0.419381 -0.418185 -0.926329 -0.925733 -0.925709 -0.926272
4.165 0.0539339 0.0539339 0.0539339 0.0539339 0.335546 0.338702 0.338627 0.335488 -0.467027 -0.46887 -0.468798 -0.466933 -0.641073 -0.640438 -0.640457 -0.641075
4.185 -0.622047 -0.622047 -0.622047 -0.622047 -0.485514 -0.486163 -0.486174 -0.485542 -0.152483 -0.151635 -0.151692 -0.152664 -0.307767 -0.307997 -0.308003 -0.307783
4.205 -0.871258 -0.871258 -0.871258 -0.871258 -1.07497 -1.07831 -1.07835 -1.07506 -0.141364 -0.139499 -0.139545 -0.141422 0.141689 0.141011 0.141017 0.141701
4.225 -0.304113 -0.304113 -0.304113 -0.304113 -0.9065 -0.908873 -0.908871 -0.906531 -0.510713 -0.510939 -0.51094 -0.510672 0.460718 0.460399 0.460398 0.460708
4.245 0.783071 0.783071 0.783071 0.783071 -0.123181 -0.124113 -0.124109 -0.123178 -0.58047 -0.581961 -0.581948 -0.580456 0.196907 0.197152 0.197159 0.196924
4.265 1.05977 1.05977 1.05977 1.05977 0.932486 0.934341 0.934354 0.93252 -0.0183369 -0.0192804 -0.0192739 -0.0183356 -0.551245 -0.550621 -0.550633 -0.551266
4.285 0.129865 0.129865 0.129865 0.129865 1.40645 1.41076 1.4108 1.40596 0.760322 0.760817 0.760795 0.760479 -0.990036 -0.989494 -0.989519 -0.990148
4.305 0.0430725 0.0430725 0.0430725 0.0430725 0.758325 0.75881 0.759461 0.759104 0.985278 0.987748 0.987767 0.985421 -0.378334 -0.37844 -0.378387 -0.378251
4.325 0.0540946 0.0540946 0.0540946 0.0540946 -0.14792 -0.149381 -0.149375 -0.147671 0.40001 0.399228 0.398441 0.396688 1.0403 1.03991 1.03977 1.03982
4.345 -0.313791 -0.313791 -0.313791 -0.313791 -0.69017 -0.690565 -0.690768 -0.690385 -0.0914083 -0.0937725 -0.0938238 -0.0907298 2.02833 2.02838 2.02884 2.02911
4.365 -0.0167461 -0.0167461 -0.0167461 -0.0167461 -0.568601 -0.571208 -0.571236 -0.568793 0.204589 0.203609 0.203458 0.203836 1.74895 1.74857 1.74842 1.74917
4.385 -0.340166 -0.340166 -0.340166 -0.340166 0.26094 0.260946 0.26116 0.261215 0.832243 0.833279 0.833224 0.832365 0.62472 0.624351 0.624368 0.624728
4.405 -0.425627 -0.425627 -0.425627 -0.425627 0.976354 0.979692 0.979887 0.976587 1.02337 1.02442 1.02452 1.0236 -0.274969 -0.274864 -0.274842 -0.274939
4.425 -0.596675 -0.596675 -0.596675 -0.596675 0.72938 0.733455 0.733418 0.72942 0.574416 0.574402 0.574439 0.574577 -0.361339 -0.361091 -0.361128 -0.361398
4.445 0.26406 0.26406 0.26406 0.26406 -0.354652 -0.356947 -0.356986 -0.35467 -0.204513 -0.204022 -0.204031 -0.204463 0.085995 0.0858252 0.0858481 0.0860434
4.465 0.54979 0.54979 0.54979 0.54979 -0.891986 -0.896527 -0.896356 -0.893115 -0.915169 -0.915956 -0.916009 -0.915244 0.320625 0.32047 0.320454 0.320578
4.485 0.779412 0.779412 0.779412 0.779412 -0.521126 -0.523148 -0.522539 -0.520308 -1.00434 -1.00545 -1.0054 -1.00404 -0.218764 -0.218552 -0.218516 -0.218678
4.505 0.317336 0.317336 0.317336 0.317336 0.396452 0.399018 0.398675 0.396549 -0.485184 -0.485334 -0.486041 -0.485089 -1.23661 -1.23693 -1.23719 -1.23791
4.525 -0.974338 -0.974338 -0.974338 -0.974338 0.705415 0.71097 0.710738 0.70496 0.0918613 0.0923837 0.092149 0.0918839 -1.80307 -1.80235 -1.80233 -1.80289
4.545 -1.5671 -1.5671 -1.5671 -1.5671 -0.393882 -0.392537 -0.392485 -0.393845 0.0516764 0.0538219 0.0540186 0.0518085 -1.23462 -1.23468 -1.23456 -1.23431
4.565 -1.4873 -1.4873 -1.4873 -1.4873 -1.82743 -1.83216 -1.83275 -1.83101 -0.864344 -0.863779 -0.863803 -0.864324 0.102552 0.101939 0.10206 0.102759
4.585 -1.36098 -1.36098 -1.36098 -1.36098 -2.46637 -2.46921 -2.46946 -2.46646 -1.75891 -1.7614 -1.76139 -1.75887 0.835553 0.835135 0.835175 0.83568
4.605 -0.147195 -0.147195 -0.147195 -0.147195 -1.92604 -1.93069 -1.93072 -1.92495 -1.69744 -1.69806 -1.69781 -1.69728 0.0116409 0.0112942 0.0112535 0.0115748
4.625 0.411616 0.411616 0.411616 0.411616 -0.162869 -0.163664 -0.164343 -0.164225 -0.968467 -0.969227 -0.970323 -0.972401 -1.78064 -1.78024 -1.78035 -1.78088
4.645 -0.21758 -0.21758 -0.21758 -0.21758 1.34547 1.35266 1.35228 1.34503 -0.291394 -0.290734 -0.291381 -0.290496 -3.04542 -3.04397 -3.04263 -3.04346
4.665 -0.623555 -0.623555 -0.623555 -0.623555 0.913927 0.919404 0.919378 0.914023 -0.108471 -0.107211 -0.107969 -0.109256 -2.70693 -2.70575 -2.70592 -2.70643
4.685 -0.3611 -0.3611 -0.3611 -0.3611 -0.900561 -0.90346 -0.903425 -0.900571 -0.67199 -0.670298 -0.670506 -0.672511 -0.892541 -0.892791 -0.892839 -0.892607
4.705 0.0877923 0.0877923 0.0877923 0.0877923 -2.07537 -2.08188 -2.08184 -2.07535 -1.46777 -1.46856 -1.46872 -1.46764 0.972794 0.972076 0.972099 0.9727
4.725 0.615654 0.615654 0.615654 0.615654 -1.45598 -1.46026 -1.46027 -1.45592 -1.36042 -1.36286 -1.36282 -1.35997 1.32249 1.32226 1.32207 1.32221
4.745 0.61624 0.61624 0.61624 0.61624 0.492555 0.493841 0.494102 0.49259 0.0094925 0.00827723 0.00835407 0.00933044 0.0772213 0.0776046 0.0775118 0.0770714
4.765 0.532257 0.532257 0.532257 0.532257 2.1045 2.10899 2.11008 2.10561 1.60729 1.6097 1.60922 1.60635 -1.13415 -1.13374 -1.13362 -1.13395
4.785 0.40126 0.40126 0.40126 0.40126 2.36856 2.37488 2.37766 2.372 2.04399 2.04643 2.04648 2.04446 -0.642868 -0.642421 -0.642387 -0.64276
4.805 0.812966 0.812966 0.812966 0.812966 1.30257 1.30373 1.30319 1.30291 1.35488 1.35257 1.35191 1.35131 1.41787 1.41815 1.41791 1.41783
4.825 0.336368 0.336368 0.336368 0.336368 -0.141088 -0.14352 -0.143316 -0.1418 0.785743 0.782058 0.785241 0.788189 3.32737 3.32802 3.32851 3.33131
4.845 -0.0474671 -0.0474671 -0.0474671 -0.0474671 -0.75515 -0.759986 -0.760102 -0.75501 1.05275 1.05433 1.05597 1.05888 3.70812 3.70684 3.70707 3.70829
4.865 -0.00339969 -0.00339969 -0.00339969 -0.00339969 0.0577419 0.054484 0.0540848 0.0583222 1.65565 1.65786 1.65906 1.65779 2.62972 2.62856 2.62853 2.62941
4.885 0.453006 0.453006 0.453006 0.453006 1.63184 1.63444 1.63493 1.63238 1.85681 1.85712 1.85685 1.85593 1.13266 1.13258 1.1324 1.13237
4.905 0.692248 0.692248 0.692248 0.692248 2.42835 2.43517 2.43546 2.42854 1.61975 1.61844 1.61784 1.61877 0.138393 0.139112 0.139059 0.138265
4.925 0.0302605 0.0302605 0.0302605 0.0302605 1.52621 1.53123 1.53125 1.52631 1.15574 1.15529 1.15519 1.15551 0.00354505 0.00399156 0.00400446 0.00358613
4.945 -1.14106 -1.14106 -1.14106 -1.14106 -0.59283 -0.593248 -0.593069 -0.591867 0.366816 0.368182 0.368132 0.366709 0.523924 0.523343 0.523363 0.523982
4.965 -0.0417966 -0.0417966 -0.0417966 -0.0417966 -2.25191 -2.25851 -2.25729 -2.24965 -0.861824 -0.859662 -0.859407 -0.862026 0.964445 0.963261 0.963282 0.964557
4.985 0.223945 0.223945 0.223945 0.223945 -1.74924 -1.74944 -1.7525 -1.75052 -1.94547 -1.94895 -1.94857 -1.94353 0.331594 0.331938 0.331603 0.331236
5.005 0.597382 0.597382 0.597382 0.597382 -0.132757 -0.128875 -0.125266 -0.128374 -1.76708 -1.77252 -1.77232 -1.76912 -1.68766 -1.68649 -1.68539 -1.68632
5.025 0.279268 0.279268 0.279268 0.279268 0.894657 0.897557 0.898475 0.897136 -0.723972 -0.718693 -0.721285 -0.718799 -3.76143 -3.7615 -3.76161 -3.76325
5.045 0.250993 0.250993 0.250993 0.250993 0.739348 0.740029 0.73967 0.738826 -0.4573 -0.456309 -0.458089 -0.465073 -4.01506 -4.01466 -4.01579 -4.01668
5.065 0.567094 0.567094 0.567094 0.567094 -0.200077 -0.200209 -0.200444 -0.200369 -1.39921 -1.39983 -1.4 -1.39977 -2.22566 -2.22509 -2.22472 -2.22543
5.085 0.709225 0.709225 0.709225 0.709225 -1.19552 -1.19747 -1.19743 -1.19562 -2.06379 -2.06707 -2.06611 -2.06189 -0.129605 -0.128749 -0.128586 -0.128555
5.105 0.243361 0.243361 0.243361 0.243361 -1.44956 -1.45353 -1.45343 -1.4493 -1.26884 -1.26991 -1.27001 -1.26852 0.664615 0.664617 0.665118 0.665218
5.125 -0.447939 -0.447939 -0.447939 -0.447939 -0.522425 -0.524657 -0.52414 -0.522904 0.307555 0.309207 0.308233 0.307109 0.331112 0.330636 0.330562 0.331113
5.145 -0.704425 -0.704425 -0.704425 -0.704425 0.889967 0.899122 0.89794 0.894848 1.35904 1.36117 1.35925 1.3575 0.106943 0.106737 0.106645 0.106832
5.165 -0.483202 -0.483202 -0.483202 -0.483202 1.48684 1.49163 1.4929 1.48459 1.56798 1.5673 1.56772 1.56821 0.699537 0.699684 0.699437 0.698949
5.185 -0.281101 -0.281101 -0.281101 -0.281101 0.77999 0.782938 0.781923 0.779715 1.40872 1.40834 1.40768 1.40828 1.80034 1.80038 1.79981 1.80018
5.205 0.223442 0.223442 0.223442 0.223442 -0.233884 -0.238013 -0.237619 -0.232908 1.18204 1.17916 1.18003 1.17942 2.66541 2.6647 2.66464 2.66578
5.225 0.771507 0.771507 0.771507 0.771507 -0.134622 -0.139014 -0.138724 -0.134176 0.940135 0.940058 0.940208 0.940781 2.69466 2.69388 2.69406 2.69495
5.245 1.00072 1.00072 1.00072 1.00072 1.06903 1.07027 1.07021 1.06888 1.01128 1.00984 1.00983 1.01178 1.73379 1.73394 1.734 1.73391
5.265 0.487082 0.487082 0.487082 0.487082 2.01661 2.02199 2.02191 2.01641 1.50566 1.5049 1.50486 1.50565 0.379991 0.38064 0.380582 0.380048
5.285 -0.555541 -0.555541 -0.555541 -0.555541 1.54419 1.54866 1.54871 1.54414 1.72869 1.73051 1.73043 1.72859 -0.260767 -0.260741 -0.260734 -0.260804
5.305 -1.67115 -1.67115 -1.67115 -1.67115 -0.137759 -0.135741 -0.135563 -0.137825 0.870046 0.87141 0.871372 0.869944 0.326859 0.326354 0.326341 0.326847
5.325 -0.702041 -0.702041 -0.702041 -0.702041 -1.93268 -1.93926 -1.94094 -1.93503 -0.748377 -0.747539 -0.747669 -0.747437 1.24468 1.24388 1.2438 1.24467
5.345 0.118869 0.118869 0.118869 0.118869 -2.28864 -2.2954 -2.29513 -2.28928 -1.95013 -1.95418 -1.95336 -1.95006 0.950829 0.950427 0.950446 0.950975
5.365 0.588645 0.588645 0.588645 0.588645 -0.964017 -0.964676 -0.962189 -0.964882 -1.89317 -1.89395 -1.89396 -1.89169 -1.08215 -1.0815 -1.08146 -1.08178
5.385 1.21047 1.21047 1.21047 1.21047 0.83117 0.836379 0.835307 0.835558 -1.0192 -1.01759 -1.01866 -1.0217 -3.5748 -3.5737 -3.57365 -3.57456
5.405 1.45289 1.45289 1.45289 1.45289 1.83736 1.84112 1.84024 1.83638 -0.569839 -0.562487 -0.557811 -0.556572 -4.54144 -4.53736 -4.5375 -4.53724
5.425 1.18541 1.18541 1.18541 1.18541 1.35855 1.36247 1.36186 1.35677 -0.875015 -0.875476 -0.873262 -0.872792 -3.24788 -3.24673 -3.24632 -3.24813
5.445 0.188256 0.188256 0.188256 0.188256 -0.426538 -0.426341 -0.426694 -0.42749 -1.14491 -1.14737 -1.14836 -1.14716 -0.745376 -0.745326 -0.745662 -0.746342
5.465 0.832335 0.832335 0.832335 0.832335 -1.85936 -1.86919 -1.86899 -1.85844 -0.839986 -0.843761 -0.843265 -0.846173 1.37395 1.37466 1.3746 1.37488
5.485 -0.918822 -0.918822 -0.918822 -0.918822 -1.17455 -1.18042 -1.17824 -1.1753 -0.0481856 -0.0496534 -0.0499785 -0.0468123 2.17183 2.17158 2.17281 2.1731
5.505 -1.97284 -1.97284 -1.97284 -1.97284 0.164382 0.168048 0.165991 0.16378 1.27695 1.27684 1.27812 1.28036 1.72749 1.72629 1.72641 1.72729
5.525 -1.50416 -1.50416 -1.50416 -1.50416 0.711183 0.712837 0.711176 0.708969 2.26806 2.27144 2.27206 2.26882 1.16191 1.16089 1.16057 1.16143
5.545 -0.638792 -0.638792 -0.638792 -0.638792 0.654921 0.654721 0.654691 0.65366 1.88689 1.88897 1.88876 1.88645 1.40866 1.40788 1.40774 1.4083
5.565 0.284033 0.284033 0.284033 0.284033 0.473467 0.475042 0.475185 0.473673 0.688253 0.68567 0.685504 0.68792 1.98354 1.98352 1.9835 1.9835
5.585 0.753637 0.753637 0.753637 0.753637 0.164605 0.164517 0.16467 0.165045 0.152974 0.150414 0.150441 0.152898 1.73443 1.73444 1.73443 1.73441
5.605 0.624767 0.624767 0.624767 0.624767 0.14062 0.138025 0.137973 0.140555 0.431167 0.432331 0.432419 0.43143 0.540414 0.540186 0.540185 0.540456
5.625 -0.187801 -0.187801 -0.187801 -0.187801 0.549706 0.551835 0.551421 0.550004 0.531053 0.531545 0.531749 0.531365 -0.643816 -0.643701 -0.643608 -0.643686
5.645 -0.841568 -0.841568 -0.841568 -0.841568 0.430322 0.434745 0.435778 0.429148 0.0439128 0.044249 0.0451479 0.0423113 -1.08683 -1.08655 -1.08667 -1.08687
5.665 0.0403768 0.0403768 0.0403768 0.0403768 -0.586046 -0.584447 -0.583171 -0.58155 -0.757368 -0.756561 -0.75774 -0.757395 -0.883897 -0.883853 -0.883534 -0.88379
5.685 0.583923 0.583923 0.583923 0.583923 -1.21632 -1.22256 -1.22227 -1.21824 -1.53885 -1.53826 -1.53791 -1.5375 -0.657746 -0.658005 -0.658202 -0.658157
5.705 -1.49838 -1.49838 -1.49838 -1.49838 -1.07743 -1.07379 -1.07495 -1.07923 -1.71147 -1.71325 -1.71357 -1.71025 -1.01829 -1.01779 -1.01783 -1.01831
5.725 -1.3987 -1.3987 -1.3987 -1.3987 -1.43433 -1.43678 -1.43735 -1.43539 -1.18407 -1.18268 -1.18224 -1.18422 -1.81016 -1.81009 -1.81149 -1.81075
5.745 0.705683 0.705683 0.705683 0.705683 -1.44331 -1.45378 -1.45431 -1.44388 -1.2131 -1.20833 -1.20856 -1.21379 -2.16251 -2.16343 -2.16322 -2.16294
5.765 2.1717 2.1717 2.1717 2.1717 0.240453 0.239663 0.238528 0.239716 -1.96861 -1.97107 -1.97135 -1.96947 -1.94605 -1.94481 -1.94488 -1.94612
5.785 1.14852 1.14852 1.14852 1.14852 1.66512 1.67586 1.67595 1.66529 -1.46268 -1.46949 -1.46959 -1.4627 -1.92885 -1.9265 -1.92638 -1.92858
5.805 -0.6821 -0.6821 -0.6821 -0.6821 0.766961 0.770226 0.77026 0.767298 0.539568 0.541877 0.542199 0.540055 -1.78968 -1.78948 -1.78952 -1.7898
5.825 -0.68742 -0.68742 -0.68742 -0.68742 -0.833393 -0.843447 -0.842863 -0.833956 1.33027 1.33938 1.33968 1.32995 -0.194849 -0.196304 -0.19627 -0.19449
5.845 -1.7504 -1.7504 -1.7504 -1.7504 -1.07807 -1.07748 -1.07775 -1.07672 0.123847 0.120883 0.121044 0.124986 2.39366 2.3916 2.39119 2.39272
5.865 -1.43512 -1.43512 -1.43512 -1.43512 -1.11027 -1.10848 -1.10835 -1.11031 -0.367904 -0.375583 -0.374847 -0.36829 3.5618 3.5612 3.56138 3.56154
5.885 -0.359149 -0.359149 -0.359149 -0.359149 -1.10656 -1.11402 -1.11363 -1.10726 0.84585 0.847501 0.847586 0.84517 2.39945 2.39825 2.39853 2.39997
5.905 -0.0191497 -0.0191497 -0.0191497 -0.0191497 0.433796 0.429946 0.429278 0.433443 1.6508 1.65557 1.65566 1.65069 0.528618 0.527929 0.528095 0.529102
5.925 0.414117 0.414117 0.414117 0.414117 2.30905 2.31713 2.31712 2.30942 1.18895 1.1872 1.18709 1.18877 -0.513212 -0.512264 -0.512196 -0.513196
5.945 1.18395 1.18395 1.18395 1.18395 2.21101 2.21812 2.21819 2.21107 0.61136 0.608936 0.609172 0.61032 -0.597006 -0.595675 -0.595555 -0.596874
5.965 1.5178 1.5178 1.5178 1.5178 0.598744 0.595596 0.595584 0.598669 0.34572 0.347906 0.347918 0.346179 -0.0743296 -0.0743201 -0.0743281 -0.0743134
5.985 0.294685 0.294685 0.294685 0.294685 -0.516401 -0.521092 -0.520662 -0.517087 -0.0588202 -0.0580937 -0.0580236 -0.0585765 0.652311 0.6519 0.652034 0.652486
6.005 0.410663 0.410663 0.410663 0.410663 -0.74111 -0.74512 -0.745153 -0.740964 -0.377879 -0.378292 -0.378291 -0.377945 0.941677 0.941359 0.941333 0.9417
6.025 0.247527 0.247527 0.247527 0.247527 -0.141548 -0.141904 -0.141935 -0.141564 -0.231584 -0.232704 -0.232734 -0.231627 0.44481 0.444873 0.444882 0.444819
6.045 0.240985 0.240985 0.240985 0.240985 0.612049 0.613381 0.613349 0.612003 0.288281 0.288573 0.288699 0.287985 -0.433231 -0.432991 -0.433054 -0.433333
6.065 -0.479926 -0.479926 -0.479926 -0.479926 0.803892 0.8073 0.807248 0.803806 0.600948 0.602056 0.602174 0.601162 -0.848604 -0.848415 -0.848497 -0.848725
6.085 -0.465166 -0.465166 -0.465166 -0.465166 0.108771 0.109357 0.109319 0.108704 0.302294 0.303497 0.303499 0.302337 -0.38722 -0.387318 -0.387312 -0.387217
6.105 -0.266583 -0.266583 -0.266583 -0.266583 -0.815825 -0.817518 -0.816522 -0.816292 -0.417367 -0.417954 -0.41783 -0.417502 0.465208 0.464865 0.464807 0.465135
6.125 0.490627 0.490627 0.490627 0.490627 -1.05981 -1.06334 -1.06155 -1.05838 -0.885857 -0.88671 -0.88681 -0.885711 0.756803 0.756446 0.756458 0.756693
6.145 0.578316 0.578316 0.578316 0.578316 -0.248108 -0.248481 -0.247906 -0.246628 -0.635737 -0.636878 -0.637017 -0.635928 0.0528989 0.053072 0.0530823 0.0528999
6.165 -0.178179 -0.178179 -0.178179 -0.178179 0.768851 0.772331 0.772448 0.768828 0.135368 0.135828 0.136346 0.13247 -1.04633 -1.04573 -1.04581 -1.04625
6.185 -1.32472 -1.32472 -1.32472 -1.32472 0.684833 0.689669 0.689348 0.684333 0.639058 0.640948 0.640742 0.639409 -1.40847 -1.40832 -1.40835 -1.40829
6.205 0.168644 0.168644 0.168644 0.168644 -0.4127 -0.417181 -0.417323 -0.412974 0.124676 0.12807 0.128321 0.125221 -0.520668 -0.521235 -0.52123 -0.520674
6.225 0.443075 0.443075 0.443075 0.443075 -0.755612 -0.757089 -0.75672 -0.755245 -1.00763 -1.00977 -1.00973 -1.00753 0.71849 0.718537 0.718654 0.718566
6.245 -0.0672647 -0.0672647 -0.0672647 -0.0672647 -0.589293 -0.587528 -0.58753 -0.589144 -1.05095 -1.05504 -1.05503 -1.0509 0.824982 0.825414 0.825426 0.825114
6.265 -0.525432 -0.525432 -0.525432 -0.525432 -0.429703 -0.431344 -0.431435 -0.429697 0.106682 0.1084 0.108486 0.106661 -0.204119 -0.204491 -0.204508 -0.204131
6.285 -0.572988 -0.572988 -0.572988 -0.572988 0.0707743 0.069286 0.0692734 0.0707429 0.699941 0.703848 0.704057 0.699897 -0.928024 -0.928434 -0.92858 -0.928086
6.305 -0.432438 -0.432438 -0.432438 -0.432438 0.526684 0.530717 0.530651 0.52664 0.103439 0.102566 0.102525 0.103314 -0.606615 -0.606181 -0.60615 -0.606566
6.325 0.616276 0.616276 0.616276 0.616276 0.168668 0.169889 0.169819 0.168564 -0.523464 -0.52576 -0.525797 -0.523516 0.071608 0.0720943 0.0721212 0.0716625
6.345 0.556378 0.556378 0.556378 0.556378 -0.294587 -0.296364 -0.296365 -0.294588 -0.438454 -0.439204 -0.43925 -0.438528 0.30682 0.306871 0.306924 0.306876
6.365 -0.776737 -0.776737 -0.776737 -0.776737 -0.347738 -0.347424 -0.347415 -0.3477 0.0612584 0.0619863 0.0617543 0.0614052 0.0887117 0.0885038 0.0884898 0.0886987
6.385 -0.283855 -0.283855 -0.283855 -0.283855 -0.338012 -0.34084 -0.340826 -0.337983 0.316589 0.319153 0.319119 0.316519 -0.0882722 -0.0888 -0.0888148 -0.0883047
6.405 1.31387 1.31387 1.31387 1.31387 0.193439 0.190059 0.190081 0.193515 -0.0255999 -0.0246962 -0.0246945 -0.0256423 0.0267724 0.0267385 0.0267317 0.0267576
6.425 0.974196 0.974196 0.974196 0.974196 1.1268 1.13103 1.13131 1.12643 -0.203459 -0.207354 -0.207356 -0.203462 0.068562 0.0695602 0.069558 0.0685583
6.445 0.501205 0.501205 0.501205 0.501205 1.11741 1.12064 1.12136 1.11884 0.532198 0.531343 0.531312 0.532057 -0.136079 -0.135597 -0.135586 -0.136053
6.465 0.65808 0.65808 0.65808 0.65808 0.49786 0.49393 0.494833 0.499033 1.19392 1.1981 1.1984 1.19417 0.0658828 0.065335 0.0652675 0.0658966
6.485 0.259105 0.259105 0.259105 0.259105 0.433981 0.433803 0.433348 0.434037 0.8376 0.837912 0.838473 0.838156 0.991674 0.991332 0.991117 0.991424
6.505 0.866548 0.866548 0.866548 0.866548 0.552316 0.552892 0.553077 0.551857 0.399615 0.396855 0.396599 0.400591 1.79767 1.79813 1.79797 1.79756
6.525 0.176958 0.176958 0.176958 0.176958 0.610182 0.611886 0.611906 0.609933 0.824178 0.822193 0.822382 0.824683 1.72056 1.72042 1.72031 1.72013
6.545 -1.05813 -1.05813 -1.05813 -1.05813 0.373527 0.374447 0.374412 0.373521 1.59268 1.59445 1.59439 1.59242 1.15331 1.1526 1.15256 1.15322
6.565 -1.34553 -1.34553 -1.34553 -1.34553 -0.0840573 -0.0846763 -0.0846486 -0.0840196 1.45985 1.4627 1.46259 1.4596 0.977955 0.977035 0.977049 0.977997
6.585 -0.447737 -0.447737 -0.447737 -0.447737 -0.345903 -0.346379 -0.346285 -0.346035 0.281247 0.2807 0.280692 0.281233 1.18018 1.17982 1.17984 1.18022
6.605 -0.295692 -0.295692 -0.295692 -0.295692 -0.42854 -0.428029 -0.427523 -0.429516 -0.67752 -0.681277 -0.681318 -0.677678 0.828649 0.828899 0.828914 0.828662
6.625 -0.26081 -0.26081 -0.26081 -0.26081 -0.664155 -0.662467 -0.670081 -0.664683 -0.679942 -0.680517 -0.680615 -0.679715 -0.4499 -0.449746 -0.449791 -0.449872
6.645 0.200413 0.200413 0.200413 0.200413 -0.566734 -0.570068 -0.570533 -0.566025 -0.638377 -0.63352 -0.633961 -0.638373 -1.81378 -1.81378 -1.81387 -1.81375
6.665 0.980708 0.980708 0.980708 0.980708 0.0842067 0.0838282 0.0860755 0.0829946 -1.24836 -1.24847 -1.24802 -1.2475 -2.44058 -2.43977 -2.43951 -2.44004
6.685 1.31024 1.31024 1.31024 1.31024 0.558117 0.562442 0.562129 0.55928 -1.74652 -1.75034 -1.74985 -1.747 -2.45277 -2.45126 -2.45136 -2.45289
6.705 0.663188 0.663188 0.663188 0.663188 0.186566 0.188442 0.188324 0.186615 -1.34689 -1.34824 -1.34826 -1.34754 -2.20576 -2.20483 -2.20486 -2.20584
6.725 -0.127477 -0.127477 -0.127477 -0.127477 -0.64344 -0.646578 -0.646654 -0.643683 -0.625497 -0.622665 -0.62274 -0.62543 -1.52974 -1.52994 -1.52998 -1.52984
6.745 -1.53957 -1.53957 -1.53957 -1.53957 -1.05121 -1.05137 -1.05125 -1.05133 -0.457426 -0.457102 -0.456772 -0.45688 -0.314301 -0.314647 -0.314631 -0.314326
6.765 -0.839297 -0.839297 -0.839297 -0.839297 -1.39431 -1.39714 -1.39689 -1.39473 -0.500474 -0.502709 -0.50228 -0.502437 0.812809 0.812318 0.812786 0.8133
6.785 1.67335 1.67335 1.67335 1.67335 -0.643402 -0.650258 -0.650559 -0.643275 -0.372079 -0.370943 -0.37374 -0.372615 1.17077 1.16987 1.17024 1.17068
6.805 -0.730983 -0.730983 -0.730983 -0.730983 1.29014 1.30316 1.30351 1.29271 0.379922 0.3753 0.375221 0.380259 0.608749 0.609714 0.609812 0.608893
6.825 -0.971297 -0.971297 -0.971297 -0.971297 1.35081 1.35262 1.35303 1.34927 1.82347 1.82587 1.82581 1.82326 -0.0795578 -0.0796027 -0.0796252 -0.079412
6.845 1.742 1.742 1.742 1.742 0.565281 0.55421 0.55409 0.564039 1.97595 1.98395 1.98362 1.97545 0.482772 0.481568 0.481811 0.483234
6.865 0.940277 0.940277 0.940277 0.940277 1.20023 1.20547 1.20523 1.20009 0.561643 0.556973 0.557261 0.560076 1.97902 1.97976 1.9795 1.97905
6.885 -0.654348 -0.654348 -0.654348 -0.654348 1.02677 1.03721 1.03716 1.02673 0.42943 0.421487 0.420892 0.428989 2.48073 2.48179 2.48197 2.4813
6.905 -0.180928 -0.180928 -0.180928 -0.180928 -0.54782 -0.556347 -0.556559 -0.547898 1.7474 1.75328 1.75335 1.74745 1.73311 1.73147 1.73161 1.73338
6.925 -0.927526 -0.927526 -0.927526 -0.927526 -0.589771 -0.595804 -0.59593 -0.590111 1.639 1.64464 1.64484 1.63939 1.2159 1.21436 1.21438 1.21595
6.945 -0.0242006 -0.0242006 -0.0242006 -0.0242006 0.567924 0.572627 0.572667 0.567656 0.109718 0.105843 0.105928 0.109995 1.08458 1.08505 1.08501 1.08447
6.965 -0.476915 -0.476915 -0.476915 -0.476915 0.811383 0.821164 0.821219 0.811768 -0.47972 -0.485392 -0.485689 -0.479497 0.287324 0.288382 0.288397 0.287184
6.985 -1.82903 -1.82903 -1.82903 -1.82903 -0.703964 -0.705239 -0.705343 -0.707794 0.108273 0.111306 0.111612 0.108048 -1.01737 -1.0182 -1.01777 -1.01697
7.005 -0.780233 -0.780233 -0.780233 -0.780233 -2.1136 -2.12228 -2.12469 -2.11468 -0.443858 -0.436728 -0.436014 -0.443393 -1.52269 -1.52414 -1.52416 -1.52238
7.025 0.0590464 0.0590464 0.0590464 0.0590464 -1.51117 -1.52124 -1.52617 -1.53055 -2.54136 -2.54405 -2.54517 -2.54212 -1.31009 -1.30934 -1.30923 -1.30982
7.045 -0.861838 -0.861838 -0.861838 -0.861838 -0.744979 -0.734375 -0.736172 -0.745396 -3.31812 -3.32825 -3.33066 -3.32093 -1.99435 -1.99231 -1.99226 -1.99427
7.065 -1.26388 -1.26388 -1.26388 -1.26388 -1.56491 -1.56444 -1.56477 -1.56413 -1.98193 -1.98037 -1.98261 -1.98683 -3.60651 -3.60661 -3.60697 -3.60726
7.085 0.292621 0.292621 0.292621 0.292621 -2.05127 -2.06335 -2.06245 -2.04802 -1.4857 -1.47582 -1.47398 -1.48423 -4.16055 -4.16161 -4.16157 -4.16058
7.105 1.72718 1.72718 1.72718 1.72718 -0.384039 -0.384383 -0.383831 -0.384727 -2.85297 -2.85533 -2.85429 -2.85019 -3.08122 -3.07964 -3.07968 -3.08124
7.125 1.25353 1.25353 1.25353 1.25353 1.07716 1.08958 1.08877 1.07522 -2.89123 -2.90204 -2.90152 -2.89028 -2.13103 -2.12817 -2.12819 -2.13102
7.145 0.198875 0.198875 0.198875 0.198875 0.314144 0.314237 0.313967 0.312821 -0.327705 -0.325935 -0.325958 -0.327777 -1.89097 -1.89073 -1.89083 -1.89123
7.165 -0.944837 -0.944837 -0.944837 -0.944837 -0.734498 -0.732328 -0.731905 -0.730748 1.56469 1.57825 1.57712 1.56842 -0.654438 -0.655862 -0.655715 -0.65393
7.185 -0.35764 -0.35764 -0.35764 -0.35764 -0.309916 -0.301384 -0.294162 -0.305683 0.953393 0.949345 0.954611 0.961707 2.05427 2.05355 2.05207 2.05029
7.205 0.245435 0.245435 0.245435 0.245435 0.564006 0.568566 0.566282 0.559067 0.416287 0.410487 0.406867 0.411539 4.04735 4.04561 4.04498 4.04332
7.225 0.479523 0.479523 0.479523 0.479523 0.826067 0.824198 0.82738 0.829787 1.96281 1.96561 1.96953 1.96964 3.79411 3.79284 3.79233 3.79238
7.245 0.00166854 0.00166854 0.00166854 0.00166854 1.40556 1.39433 1.39468 1.4028 3.73948 3.74509 3.74587 3.73864 2.61807 2.61722 2.61755 2.6196
7.265 -1.03357 -1.03357 -1.03357 -1.03357 2.25482 2.25902 2.25822 2.25048 3.63676 3.63856 3.63772 3.63576 2.36008 2.35938 2.35959 2.36039
7.285 -0.375593 -0.375593 -0.375593 -0.375593 1.79485 1.80365 1.80096 1.79278 2.31618 2.31333 2.31272 2.3151 2.94392 2.94411 2.94447 2.94468
7.305 -0.200282 -0.200282 -0.200282 -0.200282 0.0606323 0.0601154 0.0601379 0.0596922 1.24383 1.24235 1.24241 1.24389 3.1203 3.11954 3.11935 3.11991
7.325 0.508734 0.508734 0.508734 0.508734 -1.09973 -1.10945 -1.10883 -1.1003 0.517561 0.519594 0.519683 0.517394 2.2154 2.2142 2.21435 2.21572
7.345 1.067 1.067 1.067 1.067 -0.268421 -0.268261 -0.268924 -0.260594 -0.30437 -0.304091 -0.304155 -0.30493 0.402014 0.402044 0.401904 0.402189
7.365 0.769983 0.769983 0.769983 0.769983 1.25743 1.26769 1.26928 1.26672 -0.755132 -0.759751 -0.763319 -0.757636 -1.80471 -1.80305 -1.80296 -1.80514
7.385 0.338085 0.338085 0.338085 0.338085 1.2407 1.24088 1.24193 1.24108 -0.632475 -0.63271 -0.632866 -0.639576 -3.44802 -3.4461 -3.44573 -3.44669
7.405 0.173179 0.173179 0.173179 0.173179 -0.276466 -0.277231 -0.275921 -0.277514 -0.989467 -0.985159 -0.98478 -0.987976 -3.46549 -3.46479 -3.46427 -3.46425
7.425 -0.426495 -0.426495 -0.426495 -0.426495 -1.7684 -1.77085 -1.77221 -1.77051 -2.28514 -2.28449 -2.28354 -2.28269 -2.07673 -2.07661 -2.07656 -2.07666
7.445 0.217839 0.217839 0.217839 0.217839 -2.46813 -2.47303 -2.4738 -2.4694 -3.18873 -3.19152 -3.19116 -3.18821 -0.951101 -0.950846 -0.950877 -0.951151
7.465 0.917208 0.917208 0.917208 0.917208 -1.76911 -1.77466 -1.77459 -1.76928 -2.60967 -2.61096 -2.61109 -2.60999 -1.27555 -1.27535 -1.27543 -1.27572
7.485 0.913858 0.913858 0.913858 0.913858 0.161875 0.161163 0.16152 0.162261 -1.03992 -1.03881 -1.0389 -1.04008 -2.40979 -2.40915 -2.40926 -2.40993
7.505 0.445669 0.445669 0.445669 0.445669 1.8763 1.88694 1.88588 1.88032 0.361267 0.362949 0.363414 0.362645 -2.7047 -2.70373 -2.70378 -2.70492
7.525 -0.600971 -0.600971 -0.600971 -0.600971 1.73093 1.73342 1.73528 1.73186 1.03174 1.03096 1.03127 1.03179 -1.20821 -1.20726 -1.20709 -1.20769
7.545 -1.00094 -1.00094 -1.00094 -1.00094 -0.221121 -0.22769 -0.228837 -0.222445 1.0184 1.03227 1.02097 1.02001 1.5469 1.5476 1.54631 1.54714
7.565 -0.476194 -0.476194 -0.476194 -0.476194 -1.81255 -1.82731 -1.82331 -1.81238 0.6677 0.670463 0.663402 0.661421 3.97081 3.96957 3.97056 3.97185
7.585 -0.0571773 -0.0571773 -0.0571773 -0.0571773 -1.17208 -1.17536 -1.17435 -1.16834 0.66916 0.666811 0.667925 0.669923 4.47555 4.47492 4.47725 4.47931
7.605 -0.319695 -0.319695 -0.319695 -0.319695 0.975941 0.980188 0.980152 0.976083 1.645 1.64291 1.64399 1.64701 2.81867 2.81882 2.81984 2.8201
7.625 -0.510864 -0.510864 -0.510864 -0.510864 2.42757 2.43348 2.43323 2.4263 2.88798 2.88989 2.89015 2.88833 0.61456 0.614593 0.614351 0.614468
7.645 -0.309398 -0.309398 -0.309398 -0.309398 2.22502 2.22861 2.22858 2.22409 2.73757 2.74125 2.74087 2.737 -0.0776845 -0.0778593 -0.0780344 -0.0780554
7.665 -0.297823 -0.297823 -0.297823 -0.297823 0.712626 0.714812 0.715259 0.712416 0.962964 0.962131 0.961881 0.962492 0.946547 0.946427 0.946369 0.946355
7.685 -1.09439 -1.09439 -1.09439 -1.09439 -1.42092 -1.41662 -1.41802 -1.41481 -0.789612 -0.794046 -0.794296 -0.790926 1.88706 1.88697 1.88693 1.88727
7.705 -1.74445 -1.74445 -1.74445 -1.74445 -3.0204 -3.02588 -3.02394 -3.01087 -1.43705 -1.43859 -1.43967 -1.43989 1.18323 1.18219 1.18257 1.18401
7.725 -0.904596 -0.904596 -0.904596 -0.904596 -2.79369 -2.80552 -2.80394 -2.79684 -1.7024 -1.69585 -1.70031 -1.70359 -0.96857 -0.970296 -0.969488 -0.968232
7.745 0.074599 0.074599 0.074599 0.074599 -0.674678 -0.671668 -0.67253 -0.673 -2.31615 -2.31751 -2.32212 -2.32367 -3.43122 -3.43278 -3.43068 -3.43038
7.765 1.3037 1.3037 1.3037 1.3037 0.947948 0.959749 0.967917 0.953033 -2.59297 -2.57985 -2.56848 -2.55623 -5.2698 -5.2645 -5.26496 -5.26812
7.785 2.3703 2.3703 2.3703 2.3703 0.958689 0.957897 0.958859 0.953495 -2.36636 -2.36601 -2.36227 -2.36517 -5.66928 -5.66762 -5.66988 -5.67249
7.805 2.0419 2.0419 2.0419 2.0419 0.212783 0.208322 0.205684 0.209362 -2.19093 -2.19127 -2.1955 -2.19728 -4.3009 -4.30075 -4.30107 -4.30254
7.825 1.31024 1.31024 1.31024 1.31024 -0.505868 -0.508929 -0.509103 -0.507012 -1.90314 -1.90525 -1.90646 -1.90582 -1.87999 -1.8793 -1.87947 -1.88014
7.845 0.141664 0.141664 0.141664 0.141664 -0.784834 -0.776724 -0.77721 -0.7801 -0.902854 -0.902801 -0.900191 -0.895722 0.361227 0.360979 0.361079 0.360288
7.865 -1.00835 -1.00835 -1.00835 -1.00835 -0.541628 -0.563991 -0.581767 -0.541143 0.767729 0.780285 0.774226 0.770815 1.81086 1.80466 1.80488 1.808
7.885 -1.64299 -1.64299 -1.64299 -1.64299 0.124969 0.111995 0.103608 0.116623 2.2374 2.23936 2.22964 2.22195 2.74484 2.74402 2.74348 2.74506
7.905 -1.68062 -1.68062 -1.68062 -1.68062 0.627708 0.626697 0.626979 0.621767 2.87332 2.87088 2.86921 2.86264 3.53298 3.5324 3.53303 3.5344
7.925 -0.577448 -0.577448 -0.577448 -0.577448 0.727932 0.727416 0.728835 0.729308 2.75231 2.75642 2.7599 2.76031 4.06164 4.0603 4.0604 4.06196
7.945 2.13721 2.13721 2.13721 2.13721 1.26929 1.26545 1.26595 1.27075 2.2977 2.29977 2.30191 2.30347 3.91657 3.91593 3.91618 3.91708
7.965 1.67405 1.67405 1.67405 1.67405 2.57185 2.57702 2.57688 2.57145 2.16375 2.15987 2.15993 2.16358 2.85551 2.85587 2.85559 2.8549
7.985 1.14889 1.14889 1.14889 1.14889 2.85263 2.85718 2.8569 2.85164 2.67405 2.6738 2.67309 2.67263 1.39896 1.39925 1.39922 1.39884
8.005 -0.439269 -0.439269 -0.439269 -0.439269 1.72622 1.72839 1.72831 1.72538 2.64459 2.64801 2.64763 2.64419 0.771134 0.770678 0.77065 0.771107
8.025 -1.9068 -1.9068 -1.9068 -1.9068 -0.286725 -0.282256 -0.282913 -0.284651 1.20516 1.20606 1.2059 1.20564 1.33584 1.33509 1.3352 1.33606
8.045 -1.23028 -1.23028 -1.23028 -1.23028 -2.13971 -2.15217 -2.15531 -2.1428 -0.876498 -0.87731 -0.876759 -0.874976 1.83816 1.83724 1.83723 1.83809
8.065 -2.22428 -2.22428 -2.22428 -2.22428 -3.04541 -3.05536 -3.05036 -3.03533 -2.13852 -2.15311 -2.14544 -2.14087 0.705832 0.706768 0.707146 0.706807
8.085 -0.664115 -0.664115 -0.664115 -0.664115 -2.95476 -2.96557 -2.96104 -2.95276 -2.45954 -2.46678 -2.45599 -2.4587 -2.05752 -2.05762 -2.05627 -2.05621
8.105 2.46309 2.46309 2.46309 2.46309 -0.832123 -0.832795 -0.819412 -0.791956 -3.0105 -3.00172 -3.00105 -3.00269 -4.95597 -4.95454 -4.95472 -4.95471
8.125 2.32158 2.32158 2.32158 2.32158 1.79574 1.80348 1.81507 1.78113 -3.32686 -3.33534 -3.33639 -3.34668 -6.72251 -6.71576 -6.71409 -6.71341
8.145 2.69593 2.69593 2.69593 2.69593 2.1318 2.12632 2.10959 2.0959 -2.8553 -2.83437 -2.82433 -2.81002 -6.76634 -6.76561 -6.76614 -6.76945
8.165 0.423332 0.423332 0.423332 0.423332 0.0497328 0.051205 0.0450203 0.0416762 -1.81173 -1.81048 -1.80339 -1.80726 -4.77417 -4.77326 -4.77438 -4.77649
8.185 -0.749881 -0.749881 -0.749881 -0.749881 -2.24757 -2.25379 -2.25138 -2.24405 -1.46295 -1.46158 -1.4658 -1.46631 -1.1686 -1.16935 -1.17038 -1.1703
8.205 -2.33678 -2.33678 -2.33678 -2.33678 -3.14315 -3.13676 -3.13674 -3.13072 -1.38689 -1.39876 -1.38692 -1.40316 2.17535 2.17228 2.17527 2.17607
8.225 -0.0337306 -0.0337306 -0.0337306 -0.0337306 -2.20496 -2.24929 -2.2477 -2.23226 -0.394024 -0.388503 -0.384854 -0.377162 3.40119 3.39997 3.40064 3.40417
8.245 -0.499232 -0.499232 -0.499232 -0.499232 0.547689 0.559264 0.545992 0.549553 1.55299 1.54762 1.54881 1.54968 2.48568 2.48747 2.49092 2.49294
8.265 0.774965 0.774965 0.774965 0.774965 3.35527 3.36009 3.36406 3.36278 3.40053 3.40114 3.40227 3.40185 1.19269 1.19299 1.19284 1.19236
8.285 1.70093 1.70093 1.70093 1.70093 4.20692 4.20979 4.21903 4.21098 4.11883 4.12248 4.12449 4.12293 1.33522 1.33552 1.33544 1.33512
8.305 1.18098 1.18098 1.18098 1.18098 3.42465 3.43416 3.4357 3.4179 3.55936 3.55539 3.5564 3.55885 3.14527 3.1453 3.14433 3.1433
8.325 -0.785455 -0.785455 -0.785455 -0.785455 1.26103 1.27328 1.27093 1.26957 2.87148 2.87044 2.88101 2.88983 5.11243 5.10699 5.10971 5.10817
8.345 -2.02531 -2.02531 -2.02531 -2.02531 -1.37572 -1.38395 -1.382 -1.37734 2.65128 2.65446 2.6526 2.64192 5.77009 5.76692 5.76415 5.7678
8.365 -1.93869 -1.93869 -1.93869 -1.93869 -2.21258 -2.2226 -2.22277 -2.21484 1.86869 1.87085 1.86657 1.86121 4.80835 4.80623 4.80733 4.81016
8.385 -1.82228 -1.82228 -1.82228 -1.82228 -0.971244 -0.951045 -0.950902 -0.952011 0.428285 0.434586 0.435469 0.435749 2.35058 2.3499 2.34973 2.35012
8.405 0.454811 0.454811 0.454811 0.454811 0.380416 0.312078 0.32833 0.338857 -0.623155 -0.622656 -0.626972 -0.653053 -1.10839 -1.10944 -1.10908 -1.10896
8.425 1.31691 1.31691 1.31691 1.31691 0.976019 0.994163 0.973234 0.968163 -1.37813 -1.37471 -1.38433 -1.38849 -4.2535 -4.25318 -4.25444 -4.25461
8.445 -0.129749 -0.129749 -0.129749 -0.129749 0.475241 0.493429 0.494609 0.481033 -2.42723 -2.42734 -2.42311 -2.41969 -5.76811 -5.76542 -5.76637 -5.7656
8.465 -0.572017 -0.572017 -0.572017 -0.572017 -1.41346 -1.37785 -1.33399 -1.27927 -3.64577 -3.64355 -3.63445 -3.62724 -5.46403 -5.46441 -5.46653 -5.46973
8.485 0.627313 0.627313 0.627313 0.627313 -2.99707 -3.01957 -3.01613 -3.043 -4.61696 -4.61796 -4.61814 -4.61946 -4.28802 -4.28714 -4.28685 -4.28727
8.505 1.57462 1.57462 1.57462 1.57462 -3.65041 -3.64634 -3.66497 -3.61703 -4.76518 -4.76497 -4.76656 -4.76659 -3.48213 -3.48271 -3.48419 -3.48541
8.525 1.80983 1.80983 1.80983 1.80983 -1.84396 -1.86354 -1.85485 -1.8636 -3.88712 -3.88941 -3.89204 -3.89369 -3.55603 -3.55418 -3.5524 -3.55217
8.545 2.07016 2.07016 2.07016 2.07016 0.973053 0.973209 0.972054 0.962795 -1.94865 -1.95122 -1.95151 -1.95176 -3.9178 -3.91662 -3.91793 -3.9205
8.565 0.594931 0.594931 0.594931 0.594931 2.87622 2.92155 2.92223 2.88705 0.399415 0.401346 0.402673 0.404992 -3.2107 -3.20907 -3.20815 -3.2093
8.585 -1.62984 -1.62984 -1.62984 -1.62984 2.16335 2.20187 2.18852 2.29293 2.26522 2.27408 2.27056 2.29449 -0.452983 -0.450058 -0.449197 -0.450342
8.605 -2.06253 -2.06253 -2.06253 -2.06253 -0.595389 -0.604693 -0.59995 -0.609254 2.86541 2.87966 2.89155 2.86111 3.91954 3.91396 3.91374 3.91376
8.625 -2.10611 -2.10611 -2.10611 -2.10611 -2.16905 -2.17967 -2.19165 -2.19688 2.12743 2.14073 2.18783 2.18498 7.66652 7.66514 7.65903 7.67401
8.645 -1.01571 -1.01571 -1.01571 -1.01571 -1.38666 -1.4584 -1.43839 -1.42536 2.0955 2.08919 2.08628 2.08337 8.27651 8.26798 8.26379 8.26376
8.665 -0.791538 -0.791538 -0.791538 -0.791538 1.04617 1.02343 1.03683 1.0365 3.4155 3.41346 3.39348 3.38518 5.52658 5.52208 5.51851 5.51805
8.685 -1.76916 -1.76916 -1.76916 -1.76916 3.21373 3.22714 3.22634 3.21447 4.57911 4.5783 4.57229 4.56579 1.84385 1.84364 1.84339 1.8438
8.705 -0.94922 -0.94922 -0.94922 -0.94922 2.99714 3.00362 3.00437 2.99834 3.73305 3.74564 3.74764 3.7449 0.0369207 0.0340125 0.0353373 0.0369883
8.725 0.799654 0.799654 0.799654 0.799654 0.752487 0.818295 0.820325 0.823137 0.807665 0.809702 0.807557 0.810254 0.476282 0.47553 0.475052 0.475388
8.745 3.36813 3.36813 3.36813 3.36813 -0.924575 -0.933183 -0.977896 -1.01856 -2.14935 -2.17947 -2.17677 -2.17784 0.968682 0.969875 0.971855 0.973255
8.765 0.90994 0.90994 0.90994 0.90994 -0.937941 -0.93679 -0.965692 -0.969159 -2.92131 -2.93632 -2.93439 -2.92866 -0.586536 -0.582695 -0.581154 -0.58435
8.785 0.604839 0.604839 0.604839 0.604839 -0.923098 -0.927299 -0.917562 -0.910233 -1.56298 -1.55877 -1.56765 -1.58205 -3.61619 -3.61992 -3.61233 -3.60709
8.805 -2.3925 -2.3925 -2.3925 -2.3925 -0.620109 -0.611304 -0.600499 -0.59539 -1.14605 -1.13917 -1.13803 -1.1461 -5.31222 -5.31349 -5.31786 -5.32177
8.825 -2.81384 -2.81384 -2.81384 -2.81384 -1.37261 -1.36464 -1.36414 -1.37011 -2.58385 -2.5855 -2.58574 -2.58629 -4.5184 -4.51586 -4.51462 -4.51451
8.845 -2.82493 -2.82493 -2.82493 -2.82493 -3.65789 -3.65682 -3.658 -3.66229 -4.20612 -4.20964 -4.20868 -4.20363 -2.73672 -2.73728 -2.7387 -2.74005
8.865 1.72271 1.72271 1.72271 1.72271 -4.85378 -4.87392 -4.87773 -4.87722 -4.83493 -4.83384 -4.83443 -4.83165 -1.98289 -1.98291 -1.98203 -1.98135
8.885 3.25683 3.25683 3.25683 3.25683 -2.21066 -2.2231 -2.22295 -2.22269 -4.2897 -4.29197 -4.2922 -4.29104 -2.97772 -2.97723 -2.97801 -2.97911
8.905 0.566212 0.566212 0.566212 0.566212 2.04141 2.05711 2.0592 2.04279 -2.17047 -2.17951 -2.1809 -2.17708 -4.83684 -4.83354 -4.83344 -4.8362
8.925 0.790968 0.790968 0.790968 0.790968 3.41469 3.43955 3.44347 3.45519 0.752026 0.750491 0.748762 0.744247 -5.21443 -5.21211 -5.21148 -5.21352
8.945 1.6305 1.6305 1.6305 1.6305 2.19998 2.18114 2.18298 2.20214 1.92022 1.99332 1.98977 1.95678 -2.11266 -2.11001 -2.10662 -2.10441
8.965 1.80487 1.80487 1.80487 1.80487 0.882096 0.888222 0.88003 0.869668 1.22553 1.23366 1.24168 1.27325 3.24801 3.25158 3.25238 3.24825
8.985 -1.15061 -1.15061 -1.15061 -1.15061 0.00355153 0.00916053 0.0117624 0.0169361 1.57038 1.55351 1.56007 1.56594 7.22175 7.22274 7.2184 7.2173
9.005 -0.825698 -0.825698 -0.825698 -0.825698 -0.460735 -0.616832 -0.510766 -0.533202 3.56812 3.6146 3.64792 3.63312 7.9001 7.89402 7.89832 7.90758
9.025 -2.06721 -2.06721 -2.06721 -2.06721 0.168832 0.0886872 0.111729 0.134317 5.41942 5.4726 5.52739 5.52988 6.44183 6.43562 6.43468 6.44093
9.045 -1.33425 -1.33425 -1.33425 -1.33425 2.17237 2.25494 2.29109 2.37446 5.50512 5.50826 5.51884 5.50493 4.84012 4.83853 4.83768 4.8405
9.065 0.233937 0.233937 0.233937 0.233937 4.23862 4.24034 4.25931 4.22502 3.83067 3.80995 3.79341 3.79382 3.86214 3.86253 3.85986 3.85685
9.085 1.04209 1.04209 1.04209 1.04209 3.48641 3.47813 3.45656 3.42814 2.70648 2.6946 2.68565 2.68882 2.79407 2.79663 2.79887 2.7988
9.105 0.386741 0.386741 0.386741 0.386741 0.823179 0.811207 0.801671 0.79964 2.12809 2.14051 2.1429 2.13984 1.64466 1.64298 1.64183 1.64337
9.125 -0.581276 -0.581276 -0.581276 -0.581276 -1.34816 -1.42296 -1.43264 -1.28121 0.610252 0.623211 0.63768 0.630222 0.885457 0.884634 0.886285 0.887169
9.145 -0.532752 -0.532752 -0.532752 -0.532752 -2.02605 -1.83138 -1.86851 -1.79793 -1.94007 -1.9227 -1.88593 -1.96133 0.065854 0.0630482 0.0640082 0.0656559
9.165 0.189495 0.189495 0.189495 0.189495 -1.49558 -1.49263 -1.51762 -1.56595 -3.47609 -3.48112 -3.48135 -3.4642 -1.9955 -1.99663 -2.00218 -2.0122
9.185 0.450763 0.450763 0.450763 0.450763 -1.26572 -1.29668 -1.31857 -1.33163 -3.283 -3.28519 -3.28241 -3.27401 -5.06287 -5.05955 -5.05561 -5.0539
9.205 0.24014 0.24014 0.24014 0.24014 -1.10959 -1.12504 -1.13353 -1.12215 -3.12651 -3.10201 -3.0959 -3.0823 -7.06958 -7.06672 -7.06514 -7.06517
9.225 0.379386 0.379386 0.379386 0.379386 -0.987978 -1.0455 -1.09015 -1.1472 -3.92058 -3.93778 -3.96446 -3.94944 -6.77687 -6.77583 -6.77737 -6.78319
9.245 1.49017 1.49017 1.49017 1.49017 -1.3928 -1.38738 -1.36685 -1.35828 -4.90018 -4.92356 -4.9393 -4.93558 -5.06658 -5.06414 -5.06498 -5.06814
9.265 2.64153 2.64153 2.64153 2.64153 -1.74181 -1.74354 -1.71861 -1.71165 -4.20792 -4.21475 -4.21705 -4.21683 -3.58335 -3.58252 -3.5835 -3.58529
9.285 2.61306 2.61306 2.61306 2.61306 -0.686321 -0.695463 -0.693571 -0.691508 -2.14032 -2.13828 -2.13769 -2.14002 -2.64921 -2.64811 -2.64707 -2.64694
9.305 -0.610661 -0.610661 -0.610661 -0.610661 1.08758 1.44865 1.43246 1.3272 0.121977 0.194789 0.205086 0.190929 -1.4681 -1.46741 -1.46548 -1.46599
9.325 -0.484899 -0.484899 -0.484899 -0.484899 1.64868 1.78773 1.86479 1.85112 2.16943 2.16758 2.15441 2.16444 0.665996 0.664095 0.668214 0.676257
9.345 -1.40326 -1.40326 -1.40326 -1.40326 1.01321 1.00679 1.02943 0.973785 3.26507 3.25587 3.23116 3.21754 3.70891 3.70223 3.69581 3.69443
9.365 -1.4738 -1.4738 -1.4738 -1.4738 0.0650899 0.0366964 0.00929824 -0.00850047 3.58679 3.57907 3.57235 3.56704 6.53925 6.53891 6.5409 6.54381
9.385 -1.37568 -1.37568 -1.37568 -1.37568 -0.0833957 -0.102021 -0.111873 -0.114783 3.78679 3.78463 3.78964 3.78993 7.77594 7.7726 7.7706 7.77167
9.405 0.364455 0.364455 0.364455 0.364455 1.0352 1.02387 1.0275 1.03154 4.18238 4.18167 4.18322 4.18114 6.87301 6.87103 6.87101 6.87283
9.425 1.70698 1.70698 1.70698 1.70698 3.21251 3.20949 3.21249 3.20961 4.40965 4.40923 4.40829 4.40646 4.63124 4.63031 4.63006 4.63075
9.445 0.5406 0.5406 0.5406 0.5406 4.73256 4.73732 4.73602 4.71622 4.25175 4.24972 4.24884 4.25189 2.41374 2.41484 2.41497 2.41422
9.465 -0.848423 -0.848423 -0.848423 -0.848423 3.42515 3.42571 3.42373 3.40464 3.59741 3.59835 3.59829 3.59943 1.32661 1.32679 1.32635 1.32566
9.485 -0.596776 -0.596776 -0.596776 -0.596776 -0.0588615 -0.0699783 -0.0701525 -0.0681655 1.85963 1.85811 1.85911 1.85214 1.60619 1.60481 1.60508 1.60669
9.505 -1.23615 -1.23615 -1.23615 -1.23615 -3.003 -3.00388 -2.98194 -3.06957 -0.894127 -0.898764 -0.885286 -0.885024 2.0686 2.06857 2.06814 2.06793
9.525 -2.55907 -2.55907 -2.55907 -2.55907 -3.68657 -3.80056 -3.70251 -3.62781 -3.22519 -3.2828 -3.24081 -3.25055 0.793692 0.79979 0.799715 0.794467
9.545 -1.10616 -1.10616 -1.10616 -1.10616 -3.48634 -3.4654 -3.41886 -3.3989 -3.79713 -3.80424 -3.80055 -3.77678 -2.86874 -2.87175 -2.87013 -2.87747
9.565 -1.12504 -1.12504 -1.12504 -1.12504 -2.18618 -1.96089 -2.03172 -1.73137 -3.85533 -3.84211 -3.82446 -3.80101 -7.0133 -7.01472 -7.02093 -7.0276
9.585 -0.344651 -0.344651 -0.344651 -0.344651 -0.886451 -0.915775 -1.0744 -1.09137 -3.83555 -3.87488 -3.99514 -4.04063 -8.98662 -8.98771 -8.98358 -8.97898
9.605 0.958253 0.958253 0.958253 0.958253 -0.66655 -0.762201 -0.861675 -0.533677 -5.15154 -5.17763 -5.20156 -5.14616 -8.37175 -8.36504 -8.37109 -8.37753
