0.005 0 0 0 0 6.92866e-05 6.94523e-05 6.94523e-05 6.92855e-05 7.09207e-05 7.08604e-05 7.08604e-05 7.09204e-05 7.06694e-05 7.06773e-05 7.06773e-05 7.06694e-05
0.025 0 0 0 0 0.000381419 0.000382354 0.000382349 0.000381398 0.00049151 0.0004913 0.000491297 0.000491503 0.000484195 0.000484174 0.000484172 0.00048419
0.045 0 0 0 0 0.000419214 0.000419566 0.00041955 0.000419155 0.000794075 0.000794289 0.000794279 0.000794045 0.000841445 0.000841249 0.000841247 0.000841441
0.065 0 0 0 0 0.000413924 0.000413953 0.000413923 0.000413823 0.000969464 0.000969645 0.000969632 0.000969418 0.00122949 0.00122916 0.00122914 0.00122945
0.085 0 0 0 0 0.000468673 0.00046908 0.000469052 0.000468579 0.00105329 0.00105297 0.00105295 0.0010532 0.00154054 0.0015402 0.00154019 0.00154049
0.105 0 0 0 0 0.000459708 0.000460034 0.000460007 0.000459611 0.00106059 0.00106031 0.00106029 0.0010605 0.00154797 0.00154762 0.00154761 0.00154792
0.125 0 0 0 0 0.00034089 0.000340679 0.00034065 0.000340788 0.000901088 0.000901313 0.000901297 0.000901036 0.00118935 0.001189 0.00118899 0.00118931
0.145 0 0 0 0 0.00026488 0.000264957 0.000264941 0.000264822 0.000576805 0.000576959 0.000576952 0.000576783 0.000678314 0.000678135 0.00067813 0.000678299
0.165 0 0 0 0 0.000159779 0.000160371 0.000160372 0.000159782 0.00014339 0.000143184 0.000143184 0.000143388 0.000122665 0.000122702 0.000122702 0.000122666
0.185 0 0 0 0 -9.55821e-05 -9.54439e-05 -9.54456e-05 -9.55883e-05 -0.000307911 -0.000307984 -0.000307985 -0.000307912 -0.000448143 -0.000448017 -0.000448017 -0.000448143
0.205 0 0 0 0 -0.000379382 -0.000379984 -0.000379984 -0.000379382 -0.00070835 -0.000708145 -0.000708146 -0.000708351 -0.00093279 -0.000932634 -0.000932634 -0.000932791
0.225 0 0 0 0 -0.000551948 -0.000552654 -0.000552653 -0.000551946 -0.00105377 -0.00105371 -0.00105371 -0.00105377 -0.00129078 -0.00129053 -0.00129053 -0.00129078
0.245 0 0 0 0 -0.000581701 -0.000582062 -0.000582062 -0.000581701 -0.00123936 -0.00123956 -0.00123956 -0.00123936 -0.00150747 -0.00150711 -0.00150711 -0.00150747
0.265 0 0 0 0 -0.000694082 -0.000694892 -0.000694892 -0.000694083 -0.00138353 -0.00138344 -0.00138344 -0.00138354 -0.00175335 -0.00175299 -0.00175299 -0.00175335
0.285 0 0 0 0 -0.000507368 -0.000507647 -0.000507647 -0.000507368 -0.00117561 -0.00117557 -0.00117557 -0.00117561 -0.00161359 -0.00161323 -0.00161323 -0.00161359
0.305 0 0 0 0 -0.000333338 -0.000333365 -0.000333394 -0.000333455 -0.000868168 -0.000868177 -0.000868214 -0.000868277 -0.00125989 -0.0012596 -0.00125963 -0.00125996
0.325 0 0 0 0 -0.000307787 -0.000308201 -0.000308186 -0.000307782 -0.000603576 -0.000603427 -0.000603442 -0.000603617 -0.000816521 -0.000816381 -0.000816393 -0.000816554
0.345 0 0 0 0 -0.000317282 -0.000318042 -0.000318037 -0.00031728 -0.00042592 -0.000425828 -0.000425827 -0.000425919 -0.000388803 -0.000388774 -0.000388771 -0.000388796
0.365 0 0 0 0 0.00011981 0.000120382 0.00012038 0.000119805 0.000139818 0.000139329 0.00013933 0.000139822 0.00032014 0.000320159 0.00032016 0.000320141
0.385 0 0 0 0 0.00041997 0.000420602 0.000420597 0.000419959 0.000747787 0.000747733 0.000747732 0.000747784 0.000872689 0.000872533 0.000872534 0.00087269
0.405 0 0 0 0 0.000462117 0.000461979 0.000461978 0.000462115 0.00109524 0.00109584 0.00109584 0.00109524 0.00122106 0.0012207 0.0012207 0.00122106
0.425 0 0 0 0 0.000432272 0.000432309 0.000432309 0.000432274 0.00105972 0.00105986 0.00105986 0.00105972 0.00141627 0.00141592 0.00141592 0.00141627
0.445 0 0 0 0 0.000483 0.000483883 0.000483884 0.000483001 0.000955066 0.000954422 0.000954422 0.000955066 0.00148314 0.00148292 0.00148292 0.00148314
0.465 0 0 0 0 0.000401723 0.000402101 0.000402101 0.000401723 0.00087629 0.000876123 0.000876123 0.00087629 0.001233 0.00123275 0.00123275 0.001233
0.485 0 0 0 0 0.000362026 0.000361974 0.000361974 0.000362025 0.000827967 0.000828432 0.000828432 0.000827967 0.000895728 0.000895459 0.000895459 0.000895729
0.505 0 0 0 0 0.000430719 0.00043149 0.00043149 0.000430719 0.000695518 0.000695575 0.000695575 0.000695518 0.000678927 0.00067881 0.00067881 0.000678927
0.525 0 0 0 0 -0.000199178 -0.00019982 -0.00019982 -0.000199179 -0.000192411 -0.000192268 -0.000192268 -0.000192411 -0.000130641 -0.000130672 -0.000130672 -0.00013064
0.545 0 0 0 0 -0.000872632 -0.000874415 -0.000874415 -0.000872632 -0.00128208 -0.00128203 -0.00128203 -0.00128208 -0.00120867 -0.00120852 -0.00120852 -0.00120867
0.565 0 0 0 0 -0.000880036 -0.000880591 -0.000880591 -0.000880036 -0.00182649 -0.00182705 -0.00182705 -0.00182649 -0.00204729 -0.00204678 -0.00204678 -0.00204729
0.585 0 0 0 0 -4.12523e-05 -3.90497e-05 -3.905e-05 -4.12527e-05 -0.001136 -0.00113679 -0.00113679 -0.001136 -0.00194116 -0.00194045 -0.00194045 -0.00194117
0.605 0 0 0 0 0.000454308 0.000456046 0.000456044 0.000454299 -1.64584e-05 -1.58092e-05 -1.58075e-05 -1.64527e-05 -0.0011319 -0.00113157 -0.00113157 -0.0011319
0.625 0 0 0 0 -8.35733e-05 -8.51808e-05 -8.51648e-05 -8.35392e-05 0.000196663 0.000198299 0.00019824 0.000196519 -0.000241937 -0.000242202 -0.00024224 -0.000242033
0.645 0 0 0 0 -0.000836607 -0.000839415 -0.000839412 -0.000836601 -0.000533133 -0.000533191 -0.000533208 -0.000533161 0.000345831 0.000345533 0.000345523 0.000345798
0.665 0 0 0 0 -0.00124721 -0.00124951 -0.0012495 -0.0012472 -0.00140683 -0.00140841 -0.0014084 -0.00140682 -5.66203e-05 -5.66078e-05 -5.66069e-05 -5.66194e-05
0.685 0 0 0 0 -0.000662014 -0.000662446 -0.0006625 -0.000662209 -0.00123295 -0.00123389 -0.0012339 -0.00123298 -0.000997038 -0.000996713 -0.000996708 -0.000997023
0.705 0 0 0 0 0.00102224 0.00102596 0.00102598 0.00102231 0.000463698 0.000463977 0.000463976 0.000463699 -0.000934082 -0.000933611 -0.000933595 -0.00093405
0.725 0 0 0 0 0.00117509 0.00117729 0.0011773 0.0011751 0.00113562 0.00113762 0.00113758 0.00113547 -0.000602226 -0.000602142 -0.000602155 -0.000602254
0.745 0 0 0 0 4.6301e-05 4.52898e-05 4.53036e-05 4.63279e-05 0.000354523 0.000355575 0.00035558 0.000354527 0.000172982 0.000172754 0.000172762 0.000173013
0.765 0 0 0 0 -0.000671255 -0.000672501 -0.000672497 -0.000671246 -0.000391468 -0.00039343 -0.000393452 -0.000391505 0.00126035 0.00126015 0.00126012 0.0012603
0.785 0 0 0 0 -0.000271221 -0.000271536 -0.00027154 -0.000271229 0.000201288 0.000199106 0.000199096 0.000201267 0.00191635 0.00191609 0.00191608 0.00191633
0.805 0 0 0 0 0.000233076 0.000231502 0.000231502 0.000233076 0.00109664 0.00109795 0.00109795 0.00109664 0.00128277 0.00128218 0.00128218 0.00128274
0.825 0 0 0 0 0.000983203 0.000983972 0.000983973 0.000983204 0.00149308 0.00149493 0.00149493 0.00149308 0.00057648 0.000576209 0.000576208 0.000576485
0.845 0 0 0 0 0.00271946 0.00272818 0.00272818 0.00271946 0.00271757 0.00271549 0.00271549 0.00271757 0.00201384 0.00201424 0.00201424 0.00201384
0.865 0 0 0 0 0.00309391 0.00310117 0.00310131 0.00309417 0.00439679 0.00439543 0.00439539 0.00439667 0.00451442 0.004514 0.004514 0.00451441
0.885 0 0 0 0 0.000331771 0.000324599 0.00032457 0.00033149 0.00357431 0.00357839 0.00357842 0.00357441 0.0050444 0.00504223 0.00504222 0.00504437
0.905 0 0 0 0 -0.00131987 -0.00132859 -0.00132874 -0.00132031 0.00113215 0.0011329 0.00113271 0.00113164 0.00423092 0.00422897 0.00422888 0.0042306
0.925 0 0 0 0 -0.000590798 -0.000589457 -0.000589485 -0.000590844 -0.000694311 -0.000699579 -0.000699787 -0.000694923 0.00195936 0.00195936 0.0019594 0.00195926
0.945 0 0 0 0 0.000158993 0.000162585 0.000162595 0.000159016 -0.00114758 -0.00114908 -0.00114905 -0.00114751 -0.00197365 -0.0019727 -0.00197267 -0.00197356
0.965 0 0 0 0 0.000317437 0.000318226 0.000318236 0.000317456 -0.00115187 -0.00114731 -0.00114729 -0.00115182 -0.00511249 -0.00511167 -0.00511165 -0.00511245
0.985 0 0 0 0 0.000715916 0.000720411 0.000720417 0.000715928 -0.00122542 -0.00122375 -0.00122375 -0.00122541 -0.00462466 -0.00462342 -0.00462344 -0.0046247
1.005 0 0 0 0 -0.00276358 -0.00276799 -0.00276799 -0.00276358 -0.0046954 -0.00469558 -0.0046956 -0.00469544 -0.00499415 -0.00499324 -0.00499324 -0.00499413
1.025 0 0 0 0 -0.00472015 -0.00472877 -0.00472877 -0.00472014 -0.00665425 -0.00665648 -0.00665649 -0.00665427 -0.00477727 -0.00477653 -0.00477653 -0.00477728
1.045 0 0 0 0 -0.00242052 -0.00242197 -0.00242208 -0.002421 -0.00443337 -0.0044367 -0.0044367 -0.00443337 -0.0035772 -0.00357608 -0.00357608 -0.0035772
1.065 0 0 0 0 -0.00133335 -0.00133643 -0.0013364 -0.00133338 -0.00266257 -0.00265948 -0.00265947 -0.00266254 -0.00477203 -0.00477147 -0.00477149 -0.00477207
1.085 0 0 0 0 -0.00157039 -0.00157485 -0.00157488 -0.00157055 -0.0032764 -0.00327161 -0.00327183 -0.00327708 -0.00648309 -0.00648237 -0.00648238 -0.00648311
1.105 0 0 0 0 0.00332305 0.0033404 0.00334032 0.00332282 0.000768855 0.000762081 0.000761989 0.000768539 -0.000945921 -0.000943685 -0.000943725 -0.000946019
1.125 0 0 0 0 0.00298146 0.00298875 0.00298872 0.00298141 0.00405607 0.00405487 0.00405489 0.00405612 0.00392335 0.00392305 0.00392303 0.0039233
1.145 0 0 0 0 -0.00381337 -0.00383874 -0.0038388 -0.00381348 0.000943076 0.000954504 0.00095449 0.00094306 0.00316536 0.00316149 0.00316148 0.00316533
1.165 0 0 0 0 -0.00342141 -0.00343196 -0.00343193 -0.00342132 -0.0019825 -0.00198533 -0.00198535 -0.00198256 0.00309383 0.00309261 0.0030926 0.0030938
1.185 0 0 0 0 0.00341472 0.00343706 0.00343698 0.00341458 0.0011691 0.00115323 0.00115327 0.00116914 0.00407451 0.00407689 0.00407688 0.00407448
1.205 0 0 0 0 0.0071419 0.00715893 0.00715889 0.00714181 0.00833499 0.00833666 0.00833669 0.00833505 0.00437506 0.00437509 0.00437509 0.00437505
1.225 0 0 0 0 0.000918821 0.000899707 0.000899713 0.000918834 0.00620873 0.00623105 0.00623105 0.00620872 0.000893589 0.000889525 0.000889518 0.000893578
1.245 0 0 0 0 -0.00406893 -0.00408224 -0.00408223 -0.00406894 -0.00354937 -0.00354807 -0.00354807 -0.00354932 -0.000960301 -0.000961177 -0.00096123 -0.000960389
1.265 0 0 0 0 -0.00192972 -0.00191182 -0.00191181 -0.00192969 -0.00711333 -0.00713829 -0.00713834 -0.00711342 0.000135291 0.000139233 0.000139239 0.000135312
1.285 0 0 0 0 -0.000360195 -0.000354854 -0.000354818 -0.000360085 -0.00233941 -0.00234442 -0.00234452 -0.00233972 -0.00199757 -0.00199614 -0.00199606 -0.00199743
1.305 0 0 0 0 0.000688908 0.000674352 0.000674365 0.000688927 0.00353153 0.00355274 0.00355271 0.00353149 -0.00389427 -0.00389673 -0.00389671 -0.00389419
1.325 0 0 0 0 -0.00472411 -0.00474433 -0.00474434 -0.00472411 -0.00539923 -0.00538503 -0.00538501 -0.00539918 -0.00987367 -0.0098743 -0.0098743 -0.00987366
1.345 0 0 0 0 -0.00848835 -0.008487 -0.00848689 -0.00848835 -0.0177098 -0.0177262 -0.0177262 -0.01771 -0.0148746 -0.0148691 -0.014869 -0.0148744
1.365 0 0 0 0 -0.0083354 -0.00832997 -0.00833037 -0.00833775 -0.0197486 -0.0197662 -0.0197662 -0.0197488 -0.0187447 -0.0187379 -0.0187381 -0.0187451
1.385 0 0 0 0 0.00678195 0.00681069 0.00681045 0.00678143 0.00201295 0.00201027 0.00201013 0.00201197 -0.00643462 -0.00643071 -0.00643073 -0.00643466
1.405 0 0 0 0 0.00644423 0.00643613 0.00643578 0.00644367 0.0125648 0.0125925 0.0125922 0.0125636 0.00192933 0.00192478 0.00192417 0.00192719
1.425 0 0 0 0 -0.00275529 -0.0027838 -0.00278397 -0.00275566 0.0044405 0.00445472 0.00445473 0.00444041 0.00739797 0.00739253 0.00739238 0.00739789
1.445 0 0 0 0 -0.00103139 -0.00101832 -0.00101827 -0.00103132 -0.000206817 -0.000238382 -0.000238406 -0.000206818 0.0164088 0.0164092 0.0164091 0.0164087
1.465 0 0 0 0 0.00879343 0.00882487 0.00882493 0.00879357 0.0129286 0.0129033 0.0129032 0.0129283 0.0240074 0.0240067 0.0240068 0.0240075
1.485 0 0 0 0 0.0128227 0.0128165 0.0128165 0.0128226 0.0283328 0.0283605 0.0283607 0.0283332 0.0243001 0.0242909 0.0242911 0.0243004
1.505 0 0 0 0 0.0151697 0.0151671 0.0151654 0.0151633 0.0306879 0.0307138 0.0307141 0.0306886 0.0262607 0.0262515 0.0262514 0.0262602
1.525 0 0 0 0 0.0118848 0.0119139 0.0119137 0.0118833 0.019083 0.0190653 0.0190649 0.0190813 0.027673 0.0276703 0.0276701 0.0276726
1.545 0 0 0 0 -0.00167069 -0.00167403 -0.001674 -0.00167085 0.00322878 0.00320996 0.0032091 0.00322565 0.0178592 0.0178552 0.0178549 0.0178574
1.565 0 0 0 0 -0.0130188 -0.0130675 -0.0130678 -0.0130197 -0.00946872 -0.00945918 -0.00945969 -0.00947086 -0.00237631 -0.00238111 -0.00238101 -0.00237676
1.585 0 0 0 0 -0.0121767 -0.0122023 -0.0122022 -0.0121766 -0.0199832 -0.0199744 -0.0199743 -0.0199828 -0.0250551 -0.0250518 -0.0250515 -0.0250545
1.605 0 0 0 0 0.00206748 0.00211987 0.00211988 0.00206758 -0.0186429 -0.0186613 -0.0186611 -0.0186425 -0.0341239 -0.0341099 -0.0341099 -0.0341239
1.625 0 0 0 0 -0.00279232 -0.00277209 -0.0027722 -0.00279256 -0.020602 -0.020596 -0.020596 -0.0206019 -0.0414883 -0.0414776 -0.0414776 -0.0414883
1.645 0 0 0 0 -0.0184863 -0.0185342 -0.0185342 -0.0184863 -0.0292914 -0.0292648 -0.0292648 -0.0292915 -0.0423009 -0.0422972 -0.0422973 -0.042301
1.665 0 0 0 0 -0.0182923 -0.0183139 -0.0183139 -0.0182923 -0.0312207 -0.0312342 -0.031235 -0.0312231 -0.0279606 -0.0279542 -0.0279543 -0.0279607
1.685 0 0 0 0 -0.0138858 -0.0138917 -0.0138937 -0.0138921 -0.0257712 -0.0257964 -0.025796 -0.0257701 -0.0180228 -0.0180163 -0.0180167 -0.0180238
1.705 0 0 0 0 -0.00456103 -0.00457089 -0.00457071 -0.00456171 -0.00733609 -0.00733089 -0.00733117 -0.00733706 -0.0104159 -0.0104148 -0.0104147 -0.0104157
1.725 0 0 0 0 -0.0010311 -0.00105366 -0.00105326 -0.00102983 0.000841698 0.00086976 0.000869431 0.000840218 -0.00978036 -0.0097827 -0.00978287 -0.00978068
1.745 0 0 0 0 0.0239793 0.0240576 0.0240574 0.0239786 0.0240027 0.0239811 0.0239806 0.0240008 0.0191447 0.019148 0.0191477 0.0191434
1.765 0 0 0 0 0.0284628 0.0285255 0.0285255 0.0284627 0.0429609 0.0429472 0.0429473 0.042961 0.0476196 0.0476141 0.0476139 0.0476192
1.785 0 0 0 0 0.00829582 0.00823992 0.0082398 0.00829562 0.0426013 0.0426357 0.0426359 0.0426017 0.0591344 0.0591126 0.0591128 0.0591348
1.805 0 0 0 0 0.00491024 0.00486965 0.00486965 0.00491034 0.035931 0.0359334 0.0359336 0.0359316 0.0659919 0.0659727 0.0659727 0.0659918
1.825 0 0 0 0 0.0097265 0.0097488 0.00974841 0.00972485 0.024084 0.0240444 0.0240444 0.0240797 0.051528 0.0515201 0.05152 0.0515263
1.845 0 0 0 0 0.00588365 0.00588993 0.00588886 0.00587949 0.0108369 0.0108364 0.0108384 0.0108397 0.0130981 0.0130956 0.0130962 0.013099
1.865 0 0 0 0 0.00901559 0.00903245 0.00903193 0.00901359 0.00519938 0.00522301 0.00522227 0.00519774 -0.0160849 -0.0160823 -0.0160825 -0.0160851
1.885 0 0 0 0 0.0200416 0.0201221 0.0201231 0.0200424 0.00815037 0.00814358 0.00814276 0.00814856 -0.0146782 -0.0146683 -0.0146687 -0.014679
1.905 0 0 0 0 -0.00815854 -0.00817517 -0.00817468 -0.00815708 -0.0147706 -0.0147604 -0.0147605 -0.0147706 -0.0218518 -0.021849 -0.021849 -0.0218519
1.925 0 0 0 0 -0.0353017 -0.035395 -0.0353949 -0.0353017 -0.0411011 -0.0410936 -0.0410935 -0.0411009 -0.0289532 -0.0289539 -0.0289539 -0.0289531
1.945 0 0 0 0 -0.0281662 -0.0281976 -0.0281978 -0.0281666 -0.0451233 -0.0451562 -0.0451562 -0.0451233 -0.0305586 -0.03055 -0.03055 -0.0305585
1.965 0 0 0 0 -0.00625023 -0.00622099 -0.00622115 -0.00625012 -0.0263217 -0.026342 -0.026342 -0.0263217 -0.0350298 -0.0350171 -0.0350172 -0.0350299
1.985 0 0 0 0 0.00546927 0.00548439 0.00548431 0.00546917 -0.00554975 -0.00551441 -0.00551443 -0.00554953 -0.0379298 -0.0379235 -0.0379234 -0.0379297
2.005 0 0 0 0 -0.00650473 -0.0065365 -0.00653643 -0.0065045 -0.0136399 -0.0135953 -0.0135956 -0.0136405 -0.0384051 -0.038403 -0.0384028 -0.0384053
2.025 0 0 0 0 -0.00291129 -0.00287667 -0.00287682 -0.00291148 -0.0153279 -0.0153646 -0.0153641 -0.0153271 -0.00976607 -0.00975694 -0.00975613 -0.00976441
2.045 0 0 0 0 -0.00141809 -0.00139489 -0.001395 -0.00141823 -0.00301349 -0.00305729 -0.00305707 -0.00301322 0.0169908 0.0169933 0.0169933 0.0169907
2.065 0 0 0 0 0.00196821 0.00192403 0.00192403 0.00196824 0.023179 0.0232027 0.0232026 0.0231788 0.0340781 0.034064 0.0340638 0.0340777
2.085 0 0 0 0 0.00721441 0.00716663 0.00716656 0.00721427 0.0328064 0.0328482 0.0328481 0.0328063 0.0367914 0.0367745 0.0367744 0.0367912
2.105 0 0 0 0 0.0149049 0.0149392 0.0149391 0.0149048 0.0238547 0.023839 0.023839 0.0238547 0.0320317 0.0320283 0.0320283 0.0320317
2.125 0 0 0 0 0.0173063 0.0173742 0.0173742 0.0173065 0.0177733 0.0177371 0.0177371 0.0177733 0.024659 0.024662 0.024662 0.024659
2.145 0 0 0 0 0.0218428 0.0218862 0.0218863 0.0218429 0.0317451 0.0317454 0.0317454 0.0317451 0.0289268 0.0289232 0.0289232 0.0289268
2.165 0 0 0 0 0.0174336 0.0174245 0.0174244 0.0174337 0.0397289 0.0397647 0.0397646 0.0397289 0.0363892 0.0363757 0.0363758 0.0363892
2.185 0 0 0 0 -0.00628622 -0.00635084 -0.00635411 -0.00629599 0.0117276 0.0117506 0.0117511 0.0117292 0.0248028 0.0247898 0.0247897 0.0248025
2.205 0 0 0 0 -0.0205593 -0.020592 -0.0205935 -0.0205631 -0.024737 -0.0247714 -0.0247713 -0.0247366 -4.76174e-05 -4.60757e-05 -4.60717e-05 -4.75526e-05
2.225 0 0 0 0 -0.00960932 -0.0095773 -0.00957686 -0.00960803 -0.0293257 -0.0293704 -0.0293704 -0.0293258 -0.0238231 -0.0238106 -0.0238105 -0.0238236
2.245 0 0 0 0 0.00693515 0.0069722 0.00697279 0.00693656 -0.00823769 -0.00821883 -0.00821856 -0.00823734 -0.0386277 -0.0386184 -0.0386184 -0.0386282
2.265 0 0 0 0 -0.00761933 -0.00766194 -0.00766191 -0.00761933 -0.0177823 -0.0177138 -0.0177139 -0.0177825 -0.0566548 -0.0566517 -0.0566517 -0.0566547
2.285 0 0 0 0 -0.0135061 -0.0134993 -0.0134994 -0.0135063 -0.0351678 -0.0351808 -0.0351809 -0.0351682 -0.0445859 -0.0445733 -0.0445731 -0.0445856
2.305 0 0 0 0 -0.0137761 -0.013739 -0.0137391 -0.0137762 -0.0359595 -0.0360256 -0.0360255 -0.0359593 -0.0205831 -0.0205682 -0.0205682 -0.0205831
2.325 0 0 0 0 -0.0178512 -0.0179048 -0.0179048 -0.0178509 -0.0173819 -0.0173761 -0.0173762 -0.017382 -0.00849668 -0.0084993 -0.00849929 -0.00849666
2.345 0 0 0 0 -0.0146809 -0.0147734 -0.0147735 -0.0146808 -0.0029534 -0.00289681 -0.00289682 -0.00295343 -0.00775817 -0.00776937 -0.00776939 -0.00775822
2.365 0 0 0 0 0.00682867 0.00686104 0.00686184 0.0068305 0.00269209 0.00268223 0.00268215 0.00269193 -0.00155582 -0.001552 -0.00155198 -0.00155579
2.385 0 0 0 0 0.018425 0.01852 0.01852 0.0184249 0.00749723 0.00745302 0.00745301 0.00749724 0.00492839 0.00493902 0.00493899 0.00492833
2.405 0 0 0 0 0.0109281 0.010938 0.0109378 0.0109275 0.018288 0.0183026 0.0183026 0.018288 0.0125846 0.0125807 0.0125807 0.0125846
2.425 0 0 0 0 -0.00179495 -0.00185938 -0.00185941 -0.00179502 0.018001 0.0180444 0.0180444 0.0180009 0.0205085 0.0204942 0.0204942 0.0205085
2.445 0 0 0 0 0.00386791 0.00387239 0.0038724 0.00386793 0.0147652 0.014744 0.014744 0.0147652 0.0343011 0.0342953 0.0342953 0.034301
2.465 0 0 0 0 0.000482545 0.000494942 0.000494956 0.000482569 0.00434029 0.00430731 0.00430734 0.00434027 0.0240939 0.0240928 0.0240928 0.0240939
2.485 0 0 0 0 0.0058599 0.00586385 0.00586386 0.00585992 0.0114506 0.0114557 0.0114557 0.0114506 0.0115107 0.0115076 0.0115077 0.0115107
2.505 0 0 0 0 0.00398531 0.00396903 0.00396906 0.00398546 0.0080828 0.00811879 0.0081188 0.00808284 -0.00692355 -0.00692699 -0.006927 -0.0069236
2.525 0 0 0 0 0.000788506 0.000802765 0.000802775 0.00078845 -0.00724626 -0.00724422 -0.00724423 -0.0072463 -0.0174453 -0.0174402 -0.0174402 -0.0174453
2.545 0 0 0 0 -0.00376354 -0.00373134 -0.00373134 -0.00376356 -0.018478 -0.0185077 -0.0185077 -0.018478 -0.0183706 -0.0183607 -0.0183607 -0.0183706
2.565 0 0 0 0 -0.0137258 -0.0137494 -0.0137493 -0.0137258 -0.0216197 -0.0216217 -0.0216217 -0.0216197 -0.0208399 -0.0208364 -0.0208364 -0.0208399
2.585 0 0 0 0 -0.0149636 -0.0150119 -0.0150118 -0.0149635 -0.0178019 -0.0177818 -0.0177818 -0.0178018 -0.0210215 -0.0210222 -0.0210223 -0.0210215
2.605 0 0 0 0 0.00321355 0.00323996 0.00324001 0.00321358 -0.00349113 -0.00350176 -0.00350174 -0.0034911 -0.00785108 -0.00784603 -0.00784603 -0.00785107
2.625 0 0 0 0 0.0159532 0.0160102 0.0160102 0.0159531 0.0140817 0.0140666 0.0140666 0.0140818 0.00908406 0.00908764 0.00908763 0.00908406
2.645 0 0 0 0 0.0049377 0.00491533 0.00491534 0.00493771 0.0173692 0.0173948 0.0173948 0.0173691 0.0158668 0.0158586 0.0158586 0.0158668
2.665 0 0 0 0 0.00531849 0.00530368 0.00530368 0.0053185 0.0209996 0.0210055 0.0210055 0.0209996 0.0320758 0.0320663 0.0320663 0.0320758
2.685 0 0 0 0 0.00105063 0.00104415 0.00104414 0.0010506 0.0119139 0.0118963 0.0118963 0.0119139 0.031702 0.0316959 0.0316959 0.031702
2.705 0 0 0 0 0.0134985 0.0135359 0.0135359 0.0134985 0.021715 0.0216908 0.0216908 0.021715 0.0337579 0.0337552 0.0337552 0.033758
2.725 0 0 0 0 0.0154449 0.0154554 0.0154556 0.0154454 0.0286087 0.0286276 0.0286277 0.0286089 0.0244159 0.0244086 0.0244086 0.0244159
2.745 0 0 0 0 -0.00312627 -0.00317476 -0.00317513 -0.00312688 0.00683437 0.00687602 0.00687623 0.00683457 -0.000199293 -0.000207455 -0.000207472 -0.000199314
2.765 0 0 0 0 -0.0268601 -0.026911 -0.0269111 -0.0268605 -0.0398037 -0.0398073 -0.0398074 -0.0398038 -0.0355902 -0.035585 -0.035585 -0.0355902
2.785 0 0 0 0 -0.0351371 -0.0351442 -0.0351441 -0.0351368 -0.0727725 -0.0728191 -0.0728193 -0.0727729 -0.070286 -0.0702647 -0.0702647 -0.070286
2.805 0 0 0 0 -0.0338461 -0.0338609 -0.0338622 -0.03385 -0.0775074 -0.0775147 -0.0775145 -0.0775067 -0.101208 -0.101184 -0.101184 -0.101208
2.825 0 0 0 0 -0.0410332 -0.0411127 -0.0411229 -0.0410673 -0.0831637 -0.0831123 -0.0831129 -0.0831664 -0.129409 -0.129389 -0.12939 -0.12941
2.845 0 0 0 0 -0.0432345 -0.0432866 -0.0432971 -0.0432781 -0.0956921 -0.0956838 -0.0956895 -0.0957172 -0.134781 -0.134757 -0.134761 -0.134796
2.865 0 0 0 0 -0.0348755 -0.0348688 -0.0348831 -0.0349421 -0.0922998 -0.0923582 -0.0923649 -0.0923309 -0.11137 -0.111338 -0.111342 -0.111378
2.885 0 0 0 0 -0.0329378 -0.0329816 -0.032993 -0.0329951 -0.0677727 -0.0677952 -0.0678022 -0.0678003 -0.0797749 -0.0797573 -0.0797584 -0.0797787
2.905 0 0 0 0 -0.0320662 -0.0321541 -0.0321443 -0.0320408 -0.039509 -0.0394654 -0.0394676 -0.0395178 -0.0496747 -0.0496765 -0.0496775 -0.0496786
2.925 0 0 0 0 -0.0103612 -0.0103727 -0.0103703 -0.010332 -0.012251 -0.012243 -0.0122425 -0.012249 -0.011453 -0.011453 -0.0114527 -0.0114523
2.945 0 0 0 0 0.0216413 0.0217239 0.0217202 0.0216343 0.0225731 0.0225268 0.0225261 0.0225719 0.0319594 0.0319627 0.0319621 0.0319583
2.965 0 0 0 0 0.0502272 0.050323 0.0503185 0.0502099 0.0769697 0.0769514 0.0769504 0.0769667 0.0834618 0.0834515 0.0834517 0.0834622
2.985 0 0 0 0 0.0677209 0.0677695 0.0677682 0.0677048 0.131976 0.132011 0.132011 0.131973 0.143241 0.143207 0.143207 0.143241
3.005 0 0 0 0 0.0649476 0.0649577 0.0649579 0.0649354 0.149877 0.149904 0.149903 0.149874 0.189895 0.189848 0.189848 0.189895
3.025 0 0 0 0 0.0673759 0.0674392 0.0674421 0.0673669 0.151289 0.151249 0.15125 0.151291 0.221963 0.221919 0.221919 0.221962
3.045 0 0 0 0 0.056334 0.0563643 0.0563494 0.0562888 0.137153 0.137104 0.137111 0.13714 0.205031 0.204988 0.204991 0.205036
3.065 0 0 0 0 0.0440386 0.0440192 0.0439963 0.0439921 0.112334 0.112343 0.112334 0.112303 0.148085 0.148042 0.148038 0.148075
3.085 0 0 0 0 0.0391636 0.0391816 0.0391634 0.039102 0.0727307 0.0727368 0.0727234 0.0726976 0.0771883 0.0771691 0.0771674 0.077184
3.105 0 0 0 0 0.0209105 0.0209796 0.0209787 0.0208968 0.0151741 0.0151586 0.0151588 0.0151721 0.00238337 0.00238914 0.00238719 0.00237963
3.125 0 0 0 0 -0.0135587 -0.0135439 -0.0135442 -0.0135624 -0.0428528 -0.0428594 -0.0428572 -0.0428493 -0.0633822 -0.0633649 -0.0633644 -0.0633815
3.145 0 0 0 0 -0.0478949 -0.0479617 -0.0479611 -0.0478935 -0.0903157 -0.0903034 -0.0903027 -0.0903147 -0.112952 -0.112931 -0.112932 -0.112953
3.165 0 0 0 0 -0.0619146 -0.0619874 -0.0619884 -0.0619094 -0.118985 -0.118989 -0.11899 -0.118989 -0.142181 -0.142151 -0.142151 -0.14218
3.185 0 0 0 0 -0.0594365 -0.0594724 -0.059471 -0.0594233 -0.126941 -0.126956 -0.126954 -0.126938 -0.156804 -0.156768 -0.156769 -0.156806
3.205 0 0 0 0 -0.0452763 -0.0452703 -0.0452652 -0.0452513 -0.108813 -0.108816 -0.108811 -0.108814 -0.149811 -0.149776 -0.149776 -0.149811
3.225 0 0 0 0 -0.0250219 -0.0250152 -0.025005 -0.0250009 -0.070999 -0.0709863 -0.0709861 -0.0710082 -0.112638 -0.11261 -0.112609 -0.112633
3.245 0 0 0 0 0.00505924 0.00510687 0.00510572 0.0050534 -0.0134149 -0.0134163 -0.0134165 -0.0134132 -0.0353557 -0.0353439 -0.0353448 -0.0353569
3.265 0 0 0 0 0.0271531 0.0271929 0.0271897 0.0271423 0.0482485 0.04824 0.0482393 0.0482481 0.0585777 0.0585681 0.0585686 0.0585788
3.285 0 0 0 0 0.0451355 0.0451438 0.045143 0.0451226 0.108448 0.108448 0.108448 0.108447 0.150109 0.150074 0.150074 0.150109
3.305 0 0 0 0 0.0579744 0.0579609 0.0579542 0.057958 0.149282 0.149288 0.149289 0.149284 0.21129 0.211239 0.211239 0.21129
3.325 0 0 0 0 0.0730967 0.0731371 0.0731435 0.0730983 0.169457 0.169446 0.169445 0.169453 0.234513 0.234462 0.234463 0.234517
3.345 0 0 0 0 0.0818142 0.0818965 0.0818989 0.081815 0.168864 0.168856 0.168863 0.16888 0.218994 0.218948 0.218947 0.218991
3.365 0 0 0 0 0.0533562 0.0534063 0.0533655 0.0534368 0.12236 0.122368 0.122343 0.122297 0.15109 0.151045 0.151037 0.151069
3.385 0 0 0 0 -0.0258809 -0.0260624 -0.0260788 -0.0259453 -0.00197896 -0.00193148 -0.00195461 -0.00202257 0.0128669 0.0128428 0.0128445 0.012867
3.405 0 0 0 0 -0.0638439 -0.063918 -0.0638964 -0.0638576 -0.119768 -0.119816 -0.119822 -0.119781 -0.121283 -0.121257 -0.121262 -0.121294
3.425 0 0 0 0 -0.0551676 -0.0550766 -0.0550681 -0.0551927 -0.170708 -0.170808 -0.170809 -0.170717 -0.219484 -0.219413 -0.219411 -0.219482
3.445 0 0 0 0 -0.0433691 -0.0433156 -0.0433172 -0.043397 -0.1552 -0.155182 -0.155182 -0.155205 -0.262248 -0.262184 -0.262187 -0.262254
3.465 0 0 0 0 -0.0571582 -0.0572583 -0.0572539 -0.0571772 -0.138669 -0.138518 -0.138524 -0.138643 -0.245215 -0.245173 -0.245171 -0.245209
3.485 0 0 0 0 -0.0600203 -0.0600613 -0.0600444 -0.0600084 -0.125489 -0.125482 -0.125473 -0.125476 -0.158542 -0.158509 -0.158509 -0.158544
3.505 0 0 0 0 -0.0845154 -0.0846633 -0.08465 -0.0845008 -0.127275 -0.12734 -0.127325 -0.127259 -0.0908714 -0.0908547 -0.0908568 -0.0908793
3.525 0 0 0 0 -0.0977209 -0.0979631 -0.0979803 -0.0977293 -0.115248 -0.115249 -0.115255 -0.115259 -0.0749886 -0.0749894 -0.0749905 -0.0749907
3.545 0 0 0 0 -0.0558673 -0.0559853 -0.0559862 -0.0558599 -0.0799448 -0.0799194 -0.0799223 -0.079951 -0.0856381 -0.0856292 -0.0856276 -0.0856344
3.565 0 0 0 0 0.00633926 0.00646188 0.0064505 0.00636969 -0.0397871 -0.0397815 -0.0397697 -0.0397674 -0.0940488 -0.0940186 -0.0940179 -0.0940476
3.585 0 0 0 0 0.056789 0.0570179 0.0570094 0.0567658 0.0181314 0.0180843 0.0180791 0.0180714 -0.0501873 -0.050157 -0.0501604 -0.0501969
3.605 0 0 0 0 0.0747678 0.0749251 0.0749185 0.0747395 0.0920764 0.0920947 0.0921017 0.0920816 0.0607023 0.0607001 0.0607042 0.0607017
3.625 0 0 0 0 0.0576041 0.0575759 0.0575757 0.0575848 0.146361 0.146397 0.146386 0.146339 0.192937 0.192885 0.192885 0.192934
3.645 0 0 0 0 0.0642248 0.0642132 0.0642205 0.0642462 0.194999 0.194963 0.194955 0.194981 0.315147 0.315071 0.315071 0.315144
3.665 0 0 0 0 0.0976694 0.0977236 0.0977295 0.0977316 0.243051 0.24299 0.242999 0.243089 0.374839 0.374764 0.374763 0.374839
3.685 0 0 0 0 0.144474 0.144615 0.144643 0.144591 0.294213 0.294204 0.294224 0.294248 0.373131 0.373052 0.373056 0.373136
3.705 0 0 0 0 0.170373 0.170715 0.170648 0.170805 0.311703 0.311775 0.311773 0.311754 0.336506 0.336422 0.336412 0.336479
3.725 0 0 0 0 0.166827 0.168479 0.168665 0.17071 0.273839 0.27407 0.274202 0.274363 0.291429 0.291361 0.291373 0.291442
3.745 0 0 0 0 0.158301 0.158923 0.159084 0.161322 0.219796 0.220091 0.22029 0.220643 0.251646 0.25159 0.251603 0.251632
3.765 0 0 0 0 0.161978 0.163558 0.165251 0.168665 0.171052 0.170958 0.170827 0.171105 0.199327 0.199345 0.199351 0.199283
