0.005 0 0 0 0 -5.39997e-06 -2.10939e-06 2.38187e-06 5.67179e-06 -4.13381e-07 -2.82833e-07 5.60833e-07 6.91617e-07 1.8578e-05 5.48668e-06 -5.2094e-06 -1.83007e-05
0.025 0 0 0 0 -2.24633e-06 1.05368e-06 5.5449e-06 8.82526e-06 3.27428e-06 3.40198e-06 4.24563e-06 4.37922e-06 2.2218e-05 9.12686e-06 -1.56924e-06 -1.46607e-05
0.045 0 0 0 0 1.76383e-06 5.0695e-06 9.56062e-06 1.2835e-05 1.00229e-05 1.01513e-05 1.09949e-05 1.11277e-05 2.9133e-05 1.60406e-05 5.34445e-06 -7.74575e-06
0.065 0 0 0 0 7.3046e-06 1.06157e-05 1.51066e-05 1.83749e-05 2.06801e-05 2.08094e-05 2.16529e-05 2.17844e-05 4.14868e-05 2.83916e-05 1.76954e-05 4.60782e-06
0.085 0 0 0 0 1.61318e-05 1.94562e-05 2.39467e-05 2.72009e-05 3.67596e-05 3.68852e-05 3.77284e-05 3.78631e-05 6.1652e-05 4.85531e-05 3.78568e-05 2.47725e-05
0.105 0 0 0 0 2.77169e-05 3.10558e-05 3.55459e-05 3.87842e-05 5.89247e-05 5.90471e-05 5.98899e-05 6.0027e-05 8.95752e-05 7.64707e-05 6.57741e-05 5.2695e-05
0.125 0 0 0 0 4.01172e-05 4.34638e-05 4.79532e-05 5.11821e-05 8.54567e-05 8.55807e-05 8.64231e-05 8.65576e-05 0.000122954 0.000109842 9.91449e-05 8.60732e-05
0.145 0 0 0 0 5.26072e-05 5.59602e-05 6.04489e-05 6.36694e-05 0.000113095 0.00011322 0.000114062 0.000114194 0.000158863 0.000145741 0.000135044 0.000121981
0.165 0 0 0 0 6.38696e-05 6.72309e-05 7.17189e-05 7.49295e-05 0.000137805 0.000137927 0.000138768 0.000138903 0.000192507 0.000179378 0.000168681 0.000155624
0.185 0 0 0 0 7.14229e-05 7.47871e-05 7.92747e-05 8.24811e-05 0.000155674 0.000155794 0.000156635 0.000156771 0.000217498 0.000204363 0.000193665 0.000180614
0.205 0 0 0 0 7.31864e-05 7.65444e-05 8.10317e-05 8.42437e-05 0.000162668 0.000162791 0.000163632 0.000163764 0.000227774 0.000214636 0.000203938 0.00019089
0.225 0 0 0 0 6.90256e-05 7.23757e-05 7.6863e-05 8.00828e-05 0.000155858 0.000155982 0.000156823 0.000156953 0.00021992 0.000206783 0.000196085 0.000183036
0.245 0 0 0 0 5.99399e-05 6.32854e-05 6.77727e-05 7.09971e-05 0.000135565 0.000135687 0.000136528 0.000136661 0.000194033 0.000180902 0.000170204 0.000157149
0.265 0 0 0 0 4.58805e-05 4.92168e-05 5.37041e-05 5.69377e-05 0.000104253 0.000104375 0.000105216 0.000105349 0.000152511 0.000139389 0.000128691 0.000115627
0.285 0 0 0 0 2.77561e-05 3.10756e-05 3.55629e-05 3.88133e-05 6.55419e-05 6.56668e-05 6.65077e-05 6.66375e-05 0.000100741 8.763e-05 7.69323e-05 6.3857e-05
0.305 0 0 0 0 7.61144e-06 1.09123e-05 1.53995e-05 1.86686e-05 2.31599e-05 2.32866e-05 2.41274e-05 2.42555e-05 4.5535e-05 3.24354e-05 2.17377e-05 8.65073e-06
0.325 0 0 0 0 -1.26952e-05 -9.41303e-06 -4.92613e-06 -1.63949e-06 -1.88855e-05 -1.87603e-05 -1.79199e-05 -1.77912e-05 -7.33273e-06 -2.0421e-05 -3.11189e-05 -4.42178e-05
0.345 0 0 0 0 -3.16227e-05 -2.83617e-05 -2.38757e-05 -2.05703e-05 -5.65195e-05 -5.63945e-05 -5.55546e-05 -5.54269e-05 -5.39602e-05 -6.7039e-05 -7.77374e-05 -9.08464e-05
0.365 0 0 0 0 -4.72502e-05 -4.40096e-05 -3.95244e-05 -3.62005e-05 -8.66806e-05 -8.65535e-05 -8.57142e-05 -8.55898e-05 -9.16187e-05 -0.00010469 -0.000115389 -0.000128506
0.385 0 0 0 0 -5.66203e-05 -5.33884e-05 -4.89037e-05 -4.55724e-05 -0.000106403 -0.000106276 -0.000105437 -0.000105313 -0.000116953 -0.00013002 -0.000140718 -0.000153841
0.405 0 0 0 0 -5.76642e-05 -5.44257e-05 -4.99413e-05 -4.66172e-05 -0.000112166 -0.000112042 -0.000111203 -0.000111077 -0.000125988 -0.000139052 -0.000149751 -0.000162877
0.425 0 0 0 0 -5.14205e-05 -4.8171e-05 -4.36865e-05 -4.03734e-05 -0.000102331 -0.000102207 -0.000101368 -0.000101242 -0.000116202 -0.000129267 -0.000139966 -0.00015309
0.445 0 0 0 0 -3.92733e-05 -3.6013e-05 -3.15285e-05 -2.82262e-05 -7.76194e-05 -7.74927e-05 -7.66538e-05 -7.65302e-05 -8.63345e-05 -9.94061e-05 -0.000110105 -0.000123223
0.465 0 0 0 0 -2.39541e-05 -2.06851e-05 -1.62006e-05 -1.2907e-05 -4.28772e-05 -4.27498e-05 -4.19109e-05 -4.17881e-05 -4.00262e-05 -5.31083e-05 -6.38072e-05 -7.69144e-05
0.485 0 0 0 0 -6.743e-06 -3.46353e-06 1.02094e-06 4.30413e-06 -2.93329e-06 -2.80899e-06 -1.97015e-06 -1.8442e-06 1.57783e-05 2.68393e-06 -8.01495e-06 -2.11099e-05
0.505 0 0 0 0 1.23094e-05 1.56044e-05 2.00889e-05 2.33565e-05 3.90232e-05 3.91438e-05 3.99827e-05 4.01123e-05 7.29197e-05 5.98132e-05 4.91143e-05 3.60315e-05
0.525 0 0 0 0 3.1915e-05 3.52286e-05 3.97131e-05 4.29622e-05 7.94016e-05 7.95226e-05 8.03615e-05 8.04907e-05 0.000123849 0.000110732 0.000100033 8.69608e-05
0.545 0 0 0 0 4.98127e-05 5.31464e-05 5.76309e-05 6.08598e-05 0.000113735 0.000113858 0.000114697 0.000114824 0.000164171 0.000151046 0.000140347 0.000127283
0.565 0 0 0 0 6.40433e-05 6.73984e-05 7.18829e-05 7.50905e-05 0.000138995 0.000139116 0.000139955 0.000140084 0.000193362 0.000180231 0.000169532 0.000156473
0.585 0 0 0 0 7.13004e-05 7.46654e-05 7.91499e-05 8.23476e-05 0.000152785 0.000152905 0.000153744 0.000153874 0.000210547 0.000197413 0.000186714 0.000173659
0.605 0 0 0 0 6.62988e-05 6.96443e-05 7.41288e-05 7.7346e-05 0.00014944 0.000149565 0.000150404 0.000150529 0.000209813 0.000196677 0.000185978 0.000172924
0.625 0 0 0 0 5.16566e-05 5.49739e-05 5.94584e-05 6.27037e-05 0.000127049 0.000127175 0.000128014 0.000128138 0.000187489 0.000174356 0.000163657 0.0001506
0.645 0 0 0 0 3.6508e-05 3.98213e-05 4.43058e-05 4.75551e-05 9.29419e-05 9.30582e-05 9.38971e-05 9.4031e-05 0.000146651 0.000133529 0.00012283 0.000109763
0.665 0 0 0 0 2.40069e-05 2.73281e-05 3.18126e-05 3.50541e-05 5.68887e-05 5.70018e-05 5.78406e-05 5.79778e-05 9.39196e-05 8.08109e-05 7.0112e-05 5.70314e-05
0.685 0 0 0 0 8.4881e-06 1.17945e-05 1.6279e-05 1.95352e-05 2.00886e-05 2.02167e-05 2.10556e-05 2.11777e-05 3.6072e-05 2.29743e-05 1.22754e-05 -8.16227e-07
0.705 0 0 0 0 -1.41481e-05 -1.08766e-05 -6.39214e-06 -3.10099e-06 -2.2657e-05 -2.25172e-05 -2.16784e-05 -2.1568e-05 -2.03114e-05 -3.33994e-05 -4.40983e-05 -5.71996e-05
0.725 0 0 0 0 -3.63507e-05 -3.30965e-05 -2.8612e-05 -2.53036e-05 -6.61196e-05 -6.59944e-05 -6.51556e-05 -6.50305e-05 -6.6415e-05 -7.94917e-05 -9.01905e-05 -0.000103303
0.745 0 0 0 0 -4.61059e-05 -4.28403e-05 -3.83559e-05 -3.50587e-05 -9.14517e-05 -9.13471e-05 -9.05083e-05 -9.03626e-05 -9.30996e-05 -0.000106167 -0.000116866 -0.000129988
0.765 0 0 0 0 -4.37239e-05 -4.04568e-05 -3.59724e-05 -3.26768e-05 -8.9621e-05 -8.95055e-05 -8.86667e-05 -8.85319e-05 -9.85447e-05 -0.000111612 -0.000122311 -0.000135433
0.785 0 0 0 0 -3.19011e-05 -2.86337e-05 -2.41493e-05 -2.08539e-05 -6.5953e-05 -6.58159e-05 -6.49772e-05 -6.48641e-05 -7.9425e-05 -9.24988e-05 -0.000103198 -0.000116313
0.805 0 0 0 0 -9.72118e-06 -6.41729e-06 -1.93281e-06 1.326e-06 -2.61712e-05 -2.60432e-05 -2.52044e-05 -2.50823e-05 -2.97284e-05 -4.28104e-05 -5.35092e-05 -6.66166e-05
0.825 0 0 0 0 1.53608e-05 1.86984e-05 2.31829e-05 2.64079e-05 2.55126e-05 2.56231e-05 2.64619e-05 2.66015e-05 4.39892e-05 3.08939e-05 2.01951e-05 7.10098e-06
0.845 0 0 0 0 3.73233e-05 4.06543e-05 4.51388e-05 4.83705e-05 8.45625e-05 8.46798e-05 8.55186e-05 8.56514e-05 0.000127078 0.000113961 0.000103263 9.01895e-05
0.865 0 0 0 0 5.69176e-05 6.02343e-05 6.47188e-05 6.79648e-05 0.000139804 0.000139935 0.000140774 0.000140893 0.000203208 0.000190071 0.000179372 0.00016632
0.885 0 0 0 0 7.62566e-05 7.95936e-05 8.40774e-05 8.73015e-05 0.00018028 0.000180401 0.000181239 0.000181366 0.00025883 0.000245681 0.000234982 0.00022194
0.905 0 0 0 0 9.9837e-05 0.000103236 0.00010772 0.000110881 0.000211971 0.000212071 0.000212909 0.000213056 0.000294617 0.000281467 0.000270767 0.000257727
0.925 0 0 0 0 0.000118853 0.000122289 0.000126772 0.000129895 0.000237927 0.000238034 0.000238872 0.000239012 0.000313147 0.000299994 0.000289294 0.000276256
0.945 0 0 0 0 0.000119469 0.000122878 0.000127361 0.00013051 0.000245332 0.000245468 0.000246305 0.000246417 0.000314015 0.000300856 0.000290157 0.000277124
0.965 0 0 0 0 0.000102102 0.000105472 0.000109954 0.000113142 0.00022266 0.000222794 0.000223632 0.000223745 0.00029693 0.000283773 0.000273073 0.000260039
0.985 0 0 0 0 8.41269e-05 8.75023e-05 9.19849e-05 9.5167e-05 0.000184963 0.000185059 0.000185897 0.000186049 0.000266895 0.00025375 0.00024305 0.000230005
1.005 0 0 0 0 7.16976e-05 7.50777e-05 7.95604e-05 8.27378e-05 0.000152621 0.000152709 0.000153547 0.000153707 0.000224125 0.000210991 0.000200291 0.000187234
1.025 0 0 0 0 5.266e-05 5.59879e-05 6.04706e-05 6.37001e-05 0.000118519 0.000118653 0.000119491 0.000119604 0.000163241 0.000150113 0.000139413 0.00012635
1.045 0 0 0 0 1.60683e-05 1.93232e-05 2.38059e-05 2.71084e-05 5.56485e-05 5.58119e-05 5.66497e-05 5.67341e-05 8.03338e-05 6.72167e-05 5.65172e-05 4.34432e-05
1.065 0 0 0 0 -2.66315e-05 -2.33929e-05 -1.89103e-05 -1.55914e-05 -3.37264e-05 -3.36026e-05 -3.27648e-05 -3.26409e-05 -1.52026e-05 -2.82938e-05 -3.89933e-05 -5.20931e-05
1.085 0 0 0 0 -6.78568e-05 -6.46304e-05 -6.01478e-05 -5.68171e-05 -0.000124007 -0.000123916 -0.000123078 -0.000122922 -0.000118698 -0.000131762 -0.000142461 -0.000155589
1.105 0 0 0 0 -0.000105085 -0.00010192 -9.74398e-05 -9.40526e-05 -0.000197161 -0.000197036 -0.000196199 -0.000196078 -0.000224326 -0.000237373 -0.000248073 -0.000261218
1.125 0 0 0 0 -0.000140768 -0.000137672 -0.000133193 -0.00012974 -0.000264899 -0.000264733 -0.000263899 -0.000263823 -0.000325521 -0.000338554 -0.000349255 -0.000362417
1.145 0 0 0 0 -0.00016165 -0.000158532 -0.000154055 -0.000150629 -0.000323645 -0.00032351 -0.000322676 -0.000322573 -0.000399162 -0.000412172 -0.000422874 -0.00043606
1.165 0 0 0 0 -0.000154697 -0.000151493 -0.000147017 -0.00014368 -0.000338686 -0.000338604 -0.00033777 -0.000337614 -0.000417549 -0.000430543 -0.000441245 -0.000454447
1.185 0 0 0 0 -0.000140935 -0.000137747 -0.000133271 -0.000129919 -0.000303945 -0.000303829 -0.000302996 -0.000302874 -0.000384368 -0.000397375 -0.000408077 -0.000421267
1.205 0 0 0 0 -0.000140498 -0.000137426 -0.00013295 -0.000129482 -0.000258793 -0.000258607 -0.000257774 -0.000257722 -0.000323455 -0.000336493 -0.000347195 -0.000360354
1.225 0 0 0 0 -0.000125568 -0.00012248 -0.000118003 -0.000114551 -0.000215887 -0.000215743 -0.000214909 -0.000214816 -0.000238819 -0.000251872 -0.000262574 -0.000275718
1.245 0 0 0 0 -7.30175e-05 -6.97667e-05 -6.52905e-05 -6.20012e-05 -0.000142537 -0.000142486 -0.000141652 -0.000141465 -0.000130941 -0.000143997 -0.000154699 -0.00016784
1.265 0 0 0 0 -2.83339e-06 5.07756e-07 4.98393e-06 8.18284e-06 -2.05744e-05 -2.04943e-05 -1.96606e-05 -1.95031e-05 -9.56884e-06 -2.26502e-05 -3.33522e-05 -4.64677e-05
1.285 0 0 0 0 5.18318e-05 5.51399e-05 5.96161e-05 6.2848e-05 0.000107192 0.000107378 0.000108211 0.000108264 0.000114939 0.000101814 9.11122e-05 7.80404e-05
1.305 0 0 0 0 8.89352e-05 9.22669e-05 9.67431e-05 9.99514e-05 0.000195014 0.000195185 0.000196018 0.000196085 0.000242482 0.00022933 0.000218628 0.000205583
1.325 0 0 0 0 0.000116323 0.000119746 0.000124222 0.00012734 0.000248523 0.000248584 0.000249416 0.000249589 0.000359045 0.000345882 0.00033518 0.000322145
1.345 0 0 0 0 0.000143881 0.000147332 0.000151806 0.000154892 0.000308816 0.000308854 0.000309685 0.000309876 0.000447637 0.000434455 0.000423752 0.000410733
1.365 0 0 0 0 0.000153416 0.000156769 0.000161241 0.000164418 0.000354476 0.00035462 0.000355451 0.000355536 0.000477014 0.000463806 0.000453102 0.000440108
1.385 0 0 0 0 0.000138331 0.00014163 0.000146102 0.000149333 0.000332069 0.000332255 0.000333086 0.00033313 0.000436393 0.000423186 0.000412483 0.000399488
1.405 0 0 0 0 0.000128259 0.000131693 0.000136166 0.000139261 0.00026322 0.000263295 0.000264126 0.000264282 0.000361735 0.000348568 0.000337864 0.000324829
1.425 0 0 0 0 0.000104832 0.000108313 0.000112786 0.000115834 0.000187811 0.000187847 0.000188678 0.000188873 0.000261853 0.000248718 0.000238014 0.000224947
1.445 0 0 0 0 5.31654e-05 5.64811e-05 6.09532e-05 6.4167e-05 0.000113572 0.000113716 0.000114547 0.000114634 0.000143711 0.00013058 0.000119876 0.000106805
1.465 0 0 0 0 -2.09269e-07 2.99774e-06 7.4698e-06 1.07923e-05 2.49288e-05 2.51098e-05 2.59406e-05 2.59902e-05 3.17622e-05 1.86461e-05 7.94243e-06 -5.14327e-06
1.485 0 0 0 0 -4.04153e-05 -3.71645e-05 -3.26924e-05 -2.94137e-05 -7.54632e-05 -7.53742e-05 -7.45433e-05 -7.44017e-05 -6.6442e-05 -7.95214e-05 -9.02251e-05 -0.000103347
1.505 0 0 0 0 -7.39013e-05 -7.06458e-05 -6.61737e-05 -6.28997e-05 -0.000153914 -0.000153861 -0.00015303 -0.000152852 -0.000156493 -0.000169546 -0.00018025 -0.000193398
1.525 0 0 0 0 -0.000101821 -9.86645e-05 -9.41924e-05 -9.08189e-05 -0.000195456 -0.000195323 -0.000194492 -0.000194395 -0.000234033 -0.000247084 -0.000257788 -0.000270939
1.545 0 0 0 0 -0.000115269 -0.000112154 -0.000107682 -0.000104267 -0.000220448 -0.000220272 -0.000219441 -0.000219386 -0.000283444 -0.000296491 -0.000307194 -0.000320349
1.565 0 0 0 0 -0.000113451 -0.000110262 -0.00010579 -0.000102449 -0.000237921 -0.000237808 -0.000236977 -0.00023686 -0.000294033 -0.000307066 -0.000317769 -0.000330939
1.585 0 0 0 0 -0.000121655 -0.000118475 -0.000114003 -0.000110653 -0.000246514 -0.000246425 -0.000245595 -0.000245453 -0.000286045 -0.000299078 -0.000309781 -0.000322951
1.605 0 0 0 0 -0.000118675 -0.000115543 -0.000111071 -0.000107673 -0.00022083 -0.00022071 -0.000219879 -0.000219769 -0.000252279 -0.000265326 -0.00027603 -0.000289184
1.625 0 0 0 0 -0.000106677 -0.000103571 -9.9099e-05 -9.56749e-05 -0.000183632 -0.000183481 -0.00018265 -0.00018257 -0.000209434 -0.000222497 -0.0002332 -0.000246339
1.645 0 0 0 0 -0.00012206 -0.000119017 -0.000114545 -0.000111058 -0.000191498 -0.000191334 -0.000190504 -0.000190436 -0.000205209 -0.000218279 -0.000228983 -0.000242115
1.665 0 0 0 0 -0.000156687 -0.000153685 -0.000149213 -0.000145685 -0.000249368 -0.000249232 -0.000248401 -0.000248306 -0.000253873 -0.000266931 -0.000277635 -0.000290778
1.685 0 0 0 0 -0.000188146 -0.000185134 -0.000180661 -0.000177142 -0.000327318 -0.000327213 -0.000326382 -0.000326257 -0.000349093 -0.000362124 -0.000372828 -0.000385998
1.705 0 0 0 0 -0.000210918 -0.000207895 -0.000203424 -0.00019992 -0.000400236 -0.000400113 -0.000399282 -0.000399175 -0.000471957 -0.00048496 -0.000495664 -0.000508863
1.725 0 0 0 0 -0.000217208 -0.000214143 -0.000209674 -0.000206216 -0.000449295 -0.000449151 -0.000448323 -0.000448244 -0.00057515 -0.000588129 -0.000598834 -0.000612062
1.745 0 0 0 0 -0.000204209 -0.000201062 -0.000196593 -0.000193219 -0.000457521 -0.000457395 -0.000456568 -0.000456474 -0.000606755 -0.000619718 -0.000630424 -0.000643668
1.765 0 0 0 0 -0.000190008 -0.000186851 -0.000182382 -0.000179018 -0.000423003 -0.000422887 -0.00042206 -0.000421955 -0.000553644 -0.000566618 -0.000577323 -0.000590557
1.785 0 0 0 0 -0.000171651 -0.00016855 -0.000164081 -0.000160662 -0.000345332 -0.000345208 -0.000344381 -0.000344284 -0.000425868 -0.000438878 -0.000449583 -0.000462781
1.805 0 0 0 0 -0.000132139 -0.000129052 -0.000124583 -0.00012115 -0.000231893 -0.000231775 -0.000230948 -0.000230845 -0.000252519 -0.00026557 -0.000276276 -0.000289432
1.825 0 0 0 0 -6.43063e-05 -6.11425e-05 -5.66738e-05 -5.33171e-05 -9.31719e-05 -9.30738e-05 -9.2247e-05 -9.21245e-05 -6.83334e-05 -8.1421e-05 -9.21267e-05 -0.000105247
1.845 0 0 0 0 3.87902e-05 4.21304e-05 4.65991e-05 4.97794e-05 7.91319e-05 7.92127e-05 8.00396e-05 8.01793e-05 0.000124513 0.000111394 0.000100689 8.75996e-05
1.865 0 0 0 0 0.000176062 0.000179643 0.000184112 0.000187052 0.000300911 0.000300986 0.000301813 0.000301959 0.000357092 0.000343937 0.000333231 0.000320179
1.885 0 0 0 0 0.000295926 0.000299615 0.000304081 0.000306903 0.000535796 0.000535906 0.000536733 0.000536841 0.000626605 0.000613389 0.000602683 0.000589691
1.905 0 0 0 0 0.000341105 0.000344673 0.000349133 0.000352059 0.000701689 0.000701838 0.00070266 0.000702718 0.00087577 0.00086248 0.000851772 0.000838852
1.925 0 0 0 0 0.000328878 0.000332305 0.000336761 0.00033982 0.00076128 0.000761379 0.000762196 0.000762291 0.00104181 0.00102847 0.00101776 0.00100488
1.945 0 0 0 0 0.000282137 0.000285476 0.000289932 0.000293078 0.000709412 0.000709446 0.000710261 0.000710413 0.00104187 0.00102852 0.00101781 0.00100493
1.965 0 0 0 0 0.000230513 0.00023384 0.000238296 0.000241454 0.000578054 0.000578097 0.000578912 0.000579055 0.000850651 0.000837347 0.000826635 0.000813714
1.985 0 0 0 0 0.00017074 0.000174103 0.000178559 0.00018168 0.000380781 0.000380888 0.000381702 0.000381781 0.000507993 0.000494766 0.000484054 0.000471056
2.005 0 0 0 0 5.72364e-05 6.05533e-05 6.50094e-05 6.8177e-05 9.41801e-05 9.43392e-05 9.51534e-05 9.51807e-05 7.63026e-05 6.31705e-05 5.24585e-05 3.93657e-05
2.025 0 0 0 0 -0.000114761 -0.000111588 -0.000107132 -0.00010382 -0.000262353 -0.000262221 -0.000261407 -0.000261352 -0.000363942 -0.000376977 -0.000387689 -0.000400879
2.045 0 0 0 0 -0.000332078 -0.000329201 -0.000324747 -0.000321152 -0.000649539 -0.000649441 -0.000648628 -0.00064854 -0.000787668 -0.00080062 -0.000811332 -0.000824605
2.065 0 0 0 0 -0.000556368 -0.00055387 -0.000549427 -0.000545485 -0.00102855 -0.00102843 -0.00102762 -0.00102757 -0.00120934 -0.00122222 -0.00123293 -0.00124628
2.085 0 0 0 0 -0.000714709 -0.000712389 -0.000707958 -0.000703878 -0.00134842 -0.0013483 -0.0013475 -0.00134746 -0.00161168 -0.00162448 -0.0016352 -0.00164864
2.105 0 0 0 0 -0.000754706 -0.000752224 -0.000747804 -0.000743918 -0.00153747 -0.00153741 -0.00153662 -0.00153655 -0.00191885 -0.00193156 -0.00194229 -0.00195582
2.125 0 0 0 0 -0.000705952 -0.000703232 -0.000698814 -0.000695175 -0.00155371 -0.00155365 -0.00155286 -0.00155282 -0.00204251 -0.00205518 -0.00206591 -0.0020795
2.145 0 0 0 0 -0.000600401 -0.000597535 -0.000593118 -0.000589626 -0.00138048 -0.00138036 -0.00137958 -0.00137959 -0.00188611 -0.00189881 -0.00190954 -0.0019231
2.165 0 0 0 0 -0.000469504 -0.000466609 -0.000462192 -0.000458729 -0.0010578 -0.00105767 -0.00105688 -0.00105691 -0.00143704 -0.00144985 -0.00146058 -0.00147403
2.185 0 0 0 0 -0.000321097 -0.000318224 -0.000313807 -0.000310323 -0.000639014 -0.000638944 -0.000638158 -0.000638126 -0.000785623 -0.000798581 -0.000809308 -0.000822612
2.205 0 0 0 0 -0.000141568 -0.000138673 -0.000134256 -0.000130794 -0.000168726 -0.000168702 -0.000167917 -0.000167838 -8.38634e-05 -9.69823e-05 -0.000107709 -0.000120853
2.225 0 0 0 0 0.000118607 0.000121793 0.00012621 0.000129381 0.000351846 0.00035184 0.000352626 0.000352735 0.000576484 0.000563232 0.000552505 0.000539494
2.245 0 0 0 0 0.000425469 0.000429115 0.000433532 0.000436243 0.00087949 0.000879506 0.000880292 0.000880379 0.00114613 0.00113277 0.00112204 0.00110914
2.265 0 0 0 0 0.000676743 0.000680682 0.000685084 0.000687449 0.00132135 0.00132143 0.00132221 0.00132222 0.00160902 0.00159557 0.00158484 0.00157202
2.285 0 0 0 0 0.000792858 0.000796825 0.000801214 0.000803509 0.00158385 0.00158394 0.00158471 0.0015847 0.00195095 0.00193742 0.00192669 0.00191395
2.305 0 0 0 0 0.000783883 0.000787737 0.000792122 0.000794519 0.00164841 0.0016484 0.00164917 0.00164924 0.00214135 0.00212777 0.00211703 0.00210434
2.325 0 0 0 0 0.00069082 0.000694474 0.000698859 0.000701454 0.00153982 0.00153974 0.00154051 0.00154063 0.00210431 0.00209072 0.00207998 0.00206728
2.345 0 0 0 0 0.000602958 0.000606562 0.000610947 0.000613593 0.00134125 0.00134117 0.00134193 0.00134205 0.0018392 0.00182566 0.00181493 0.00180217
2.365 0 0 0 0 0.000508794 0.000512415 0.0005168 0.000519429 0.00105994 0.00105993 0.0010607 0.00106074 0.00137138 0.00135795 0.00134721 0.00133435
2.385 0 0 0 0 0.000345757 0.000349286 0.000353671 0.000356391 0.000659559 0.000659644 0.000660409 0.000660364 0.000769758 0.000756458 0.00074572 0.000732733
2.405 0 0 0 0 8.71342e-05 9.04041e-05 9.47887e-05 9.77677e-05 0.000136794 0.000136873 0.000137637 0.000137598 0.00011896 0.000105796 9.50589e-05 8.1935e-05
2.425 0 0 0 0 -0.000240795 -0.000237943 -0.000233559 -0.000230161 -0.000459522 -0.0004595 -0.000458735 -0.000458718 -0.000542208 -0.000555238 -0.000565976 -0.000579233
2.445 0 0 0 0 -0.00054435 -0.000541878 -0.000537492 -0.000533713 -0.0010204 -0.00102041 -0.00101964 -0.00101959 -0.00118289 -0.00119579 -0.00120653 -0.00121992
2.465 0 0 0 0 -0.000796833 -0.000794689 -0.000790303 -0.000786195 -0.00151318 -0.00151312 -0.00151235 -0.00151237 -0.00181974 -0.00183253 -0.00184326 -0.00185677
2.485 0 0 0 0 -0.000958378 -0.000956329 -0.000951958 -0.000947804 -0.00190496 -0.00190485 -0.00190409 -0.00190416 -0.00238709 -0.00239974 -0.00241048 -0.00242411
2.505 0 0 0 0 -0.00102108 -0.00101888 -0.00101453 -0.00101057 -0.00214927 -0.00214922 -0.00214847 -0.00214852 -0.00277189 -0.00278445 -0.00279519 -0.00280894
2.525 0 0 0 0 -0.00104745 -0.00104524 -0.00104088 -0.00103696 -0.00223535 -0.0022353 -0.00223455 -0.00223463 -0.00291379 -0.00292631 -0.00293705 -0.00295084
2.545 0 0 0 0 -0.00107887 -0.0010769 -0.00107254 -0.00106837 -0.0021987 -0.00219857 -0.00219782 -0.00219798 -0.00282173 -0.0028343 -0.00284505 -0.00285878
2.565 0 0 0 0 -0.00104055 -0.00103867 -0.00103431 -0.00103005 -0.00203393 -0.00203385 -0.00203311 -0.00203321 -0.00251308 -0.00252572 -0.00253647 -0.00255013
2.585 0 0 0 0 -0.000807114 -0.000804763 -0.00080041 -0.000796622 -0.00163045 -0.00163057 -0.00162983 -0.00162972 -0.00196856 -0.00198128 -0.00199202 -0.00200561
2.605 0 0 0 0 -0.000380691 -0.000377645 -0.000373291 -0.000370201 -0.000909685 -0.000909844 -0.000909099 -0.000908963 -0.00117406 -0.00118691 -0.00119766 -0.00121112
2.625 0 0 0 0 0.000116501 0.000120034 0.000124387 0.000126992 4.0368e-05 4.04184e-05 4.11623e-05 4.10877e-05 -0.000133288 -0.000146374 -0.00015712 -0.000170342
2.645 0 0 0 0 0.000552929 0.000556716 0.00056107 0.000563426 0.00100186 0.00100201 0.00100276 0.00100258 0.00108816 0.00107479 0.00106405 0.00105111
2.665 0 0 0 0 0.000837887 0.000841704 0.000846056 0.000848371 0.00177066 0.00177067 0.00177142 0.00177139 0.0022828 0.00226916 0.00225841 0.00224574
2.685 0 0 0 0 0.000989363 0.000992989 0.000997302 0.000999697 0.00228507 0.00228486 0.00228556 0.00228565 0.00318001 0.00316613 0.00315537 0.0031429
2.705 0 0 0 0 0.00108951 0.00109307 0.00109736 0.00109977 0.00256041 0.00256018 0.00256088 0.00256093 0.00357992 0.00356594 0.00355517 0.0035428
2.725 0 0 0 0 0.00117397 0.00117781 0.0011821 0.00118423 0.00258888 0.00258875 0.00258944 0.0025894 0.00344812 0.00343417 0.00342341 0.00341099
2.745 0 0 0 0 0.00118819 0.00119248 0.00119678 0.00119846 0.00235785 0.00235774 0.00235844 0.00235837 0.00292319 0.0029094 0.00289864 0.00288606
2.765 0 0 0 0 0.00102484 0.00102921 0.00103351 0.0010351 0.00187969 0.00187959 0.00188028 0.00188021 0.00219823 0.00218462 0.00217386 0.0021611
2.785 0 0 0 0 0.000645048 0.000648864 0.000653162 0.000655301 0.00119706 0.00119698 0.00119768 0.00119757 0.00140339 0.00138993 0.00137917 0.00136626
2.805 0 0 0 0 0.000144034 0.000146999 0.000151297 0.000154285 0.00038439 0.000384302 0.000384995 0.000384901 0.000565402 0.000552077 0.000541312 0.000528271
2.825 0 0 0 0 -0.000323411 -0.000321065 -0.000316767 -0.000313157 -0.000452145 -0.00045231 -0.000451617 -0.000451634 -0.000351021 -0.000364164 -0.00037493 -0.000388152
2.845 0 0 0 0 -0.000660032 -0.000657901 -0.000653601 -0.000649771 -0.00120109 -0.00120126 -0.00120056 -0.00120057 -0.00134322 -0.00135615 -0.00136691 -0.00138035
2.865 0 0 0 0 -0.000883216 -0.000881107 -0.00087681 -0.000872966 -0.00181623 -0.00181627 -0.00181557 -0.00181571 -0.00231608 -0.00232878 -0.00233955 -0.00235321
2.885 0 0 0 0 -0.00101671 -0.00101448 -0.00101018 -0.00100646 -0.00225749 -0.00225746 -0.00225677 -0.002257 -0.00304868 -0.00306121 -0.00307198 -0.00308582
2.905 0 0 0 0 -0.00109423 -0.00109195 -0.00108767 -0.00108406 -0.0024808 -0.00248085 -0.00248017 -0.00248036 -0.00335441 -0.00336685 -0.00337762 -0.00339157
2.925 0 0 0 0 -0.00116311 -0.00116112 -0.00115685 -0.00115294 -0.00248386 -0.00248394 -0.00248326 -0.00248343 -0.00323148 -0.00324398 -0.00325475 -0.00326864
2.945 0 0 0 0 -0.00116172 -0.00116011 -0.00115583 -0.00115154 -0.00226602 -0.00226608 -0.0022654 -0.00226559 -0.00278277 -0.00279541 -0.00280618 -0.00281993
2.965 0 0 0 0 -0.00097926 -0.000977554 -0.000973274 -0.000969082 -0.00182361 -0.00182375 -0.00182307 -0.00182318 -0.00213342 -0.00214619 -0.00215697 -0.00217058
2.985 0 0 0 0 -0.00058326 -0.00058089 -0.000576611 -0.000573087 -0.00114803 -0.00114825 -0.00114757 -0.0011476 -0.00135476 -0.00136766 -0.00137844 -0.00139192
3.005 0 0 0 0 -6.65767e-05 -6.34095e-05 -5.91317e-05 -5.64057e-05 -0.000277079 -0.000277239 -0.000276566 -0.000276653 -0.000442409 -0.000455477 -0.00046625 -0.000479573
3.025 0 0 0 0 0.000363432 0.000366934 0.000371212 0.000373608 0.000592858 0.000592885 0.000593557 0.000593285 0.000557262 0.000543958 0.000533185 0.000520097
3.045 0 0 0 0 0.000616737 0.00062021 0.000624491 0.000626917 0.00127151 0.00127153 0.0012722 0.00127194 0.00155068 0.00153714 0.00152636 0.00151352
3.065 0 0 0 0 0.000751041 0.00075448 0.000758758 0.000761212 0.00171808 0.00171786 0.00171853 0.00171852 0.00237671 0.00236299 0.00235222 0.00233955
3.085 0 0 0 0 0.000844781 0.000848241 0.000852522 0.000854955 0.0019897 0.00198936 0.00199003 0.00199014 0.00284367 0.00282986 0.00281909 0.00280651
3.105 0 0 0 0 0.000934994 0.000938567 0.000942847 0.000945167 0.00211028 0.00211009 0.00211076 0.00211071 0.00286951 0.00285568 0.00284491 0.00283235
3.125 0 0 0 0 0.000977385 0.000981228 0.000985507 0.000987558 0.00201614 0.0020161 0.00201678 0.00201657 0.00252462 0.00251088 0.0025001 0.00248745
3.145 0 0 0 0 0.000843718 0.000847648 0.000851927 0.000853889 0.00161844 0.0016184 0.00161907 0.00161887 0.00191936 0.00190577 0.001895 0.0018822
3.165 0 0 0 0 0.000450051 0.000453463 0.000457741 0.00046022 0.000901751 0.000901669 0.000902342 0.000902179 0.00110961 0.00109618 0.00108541 0.00107245
3.185 0 0 0 0 -0.000101447 -9.89046e-05 -9.4626e-05 -9.12774e-05 -2.65013e-05 -2.66104e-05 -2.59374e-05 -2.6075e-05 0.000121216 0.00010796 9.7187e-05 8.40511e-05
3.205 0 0 0 0 -0.000651972 -0.000650144 -0.000645863 -0.000641794 -0.00104299 -0.00104311 -0.00104244 -0.00104256 -0.00105951 -0.00107253 -0.0010833 -0.00109667
3.225 0 0 0 0 -0.00105116 -0.00104949 -0.00104521 -0.00104098 -0.00198204 -0.00198219 -0.00198151 -0.00198161 -0.00233451 -0.00234724 -0.00235801 -0.00237167
3.245 0 0 0 0 -0.00131388 -0.00131213 -0.00130786 -0.00130374 -0.00274735 -0.00274741 -0.00274674 -0.00274691 -0.00353024 -0.00354268 -0.00355346 -0.0035674
3.265 0 0 0 0 -0.00154794 -0.00154638 -0.00154215 -0.00153801 -0.00333907 -0.00333902 -0.00333839 -0.0033388 -0.00444936 -0.00446163 -0.00447241 -0.00448658
3.285 0 0 0 0 -0.00174548 -0.00174419 -0.00173999 -0.00173568 -0.0037181 -0.0037181 -0.00371748 -0.00371788 -0.0048951 -0.00490727 -0.00491806 -0.00493232
3.305 0 0 0 0 -0.001843 -0.00184191 -0.00183772 -0.00183324 -0.00380482 -0.00380499 -0.00380436 -0.0038046 -0.00482554 -0.00483772 -0.00484851 -0.00486276
3.325 0 0 0 0 -0.00172411 -0.00172301 -0.00171882 -0.00171435 -0.00347308 -0.00347335 -0.00347273 -0.00347286 -0.00428588 -0.00429818 -0.00430897 -0.0043231
3.345 0 0 0 0 -0.00135191 -0.00135049 -0.0013463 -0.00134215 -0.00271392 -0.0027141 -0.00271348 -0.00271371 -0.00337205 -0.00338456 -0.00339535 -0.00340928
3.365 0 0 0 0 -0.0007744 -0.000772283 -0.000768095 -0.000764653 -0.00163656 -0.00163667 -0.00163605 -0.00163636 -0.00214071 -0.00215347 -0.00216426 -0.00217794
3.385 0 0 0 0 -0.000107987 -0.00010499 -0.000100802 -9.82397e-05 -0.000385391 -0.000385556 -0.00038494 -0.00038519 -0.000631296 -0.000644344 -0.000655136 -0.000668527
3.405 0 0 0 0 0.000527533 0.000531184 0.000535374 0.000537298 0.000924964 0.000924715 0.000925331 0.00092517 0.00106946 0.00105607 0.00104528 0.00103223
3.425 0 0 0 0 0.00107676 0.0010807 0.00108489 0.00108651 0.00219089 0.00219063 0.00219125 0.00219111 0.00279353 0.00277974 0.00276895 0.00275629
3.445 0 0 0 0 0.00157811 0.00158227 0.00158642 0.00158767 0.00333269 0.00333237 0.00333299 0.00333288 0.00435288 0.00433875 0.00432796 0.00431565
3.465 0 0 0 0 0.00203636 0.00204086 0.00204495 0.00204559 0.00426498 0.0042645 0.00426505 0.00426494 0.00555792 0.00554351 0.0055327 0.00552062
3.485 0 0 0 0 0.00236087 0.00236562 0.00236964 0.00236982 0.00487342 0.00487293 0.00487346 0.00487326 0.00625778 0.00624322 0.0062324 0.00622047
3.505 0 0 0 0 0.00238332 0.0023879 0.0023919 0.00239219 0.00495929 0.00495898 0.00495951 0.00495913 0.00631375 0.00629915 0.00628833 0.00627643
3.525 0 0 0 0 0.00203368 0.00203765 0.00204165 0.00204253 0.00436856 0.00436832 0.00436884 0.0043684 0.00564318 0.00562869 0.00561787 0.00560587
3.545 0 0 0 0 0.00140454 0.00140786 0.00141186 0.00141339 0.00315401 0.0031536 0.00315412 0.00315384 0.00425163 0.00423744 0.00422662 0.00421431
3.565 0 0 0 0 0.000626617 0.000629286 0.00063328 0.000635454 0.00152871 0.00152819 0.00152871 0.00152852 0.00222163 0.00220789 0.00219707 0.00218431
3.585 0 0 0 0 -0.000159302 -0.0001572 -0.000153203 -0.000150454 -0.000236228 -0.000236626 -0.000236109 -0.000236419 -0.000191322 -0.000204545 -0.000215367 -0.000228648
3.605 0 0 0 0 -0.000859604 -0.000857801 -0.000853794 -0.000850745 -0.00191701 -0.00191727 -0.00191674 -0.00191717 -0.00258237 -0.00259506 -0.00260589 -0.0026197
3.625 0 0 0 0 -0.0014815 -0.00148003 -0.00147603 -0.00147262 -0.00336418 -0.00336442 -0.0033639 -0.00336436 -0.00456462 -0.00457685 -0.00458767 -0.00460193
3.645 0 0 0 0 -0.00203603 -0.00203526 -0.00203132 -0.00202744 -0.00445283 -0.00445315 -0.0044527 -0.00445323 -0.00589102 -0.005903 -0.00591384 -0.0059284
3.665 0 0 0 0 -0.00236059 -0.00236039 -0.00235649 -0.00235221 -0.00498177 -0.0049822 -0.00498174 -0.00498219 -0.00640069 -0.00641257 -0.00642341 -0.00643807
3.685 0 0 0 0 -0.00221181 -0.00221132 -0.00220742 -0.00220343 -0.00470032 -0.00470093 -0.00470047 -0.00470075 -0.00597859 -0.00599053 -0.00600137 -0.00601597
3.705 0 0 0 0 -0.00146335 -0.00146166 -0.00145776 -0.001455 -0.00341415 -0.00341487 -0.00341442 -0.00341459 -0.00451237 -0.00452456 -0.0045354 -0.00454975
3.725 0 0 0 0 -0.000304033 -0.000300964 -0.00029708 -0.000295708 -0.00123817 -0.00123874 -0.00123829 -0.00123864 -0.00201799 -0.00203069 -0.00204153 -0.00205537
3.745 0 0 0 0 0.000901969 0.000905821 0.00090971 0.000910315 0.0013684 0.00136811 0.00136856 0.00136794 0.00125583 0.00124237 0.00123152 0.00121843
3.765 0 0 0 0 0.0018678 0.00187179 0.00187567 0.00187613 0.00382169 0.0038214 0.00382185 0.00382125 0.00475827 0.00474399 0.00473315 0.00472089
3.785 0 0 0 0 0.00255764 0.00256143 0.00256529 0.00256571 0.0057491 0.00574829 0.00574865 0.00574823 0.00777515 0.00776009 0.00774922 0.00773762
3.805 0 0 0 0 0.00301452 0.00301797 0.00302163 0.00302172 0.00696296 0.00696169 0.00696189 0.00696136 0.00960911 0.00959353 0.00958261 0.00957136
3.825 0 0 0 0 0.00324715 0.00325076 0.00325433 0.00325402 0.00733469 0.00733359 0.00733376 0.00733299 0.00989278 0.00987713 0.0098662 0.00985502
3.845 0 0 0 0 0.00315108 0.00315517 0.00315874 0.00315796 0.00673442 0.00673352 0.00673367 0.00673267 0.0086933 0.00867794 0.00866701 0.00865552
3.865 0 0 0 0 0.00259568 0.00259995 0.00260353 0.00260257 0.00519145 0.00519051 0.00519064 0.00518965 0.00641849 0.00640369 0.00639275 0.0063807
3.885 0 0 0 0 0.00144649 0.00144965 0.00145322 0.00145335 0.00283034 0.0028294 0.00282953 0.00282853 0.00343172 0.00341755 0.00340661 0.00339392
3.905 0 0 0 0 -0.000155816 -0.000154897 -0.000151261 -0.00014889 -0.000101125 -0.000101983 -0.000101847 -0.000102928 -1.1268e-05 -2.47916e-05 -3.57322e-05 -4.90691e-05
3.925 0 0 0 0 -0.00172323 -0.00172401 -0.00172043 -0.0017163 -0.00313603 -0.00313703 -0.00313687 -0.00313776 -0.00360998 -0.00362275 -0.0036337 -0.00364779
3.945 0 0 0 0 -0.00275345 -0.00275444 -0.00275084 -0.0027466 -0.00561022 -0.00561156 -0.00561144 -0.00561199 -0.00688404 -0.00689599 -0.00690691 -0.00692179
3.965 0 0 0 0 -0.00316925 -0.00317006 -0.00316674 -0.00316355 -0.00705244 -0.0070539 -0.00705395 -0.00705502 -0.00927361 -0.00928504 -0.00929604 -0.00931163
3.985 0 0 0 0 -0.00334662 -0.0033478 -0.00334458 -0.0033413 -0.00758635 -0.00758733 -0.00758754 -0.00758955 -0.0104184 -0.0104297 -0.0104407 -0.0104566
4.005 0 0 0 0 -0.00360538 -0.00360776 -0.00360452 -0.00360005 -0.00767475 -0.00767541 -0.0076756 -0.00767793 -0.0103083 -0.0103198 -0.0103308 -0.0103465
4.025 0 0 0 0 -0.00377163 -0.00377483 -0.00377156 -0.00376626 -0.00742445 -0.00742575 -0.00742595 -0.00742766 -0.00919621 -0.00920794 -0.00921898 -0.00923445
4.045 0 0 0 0 -0.00348448 -0.00348756 -0.0034843 -0.00347913 -0.00654575 -0.00654772 -0.00654794 -0.00654902 -0.00753046 -0.00754251 -0.00755356 -0.00756871
4.065 0 0 0 0 -0.0025077 -0.00250955 -0.00250631 -0.00250241 -0.00476854 -0.00477033 -0.00477056 -0.00477182 -0.0055619 -0.00557435 -0.0055854 -0.00560016
4.085 0 0 0 0 -0.00100563 -0.00100532 -0.0010021 -0.00100039 -0.00229398 -0.00229521 -0.00229545 -0.00229728 -0.00322121 -0.00323412 -0.00324517 -0.00325947
4.105 0 0 0 0 0.000493337 0.000495862 0.000499096 0.000498671 0.000322611 0.000321524 0.00032129 0.000319298 -0.000375112 -0.000388556 -0.000399609 -0.000413376
4.125 0 0 0 0 0.00144637 0.00144946 0.00145267 0.00145163 0.00254244 0.00254116 0.00254093 0.0025392 0.00276214 0.00274801 0.00273696 0.00272387
4.145 0 0 0 0 0.00178767 0.00178973 0.00179294 0.00179296 0.00411402 0.0041125 0.00411224 0.00411072 0.00559371 0.00557887 0.00556784 0.0055555
4.165 0 0 0 0 0.00198014 0.00198146 0.0019847 0.00198549 0.00511601 0.00511423 0.00511403 0.00511283 0.007496 0.00748067 0.00746963 0.00745777
4.185 0 0 0 0 0.00238002 0.00238223 0.00238548 0.00238536 0.00569257 0.00569062 0.00569042 0.00568937 0.00809901 0.00808363 0.00807258 0.00806078
4.205 0 0 0 0 0.00288049 0.00288452 0.00288778 0.00288587 0.00588731 0.00588557 0.00588536 0.0058841 0.00754162 0.00752648 0.00751543 0.00750338
4.225 0 0 0 0 0.00307231 0.00307747 0.00308073 0.00307767 0.00558738 0.00558607 0.00558585 0.00558414 0.0063758 0.00636097 0.00634992 0.00633755
4.245 0 0 0 0 0.00264783 0.00265259 0.00265584 0.00265316 0.00467319 0.00467197 0.00467175 0.00466994 0.00514007 0.0051255 0.00511445 0.00510182
4.265 0 0 0 0 0.00166801 0.00167102 0.00167425 0.00167331 0.00323648 0.00323491 0.00323469 0.00323322 0.00397121 0.00395683 0.00394578 0.00393297
4.285 0 0 0 0 0.000421298 0.000421837 0.000425064 0.000426573 0.00146752 0.00146575 0.00146552 0.00146425 0.0024967 0.0024825 0.00247146 0.00245845
4.305 0 0 0 0 -0.000702807 -0.000704079 -0.000700837 -0.000697464 -0.000455208 -0.000456818 -0.000457046 -0.000458488 0.000312353 0.000298525 0.000287475 0.000274101
4.325 0 0 0 0 -0.00146662 -0.0014681 -0.00146487 -0.00146133 -0.00240315 -0.00240455 -0.00240478 -0.0024064 -0.0025593 -0.00257248 -0.00258353 -0.00259756
4.345 0 0 0 0 -0.00190817 -0.00190857 -0.00190536 -0.00190288 -0.00417797 -0.00417937 -0.00417964 -0.00418127 -0.00553776 -0.00555013 -0.00556117 -0.00557598
4.365 0 0 0 0 -0.00224854 -0.00224817 -0.0022449 -0.0022432 -0.00551942 -0.00552073 -0.00552092 -0.00552258 -0.00779269 -0.00780447 -0.00781551 -0.00783092
4.385 0 0 0 0 -0.00261577 -0.00261591 -0.00261267 -0.00261048 -0.00622421 -0.00622542 -0.00622561 -0.0062274 -0.00870004 -0.00871166 -0.0087227 -0.00873827
4.405 0 0 0 0 -0.00288777 -0.00288912 -0.00288588 -0.00288245 -0.00620621 -0.00620749 -0.0062077 -0.00620942 -0.00815957 -0.00817141 -0.00818245 -0.00819781
4.425 0 0 0 0 -0.00275949 -0.00276148 -0.00275823 -0.00275416 -0.00539833 -0.00539995 -0.00540017 -0.00540158 -0.00652586 -0.0065381 -0.00654915 -0.00656411
4.445 0 0 0 0 -0.00197264 -0.00197387 -0.00197063 -0.00196735 -0.00371836 -0.00372022 -0.00372045 -0.00372164 -0.00423979 -0.0042525 -0.00426355 -0.00427804
4.465 0 0 0 0 -0.000544583 -0.000543769 -0.000540545 -0.000539332 -0.00121781 -0.00121955 -0.00121978 -0.0012211 -0.00150492 -0.00151814 -0.00152919 -0.00154317
4.485 0 0 0 0 0.00117108 0.00117426 0.00117748 0.00117645 0.00177773 0.00177631 0.00177608 0.00177449 0.00170043 0.00168659 0.00167553 0.00166216
4.505 0 0 0 0 0.00269357 0.00269842 0.00270163 0.00269885 0.00477414 0.00477278 0.00477256 0.0047709 0.00534337 0.00532878 0.00531774 0.00530513
4.525 0 0 0 0 0.00368641 0.00369152 0.0036948 0.00369179 0.0072987 0.00729716 0.00729694 0.00729545 0.00902197 0.00900653 0.00899548 0.00898373
4.545 0 0 0 0 0.00417937 0.00418321 0.00418608 0.00418336 0.00906644 0.00906449 0.00906421 0.00906282 0.0120095 0.0119933 0.0119822 0.0119712
4.565 0 0 0 0 0.00452848 0.00453223 0.00453492 0.0045325 0.0101015 0.0100989 0.0100983 0.0100968 0.0137007 0.0136839 0.0136727 0.013662
4.585 0 0 0 0 0.00487309 0.00487793 0.00488061 0.00487753 0.0104451 0.0104425 0.0104419 0.0104403 0.0138187 0.013802 0.0137908 0.01378
4.605 0 0 0 0 0.00494318 0.00494894 0.00495163 0.00494761 0.00995858 0.00995632 0.00995572 0.00995377 0.0124941 0.0124778 0.0124666 0.0124554
4.625 0 0 0 0 0.00436538 0.00437086 0.00437353 0.00436955 0.00844577 0.00844382 0.00844319 0.00844088 0.0101479 0.010132 0.0101208 0.0101092
4.645 0 0 0 0 0.00301738 0.00302107 0.00302372 0.00302115 0.00589625 0.00589419 0.00589355 0.0058913 0.00714851 0.00713324 0.00712208 0.0071098
4.665 0 0 0 0 0.0013125 0.00131393 0.00131656 0.0013158 0.00279655 0.00279402 0.00279336 0.00279154 0.00378832 0.00377375 0.00376259 0.00374962
4.685 0 0 0 0 -0.000149185 -0.00014932 -0.00014667 -0.000146126 -0.000110673 -0.000113494 -0.00011414 -0.000115685 0.00032304 0.000309224 0.00029805 0.000284321
4.705 0 0 0 0 -0.00101746 -0.00101791 -0.00101527 -0.00101469 -0.00227294 -0.00227545 -0.00227605 -0.0022778 -0.00285274 -0.00286585 -0.00287703 -0.00289146
4.725 0 0 0 0 -0.00134071 -0.00134068 -0.00133798 -0.00133775 -0.00353391 -0.00353602 -0.00353671 -0.00353889 -0.00515408 -0.00516662 -0.00517775 -0.0051927
4.745 0 0 0 0 -0.00154418 -0.00154421 -0.00154154 -0.00154135 -0.00414077 -0.00414256 -0.00414322 -0.00414566 -0.00620413 -0.00621645 -0.00622761 -0.00624278
4.765 0 0 0 0 -0.00195913 -0.00196054 -0.00195787 -0.00195629 -0.00442644 -0.00442821 -0.00442887 -0.00443133 -0.00609651 -0.00610896 -0.00612012 -0.00613516
4.785 0 0 0 0 -0.00244903 -0.00245236 -0.00244971 -0.00244622 -0.00452023 -0.00452224 -0.00452289 -0.00452512 -0.00533718 -0.00534994 -0.0053611 -0.00537585
4.805 0 0 0 0 -0.00260523 -0.0026094 -0.00260675 -0.00260241 -0.00434221 -0.00434453 -0.00434518 -0.00434713 -0.00455445 -0.00456742 -0.00457858 -0.00459311
4.825 0 0 0 0 -0.00216267 -0.00216581 -0.00216315 -0.00215982 -0.00375284 -0.00375519 -0.00375585 -0.00375775 -0.00405755 -0.00407057 -0.00408173 -0.00409622
4.845 0 0 0 0 -0.0012818 -0.00128277 -0.00128012 -0.00127891 -0.00276955 -0.0027716 -0.00277227 -0.00277447 -0.00365345 -0.00366644 -0.00367759 -0.00369211
4.865 0 0 0 0 -0.000608216 -0.000607976 -0.000605327 -0.000605198 -0.00183375 -0.00183531 -0.00183597 -0.00183866 -0.00308708 -0.00310017 -0.00311133 -0.00312575
4.885 0 0 0 0 -0.000600295 -0.000600762 -0.000598115 -0.000597238 -0.00143327 -0.0014347 -0.00143536 -0.00143818 -0.00231823 -0.00233158 -0.00234273 -0.0023569
4.905 0 0 0 0 -0.00114742 -0.00114966 -0.00114701 -0.00114443 -0.00169905 -0.00170094 -0.0017016 -0.00170394 -0.00169816 -0.00171173 -0.00172289 -0.00173683
4.925 0 0 0 0 -0.00170083 -0.00170429 -0.00170165 -0.00169795 -0.00228705 -0.00228953 -0.00229019 -0.00229195 -0.00171202 -0.00172561 -0.00173676 -0.00175069
4.945 0 0 0 0 -0.00186966 -0.00187301 -0.00187036 -0.0018668 -0.00283584 -0.00283823 -0.0028389 -0.00284074 -0.00261858 -0.00263195 -0.00264311 -0.00265725
4.965 0 0 0 0 -0.00175139 -0.00175368 -0.00175104 -0.00174856 -0.00334681 -0.00334859 -0.00334924 -0.00335171 -0.00418843 -0.00420141 -0.00421257 -0.00422709
4.985 0 0 0 0 -0.00173252 -0.00173376 -0.0017311 -0.00172969 -0.00402306 -0.00402453 -0.00402518 -0.00402795 -0.00579369 -0.00580625 -0.00581741 -0.00583235
5.005 0 0 0 0 -0.00204967 -0.00205079 -0.00204812 -0.00204685 -0.00483526 -0.00483701 -0.00483766 -0.00484012 -0.00680581 -0.00681807 -0.00682923 -0.00684446
5.025 0 0 0 0 -0.0025925 -0.00259476 -0.00259204 -0.00258963 -0.00546887 -0.00547102 -0.00547167 -0.00547373 -0.00701487 -0.00702712 -0.00703828 -0.00705352
5.045 0 0 0 0 -0.00299964 -0.00300344 -0.00300071 -0.00299675 -0.00563948 -0.00564165 -0.0056423 -0.00564436 -0.00666408 -0.00667653 -0.00668769 -0.00670274
5.065 0 0 0 0 -0.00282832 -0.00283216 -0.00282944 -0.00282544 -0.00517506 -0.0051772 -0.00517785 -0.00517994 -0.0059945 -0.00600712 -0.00601827 -0.00603316
5.085 0 0 0 0 -0.00190232 -0.00190399 -0.00190129 -0.00189946 -0.00394475 -0.00394708 -0.00394774 -0.00394964 -0.00491459 -0.00492728 -0.00493844 -0.00495325
5.105 0 0 0 0 -0.000409464 -0.000407906 -0.000405226 -0.000406448 -0.00181404 -0.00181648 -0.00181715 -0.00181896 -0.00296274 -0.00297566 -0.00298681 -0.0030014
5.125 0 0 0 0 0.00126079 0.00126478 0.00126747 0.00126429 0.00116584 0.0011636 0.00116295 0.00116096 0.000332103 0.000318536 0.000307372 0.000293418
5.145 0 0 0 0 0.00271618 0.00272091 0.00272361 0.00272007 0.0045607 0.00455865 0.00455802 0.00455588 0.00488151 0.00486687 0.00485572 0.00484284
5.165 0 0 0 0 0.00379891 0.00380319 0.00380588 0.00380312 0.00777465 0.0077724 0.00777175 0.00776979 0.0098654 0.00984955 0.00983839 0.00982672
5.185 0 0 0 0 0.00466414 0.00466805 0.0046707 0.0046685 0.0104053 0.0104026 0.010402 0.0104004 0.0141072 0.0140904 0.0140792 0.0140686
5.205 0 0 0 0 0.00547644 0.0054813 0.00548384 0.00548309 0.0122461 0.0122436 0.0122427 0.0122413 0.0166234 0.0166058 0.0165945 0.0165844
5.225 0 0 0 0 0.00621556 0.00622281 0.00622552 0.00622527 0.0131723 0.0131702 0.0131695 0.0131679 0.0171354 0.0171177 0.0171065 0.0170964
5.245 0 0 0 0 0.00649522 0.00650392 0.00650647 0.00650463 0.0128782 0.0128764 0.0128756 0.0128737 0.0159061 0.0158888 0.0158776 0.0158671
5.265 0 0 0 0 0.00578368 0.00579196 0.00579448 0.00579216 0.0110964 0.0110944 0.0110936 0.0110916 0.0133607 0.013344 0.0133328 0.0133217
5.285 0 0 0 0 0.00398432 0.00398942 0.00399192 0.00399093 0.00792873 0.00792651 0.00792561 0.00792346 0.00981879 0.00980275 0.00979151 0.00977971
5.305 0 0 0 0 0.00162136 0.00162221 0.00162462 0.00162552 0.0038612 0.00385854 0.00385754 0.0038554 0.00541811 0.00540289 0.00539162 0.00537898
5.325 0 0 0 0 -0.000633985 -0.000636324 -0.000634009 -0.000632281 -0.000481725 -0.000484779 -0.000485839 -0.000488004 0.000239096 0.000224951 0.000213662 0.000199937
5.345 0 0 0 0 -0.0023902 -0.00239437 -0.00239239 -0.00239039 -0.00454708 -0.00455 -0.00455093 -0.00455342 -0.0053494 -0.00536226 -0.0053735 -0.00538843
5.365 0 0 0 0 -0.0037471 -0.00375153 -0.00374944 -0.00374721 -0.00807079 -0.00807321 -0.0080741 -0.00807702 -0.0106475 -0.0106592 -0.0106705 -0.0106866
5.385 0 0 0 0 -0.00496778 -0.00497217 -0.0049708 -0.00496811 -0.0109674 -0.0109702 -0.0109717 -0.0109757 -0.014811 -0.0148219 -0.0148333 -0.0148506
5.405 0 0 0 0 -0.00610796 -0.00611001 -0.00610846 -0.00610338 -0.0130966 -0.0130991 -0.0131005 -0.0131037 -0.0172403 -0.0172507 -0.017262 -0.01728
5.425 0 0 0 0 -0.00686364 -0.00686433 -0.00686263 -0.00685498 -0.0140605 -0.0140633 -0.0140646 -0.014067 -0.0177548 -0.017765 -0.0177764 -0.0177944
5.445 0 0 0 0 -0.00683498 -0.00683671 -0.00683509 -0.00682672 -0.0134682 -0.0134711 -0.0134724 -0.013475 -0.0165583 -0.0165689 -0.0165803 -0.016598
5.465 0 0 0 0 -0.00578428 -0.0057864 -0.00578483 -0.00577785 -0.011315 -0.0113177 -0.0113191 -0.0113222 -0.0139663 -0.0139776 -0.013989 -0.014006
5.485 0 0 0 0 -0.00387014 -0.00387137 -0.00386989 -0.00386651 -0.0079548 -0.00795776 -0.00795928 -0.00796259 -0.0101885 -0.0102005 -0.0102119 -0.0102282
5.505 0 0 0 0 -0.00154316 -0.0015431 -0.00154169 -0.00154271 -0.00378588 -0.00378925 -0.00379092 -0.00379436 -0.00531094 -0.00532383 -0.00533528 -0.00535072
5.525 0 0 0 0 0.000720759 0.000721789 0.000723345 0.000720806 0.000790459 0.00078695 0.000785282 0.000781824 0.000449859 0.000435729 0.00042425 0.000410023
5.545 0 0 0 0 0.00269942 0.002701 0.00270201 0.0026988 0.00533599 0.0053326 0.00533091 0.00532754 0.0065833 0.0065678 0.0065564 0.00654364
5.565 0 0 0 0 0.00436232 0.00436502 0.00436624 0.00436395 0.00934362 0.00934048 0.00933899 0.00933608 0.0122276 0.0122108 0.0121993 0.0121879
5.585 0 0 0 0 0.00577223 0.0057765 0.00577782 0.00577559 0.0124595 0.0124563 0.0124548 0.0124524 0.0165133 0.0164955 0.0164842 0.0164737
5.605 0 0 0 0 0.0069052 0.00691255 0.0069141 0.0069149 0.0145183 0.0145159 0.0145147 0.0145129 0.0189266 0.0189083 0.0188969 0.0188869
5.625 0 0 0 0 0.00760056 0.00761094 0.00761263 0.00761555 0.0153818 0.0153798 0.0153787 0.0153767 0.0194269 0.0194086 0.0193972 0.0193873
5.645 0 0 0 0 0.0076513 0.00766261 0.00766432 0.00766589 0.0148907 0.0148885 0.0148875 0.0148853 0.0183266 0.0183086 0.0182972 0.0182869
5.665 0 0 0 0 0.00679538 0.00680553 0.00680723 0.00680781 0.0130374 0.0130348 0.0130336 0.0130315 0.0159642 0.0159467 0.0159354 0.0159245
5.685 0 0 0 0 0.00497556 0.00498167 0.00498325 0.00498419 0.00993119 0.00992846 0.00992715 0.00992452 0.0124493 0.0124325 0.012421 0.0124095
5.705 0 0 0 0 0.00259668 0.00259758 0.00259893 0.00260016 0.0058325 0.00582946 0.00582791 0.00582472 0.00781308 0.00779708 0.00778564 0.0077733
5.725 0 0 0 0 0.000261246 0.000259292 0.000260759 0.000261884 0.00123608 0.00123232 0.00123047 0.00122721 0.00224449 0.00222969 0.00221818 0.00220459
5.745 0 0 0 0 -0.00176769 -0.0017698 -0.00176869 -0.00176877 -0.00334409 -0.00334765 -0.00334941 -0.00335273 -0.00386673 -0.00388011 -0.00389159 -0.00390657
5.765 0 0 0 0 -0.00358287 -0.0035844 -0.00358318 -0.003581 -0.00756098 -0.00756411 -0.00756573 -0.00756922 -0.0098474 -0.00985939 -0.00987079 -0.00988707
5.785 0 0 0 0 -0.00526603 -0.00526723 -0.00526606 -0.00526171 -0.0112044 -0.0112069 -0.0112085 -0.0112121 -0.0148401 -0.014851 -0.0148625 -0.0148798
5.805 0 0 0 0 -0.00663585 -0.00663689 -0.00663571 -0.00662959 -0.0139316 -0.0139343 -0.0139357 -0.0139388 -0.0180998 -0.01811 -0.0181213 -0.0181394
5.825 0 0 0 0 -0.00722475 -0.00722186 -0.00722008 -0.00721211 -0.0150616 -0.0150647 -0.0150657 -0.0150672 -0.019119 -0.0191288 -0.0191402 -0.0191587
5.845 0 0 0 0 -0.00675797 -0.00675553 -0.00675415 -0.00674716 -0.014092 -0.0140953 -0.0140965 -0.0140981 -0.0178031 -0.0178132 -0.0178246 -0.0178428
5.865 0 0 0 0 -0.00526746 -0.00526631 -0.0052652 -0.00526042 -0.0110815 -0.0110845 -0.0110859 -0.0110885 -0.0142956 -0.0143065 -0.0143179 -0.0143353
5.885 0 0 0 0 -0.00309719 -0.00309742 -0.00309647 -0.00309503 -0.00670657 -0.00670957 -0.00671122 -0.00671477 -0.00897732 -0.0089895 -0.00900095 -0.00901711
5.905 0 0 0 0 -0.000843486 -0.000843783 -0.000842596 -0.00084399 -0.00189609 -0.00189946 -0.00190139 -0.00190532 -0.00263948 -0.0026531 -0.00266461 -0.00267937
5.925 0 0 0 0 0.00094871 0.000947338 0.000948773 0.000950136 0.00247995 0.00247662 0.00247494 0.00247147 0.00352017 0.00350509 0.00349356 0.00348024
5.945 0 0 0 0 0.00227056 0.00226986 0.0022712 0.00227408 0.00590111 0.00589836 0.00589686 0.0058935 0.00841549 0.00839921 0.00838779 0.00837576
5.965 0 0 0 0 0.00336486 0.00336595 0.00336728 0.00337066 0.00812147 0.00811872 0.00811722 0.00811424 0.0113348 0.0113179 0.0113064 0.011295
5.985 0 0 0 0 0.00416089 0.00416446 0.0041658 0.0041678 0.0090516 0.00904864 0.00904716 0.00904446 0.0120398 0.012023 0.0120116 0.0120002
6.005 0 0 0 0 0.00424253 0.00424706 0.00424843 0.00424911 0.00857244 0.00856966 0.00856819 0.00856506 0.0107323 0.0107158 0.0107043 0.0106925
6.025 0 0 0 0 0.00349816 0.00350174 0.00350301 0.00350261 0.00677462 0.00677176 0.00677018 0.00676661 0.0081046 0.00808868 0.00807724 0.00806481
6.045 0 0 0 0 0.00215415 0.00215562 0.0021569 0.00215568 0.00405448 0.00405094 0.00404919 0.00404587 0.00486996 0.00485479 0.0048433 0.00483008
6.065 0 0 0 0 0.000542581 0.000542821 0.000544204 0.000543603 0.00102176 0.00101774 0.00101593 0.00101289 0.00143133 0.00141691 0.00140539 0.00139142
6.085 0 0 0 0 -0.00103169 -0.00103232 -0.00103095 -0.00103087 -0.00186597 -0.00186952 -0.00187132 -0.00187468 -0.00206591 -0.0020797 -0.00209121 -0.00210581
6.105 0 0 0 0 -0.0022499 -0.00225139 -0.00225034 -0.0022489 -0.00436325 -0.00436649 -0.00436825 -0.00437186 -0.00537584 -0.00538891 -0.00540034 -0.0054156
6.125 0 0 0 0 -0.00297704 -0.00297719 -0.00297614 -0.00297435 -0.00627445 -0.00627777 -0.00627941 -0.00628254 -0.00807635 -0.00808872 -0.00810019 -0.00811618
6.145 0 0 0 0 -0.00331888 -0.00331775 -0.00331662 -0.00331509 -0.0073769 -0.00738032 -0.00738186 -0.00738459 -0.00972863 -0.00974051 -0.00975193 -0.00976836
6.165 0 0 0 0 -0.00346025 -0.00345936 -0.00345819 -0.00345619 -0.00759999 -0.0076031 -0.00760461 -0.00760757 -0.0100828 -0.0100946 -0.0101061 -0.0101225
6.185 0 0 0 0 -0.00341193 -0.0034123 -0.00341116 -0.00340843 -0.00707061 -0.00707355 -0.00707511 -0.00707847 -0.00916562 -0.00917781 -0.00918925 -0.00920539
6.205 0 0 0 0 -0.00307522 -0.00307668 -0.00307559 -0.00307287 -0.00597326 -0.00597648 -0.00597811 -0.00598149 -0.00732806 -0.00734072 -0.00735218 -0.00736789
6.225 0 0 0 0 -0.00237335 -0.00237521 -0.00237406 -0.00237241 -0.0043937 -0.00439731 -0.00439902 -0.00440225 -0.00506104 -0.00507419 -0.00508566 -0.00510088
6.245 0 0 0 0 -0.00121523 -0.00121605 -0.00121479 -0.0012151 -0.00227854 -0.00228225 -0.00228409 -0.00228743 -0.0025855 -0.00259914 -0.00261063 -0.00262535
6.265 0 0 0 0 0.000310899 0.000311707 0.000313149 0.000312162 0.0003032 0.000299634 0.00029787 0.000294481 0.000157712 0.000143564 0.000132049 0.000117807
6.285 0 0 0 0 0.00197671 0.00197886 0.00198017 0.00197798 0.00319975 0.00319617 0.00319441 0.0031912 0.00339727 0.00338252 0.00337101 0.00335736
6.305 0 0 0 0 0.00342859 0.00343329 0.00343464 0.00343258 0.00610483 0.00610133 0.0060997 0.0060967 0.00707892 0.00706342 0.007052 0.00703917
6.325 0 0 0 0 0.00444554 0.0044511 0.00445251 0.00445237 0.00867094 0.00866781 0.00866637 0.00866364 0.0107539 0.0107375 0.0107261 0.0107141
6.345 0 0 0 0 0.00491694 0.00492189 0.00492331 0.00492548 0.0104177 0.010415 0.0104136 0.0104109 0.0135567 0.0135395 0.0135281 0.013517
6.365 0 0 0 0 0.00499853 0.0050029 0.00500432 0.00500764 0.0110332 0.0110306 0.0110293 0.0110267 0.0147268 0.0147093 0.0146979 0.0146871
6.385 0 0 0 0 0.00489609 0.00490087 0.00490227 0.00490463 0.0105398 0.0105369 0.0105356 0.0105332 0.0139892 0.0139719 0.0139605 0.0139495
6.405 0 0 0 0 0.0045611 0.00456643 0.00456778 0.00456808 0.00913555 0.00913231 0.00913086 0.00912827 0.01161 0.0115934 0.011582 0.0115703
6.425 0 0 0 0 0.00375144 0.00375602 0.00375727 0.00375591 0.00695722 0.00695394 0.00695234 0.0069491 0.00822254 0.0082067 0.00819524 0.00818272
6.445 0 0 0 0 0.00225418 0.00225591 0.00225714 0.00225548 0.00399936 0.00399617 0.0039944 0.00399065 0.00440394 0.00438887 0.00437738 0.00436408
6.465 0 0 0 0 4.88311e-05 4.80803e-05 4.95089e-05 4.98101e-05 0.000244024 0.000240771 0.000238969 0.00023517 0.000281045 0.000266701 0.000255171 0.000241101
6.485 0 0 0 0 -0.00243901 -0.00244222 -0.00244122 -0.00243868 -0.0040137 -0.00401702 -0.0040188 -0.00402237 -0.00428059 -0.00429407 -0.00430557 -0.00432049
6.505 0 0 0 0 -0.00447627 -0.00447854 -0.0044773 -0.0044713 -0.00806309 -0.00806662 -0.00806824 -0.00807106 -0.00915915 -0.00917148 -0.0091829 -0.00919889
6.525 0 0 0 0 -0.00552716 -0.00552675 -0.00552542 -0.00551927 -0.0110687 -0.011072 -0.0110733 -0.0110755 -0.0136562 -0.0136674 -0.0136788 -0.013696
6.545 0 0 0 0 -0.00576278 -0.00575981 -0.0057585 -0.00575363 -0.0126575 -0.0126602 -0.0126615 -0.0126637 -0.0167954 -0.0168057 -0.0168171 -0.0168351
6.565 0 0 0 0 -0.00574419 -0.00574067 -0.00573941 -0.00573492 -0.0129981 -0.0129999 -0.0130012 -0.0130038 -0.017785 -0.0177952 -0.0178067 -0.017825
6.585 0 0 0 0 -0.00564952 -0.00564729 -0.00564603 -0.00564091 -0.0122608 -0.0122629 -0.0122642 -0.012267 -0.0163235 -0.0163341 -0.0163456 -0.0163636
6.605 0 0 0 0 -0.00526891 -0.00526906 -0.00526786 -0.00526205 -0.0104694 -0.0104725 -0.010474 -0.0104767 -0.0129271 -0.0129385 -0.01295 -0.0129672
6.625 0 0 0 0 -0.00422872 -0.00423123 -0.00423015 -0.00422495 -0.00760575 -0.00760937 -0.00761103 -0.00761406 -0.00857965 -0.00859223 -0.00860376 -0.00861983
6.645 0 0 0 0 -0.00222471 -0.00222759 -0.00222658 -0.00222493 -0.00374302 -0.0037467 -0.00374854 -0.00375204 -0.00395593 -0.00396951 -0.00398106 -0.00399613
6.665 0 0 0 0 0.000473697 0.000474195 0.000475629 0.00047494 0.000730723 0.000727184 0.000725353 0.000721863 0.000755861 0.000741423 0.000729811 0.000715535
6.685 0 0 0 0 0.00306432 0.00306848 0.00306942 0.00306663 0.00517694 0.00517359 0.00517183 0.00516828 0.00559314 0.00557782 0.00556626 0.00555292
6.705 0 0 0 0 0.00485538 0.00486227 0.00486364 0.0048625 0.00893856 0.00893564 0.00893403 0.00893063 0.0104168 0.0104004 0.0103889 0.0103767
6.725 0 0 0 0 0.00556748 0.00557392 0.00557544 0.00557735 0.0114275 0.011425 0.0114237 0.0114207 0.014492 0.0144745 0.014463 0.0144519
6.745 0 0 0 0 0.00536894 0.00537316 0.00537465 0.0053794 0.0122521 0.0122497 0.0122485 0.0122458 0.0166388 0.0166206 0.0166092 0.0165988
6.765 0 0 0 0 0.00486136 0.00486436 0.00486576 0.00487072 0.0115311 0.0115284 0.0115271 0.0115246 0.0161151 0.0160969 0.0160854 0.0160749
6.785 0 0 0 0 0.00430198 0.00430537 0.00430669 0.00430911 0.0095493 0.00954614 0.00954465 0.00954199 0.0129226 0.0129053 0.0128937 0.0128823
6.805 0 0 0 0 0.00340751 0.00341104 0.00341222 0.00341124 0.00651283 0.00650942 0.00650771 0.0065042 0.00785657 0.00784054 0.00782898 0.00781621
6.825 0 0 0 0 0.00184462 0.00184637 0.00184765 0.00184511 0.00263601 0.0026328 0.00263092 0.00262693 0.00219677 0.00218206 0.00217046 0.00215637
6.845 0 0 0 0 -0.000343315 -0.000341581 -0.000340059 -0.000342118 -0.00163686 -0.00164005 -0.00164186 -0.00164567 -0.00294755 -0.00296116 -0.00297277 -0.00298795
6.865 0 0 0 0 -0.00270636 -0.00270678 -0.00270574 -0.00270433 -0.00566925 -0.00567285 -0.00567462 -0.00567764 -0.00714463 -0.00715737 -0.00716891 -0.00718491
6.885 0 0 0 0 -0.00461226 -0.00461335 -0.0046122 -0.00460689 -0.00881958 -0.00882304 -0.00882458 -0.00882719 -0.010461 -0.0104731 -0.0104846 -0.0105012
6.905 0 0 0 0 -0.00548516 -0.00548585 -0.0054846 -0.00547786 -0.0106191 -0.0106221 -0.0106235 -0.0106261 -0.0128665 -0.0128781 -0.0128896 -0.0129067
6.925 0 0 0 0 -0.00517943 -0.00517818 -0.0051769 -0.00517198 -0.0108646 -0.0108674 -0.0108688 -0.0108713 -0.0139491 -0.0139604 -0.0139719 -0.0139894
6.945 0 0 0 0 -0.00412687 -0.00412401 -0.00412283 -0.00412104 -0.00963127 -0.00963413 -0.00963556 -0.00963809 -0.0131682 -0.0131794 -0.0131909 -0.0132084
6.965 0 0 0 0 -0.00293424 -0.00293212 -0.00293106 -0.00293113 -0.00724236 -0.00724523 -0.0072468 -0.00724991 -0.0102908 -0.0103027 -0.0103142 -0.0103311
6.985 0 0 0 0 -0.00194726 -0.00194796 -0.00194691 -0.00194697 -0.0042646 -0.0042676 -0.00426939 -0.00427334 -0.00580697 -0.00582009 -0.00583167 -0.00584732
7.005 0 0 0 0 -0.00099557 -0.000998027 -0.000996814 -0.000995384 -0.00116066 -0.00116408 -0.00116594 -0.00116965 -0.00076915 -0.000783564 -0.000795187 -0.000809585
7.025 0 0 0 0 0.000281689 0.000278915 0.000280357 0.000283051 0.00188119 0.00187721 0.00187532 0.0018722 0.00368566 0.00367029 0.00365871 0.00364531
7.045 0 0 0 0 0.00207528 0.00207554 0.00207675 0.00207772 0.00492072 0.00491687 0.00491507 0.00491218 0.00704362 0.00702766 0.00701607 0.00700327
7.065 0 0 0 0 0.00407687 0.00408199 0.00408331 0.00408264 0.00779295 0.00778966 0.00778803 0.00778491 0.00948279 0.0094665 0.00945499 0.00944257
7.085 0 0 0 0 0.00557698 0.00558561 0.00558705 0.00558542 0.0100069 0.0100041 0.0100027 0.00999942 0.0114437 0.011427 0.0114155 0.0114033
7.105 0 0 0 0 0.00606766 0.00607688 0.00607835 0.00607737 0.0111811 0.0111783 0.0111769 0.0111739 0.0131526 0.0131356 0.0131241 0.0131124
7.125 0 0 0 0 0.00560813 0.00561519 0.00561665 0.0056177 0.0112692 0.0112662 0.0112648 0.0112623 0.014293 0.0142756 0.0142641 0.0142528
7.145 0 0 0 0 0.00468003 0.004684 0.00468538 0.00468831 0.0104205 0.0104175 0.0104161 0.0104136 0.0141536 0.014136 0.0141245 0.0141134
7.165 0 0 0 0 0.00370343 0.00370524 0.00370653 0.00370959 0.00870835 0.00870528 0.00870378 0.00870098 0.0121237 0.0121065 0.0120949 0.0120834
7.185 0 0 0 0 0.00275014 0.00275118 0.00275237 0.00275333 0.00613901 0.00613572 0.00613404 0.00613065 0.0082208 0.00820452 0.00819295 0.00818046
7.205 0 0 0 0 0.0015306 0.00153093 0.00153227 0.00153134 0.00275836 0.00275484 0.00275292 0.00274916 0.00310528 0.00309027 0.00307867 0.00306489
7.225 0 0 0 0 -0.000249553 -0.00024853 -0.000246993 -0.000248337 -0.00122867 -0.00123161 -0.0012334 -0.00123738 -0.00229624 -0.00231004 -0.00232167 -0.00233665
7.245 0 0 0 0 -0.00245515 -0.00245547 -0.00245448 -0.00245353 -0.00538882 -0.00539189 -0.00539367 -0.00539723 -0.0072165 -0.00722924 -0.00724081 -0.0072568
7.265 0 0 0 0 -0.00449747 -0.00449768 -0.0044965 -0.00449194 -0.00902414 -0.00902733 -0.00902887 -0.00903158 -0.0111868 -0.0111987 -0.0112102 -0.011227
7.285 0 0 0 0 -0.00579569 -0.00579556 -0.00579428 -0.00578752 -0.0114627 -0.0114658 -0.0114672 -0.0114694 -0.0140173 -0.0140286 -0.0140401 -0.0140575
7.305 0 0 0 0 -0.00615414 -0.00615343 -0.00615211 -0.00614501 -0.012424 -0.0124267 -0.0124279 -0.0124303 -0.0155787 -0.0155896 -0.0156011 -0.0156189
7.325 0 0 0 0 -0.00574502 -0.0057437 -0.00574242 -0.0057365 -0.0120372 -0.0120395 -0.0120408 -0.0120435 -0.0156381 -0.015649 -0.0156604 -0.0156783
7.345 0 0 0 0 -0.00483973 -0.0048381 -0.00483689 -0.00483299 -0.0105117 -0.0105143 -0.0105157 -0.0105184 -0.0139358 -0.013947 -0.0139585 -0.013976
7.365 0 0 0 0 -0.00372937 -0.0037287 -0.00372762 -0.00372533 -0.00806928 -0.00807234 -0.0080739 -0.00807688 -0.0105905 -0.0106025 -0.010614 -0.0106308
7.385 0 0 0 0 -0.0025287 -0.00253034 -0.00252935 -0.00252796 -0.00498519 -0.0049885 -0.00499025 -0.00499387 -0.0061733 -0.00618639 -0.00619798 -0.00621369
7.405 0 0 0 0 -0.00107862 -0.00108071 -0.00107949 -0.00107877 -0.00153954 -0.00154296 -0.00154485 -0.00154866 -0.00140383 -0.00141805 -0.00142967 -0.00144423
7.425 0 0 0 0 0.000833965 0.000832973 0.00083441 0.000835388 0.00213652 0.00213263 0.00213081 0.00212762 0.00322278 0.00320766 0.00319606 0.0031824
7.445 0 0 0 0 0.00311157 0.00311507 0.00311631 0.00311513 0.00600561 0.00600177 0.00600009 0.00599725 0.00756988 0.00755399 0.00754243 0.00752955
7.465 0 0 0 0 0.00540369 0.0054119 0.0054133 0.00541181 0.00990399 0.00990065 0.00989919 0.00989651 0.0117873 0.0117706 0.0117591 0.011747
7.485 0 0 0 0 0.00730323 0.00731486 0.00731642 0.00731554 0.013482 0.0134791 0.0134778 0.0134753 0.016013 0.0159955 0.015984 0.0159728
7.505 0 0 0 0 0.00851526 0.00852936 0.00853074 0.00853408 0.016292 0.0162896 0.0162885 0.0162866 0.019956 0.0199375 0.019926 0.0199156
7.525 0 0 0 0 0.00898315 0.0090025 0.00900541 0.00902059 0.017926 0.0179252 0.0179249 0.0179248 0.022773 0.0227538 0.0227425 0.0227331
7.545 0 0 0 0 0.00868839 0.00870584 0.0087089 0.00872839 0.0181251 0.0181266 0.0181269 0.0181281 0.0234713 0.0234515 0.0234401 0.0234311
7.565 0 0 0 0 0.00766279 0.00767675 0.00767962 0.00769909 0.0165211 0.0165229 0.016523 0.0165229 0.0214285 0.021409 0.0213976 0.0213885
7.585 0 0 0 0 0.00587189 0.00588164 0.00588399 0.00589888 0.0127389 0.0127394 0.0127389 0.0127377 0.0165011 0.0164826 0.0164711 0.0164607
7.605 0 0 0 0 0.00312774 0.00313153 0.00313319 0.00314042 0.00683912 0.00683705 0.0068357 0.00683331 0.00896408 0.00894743 0.00893582 0.0089235
7.625 0 0 0 0 -0.000431799 -0.000432955 -0.000431617 -0.0004302 -0.00047997 -0.000483766 -0.000485961 -0.000489704 -0.000350099 -0.00036471 -0.000376526 -0.000391083
7.645 0 0 0 0 -0.00416751 -0.00417042 -0.00417071 -0.0041669 -0.00817707 -0.00818115 -0.00818356 -0.00818779 -0.0101787 -0.0101911 -0.0102027 -0.0102193
7.665 0 0 0 0 -0.00742003 -0.00741947 -0.00741922 -0.00741144 -0.0151677 -0.0151711 -0.0151728 -0.0151756 -0.0192069 -0.0192172 -0.0192288 -0.0192475
7.685 0 0 0 0 -0.009914 -0.00987162 -0.00986656 -0.00983651 -0.0205325 -0.0205291 -0.0205271 -0.0205219 -0.0262317 -0.0262398 -0.0262511 -0.0262718
7.705 0 0 0 0 -0.0116766 -0.0115813 -0.0115731 -0.0115144 -0.0239494 -0.0239383 -0.0239336 -0.0239208 -0.0304014 -0.0304082 -0.0304187 -0.0304402
7.725 0 0 0 0 -0.0126668 -0.0125402 -0.012529 -0.012457 -0.0252759 -0.0252637 -0.0252581 -0.0252441 -0.0314005 -0.0314073 -0.031418 -0.0314398
7.745 0 0 0 0 -0.0128053 -0.0126923 -0.0126867 -0.0126217 -0.0243332 -0.024322 -0.0243166 -0.0243042 -0.0295009 -0.0295082 -0.0295186 -0.0295398
7.765 0 0 0 0 -0.0119086 -0.0118131 -0.011807 -0.0117455 -0.0213434 -0.0213332 -0.0213289 -0.0213212 -0.0253785 -0.0253878 -0.0253988 -0.0254187
7.785 0 0 0 0 -0.00956254 -0.00948799 -0.00948285 -0.00943438 -0.0167795 -0.0167726 -0.0167698 -0.0167654 -0.0196683 -0.0196788 -0.0196901 -0.0197089
7.805 0 0 0 0 -0.00595684 -0.00590479 -0.00590115 -0.00587326 -0.0109585 -0.0109558 -0.0109547 -0.0109524 -0.0128839 -0.0128959 -0.0129076 -0.0129255
7.825 0 0 0 0 -0.00187716 -0.00185198 -0.00185016 -0.00184535 -0.00419779 -0.00419827 -0.00419894 -0.00420005 -0.00538999 -0.00540346 -0.00541549 -0.00543196
7.845 0 0 0 0 0.00195061 0.0019512 0.0019527 0.00195312 0.00291467 0.00291189 0.00290971 0.00290584 0.00267635 0.00266093 0.00264861 0.0026339
7.865 0 0 0 0 0.00507499 0.00508224 0.00508343 0.0050883 0.00953266 0.00952953 0.00952694 0.00952177 0.0110385 0.0110214 0.0110098 0.0109973
7.885 0 0 0 0 0.00735131 0.00736279 0.00736279 0.00737367 0.0148996 0.0148983 0.014897 0.0148944 0.0188003 0.0187811 0.018769 0.0187583
7.905 0 0 0 0 0.0088781 0.00889434 0.00889352 0.00891175 0.0187616 0.018762 0.0187611 0.0187619 0.0246579 0.0246376 0.0246263 0.0246174
7.925 0 0 0 0 0.00997817 0.0100122 0.0100163 0.0100674 0.0212575 0.0212651 0.0212676 0.0212753 0.027767 0.0277458 0.0277346 0.0277265
7.945 0 0 0 0 0.0109663 0.0110128 0.0110181 0.0110853 0.0224403 0.0224487 0.0224512 0.0224577 0.0281521 0.028131 0.0281201 0.0281123
7.965 0 0 0 0 0.0116893 0.0117378 0.0117416 0.0118019 0.0220348 0.0220408 0.0220426 0.0220477 0.0264542 0.0264336 0.0264224 0.0264134
7.985 0 0 0 0 0.0114849 0.0115335 0.0115368 0.0115849 0.0200057 0.0200074 0.0200082 0.0200129 0.0233894 0.0233702 0.0233593 0.0233492
8.005 0 0 0 0 0.00965724 0.00969733 0.00970028 0.0097394 0.0166429 0.016643 0.0166433 0.0166466 0.0193686 0.0193499 0.0193383 0.0193269
8.025 0 0 0 0 0.0061989 0.00622142 0.0062232 0.00625452 0.0119227 0.0119234 0.0119229 0.0119226 0.0143405 0.0143224 0.0143109 0.0142992
8.045 0 0 0 0 0.00193275 0.00193432 0.00193464 0.00195338 0.00564109 0.00564063 0.00563909 0.0056364 0.00791793 0.0079004 0.00788827 0.00787543
8.065 0 0 0 0 -0.00225302 -0.00223762 -0.00223521 -0.00222292 -0.00188397 -0.00188681 -0.00188826 -0.0018902 -0.000331403 -0.000347303 -0.000359784 -0.000374718
8.085 0 0 0 0 -0.00591179 -0.00586671 -0.00586466 -0.00583576 -0.00974069 -0.00974034 -0.00974011 -0.00974025 -0.0102954 -0.0103086 -0.0103204 -0.0103377
8.105 0 0 0 0 -0.00926458 -0.00918464 -0.00918094 -0.00913466 -0.0172859 -0.0172788 -0.0172758 -0.0172702 -0.0210239 -0.0210342 -0.0210457 -0.0210653
8.125 0 0 0 0 -0.0124861 -0.0123751 -0.0123699 -0.012307 -0.0243052 -0.0242917 -0.0242865 -0.0242757 -0.0308098 -0.0308173 -0.0308279 -0.0308493
