0.005 -0.00484585 -0.00484585 -0.00484585 -0.00484585 -8.28118e-05 -7.16501e-05 -7.16602e-05 -8.27931e-05 1.22192e-05 8.51612e-06 8.5174e-06 1.22005e-05 -1.19798e-06 -7.09383e-07 -7.09463e-07 -1.19603e-06
0.025 -0.00402267 -0.00402267 -0.00402267 -0.00402267 -0.00194305 -0.00193907 -0.00193899 -0.00194314 5.05183e-05 5.20825e-05 5.2067e-05 5.04887e-05 3.00236e-05 2.89726e-05 2.89336e-05 2.99038e-05
0.045 -0.00443773 -0.00443773 -0.00443773 -0.00443773 -0.00414009 -0.00414383 -0.00414396 -0.00414044 -0.000987834 -0.000983766 -0.000983747 -0.000987888 0.000189773 0.000188172 0.000188146 0.000189781
0.065 -0.0063079 -0.0063079 -0.0063079 -0.0063079 -0.0049674 -0.00496237 -0.00496224 -0.0049672 -0.00311855 -0.00312214 -0.00312236 -0.00311909 -0.000255597 -0.00025516 -0.000255312 -0.000255877
0.085 -0.00619626 -0.00619626 -0.00619626 -0.00619626 -0.00543912 -0.00543967 -0.00543961 -0.00543906 -0.00465319 -0.00465549 -0.00465575 -0.00465383 -0.00243948 -0.00243876 -0.00243873 -0.00243941
0.105 -0.00477957 -0.00477957 -0.00477957 -0.00477957 -0.00625375 -0.00626004 -0.00626011 -0.00625397 -0.00537628 -0.00537192 -0.00537194 -0.00537625 -0.00595732 -0.00595842 -0.00595837 -0.00595729
0.125 0.00244187 0.00244187 0.00244187 0.00244187 -0.00478405 -0.00480675 -0.00480684 -0.00478419 -0.00709938 -0.007092 -0.00709184 -0.0070989 -0.00901083 -0.00901114 -0.00901104 -0.00901052
0.145 -0.0110149 -0.0110149 -0.0110149 -0.0110149 -0.00120333 -0.00115126 -0.00115113 -0.00120293 -0.00864262 -0.00866788 -0.00866781 -0.00864244 -0.0110078 -0.0110022 -0.0110021 -0.0110077
0.165 -0.0119683 -0.0119683 -0.0119683 -0.0119683 -0.00794489 -0.00794043 -0.00794098 -0.00794522 -0.00688527 -0.00687773 -0.00687759 -0.00688539 -0.0118373 -0.0118402 -0.0118403 -0.0118373
0.185 -0.00779266 -0.00779266 -0.00779266 -0.00779266 -0.0167284 -0.0167709 -0.016771 -0.0167286 -0.00846189 -0.00843331 -0.00843328 -0.00846169 -0.00939703 -0.00940466 -0.0094045 -0.00939684
0.205 -0.00190608 -0.00190608 -0.00190608 -0.00190608 -0.0122151 -0.0122518 -0.01225 -0.0122105 -0.0158263 -0.0158339 -0.0158344 -0.0158274 -0.0060712 -0.00606527 -0.00606514 -0.00607085
0.225 -0.016609 -0.016609 -0.016609 -0.016609 -0.00693627 -0.00685408 -0.00685196 -0.00693286 -0.0154581 -0.015508 -0.0155082 -0.0154576 -0.00939148 -0.00937961 -0.00937936 -0.00939104
0.245 0.011936 0.011936 0.011936 0.011936 -0.00952094 -0.00961094 -0.0096104 -0.00952008 -0.00701605 -0.00696645 -0.00696692 -0.00701606 -0.0168039 -0.0168109 -0.0168102 -0.0167999
0.265 -0.0262912 -0.0262912 -0.0262912 -0.0262912 0.000472756 0.000566487 0.000566206 0.00047213 -0.00621978 -0.0062458 -0.00624699 -0.00622338 -0.0177064 -0.0177052 -0.017704 -0.0177055
0.285 0.0100764 0.0100764 0.0100764 0.0100764 -0.00729765 -0.00736387 -0.00736432 -0.00729837 -0.00715878 -0.00712923 -0.00712941 -0.00715957 -0.0115473 -0.0115527 -0.0115528 -0.0115472
0.305 0.0148196 0.0148196 0.0148196 0.0148196 -0.00316179 -0.00321024 -0.00321044 -0.00316234 -0.0111894 -0.0111978 -0.0111975 -0.0111883 -0.00285445 -0.00284629 -0.00284631 -0.00285428
0.325 -0.0611997 -0.0611997 -0.0611997 -0.0611997 -6.77643e-06 0.000256866 0.000256741 -6.73191e-06 -0.00560358 -0.00571055 -0.0057094 -0.00560184 -0.000237753 -0.000220588 -0.000221011 -0.000238489
0.345 0.0544712 0.0544712 0.0544712 0.0544712 -0.0273669 -0.0277631 -0.027762 -0.0273583 0.00674669 0.00694532 0.00694221 0.0067402 -0.000790581 -0.000832495 -0.000832876 -0.000790194
0.365 -0.0144346 -0.0144346 -0.0144346 -0.0144346 0.0108697 0.0110099 0.0110094 0.010874 -0.00723402 -0.007331 -0.00733394 -0.00724119 0.0049733 0.00499835 0.00499985 0.00497751
0.385 -0.0155743 -0.0155743 -0.0155743 -0.0155743 0.0217404 0.0219488 0.0219487 0.0217381 -0.00218595 -0.00229959 -0.00229867 -0.00218457 0.00172844 0.00175404 0.00175516 0.00173047
0.405 -0.0174101 -0.0174101 -0.0174101 -0.0174101 -0.0073792 -0.00744048 -0.00744432 -0.0073862 0.0199054 0.0200103 0.0200131 0.0199171 -0.00478609 -0.00481863 -0.00481986 -0.00478825
0.425 0.00887624 0.00887624 0.00887624 0.00887624 -0.0212099 -0.0214403 -0.0214482 -0.0212238 0.0115339 0.0116717 0.0116744 0.0115409 0.00642414 0.00639174 0.00639062 0.00642145
0.445 -0.038298 -0.038298 -0.038298 -0.038298 -0.00478535 -0.00453936 -0.00454145 -0.00479048 -0.0179059 -0.0180695 -0.0180654 -0.017898 0.0218388 0.0218751 0.0218722 0.021829
0.465 -0.0161577 -0.0161577 -0.0161577 -0.0161577 -0.0102598 -0.0102716 -0.0102711 -0.0102592 -0.0163525 -0.0164026 -0.0164058 -0.0163589 0.0107393 0.0107596 0.0107593 0.0107456
0.485 0.0581299 0.0581299 0.0581299 0.0581299 -0.0255066 -0.0258609 -0.0258568 -0.0254946 0.00317193 0.00336943 0.0033669 0.00316569 -0.0173324 -0.0173792 -0.0173792 -0.0173343
0.505 -0.00142122 -0.00142122 -0.00142122 -0.00142122 0.028189 0.0283878 0.0283842 0.0281777 -0.00873737 -0.00881619 -0.00880782 -0.00870956 -0.0304276 -0.0304066 -0.0304005 -0.0304198
0.525 -0.11856 -0.11856 -0.11856 -0.11856 0.033046 0.0336594 0.0336518 0.0330288 -0.00838257 -0.00862174 -0.00861583 -0.0083773 -0.031805 -0.0317657 -0.0317661 -0.0318029
0.545 0.057861 0.057861 0.057861 0.057861 -0.0693544 -0.0700585 -0.070051 -0.0693493 0.00637693 0.0067703 0.00676174 0.00636745 -0.0195439 -0.0196357 -0.0196361 -0.0195466
0.565 0.00933289 0.00933289 0.00933289 0.00933289 -0.0474695 -0.0476406 -0.0476246 -0.0474305 -0.0419588 -0.04198 -0.0419932 -0.0419841 0.0124359 0.0124578 0.0124631 0.012447
0.585 -0.123298 -0.123298 -0.123298 -0.123298 0.00120642 0.00195702 0.00197336 0.00123866 -0.0617367 -0.0622027 -0.0622091 -0.0617528 0.00814152 0.00824758 0.00824411 0.00813554
0.605 0.0925565 0.0925565 0.0925565 0.0925565 -0.0474159 -0.0481087 -0.0481014 -0.0473953 -0.00458501 -0.00423332 -0.00424228 -0.00461997 -0.0428953 -0.0429873 -0.0429827 -0.0429011
0.625 0.011073 0.011073 0.011073 0.011073 0.00870783 0.00865549 0.00865624 0.00869866 -0.000152743 -3.60529e-05 -3.73395e-05 -0.000139095 -0.0658817 -0.0659129 -0.0659195 -0.0658896
0.645 -0.125297 -0.125297 -0.125297 -0.125297 0.0542292 0.055083 0.055081 0.0542217 -0.0249607 -0.0253387 -0.0253408 -0.0249652 -0.0476686 -0.04759 -0.0475866 -0.0476617
0.665 0.0127632 0.0127632 0.0127632 0.0127632 -0.0508865 -0.0512549 -0.0512538 -0.0508837 -0.0102496 -0.0100462 -0.0100464 -0.0102498 -0.0191739 -0.0192197 -0.0192176 -0.0191714
0.685 -0.122107 -0.122107 -0.122107 -0.122107 -0.103376 -0.103479 -0.103486 -0.103393 -0.0261026 -0.0260179 -0.0260152 -0.0260958 0.0165817 0.016551 0.0165505 0.016582
0.705 -0.0762309 -0.0762309 -0.0762309 -0.0762309 -0.109651 -0.109849 -0.109841 -0.109641 -0.0628684 -0.0628666 -0.0628627 -0.0628591 0.0284835 0.0284902 0.0284934 0.0284871
0.725 0.0754509 0.0754509 0.0754509 0.0754509 -0.0700884 -0.070405 -0.0703938 -0.0700611 -0.0760816 -0.0760746 -0.07608 -0.0760978 -0.0160176 -0.0159929 -0.0159889 -0.0160121
0.745 -0.00126843 -0.00126843 -0.00126843 -0.00126843 0.0569923 0.0574355 0.0574386 0.057015 -0.0577773 -0.0580397 -0.0580285 -0.0577683 -0.0988239 -0.098763 -0.0987651 -0.0988414
0.765 0.00946346 0.00946346 0.00946346 0.00946346 0.0799992 0.080222 0.080211 0.0799685 0.00478245 0.00485552 0.00488184 0.00483007 -0.159291 -0.15931 -0.159324 -0.1593
0.785 0.0127368 0.0127368 0.0127368 0.0127368 0.015745 0.0155929 0.0155846 0.0157263 0.0203486 0.0206257 0.0206395 0.0203821 -0.117205 -0.117282 -0.117293 -0.117228
0.805 0.038652 0.038652 0.038652 0.038652 -0.0351614 -0.0353877 -0.0353914 -0.0351678 -0.0431134 -0.0431329 -0.0431333 -0.0431116 0.0112705 0.0112892 0.0112846 0.0112577
0.825 -0.0575174 -0.0575174 -0.0575174 -0.0575174 -0.0633572 -0.0630006 -0.0630077 -0.063382 -0.0692125 -0.0695922 -0.0695772 -0.0691398 0.10032 0.100424 0.10044 0.100343
0.845 0.0688894 0.0688894 0.0688894 0.0688894 -0.0650919 -0.0657658 -0.0657745 -0.0651691 -0.00129815 -0.00112356 -0.00113618 -0.00134285 0.0802339 0.0802207 0.0802198 0.0802403
0.865 0.0305916 0.0305916 0.0305916 0.0305916 0.050367 0.0502249 0.0501879 0.0503208 0.0675106 0.0676615 0.0676513 0.067485 0.0134127 0.0133651 0.0133597 0.013403
0.885 -0.13435 -0.13435 -0.13435 -0.13435 0.137809 0.138897 0.138894 0.137822 0.0990494 0.098794 0.0987916 0.0990482 -0.0157058 -0.0156951 -0.0156929 -0.0157045
0.905 -0.0558398 -0.0558398 -0.0558398 -0.0558398 0.044576 0.0445829 0.0445929 0.0445778 0.0982764 0.0984508 0.098455 0.0982413 0.0280781 0.0280077 0.0280007 0.028065
0.925 -0.137507 -0.137507 -0.137507 -0.137507 -0.107286 -0.107352 -0.107351 -0.107271 0.0346226 0.0347297 0.0347286 0.0346158 0.118372 0.118319 0.118322 0.118337
0.945 0.139309 0.139309 0.139309 0.139309 -0.16033 -0.16147 -0.161473 -0.160327 -0.0649362 -0.064743 -0.0647355 -0.0649085 0.160307 0.160312 0.16029 0.160278
0.965 -0.0690669 -0.0690669 -0.0690669 -0.0690669 0.00369057 0.00441381 0.00441029 0.0036796 -0.100262 -0.100918 -0.100915 -0.100254 0.060383 0.0605615 0.0605666 0.060394
0.985 -0.0342042 -0.0342042 -0.0342042 -0.0342042 0.0620054 0.0623046 0.0623047 0.0620048 0.0143494 0.0144201 0.0144224 0.0143507 -0.144361 -0.144399 -0.144394 -0.144355
1.005 -0.0243636 -0.0243636 -0.0243636 -0.0243636 0.0314913 0.0312505 0.0312411 0.031477 0.065944 0.0666219 0.0666908 0.0661024 -0.243908 -0.244091 -0.24405 -0.24384
1.025 -0.00541252 -0.00541252 -0.00541252 -0.00541252 -0.00878491 -0.00857889 -0.00853239 -0.00867433 -0.0718152 -0.0718642 -0.0718581 -0.0718407 -0.143257 -0.143252 -0.143235 -0.143217
1.045 0.120847 0.120847 0.120847 0.120847 -0.0633171 -0.0634933 -0.0634571 -0.0632883 -0.208343 -0.208832 -0.208865 -0.208399 -0.00632442 -0.0061292 -0.00612033 -0.00630329
1.065 -0.0472218 -0.0472218 -0.0472218 -0.0472218 -0.111022 -0.110905 -0.110916 -0.111031 -0.151244 -0.15157 -0.151587 -0.151274 -0.0108688 -0.0107697 -0.0107778 -0.0108876
1.085 0.135112 0.135112 0.135112 0.135112 -0.103581 -0.104871 -0.104893 -0.103623 -0.00511278 -0.00437391 -0.00437495 -0.00511933 -0.104173 -0.104338 -0.104336 -0.104169
1.105 -0.153228 -0.153228 -0.153228 -0.153228 0.0902021 0.0911727 0.0911679 0.0901876 0.0191851 0.0189769 0.0189898 0.0192123 -0.126158 -0.126155 -0.126166 -0.126182
1.125 -0.0605478 -0.0605478 -0.0605478 -0.0605478 0.101939 0.102611 0.102609 0.101934 0.0142343 0.0139864 0.0139904 0.0142439 -0.0584402 -0.0583907 -0.0583859 -0.05843
1.145 0.106743 0.106743 0.106743 0.106743 -0.0445321 -0.0452147 -0.0452086 -0.0445181 0.0269721 0.0272826 0.0272863 0.0269801 0.0499532 0.049887 0.0498805 0.0499394
1.165 0.0379485 0.0379485 0.0379485 0.0379485 -0.0491168 -0.049471 -0.0494693 -0.0491133 0.00525977 0.00524054 0.0052264 0.00522183 0.144967 0.144993 0.144997 0.144975
1.185 -0.000967266 -0.000967266 -0.000967266 -0.000967266 0.0219083 0.0222457 0.0222213 0.0218363 0.0289422 0.0286705 0.028687 0.028975 0.151743 0.151812 0.151818 0.151743
1.205 0.241538 0.241538 0.241538 0.241538 0.109617 0.108971 0.109023 0.109626 0.113469 0.11375 0.113752 0.113487 0.0821751 0.0821413 0.0821478 0.0821903
1.225 0.292712 0.292712 0.292712 0.292712 0.275031 0.275098 0.275115 0.275083 0.172134 0.172177 0.172177 0.172137 0.0350673 0.0350639 0.0350683 0.0350777
1.245 0.185766 0.185766 0.185766 0.185766 0.382044 0.383046 0.383042 0.382042 0.215092 0.214718 0.2147 0.215076 0.0708362 0.0709097 0.0709084 0.0708302
1.265 0.171833 0.171833 0.171833 0.171833 0.259846 0.260097 0.260111 0.259858 0.28249 0.282561 0.282519 0.282402 0.189936 0.18986 0.189882 0.189842
1.285 0.0463361 0.0463361 0.0463361 0.0463361 0.0979711 0.0976632 0.0976661 0.0980146 0.287859 0.288126 0.288107 0.287818 0.367882 0.367778 0.367738 0.367855
1.305 -0.114681 -0.114681 -0.114681 -0.114681 0.00240285 0.00244364 0.00245515 0.00237572 0.232987 0.232915 0.232917 0.233015 0.501984 0.501971 0.501984 0.502013
1.325 0.236667 0.236667 0.236667 0.236667 -0.019276 -0.0203751 -0.0203678 -0.0192496 0.198759 0.199039 0.199023 0.198752 0.475597 0.475555 0.475554 0.475576
1.345 0.4211 0.4211 0.4211 0.4211 0.25624 0.255875 0.255879 0.256259 0.182044 0.181891 0.181881 0.182029 0.284401 0.28449 0.284488 0.284416
1.365 0.335456 0.335456 0.335456 0.335456 0.559284 0.560703 0.560683 0.559187 0.262106 0.261536 0.261554 0.262139 0.0270813 0.0271964 0.0271912 0.0270621
1.385 0.665405 0.665405 0.665405 0.665405 0.581972 0.581545 0.581538 0.581974 0.38425 0.38483 0.38483 0.384247 -0.0891622 -0.0892919 -0.0892837 -0.089144
1.405 0.346454 0.346454 0.346454 0.346454 0.511065 0.511835 0.511856 0.510964 0.356178 0.356092 0.356096 0.356194 0.0872063 0.0871928 0.0871826 0.0871857
1.425 0.131597 0.131597 0.131597 0.131597 0.261787 0.262363 0.262381 0.26188 0.277508 0.277135 0.277137 0.277508 0.421529 0.42162 0.421626 0.421541
1.445 -0.189748 -0.189748 -0.189748 -0.189748 -0.0899691 -0.0899916 -0.0899033 -0.0897274 0.279649 0.279716 0.279853 0.28002 0.657757 0.657714 0.657751 0.657894
1.465 -0.345724 -0.345724 -0.345724 -0.345724 -0.278651 -0.279658 -0.279607 -0.278628 0.278722 0.279224 0.279259 0.278573 0.671677 0.671497 0.671519 0.671661
1.485 -0.638401 -0.638401 -0.638401 -0.638401 -0.238797 -0.23805 -0.238068 -0.238823 0.180535 0.180465 0.180378 0.180398 0.466753 0.466674 0.466649 0.466723
1.505 -0.345518 -0.345518 -0.345518 -0.345518 -0.202577 -0.202615 -0.202637 -0.202604 0.0143483 0.0145395 0.0144915 0.014291 0.106905 0.106809 0.1068 0.106885
1.525 -0.428982 -0.428982 -0.428982 -0.428982 -0.177986 -0.177386 -0.177704 -0.178886 -0.212905 -0.213341 -0.213422 -0.213278 -0.295929 -0.296082 -0.296173 -0.296217
1.545 -0.380552 -0.380552 -0.380552 -0.380552 -0.337008 -0.336597 -0.337122 -0.3376 -0.454348 -0.454341 -0.454427 -0.454494 -0.643393 -0.643431 -0.643459 -0.643439
1.565 -0.431939 -0.431939 -0.431939 -0.431939 -0.592488 -0.592846 -0.593206 -0.593013 -0.730131 -0.729909 -0.729809 -0.729924 -0.875681 -0.875664 -0.875692 -0.875694
1.585 -0.0241409 -0.0241409 -0.0241409 -0.0241409 -0.773085 -0.775201 -0.775073 -0.773137 -1.01691 -1.01657 -1.0165 -1.01678 -1.02515 -1.02504 -1.02497 -1.02501
1.605 -0.0899288 -0.0899288 -0.0899288 -0.0899288 -0.581398 -0.581483 -0.581341 -0.580767 -1.19679 -1.19762 -1.19758 -1.19671 -1.18868 -1.18829 -1.18828 -1.18865
1.625 -0.434438 -0.434438 -0.434438 -0.434438 -0.444944 -0.443565 -0.443664 -0.444836 -1.03695 -1.03746 -1.03746 -1.03666 -1.39203 -1.39178 -1.39176 -1.39199
1.645 -0.220569 -0.220569 -0.220569 -0.220569 -0.585443 -0.586948 -0.586998 -0.585685 -0.749609 -0.748385 -0.748267 -0.749549 -1.3937 -1.39403 -1.39405 -1.3938
1.665 -0.432877 -0.432877 -0.432877 -0.432877 -0.561543 -0.561723 -0.561786 -0.561714 -0.746309 -0.746199 -0.746187 -0.746334 -0.993409 -0.993438 -0.993479 -0.993468
1.685 0.00226807 0.00226807 0.00226807 0.00226807 -0.5009 -0.501552 -0.501587 -0.500924 -0.775216 -0.775902 -0.775945 -0.775245 -0.456257 -0.455959 -0.455966 -0.45628
1.705 0.971264 0.971264 0.971264 0.971264 -0.192517 -0.195675 -0.195617 -0.192415 -0.491571 -0.491486 -0.491488 -0.491624 -0.148163 -0.147927 -0.147925 -0.14816
1.725 1.18827 1.18827 1.18827 1.18827 0.683833 0.684048 0.684012 0.684388 0.106254 0.105792 0.105851 0.106215 -0.0778694 -0.0776199 -0.0776205 -0.0778666
1.745 1.21733 1.21733 1.21733 1.21733 1.55339 1.55664 1.55609 1.5542 0.903141 0.902866 0.903188 0.903969 0.0878802 0.0879286 0.0878151 0.0876526
1.765 0.793001 0.793001 0.793001 0.793001 1.79555 1.79841 1.79919 1.79426 1.62419 1.62386 1.62392 1.62482 0.74844 0.748289 0.748074 0.747904
1.785 0.38581 0.38581 0.38581 0.38581 1.27472 1.27527 1.27533 1.27406 1.99617 1.99662 1.99652 1.99559 1.95414 1.95356 1.95349 1.95371
1.805 0.18995 0.18995 0.18995 0.18995 0.589957 0.588979 0.588372 0.590342 1.9756 1.976 1.97613 1.97523 3.20742 3.20727 3.20736 3.20793
1.825 -0.391811 -0.391811 -0.391811 -0.391811 0.346602 0.347387 0.347599 0.347628 1.88263 1.88236 1.88221 1.8835 3.73551 3.73572 3.73597 3.73618
1.845 -0.724348 -0.724348 -0.724348 -0.724348 0.419922 0.420986 0.421575 0.420712 1.97292 1.97316 1.97338 1.9734 3.17098 3.17079 3.17105 3.17146
1.865 -0.612918 -0.612918 -0.612918 -0.612918 0.527216 0.528082 0.528192 0.527205 1.87619 1.87762 1.87769 1.87585 1.95091 1.95021 1.95036 1.95119
1.885 0.925385 0.925385 0.925385 0.925385 0.743197 0.740923 0.740763 0.742824 1.07596 1.07765 1.07762 1.07564 0.781235 0.780794 0.780706 0.781125
1.905 0.508776 0.508776 0.508776 0.508776 1.12067 1.12878 1.12752 1.12268 -0.0493371 -0.0517063 -0.0526506 -0.0488041 -0.18367 -0.182815 -0.182777 -0.183577
1.925 -0.144621 -0.144621 -0.144621 -0.144621 0.343592 0.346295 0.343866 0.337744 -0.5222 -0.525113 -0.522937 -0.52166 -1.12523 -1.12516 -1.12568 -1.12557
1.945 0.183176 0.183176 0.183176 0.183176 -1.11411 -1.12319 -1.12521 -1.1209 -0.844886 -0.845425 -0.84548 -0.849253 -1.71747 -1.71807 -1.71822 -1.7174
1.965 -0.159217 -0.159217 -0.159217 -0.159217 -1.5035 -1.5084 -1.50688 -1.50442 -1.86521 -1.86414 -1.86578 -1.86623 -1.74812 -1.7479 -1.74764 -1.74784
1.985 -0.034596 -0.034596 -0.034596 -0.034596 -1.13111 -1.12822 -1.12635 -1.12647 -2.64487 -2.64751 -2.64912 -2.64397 -1.90025 -1.89898 -1.89907 -1.90048
2.005 0.109735 0.109735 0.109735 0.109735 -0.91807 -0.918073 -0.917409 -0.916595 -2.1877 -2.1885 -2.18818 -2.18695 -2.61563 -2.61497 -2.61455 -2.61476
2.025 0.149923 0.149923 0.149923 0.149923 -0.676929 -0.679976 -0.679614 -0.676107 -1.32218 -1.31982 -1.31974 -1.32317 -3.10461 -3.10507 -3.10489 -3.10408
2.045 -0.889034 -0.889034 -0.889034 -0.889034 -0.253084 -0.249995 -0.25015 -0.253469 -1.12204 -1.12236 -1.12295 -1.12261 -2.4829 -2.48259 -2.48205 -2.48178
2.065 -1.41858 -1.41858 -1.41858 -1.41858 -0.702265 -0.698814 -0.699049 -0.702718 -1.13583 -1.13771 -1.13763 -1.13554 -1.05514 -1.05468 -1.05467 -1.05516
2.085 -2.09012 -2.09012 -2.09012 -2.09012 -1.9265 -1.92733 -1.92752 -1.9265 -0.810712 -0.810364 -0.81032 -0.810564 0.273362 0.273236 0.273318 0.273565
2.105 -0.725958 -0.725958 -0.725958 -0.725958 -2.46779 -2.47712 -2.47665 -2.46723 -0.547239 -0.543584 -0.543737 -0.547178 0.959974 0.959228 0.958888 0.959738
2.125 1.09765 1.09765 1.09765 1.09765 -0.640058 -0.644925 -0.645289 -0.638383 -0.633113 -0.633227 -0.633597 -0.633638 0.779221 0.779651 0.779708 0.779192
2.145 0.190117 0.190117 0.190117 0.190117 2.08175 2.08602 2.08767 2.07752 0.0359661 0.0300248 0.0299427 0.0362538 -0.302939 -0.301379 -0.301429 -0.303023
2.165 -0.828503 -0.828503 -0.828503 -0.828503 2.20767 2.21458 2.21426 2.20629 1.75898 1.75957 1.76028 1.75963 -1.23041 -1.23126 -1.23156 -1.23099
2.185 -1.1638 -1.1638 -1.1638 -1.1638 0.135184 0.134075 0.13172 0.134943 2.14348 2.15054 2.14996 2.14393 -0.222536 -0.225115 -0.22498 -0.222916
2.205 -0.0541846 -0.0541846 -0.0541846 -0.0541846 -1.41312 -1.41916 -1.41837 -1.41319 0.118191 0.118933 0.119541 0.117176 2.37196 2.3713 2.37102 2.37141
2.225 0.100522 0.100522 0.100522 0.100522 -1.26827 -1.26729 -1.26632 -1.2675 -1.49342 -1.50074 -1.50054 -1.4927 3.51581 3.51797 3.51772 3.515
2.245 -0.458823 -0.458823 -0.458823 -0.458823 -0.555012 -0.554246 -0.554265 -0.553959 -0.219198 -0.221115 -0.221231 -0.219361 1.42856 1.42944 1.42942 1.42877
2.265 -0.615363 -0.615363 -0.615363 -0.615363 0.356269 0.352923 0.352867 0.356116 1.67925 1.6868 1.6867 1.67863 -1.59992 -1.60306 -1.60279 -1.59896
2.285 0.89789 0.89789 0.89789 0.89789 1.61724 1.61785 1.61738 1.61719 0.964236 0.968263 0.968396 0.96341 -2.3878 -2.38895 -2.38844 -2.38685
2.305 0.490062 0.490062 0.490062 0.490062 1.92729 1.9382 1.93731 1.92643 -1.11714 -1.12436 -1.12524 -1.11759 -1.10338 -1.10074 -1.10062 -1.10289
2.325 -1.18167 -1.18167 -1.18167 -1.18167 -0.666616 -0.662413 -0.66193 -0.666505 -1.29754 -1.30189 -1.30223 -1.29824 -0.0514093 -0.0500408 -0.0498626 -0.0510687
2.345 -1.83498 -1.83498 -1.83498 -1.83498 -3.86628 -3.8822 -3.88208 -3.8661 -0.466532 -0.456919 -0.456918 -0.46596 0.170831 0.168169 0.168047 0.170404
2.365 -2.14666 -2.14666 -2.14666 -2.14666 -3.57416 -3.5838 -3.58318 -3.572 -1.38407 -1.37989 -1.37982 -1.38375 0.175328 0.17431 0.174248 0.175233
2.385 1.30534 1.30534 1.30534 1.30534 -0.841095 -0.841453 -0.839934 -0.840822 -2.72703 -2.73385 -2.73343 -2.72765 -0.721928 -0.719694 -0.719786 -0.722116
2.405 2.57588 2.57588 2.57588 2.57588 2.00595 2.01305 2.0132 2.00595 -1.89936 -1.90586 -1.90739 -1.90123 -3.00745 -3.00534 -3.00518 -3.00723
2.425 -0.497098 -0.497098 -0.497098 -0.497098 2.65802 2.66936 2.66811 2.65686 0.504458 0.504088 0.508944 0.508306 -4.72316 -4.72363 -4.7217 -4.72022
2.445 -1.52742 -1.52742 -1.52742 -1.52742 0.209588 0.206268 0.205848 0.2073 1.28744 1.29804 1.30093 1.29463 -3.15806 -3.16034 -3.1595 -3.15536
2.465 -0.63576 -0.63576 -0.63576 -0.63576 -2.46221 -2.47044 -2.47074 -2.46281 -0.945845 -0.940528 -0.939482 -0.94288 1.25653 1.25537 1.25582 1.25677
2.485 1.54184 1.54184 1.54184 1.54184 -2.87859 -2.88622 -2.88689 -2.87817 -2.80433 -2.81311 -2.81243 -2.80757 4.20676 4.21032 4.21015 4.20608
2.505 2.52228 2.52228 2.52228 2.52228 -0.480274 -0.488953 -0.486248 -0.480032 -0.95579 -0.960517 -0.963326 -0.959152 2.62416 2.62686 2.62568 2.62419
2.525 1.48622 1.48622 1.48622 1.48622 3.41414 3.41265 3.41896 3.41504 2.94092 2.94324 2.94117 2.94084 -1.17334 -1.1747 -1.17451 -1.17412
2.545 0.105868 0.105868 0.105868 0.105868 5.54247 5.54569 5.53745 5.51751 4.81008 4.81631 4.8178 4.8117 -2.22844 -2.23253 -2.23278 -2.22902
2.565 -1.66516 -1.66516 -1.66516 -1.66516 3.70832 3.73395 3.73167 3.72087 3.45275 3.45257 3.45343 3.45405 1.18748 1.18663 1.18666 1.18719
2.585 -1.94433 -1.94433 -1.94433 -1.94433 -1.67454 -1.67332 -1.66297 -1.66027 1.30325 1.30432 1.29205 1.30142 5.92066 5.91992 5.91963 5.91772
2.605 -0.690913 -0.690913 -0.690913 -0.690913 -5.43127 -5.44623 -5.44161 -5.42272 0.0865083 0.0765783 0.0697351 0.0769835 7.72561 7.73055 7.72597 7.72112
2.625 0.1871 0.1871 0.1871 0.1871 -2.99455 -3.00568 -3.00862 -2.99645 -0.296803 -0.303567 -0.301554 -0.304415 4.97517 4.97426 4.97743 4.97871
2.645 0.338781 0.338781 0.338781 0.338781 2.82117 2.83284 2.83065 2.8145 0.550127 0.552842 0.553914 0.563608 -0.914972 -0.913661 -0.912728 -0.914144
2.665 -0.485494 -0.485494 -0.485494 -0.485494 5.39994 5.41019 5.40671 5.38841 1.97824 1.9848 1.9918 1.98098 -5.84539 -5.85466 -5.85418 -5.85074
2.685 0.336962 0.336962 0.336962 0.336962 2.32593 2.32205 2.31646 2.32042 1.18283 1.19517 1.20347 1.19099 -5.86946 -5.8719 -5.87354 -5.87118
2.705 1.02651 1.02651 1.02651 1.02651 -2.42282 -2.42622 -2.4317 -2.43891 -2.75924 -2.75927 -2.75591 -2.75246 -1.51925 -1.51634 -1.5164 -1.51804
2.725 1.48185 1.48185 1.48185 1.48185 -4.63216 -4.64325 -4.63661 -4.63132 -5.8201 -5.83227 -5.83391 -5.81958 1.81716 1.8256 1.82705 1.82611
2.745 1.34988 1.34988 1.34988 1.34988 -3.82597 -3.83358 -3.83067 -3.80964 -4.20148 -4.20552 -4.20563 -4.20311 0.149127 0.14836 0.147982 0.146837
2.765 1.20068 1.20068 1.20068 1.20068 0.125133 0.119914 0.121678 0.129747 -0.292225 -0.287314 -0.291324 -0.297436 -4.23506 -4.23508 -4.23182 -4.2305
2.785 0.828874 0.828874 0.828874 0.828874 4.62607 4.63634 4.64048 4.63658 1.51882 1.52307 1.52359 1.52167 -5.98562 -5.98848 -5.99222 -5.99164
2.805 0.630868 0.630868 0.630868 0.630868 4.88927 4.88881 4.89747 4.89288 1.14388 1.14004 1.13961 1.14449 -3.09129 -3.0909 -3.09028 -3.09067
2.825 0.0735532 0.0735532 0.0735532 0.0735532 0.230516 0.225645 0.22958 0.25344 0.821532 0.819782 0.816524 0.816684 2.2133 2.21458 2.21473 2.21348
2.845 0.349942 0.349942 0.349942 0.349942 -4.00024 -4.02034 -4.01235 -3.99198 0.940309 0.942351 0.941321 0.93764 6.55894 6.55872 6.55722 6.55515
2.865 0.779062 0.779062 0.779062 0.779062 -2.42936 -2.44344 -2.44234 -2.42865 1.10045 1.10434 1.10651 1.1117 7.52226 7.5241 7.5271 7.52691
2.885 0.104999 0.104999 0.104999 0.104999 2.80814 2.79554 2.80202 2.77162 2.74094 2.73338 2.73869 2.74841 4.60937 4.61092 4.61104 4.60958
2.905 -0.490165 -0.490165 -0.490165 -0.490165 5.19963 5.21804 5.20181 5.18136 5.49032 5.49264 5.49422 5.48845 0.639186 0.638154 0.639949 0.643892
2.925 -0.510899 -0.510899 -0.510899 -0.510899 4.90437 4.92788 4.92978 4.92128 5.552 5.557 5.55696 5.55088 -0.104267 -0.107679 -0.110682 -0.110121
2.945 -0.963858 -0.963858 -0.963858 -0.963858 1.78878 1.79361 1.80115 1.79644 2.39604 2.39224 2.38877 2.39043 2.75726 2.75707 2.76074 2.76209
2.965 -1.28894 -1.28894 -1.28894 -1.28894 -2.71947 -2.72891 -2.7252 -2.70553 -0.678513 -0.682701 -0.682883 -0.680388 5.3068 5.30842 5.30638 5.3048
2.985 -0.655445 -0.655445 -0.655445 -0.655445 -5.44297 -5.4965 -5.4943 -5.39907 -1.66353 -1.65895 -1.65956 -1.66905 4.09244 4.09242 4.0932 4.09365
3.005 -0.526029 -0.526029 -0.526029 -0.526029 -2.97655 -2.97924 -2.96175 -2.97692 -1.88083 -1.89952 -1.89371 -1.89346 -0.551357 -0.548054 -0.547468 -0.550882
3.025 -0.987926 -0.987926 -0.987926 -0.987926 1.51566 1.54354 1.53426 1.50715 -2.03422 -2.04728 -2.06527 -2.07763 -5.92203 -5.92557 -5.92304 -5.91595
3.045 -0.537386 -0.537386 -0.537386 -0.537386 2.00682 2.03198 2.04112 2.05204 -2.0391 -2.04047 -2.04744 -2.08314 -8.78356 -8.78638 -8.77519 -8.76346
3.065 0.123255 0.123255 0.123255 0.123255 -0.599933 -0.584462 -0.584179 -0.532842 -3.41181 -3.40873 -3.40731 -3.40338 -7.69295 -7.68905 -7.68516 -7.67984
3.085 0.206612 0.206612 0.206612 0.206612 -3.0438 -3.07921 -3.08762 -3.08802 -5.70783 -5.71022 -5.70282 -5.69621 -4.16197 -4.15652 -4.15016 -4.14774
3.105 0.985125 0.985125 0.985125 0.985125 -5.38569 -5.41309 -5.43321 -5.4256 -5.82365 -5.82212 -5.81476 -5.80953 -1.8418 -1.84073 -1.8429 -1.84723
3.125 0.953092 0.953092 0.953092 0.953092 -4.79611 -4.81537 -4.81888 -4.80613 -3.81426 -3.80732 -3.80792 -3.81197 -2.08353 -2.0839 -2.08439 -2.0843
3.145 0.597582 0.597582 0.597582 0.597582 -0.380601 -0.375456 -0.365249 -0.358307 -1.70094 -1.70107 -1.70177 -1.7036 -3.31169 -3.31441 -3.31864 -3.32086
3.165 0.145204 0.145204 0.145204 0.145204 4.15673 4.1452 4.1504 4.16928 0.183634 0.184143 0.181857 0.180117 -3.55349 -3.55346 -3.55257 -3.55194
3.185 -0.139221 -0.139221 -0.139221 -0.139221 4.16779 4.18274 4.18383 4.22684 2.41113 2.40448 2.39697 2.41447 -1.61424 -1.61218 -1.61059 -1.61101
3.205 0.0628127 0.0628127 0.0628127 0.0628127 0.662309 0.678397 0.691913 0.67249 3.66266 3.67618 3.6785 3.65383 2.77416 2.76989 2.77277 2.77913
3.225 0.595874 0.595874 0.595874 0.595874 -1.05996 -1.08341 -1.08726 -1.07169 2.48205 2.51839 2.51131 2.46735 7.84662 7.83597 7.82966 7.83512
3.245 0.327887 0.327887 0.327887 0.327887 0.170497 0.178458 0.156111 0.138826 2.25747 2.2496 2.23804 2.24513 9.45595 9.45554 9.46041 9.46043
3.265 -0.615417 -0.615417 -0.615417 -0.615417 1.48075 1.55602 1.59035 1.57139 4.75393 4.74345 4.74875 4.76321 6.87618 6.87494 6.87097 6.87155
3.285 -0.76157 -0.76157 -0.76157 -0.76157 3.03634 3.04602 3.0718 3.07714 6.84668 6.86645 6.86598 6.85647 3.26382 3.25779 3.26288 3.27072
3.305 -0.943039 -0.943039 -0.943039 -0.943039 4.91015 4.92015 4.92822 4.9115 5.13142 5.13102 5.13018 5.12525 2.16412 2.16366 2.16465 2.1679
3.325 -0.321234 -0.321234 -0.321234 -0.321234 3.55836 3.56417 3.55281 3.53109 2.02408 2.01342 2.01168 2.02012 2.90435 2.90659 2.90523 2.90133
3.345 -0.145163 -0.145163 -0.145163 -0.145163 -0.953378 -0.952304 -0.963425 -0.961347 0.440787 0.441897 0.437562 0.437174 2.95055 2.9525 2.9553 2.95614
3.365 0.516189 0.516189 0.516189 0.516189 -4.26844 -4.27948 -4.30758 -4.34026 -0.655581 -0.648938 -0.635609 -0.64818 1.50561 1.50312 1.50056 1.5026
3.385 0.836359 0.836359 0.836359 0.836359 -2.55794 -2.54252 -2.59298 -2.62267 -2.84273 -2.8266 -2.82976 -2.8097 -1.08512 -1.08589 -1.0943 -1.09994
3.405 1.26566 1.26566 1.26566 1.26566 0.813041 0.815187 0.806751 0.791899 -3.97922 -3.99719 -4.00208 -3.99034 -4.82616 -4.8206 -4.81276 -4.80624
3.425 1.18464 1.18464 1.18464 1.18464 1.69883 1.69457 1.71635 1.73744 -2.97783 -2.97891 -2.97693 -2.9875 -8.21597 -8.22043 -8.22721 -8.23716
3.445 1.17563 1.17563 1.17563 1.17563 -0.0300889 -0.0275681 -0.0155162 -0.00219683 -2.34336 -2.33949 -2.35678 -2.36005 -8.52133 -8.51511 -8.51139 -8.50832
3.465 1.40884 1.40884 1.40884 1.40884 -1.98692 -1.98356 -1.97868 -1.97759 -3.88278 -3.89282 -3.89501 -3.88884 -5.09183 -5.09125 -5.09377 -5.09741
3.485 1.62391 1.62391 1.62391 1.62391 -2.92319 -2.92625 -2.92882 -2.93171 -5.09594 -5.11008 -5.10878 -5.09898 -1.14309 -1.13869 -1.13754 -1.14026
3.505 1.39731 1.39731 1.39731 1.39731 -2.54491 -2.55667 -2.56165 -2.55745 -3.10471 -3.10018 -3.10004 -3.09961 0.117151 0.119537 0.121352 0.121675
3.525 1.2878 1.2878 1.2878 1.2878 -0.162444 -0.130171 -0.135406 -0.160381 0.687851 0.7144 0.720223 0.721592 -0.627903 -0.632357 -0.633424 -0.632312
3.545 1.22393 1.22393 1.22393 1.22393 3.56474 3.61498 3.64097 3.59394 3.09563 3.11628 3.11775 3.11349 -0.412463 -0.410697 -0.409457 -0.409413
3.565 0.77008 0.77008 0.77008 0.77008 5.59132 5.60188 5.61669 5.61219 3.99916 3.98804 3.99566 4.00899 2.00182 1.99292 1.9794 1.97101
3.585 0.0544215 0.0544215 0.0544215 0.0544215 3.64103 3.56854 3.5432 3.57982 4.9162 4.92289 4.92383 4.91636 5.53137 5.53023 5.53151 5.53514
3.605 -0.600097 -0.600097 -0.600097 -0.600097 1.3297 1.19653 1.05271 1.19699 4.66418 4.74323 4.73219 4.70845 8.75909 8.76123 8.7641 8.76646
3.625 -1.00364 -1.00364 -1.00364 -1.00364 -0.0786646 -0.144695 -0.171282 -0.163849 4.99631 4.94975 4.96767 4.96245 9.55704 9.57137 9.57477 9.57126
3.645 -1.18157 -1.18157 -1.18157 -1.18157 -0.184216 -0.190845 -0.167968 -0.19347 5.77556 5.7751 5.75316 5.75102 7.86851 7.85575 7.86598 7.87933
3.665 -1.47084 -1.47084 -1.47084 -1.47084 1.87476 1.91181 1.92912 1.92621 4.92332 4.93327 4.92119 4.91285 5.19443 5.19138 5.1928 5.20229
3.685 -1.60239 -1.60239 -1.60239 -1.60239 3.43017 3.45598 3.46982 3.45904 2.96959 2.96616 2.96903 2.96589 2.53521 2.53937 2.54141 2.53946
3.705 -1.74294 -1.74294 -1.74294 -1.74294 1.85298 1.8726 1.87609 1.86891 1.25557 1.25453 1.26047 1.26033 0.15171 0.152152 0.1522 0.150424
3.725 -1.59668 -1.59668 -1.59668 -1.59668 -2.03511 -1.88797 -1.95053 -2.0554 -1.06959 -0.972975 -0.988021 -1.00864 -1.54756 -1.56081 -1.56357 -1.56079
3.745 -1.21232 -1.21232 -1.21232 -1.21232 -4.55835 -4.57288 -4.60645 -4.57936 -4.25384 -4.27956 -4.2985 -4.28249 -2.87575 -2.87266 -2.88512 -2.89964
3.765 -0.588101 -0.588101 -0.588101 -0.588101 -2.05943 -2.66131 -2.73526 -2.87767 -6.60426 -6.57399 -6.55047 -6.57334 -5.21047 -5.20613 -5.19757 -5.1875
3.785 -0.615058 -0.615058 -0.615058 -0.615058 -0.461951 -0.224578 -0.590301 -0.844136 -5.15187 -5.16231 -5.08458 -4.99949 -8.54667 -8.54772 -8.58053 -8.60952
3.805 -0.133317 -0.133317 -0.133317 -0.133317 -0.555275 -0.545154 -0.683881 -0.775957 -4.35958 -4.43678 -4.39817 -4.33974 -9.72321 -9.72436 -9.75451 -9.78286
3.825 0.140306 0.140306 0.140306 0.140306 -0.18726 -1.07963 -1.07533 -1.05577 -5.36083 -5.11547 -5.09081 -5.10939 -7.96227 -7.99179 -7.98079 -7.96585
3.845 0.52325 0.52325 0.52325 0.52325 -2.45308 -2.44293 -2.89422 -2.75391 -5.60907 -5.58897 -5.43223 -5.57228 -4.77492 -4.75428 -4.74692 -4.72254
3.865 -0.0209963 -0.0209963 -0.0209963 -0.0209963 -6.18625 -6.06709 -6.28782 -6.55801 -4.1222 -4.1074 -4.05089 -3.93954 -2.2637 -2.25301 -2.23498 -2.24156
3.885 -0.409457 -0.409457 -0.409457 -0.409457 -7.96268 -7.90848 -7.90578 -8.05415 -2.70742 -2.69787 -2.65865 -2.59791 -0.721577 -0.730282 -0.746379 -0.745464
3.905 -0.914534 -0.914534 -0.914534 -0.914534 -4.81677 -4.77611 -4.73702 -4.719 -2.91333 -2.92617 -2.91258 -2.91741 -0.162771 -0.169699 -0.178087 -0.182593
3.925 -0.893139 -0.893139 -0.893139 -0.893139 -0.0192553 0.00571974 0.0565766 0.109846 -2.51013 -2.52308 -2.54273 -2.54775 -1.19774 -1.20529 -1.22191 -1.23551
3.945 -0.806086 -0.806086 -0.806086 -0.806086 2.19216 2.20159 2.21492 2.18801 -0.201548 -0.209055 -0.231582 -0.243431 -3.1453 -3.14594 -3.14768 -3.14876
3.965 -0.425599 -0.425599 -0.425599 -0.425599 2.12653 2.15589 2.18562 2.12111 1.6791 1.68005 1.67091 1.65327 -3.31599 -3.31724 -3.31441 -3.30897
3.985 0.234528 0.234528 0.234528 0.234528 1.10773 1.19907 1.13069 1.12141 1.27641 1.32861 1.32314 1.31036 -0.462672 -0.461048 -0.456326 -0.451088
4.005 0.0142519 0.0142519 0.0142519 0.0142519 0.0757964 0.0845252 0.0566976 0.0543731 -0.0666056 -0.0766221 -0.0282873 -0.0445551 3.39564 3.40265 3.40816 3.41725
4.025 -0.203667 -0.203667 -0.203667 -0.203667 -1.19266 -1.24862 -1.23827 -1.23047 0.499189 0.505065 0.513614 0.53762 5.08155 5.07896 5.07784 5.0729
4.045 0.42391 0.42391 0.42391 0.42391 -1.5219 -1.32548 -1.38318 -1.47052 2.66858 2.65583 2.65854 2.68014 4.04586 4.04681 4.05295 4.06032
4.065 1.23273 1.23273 1.23273 1.23273 2.26827 2.39824 2.78615 3.28861 3.4065 3.4249 3.41133 3.32676 2.55165 2.52468 2.48904 2.47332
4.085 0.909781 0.909781 0.909781 0.909781 5.3196 5.16853 5.17976 5.64058 3.45989 3.51443 3.51933 3.44176 1.44657 1.44013 1.44177 1.45509
4.105 0.38791 0.38791 0.38791 0.38791 5.32323 5.01558 4.6364 4.52834 3.37431 3.39473 3.42698 3.43783 1.67498 1.69109 1.69412 1.68694
4.125 0.817561 0.817561 0.817561 0.817561 3.69795 3.53007 3.34091 3.15993 3.29181 3.30934 3.33017 3.35691 2.78654 2.78044 2.7879 2.79963
4.145 0.953351 0.953351 0.953351 0.953351 0.894611 0.891319 0.822644 0.738109 2.99778 3.00844 3.03515 3.05696 4.31124 4.31215 4.30722 4.30057
4.165 0.14605 0.14605 0.14605 0.14605 -0.796124 -0.695012 -0.564754 -0.477527 2.38907 2.39595 2.39161 2.37997 5.01024 5.00096 4.99703 5.00094
4.185 0.0723553 0.0723553 0.0723553 0.0723553 -0.520068 -0.455468 -0.307129 -0.239949 1.74653 1.72961 1.70633 1.69631 4.2919 4.29736 4.29796 4.29265
4.205 0.272473 0.272473 0.272473 0.272473 0.849789 0.866144 0.871734 0.864967 1.39799 1.39531 1.38024 1.37166 2.06644 2.06365 2.06263 2.0646
4.225 0.48737 0.48737 0.48737 0.48737 2.23227 2.21955 2.18735 2.17395 1.19708 1.20211 1.19845 1.18125 -0.477021 -0.47522 -0.471763 -0.469826
4.245 0.690465 0.690465 0.690465 0.690465 2.62445 2.6377 2.5934 2.52149 0.490788 0.500023 0.495452 0.517816 -2.00506 -2.00227 -2.00235 -2.00238
4.265 0.0288203 0.0288203 0.0288203 0.0288203 1.79153 1.80501 1.78699 1.70949 -0.367368 -0.380469 -0.36022 -0.339816 -2.09492 -2.08941 -2.08655 -2.0875
4.285 -0.103221 -0.103221 -0.103221 -0.103221 -0.421834 -0.397988 -0.406689 -0.388539 -1.05714 -1.05454 -1.03933 -1.03029 -1.26165 -1.26415 -1.2637 -1.26248
4.305 0.054746 0.054746 0.054746 0.054746 -2.84492 -2.76923 -2.71828 -2.61334 -1.57818 -1.57948 -1.58099 -1.59715 -0.330274 -0.337114 -0.352327 -0.359421
4.325 0.165144 0.165144 0.165144 0.165144 -3.4642 -3.52994 -3.5521 -3.56305 -2.05112 -2.05121 -2.07035 -2.08037 -0.20165 -0.193205 -0.177279 -0.169687
4.345 0.892811 0.892811 0.892811 0.892811 -2.86109 -2.93608 -2.95849 -2.94994 -2.31913 -2.30595 -2.30519 -2.30648 -1.07656 -1.08052 -1.08984 -1.09608
4.365 0.981713 0.981713 0.981713 0.981713 -0.751129 -0.745702 -0.774156 -0.796129 -2.27458 -2.2882 -2.28855 -2.28091 -2.72461 -2.71649 -2.70364 -2.69796
4.385 0.636888 0.636888 0.636888 0.636888 1.24313 1.26125 1.27877 1.27776 -1.83068 -1.83555 -1.82522 -1.8203 -4.10679 -4.11092 -4.11805 -4.12158
4.405 0.321401 0.321401 0.321401 0.321401 1.7056 1.71016 1.71585 1.70782 -1.15448 -1.1558 -1.15776 -1.157 -4.23332 -4.23061 -4.22743 -4.22691
4.425 -0.0426862 -0.0426862 -0.0426862 -0.0426862 0.449785 0.449946 0.450144 0.457281 -0.755164 -0.753224 -0.752851 -0.748632 -2.60559 -2.60946 -2.61384 -2.6152
4.445 0.0345003 0.0345003 0.0345003 0.0345003 -1.46567 -1.45223 -1.45241 -1.44427 -0.740647 -0.751964 -0.745125 -0.744252 0.0636921 0.0642889 0.0633304 0.0621374
4.465 0.112671 0.112671 0.112671 0.112671 -2.61732 -2.62861 -2.63719 -2.63355 -0.546928 -0.544126 -0.551423 -0.532901 2.21635 2.21676 2.21403 2.21379
4.485 0.73368 0.73368 0.73368 0.73368 -1.99323 -1.96524 -2.00365 -1.9864 -0.0395481 -0.0387396 -0.0265743 -0.0404423 2.76437 2.76407 2.76152 2.75923
4.505 0.997174 0.997174 0.997174 0.997174 -0.154823 -0.188076 -0.193734 -0.202203 0.996986 1.01073 1.01367 1.00192 1.67871 1.67448 1.67237 1.67288
4.525 0.374336 0.374336 0.374336 0.374336 2.88891 2.67558 2.59863 2.67442 1.78657 1.82325 1.8243 1.81855 0.276787 0.281868 0.297691 0.307852
4.545 0.104316 0.104316 0.104316 0.104316 4.92648 4.86772 4.97152 4.94688 2.1142 2.12815 2.16213 2.21676 -0.0897594 -0.104504 -0.136839 -0.162382
4.565 0.405247 0.405247 0.405247 0.405247 4.11231 4.27462 4.40361 4.47322 2.84484 2.81175 2.81107 2.83044 0.673944 0.674431 0.673243 0.675798
4.585 0.614159 0.614159 0.614159 0.614159 1.35439 1.42617 1.48031 1.48855 3.10151 3.08326 3.06959 3.05964 2.78863 2.78205 2.77188 2.76481
4.605 0.542123 0.542123 0.542123 0.542123 -0.710325 -0.727199 -0.765853 -0.829018 2.49069 2.48785 2.47722 2.47352 5.04478 5.04026 5.03775 5.03815
4.625 0.760522 0.760522 0.760522 0.760522 -1.003 -1.05229 -1.11763 -1.13324 1.67659 1.67635 1.67822 1.67377 5.88233 5.8868 5.88991 5.89018
4.645 0.766171 0.766171 0.766171 0.766171 0.470484 0.461313 0.455064 0.464841 1.81068 1.81494 1.82276 1.8249 4.24145 4.23997 4.24005 4.24046
4.665 0.478293 0.478293 0.478293 0.478293 2.55905 2.57102 2.60332 2.60837 2.56248 2.57143 2.57253 2.57548 1.236 1.23896 1.24226 1.24403
4.685 0.0143368 0.0143368 0.0143368 0.0143368 3.81274 3.84487 3.8757 3.87695 2.63374 2.63683 2.63487 2.62116 -0.881905 -0.882574 -0.886 -0.886611
4.705 0.164449 0.164449 0.164449 0.164449 3.12678 3.1644 3.18596 3.22681 1.51928 1.51343 1.49545 1.48246 -0.884593 -0.884436 -0.88238 -0.879641
4.725 -0.0751986 -0.0751986 -0.0751986 -0.0751986 0.954961 0.961497 0.948475 0.933712 -0.0495269 -0.0404821 -0.0377312 -0.0314785 0.479846 0.477204 0.47749 0.47858
4.745 -0.429726 -0.429726 -0.429726 -0.429726 -1.57891 -1.56116 -1.60504 -1.60798 -0.752995 -0.76655 -0.757439 -0.759593 1.42249 1.42762 1.43004 1.43219
4.765 -0.624778 -0.624778 -0.624778 -0.624778 -3.23332 -3.28931 -3.31315 -3.31384 -0.792305 -0.785608 -0.789215 -0.7893 1.04984 1.05133 1.05492 1.05496
4.785 -0.968094 -0.968094 -0.968094 -0.968094 -3.10196 -3.1579 -3.20234 -3.17391 -1.13672 -1.11913 -1.11788 -1.15007 -0.314421 -0.312647 -0.310895 -0.306986
4.805 -1.41181 -1.41181 -1.41181 -1.41181 -1.43843 -1.43902 -1.48915 -1.50858 -1.9265 -1.92729 -1.92208 -1.91055 -2.07416 -2.06921 -2.06743 -2.06836
4.825 -1.85425 -1.85425 -1.85425 -1.85425 -0.156173 -0.139675 -0.123214 -0.1434 -2.58651 -2.59981 -2.59012 -2.57304 -3.73827 -3.73682 -3.73709 -3.73896
4.845 -1.94825 -1.94825 -1.94825 -1.94825 -0.137078 -0.119427 -0.104038 -0.115953 -2.66944 -2.6766 -2.67669 -2.66554 -4.81396 -4.81465 -4.8135 -4.81258
4.865 -1.69668 -1.69668 -1.69668 -1.69668 -1.47801 -1.47431 -1.46335 -1.44965 -2.7122 -2.71274 -2.7161 -2.72196 -4.6765 -4.67832 -4.68066 -4.68162
4.885 -1.66381 -1.66381 -1.66381 -1.66381 -3.03865 -3.03944 -3.03851 -3.03733 -3.24446 -3.24612 -3.25116 -3.25735 -3.42144 -3.41985 -3.41784 -3.41676
4.905 -1.61956 -1.61956 -1.61956 -1.61956 -4.21737 -4.2284 -4.23369 -4.23166 -3.79371 -3.79393 -3.7939 -3.79267 -2.10491 -2.1054 -2.108 -2.1104
4.925 -1.61921 -1.61921 -1.61921 -1.61921 -4.88842 -4.89118 -4.89521 -4.89697 -3.68648 -3.68496 -3.68449 -3.68396 -1.8405 -1.83894 -1.83575 -1.83383
4.945 -1.27605 -1.27605 -1.27605 -1.27605 -4.40203 -4.40798 -4.41246 -4.41571 -3.22327 -3.21851 -3.21507 -3.21425 -2.63238 -2.63443 -2.63759 -2.63903
4.965 -0.532656 -0.532656 -0.532656 -0.532656 -2.25611 -2.25223 -2.252 -2.2593 -3.10009 -3.10271 -3.10358 -3.10298 -3.71717 -3.71552 -3.71317 -3.71208
4.985 -0.00807245 -0.00807245 -0.00807245 -0.00807245 0.123025 0.127281 0.130303 0.120068 -2.93119 -2.93917 -2.93957 -2.93376 -4.44467 -4.4448 -4.44739 -4.4505
5.005 -0.0885365 -0.0885365 -0.0885365 -0.0885365 0.959834 0.97064 0.976576 0.968109 -2.14067 -2.1485 -2.15115 -2.14899 -4.38643 -4.38498 -4.38399 -4.38452
5.025 -0.615135 -0.615135 -0.615135 -0.615135 0.0340147 0.0379226 0.0395437 0.0383821 -1.07688 -1.07741 -1.07814 -1.07966 -3.0926 -3.09353 -3.09406 -3.09394
5.045 -1.19352 -1.19352 -1.19352 -1.19352 -1.59191 -1.59887 -1.59677 -1.60232 -0.57452 -0.554685 -0.554056 -0.560495 -0.635169 -0.636761 -0.634462 -0.631191
5.065 -1.56318 -1.56318 -1.56318 -1.56318 -2.81193 -2.80035 -2.80459 -2.77864 -0.403397 -0.444243 -0.4534 -0.416132 1.8732 1.87705 1.88261 1.88007
5.085 -1.37976 -1.37976 -1.37976 -1.37976 -2.62914 -2.66911 -2.65423 -2.67022 -0.28106 -0.285752 -0.286291 -0.276534 3.04659 3.04647 3.04178 3.03865
5.105 -0.836852 -0.836852 -0.836852 -0.836852 -1.50597 -1.51668 -1.52306 -1.51196 0.496145 0.50404 0.510328 0.496223 2.27688 2.27751 2.28171 2.2857
5.125 -0.618116 -0.618116 -0.618116 -0.618116 0.293163 0.300555 0.295757 0.307059 1.25667 1.2667 1.267 1.25603 0.572111 0.570964 0.570685 0.571819
5.145 -0.592662 -0.592662 -0.592662 -0.592662 2.14759 2.15801 2.15851 2.14641 1.20039 1.19868 1.19549 1.20585 -0.624158 -0.620938 -0.619563 -0.618723
5.165 -0.609531 -0.609531 -0.609531 -0.609531 3.13696 3.13865 3.13735 3.12455 0.673314 0.666204 0.671657 0.677038 -0.730231 -0.72945 -0.727832 -0.727783
5.185 -1.03265 -1.03265 -1.03265 -1.03265 2.38751 2.40315 2.39142 2.38226 0.732854 0.725331 0.729894 0.737085 -0.114192 -0.112819 -0.112627 -0.113759
5.205 -1.01197 -1.01197 -1.01197 -1.01197 0.00744789 -0.000346301 -0.00689608 -0.00282963 1.16877 1.17414 1.17577 1.17522 0.939836 0.938246 0.93571 0.933486
5.225 -0.886248 -0.886248 -0.886248 -0.886248 -2.14209 -2.15 -2.14362 -2.12947 0.90996 0.911411 0.905524 0.903657 2.17212 2.17218 2.17478 2.17729
5.245 -0.821182 -0.821182 -0.821182 -0.821182 -2.58634 -2.58173 -2.57522 -2.56669 -0.140065 -0.142188 -0.142524 -0.149181 2.7622 2.76147 2.76015 2.76001
5.265 -0.541097 -0.541097 -0.541097 -0.541097 -1.40764 -1.3881 -1.39197 -1.41158 -0.846431 -0.855231 -0.854489 -0.847629 1.65629 1.66005 1.66283 1.66205
5.285 -0.426399 -0.426399 -0.426399 -0.426399 0.270153 0.273634 0.267238 0.27116 -0.544749 -0.538286 -0.545186 -0.547872 -0.940006 -0.936459 -0.936509 -0.941525
5.305 -0.759357 -0.759357 -0.759357 -0.759357 1.17038 1.16598 1.15853 1.16767 0.0400018 0.0403001 0.0430086 0.0383619 -3.26158 -3.26274 -3.26067 -3.25756
5.325 -0.844823 -0.844823 -0.844823 -0.844823 1.07716 1.06167 1.05263 1.02332 -0.580857 -0.584229 -0.5756 -0.571357 -3.5809 -3.58257 -3.58197 -3.58053
5.345 -1.1375 -1.1375 -1.1375 -1.1375 -0.256926 -0.243607 -0.248076 -0.254322 -1.96335 -1.96826 -1.9683 -1.95915 -2.17971 -2.17759 -2.17589 -2.17571
5.365 -0.996691 -0.996691 -0.996691 -0.996691 -2.447 -2.43238 -2.42968 -2.42554 -2.62031 -2.62442 -2.62509 -2.62043 -0.761322 -0.760323 -0.763151 -0.766662
5.385 -0.994361 -0.994361 -0.994361 -0.994361 -4.09839 -4.11828 -4.11879 -4.12012 -2.2519 -2.24878 -2.24942 -2.25192 -0.535805 -0.536979 -0.536934 -0.536489
5.405 -0.585505 -0.585505 -0.585505 -0.585505 -4.15609 -4.16777 -4.16592 -4.14493 -1.94499 -1.93963 -1.93922 -1.94771 -1.24926 -1.25092 -1.2519 -1.25094
5.425 -0.121343 -0.121343 -0.121343 -0.121343 -2.07279 -2.0801 -2.08482 -2.08292 -2.38716 -2.3869 -2.38832 -2.38317 -2.2815 -2.28118 -2.28059 -2.27983
5.445 0.73544 0.73544 0.73544 0.73544 0.55407 0.564298 0.569882 0.558276 -2.64139 -2.65247 -2.65037 -2.64316 -3.38 -3.37823 -3.3791 -3.38223
5.465 1.61555 1.61555 1.61555 1.61555 1.77032 1.76444 1.76652 1.7528 -1.80476 -1.80952 -1.809 -1.80614 -4.17285 -4.17254 -4.173 -4.17413
5.485 1.95705 1.95705 1.95705 1.95705 1.31284 1.31729 1.31504 1.3124 -0.591464 -0.592025 -0.592755 -0.595551 -3.65078 -3.65122 -3.65137 -3.65124
5.505 2.24597 2.24597 2.24597 2.24597 0.284161 0.301609 0.285731 0.283527 -0.175148 -0.141543 -0.144864 -0.155274 -1.36494 -1.36397 -1.36321 -1.36261
5.525 2.48742 2.48742 2.48742 2.48742 -0.601949 -0.617473 -0.627809 -0.611367 0.00355595 -0.0250695 -0.028329 -0.0147495 1.58693 1.59273 1.59769 1.59934
5.545 2.68214 2.68214 2.68214 2.68214 -0.897534 -0.921599 -0.913093 -0.937836 0.556729 0.556476 0.544336 0.553947 3.52328 3.52307 3.52221 3.51782
5.565 2.71423 2.71423 2.71423 2.71423 1.302 0.820876 0.560964 0.670222 1.8719 1.96964 1.99479 1.9776 3.66833 3.66902 3.69406 3.71431
5.585 1.84323 1.84323 1.84323 1.84323 4.20803 3.95318 3.88124 3.74968 3.32305 3.39046 3.49724 3.5726 3.02156 3.00009 2.94066 2.89903
5.605 0.53263 0.53263 0.53263 0.53263 2.66978 2.62892 2.87719 3.9378 5.3342 5.42571 5.43794 5.10909 2.5009 2.45662 2.41646 2.44789
5.625 -0.225619 -0.225619 -0.225619 -0.225619 3.32699 3.02041 3.1867 3.55297 4.43346 4.5503 4.44582 4.30218 3.98426 3.98799 4.02166 4.03663
5.645 -0.779551 -0.779551 -0.779551 -0.779551 3.95711 3.92691 3.96796 3.92248 2.93081 2.91594 2.85428 2.84145 5.63879 5.64761 5.6637 5.6745
5.665 -1.32278 -1.32278 -1.32278 -1.32278 3.55722 3.48296 3.29777 3.11522 3.35963 3.34041 3.36189 3.40016 5.62767 5.65259 5.6832 5.69334
5.685 -1.88011 -1.88011 -1.88011 -1.88011 2.00996 2.03559 1.98781 1.90818 5.08754 5.10329 5.13605 5.15975 4.19607 4.18568 4.18551 4.19397
5.705 -1.10017 -1.10017 -1.10017 -1.10017 0.542203 0.534564 0.548346 0.553951 4.86132 4.88557 4.90338 4.90024 3.58215 3.5835 3.5866 3.59025
5.725 0.798835 0.798835 0.798835 0.798835 0.758074 0.796768 0.864523 0.916643 2.00368 2.00278 1.99884 1.99114 3.9285 3.92166 3.91287 3.90895
5.745 1.31716 1.31716 1.31716 1.31716 1.60297 1.60646 1.61868 1.62744 -0.325038 -0.33543 -0.34727 -0.343798 3.10985 3.11391 3.11185 3.10484
5.765 1.35281 1.35281 1.35281 1.35281 1.69767 1.68681 1.66556 1.69316 0.0527418 0.058467 0.0526226 0.0592271 0.0601026 0.0601068 0.0540199 0.0469253
5.785 0.941555 0.941555 0.941555 0.941555 1.47775 1.44313 1.3762 1.40498 1.08148 1.07742 1.09228 1.10345 -2.9537 -2.95357 -2.95228 -2.94347
5.805 0.448829 0.448829 0.448829 0.448829 1.43638 1.45854 1.44735 1.39474 0.163252 0.159545 0.174023 0.186793 -3.45484 -3.45883 -3.46202 -3.46365
5.825 0.376985 0.376985 0.376985 0.376985 1.3214 1.34899 1.35916 1.31864 -2.06743 -2.07311 -2.07781 -2.06833 -1.83769 -1.83326 -1.83119 -1.83378
5.845 0.795161 0.795161 0.795161 0.795161 -0.105183 -0.0884049 -0.0748352 -0.0792022 -2.54643 -2.54957 -2.55696 -2.55497 -0.615033 -0.614247 -0.619075 -0.624552
5.865 0.673842 0.673842 0.673842 0.673842 -3.12633 -2.9724 -2.98412 -3.23938 -0.954038 -0.977302 -0.996086 -0.978022 -0.742897 -0.723854 -0.690193 -0.675739
5.885 0.770659 0.770659 0.770659 0.770659 -4.49129 -4.42592 -4.34869 -4.32056 -0.191033 -0.171964 -0.154704 -0.161003 -0.767519 -0.801943 -0.853518 -0.875732
5.905 0.856441 0.856441 0.856441 0.856441 -3.14579 -3.21505 -3.29318 -3.28147 -1.92839 -1.91629 -1.91016 -1.92304 -0.363908 -0.352053 -0.334653 -0.325151
5.925 0.612718 0.612718 0.612718 0.612718 -0.171892 -0.251923 -0.286873 -0.248794 -3.36068 -3.34835 -3.31504 -3.28959 -0.735359 -0.749403 -0.781247 -0.805578
5.945 0.610872 0.610872 0.610872 0.610872 1.36507 1.34508 1.36059 1.36256 -1.97245 -1.97932 -1.97753 -1.97318 -2.94989 -2.94483 -2.94055 -2.94215
5.965 0.685759 0.685759 0.685759 0.685759 1.23438 1.25031 1.27554 1.29287 0.332964 0.34196 0.343868 0.334344 -4.58543 -4.5951 -4.60259 -4.6005
5.985 0.830079 0.830079 0.830079 0.830079 0.702533 0.727622 0.728883 0.734344 0.431167 0.432265 0.424634 0.416202 -3.23326 -3.23364 -3.23177 -3.22948
6.005 0.788445 0.788445 0.788445 0.788445 0.189936 0.179804 0.173584 0.181921 -1.27788 -1.29382 -1.29096 -1.28651 0.305967 0.311734 0.312992 0.312271
6.025 0.900191 0.900191 0.900191 0.900191 -1.09593 -1.09941 -1.1015 -1.07288 -1.2257 -1.22219 -1.23195 -1.20842 2.68867 2.69484 2.69254 2.69079
6.045 0.673762 0.673762 0.673762 0.673762 -2.0233 -2.06835 -2.05466 -2.00317 0.804834 0.81375 0.840637 0.83209 2.67427 2.66893 2.6607 2.65526
6.065 0.765982 0.765982 0.765982 0.765982 -1.32312 -1.33464 -1.31441 -1.31426 2.3571 2.37299 2.37677 2.36592 1.68243 1.67722 1.678 1.68313
6.085 0.850884 0.850884 0.850884 0.850884 1.89979 1.91951 1.91434 1.81521 1.83098 1.79978 1.78691 1.8029 1.33163 1.34409 1.35033 1.35059
6.105 0.807877 0.807877 0.807877 0.807877 4.33169 4.42223 4.4454 4.42278 1.11653 1.08113 1.07372 1.07733 1.32849 1.33255 1.33034 1.32516
6.125 0.486411 0.486411 0.486411 0.486411 4.49137 4.59931 4.70812 4.74225 2.24542 2.22094 2.20071 2.2086 0.901079 0.909669 0.92264 0.927936
6.145 0.28647 0.28647 0.28647 0.28647 2.85836 2.8699 2.87586 2.86274 3.73928 3.74509 3.74961 3.75243 1.28833 1.2879 1.28302 1.28041
6.165 0.228048 0.228048 0.228048 0.228048 0.970841 0.96194 0.948583 0.972005 3.59697 3.60388 3.6068 3.59176 3.17109 3.16695 3.16943 3.17578
6.185 0.0391627 0.0391627 0.0391627 0.0391627 -0.0129136 -0.0495171 -0.076869 -0.0841225 2.01029 2.01053 2.01424 2.01533 5.45026 5.45242 5.45181 5.44759
6.205 0.0302871 0.0302871 0.0302871 0.0302871 -0.143444 -0.140337 -0.148383 -0.150074 1.36756 1.36368 1.36497 1.36909 5.60757 5.60447 5.60114 5.60078
6.225 -0.144323 -0.144323 -0.144323 -0.144323 0.295423 0.284375 0.283136 0.284623 2.25122 2.25165 2.25296 2.25052 3.27804 3.28129 3.28278 3.28129
6.245 0.324912 0.324912 0.324912 0.324912 1.45236 1.46194 1.47459 1.48294 2.7035 2.70959 2.71118 2.70707 0.463669 0.457497 0.453436 0.455429
6.265 0.771876 0.771876 0.771876 0.771876 2.91579 2.93342 2.93658 2.93669 1.35368 1.35222 1.34261 1.36391 -0.836669 -0.834752 -0.83266 -0.831493
6.285 0.741615 0.741615 0.741615 0.741615 3.05518 3.12782 3.14513 3.0919 -0.364409 -0.388741 -0.387499 -0.37324 -0.911206 -0.913469 -0.914277 -0.915148
6.305 0.472101 0.472101 0.472101 0.472101 1.27961 1.33078 1.3432 1.29071 -0.574485 -0.589186 -0.589309 -0.578554 -0.846186 -0.840468 -0.837847 -0.840275
6.325 -0.0622547 -0.0622547 -0.0622547 -0.0622547 -0.938284 -0.935204 -0.945761 -0.949193 -0.0442389 -0.0400748 -0.0362483 -0.0373138 -0.716379 -0.716844 -0.716298 -0.71408
6.345 -0.449896 -0.449896 -0.449896 -0.449896 -2.18127 -2.19765 -2.20444 -2.19149 -0.384365 -0.376977 -0.373438 -0.376237 -0.107596 -0.110603 -0.113458 -0.113874
6.365 -0.0624203 -0.0624203 -0.0624203 -0.0624203 -2.51662 -2.42243 -2.46381 -2.54933 -1.48038 -1.50184 -1.4983 -1.48102 0.37156 0.384241 0.398685 0.403071
6.385 0.342455 0.342455 0.342455 0.342455 -2.01165 -1.9309 -1.90753 -1.98507 -1.94488 -1.94806 -1.92351 -1.88614 -0.208651 -0.224422 -0.255145 -0.276447
6.405 0.574478 0.574478 0.574478 0.574478 -1.28038 -1.26568 -1.25865 -1.28499 -1.62257 -1.60952 -1.60796 -1.60841 -1.88401 -1.88356 -1.88216 -1.88253
6.425 0.165528 0.165528 0.165528 0.165528 -0.144219 -0.168966 -0.16606 -0.13466 -1.27974 -1.2743 -1.26624 -1.2795 -3.33498 -3.34348 -3.35759 -3.36337
6.445 -0.321657 -0.321657 -0.321657 -0.321657 0.583476 0.558071 0.549057 0.558119 -1.55817 -1.56261 -1.57419 -1.5766 -3.5922 -3.58928 -3.58666 -3.58752
6.465 -0.65746 -0.65746 -0.65746 -0.65746 0.117776 0.111632 0.108475 0.0988294 -1.91089 -1.91801 -1.92172 -1.91891 -2.70529 -2.70309 -2.70016 -2.69888
6.485 -0.135719 -0.135719 -0.135719 -0.135719 -1.37927 -1.38109 -1.38156 -1.38012 -1.70047 -1.70242 -1.69871 -1.69749 -1.46126 -1.46128 -1.4622 -1.46365
6.505 -0.0985042 -0.0985042 -0.0985042 -0.0985042 -2.6515 -2.65059 -2.64917 -2.64566 -1.28372 -1.27773 -1.27893 -1.28491 -0.406275 -0.404579 -0.399153 -0.394882
6.525 0.145405 0.145405 0.145405 0.145405 -2.39693 -2.40298 -2.40008 -2.38591 -1.04817 -1.04068 -1.0399 -1.03999 0.183967 0.181636 0.176758 0.172591
6.545 -0.292598 -0.292598 -0.292598 -0.292598 -0.975784 -0.995359 -0.995834 -0.977362 -0.861989 -0.860441 -0.859177 -0.860739 0.0621268 0.0649746 0.0705556 0.0740508
6.565 -1.03305 -1.03305 -1.03305 -1.03305 0.396688 0.39945 0.396329 0.392903 -0.220915 -0.22314 -0.220442 -0.217869 -0.592335 -0.59462 -0.600287 -0.603352
6.585 -1.25776 -1.25776 -1.25776 -1.25776 1.05236 1.06371 1.06509 1.05363 0.529158 0.52984 0.528163 0.527191 -1.02794 -1.03035 -1.03237 -1.03389
6.605 1.01002 1.01002 1.01002 1.01002 0.954712 0.960474 0.956986 0.946931 0.753201 0.747747 0.744891 0.745274 -0.52769 -0.525011 -0.518173 -0.513035
6.625 0.974458 0.974458 0.974458 0.974458 0.754089 0.760583 0.768159 0.769561 0.393926 0.391316 0.39531 0.395152 0.750868 0.750779 0.741278 0.737889
6.645 -0.380977 -0.380977 -0.380977 -0.380977 0.394786 0.415447 0.427365 0.396809 0.425619 0.41674 0.414087 0.419972 1.73335 1.7384 1.74495 1.74384
6.665 -0.633068 -0.633068 -0.633068 -0.633068 -0.0735251 -0.05078 -0.0511873 -0.0506202 1.12344 1.12115 1.11855 1.118 1.92188 1.92095 1.92017 1.91988
6.685 -0.427693 -0.427693 -0.427693 -0.427693 -0.125523 -0.135283 -0.133167 -0.121748 1.68545 1.69128 1.6862 1.67517 1.68882 1.68745 1.68886 1.69254
6.705 0.210475 0.210475 0.210475 0.210475 0.587836 0.563181 0.558808 0.566638 1.40384 1.40766 1.40434 1.39856 1.55471 1.55783 1.56396 1.56751
6.725 0.48173 0.48173 0.48173 0.48173 1.44009 1.44514 1.44254 1.44183 0.813512 0.811784 0.814562 0.81744 1.37815 1.37746 1.37382 1.37074
6.745 0.592293 0.592293 0.592293 0.592293 1.79355 1.7981 1.79796 1.7992 0.890618 0.885284 0.883457 0.885009 0.803178 0.807143 0.812752 0.815392
6.765 -0.118048 -0.118048 -0.118048 -0.118048 1.24409 1.23922 1.24088 1.23747 1.32509 1.33216 1.33556 1.33512 0.266003 0.262039 0.256772 0.25463
6.785 -0.861946 -0.861946 -0.861946 -0.861946 0.417817 0.417025 0.409894 0.406716 1.18579 1.18691 1.18674 1.18368 0.394079 0.394815 0.397784 0.400574
6.805 -1.3999 -1.3999 -1.3999 -1.3999 -0.245497 -0.232632 -0.234005 -0.240401 0.27 0.266667 0.265852 0.266123 1.03836 1.03935 1.04056 1.04093
6.825 -1.55119 -1.55119 -1.55119 -1.55119 -0.950158 -0.932465 -0.930143 -0.941752 -0.446984 -0.451785 -0.45261 -0.447314 1.21288 1.21232 1.2099 1.20769
6.845 -1.30266 -1.30266 -1.30266 -1.30266 -1.46427 -1.44592 -1.45452 -1.46746 -0.521847 -0.522305 -0.522058 -0.526945 0.375764 0.377766 0.381286 0.38427
6.865 -1.75022 -1.75022 -1.75022 -1.75022 -1.4532 -1.47176 -1.45898 -1.42618 -0.555833 -0.548366 -0.540175 -0.55087 -0.928378 -0.932987 -0.937745 -0.935679
6.885 -1.96642 -1.96642 -1.96642 -1.96642 -1.3103 -1.3595 -1.36148 -1.29026 -1.19127 -1.17821 -1.18859 -1.19766 -1.93723 -1.93497 -1.92655 -1.92289
6.905 -0.897606 -0.897606 -0.897606 -0.897606 -1.17224 -1.18129 -1.15199 -1.09151 -2.21819 -2.22633 -2.23831 -2.2463 -2.47769 -2.4769 -2.48169 -2.48622
6.925 0.433533 0.433533 0.433533 0.433533 -1.3033 -1.25783 -1.26526 -1.31426 -2.87754 -2.90518 -2.91657 -2.91664 -3.00907 -3.00081 -2.98945 -2.98372
6.945 1.12366 1.12366 1.12366 1.12366 -1.68388 -1.66505 -1.65214 -1.66639 -2.88941 -2.89747 -2.90094 -2.89603 -3.47246 -3.47035 -3.46863 -3.46919
6.965 0.614351 0.614351 0.614351 0.614351 -2.00732 -2.03196 -2.06179 -2.08446 -2.71289 -2.70552 -2.69889 -2.69597 -3.69424 -3.69326 -3.68894 -3.68448
6.985 0.387802 0.387802 0.387802 0.387802 -1.98623 -1.99046 -1.99067 -1.97857 -2.79878 -2.79579 -2.78949 -2.78951 -3.30336 -3.30275 -3.30336 -3.30458
7.005 0.52007 0.52007 0.52007 0.52007 -1.35228 -1.36367 -1.36469 -1.36799 -2.82937 -2.83009 -2.82649 -2.82208 -2.67767 -2.67955 -2.68387 -2.68715
7.025 0.691734 0.691734 0.691734 0.691734 -0.785699 -0.758301 -0.733785 -0.728145 -2.13201 -2.14232 -2.14838 -2.14862 -2.21596 -2.21432 -2.21401 -2.21519
7.045 0.290714 0.290714 0.290714 0.290714 -0.426591 -0.42437 -0.428031 -0.407905 -0.876616 -0.876938 -0.881698 -0.885111 -1.75995 -1.76204 -1.76524 -1.76698
7.065 -0.181235 -0.181235 -0.181235 -0.181235 -0.394359 -0.389516 -0.396729 -0.375192 0.115661 0.126536 0.119865 0.111426 -0.808675 -0.808407 -0.804678 -0.801104
7.085 0.035722 0.035722 0.035722 0.035722 -0.536694 -0.568839 -0.573353 -0.560297 0.491469 0.503697 0.494099 0.489765 0.742502 0.743258 0.746086 0.752963
7.105 0.314465 0.314465 0.314465 0.314465 -0.334063 -0.364308 -0.35443 -0.321819 0.425142 0.432081 0.43713 0.441019 2.16281 2.16314 2.15844 2.15302
7.125 -0.0865649 -0.0865649 -0.0865649 -0.0865649 -0.126707 -0.105361 -0.0816963 -0.0996171 0.958447 0.957647 0.958931 0.967947 2.52478 2.52537 2.52702 2.52638
7.145 -0.624432 -0.624432 -0.624432 -0.624432 1.05294 1.21271 1.19955 1.06273 1.90199 1.84862 1.83903 1.85652 1.98574 2.00211 2.01536 2.02179
7.165 -1.15013 -1.15013 -1.15013 -1.15013 1.98644 2.06714 2.08591 2.06122 2.47264 2.46094 2.45665 2.45204 1.51608 1.51259 1.51182 1.51379
7.185 -1.2305 -1.2305 -1.2305 -1.2305 2.92906 2.87583 2.83799 2.86906 2.49552 2.49861 2.4992 2.49546 1.58237 1.59112 1.60536 1.61368
7.205 -0.820898 -0.820898 -0.820898 -0.820898 2.18053 2.14186 2.11808 2.12735 2.21744 2.22736 2.24212 2.2452 2.22885 2.22497 2.21342 2.20497
7.225 -0.434837 -0.434837 -0.434837 -0.434837 0.67972 0.675403 0.703713 0.756482 2.07442 2.07034 2.06289 2.05346 2.82634 2.82849 2.83492 2.83976
7.245 -0.946475 -0.946475 -0.946475 -0.946475 -0.66953 -0.686314 -0.673644 -0.667933 1.60732 1.61221 1.60858 1.60366 3.0366 3.03411 3.0301 3.02728
7.265 -1.34447 -1.34447 -1.34447 -1.34447 -0.928308 -0.911275 -0.904868 -0.901092 0.895995 0.89865 0.892399 0.887871 2.46778 2.46612 2.46584 2.46742
7.285 -1.25081 -1.25081 -1.25081 -1.25081 -0.379061 -0.348956 -0.342888 -0.318091 0.120458 0.11297 0.118123 0.118395 1.04403 1.04874 1.0517 1.05062
7.305 -0.841723 -0.841723 -0.841723 -0.841723 0.51691 0.563558 0.573565 0.52995 -0.434756 -0.432478 -0.431564 -0.435793 -0.907183 -0.909277 -0.915159 -0.920067
7.325 -0.54512 -0.54512 -0.54512 -0.54512 0.802959 0.807673 0.805941 0.771028 -0.639632 -0.619627 -0.631608 -0.634635 -2.58267 -2.57985 -2.5718 -2.56558
7.345 -0.0788298 -0.0788298 -0.0788298 -0.0788298 0.283747 0.240212 0.135787 0.284087 -1.21379 -1.21199 -1.18833 -1.21119 -3.10482 -3.10025 -3.0961 -3.09495
7.365 -0.118099 -0.118099 -0.118099 -0.118099 -1.10811 -1.11043 -1.13795 -1.18121 -2.07649 -2.08006 -2.05832 -2.03755 -2.54327 -2.55046 -2.56775 -2.58002
7.385 -0.379031 -0.379031 -0.379031 -0.379031 -2.39677 -2.54071 -2.59261 -2.67774 -2.7512 -2.73227 -2.73922 -2.72366 -1.88721 -1.88784 -1.88167 -1.87819
7.405 -0.554676 -0.554676 -0.554676 -0.554676 -3.77436 -3.71207 -3.6125 -3.5405 -2.90448 -2.9164 -2.93685 -2.94886 -1.65055 -1.64239 -1.63415 -1.63098
7.425 0.274482 0.274482 0.274482 0.274482 -3.62717 -3.62184 -3.6248 -3.63576 -2.7801 -2.78451 -2.78654 -2.77998 -2.24872 -2.24956 -2.25043 -2.25161
7.445 1.0182 1.0182 1.0182 1.0182 -2.54751 -2.53164 -2.49435 -2.48181 -2.89282 -2.89781 -2.90784 -2.91243 -3.06434 -3.05801 -3.04928 -3.04581
7.465 1.20838 1.20838 1.20838 1.20838 -0.12105 -0.138669 -0.152837 -0.169171 -2.94105 -2.94421 -2.94009 -2.93355 -3.83653 -3.83892 -3.84297 -3.84484
7.485 0.655167 0.655167 0.655167 0.655167 1.20265 1.21639 1.22433 1.2234 -2.22309 -2.23075 -2.23328 -2.23267 -4.15331 -4.14973 -4.14743 -4.14876
7.505 0.574236 0.574236 0.574236 0.574236 0.886201 0.875453 0.870776 0.854391 -0.901513 -0.900393 -0.899576 -0.898275 -3.45453 -3.45728 -3.45979 -3.46033
7.525 0.258469 0.258469 0.258469 0.258469 -0.44129 -0.450379 -0.471383 -0.483833 -0.16172 -0.129304 -0.129583 -0.142655 -1.28153 -1.28016 -1.27789 -1.27668
7.545 0.192784 0.192784 0.192784 0.192784 -1.70616 -1.67146 -1.70637 -1.68037 0.0422174 0.0243167 0.0205825 0.0242915 1.54795 1.5502 1.5515 1.56072
7.565 0.317802 0.317802 0.317802 0.317802 -1.97153 -1.98456 -1.96936 -1.91845 0.0827951 0.074547 0.0697038 0.0914066 3.49211 3.49436 3.49512 3.48812
7.585 0.745685 0.745685 0.745685 0.745685 -1.43374 -1.46989 -1.44508 -1.4295 1.00072 1.00438 1.00637 1.00675 3.39212 3.39147 3.39166 3.39352
7.605 1.42066 1.42066 1.42066 1.42066 0.768331 0.740566 0.571895 0.687005 2.02548 2.04176 2.07359 2.0433 1.98948 1.99462 2.00994 2.02691
7.625 1.25285 1.25285 1.25285 1.25285 3.42331 3.42247 3.81112 4.32104 2.22693 2.29178 2.27146 2.18947 0.875602 0.83391 0.781296 0.756112
7.645 0.931791 0.931791 0.931791 0.931791 5.47735 5.34671 5.49318 5.55704 2.53872 2.55942 2.51795 2.50236 0.378113 0.383423 0.395962 0.402363
7.665 0.56741 0.56741 0.56741 0.56741 5.26151 5.27658 5.15328 5.01475 3.08612 3.06172 3.08001 3.09957 1.18062 1.18238 1.16806 1.15394
7.685 0.353435 0.353435 0.353435 0.353435 2.93198 2.96824 2.81806 2.76238 3.64304 3.63403 3.6408 3.63769 2.99043 2.98712 2.99204 3.00242
7.705 0.648137 0.648137 0.648137 0.648137 0.709311 0.638689 0.594556 0.548837 3.55792 3.56847 3.57574 3.58433 5.25538 5.26696 5.27677 5.27942
7.725 0.853791 0.853791 0.853791 0.853791 -0.509971 -0.510889 -0.471135 -0.435039 2.96765 2.98482 2.99337 2.98634 6.5591 6.54723 6.54089 6.54304
7.745 0.734668 0.734668 0.734668 0.734668 0.534126 0.527672 0.544262 0.553158 2.71783 2.71088 2.71007 2.71296 5.82884 5.84115 5.85262 5.8535
7.765 1.01351 1.01351 1.01351 1.01351 2.31462 2.3581 2.398 2.41594 3.03503 3.03522 3.03142 3.0269 3.28857 3.27781 3.26615 3.26352
7.785 0.757367 0.757367 0.757367 0.757367 4.01987 4.00547 3.98725 3.96424 3.22296 3.22562 3.218 3.21765 0.700293 0.708278 0.716782 0.718057
7.805 0.354065 0.354065 0.354065 0.354065 3.99093 4.00934 4.01382 4.01317 2.47743 2.47862 2.48055 2.46999 -0.338933 -0.344851 -0.352524 -0.355428
7.825 -0.0633879 -0.0633879 -0.0633879 -0.0633879 2.13607 2.15069 2.13311 2.12203 1.06173 1.06107 1.05814 1.065 0.289871 0.291489 0.29586 0.297936
7.845 0.301121 0.301121 0.301121 0.301121 -0.171314 -0.195483 -0.230006 -0.259052 -0.22538 -0.215056 -0.197502 -0.17479 1.2704 1.26433 1.25554 1.2501
7.865 0.543385 0.543385 0.543385 0.543385 -1.54588 -1.51071 -1.50808 -1.49527 -0.770223 -0.778203 -0.774486 -0.773431 1.32987 1.33387 1.33839 1.34058
7.885 0.552711 0.552711 0.552711 0.552711 -1.6581 -1.67346 -1.64634 -1.61502 -0.647776 -0.658306 -0.647694 -0.670697 0.144864 0.140222 0.134531 0.131842
7.905 0.584425 0.584425 0.584425 0.584425 -1.00033 -1.0334 -1.01869 -1.00759 -0.596064 -0.580508 -0.592463 -0.595268 -1.43863 -1.44361 -1.43996 -1.44336
7.925 0.58632 0.58632 0.58632 0.58632 0.0925751 0.0896249 0.0779446 0.0857167 -1.18704 -1.18396 -1.18445 -1.17775 -2.45977 -2.45624 -2.45847 -2.45822
7.945 0.58509 0.58509 0.58509 0.58509 0.533576 0.517648 0.494696 0.425637 -1.85335 -1.8707 -1.87535 -1.85955 -2.78298 -2.77696 -2.76857 -2.76896
7.965 0.598579 0.598579 0.598579 0.598579 -0.065488 -0.10084 -0.0772967 -0.119633 -1.91276 -1.91218 -1.91176 -1.89388 -2.64532 -2.64815 -2.65333 -2.65769
7.985 0.461682 0.461682 0.461682 0.461682 -1.32233 -1.31374 -1.32298 -1.3141 -1.57474 -1.5735 -1.56913 -1.56934 -2.19196 -2.18997 -2.18984 -2.18984
8.005 0.286395 0.286395 0.286395 0.286395 -2.23946 -2.22761 -2.19627 -2.17037 -1.45181 -1.44701 -1.44767 -1.44686 -1.36048 -1.36591 -1.37116 -1.37356
8.025 -0.143121 -0.143121 -0.143121 -0.143121 -2.14474 -2.14053 -2.12346 -2.12265 -1.68974 -1.69272 -1.70168 -1.7022 -0.566308 -0.564602 -0.565094 -0.567346
8.045 -0.613259 -0.613259 -0.613259 -0.613259 -1.24944 -1.24983 -1.2503 -1.25472 -1.54657 -1.54897 -1.54995 -1.5526 -0.459251 -0.459962 -0.460765 -0.460046
8.065 -0.804659 -0.804659 -0.804659 -0.804659 -0.409682 -0.424725 -0.445557 -0.437441 -0.703013 -0.70211 -0.70251 -0.705957 -1.02427 -1.02282 -1.0215 -1.02173
8.085 -0.946446 -0.946446 -0.946446 -0.946446 0.00800588 -0.0164659 -0.0199744 -0.0234738 0.0823782 0.0876623 0.0861926 0.0849722 -1.37813 -1.37811 -1.37559 -1.37295
8.105 -0.0434348 -0.0434348 -0.0434348 -0.0434348 0.258301 0.259582 0.260655 0.263646 0.0701219 0.0701424 0.0725054 0.0717585 -0.811681 -0.813392 -0.816556 -0.817599
8.125 0.131992 0.131992 0.131992 0.131992 0.333789 0.338983 0.337024 0.341832 -0.27903 -0.283207 -0.282048 -0.284704 0.258749 0.261549 0.266829 0.268593
8.145 -0.00578103 -0.00578103 -0.00578103 -0.00578103 0.00669832 0.0118039 0.0104088 0.00906166 0.00513882 0.00411095 0.00368253 0.00667337 0.948679 0.947331 0.946993 0.946718
8.165 -0.335464 -0.335464 -0.335464 -0.335464 -0.357031 -0.36053 -0.357291 -0.352863 0.748792 0.751138 0.752997 0.747729 1.05803 1.05774 1.0568 1.05859
8.185 -0.454606 -0.454606 -0.454606 -0.454606 -0.22013 -0.227493 -0.225073 -0.222757 1.09423 1.09755 1.09504 1.09071 1.04712 1.04657 1.04927 1.05115
8.205 -0.904475 -0.904475 -0.904475 -0.904475 0.499768 0.497153 0.494395 0.489569 0.790961 0.793039 0.792837 0.794792 1.13892 1.1381 1.13641 1.13505
8.225 -0.912558 -0.912558 -0.912558 -0.912558 1.02041 1.01033 1.01312 1.0134 0.579894 0.580119 0.580087 0.582795 1.02532 1.02506 1.02392 1.02282
8.245 -0.731909 -0.731909 -0.731909 -0.731909 0.708696 0.707878 0.708083 0.711706 0.848624 0.848936 0.85046 0.84988 0.629285 0.628053 0.625863 0.624771
8.265 0.15506 0.15506 0.15506 0.15506 0.164905 0.157485 0.15803 0.159978 0.943674 0.945455 0.943679 0.940892 0.384475 0.385472 0.388812 0.391144
8.285 0.280519 0.280519 0.280519 0.280519 0.0394485 0.0374819 0.0407085 0.0417813 0.335651 0.336898 0.339105 0.34011 0.534047 0.53179 0.528582 0.527201
8.305 0.298753 0.298753 0.298753 0.298753 0.118671 0.11843 0.119346 0.116292 -0.301818 -0.30344 -0.304414 -0.299626 0.550644 0.551972 0.553227 0.552714
8.325 0.0742105 0.0742105 0.0742105 0.0742105 0.00261054 0.00409555 0.00544632 0.00369764 -0.260526 -0.262397 -0.262553 -0.26121 0.0168822 0.0170568 0.0173424 0.0168314
8.345 -0.668231 -0.668231 -0.668231 -0.668231 -0.228982 -0.227495 -0.22892 -0.224728 0.0381633 0.0416198 0.0415257 0.0392142 -0.680691 -0.682877 -0.68471 -0.685111
8.365 -1.29457 -1.29457 -1.29457 -1.29457 -0.399157 -0.40083 -0.401763 -0.399778 -0.177881 -0.175328 -0.174959 -0.178006 -0.908364 -0.908537 -0.90783 -0.906617
8.385 -1.55385 -1.55385 -1.55385 -1.55385 -0.638928 -0.632059 -0.632043 -0.631952 -0.840256 -0.841976 -0.840355 -0.838527 -0.678479 -0.678826 -0.68063 -0.681692
8.405 -1.52716 -1.52716 -1.52716 -1.52716 -1.28479 -1.25309 -1.26609 -1.31351 -1.29478 -1.30302 -1.30417 -1.29511 -0.581036 -0.576298 -0.570395 -0.569402
8.425 -2.00663 -2.00663 -2.00663 -2.00663 -1.9657 -1.95454 -1.94389 -1.97126 -1.33948 -1.33642 -1.32954 -1.32062 -0.903941 -0.909482 -0.91752 -0.921591
8.445 -2.25073 -2.25073 -2.25073 -2.25073 -2.4147 -2.42161 -2.43255 -2.39786 -1.47241 -1.4617 -1.46089 -1.47041 -1.47136 -1.47274 -1.47572 -1.47671
8.465 -2.12862 -2.12862 -2.12862 -2.12862 -2.25542 -2.27529 -2.29828 -2.29884 -2.03173 -2.02829 -2.02817 -2.02828 -2.00887 -2.00893 -2.00762 -2.00679
8.485 -1.81203 -1.81203 -1.81203 -1.81203 -2.0378 -2.02857 -2.02321 -2.02206 -2.69063 -2.69797 -2.70019 -2.69397 -2.50873 -2.50906 -2.51371 -2.51849
8.505 -1.32876 -1.32876 -1.32876 -1.32876 -1.95375 -1.95913 -1.95803 -1.9731 -2.95441 -2.95725 -2.9603 -2.95884 -3.18236 -3.17998 -3.17469 -3.17126
8.525 -1.05041 -1.05041 -1.05041 -1.05041 -2.11411 -2.11847 -2.11331 -2.09673 -2.8876 -2.8857 -2.8835 -2.88592 -3.72869 -3.73164 -3.73703 -3.74015
8.545 -1.13983 -1.13983 -1.13983 -1.13983 -2.37962 -2.37982 -2.38338 -2.38847 -2.96016 -2.95948 -2.96055 -2.96339 -3.81658 -3.8144 -3.80967 -3.80636
8.565 -0.914157 -0.914157 -0.914157 -0.914157 -2.58564 -2.58865 -2.58424 -2.57877 -3.22483 -3.22527 -3.2242 -3.22324 -3.39136 -3.39269 -3.39628 -3.39908
8.585 -0.707799 -0.707799 -0.707799 -0.707799 -2.66212 -2.66767 -2.67122 -2.67123 -3.32081 -3.3226 -3.32289 -3.32362 -2.92735 -2.92576 -2.92382 -2.9228
8.605 -0.681942 -0.681942 -0.681942 -0.681942 -2.30909 -2.31396 -2.31497 -2.31596 -2.94402 -2.94493 -2.9444 -2.94317 -2.73662 -2.73651 -2.73723 -2.73822
8.625 -0.624516 -0.624516 -0.624516 -0.624516 -1.64875 -1.65525 -1.65345 -1.65347 -2.21816 -2.21716 -2.21678 -2.21665 -2.70297 -2.70385 -2.7053 -2.70625
8.645 -0.222235 -0.222235 -0.222235 -0.222235 -0.914513 -0.904958 -0.890039 -0.88323 -1.51977 -1.52126 -1.52436 -1.52636 -2.38692 -2.38687 -2.38597 -2.38494
8.665 -0.0328371 -0.0328371 -0.0328371 -0.0328371 -0.334653 -0.338186 -0.349207 -0.337663 -1.00014 -0.998834 -1.00161 -0.998806 -1.55407 -1.55434 -1.55612 -1.55785
8.685 0.131597 0.131597 0.131597 0.131597 -0.261901 -0.245143 -0.257113 -0.26976 -0.446829 -0.444211 -0.447628 -0.446066 -0.454401 -0.452652 -0.450062 -0.44944
8.705 0.14279 0.14279 0.14279 0.14279 -0.558046 -0.590799 -0.610824 -0.551431 0.309096 0.310565 0.311453 0.301167 0.636026 0.63661 0.636608 0.641536
8.725 -0.257454 -0.257454 -0.257454 -0.257454 -0.596708 -0.628998 -0.60993 -0.593032 0.733137 0.747486 0.741848 0.744534 1.56 1.55909 1.5557 1.55183
8.745 -0.332695 -0.332695 -0.332695 -0.332695 -0.208364 -0.227691 -0.230759 -0.216686 0.968644 0.966001 0.967425 0.966732 2.03137 2.03092 2.03021 2.02933
8.765 -0.0917889 -0.0917889 -0.0917889 -0.0917889 0.86834 0.871729 0.797824 0.852467 1.23389 1.23328 1.24526 1.23342 1.91064 1.91541 1.92538 1.9345
8.785 0.1457 0.1457 0.1457 0.1457 2.07889 1.94578 1.97046 2.03737 1.57329 1.608 1.61893 1.61844 1.4551 1.43448 1.40662 1.38987
8.805 0.276954 0.276954 0.276954 0.276954 2.79396 2.71758 2.70412 2.75704 2.12555 2.13541 2.13554 2.13423 1.09551 1.10066 1.10581 1.10805
8.825 0.218146 0.218146 0.218146 0.218146 2.69175 2.72101 2.71685 2.74249 2.39842 2.39801 2.40981 2.40611 1.32853 1.32305 1.31546 1.31317
8.845 0.56121 0.56121 0.56121 0.56121 1.92073 1.89809 1.87087 1.81926 2.27608 2.28659 2.2888 2.29242 2.23191 2.22907 2.22733 2.22661
8.865 1.14227 1.14227 1.14227 1.14227 0.940226 0.947764 0.948687 0.931775 2.0167 2.01363 2.01178 2.01332 3.133 3.13468 3.1386 3.14088
8.885 1.42926 1.42926 1.42926 1.42926 0.424411 0.424363 0.416424 0.418937 1.79459 1.79561 1.79932 1.79824 3.42309 3.41989 3.41296 3.40881
8.905 1.70335 1.70335 1.70335 1.70335 0.956125 0.95148 0.957816 0.969646 1.83351 1.83001 1.82515 1.82265 2.74022 2.74365 2.75114 2.75591
8.925 1.8252 1.8252 1.8252 1.8252 1.97233 1.97536 1.98212 1.98133 1.85992 1.86407 1.86729 1.86792 1.59699 1.59301 1.586 1.58184
8.945 1.63118 1.63118 1.63118 1.63118 2.98943 2.98911 2.98266 2.9783 1.85663 1.85126 1.85235 1.85156 0.601128 0.604896 0.611835 0.615633
8.965 1.32294 1.32294 1.32294 1.32294 2.89272 2.90397 2.91231 2.91295 1.70325 1.70454 1.70801 1.70901 0.356108 0.353846 0.348703 0.34513
8.985 1.38057 1.38057 1.38057 1.38057 1.86563 1.86229 1.85969 1.85966 1.46944 1.46936 1.46591 1.46478 0.853417 0.855199 0.859091 0.862034
9.005 0.98589 0.98589 0.98589 0.98589 0.495068 0.491879 0.493012 0.494255 1.0852 1.08605 1.08691 1.08914 1.70621 1.70534 1.70325 1.70169
9.025 0.473582 0.473582 0.473582 0.473582 -0.387944 -0.392035 -0.395124 -0.395485 0.75068 0.750481 0.748919 0.748493 2.18762 2.18718 2.18779 2.1885
9.045 0.263293 0.263293 0.263293 0.263293 -0.467189 -0.473944 -0.473051 -0.469794 0.623922 0.62413 0.623648 0.62518 1.83275 1.83383 1.83519 1.83578
9.065 0.0224855 0.0224855 0.0224855 0.0224855 0.122194 0.122921 0.124408 0.132259 0.585876 0.586839 0.588596 0.588157 0.807877 0.805865 0.803457 0.802617
9.085 0.0747872 0.0747872 0.0747872 0.0747872 0.964941 0.971645 0.963999 0.971579 0.415851 0.408838 0.414778 0.40685 -0.324527 -0.323291 -0.319545 -0.31807
9.105 0.12751 0.12751 0.12751 0.12751 1.34326 1.33807 1.33913 1.34112 0.110969 0.11461 0.113643 0.115641 -0.997645 -0.996526 -0.997818 -0.997153
9.125 0.118245 0.118245 0.118245 0.118245 0.886068 0.882835 0.880731 0.878253 -0.124783 -0.122318 -0.120632 -0.119709 -1.05695 -1.05683 -1.05677 -1.05743
9.145 0.549717 0.549717 0.549717 0.549717 -0.110957 -0.11148 -0.110737 -0.109635 -0.358657 -0.357829 -0.356073 -0.356592 -0.597677 -0.59774 -0.597685 -0.598035
9.165 1.01699 1.01699 1.01699 1.01699 -0.965597 -0.966574 -0.965561 -0.962837 -0.616403 -0.615811 -0.615709 -0.615647 -0.0161118 -0.017422 -0.0184482 -0.0188096
9.185 0.955905 0.955905 0.955905 0.955905 -1.21587 -1.22021 -1.22019 -1.21796 -0.764545 -0.764843 -0.766089 -0.765793 0.197629 0.198472 0.199084 0.1989
9.205 0.756169 0.756169 0.756169 0.756169 -0.801341 -0.805582 -0.806149 -0.803346 -0.654776 -0.654406 -0.65536 -0.656261 -0.169011 -0.169215 -0.169389 -0.169631
9.225 0.460259 0.460259 0.460259 0.460259 0.075102 0.0742367 0.0741215 0.0755205 -0.396744 -0.396505 -0.397086 -0.397638 -0.810588 -0.810598 -0.810353 -0.810483
9.245 0.493803 0.493803 0.493803 0.493803 0.853152 0.855463 0.854912 0.851433 -0.147725 -0.148083 -0.148054 -0.147694 -1.2085 -1.20779 -1.20681 -1.20602
9.265 0.435402 0.435402 0.435402 0.435402 1.08703 1.08913 1.08955 1.08674 0.0321189 0.032804 0.0331937 0.0342225 -0.997105 -0.998015 -0.999138 -1.00007
9.285 0.511051 0.511051 0.511051 0.511051 0.667113 0.663351 0.662022 0.659335 0.220632 0.218322 0.218954 0.22114 -0.215526 -0.21375 -0.212665 -0.214656
9.305 0.699787 0.699787 0.699787 0.699787 0.00316723 0.0120667 0.0113759 0.00913993 0.393434 0.392046 0.393906 0.400511 0.808106 0.807662 0.805366 0.803005
9.325 0.688513 0.688513 0.688513 0.688513 -0.176923 -0.173823 -0.173784 -0.169099 0.542171 0.544401 0.546528 0.55031 1.57043 1.5705 1.57093 1.5702
9.345 0.572012 0.572012 0.572012 0.572012 0.229016 0.219667 0.222259 0.230242 0.870501 0.873279 0.875837 0.873266 1.73642 1.73465 1.73216 1.7312
9.365 0.449501 0.449501 0.449501 0.449501 0.957877 0.963818 0.970576 0.973978 1.34468 1.34309 1.33974 1.33692 1.41317 1.41228 1.41142 1.41104
9.385 0.258813 0.258813 0.258813 0.258813 1.69265 1.68821 1.67661 1.67094 1.673 1.67395 1.67105 1.66918 1.08741 1.08686 1.08691 1.08751
9.405 -0.122884 -0.122884 -0.122884 -0.122884 1.97179 1.97286 1.95783 1.94593 1.71935 1.71822 1.71915 1.71923 1.13495 1.1357 1.13619 1.13647
9.425 -0.245383 -0.245383 -0.245383 -0.245383 1.5437 1.54697 1.54749 1.54407 1.62896 1.62916 1.63022 1.6307 1.51643 1.51663 1.51755 1.51833
9.445 -0.112994 -0.112994 -0.112994 -0.112994 0.535577 0.528288 0.53011 0.531767 1.47283 1.47675 1.47811 1.47723 1.96569 1.96508 1.9646 1.96455
9.465 -0.24629 -0.24629 -0.24629 -0.24629 -0.249095 -0.245937 -0.237684 -0.229385 1.16014 1.16149 1.16135 1.15906 2.1517 2.15116 2.15093 2.15104
9.485 -0.259638 -0.259638 -0.259638 -0.259638 -0.394402 -0.388412 -0.37919 -0.37477 0.705659 0.70337 0.700311 0.703971 1.80129 1.80091 1.80018 1.80007
9.505 -0.246647 -0.246647 -0.246647 -0.246647 0.0400124 0.0430577 0.0453006 0.0503727 0.306218 0.300863 0.301141 0.304167 0.831968 0.832745 0.833556 0.833852
9.525 -0.543972 -0.543972 -0.543972 -0.543972 0.66509 0.661957 0.66044 0.643149 0.0174061 0.00969445 0.00689147 0.00363177 -0.446705 -0.443353 -0.437787 -0.439076
9.545 -0.842817 -0.842817 -0.842817 -0.842817 0.655098 0.685137 0.668272 0.654634 -0.137853 -0.146065 -0.146586 -0.143118 -1.44277 -1.43991 -1.44147 -1.44338
9.565 -0.674069 -0.674069 -0.674069 -0.674069 0.120297 0.132783 0.126803 0.119812 -0.547688 -0.544243 -0.543165 -0.541574 -1.68101 -1.68136 -1.67989 -1.6771
9.585 0.140164 0.140164 0.140164 0.140164 -0.577185 -0.596746 -0.574373 -0.568783 -1.23222 -1.22783 -1.22582 -1.22448 -1.26374 -1.26485 -1.26529 -1.26606
9.605 0.885519 0.885519 0.885519 0.885519 -1.65416 -1.72029 -1.71279 -1.63756 -1.67463 -1.66902 -1.67799 -1.70231 -0.88652 -0.881526 -0.872362 -0.863708
9.625 0.484938 0.484938 0.484938 0.484938 -2.09631 -2.11737 -2.13258 -2.06868 -1.70379 -1.70887 -1.71219 -1.72817 -0.993517 -0.993538 -0.996644 -0.998902
9.645 -0.253459 -0.253459 -0.253459 -0.253459 -1.96706 -1.9637 -1.96388 -1.98561 -1.62927 -1.63077 -1.63883 -1.64126 -1.56016 -1.55375 -1.53921 -1.53003
9.665 -0.303335 -0.303335 -0.303335 -0.303335 -1.06206 -1.04874 -1.043 -1.05483 -1.66196 -1.66296 -1.65428 -1.64626 -2.10197 -2.10494 -2.11307 -2.11727
9.685 -0.280609 -0.280609 -0.280609 -0.280609 -0.260789 -0.245656 -0.248031 -0.26605 -1.69077 -1.69385 -1.69236 -1.69066 -2.44005 -2.43633 -2.42981 -2.42677
9.705 -0.426131 -0.426131 -0.426131 -0.426131 -0.0394035 -0.0373338 -0.0319709 -0.033494 -1.41011 -1.41118 -1.40816 -1.40296 -2.36062 -2.36441 -2.3714 -2.37592
9.725 -0.215362 -0.215362 -0.215362 -0.215362 -0.55204 -0.554272 -0.556073 -0.558614 -1.02416 -1.02582 -1.03043 -1.03254 -1.78892 -1.78764 -1.78528 -1.78377
9.745 -0.0564953 -0.0564953 -0.0564953 -0.0564953 -1.10207 -1.10695 -1.10547 -1.10058 -0.825927 -0.820874 -0.825169 -0.827446 -0.765521 -0.768046 -0.771266 -0.772702
9.765 -0.32888 -0.32888 -0.32888 -0.32888 -1.27007 -1.26783 -1.27039 -1.26677 -0.726002 -0.718275 -0.719436 -0.720297 0.21197 0.212027 0.211805 0.212846
9.785 -0.537899 -0.537899 -0.537899 -0.537899 -1.10605 -1.11134 -1.11341 -1.11584 -0.358249 -0.359474 -0.360371 -0.355026 0.635548 0.636139 0.639346 0.640088
9.805 -0.494664 -0.494664 -0.494664 -0.494664 -0.507332 -0.506946 -0.502434 -0.503766 0.151245 0.151224 0.154021 0.153944 0.492597 0.49055 0.486216 0.484306
9.825 -0.233157 -0.233157 -0.233157 -0.233157 0.324971 0.322915 0.323379 0.323085 0.5107 0.510934 0.509888 0.508629 0.179266 0.180722 0.183828 0.185714
9.845 0.0570477 0.0570477 0.0570477 0.0570477 1.03808 1.0426 1.04407 1.04527 0.606946 0.607025 0.606468 0.606345 0.0957224 0.094985 0.0938294 0.093267
9.865 0.215715 0.215715 0.215715 0.215715 1.28521 1.29064 1.29217 1.28963 0.673892 0.671641 0.671841 0.67399 0.307449 0.307341 0.305923 0.304661
9.885 0.113645 0.113645 0.113645 0.113645 1.1348 1.14504 1.14021 1.12502 0.880469 0.872294 0.866667 0.866686 0.696847 0.700268 0.706108 0.71015
9.905 -0.126282 -0.126282 -0.126282 -0.126282 0.567588 0.580509 0.587366 0.573419 1.09353 1.09439 1.09443 1.094 1.19224 1.19049 1.18817 1.18673
9.925 -0.442267 -0.442267 -0.442267 -0.442267 0.123664 0.119929 0.117382 0.119877 1.15329 1.15566 1.1542 1.15092 1.63512 1.63817 1.64423 1.64882
9.945 -0.604478 -0.604478 -0.604478 -0.604478 -0.122238 -0.12412 -0.121897 -0.117464 0.966663 0.970922 0.975315 0.974418 1.84746 1.8448 1.84056 1.83795
9.965 -0.71108 -0.71108 -0.71108 -0.71108 -0.0016971 -0.00742235 -0.00968772 -0.0080478 0.780839 0.780173 0.779198 0.778361 1.55801 1.55961 1.5626 1.56458
9.985 -0.809089 -0.809089 -0.809089 -0.809089 0.273524 0.272328 0.268595 0.282631 0.623284 0.6231 0.624444 0.623811 0.846042 0.845602 0.844747 0.84462
10.005 -0.850009 -0.850009 -0.850009 -0.850009 0.436796 0.445627 0.44635 0.448916 0.407803 0.409689 0.407138 0.412043 0.0225992 0.0225946 0.0207347 0.0198419
10.025 -0.8381 -0.8381 -0.8381 -0.8381 0.285527 0.280865 0.280117 0.293398 0.00616041 0.00639672 0.00995538 0.00990506 -0.553325 -0.55237 -0.55234 -0.551796
10.045 -1.0458 -1.0458 -1.0458 -1.0458 -0.257287 -0.267089 -0.261154 -0.247839 -0.491985 -0.491288 -0.49031 -0.49135 -0.785586 -0.788603 -0.792132 -0.794604
10.065 -0.729912 -0.729912 -0.729912 -0.729912 -1.07391 -1.11825 -1.1301 -1.07903 -1.00955 -1.00663 -1.00738 -1.01238 -0.866878 -0.864694 -0.861189 -0.858155
10.085 -0.292386 -0.292386 -0.292386 -0.292386 -1.77233 -1.74171 -1.73662 -1.76162 -1.46198 -1.46932 -1.46447 -1.44985 -1.01225 -1.0175 -1.0271 -1.03418
10.105 0.482689 0.482689 0.482689 0.482689 -1.99126 -1.95377 -1.93339 -1.9368 -1.84656 -1.85775 -1.86251 -1.85824 -1.45513 -1.45617 -1.459 -1.4612
10.125 0.909936 0.909936 0.909936 0.909936 -1.49558 -1.49363 -1.50034 -1.52252 -2.10451 -2.11111 -2.11815 -2.11478 -2.14855 -2.14581 -2.14224 -2.13959
10.145 0.862287 0.862287 0.862287 0.862287 -0.657598 -0.664721 -0.672123 -0.681069 -2.14545 -2.14842 -2.1461 -2.14246 -2.81258 -2.81297 -2.81615 -2.81985
10.165 0.721947 0.721947 0.721947 0.721947 0.0212356 0.0151905 0.0068336 -0.00262205 -1.90876 -1.91038 -1.91035 -1.91093 -3.15649 -3.15291 -3.14708 -3.14398
10.185 0.462284 0.462284 0.462284 0.462284 0.158349 0.152351 0.150318 0.14519 -1.43968 -1.43881 -1.43361 -1.42783 -2.80123 -2.80389 -2.80901 -2.81247
10.205 0.00872992 0.00872992 0.00872992 0.00872992 -0.373967 -0.368838 -0.362116 -0.35543 -0.990241 -0.990326 -0.992073 -0.998914 -1.72735 -1.72438 -1.71916 -1.71616
10.225 -0.0139131 -0.0139131 -0.0139131 -0.0139131 -1.00538 -0.987569 -0.978371 -0.974557 -0.612059 -0.606338 -0.608772 -0.612436 -0.229258 -0.231119 -0.235951 -0.23921
10.245 0.234972 0.234972 0.234972 0.234972 -1.43343 -1.41933 -1.42532 -1.44824 -0.132475 -0.130161 -0.146813 -0.137716 1.0156 1.01975 1.02614 1.02561
10.265 0.331439 0.331439 0.331439 0.331439 -0.961631 -0.962382 -0.983886 -0.96405 0.263675 0.265113 0.262779 0.258897 1.62201 1.61809 1.61295 1.61134
10.285 0.168291 0.168291 0.168291 0.168291 0.069527 0.0671407 0.0618821 0.057357 0.765592 0.766192 0.771032 0.766041 1.4408 1.43911 1.43733 1.4376
10.305 0.123074 0.123074 0.123074 0.123074 1.60079 1.48526 1.47807 1.55764 1.32077 1.33707 1.3365 1.32535 0.882266 0.889716 0.906294 0.916437
10.325 -0.0539898 -0.0539898 -0.0539898 -0.0539898 2.5029 2.44156 2.46519 2.50129 1.66265 1.68488 1.69956 1.71025 0.665672 0.650531 0.624823 0.608948
10.345 -0.290476 -0.290476 -0.290476 -0.290476 2.7299 2.73903 2.72892 2.73813 1.98011 1.97107 1.97561 1.98238 1.01913 1.02373 1.02832 1.03062
10.365 -0.266019 -0.266019 -0.266019 -0.266019 1.75918 1.81707 1.83938 1.82598 2.11857 2.11421 2.11749 2.12654 1.9328 1.92249 1.90698 1.89818
10.385 -0.0391729 -0.0391729 -0.0391729 -0.0391729 0.470242 0.46852 0.464679 0.444782 2.09322 2.09279 2.0852 2.08468 2.94907 2.94836 2.94919 2.95124
10.405 0.174732 0.174732 0.174732 0.174732 -0.34442 -0.351547 -0.354715 -0.357801 1.76039 1.76269 1.76282 1.75905 3.50234 3.50019 3.49795 3.49675
10.425 0.128007 0.128007 0.128007 0.128007 -0.106927 -0.117845 -0.127523 -0.129085 1.35786 1.36014 1.36271 1.36099 3.09288 3.0918 3.09002 3.08898
10.445 0.23449 0.23449 0.23449 0.23449 0.860812 0.856836 0.854075 0.852983 1.20679 1.20225 1.20385 1.20418 1.68828 1.69141 1.69629 1.69927
10.465 0.313457 0.313457 0.313457 0.313457 1.68918 1.69908 1.69434 1.68603 1.10623 1.10462 1.10536 1.11244 0.056791 0.0532913 0.0486944 0.0466793
10.485 0.33381 0.33381 0.33381 0.33381 1.99379 2.00121 2.00206 1.99524 0.701667 0.706519 0.706769 0.693915 -0.95122 -0.951979 -0.948031 -0.941923
10.505 0.283511 0.283511 0.283511 0.283511 1.33499 1.35568 1.34295 1.33002 0.0756165 0.0810035 0.0825724 0.0828787 -0.981808 -0.982436 -0.983349 -0.984563
10.525 0.33858 0.33858 0.33858 0.33858 0.0999535 0.095548 0.085169 0.0926086 -0.454392 -0.451515 -0.448116 -0.445415 -0.449976 -0.451722 -0.455653 -0.458617
10.545 0.266499 0.266499 0.266499 0.266499 -1.13299 -1.14683 -1.14674 -1.14031 -0.734283 -0.735086 -0.734027 -0.733778 0.042974 0.0431246 0.0428063 0.0424954
10.565 -0.0674083 -0.0674083 -0.0674083 -0.0674083 -1.76726 -1.77046 -1.76779 -1.76023 -0.836768 -0.835645 -0.835246 -0.836863 0.0642574 0.0624902 0.0604253 0.05998
10.585 -0.196448 -0.196448 -0.196448 -0.196448 -1.82519 -1.85717 -1.85712 -1.82487 -0.940721 -0.938607 -0.947557 -0.961664 -0.423624 -0.419582 -0.414049 -0.410018
10.605 -0.2508 -0.2508 -0.2508 -0.2508 -1.11375 -1.13176 -1.12978 -1.10795 -1.19338 -1.19585 -1.19817 -1.20172 -1.16806 -1.16704 -1.16644 -1.16676
10.625 -0.151376 -0.151376 -0.151376 -0.151376 -0.277049 -0.274803 -0.277132 -0.287743 -1.42226 -1.42869 -1.42738 -1.42736 -1.94301 -1.93735 -1.92871 -1.92448
10.645 -0.127109 -0.127109 -0.127109 -0.127109 0.137721 0.145501 0.149638 0.141405 -1.36706 -1.37098 -1.36562 -1.35869 -2.43949 -2.44145 -2.44409 -2.44536
10.665 -0.0926085 -0.0926085 -0.0926085 -0.0926085 -0.201911 -0.195633 -0.198548 -0.209692 -1.20946 -1.21045 -1.21186 -1.21141 -2.36537 -2.36248 -2.3578 -2.35518
10.685 -0.0536051 -0.0536051 -0.0536051 -0.0536051 -0.860597 -0.861591 -0.858361 -0.854761 -1.18178 -1.18024 -1.17982 -1.17889 -1.62521 -1.62786 -1.63217 -1.63453
10.705 -0.00458995 -0.00458995 -0.00458995 -0.00458995 -1.39762 -1.39915 -1.40082 -1.40175 -1.26872 -1.26762 -1.27264 -1.27464 -0.661071 -0.659793 -0.658855 -0.658858
10.725 0.00664563 0.00664563 0.00664563 0.00664563 -1.42194 -1.42529 -1.42381 -1.4211 -1.09824 -1.09799 -1.09873 -1.09983 -0.0715046 -0.073095 -0.0749446 -0.0760003
10.745 -0.0372932 -0.0372932 -0.0372932 -0.0372932 -1.0481 -1.03967 -1.04223 -1.05017 -0.555334 -0.556586 -0.555335 -0.557325 -0.108126 -0.105709 -0.10198 -0.0997192
10.765 -0.0879752 -0.0879752 -0.0879752 -0.0879752 -0.253303 -0.250449 -0.249933 -0.248051 -0.0252537 -0.0207612 -0.0175277 -0.017385 -0.373526 -0.375486 -0.377335 -0.378061
10.785 -0.0854079 -0.0854079 -0.0854079 -0.0854079 0.663872 0.665304 0.669744 0.671645 0.204149 0.208126 0.209628 0.211055 -0.403852 -0.404364 -0.405974 -0.407115
10.805 -0.0351165 -0.0351165 -0.0351165 -0.0351165 1.10514 1.10285 1.1052 1.10242 0.365493 0.36295 0.362467 0.363574 -0.0783818 -0.0776219 -0.0768978 -0.0770178
10.825 -0.0428671 -0.0428671 -0.0428671 -0.0428671 0.898279 0.900633 0.897644 0.892684 0.674426 0.670521 0.670849 0.673485 0.482392 0.481133 0.478014 0.476585
10.845 -0.0749343 -0.0749343 -0.0749343 -0.0749343 0.50405 0.511254 0.502812 0.490931 0.977376 0.974715 0.971534 0.974231 1.13607 1.13592 1.1368 1.13688
10.865 -0.0951157 -0.0951157 -0.0951157 -0.0951157 0.146612 0.146336 0.147733 0.150815 1.12686 1.12919 1.12679 1.1248 1.71377 1.7132 1.71268 1.71334
10.885 -0.0677907 -0.0677907 -0.0677907 -0.0677907 0.170709 0.165403 0.169497 0.176962 1.14916 1.1492 1.14635 1.14294 1.97402 1.9752 1.97796 1.97962
10.905 -0.0579133 -0.0579133 -0.0579133 -0.0579133 0.499272 0.498457 0.501756 0.504838 1.15074 1.15048 1.15009 1.14919 1.78005 1.77972 1.77926 1.77912
10.925 -0.0668062 -0.0668062 -0.0668062 -0.0668062 0.959738 0.957872 0.957452 0.957778 1.20028 1.20043 1.20007 1.1983 1.23825 1.23876 1.2397 1.2403
10.945 -0.0574279 -0.0574279 -0.0574279 -0.0574279 1.1832 1.18257 1.18101 1.17981 1.16269 1.1643 1.16513 1.16487 0.699543 0.698827 0.698151 0.698095
10.965 -0.0258133 -0.0258133 -0.0258133 -0.0258133 1.00896 1.0093 1.00809 1.00744 0.907781 0.908034 0.908848 0.907961 0.454123 0.454028 0.453654 0.453819
10.985 0.00198196 0.00198196 0.00198196 0.00198196 0.528558 0.540964 0.542285 0.523625 0.473697 0.472143 0.472803 0.476011 0.47993 0.480564 0.481471 0.481378
11.005 0.0192647 0.0192647 0.0192647 0.0192647 0.0272154 0.0334448 0.032691 0.0307899 0.0793621 0.0778323 0.0784119 0.0790757 0.492225 0.491854 0.490217 0.489367
11.025 0.0332427 0.0332427 0.0332427 0.0332427 -0.448404 -0.44799 -0.447239 -0.43303 -0.118434 -0.118103 -0.119655 -0.122717 0.244818 0.244591 0.244167 0.24423
11.045 0.0425987 0.0425987 0.0425987 0.0425987 -0.595534 -0.599502 -0.604537 -0.596691 -0.300861 -0.301926 -0.302087 -0.304969 -0.211035 -0.209726 -0.207191 -0.205723
11.065 0.0487107 0.0487107 0.0487107 0.0487107 -0.451169 -0.456163 -0.454298 -0.458212 -0.568495 -0.56606 -0.567178 -0.566164 -0.693 -0.693893 -0.694172 -0.694588
11.085 0.0479812 0.0479812 0.0479812 0.0479812 -0.230999 -0.232316 -0.232814 -0.237013 -0.834854 -0.833698 -0.833457 -0.832635 -1.10567 -1.10512 -1.1049 -1.1036
11.105 0.0400986 0.0400986 0.0400986 0.0400986 -0.200833 -0.198698 -0.198481 -0.199633 -0.960656 -0.962095 -0.961288 -0.960725 -1.37805 -1.37814 -1.37859 -1.37894
11.125 0.0271221 0.0271221 0.0271221 0.0271221 -0.485143 -0.492347 -0.490061 -0.503635 -0.96837 -0.969345 -0.973109 -0.972448 -1.43654 -1.43598 -1.43446 -1.43421
11.145 0 0 0 0 -0.838156 -0.842722 -0.843575 -0.846651 -1.01468 -1.01488 -1.0153 -1.01524 -1.23087 -1.23146 -1.23319 -1.23397
