0.005 -0.00954603 -0.00954603 -0.00954603 -0.00954603 -0.000189892 -0.000167508 -0.000167519 -0.000190037 3.07754e-05 2.26311e-05 2.26306e-05 3.0727e-05 -3.16786e-06 -2.10275e-06 -2.10161e-06 -3.16795e-06
0.025 -0.007496 -0.007496 -0.007496 -0.007496 -0.00395524 -0.00395256 -0.00395252 -0.00395553 0.000122234 0.000126042 0.00012592 0.000122122 7.28041e-05 7.06316e-05 7.05438e-05 7.25127e-05
0.045 -0.00862294 -0.00862294 -0.00862294 -0.00862294 -0.00774636 -0.00775575 -0.00775605 -0.00774729 -0.00197072 -0.00196476 -0.00196478 -0.00197098 0.000443563 0.000439836 0.00043981 0.000443662
0.065 -0.00890526 -0.00890526 -0.00890526 -0.00890526 -0.00885243 -0.00885452 -0.00885458 -0.0088524 -0.00585317 -0.00585829 -0.00585857 -0.00585413 -0.000370167 -0.000372563 -0.000372817 -0.000371291
0.085 -0.00888014 -0.00888014 -0.00888014 -0.00888014 -0.00866246 -0.00865821 -0.00865824 -0.00866241 -0.0083057 -0.00831373 -0.00831406 -0.00830687 -0.00437453 -0.00437448 -0.0043746 -0.00437459
0.105 -0.0101915 -0.0101915 -0.0101915 -0.0101915 -0.0088033 -0.00880039 -0.00880047 -0.00880353 -0.00886686 -0.00886498 -0.00886483 -0.00886646 -0.0106153 -0.0106151 -0.0106151 -0.0106152
0.125 -0.0120923 -0.0120923 -0.0120923 -0.0120923 -0.00995308 -0.00995024 -0.0099503 -0.0099533 -0.0104055 -0.0103981 -0.0103978 -0.0104046 -0.0156042 -0.0156036 -0.0156035 -0.0156038
0.145 -0.0132289 -0.0132289 -0.0132289 -0.0132289 -0.0125007 -0.0124958 -0.0124957 -0.0125003 -0.0143891 -0.0143878 -0.0143877 -0.0143887 -0.0174239 -0.0174224 -0.0174223 -0.0174235
0.165 -0.0139477 -0.0139477 -0.0139477 -0.0139477 -0.0164219 -0.0164219 -0.0164218 -0.0164214 -0.0187674 -0.018772 -0.018772 -0.0187675 -0.0176567 -0.0176554 -0.0176555 -0.0176568
0.185 -0.0127542 -0.0127542 -0.0127542 -0.0127542 -0.0196718 -0.0196882 -0.0196882 -0.0196715 -0.0213139 -0.0213138 -0.0213138 -0.0213139 -0.0188478 -0.0188478 -0.0188478 -0.0188481
0.205 -0.0133539 -0.0133539 -0.0133539 -0.0133539 -0.0192579 -0.0192693 -0.0192691 -0.0192573 -0.0220116 -0.0220111 -0.0220112 -0.0220119 -0.0216634 -0.0216623 -0.0216622 -0.0216631
0.225 -0.011988 -0.011988 -0.011988 -0.011988 -0.016068 -0.0160703 -0.0160698 -0.0160673 -0.0213986 -0.0213981 -0.021398 -0.0213981 -0.0247906 -0.0247875 -0.0247873 -0.0247902
0.245 -0.0111911 -0.0111911 -0.0111911 -0.0111911 -0.0131254 -0.0131194 -0.0131191 -0.0131249 -0.0198881 -0.0198881 -0.0198881 -0.0198881 -0.026111 -0.0261066 -0.0261064 -0.0261104
0.265 -0.0121259 -0.0121259 -0.0121259 -0.0121259 -0.0127483 -0.0127408 -0.0127406 -0.0127479 -0.0180566 -0.0180559 -0.0180555 -0.0180562 -0.0240547 -0.0240514 -0.0240511 -0.0240543
0.285 -0.00916978 -0.00916978 -0.00916978 -0.00916978 -0.0139492 -0.013961 -0.013961 -0.0139492 -0.0166075 -0.0166027 -0.0166027 -0.0166074 -0.0187683 -0.0187674 -0.0187673 -0.0187682
0.305 -0.00825908 -0.00825908 -0.00825908 -0.00825908 -0.0133253 -0.0133353 -0.0133354 -0.0133254 -0.0150161 -0.0150185 -0.0150186 -0.0150161 -0.0125219 -0.0125214 -0.0125215 -0.012522
0.325 -0.00908769 -0.00908769 -0.00908769 -0.00908769 -0.0105325 -0.0105311 -0.0105311 -0.0105325 -0.0113103 -0.0113172 -0.0113173 -0.0113104 -0.00804143 -0.00804084 -0.00804085 -0.00804146
0.345 -0.00879144 -0.00879144 -0.00879144 -0.00879144 -0.00719641 -0.00719607 -0.00719606 -0.00719639 -0.00558835 -0.00558661 -0.00558661 -0.00558835 -0.00555687 -0.00555778 -0.00555779 -0.0055569
0.365 -0.0108948 -0.0108948 -0.0108948 -0.0108948 -0.00466817 -0.00465963 -0.00465963 -0.00466815 -0.000773224 -0.000768251 -0.000768245 -0.000773211 -0.00285124 -0.00285316 -0.00285316 -0.00285123
0.385 -0.00826131 -0.00826131 -0.00826131 -0.00826131 -0.00357542 -0.00357287 -0.00357404 -0.00357982 0.00096697 0.000969111 0.000967318 0.000960223 0.00141998 0.00141714 0.0014163 0.0014154
0.405 -0.00771326 -0.00771326 -0.00771326 -0.00771326 -0.00337176 -0.00336145 -0.00335911 -0.00336884 0.000808555 0.000803053 0.000802935 0.000809538 0.00559236 0.00559041 0.00558987 0.00559167
0.425 -0.00718847 -0.00718847 -0.00718847 -0.00718847 -0.00407043 -0.00406753 -0.00406574 -0.00406596 0.00124912 0.00124569 0.00124645 0.00125114 0.0070414 0.00703877 0.00703919 0.00704277
0.445 -0.00801706 -0.00801706 -0.00801706 -0.00801706 -0.0043912 -0.00439377 -0.00439408 -0.00439118 0.00198195 0.00198494 0.00198508 0.00198253 0.00536861 0.00536499 0.00536541 0.00536934
0.465 -0.00735737 -0.00735737 -0.00735737 -0.00735737 -0.00363526 -0.00363582 -0.00363637 -0.0036364 0.00107252 0.00107612 0.00107582 0.0010718 0.00217667 0.00217409 0.00217419 0.00217687
0.485 -0.00710385 -0.00710385 -0.00710385 -0.00710385 -0.00308352 -0.00307489 -0.00307505 -0.00308389 -0.00162203 -0.00162415 -0.0016243 -0.00162236 -0.00130549 -0.00130593 -0.00130597 -0.00130556
0.505 -0.0167377 -0.0167377 -0.0167377 -0.0167377 -0.00638741 -0.00635511 -0.00635503 -0.00638725 -0.00447562 -0.00448466 -0.00448463 -0.00447555 -0.00485897 -0.00485866 -0.00485868 -0.00485904
0.525 -0.0143992 -0.0143992 -0.0143992 -0.0143992 -0.013862 -0.0138771 -0.013877 -0.0138618 -0.00829509 -0.00828331 -0.00828326 -0.00829498 -0.00799094 -0.00799473 -0.00799474 -0.00799096
0.545 -0.0153485 -0.0153485 -0.0153485 -0.0153485 -0.0183327 -0.0183499 -0.0183499 -0.0183327 -0.015046 -0.0150424 -0.0150424 -0.015046 -0.0110012 -0.0110039 -0.0110039 -0.0110012
0.565 -0.0198056 -0.0198056 -0.0198056 -0.0198056 -0.0201448 -0.020136 -0.0201361 -0.0201448 -0.0213046 -0.0213174 -0.0213175 -0.0213046 -0.0163863 -0.0163852 -0.0163852 -0.0163863
0.585 -0.0201596 -0.0201596 -0.0201596 -0.0201596 -0.0220417 -0.0220512 -0.0220581 -0.0220582 -0.0242856 -0.0242871 -0.0242886 -0.0242881 -0.024786 -0.0247856 -0.0247861 -0.0247878
0.605 -0.023528 -0.023528 -0.023528 -0.023528 -0.024379 -0.024382 -0.0243851 -0.024384 -0.0265213 -0.0265129 -0.0265097 -0.0265167 -0.0328062 -0.0328038 -0.0327999 -0.0327997
0.625 -0.00350715 -0.00350715 -0.00350715 -0.00350715 -0.0243801 -0.0244396 -0.0244383 -0.024377 -0.0313846 -0.0313595 -0.0313575 -0.0313793 -0.0370188 -0.0370175 -0.0370166 -0.037017
0.645 -0.00511934 -0.00511934 -0.00511934 -0.00511934 -0.0161374 -0.0161133 -0.0161112 -0.0161314 -0.0359285 -0.0359557 -0.0359559 -0.0359285 -0.0384926 -0.0384801 -0.0384797 -0.0384916
0.665 0.00242 0.00242 0.00242 0.00242 -0.00964901 -0.00963495 -0.00963395 -0.00964782 -0.0313099 -0.0313274 -0.0313279 -0.0313109 -0.039807 -0.0397937 -0.0397942 -0.0398075
0.685 -0.00440039 -0.00440039 -0.00440039 -0.00440039 -0.00726159 -0.00725381 -0.00725416 -0.00726215 -0.0200862 -0.0200761 -0.0200764 -0.0200867 -0.0371624 -0.0371551 -0.037155 -0.0371623
0.705 -0.0102299 -0.0102299 -0.0102299 -0.0102299 -0.010207 -0.0102179 -0.0102182 -0.0102074 -0.0114424 -0.0114173 -0.0114171 -0.0114421 -0.0248058 -0.0248062 -0.0248063 -0.0248061
0.725 0.0105393 0.0105393 0.0105393 0.0105393 -0.0101779 -0.0102515 -0.0102515 -0.010178 -0.0096099 -0.00958986 -0.00958974 -0.00960963 -0.00473945 -0.00474299 -0.004743 -0.00473945
0.745 -0.0159501 -0.0159501 -0.0159501 -0.0159501 -0.000687626 -0.00059858 -0.000598313 -0.000687539 -0.00540821 -0.00547498 -0.00547579 -0.00541004 0.0116449 0.0116496 0.0116489 0.0116314
0.765 -0.0198452 -0.0198452 -0.0198452 -0.0198452 -0.00285871 -0.00283341 -0.00281919 -0.00283008 0.0111319 0.0111347 0.0111434 0.0111443 0.0173226 0.0173171 0.0173155 0.0173231
0.785 -0.0159401 -0.0159401 -0.0159401 -0.0159401 -0.00988131 -0.00996053 -0.00995781 -0.0098769 0.0231544 0.0232303 0.0232331 0.023161 0.0208034 0.0207807 0.0207824 0.0208064
0.805 -0.00673778 -0.00673778 -0.00673778 -0.00673778 -0.000798735 -0.000814145 -0.000818367 -0.000808266 0.0154799 0.0154853 0.0154871 0.0154861 0.0279421 0.0279322 0.0279323 0.0279424
0.825 0.0214078 0.0214078 0.0214078 0.0214078 0.0151127 0.0151311 0.0151297 0.0151105 0.00663669 0.00658373 0.00658431 0.00663661 0.0279979 0.0280039 0.0280037 0.0279956
0.845 -0.00391494 -0.00391494 -0.00391494 -0.00391494 0.0197633 0.0198685 0.0198682 0.0197633 0.0151542 0.0151107 0.0151108 0.0151542 0.0145233 0.0145304 0.0145298 0.0145226
0.865 -0.00935964 -0.00935964 -0.00935964 -0.00935964 0.00991334 0.0099073 0.00990691 0.00991291 0.0255945 0.0256542 0.0256544 0.0255949 0.00220237 0.00219299 0.00219287 0.00220205
0.885 0.0109014 0.0109014 0.0109014 0.0109014 0.000838193 0.000742098 0.0007419 0.000837628 0.0145371 0.0146043 0.0146044 0.0145372 0.00561214 0.00559932 0.0055995 0.00561251
0.905 -0.0059402 -0.0059402 -0.0059402 -0.0059402 -6.36309e-05 1.01781e-05 1.02061e-05 -6.35782e-05 -0.00765939 -0.0077326 -0.00773254 -0.00765926 0.014364 0.0143721 0.014372 0.0143638
0.925 0.00941694 0.00941694 0.00941694 0.00941694 -0.00751561 -0.00753016 -0.00753015 -0.00751557 -0.0126319 -0.0126678 -0.0126679 -0.012632 0.00845313 0.00845607 0.00845616 0.00845333
0.945 0.03644 0.03644 0.03644 0.03644 -0.00194766 -0.00208283 -0.00208279 -0.00194759 -0.00546019 -0.00540619 -0.00540618 -0.00546017 -0.0101604 -0.0101647 -0.0101648 -0.0101605
0.965 -0.000939209 -0.000939209 -0.000939209 -0.000939209 0.0210199 0.0211384 0.0211384 0.0210198 -0.000808333 -0.000837528 -0.000837564 -0.000808423 -0.025416 -0.0253987 -0.0253986 -0.0254159
0.985 -0.0302589 -0.0302589 -0.0302589 -0.0302589 0.0161418 0.0163114 0.0163114 0.0161417 0.00404064 0.00401388 0.00401389 0.00404065 -0.0266138 -0.0265994 -0.0265994 -0.0266138
1.005 -0.0249234 -0.0249234 -0.0249234 -0.0249234 -0.0213941 -0.0214629 -0.0214629 -0.0213941 0.000722982 0.000792843 0.000792845 0.000722987 -0.00988551 -0.00990175 -0.00990172 -0.00988547
1.025 -0.00603099 -0.00603099 -0.00603099 -0.00603099 -0.0448205 -0.0449901 -0.0449902 -0.0448203 -0.0206069 -0.0205717 -0.0205716 -0.0206067 0.0137182 0.013697 0.013697 0.013718
1.045 0.0180205 0.0180205 0.0180205 0.0180205 -0.0265814 -0.0266446 -0.0266452 -0.0265829 -0.0378075 -0.0378865 -0.0378851 -0.0378041 0.0164739 0.0164779 0.0164768 0.0164716
1.065 0.0376374 0.0376374 0.0376374 0.0376374 0.0118928 0.0119047 0.0119044 0.0118926 -0.0210672 -0.0211222 -0.0211216 -0.0210667 -0.0145199 -0.0145004 -0.0145009 -0.0145208
1.085 0.0659975 0.0659975 0.0659975 0.0659975 0.0463722 0.0463239 0.0463244 0.0463722 0.0147305 0.0148153 0.0148126 0.014728 -0.0494829 -0.0494822 -0.0494785 -0.0494981
1.105 0.0300202 0.0300202 0.0300202 0.0300202 0.0728194 0.073011 0.0730137 0.0728427 0.0317297 0.0317348 0.0317309 0.0317168 -0.0458006 -0.045776 -0.0457801 -0.0458085
1.125 0.0194035 0.0194035 0.0194035 0.0194035 0.0529535 0.0530922 0.0530886 0.0529674 0.0325044 0.0324787 0.0324759 0.0325002 0.00185977 0.00188066 0.00188279 0.00186634
1.145 0.0212718 0.0212718 0.0212718 0.0212718 0.00034654 0.000218917 0.000209013 0.000336078 0.0308297 0.0308541 0.0308538 0.0308606 0.0648294 0.0648082 0.0647943 0.0648529
1.165 -0.0196754 -0.0196754 -0.0196754 -0.0196754 -0.0237737 -0.0238552 -0.0238653 -0.0237926 0.0301289 0.0300853 0.0300772 0.0301131 0.107092 0.107052 0.10705 0.107086
1.185 0.0412551 0.0412551 0.0412551 0.0412551 -0.00531456 -0.00554976 -0.00554921 -0.00531593 0.0393249 0.0393511 0.0393464 0.0393084 0.105577 0.105538 0.105531 0.105555
1.205 -0.0383656 -0.0383656 -0.0383656 -0.0383656 0.0510721 0.0513861 0.0513905 0.0510825 0.0581964 0.0580773 0.0580821 0.0582062 0.0676397 0.0676505 0.0676494 0.0676392
1.225 -0.0300488 -0.0300488 -0.0300488 -0.0300488 0.0562034 0.056355 0.0563557 0.056213 0.0809101 0.0809744 0.0809764 0.0809144 0.0271107 0.0271032 0.0271043 0.0271129
1.245 -0.030005 -0.030005 -0.030005 -0.030005 0.0107165 0.0106535 0.0106522 0.0107129 0.0644588 0.0646161 0.0646159 0.0644588 0.0226887 0.0226535 0.0226542 0.0226902
1.265 -0.027988 -0.027988 -0.027988 -0.027988 -0.0256256 -0.0256335 -0.0256348 -0.0256289 -0.00140052 -0.00144823 -0.00144874 -0.00140166 0.0456364 0.0456244 0.0456247 0.045637
1.285 0.0288774 0.0288774 0.0288774 0.0288774 -0.0437124 -0.0438492 -0.0438497 -0.0437127 -0.0526366 -0.052748 -0.052748 -0.0526366 0.0385927 0.0385928 0.0385929 0.0385927
1.305 -0.0160249 -0.0160249 -0.0160249 -0.0160249 -0.034731 -0.0347725 -0.0347824 -0.0348123 -0.0514931 -0.0515614 -0.0515609 -0.0514864 -0.0248641 -0.0248548 -0.0248563 -0.0248687
1.325 0.0223919 0.0223919 0.0223919 0.0223919 -0.0145489 -0.0147272 -0.0147193 -0.014525 -0.0316007 -0.0314141 -0.0313848 -0.0315445 -0.102359 -0.10231 -0.102304 -0.102292
1.345 0.0522081 0.0522081 0.0522081 0.0522081 0.0211672 0.0211589 0.0211749 0.0212052 -0.0438191 -0.0437327 -0.0437286 -0.0438082 -0.13553 -0.135493 -0.135491 -0.135528
1.365 0.0424947 0.0424947 0.0424947 0.0424947 0.0430254 0.0432909 0.0432934 0.0430232 -0.0685586 -0.0687271 -0.0687414 -0.0685974 -0.118158 -0.118079 -0.118087 -0.118167
1.385 0.0537064 0.0537064 0.0537064 0.0537064 0.000837483 0.000787999 0.000790484 0.000841149 -0.055756 -0.055766 -0.0557714 -0.0557639 -0.0796464 -0.0796206 -0.0796248 -0.0796569
1.405 0.0222361 0.0222361 0.0222361 0.0222361 -0.0389878 -0.0392153 -0.0392146 -0.0389855 -0.0280645 -0.0279596 -0.0279575 -0.0280601 -0.0311557 -0.0311727 -0.0311727 -0.0311557
1.425 0.0840108 0.0840108 0.0840108 0.0840108 -0.00729615 -0.00757661 -0.00757641 -0.00729563 -0.0144391 -0.0143979 -0.0143956 -0.0144345 0.018931 0.0189236 0.0189233 0.0189306
1.445 -0.0061372 -0.0061372 -0.0061372 -0.0061372 0.0605163 0.0609064 0.0609059 0.0605152 0.0201028 0.019865 0.019865 0.020103 0.0468901 0.0469313 0.046932 0.0468916
1.465 -0.00214542 -0.00214542 -0.00214542 -0.00214542 0.0597735 0.0598232 0.059783 0.0596158 0.0938286 0.0939075 0.0939137 0.0938523 0.0574391 0.0574188 0.0574153 0.0574269
1.485 0.0318324 0.0318324 0.0318324 0.0318324 0.0443346 0.0441021 0.0440896 0.0443392 0.127684 0.127939 0.127927 0.127731 0.0945193 0.0944612 0.0944643 0.0945261
1.505 -0.0160914 -0.0160914 -0.0160914 -0.0160914 0.0616641 0.0618986 0.0619093 0.0616928 0.0998997 0.0997524 0.0997458 0.0998831 0.155697 0.155699 0.155719 0.155741
1.525 -0.0847166 -0.0847166 -0.0847166 -0.0847166 0.0398037 0.0401967 0.0402077 0.0398195 0.089326 0.0890788 0.0890752 0.0893188 0.182846 0.182846 0.182858 0.18287
1.545 -0.145651 -0.145651 -0.145651 -0.145651 -0.047109 -0.0471634 -0.047157 -0.0470954 0.107252 0.10738 0.107374 0.107258 0.157184 0.15709 0.157088 0.157178
1.565 -0.125028 -0.125028 -0.125028 -0.125028 -0.11232 -0.112734 -0.112733 -0.112317 0.066875 0.0671648 0.0671618 0.0668687 0.113583 0.113461 0.113461 0.113582
1.585 -0.00203155 -0.00203155 -0.00203155 -0.00203155 -0.0668849 -0.0670637 -0.0670643 -0.0668865 -0.0478937 -0.0479726 -0.0479722 -0.0478935 0.0525986 0.0525816 0.0525793 0.0525939
1.605 -0.0730273 -0.0730273 -0.0730273 -0.0730273 0.00236389 0.00300647 0.00299843 0.00229192 -0.113859 -0.114333 -0.114331 -0.113865 -0.0699187 -0.0698197 -0.0698205 -0.0699195
1.625 -0.0572968 -0.0572968 -0.0572968 -0.0572968 -0.0481393 -0.0481602 -0.0480861 -0.0480367 -0.0888972 -0.0886347 -0.0885927 -0.0887616 -0.22241 -0.222297 -0.222324 -0.22234
1.645 -0.0600341 -0.0600341 -0.0600341 -0.0600341 -0.111289 -0.111642 -0.111616 -0.111238 -0.120219 -0.119816 -0.119824 -0.120241 -0.291033 -0.291041 -0.291048 -0.291054
1.665 -0.0321479 -0.0321479 -0.0321479 -0.0321479 -0.129483 -0.129509 -0.129506 -0.129461 -0.240013 -0.240109 -0.240127 -0.240047 -0.258732 -0.258671 -0.25869 -0.258759
1.685 0.0135917 0.0135917 0.0135917 0.0135917 -0.145823 -0.145784 -0.145778 -0.145782 -0.305724 -0.306052 -0.306056 -0.305731 -0.228671 -0.22858 -0.228585 -0.228682
1.705 -0.0458917 -0.0458917 -0.0458917 -0.0458917 -0.155192 -0.155262 -0.155276 -0.155186 -0.247658 -0.247716 -0.247719 -0.247657 -0.257558 -0.25751 -0.257509 -0.257557
1.725 0.0229038 0.0229038 0.0229038 0.0229038 -0.112362 -0.112882 -0.112891 -0.112385 -0.15848 -0.158137 -0.158137 -0.15848 -0.282437 -0.282435 -0.282433 -0.282433
1.745 -0.0567557 -0.0567557 -0.0567557 -0.0567557 -0.0208149 -0.020519 -0.0205212 -0.0208212 -0.117833 -0.117867 -0.117866 -0.117832 -0.233068 -0.233002 -0.233002 -0.233068
1.765 -0.164575 -0.164575 -0.164575 -0.164575 -0.0103022 -0.00957306 -0.00957218 -0.0102996 -0.0796802 -0.0799655 -0.0799654 -0.0796799 -0.121836 -0.121761 -0.12176 -0.121834
1.785 0.0531194 0.0531194 0.0531194 0.0531194 -0.0992785 -0.10008 -0.100079 -0.0992761 -0.0218672 -0.0215258 -0.0215251 -0.0218668 0.00865671 0.00857496 0.00857426 0.00865533
1.805 -0.00719533 -0.00719533 -0.00719533 -0.00719533 -0.0802214 -0.0805707 -0.0805704 -0.0802206 0.00421628 0.00425172 0.00425058 0.00421519 0.122619 0.122554 0.122555 0.122619
1.825 -0.0428782 -0.0428782 -0.0428782 -0.0428782 0.037421 0.0378417 0.0378426 0.0374232 0.0452036 0.0448537 0.0448534 0.0452059 0.16766 0.167679 0.167678 0.167657
1.845 0.0664669 0.0664669 0.0664669 0.0664669 0.111766 0.111768 0.111697 0.111578 0.150039 0.1501 0.1501 0.150071 0.141094 0.141066 0.14106 0.141074
1.865 0.14624 0.14624 0.14624 0.14624 0.164898 0.164666 0.164619 0.164853 0.226835 0.227159 0.227172 0.226851 0.127607 0.127562 0.127568 0.127622
1.885 0.205415 0.205415 0.205415 0.205415 0.247536 0.247722 0.247727 0.247542 0.216185 0.216139 0.216145 0.21619 0.179542 0.179568 0.179547 0.179505
1.905 0.156072 0.156072 0.156072 0.156072 0.268569 0.269171 0.269169 0.268561 0.212752 0.212395 0.212393 0.212745 0.248273 0.248346 0.248369 0.248298
1.925 0.10072 0.10072 0.10072 0.10072 0.174526 0.17455 0.174562 0.174567 0.266433 0.266497 0.266498 0.266437 0.290892 0.290845 0.290848 0.290907
1.945 0.14493 0.14493 0.14493 0.14493 0.100527 0.0998751 0.0998827 0.100549 0.279401 0.279785 0.279785 0.279409 0.325959 0.325832 0.325841 0.325982
1.965 0.108024 0.108024 0.108024 0.108024 0.145934 0.146023 0.146034 0.14595 0.217371 0.217218 0.217204 0.217363 0.342804 0.342769 0.342768 0.342808
1.985 0.092038 0.092038 0.092038 0.092038 0.202164 0.202706 0.202706 0.202164 0.18986 0.189479 0.189472 0.189848 0.286258 0.286297 0.286303 0.286267
2.005 0.0901702 0.0901702 0.0901702 0.0901702 0.171228 0.171272 0.171271 0.171227 0.225408 0.225543 0.225544 0.225408 0.173776 0.173745 0.173745 0.173776
2.025 0.067308 0.067308 0.067308 0.067308 0.109058 0.108817 0.108816 0.109056 0.202149 0.202519 0.202519 0.20215 0.101386 0.10132 0.101321 0.10139
2.045 0.0702352 0.0702352 0.0702352 0.0702352 0.0831414 0.083241 0.0832413 0.0831417 0.0753572 0.075277 0.0752779 0.0753594 0.0955976 0.0956076 0.0956066 0.0955953
2.065 0.0965704 0.0965704 0.0965704 0.0965704 0.0473934 0.0475541 0.0475541 0.0473937 -0.0288329 -0.0291508 -0.0291512 -0.0288323 0.0721299 0.072183 0.0721835 0.0721308
2.085 0.0952228 0.0952228 0.0952228 0.0952228 -0.0110947 -0.0113627 -0.0113625 -0.0110941 -0.03665 -0.0366105 -0.0366099 -0.0366494 -0.0185698 -0.0185681 -0.0185687 -0.0185709
2.105 0.0219461 0.0219461 0.0219461 0.0219461 -0.00919748 -0.00934138 -0.00934158 -0.00919799 -0.031281 -0.0311105 -0.0311115 -0.0312809 -0.118329 -0.118323 -0.118323 -0.118328
2.125 -0.0616876 -0.0616876 -0.0616876 -0.0616876 0.00320424 0.00350652 0.00350674 0.00320476 -0.0637792 -0.0638046 -0.0638047 -0.0637799 -0.164229 -0.16418 -0.16418 -0.16423
2.145 -0.131238 -0.131238 -0.131238 -0.131238 -0.0745257 -0.0742689 -0.0742695 -0.0745167 -0.106798 -0.106853 -0.106853 -0.106797 -0.154111 -0.154082 -0.154082 -0.154111
2.165 -0.164982 -0.164982 -0.164982 -0.164982 -0.198284 -0.198474 -0.198468 -0.198282 -0.154413 -0.154348 -0.154347 -0.154412 -0.119514 -0.119547 -0.119547 -0.119514
2.185 -0.0530176 -0.0530176 -0.0530176 -0.0530176 -0.247083 -0.247766 -0.247766 -0.247083 -0.211811 -0.21169 -0.21169 -0.211811 -0.106008 -0.106058 -0.106059 -0.106009
2.205 -0.11888 -0.11888 -0.11888 -0.11888 -0.166707 -0.166544 -0.166545 -0.166709 -0.237843 -0.238124 -0.238124 -0.237843 -0.156768 -0.156718 -0.156718 -0.156768
2.225 0.0320427 0.0320427 0.0320427 0.0320427 -0.0780286 -0.0781852 -0.0781857 -0.07803 -0.185511 -0.185459 -0.18546 -0.185511 -0.258915 -0.258861 -0.258861 -0.258915
2.245 0.0587 0.0587 0.0587 0.0587 0.0169677 0.017017 0.0170188 0.0169689 -0.121558 -0.121407 -0.121411 -0.121557 -0.318528 -0.318399 -0.318399 -0.318471
2.265 0.145791 0.145791 0.145791 0.145791 0.0795718 0.0796501 0.0796528 0.079575 -0.0906215 -0.0905646 -0.0905735 -0.0906348 -0.265551 -0.26545 -0.265446 -0.265551
2.285 0.266835 0.266835 0.266835 0.266835 0.107927 0.107783 0.107785 0.10793 -0.0604983 -0.0605478 -0.06055 -0.0605036 -0.120589 -0.120506 -0.12051 -0.1206
2.305 0.121806 0.121806 0.121806 0.121806 0.121865 0.122203 0.122203 0.121866 0.0289475 0.0286861 0.0286868 0.0289508 0.0449821 0.0450488 0.0450458 0.0449767
2.325 0.10437 0.10437 0.10437 0.10437 0.108462 0.108269 0.108276 0.108451 0.174189 0.1743 0.174301 0.174192 0.193502 0.193458 0.193457 0.1935
2.345 -0.109465 -0.109465 -0.109465 -0.109465 0.109804 0.110065 0.110049 0.109676 0.29106 0.291092 0.291088 0.291037 0.335044 0.334951 0.33495 0.335039
2.365 -0.114338 -0.114338 -0.114338 -0.114338 0.0683843 0.0684722 0.0686916 0.0686693 0.339041 0.339235 0.33938 0.339259 0.461224 0.461093 0.46116 0.461324
2.385 -0.0254915 -0.0254915 -0.0254915 -0.0254915 0.0625438 0.0624456 0.0625404 0.062815 0.312299 0.312364 0.312404 0.312447 0.529125 0.529002 0.529032 0.529202
2.405 -0.0401923 -0.0401923 -0.0401923 -0.0401923 0.117582 0.117927 0.11796 0.11764 0.272592 0.272304 0.272295 0.272581 0.480063 0.47999 0.479981 0.480071
2.425 -0.154118 -0.154118 -0.154118 -0.154118 0.121712 0.122303 0.122283 0.12167 0.268857 0.268709 0.268687 0.268801 0.318279 0.318216 0.318209 0.31826
2.445 -0.101029 -0.101029 -0.101029 -0.101029 0.0347849 0.0346002 0.0345865 0.0347569 0.21712 0.217524 0.217516 0.217105 0.143351 0.143236 0.143234 0.143346
2.465 -0.205334 -0.205334 -0.205334 -0.205334 -0.0567302 -0.0564629 -0.0564626 -0.0567252 0.0321725 0.0321978 0.0322026 0.0321897 0.0275296 0.0274884 0.0274854 0.0275235
2.485 -0.283219 -0.283219 -0.283219 -0.283219 -0.196774 -0.196364 -0.196364 -0.196742 -0.190402 -0.190724 -0.190722 -0.190393 -0.0832047 -0.0831848 -0.0831831 -0.0832013
2.505 -0.180953 -0.180953 -0.180953 -0.180953 -0.382791 -0.384185 -0.384457 -0.383894 -0.351629 -0.351656 -0.351756 -0.352009 -0.260811 -0.260898 -0.26092 -0.260883
2.525 -0.131903 -0.131903 -0.131903 -0.131903 -0.404691 -0.405393 -0.405436 -0.404776 -0.494791 -0.494686 -0.494645 -0.494835 -0.490114 -0.490041 -0.489913 -0.489883
2.545 -0.123867 -0.123867 -0.123867 -0.123867 -0.291459 -0.291172 -0.291069 -0.291124 -0.598761 -0.598891 -0.598788 -0.598536 -0.725616 -0.725445 -0.725445 -0.725604
2.565 -0.219654 -0.219654 -0.219654 -0.219654 -0.265857 -0.26522 -0.265214 -0.265678 -0.605335 -0.60539 -0.605334 -0.605189 -0.900575 -0.90033 -0.900309 -0.900505
2.585 -0.0977381 -0.0977381 -0.0977381 -0.0977381 -0.350409 -0.350939 -0.350919 -0.350356 -0.592932 -0.592544 -0.592527 -0.593014 -0.914726 -0.914656 -0.914677 -0.914804
2.605 -0.0640892 -0.0640892 -0.0640892 -0.0640892 -0.388824 -0.389364 -0.389317 -0.388768 -0.631944 -0.631816 -0.631819 -0.631908 -0.753176 -0.75307 -0.753054 -0.753149
2.625 -0.0567341 -0.0567341 -0.0567341 -0.0567341 -0.327137 -0.327154 -0.327147 -0.327132 -0.611391 -0.611833 -0.611818 -0.611357 -0.543552 -0.543379 -0.543376 -0.543539
2.645 -0.0724364 -0.0724364 -0.0724364 -0.0724364 -0.243216 -0.243323 -0.243329 -0.243229 -0.407876 -0.408049 -0.408051 -0.407875 -0.398567 -0.398475 -0.398468 -0.398555
2.665 -0.143165 -0.143165 -0.143165 -0.143165 -0.146475 -0.146696 -0.146702 -0.146484 -0.124396 -0.124052 -0.124053 -0.1244 -0.265912 -0.265938 -0.265938 -0.265912
2.685 -0.212045 -0.212045 -0.212045 -0.212045 -0.0184373 -0.0181297 -0.0181513 -0.0184443 0.0619022 0.0620563 0.0620522 0.0619304 -0.0419971 -0.0420295 -0.0420302 -0.0419988
2.705 -0.266048 -0.266048 -0.266048 -0.266048 0.014025 0.0144064 0.0144855 0.0138696 0.161464 0.161283 0.161287 0.161474 0.247228 0.247174 0.247172 0.247226
2.725 -0.312537 -0.312537 -0.312537 -0.312537 -0.0731294 -0.0729545 -0.0729432 -0.0730937 0.244158 0.24406 0.244066 0.24416 0.488689 0.488518 0.488516 0.488681
2.745 -0.309849 -0.309849 -0.309849 -0.309849 -0.138035 -0.138203 -0.138269 -0.137914 0.291703 0.291854 0.291738 0.29169 0.59972 0.599457 0.599449 0.599799
2.765 -0.279247 -0.279247 -0.279247 -0.279247 -0.0963284 -0.0964834 -0.0964842 -0.0963632 0.274068 0.274078 0.273929 0.273902 0.552651 0.552416 0.552396 0.552611
2.785 -0.346994 -0.346994 -0.346994 -0.346994 -0.00117672 -0.000415368 -0.000419992 -0.00118901 0.212562 0.212256 0.212239 0.212508 0.363861 0.363769 0.36375 0.36382
2.805 -0.0725218 -0.0725218 -0.0725218 -0.0725218 -0.00589035 -0.00611618 -0.00611347 -0.00588777 0.128409 0.1287 0.128719 0.128441 0.104077 0.103987 0.103985 0.104073
2.825 -0.0558055 -0.0558055 -0.0558055 -0.0558055 -0.00389059 -0.0036993 -0.00369474 -0.00388507 -0.0383212 -0.038276 -0.0382686 -0.0382858 -0.127194 -0.127166 -0.127165 -0.127192
2.845 -0.0828087 -0.0828087 -0.0828087 -0.0828087 -0.0514636 -0.0509355 -0.0509507 -0.0514741 -0.226347 -0.226617 -0.226613 -0.226345 -0.306364 -0.306238 -0.306237 -0.306361
2.865 -0.0575375 -0.0575375 -0.0575375 -0.0575375 -0.222075 -0.222366 -0.222361 -0.222079 -0.354947 -0.354837 -0.354851 -0.354959 -0.448935 -0.448879 -0.448877 -0.448937
2.885 -0.0253123 -0.0253123 -0.0253123 -0.0253123 -0.333025 -0.333723 -0.333691 -0.332904 -0.472082 -0.471877 -0.471894 -0.472143 -0.543643 -0.543596 -0.543601 -0.543643
2.905 0.232383 0.232383 0.232383 0.232383 -0.274988 -0.275939 -0.275929 -0.274963 -0.568301 -0.568242 -0.568239 -0.56831 -0.606631 -0.60651 -0.60651 -0.606636
2.925 0.442752 0.442752 0.442752 0.442752 -0.0331321 -0.0334128 -0.0334221 -0.0331541 -0.544009 -0.544311 -0.544304 -0.544003 -0.668302 -0.668024 -0.668026 -0.668303
2.945 0.40376 0.40376 0.40376 0.40376 0.231175 0.231825 0.23182 0.231165 -0.324907 -0.325216 -0.325215 -0.324909 -0.685567 -0.685223 -0.685223 -0.685565
2.965 0.272993 0.272993 0.272993 0.272993 0.300656 0.3011 0.301094 0.300692 -0.00635807 -0.0060452 -0.00604415 -0.00635947 -0.513201 -0.513015 -0.513015 -0.5132
2.985 0.132374 0.132374 0.132374 0.132374 0.210181 0.210162 0.210181 0.210186 0.20291 0.203335 0.203331 0.202938 -0.0524781 -0.0524781 -0.0524778 -0.0524771
3.005 0.117256 0.117256 0.117256 0.117256 0.0887757 0.0885361 0.088614 0.0889516 0.285476 0.285509 0.285486 0.28553 0.550073 0.549942 0.549944 0.550074
3.025 0.098513 0.098513 0.098513 0.098513 0.0802338 0.0801724 0.0809997 0.0816305 0.40746 0.407073 0.407607 0.408363 0.986886 0.986789 0.987029 0.987299
3.045 0.168371 0.168371 0.168371 0.168371 0.268507 0.268625 0.268427 0.268767 0.656091 0.655689 0.655959 0.656119 1.09064 1.0905 1.09055 1.09079
3.065 0.0392974 0.0392974 0.0392974 0.0392974 0.551943 0.55284 0.552982 0.552094 0.922085 0.922159 0.921981 0.92183 0.9673 0.967092 0.967092 0.967258
3.085 -0.383108 -0.383108 -0.383108 -0.383108 0.630012 0.63231 0.632334 0.630253 1.03133 1.03127 1.03124 1.03123 0.855519 0.85539 0.855383 0.855514
3.105 -0.46182 -0.46182 -0.46182 -0.46182 0.270597 0.271384 0.271565 0.270843 0.871096 0.87152 0.87155 0.871129 0.88368 0.883366 0.883356 0.88366
3.125 -0.430009 -0.430009 -0.430009 -0.430009 -0.239963 -0.240695 -0.240656 -0.239842 0.427551 0.427795 0.427799 0.427567 0.935284 0.934877 0.934881 0.935291
3.145 -0.110739 -0.110739 -0.110739 -0.110739 -0.488237 -0.4897 -0.489782 -0.488213 -0.0929901 -0.093254 -0.0932514 -0.0929826 0.707086 0.7068 0.706795 0.707079
3.165 0.3046 0.3046 0.3046 0.3046 -0.274351 -0.275546 -0.275423 -0.274628 -0.413669 -0.414211 -0.414168 -0.413672 0.0151771 0.0152197 0.0152283 0.0152122
3.185 0.552196 0.552196 0.552196 0.552196 0.222297 0.222285 0.222764 0.222036 -0.459094 -0.458759 -0.45744 -0.463071 -0.927918 -0.927538 -0.927583 -0.927996
3.205 0.662479 0.662479 0.662479 0.662479 0.539798 0.541027 0.541242 0.540468 -0.406555 -0.404994 -0.40449 -0.404115 -1.60024 -1.59955 -1.59909 -1.59944
3.225 0.785973 0.785973 0.785973 0.785973 0.464757 0.465229 0.465597 0.465706 -0.481336 -0.481196 -0.480992 -0.481321 -1.59755 -1.59717 -1.59706 -1.59755
3.245 0.824074 0.824074 0.824074 0.824074 0.145626 0.145026 0.145156 0.145796 -0.638499 -0.638839 -0.63877 -0.638551 -0.996841 -0.996418 -0.996487 -0.996911
3.265 0.802991 0.802991 0.802991 0.802991 -0.118084 -0.119613 -0.119695 -0.118243 -0.571364 -0.57186 -0.571875 -0.571324 -0.261425 -0.261217 -0.261205 -0.261406
3.285 0.811399 0.811399 0.811399 0.811399 0.0245671 0.0227 0.0226854 0.0244171 -0.136509 -0.136449 -0.136475 -0.136253 0.237471 0.237488 0.23748 0.237454
3.305 0.894658 0.894658 0.894658 0.894658 0.61006 0.609291 0.609179 0.609766 0.531602 0.531855 0.531903 0.531744 0.502568 0.502599 0.502666 0.502631
3.325 1.01626 1.01626 1.01626 1.01626 1.32532 1.32194 1.32113 1.31504 1.19793 1.19863 1.19828 1.19757 0.795437 0.79546 0.795438 0.795388
3.345 1.167 1.167 1.167 1.167 1.74965 1.75213 1.75023 1.74911 1.72056 1.72059 1.72198 1.7209 1.33234 1.33217 1.33218 1.33197
3.365 1.12859 1.12859 1.12859 1.12859 1.74852 1.75044 1.75103 1.7503 2.08582 2.08675 2.08771 2.0876 2.09649 2.09615 2.09583 2.09595
3.385 1.16472 1.16472 1.16472 1.16472 1.54335 1.54334 1.54382 1.54499 2.30552 2.3051 2.3059 2.30658 2.86182 2.8614 2.86147 2.86202
3.405 1.17381 1.17381 1.17381 1.17381 1.48162 1.48031 1.47645 1.47757 2.42519 2.42539 2.42509 2.42611 3.32698 3.32648 3.32656 3.32721
3.425 1.27573 1.27573 1.27573 1.27573 1.69733 1.69662 1.69641 1.69632 2.52713 2.52673 2.52679 2.52661 3.30711 3.30656 3.30659 3.30694
3.445 1.21618 1.21618 1.21618 1.21618 2.03214 2.03315 2.03382 2.03228 2.60997 2.6098 2.61033 2.61068 2.88086 2.88062 2.88057 2.88084
3.465 0.977312 0.977312 0.977312 0.977312 2.07308 2.07504 2.07514 2.07305 2.55637 2.55665 2.55685 2.5569 2.35065 2.35048 2.35051 2.3507
3.485 0.55492 0.55492 0.55492 0.55492 1.61242 1.6141 1.614 1.61219 2.1785 2.17881 2.17881 2.17848 1.99248 1.99224 1.99224 1.99248
3.505 0.0243459 0.0243459 0.0243459 0.0243459 0.738191 0.738863 0.738829 0.738043 1.44992 1.44993 1.44983 1.44975 1.78025 1.77989 1.7799 1.78028
3.525 -0.260379 -0.260379 -0.260379 -0.260379 -0.21694 -0.21805 -0.2182 -0.216703 0.553469 0.553442 0.553578 0.553281 1.39752 1.39705 1.39704 1.39749
3.545 -0.0887501 -0.0887501 -0.0887501 -0.0887501 -0.728549 -0.738597 -0.734477 -0.729841 -0.312028 -0.310807 -0.31119 -0.310889 0.541772 0.542293 0.539954 0.541258
3.565 -0.140498 -0.140498 -0.140498 -0.140498 -0.612623 -0.621462 -0.622367 -0.60931 -0.969872 -0.97043 -0.978874 -0.970201 -0.797334 -0.797174 -0.796513 -0.797484
3.585 -0.223973 -0.223973 -0.223973 -0.223973 -0.419967 -0.421798 -0.413251 -0.42011 -1.36236 -1.36378 -1.36778 -1.36365 -2.23466 -2.23515 -2.23619 -2.23739
3.605 -0.106969 -0.106969 -0.106969 -0.106969 -0.570392 -0.567498 -0.567258 -0.565129 -1.72698 -1.72819 -1.72854 -1.7296 -3.17297 -3.17239 -3.17311 -3.17385
3.625 0.325622 0.325622 0.325622 0.325622 -0.947825 -0.946091 -0.946057 -0.942775 -2.25282 -2.25217 -2.25235 -2.25402 -3.31289 -3.31222 -3.31213 -3.31288
3.645 0.835555 0.835555 0.835555 0.835555 -1.08953 -1.09235 -1.09535 -1.09143 -2.67306 -2.67351 -2.67464 -2.67431 -2.92685 -2.92597 -2.92569 -2.92635
3.665 1.37109 1.37109 1.37109 1.37109 -0.744891 -0.74859 -0.749125 -0.747132 -2.436 -2.43688 -2.43697 -2.43601 -2.52244 -2.52149 -2.52139 -2.52216
3.685 1.37546 1.37546 1.37546 1.37546 0.0774459 0.0764612 0.0766649 0.0775191 -1.4231 -1.42323 -1.4231 -1.42278 -2.17907 -2.17822 -2.17812 -2.17887
3.705 1.22312 1.22312 1.22312 1.22312 0.967088 0.968779 0.969112 0.969054 -0.0841831 -0.0835451 -0.0829717 -0.0835505 -1.45332 -1.4528 -1.45291 -1.45357
3.725 0.835254 0.835254 0.835254 0.835254 1.44113 1.44133 1.43684 1.44956 1.06378 1.06401 1.06389 1.06151 0.0440566 0.0449502 0.0454047 0.044862
3.745 0.188201 0.188201 0.188201 0.188201 1.30709 1.31307 1.30616 1.30152 1.90942 1.91297 1.91867 1.91449 2.11335 2.11165 2.11094 2.11151
3.765 -0.275354 -0.275354 -0.275354 -0.275354 0.771274 0.785137 0.778165 0.776176 2.61144 2.59737 2.59498 2.58012 4.05885 4.05523 4.05368 4.05091
3.785 -0.82075 -0.82075 -0.82075 -0.82075 0.484425 0.487479 0.484653 0.476841 3.02401 3.02383 3.02427 3.01995 5.19498 5.19161 5.19098 5.19284
3.805 -1.29141 -1.29141 -1.29141 -1.29141 0.589234 0.580409 0.582404 0.57905 3.3223 3.32835 3.32791 3.32566 5.19107 5.18961 5.18944 5.19117
3.825 -1.73618 -1.73618 -1.73618 -1.73618 0.82966 0.828171 0.824095 0.821477 3.25009 3.25045 3.25027 3.25098 4.26611 4.26556 4.26641 4.26783
3.845 -2.19329 -2.19329 -2.19329 -2.19329 0.566379 0.570268 0.569512 0.565252 2.52199 2.52145 2.52148 2.52154 2.92447 2.92348 2.92343 2.92431
3.865 -2.43808 -2.43808 -2.43808 -2.43808 -0.518478 -0.514236 -0.514612 -0.51711 1.09172 1.09179 1.08876 1.08911 1.48863 1.48787 1.48814 1.48919
3.885 -2.45935 -2.45935 -2.45935 -2.45935 -2.01796 -2.01742 -1.99761 -2.0301 -0.899435 -0.895171 -0.90146 -0.896616 -0.0816572 -0.084104 -0.0826037 -0.079199
3.905 -1.71427 -1.71427 -1.71427 -1.71427 -3.01994 -3.01474 -3.04942 -3.03443 -3.08227 -3.08384 -3.06751 -3.06269 -2.07756 -2.07606 -2.07369 -2.09136
3.925 -0.930358 -0.930358 -0.930358 -0.930358 -2.58731 -2.51234 -2.51597 -2.4634 -4.44818 -4.4036 -4.38651 -4.33786 -4.69228 -4.69119 -4.69358 -4.69155
3.945 -0.445032 -0.445032 -0.445032 -0.445032 -2.01346 -2.01668 -1.99577 -1.95024 -4.40866 -4.42182 -4.41673 -4.41811 -7.1321 -7.13268 -7.13626 -7.1387
3.965 -0.779828 -0.779828 -0.779828 -0.779828 -1.82803 -1.85675 -1.8163 -1.86064 -4.63396 -4.67203 -4.68195 -4.73138 -8.02373 -8.02194 -8.02483 -8.02739
