0.005 0 0 0 0 -5.53592e-06 -2.24567e-06 2.24559e-06 5.53584e-06 -5.52541e-07 -4.21875e-07 4.21792e-07 5.52458e-07 1.84393e-05 5.348e-06 -5.34809e-06 -1.84394e-05
0.025 0 0 0 0 -5.53622e-06 -2.24597e-06 2.24529e-06 5.53554e-06 -5.52927e-07 -4.22261e-07 4.21406e-07 5.52072e-07 1.84389e-05 5.34762e-06 -5.34847e-06 -1.84398e-05
0.045 0 0 0 0 -5.53157e-06 -2.24131e-06 2.24995e-06 5.54019e-06 -5.48119e-07 -4.17457e-07 4.26209e-07 5.5688e-07 1.84437e-05 5.35235e-06 -5.34374e-06 -1.84351e-05
0.065 0 0 0 0 -5.50224e-06 -2.2119e-06 2.27936e-06 5.56951e-06 -5.12306e-07 -3.81667e-07 4.61999e-07 5.92693e-07 1.8479e-05 5.38769e-06 -5.3084e-06 -1.83997e-05
0.085 0 0 0 0 -5.45851e-06 -2.1681e-06 2.32316e-06 5.61324e-06 -4.40136e-07 -3.09494e-07 5.34171e-07 6.6486e-07 1.85536e-05 5.46223e-06 -5.23386e-06 -1.83252e-05
0.105 0 0 0 0 -5.41009e-06 -2.11965e-06 2.37161e-06 5.66165e-06 -3.38884e-07 -2.08224e-07 6.3544e-07 7.66108e-07 1.8673e-05 5.58161e-06 -5.11448e-06 -1.82057e-05
0.125 0 0 0 0 -5.43668e-06 -2.14645e-06 2.34481e-06 5.63506e-06 -3.08067e-07 -1.77336e-07 6.66327e-07 7.96919e-07 1.87475e-05 5.65606e-06 -5.04003e-06 -1.81313e-05
0.145 0 0 0 0 -5.66037e-06 -2.3708e-06 2.12046e-06 5.41137e-06 -5.51406e-07 -4.2055e-07 4.2311e-07 5.53572e-07 1.8561e-05 5.46954e-06 -5.22655e-06 -1.83178e-05
0.165 0 0 0 0 -5.92517e-06 -2.63591e-06 1.85534e-06 5.14654e-06 -1.02634e-06 -8.95624e-07 -5.19654e-08 7.86353e-08 1.80875e-05 4.99618e-06 -5.69992e-06 -1.87912e-05
0.185 0 0 0 0 -6.0227e-06 -2.73298e-06 1.75826e-06 5.04896e-06 -1.46174e-06 -1.33132e-06 -4.87666e-07 -3.56784e-07 1.74779e-05 4.38684e-06 -6.30926e-06 -1.94008e-05
0.205 0 0 0 0 -5.93162e-06 -2.64127e-06 1.84996e-06 5.14001e-06 -1.61407e-06 -1.48362e-06 -6.39977e-07 -5.09164e-07 1.69784e-05 3.88743e-06 -6.80868e-06 -1.99004e-05
0.225 0 0 0 0 -5.48477e-06 -2.19326e-06 2.29797e-06 5.58685e-06 -1.14999e-06 -1.01951e-06 -1.7588e-07 -4.51216e-08 1.71699e-05 4.07895e-06 -6.61716e-06 -1.97089e-05
0.245 0 0 0 0 -4.10823e-06 -8.13401e-07 3.67784e-06 6.96341e-06 7.66303e-07 8.96044e-07 1.73967e-06 1.87115e-06 1.9173e-05 6.08189e-06 -4.61422e-06 -1.77058e-05
0.265 0 0 0 0 -2.5092e-06 7.87182e-07 5.27836e-06 8.56221e-06 3.92208e-06 4.05205e-06 4.89566e-06 5.0269e-06 2.29319e-05 9.84002e-06 -8.561e-07 -1.39469e-05
0.285 0 0 0 0 -1.76668e-06 1.52688e-06 6.01793e-06 9.30432e-06 6.90336e-06 7.03468e-06 7.87822e-06 8.00796e-06 2.72348e-05 1.41415e-05 3.44531e-06 -9.64416e-06
0.305 0 0 0 0 -1.5221e-06 1.76928e-06 6.26026e-06 9.54865e-06 8.84541e-06 8.97631e-06 9.81977e-06 9.94972e-06 3.10301e-05 1.79356e-05 7.23937e-06 -5.84908e-06
0.325 0 0 0 0 -2.38016e-06 9.08437e-07 5.39941e-06 8.69055e-06 8.40702e-06 8.53723e-06 9.38063e-06 9.51115e-06 3.18799e-05 1.8785e-05 8.08879e-06 -4.99933e-06
0.345 0 0 0 0 -3.65566e-06 -3.6837e-07 4.1226e-06 7.41506e-06 5.90321e-06 6.03313e-06 6.87654e-06 7.00735e-06 2.89591e-05 1.58648e-05 5.1686e-06 -7.92016e-06
0.365 0 0 0 0 -4.29393e-06 -1.00379e-06 3.48718e-06 6.77678e-06 2.69921e-06 2.82881e-06 3.67221e-06 3.80334e-06 2.34687e-05 1.0376e-05 -3.20214e-07 -1.34105e-05
0.385 0 0 0 0 -5.37256e-06 -2.0812e-06 2.40976e-06 5.69815e-06 -1.212e-06 -1.08118e-06 -2.37786e-07 -1.07896e-07 1.65176e-05 3.42655e-06 -7.26969e-06 -2.03616e-05
0.405 0 0 0 0 -7.1452e-06 -3.85499e-06 6.35835e-07 3.92505e-06 -5.50484e-06 -5.37339e-06 -4.53013e-06 -4.40117e-06 1.01988e-05 -2.89092e-06 -1.35872e-05 -2.66807e-05
0.425 0 0 0 0 -9.07065e-06 -5.78197e-06 -1.29121e-06 1.99933e-06 -9.26016e-06 -9.12993e-06 -8.28669e-06 -8.15657e-06 6.18117e-06 -6.90763e-06 -1.7604e-05 -3.06984e-05
0.445 0 0 0 0 -1.20809e-05 -8.79936e-06 -4.30863e-06 -1.01105e-06 -1.31477e-05 -1.3017e-05 -1.21738e-05 -1.20441e-05 3.0012e-06 -1.00874e-05 -2.07838e-05 -3.38784e-05
0.465 0 0 0 0 -1.41767e-05 -1.08996e-05 -6.40889e-06 -3.107e-06 -1.60655e-05 -1.5935e-05 -1.50918e-05 -1.4962e-05 5.56865e-07 -1.25315e-05 -2.32278e-05 -3.63228e-05
0.485 0 0 0 0 -1.36888e-05 -1.04077e-05 -5.91702e-06 -2.61922e-06 -1.65676e-05 -1.64387e-05 -1.55955e-05 -1.54642e-05 -6.23485e-07 -1.37111e-05 -2.44075e-05 -3.75031e-05
0.505 0 0 0 0 -1.31017e-05 -9.81975e-06 -5.3291e-06 -2.03216e-06 -1.62135e-05 -1.60826e-05 -1.52394e-05 -1.51102e-05 -1.86535e-06 -1.49528e-05 -2.56492e-05 -3.87451e-05
0.525 0 0 0 0 -1.19598e-05 -8.67586e-06 -4.18521e-06 -8.90252e-07 -1.47318e-05 -1.45999e-05 -1.37567e-05 -1.36286e-05 -1.21069e-06 -1.42983e-05 -2.49947e-05 -3.80905e-05
0.545 0 0 0 0 -1.06765e-05 -7.38984e-06 -2.89919e-06 3.93031e-07 -1.24695e-05 -1.2339e-05 -1.14958e-05 -1.13663e-05 2.01593e-06 -1.10721e-05 -2.17685e-05 -3.48639e-05
0.565 0 0 0 0 -9.53084e-06 -6.24397e-06 -1.75332e-06 1.53868e-06 -9.28866e-06 -9.1593e-06 -8.31617e-06 -8.18544e-06 7.30873e-06 -5.7804e-06 -1.64768e-05 -2.95711e-05
0.585 0 0 0 0 -5.25309e-06 -1.9586e-06 2.53205e-06 5.81643e-06 -1.77901e-06 -1.65197e-06 -8.08839e-07 -6.75787e-07 1.6826e-05 3.73544e-06 -6.96096e-06 -2.00538e-05
0.605 0 0 0 0 4.44099e-07 3.74479e-06 8.23548e-06 1.15137e-05 9.16356e-06 9.29214e-06 1.01353e-05 1.02667e-05 2.92361e-05 1.61428e-05 5.44643e-06 -7.64369e-06
0.625 0 0 0 0 1.73019e-06 5.01993e-06 9.51035e-06 1.27989e-05 1.63178e-05 1.64535e-05 1.72966e-05 1.74211e-05 3.87436e-05 2.56465e-05 1.49501e-05 1.86372e-06
0.645 0 0 0 0 2.64505e-06 5.93519e-06 1.04255e-05 1.37135e-05 1.95184e-05 1.96496e-05 2.04926e-05 2.06211e-05 4.59569e-05 3.28584e-05 2.2162e-05 9.07677e-06
0.665 0 0 0 0 1.26919e-05 1.60181e-05 2.05084e-05 2.37603e-05 3.01935e-05 3.03081e-05 3.11509e-05 3.12956e-05 5.87902e-05 4.56929e-05 3.49964e-05 2.19098e-05
0.685 0 0 0 0 2.36562e-05 2.69964e-05 3.14864e-05 3.47234e-05 4.83325e-05 4.84537e-05 4.92964e-05 4.94344e-05 7.48653e-05 6.17645e-05 5.10679e-05 3.79848e-05
0.705 0 0 0 0 3.29941e-05 3.63291e-05 4.08185e-05 4.4059e-05 6.97472e-05 6.98834e-05 7.0726e-05 7.08486e-05 9.66557e-05 8.35477e-05 7.2851e-05 5.97749e-05
0.725 0 0 0 0 4.84113e-05 5.17752e-05 5.62641e-05 5.94743e-05 9.70326e-05 9.71562e-05 9.79982e-05 9.81324e-05 0.000132968 0.000119854 0.000109157 9.60861e-05
0.745 0 0 0 0 4.96118e-05 5.29533e-05 5.74415e-05 6.06727e-05 0.000111904 0.000112028 0.000112869 0.000113002 0.000161451 0.000148328 0.000137631 0.000124568
0.765 0 0 0 0 4.313e-05 4.64352e-05 5.09233e-05 5.419e-05 0.000114027 0.000114156 0.000114997 0.000115123 0.00017459 0.00016146 0.000150762 0.000137706
0.785 0 0 0 0 3.67192e-05 4.00178e-05 4.45059e-05 4.77793e-05 0.000103018 0.000103141 0.000103982 0.000104114 0.000165228 0.0001521 0.000141402 0.000128343
0.805 0 0 0 0 3.02691e-05 3.35798e-05 3.80679e-05 4.13291e-05 8.0391e-05 8.05097e-05 8.13505e-05 8.14868e-05 0.000130772 0.000117653 0.000106955 9.38872e-05
0.825 0 0 0 0 2.33401e-05 2.66648e-05 3.11528e-05 3.44001e-05 5.27129e-05 5.28366e-05 5.36775e-05 5.38086e-05 8.20236e-05 6.89173e-05 5.82196e-05 4.51392e-05
0.845 0 0 0 0 8.34339e-06 1.16544e-05 1.61424e-05 1.94035e-05 1.77093e-05 1.78449e-05 1.86857e-05 1.88048e-05 2.85116e-05 1.54159e-05 4.71826e-06 -8.37279e-06
0.865 0 0 0 0 -2.38656e-05 -2.06143e-05 -1.61263e-05 -1.28062e-05 -3.48158e-05 -3.46714e-05 -3.38311e-05 -3.37219e-05 -3.07655e-05 -4.38526e-05 -5.45504e-05 -6.76506e-05
0.885 0 0 0 0 -6.49977e-05 -6.181e-05 -5.73235e-05 -5.39435e-05 -0.000102845 -0.000102712 -0.000101872 -0.000101753 -9.77773e-05 -0.000110852 -0.00012155 -0.000134663
0.905 0 0 0 0 -0.000100212 -9.70568e-05 -9.2572e-05 -8.91639e-05 -0.000171109 -0.000170991 -0.000170152 -0.000170018 -0.00017339 -0.000186448 -0.000197146 -0.000210277
0.925 0 0 0 0 -0.000146847 -0.000143778 -0.000139294 -0.000135805 -0.000253478 -0.000253332 -0.000252494 -0.000252393 -0.000280742 -0.000293784 -0.000304483 -0.000317631
0.945 0 0 0 0 -0.000209999 -0.000207038 -0.000202558 -0.000198967 -0.000367673 -0.000367495 -0.00036666 -0.000366595 -0.000427673 -0.000440692 -0.000451392 -0.000464567
0.965 0 0 0 0 -0.000274777 -0.000271856 -0.00026738 -0.000263761 -0.000508141 -0.000507988 -0.000507155 -0.000507071 -0.000600057 -0.000613035 -0.000623737 -0.000636955
0.985 0 0 0 0 -0.000315414 -0.000312446 -0.000307975 -0.000304415 -0.000628418 -0.000628316 -0.000627485 -0.000627356 -0.000759539 -0.000772471 -0.000783175 -0.000796443
1.005 0 0 0 0 -0.000292439 -0.000289325 -0.000284855 -0.000281448 -0.000646968 -0.000646893 -0.000646064 -0.000645916 -0.000826999 -0.000839901 -0.000850606 -0.000863907
1.025 0 0 0 0 -0.000216767 -0.000213522 -0.000209053 -0.000205776 -0.000537323 -0.000537209 -0.000536381 -0.000536274 -0.000745749 -0.000758666 -0.000769371 -0.00078266
1.045 0 0 0 0 -0.000125982 -0.0001227 -0.00011823 -0.000114991 -0.000337077 -0.000336916 -0.000336089 -0.000336029 -0.000503698 -0.000516675 -0.00052738 -0.000540609
1.065 0 0 0 0 -2.80392e-05 -2.47313e-05 -2.02616e-05 -1.70479e-05 -8.56062e-05 -8.5479e-05 -8.46517e-05 -8.45587e-05 -0.000127557 -0.000140618 -0.000151323 -0.000164468
1.085 0 0 0 0 0.000105815 0.000109239 0.000113708 0.000116803 0.0002233 0.000223336 0.000224162 0.000224342 0.000333392 0.000320236 0.00030953 0.000296477
1.105 0 0 0 0 0.000286945 0.000290527 0.000294984 0.00029789 0.000597665 0.000597671 0.000598488 0.000598677 0.000815868 0.000802603 0.000791893 0.000778938
1.125 0 0 0 0 0.000449771 0.000453392 0.000457837 0.000460665 0.000949801 0.000949906 0.000950718 0.000950792 0.0012239 0.00121053 0.00119981 0.00118696
1.145 0 0 0 0 0.000547952 0.000551584 0.000556021 0.000558812 0.0011718 0.00117195 0.00117275 0.00117277 0.001497 0.00148355 0.00147283 0.00146005
1.165 0 0 0 0 0.000592544 0.00059631 0.000600745 0.000603397 0.00124472 0.00124475 0.00124555 0.00124568 0.00162635 0.00161289 0.00160217 0.00158939
1.185 0 0 0 0 0.00056347 0.000567236 0.000571671 0.000574324 0.00118581 0.00118579 0.00118659 0.00118677 0.00157782 0.00156438 0.00155366 0.00154087
1.205 0 0 0 0 0.000481822 0.000485441 0.000489877 0.000492676 0.0010333 0.00103336 0.00103416 0.00103426 0.00136312 0.00134971 0.00133899 0.00132617
1.225 0 0 0 0 0.00037843 0.000381963 0.000386398 0.000389283 0.000799293 0.000799388 0.000800192 0.000800252 0.00102827 0.00101492 0.0010042 0.000991309
1.245 0 0 0 0 0.000249378 0.000252883 0.000257318 0.000260231 0.000490004 0.000490061 0.000490864 0.000490962 0.000618326 0.000605084 0.000594366 0.000581369
1.265 0 0 0 0 0.000108796 0.000112243 0.000116678 0.000119647 0.000169057 0.000169074 0.000169877 0.000170015 0.00020456 0.000191417 0.000180699 0.000167603
1.285 0 0 0 0 -5.75695e-05 -5.43733e-05 -4.99384e-05 -4.67179e-05 -0.000139681 -0.000139601 -0.000138798 -0.000138723 -0.000187742 -0.000200817 -0.000211535 -0.000224699
1.305 0 0 0 0 -0.000261025 -0.000258221 -0.000253786 -0.000250173 -0.00047196 -0.000471791 -0.000470988 -0.000471001 -0.00057765 -0.00059067 -0.000601388 -0.000614606
1.325 0 0 0 0 -0.000458717 -0.000456163 -0.000451728 -0.000447872 -0.000831743 -0.000831616 -0.000830814 -0.000830788 -0.000974189 -0.000987129 -0.000997847 -0.00101115
1.345 0 0 0 0 -0.000605735 -0.000603235 -0.000598812 -0.000594939 -0.00115994 -0.00115991 -0.00115911 -0.001159 -0.00136827 -0.00138111 -0.00139183 -0.00140523
1.365 0 0 0 0 -0.000701773 -0.000699323 -0.000694911 -0.000691022 -0.00140238 -0.00140231 -0.00140152 -0.00140147 -0.00173245 -0.00174521 -0.00175593 -0.00176942
1.385 0 0 0 0 -0.000728857 -0.000726376 -0.00072197 -0.000718131 -0.0015201 -0.00151996 -0.00151918 -0.00151922 -0.00197076 -0.00198347 -0.0019942 -0.00200775
1.405 0 0 0 0 -0.000697064 -0.000694447 -0.000690042 -0.000686341 -0.00151037 -0.00151025 -0.00150947 -0.0015095 -0.0019984 -0.00201109 -0.00202182 -0.00203539
1.425 0 0 0 0 -0.000668554 -0.000665968 -0.000661563 -0.000657832 -0.00141181 -0.00141171 -0.00141093 -0.00141094 -0.00183041 -0.00184315 -0.00185388 -0.00186741
1.445 0 0 0 0 -0.000625375 -0.000622911 -0.000618506 -0.000614653 -0.0012254 -0.00122531 -0.00122453 -0.00122453 -0.00150821 -0.00152103 -0.00153176 -0.00154521
1.465 0 0 0 0 -0.000540926 -0.000538505 -0.0005341 -0.000530203 -0.000976475 -0.000976395 -0.000975615 -0.000975607 -0.00112581 -0.00113872 -0.00114945 -0.0011628
1.485 0 0 0 0 -0.000384809 -0.000382189 -0.000377784 -0.000374088 -0.000675543 -0.000675495 -0.000674716 -0.000674676 -0.000746487 -0.000759474 -0.000770204 -0.000783484
1.505 0 0 0 0 -0.000135724 -0.000132619 -0.000128215 -0.000125004 -0.000290014 -0.000290015 -0.000289235 -0.000289148 -0.000342842 -0.000355884 -0.000366614 -0.000379839
1.525 0 0 0 0 0.000125332 0.000128831 0.000133235 0.000136052 0.000148591 0.000148637 0.000149416 0.000149458 0.000107489 9.43635e-05 8.36338e-05 7.04924e-05
1.545 0 0 0 0 0.000373941 0.000377725 0.00038213 0.000384662 0.000624546 0.00062461 0.00062539 0.000625413 0.000671491 0.000658251 0.000647521 0.000634495
1.565 0 0 0 0 0.00063908 0.000643198 0.000647604 0.000649805 0.00116149 0.00116144 0.00116222 0.00116235 0.00139501 0.00138163 0.0013709 0.00135801
1.585 0 0 0 0 0.00083902 0.000843108 0.000847496 0.000849667 0.00167645 0.00167639 0.00167716 0.00167729 0.00213394 0.00212038 0.00210965 0.00209694
1.605 0 0 0 0 0.000993862 0.000997812 0.00100218 0.00100441 0.00211422 0.00211418 0.00211493 0.00211499 0.00276308 0.00274934 0.0027386 0.00272604
1.625 0 0 0 0 0.00108695 0.00109085 0.0010952 0.00109743 0.0023652 0.00236515 0.00236589 0.00236591 0.00312411 0.00311028 0.00309953 0.00308706
1.645 0 0 0 0 0.00108511 0.00108903 0.00109338 0.00109558 0.00235205 0.00235198 0.00235272 0.00235276 0.00310926 0.00309543 0.00308468 0.0030722
1.665 0 0 0 0 0.00099251 0.000996467 0.00100082 0.00100298 0.00209351 0.00209342 0.00209416 0.00209422 0.00273401 0.00272028 0.00270953 0.00269696
1.685 0 0 0 0 0.000803575 0.000807454 0.000811801 0.000814044 0.00163502 0.00163496 0.0016357 0.00163573 0.00208069 0.00206711 0.00205636 0.00204364
1.705 0 0 0 0 0.000535318 0.000538994 0.00054334 0.000545786 0.00104057 0.00104054 0.00104128 0.00104127 0.00127848 0.00126506 0.00125431 0.00124142
1.725 0 0 0 0 0.000221254 0.00022465 0.000228997 0.000231721 0.000387271 0.000387229 0.000387969 0.000387976 0.000450711 0.000437473 0.000426727 0.000413654
1.745 0 0 0 0 -0.000204634 -0.00020191 -0.000197563 -0.000194167 -0.000363615 -0.000363565 -0.000362825 -0.000362909 -0.000437764 -0.000450849 -0.000461596 -0.000474821
1.765 0 0 0 0 -0.000715815 -0.000713923 -0.000709574 -0.000705337 -0.00124036 -0.00124023 -0.00123948 -0.00123965 -0.00143813 -0.00145104 -0.00146179 -0.00147518
1.785 0 0 0 0 -0.0011115 -0.00110987 -0.00110554 -0.00110112 -0.00208425 -0.00208428 -0.00208354 -0.00208354 -0.00245319 -0.00246587 -0.00247661 -0.00249025
1.805 0 0 0 0 -0.00127726 -0.00127536 -0.00127107 -0.00126705 -0.00265989 -0.0026601 -0.00265939 -0.00265929 -0.00330814 -0.00332057 -0.00333133 -0.00334522
1.825 0 0 0 0 -0.00126485 -0.00126268 -0.00125841 -0.00125471 -0.0028438 -0.00284388 -0.00284319 -0.00284331 -0.00379771 -0.00381004 -0.0038208 -0.00383485
1.845 0 0 0 0 -0.00114882 -0.00114655 -0.00114229 -0.00113868 -0.00266542 -0.0026653 -0.00266462 -0.00266496 -0.00372127 -0.00373363 -0.0037444 -0.00375842
1.865 0 0 0 0 -0.000966615 -0.000964262 -0.000959993 -0.000956478 -0.00220505 -0.00220503 -0.00220435 -0.0022046 -0.00302032 -0.00303283 -0.0030436 -0.00305747
1.885 0 0 0 0 -0.000857214 -0.000855272 -0.000851002 -0.000847076 -0.00165429 -0.00165436 -0.00165368 -0.00165384 -0.00200993 -0.00202271 -0.00203348 -0.00204709
1.905 0 0 0 0 -0.000692338 -0.0006907 -0.00068643 -0.000682203 -0.00103627 -0.00103638 -0.0010357 -0.00103583 -0.000972807 -0.000985849 -0.00099662 -0.00100996
1.925 0 0 0 0 -0.000341531 -0.000339452 -0.000335182 -0.000331399 -0.00035281 -0.000352989 -0.000352312 -0.000352365 -0.000109317 -0.000122525 -0.000133297 -0.000146474
1.945 0 0 0 0 9.98458e-05 0.000102751 0.00010702 0.000109978 0.000303873 0.00030375 0.000304427 0.000304317 0.000483867 0.000470572 0.0004598 0.00044671
1.965 0 0 0 0 0.000547953 0.000551784 0.000556056 0.000558095 0.000919306 0.000919232 0.000919909 0.000919749 0.000982872 0.000969522 0.00095875 0.000945715
1.985 0 0 0 0 0.000990399 0.000995137 0.000999407 0.00100053 0.00158988 0.00158967 0.00159035 0.00159032 0.0016921 0.00167866 0.00166789 0.00165494
2.005 0 0 0 0 0.00128455 0.00128945 0.00129373 0.00129471 0.00227644 0.00227622 0.0022769 0.00227689 0.00263692 0.00262327 0.00261249 0.00259976
2.025 0 0 0 0 0.00132321 0.00132726 0.0013315 0.00133324 0.00277888 0.00277883 0.00277951 0.00277932 0.00354485 0.00353091 0.00352013 0.00350769
2.045 0 0 0 0 0.00129885 0.00130237 0.00130659 0.00130879 0.00302825 0.00302801 0.00302864 0.0030285 0.00416501 0.00415085 0.00414007 0.00412779
2.065 0 0 0 0 0.00138595 0.0013899 0.00139412 0.00139588 0.00310743 0.00310686 0.00310748 0.00310765 0.00432852 0.00431438 0.00430359 0.00429128
2.085 0 0 0 0 0.00142872 0.00143298 0.0014372 0.00143865 0.00298587 0.00298548 0.0029861 0.00298609 0.00391404 0.0039 0.00388921 0.0038768
2.105 0 0 0 0 0.00117259 0.00117636 0.00118058 0.00118252 0.00243163 0.00243177 0.00243239 0.00243185 0.00293778 0.00292389 0.0029131 0.00290054
2.125 0 0 0 0 0.000575367 0.000578412 0.000582632 0.000585288 0.00128226 0.00128241 0.00128304 0.00128247 0.00154338 0.00152976 0.00151897 0.00150614
2.145 0 0 0 0 -0.000103805 -0.00010101 -9.67904e-05 -9.38851e-05 -0.000155687 -0.000156146 -0.000155527 -0.000155479 -1.81386e-05 -3.13356e-05 -4.21267e-05 -5.53806e-05
2.165 0 0 0 0 -0.000578102 -0.000575302 -0.000571077 -0.000568167 -0.0012948 -0.00129554 -0.00129492 -0.00129458 -0.00146324 -0.00147607 -0.00148686 -0.00150049
2.185 0 0 0 0 -0.00103423 -0.00103243 -0.00102821 -0.00102432 -0.00214614 -0.00214614 -0.00214552 -0.00214592 -0.00281887 -0.00283152 -0.00284231 -0.00285611
2.205 0 0 0 0 -0.00146522 -0.00146426 -0.00146003 -0.00145527 -0.00293112 -0.00293068 -0.00293005 -0.0029309 -0.00393723 -0.00394972 -0.00396051 -0.00397447
2.225 0 0 0 0 -0.00172716 -0.00172593 -0.00172177 -0.00171748 -0.00361095 -0.00361115 -0.00361054 -0.00361078 -0.00461567 -0.0046279 -0.0046387 -0.00465291
2.245 0 0 0 0 -0.00188883 -0.00188754 -0.0018834 -0.0018793 -0.00396983 -0.00397044 -0.00396983 -0.00396968 -0.00490304 -0.00491516 -0.00492595 -0.00494029
2.265 0 0 0 0 -0.00194698 -0.00194638 -0.00194223 -0.00193743 -0.00388004 -0.00388015 -0.00387954 -0.0038799 -0.00485486 -0.0048671 -0.0048779 -0.00489212
2.285 0 0 0 0 -0.00181284 -0.00181249 -0.00180835 -0.0018033 -0.00350792 -0.00350766 -0.00350705 -0.00350778 -0.00447865 -0.00449104 -0.00450184 -0.00451591
2.305 0 0 0 0 -0.00139671 -0.00139525 -0.00139111 -0.00138718 -0.00290683 -0.00290706 -0.00290646 -0.0029067 -0.00369945 -0.00371189 -0.00372268 -0.0037367
2.325 0 0 0 0 -0.000834275 -0.000831682 -0.000827544 -0.000824751 -0.00197587 -0.00197647 -0.00197587 -0.00197574 -0.00253827 -0.00255086 -0.00256166 -0.00257552
2.345 0 0 0 0 -0.000285693 -0.000282998 -0.000278857 -0.000276168 -0.000737018 -0.000737204 -0.000736606 -0.000736891 -0.00107292 -0.0010859 -0.0010967 -0.00111018
2.365 0 0 0 0 0.000321156 0.00032407 0.00032821 0.000330688 0.000648765 0.000648813 0.000649411 0.000648893 0.000683735 0.000670325 0.000659526 0.000646475
2.385 0 0 0 0 0.000879061 0.000882539 0.000886678 0.000888592 0.00187336 0.0018731 0.00187371 0.0018735 0.0024427 0.00242894 0.00241814 0.00240544
2.405 0 0 0 0 0.00128044 0.00128425 0.00128839 0.00128999 0.00281884 0.00281836 0.00281896 0.00281899 0.00385117 0.00383712 0.00382633 0.00381391
2.425 0 0 0 0 0.00152911 0.00153278 0.0015369 0.00153852 0.00345023 0.0034499 0.0034505 0.00345035 0.00466927 0.00465501 0.00464421 0.00463202
2.445 0 0 0 0 0.00167869 0.0016825 0.0016866 0.00168803 0.00368833 0.00368815 0.00368875 0.00368843 0.00484145 0.00482714 0.00481634 0.00480419
2.465 0 0 0 0 0.00183427 0.00183902 0.00184313 0.00184363 0.00364264 0.00364219 0.00364277 0.00364272 0.00460002 0.00458587 0.00457507 0.00456276
2.485 0 0 0 0 0.00178576 0.00179083 0.00179494 0.00179511 0.00334189 0.00334142 0.003342 0.00334197 0.00406171 0.00404771 0.0040369 0.00402444
2.505 0 0 0 0 0.00133213 0.00133608 0.00134018 0.00134146 0.00266458 0.00266452 0.0026651 0.00266465 0.00322411 0.00321018 0.00319938 0.00318684
2.525 0 0 0 0 0.000711628 0.000714541 0.00071864 0.000720959 0.00165528 0.00165518 0.00165576 0.00165535 0.00219197 0.00217821 0.00216741 0.0021547
2.545 0 0 0 0 0.000111632 0.000114134 0.000118234 0.000120962 0.000461816 0.000461286 0.000461869 0.000461885 0.000917759 0.000904328 0.000893526 0.000880493
2.565 0 0 0 0 -0.000395032 -0.000392843 -0.000388742 -0.000385688 -0.000674587 -0.000675118 -0.000674536 -0.000674517 -0.000597743 -0.000610837 -0.000621641 -0.000635014
2.585 0 0 0 0 -0.00070645 -0.000704349 -0.00070022 -0.000697081 -0.00154695 -0.00154713 -0.00154655 -0.00154687 -0.00206072 -0.00207351 -0.00208431 -0.00209799
2.605 0 0 0 0 -0.000876808 -0.000874495 -0.000870399 -0.000867486 -0.0021604 -0.00216044 -0.00215985 -0.00216032 -0.00312589 -0.00313842 -0.00314922 -0.00316316
2.625 0 0 0 0 -0.00107643 -0.00107423 -0.00107014 -0.00106711 -0.00258637 -0.00258652 -0.00258593 -0.00258629 -0.00362646 -0.00363886 -0.00364966 -0.00366372
2.645 0 0 0 0 -0.00131518 -0.00131367 -0.00130957 -0.00130585 -0.00278434 -0.00278459 -0.002784 -0.00278426 -0.0035834 -0.00359586 -0.00360666 -0.00362067
2.665 0 0 0 0 -0.00142659 -0.00142574 -0.00142164 -0.00141725 -0.00268363 -0.0026839 -0.00268331 -0.00268355 -0.00316967 -0.00318227 -0.00319307 -0.00320694
2.685 0 0 0 0 -0.00129281 -0.001292 -0.0012879 -0.00128347 -0.00231182 -0.00231207 -0.00231149 -0.00231174 -0.00262638 -0.00263912 -0.00264992 -0.00266364
2.705 0 0 0 0 -0.00103447 -0.00103333 -0.00102923 -0.00102514 -0.00186552 -0.00186566 -0.00186507 -0.00186545 -0.00219207 -0.0022049 -0.0022157 -0.00222934
2.725 0 0 0 0 -0.000838719 -0.000837298 -0.000833201 -0.000829394 -0.00156216 -0.00156215 -0.00156157 -0.00156209 -0.00195844 -0.00197132 -0.00198213 -0.00199571
2.745 0 0 0 0 -0.000759693 -0.000758044 -0.000753947 -0.000750368 -0.00146637 -0.00146643 -0.00146585 -0.00146629 -0.00185682 -0.0018697 -0.0018805 -0.00189409
2.765 0 0 0 0 -0.000682233 -0.000680209 -0.000676112 -0.000672909 -0.00139703 -0.00139737 -0.00139678 -0.00139696 -0.00171687 -0.00172973 -0.00174053 -0.00175414
2.785 0 0 0 0 -0.000490383 -0.00048793 -0.000483832 -0.000481058 -0.00111019 -0.00111064 -0.00111005 -0.00111012 -0.0013882 -0.00140109 -0.0014119 -0.00142547
2.805 0 0 0 0 -1.04036e-05 -7.10797e-06 -3.01077e-06 -1.0782e-06 -0.000345752 -0.000346207 -0.000345622 -0.00034568 -0.000605462 -0.000618477 -0.00062928 -0.000642731
2.825 0 0 0 0 0.000679721 0.000683969 0.000688071 0.000689063 0.000889581 0.000889209 0.000889793 0.000889651 0.000759348 0.000746066 0.000735262 0.000722077
2.845 0 0 0 0 0.000986571 0.000990129 0.000994227 0.000995897 0.00193108 0.00193118 0.00193177 0.00193116 0.00219943 0.0021857 0.00217489 0.00216216
2.865 0 0 0 0 0.00101365 0.0010164 0.00102049 0.00102297 0.0025049 0.00250489 0.00250549 0.00250499 0.00341253 0.00339847 0.00338767 0.00337527
2.885 0 0 0 0 0.000998692 0.00100149 0.00100558 0.00100802 0.00264132 0.00264069 0.00264128 0.0026414 0.00402067 0.00400652 0.00399571 0.00398339
2.905 0 0 0 0 0.00102393 0.00102707 0.00103117 0.00103327 0.00253226 0.00253155 0.00253214 0.00253233 0.00378227 0.0037682 0.0037574 0.00374498
2.925 0 0 0 0 0.00111179 0.00111545 0.00111955 0.00112113 0.00230343 0.00230321 0.00230379 0.00230349 0.00291757 0.0029037 0.00289289 0.00288027
2.945 0 0 0 0 0.00116365 0.00116811 0.00117221 0.001173 0.00192016 0.00192012 0.0019207 0.00192021 0.00193077 0.00191716 0.00190636 0.00189346
2.965 0 0 0 0 0.000955836 0.000960474 0.000964572 0.000965171 0.00134184 0.00134157 0.00134216 0.00134189 0.0011799 0.00116651 0.0011557 0.00114259
2.985 0 0 0 0 0.000476253 0.000479905 0.000484004 0.000485586 0.000710149 0.00070972 0.000710301 0.000710202 0.00075839 0.000745048 0.000734239 0.000721083
3.005 0 0 0 0 -1.07703e-05 -8.46081e-06 -4.3614e-06 -1.43485e-06 0.000206564 0.000206161 0.000206741 0.000206617 0.000528022 0.000514633 0.000503824 0.000490715
3.025 0 0 0 0 -0.000211357 -0.000209464 -0.000205364 -0.000202021 -7.30288e-05 -7.34492e-05 -7.28694e-05 -7.29769e-05 0.000295101 0.00028174 0.000270931 0.000257795
3.045 0 0 0 0 4.844e-05 5.14114e-05 5.55117e-05 5.77765e-05 3.29605e-05 3.23843e-05 3.29641e-05 3.30127e-05 0.000142801 0.000129573 0.000118764 0.000105495
3.065 0 0 0 0 0.000482949 0.000487034 0.000491134 0.000492287 0.000467833 0.000467448 0.00046803 0.00046789 0.000215329 0.000202145 0.000191336 0.000178024
3.085 0 0 0 0 0.000586426 0.000590084 0.000594184 0.000595764 0.000806067 0.000806237 0.000806818 0.000806123 0.000485677 0.000472336 0.000461527 0.000448371
3.105 0 0 0 0 0.000399239 0.000402048 0.000406149 0.000408578 0.000846765 0.000846816 0.000847396 0.000846821 0.000951617 0.000938114 0.000927305 0.000914311
3.125 0 0 0 0 0.000131501 0.000133789 0.000137889 0.000140836 0.000656088 0.000655496 0.000656074 0.000656141 0.00131671 0.00130315 0.00129234 0.00127941
3.145 0 0 0 0 -9.40172e-05 -9.22612e-05 -8.81621e-05 -8.46841e-05 0.000389562 0.000388927 0.000389507 0.000389616 0.00116574 0.00115218 0.00114138 0.00112844
3.165 0 0 0 0 -0.000210469 -0.000208943 -0.000204844 -0.000201134 4.40313e-05 4.39385e-05 4.45185e-05 4.40851e-05 0.000382113 0.000368667 0.000357859 0.000344809
3.185 0 0 0 0 -0.000290734 -0.000288673 -0.000284573 -0.000281397 -0.000540515 -0.000540398 -0.000539818 -0.00054046 -0.000808516 -0.000821661 -0.00083247 -0.000845822
3.205 0 0 0 0 -0.000535225 -0.000532626 -0.000528524 -0.000525883 -0.00139868 -0.00139883 -0.00139825 -0.00139862 -0.00206667 -0.00207945 -0.00209026 -0.00210398
3.225 0 0 0 0 -0.00105889 -0.00105691 -0.00105282 -0.00104957 -0.00237356 -0.00237381 -0.00237323 -0.0023735 -0.00316588 -0.00317843 -0.00318924 -0.00320319
3.245 0 0 0 0 -0.00166139 -0.00166071 -0.00165661 -0.00165204 -0.00323791 -0.00323804 -0.00323745 -0.00323784 -0.00399911 -0.00401156 -0.00402237 -0.00403641
3.265 0 0 0 0 -0.00195615 -0.00195586 -0.00195175 -0.0019468 -0.00374447 -0.00374474 -0.00374415 -0.0037444 -0.00448769 -0.00450004 -0.00451085 -0.00452499
3.285 0 0 0 0 -0.00167346 -0.00167202 -0.00166792 -0.00166412 -0.0035659 -0.00356651 -0.00356592 -0.00356583 -0.00443788 -0.00445012 -0.00446093 -0.00447518
3.305 0 0 0 0 -0.000777191 -0.000773758 -0.000769663 -0.000767876 -0.00237091 -0.00237158 -0.002371 -0.00237085 -0.00343992 -0.00345224 -0.00346305 -0.00347722
3.325 0 0 0 0 0.000584659 0.000590122 0.000594227 0.000594001 -4.60713e-05 -4.6531e-05 -4.59567e-05 -4.60352e-05 -0.00100827 -0.00102105 -0.00103186 -0.00104557
3.345 0 0 0 0 0.00162059 0.00162588 0.00162998 0.00162992 0.00257225 0.0025724 0.00257298 0.0025723 0.00242308 0.0024094 0.00239859 0.00238577
3.365 0 0 0 0 0.00216835 0.00217219 0.00217622 0.0021773 0.00474574 0.0047458 0.00474637 0.00474575 0.00608885 0.0060742 0.0060634 0.00605154
3.385 0 0 0 0 0.0028066 0.00281034 0.00281415 0.00281455 0.00655025 0.00654865 0.00654889 0.00654892 0.00930516 0.0092897 0.00927877 0.00926742
3.405 0 0 0 0 0.00356434 0.00356857 0.00357215 0.00357121 0.0080313 0.00802921 0.00802927 0.00802926 0.0112128 0.0111969 0.0111859 0.0111749
3.425 0 0 0 0 0.0042447 0.00424951 0.00425289 0.00425087 0.00899356 0.00899246 0.00899255 0.00899157 0.0115972 0.0115811 0.0115702 0.0115593
3.445 0 0 0 0 0.00451695 0.00452281 0.00452623 0.00452327 0.00895885 0.00895825 0.00895833 0.00895683 0.0108099 0.0107941 0.0107831 0.010772
3.465 0 0 0 0 0.00401228 0.00401833 0.00402175 0.00401853 0.00767607 0.00767493 0.007675 0.007674 0.00922618 0.00921079 0.00919982 0.00918824
3.485 0 0 0 0 0.00264448 0.00264848 0.00265187 0.00265056 0.00537105 0.00536953 0.00536959 0.00536895 0.0069159 0.00690095 0.00688998 0.00687795
3.505 0 0 0 0 0.000800174 0.000800733 0.000804091 0.000806088 0.00241122 0.00241 0.00241004 0.00240909 0.00373249 0.00371802 0.00370705 0.00369454
3.525 0 0 0 0 -0.000923265 -0.000924722 -0.000921346 -0.000917184 -0.000899823 -0.000900871 -0.000900825 -0.000901962 -0.000344274 -0.000357957 -0.000368934 -0.000382242
3.545 0 0 0 0 -0.00227409 -0.00227581 -0.0022725 -0.00226819 -0.00426507 -0.00426619 -0.00426612 -0.00426705 -0.00501804 -0.00503058 -0.00504154 -0.00505595
3.565 0 0 0 0 -0.00345038 -0.00345272 -0.00344974 -0.0034463 -0.00739872 -0.00740009 -0.00740031 -0.00740195 -0.00967004 -0.00968157 -0.00969262 -0.00970827
3.585 0 0 0 0 -0.00466346 -0.00466701 -0.00466458 -0.00466054 -0.0101118 -0.0101132 -0.0101139 -0.0101167 -0.0135239 -0.0135347 -0.0135459 -0.0135625
3.605 0 0 0 0 -0.00584105 -0.00584381 -0.00584146 -0.00583507 -0.012246 -0.0122475 -0.0122482 -0.012251 -0.0160014 -0.0160118 -0.016023 -0.0160402
3.625 0 0 0 0 -0.0068296 -0.00683087 -0.00682847 -0.00681929 -0.0136489 -0.0136506 -0.0136512 -0.0136533 -0.0171022 -0.0171125 -0.0171237 -0.0171411
3.645 0 0 0 0 -0.00740067 -0.00740201 -0.00739934 -0.00738771 -0.014124 -0.0141255 -0.0141261 -0.0141282 -0.0171714 -0.0171818 -0.017193 -0.0172103
3.665 0 0 0 0 -0.00726987 -0.00727205 -0.00726937 -0.00725733 -0.0136048 -0.013606 -0.0136065 -0.0136091 -0.0164925 -0.0165031 -0.0165143 -0.0165314
3.685 0 0 0 0 -0.00634356 -0.00634478 -0.00634223 -0.00633241 -0.0122137 -0.012215 -0.0122156 -0.0122182 -0.0151154 -0.0151262 -0.0151374 -0.0151543
3.705 0 0 0 0 -0.00481561 -0.00481488 -0.00481243 -0.00480643 -0.00996525 -0.00996712 -0.00996778 -0.00997002 -0.0127965 -0.0128076 -0.0128188 -0.0128354
3.725 0 0 0 0 -0.00307101 -0.00306943 -0.00306708 -0.00306438 -0.00688721 -0.00688929 -0.00689004 -0.00689239 -0.00928463 -0.00929638 -0.00930762 -0.00932359
3.745 0 0 0 0 -0.00133733 -0.00133637 -0.0013341 -0.00133354 -0.00319245 -0.00319451 -0.00319539 -0.00319815 -0.00456824 -0.00458107 -0.00459234 -0.00460725
3.765 0 0 0 0 0.000370835 0.000370645 0.000372624 0.00037145 0.000757484 0.00075511 0.000754161 0.00075148 0.000920728 0.000906682 0.000895415 0.000881722
3.785 0 0 0 0 0.00216906 0.00216946 0.00217104 0.00216715 0.0047508 0.00474779 0.00474676 0.00474459 0.00648752 0.00647237 0.00646117 0.00644869
3.805 0 0 0 0 0.00428037 0.00428334 0.00428508 0.00427873 0.00886814 0.00886481 0.00886394 0.00886224 0.0116853 0.0116691 0.0116578 0.0116463
3.825 0 0 0 0 0.00660308 0.00661053 0.0066117 0.00660634 0.0130129 0.0130096 0.0130086 0.0130064 0.0163412 0.016324 0.0163128 0.0163022
3.845 0 0 0 0 0.00827788 0.00829176 0.00829405 0.00829945 0.0161729 0.0161716 0.016171 0.0161688 0.019851 0.0198328 0.0198216 0.0198118
3.865 0 0 0 0 0.00902029 0.00903979 0.00904306 0.00905731 0.0176981 0.0176978 0.0176977 0.0176967 0.0218911 0.0218723 0.0218611 0.0218519
3.885 0 0 0 0 0.00888689 0.00890617 0.00890916 0.00892348 0.0175901 0.0175894 0.0175893 0.0175895 0.0222237 0.0222048 0.0221935 0.0221842
3.905 0 0 0 0 0.00779689 0.00781296 0.00781585 0.00783004 0.0158907 0.01589 0.0158898 0.0158895 0.0204053 0.0203867 0.0203754 0.0203658
3.925 0 0 0 0 0.00594423 0.00595497 0.00595762 0.00597022 0.0126109 0.0126102 0.0126097 0.0126081 0.0163027 0.0162848 0.0162735 0.0162632
3.945 0 0 0 0 0.00370133 0.00370693 0.00370908 0.00371682 0.00793558 0.00793373 0.0079327 0.00793031 0.0102964 0.0102798 0.0102684 0.0102566
3.965 0 0 0 0 0.00123778 0.00123873 0.00124047 0.00124233 0.00240672 0.00240302 0.00240136 0.00239863 0.0031015 0.0030867 0.00307517 0.00306161
3.985 0 0 0 0 -0.00150511 -0.00150633 -0.00150532 -0.00150755 -0.00336731 -0.00337099 -0.00337279 -0.00337657 -0.00448011 -0.0044933 -0.00450482 -0.00451995
4.005 0 0 0 0 -0.00426429 -0.00426711 -0.00426619 -0.00426353 -0.00882077 -0.00882384 -0.00882537 -0.00882944 -0.0115082 -0.0115199 -0.0115314 -0.0115478
4.025 0 0 0 0 -0.0064846 -0.00648753 -0.00648682 -0.00648111 -0.0132923 -0.0132954 -0.013297 -0.0133006 -0.0170459 -0.0170564 -0.017068 -0.0170857
4.045 0 0 0 0 -0.00777084 -0.00776427 -0.00776268 -0.00775264 -0.0161033 -0.016106 -0.016107 -0.0161081 -0.0204619 -0.0204714 -0.0204828 -0.0205017
4.065 0 0 0 0 -0.00797863 -0.00796764 -0.00796612 -0.00795547 -0.0167794 -0.0167817 -0.0167824 -0.0167821 -0.0213843 -0.0213935 -0.0214048 -0.0214241
4.085 0 0 0 0 -0.00726535 -0.0072558 -0.0072544 -0.00724488 -0.0153152 -0.0153172 -0.015318 -0.0153185 -0.0197447 -0.0197543 -0.0197657 -0.0197845
4.105 0 0 0 0 -0.00577313 -0.0057667 -0.0057656 -0.00575853 -0.0120942 -0.0120963 -0.0120974 -0.0120993 -0.0157047 -0.0157153 -0.0157267 -0.0157445
4.125 0 0 0 0 -0.00360416 -0.00360114 -0.00360036 -0.0035976 -0.00756611 -0.00756933 -0.00757093 -0.00757363 -0.0097076 -0.00971966 -0.00973125 -0.00974781
4.145 0 0 0 0 -0.00102511 -0.00102385 -0.00102283 -0.00102468 -0.00216649 -0.00217059 -0.00217275 -0.00217623 -0.00258229 -0.00259595 -0.00260756 -0.00262251
4.165 0 0 0 0 0.00166353 0.0016644 0.00166632 0.00166974 0.00357085 0.00356703 0.00356521 0.00356198 0.00472908 0.0047137 0.00470199 0.00468866
4.185 0 0 0 0 0.00422141 0.00422784 0.00422983 0.00423781 0.00890014 0.00889797 0.00889674 0.00889358 0.0113834 0.0113665 0.011355 0.0113434
4.205 0 0 0 0 0.00628309 0.0062944 0.00629644 0.00630759 0.0129617 0.0129601 0.0129591 0.0129567 0.016534 0.0165159 0.0165044 0.0164937
4.225 0 0 0 0 0.00756789 0.00758256 0.00758469 0.00759712 0.0153559 0.0153542 0.0153533 0.0153517 0.0196195 0.019601 0.0195896 0.0195797
4.245 0 0 0 0 0.00821386 0.00823059 0.00823291 0.00824548 0.0163413 0.0163395 0.0163388 0.0163377 0.0207064 0.0206876 0.0206761 0.0206663
4.265 0 0 0 0 0.00800946 0.00802564 0.00802794 0.00804008 0.0158286 0.0158271 0.0158263 0.0158245 0.0197742 0.0197557 0.0197443 0.0197344
4.285 0 0 0 0 0.00697663 0.00699015 0.00699225 0.00700273 0.0137869 0.0137852 0.0137842 0.0137818 0.0171032 0.0170851 0.0170736 0.0170631
4.305 0 0 0 0 0.00521797 0.00522728 0.00522898 0.00523618 0.0103481 0.0103454 0.010344 0.0103413 0.0129783 0.0129612 0.0129497 0.0129382
4.325 0 0 0 0 0.00291072 0.00291436 0.00291561 0.00291893 0.00591848 0.00591468 0.0059129 0.00590976 0.00766075 0.00764478 0.00763316 0.00762048
4.345 0 0 0 0 0.000334204 0.00033385 0.000335413 0.000337586 0.000982171 0.000978293 0.000976161 0.000972429 0.00150435 0.00148965 0.00147798 0.00146402
4.365 0 0 0 0 -0.00225541 -0.0022557 -0.00225499 -0.0022539 -0.00417003 -0.00417286 -0.00417477 -0.00417879 -0.0050678 -0.00508116 -0.0050928 -0.00510808
4.385 0 0 0 0 -0.00485323 -0.00484999 -0.0048487 -0.00484185 -0.00944009 -0.00944246 -0.00944378 -0.0094465 -0.0117259 -0.0117377 -0.0117491 -0.0117658
4.405 0 0 0 0 -0.00758054 -0.00757425 -0.00757273 -0.00756027 -0.014734 -0.0147356 -0.0147365 -0.0147381 -0.0182551 -0.0182655 -0.0182769 -0.0182951
4.425 0 0 0 0 -0.0101811 -0.0101555 -0.0101538 -0.0101254 -0.0195761 -0.0195761 -0.0195763 -0.0195765 -0.024166 -0.0241751 -0.0241864 -0.0242059
4.445 0 0 0 0 -0.0122298 -0.0121587 -0.0121525 -0.0120967 -0.0231874 -0.0231822 -0.0231794 -0.0231746 -0.0285761 -0.028584 -0.0285948 -0.0286152
4.465 0 0 0 0 -0.0133307 -0.013242 -0.0132449 -0.0131954 -0.0250061 -0.0249974 -0.0249911 -0.0249814 -0.0306731 -0.0306802 -0.0306912 -0.0307126
4.485 0 0 0 0 -0.0133464 -0.0132598 -0.0132599 -0.0132069 -0.0245261 -0.0245177 -0.0245126 -0.0245048 -0.0299149 -0.0299224 -0.0299328 -0.0299533
4.505 0 0 0 0 -0.0114347 -0.0113605 -0.0113613 -0.0113186 -0.0211049 -0.0210986 -0.0210943 -0.0210877 -0.0256882 -0.0256968 -0.025708 -0.0257283
4.525 0 0 0 0 -0.00752042 -0.00746777 -0.00746988 -0.00744587 -0.0145877 -0.0145851 -0.0145829 -0.0145786 -0.0180158 -0.0180258 -0.0180368 -0.0180554
4.545 0 0 0 0 -0.00339275 -0.00337032 -0.00337322 -0.00336782 -0.00665648 -0.00665602 -0.0066557 -0.00665646 -0.00859953 -0.00861217 -0.00862411 -0.00864085
4.565 0 0 0 0 0.000964488 0.000963411 0.000962422 0.000963792 0.00199094 0.00198846 0.00198656 0.00198191 0.00210684 0.00209162 0.00207951 0.00206535
4.585 0 0 0 0 0.00527748 0.00528451 0.00528321 0.00528661 0.0103666 0.0103631 0.0103611 0.0103573 0.012991 0.0129739 0.0129622 0.0129505
4.605 0 0 0 0 0.00901149 0.00902791 0.00902813 0.00903927 0.0178558 0.0178531 0.0178515 0.0178498 0.0227449 0.0227256 0.0227139 0.0227043
4.625 0 0 0 0 0.0118035 0.0118616 0.0118715 0.0119587 0.0238452 0.0238552 0.0238597 0.0238693 0.030178 0.0301566 0.0301455 0.030138
4.645 0 0 0 0 0.0140513 0.0140939 0.0140591 0.0146445 0.027901 0.0279256 0.0279465 0.0279773 0.0346025 0.0345801 0.0345692 0.0345614
4.665 0 0 0 0 0.0159286 0.016009 0.0159932 0.0167291 0.0299184 0.029943 0.0299655 0.0300001 0.0358068 0.0357844 0.0357715 0.0357609
4.685 0 0 0 0 0.0169195 0.0170188 0.0170577 0.0178178 0.0295127 0.0295387 0.0295698 0.029609 0.0340824 0.0340605 0.0340483 0.0340377
4.705 0 0 0 0 0.0162193 0.016314 0.0163535 0.0170715 0.0265661 0.0265855 0.0266146 0.0266527 0.0299634 0.029943 0.0299295 0.0299159
4.725 0 0 0 0 0.0133827 0.0134493 0.0134677 0.0141059 0.0215745 0.0215886 0.0216122 0.0216435 0.0241147 0.0240949 0.0240813 0.0240673
4.745 0 0 0 0 0.00912278 0.00915907 0.0091677 0.00972417 0.0152156 0.0152269 0.0152466 0.0152715 0.0172283 0.0172096 0.0171958 0.0171808
4.765 0 0 0 0 0.00453613 0.00454528 0.00455117 0.00500991 0.00800201 0.0080091 0.0080256 0.00804542 0.00956761 0.00954974 0.00953536 0.00951928
4.785 0 0 0 0 0.000327917 0.000333821 0.000334812 0.000666979 0.0006288 0.000631512 0.000643817 0.000658645 0.00125485 0.00123857 0.00122369 0.00120592
4.805 0 0 0 0 -0.00343493 -0.00341064 -0.00341133 -0.0032271 -0.00621522 -0.00621541 -0.00620987 -0.00620438 -0.00733151 -0.00734587 -0.0073599 -0.00737821
4.825 0 0 0 0 -0.00672492 -0.00668284 -0.00668614 -0.00664949 -0.0122955 -0.012295 -0.0122954 -0.0122967 -0.015351 -0.0153625 -0.0153739 -0.0153917
4.845 0 0 0 0 -0.0094168 -0.00935348 -0.00935352 -0.00929327 -0.0175623 -0.0175588 -0.0175559 -0.0175527 -0.0218402 -0.0218504 -0.0218622 -0.0218819
4.865 0 0 0 0 -0.0115345 -0.0114584 -0.0114601 -0.0113812 -0.0215113 -0.0215079 -0.0215047 -0.0214989 -0.0262687 -0.0262772 -0.0262882 -0.0263088
4.885 0 0 0 0 -0.0132073 -0.013119 -0.0131152 -0.0130172 -0.0235716 -0.0235684 -0.0235662 -0.0235616 -0.0284418 -0.0284508 -0.0284627 -0.0284837
4.905 0 0 0 0 -0.0140024 -0.0139216 -0.0139192 -0.0138186 -0.0235245 -0.0235199 -0.0235182 -0.0235168 -0.0281254 -0.0281346 -0.0281458 -0.0281657
4.925 0 0 0 0 -0.0129845 -0.0129117 -0.0129087 -0.0128166 -0.021295 -0.0212913 -0.0212899 -0.0212896 -0.0250417 -0.0250522 -0.0250641 -0.0250837
4.945 0 0 0 0 -0.00970697 -0.00964839 -0.00964737 -0.00958131 -0.0165043 -0.016505 -0.0165045 -0.0165032 -0.0191955 -0.0192064 -0.0192182 -0.0192371
4.965 0 0 0 0 -0.00566641 -0.00563145 -0.00563336 -0.00558819 -0.00984811 -0.00985073 -0.00985114 -0.00985177 -0.0117816 -0.0117944 -0.011807 -0.0118248
4.985 0 0 0 0 -0.00226213 -0.00224513 -0.00223771 -0.00211021 -0.00294161 -0.00293959 -0.00293613 -0.0029361 -0.00397238 -0.00398781 -0.00400154 -0.00401817
5.005 0 0 0 0 0.0012224 0.00123491 0.00124756 0.00145067 0.00361604 0.00361947 0.00362552 0.00363127 0.00431001 0.00429243 0.00427784 0.00426229
5.025 0 0 0 0 0.00471959 0.00475019 0.00476737 0.00504511 0.00937715 0.00938292 0.00939222 0.00940502 0.0120562 0.0120382 0.0120249 0.012011
5.045 0 0 0 0 0.00778852 0.0078359 0.00785497 0.00822742 0.0145376 0.0145471 0.0145602 0.0145796 0.0181953 0.0181765 0.0181636 0.0181505
5.065 0 0 0 0 0.0101217 0.0101809 0.0102025 0.010677 0.0188079 0.0188235 0.0188405 0.0188626 0.0222908 0.0222707 0.0222578 0.0222456
5.085 0 0 0 0 0.0116293 0.011697 0.0117214 0.0122588 0.0212478 0.0212663 0.0212856 0.0213093 0.024474 0.0244535 0.0244408 0.024429
5.105 0 0 0 0 0.012028 0.0120972 0.0121206 0.0126548 0.0212538 0.0212702 0.0212899 0.021316 0.0247473 0.024727 0.0247139 0.0247016
5.125 0 0 0 0 0.0108448 0.0109056 0.0109262 0.0114304 0.0190603 0.0190739 0.0190927 0.0191188 0.0227631 0.0227436 0.0227305 0.0227176
5.145 0 0 0 0 0.00830446 0.00834752 0.00836473 0.00882633 0.0152839 0.0152965 0.0153133 0.0153354 0.0184674 0.0184481 0.0184346 0.0184211
5.165 0 0 0 0 0.00528779 0.00531054 0.00532296 0.00572623 0.0102802 0.0102898 0.0103037 0.0103198 0.0123522 0.0123338 0.0123201 0.0123058
5.185 0 0 0 0 0.00250115 0.00250725 0.00251527 0.00284707 0.00445272 0.00445597 0.00446694 0.00448017 0.00522048 0.00520331 0.00518869 0.00517217
5.205 0 0 0 0 -7.99149e-05 -6.27418e-05 -5.83833e-05 0.000190535 -0.00139737 -0.00139685 -0.00138858 -0.00137919 -0.00210362 -0.00211904 -0.002134 -0.00215234
5.225 0 0 0 0 -0.00276488 -0.00273612 -0.00273527 -0.00257062 -0.0064295 -0.00643085 -0.00642664 -0.00642102 -0.00872225 -0.00873565 -0.00874947 -0.00876825
5.245 0 0 0 0 -0.00534564 -0.00530422 -0.00530295 -0.00521616 -0.0103206 -0.0103203 -0.0103191 -0.0103184 -0.0135926 -0.0136047 -0.0136169 -0.013635
5.265 0 0 0 0 -0.00724742 -0.00719724 -0.00719592 -0.00713459 -0.0130406 -0.0130407 -0.0130408 -0.0130413 -0.0161396 -0.0161514 -0.0161637 -0.0161823
5.285 0 0 0 0 -0.00824212 -0.00818782 -0.00818692 -0.00812124 -0.0143644 -0.014366 -0.0143661 -0.0143654 -0.0167216 -0.0167332 -0.0167452 -0.0167637
5.305 0 0 0 0 -0.0083416 -0.00828925 -0.00828681 -0.00822089 -0.0140305 -0.0140318 -0.0140317 -0.0140317 -0.0160425 -0.0160544 -0.0160666 -0.0160849
5.325 0 0 0 0 -0.00731412 -0.00726983 -0.00726744 -0.0072079 -0.0121077 -0.0121081 -0.0121082 -0.0121101 -0.0142591 -0.0142717 -0.014284 -0.0143017
5.345 0 0 0 0 -0.00521511 -0.00518151 -0.00518101 -0.00510288 -0.0090727 -0.0090736 -0.00907301 -0.00907371 -0.0112173 -0.0112304 -0.011243 -0.0112606
5.365 0 0 0 0 -0.00258344 -0.00256019 -0.00255943 -0.0024509 -0.00523226 -0.00523412 -0.00523219 -0.00523085 -0.00686494 -0.00687883 -0.00689212 -0.00690973
5.385 0 0 0 0 5.22801e-05 6.91863e-05 7.50086e-05 0.000227085 -0.000638013 -0.00063856 -0.000634248 -0.000629879 -0.00135583 -0.00137126 -0.00138551 -0.00140275
5.405 0 0 0 0 0.00253876 0.00255254 0.00256383 0.00277742 0.00440342 0.00440485 0.00441139 0.00441951 0.00488545 0.00486869 0.00485468 0.00483884
5.425 0 0 0 0 0.00499938 0.00502827 0.00504356 0.00532719 0.00939275 0.0093986 0.00940775 0.00941927 0.0112465 0.0112288 0.0112158 0.0112019
5.445 0 0 0 0 0.00732389 0.0073677 0.00738716 0.00775433 0.0138465 0.0138567 0.0138694 0.0138864 0.0168617 0.0168428 0.0168296 0.0168164
5.465 0 0 0 0 0.00930287 0.00935758 0.00937834 0.0098192 0.0173896 0.0174034 0.0174191 0.0174402 0.0210091 0.0209895 0.0209767 0.0209644
5.485 0 0 0 0 0.0107547 0.0108172 0.0108397 0.0113339 0.0196769 0.0196928 0.0197108 0.0197346 0.0233588 0.0233387 0.0233257 0.0233135
5.505 0 0 0 0 0.0114112 0.0114773 0.0115003 0.012009 0.0203645 0.0203803 0.0203989 0.0204234 0.0238329 0.0238129 0.0237999 0.0237877
5.525 0 0 0 0 0.0109536 0.0110161 0.0110378 0.0115315 0.0192715 0.0192858 0.0193038 0.0193277 0.0224521 0.0224324 0.0224194 0.0224066
5.545 0 0 0 0 0.00926653 0.009317 0.00933555 0.00979438 0.0164444 0.0164567 0.0164733 0.0164948 0.0192732 0.019254 0.0192407 0.0192274
5.565 0 0 0 0 0.00666095 0.00669299 0.0067069 0.00711285 0.0121389 0.0121484 0.0121628 0.0121807 0.0144518 0.0144333 0.0144198 0.0144056
5.585 0 0 0 0 0.00363971 0.0036533 0.0036629 0.00400922 0.00677529 0.00677993 0.00679149 0.00680584 0.008262 0.00824445 0.00823039 0.00821484
5.605 0 0 0 0 0.000534358 0.000545007 0.000548995 0.000820745 0.000886039 0.000887915 0.000897344 0.000908349 0.00113958 0.00112314 0.00110821 0.00109083
5.625 0 0 0 0 -0.0025261 -0.00250377 -0.00250188 -0.0023105 -0.00487743 -0.00487763 -0.00487239 -0.00486763 -0.00616195 -0.00617656 -0.00619091 -0.00620917
5.645 0 0 0 0 -0.00544064 -0.00540077 -0.0053998 -0.00530979 -0.0100503 -0.0100508 -0.0100497 -0.010049 -0.012711 -0.0127233 -0.0127353 -0.0127531
5.665 0 0 0 0 -0.00794381 -0.00788904 -0.00788745 -0.00781998 -0.0143653 -0.0143649 -0.0143644 -0.0143639 -0.0177196 -0.0177311 -0.0177436 -0.0177625
5.685 0 0 0 0 -0.00982192 -0.00975823 -0.00975801 -0.00968296 -0.017421 -0.0174206 -0.0174202 -0.0174186 -0.0208922 -0.0209026 -0.0209143 -0.0209334
5.705 0 0 0 0 -0.0109454 -0.0108769 -0.0108746 -0.0107933 -0.0188288 -0.0188275 -0.0188264 -0.0188247 -0.0222722 -0.0222826 -0.0222945 -0.022314
5.725 0 0 0 0 -0.011113 -0.0110466 -0.0110434 -0.0109606 -0.0185958 -0.0185935 -0.0185925 -0.0185921 -0.0219803 -0.0219911 -0.0220029 -0.0220219
5.745 0 0 0 0 -0.0102496 -0.0101891 -0.0101865 -0.0101108 -0.017078 -0.0170763 -0.0170756 -0.0170759 -0.020194 -0.0202053 -0.0202173 -0.020236
5.765 0 0 0 0 -0.00851103 -0.00845873 -0.00845717 -0.00839491 -0.0144509 -0.0144511 -0.014451 -0.0144512 -0.0170837 -0.0170954 -0.0171075 -0.0171259
5.785 0 0 0 0 -0.00620668 -0.00616775 -0.00616797 -0.00611837 -0.0107027 -0.0107045 -0.0107049 -0.0107058 -0.0127817 -0.0127942 -0.0128066 -0.0128244
5.805 0 0 0 0 -0.00363887 -0.00361615 -0.00361438 -0.00351561 -0.00604942 -0.0060499 -0.0060478 -0.00604799 -0.00743828 -0.00745238 -0.00746552 -0.00748276
5.825 0 0 0 0 -0.00102934 -0.00101517 -0.00100818 -0.000859713 -0.00108052 -0.00107912 -0.00107468 -0.00107162 -0.00143073 -0.00144666 -0.00146077 -0.00147735
5.845 0 0 0 0 0.00161216 0.00162469 0.00163587 0.00183838 0.00371126 0.00371291 0.00371886 0.0037262 0.004698 0.00468094 0.00466671 0.00465102
5.865 0 0 0 0 0.00427686 0.00430425 0.00432005 0.00458171 0.00823915 0.00824356 0.008252 0.00826336 0.0103404 0.0103227 0.0103094 0.0102951
5.885 0 0 0 0 0.00683069 0.00687139 0.00688845 0.00722392 0.0125232 0.0125312 0.0125426 0.0125581 0.0150897 0.0150714 0.0150583 0.0150447
5.905 0 0 0 0 0.00906615 0.00911863 0.00913777 0.00954937 0.0162391 0.0162509 0.0162654 0.016284 0.0188583 0.0188391 0.018826 0.0188131
5.925 0 0 0 0 0.0107035 0.0107659 0.0107879 0.0112579 0.0188132 0.0188271 0.018844 0.0188657 0.0216292 0.0216096 0.0215967 0.021584
5.945 0 0 0 0 0.011571 0.0116376 0.01166 0.012156 0.0200723 0.0200864 0.0201047 0.0201294 0.023342 0.0233223 0.0233092 0.0232965
5.965 0 0 0 0 0.0115237 0.01159 0.0116122 0.0121101 0.0201546 0.0201688 0.0201871 0.0202125 0.0237515 0.0237317 0.0237188 0.0237062
5.985 0 0 0 0 0.0106719 0.0107325 0.010754 0.0112429 0.0191694 0.0191842 0.0192021 0.0192259 0.022685 0.0226651 0.022652 0.0226395
6.005 0 0 0 0 0.00935072 0.0094018 0.00942111 0.00988499 0.0170546 0.0170684 0.0170851 0.0171065 0.020173 0.0201535 0.0201404 0.0201276
6.025 0 0 0 0 0.00784131 0.00788134 0.00789712 0.00831952 0.013919 0.0139292 0.0139443 0.0139639 0.0164335 0.0164148 0.0164013 0.0163874
6.045 0 0 0 0 0.00607641 0.0061035 0.00611469 0.00648684 0.0100855 0.010091 0.0101042 0.0101215 0.0117049 0.0116872 0.0116735 0.0116582
6.065 0 0 0 0 0.00386609 0.00387938 0.0038876 0.00421337 0.005842 0.00584461 0.00585556 0.00586938 0.0063226 0.00630583 0.00629165 0.0062752
6.085 0 0 0 0 0.00125967 0.00127145 0.00127634 0.00154935 0.00135823 0.00136069 0.00136997 0.0013797 0.000818976 0.000802849 0.000788087 0.000770597
6.105 0 0 0 0 -0.00144646 -0.00142936 -0.00142678 -0.00120862 -0.0030618 -0.00306061 -0.00305403 -0.00304823 -0.00422468 -0.00423986 -0.00425448 -0.00427258
6.125 0 0 0 0 -0.00391604 -0.003888 -0.00388744 -0.00373488 -0.00695047 -0.00695116 -0.00694764 -0.00694459 -0.00842465 -0.00843853 -0.00845189 -0.00846973
6.145 0 0 0 0 -0.00591057 -0.00587205 -0.00587048 -0.00577873 -0.0100239 -0.0100252 -0.0100243 -0.0100241 -0.0117556 -0.0117685 -0.011781 -0.0117987
6.165 0 0 0 0 -0.00732622 -0.00728097 -0.00728058 -0.00722407 -0.012288 -0.012289 -0.0122894 -0.0122909 -0.0143653 -0.0143777 -0.01439 -0.0144078
6.185 0 0 0 0 -0.00815773 -0.00810628 -0.00810401 -0.0080392 -0.0138054 -0.0138055 -0.0138054 -0.0138062 -0.0162863 -0.0162982 -0.0163104 -0.0163286
6.205 0 0 0 0 -0.00834418 -0.00828954 -0.00828664 -0.00821998 -0.0144468 -0.0144467 -0.0144463 -0.0144463 -0.0172684 -0.01728 -0.0172921 -0.0173106
6.225 0 0 0 0 -0.00792743 -0.00787342 -0.00787085 -0.00780731 -0.0140639 -0.0140641 -0.0140637 -0.0140634 -0.0170258 -0.0170373 -0.0170494 -0.017068
6.245 0 0 0 0 -0.00711135 -0.00706255 -0.00706076 -0.00700324 -0.0126899 -0.0126904 -0.0126904 -0.0126907 -0.0154756 -0.0154875 -0.0154998 -0.0155181
6.265 0 0 0 0 -0.00594608 -0.00590693 -0.0059068 -0.00584733 -0.0104111 -0.0104124 -0.0104126 -0.0104136 -0.0126399 -0.0126525 -0.0126649 -0.0126827
6.285 0 0 0 0 -0.0043887 -0.00436132 -0.00436144 -0.00427074 -0.00735283 -0.00735389 -0.00735252 -0.00735286 -0.00872987 -0.0087436 -0.00875651 -0.00877382
6.305 0 0 0 0 -0.00243307 -0.00241389 -0.00240922 -0.00228214 -0.00367144 -0.00367154 -0.00366854 -0.00366655 -0.00414054 -0.00415551 -0.00416896 -0.00418572
6.325 0 0 0 0 -0.000160126 -0.000146309 -0.000138859 2.76218e-05 0.000370319 0.000371246 0.000376214 0.000381583 0.000675542 0.000659259 0.000645007 0.000628604
6.345 0 0 0 0 0.00228381 0.00229645 0.00230701 0.00252042 0.00442725 0.00442876 0.00443502 0.00444302 0.00535099 0.00533409 0.00532016 0.0053046
6.365 0 0 0 0 0.00459064 0.00461689 0.00463067 0.00489309 0.00818668 0.00819054 0.00819903 0.00820981 0.00959547 0.00957819 0.00956507 0.00955057
6.385 0 0 0 0 0.00639776 0.00643547 0.00645256 0.00676919 0.0113297 0.0113364 0.0113471 0.0113607 0.0131555 0.0131374 0.0131241 0.01311
6.405 0 0 0 0 0.00749973 0.0075435 0.00756115 0.00791884 0.0135325 0.0135418 0.013554 0.0135695 0.0158092 0.0157907 0.0157778 0.0157644
6.425 0 0 0 0 0.00793342 0.00797996 0.00799869 0.00837924 0.0146103 0.0146211 0.0146343 0.0146515 0.0173535 0.0173345 0.0173215 0.0173084
6.445 0 0 0 0 0.00787595 0.00792244 0.00794139 0.00832294 0.0146345 0.0146452 0.0146586 0.0146764 0.0176294 0.0176105 0.0175975 0.0175845
6.465 0 0 0 0 0.00746046 0.00750379 0.00752175 0.00789237 0.0137861 0.013796 0.0138089 0.0138261 0.0165869 0.0165682 0.0165551 0.0165418
6.485 0 0 0 0 0.00673098 0.00676882 0.00678501 0.00713522 0.0121833 0.0121915 0.0122035 0.0122188 0.0143781 0.0143598 0.0143466 0.0143327
6.505 0 0 0 0 0.005662 0.00569171 0.00570516 0.00602565 0.00987931 0.00988503 0.00989599 0.0099095 0.0113335 0.0113157 0.0113023 0.0112877
6.525 0 0 0 0 0.00416951 0.00418916 0.00419954 0.00448796 0.00694852 0.00695161 0.00696111 0.00697284 0.00777239 0.00775533 0.00774162 0.00772611
6.545 0 0 0 0 0.00221263 0.00222232 0.00223075 0.00248346 0.00354088 0.00354231 0.00355032 0.00356022 0.00388181 0.00386532 0.00385121 0.00383484
6.565 0 0 0 0 -9.15165e-05 -7.85088e-05 -7.25507e-05 0.000142709 -0.000132755 -0.000131261 -0.000124347 -0.000117035 -0.000233253 -0.000249334 -0.000263872 -0.000280961
6.585 0 0 0 0 -0.00248183 -0.0024636 -0.00246042 -0.00228491 -0.00385388 -0.00385288 -0.00384801 -0.00384428 -0.00446379 -0.00447898 -0.0044929 -0.00451012
6.605 0 0 0 0 -0.00466625 -0.00463984 -0.00464041 -0.00451493 -0.0074527 -0.00745278 -0.00745035 -0.00744999 -0.00864325 -0.00865706 -0.00866977 -0.00868691
6.625 0 0 0 0 -0.00642 -0.00637935 -0.00637719 -0.0063075 -0.0107302 -0.0107314 -0.0107311 -0.0107321 -0.0125433 -0.0125562 -0.0125689 -0.0125866
6.645 0 0 0 0 -0.00772273 -0.00767181 -0.00766869 -0.007604 -0.0134077 -0.0134084 -0.0134082 -0.0134082 -0.0158988 -0.0159106 -0.0159227 -0.0159408
6.665 0 0 0 0 -0.00870016 -0.00864332 -0.00864159 -0.00857441 -0.0152783 -0.015278 -0.0152777 -0.0152773 -0.0184148 -0.0184261 -0.0184382 -0.018457
6.685 0 0 0 0 -0.00938113 -0.00932117 -0.00931931 -0.00924771 -0.0163223 -0.0163209 -0.0163203 -0.0163201 -0.0197828 -0.0197938 -0.0198058 -0.0198246
6.705 0 0 0 0 -0.00957235 -0.00951179 -0.00950925 -0.00943622 -0.0164778 -0.0164765 -0.0164758 -0.0164755 -0.0197552 -0.0197663 -0.0197783 -0.0197971
6.725 0 0 0 0 -0.00903196 -0.00897446 -0.00897197 -0.00890322 -0.0154932 -0.0154931 -0.0154926 -0.0154923 -0.0182807 -0.0182921 -0.0183042 -0.0183228
6.745 0 0 0 0 -0.00765132 -0.00760261 -0.00760094 -0.00754273 -0.0131223 -0.0131233 -0.0131234 -0.0131237 -0.0154485 -0.0154605 -0.0154726 -0.0154908
6.765 0 0 0 0 -0.00547573 -0.00544182 -0.00544326 -0.00538224 -0.00940891 -0.00941064 -0.0094108 -0.00941198 -0.0113227 -0.0113357 -0.0113482 -0.0113658
6.785 0 0 0 0 -0.00273823 -0.00271814 -0.00271689 -0.00260824 -0.00472181 -0.00472231 -0.00472007 -0.00471997 -0.00599614 -0.0060105 -0.00602376 -0.0060409
6.805 0 0 0 0 0.000250423 0.000265463 0.000272824 0.00043369 0.000485943 0.000486781 0.000491906 0.000496606 0.000244555 0.000228449 0.000214064 0.000197336
6.825 0 0 0 0 0.00331812 0.00333659 0.00334839 0.00357412 0.00588628 0.00588794 0.0058948 0.0059038 0.0069251 0.0069081 0.0068943 0.00687894
6.845 0 0 0 0 0.00638127 0.00641816 0.00643253 0.00674067 0.0113565 0.0113628 0.0113732 0.0113874 0.0135429 0.0135252 0.0135124 0.0134986
6.865 0 0 0 0 0.00935439 0.00940898 0.00942882 0.00984839 0.0167188 0.0167307 0.0167459 0.0167661 0.019698 0.0196786 0.0196655 0.0196525
6.885 0 0 0 0 0.0121711 0.0122414 0.0122653 0.0127999 0.0215527 0.0215693 0.0215889 0.0216149 0.0251261 0.0251059 0.0250931 0.0250809
6.905 0 0 0 0 0.0146347 0.0147169 0.0147428 0.0153742 0.0253863 0.0254059 0.0254297 0.0254619 0.0295193 0.0294983 0.0294853 0.0294733
6.925 0 0 0 0 0.0163699 0.0164591 0.0164856 0.0171804 0.0279241 0.0279452 0.0279719 0.0280086 0.0324706 0.0324493 0.0324362 0.0324244
6.945 0 0 0 0 0.0170811 0.0171727 0.0171994 0.0179225 0.0290047 0.0290269 0.0290548 0.0290931 0.0336508 0.0336292 0.0336161 0.0336043
6.965 0 0 0 0 0.016601 0.0166893 0.0167153 0.0174327 0.0283911 0.0284135 0.028441 0.0284781 0.0328662 0.0328446 0.0328315 0.0328197
6.985 0 0 0 0 0.0149452 0.0150218 0.0150453 0.0157326 0.0258277 0.0258489 0.0258752 0.0259098 0.0300159 0.0299947 0.0299813 0.0299692
7.005 0 0 0 0 0.0123853 0.012444 0.0124629 0.0130936 0.021383 0.0214006 0.0214247 0.0214563 0.025106 0.0250856 0.0250719 0.0250587
7.025 0 0 0 0 0.00919366 0.00923038 0.00924307 0.00979625 0.0154834 0.0154954 0.0155162 0.0155433 0.0182545 0.0182355 0.0182214 0.0182066
7.045 0 0 0 0 0.00552814 0.0055429 0.00554988 0.00601008 0.00864153 0.00864687 0.00866333 0.00868418 0.00984791 0.0098302 0.00981543 0.00979878
7.065 0 0 0 0 0.00145001 0.00145851 0.00146043 0.00180551 0.00125078 0.00125401 0.0012664 0.00127976 0.000640023 0.000623654 0.000608021 0.000589609
7.085 0 0 0 0 -0.00315817 -0.00313205 -0.00313073 -0.00292958 -0.00641095 -0.00641044 -0.006405 -0.00639966 -0.00855372 -0.00856807 -0.00858294 -0.00860203
7.105 0 0 0 0 -0.00822534 -0.00817559 -0.00817835 -0.008133 -0.0141613 -0.0141613 -0.0141628 -0.0141655 -0.0171843 -0.0171955 -0.0172064 -0.0172239
7.125 0 0 0 0 -0.0132896 -0.0132096 -0.013204 -0.013111 -0.0216899 -0.0216868 -0.0216848 -0.0216834 -0.0250982 -0.0251088 -0.0251213 -0.0251413
7.145 0 0 0 0 -0.0177744 -0.0176793 -0.0176737 -0.0175439 -0.0282004 -0.0281949 -0.0281927 -0.0281904 -0.0322211 -0.0322302 -0.0322415 -0.0322619
