0.005 0 0 0 0 -5.52175e-06 -2.23147e-06 2.25979e-06 5.55e-06 -5.38043e-07 -4.07389e-07 4.36278e-07 5.66956e-07 1.84538e-05 5.36245e-06 -5.33364e-06 -1.84249e-05
0.025 0 0 0 0 -4.9664e-06 -1.67443e-06 2.81683e-06 6.10533e-06 8.99802e-08 2.20092e-07 1.06376e-06 1.19497e-06 1.90747e-05 5.98348e-06 -4.71261e-06 -1.7804e-05
0.045 0 0 0 0 -3.85004e-06 -5.55773e-07 3.93546e-06 7.2216e-06 1.73807e-06 1.86791e-06 2.71156e-06 2.84302e-06 2.07332e-05 7.64168e-06 -3.05441e-06 -1.61456e-05
0.065 0 0 0 0 -2.69258e-06 6.02308e-07 5.09349e-06 8.37886e-06 4.11869e-06 4.24918e-06 5.09281e-06 5.22355e-06 2.34141e-05 1.0322e-05 -3.7413e-07 -1.34646e-05
0.085 0 0 0 0 -1.60937e-06 1.68555e-06 6.17665e-06 9.4618e-06 6.77107e-06 6.90174e-06 7.74532e-06 7.87577e-06 2.7006e-05 1.39129e-05 3.21679e-06 -9.87286e-06
0.105 0 0 0 0 -4.76746e-07 2.81902e-06 7.31006e-06 1.05942e-05 9.44169e-06 9.57142e-06 1.04149e-05 1.05462e-05 3.1066e-05 1.7972e-05 7.27585e-06 -5.813e-06
0.125 0 0 0 0 6.05991e-07 3.90238e-06 8.39335e-06 1.16767e-05 1.19789e-05 1.21081e-05 1.29515e-05 1.30831e-05 3.47382e-05 2.16434e-05 1.09472e-05 -2.14092e-06
0.145 0 0 0 0 1.59908e-06 4.89573e-06 9.38665e-06 1.26696e-05 1.4183e-05 1.43127e-05 1.51561e-05 1.52871e-05 3.74023e-05 2.43068e-05 1.36105e-05 5.23102e-07
0.165 0 0 0 0 2.46053e-06 5.75824e-06 1.02491e-05 1.35309e-05 1.56736e-05 1.58037e-05 1.66471e-05 1.67778e-05 3.88841e-05 2.57883e-05 1.5092e-05 2.00492e-06
0.185 0 0 0 0 2.95795e-06 6.25723e-06 1.07481e-05 1.40283e-05 1.6184e-05 1.63137e-05 1.71571e-05 1.72881e-05 3.92718e-05 2.61761e-05 1.54798e-05 2.39263e-06
0.205 0 0 0 0 2.78555e-06 6.08497e-06 1.05759e-05 1.38559e-05 1.5713e-05 1.58425e-05 1.66859e-05 1.68171e-05 3.86707e-05 2.5575e-05 1.48788e-05 1.79143e-06
0.225 0 0 0 0 1.92278e-06 5.22047e-06 9.71135e-06 1.29932e-05 1.43514e-05 1.44813e-05 1.53247e-05 1.54556e-05 3.71371e-05 2.40417e-05 1.33454e-05 2.57869e-07
0.245 0 0 0 0 6.77573e-07 3.9733e-06 8.46419e-06 1.1748e-05 1.21931e-05 1.23231e-05 1.31665e-05 1.32973e-05 3.46943e-05 2.15993e-05 1.0903e-05 -2.18495e-06
0.265 0 0 0 0 -5.57035e-07 2.7379e-06 7.22879e-06 1.05133e-05 9.56096e-06 9.69049e-06 1.05339e-05 1.06651e-05 3.14828e-05 1.83886e-05 7.69234e-06 -5.39641e-06
0.285 0 0 0 0 -1.70573e-06 1.58875e-06 6.07963e-06 9.36464e-06 6.83795e-06 6.96745e-06 7.81085e-06 7.94208e-06 2.77521e-05 1.46588e-05 3.96252e-06 -9.12709e-06
0.305 0 0 0 0 -2.80946e-06 4.84146e-07 4.97503e-06 8.26092e-06 4.28436e-06 4.41442e-06 5.25782e-06 5.38849e-06 2.40162e-05 1.09236e-05 2.27386e-07 -1.2863e-05
0.325 0 0 0 0 -3.91579e-06 -6.23299e-07 3.86759e-06 7.15459e-06 1.92804e-06 2.05842e-06 2.90182e-06 3.03217e-06 2.08155e-05 7.72356e-06 -2.97268e-06 -1.60637e-05
0.345 0 0 0 0 -4.89792e-06 -1.60627e-06 2.88461e-06 6.17246e-06 -2.92657e-08 1.00725e-07 9.4411e-07 1.07481e-06 1.85725e-05 5.4811e-06 -5.21515e-06 -1.83067e-05
0.365 0 0 0 0 -5.62864e-06 -2.33798e-06 2.15287e-06 5.44163e-06 -1.28001e-06 -1.15032e-06 -3.06938e-07 -1.75943e-07 1.73442e-05 4.25305e-06 -6.44321e-06 -1.9535e-05
0.385 0 0 0 0 -5.84806e-06 -2.55805e-06 1.93281e-06 5.22222e-06 -1.52982e-06 -1.39997e-06 -5.56586e-07 -4.25759e-07 1.71189e-05 4.02766e-06 -6.6686e-06 -1.97604e-05
0.405 0 0 0 0 -5.37619e-06 -2.08555e-06 2.4053e-06 5.69407e-06 -7.16508e-07 -5.86497e-07 2.56882e-07 3.87552e-07 1.79403e-05 4.84898e-06 -5.84727e-06 -1.89389e-05
0.425 0 0 0 0 -4.43208e-06 -1.14001e-06 3.35084e-06 6.63818e-06 9.1939e-07 1.0494e-06 1.89278e-06 2.02345e-06 1.97555e-05 6.66385e-06 -4.03241e-06 -1.71237e-05
0.445 0 0 0 0 -3.25903e-06 3.44685e-08 4.52532e-06 7.81123e-06 3.1915e-06 3.32142e-06 4.1648e-06 4.29556e-06 2.25486e-05 9.45637e-06 -1.23988e-06 -1.43306e-05
0.465 0 0 0 0 -2.06578e-06 1.22853e-06 5.71938e-06 9.00448e-06 5.84648e-06 5.97639e-06 6.81977e-06 6.95055e-06 2.60829e-05 1.29898e-05 2.29357e-06 -1.07964e-05
0.485 0 0 0 0 -9.56514e-07 2.33815e-06 6.82901e-06 1.01137e-05 8.54012e-06 8.67e-06 9.51338e-06 9.64418e-06 2.98477e-05 1.67538e-05 6.05759e-06 -7.03152e-06
0.505 0 0 0 0 1.82517e-07 3.47808e-06 7.96893e-06 1.12528e-05 1.10855e-05 1.12151e-05 1.20585e-05 1.21895e-05 3.33548e-05 2.02602e-05 9.56392e-06 -3.52445e-06
0.525 0 0 0 0 1.22335e-06 4.51998e-06 9.01083e-06 1.22936e-05 1.32039e-05 1.33335e-05 1.41769e-05 1.4308e-05 3.60497e-05 2.29545e-05 1.22582e-05 -8.29601e-07
0.545 0 0 0 0 1.99916e-06 5.29669e-06 9.78754e-06 1.30694e-05 1.46492e-05 1.4779e-05 1.56224e-05 1.57533e-05 3.76594e-05 2.45638e-05 1.38676e-05 7.80129e-07
0.565 0 0 0 0 2.41859e-06 5.71691e-06 1.02078e-05 1.34889e-05 1.52764e-05 1.54062e-05 1.62495e-05 1.63804e-05 3.82347e-05 2.5139e-05 1.44428e-05 1.35539e-06
0.585 0 0 0 0 2.30928e-06 5.60766e-06 1.00985e-05 1.33795e-05 1.49733e-05 1.5103e-05 1.59464e-05 1.60774e-05 3.78243e-05 2.47288e-05 1.40325e-05 9.45017e-07
0.605 0 0 0 0 1.64987e-06 4.94733e-06 9.43818e-06 1.27201e-05 1.37925e-05 1.39222e-05 1.47656e-05 1.48966e-05 3.64788e-05 2.33835e-05 1.26873e-05 -4.00474e-07
0.625 0 0 0 0 5.44236e-07 3.84008e-06 8.33093e-06 1.16145e-05 1.18086e-05 1.19384e-05 1.27818e-05 1.29127e-05 3.41683e-05 2.10734e-05 1.03772e-05 -2.71099e-06
0.645 0 0 0 0 -6.98938e-07 2.59568e-06 7.08654e-06 1.03713e-05 9.28722e-06 9.41695e-06 1.02603e-05 1.03913e-05 3.10445e-05 1.79504e-05 7.25411e-06 -5.83472e-06
0.665 0 0 0 0 -1.88374e-06 1.41026e-06 5.90111e-06 9.18652e-06 6.57773e-06 6.70739e-06 7.55077e-06 7.68179e-06 2.74217e-05 1.43283e-05 3.63207e-06 -9.45759e-06
0.685 0 0 0 0 -3.02896e-06 2.64298e-07 4.75515e-06 8.04131e-06 3.93706e-06 4.06698e-06 4.91035e-06 5.04112e-06 2.37258e-05 1.06333e-05 -6.29932e-08 -1.31535e-05
0.705 0 0 0 0 -4.0977e-06 -8.05348e-07 3.6855e-06 6.97256e-06 1.59198e-06 1.72213e-06 2.56551e-06 2.69604e-06 2.0523e-05 7.43111e-06 -3.26514e-06 -1.63563e-05
0.725 0 0 0 0 -4.97294e-06 -1.68133e-06 2.80952e-06 6.09732e-06 -2.22539e-07 -9.25187e-08 7.50861e-07 8.81522e-07 1.82782e-05 5.18684e-06 -5.50941e-06 -1.86011e-05
0.745 0 0 0 0 -5.5719e-06 -2.28107e-06 2.20978e-06 5.49836e-06 -1.29016e-06 -1.1603e-06 -3.1693e-07 -1.86117e-07 1.71454e-05 4.05427e-06 -6.64199e-06 -1.97339e-05
0.765 0 0 0 0 -5.66759e-06 -2.37707e-06 2.11378e-06 5.40267e-06 -1.3462e-06 -1.21637e-06 -3.72991e-07 -2.4216e-07 1.71994e-05 4.10819e-06 -6.58807e-06 -1.96799e-05
0.785 0 0 0 0 -5.19736e-06 -1.90643e-06 2.58442e-06 5.8729e-06 -3.90234e-07 -2.603e-07 5.83074e-07 7.13809e-07 1.83531e-05 5.26162e-06 -5.43464e-06 -1.85262e-05
0.805 0 0 0 0 -4.27742e-06 -9.85442e-07 3.50541e-06 6.79284e-06 1.38435e-06 1.51434e-06 2.35771e-06 2.48839e-06 2.04725e-05 7.38059e-06 -3.31567e-06 -1.64068e-05
0.825 0 0 0 0 -3.02257e-06 2.70942e-07 4.76179e-06 8.04769e-06 3.81673e-06 3.94659e-06 4.78996e-06 4.92077e-06 2.34843e-05 1.03918e-05 -3.04416e-07 -1.3395e-05
0.845 0 0 0 0 -1.6796e-06 1.61516e-06 6.10601e-06 9.39066e-06 6.63044e-06 6.76024e-06 7.60362e-06 7.73448e-06 2.71111e-05 1.40178e-05 3.32158e-06 -9.7682e-06
0.865 0 0 0 0 -4.6241e-07 2.83293e-06 7.32378e-06 1.06078e-05 9.43646e-06 9.56635e-06 1.04097e-05 1.05405e-05 3.08759e-05 1.77818e-05 7.08554e-06 -6.00338e-06
0.885 0 0 0 0 6.93831e-07 3.99005e-06 8.4809e-06 1.17641e-05 1.20099e-05 1.21397e-05 1.2983e-05 1.3114e-05 3.43778e-05 2.1283e-05 1.05867e-05 -2.50145e-06
0.905 0 0 0 0 1.64837e-06 4.94548e-06 9.43633e-06 1.27186e-05 1.40371e-05 1.41667e-05 1.50101e-05 1.51412e-05 3.70647e-05 2.39693e-05 1.3273e-05 1.85407e-07
0.925 0 0 0 0 2.34358e-06 5.64149e-06 1.01323e-05 1.34138e-05 1.53783e-05 1.55079e-05 1.63513e-05 1.64823e-05 3.86692e-05 2.55734e-05 1.48771e-05 1.78987e-06
0.945 0 0 0 0 2.64454e-06 5.9429e-06 1.04337e-05 1.37148e-05 1.58585e-05 1.59883e-05 1.68317e-05 1.69626e-05 3.90916e-05 2.59958e-05 1.52995e-05 2.21232e-06
0.965 0 0 0 0 2.44588e-06 5.74416e-06 1.0235e-05 1.35161e-05 1.53689e-05 1.54986e-05 1.6342e-05 1.64729e-05 3.83863e-05 2.52907e-05 1.45944e-05 1.50706e-06
0.985 0 0 0 0 1.75301e-06 5.05063e-06 9.54148e-06 1.28233e-05 1.39679e-05 1.40976e-05 1.49409e-05 1.50719e-05 3.66803e-05 2.3585e-05 1.28887e-05 -1.99021e-07
1.005 0 0 0 0 6.54775e-07 3.95114e-06 8.44199e-06 1.1725e-05 1.18348e-05 1.19645e-05 1.28079e-05 1.29389e-05 3.40912e-05 2.09964e-05 1.03002e-05 -2.78809e-06
1.025 0 0 0 0 -7.28604e-07 2.56608e-06 7.05693e-06 1.03417e-05 9.13475e-06 9.26459e-06 1.0108e-05 1.02388e-05 3.07223e-05 1.76282e-05 6.93195e-06 -6.15696e-06
1.045 0 0 0 0 -2.07966e-06 1.21395e-06 5.7048e-06 8.99059e-06 6.232e-06 6.36182e-06 7.20519e-06 7.33604e-06 2.69596e-05 1.38663e-05 3.17e-06 -9.91973e-06
1.065 0 0 0 0 -3.26676e-06 2.62808e-08 4.51713e-06 7.8035e-06 3.48234e-06 3.6121e-06 4.45547e-06 4.58637e-06 2.32504e-05 1.0158e-05 -5.38256e-07 -1.36288e-05
1.085 0 0 0 0 -4.29745e-06 -1.00517e-06 3.48568e-06 6.77281e-06 1.16898e-06 1.29893e-06 2.1423e-06 2.27301e-06 2.00691e-05 6.97735e-06 -3.71891e-06 -1.68102e-05
1.105 0 0 0 0 -5.11054e-06 -1.81914e-06 2.67171e-06 5.95972e-06 -5.05257e-07 -3.75122e-07 4.6825e-07 5.98778e-07 1.78649e-05 4.77363e-06 -5.92263e-06 -1.90144e-05
1.125 0 0 0 0 -5.59229e-06 -2.30147e-06 2.18938e-06 5.47797e-06 -1.39383e-06 -1.26382e-06 -4.20459e-07 -2.89822e-07 1.68852e-05 3.79414e-06 -6.90213e-06 -1.99941e-05
1.145 0 0 0 0 -5.61753e-06 -2.32682e-06 2.16403e-06 5.45272e-06 -1.32994e-06 -1.20014e-06 -3.56771e-07 -2.25925e-07 1.71612e-05 4.07005e-06 -6.62621e-06 -1.97181e-05
1.165 0 0 0 0 -5.16103e-06 -1.87009e-06 2.62076e-06 5.90922e-06 -2.90115e-07 -1.60251e-07 6.83115e-07 8.13902e-07 1.85327e-05 5.44125e-06 -5.25501e-06 -1.83466e-05
1.185 0 0 0 0 -4.25024e-06 -9.58488e-07 3.53236e-06 6.82001e-06 1.57354e-06 1.70353e-06 2.5469e-06 2.67755e-06 2.08176e-05 7.72564e-06 -2.97063e-06 -1.60617e-05
1.205 0 0 0 0 -2.97377e-06 3.19524e-07 4.81037e-06 8.09648e-06 4.05055e-06 4.18046e-06 5.02382e-06 5.15457e-06 2.38717e-05 1.07791e-05 8.28342e-08 -1.30076e-05
1.225 0 0 0 0 -1.61161e-06 1.6831e-06 6.17395e-06 9.45865e-06 6.82193e-06 6.95174e-06 7.79511e-06 7.92595e-06 2.7393e-05 1.42997e-05 3.60344e-06 -9.48629e-06
1.245 0 0 0 0 -3.74618e-07 2.92092e-06 7.41177e-06 1.06956e-05 9.55782e-06 9.68767e-06 1.0531e-05 1.06618e-05 3.09966e-05 1.79025e-05 7.20626e-06 -5.88266e-06
1.265 0 0 0 0 7.02593e-07 3.99885e-06 8.48969e-06 1.17728e-05 1.19861e-05 1.21158e-05 1.29592e-05 1.30901e-05 3.42827e-05 2.11879e-05 1.04916e-05 -2.5966e-06
1.285 0 0 0 0 1.55946e-06 4.85643e-06 9.34728e-06 1.26297e-05 1.38523e-05 1.3982e-05 1.48253e-05 1.49563e-05 3.67995e-05 2.37041e-05 1.30078e-05 -7.98411e-08
1.305 0 0 0 0 2.14418e-06 5.44181e-06 9.93266e-06 1.32144e-05 1.50133e-05 1.51429e-05 1.59863e-05 1.61174e-05 3.82487e-05 2.5153e-05 1.44567e-05 1.36936e-06
1.325 0 0 0 0 2.31672e-06 5.61456e-06 1.01054e-05 1.3387e-05 1.52913e-05 1.5421e-05 1.62644e-05 1.63953e-05 3.84617e-05 2.53659e-05 1.46697e-05 1.58237e-06
1.345 0 0 0 0 2.08702e-06 5.38487e-06 9.87572e-06 1.31573e-05 1.46817e-05 1.48115e-05 1.56548e-05 1.57857e-05 3.75683e-05 2.44728e-05 1.37765e-05 6.8899e-07
1.365 0 0 0 0 1.40237e-06 4.69969e-06 9.19054e-06 1.24726e-05 1.32191e-05 1.33488e-05 1.41921e-05 1.43231e-05 3.56992e-05 2.26041e-05 1.19078e-05 -1.1801e-06
1.385 0 0 0 0 2.98169e-07 3.59421e-06 8.08506e-06 1.13684e-05 1.10513e-05 1.11811e-05 1.20245e-05 1.21554e-05 3.30145e-05 1.992e-05 9.2237e-06 -3.86478e-06
1.405 0 0 0 0 -1.05611e-06 2.23835e-06 6.7292e-06 1.00141e-05 8.39165e-06 8.52152e-06 9.36488e-06 9.49567e-06 2.97139e-05 1.66201e-05 5.92379e-06 -7.16536e-06
1.425 0 0 0 0 -2.35983e-06 9.33601e-07 5.42445e-06 8.71042e-06 5.61612e-06 5.7459e-06 6.58926e-06 6.72014e-06 2.61645e-05 1.30714e-05 2.37516e-06 -1.07148e-05
1.445 0 0 0 0 -3.51038e-06 -2.17693e-07 4.27316e-06 7.55987e-06 3.03832e-06 3.16811e-06 4.01147e-06 4.14233e-06 2.27211e-05 9.62881e-06 -1.06745e-06 -1.41582e-05
1.465 0 0 0 0 -4.4462e-06 -1.15421e-06 3.33664e-06 6.62406e-06 9.39927e-07 1.0699e-06 1.91327e-06 2.04394e-06 1.98329e-05 6.74116e-06 -3.9551e-06 -1.70464e-05
1.485 0 0 0 0 -5.2566e-06 -1.96567e-06 2.52518e-06 5.81365e-06 -6.54152e-07 -5.23914e-07 3.19452e-07 4.49864e-07 1.77538e-05 4.6625e-06 -6.03376e-06 -1.91255e-05
1.505 0 0 0 0 -5.78821e-06 -2.49794e-06 1.99291e-06 5.28205e-06 -1.61547e-06 -1.48537e-06 -6.42e-07 -5.11459e-07 1.67103e-05 3.61923e-06 -7.07704e-06 -2.0169e-05
1.525 0 0 0 0 -5.84101e-06 -2.55063e-06 1.94021e-06 5.22922e-06 -1.704e-06 -1.57425e-06 -7.30881e-07 -5.99983e-07 1.67839e-05 3.6928e-06 -7.00347e-06 -2.00954e-05
1.545 0 0 0 0 -5.43561e-06 -2.14493e-06 2.34591e-06 5.63462e-06 -8.51169e-07 -7.21335e-07 1.22032e-07 2.5285e-07 1.78423e-05 4.75099e-06 -5.94527e-06 -1.9037e-05
1.565 0 0 0 0 -4.49642e-06 -1.20471e-06 3.28614e-06 6.57382e-06 9.53301e-07 1.08331e-06 1.92668e-06 2.05732e-06 1.993e-05 6.83823e-06 -3.85803e-06 -1.69493e-05
1.585 0 0 0 0 -3.27089e-06 2.21774e-08 4.51302e-06 7.79935e-06 3.36036e-06 3.4904e-06 4.33376e-06 4.46438e-06 2.28678e-05 9.77539e-06 -9.20869e-07 -1.40115e-05
1.605 0 0 0 0 -1.9705e-06 1.32384e-06 5.81468e-06 9.09974e-06 6.07708e-06 6.20695e-06 7.05032e-06 7.1811e-06 2.64176e-05 1.33245e-05 2.62819e-06 -1.04617e-05
1.625 0 0 0 0 -7.56864e-07 2.53826e-06 7.02911e-06 1.03134e-05 8.82109e-06 8.95085e-06 9.79422e-06 9.92511e-06 3.01482e-05 1.70543e-05 6.35801e-06 -6.73109e-06
1.645 0 0 0 0 3.37963e-07 3.6337e-06 8.12455e-06 1.14082e-05 1.13377e-05 1.14674e-05 1.23108e-05 1.24417e-05 3.35642e-05 2.04695e-05 9.77324e-06 -3.3151e-06
1.665 0 0 0 0 1.28924e-06 4.5858e-06 9.07664e-06 1.23595e-05 1.33642e-05 1.34939e-05 1.43372e-05 1.44682e-05 3.62079e-05 2.31126e-05 1.24164e-05 -6.71395e-07
1.685 0 0 0 0 2.02606e-06 5.32364e-06 9.81448e-06 1.30963e-05 1.47186e-05 1.48482e-05 1.56916e-05 1.58226e-05 3.78189e-05 2.47234e-05 1.40271e-05 9.3964e-07
1.705 0 0 0 0 2.36104e-06 5.65921e-06 1.015e-05 1.34313e-05 1.52349e-05 1.53646e-05 1.6208e-05 1.63389e-05 3.82914e-05 2.51957e-05 1.44995e-05 1.41206e-06
1.725 0 0 0 0 2.05266e-06 5.35026e-06 9.8411e-06 1.31229e-05 1.46827e-05 1.48126e-05 1.5656e-05 1.57867e-05 3.75439e-05 2.44484e-05 1.37521e-05 6.64618e-07
1.745 0 0 0 0 1.06126e-06 4.35737e-06 8.84821e-06 1.21315e-05 1.29286e-05 1.30586e-05 1.3902e-05 1.40326e-05 3.55253e-05 2.24301e-05 1.17338e-05 -1.35401e-06
1.765 0 0 0 0 -3.37976e-07 2.95668e-06 7.44752e-06 1.07323e-05 1.02034e-05 1.03331e-05 1.11765e-05 1.13074e-05 3.23346e-05 1.92401e-05 8.54387e-06 -4.54467e-06
1.785 0 0 0 0 -2.09885e-06 1.19388e-06 5.68473e-06 8.97138e-06 6.69148e-06 6.82133e-06 7.66469e-06 7.7955e-06 2.79403e-05 1.48467e-05 4.15046e-06 -8.93898e-06
1.805 0 0 0 0 -4.14299e-06 -8.52601e-07 3.63824e-06 6.92725e-06 2.55284e-06 2.68316e-06 3.52653e-06 3.65685e-06 2.25323e-05 9.43973e-06 -1.25653e-06 -1.4347e-05
1.825 0 0 0 0 -6.18662e-06 -2.89786e-06 1.59298e-06 4.88362e-06 -1.87015e-06 -1.73974e-06 -8.96372e-07 -7.6613e-07 1.6716e-05 3.62469e-06 -7.07157e-06 -2.01633e-05
1.845 0 0 0 0 -8.23717e-06 -4.95008e-06 -4.59349e-07 2.83268e-06 -6.28179e-06 -6.15151e-06 -5.30822e-06 -5.17801e-06 1.10019e-05 -2.08811e-06 -1.27844e-05 -2.58775e-05
1.865 0 0 0 0 -1.03315e-05 -7.04699e-06 -2.55633e-06 7.38008e-07 -1.04204e-05 -1.02899e-05 -9.44666e-06 -9.31684e-06 5.77713e-06 -7.31188e-06 -1.80082e-05 -3.11024e-05
1.885 0 0 0 0 -1.19381e-05 -8.65524e-06 -4.16466e-06 -8.68845e-07 -1.36702e-05 -1.35397e-05 -1.26966e-05 -1.25668e-05 1.73049e-06 -1.13577e-05 -2.20541e-05 -3.51492e-05
1.905 0 0 0 0 -1.28476e-05 -9.56534e-06 -5.07481e-06 -1.77854e-06 -1.56688e-05 -1.55385e-05 -1.46954e-05 -1.45654e-05 -8.06078e-07 -1.38937e-05 -2.45901e-05 -3.76858e-05
1.925 0 0 0 0 -1.27826e-05 -9.49958e-06 -5.00907e-06 -1.71358e-06 -1.589e-05 -1.576e-05 -1.49168e-05 -1.47868e-05 -1.32051e-06 -1.44079e-05 -2.51043e-05 -3.82003e-05
1.945 0 0 0 0 -1.19356e-05 -8.65158e-06 -4.16107e-06 -8.66553e-07 -1.43392e-05 -1.42089e-05 -1.33658e-05 -1.3236e-05 3.45211e-07 -1.27426e-05 -2.34389e-05 -3.65345e-05
1.965 0 0 0 0 -1.00665e-05 -6.78004e-06 -2.28953e-06 1.00252e-06 -1.0822e-05 -1.06918e-05 -9.84871e-06 -9.71869e-06 4.64161e-06 -8.44696e-06 -1.91434e-05 -3.22381e-05
1.985 0 0 0 0 -6.83493e-06 -3.54357e-06 9.46941e-07 4.23412e-06 -4.86811e-06 -4.73898e-06 -3.89584e-06 -3.76484e-06 1.20503e-05 -1.03959e-06 -1.1736e-05 -2.48295e-05
2.005 0 0 0 0 -3.21294e-06 8.13602e-08 4.57187e-06 7.85611e-06 2.76463e-06 2.89414e-06 3.73727e-06 3.86789e-06 2.16754e-05 8.5834e-06 -2.113e-06 -1.52043e-05
2.025 0 0 0 0 3.47306e-07 3.64302e-06 8.13354e-06 1.14164e-05 1.0979e-05 1.11093e-05 1.19524e-05 1.20823e-05 3.24558e-05 1.93612e-05 8.66484e-06 -4.42395e-06
2.045 0 0 0 0 4.33286e-06 7.63277e-06 1.21232e-05 1.54017e-05 1.93139e-05 1.94429e-05 2.0286e-05 2.04171e-05 4.36774e-05 3.05805e-05 1.98841e-05 6.79756e-06
2.065 0 0 0 0 7.51794e-06 1.082e-05 1.53102e-05 1.85861e-05 2.63214e-05 2.64498e-05 2.72927e-05 2.7424e-05 5.30825e-05 3.99834e-05 2.92869e-05 1.62023e-05
2.085 0 0 0 0 9.29398e-06 1.25953e-05 1.70854e-05 2.03616e-05 3.0858e-05 3.09874e-05 3.18302e-05 3.19603e-05 5.9032e-05 4.59313e-05 3.52347e-05 2.21517e-05
2.105 0 0 0 0 1.0332e-05 1.36349e-05 1.8125e-05 2.13995e-05 3.27094e-05 3.28384e-05 3.36812e-05 3.38116e-05 6.13388e-05 4.82376e-05 3.75411e-05 2.44584e-05
2.125 0 0 0 0 1.0963e-05 1.42701e-05 1.87602e-05 2.20306e-05 3.24963e-05 3.26237e-05 3.34665e-05 3.35986e-05 6.0541e-05 4.74405e-05 3.6744e-05 2.36607e-05
2.145 0 0 0 0 9.83622e-06 1.3142e-05 1.76321e-05 2.09038e-05 2.99236e-05 3.00523e-05 3.08951e-05 3.10259e-05 5.64808e-05 4.3381e-05 3.26845e-05 1.96004e-05
2.165 0 0 0 0 6.1173e-06 9.41528e-06 1.39054e-05 1.71849e-05 2.38744e-05 2.40056e-05 2.48485e-05 2.49766e-05 4.89381e-05 3.58393e-05 2.51427e-05 1.20577e-05
2.185 0 0 0 0 2.10757e-06 5.40283e-06 9.89294e-06 1.31751e-05 1.56244e-05 1.57535e-05 1.65963e-05 1.67267e-05 3.95778e-05 2.64813e-05 1.57847e-05 2.69746e-06
2.205 0 0 0 0 6.61781e-07 3.96378e-06 8.45388e-06 1.17294e-05 9.52773e-06 9.65199e-06 1.04948e-05 1.063e-05 3.14972e-05 1.84037e-05 7.70711e-06 -5.38312e-06
2.225 0 0 0 0 -6.59324e-07 2.64085e-06 7.13095e-06 1.04083e-05 6.01099e-06 6.13881e-06 6.98163e-06 7.11324e-06 2.46776e-05 1.15852e-05 8.88598e-07 -1.22027e-05
2.245 0 0 0 0 -3.87571e-06 -5.87281e-07 3.90283e-06 7.19188e-06 2.16008e-06 2.29482e-06 3.13764e-06 3.26229e-06 1.88353e-05 5.74265e-06 -4.95392e-06 -1.8045e-05
2.265 0 0 0 0 -7.54868e-06 -4.26551e-06 2.24599e-07 3.5189e-06 -3.57243e-06 -3.44028e-06 -2.59747e-06 -2.47021e-06 1.43532e-05 1.26149e-06 -9.43508e-06 -2.25272e-05
2.285 0 0 0 0 -9.0819e-06 -5.79334e-06 -1.30323e-06 1.98569e-06 -7.99084e-06 -7.86703e-06 -7.02421e-06 -6.88862e-06 1.1661e-05 -1.42879e-06 -1.21254e-05 -2.52194e-05
2.305 0 0 0 0 -9.4692e-06 -6.18171e-06 -1.69161e-06 1.59839e-06 -8.96219e-06 -8.83632e-06 -7.9935e-06 -7.85997e-06 9.27541e-06 -3.8141e-06 -1.45107e-05 -2.76049e-05
2.325 0 0 0 0 -1.29156e-05 -9.64518e-06 -5.15506e-06 -1.84796e-06 -1.19028e-05 -1.17651e-05 -1.09223e-05 -1.08006e-05 3.39991e-06 -9.69075e-06 -2.03873e-05 -3.34804e-05
2.345 0 0 0 0 -1.89067e-05 -1.5647e-05 -1.11568e-05 -7.83895e-06 -2.15173e-05 -2.1379e-05 -2.05362e-05 -2.04153e-05 -6.80173e-06 -1.98908e-05 -3.05874e-05 -4.36821e-05
2.365 0 0 0 0 -2.61547e-05 -2.28954e-05 -1.84056e-05 -1.50884e-05 -3.71416e-05 -3.70137e-05 -3.6171e-05 -3.60399e-05 -2.22472e-05 -3.53315e-05 -4.60281e-05 -5.91277e-05
2.385 0 0 0 0 -3.23763e-05 -2.91178e-05 -2.46285e-05 -2.13117e-05 -5.20587e-05 -5.19342e-05 -5.10917e-05 -5.09576e-05 -4.1328e-05 -5.44074e-05 -6.51042e-05 -7.82088e-05
2.405 0 0 0 0 -3.77269e-05 -3.44773e-05 -2.99883e-05 -2.66632e-05 -6.40048e-05 -6.38711e-05 -6.30291e-05 -6.29051e-05 -6.17411e-05 -7.48175e-05 -8.55145e-05 -9.86229e-05
2.425 0 0 0 0 -4.25697e-05 -3.9326e-05 -3.48372e-05 -3.15069e-05 -7.52393e-05 -7.51003e-05 -7.42586e-05 -7.41408e-05 -7.96709e-05 -9.27441e-05 -0.000103441 -0.000116553
2.445 0 0 0 0 -4.43287e-05 -4.10744e-05 -3.6586e-05 -3.32671e-05 -8.31486e-05 -8.30189e-05 -8.21773e-05 -8.20504e-05 -8.88668e-05 -0.000101936 -0.000112633 -0.00012575
2.465 0 0 0 0 -4.17374e-05 -3.84708e-05 -3.39824e-05 -3.0676e-05 -8.10932e-05 -8.09713e-05 -8.01297e-05 -7.99948e-05 -8.52723e-05 -9.83406e-05 -0.000109038 -0.000122155
2.485 0 0 0 0 -3.34998e-05 -3.0228e-05 -2.57396e-05 -2.24385e-05 -6.41755e-05 -6.4049e-05 -6.32073e-05 -6.30772e-05 -6.61276e-05 -7.92006e-05 -8.98979e-05 -0.00010301
2.505 0 0 0 0 -1.79035e-05 -1.46179e-05 -1.01295e-05 -6.84217e-06 -3.28205e-05 -3.26894e-05 -3.18478e-05 -3.17222e-05 -2.92485e-05 -4.23298e-05 -5.30271e-05 -6.61313e-05
2.525 0 0 0 0 -1.999e-07 3.10138e-06 7.58976e-06 1.08615e-05 4.84921e-06 4.97933e-06 5.82097e-06 5.94753e-06 1.9854e-05 6.76216e-06 -3.93511e-06 -1.70288e-05
2.545 0 0 0 0 8.96792e-06 1.22567e-05 1.6745e-05 2.00291e-05 3.48972e-05 3.50308e-05 3.58724e-05 3.59954e-05 6.55276e-05 5.24235e-05 4.17262e-05 2.86448e-05
2.565 0 0 0 0 9.97449e-06 1.32405e-05 1.7728e-05 2.1033e-05 4.96251e-05 4.97581e-05 5.05989e-05 5.07207e-05 9.46148e-05 8.15011e-05 7.08033e-05 5.77302e-05
2.585 0 0 0 0 1.67043e-05 1.99948e-05 2.44822e-05 2.77624e-05 5.78739e-05 5.79908e-05 5.88314e-05 5.89688e-05 0.00010791 9.47962e-05 8.40984e-05 7.10249e-05
2.605 0 0 0 0 3.03838e-05 3.37214e-05 3.8209e-05 4.14421e-05 6.85028e-05 6.86136e-05 6.94541e-05 6.95975e-05 0.000109414 9.63039e-05 8.5606e-05 7.25287e-05
2.625 0 0 0 0 3.57449e-05 3.90837e-05 4.35712e-05 4.68028e-05 7.39681e-05 7.41029e-05 7.49434e-05 7.50627e-05 0.000100194 8.70842e-05 7.63863e-05 6.33094e-05
2.645 0 0 0 0 2.38698e-05 2.71709e-05 3.16583e-05 3.49276e-05 5.9361e-05 5.95125e-05 6.03531e-05 6.04557e-05 8.20435e-05 6.8933e-05 5.82352e-05 4.51585e-05
2.665 0 0 0 0 2.45753e-06 5.7348e-06 1.02222e-05 1.35153e-05 2.44615e-05 2.45899e-05 2.54305e-05 2.55562e-05 5.66257e-05 4.3522e-05 3.28242e-05 1.97406e-05
2.685 0 0 0 0 -1.20426e-05 -8.75769e-06 -4.27025e-06 -9.84795e-07 -8.03339e-06 -7.9351e-06 -7.09454e-06 -6.93873e-06 2.75855e-05 1.44926e-05 3.79471e-06 -9.2996e-06
2.705 0 0 0 0 -1.94074e-05 -1.6133e-05 -1.16456e-05 -8.34966e-06 -2.67112e-05 -2.65956e-05 -2.57551e-05 -2.56165e-05 -7.24127e-06 -2.03285e-05 -3.10264e-05 -4.41264e-05
2.725 0 0 0 0 -2.51032e-05 -2.18502e-05 -1.73627e-05 -1.40454e-05 -4.07405e-05 -4.05895e-05 -3.97489e-05 -3.96459e-05 -4.37908e-05 -5.68747e-05 -6.75726e-05 -8.06758e-05
2.745 0 0 0 0 -2.90094e-05 -2.57392e-05 -2.12518e-05 -1.79515e-05 -5.8004e-05 -5.78618e-05 -5.70214e-05 -5.69098e-05 -6.92445e-05 -8.23202e-05 -9.30182e-05 -0.00010613
2.765 0 0 0 0 -3.6071e-05 -3.2787e-05 -2.82996e-05 -2.50132e-05 -7.53678e-05 -7.52533e-05 -7.44128e-05 -7.42736e-05 -8.04876e-05 -9.35566e-05 -0.000104255 -0.000117373
2.785 0 0 0 0 -5.1133e-05 -4.78991e-05 -4.34116e-05 -4.00753e-05 -8.87264e-05 -8.86029e-05 -8.77625e-05 -8.76322e-05 -8.67951e-05 -9.98672e-05 -0.000110565 -0.000123681
2.805 0 0 0 0 -6.11683e-05 -5.79784e-05 -5.34909e-05 -5.01103e-05 -9.51369e-05 -9.49966e-05 -9.41562e-05 -9.4043e-05 -9.08888e-05 -0.000103965 -0.000114663 -0.000127775
2.825 0 0 0 0 -4.68857e-05 -4.36389e-05 -3.91514e-05 -3.58279e-05 -8.39686e-05 -8.38497e-05 -8.30093e-05 -8.28747e-05 -8.18938e-05 -9.49656e-05 -0.000105664 -0.000118779
2.845 0 0 0 0 -1.71649e-05 -1.38356e-05 -9.3481e-06 -6.10716e-06 -4.93531e-05 -4.92477e-05 -4.84073e-05 -4.82591e-05 -5.4104e-05 -6.71749e-05 -7.7873e-05 -9.09898e-05
2.865 0 0 0 0 -4.00263e-06 -7.00261e-07 3.78722e-06 7.0551e-06 -1.24964e-05 -1.23502e-05 -1.15099e-05 -1.14025e-05 -1.86946e-05 -3.17805e-05 -4.24784e-05 -5.55803e-05
2.885 0 0 0 0 -1.00172e-05 -6.78229e-06 -2.29478e-06 1.04057e-06 4.26282e-06 4.42888e-06 5.26926e-06 5.35676e-06 1.76058e-05 4.50415e-06 -6.19388e-06 -1.92799e-05
2.905 0 0 0 0 -1.62939e-05 -1.3057e-05 -8.56951e-06 -5.23611e-06 2.06589e-06 2.18433e-06 3.02469e-06 3.15978e-06 4.64716e-05 3.33684e-05 2.26704e-05 9.58596e-06
2.925 0 0 0 0 -1.48242e-05 -1.15586e-05 -7.07103e-06 -3.76627e-06 -5.09404e-07 -4.22199e-07 4.17927e-07 5.83775e-07 5.31981e-05 4.00982e-05 2.94e-05 1.63117e-05
2.945 0 0 0 0 -1.46201e-05 -1.13752e-05 -6.88761e-06 -3.5622e-06 -2.46182e-06 -2.32985e-06 -1.48969e-06 -1.36859e-06 2.74666e-05 1.43665e-05 3.66841e-06 -9.41966e-06
2.965 0 0 0 0 -1.74363e-05 -1.41976e-05 -9.71003e-06 -6.37839e-06 -1.80754e-05 -1.79076e-05 -1.70674e-05 -1.69821e-05 -1.74724e-05 -3.0566e-05 -4.12641e-05 -5.43586e-05
2.985 0 0 0 0 -1.41126e-05 -1.07961e-05 -6.30854e-06 -3.05473e-06 -4.06494e-05 -4.05245e-05 -3.96843e-05 -3.95561e-05 -5.02678e-05 -6.33431e-05 -7.40411e-05 -8.71539e-05
3.005 0 0 0 0 -1.31568e-05 -9.79957e-06 -5.31222e-06 -2.0995e-06 -5.08291e-05 -5.07371e-05 -4.98968e-05 -4.97357e-05 -5.7845e-05 -7.0912e-05 -8.16101e-05 -9.47313e-05
3.025 0 0 0 0 -3.62283e-05 -3.29906e-05 -2.85032e-05 -2.51708e-05 -5.88209e-05 -5.86761e-05 -5.78359e-05 -5.77276e-05 -5.9941e-05 -7.30221e-05 -8.37202e-05 -9.68272e-05
3.045 0 0 0 0 -6.7905e-05 -6.47848e-05 -6.02972e-05 -5.68469e-05 -8.34557e-05 -8.32814e-05 -8.24412e-05 -8.23625e-05 -7.09179e-05 -8.40083e-05 -9.47063e-05 -0.000107804
3.065 0 0 0 0 -7.14007e-05 -6.82142e-05 -6.37269e-05 -6.0344e-05 -0.000108951 -0.000108846 -0.000108006 -0.000107858 -8.57203e-05 -9.87948e-05 -0.000109493 -0.000122607
3.085 0 0 0 0 -4.82377e-05 -4.49325e-05 -4.04453e-05 -3.71815e-05 -0.000104945 -0.000104877 -0.000104036 -0.000103852 -9.98889e-05 -0.000112947 -0.000123645 -0.000136775
3.105 0 0 0 0 -2.39579e-05 -2.06444e-05 -1.61574e-05 -1.2902e-05 -6.9665e-05 -6.95256e-05 -6.86862e-05 -6.85746e-05 -0.000101608 -0.000114674 -0.000125372 -0.000138497
3.125 0 0 0 0 -7.03424e-06 -3.74059e-06 7.46512e-07 4.0218e-06 -2.91846e-05 -2.89985e-05 -2.81593e-05 -2.8095e-05 -6.80057e-05 -8.10855e-05 -9.17841e-05 -0.000104895
3.145 0 0 0 0 5.26996e-06 8.59808e-06 1.30852e-05 1.63261e-05 2.39285e-06 2.5188e-06 3.35792e-06 3.48236e-06 5.79714e-06 -7.29128e-06 -1.79901e-05 -3.10923e-05
3.165 0 0 0 0 1.7757e-05 2.11013e-05 2.55884e-05 2.88131e-05 4.41087e-05 4.41774e-05 4.50165e-05 4.51982e-05 9.92461e-05 8.61427e-05 7.54439e-05 6.23566e-05
3.185 0 0 0 0 4.31728e-05 4.64897e-05 5.09761e-05 5.42257e-05 0.000115295 0.000115392 0.000116229 0.00011638 0.000191085 0.000177954 0.000167254 0.000154194
3.205 0 0 0 0 9.32994e-05 9.66564e-05 0.00010114 0.000104343 0.000207352 0.000207489 0.000208326 0.000208436 0.000278803 0.000265649 0.000254949 0.00024191
3.225 0 0 0 0 0.000146425 0.000149886 0.000154368 0.000157463 0.00028706 0.000287189 0.000288026 0.000288142 0.000358234 0.00034507 0.000334369 0.000321341
3.245 0 0 0 0 0.000163864 0.000167341 0.000171822 0.000174898 0.000325057 0.000325174 0.00032601 0.000326137 0.000413006 0.000399831 0.000389131 0.000376112
3.265 0 0 0 0 0.00013868 0.000142059 0.00014654 0.000149712 0.000312715 0.000312839 0.000313674 0.000313791 0.000426151 0.000412962 0.000402261 0.000389254
3.285 0 0 0 0 0.000105475 0.000108792 0.000113273 0.000116507 0.000266479 0.000266587 0.000267421 0.000267553 0.000393748 0.000380564 0.000369862 0.00035685
3.305 0 0 0 0 8.44804e-05 8.78209e-05 9.23016e-05 9.55126e-05 0.0002061 0.000206185 0.000207019 0.000207174 0.000313702 0.00030054 0.000289839 0.000276804
3.325 0 0 0 0 5.36439e-05 5.69667e-05 6.14474e-05 6.46762e-05 0.000125125 0.000125244 0.000126079 0.000126199 0.000180415 0.000167281 0.000156579 0.000143517
3.345 0 0 0 0 -5.46115e-06 -2.22417e-06 2.25654e-06 5.57107e-06 4.91445e-06 5.0808e-06 5.91535e-06 5.9884e-06 6.83577e-06 -6.26894e-06 -1.69704e-05 -3.00626e-05
3.365 0 0 0 0 -8.65778e-05 -8.34193e-05 -7.89389e-05 -7.55467e-05 -0.000156224 -0.000156075 -0.000155241 -0.00015515 -0.000183764 -0.000196827 -0.000207528 -0.000220662
3.385 0 0 0 0 -0.000158877 -0.000155744 -0.000151269 -0.000147866 -0.000313535 -0.000313449 -0.000312617 -0.000312469 -0.00036073 -0.000373746 -0.000384448 -0.00039763
3.405 0 0 0 0 -0.000187198 -0.000184037 -0.000179565 -0.000176198 -0.000398984 -0.000398918 -0.000398088 -0.000397924 -0.000482779 -0.000495762 -0.000506466 -0.000519683
3.425 0 0 0 0 -0.000167209 -0.000164006 -0.000159534 -0.000156209 -0.000386454 -0.000386341 -0.000385512 -0.0003854 -0.000513838 -0.000526816 -0.000537521 -0.000550747
3.445 0 0 0 0 -0.000124624 -0.000121392 -0.00011692 -0.000113624 -0.000305872 -0.000305716 -0.000304888 -0.000304819 -0.000438549 -0.000451548 -0.000462252 -0.000475459
3.465 0 0 0 0 -7.58122e-05 -7.25487e-05 -6.80769e-05 -6.48122e-05 -0.000188169 -0.00018804 -0.000187212 -0.000187116 -0.000262362 -0.000275398 -0.000286103 -0.000299272
3.485 0 0 0 0 -1.77328e-05 -1.4441e-05 -9.96927e-06 -6.73289e-06 -3.55471e-05 -3.54703e-05 -3.4642e-05 -3.44943e-05 -1.68707e-05 -2.99577e-05 -4.06625e-05 -5.37808e-05
3.505 0 0 0 0 4.20776e-05 4.53376e-05 4.98093e-05 5.30776e-05 0.000134185 0.000134277 0.000135106 0.000135238 0.000229855 0.000216705 0.000206001 0.000192945
3.525 0 0 0 0 0.000107721 0.000110987 0.000115458 0.00011872 0.000290103 0.000290232 0.000291061 0.000291155 0.00042639 0.000413189 0.000402484 0.000389479
3.545 0 0 0 0 0.000158531 0.00016186 0.000166329 0.000169522 0.00038255 0.000382682 0.000383509 0.000383598 0.000530931 0.000517709 0.000507003 0.000494019
3.565 0 0 0 0 0.000157753 0.000161098 0.000165568 0.000168744 0.000372854 0.000372981 0.000373808 0.000373902 0.000514315 0.000501098 0.000490392 0.000477402
3.585 0 0 0 0 9.67064e-05 9.99734e-05 0.000104442 0.000107697 0.000257054 0.000257184 0.000258011 0.000258102 0.000374595 0.000361405 0.0003507 0.000337682
3.605 0 0 0 0 1.34276e-05 1.66405e-05 2.11094e-05 2.44173e-05 7.68497e-05 7.69588e-05 7.77858e-05 7.78974e-05 0.000149376 0.000136239 0.000125533 0.000112464
3.625 0 0 0 0 -4.95648e-05 -4.631e-05 -4.18411e-05 -3.8575e-05 -0.000100988 -0.000100914 -0.000100087 -9.99401e-05 -9.92668e-05 -0.000112338 -0.000123043 -0.00013618
3.645 0 0 0 0 -7.89934e-05 -7.56699e-05 -7.12009e-05 -6.80036e-05 -0.000219701 -0.000219621 -0.000218794 -0.000218653 -0.000300956 -0.000313974 -0.000324679 -0.000337868
3.665 0 0 0 0 -8.45647e-05 -8.12207e-05 -7.67518e-05 -7.35749e-05 -0.000258984 -0.000258863 -0.000258036 -0.000257936 -0.000393702 -0.000406701 -0.000417406 -0.000430615
3.685 0 0 0 0 -9.55162e-05 -9.2254e-05 -8.77851e-05 -8.45263e-05 -0.000249366 -0.000249216 -0.000248389 -0.000248318 -0.000368503 -0.000381517 -0.000392223 -0.000405416
3.705 0 0 0 0 -0.000117294 -0.000114165 -0.000109696 -0.000106304 -0.000222212 -0.000222083 -0.000221256 -0.000221165 -0.000263903 -0.00027695 -0.000287656 -0.000300816
3.725 0 0 0 0 -0.000124539 -0.000121492 -0.000117023 -0.000113549 -0.000179883 -0.000179798 -0.000178971 -0.000178835 -0.000141103 -0.00015418 -0.000164886 -0.000178015
3.745 0 0 0 0 -8.0061e-05 -7.69446e-05 -7.24757e-05 -6.90711e-05 -9.74295e-05 -9.73648e-05 -9.65379e-05 -9.63821e-05 -3.4699e-05 -4.77946e-05 -5.85002e-05 -7.16119e-05
3.765 0 0 0 0 1.63939e-05 1.97056e-05 2.41746e-05 2.73838e-05 3.33508e-05 3.34422e-05 3.4269e-05 3.43982e-05 6.10083e-05 4.79013e-05 3.71957e-05 2.40954e-05
3.785 0 0 0 0 0.000104313 0.000107761 0.00011223 0.000115302 0.000164707 0.000164857 0.000165684 0.000165754 0.000157433 0.000144307 0.000133602 0.000120521
3.805 0 0 0 0 0.000149743 0.000153232 0.000157701 0.000160733 0.000259572 0.000259723 0.00026055 0.000260619 0.000278433 0.000265281 0.000254575 0.00024152
3.825 0 0 0 0 0.000153872 0.000157319 0.000161788 0.000164862 0.000314079 0.000314171 0.000314997 0.000315127 0.000414414 0.000401232 0.000390527 0.000377501
3.845 0 0 0 0 0.000129654 0.000132969 0.000137438 0.000140645 0.000333879 0.000333951 0.000334777 0.000334925 0.000507013 0.000493799 0.000483094 0.000470098
3.865 0 0 0 0 0.000108182 0.000111402 0.00011587 0.000119171 0.000323001 0.000323099 0.000323925 0.000324043 0.000507674 0.000494449 0.000483743 0.000470757
3.885 0 0 0 0 0.000101314 0.000104583 0.000109052 0.000112304 0.000272251 0.000272365 0.00027319 0.000273292 0.000404846 0.000391648 0.000380941 0.000367929
3.905 0 0 0 0 7.06229e-05 7.39458e-05 7.84146e-05 8.16125e-05 0.000156656 0.000156784 0.00015761 0.000157698 0.000207944 0.000194796 0.000184089 0.000171027
3.925 0 0 0 0 -1.49048e-05 -1.16547e-05 -7.18588e-06 -3.91527e-06 -3.12841e-05 -3.11366e-05 -3.03112e-05 -3.02423e-05 -4.90379e-05 -6.21324e-05 -7.28388e-05 -8.59547e-05
3.945 0 0 0 0 -0.000129424 -0.000126293 -0.000121824 -0.000118434 -0.000254973 -0.000254846 -0.00025402 -0.000253931 -0.000311915 -0.000324953 -0.00033566 -0.000348832
3.965 0 0 0 0 -0.000229419 -0.000226369 -0.0002219 -0.000218429 -0.000455461 -0.000455377 -0.000454552 -0.00045442 -0.000540925 -0.00055391 -0.000564616 -0.000577842
3.985 0 0 0 0 -0.000300699 -0.000297736 -0.000293271 -0.000289727 -0.000598579 -0.000598481 -0.000597657 -0.000597542 -0.000726066 -0.000739015 -0.000749722 -0.000762985
4.005 0 0 0 0 -0.000324167 -0.000321217 -0.000316755 -0.000313203 -0.000663577 -0.000663449 -0.000662627 -0.000662549 -0.000837602 -0.000850529 -0.000861237 -0.000874523
4.025 0 0 0 0 -0.000278762 -0.000275661 -0.000271199 -0.0002678 -0.000624379 -0.000624279 -0.000623458 -0.000623354 -0.000820646 -0.000833563 -0.000844272 -0.000857571
4.045 0 0 0 0 -0.000188127 -0.000184864 -0.000180402 -0.000177165 -0.000473677 -0.000473598 -0.000472778 -0.000472652 -0.000649744 -0.000662687 -0.000673396 -0.000686668
4.065 0 0 0 0 -0.000111765 -0.000108554 -0.000104093 -0.000100803 -0.000262918 -0.000262779 -0.000261958 -0.000261893 -0.00036705 -0.000380072 -0.000390781 -0.000403975
4.085 0 0 0 0 -5.83461e-05 -5.5266e-05 -5.08044e-05 -4.73844e-05 -5.79454e-05 -5.77772e-05 -5.69566e-05 -5.6921e-05 -4.18252e-05 -5.49376e-05 -6.56465e-05 -7.87499e-05
4.105 0 0 0 0 1.72723e-05 2.04234e-05 2.4885e-05 2.82339e-05 0.000128684 0.000128758 0.000129578 0.000129708 0.000265102 0.000251932 0.000241223 0.000228177
4.125 0 0 0 0 0.000124389 0.000127738 0.000132199 0.000135351 0.000313837 0.000313851 0.000314671 0.000314861 0.000498405 0.0004852 0.000474491 0.00046148
4.145 0 0 0 0 0.000228565 0.000232038 0.000236498 0.000239521 0.000484623 0.000484721 0.000485541 0.000485647 0.000637737 0.000624499 0.000613791 0.000600813
4.165 0 0 0 0 0.000302343 0.000305905 0.000310363 0.000313288 0.000598839 0.00059901 0.000599831 0.000599864 0.000715966 0.000702708 0.000691998 0.000679039
4.185 0 0 0 0 0.000307461 0.000311054 0.000315511 0.000318405 0.000607021 0.000607151 0.000607971 0.000608044 0.000743524 0.000730266 0.000719556 0.000706597
4.205 0 0 0 0 0.000231497 0.000234949 0.000239406 0.000242439 0.000508467 0.000508538 0.000509357 0.000509486 0.000694621 0.00068137 0.00067066 0.000657694
4.225 0 0 0 0 8.85291e-05 9.16625e-05 9.6119e-05 9.947e-05 0.000309203 0.000309304 0.000310123 0.000310222 0.000507797 0.000494564 0.000483854 0.000470869
4.245 0 0 0 0 -4.38936e-05 -4.09152e-05 -3.64586e-05 -3.29525e-05 4.86919e-05 4.88047e-05 4.96239e-05 4.97112e-05 0.000183038 0.000169869 0.000159159 0.00014611
4.265 0 0 0 0 -0.000119216 -0.000116096 -0.000111639 -0.000108274 -0.000214541 -0.000214476 -0.000213657 -0.000213522 -0.0002182 -0.000231257 -0.000241967 -0.000255128
4.285 0 0 0 0 -0.000174966 -0.000171717 -0.000167261 -0.000164025 -0.000441086 -0.000440998 -0.000440179 -0.000440066 -0.000609558 -0.000622514 -0.000633225 -0.000646486
4.305 0 0 0 0 -0.000274997 -0.000271907 -0.00026745 -0.000264057 -0.000646324 -0.000646132 -0.000645317 -0.000645321 -0.000920299 -0.000933206 -0.000943918 -0.000957236
4.325 0 0 0 0 -0.000398287 -0.000395433 -0.000390982 -0.000387366 -0.00083223 -0.000832044 -0.000831229 -0.000831228 -0.00109564 -0.00110852 -0.00111923 -0.00113258
4.345 0 0 0 0 -0.00045062 -0.000447771 -0.000443322 -0.00043971 -0.000915526 -0.000915502 -0.000914687 -0.000914523 -0.00110319 -0.00111605 -0.00112677 -0.00114013
4.365 0 0 0 0 -0.000382199 -0.000379205 -0.000374756 -0.000371289 -0.000801296 -0.000801334 -0.00080052 -0.000800295 -0.000951853 -0.000964733 -0.000975446 -0.000988792
4.385 0 0 0 0 -0.000194788 -0.000191589 -0.00018714 -0.000183878 -0.000468663 -0.000468582 -0.000467768 -0.000467662 -0.000631993 -0.000644948 -0.000655661 -0.000668933
4.405 0 0 0 0 6.23188e-05 6.58159e-05 7.02647e-05 7.32277e-05 3.01163e-06 3.17627e-06 3.99043e-06 4.01214e-06 -0.000123541 -0.000136605 -0.000147318 -0.000160481
4.425 0 0 0 0 0.000315353 0.000319144 0.000323594 0.000326263 0.000515927 0.000516025 0.00051684 0.000516928 0.000550106 0.000536909 0.000526196 0.000513165
4.445 0 0 0 0 0.000500738 0.000504543 0.000508981 0.000511602 0.000998244 0.000998266 0.000999074 0.000999221 0.0012758 0.00126243 0.00125172 0.00123885
4.465 0 0 0 0 0.000606701 0.000610265 0.000614687 0.000617496 0.00138045 0.00138048 0.00138127 0.00138137 0.00187945 0.00186591 0.00185518 0.00184247
4.485 0 0 0 0 0.000680039 0.000683509 0.000687917 0.000690782 0.00160634 0.00160637 0.00160715 0.00160722 0.00222072 0.00220707 0.00219634 0.00218372
4.505 0 0 0 0 0.000721663 0.000725298 0.000729706 0.000732402 0.00163086 0.00163085 0.00163163 0.00163173 0.00221735 0.00220372 0.00219299 0.00218035
4.525 0 0 0 0 0.000663859 0.000667575 0.000671982 0.000674597 0.00142173 0.00142175 0.00142253 0.0014226 0.00186002 0.00184648 0.00183575 0.00182302
4.545 0 0 0 0 0.000454918 0.00045843 0.000462837 0.000465656 0.000963983 0.000964098 0.000964879 0.000964851 0.0012143 0.00120088 0.00119015 0.0011773
4.565 0 0 0 0 0.000141876 0.000145106 0.000149513 0.000152613 0.000317247 0.000317332 0.000318113 0.000318114 0.000408034 0.000394798 0.000384068 0.000371035
4.585 0 0 0 0 -0.000174849 -0.000171796 -0.000167389 -0.000164112 -0.000365544 -0.000365588 -0.000364808 -0.000364677 -0.000420052 -0.000433089 -0.000443818 -0.000457051
4.605 0 0 0 0 -0.00045236 -0.00044955 -0.000445143 -0.000441625 -0.000953728 -0.000953759 -0.000952978 -0.00095286 -0.00118466 -0.00119753 -0.00120826 -0.00122166
4.625 0 0 0 0 -0.000675387 -0.000672904 -0.000668515 -0.000664724 -0.00140266 -0.00140256 -0.00140179 -0.00140184 -0.00181368 -0.00182644 -0.00183718 -0.0018507
4.645 0 0 0 0 -0.000824816 -0.000822495 -0.00081812 -0.000814215 -0.00171799 -0.00171787 -0.00171711 -0.00171721 -0.00223447 -0.00224715 -0.00225789 -0.0022715
4.665 0 0 0 0 -0.000880216 -0.000877833 -0.000873465 -0.000869649 -0.00186493 -0.00186493 -0.00186417 -0.00186416 -0.00239123 -0.00240385 -0.00241459 -0.00242826
4.685 0 0 0 0 -0.000835502 -0.000833038 -0.000828668 -0.000824933 -0.00177955 -0.00177959 -0.00177884 -0.00177877 -0.00226541 -0.00227806 -0.0022888 -0.00230245
4.705 0 0 0 0 -0.000683107 -0.00068058 -0.000676212 -0.000672541 -0.00144407 -0.00144404 -0.00144329 -0.0014433 -0.00186036 -0.0018731 -0.00188384 -0.00189739
4.725 0 0 0 0 -0.000428118 -0.000425376 -0.000421009 -0.000417555 -0.000914809 -0.000914744 -0.000913987 -0.00091404 -0.00120401 -0.0012169 -0.00122764 -0.00124104
4.745 0 0 0 0 -0.000108153 -0.000105044 -0.000100677 -9.75901e-05 -0.000268238 -0.000268244 -0.000267488 -0.000267471 -0.000362574 -0.000375632 -0.000386373 -0.000399613
4.765 0 0 0 0 0.0002087 0.000212073 0.00021644 0.000219264 0.00041722 0.000417183 0.000417939 0.000417987 0.000547296 0.000534044 0.000523303 0.000510258
4.785 0 0 0 0 0.000464574 0.000467998 0.000472365 0.00047514 0.00103563 0.00103566 0.00103641 0.0010364 0.00137684 0.00136339 0.00135265 0.0013398
4.805 0 0 0 0 0.00065978 0.000663289 0.000667659 0.000670351 0.00149568 0.00149571 0.00149647 0.00149645 0.00200655 0.00199295 0.00198221 0.00196951
4.825 0 0 0 0 0.000782111 0.000785783 0.000790147 0.00079266 0.0017371 0.00173706 0.00173782 0.00173787 0.00233669 0.00232303 0.00231229 0.00229965
4.845 0 0 0 0 0.000799161 0.000802906 0.00080727 0.000809709 0.00174026 0.00174022 0.00174098 0.00174103 0.0023154 0.00230175 0.00229101 0.00227836
4.865 0 0 0 0 0.000692192 0.000695826 0.000700189 0.000702737 0.00150016 0.00150019 0.00150095 0.00150093 0.00195914 0.00194557 0.00193483 0.00192211
4.885 0 0 0 0 0.000459691 0.000463095 0.000467458 0.000470234 0.00101403 0.00101409 0.00101485 0.00101479 0.00132157 0.00130812 0.00129738 0.00128453
4.905 0 0 0 0 0.000149808 0.000152992 0.000157354 0.000160349 0.000353364 0.00035336 0.000354116 0.00035413 0.000498859 0.000485602 0.00047486 0.00046182
4.925 0 0 0 0 -0.000174584 -0.000171619 -0.000167257 -0.000164041 -0.000349869 -0.000349925 -0.000349169 -0.000349103 -0.000395987 -0.000409041 -0.000419783 -0.000433026
4.945 0 0 0 0 -0.000475096 -0.000472416 -0.000468053 -0.000464551 -0.000989972 -0.000989962 -0.000989206 -0.000989206 -0.00125523 -0.0012681 -0.00127884 -0.00129226
4.965 0 0 0 0 -0.000738363 -0.000735981 -0.000731615 -0.000727813 -0.00153311 -0.00153301 -0.00153225 -0.00153234 -0.00198761 -0.00200035 -0.00201109 -0.00202465
4.985 0 0 0 0 -0.000956179 -0.000954023 -0.000949658 -0.000945638 -0.00197115 -0.00197106 -0.0019703 -0.00197039 -0.00253033 -0.00254295 -0.0025537 -0.00256737
5.005 0 0 0 0 -0.00109428 -0.00109224 -0.0010879 -0.00108382 -0.00224764 -0.00224763 -0.00224689 -0.00224691 -0.00283659 -0.00284913 -0.00285988 -0.00287364
5.025 0 0 0 0 -0.00112723 -0.00112525 -0.0011209 -0.00111678 -0.00230358 -0.00230358 -0.00230284 -0.00230285 -0.00289283 -0.00290536 -0.00291611 -0.00292988
5.045 0 0 0 0 -0.00103336 -0.00103131 -0.00102697 -0.00102292 -0.00211776 -0.00211772 -0.00211697 -0.00211703 -0.00268752 -0.0027001 -0.00271085 -0.00272457
5.065 0 0 0 0 -0.000783635 -0.000781199 -0.000776856 -0.00077319 -0.00167691 -0.00167689 -0.00167614 -0.00167618 -0.00217628 -0.00218896 -0.0021997 -0.00221333
5.085 0 0 0 0 -0.000399809 -0.000396803 -0.00039246 -0.000389365 -0.000978967 -0.00097903 -0.000978284 -0.000978241 -0.00133318 -0.001346 -0.00135675 -0.00137023
5.105 0 0 0 0 4.46876e-05 4.8125e-05 5.24673e-05 5.51305e-05 -7.16584e-05 -7.17102e-05 -7.09652e-05 -7.09353e-05 -0.000197652 -0.00021072 -0.000221466 -0.000234702
5.125 0 0 0 0 0.000467122 0.000470733 0.000475077 0.000477571 0.000906817 0.000906842 0.000907587 0.000907542 0.00109547 0.0010821 0.00107135 0.00105842
5.145 0 0 0 0 0.000832566 0.0008363 0.000840644 0.000843012 0.00179577 0.00179577 0.00179652 0.0017965 0.00234733 0.00233367 0.00232293 0.00231028
5.165 0 0 0 0 0.001124 0.00112784 0.00113213 0.00113426 0.00247913 0.00247897 0.00247969 0.00247973 0.00333105 0.00331716 0.0033064 0.00329396
5.185 0 0 0 0 0.00131005 0.00131399 0.00131827 0.00132022 0.00288202 0.00288183 0.00288253 0.00288256 0.00385956 0.00384554 0.00383478 0.00382245
5.205 0 0 0 0 0.00136124 0.00136524 0.00136952 0.00137139 0.00294563 0.00294553 0.00294623 0.00294617 0.00386202 0.003848 0.00383724 0.00382491
5.225 0 0 0 0 0.001242 0.00124599 0.00125026 0.00125214 0.00262448 0.00262443 0.00262513 0.00262502 0.0033715 0.00335759 0.00334683 0.00333439
5.245 0 0 0 0 0.000927022 0.000930801 0.000935074 0.000937158 0.00193211 0.00193202 0.00193272 0.00193264 0.00247388 0.00246017 0.00244941 0.00243677
5.265 0 0 0 0 0.000468888 0.000472248 0.00047652 0.00047902 0.000989707 0.000989572 0.000990269 0.000990233 0.00130272 0.00128927 0.0012785 0.00126561
5.285 0 0 0 0 -3.41265e-05 -3.12614e-05 -2.69888e-05 -2.3994e-05 -3.97004e-05 -3.98329e-05 -3.91361e-05 -3.91747e-05 3.90164e-06 -9.28158e-06 -2.00457e-05 -3.32148e-05
5.305 0 0 0 0 -0.000490868 -0.000488396 -0.000484122 -0.000480727 -0.0010124 -0.0010125 -0.0010118 -0.00101187 -0.0012705 -0.00128341 -0.00129418 -0.00130762
5.325 0 0 0 0 -0.000823168 -0.00082085 -0.000816578 -0.000813036 -0.00179035 -0.00179045 -0.00178974 -0.00178981 -0.00233329 -0.00234596 -0.00235672 -0.00237041
5.345 0 0 0 0 -0.00102339 -0.00102113 -0.00101686 -0.00101326 -0.00228197 -0.00228208 -0.00228139 -0.00228149 -0.00302731 -0.00303982 -0.00305059 -0.00306445
5.365 0 0 0 0 -0.00115043 -0.00114844 -0.00114418 -0.00114036 -0.00249818 -0.00249821 -0.00249753 -0.00249773 -0.00330383 -0.0033163 -0.00332707 -0.00334098
5.385 0 0 0 0 -0.00119871 -0.00119699 -0.00119273 -0.00118862 -0.00247354 -0.00247354 -0.00247286 -0.00247309 -0.0031803 -0.00319282 -0.00320359 -0.00321744
5.405 0 0 0 0 -0.00112249 -0.00112079 -0.00111653 -0.0011124 -0.00222585 -0.00222595 -0.00222527 -0.0022254 -0.00274375 -0.00275638 -0.00276715 -0.0027809
5.425 0 0 0 0 -0.000866755 -0.000864733 -0.000860474 -0.000856676 -0.0017191 -0.0017193 -0.00171862 -0.00171865 -0.00207185 -0.0020846 -0.00209537 -0.002109
5.445 0 0 0 0 -0.000448612 -0.000446041 -0.000441784 -0.000438535 -0.000956414 -0.000956574 -0.000955897 -0.000955967 -0.00120825 -0.00122117 -0.00123194 -0.0012454
5.465 0 0 0 0 8.07526e-06 1.11101e-05 1.53673e-05 1.81501e-05 -7.54494e-05 -7.54755e-05 -7.47983e-05 -7.50044e-05 -0.000207472 -0.000220611 -0.000231382 -0.000244621
5.485 0 0 0 0 0.000387207 0.000390527 0.000394786 0.000397286 0.000743331 0.000743325 0.000744002 0.000743778 0.000851575 0.000838202 0.00082743 0.000814426
5.505 0 0 0 0 0.00063199 0.000635388 0.000639651 0.000642076 0.00137549 0.00137536 0.00137604 0.00137594 0.00181564 0.00180206 0.00179128 0.00177849
5.525 0 0 0 0 0.000755318 0.000758615 0.000762873 0.000765391 0.00177726 0.00177706 0.00177774 0.00177772 0.00248539 0.00247164 0.00246087 0.00244824
5.545 0 0 0 0 0.00083662 0.000839949 0.000844207 0.000846692 0.00196833 0.00196814 0.00196882 0.00196879 0.00274486 0.00273106 0.00272028 0.00270771
5.565 0 0 0 0 0.000901076 0.000904696 0.000908956 0.000911152 0.00195904 0.00195887 0.00195955 0.00195949 0.00259799 0.00258424 0.00257347 0.00256084
5.585 0 0 0 0 0.000847636 0.000851418 0.000855678 0.000857712 0.00170117 0.00170108 0.00170176 0.00170162 0.00211001 0.00209638 0.00208561 0.00207286
5.605 0 0 0 0 0.000578101 0.000581581 0.00058584 0.000588175 0.00114633 0.00114632 0.001147 0.00114677 0.00137019 0.0013567 0.00134593 0.00133304
5.625 0 0 0 0 0.000106832 0.00010964 0.000113899 0.000116904 0.000310597 0.000310568 0.000311245 0.000311042 0.000435824 0.000422515 0.000411743 0.000398674
5.645 0 0 0 0 -0.000434814 -0.00043267 -0.000428411 -0.000424736 -0.000681785 -0.000681923 -0.000681246 -0.000681339 -0.000664635 -0.000677718 -0.00068849 -0.000701784
5.665 0 0 0 0 -0.000883778 -0.000881985 -0.000877726 -0.000873701 -0.00163051 -0.00163071 -0.00163003 -0.00163006 -0.00185845 -0.00187126 -0.00188204 -0.0018956
5.685 0 0 0 0 -0.00116841 -0.00116665 -0.00116238 -0.00115832 -0.00238248 -0.00238259 -0.00238191 -0.00238203 -0.00299125 -0.00300381 -0.00301458 -0.0030284
5.705 0 0 0 0 -0.00130167 -0.00129978 -0.00129555 -0.0012917 -0.00286122 -0.00286124 -0.00286057 -0.00286083 -0.00382037 -0.00383273 -0.0038435 -0.00385753
5.725 0 0 0 0 -0.00134537 -0.00134337 -0.00133915 -0.00133545 -0.00304561 -0.00304565 -0.003045 -0.00304529 -0.00413487 -0.00414715 -0.00415794 -0.00417206
5.745 0 0 0 0 -0.00132724 -0.00132535 -0.00132113 -0.00131732 -0.0029175 -0.00291761 -0.00291697 -0.0029172 -0.00386283 -0.00387518 -0.00388596 -0.00390002
5.765 0 0 0 0 -0.00115543 -0.00115358 -0.00114936 -0.00114552 -0.00241008 -0.00241029 -0.00240965 -0.00240978 -0.00304267 -0.00305521 -0.00306599 -0.00307987
5.785 0 0 0 0 -0.000734826 -0.000732638 -0.000728421 -0.00072492 -0.00148858 -0.00148887 -0.00148823 -0.00148829 -0.00179776 -0.00181057 -0.00182135 -0.00183496
5.805 0 0 0 0 -7.61841e-05 -7.3236e-05 -6.90187e-05 -6.62786e-05 -0.000213756 -0.000214021 -0.000213381 -0.000213463 -0.0002624 -0.000275519 -0.000286303 -0.000299602
5.825 0 0 0 0 0.000668457 0.000672235 0.000676455 0.000678373 0.00122196 0.00122179 0.00122243 0.00122226 0.00142893 0.00141546 0.00140468 0.00139173
5.845 0 0 0 0 0.00133049 0.00133488 0.0013391 0.0013404 0.00258539 0.00258525 0.0025859 0.0025857 0.00314179 0.00312795 0.00311717 0.00310459
5.865 0 0 0 0 0.0018469 0.00185159 0.00185576 0.00185657 0.0037348 0.00373452 0.00373516 0.00373507 0.00472917 0.00471499 0.00470421 0.00469197
5.885 0 0 0 0 0.00220741 0.00221213 0.00221623 0.00221674 0.00459891 0.0045984 0.00459896 0.0045989 0.0059794 0.00596491 0.0059541 0.00594211
5.905 0 0 0 0 0.00239879 0.00240337 0.00240741 0.00240787 0.00509542 0.00509489 0.00509541 0.00509522 0.00666583 0.00665114 0.00664032 0.00662849
5.925 0 0 0 0 0.00237396 0.00237835 0.00238239 0.00238302 0.00508411 0.00508372 0.00508424 0.00508391 0.00661856 0.00660386 0.00659304 0.00658123
5.945 0 0 0 0 0.0020837 0.00208785 0.00209189 0.00209275 0.00445616 0.0044558 0.00445632 0.00445595 0.00578354 0.00576902 0.0057582 0.00574621
5.965 0 0 0 0 0.00156041 0.00156426 0.00156829 0.00156944 0.00328876 0.0032883 0.00328881 0.00328854 0.00427784 0.00426366 0.00425284 0.0042405
5.985 0 0 0 0 0.000841274 0.000844525 0.000848557 0.000850285 0.00175166 0.00175119 0.0017517 0.00175142 0.00228344 0.0022697 0.00225888 0.0022461
6.005 0 0 0 0 -7.12744e-06 -4.78304e-06 -7.5248e-07 1.89085e-06 1.21628e-05 1.18345e-05 1.23422e-05 1.19256e-05 2.14664e-05 8.18014e-06 -2.64413e-06 -1.58786e-05
6.025 0 0 0 0 -0.000871803 -0.000870277 -0.000866235 -0.000862755 -0.00176867 -0.00176893 -0.00176842 -0.00176888 -0.00225947 -0.00227228 -0.00228311 -0.00229682
6.045 0 0 0 0 -0.00170067 -0.00169998 -0.00169595 -0.00169168 -0.00346465 -0.00346494 -0.00346442 -0.00346486 -0.00438864 -0.004401 -0.00441182 -0.00442598
6.065 0 0 0 0 -0.00242405 -0.00242431 -0.00242043 -0.00241572 -0.0049188 -0.00491916 -0.00491872 -0.00491928 -0.00621061 -0.0062226 -0.00623344 -0.006248
6.085 0 0 0 0 -0.00294201 -0.00294299 -0.00293922 -0.00293424 -0.00597693 -0.00597734 -0.00597698 -0.00597771 -0.00756459 -0.00757631 -0.00758717 -0.00760204
6.105 0 0 0 0 -0.003215 -0.00321633 -0.00321262 -0.00320757 -0.00656361 -0.00656403 -0.00656371 -0.00656456 -0.00834308 -0.00835465 -0.00836553 -0.00838059
6.125 0 0 0 0 -0.00322014 -0.00322141 -0.00321771 -0.00321278 -0.00662321 -0.00662368 -0.00662335 -0.0066242 -0.00845181 -0.00846335 -0.00847423 -0.00848933
6.145 0 0 0 0 -0.00297106 -0.00297203 -0.00296834 -0.00296371 -0.00614034 -0.00614084 -0.00614052 -0.00614135 -0.00785428 -0.00786594 -0.00787682 -0.00789181
6.165 0 0 0 0 -0.00250986 -0.00251044 -0.00250675 -0.00250252 -0.00516567 -0.00516617 -0.00516586 -0.0051667 -0.00660115 -0.00661308 -0.00662396 -0.00663868
6.185 0 0 0 0 -0.00181013 -0.00181 -0.00180631 -0.00180282 -0.00373066 -0.00373125 -0.00373094 -0.0037317 -0.00474915 -0.00476147 -0.00477235 -0.00478669
6.205 0 0 0 0 -0.000854402 -0.000853123 -0.000849449 -0.000847116 -0.00185353 -0.00185429 -0.00185399 -0.0018546 -0.00237471 -0.00238749 -0.00239837 -0.00241225
6.225 0 0 0 0 0.000255587 0.000258104 0.000261779 0.000262919 0.000354735 0.000353956 0.000354257 0.00035367 0.000367148 0.000353801 0.000342916 0.0003296
6.245 0 0 0 0 0.00135254 0.00135596 0.00135962 0.00135982 0.0026469 0.00264625 0.00264656 0.00264586 0.003247 0.00323302 0.00322214 0.00320945
6.265 0 0 0 0 0.00226508 0.00226914 0.00227281 0.00227245 0.0046764 0.00467577 0.00467606 0.00467535 0.00593045 0.00591588 0.005905 0.00589293
6.285 0 0 0 0 0.00294957 0.00295384 0.00295741 0.00295635 0.00622192 0.00622098 0.00622122 0.00622061 0.00808849 0.00807343 0.00806254 0.0080509
6.305 0 0 0 0 0.00343188 0.00343639 0.00343985 0.00343805 0.00723132 0.00723003 0.00723018 0.00722961 0.00946542 0.00945003 0.0094391 0.0094277
6.325 0 0 0 0 0.00370591 0.00371066 0.00371403 0.00371171 0.00769623 0.00769495 0.00769508 0.0076944 0.00994289 0.0099274 0.00991647 0.00990516
6.345 0 0 0 0 0.00364957 0.00365428 0.00365765 0.00365534 0.00749072 0.00748967 0.00748979 0.00748887 0.00949562 0.00948021 0.00946927 0.00945787
6.365 0 0 0 0 0.00314129 0.0031454 0.00314877 0.00314703 0.00646529 0.00646435 0.00646445 0.00646342 0.00816208 0.00814693 0.00813599 0.00812433
6.385 0 0 0 0 0.00227037 0.00227364 0.002277 0.00227608 0.00472732 0.00472619 0.00472629 0.00472542 0.00609636 0.00608166 0.00607072 0.0060586
6.405 0 0 0 0 0.00122439 0.00122671 0.00123005 0.00123007 0.00259446 0.00259317 0.00259326 0.00259254 0.00348938 0.00347525 0.00346431 0.00345163
6.425 0 0 0 0 0.000161989 0.000163247 0.000166585 0.000167677 0.000373615 0.00037247 0.000372562 0.000371683 0.000575032 0.000561499 0.000550555 0.000537268
6.445 0 0 0 0 -0.000786738 -0.000786134 -0.000782768 -0.00078093 -0.0017195 -0.00172042 -0.0017203 -0.00172138 -0.00229258 -0.00230551 -0.00231645 -0.00233035
6.465 0 0 0 0 -0.00159175 -0.00159169 -0.00158835 -0.00158598 -0.00354316 -0.00354409 -0.003544 -0.0035451 -0.00474736 -0.00475973 -0.00477066 -0.0047851
6.485 0 0 0 0 -0.00231274 -0.00231335 -0.00230999 -0.0023069 -0.00500151 -0.00500243 -0.00500235 -0.00500342 -0.00656971 -0.0065817 -0.00659263 -0.00660745
6.505 0 0 0 0 -0.00288298 -0.00288454 -0.00288117 -0.00287716 -0.00597186 -0.00597272 -0.00597263 -0.00597375 -0.00764863 -0.00766043 -0.00767136 -0.00768636
6.525 0 0 0 0 -0.00313572 -0.00313776 -0.00313438 -0.00312988 -0.00634139 -0.00634228 -0.00634219 -0.00634326 -0.00796953 -0.00798128 -0.00799222 -0.00800727
6.545 0 0 0 0 -0.00294994 -0.00295165 -0.00294827 -0.00294411 -0.00601656 -0.00601757 -0.00601748 -0.00601844 -0.00755268 -0.0075645 -0.00757543 -0.00759042
6.565 0 0 0 0 -0.00239985 -0.0024008 -0.00239743 -0.00239403 -0.00503079 -0.00503175 -0.00503166 -0.00503268 -0.00645292 -0.00646495 -0.00647589 -0.00649066
6.585 0 0 0 0 -0.00168029 -0.0016806 -0.00167724 -0.00167451 -0.00359272 -0.0035935 -0.00359342 -0.00359463 -0.00476022 -0.00477263 -0.00478356 -0.00479796
6.605 0 0 0 0 -0.000888583 -0.000888209 -0.000884858 -0.000882827 -0.00191379 -0.00191462 -0.00191454 -0.00191571 -0.00257191 -0.00258479 -0.00259572 -0.00260966
6.625 0 0 0 0 -7.18501e-06 -5.82659e-06 -2.47341e-06 -1.40719e-06 -5.9627e-05 -6.0778e-05 -6.06977e-05 -6.15508e-05 -3.79794e-05 -5.13583e-05 -6.22988e-05 -7.5736e-05
6.645 0 0 0 0 0.000916333 0.000918467 0.000921823 0.000922106 0.00190447 0.00190321 0.0019033 0.00190257 0.00255429 0.00254036 0.00252942 0.00251653
6.665 0 0 0 0 0.00181475 0.00181757 0.00182091 0.0018205 0.00380865 0.00380756 0.00380765 0.00380673 0.00492439 0.00490993 0.00489899 0.00488665
6.685 0 0 0 0 0.00257693 0.00258045 0.00258382 0.00258274 0.00536341 0.00536243 0.00536252 0.00536151 0.00683585 0.00682097 0.00681003 0.0067981
6.705 0 0 0 0 0.00302927 0.00303327 0.00303663 0.00303503 0.00629082 0.00628975 0.00628983 0.00628894 0.00805384 0.00803873 0.00802779 0.00801611
6.725 0 0 0 0 0.00309631 0.00310032 0.00310368 0.00310209 0.00649902 0.00649785 0.00649796 0.00649717 0.00842092 0.00840572 0.00839478 0.00838317
6.745 0 0 0 0 0.00272856 0.00273184 0.0027352 0.00273432 0.00591398 0.00591293 0.00591304 0.00591212 0.00776717 0.00775207 0.00774113 0.00772943
6.765 0 0 0 0 0.00199211 0.0019944 0.00199776 0.00199785 0.00451537 0.00451443 0.00451453 0.00451349 0.0060399 0.00602512 0.00601418 0.00600215
6.785 0 0 0 0 0.00107999 0.00108172 0.00108507 0.0010857 0.0024996 0.00249852 0.00249861 0.00249769 0.00343903 0.00342484 0.00341391 0.00340128
6.805 0 0 0 0 4.2682e-05 4.38365e-05 4.71807e-05 4.84031e-05 0.000132022 0.000130899 0.00013099 0.000130096 0.000262445 0.000248976 0.000238033 0.000224683
6.825 0 0 0 0 -0.0011163 -0.00111615 -0.00111281 -0.00111055 -0.00235616 -0.002357 -0.00235689 -0.00235803 -0.0031005 -0.00311327 -0.00312422 -0.00313827
6.845 0 0 0 0 -0.00227093 -0.00227195 -0.0022686 -0.00226513 -0.00474306 -0.00474377 -0.00474369 -0.00474497 -0.00619398 -0.0062061 -0.00621702 -0.0062317
6.865 0 0 0 0 -0.0032505 -0.00325234 -0.00324895 -0.00324467 -0.00676051 -0.00676138 -0.00676127 -0.00676237 -0.00865856 -0.00867014 -0.00868108 -0.00869632
6.885 0 0 0 0 -0.00394777 -0.00395072 -0.00394761 -0.00394315 -0.00814333 -0.0081445 -0.00814454 -0.00814576 -0.0103194 -0.0103307 -0.0103417 -0.0103573
6.905 0 0 0 0 -0.00421905 -0.00422249 -0.00421947 -0.00421475 -0.00867467 -0.0086758 -0.00867588 -0.00867731 -0.0110256 -0.0110367 -0.0110477 -0.0110635
6.925 0 0 0 0 -0.00388144 -0.0038842 -0.00388116 -0.00387713 -0.0081741 -0.00817526 -0.00817533 -0.00817672 -0.0105393 -0.0105505 -0.0105615 -0.0105772
6.945 0 0 0 0 -0.00305089 -0.00305244 -0.0030494 -0.0030466 -0.0066851 -0.00668634 -0.00668642 -0.00668774 -0.00880373 -0.00881526 -0.00882625 -0.00884167
6.965 0 0 0 0 -0.00193935 -0.0019399 -0.00193687 -0.00193511 -0.00438687 -0.00438807 -0.00438816 -0.00438957 -0.00591655 -0.0059287 -0.00593969 -0.00595448
6.985 0 0 0 0 -0.000654225 -0.000653927 -0.000650917 -0.000650049 -0.00153738 -0.00153861 -0.00153872 -0.00154013 -0.00213525 -0.00214824 -0.00215924 -0.0021732
7.005 0 0 0 0 0.000793209 0.000794732 0.000797774 0.000797555 0.00162057 0.00161912 0.00161902 0.00161788 0.00212889 0.00211499 0.00210399 0.00209093
7.025 0 0 0 0 0.00234473 0.00234777 0.00235081 0.00234901 0.00486388 0.00486224 0.00486211 0.00486116 0.00637349 0.00635872 0.00634774 0.00633558
7.045 0 0 0 0 0.00374469 0.00374887 0.00375191 0.00374896 0.00779419 0.00779275 0.0077927 0.00779163 0.0100368 0.0100212 0.0100103 0.00999889
7.065 0 0 0 0 0.00468975 0.00469409 0.00469663 0.00469305 0.00986165 0.00986008 0.00985974 0.00985803 0.0126197 0.0126034 0.0125924 0.0125816
7.085 0 0 0 0 0.00508871 0.00509356 0.00509601 0.00509258 0.0107322 0.0107303 0.0107299 0.0107281 0.0138386 0.013822 0.0138109 0.0138003
7.105 0 0 0 0 0.00486719 0.0048719 0.00487438 0.00487107 0.0103117 0.0103096 0.0103092 0.0103077 0.0134605 0.013444 0.013433 0.0134222
7.125 0 0 0 0 0.00402843 0.00403198 0.00403446 0.00403201 0.00868014 0.0086781 0.00867767 0.00867604 0.011409 0.0113929 0.0113818 0.0113707
7.145 0 0 0 0 0.00278844 0.00279062 0.00279308 0.00279153 0.00606564 0.00606375 0.00606328 0.00606141 0.00795465 0.00793927 0.00792817 0.00791633
7.165 0 0 0 0 0.00132924 0.00133033 0.00133277 0.00133175 0.00277754 0.00277555 0.00277505 0.0027732 0.00358187 0.00356748 0.00355638 0.00354355
7.185 0 0 0 0 -0.000299161 -0.000299364 -0.00029693 -0.000297068 -0.000813043 -0.000814983 -0.000815484 -0.000817286 -0.00115949 -0.00117284 -0.00118394 -0.00119783
7.205 0 0 0 0 -0.001963 -0.00196503 -0.00196265 -0.00196133 -0.00427923 -0.00428105 -0.00428157 -0.00428354 -0.00566197 -0.00567435 -0.00568542 -0.00570023
7.225 0 0 0 0 -0.00346048 -0.00346409 -0.00346161 -0.00345869 -0.00727427 -0.0072759 -0.00727632 -0.00727837 -0.00942925 -0.00944087 -0.00945196 -0.00946753
7.245 0 0 0 0 -0.00451129 -0.00451574 -0.00451334 -0.00450949 -0.00942175 -0.00942367 -0.00942419 -0.00942627 -0.0120636 -0.0120747 -0.0120858 -0.012102
7.265 0 0 0 0 -0.00500964 -0.00501398 -0.00501185 -0.00500749 -0.0104653 -0.0104674 -0.0104681 -0.0104703 -0.013379 -0.0133898 -0.0134009 -0.0134175
7.285 0 0 0 0 -0.00498726 -0.00499181 -0.00498972 -0.00498519 -0.0103708 -0.0103727 -0.0103734 -0.0103758 -0.0133324 -0.0133433 -0.0133545 -0.013371
7.305 0 0 0 0 -0.00447191 -0.0044762 -0.00447411 -0.00447003 -0.00926803 -0.00926987 -0.00927055 -0.00927314 -0.0119514 -0.0119626 -0.0119738 -0.01199
7.325 0 0 0 0 -0.00356025 -0.00356381 -0.00356173 -0.0035587 -0.00736375 -0.0073658 -0.00736651 -0.00736894 -0.00942921 -0.00944092 -0.00945206 -0.00946774
7.345 0 0 0 0 -0.00240085 -0.00240364 -0.00240156 -0.0023997 -0.0048731 -0.00487532 -0.00487605 -0.00487836 -0.00612435 -0.00613677 -0.00614793 -0.0061629
7.365 0 0 0 0 -0.00108614 -0.00108802 -0.00108596 -0.00108522 -0.002034 -0.00203621 -0.00203697 -0.00203935 -0.002437 -0.00245023 -0.00246138 -0.00247554
7.385 0 0 0 0 0.000302109 0.000301536 0.000303615 0.000303301 0.000852812 0.000850629 0.000849886 0.000847589 0.00124528 0.00123126 0.00122009 0.0012067
7.405 0 0 0 0 0.00162246 0.00162333 0.00162536 0.00162369 0.00348933 0.00348702 0.00348628 0.00348407 0.00457337 0.00455869 0.00454754 0.00453484
7.425 0 0 0 0 0.00276444 0.0027668 0.00276898 0.00276616 0.00570716 0.00570475 0.00570402 0.00570196 0.00733373 0.00731851 0.00730736 0.0072952
7.445 0 0 0 0 0.00361939 0.00362279 0.00362494 0.0036213 0.00738346 0.00738106 0.0073804 0.0073784 0.00939167 0.00937603 0.00936489 0.00935315
7.465 0 0 0 0 0.0040694 0.00407316 0.00407528 0.00407142 0.00834887 0.00834656 0.00834587 0.00834379 0.010608 0.0105921 0.0105809 0.0105695
7.485 0 0 0 0 0.00411005 0.00411374 0.00411587 0.00411209 0.00851015 0.00850779 0.0085071 0.00850505 0.0108962 0.0108802 0.0108691 0.0108577
7.505 0 0 0 0 0.00379142 0.00379476 0.00379689 0.00379334 0.00789291 0.00789042 0.00788973 0.00788779 0.0102056 0.0101898 0.0101787 0.0101671
7.525 0 0 0 0 0.00319042 0.00319314 0.00319526 0.00319211 0.00663008 0.00662758 0.00662687 0.00662493 0.0085862 0.00857071 0.00855956 0.00854767
7.545 0 0 0 0 0.00241167 0.00241366 0.00241578 0.00241305 0.00491139 0.00490897 0.00490825 0.00490617 0.00626239 0.0062474 0.00623625 0.00622385
7.565 0 0 0 0 0.00147158 0.00147266 0.00147475 0.0014727 0.00286404 0.00286172 0.00286097 0.00285874 0.00351479 0.00350039 0.00348923 0.00347625
7.585 0 0 0 0 0.000315156 0.000315014 0.000317116 0.000316318 0.000538875 0.000536696 0.000535967 0.000533616 0.000555386 0.000541571 0.00053041 0.000516825
7.605 0 0 0 0 -0.000936272 -0.00093754 -0.000935404 -0.000934986 -0.00188654 -0.00188869 -0.00188941 -0.00189173 -0.00238512 -0.00239834 -0.0024095 -0.00242369
7.625 0 0 0 0 -0.00211036 -0.00211301 -0.00211093 -0.00210909 -0.00417807 -0.00418031 -0.00418106 -0.00418336 -0.00515087 -0.00516349 -0.00517463 -0.00518936
7.645 0 0 0 0 -0.00301393 -0.00301725 -0.00301511 -0.00301231 -0.00605325 -0.00605545 -0.00605618 -0.00605845 -0.0075452 -0.00755733 -0.00756848 -0.00758375
7.665 0 0 0 0 -0.0035093 -0.0035127 -0.00351059 -0.00350757 -0.00726662 -0.0072687 -0.00726936 -0.00727167 -0.0092773 -0.00928903 -0.00930017 -0.00931582
7.685 0 0 0 0 -0.0035983 -0.00360138 -0.00359927 -0.00359654 -0.00768738 -0.0076894 -0.00769008 -0.00769246 -0.010039 -0.0100505 -0.0100617 -0.0100775
7.705 0 0 0 0 -0.00337168 -0.00337446 -0.00337236 -0.00337 -0.00730216 -0.00730417 -0.00730486 -0.00730728 -0.00963197 -0.00964358 -0.00965472 -0.00967049
7.725 0 0 0 0 -0.00290356 -0.00290625 -0.00290414 -0.00290205 -0.00618598 -0.00618803 -0.00618873 -0.00619114 -0.00807904 -0.008091 -0.00810215 -0.00811757
7.745 0 0 0 0 -0.00221313 -0.00221574 -0.00221364 -0.00221188 -0.0044874 -0.00448955 -0.00449027 -0.00449262 -0.00565852 -0.00567104 -0.00568219 -0.00569705
7.765 0 0 0 0 -0.00123219 -0.00123408 -0.00123199 -0.00123112 -0.00232499 -0.00232732 -0.00232807 -0.00233028 -0.00272656 -0.00273971 -0.00275087 -0.00276511
7.785 0 0 0 0 3.4096e-05 3.36831e-05 3.57933e-05 3.53235e-05 0.000173599 0.000171179 0.00017044 0.000168361 0.00039792 0.000384142 0.000372981 0.00035936
7.805 0 0 0 0 0.0013944 0.00139545 0.00139756 0.00139567 0.00276693 0.00276461 0.00276391 0.00276176 0.00346754 0.00345314 0.00344198 0.00342898
7.825 0 0 0 0 0.0025864 0.00258885 0.00259097 0.002588 0.00511621 0.00511403 0.00511329 0.005111 0.00629702 0.00628203 0.00627089 0.00625852
7.845 0 0 0 0 0.00345618 0.0034595 0.00346163 0.00345802 0.00695624 0.00695394 0.0069532 0.00695107 0.00871933 0.00870383 0.00869268 0.0086808
7.865 0 0 0 0 0.00389395 0.00389742 0.00389956 0.00389593 0.00808547 0.00808302 0.00808232 0.00808035 0.0104126 0.0103967 0.0103856 0.0103741
7.885 0 0 0 0 0.00389299 0.00389595 0.00389809 0.003895 0.00837329 0.00837089 0.00837021 0.00836821 0.0110063 0.0109903 0.0109791 0.0109678
7.905 0 0 0 0 0.00355362 0.003556 0.00355813 0.0035555 0.00777012 0.00776778 0.00776709 0.00776502 0.0102889 0.010273 0.0102619 0.0102504
7.925 0 0 0 0 0.002936 0.00293802 0.00294014 0.00293763 0.00631497 0.00631261 0.0063119 0.00630981 0.00829383 0.00827834 0.00826719 0.00825529
7.945 0 0 0 0 0.00198738 0.00198872 0.00199082 0.00198864 0.00411696 0.00411464 0.00411391 0.0041117 0.00526668 0.00525187 0.00524072 0.00522814
7.965 0 0 0 0 0.00068887 0.000688995 0.000691075 0.000689963 0.00135325 0.00135109 0.00135035 0.00134794 0.00160809 0.00159404 0.00158288 0.00156953
7.985 0 0 0 0 -0.0008081 -0.000809153 -0.000807051 -0.000806808 -0.0016887 -0.00169078 -0.00169152 -0.00169392 -0.00221972 -0.00223297 -0.00224414 -0.00225829
8.005 0 0 0 0 -0.00226842 -0.00227096 -0.00226891 -0.00226714 -0.0046317 -0.00463394 -0.00463469 -0.00463694 -0.00583076 -0.00584322 -0.00585435 -0.00586926
8.025 0 0 0 0 -0.00344449 -0.00344791 -0.00344581 -0.0034428 -0.00705594 -0.00705814 -0.00705886 -0.00706107 -0.00888616 -0.00889797 -0.00890913 -0.0089247
8.045 0 0 0 0 -0.00407809 -0.00408169 -0.00407958 -0.00407619 -0.00854977 -0.00855193 -0.00855263 -0.00855489 -0.0109607 -0.010972 -0.0109832 -0.0109992
8.065 0 0 0 0 -0.00413376 -0.00413699 -0.00413488 -0.00413184 -0.00892609 -0.00892815 -0.00892883 -0.00893116 -0.0116984 -0.0117095 -0.0117207 -0.0117369
8.085 0 0 0 0 -0.00373914 -0.00374196 -0.00373986 -0.00373738 -0.00821019 -0.00821219 -0.00821288 -0.00821529 -0.0109092 -0.0109205 -0.0109317 -0.0109477
8.105 0 0 0 0 -0.00302763 -0.00303023 -0.00302814 -0.00302614 -0.00656667 -0.00656871 -0.00656942 -0.00657184 -0.00867262 -0.00868443 -0.00869559 -0.00871115
8.125 0 0 0 0 -0.00209336 -0.00209586 -0.00209377 -0.00209222 -0.00426846 -0.00427062 -0.00427136 -0.00427373 -0.00540877 -0.00542134 -0.00543249 -0.00544731
8.145 0 0 0 0 -0.000942221 -0.000944143 -0.000942079 -0.000941225 -0.00159262 -0.00159494 -0.00159569 -0.00159795 -0.00170366 -0.00171705 -0.00172821 -0.00174221
8.165 0 0 0 0 0.000465147 0.000464666 0.00046677 0.000466457 0.00127184 0.00126938 0.00126864 0.00126663 0.00197006 0.00195591 0.00194475 0.00193149
8.185 0 0 0 0 0.00196852 0.00196999 0.00197205 0.00196982 0.00408402 0.00408158 0.00408083 0.00407875 0.00528965 0.00527486 0.00526371 0.00525113
8.205 0 0 0 0 0.00324311 0.00324623 0.00324839 0.00324493 0.00648709 0.00648487 0.00648413 0.00648189 0.00806091 0.00804554 0.00803439 0.00802238
8.225 0 0 0 0 0.0040342 0.00403809 0.00404023 0.00403624 0.00813738 0.00813523 0.00813456 0.00813232 0.0101491 0.0101333 0.0101222 0.0101106
8.245 0 0 0 0 0.00428437 0.00428826 0.0042904 0.00428647 0.00887021 0.00886783 0.00886715 0.00886514 0.0113656 0.0113495 0.0113383 0.0113271
8.265 0 0 0 0 0.00409998 0.00410337 0.00410549 0.00410202 0.00872795 0.00872538 0.00872469 0.00872286 0.0114765 0.0114604 0.0114493 0.011438
8.285 0 0 0 0 0.00360895 0.0036116 0.00361372 0.00361081 0.00780026 0.00779777 0.00779707 0.00779513 0.0103261 0.0103102 0.010299 0.0102875
8.305 0 0 0 0 0.00280903 0.0028108 0.00281291 0.00281058 0.00606374 0.00606151 0.00606079 0.00605855 0.00791763 0.0079022 0.00789105 0.00787909
8.325 0 0 0 0 0.00164488 0.00164556 0.00164765 0.00164605 0.00350888 0.00350677 0.00350602 0.00350359 0.00447876 0.00446407 0.00445292 0.00444022
8.345 0 0 0 0 0.000134155 0.000133588 0.000135683 0.000135285 0.000315377 0.0003132 0.000312462 0.000310088 0.00039157 0.00037776 0.0003666 0.00035301
8.365 0 0 0 0 -0.00155353 -0.00155552 -0.00155345 -0.00155235 -0.0031231 -0.00312531 -0.00312601 -0.00312832 -0.00390323 -0.00391612 -0.00392729 -0.00394179
8.385 0 0 0 0 -0.00319923 -0.00320278 -0.0032006 -0.00319747 -0.00640632 -0.0064084 -0.00640912 -0.00641149 -0.00802491 -0.00803695 -0.00804808 -0.00806341
8.405 0 0 0 0 -0.00455728 -0.00456201 -0.00455989 -0.00455528 -0.00919232 -0.00919424 -0.00919491 -0.00919738 -0.0115992 -0.0116105 -0.0116216 -0.0116377
8.425 0 0 0 0 -0.00535527 -0.00535977 -0.00535774 -0.00535273 -0.0110793 -0.0110813 -0.011082 -0.0110844 -0.014138 -0.0141487 -0.0141598 -0.0141765
8.445 0 0 0 0 -0.00548014 -0.00548322 -0.00548117 -0.00547653 -0.0116914 -0.0116939 -0.0116947 -0.0116971 -0.0151502 -0.0151607 -0.0151719 -0.015189
8.465 0 0 0 0 -0.00505792 -0.0050606 -0.00505854 -0.00505452 -0.0109477 -0.01095 -0.0109509 -0.0109535 -0.0143857 -0.0143963 -0.0144075 -0.0144244
8.485 0 0 0 0 -0.00424258 -0.0042454 -0.00424339 -0.00423988 -0.00905371 -0.00905585 -0.00905673 -0.00905958 -0.0119005 -0.0119117 -0.0119229 -0.0119392
8.505 0 0 0 0 -0.00306325 -0.00306597 -0.00306401 -0.00306145 -0.00629945 -0.00630182 -0.00630274 -0.00630548 -0.00804866 -0.00806074 -0.00807195 -0.00808745
8.525 0 0 0 0 -0.00150233 -0.00150423 -0.00150231 -0.00150149 -0.00289517 -0.00289798 -0.00289896 -0.00290141 -0.00339294 -0.003406 -0.00341721 -0.00343174
8.545 0 0 0 0 0.000322183 0.000321627 0.000323526 0.000322735 0.000888838 0.000886094 0.000885142 0.0008828 0.0014333 0.00141921 0.00140797 0.00139446
8.565 0 0 0 0 0.0021246 0.00212553 0.00212728 0.0021248 0.00455072 0.00454824 0.00454723 0.00454449 0.00587418 0.00585913 0.00584793 0.00583543
8.585 0 0 0 0 0.00361345 0.00361603 0.00361791 0.00361428 0.00752766 0.00752528 0.00752439 0.0075217 0.00954082 0.00952499 0.00951378 0.00950204
8.605 0 0 0 0 0.00457769 0.00458151 0.00458343 0.00457884 0.00948051 0.00947781 0.00947691 0.00947452 0.0121396 0.0121233 0.0121121 0.0121009
8.625 0 0 0 0 0.00485795 0.0048618 0.0048637 0.00485917 0.01025 0.0102473 0.0102464 0.0102441 0.0133268 0.0133102 0.013299 0.0132881
8.645 0 0 0 0 0.00447437 0.00447717 0.00447904 0.00447543 0.00975155 0.00974898 0.00974808 0.00974558 0.0128341 0.0128175 0.0128063 0.0127954
8.665 0 0 0 0 0.00364113 0.00364298 0.00364485 0.00364187 0.00804392 0.00804134 0.00804043 0.00803788 0.0106705 0.0106544 0.0106431 0.0106317
8.685 0 0 0 0 0.00248284 0.00248402 0.00248588 0.00248309 0.00535417 0.00535138 0.00535044 0.00534802 0.0070889 0.00707361 0.00706239 0.00705012
8.705 0 0 0 0 0.000963297 0.000963248 0.000965122 0.000963462 0.00197138 0.00196874 0.00196775 0.00196512 0.00251405 0.00249975 0.00248853 0.00247525
8.725 0 0 0 0 -0.000824709 -0.000825645 -0.000823662 -0.000823487 -0.00177485 -0.00177702 -0.00177796 -0.00178085 -0.00243392 -0.00244721 -0.00245843 -0.00247273
8.745 0 0 0 0 -0.00258005 -0.00258211 -0.00258017 -0.00257823 -0.00543732 -0.00543968 -0.00544063 -0.00544334 -0.00706235 -0.0070746 -0.00708578 -0.00710108
8.765 0 0 0 0 -0.00402668 -0.0040293 -0.00402731 -0.00402405 -0.00847766 -0.00848025 -0.0084811 -0.00848343 -0.0108293 -0.0108407 -0.010852 -0.0108681
8.785 0 0 0 0 -0.00500793 -0.00501121 -0.00500917 -0.00500466 -0.0104723 -0.0104748 -0.0104756 -0.0104781 -0.0133921 -0.0134029 -0.0134141 -0.0134308
8.805 0 0 0 0 -0.00538703 -0.00539072 -0.00538866 -0.00538351 -0.0112343 -0.0112365 -0.0112373 -0.01124 -0.0144809 -0.0144915 -0.0145027 -0.0145196
8.825 0 0 0 0 -0.00503156 -0.00503468 -0.00503263 -0.00502827 -0.0106726 -0.0106749 -0.0106758 -0.0106784 -0.0138492 -0.01386 -0.0138712 -0.013888
8.845 0 0 0 0 -0.00399099 -0.00399298 -0.00399097 -0.00398836 -0.00874292 -0.00874557 -0.00874646 -0.00874878 -0.0114333 -0.0114445 -0.0114557 -0.0114721
8.865 0 0 0 0 -0.00242743 -0.00242861 -0.00242665 -0.00242588 -0.00553148 -0.00553416 -0.00553509 -0.00553753 -0.00738248 -0.00739455 -0.00740576 -0.00742126
8.885 0 0 0 0 -0.000496709 -0.000497037 -0.000495122 -0.000496069 -0.00138014 -0.0013827 -0.00138369 -0.00138638 -0.00205769 -0.00207097 -0.00208219 -0.0020965
8.905 0 0 0 0 0.00160372 0.00160446 0.00160641 0.00160398 0.00316005 0.00315745 0.00315652 0.00315398 0.00391814 0.00390356 0.00389233 0.00387931
8.925 0 0 0 0 0.00362041 0.00362328 0.00362525 0.0036214 0.0075243 0.00752147 0.00752057 0.0075183 0.00973233 0.00971654 0.00970535 0.0096936
8.945 0 0 0 0 0.00532115 0.00532556 0.00532739 0.00532275 0.0112136 0.0112108 0.0112099 0.0112076 0.0145816 0.0145647 0.0145535 0.0145428
8.965 0 0 0 0 0.00660123 0.00660828 0.00661029 0.00660998 0.0138577 0.0138555 0.0138544 0.0138523 0.0179129 0.0178951 0.0178838 0.0178738
8.985 0 0 0 0 0.00734871 0.00735862 0.00736101 0.00736453 0.0151701 0.0151686 0.0151679 0.0151661 0.0193954 0.0193771 0.0193659 0.0193562
9.005 0 0 0 0 0.00742071 0.00743134 0.00743354 0.00743648 0.0150002 0.0149985 0.0149978 0.0149961 0.0189639 0.0189458 0.0189345 0.0189247
9.025 0 0 0 0 0.00666837 0.00667801 0.00668014 0.00668246 0.013351 0.013349 0.0133482 0.0133464 0.0167648 0.0167472 0.0167359 0.0167256
9.045 0 0 0 0 0.00505662 0.00506314 0.00506517 0.00506722 0.0102975 0.0102955 0.0102945 0.0102921 0.0129915 0.0129747 0.0129634 0.0129523
9.065 0 0 0 0 0.0027933 0.00279552 0.00279735 0.00279892 0.00603898 0.00603644 0.00603521 0.00603238 0.00786633 0.00785051 0.00783916 0.00782699
9.085 0 0 0 0 0.00021267 0.000211024 0.000212648 0.000213503 0.000965837 0.000962572 0.000961051 0.000957941 0.00166917 0.00165468 0.00164329 0.00162976
9.105 0 0 0 0 -0.00236292 -0.00236803 -0.0023672 -0.00236653 -0.00439148 -0.00439489 -0.00439641 -0.00439984 -0.00516243 -0.00517542 -0.00518678 -0.00520175
9.125 0 0 0 0 -0.00468762 -0.00469343 -0.0046923 -0.004689 -0.00947874 -0.00948198 -0.00948339 -0.00948692 -0.0119467 -0.0119582 -0.0119695 -0.011986
9.145 0 0 0 0 -0.00659463 -0.00659694 -0.0065961 -0.00659024 -0.0137705 -0.0137733 -0.0137748 -0.0137779 -0.0177945 -0.0178047 -0.0178161 -0.017834
9.165 0 0 0 0 -0.0079991 -0.00798849 -0.00798652 -0.00797487 -0.0168129 -0.0168132 -0.0168135 -0.0168136 -0.0218026 -0.0218118 -0.0218231 -0.0218423
9.185 0 0 0 0 -0.008812 -0.00879094 -0.00878772 -0.00876957 -0.0182839 -0.0182834 -0.018283 -0.0182812 -0.0233993 -0.023408 -0.0234192 -0.0234389
9.205 0 0 0 0 -0.00888571 -0.00886552 -0.00886273 -0.00884376 -0.0179447 -0.0179446 -0.0179444 -0.0179428 -0.0225149 -0.0225239 -0.0225351 -0.0225545
9.225 0 0 0 0 -0.00800272 -0.00798622 -0.00798356 -0.00796606 -0.0157363 -0.0157367 -0.0157368 -0.0157363 -0.0194538 -0.0194636 -0.019475 -0.0194936
9.245 0 0 0 0 -0.00600034 -0.00598828 -0.00598596 -0.00597358 -0.0118113 -0.0118126 -0.0118132 -0.011814 -0.0145891 -0.0146001 -0.0146115 -0.0146291
9.265 0 0 0 0 -0.00305947 -0.00305235 -0.00305064 -0.0030465 -0.0064733 -0.0064759 -0.00647722 -0.00647931 -0.00825089 -0.00826323 -0.00827481 -0.00829114
9.285 0 0 0 0 0.000306134 0.000308847 0.000310298 0.000308184 -0.000193716 -0.000197287 -0.000199322 -0.000202903 -0.000779235 -0.000793231 -0.000804934 -0.000819707
9.305 0 0 0 0 0.00354012 0.00354329 0.003543 0.00353847 0.00638733 0.00638318 0.00638107 0.00637685 0.00737745 0.00736173 0.00735014 0.00733722
9.325 0 0 0 0 0.00634254 0.00634955 0.00635 0.00634886 0.0125416 0.0125384 0.0125368 0.012533 0.0155264 0.0155088 0.0154972 0.0154861
9.345 0 0 0 0 0.00863467 0.00864957 0.00865019 0.00866321 0.0176795 0.0176784 0.0176773 0.0176761 0.0226632 0.0226437 0.0226323 0.0226229
9.365 0 0 0 0 0.0104556 0.0104936 0.010498 0.0105512 0.0215348 0.0215409 0.0215433 0.0215502 0.0277361 0.0277154 0.0277044 0.0276966
9.385 0 0 0 0 0.0118335 0.0118951 0.0119039 0.0119995 0.0239748 0.0239854 0.0239899 0.0239993 0.0301559 0.0301345 0.0301238 0.0301166
9.405 0 0 0 0 0.0126807 0.0127454 0.012754 0.0128525 0.0246302 0.0246413 0.0246459 0.0246548 0.0299801 0.0299588 0.0299482 0.0299409
9.425 0 0 0 0 0.0128211 0.0128802 0.0128826 0.0129671 0.023231 0.0232389 0.0232431 0.0232521 0.0276868 0.0276664 0.0276556 0.0276471
9.445 0 0 0 0 0.0116474 0.0117009 0.0117022 0.0117711 0.0200601 0.0200637 0.0200669 0.0200755 0.0236818 0.0236626 0.0236514 0.0236414
9.465 0 0 0 0 0.00884501 0.00888337 0.0088841 0.00893883 0.0155628 0.0155656 0.0155675 0.0155724 0.0183071 0.0182888 0.0182775 0.0182667
9.485 0 0 0 0 0.00504528 0.0050632 0.00506351 0.005102 0.00986794 0.00987009 0.00987083 0.00987168 0.011907 0.0118892 0.0118773 0.0118654
9.505 0 0 0 0 0.0011868 0.00118602 0.00118573 0.00120234 0.00321399 0.00321218 0.00321121 0.00321024 0.00465046 0.00463425 0.00462229 0.00460871
9.525 0 0 0 0 -0.0022404 -0.00223964 -0.00223835 -0.00223927 -0.00364914 -0.00365365 -0.00365597 -0.00365855 -0.00338985 -0.00340419 -0.00341641 -0.00343201
9.545 0 0 0 0 -0.00498905 -0.00498183 -0.00498066 -0.0049738 -0.00976308 -0.00976791 -0.00977034 -0.00977282 -0.0116763 -0.0116884 -0.0116999 -0.0117172
9.565 0 0 0 0 -0.00691099 -0.00689794 -0.00689774 -0.00688705 -0.0145231 -0.0145252 -0.0145265 -0.0145279 -0.0189193 -0.0189298 -0.0189418 -0.018961
9.585 0 0 0 0 -0.00814817 -0.00813018 -0.00813028 -0.00811789 -0.017779 -0.0177777 -0.0177784 -0.0177777 -0.0237204 -0.0237295 -0.023741 -0.0237612
9.605 0 0 0 0 -0.00891669 -0.00888562 -0.00888423 -0.0088649 -0.0193878 -0.0193849 -0.0193843 -0.0193797 -0.0253508 -0.0253593 -0.0253708 -0.0253916
9.625 0 0 0 0 -0.00921338 -0.00918415 -0.00918345 -0.00916269 -0.0191097 -0.0191083 -0.0191078 -0.0191033 -0.0239902 -0.023999 -0.0240102 -0.0240306
9.645 0 0 0 0 -0.00872125 -0.00869847 -0.00869721 -0.00867544 -0.0167993 -0.0167988 -0.016799 -0.0167973 -0.0203505 -0.0203608 -0.0203724 -0.0203918
9.665 0 0 0 0 -0.00688058 -0.00686601 -0.0068651 -0.00684824 -0.0127084 -0.0127093 -0.0127105 -0.0127118 -0.0151313 -0.0151431 -0.0151548 -0.0151728
9.685 0 0 0 0 -0.00370307 -0.00369551 -0.00369571 -0.00369037 -0.00728847 -0.00729159 -0.00729355 -0.00729633 -0.00883519 -0.00884824 -0.00886027 -0.00887735
9.705 0 0 0 0 -4.23077e-05 -3.49809e-05 -3.45005e-05 -3.59522e-05 -0.00108244 -0.00108613 -0.00108858 -0.00109178 -0.00185639 -0.00187082 -0.00188295 -0.00189873
9.725 0 0 0 0 0.00315668 0.00316815 0.00316852 0.0031889 0.00516515 0.00516322 0.00516256 0.00516188 0.00546233 0.00544602 0.00543358 0.00541922
9.745 0 0 0 0 0.00562806 0.00565327 0.00565534 0.0056985 0.0106042 0.0106055 0.0106058 0.0106065 0.0125911 0.0125734 0.012562 0.01255
9.765 0 0 0 0 0.00744243 0.0074766 0.0074792 0.00753878 0.014738 0.014742 0.0147438 0.0147484 0.0186028 0.0185836 0.0185718 0.0185611
9.785 0 0 0 0 0.0085803 0.00861993 0.00862242 0.00869203 0.0173641 0.0173698 0.0173724 0.017379 0.0223558 0.022336 0.0223249 0.0223154
9.805 0 0 0 0 0.00902071 0.0090621 0.00906473 0.0091386 0.0182605 0.0182674 0.0182704 0.0182766 0.023164 0.0231438 0.0231325 0.0231232
9.825 0 0 0 0 0.00871549 0.00875526 0.00875774 0.00882628 0.0171245 0.0171304 0.0171328 0.0171372 0.0210933 0.0210736 0.0210624 0.0210526
9.845 0 0 0 0 0.00740135 0.00743451 0.00743639 0.00748994 0.0138284 0.0138311 0.0138323 0.0138351 0.016625 0.0166064 0.0165948 0.0165835
9.865 0 0 0 0 0.00485436 0.00487433 0.00487521 0.00490787 0.00870995 0.00870873 0.00870851 0.00870902 0.0103654 0.0103482 0.0103363 0.0103233
9.885 0 0 0 0 0.0012707 0.00127325 0.00127391 0.00128767 0.00239188 0.00238912 0.00238763 0.00238592 0.00292306 0.00290723 0.00289492 0.00288028
9.905 0 0 0 0 -0.00264984 -0.00264769 -0.00264727 -0.00264599 -0.00445678 -0.00445851 -0.00446067 -0.00446516 -0.00509214 -0.00510645 -0.00511861 -0.00513452
9.925 0 0 0 0 -0.00600797 -0.00599429 -0.00599223 -0.0059777 -0.0110994 -0.011101 -0.0111024 -0.0111037 -0.0130885 -0.0131006 -0.0131122 -0.0131297
9.945 0 0 0 0 -0.00842583 -0.00840106 -0.0083991 -0.00837851 -0.0167155 -0.0167153 -0.0167154 -0.0167128 -0.0204265 -0.0204367 -0.0204484 -0.0204681
9.965 0 0 0 0 -0.0100285 -0.00999001 -0.00998943 -0.00996127 -0.0206628 -0.0206597 -0.020659 -0.0206543 -0.0262088 -0.0262172 -0.0262282 -0.026249
9.985 0 0 0 0 -0.0109832 -0.0109127 -0.0109076 -0.0108623 -0.022713 -0.022702 -0.022698 -0.0226879 -0.0293216 -0.0293292 -0.0293402 -0.0293616
10.005 0 0 0 0 -0.0111666 -0.0110915 -0.0110852 -0.0110364 -0.0228423 -0.0228327 -0.0228296 -0.0228196 -0.0290814 -0.0290889 -0.0290997 -0.029121
10.025 0 0 0 0 -0.0104086 -0.0103404 -0.0103348 -0.0102899 -0.0207994 -0.0207931 -0.0207908 -0.0207821 -0.0256419 -0.0256504 -0.0256616 -0.0256824
10.045 0 0 0 0 -0.00844103 -0.00838912 -0.00838541 -0.00835005 -0.0163462 -0.016343 -0.016342 -0.016337 -0.0196632 -0.0196734 -0.0196848 -0.0197042
10.065 0 0 0 0 -0.00506562 -0.00503614 -0.00503443 -0.00501526 -0.00972107 -0.00972071 -0.00972133 -0.00972147 -0.011771 -0.0117834 -0.0117953 -0.0118131
10.085 0 0 0 0 -0.000502877 -0.000491323 -0.000490597 -0.000490587 -0.0016022 -0.00160406 -0.00160608 -0.00160957 -0.00239634 -0.00241096 -0.00242326 -0.00243919
10.105 0 0 0 0 0.00444133 0.00445904 0.00445889 0.00448273 0.00722636 0.00722355 0.00722322 0.00722353 0.00800764 0.00799084 0.00797823 0.007964
10.125 0 0 0 0 0.00906287 0.00910561 0.00910774 0.00916536 0.0159958 0.0159978 0.0159992 0.0160027 0.0187758 0.0187573 0.0187463 0.0187354
10.145 0 0 0 0 0.0130916 0.0131501 0.0131517 0.0132385 0.0240283 0.024036 0.02404 0.0240486 0.029006 0.0289847 0.0289732 0.0289644
10.165 0 0 0 0 0.0164621 0.0165182 0.0164983 0.0175228 0.0306044 0.0306328 0.0306685 0.0307178 0.0374584 0.0374349 0.0374211 0.037409
10.185 0 0 0 0 0.019518 0.0195838 0.0195565 0.020541 0.0356759 0.0357053 0.0357198 0.0357593 0.0427931 0.0427696 0.0427602 0.0427516
10.205 0 0 0 0 0.0216505 0.0218029 0.0218634 0.0229595 0.0388048 0.0388475 0.0388776 0.0389166 0.0446574 0.044634 0.0446265 0.0446214
10.225 0 0 0 0 0.0229939 0.0231725 0.023251 0.0243409 0.0393314 0.0393755 0.0394119 0.0394521 0.0436895 0.0436658 0.0436572 0.0436508
10.245 0 0 0 0 0.02293 0.0230928 0.0231443 0.0241715 0.0368931 0.0369274 0.0369604 0.037001 0.0406091 0.0405867 0.0405767 0.0405674
10.265 0 0 0 0 0.0205519 0.0206863 0.0207218 0.021674 0.0321122 0.0321388 0.0321686 0.0322074 0.0355726 0.0355513 0.035541 0.0355303
10.285 0 0 0 0 0.0159475 0.0160428 0.0160739 0.016955 0.0256983 0.0257237 0.0257512 0.0257837 0.0285919 0.0285708 0.0285593 0.0285473
10.305 0 0 0 0 0.0103836 0.010434 0.0104583 0.0112321 0.0178442 0.017867 0.0178907 0.0179142 0.0199439 0.0199234 0.0199116 0.019899
10.325 0 0 0 0 0.00505334 0.00506106 0.00507589 0.00568841 0.00881769 0.00883071 0.00884945 0.00886769 0.0100288 0.0100094 0.00999551 0.00997999
10.345 0 0 0 0 0.000105415 0.000108115 0.000112064 0.000497409 -0.000627313 -0.000621743 -0.000608828 -0.000595633 -0.000788359 -0.000805013 -0.000820035 -0.000838633
10.365 0 0 0 0 -0.00484219 -0.00481106 -0.00481158 -0.0047037 -0.0096713 -0.00967106 -0.0096694 -0.00966554 -0.0118775 -0.0118907 -0.011904 -0.0119229
10.385 0 0 0 0 -0.00963153 -0.00957865 -0.0095706 -0.00948444 -0.0179445 -0.0179392 -0.0179379 -0.0179332 -0.022242 -0.022252 -0.022263 -0.0222826
10.405 0 0 0 0 -0.013943 -0.0138744 -0.0138763 -0.0137657 -0.0251159 -0.025108 -0.0251066 -0.0250996 -0.0308451 -0.0308538 -0.0308659 -0.0308879
