0.02 0 0 0 0 0.00112776 0.00112774 0.00112774 0.00112776 0.00128827 0.00128738 0.00128738 0.00128827 0.00128134 0.00128144 0.00128144 0.00128134
0.04 0 0 0 0 0.00265701 0.00265729 0.00265728 0.002657 0.00351133 0.0035088 0.00350881 0.00351134 0.00353405 0.00353406 0.00353406 0.00353404
0.06 0 0 0 0 0.00298966 0.00299091 0.0029909 0.00298964 0.00511728 0.00511399 0.00511399 0.00511729 0.00541637 0.00541551 0.00541551 0.00541637
0.08 0 0 0 0 -0.0012494 -0.00124682 -0.00124683 -0.00124943 0.00156566 0.00156578 0.00156578 0.00156565 0.00267624 0.00267333 0.00267333 0.00267625
0.1 0 0 0 0 0.000181988 0.000184435 0.00018442 0.000181942 0.00214702 0.0021487 0.0021487 0.00214701 0.00434121 0.00433715 0.00433715 0.00434122
0.12 0 0 0 0 -0.00420479 -0.00420322 -0.00420322 -0.00420478 -0.00430881 -0.00430307 -0.00430308 -0.00430885 -0.0017191 -0.00172336 -0.00172335 -0.00171909
0.14 0 0 0 0 -0.00403363 -0.00403415 -0.00403415 -0.0040336 -0.00674007 -0.00673242 -0.00673244 -0.00674013 -0.00534765 -0.0053494 -0.00534939 -0.00534763
0.16 0 0 0 0 -0.00452007 -0.00452379 -0.00452376 -0.00451999 -0.00947679 -0.00947288 -0.00947288 -0.00947679 -0.0109653 -0.0109615 -0.0109615 -0.0109653
0.18 0 0 0 0 0.00223406 0.00222772 0.00222772 0.00223403 -0.00324705 -0.00325011 -0.00325009 -0.00324698 -0.00828958 -0.00827986 -0.00827987 -0.00828962
0.2 0 0 0 0 0.00559631 0.0055898 0.0055898 0.00559637 0.00246942 0.00245714 0.00245717 0.0024695 -0.00486191 -0.00484883 -0.00484884 -0.00486195
0.22 0 0 0 0 -0.00538011 -0.00538276 -0.00538273 -0.00538007 -0.00580541 -0.00580918 -0.00580919 -0.00580545 -0.0119646 -0.0119562 -0.0119562 -0.0119647
0.24 0 0 0 0 -0.00679996 -0.00680064 -0.00680067 -0.0068 -0.00809325 -0.00808863 -0.00808863 -0.00809321 -0.00946333 -0.00946183 -0.00946183 -0.00946332
0.26 0 0 0 0 0.000189492 0.000188542 0.000188555 0.000189494 -0.00355571 -0.00354926 -0.00354929 -0.00355588 7.06079e-05 6.69442e-05 6.69469e-05 7.06016e-05
0.28 0 0 0 0 -0.00363539 -0.00363479 -0.00363486 -0.00363564 -0.00698929 -0.00697715 -0.00697721 -0.00698941 -0.00206177 -0.00206843 -0.00206844 -0.00206176
0.3 0 0 0 0 -0.00353563 -0.00353445 -0.00353442 -0.00353551 -0.0039468 -0.0039412 -0.00394112 -0.00394663 -0.00179835 -0.00180178 -0.00180173 -0.00179822
0.32 0 0 0 0 1.15196e-05 1.19702e-05 1.19798e-05 1.14128e-05 0.0020604 0.00205621 0.00205614 0.00206022 0.000270483 0.000272362 0.000272339 0.000270381
0.34 0 0 0 0 0.00276242 0.00276192 0.00276186 0.0027624 0.00507791 0.00506976 0.00506979 0.005078 0.0013721 0.00137692 0.00137689 0.00137205
0.36 0 0 0 0 0.00648583 0.00648469 0.00648478 0.00648597 0.00780253 0.00779323 0.00779327 0.0078026 0.00521597 0.00522031 0.00522034 0.00521599
0.38 0 0 0 0 0.00682137 0.0068218 0.00682174 0.00682135 0.00831305 0.00830768 0.00830762 0.00831295 0.00864201 0.00864186 0.00864182 0.00864194
0.4 0 0 0 0 0.0167731 0.0167767 0.0167767 0.0167733 0.0223222 0.022311 0.0223111 0.0223225 0.0255454 0.0255408 0.0255408 0.0255455
0.42 0 0 0 0 0.0164542 0.0164645 0.0164645 0.0164543 0.0303475 0.0303322 0.0303322 0.0303476 0.0361124 0.036101 0.036101 0.0361126
0.44 0 0 0 0 0.00918783 0.00920609 0.00920597 0.00918742 0.030536 0.0305272 0.0305272 0.0305361 0.0399535 0.0399322 0.0399322 0.0399536
0.46 0 0 0 0 -0.00742474 -0.00740322 -0.00740316 -0.00742445 0.0125278 0.0125361 0.0125361 0.0125275 0.0271537 0.0271234 0.0271234 0.0271538
0.48 0 0 0 0 -0.0103705 -0.0103552 -0.0103552 -0.0103708 -0.00269666 -0.00267006 -0.00267009 -0.00269653 0.0150004 0.0149694 0.0149695 0.0150006
0.5 0 0 0 0 -0.00232127 -0.00231998 -0.00232021 -0.00232185 -0.00917558 -0.00915364 -0.00915363 -0.00917586 0.00329334 0.00327756 0.0032776 0.00329348
0.52 0 0 0 0 0.00210108 0.00209021 0.00209017 0.00210069 -0.0111701 -0.0111653 -0.0111657 -0.0111715 -0.0137982 -0.0137891 -0.0137892 -0.0137986
0.54 0 0 0 0 -0.00626146 -0.00627815 -0.00627791 -0.00626036 -0.0184526 -0.0184657 -0.0184655 -0.018452 -0.0385415 -0.0385077 -0.0385078 -0.0385416
0.56 0 0 0 0 -0.0149998 -0.015022 -0.015022 -0.0150002 -0.0284243 -0.0284411 -0.0284407 -0.0284232 -0.0571168 -0.057071 -0.0570709 -0.0571165
0.58 0 0 0 0 -0.0153221 -0.0153461 -0.0153461 -0.0153213 -0.0369686 -0.0369732 -0.0369732 -0.0369686 -0.0610621 -0.0610203 -0.0610204 -0.0610624
0.6 0 0 0 0 -0.00303611 -0.00306163 -0.00306132 -0.0030359 -0.0312773 -0.0312712 -0.0312713 -0.0312777 -0.0439726 -0.0439431 -0.0439433 -0.0439731
0.62 0 0 0 0 0.0101722 0.0101553 0.0101549 0.0101715 -0.00983713 -0.00983456 -0.00983455 -0.00983697 -0.0138623 -0.013847 -0.0138469 -0.0138621
0.64 0 0 0 0 -0.00446678 -0.00446474 -0.00446431 -0.00446578 -0.00263622 -0.00263531 -0.00263523 -0.00263601 -0.00264412 -0.00264528 -0.00264526 -0.00264413
0.66 0 0 0 0 -0.0206959 -0.0206787 -0.0206789 -0.0206966 -0.00236178 -0.00235281 -0.00235291 -0.00236215 0.00280687 0.00278874 0.00278868 0.00280681
0.68 0 0 0 0 -0.013769 -0.0137496 -0.0137498 -0.0137692 0.00205141 0.00206728 0.00206728 0.00205159 0.0160502 0.0160216 0.0160218 0.0160506
0.7 0 0 0 0 -0.00448842 -0.00447747 -0.0044771 -0.00448793 -0.00308571 -0.00305779 -0.00305776 -0.00308592 0.0165242 0.016494 0.016494 0.0165243
0.72 0 0 0 0 0.00927737 0.0092778 0.00927741 0.00927683 0.00153391 0.00155142 0.00155126 0.00153369 0.0149053 0.0148897 0.0148898 0.0149054
0.74 0 0 0 0 0.0141425 0.0141364 0.0141365 0.014142 0.0110998 0.011086 0.0110861 0.0110999 0.00750866 0.00751753 0.00751756 0.00750873
0.76 0 0 0 0 0.012174 0.0121692 0.0121689 0.0121735 0.0201466 0.0201087 0.0201087 0.020147 0.00140378 0.00142968 0.00142955 0.00140341
0.78 0 0 0 0 0.0110694 0.0110673 0.0110677 0.0110709 0.0234364 0.0233929 0.0233928 0.0234355 0.00423212 0.00425745 0.00425745 0.00423212
0.8 0 0 0 0 0.0228156 0.0228172 0.0228172 0.0228153 0.0317655 0.0317383 0.0317385 0.0317664 0.0276212 0.0276269 0.0276268 0.0276211
0.82 0 0 0 0 0.00397599 0.00398672 0.00398641 0.00397568 0.00992364 0.00993496 0.00993501 0.00992337 0.0252469 0.0252225 0.0252225 0.0252466
0.84 0 0 0 0 -0.0159033 -0.015884 -0.0158836 -0.0159029 -0.0102087 -0.0101647 -0.0101649 -0.0102086 0.0163991 0.0163552 0.0163554 0.0164002
0.86 0 0 0 0 0.00493265 0.00494889 0.00494856 0.00493232 0.0128245 0.0128458 0.012846 0.0128247 0.0363161 0.0362791 0.0362792 0.036316
0.88 0 0 0 0 0.00957378 0.00958586 0.00958598 0.00957362 0.0227802 0.0227741 0.0227737 0.0227794 0.0319899 0.0319725 0.0319723 0.0319897
0.9 0 0 0 0 0.00989337 0.00990124 0.00990124 0.00989368 0.0260477 0.0260242 0.0260245 0.0260487 0.0206406 0.0206432 0.0206436 0.0206412
0.92 0 0 0 0 -0.000340165 -0.000339901 -0.000339943 -0.000340506 0.00878628 0.00876259 0.00876263 0.00878608 -0.00186147 -0.00184879 -0.00184902 -0.00186204
0.94 0 0 0 0 -0.00261081 -0.00261761 -0.0026176 -0.00261062 -0.00943456 -0.00943305 -0.00943332 -0.00943475 -0.0158227 -0.0158116 -0.0158116 -0.0158227
0.96 0 0 0 0 0.000336833 0.000322195 0.000322261 0.000336973 -0.0195348 -0.0195241 -0.0195237 -0.0195344 -0.020796 -0.0207857 -0.0207855 -0.0207958
0.98 0 0 0 0 0.0160294 0.016015 0.0160149 0.0160294 -0.000833095 -0.00083394 -0.000834272 -0.000833492 -0.00366905 -0.00365632 -0.00365656 -0.00366946
1 0 0 0 0 0.0193288 0.0193244 0.0193244 0.019329 0.0225144 0.0224857 0.0224858 0.0225146 0.0139413 0.0139558 0.0139559 0.0139414
1.02 0 0 0 0 0.00621681 0.00622924 0.00622945 0.00621705 0.0304424 0.0304105 0.0304106 0.0304428 0.0228758 0.0228782 0.0228781 0.0228758
1.04 0 0 0 0 -0.0148583 -0.0148378 -0.0148392 -0.0148638 0.0116734 0.011673 0.0116729 0.0116731 0.0183527 0.0183302 0.0183302 0.0183525
1.06 0 0 0 0 -0.042049 -0.0420265 -0.0420259 -0.0420447 -0.0377724 -0.0377126 -0.0377124 -0.0377721 -0.0120635 -0.012109 -0.0121088 -0.0120631
1.08 0 0 0 0 -0.0383475 -0.0383482 -0.0383476 -0.0383482 -0.0662662 -0.0661783 -0.0661794 -0.0662701 -0.0362619 -0.0363011 -0.0363011 -0.0362617
1.1 0 0 0 0 -0.0134284 -0.0134525 -0.0134534 -0.0134266 -0.0583552 -0.0583053 -0.0583051 -0.0583542 -0.0519297 -0.0519231 -0.0519233 -0.0519303
1.12 0 0 0 0 -0.0207534 -0.0207967 -0.020795 -0.0207538 -0.059879 -0.0598809 -0.0598802 -0.059877 -0.0950535 -0.0949894 -0.0949894 -0.0950543
1.14 0 0 0 0 -0.0104663 -0.0105157 -0.0105177 -0.0104671 -0.0381465 -0.0382038 -0.0382039 -0.0381455 -0.104757 -0.104648 -0.104648 -0.104755
1.16 0 0 0 0 0.0332189 0.0331684 0.0331704 0.0332211 0.0124023 0.0123041 0.012304 0.0124001 -0.0534862 -0.0533762 -0.0533763 -0.0534881
1.18 0 0 0 0 0.0181911 0.0181639 0.0181629 0.0181902 0.00591209 0.00586588 0.00586615 0.00591541 -0.0272144 -0.0271581 -0.0271589 -0.0272154
1.2 0 0 0 0 -0.0215097 -0.0215008 -0.0215007 -0.0215102 -0.0226239 -0.0225895 -0.0225892 -0.0226257 -0.00892151 -0.00894404 -0.00894309 -0.00891926
1.22 0 0 0 0 -0.038816 -0.0387823 -0.0387818 -0.038815 -0.0317602 -0.0316725 -0.0316737 -0.0317608 0.0186167 0.0185338 0.0185334 0.0186155
1.24 0 0 0 0 -0.0190713 -0.019031 -0.0190319 -0.0190728 -0.00589562 -0.00581398 -0.0058134 -0.00589783 0.0524983 0.0524032 0.0524029 0.0524975
1.26 0 0 0 0 0.0234687 0.0234986 0.0234981 0.0234641 0.0476322 0.0476442 0.0476434 0.0476335 0.0836646 0.0836066 0.0836078 0.0836688
1.28 0 0 0 0 0.0456941 0.0457166 0.0457168 0.0456971 0.0853953 0.0853367 0.0853384 0.0853978 0.0867565 0.0867441 0.0867436 0.0867533
1.3 0 0 0 0 0.0202281 0.0202487 0.0202502 0.0202324 0.0635844 0.0635109 0.0635098 0.063583 0.0444034 0.0444182 0.0444176 0.0444042
1.32 0 0 0 0 0.00869386 0.00869894 0.00869788 0.00869071 0.029984 0.0299472 0.0299475 0.0299844 0.0171169 0.0171285 0.0171299 0.0171183
1.34 0 0 0 0 0.0259486 0.025943 0.0259428 0.0259481 0.0157148 0.0157127 0.0157131 0.0157162 0.0228475 0.0228446 0.022843 0.0228452
1.36 0 0 0 0 0.022596 0.0225885 0.0225896 0.0225992 0.00287781 0.00289843 0.00289766 0.00287587 0.0200119 0.0199977 0.0199987 0.0200134
1.38 0 0 0 0 0.016133 0.0161359 0.0161348 0.0161294 0.0172826 0.0172839 0.0172844 0.0172836 0.0263125 0.026301 0.0263009 0.0263129
1.4 0 0 0 0 0.00434555 0.00436399 0.0043643 0.00434742 0.0340907 0.034059 0.034059 0.034091 0.0306989 0.0306928 0.0306923 0.0306975
1.42 0 0 0 0 -0.0082094 -0.00818457 -0.00818396 -0.00820905 0.0284098 0.0283871 0.0283869 0.0284091 0.0260673 0.0260551 0.0260557 0.0260687
1.44 0 0 0 0 0.000143524 0.00016052 0.000159315 0.000141532 0.0160508 0.0160551 0.0160554 0.0160518 0.028816 0.0287909 0.0287906 0.0288157
1.46 0 0 0 0 0.0197199 0.0197242 0.0197252 0.0197218 0.0118456 0.0118697 0.0118696 0.011845 0.0361281 0.0360979 0.036098 0.0361278
1.48 0 0 0 0 0.0154106 0.0154109 0.0154105 0.0154099 0.00577543 0.00579377 0.00579364 0.00577529 0.0229058 0.0228869 0.0228871 0.0229069
1.5 0 0 0 0 -0.0223015 -0.0222989 -0.0222991 -0.022302 -0.0189563 -0.0189477 -0.0189475 -0.0189558 -0.0222807 -0.0222806 -0.0222806 -0.0222814
1.52 0 0 0 0 -0.0379033 -0.0379057 -0.0379052 -0.0379021 -0.0354758 -0.0354744 -0.0354746 -0.0354764 -0.0544171 -0.0543955 -0.0543957 -0.0544171
1.54 0 0 0 0 -0.0294707 -0.0294984 -0.0295011 -0.0294821 -0.051989 -0.0519823 -0.0519831 -0.0519926 -0.073062 -0.073026 -0.0730259 -0.0730622
1.56 0 0 0 0 -0.00387911 -0.00391368 -0.00391118 -0.00386306 -0.0532836 -0.0532661 -0.0532658 -0.0532824 -0.0716788 -0.0716332 -0.0716337 -0.0716797
1.58 0 0 0 0 0.0104307 0.0103808 0.0103828 0.0104258 -0.0392883 -0.0392879 -0.0392865 -0.0392821 -0.0615976 -0.061543 -0.0615425 -0.0615972
1.6 0 0 0 0 -0.0147505 -0.0147784 -0.0147836 -0.014753 -0.0383414 -0.0383546 -0.0383557 -0.0383477 -0.0679781 -0.0679267 -0.067927 -0.0679777
1.62 0 0 0 0 -0.0269059 -0.0269148 -0.0269089 -0.0269007 -0.0260931 -0.0261065 -0.0261071 -0.0260909 -0.0520571 -0.052024 -0.0520242 -0.052059
1.64 0 0 0 0 -0.00667166 -0.00666937 -0.00667384 -0.00667474 -0.000873972 -0.00088202 -0.000879709 -0.000871197 -0.00654202 -0.00653557 -0.00653556 -0.00654032
1.66 0 0 0 0 -0.0158582 -0.0158494 -0.0158474 -0.0158592 -0.0172756 -0.0172388 -0.0172416 -0.0172804 0.00215053 0.00211942 0.00211984 0.00215004
1.68 0 0 0 0 -0.0379884 -0.0379734 -0.0379734 -0.0379848 -0.0481484 -0.0480712 -0.0480696 -0.0481456 -0.0166997 -0.0167475 -0.0167481 -0.0166999
1.7 0 0 0 0 -0.0376222 -0.0376209 -0.0376219 -0.0376262 -0.0546946 -0.0546279 -0.0546282 -0.0546952 -0.0336284 -0.0336579 -0.033657 -0.0336272
1.72 0 0 0 0 -0.0224077 -0.0224223 -0.0224216 -0.0224057 -0.0439991 -0.0439766 -0.0439777 -0.0440016 -0.0507344 -0.0507193 -0.0507199 -0.0507352
1.74 0 0 0 0 0.00707789 0.00704435 0.00704428 0.00707896 -0.0153968 -0.0154319 -0.0154304 -0.0153937 -0.0517072 -0.0516438 -0.0516438 -0.0517076
1.76 0 0 0 0 0.021809 0.021768 0.0217678 0.0218067 0.00354899 0.00347919 0.00347835 0.00354801 -0.0470054 -0.04692 -0.0469198 -0.0470053
1.78 0 0 0 0 0.0284538 0.028422 0.028421 0.0284485 0.0196681 0.0196021 0.0196022 0.0196674 -0.0207637 -0.0206968 -0.0206974 -0.0207648
1.8 0 0 0 0 0.0176626 0.0176571 0.0176538 0.0176515 0.0224081 0.0223736 0.0223715 0.0223993 0.0125591 0.0125744 0.0125742 0.0125583
1.82 0 0 0 0 0.0367655 0.0367946 0.0367981 0.0367806 0.0610874 0.0610807 0.0610792 0.061083 0.0876905 0.0876441 0.0876432 0.0876855
1.84 0 0 0 0 0.0461662 0.0462229 0.0462231 0.0461613 0.0995432 0.0995412 0.0995445 0.0995548 0.153047 0.152957 0.152958 0.153054
1.86 0 0 0 0 0.00751982 0.00760762 0.00760632 0.00752713 0.0865696 0.0865946 0.086595 0.0865702 0.152066 0.151938 0.151939 0.152066
1.88 0 0 0 0 0.00253602 0.00262202 0.00262743 0.00254121 0.0809657 0.080996 0.0809969 0.0809743 0.146096 0.14597 0.145968 0.146098
1.9 0 0 0 0 0.0439259 0.0439803 0.0439728 0.0439116 0.0975316 0.0975216 0.0975204 0.0975171 0.149761 0.149668 0.149669 0.149759
1.92 0 0 0 0 0.0677841 0.0678123 0.0678174 0.0677965 0.0989976 0.0989681 0.098967 0.0990098 0.124508 0.124469 0.124468 0.124511
1.94 0 0 0 0 0.0482392 0.0482473 0.0482467 0.0482349 0.0727137 0.0726471 0.0726519 0.0727104 0.0664347 0.0664401 0.066442 0.0664337
1.96 0 0 0 0 0.00754373 0.00754077 0.00753707 0.00753945 0.0259 0.0258509 0.0258439 0.0258969 0.000463511 0.000495816 0.000493929 0.0004634
1.98 0 0 0 0 -0.025684 -0.025693 -0.0256873 -0.0256754 -0.0313617 -0.0313701 -0.0313629 -0.031355 -0.053896 -0.0538646 -0.0538633 -0.0538958
2 0 0 0 0 -0.0182613 -0.0182923 -0.0182968 -0.018267 -0.0582606 -0.0582275 -0.0582322 -0.0582647 -0.0668609 -0.0668348 -0.0668356 -0.0668611
2.02 0 0 0 0 -0.0177295 -0.0177694 -0.0177676 -0.0177295 -0.0750304 -0.0749843 -0.0749831 -0.0750314 -0.0793927 -0.0793658 -0.0793658 -0.0793929
2.04 0 0 0 0 -0.0498131 -0.0498554 -0.0498585 -0.0498274 -0.0991034 -0.0990554 -0.0990564 -0.0991094 -0.116264 -0.116228 -0.116228 -0.116266
2.06 0 0 0 0 -0.0569408 -0.0569677 -0.0569664 -0.0569239 -0.0932229 -0.0931994 -0.0932009 -0.0932203 -0.127967 -0.127909 -0.127909 -0.127967
2.08 0 0 0 0 -0.0402846 -0.0403267 -0.040321 -0.0402811 -0.0763015 -0.0763002 -0.0762948 -0.0762926 -0.11803 -0.117958 -0.117957 -0.118026
2.1 0 0 0 0 -0.0244367 -0.0244813 -0.0244891 -0.0244453 -0.0688281 -0.068824 -0.0688285 -0.0688339 -0.103763 -0.103699 -0.1037 -0.103766
2.12 0 0 0 0 -0.000298463 -0.000340068 -0.000333734 -0.000292975 -0.0439019 -0.0439009 -0.0438994 -0.043904 -0.0664341 -0.0663839 -0.0663845 -0.0664356
2.14 0 0 0 0 0.000644504 0.000625483 0.00062269 0.000646666 -0.0221479 -0.0221448 -0.022144 -0.0221402 -0.0341334 -0.0341053 -0.0341042 -0.0341304
2.16 0 0 0 0 -0.039371 -0.0393688 -0.0393688 -0.0393783 -0.0361327 -0.0361128 -0.036114 -0.0361407 -0.037877 -0.0378823 -0.0378831 -0.0378794
2.18 0 0 0 0 -0.0501839 -0.0501633 -0.0501625 -0.050177 -0.0415549 -0.0415075 -0.0415076 -0.0415514 -0.0300108 -0.0300384 -0.0300384 -0.0300103
2.2 0 0 0 0 -0.00902224 -0.00901622 -0.00901642 -0.00902543 -0.0146077 -0.0145702 -0.0145685 -0.0146063 0.00646774 0.00643806 0.00643886 0.00646924
2.22 0 0 0 0 0.0260782 0.0260745 0.0260737 0.0260771 0.0144288 0.0144382 0.0144357 0.0144243 0.0298509 0.0298358 0.029835 0.0298493
2.24 0 0 0 0 0.0226648 0.0226647 0.0226661 0.0226685 0.0268262 0.0268032 0.0268051 0.0268303 0.023194 0.0232012 0.0232017 0.0231948
2.26 0 0 0 0 0.0184176 0.0184224 0.0184212 0.018414 0.04382 0.0437641 0.0437642 0.0438195 0.0256285 0.0256481 0.025648 0.0256285
2.28 0 0 0 0 0.0374341 0.0374474 0.0374484 0.0374361 0.0713949 0.0713274 0.0713254 0.0713928 0.058929 0.0589388 0.0589386 0.058928
2.3 0 0 0 0 0.04921 0.0492332 0.0492324 0.0492098 0.0822213 0.0821758 0.0821791 0.0822252 0.0937108 0.0936882 0.0936885 0.0937118
2.32 0 0 0 0 0.0361422 0.0361789 0.0361792 0.0361404 0.0712458 0.0712458 0.0712429 0.0712435 0.109039 0.108974 0.108974 0.109039
2.34 0 0 0 0 -0.00544109 -0.0053863 -0.00538671 -0.00543931 0.0340524 0.0340921 0.0340937 0.0340515 0.0857941 0.0857014 0.0857013 0.0857943
2.36 0 0 0 0 -0.0185476 -0.0185001 -0.0184995 -0.018549 0.0154133 0.0154683 0.0154677 0.0154156 0.063104 0.0630171 0.0630176 0.063105
2.38 0 0 0 0 0.023765 0.0237896 0.0237887 0.0237651 0.0433236 0.0433251 0.0433251 0.0433205 0.0701366 0.0700928 0.0700927 0.0701364
2.4 0 0 0 0 0.0369296 0.0369301 0.0369314 0.0369305 0.0470178 0.0469796 0.0469796 0.0470198 0.0438503 0.0438564 0.0438565 0.0438504
2.42 0 0 0 0 -0.000244083 -0.000254319 -0.000256628 -0.000245906 0.00361764 0.00358045 0.00358103 0.00361806 -0.0234672 -0.0234289 -0.0234289 -0.0234671
2.44 0 0 0 0 -0.0137446 -0.0137677 -0.0137649 -0.0137426 -0.0261941 -0.0262187 -0.0262193 -0.0261952 -0.0588075 -0.0587563 -0.0587566 -0.0588083
2.46 0 0 0 0 -0.0165383 -0.0165719 -0.0165741 -0.0165384 -0.0525901 -0.0525817 -0.0525812 -0.0525887 -0.0754527 -0.0754069 -0.0754069 -0.0754528
2.48 0 0 0 0 -0.0360539 -0.0360915 -0.0360901 -0.0360552 -0.0877498 -0.0877026 -0.0877028 -0.0877508 -0.100163 -0.10013 -0.10013 -0.100163
2.5 0 0 0 0 -0.02107 -0.0211063 -0.021107 -0.0210676 -0.0696983 -0.0696625 -0.0696629 -0.0696988 -0.082236 -0.0822014 -0.0822016 -0.0822365
2.52 0 0 0 0 0.00345034 0.00342179 0.00342233 0.00344871 -0.0216911 -0.0217047 -0.0217042 -0.0216902 -0.0429983 -0.0429559 -0.0429559 -0.0429983
2.54 0 0 0 0 -0.00104088 -0.00104909 -0.00104958 -0.00104025 0.00438362 0.00434857 0.00434818 0.00438316 -0.0203882 -0.0203543 -0.0203544 -0.0203884
2.56 0 0 0 0 -0.000783566 -0.000773211 -0.000772727 -0.000783162 0.0215497 0.0215199 0.0215201 0.0215501 0.0109611 0.0109679 0.0109678 0.0109609
2.58 0 0 0 0 -0.0179466 -0.0179248 -0.0179252 -0.0179476 -0.000807396 -0.000786076 -0.000786037 -0.000807134 0.0166103 0.0165757 0.0165758 0.0166107
2.6 0 0 0 0 -0.0378709 -0.0378484 -0.0378484 -0.0378703 -0.0406649 -0.0405816 -0.0405819 -0.040666 -0.000895427 -0.000959078 -0.000958991 -0.000895079
2.62 0 0 0 0 -0.0142273 -0.014221 -0.0142206 -0.0142276 -0.0333532 -0.0332818 -0.0332817 -0.0333532 0.00296752 0.0029197 0.00291978 0.00296778
2.64 0 0 0 0 0.00610647 0.0060968 0.00609622 0.00610636 -0.0100348 -0.0100216 -0.0100217 -0.0100349 -0.00537767 -0.00537718 -0.00537714 -0.00537759
2.66 0 0 0 0 0.016658 0.0166403 0.016641 0.0166583 0.0174184 0.0173629 0.0173629 0.0174184 -0.0163481 -0.0162965 -0.0162967 -0.0163484
2.68 0 0 0 0 0.0447193 0.0446999 0.0446994 0.0447194 0.0598235 0.0597143 0.0597146 0.0598245 0.00991504 0.00998944 0.00998931 0.00991457
2.7 0 0 0 0 0.043082 0.0430754 0.0430758 0.0430817 0.0633243 0.0632377 0.0632378 0.0633246 0.0326289 0.0326726 0.0326725 0.0326287
2.72 0 0 0 0 0.0203707 0.0203884 0.0203881 0.020371 0.0400941 0.0400823 0.0400823 0.0400941 0.0523169 0.0522936 0.0522937 0.0523171
2.74 0 0 0 0 0.0057057 0.00574463 0.00574473 0.00570526 0.0269174 0.0269655 0.0269656 0.0269173 0.078971 0.0788868 0.0788869 0.0789715
2.76 0 0 0 0 -0.0093205 -0.00926719 -0.00926735 -0.00932058 0.0192764 0.019349 0.0193488 0.0192757 0.0853318 0.0852215 0.0852217 0.0853324
2.78 0 0 0 0 -0.0449621 -0.0449118 -0.0449118 -0.0449622 -0.0147531 -0.0146784 -0.0146784 -0.0147534 0.0354619 0.0353694 0.0353695 0.0354624
2.8 0 0 0 0 -0.032683 -0.0326638 -0.0326639 -0.0326835 -0.0219522 -0.0219134 -0.0219134 -0.0219523 -0.00580314 -0.00583615 -0.00583606 -0.00580286
2.82 0 0 0 0 -0.0168419 -0.0168688 -0.0168688 -0.0168418 -0.0424038 -0.0424056 -0.0424056 -0.0424038 -0.0645989 -0.0645578 -0.0645578 -0.0645992
2.84 0 0 0 0 0.0110042 0.0109378 0.0109381 0.0110046 -0.0457242 -0.0457585 -0.0457584 -0.0457241 -0.100618 -0.100514 -0.100514 -0.100619
2.86 0 0 0 0 0.0429839 0.0429019 0.0429019 0.0429843 -0.0165075 -0.0165938 -0.0165938 -0.0165071 -0.0902081 -0.0900689 -0.0900691 -0.0902089
2.88 0 0 0 0 0.0274647 0.0274067 0.027407 0.0274653 -0.00344332 -0.00352963 -0.00352941 -0.00344278 -0.0719798 -0.0718626 -0.0718628 -0.0719806
2.9 0 0 0 0 -0.00157617 -0.00158804 -0.00158815 -0.00157638 0.00397648 0.00393141 0.00393145 0.00397677 -0.0288989 -0.028853 -0.0288531 -0.0288991
2.92 0 0 0 0 -0.0241437 -0.0241126 -0.0241127 -0.024144 0.00118203 0.00120934 0.0012093 0.00118187 0.0248072 0.0247594 0.0247595 0.0248076
2.94 0 0 0 0 -0.00410117 -0.0040442 -0.00404423 -0.00410129 0.0253331 0.0254134 0.0254133 0.0253326 0.0980511 0.0979308 0.0979309 0.0980517
2.96 0 0 0 0 -0.00544369 -0.00537804 -0.00537814 -0.00544402 0.0289087 0.0289962 0.028996 0.0289082 0.115239 0.115098 0.115099 0.11524
2.98 0 0 0 0 -0.00200462 -0.00194529 -0.00194538 -0.00200484 0.0404474 0.0405007 0.0405007 0.040447 0.100109 0.100003 0.100003 0.10011
3 0 0 0 0 0.0120394 0.0120718 0.0120718 0.0120393 0.0529135 0.0528885 0.0528884 0.0529137 0.0662027 0.0661695 0.0661695 0.0662029
3.02 0 0 0 0 0.023214 0.0232134 0.0232133 0.0232138 0.0439662 0.0439033 0.0439035 0.0439667 0.0188123 0.018844 0.018844 0.0188121
3.04 0 0 0 0 0.0206726 0.0206422 0.0206423 0.0206728 0.00880925 0.00874935 0.00874934 0.00880952 -0.0318033 -0.0317355 -0.0317356 -0.0318037
3.06 0 0 0 0 -0.00102115 -0.00106732 -0.00106719 -0.00102088 -0.0421646 -0.0421823 -0.0421821 -0.0421643 -0.0784654 -0.0783954 -0.0783955 -0.0784658
3.08 0 0 0 0 -0.0421912 -0.0422369 -0.042237 -0.0421911 -0.0990064 -0.0989661 -0.0989663 -0.0990069 -0.124164 -0.124111 -0.124111 -0.124164
3.1 0 0 0 0 -0.0620781 -0.0621215 -0.0621213 -0.0620778 -0.122299 -0.122236 -0.122236 -0.122299 -0.140822 -0.140779 -0.140779 -0.140822
3.12 0 0 0 0 -0.0385121 -0.0385539 -0.038554 -0.0385121 -0.0918991 -0.091858 -0.0918581 -0.0918993 -0.112632 -0.112586 -0.112586 -0.112633
3.14 0 0 0 0 -0.000895503 -0.000932139 -0.000932007 -0.000895271 -0.034316 -0.0343286 -0.0343287 -0.0343161 -0.0621184 -0.0620641 -0.0620642 -0.0621187
3.16 0 0 0 0 0.016147 0.0161291 0.0161292 0.0161473 0.0130905 0.013044 0.0130442 0.013091 -0.0155791 -0.0155334 -0.0155335 -0.0155794
3.18 0 0 0 0 0.000874865 0.000883588 0.000883553 0.000874739 0.0230815 0.0230471 0.0230472 0.0230818 0.0103486 0.0103589 0.0103589 0.0103485
3.2 0 0 0 0 -0.0386927 -0.0386633 -0.0386634 -0.038693 -0.0151409 -0.0151072 -0.0151072 -0.0151412 0.00330634 0.00326433 0.0032644 0.0033066
3.22 0 0 0 0 -0.0519597 -0.0519314 -0.0519313 -0.0519594 -0.0530074 -0.0529078 -0.052908 -0.0530077 -0.00716823 -0.00724324 -0.00724309 -0.00716779
3.24 0 0 0 0 -0.0127513 -0.0127463 -0.0127463 -0.0127515 -0.0389567 -0.0388708 -0.0388707 -0.0389573 0.00528534 0.00522871 0.00522881 0.00528568
3.26 0 0 0 0 0.0766371 0.0766216 0.0766216 0.0766371 0.0615127 0.0614804 0.0614802 0.0615131 0.0680899 0.0680967 0.0680967 0.0680898
3.28 0 0 0 0 0.145354 0.145348 0.145348 0.145354 0.190293 0.190103 0.190103 0.190294 0.150699 0.150761 0.150761 0.150699
3.3 0 0 0 0 0.139531 0.139575 0.139575 0.139529 0.259586 0.259339 0.259339 0.259587 0.214085 0.214125 0.214125 0.214085
3.32 0 0 0 0 0.0784188 0.0785214 0.0785217 0.0784188 0.23279 0.232641 0.232642 0.23279 0.249326 0.249252 0.249252 0.249326
3.34 0 0 0 0 0.0144007 0.014544 0.0145439 0.0144007 0.138807 0.138859 0.138859 0.138806 0.256553 0.256331 0.256332 0.256554
3.36 0 0 0 0 -0.0707471 -0.0706123 -0.0706123 -0.0707472 -0.0162397 -0.015987 -0.015987 -0.0162403 0.168997 0.168692 0.168692 0.168999
3.38 0 0 0 0 -0.119174 -0.119095 -0.119095 -0.119174 -0.137619 -0.137311 -0.137311 -0.137619 0.0192166 0.0189746 0.018975 0.0192181
3.4 0 0 0 0 -0.0881249 -0.0881497 -0.0881504 -0.0881261 -0.160866 -0.160712 -0.160712 -0.160867 -0.131026 -0.131053 -0.131052 -0.131025
3.42 0 0 0 0 -0.0269054 -0.0270469 -0.0270498 -0.0269165 -0.132537 -0.132636 -0.132647 -0.13259 -0.266084 -0.265857 -0.265861 -0.266104
3.44 0 0 0 0 0.0355393 0.0353328 0.0353329 0.035539 -0.088363 -0.0886073 -0.0886059 -0.0883344 -0.334011 -0.333592 -0.333593 -0.334011
3.46 0 0 0 0 0.042066 0.04186 0.0418681 0.0420971 -0.0870021 -0.0872368 -0.0872088 -0.0869198 -0.33593 -0.335491 -0.33548 -0.335889
3.48 0 0 0 0 0.0153899 0.0152314 0.0152276 0.0153695 -0.0968452 -0.097005 -0.0970322 -0.0969431 -0.245037 -0.244789 -0.244798 -0.245085
3.5 0 0 0 0 -0.0496471 -0.0496843 -0.0496883 -0.0496462 -0.114921 -0.114821 -0.114819 -0.114882 -0.116444 -0.116414 -0.11642 -0.116429
3.52 0 0 0 0 -0.123778 -0.123706 -0.123697 -0.123767 -0.124968 -0.124718 -0.124692 -0.124934 -0.00580041 -0.00599137 -0.00597284 -0.00577761
3.54 0 0 0 0 -0.151306 -0.151176 -0.151185 -0.15132 -0.105397 -0.105121 -0.105157 -0.105466 0.0611361 0.0608441 0.0608243 0.0611048
3.56 0 0 0 0 -0.0876938 -0.0875832 -0.0875777 -0.0876879 -0.0345348 -0.0343251 -0.0342993 -0.0344853 0.0971135 0.0968887 0.0969013 0.0971346
3.58 0 0 0 0 0.00015466 0.000196547 0.000196378 0.000159762 0.0296256 0.029653 0.029648 0.0296191 0.0692256 0.069158 0.0691577 0.0692287
3.6 0 0 0 0 0.112065 0.112022 0.112019 0.112054 0.116674 0.116504 0.116491 0.116644 0.0541243 0.0542245 0.0542163 0.0541054
3.62 0 0 0 0 0.177873 0.177798 0.177801 0.177882 0.185209 0.184922 0.184941 0.185252 0.0615351 0.0617462 0.0617554 0.0615528
3.64 0 0 0 0 0.146053 0.146011 0.146011 0.146053 0.184321 0.184043 0.184031 0.184299 0.0758121 0.0759762 0.0759701 0.0758033
3.66 0 0 0 0 0.0682221 0.0682489 0.0682456 0.068213 0.137881 0.137753 0.137755 0.137878 0.119901 0.119908 0.119908 0.119896
3.68 0 0 0 0 -0.0382531 -0.0381454 -0.0381419 -0.0382452 0.036404 0.0365182 0.0365238 0.0364257 0.138831 0.13865 0.138653 0.138845
3.7 0 0 0 0 -0.0946375 -0.0945015 -0.0945033 -0.0946392 -0.0448095 -0.0445447 -0.0445524 -0.0448362 0.137193 0.136881 0.136877 0.137173
3.72 0 0 0 0 -0.0522741 -0.052176 -0.0521766 -0.0522793 -0.0321548 -0.0319117 -0.031909 -0.0321423 0.134609 0.13436 0.134364 0.134637
3.74 0 0 0 0 0.0446997 0.0447395 0.0447405 0.0447064 0.0616058 0.061644 0.0616469 0.061607 0.12098 0.12088 0.120883 0.120962
3.76 0 0 0 0 0.0667668 0.0667426 0.0667423 0.0667616 0.100919 0.100741 0.100735 0.100909 0.0276767 0.0277901 0.0277803 0.0276807
3.78 0 0 0 0 0.0646272 0.0645708 0.0645696 0.0646281 0.094211 0.0939619 0.0939688 0.0942249 -0.0506015 -0.0503952 -0.0503819 -0.0505957
3.8 0 0 0 0 0.105729 0.105654 0.105657 0.105733 0.0988593 0.0986301 0.0986276 0.0988554 -0.0192411 -0.0190461 -0.0190593 -0.0192519
3.82 0 0 0 0 0.0816343 0.0815896 0.0815877 0.0816316 0.0507907 0.0507169 0.0507158 0.0507878 0.0235052 0.0235671 0.0235751 0.0235086
3.84 0 0 0 0 -0.0186067 -0.01858 -0.0185791 -0.0186053 -0.0295242 -0.029414 -0.0294107 -0.0295169 0.0336561 0.0335667 0.0335644 0.0336604
3.86 0 0 0 0 -0.172263 -0.172185 -0.172185 -0.172281 -0.15446 -0.154216 -0.15422 -0.15447 -0.04522 -0.0454143 -0.0454156 -0.0452265
3.88 0 0 0 0 -0.223871 -0.22381 -0.223826 -0.223901 -0.229598 -0.229297 -0.229296 -0.229596 -0.131836 -0.13201 -0.132006 -0.131828
3.9 0 0 0 0 -0.112626 -0.112619 -0.112591 -0.112532 -0.192976 -0.1928 -0.192797 -0.192969 -0.163554 -0.16358 -0.163583 -0.163556
3.92 0 0 0 0 0.0512832 0.0511166 0.051104 0.05121 -0.0803871 -0.0804332 -0.0804369 -0.0803977 -0.161246 -0.16107 -0.161069 -0.161249
3.94 0 0 0 0 0.124451 0.124291 0.124277 0.124465 0.0230027 0.0227441 0.0227457 0.0230077 -0.161471 -0.161137 -0.161138 -0.161468
3.96 0 0 0 0 0.0518269 0.0517045 0.05174 0.0518712 0.0273597 0.0270686 0.0270705 0.0273647 -0.180993 -0.180671 -0.180671 -0.180999
3.98 0 0 0 0 -0.0680374 -0.0680859 -0.0681234 -0.068095 -0.0568197 -0.0569318 -0.0569342 -0.0568256 -0.170351 -0.170196 -0.170198 -0.170351
4 0 0 0 0 -0.138506 -0.138482 -0.138459 -0.138475 -0.167126 -0.166938 -0.166936 -0.167122 -0.116555 -0.116639 -0.116636 -0.116553
4.02 0 0 0 0 -0.120726 -0.12068 -0.120682 -0.120718 -0.204504 -0.204134 -0.204134 -0.204506 -0.0364539 -0.0366866 -0.0366879 -0.0364537
4.04 0 0 0 0 -0.0504818 -0.0504616 -0.0504742 -0.0505159 -0.121676 -0.12139 -0.121392 -0.12168 0.0298749 0.0296724 0.0296739 0.029877
4.06 0 0 0 0 0.0423093 0.0423397 0.0423557 0.042346 0.0623887 0.0623757 0.0623776 0.0623913 0.0846352 0.0846 0.0845997 0.0846354
4.08 0 0 0 0 0.0748707 0.074883 0.0748738 0.0748532 0.187205 0.186927 0.186926 0.187206 0.0818009 0.0819234 0.0819228 0.0817992
4.1 0 0 0 0 0.0809505 0.080948 0.0809439 0.0809208 0.199962 0.199654 0.199654 0.19996 0.0754071 0.0755551 0.0755556 0.0754076
4.12 0 0 0 0 0.0865238 0.0865378 0.0865402 0.0865453 0.129078 0.128945 0.128945 0.129082 0.0997496 0.0997894 0.0997885 0.0997483
4.14 0 0 0 0 0.0683841 0.0684114 0.0684196 0.0684089 0.0417564 0.0418377 0.0418301 0.0417247 0.131325 0.131212 0.131212 0.131325
4.16 0 0 0 0 0.00717544 0.00721574 0.00720489 0.00713249 -0.00742913 -0.00723481 -0.00722947 -0.00740189 0.129792 0.129593 0.129591 0.129785
4.18 0 0 0 0 -0.0698889 -0.0697853 -0.0697817 -0.0698601 -0.0177259 -0.0175837 -0.0175768 -0.0177124 0.0783586 0.0781945 0.0781987 0.0783797
4.2 0 0 0 0 -0.046285 -0.0462162 -0.0462084 -0.0462886 0.0411935 0.0411853 0.0411751 0.04117 0.0612427 0.0611617 0.0611602 0.0612237
4.22 0 0 0 0 0.0965295 0.0965488 0.0965364 0.0965284 0.157747 0.157588 0.157594 0.157758 0.124326 0.124373 0.124369 0.124335
4.24 0 0 0 0 0.201055 0.201031 0.201044 0.201065 0.230723 0.230502 0.230504 0.230733 0.18457 0.184651 0.18466 0.184573
4.26 0 0 0 0 0.160629 0.160621 0.160608 0.16061 0.20665 0.206461 0.206456 0.206632 0.181864 0.181907 0.181897 0.181855
4.28 0 0 0 0 0.0319251 0.0320046 0.0320115 0.0319432 0.118948 0.118898 0.118903 0.118964 0.14283 0.142764 0.142772 0.142837
4.3 0 0 0 0 -0.0741556 -0.0740529 -0.0740508 -0.0741607 0.0153181 0.015417 0.0154173 0.015313 0.101423 0.101252 0.101249 0.101424
4.32 0 0 0 0 -0.081748 -0.0816466 -0.0816556 -0.0817533 -0.0472352 -0.0470387 -0.0470435 -0.0472421 0.078254 0.0780409 0.0780402 0.078249
4.34 0 0 0 0 -0.0370912 -0.0370664 -0.037057 -0.0370862 -0.0683816 -0.0681963 -0.0681873 -0.0683681 0.0312162 0.0310782 0.0310807 0.0312245
4.36 0 0 0 0 -0.0307543 -0.0307818 -0.0307845 -0.0307514 -0.0925997 -0.0925354 -0.0925494 -0.0926164 -0.0886549 -0.0886403 -0.0886405 -0.0886576
4.38 0 0 0 0 -0.0388747 -0.0389956 -0.0390082 -0.03892 -0.105624 -0.105683 -0.105668 -0.105613 -0.216277 -0.216095 -0.216098 -0.216281
4.4 0 0 0 0 -0.0269326 -0.027079 -0.0270794 -0.0269572 -0.108756 -0.108953 -0.108989 -0.108858 -0.284719 -0.284431 -0.284431 -0.284726
4.42 0 0 0 0 -0.0119796 -0.0120911 -0.0120785 -0.0118873 -0.124719 -0.124778 -0.12474 -0.124571 -0.285366 -0.285085 -0.285086 -0.285364
4.44 0 0 0 0 -0.05491 -0.0550714 -0.0550648 -0.054957 -0.186333 -0.186335 -0.186328 -0.186361 -0.275305 -0.275125 -0.27512 -0.275291
4.46 0 0 0 0 -0.143629 -0.143663 -0.143682 -0.143589 -0.265762 -0.265607 -0.265656 -0.265852 -0.277064 -0.277028 -0.277034 -0.277089
4.48 0 0 0 0 -0.173773 -0.173844 -0.173816 -0.173806 -0.271263 -0.270985 -0.270929 -0.271139 -0.240523 -0.240549 -0.240547 -0.240504
4.5 0 0 0 0 -0.0863236 -0.0863118 -0.0863445 -0.0863032 -0.152255 -0.152148 -0.15218 -0.152336 -0.129684 -0.129705 -0.129699 -0.129687
4.52 0 0 0 0 0.00758996 0.00753664 0.00756974 0.00758232 -0.0144287 -0.0144326 -0.014439 -0.0144294 -0.0330397 -0.0330038 -0.0330154 -0.0330501
4.54 0 0 0 0 0.0604641 0.0604707 0.0604428 0.0604661 0.0893131 0.0891877 0.0892222 0.0893766 0.0362565 0.036334 0.0363455 0.0362689
4.56 0 0 0 0 0.0905972 0.0906025 0.0906226 0.0906025 0.157938 0.157754 0.157717 0.157872 0.113808 0.11386 0.113853 0.113803
4.58 0 0 0 0 0.103695 0.103745 0.103736 0.103686 0.190304 0.190188 0.19021 0.190334 0.203295 0.203253 0.203254 0.203291
4.6 0 0 0 0 0.085285 0.0853947 0.0853926 0.0852889 0.183812 0.1838 0.183799 0.18383 0.271487 0.271336 0.271339 0.271499
4.62 0 0 0 0 0.0100977 0.0102255 0.0102361 0.0100984 0.116721 0.116804 0.116792 0.116675 0.255672 0.255421 0.255418 0.255664
4.64 0 0 0 0 -0.0562027 -0.0560512 -0.0560666 -0.0562064 0.0359598 0.0361283 0.0361398 0.0359981 0.177161 0.176909 0.176912 0.177165
4.66 0 0 0 0 -0.0453014 -0.0452336 -0.0452182 -0.0453001 -0.00195263 -0.00183482 -0.00183816 -0.00196667 0.0887705 0.088614 0.088615 0.0887766
4.68 0 0 0 0 0.0532637 0.0532601 0.0532474 0.0532662 0.0403184 0.0402888 0.0402826 0.0403046 0.0426081 0.0426146 0.0426129 0.0425998
4.7 0 0 0 0 0.145353 0.145263 0.145271 0.145346 0.115445 0.115253 0.115263 0.115473 0.0250646 0.0252334 0.0252339 0.0250698
4.72 0 0 0 0 0.106838 0.106762 0.106758 0.106847 0.105189 0.104926 0.10492 0.105171 -0.0323405 -0.0321224 -0.0321214 -0.0323423
4.74 0 0 0 0 -0.0396861 -0.0397231 -0.0397205 -0.0396917 -0.0248093 -0.0249239 -0.0249243 -0.0248042 -0.126265 -0.126127 -0.126131 -0.12627
4.76 0 0 0 0 -0.114287 -0.114293 -0.114294 -0.114285 -0.141439 -0.141334 -0.141328 -0.14143 -0.14189 -0.141894 -0.141891 -0.141885
4.78 0 0 0 0 -0.0785327 -0.0785386 -0.0785381 -0.0785303 -0.167559 -0.167327 -0.167336 -0.167574 -0.0802929 -0.0803978 -0.0803989 -0.0802944
4.8 0 0 0 0 -0.000770662 -0.000790288 -0.000789775 -0.00077473 -0.0875956 -0.0874108 -0.0874056 -0.0875877 0.000318187 0.000221427 0.000221141 0.000317415
4.82 0 0 0 0 0.0294005 0.029403 0.0294013 0.029404 0.0287468 0.0287333 0.0287324 0.0287477 0.0354638 0.0354598 0.0354614 0.0354672
4.84 0 0 0 0 0.0211094 0.0211314 0.0211343 0.0211078 0.112492 0.112312 0.11231 0.112485 0.039671 0.0397445 0.0397429 0.0396677
4.86 0 0 0 0 -0.00101504 -0.000982329 -0.000985966 -0.00101558 0.0970081 0.096843 0.0968468 0.0970181 0.0252781 0.0253453 0.0253458 0.025278
4.88 0 0 0 0 0.017781 0.0177941 0.0177976 0.0177822 0.0361642 0.0361458 0.0361438 0.0361599 0.0416478 0.0416354 0.0416356 0.0416495
4.9 0 0 0 0 0.0523512 0.0523472 0.0523447 0.0523504 -0.00148021 -0.00137456 -0.00137507 -0.00148258 0.077807 0.0777179 0.0777175 0.0778052
4.92 0 0 0 0 0.0252639 0.025274 0.0252752 0.0252635 -0.013798 -0.013679 -0.0136776 -0.0137932 0.0673614 0.0672611 0.0672617 0.0673636
4.94 0 0 0 0 -0.0351407 -0.0351016 -0.0351015 -0.0351391 -0.000245149 -0.000218183 -0.000219751 -0.000250535 0.0210935 0.0210428 0.0210431 0.0210937
4.96 0 0 0 0 -0.0987772 -0.098738 -0.0987392 -0.0987794 -0.0323506 -0.0323758 -0.0323755 -0.0323479 -0.0659561 -0.0659464 -0.065947 -0.0659574
4.98 0 0 0 0 -0.0814902 -0.0815009 -0.0814996 -0.0814896 -0.0823931 -0.0823846 -0.0823835 -0.082392 -0.123175 -0.123126 -0.123126 -0.123173
5 0 0 0 0 0.0308076 0.0307222 0.0307209 0.0308088 -0.0724527 -0.072432 -0.0724338 -0.072456 -0.0968639 -0.0967824 -0.0967829 -0.0968653
5.02 0 0 0 0 0.121527 0.121413 0.121415 0.121526 0.000637071 0.000596793 0.000598127 0.000639696 -0.032239 -0.0321255 -0.0321257 -0.0322396
5.04 0 0 0 0 0.100759 0.100704 0.100703 0.100762 0.081626 0.0814842 0.0814841 0.0816261 0.0168004 0.0169182 0.0169183 0.0168005
5.06 0 0 0 0 -0.00644428 -0.00640456 -0.00640341 -0.0064466 0.0975478 0.0973912 0.0973909 0.0975476 0.0358599 0.0359091 0.0359086 0.0358585
5.08 0 0 0 0 -0.0992889 -0.0991833 -0.0991849 -0.0992891 0.0246365 0.0246407 0.0246418 0.0246386 0.0417651 0.0416765 0.0416768 0.0417661
5.1 0 0 0 0 -0.0816726 -0.0815816 -0.0815803 -0.081672 -0.0520472 -0.0518461 -0.0518473 -0.0520501 0.0740454 0.0738359 0.0738363 0.0740467
5.12 0 0 0 0 0.025042 0.0250775 0.0250764 0.0250405 -0.0366721 -0.036428 -0.036428 -0.0366728 0.126392 0.126179 0.126179 0.126393
5.14 0 0 0 0 0.086661 0.0866603 0.0866605 0.0866619 0.0455367 0.0456056 0.0456058 0.045537 0.122512 0.122428 0.122428 0.122514
5.16 0 0 0 0 0.0534362 0.0534395 0.0534402 0.0534362 0.114249 0.114079 0.114079 0.114248 0.0486547 0.0487351 0.0487349 0.0486543
5.18 0 0 0 0 -0.0473149 -0.0473061 -0.0473075 -0.0473155 0.0582077 0.0579787 0.0579799 0.0582103 -0.0810116 -0.0808542 -0.0808547 -0.0810132
5.2 0 0 0 0 -0.090438 -0.0904648 -0.0904634 -0.090438 -0.0813713 -0.0814277 -0.081428 -0.0813704 -0.169642 -0.169528 -0.169528 -0.169642
5.22 0 0 0 0 -0.0160753 -0.0161646 -0.0161658 -0.0160745 -0.161384 -0.161246 -0.161246 -0.161386 -0.146876 -0.146842 -0.146842 -0.146876
5.24 0 0 0 0 0.0681285 0.0680161 0.0680174 0.0681292 -0.120166 -0.12001 -0.12001 -0.120167 -0.070063 -0.0700527 -0.0700527 -0.0700628
5.26 0 0 0 0 0.0525427 0.05249 0.0524895 0.0525438 -0.00823847 -0.0082471 -0.00824675 -0.00823923 -0.0203257 -0.0202764 -0.0202764 -0.0203257
5.28 0 0 0 0 -0.0588435 -0.058805 -0.0588048 -0.0588448 0.0480671 0.0479205 0.0479204 0.0480683 -0.0336102 -0.0335397 -0.03354 -0.0336109
5.3 0 0 0 0 -0.159284 -0.159203 -0.159203 -0.159285 -0.0271542 -0.027213 -0.0272122 -0.0271529 -0.0840078 -0.0839989 -0.083999 -0.084008
5.32 0 0 0 0 -0.154999 -0.15497 -0.15497 -0.154999 -0.174132 -0.173943 -0.173944 -0.174134 -0.125049 -0.125136 -0.125136 -0.125049
5.34 0 0 0 0 -0.0371866 -0.0372563 -0.0372561 -0.0371864 -0.226767 -0.226451 -0.226452 -0.226769 -0.114442 -0.114539 -0.114539 -0.114442
5.36 0 0 0 0 0.0438335 0.0437088 0.043709 0.0438351 -0.157781 -0.157616 -0.157616 -0.157781 -0.120771 -0.120739 -0.120739 -0.120771
5.38 0 0 0 0 0.0518707 0.0517698 0.0517706 0.051873 0.000584693 0.000421463 0.000421575 0.00058525 -0.12569 -0.125476 -0.125476 -0.125691
5.4 0 0 0 0 0.0210723 0.0210259 0.0210254 0.0210686 0.12088 0.120499 0.1205 0.120884 -0.0995469 -0.0992572 -0.0992579 -0.099549
5.42 0 0 0 0 0.0390467 0.0390555 0.0390555 0.0390501 0.154454 0.154156 0.154157 0.154455 0.0134779 0.0136458 0.0136454 0.013477
5.44 0 0 0 0 0.116072 0.116108 0.116109 0.11607 0.151459 0.151426 0.151425 0.151459 0.208811 0.208729 0.20873 0.208812
5.46 0 0 0 0 0.133609 0.133696 0.133683 0.133564 0.144934 0.145083 0.145063 0.144839 0.36444 0.364115 0.364108 0.364406
5.48 0 0 0 0 0.0434243 0.0436401 0.0436565 0.0434988 0.151764 0.152022 0.152042 0.151885 0.395829 0.395455 0.395462 0.395879
5.5 0 0 0 0 -0.0979569 -0.0977362 -0.0977343 -0.0979914 0.120068 0.120187 0.120209 0.120081 0.28095 0.280606 0.280617 0.280952
5.52 0 0 0 0 -0.111819 -0.111641 -0.111663 -0.111837 0.0771196 0.077108 0.0770543 0.0769932 0.141326 0.141131 0.141109 0.141286
5.54 0 0 0 0 0.0310147 0.0310295 0.0310596 0.0310602 0.0493344 0.0493422 0.0493904 0.0494772 0.0481117 0.0481257 0.0481453 0.0481587
5.56 0 0 0 0 0.192531 0.192379 0.192356 0.192491 0.0586212 0.0584768 0.0584663 0.0585518 -0.00368181 -0.00351945 -0.0035251 -0.00370415
5.58 0 0 0 0 0.220195 0.220017 0.220025 0.220206 0.0929158 0.0926723 0.0926412 0.0928937 -0.0433059 -0.0430205 -0.0430307 -0.0433167
5.6 0 0 0 0 0.114287 0.114201 0.11421 0.114308 0.122795 0.1225 0.122555 0.122876 -0.0491919 -0.0489231 -0.0489061 -0.0491684
5.62 0 0 0 0 -0.0475195 -0.0474895 -0.0475039 -0.0475469 0.0696425 0.0694418 0.0693946 0.069572 -0.0289076 -0.0288159 -0.0288318 -0.0289291
5.64 0 0 0 0 -0.135405 -0.13529 -0.135278 -0.135391 -0.045082 -0.0449508 -0.0449301 -0.0450643 0.028791 0.0286235 0.0286314 0.0287955
5.66 0 0 0 0 -0.11704 -0.116925 -0.116931 -0.117036 -0.139196 -0.138788 -0.138782 -0.139162 0.0868482 0.0865132 0.0865145 0.0868632
5.68 0 0 0 0 -0.0967801 -0.0967286 -0.0967292 -0.0967975 -0.187719 -0.187301 -0.187322 -0.187779 0.0398405 0.0395194 0.0395154 0.0398236
5.7 0 0 0 0 -0.0746171 -0.0746132 -0.0746123 -0.0746008 -0.139823 -0.139625 -0.139609 -0.139782 -0.0775985 -0.0776714 -0.0776675 -0.0775848
5.72 0 0 0 0 -0.0440778 -0.0441642 -0.0441629 -0.0440862 -0.0588806 -0.0590428 -0.0590463 -0.0588839 -0.211294 -0.211067 -0.211067 -0.211294
5.74 0 0 0 0 0.0203716 0.0202203 0.0202163 0.0203702 -0.00836062 -0.00871508 -0.00872234 -0.00838701 -0.277008 -0.276607 -0.276614 -0.277036
5.76 0 0 0 0 0.070323 0.0701318 0.0701373 0.0703324 -0.0333679 -0.033639 -0.0336325 -0.0333498 -0.262903 -0.262496 -0.262491 -0.262865
5.78 0 0 0 0 0.0738338 0.0736778 0.0736757 0.0738315 -0.0750862 -0.0751398 -0.075135 -0.0750562 -0.168869 -0.168675 -0.168671 -0.168896
5.8 0 0 0 0 -0.00259304 -0.00263755 -0.00263808 -0.00259467 -0.0953093 -0.095217 -0.0952292 -0.0953786 -0.0568597 -0.0568765 -0.0568923 -0.0568666
5.82 0 0 0 0 -0.160157 -0.160067 -0.160066 -0.160157 -0.136469 -0.136194 -0.136189 -0.136401 -0.0243987 -0.0245924 -0.0245704 -0.0243678
5.84 0 0 0 0 -0.241402 -0.241256 -0.241259 -0.241405 -0.158417 -0.158157 -0.158146 -0.158449 -0.0289881 -0.0292508 -0.0292667 -0.0290122
5.86 0 0 0 0 -0.178396 -0.178305 -0.178302 -0.178396 -0.153578 -0.153328 -0.153357 -0.153592 -0.0509625 -0.0511492 -0.0511439 -0.0509551
5.88 0 0 0 0 0.0182751 0.0182255 0.0182227 0.0182737 -0.0614285 -0.0613453 -0.061312 -0.0613937 -0.0360966 -0.0360963 -0.0360909 -0.0360844
5.9 0 0 0 0 0.177255 0.177122 0.177126 0.17726 0.0707461 0.0705699 0.0705446 0.0707179 -0.0230818 -0.02288 -0.0228902 -0.0231012
5.92 0 0 0 0 0.174145 0.17401 0.174009 0.174146 0.15059 0.150231 0.150242 0.150596 -0.040405 -0.0400871 -0.0400796 -0.0403957
5.94 0 0 0 0 0.066062 0.0660223 0.0660228 0.0660628 0.14146 0.141129 0.141134 0.141482 -0.0365252 -0.0362803 -0.0362842 -0.0365257
5.96 0 0 0 0 -0.0364945 -0.036449 -0.0364486 -0.0364978 0.051532 0.0514458 0.0514352 0.0515092 0.0193739 0.0193765 0.019376 0.0193643
5.98 0 0 0 0 -0.0714474 -0.0713475 -0.0713499 -0.071447 -0.0504455 -0.0502047 -0.0501957 -0.0504378 0.106191 0.105947 0.105949 0.106204
6 0 0 0 0 -0.0809329 -0.0808216 -0.0808182 -0.0809319 -0.113524 -0.113108 -0.113114 -0.113518 0.135919 0.135549 0.135549 0.135916
6.02 0 0 0 0 -0.105153 -0.105068 -0.105072 -0.105154 -0.123447 -0.123135 -0.123133 -0.123466 0.0545316 0.0542614 0.05426 0.0545311
6.04 0 0 0 0 -0.0691485 -0.0691241 -0.0691215 -0.0691478 -0.0484862 -0.0484425 -0.0484453 -0.0484711 -0.048836 -0.0488526 -0.0488499 -0.04883
6.06 0 0 0 0 0.0613271 0.0612152 0.0612054 0.0612546 0.0811577 0.0808808 0.0808847 0.0811474 -0.0798738 -0.0796361 -0.0796385 -0.0798801
6.08 0 0 0 0 0.230068 0.229945 0.229926 0.230064 0.218849 0.218418 0.218412 0.218852 0.00613239 0.00648411 0.00648356 0.0061319
6.1 0 0 0 0 0.271414 0.271356 0.271406 0.271558 0.267737 0.267356 0.267366 0.267754 0.12409 0.124343 0.124345 0.12409
6.12 0 0 0 0 0.1466 0.146601 0.146576 0.146514 0.217612 0.21746 0.217453 0.217601 0.219921 0.219909 0.219907 0.219919
6.14 0 0 0 0 -0.0110205 -0.0108337 -0.0108503 -0.0110484 0.149251 0.149325 0.149307 0.149167 0.312759 0.312452 0.312453 0.31276
6.16 0 0 0 0 -0.112153 -0.111847 -0.111806 -0.112048 0.0781151 0.0784815 0.0785153 0.0782756 0.354558 0.354047 0.354043 0.354535
6.18 0 0 0 0 -0.0697061 -0.0694807 -0.0695142 -0.0698024 0.0752208 0.0754926 0.075485 0.075123 0.361106 0.360648 0.360658 0.361174
6.2 0 0 0 0 0.0443174 0.0444516 0.0444563 0.0443498 0.120195 0.120344 0.120306 0.120157 0.293519 0.293201 0.293198 0.29345
6.22 0 0 0 0 0.139286 0.139304 0.139327 0.139317 0.175925 0.175804 0.175867 0.176057 0.16154 0.161599 0.161586 0.161581
6.24 0 0 0 0 0.171858 0.171751 0.171718 0.171805 0.199884 0.199487 0.19944 0.199772 0.0242106 0.0244665 0.0244966 0.0242148
6.26 0 0 0 0 0.135324 0.13522 0.135238 0.135481 0.149366 0.148977 0.148993 0.14941 -0.0685832 -0.0682424 -0.0682819 -0.0686204
6.28 0 0 0 0 0.0100929 0.0100308 0.0100695 0.009703 -0.0196907 -0.0198306 -0.0198226 -0.0196645 -0.14551 -0.145312 -0.14528 -0.145478
6.3 0 0 0 0 -0.158657 -0.158872 -0.159064 -0.158439 -0.25494 -0.254743 -0.254764 -0.255014 -0.229163 -0.229182 -0.2292 -0.229172
6.32 0 0 0 0 -0.275869 -0.275711 -0.275447 -0.276091 -0.433726 -0.433292 -0.433315 -0.433826 -0.310692 -0.31086 -0.310862 -0.310715
6.34 0 0 0 0 -0.319079 -0.31917 -0.319434 -0.318703 -0.51367 -0.513111 -0.513076 -0.5135 -0.421534 -0.421627 -0.421616 -0.421497
6.36 0 0 0 0 -0.247821 -0.247908 -0.24758 -0.247884 -0.456395 -0.456192 -0.456196 -0.456501 -0.509953 -0.509848 -0.509865 -0.51002
6.38 0 0 0 0 -0.100323 -0.100608 -0.100944 -0.100519 -0.310115 -0.310121 -0.310135 -0.31001 -0.537216 -0.536796 -0.536785 -0.537171
6.4 0 0 0 0 0.0389074 0.0385972 0.0388519 0.0391659 -0.152662 -0.153003 -0.152952 -0.15266 -0.479223 -0.478642 -0.478629 -0.479174
6.42 0 0 0 0 0.0561683 0.0560167 0.0559136 0.0560479 -0.0913723 -0.0917138 -0.0917917 -0.0914845 -0.382576 -0.382111 -0.382136 -0.382677
6.44 0 0 0 0 0.00122432 0.000942511 0.000895191 0.00116635 -0.0817874 -0.0818506 -0.0817803 -0.0816398 -0.215108 -0.214859 -0.214848 -0.215047
6.46 0 0 0 0 -0.0748122 -0.0746094 -0.0744655 -0.0746511 -0.0842555 -0.0841417 -0.0841664 -0.0843309 -0.0140904 -0.0141938 -0.0141838 -0.0140786
6.48 0 0 0 0 -0.111749 -0.111687 -0.111848 -0.111855 -0.0512153 -0.0508692 -0.0508917 -0.0512209 0.171012 0.170621 0.1706 0.170958
6.5 0 0 0 0 -0.0358396 -0.0356289 -0.03551 -0.0358985 0.0872852 0.0875571 0.0876069 0.0873323 0.345605 0.345192 0.345212 0.345666
6.52 0 0 0 0 0.0403981 0.0406973 0.0406289 0.0405886 0.210476 0.210523 0.210449 0.21034 0.393188 0.392843 0.392838 0.393157
6.54 0 0 0 0 0.12946 0.129287 0.129241 0.12881 0.310314 0.310176 0.310214 0.310354 0.370436 0.370294 0.370281 0.370426
6.56 0 0 0 0 0.233208 0.233623 0.233661 0.233908 0.388341 0.388078 0.388098 0.388481 0.354914 0.354946 0.354972 0.354956
6.58 0 0 0 0 0.285629 0.285499 0.285631 0.285499 0.407509 0.407081 0.407061 0.407374 0.352228 0.352292 0.352268 0.352188
6.6 0 0 0 0 0.251873 0.251969 0.251737 0.25169 0.370121 0.369894 0.369895 0.370207 0.362447 0.36245 0.362462 0.362462
6.62 0 0 0 0 0.148922 0.14903 0.149256 0.149162 0.294431 0.294294 0.294319 0.29442 0.372186 0.372038 0.372039 0.372195
6.64 0 0 0 0 0.0346166 0.0348352 0.0346986 0.0345121 0.201722 0.201791 0.201751 0.20168 0.361905 0.361602 0.361594 0.361889
6.66 0 0 0 0 -0.0346731 -0.0345268 -0.0344999 -0.0347478 0.11313 0.113311 0.113347 0.113178 0.312836 0.312478 0.312488 0.312848
6.68 0 0 0 0 -0.0587914 -0.0585796 -0.0585302 -0.0586101 0.0240413 0.0242411 0.0242233 0.0240171 0.192413 0.192127 0.192122 0.192419
6.7 0 0 0 0 -0.0573482 -0.057353 -0.0574193 -0.0575028 -0.0638707 -0.0637386 -0.0637392 -0.0638746 0.0016095 0.0014998 0.00150082 0.0015946
6.72 0 0 0 0 -0.00524497 -0.00533734 -0.00529497 -0.00517675 -0.0935365 -0.0935582 -0.0935429 -0.0935026 -0.168945 -0.168791 -0.16879 -0.168925
6.74 0 0 0 0 0.0545771 0.0543999 0.0543918 0.0545774 -0.0789918 -0.0792047 -0.0792239 -0.0790372 -0.275794 -0.275448 -0.275446 -0.275806
6.76 0 0 0 0 0.0356993 0.0354547 0.0354372 0.035657 -0.100167 -0.100401 -0.100388 -0.100132 -0.342377 -0.34196 -0.341967 -0.342384
6.78 0 0 0 0 -0.0298647 -0.0300029 -0.0299737 -0.0298053 -0.146434 -0.146575 -0.146574 -0.146437 -0.33398 -0.333659 -0.333652 -0.333971
6.8 0 0 0 0 -0.0944589 -0.0945609 -0.0945823 -0.0944902 -0.191108 -0.191057 -0.191068 -0.191131 -0.253092 -0.252977 -0.252983 -0.253102
6.82 0 0 0 0 -0.162458 -0.162463 -0.162457 -0.162468 -0.240932 -0.240669 -0.240656 -0.240907 -0.176716 -0.176803 -0.176802 -0.176715
6.84 0 0 0 0 -0.208397 -0.208368 -0.208375 -0.208439 -0.271099 -0.270748 -0.270758 -0.27112 -0.148145 -0.148329 -0.148326 -0.148137
6.86 0 0 0 0 -0.200633 -0.200562 -0.20055 -0.200494 -0.259324 -0.25902 -0.259018 -0.259321 -0.170824 -0.170962 -0.170965 -0.17083
6.88 0 0 0 0 -0.129693 -0.129794 -0.129791 -0.129859 -0.205479 -0.205348 -0.205344 -0.205471 -0.218921 -0.218889 -0.218886 -0.218917
6.9 0 0 0 0 -0.0372549 -0.0373387 -0.0373779 -0.0371471 -0.142195 -0.14226 -0.142268 -0.142211 -0.268532 -0.268309 -0.268311 -0.268534
6.92 0 0 0 0 0.0275427 0.0273371 0.0274148 0.0275312 -0.0969018 -0.0970846 -0.0970778 -0.0968901 -0.291011 -0.290673 -0.290674 -0.291017
6.94 0 0 0 0 0.0319223 0.0317548 0.031662 0.0318739 -0.0847112 -0.0848918 -0.0848947 -0.0847131 -0.270624 -0.270296 -0.270296 -0.27062
6.96 0 0 0 0 -0.0417691 -0.0418806 -0.0417999 -0.0417097 -0.128056 -0.128107 -0.128107 -0.128061 -0.23479 -0.234606 -0.234608 -0.234796
6.98 0 0 0 0 -0.133269 -0.133276 -0.133323 -0.13329 -0.191274 -0.191125 -0.191121 -0.191262 -0.186399 -0.186402 -0.186402 -0.186398
7 0 0 0 0 -0.144952 -0.144933 -0.144922 -0.14495 -0.189569 -0.189311 -0.189311 -0.189564 -0.0980115 -0.0981482 -0.0981458 -0.0980051
7.02 0 0 0 0 -0.0760482 -0.076017 -0.0760329 -0.0760905 -0.105058 -0.104853 -0.104841 -0.105079 0.00196147 0.00180396 0.00180068 0.00195729
7.04 0 0 0 0 0.032989 0.0330561 0.0331321 0.0330991 0.045398 0.0454559 0.0454036 0.0454036 0.0948955 0.0948158 0.0948229 0.0948959
7.06 0 0 0 0 0.138323 0.138303 0.138183 0.138207 0.21605 0.215819 0.215911 0.216069 0.185804 0.185849 0.185836 0.185804
7.08 0 0 0 0 0.207527 0.207434 0.207469 0.207186 0.348827 0.348458 0.348314 0.348626 0.286436 0.286486 0.286498 0.286426
7.1 0 0 0 0 0.248671 0.248867 0.248786 0.248888 0.43264 0.432264 0.43233 0.432589 0.422819 0.422775 0.422745 0.422744
7.12 0 0 0 0 0.230908 0.23118 0.231384 0.231252 0.442883 0.442844 0.442865 0.443192 0.547707 0.547528 0.547551 0.547784
7.14 0 0 0 0 0.152436 0.152615 0.152473 0.152192 0.388261 0.388183 0.388193 0.3881 0.607918 0.607517 0.607529 0.607922
7.16 0 0 0 0 0.0751628 0.0754376 0.0754569 0.0751338 0.320484 0.320703 0.320685 0.32065 0.596859 0.596386 0.596369 0.59688
7.18 0 0 0 0 0.0768018 0.0771651 0.0772411 0.0770442 0.301971 0.301991 0.302027 0.301833 0.549096 0.548623 0.548644 0.549069
7.2 0 0 0 0 0.129585 0.129651 0.129556 0.129315 0.307835 0.307871 0.307808 0.3079 0.453804 0.453554 0.453529 0.45381
7.22 0 0 0 0 0.137989 0.138135 0.138181 0.138121 0.255753 0.255549 0.25563 0.255764 0.275285 0.275228 0.275259 0.275314
7.24 0 0 0 0 0.0965582 0.0965271 0.0965499 0.0966093 0.140647 0.140474 0.140401 0.140611 0.0641554 0.0642588 0.0642339 0.0641206
7.26 0 0 0 0 0.0265815 0.0264961 0.0264421 0.0265021 -0.0150918 -0.0152194 -0.0151582 -0.0150067 -0.126067 -0.125874 -0.125863 -0.126045
7.28 0 0 0 0 -0.0522292 -0.0523655 -0.052317 -0.0522573 -0.175504 -0.175545 -0.175579 -0.175613 -0.269971 -0.269796 -0.269789 -0.26997
7.3 0 0 0 0 -0.126739 -0.126885 -0.12692 -0.126615 -0.301702 -0.301511 -0.301519 -0.301633 -0.36696 -0.36681 -0.366831 -0.366983
7.32 0 0 0 0 -0.190318 -0.190408 -0.190371 -0.190455 -0.379345 -0.379196 -0.379145 -0.379344 -0.436374 -0.436245 -0.436223 -0.436356
7.34 0 0 0 0 -0.231516 -0.231946 -0.232113 -0.231967 -0.415944 -0.415812 -0.415964 -0.416314 -0.492485 -0.492331 -0.492353 -0.492502
7.36 0 0 0 0 -0.214557 -0.214276 -0.21408 -0.213785 -0.401697 -0.401442 -0.401291 -0.401227 -0.508678 -0.508494 -0.508488 -0.508723
7.38 0 0 0 0 -0.149171 -0.149597 -0.149584 -0.149403 -0.345677 -0.345591 -0.345587 -0.345754 -0.478063 -0.477771 -0.477763 -0.477959
7.4 0 0 0 0 -0.0601895 -0.0603186 -0.0605146 -0.0604259 -0.24289 -0.242968 -0.243086 -0.243074 -0.384572 -0.384327 -0.38432 -0.384637
7.42 0 0 0 0 -0.0526229 -0.0527295 -0.0524789 -0.0522307 -0.182603 -0.182577 -0.182436 -0.18238 -0.30863 -0.308394 -0.308427 -0.308644
7.44 0 0 0 0 -0.107039 -0.10715 -0.107323 -0.107274 -0.17438 -0.17436 -0.174449 -0.17447 -0.25197 -0.251835 -0.251793 -0.251913
7.46 0 0 0 0 -0.126516 -0.126533 -0.126491 -0.126557 -0.162535 -0.162478 -0.162464 -0.162613 -0.16665 -0.166657 -0.166688 -0.1667
7.48 0 0 0 0 -0.0962838 -0.0962309 -0.0961724 -0.0960492 -0.133341 -0.133084 -0.133052 -0.133172 -0.074193 -0.074279 -0.0742708 -0.0741789
7.5 0 0 0 0 -0.021169 -0.0211835 -0.0212664 -0.0214155 -0.0523241 -0.0522601 -0.0522914 -0.0524633 0.0204537 0.0203634 0.0203757 0.0204763
7.52 0 0 0 0 0.0316877 0.0317016 0.0317464 0.031804 0.041212 0.0412602 0.0412611 0.0412543 0.0737592 0.0737032 0.0736829 0.073727
7.54 0 0 0 0 0.0629263 0.0630272 0.0630496 0.063045 0.128639 0.128525 0.128561 0.12872 0.107176 0.107194 0.107213 0.107199
7.56 0 0 0 0 0.0911419 0.0910465 0.0909865 0.0908363 0.18816 0.187936 0.187888 0.188005 0.150608 0.150641 0.15063 0.150602
7.58 0 0 0 0 0.108966 0.109142 0.10917 0.10925 0.201209 0.201103 0.201126 0.201333 0.203051 0.203017 0.203018 0.203036
7.6 0 0 0 0 0.105993 0.105999 0.106047 0.105881 0.183447 0.183388 0.18341 0.18342 0.250661 0.250559 0.250565 0.250689
7.62 0 0 0 0 0.058131 0.0582409 0.0581257 0.058062 0.138344 0.138388 0.138332 0.138287 0.251858 0.251657 0.251651 0.251838
7.64 0 0 0 0 0.0185438 0.0186896 0.0188234 0.0186958 0.113263 0.113343 0.113405 0.113344 0.229359 0.229155 0.229155 0.229361
7.66 0 0 0 0 0.0402672 0.0403488 0.0402507 0.0401539 0.138767 0.138773 0.138732 0.13872 0.219838 0.219689 0.219695 0.219855
7.68 0 0 0 0 0.11276 0.112819 0.112852 0.112768 0.201552 0.201433 0.201441 0.201538 0.23345 0.233377 0.23337 0.23343
7.7 0 0 0 0 0.149652 0.149713 0.149735 0.149732 0.231007 0.230856 0.230872 0.231062 0.224852 0.224854 0.224856 0.224861
7.72 0 0 0 0 0.107643 0.107646 0.107599 0.107536 0.18702 0.186847 0.186826 0.186967 0.173183 0.173186 0.173191 0.173188
7.74 0 0 0 0 0.03447 0.0345329 0.0345717 0.0345308 0.0998517 0.0998022 0.0998137 0.0998715 0.112129 0.112089 0.112082 0.112118
7.76 0 0 0 0 -0.058862 -0.0588069 -0.0588213 -0.0588491 -0.0354038 -0.0353058 -0.035304 -0.0353843 0.0157652 0.0156729 0.0156783 0.0157741
7.78 0 0 0 0 -0.136322 -0.136327 -0.136331 -0.136385 -0.180746 -0.180544 -0.180552 -0.180786 -0.115057 -0.115155 -0.115156 -0.115057
7.8 0 0 0 0 -0.135887 -0.135911 -0.135904 -0.135818 -0.250834 -0.250605 -0.2506 -0.250804 -0.225112 -0.225126 -0.225128 -0.225118
7.82 0 0 0 0 -0.110593 -0.110737 -0.110734 -0.110627 -0.26954 -0.26944 -0.269436 -0.269548 -0.335782 -0.335635 -0.335632 -0.335776
7.84 0 0 0 0 -0.0625702 -0.0627547 -0.0627705 -0.0625769 -0.229129 -0.229179 -0.229191 -0.229143 -0.39659 -0.396286 -0.396288 -0.396594
7.86 0 0 0 0 -0.0343271 -0.0345288 -0.0345062 -0.0342913 -0.18427 -0.184423 -0.18441 -0.184247 -0.403692 -0.403315 -0.403316 -0.403697
7.88 0 0 0 0 -0.0597706 -0.0599487 -0.0599648 -0.0598006 -0.189161 -0.18927 -0.189277 -0.189171 -0.376669 -0.376345 -0.376345 -0.376665
7.9 0 0 0 0 -0.0867817 -0.0868911 -0.0868865 -0.0867698 -0.200225 -0.200195 -0.200194 -0.200225 -0.287605 -0.287447 -0.287447 -0.28761
7.92 0 0 0 0 -0.0987778 -0.098811 -0.0988029 -0.0987644 -0.187548 -0.187379 -0.187373 -0.187535 -0.163957 -0.163968 -0.163968 -0.163954
7.94 0 0 0 0 -0.0947172 -0.094701 -0.0947154 -0.0947492 -0.135555 -0.135345 -0.135351 -0.135571 -0.0480764 -0.0482043 -0.0482026 -0.048075
7.96 0 0 0 0 -0.0771624 -0.0770936 -0.077081 -0.0771329 -0.0582551 -0.0581038 -0.0581004 -0.05825 0.027038 0.0268934 0.0268911 0.0270348
7.98 0 0 0 0 -0.00749627 -0.00787677 -0.00807605 -0.0085556 0.0536709 0.0536578 0.05363 0.0535906 0.0956471 0.0955606 0.0955608 0.0956485
8 0 0 0 0 0.140462 0.140949 0.141002 0.141316 0.223257 0.222884 0.222783 0.22277 0.220853 0.220836 0.220823 0.220824
8.02 0 0 0 0 0.354107 0.35396 0.354214 0.354117 0.481188 0.481151 0.481269 0.481889 0.463387 0.463381 0.463381 0.463332
8.04 0 0 0 0 0.51434 0.514706 0.51438 0.514347 0.765014 0.764223 0.764248 0.764602 0.77935 0.779349 0.779354 0.779441
8.06 0 0 0 0 0.487041 0.487295 0.487731 0.487566 0.921053 0.920762 0.920622 0.921268 1.03705 1.03673 1.03674 1.03698
8.08 0 0 0 0 0.274856 0.275217 0.274834 0.274093 0.839208 0.838971 0.839277 0.839583 1.12658 1.12602 1.12601 1.12666
8.1 0 0 0 0 0.109589 0.11037 0.110535 0.110154 0.646032 0.646006 0.645659 0.645332 1.11539 1.1145 1.11454 1.11543
8.12 0 0 0 0 0.132258 0.132622 0.132745 0.132175 0.509609 0.510158 0.510366 0.510168 1.05128 1.0503 1.05025 1.05116
8.14 0 0 0 0 0.215973 0.216404 0.216093 0.215742 0.442066 0.442154 0.442183 0.441944 0.849327 0.848731 0.848778 0.849475
8.16 0 0 0 0 0.106057 0.106231 0.106619 0.106602 0.247732 0.247807 0.247622 0.247651 0.353766 0.353529 0.353534 0.353722
8.18 0 0 0 0 -0.296772 -0.297041 -0.29737 -0.297527 -0.29921 -0.299431 -0.299191 -0.299156 -0.497434 -0.497174 -0.497221 -0.497485
8.2 0 0 0 0 -0.681597 -0.683085 -0.683635 -0.68439 -1.0495 -1.04996 -1.05076 -1.05199 -1.41838 -1.418 -1.41808 -1.41892
8.22 0 0 0 0 -0.690115 -0.689369 -0.688781 -0.686455 -1.56977 -1.56851 -1.56803 -1.56777 -2.00261 -2.00153 -2.00151 -2.00215
8.24 0 0 0 0 -0.453488 -0.45473 -0.4542 -0.453576 -1.6689 -1.66821 -1.66771 -1.66802 -2.20632 -2.20513 -2.20494 -2.20623
8.26 0 0 0 0 -0.31831 -0.31948 -0.320453 -0.31937 -1.43467 -1.43448 -1.43502 -1.43502 -2.16357 -2.16204 -2.16222 -2.16357
8.28 0 0 0 0 -0.327396 -0.328279 -0.327392 -0.326533 -1.00515 -1.00604 -1.00572 -1.00591 -1.85199 -1.85059 -1.85046 -1.85205
8.3 0 0 0 0 -0.354037 -0.354131 -0.354603 -0.353947 -0.604263 -0.603995 -0.604158 -0.602863 -1.26836 -1.26731 -1.26743 -1.26845
8.32 0 0 0 0 -0.283727 -0.284379 -0.284295 -0.284575 -0.333299 -0.33388 -0.333624 -0.334441 -0.495762 -0.495507 -0.495401 -0.495542
8.34 0 0 0 0 -0.112611 -0.111567 -0.111399 -0.111065 -0.101765 -0.10064 -0.101005 -0.100839 0.306115 0.305475 0.305454 0.306014
8.36 0 0 0 0 0.0832098 0.0826352 0.0824624 0.081304 0.248478 0.248773 0.249233 0.247683 0.9609 0.95977 0.959699 0.960814
8.38 0 0 0 0 0.217457 0.218888 0.218724 0.218638 0.701995 0.702405 0.701687 0.701689 1.33722 1.33597 1.33601 1.337
8.4 0 0 0 0 0.397548 0.396888 0.396912 0.394867 1.17133 1.17017 1.17044 1.17019 1.52473 1.52424 1.52417 1.52509
8.42 0 0 0 0 0.675328 0.676532 0.676032 0.676671 1.52666 1.52729 1.5275 1.52955 1.66689 1.66626 1.66645 1.66687
8.44 0 0 0 0 0.941121 0.942821 0.944402 0.944394 1.67177 1.66976 1.67001 1.67047 1.79779 1.79758 1.79739 1.79774
8.46 0 0 0 0 1.01055 1.00941 1.00799 1.00675 1.6069 1.60643 1.60571 1.60655 1.87259 1.87202 1.87219 1.87266
8.48 0 0 0 0 0.7735 0.774835 0.775115 0.774826 1.38775 1.38728 1.38809 1.38874 1.80963 1.80893 1.80881 1.80959
8.5 0 0 0 0 0.354911 0.355799 0.356726 0.356541 1.05358 1.05348 1.05296 1.05291 1.56645 1.56542 1.56548 1.56642
8.52 0 0 0 0 -0.0735256 -0.0734726 -0.0748692 -0.0763344 0.553655 0.553877 0.553981 0.553675 1.0811 1.08009 1.08011 1.08121
8.54 0 0 0 0 -0.252863 -0.251567 -0.250522 -0.250198 0.0419622 0.0428875 0.0432134 0.0429568 0.480085 0.479287 0.479262 0.480032
8.56 0 0 0 0 -0.181344 -0.182332 -0.182317 -0.182808 -0.355248 -0.355519 -0.356077 -0.357098 -0.169595 -0.169834 -0.169822 -0.169609
8.58 0 0 0 0 -0.0668443 -0.0679743 -0.0699227 -0.0712383 -0.602247 -0.601275 -0.600855 -0.60054 -0.834628 -0.834091 -0.834104 -0.834593
8.6 0 0 0 0 -0.093384 -0.0959797 -0.0951159 -0.094402 -0.726692 -0.730229 -0.731942 -0.734726 -1.41507 -1.4143 -1.41461 -1.41652
8.62 0 0 0 0 -0.264728 -0.261813 -0.262171 -0.262057 -0.89155 -0.888768 -0.88776 -0.883803 -1.81147 -1.80956 -1.80944 -1.81041
8.64 0 0 0 0 -0.463075 -0.468233 -0.468027 -0.466911 -1.13165 -1.13129 -1.12945 -1.13117 -1.95172 -1.95015 -1.94952 -1.95039
8.66 0 0 0 0 -0.697768 -0.692861 -0.692894 -0.691703 -1.46773 -1.4693 -1.47215 -1.47044 -1.92045 -1.91958 -1.92012 -1.92169
8.68 0 0 0 0 -0.855621 -0.857686 -0.855615 -0.852181 -1.67971 -1.67761 -1.67478 -1.67611 -1.74312 -1.7429 -1.74294 -1.74324
8.7 0 0 0 0 -0.960733 -0.963283 -0.96492 -0.965068 -1.63919 -1.63772 -1.63942 -1.64182 -1.56023 -1.5601 -1.55988 -1.55954
8.72 0 0 0 0 -0.937 -0.933627 -0.933401 -0.934892 -1.43492 -1.43517 -1.43524 -1.43481 -1.47333 -1.47325 -1.47341 -1.47395
8.74 0 0 0 0 -0.782223 -0.786464 -0.785029 -0.780336 -1.2181 -1.21606 -1.21466 -1.21643 -1.48926 -1.4888 -1.48877 -1.48892
8.76 0 0 0 0 -0.445224 -0.442355 -0.444274 -0.448131 -0.954874 -0.956056 -0.957859 -0.956769 -1.41988 -1.41904 -1.41905 -1.42015
8.78 0 0 0 0 0.0148627 0.0114883 0.0130435 0.0172019 -0.565555 -0.565438 -0.564003 -0.564822 -1.10093 -1.09996 -1.10004 -1.10094
8.8 0 0 0 0 0.349106 0.350677 0.350088 0.348862 -0.0665877 -0.0668005 -0.067581 -0.065817 -0.549917 -0.54885 -0.548609 -0.549488
8.82 0 0 0 0 0.534587 0.536267 0.536209 0.535864 0.518153 0.517833 0.518756 0.519992 0.231556 0.231995 0.231863 0.231445
8.84 0 0 0 0 0.471142 0.464618 0.464468 0.463657 0.974449 0.972661 0.971557 0.9688 1.02954 1.02915 1.02918 1.02924
8.86 0 0 0 0 0.258256 0.266172 0.264521 0.263116 1.1582 1.15751 1.15682 1.15999 1.68797 1.68669 1.68643 1.6873
8.88 0 0 0 0 0.138881 0.130802 0.132928 0.130526 1.10915 1.10912 1.11004 1.10538 2.08191 2.07978 2.07969 2.08135
8.9 0 0 0 0 0.142107 0.150646 0.146676 0.147497 0.959754 0.962047 0.961415 0.96699 2.11653 2.11578 2.11636 2.11893
8.92 0 0 0 0 0.279951 0.274535 0.280246 0.279092 0.914245 0.91546 0.917921 0.912954 1.82834 1.82612 1.82622 1.82787
8.94 0 0 0 0 0.420485 0.423314 0.417761 0.419444 0.953473 0.953162 0.949806 0.951758 1.28538 1.28449 1.28384 1.28393
8.96 0 0 0 0 0.613109 0.615588 0.620248 0.617969 1.00183 0.999838 1.00289 1.00368 0.748851 0.749813 0.750401 0.750781
8.98 0 0 0 0 0.934836 0.9365 0.935162 0.937484 1.05552 1.05546 1.05355 1.05473 0.510257 0.510529 0.510401 0.509088
9 0 0 0 0 1.17465 1.17267 1.17252 1.16989 1.16474 1.16129 1.16182 1.16369 0.679058 0.680168 0.679497 0.678562
9.02 0 0 0 0 0.958429 0.959644 0.95998 0.962466 1.19166 1.19252 1.19301 1.19373 1.02739 1.02771 1.02872 1.02867
9.04 0 0 0 0 0.341499 0.343777 0.344509 0.342146 0.970088 0.968246 0.967336 0.968009 1.2751 1.27448 1.27373 1.27433
9.06 0 0 0 0 -0.29168 -0.293749 -0.294918 -0.294801 0.525074 0.5265 0.527226 0.525905 1.31588 1.314 1.31414 1.31543
9.08 0 0 0 0 -0.640349 -0.636828 -0.636038 -0.63729 -0.035236 -0.0335865 -0.0338887 -0.0345328 1.03139 1.02993 1.03017 1.03245
9.1 0 0 0 0 -0.60507 -0.606774 -0.60675 -0.606893 -0.514643 -0.51383 -0.513852 -0.51623 0.388142 0.386418 0.386297 0.387555
9.12 0 0 0 0 -0.293859 -0.291784 -0.29263 -0.291323 -0.70099 -0.697583 -0.696958 -0.696385 -0.468126 -0.468243 -0.468199 -0.467822
9.14 0 0 0 0 0.0956259 0.0882777 0.0884585 0.0845311 -0.537514 -0.542316 -0.54289 -0.544518 -1.23095 -1.22953 -1.22954 -1.23102
9.16 0 0 0 0 0.377967 0.384985 0.383711 0.390223 -0.244878 -0.242567 -0.24357 -0.240139 -1.6193 -1.61746 -1.61724 -1.61932
9.18 0 0 0 0 0.437338 0.429831 0.433715 0.430347 -0.0807273 -0.0851259 -0.0820902 -0.080743 -1.50916 -1.506 -1.50652 -1.50925
9.2 0 0 0 0 0.0832687 0.0865906 0.0803151 0.0831839 -0.297759 -0.29737 -0.301399 -0.300717 -1.09904 -1.09856 -1.09793 -1.099
9.22 0 0 0 0 -0.563131 -0.564947 -0.558016 -0.558624 -0.824125 -0.824009 -0.820509 -0.821183 -0.673973 -0.673311 -0.673884 -0.673834
9.24 0 0 0 0 -1.25457 -1.25354 -1.2588 -1.25817 -1.44859 -1.44574 -1.44767 -1.44942 -0.556995 -0.559154 -0.558767 -0.557385
9.26 0 0 0 0 -1.59824 -1.59854 -1.5959 -1.59686 -1.85051 -1.8486 -1.84837 -1.85224 -0.824144 -0.825289 -0.825581 -0.823767
9.28 0 0 0 0 -1.24434 -1.24371 -1.24347 -1.24168 -1.71442 -1.71199 -1.7112 -1.7118 -1.22892 -1.22981 -1.22958 -1.2291
9.3 0 0 0 0 -0.490188 -0.491397 -0.493133 -0.493728 -1.22282 -1.22274 -1.22372 -1.22489 -1.68821 -1.68738 -1.68759 -1.6883
9.32 0 0 0 0 0.201549 0.200291 0.202341 0.204127 -0.672965 -0.674766 -0.674201 -0.672627 -2.00906 -2.00649 -2.00639 -2.00899
9.34 0 0 0 0 0.542833 0.54255 0.541134 0.542728 -0.26872 -0.269917 -0.270035 -0.26756 -1.93893 -1.93629 -1.93626 -1.93896
9.36 0 0 0 0 0.457721 0.455349 0.456046 0.455675 -0.0939464 -0.0965331 -0.0966157 -0.0956441 -1.36889 -1.36652 -1.36665 -1.36898
9.38 0 0 0 0 0.135927 0.136927 0.13632 0.139966 -0.00246769 -0.00193798 -0.00190455 -0.000768673 -0.322997 -0.322622 -0.322449 -0.322928
9.4 0 0 0 0 -0.186198 -0.18694 -0.186311 -0.192815 0.114479 0.115344 0.116087 0.115667 0.854957 0.853964 0.854001 0.855469
9.42 0 0 0 0 -0.455125 -0.45661 -0.458792 -0.456252 0.250988 0.251692 0.250146 0.245934 1.67089 1.66823 1.66826 1.67042
9.44 0 0 0 0 -0.39789 -0.391493 -0.388773 -0.390206 0.525956 0.528908 0.530132 0.531743 2.01 2.00739 2.00712 2.00992
9.46 0 0 0 0 0.0564778 0.0520697 0.0506935 0.0482807 0.918311 0.918378 0.918629 0.915506 1.89476 1.89311 1.89353 1.89525
9.48 0 0 0 0 0.73506 0.739627 0.73848 0.739626 1.35065 1.34963 1.34774 1.34956 1.55289 1.55236 1.55207 1.5526
9.5 0 0 0 0 1.35399 1.35321 1.35708 1.35583 1.71385 1.71262 1.71524 1.71689 1.24472 1.24538 1.24534 1.24441
9.52 0 0 0 0 1.70696 1.70748 1.70302 1.70411 2.02382 2.02094 2.01878 2.02114 1.27936 1.28071 1.28082 1.27977
9.54 0 0 0 0 1.5719 1.5731 1.57711 1.57545 2.11861 2.116 2.11689 2.11885 1.63475 1.63538 1.63528 1.63449
9.56 0 0 0 0 0.967109 0.968146 0.966235 0.967535 1.86273 1.86264 1.86292 1.8644 2.07709 2.0765 2.07644 2.0769
9.58 0 0 0 0 0.215434 0.216389 0.216772 0.213419 1.33327 1.3326 1.33175 1.33085 2.37754 2.37562 2.37567 2.37776
9.6 0 0 0 0 -0.341341 -0.338938 -0.338361 -0.338446 0.676781 0.679086 0.679747 0.678201 2.27182 2.26898 2.26904 2.27178
9.62 0 0 0 0 -0.543848 -0.547475 -0.549434 -0.550777 0.144592 0.147479 0.147446 0.146083 1.65318 1.65059 1.65074 1.65349
9.64 0 0 0 0 -0.35945 -0.356938 -0.356342 -0.359538 -0.130094 -0.129816 -0.129691 -0.131584 0.629351 0.628368 0.62846 0.629872
9.66 0 0 0 0 0.0970736 0.0979296 0.0985284 0.10314 -0.173077 -0.174074 -0.174813 -0.174479 -0.507248 -0.507219 -0.507584 -0.508677
9.68 0 0 0 0 0.481377 0.47756 0.477149 0.473996 -0.171918 -0.172571 -0.171908 -0.170342 -1.45145 -1.4491 -1.44918 -1.45152
9.7 0 0 0 0 0.580426 0.57431 0.561842 0.567067 -0.224733 -0.22122 -0.224127 -0.24202 -2.00428 -2.0039 -2.00355 -2.00523
9.72 0 0 0 0 0.587505 0.613433 0.61585 0.622981 -0.479829 -0.463881 -0.456038 -0.436482 -2.17799 -2.17241 -2.17029 -2.16757
9.74 0 0 0 0 0.560122 0.272209 0.20706 0.24805 0.355364 0.520459 0.528483 0.342376 -2.06302 -2.09417 -2.08194 -2.04109
9.76 0 0 0 0 0.939077 1.61679 1.66137 1.61399 -0.16166 -0.614464 -0.664269 -0.29976 -1.35232 -1.25605 -1.25324 -1.34248
