0.005 -0.0282771 -0.0282771 -0.0282771 -0.0282771 -0.000562495 -0.00049619 -0.000496222 -0.000562924 9.11626e-05 6.70375e-05 6.70362e-05 9.10191e-05 -9.38377e-06 -6.22873e-06 -6.22537e-06 -9.38411e-06
0.025 -0.0173214 -0.0173214 -0.0173214 -0.0173214 -0.0105737 -0.0105726 -0.0105724 -0.0105743 0.000260792 0.000272853 0.000272658 0.000260471 0.000211934 0.000205981 0.000205747 0.000211164
0.045 -0.0176937 -0.0176937 -0.0176937 -0.0176937 -0.0186646 -0.0186927 -0.0186934 -0.0186664 -0.00546352 -0.00544934 -0.00544931 -0.00546424 0.00114696 0.00113809 0.00113803 0.0011473
0.065 -0.0203043 -0.0203043 -0.0203043 -0.0203043 -0.0190485 -0.0190395 -0.0190388 -0.0190474 -0.014716 -0.0147375 -0.0147386 -0.0147188 -0.00133633 -0.00133814 -0.00133922 -0.00133797
0.085 -0.0218309 -0.0218309 -0.0218309 -0.0218309 -0.018925 -0.0189062 -0.0189059 -0.0189241 -0.018762 -0.0187815 -0.0187827 -0.0187655 -0.0117438 -0.0117429 -0.0117428 -0.0117435
0.105 -0.0163056 -0.0163056 -0.0163056 -0.0163056 -0.0203482 -0.0203738 -0.020374 -0.020349 -0.0193259 -0.0193038 -0.0193036 -0.0193249 -0.0260055 -0.0260069 -0.0260066 -0.0260048
0.125 -0.0118814 -0.0118814 -0.0118814 -0.0118814 -0.0178247 -0.0178385 -0.0178383 -0.0178241 -0.0246053 -0.0245886 -0.0245879 -0.0246029 -0.0357725 -0.0357687 -0.0357684 -0.0357713
0.145 -0.0125152 -0.0125152 -0.0125152 -0.0125152 -0.0152976 -0.0152629 -0.015262 -0.0152944 -0.0320756 -0.0320954 -0.032095 -0.0320744 -0.0392703 -0.0392588 -0.0392585 -0.0392694
0.165 -0.0110875 -0.0110875 -0.0110875 -0.0110875 -0.0199504 -0.019944 -0.0199434 -0.0199487 -0.0339222 -0.0339308 -0.0339302 -0.0339207 -0.0396936 -0.0396853 -0.0396851 -0.0396932
0.185 -0.0105225 -0.0105225 -0.0105225 -0.0105225 -0.0254891 -0.0255287 -0.0255297 -0.0254904 -0.0317863 -0.0317693 -0.0317688 -0.0317855 -0.0375761 -0.0375745 -0.0375743 -0.0375758
0.205 -0.0108036 -0.0108036 -0.0108036 -0.0108036 -0.0235425 -0.0235688 -0.0235695 -0.0235436 -0.0302587 -0.0302532 -0.0302532 -0.0302586 -0.032444 -0.0324414 -0.0324414 -0.032444
0.225 -0.0140578 -0.0140578 -0.0140578 -0.0140578 -0.0167991 -0.0167781 -0.0167781 -0.0167994 -0.0266581 -0.0266779 -0.0266779 -0.0266582 -0.0266206 -0.0266139 -0.0266139 -0.0266206
0.245 -0.00929193 -0.00929193 -0.00929193 -0.00929193 -0.0132883 -0.0132927 -0.0132926 -0.013288 -0.0177413 -0.0177387 -0.0177387 -0.0177413 -0.0214765 -0.0214743 -0.0214744 -0.0214766
0.265 -0.00995872 -0.00995872 -0.00995872 -0.00995872 -0.00889422 -0.00889961 -0.00889955 -0.00889409 -0.00890288 -0.00889207 -0.00889208 -0.00890289 -0.0142244 -0.0142246 -0.0142246 -0.0142244
0.285 -0.0178388 -0.0178388 -0.0178388 -0.0178388 -0.00588176 -0.0058521 -0.0058521 -0.00588175 -0.00285577 -0.00286168 -0.00286167 -0.00285576 -0.00375574 -0.00375617 -0.00375618 -0.00375576
0.305 -0.012253 -0.012253 -0.012253 -0.012253 -0.00865298 -0.00867064 -0.00867871 -0.00868216 0.00162058 0.0016286 0.00162486 0.00162316 0.00731559 0.00730848 0.00730523 0.00731732
0.325 -0.00508963 -0.00508963 -0.00508963 -0.00508963 -0.00856697 -0.00860472 -0.00861039 -0.00857396 0.0036553 0.00366163 0.0036597 0.00365134 0.0154085 0.0153982 0.0153968 0.0154052
0.345 -0.0114772 -0.0114772 -0.0114772 -0.0114772 -0.000742452 -0.000710142 -0.000708163 -0.000737341 0.00529382 0.00526957 0.00526992 0.00529454 0.0170182 0.0170161 0.0170151 0.0170161
0.365 -0.0252018 -0.0252018 -0.0252018 -0.0252018 0.000902994 0.00096973 0.000972143 0.000909148 0.0106327 0.0106175 0.0106182 0.0106335 0.0120977 0.0120955 0.012096 0.0120986
0.385 -0.0119756 -0.0119756 -0.0119756 -0.0119756 -0.00715386 -0.00720261 -0.00720195 -0.00715294 0.0119234 0.0119722 0.0119729 0.0119245 0.00744161 0.00742827 0.00742799 0.00744113
0.405 -0.00654577 -0.00654577 -0.00654577 -0.00654577 -0.00806152 -0.00808646 -0.00808711 -0.00806296 0.000408281 0.000416973 0.000416806 0.000407937 0.00677557 0.00676981 0.00677021 0.0067764
0.425 -0.00524732 -0.00524732 -0.00524732 -0.00524732 -0.00417392 -0.0041296 -0.00412984 -0.00417439 -0.0116006 -0.0116493 -0.0116493 -0.0116006 0.00232154 0.00232811 0.00232786 0.00232102
0.445 -0.0121161 -0.0121161 -0.0121161 -0.0121161 -0.00656615 -0.0065294 -0.00652942 -0.00656621 -0.0115152 -0.0115356 -0.0115356 -0.0115153 -0.0111038 -0.0110991 -0.011099 -0.0111035
0.465 -0.00432162 -0.00432162 -0.00432162 -0.00432162 -0.012186 -0.0122501 -0.01225 -0.0121858 -0.0092351 -0.00918237 -0.00918231 -0.00923496 -0.0244478 -0.0244527 -0.0244528 -0.024448
0.485 -0.00696119 -0.00696119 -0.00696119 -0.00696119 -0.011767 -0.0117903 -0.0117903 -0.011767 -0.0174221 -0.0174024 -0.0174024 -0.0174221 -0.0280694 -0.0280675 -0.0280674 -0.0280693
0.505 -0.000157633 -0.000157633 -0.000157633 -0.000157633 -0.0156615 -0.0156742 -0.0156742 -0.0156615 -0.0274161 -0.0274277 -0.0274277 -0.0274161 -0.025983 -0.0259772 -0.0259773 -0.0259831
0.525 0.0165678 0.0165678 0.0165678 0.0165678 -0.0149295 -0.0149762 -0.0149762 -0.0149296 -0.0305332 -0.0305422 -0.0305422 -0.0305333 -0.0259795 -0.0259724 -0.0259724 -0.0259794
0.545 0.0192492 0.0192492 0.0192492 0.0192492 0.00194197 0.00195798 0.00195797 0.00194194 -0.0244225 -0.024451 -0.024451 -0.0244225 -0.0298598 -0.0298439 -0.0298439 -0.0298598
0.565 -0.0109197 -0.0109197 -0.0109197 -0.0109197 0.0154606 0.0155904 0.0155905 0.015461 -0.00760325 -0.00763905 -0.0076392 -0.00760399 -0.031778 -0.031759 -0.0317589 -0.0317775
0.585 -0.0473307 -0.0473307 -0.0473307 -0.0473307 -0.00260929 -0.00252882 -0.00252871 -0.00260914 0.00976449 0.00979858 0.0097983 0.00976409 -0.0198351 -0.019839 -0.0198387 -0.0198347
0.605 -0.030599 -0.030599 -0.030599 -0.030599 -0.0387087 -0.0388757 -0.0388764 -0.038712 0.00539869 0.00550498 0.00550551 0.00540066 0.0108859 0.010853 0.0108531 0.010886
0.625 0.00422997 0.00422997 0.00422997 0.00422997 -0.043149 -0.0433224 -0.0433222 -0.0431509 -0.0202097 -0.0202096 -0.0202123 -0.0201915 0.0395093 0.0394883 0.0394923 0.0395292
0.645 0.0160028 0.0160028 0.0160028 0.0160028 -0.00908045 -0.00903906 -0.00903767 -0.00907622 -0.0265055 -0.0266463 -0.0266533 -0.0265227 0.0317934 0.0318041 0.0318032 0.0317844
0.665 0.0424805 0.0424805 0.0424805 0.0424805 0.0306907 0.0307089 0.030713 0.0306993 0.00659342 0.00658452 0.0065801 0.00658208 -0.0114474 -0.0114342 -0.0114382 -0.0114532
0.685 -0.0322595 -0.0322595 -0.0322595 -0.0322595 0.0561286 0.0563991 0.0563714 0.0561089 0.0413612 0.041382 0.0413858 0.0413729 -0.0425114 -0.0424927 -0.0424958 -0.04252
0.705 -0.0243389 -0.0243389 -0.0243389 -0.0243389 0.02367 0.0237075 0.0237011 0.0236495 0.0416371 0.0417461 0.0417427 0.0416313 -0.0219474 -0.0219569 -0.0219553 -0.0219445
0.725 -0.00804719 -0.00804719 -0.00804719 -0.00804719 -0.0258502 -0.0259383 -0.0259385 -0.0258537 0.00111845 0.00111456 0.00110695 0.00107836 0.0365992 0.036581 0.0365819 0.0366015
0.745 0.0289174 0.0289174 0.0289174 0.0289174 -0.0392837 -0.0394202 -0.0394192 -0.0392831 -0.0341394 -0.0342484 -0.0342448 -0.0341181 0.0717054 0.0717033 0.0717209 0.0717346
0.765 0.000289574 0.000289574 0.000289574 0.000289574 -0.0157295 -0.0157162 -0.0157142 -0.0157256 -0.0168386 -0.016939 -0.0169357 -0.0168302 0.0416865 0.0416927 0.0417008 0.0417031
0.785 -0.0275532 -0.0275532 -0.0275532 -0.0275532 0.00829238 0.00830522 0.00830622 0.00829456 0.0295826 0.0296867 0.0296856 0.0295785 -0.0209812 -0.0209939 -0.0209941 -0.0209818
0.805 0.00122808 0.00122808 0.00122808 0.00122808 0.0278009 0.0277815 0.0277814 0.0278002 0.034998 0.0351514 0.0351491 0.0349939 -0.0481342 -0.048146 -0.0481468 -0.0481411
0.825 -0.031879 -0.031879 -0.031879 -0.031879 0.0332863 0.0336209 0.0336208 0.0332859 -0.00508518 -0.00522312 -0.00522322 -0.00508506 -0.0247955 -0.0247568 -0.0247599 -0.024799
0.845 -0.131563 -0.131563 -0.131563 -0.131563 -0.0350351 -0.0346597 -0.0346597 -0.0350351 -0.0268795 -0.0270636 -0.0270632 -0.026879 0.00559235 0.0056047 0.00560486 0.00559099
0.865 -0.0705687 -0.0705687 -0.0705687 -0.0705687 -0.146186 -0.146806 -0.146808 -0.146278 -0.033821 -0.0335591 -0.0335599 -0.0338115 0.0162139 0.0161221 0.0161195 0.0162071
0.885 0.0178728 0.0178728 0.0178728 0.0178728 -0.130023 -0.130612 -0.130595 -0.130005 -0.0832303 -0.0830902 -0.0830834 -0.0832035 0.0030516 0.0029985 0.00300084 0.00305214
0.905 -0.0108112 -0.0108112 -0.0108112 -0.0108112 0.000591413 0.00106361 0.00109195 0.000677876 -0.115319 -0.115691 -0.115668 -0.115274 -0.0609029 -0.060889 -0.0608987 -0.0609966
0.925 0.0260993 0.0260993 0.0260993 0.0260993 0.0561552 0.0564424 0.0564352 0.0561426 -0.0526717 -0.0527238 -0.0527208 -0.0526533 -0.162673 -0.16259 -0.162593 -0.162674
0.945 0.00410105 0.00410105 0.00410105 0.00410105 0.0239895 0.0238598 0.023855 0.0239771 0.0078889 0.00824176 0.00822969 0.00785294 -0.199005 -0.198991 -0.198989 -0.198987
0.965 -0.0540585 -0.0540585 -0.0540585 -0.0540585 -0.0187741 -0.0186856 -0.0186873 -0.0187778 -0.0351399 -0.0350699 -0.0350696 -0.0351392 -0.110339 -0.110326 -0.110313 -0.110317
0.985 -0.0404953 -0.0404953 -0.0404953 -0.0404953 -0.0848372 -0.0847748 -0.0847732 -0.0848336 -0.102284 -0.102522 -0.102518 -0.102274 0.0165321 0.0165483 0.016551 0.0165401
1.005 0.0860261 0.0860261 0.0860261 0.0860261 -0.105503 -0.106048 -0.106048 -0.105505 -0.0970742 -0.0971228 -0.09712 -0.0970614 0.0647387 0.0647095 0.0647079 0.0647324
1.025 0.0106576 0.0106576 0.0106576 0.0106576 -0.0109338 -0.0109857 -0.0109863 -0.0109346 -0.0199977 -0.0200481 -0.020048 -0.0199988 0.0156932 0.0156953 0.015693 0.0156892
1.045 -0.113953 -0.113953 -0.113953 -0.113953 0.0635106 0.0639406 0.063914 0.0634245 0.0780971 0.0781617 0.0781633 0.0781033 -0.0499922 -0.0499851 -0.0499879 -0.0500006
1.065 0.119825 0.119825 0.119825 0.119825 0.0676373 0.0671678 0.0671452 0.06761 0.1 0.100428 0.100423 0.0999909 -0.0319212 -0.0319601 -0.0319566 -0.0319134
1.085 -0.00867493 -0.00867493 -0.00867493 -0.00867493 0.10756 0.108202 0.1082 0.107552 0.036388 0.0360229 0.0360259 0.0364201 0.0651716 0.0652409 0.0652355 0.0651605
1.105 -0.267951 -0.267951 -0.267951 -0.267951 -0.00143869 -0.00047996 -0.000468629 -0.00138914 0.0434741 0.0430183 0.0430098 0.0434618 0.134987 0.135022 0.135061 0.135043
1.125 0.110351 0.110351 0.110351 0.110351 -0.1988 -0.200655 -0.200624 -0.198736 0.0760314 0.0769253 0.0769176 0.0760228 0.153663 0.153432 0.153447 0.153697
1.145 0.212811 0.212811 0.212811 0.212811 -0.0383247 -0.0390914 -0.0390847 -0.0383134 -0.0208889 -0.0208474 -0.0208408 -0.0208745 0.141789 0.141748 0.141749 0.141801
1.165 -0.0233347 -0.0233347 -0.0233347 -0.0233347 0.243628 0.245517 0.245529 0.243663 -0.0371948 -0.0383489 -0.0383504 -0.0372106 0.0286887 0.0289381 0.0289365 0.0286857
1.185 -0.138968 -0.138968 -0.138968 -0.138968 0.163348 0.164111 0.164121 0.163387 0.151663 0.151837 0.151831 0.151646 -0.134643 -0.134607 -0.134606 -0.134642
1.205 -0.139797 -0.139797 -0.139797 -0.139797 -0.104654 -0.105713 -0.105717 -0.104665 0.189894 0.191151 0.19116 0.189904 -0.112918 -0.113149 -0.113156 -0.112927
1.225 0.372333 0.372333 0.372333 0.372333 -0.117164 -0.118722 -0.118729 -0.117181 -0.104938 -0.104692 -0.104688 -0.10493 0.105243 0.105172 0.105173 0.105245
1.245 0.0460426 0.0460426 0.0460426 0.0460426 0.125743 0.127814 0.127802 0.125719 -0.283983 -0.285996 -0.28596 -0.283909 0.175293 0.175637 0.175592 0.17529
1.265 0.174591 0.174591 0.174591 0.174591 0.0758168 0.07546 0.0754541 0.0758087 0.0176913 0.0178799 0.0178936 0.0177102 -0.058164 -0.0581537 -0.0581498 -0.0581847
1.285 -0.236746 -0.236746 -0.236746 -0.236746 -0.0219807 -0.0226623 -0.0226566 -0.0219846 0.283481 0.284948 0.284934 0.283488 -0.227112 -0.227344 -0.227344 -0.227145
1.305 0.150001 0.150001 0.150001 0.150001 0.0134923 0.0126048 0.012611 0.0135018 0.0962439 0.0969193 0.0968991 0.0962091 -0.0590311 -0.0591122 -0.0591083 -0.0590166
1.325 0.398926 0.398926 0.398926 0.398926 0.207112 0.208108 0.208111 0.20712 -0.201481 -0.202996 -0.203002 -0.201497 0.188156 0.188447 0.188454 0.188166
1.345 0.533483 0.533483 0.533483 0.533483 0.281239 0.281391 0.28138 0.280938 -0.0519863 -0.0528245 -0.0528339 -0.0520007 0.158631 0.158858 0.158888 0.158615
1.365 -0.133979 -0.133979 -0.133979 -0.133979 0.249371 0.249907 0.25 0.249516 0.37118 0.371687 0.371673 0.370949 -0.00639114 -0.00642566 -0.00642754 -0.00634931
1.385 -0.743288 -0.743288 -0.743288 -0.743288 -0.00451354 -0.00380258 -0.00364825 -0.00402624 0.520302 0.521417 0.521373 0.520202 0.0851599 0.084877 0.0848951 0.0851948
1.405 0.391148 0.391148 0.391148 0.391148 -0.252538 -0.255754 -0.255632 -0.252321 0.163106 0.164284 0.164324 0.16319 0.469373 0.469075 0.469038 0.46965
1.425 0.143045 0.143045 0.143045 0.143045 0.0399245 0.0414865 0.0414631 0.0398532 -0.245768 -0.248198 -0.248215 -0.245739 0.662338 0.662591 0.662621 0.66241
1.445 -0.0821007 -0.0821007 -0.0821007 -0.0821007 0.188726 0.190443 0.190407 0.188653 0.0076591 0.00634926 0.00635441 0.00767636 0.278212 0.278401 0.278436 0.278213
1.465 -0.583154 -0.583154 -0.583154 -0.583154 -0.0132612 -0.0136306 -0.0136352 -0.0132541 0.487807 0.489762 0.489751 0.487743 -0.246773 -0.247083 -0.247067 -0.246732
1.485 0.0726402 0.0726402 0.0726402 0.0726402 -0.16069 -0.16357 -0.163562 -0.160653 0.274324 0.276814 0.276829 0.274304 -0.265391 -0.265917 -0.265776 -0.265329
1.505 -0.56114 -0.56114 -0.56114 -0.56114 -0.042941 -0.0389494 -0.0392455 -0.0432501 -0.432298 -0.434993 -0.434944 -0.432213 0.0460255 0.0464486 0.0464319 0.0460573
1.525 0.41532 0.41532 0.41532 0.41532 -0.311501 -0.312368 -0.312546 -0.311774 -0.615897 -0.616997 -0.616926 -0.61583 0.0131567 0.0133278 0.0133466 0.0131978
1.545 0.282216 0.282216 0.282216 0.282216 -0.36408 -0.366339 -0.366341 -0.364078 -0.337629 -0.336612 -0.336598 -0.337633 -0.414234 -0.41488 -0.414857 -0.414832
1.565 0.378877 0.378877 0.378877 0.378877 0.0950777 0.094316 0.0943425 0.0950759 -0.184685 -0.183723 -0.183736 -0.184589 -0.769166 -0.768946 -0.769033 -0.769206
1.585 0.170525 0.170525 0.170525 0.170525 0.586259 0.589339 0.589411 0.586358 -0.197996 -0.199283 -0.19936 -0.198332 -0.780374 -0.779839 -0.779833 -0.780439
1.605 -0.302533 -0.302533 -0.302533 -0.302533 0.270437 0.272954 0.272975 0.270523 -0.0435145 -0.0440682 -0.0440755 -0.0435363 -0.493195 -0.492893 -0.492869 -0.493128
1.625 0.620693 0.620693 0.620693 0.620693 -0.430152 -0.435429 -0.435422 -0.430147 0.0443508 0.0469094 0.0469287 0.0444216 0.0428204 0.0423184 0.0423376 0.0428634
1.645 0.0402618 0.0402618 0.0402618 0.0402618 -0.262754 -0.263135 -0.263137 -0.262762 -0.170036 -0.171018 -0.171016 -0.170013 0.58598 0.585922 0.585935 0.586
1.665 -0.154971 -0.154971 -0.154971 -0.154971 0.146484 0.148909 0.148884 0.146476 -0.0192732 -0.0215897 -0.0216655 -0.019268 0.655551 0.655801 0.655877 0.655721
1.685 -0.0137941 -0.0137941 -0.0137941 -0.0137941 0.276503 0.276165 0.276324 0.276837 0.580212 0.581192 0.581225 0.580219 0.323708 0.323527 0.323525 0.323701
1.705 0.333908 0.333908 0.333908 0.333908 0.348549 0.346395 0.346251 0.348415 0.851495 0.853975 0.854073 0.851496 0.201096 0.200699 0.200705 0.201137
1.725 -0.356429 -0.356429 -0.356429 -0.356429 0.606925 0.610814 0.610822 0.60704 0.512841 0.511333 0.511344 0.512884 0.503985 0.504205 0.504181 0.503926
1.745 -1.05983 -1.05983 -1.05983 -1.05983 0.144485 0.148826 0.148934 0.144544 0.311407 0.309266 0.309285 0.311537 0.782558 0.782652 0.782563 0.782743
1.765 0.0477298 0.0477298 0.0477298 0.0477298 -0.872818 -0.879164 -0.879057 -0.872586 0.303715 0.306572 0.306449 0.303255 0.784692 0.783661 0.783599 0.784506
1.785 -0.0346499 -0.0346499 -0.0346499 -0.0346499 -0.667808 -0.670723 -0.670702 -0.667753 -0.15976 -0.159309 -0.159374 -0.159858 0.568503 0.568085 0.568063 0.568454
1.805 0.257965 0.257965 0.257965 0.257965 0.198802 0.201297 0.201334 0.198684 -0.515131 -0.517659 -0.517609 -0.515087 -0.0656915 -0.065152 -0.0651467 -0.065674
1.825 0.0182816 0.0182816 0.0182816 0.0182816 0.530448 0.533878 0.533933 0.530283 -0.210243 -0.21231 -0.212576 -0.212513 -0.998125 -0.998102 -0.998134 -0.998765
1.845 0.9256 0.9256 0.9256 0.9256 0.350137 0.34765 0.347496 0.350634 0.0418553 0.0452743 0.0454703 0.042691 -1.45651 -1.45643 -1.45634 -1.45616
1.865 -0.557466 -0.557466 -0.557466 -0.557466 0.220168 0.223881 0.22381 0.219884 -0.349885 -0.350531 -0.350466 -0.349251 -1.02643 -1.02584 -1.02571 -1.02615
1.885 -0.521423 -0.521423 -0.521423 -0.521423 -0.645252 -0.644868 -0.645333 -0.645545 -0.718596 -0.719636 -0.719582 -0.718626 -0.259178 -0.259089 -0.259061 -0.25913
1.905 1.01284 1.01284 1.01284 1.01284 -1.22091 -1.22917 -1.22909 -1.22114 -0.823414 -0.821676 -0.821739 -0.823539 0.192061 0.19148 0.191475 0.192054
1.925 -0.0578965 -0.0578965 -0.0578965 -0.0578965 -0.31039 -0.308956 -0.308816 -0.310167 -0.694913 -0.69709 -0.69708 -0.694914 0.0355662 0.0358342 0.0357902 0.0354759
1.945 -0.427854 -0.427854 -0.427854 -0.427854 0.549556 0.554 0.554009 0.549658 0.020032 0.0187279 0.0187209 0.0200191 -0.566313 -0.56579 -0.565757 -0.566247
1.965 -0.427123 -0.427123 -0.427123 -0.427123 0.462964 0.463668 0.463644 0.46305 0.720234 0.722879 0.722903 0.720296 -0.795141 -0.795321 -0.795353 -0.795215
1.985 -0.193156 -0.193156 -0.193156 -0.193156 -0.000941085 -0.00223184 -0.00221718 -0.00100126 0.481684 0.483713 0.483717 0.481688 -0.0732409 -0.0735713 -0.0735448 -0.0731784
2.005 0.526502 0.526502 0.526502 0.526502 -0.107007 -0.10742 -0.107401 -0.106901 -0.282454 -0.284676 -0.284758 -0.282706 0.9641 0.96425 0.964375 0.964029
2.025 -0.541691 -0.541691 -0.541691 -0.541691 -0.174748 -0.171396 -0.171393 -0.174669 -0.228834 -0.232495 -0.232449 -0.228899 1.17981 1.18023 1.18044 1.18019
2.045 -0.567647 -0.567647 -0.567647 -0.567647 -0.497915 -0.500913 -0.500899 -0.497924 0.585685 0.588099 0.588107 0.585742 0.563859 0.563246 0.563389 0.564199
2.065 -0.414042 -0.414042 -0.414042 -0.414042 -0.188676 -0.191358 -0.191375 -0.18873 0.714218 0.717354 0.717366 0.714273 0.0835615 0.0829312 0.0829969 0.0837152
2.085 0.0643602 0.0643602 0.0643602 0.0643602 0.522042 0.525249 0.52525 0.522108 0.0289972 0.0272019 0.0272072 0.0289984 0.0462891 0.0467176 0.0467147 0.0462812
2.105 0.222648 0.222648 0.222648 0.222648 0.603431 0.607593 0.6076 0.603439 -0.285875 -0.288863 -0.288885 -0.285897 -0.0597403 -0.0590282 -0.0590352 -0.0597559
2.125 0.308241 0.308241 0.308241 0.308241 -0.0933062 -0.0958224 -0.0958296 -0.0932447 0.0292824 0.0310006 0.031003 0.0292871 -0.354462 -0.354665 -0.35468 -0.354492
2.145 -1.39838 -1.39838 -1.39838 -1.39838 -0.662874 -0.662482 -0.662451 -0.662874 0.0295056 0.0308895 0.0308944 0.0295144 -0.389129 -0.389526 -0.389527 -0.389133
2.165 0.189395 0.189395 0.189395 0.189395 -0.942326 -0.947006 -0.94686 -0.942201 -0.582671 -0.581255 -0.581295 -0.58269 -0.131116 -0.131523 -0.131516 -0.131113
2.185 0.857779 0.857779 0.857779 0.857779 -0.361015 -0.360884 -0.36103 -0.359906 -1.15528 -1.15745 -1.15744 -1.15519 -0.162166 -0.161775 -0.161788 -0.162212
2.205 0.202797 0.202797 0.202797 0.202797 0.427519 0.431898 0.43117 0.426782 -0.772787 -0.775731 -0.775666 -0.77286 -0.855404 -0.854485 -0.854498 -0.855383
2.225 -0.372247 -0.372247 -0.372247 -0.372247 0.429582 0.430596 0.430288 0.428919 0.191412 0.193665 0.193734 0.191555 -1.52334 -1.52339 -1.52343 -1.52365
2.245 -0.130262 -0.130262 -0.130262 -0.130262 -0.18449 -0.188015 -0.188011 -0.184538 0.344794 0.349212 0.34928 0.344847 -1.12136 -1.12175 -1.12194 -1.12138
2.265 0.304108 0.304108 0.304108 0.304108 -0.329509 -0.32999 -0.329914 -0.329353 -0.565338 -0.566611 -0.566588 -0.565239 0.164426 0.164565 0.164537 0.164345
2.285 -0.18236 -0.18236 -0.18236 -0.18236 -0.271348 -0.2676 -0.267599 -0.271267 -0.889182 -0.894335 -0.894361 -0.889242 0.912387 0.912954 0.912948 0.912404
2.305 -0.551103 -0.551103 -0.551103 -0.551103 -0.607924 -0.609633 -0.609618 -0.607914 0.0932191 0.093965 0.0939266 0.0931473 0.524417 0.523946 0.523955 0.524442
2.325 -0.251202 -0.251202 -0.251202 -0.251202 -0.400624 -0.405734 -0.405808 -0.400653 0.810452 0.815225 0.815248 0.810461 -0.0162313 -0.0171771 -0.0171705 -0.0162026
2.345 0.217215 0.217215 0.217215 0.217215 0.631863 0.633595 0.633523 0.631703 0.384741 0.384383 0.384386 0.384759 0.0458046 0.0460148 0.0460148 0.0458017
2.365 -0.364512 -0.364512 -0.364512 -0.364512 0.989776 0.998205 0.998267 0.989879 0.0319135 0.0273002 0.0273016 0.0319113 0.26725 0.268188 0.268193 0.267261
2.385 0.055946 0.055946 0.055946 0.055946 -0.011569 -0.0131556 -0.0130074 -0.0113021 0.40815 0.409483 0.409473 0.408135 0.280045 0.279726 0.27972 0.280031
2.405 0.0754869 0.0754869 0.0754869 0.0754869 -0.682902 -0.688857 -0.688826 -0.682829 0.424319 0.427892 0.427886 0.424306 0.41368 0.412753 0.412752 0.413677
2.425 -0.198643 -0.198643 -0.198643 -0.198643 -0.187116 -0.185933 -0.185957 -0.187169 -0.213076 -0.214925 -0.214926 -0.21307 0.607925 0.608017 0.608018 0.607919
2.445 0.164534 0.164534 0.164534 0.164534 0.252413 0.255327 0.255311 0.25238 -0.344704 -0.347541 -0.34754 -0.344697 0.278581 0.279068 0.279068 0.278582
2.465 0.22026 0.22026 0.22026 0.22026 0.255208 0.254778 0.254775 0.255204 0.181538 0.182651 0.182653 0.181544 -0.443881 -0.443863 -0.443869 -0.443887
2.485 -0.0105857 -0.0105857 -0.0105857 -0.0105857 0.224849 0.223964 0.223968 0.224859 0.364167 0.366522 0.366521 0.364175 -0.750165 -0.750314 -0.750317 -0.750173
2.505 0.508769 0.508769 0.508769 0.508769 0.25186 0.251801 0.251839 0.251816 -0.123476 -0.12349 -0.123489 -0.123485 -0.372776 -0.372565 -0.372567 -0.372777
2.525 0.06892 0.06892 0.06892 0.06892 0.187106 0.190309 0.190293 0.187104 -0.492833 -0.49581 -0.495805 -0.492827 0.0910968 0.0916506 0.0916506 0.0910974
2.545 0.621068 0.621068 0.621068 0.621068 -0.261935 -0.265215 -0.265224 -0.261952 -0.164152 -0.163319 -0.16331 -0.164156 0.141621 0.141417 0.141416 0.14162
2.565 -0.20434 -0.20434 -0.20434 -0.20434 -0.226545 -0.227998 -0.227998 -0.226545 0.20722 0.2086 0.208595 0.207227 0.0287312 0.0284044 0.0284042 0.0287309
2.585 0.127396 0.127396 0.127396 0.127396 0.227011 0.226963 0.226986 0.226967 0.210229 0.210432 0.210432 0.210223 0.0649902 0.0650099 0.0650096 0.0649898
2.605 -1.00202 -1.00202 -1.00202 -1.00202 0.366462 0.371862 0.371845 0.366436 0.194228 0.19203 0.192033 0.194233 0.181749 0.182088 0.182087 0.181747
2.625 0.0246564 0.0246564 0.0246564 0.0246564 -0.350445 -0.35399 -0.353989 -0.350433 0.317074 0.319223 0.319219 0.317075 0.29933 0.298789 0.298792 0.299332
2.645 -0.0978431 -0.0978431 -0.0978431 -0.0978431 -0.505701 -0.508383 -0.508378 -0.505693 0.0327509 0.0336692 0.0336686 0.0327422 0.466882 0.466455 0.466454 0.466885
2.665 -0.19185 -0.19185 -0.19185 -0.19185 -0.162583 -0.161111 -0.161113 -0.162584 -0.308549 -0.310428 -0.310427 -0.308545 0.387507 0.387669 0.38767 0.387507
2.685 0.138032 0.138032 0.138032 0.138032 0.0827865 0.083407 0.0834025 0.0827845 -0.182948 -0.183598 -0.183594 -0.18296 -0.122833 -0.122641 -0.12264 -0.12283
2.705 -0.813213 -0.813213 -0.813213 -0.813213 0.0320184 0.0340246 0.034019 0.0320395 0.113098 0.113743 0.113742 0.11309 -0.6587 -0.658684 -0.658684 -0.658693
2.725 0.369543 0.369543 0.369543 0.369543 -0.308211 -0.312257 -0.312181 -0.308269 -0.0568529 -0.053979 -0.0539578 -0.0568667 -0.696233 -0.696574 -0.696579 -0.696245
2.745 1.2247 1.2247 1.2247 1.2247 -0.0411778 -0.043124 -0.0430162 -0.04112 -0.721075 -0.721701 -0.721741 -0.721018 -0.352845 -0.352555 -0.352547 -0.352851
2.765 1.37849 1.37849 1.37849 1.37849 0.630805 0.633256 0.63323 0.630752 -0.814317 -0.817776 -0.817768 -0.814286 -0.316133 -0.315172 -0.315173 -0.316132
2.785 0.974495 0.974495 0.974495 0.974495 0.952608 0.954131 0.954128 0.952562 0.123205 0.122951 0.122963 0.123205 -0.664802 -0.66427 -0.664274 -0.664806
2.805 1.0477 1.0477 1.0477 1.0477 0.906237 0.903181 0.902671 0.904728 1.02578 1.02961 1.02966 1.02599 -0.540771 -0.541006 -0.541015 -0.540793
2.825 1.61171 1.61171 1.61171 1.61171 1.15678 1.15495 1.15417 1.15649 0.981712 0.982245 0.981973 0.980103 0.545801 0.545795 0.545694 0.545693
2.845 1.15798 1.15798 1.15798 1.15798 1.53165 1.53608 1.53526 1.52963 0.845851 0.841692 0.842448 0.8468 1.82462 1.82528 1.82449 1.82501
2.865 0.783922 0.783922 0.783922 0.783922 1.2428 1.24342 1.24352 1.24157 1.65924 1.65799 1.65914 1.66064 2.43412 2.43373 2.43347 2.43353
2.885 1.2909 1.2909 1.2909 1.2909 0.989023 0.983234 0.983373 0.989923 2.60351 2.60799 2.60832 2.60472 2.63197 2.63065 2.63049 2.63152
2.905 1.25163 1.25163 1.25163 1.25163 1.771 1.76855 1.76797 1.76752 2.6304 2.63078 2.63089 2.63081 2.93572 2.9353 2.9353 2.93579
2.925 0.911764 0.911764 0.911764 0.911764 2.53984 2.54348 2.54705 2.54149 2.42944 2.42569 2.42582 2.4299 3.09524 3.09571 3.09578 3.09552
2.945 0.668206 0.668206 0.668206 0.668206 2.11116 2.11518 2.11677 2.11523 2.75684 2.75645 2.75663 2.75725 2.84817 2.84795 2.84806 2.84828
2.965 -0.379403 -0.379403 -0.379403 -0.379403 0.989569 0.988566 0.98902 0.989628 2.81449 2.81715 2.81707 2.81414 2.61867 2.6176 2.61762 2.61874
2.985 -0.214263 -0.214263 -0.214263 -0.214263 0.126819 0.123751 0.123405 0.125921 1.78989 1.79146 1.79134 1.78963 2.62978 2.62871 2.62871 2.62976
3.005 0.12519 0.12519 0.12519 0.12519 0.0108876 0.0106836 0.0106979 0.0100086 0.357175 0.354307 0.354328 0.357198 2.19743 2.19728 2.19726 2.19738
3.025 0.0304908 0.0304908 0.0304908 0.0304908 -0.0175776 -0.0134321 -0.0137441 -0.0155894 -0.229915 -0.231544 -0.231344 -0.22939 0.655116 0.655367 0.655403 0.655291
3.045 0.792013 0.792013 0.792013 0.792013 -0.0867505 -0.0763698 -0.0822335 -0.0883504 -0.274148 -0.259771 -0.26969 -0.274038 -1.38181 -1.38239 -1.38174 -1.38075
3.065 0.576802 0.576802 0.576802 0.576802 0.326074 0.3252 0.324074 0.327316 -0.884144 -0.878988 -0.877164 -0.877967 -2.69698 -2.69673 -2.69528 -2.6953
3.085 0.717887 0.717887 0.717887 0.717887 0.313731 0.314207 0.318489 0.313695 -1.77985 -1.78184 -1.77984 -1.7781 -2.99559 -2.9935 -2.99251 -2.99331
3.105 0.808888 0.808888 0.808888 0.808888 -0.505739 -0.505481 -0.505886 -0.504849 -2.159 -2.16108 -2.162 -2.16238 -2.72694 -2.72609 -2.72622 -2.72735
3.125 0.83894 0.83894 0.83894 0.83894 -1.25006 -1.25534 -1.25718 -1.25185 -2.01288 -2.01144 -2.01214 -2.01393 -2.24718 -2.24698 -2.24687 -2.247
3.145 0.169127 0.169127 0.169127 0.169127 -1.01794 -1.02016 -1.02058 -1.01865 -1.68967 -1.68948 -1.68918 -1.68909 -1.6915 -1.69128 -1.69142 -1.69178
3.165 -0.0101162 -0.0101162 -0.0101162 -0.0101162 -0.328888 -0.327979 -0.327372 -0.3285 -1.05815 -1.05924 -1.05902 -1.05792 -1.18728 -1.1868 -1.18675 -1.18718
3.185 -0.459831 -0.459831 -0.459831 -0.459831 0.106871 0.107475 0.108476 0.107291 -0.11384 -0.113972 -0.113523 -0.113217 -0.643704 -0.643606 -0.643718 -0.643929
3.205 -0.668081 -0.668081 -0.668081 -0.668081 0.0689498 0.0661725 0.0687985 0.0680839 0.667538 0.667016 0.672161 0.660191 0.221049 0.22084 0.221052 0.221752
3.225 -1.52092 -1.52092 -1.52092 -1.52092 -0.205156 -0.200969 -0.197028 -0.204482 0.913253 0.913924 0.912188 0.91309 1.38536 1.38488 1.38489 1.38567
3.245 -2.24141 -2.24141 -2.24141 -2.24141 -0.796819 -0.793594 -0.792875 -0.793232 0.889255 0.887494 0.886262 0.888879 2.30749 2.30664 2.30692 2.30807
3.265 -2.36697 -2.36697 -2.36697 -2.36697 -1.41959 -1.42106 -1.42109 -1.41945 0.767016 0.766761 0.766959 0.766751 2.46284 2.46154 2.46146 2.46257
3.285 -2.27982 -2.27982 -2.27982 -2.27982 -1.51378 -1.51579 -1.51631 -1.51645 0.379436 0.379983 0.380102 0.379683 1.73859 1.73751 1.73758 1.73873
3.305 -1.74265 -1.74265 -1.74265 -1.74265 -1.10701 -1.11351 -1.11347 -1.11389 -0.291483 -0.291552 -0.291241 -0.291022 0.335658 0.335223 0.335083 0.335602
3.325 -1.59951 -1.59951 -1.59951 -1.59951 -0.796808 -0.799056 -0.795512 -0.801568 -1.02536 -1.02736 -1.02955 -1.02616 -1.36394 -1.36351 -1.36286 -1.36307
3.345 -0.933852 -0.933852 -0.933852 -0.933852 -1.14681 -1.14754 -1.15036 -1.14916 -1.78163 -1.77933 -1.77912 -1.78315 -2.84038 -2.84016 -2.83967 -2.8398
3.365 1.64818 1.64818 1.64818 1.64818 -1.42468 -1.43122 -1.41143 -1.39647 -2.76782 -2.75979 -2.75219 -2.75167 -3.69936 -3.69863 -3.6974 -3.69735
3.385 3.28472 3.28472 3.28472 3.28472 -0.274882 -0.290872 -0.290687 -0.29671 -3.58816 -3.59045 -3.5899 -3.58278 -4.10759 -4.10546 -4.10454 -4.10561
3.405 1.42271 1.42271 1.42271 1.42271 1.13489 1.14247 1.1343 1.12271 -3.0153 -3.02043 -3.02353 -3.01992 -4.44184 -4.43879 -4.43902 -4.44187
3.425 -0.49334 -0.49334 -0.49334 -0.49334 0.426326 0.432055 0.431328 0.427832 -0.985055 -0.983855 -0.984456 -0.987326 -4.13812 -4.13669 -4.13743 -4.13858
3.445 -1.15732 -1.15732 -1.15732 -1.15732 -1.37826 -1.38411 -1.38455 -1.37543 0.0439402 0.0530393 0.0530294 0.0447487 -1.96975 -1.97095 -1.97081 -1.96959
3.465 -1.48277 -1.48277 -1.48277 -1.48277 -1.99444 -1.99919 -1.99558 -1.9901 -0.792282 -0.788702 -0.788459 -0.794957 1.42173 1.42159 1.42266 1.42433
3.485 -1.46018 -1.46018 -1.46018 -1.46018 -1.67636 -1.70389 -1.68914 -1.682 -0.990667 -1.00595 -0.997618 -1.00112 3.40662 3.40687 3.40817 3.41008
3.505 0.861008 0.861008 0.861008 0.861008 -0.782974 -0.784487 -0.784309 -0.768131 0.750726 0.751521 0.752773 0.756122 2.75754 2.75677 2.75646 2.75788
3.525 1.24165 1.24165 1.24165 1.24165 1.90847 1.90851 1.91333 1.91043 2.53707 2.5422 2.54294 2.54134 1.10404 1.10305 1.10209 1.1021
3.545 1.31442 1.31442 1.31442 1.31442 4.32172 4.33601 4.33703 4.32536 3.21941 3.21753 3.21708 3.21696 0.459144 0.460201 0.460273 0.459218
3.565 0.894215 0.894215 0.894215 0.894215 3.96596 3.98188 3.97944 3.97516 3.23351 3.23288 3.23248 3.23469 1.43617 1.43692 1.43706 1.43617
3.585 -0.598335 -0.598335 -0.598335 -0.598335 1.22824 1.23059 1.23326 1.22991 2.88855 2.88031 2.87859 2.86789 3.41058 3.40969 3.40893 3.40841
3.605 -1.33848 -1.33848 -1.33848 -1.33848 -1.68637 -1.69637 -1.69537 -1.68626 1.98235 1.99308 1.99138 1.99178 5.0771 5.07564 5.07798 5.08066
3.625 -1.85479 -1.85479 -1.85479 -1.85479 -2.31213 -2.31732 -2.31793 -2.31313 0.716853 0.714162 0.715331 0.719611 5.05612 5.05357 5.05458 5.05634
3.645 -2.08623 -2.08623 -2.08623 -2.08623 -1.13259 -1.13443 -1.13218 -1.13456 0.10399 0.0989051 0.0984106 0.102542 2.59604 2.59557 2.59518 2.59597
3.665 -2.5917 -2.5917 -2.5917 -2.5917 -0.206493 -0.216211 -0.215458 -0.20017 0.175898 0.167444 0.166669 0.172913 -1.18757 -1.18714 -1.18634 -1.18664
3.685 -2.64607 -2.64607 -2.64607 -2.64607 -0.652868 -0.648065 -0.649122 -0.651432 -0.64487 -0.634169 -0.631764 -0.643053 -3.98934 -3.99016 -3.99021 -3.98806
3.705 -2.55051 -2.55051 -2.55051 -2.55051 -2.11166 -2.0485 -2.07403 -1.96387 -3.1648 -3.15672 -3.15904 -3.14621 -4.73554 -4.73344 -4.73478 -4.73537
3.725 -2.59692 -2.59692 -2.59692 -2.59692 -3.09429 -2.9904 -3.02791 -2.93102 -5.27006 -5.2739 -5.28988 -5.28882 -4.70466 -4.7043 -4.70061 -4.69793
3.745 -3.14763 -3.14763 -3.14763 -3.14763 -2.79412 -3.341 -3.41268 -3.73252 -5.81344 -5.75919 -5.74027 -5.72401 -5.21889 -5.22629 -5.23098 -5.23539
3.765 -2.78539 -2.78539 -2.78539 -2.78539 -2.58539 -2.81639 -2.9808 -2.80346 -5.10324 -5.08747 -5.01014 -4.94095 -6.17509 -6.17419 -6.18727 -6.20693
