0.005 0 0 0 0 -5.6073e-06 -2.31723e-06 2.17404e-06 5.46446e-06 -6.25606e-07 -4.94878e-07 3.48789e-07 4.79393e-07 1.83665e-05 5.27519e-06 -5.4209e-06 -1.85122e-05
0.025 0 0 0 0 -9.03337e-06 -5.75393e-06 -1.2627e-06 2.03823e-06 -4.48306e-06 -4.34898e-06 -3.50533e-06 -3.37811e-06 1.45517e-05 1.46008e-06 -9.23602e-06 -2.23271e-05
0.045 0 0 0 0 -1.58655e-05 -1.26005e-05 -8.10937e-06 -4.79448e-06 -1.46054e-05 -1.44699e-05 -1.36264e-05 -1.35007e-05 4.37726e-06 -8.71312e-06 -1.94092e-05 -3.25016e-05
0.065 0 0 0 0 -2.19199e-05 -1.86562e-05 -1.41654e-05 -1.08501e-05 -2.80183e-05 -2.78882e-05 -2.70448e-05 -2.69141e-05 -1.0904e-05 -2.39903e-05 -3.46865e-05 -4.7783e-05
0.085 0 0 0 0 -2.82354e-05 -2.49742e-05 -2.04839e-05 -1.71671e-05 -4.31975e-05 -4.30679e-05 -4.22248e-05 -4.20943e-05 -3.18147e-05 -4.48962e-05 -5.55926e-05 -6.86944e-05
0.105 0 0 0 0 -3.40845e-05 -3.08278e-05 -2.63378e-05 -2.30175e-05 -5.75663e-05 -5.74323e-05 -5.65896e-05 -5.64645e-05 -5.42095e-05 -6.72865e-05 -7.79832e-05 -9.109e-05
0.125 0 0 0 0 -3.92699e-05 -3.60155e-05 -3.15259e-05 -2.82042e-05 -7.05043e-05 -7.0369e-05 -6.95266e-05 -6.94036e-05 -7.32319e-05 -8.63048e-05 -9.70016e-05 -0.000110113
0.145 0 0 0 0 -4.34489e-05 -4.01945e-05 -3.57052e-05 -3.23842e-05 -8.03297e-05 -8.0198e-05 -7.93558e-05 -7.92293e-05 -8.49823e-05 -9.80521e-05 -0.000108749 -0.000121864
0.165 0 0 0 0 -4.54352e-05 -4.21827e-05 -3.76935e-05 -3.43708e-05 -8.3675e-05 -8.35459e-05 -8.27036e-05 -8.25746e-05 -8.7368e-05 -0.000100437 -0.000111134 -0.00012425
0.185 0 0 0 0 -4.43959e-05 -4.11477e-05 -3.66584e-05 -3.33316e-05 -7.92299e-05 -7.90985e-05 -7.82563e-05 -7.81295e-05 -8.08974e-05 -9.39686e-05 -0.000104665 -0.000117779
0.205 0 0 0 0 -4.02745e-05 -3.70267e-05 -3.25374e-05 -2.92101e-05 -6.90145e-05 -6.88805e-05 -6.80383e-05 -6.79141e-05 -6.77355e-05 -8.08101e-05 -9.1507e-05 -0.000104617
0.225 0 0 0 0 -3.33692e-05 -3.01128e-05 -2.56236e-05 -2.23048e-05 -5.53276e-05 -5.51956e-05 -5.43533e-05 -5.42273e-05 -4.99702e-05 -6.30483e-05 -7.37452e-05 -8.68517e-05
0.245 0 0 0 0 -2.49803e-05 -2.17123e-05 -1.72231e-05 -1.39159e-05 -3.93371e-05 -3.92076e-05 -3.83654e-05 -3.82368e-05 -2.96193e-05 -4.27011e-05 -5.3398e-05 -6.65009e-05
0.265 0 0 0 0 -1.61072e-05 -1.28302e-05 -8.34101e-06 -5.04283e-06 -2.16007e-05 -2.14705e-05 -2.06283e-05 -2.05004e-05 -7.90558e-06 -2.09919e-05 -3.16888e-05 -4.47871e-05
0.285 0 0 0 0 -6.27177e-06 -2.98377e-06 1.50546e-06 4.79264e-06 -2.3744e-06 -2.24398e-06 -1.40173e-06 -1.27408e-06 1.54539e-05 2.36271e-06 -8.3342e-06 -2.14276e-05
0.305 0 0 0 0 3.7946e-06 7.09452e-06 1.15833e-05 1.48576e-05 1.70962e-05 1.72246e-05 1.80666e-05 1.81956e-05 3.97845e-05 2.66884e-05 1.59914e-05 2.90256e-06
0.325 0 0 0 0 1.24873e-05 1.57949e-05 2.02833e-05 2.35489e-05 3.51875e-05 3.53149e-05 3.61565e-05 3.6286e-05 6.31767e-05 5.00753e-05 3.93781e-05 2.6294e-05
0.345 0 0 0 0 1.86237e-05 2.19324e-05 2.64205e-05 2.96838e-05 4.9786e-05 4.99139e-05 5.07553e-05 5.08836e-05 8.28348e-05 6.97284e-05 5.9031e-05 4.59516e-05
0.365 0 0 0 0 2.07051e-05 2.40091e-05 2.84968e-05 3.17642e-05 5.73215e-05 5.74506e-05 5.82918e-05 5.84184e-05 9.43577e-05 8.12478e-05 7.05503e-05 5.74741e-05
0.385 0 0 0 0 1.70362e-05 2.03296e-05 2.48174e-05 2.80953e-05 5.35023e-05 5.36323e-05 5.44734e-05 5.4599e-05 9.22035e-05 7.90932e-05 6.83956e-05 5.53198e-05
0.405 0 0 0 0 1.07497e-05 1.40398e-05 1.85275e-05 2.18088e-05 3.99956e-05 4.01223e-05 4.09634e-05 4.10923e-05 7.62187e-05 6.31123e-05 5.24147e-05 3.93349e-05
0.425 0 0 0 0 5.2082e-06 8.50531e-06 1.29931e-05 1.62673e-05 2.26004e-05 2.27235e-05 2.35646e-05 2.36971e-05 5.09157e-05 3.78163e-05 2.71187e-05 1.40319e-05
0.445 0 0 0 0 8.20129e-07 4.1238e-06 8.61155e-06 1.18792e-05 6.53677e-06 6.66205e-06 7.50319e-06 7.63345e-06 2.36458e-05 1.05532e-05 -1.44398e-07 -1.3238e-05
0.465 0 0 0 0 -1.98676e-06 1.32113e-06 5.80888e-06 9.07232e-06 -4.26754e-06 -4.139e-06 -3.29786e-06 -3.17087e-06 4.19264e-06 -8.89539e-06 -1.95929e-05 -3.26911e-05
0.485 0 0 0 0 -6.07856e-06 -2.77804e-06 1.70971e-06 4.98052e-06 -1.10766e-05 -1.09466e-05 -1.01054e-05 -9.97994e-06 -3.81084e-06 -1.68977e-05 -2.75952e-05 -4.06946e-05
0.505 0 0 0 0 -1.88319e-05 -1.5571e-05 -1.10832e-05 -7.77284e-06 -2.30924e-05 -2.29566e-05 -2.21155e-05 -2.19958e-05 -9.9122e-06 -2.30012e-05 -3.36988e-05 -4.6796e-05
0.525 0 0 0 0 -4.34343e-05 -4.02375e-05 -3.57497e-05 -3.23752e-05 -5.23548e-05 -5.22128e-05 -5.13716e-05 -5.12581e-05 -3.18955e-05 -4.49846e-05 -5.56822e-05 -6.87792e-05
0.545 0 0 0 0 -6.58937e-05 -6.272e-05 -5.82317e-05 -5.48335e-05 -9.38491e-05 -9.3719e-05 -9.2878e-05 -9.27529e-05 -7.48029e-05 -8.78822e-05 -9.85799e-05 -0.000111687
0.565 0 0 0 0 -7.54747e-05 -7.22718e-05 -6.77848e-05 -6.44189e-05 -0.000131915 -0.000131798 -0.000130957 -0.000130818 -0.000131772 -0.000144834 -0.000155532 -0.000168656
0.585 0 0 0 0 -6.97677e-05 -6.65137e-05 -6.20278e-05 -5.87155e-05 -0.000148991 -0.00014887 -0.000148031 -0.000147899 -0.000180067 -0.000193115 -0.000203813 -0.000216954
0.605 0 0 0 0 -5.31723e-05 -4.9872e-05 -4.53862e-05 -4.21204e-05 -0.000137001 -0.000136868 -0.000136029 -0.000135913 -0.00018991 -0.000202953 -0.000213652 -0.000226799
0.625 0 0 0 0 -3.07467e-05 -2.74155e-05 -2.29296e-05 -1.96946e-05 -9.54409e-05 -9.53097e-05 -9.44709e-05 -9.43525e-05 -0.000140249 -0.000153302 -0.000164001 -0.000177138
0.645 0 0 0 0 -1.62281e-05 -1.29266e-05 -8.44071e-06 -5.17593e-06 -3.90841e-05 -3.89555e-05 -3.81168e-05 -3.79957e-05 -4.55875e-05 -5.86649e-05 -6.93637e-05 -8.24764e-05
0.665 0 0 0 0 -1.30591e-05 -9.83513e-06 -5.34928e-06 -2.00699e-06 1.24163e-05 1.25495e-05 1.33882e-05 1.35046e-05 5.52346e-05 4.21267e-05 3.14278e-05 1.83454e-05
0.685 0 0 0 0 1.26085e-06 4.47764e-06 8.96296e-06 1.23112e-05 5.85846e-05 5.86991e-05 5.95357e-05 5.96665e-05 0.000135254 0.000122126 0.000111426 9.83607e-05
0.705 0 0 0 0 3.71384e-05 4.04421e-05 4.49261e-05 4.81846e-05 0.000106525 0.000106622 0.000107458 0.000107607 0.000182814 0.000169683 0.000158983 0.000145921
0.725 0 0 0 0 8.39673e-05 8.73803e-05 9.18641e-05 9.50119e-05 0.000160821 0.00016093 0.000161766 0.000161902 0.000210088 0.000196957 0.000186257 0.000173195
0.745 0 0 0 0 0.000123431 0.000126913 0.000131396 0.000134472 0.000215013 0.000215146 0.000215982 0.000216094 0.000244539 0.000231402 0.000220702 0.000207645
0.765 0 0 0 0 0.00013812 0.0001416 0.000146083 0.000149157 0.000252994 0.000253128 0.000253965 0.000254076 0.000298659 0.000285509 0.000274809 0.000261765
0.785 0 0 0 0 0.000114897 0.000118276 0.000122757 0.000125932 0.000253735 0.000253857 0.000254692 0.000254811 0.000344728 0.000331561 0.00032086 0.000307833
0.805 0 0 0 0 7.40728e-05 7.73352e-05 8.18162e-05 8.51067e-05 0.000218229 0.000218335 0.000219168 0.0002193 0.000346975 0.000333797 0.000323095 0.000310075
0.825 0 0 0 0 5.26806e-05 5.59406e-05 6.04216e-05 6.37145e-05 0.000170155 0.000170241 0.000171075 0.000171226 0.000292059 0.000278896 0.000268194 0.000255159
0.845 0 0 0 0 5.08223e-05 5.41533e-05 5.86344e-05 6.18562e-05 0.000120675 0.000120773 0.000121606 0.000121746 0.000185716 0.000172583 0.000161881 0.000148817
0.865 0 0 0 0 4.46696e-05 4.80475e-05 5.25286e-05 5.57035e-05 6.49357e-05 6.50723e-05 6.59058e-05 6.60063e-05 6.05467e-05 4.74422e-05 3.67405e-05 2.36471e-05
0.885 0 0 0 0 1.73516e-05 2.0719e-05 2.52001e-05 2.83856e-05 -3.67362e-06 -3.52665e-06 -2.69322e-06 -2.60324e-06 -4.16872e-05 -5.47692e-05 -6.54709e-05 -7.85868e-05
0.905 0 0 0 0 -4.64948e-05 -4.32472e-05 -3.87661e-05 -3.54609e-05 -9.61619e-05 -9.60277e-05 -9.51943e-05 -9.50915e-05 -0.000120266 -0.000133337 -0.000144039 -0.000157166
0.925 0 0 0 0 -0.000160222 -0.00015725 -0.000152769 -0.000149191 -0.000240152 -0.000240001 -0.000239168 -0.000239083 -0.000234714 -0.00024778 -0.000258482 -0.000271614
0.945 0 0 0 0 -0.00025129 -0.000248444 -0.000243967 -0.000240272 -0.000397699 -0.000397579 -0.000396746 -0.00039663 -0.000393949 -0.000406983 -0.000417686 -0.000430851
0.965 0 0 0 0 -0.000228154 -0.000225043 -0.00022057 -0.00021715 -0.000461984 -0.000461959 -0.000461129 -0.000460924 -0.000524898 -0.00053787 -0.000548573 -0.000561801
0.985 0 0 0 0 -0.000139096 -0.000135715 -0.000131243 -0.000128096 -0.000400453 -0.000400387 -0.000399561 -0.000399408 -0.000570672 -0.000583621 -0.000594327 -0.000607588
1.005 0 0 0 0 -6.63842e-05 -6.299e-05 -5.85173e-05 -5.53828e-05 -0.000264618 -0.00026441 -0.000263585 -0.000263578 -0.000478994 -0.000491979 -0.000502685 -0.000515913
1.025 0 0 0 0 -2.50914e-05 -2.1762e-05 -1.72892e-05 -1.40897e-05 -0.000114321 -0.000114127 -0.000113302 -0.000113282 -0.000227729 -0.000240777 -0.000251484 -0.000264648
1.045 0 0 0 0 -2.07512e-05 -1.75484e-05 -1.30757e-05 -9.74979e-06 1.02729e-05 1.03436e-05 1.11683e-05 1.13119e-05 8.5795e-05 7.26756e-05 6.19691e-05 4.88761e-05
1.065 0 0 0 0 -1.34082e-05 -1.03517e-05 -5.87896e-06 -2.40698e-06 0.000126346 0.000126374 0.000127196 0.000127375 0.000335576 0.000322385 0.000311676 0.000298649
1.085 0 0 0 0 4.52237e-05 4.83071e-05 5.27788e-05 5.62212e-05 0.000243164 0.000243251 0.000244072 0.000244189 0.000451149 0.000437924 0.000427216 0.000414221
1.105 0 0 0 0 0.000146736 0.000150094 0.000154563 0.000157725 0.000332808 0.000332935 0.000333755 0.000333832 0.00044556 0.000432354 0.000421645 0.000408632
1.125 0 0 0 0 0.000287799 0.00029165 0.000296121 0.000298788 0.00043829 0.000438342 0.000439162 0.000439309 0.000458518 0.000445353 0.000434644 0.000421588
1.145 0 0 0 0 0.00037537 0.000379397 0.000383865 0.00038635 0.000563507 0.000563564 0.000564383 0.000564526 0.000567452 0.000554273 0.000543563 0.000530521
1.165 0 0 0 0 0.00027432 0.000277776 0.000282243 0.000285293 0.000569122 0.00056936 0.000570181 0.000570145 0.000668706 0.000655441 0.000644731 0.000631775
1.185 0 0 0 0 8.96238e-05 9.25378e-05 9.70012e-05 0.000100588 0.000410726 0.000410915 0.000411731 0.000411733 0.000675125 0.000661821 0.00065111 0.00063819
1.205 0 0 0 0 -1.08767e-06 1.93463e-06 6.39873e-06 9.87881e-06 0.000205146 0.000205044 0.000205858 0.000206147 0.000535925 0.000522687 0.000511974 0.000498981
1.225 0 0 0 0 -1.66681e-05 -1.34395e-05 -8.97501e-06 -5.70051e-06 3.79209e-05 3.78401e-05 3.86549e-05 3.89217e-05 0.000200737 0.000187592 0.000176879 0.000163792
1.245 0 0 0 0 2.34025e-05 2.68121e-05 3.12765e-05 3.43697e-05 -4.92814e-05 -4.90981e-05 -4.82836e-05 -4.82811e-05 -0.000177084 -0.000190154 -0.000200866 -0.000214028
1.265 0 0 0 0 0.000113314 0.00011713 0.000121595 0.000124282 -5.05868e-05 -5.03981e-05 -4.95853e-05 -4.95935e-05 -0.00033924 -0.000352242 -0.000362956 -0.000376192
1.285 0 0 0 0 9.02888e-05 9.40663e-05 9.85304e-05 0.000101255 -5.49209e-05 -5.48302e-05 -5.40171e-05 -5.39282e-05 -0.000262907 -0.000275919 -0.000286633 -0.000299857
1.305 0 0 0 0 -0.000105619 -0.000102622 -9.8158e-05 -9.46525e-05 -0.000131309 -0.000131173 -0.000130361 -0.000130317 -0.000105599 -0.000118712 -0.000129426 -0.00014255
1.325 0 0 0 0 -0.000253784 -0.00025129 -0.000246825 -0.000242818 -0.000207859 -0.000207786 -0.000206974 -0.000206868 1.87858e-05 5.61249e-06 -5.10147e-06 -1.81655e-05
1.345 0 0 0 0 -0.000248285 -0.000245631 -0.000241166 -0.000237318 -0.000249973 -0.000250008 -0.000249196 -0.000248982 -2.80581e-05 -4.1197e-05 -5.19114e-05 -6.50104e-05
1.365 0 0 0 0 -0.000115532 -0.000112358 -0.000107893 -0.000104563 -0.000222384 -0.000222366 -0.000221554 -0.000221393 -0.000224413 -0.000237472 -0.000248186 -0.000261365
1.385 0 0 0 0 9.23774e-05 9.61781e-05 0.000100643 0.000103345 -7.73646e-05 -7.72365e-05 -7.64242e-05 -7.63735e-05 -0.000330919 -0.000343917 -0.000354632 -0.000367871
1.405 0 0 0 0 0.000182804 0.000186706 0.00019117 0.000193772 6.96934e-05 6.99234e-05 7.07345e-05 7.06804e-05 -0.000227546 -0.000240574 -0.000251289 -0.000264501
1.425 0 0 0 0 2.12209e-05 2.44159e-05 2.8881e-05 3.21895e-05 4.42633e-05 4.45309e-05 4.53421e-05 4.52508e-05 -1.94932e-05 -3.26274e-05 -4.33424e-05 -5.64484e-05
1.445 0 0 0 0 -0.000248486 -0.000246066 -0.000241601 -0.000237518 -0.000157456 -0.000157358 -0.000156547 -0.000156468 0.000103214 9.00118e-05 7.92973e-05 6.62599e-05
1.465 0 0 0 0 -0.000411964 -0.00040974 -0.00040527 -0.000400983 -0.000407246 -0.000407347 -0.000406539 -0.000406268 -4.70027e-05 -6.01675e-05 -7.08833e-05 -8.39637e-05
1.485 0 0 0 0 -0.000394379 -0.000391806 -0.000387343 -0.000383419 -0.000590544 -0.000590567 -0.000589758 -0.000589564 -0.00049983 -0.000512868 -0.000523583 -0.00053679
1.505 0 0 0 0 -0.00025326 -0.000250027 -0.000245567 -0.000242308 -0.000675291 -0.000675103 -0.000674296 -0.000674324 -0.00102395 -0.00103683 -0.00104755 -0.00106091
1.525 0 0 0 0 -6.31325e-05 -5.91415e-05 -5.46864e-05 -5.22013e-05 -0.000616492 -0.00061634 -0.000615552 -0.000615595 -0.00121969 -0.00123248 -0.00124321 -0.00125669
1.545 0 0 0 0 5.76739e-05 6.18824e-05 6.63376e-05 6.86048e-05 -0.000381751 -0.000381734 -0.000380946 -0.000380854 -0.000870681 -0.000883521 -0.000894246 -0.000907681
1.565 0 0 0 0 3.08073e-05 3.42701e-05 3.8726e-05 4.17406e-05 -3.60726e-05 -3.60038e-05 -3.52154e-05 -3.5176e-05 -0.000121546 -0.000134626 -0.00014535 -0.000158545
1.585 0 0 0 0 -2.24101e-05 -1.98263e-05 -1.53711e-05 -1.14794e-05 0.000317829 0.000317943 0.000318731 0.000318722 0.000692376 0.00067903 0.000668306 0.000655377
1.605 0 0 0 0 4.17833e-05 4.42529e-05 4.87015e-05 5.26923e-05 0.000589195 0.000589145 0.000589912 0.000590014 0.00121383 0.00120034 0.00118961 0.00117679
1.625 0 0 0 0 0.000235383 0.000238465 0.00024291 0.000246282 0.000760412 0.000760286 0.000761056 0.000761235 0.00127633 0.00126288 0.00125215 0.00123929
1.645 0 0 0 0 0.00052454 0.000528583 0.000533025 0.00053542 0.000925129 0.000925078 0.000925848 0.000925949 0.0010875 0.00107416 0.00106343 0.00105046
1.665 0 0 0 0 0.000796021 0.000800854 0.000805295 0.000806883 0.00114005 0.0011401 0.00114086 0.00114086 0.00102026 0.00100699 0.000996257 0.000983227
1.685 0 0 0 0 0.000758341 0.000762806 0.000767245 0.000769193 0.00120001 0.00120022 0.00120099 0.00120082 0.00113493 0.00112159 0.00111085 0.00109789
1.705 0 0 0 0 0.000447203 0.000450621 0.000455058 0.000458051 0.0010168 0.00101693 0.0010177 0.00101762 0.00132563 0.00131217 0.00130144 0.0012886
1.725 0 0 0 0 0.000160059 0.000162872 0.000167309 0.000170904 0.000730027 0.000729805 0.000730573 0.000730841 0.00138617 0.00137269 0.00136196 0.00134913
1.745 0 0 0 0 7.09975e-05 7.38444e-05 7.8282e-05 8.18446e-05 0.000505741 0.00050543 0.000506195 0.000506546 0.00110838 0.00109497 0.00108423 0.00107133
1.765 0 0 0 0 0.000155101 0.000158373 0.000162811 0.00016595 0.000373525 0.000373541 0.000374305 0.000374326 0.000528425 0.000515153 0.000504416 0.00049138
1.785 0 0 0 0 0.000249962 0.000253796 0.000258234 0.00026081 0.000217224 0.000217489 0.000218253 0.000218026 -8.2187e-05 -9.52983e-05 -0.000106035 -0.000119233
1.805 0 0 0 0 0.00012597 0.000129843 0.00013428 0.000136817 -0.0001064 -0.000106201 -0.000105436 -0.000105598 -0.000518716 -0.000531713 -0.00054245 -0.00055576
1.825 0 0 0 0 -0.000268989 -0.000265968 -0.00026153 -0.000258139 -0.000595636 -0.000595595 -0.000594831 -0.000594833 -0.000789349 -0.000802327 -0.000813064 -0.000826394
1.845 0 0 0 0 -0.000633318 -0.000631138 -0.000626711 -0.000622512 -0.00101232 -0.00101245 -0.00101169 -0.00101153 -0.000956327 -0.000969308 -0.000980045 -0.000993371
1.865 0 0 0 0 -0.000742126 -0.000740106 -0.000735681 -0.000731339 -0.00120022 -0.00120037 -0.0011996 -0.00119942 -0.00115543 -0.00116838 -0.00117912 -0.00119248
1.885 0 0 0 0 -0.000616526 -0.000614074 -0.000609649 -0.00060574 -0.0011806 -0.00118057 -0.0011798 -0.00117981 -0.00142005 -0.00143292 -0.00144365 -0.00145709
1.905 0 0 0 0 -0.000432989 -0.000429974 -0.000425549 -0.000422203 -0.00108259 -0.00108237 -0.00108161 -0.00108179 -0.00161504 -0.00162784 -0.00163858 -0.00165209
1.925 0 0 0 0 -0.000385175 -0.00038202 -0.000377596 -0.000374392 -0.00103871 -0.00103849 -0.00103773 -0.00103792 -0.00160638 -0.00161917 -0.00162991 -0.00164342
1.945 0 0 0 0 -0.000534766 -0.000532125 -0.0005277 -0.000523981 -0.00109843 -0.00109832 -0.00109756 -0.00109764 -0.00142371 -0.00143657 -0.00144731 -0.00146076
1.965 0 0 0 0 -0.000696929 -0.000694847 -0.000690422 -0.000686143 -0.00115178 -0.00115182 -0.00115106 -0.00115099 -0.00118125 -0.0011942 -0.00120494 -0.0012183
1.985 0 0 0 0 -0.00059338 -0.000591045 -0.00058662 -0.000582594 -0.000976958 -0.00097716 -0.000976399 -0.000976168 -0.000917129 -0.000930102 -0.00094084 -0.000954178
2.005 0 0 0 0 -0.000225037 -0.000221889 -0.000217465 -0.000214253 -0.000513163 -0.000513279 -0.000512518 -0.000512373 -0.000619075 -0.000632067 -0.000642805 -0.000656123
2.025 0 0 0 0 0.000206858 0.000210726 0.00021515 0.000217641 0.000113135 0.000113279 0.00011404 0.000113924 -0.000170614 -0.000183688 -0.000194426 -0.000207662
2.045 0 0 0 0 0.000535602 0.000539853 0.000544277 0.000546387 0.00074064 0.00074082 0.00074158 0.000741428 0.000564429 0.000551203 0.000540465 0.000527381
2.065 0 0 0 0 0.000638405 0.000642391 0.000646816 0.000649192 0.00121422 0.00121424 0.001215 0.00121501 0.00145942 0.00144598 0.00143524 0.00142237
2.085 0 0 0 0 0.000622985 0.00062638 0.000630788 0.000633711 0.00154416 0.00154401 0.00154477 0.00154492 0.00225539 0.00224173 0.00223099 0.00221834
2.105 0 0 0 0 0.000715154 0.000718464 0.000722855 0.000725808 0.00183516 0.00183491 0.00183564 0.00183585 0.002743 0.00272921 0.00271846 0.00270591
2.125 0 0 0 0 0.000967201 0.000971103 0.000975479 0.00097779 0.00211098 0.00211079 0.00211152 0.00211166 0.00285585 0.00284207 0.00283132 0.00281876
2.145 0 0 0 0 0.00121573 0.00122035 0.00122472 0.00122629 0.00228246 0.00228243 0.00228316 0.00228313 0.00270679 0.00269308 0.00268233 0.0026697
2.165 0 0 0 0 0.00126058 0.00126543 0.00126981 0.00127114 0.00223571 0.00223577 0.0022365 0.00223637 0.00248715 0.0024735 0.00246275 0.00245006
2.185 0 0 0 0 0.00100351 0.00100781 0.00101219 0.00101407 0.00190166 0.00190167 0.0019024 0.00190232 0.00225214 0.00223851 0.00222776 0.00221505
2.205 0 0 0 0 0.00043642 0.000439385 0.000443758 0.00044697 0.00119791 0.0011979 0.00119863 0.00119857 0.001759 0.00174539 0.00173464 0.00172191
2.225 0 0 0 0 -0.00018151 -0.000179606 -0.000175233 -0.000170959 0.000221087 0.000221009 0.000221739 0.000221751 0.000806018 0.00079257 0.00078182 0.00076893
2.245 0 0 0 0 -0.000612394 -0.00061055 -0.000606172 -0.000601828 -0.000833294 -0.000833475 -0.000832747 -0.000832632 -0.000619481 -0.000632582 -0.000643333 -0.000656571
2.265 0 0 0 0 -0.000811794 -0.000809327 -0.000804974 -0.000801332 -0.00174559 -0.00174571 -0.00174498 -0.00174491 -0.00222243 -0.0022351 -0.00224586 -0.00225952
2.285 0 0 0 0 -0.000891167 -0.000888135 -0.000883832 -0.000880893 -0.00236796 -0.00236797 -0.0023673 -0.00236755 -0.00348787 -0.00350024 -0.00351101 -0.00352506
2.305 0 0 0 0 -0.00106328 -0.00106049 -0.00105621 -0.00105311 -0.00274874 -0.00274862 -0.00274798 -0.00274844 -0.00406944 -0.00408171 -0.00409249 -0.00410666
2.325 0 0 0 0 -0.00141191 -0.00141024 -0.00140597 -0.00140178 -0.0030094 -0.00300932 -0.00300868 -0.00300911 -0.00400087 -0.00401323 -0.00402402 -0.00403809
2.345 0 0 0 0 -0.00167271 -0.00167199 -0.00166771 -0.00166261 -0.00306253 -0.00306275 -0.00306211 -0.00306224 -0.00351762 -0.00353014 -0.00354093 -0.00355485
2.365 0 0 0 0 -0.00150699 -0.00150605 -0.00150177 -0.0014969 -0.00267112 -0.00267161 -0.00267097 -0.00267084 -0.00285266 -0.00286529 -0.00287608 -0.00288989
2.385 0 0 0 0 -0.000937381 -0.000935454 -0.000931183 -0.000927292 -0.00181853 -0.0018188 -0.00181817 -0.00181825 -0.00214596 -0.00215872 -0.0021695 -0.00218319
2.405 0 0 0 0 -0.000249413 -0.000246433 -0.000242163 -0.000239325 -0.000767064 -0.000766915 -0.000766278 -0.000766784 -0.00132282 -0.00133573 -0.00134652 -0.00136004
2.425 0 0 0 0 0.000333521 0.000337411 0.000341683 0.000343614 0.000245401 0.0002455 0.000246135 0.000245678 -0.000174949 -0.000188068 -0.000198854 -0.000212179
2.445 0 0 0 0 0.000695777 0.000699947 0.000704221 0.000705877 0.00115155 0.00115127 0.00115191 0.00115183 0.00128573 0.00127233 0.00126154 0.0012485
2.465 0 0 0 0 0.000850288 0.000853822 0.000858095 0.00086038 0.00194274 0.00194239 0.00194303 0.00194303 0.00272048 0.00270669 0.00269591 0.00268325
2.485 0 0 0 0 0.00100374 0.00100673 0.00101097 0.00101375 0.00259276 0.00259248 0.00259308 0.00259289 0.00376152 0.0037474 0.00373661 0.00372424
2.505 0 0 0 0 0.00135514 0.00135881 0.00136302 0.00136498 0.00310401 0.00310362 0.00310422 0.00310413 0.00427855 0.00426438 0.00425358 0.00424127
2.525 0 0 0 0 0.0017508 0.00175569 0.00175988 0.00176055 0.00343208 0.00343161 0.0034322 0.00343216 0.00431362 0.00429953 0.00428873 0.00427633
2.545 0 0 0 0 0.00187817 0.00188342 0.00188761 0.00188791 0.00346617 0.00346597 0.00346656 0.00346625 0.00403572 0.0040217 0.00401089 0.00399842
2.565 0 0 0 0 0.00162868 0.00163333 0.00163752 0.00163841 0.00310467 0.00310464 0.00310522 0.00310475 0.00362862 0.00361464 0.00360383 0.00359133
2.585 0 0 0 0 0.0011325 0.00113631 0.00114049 0.00114222 0.00238476 0.00238444 0.00238503 0.00238484 0.00310471 0.00309082 0.00308001 0.00306742
2.605 0 0 0 0 0.000607216 0.000610302 0.000614489 0.000616924 0.00151778 0.00151717 0.00151776 0.00151785 0.00232585 0.00231212 0.00230132 0.00228856
2.625 0 0 0 0 0.000198581 0.000201173 0.000205363 0.000208293 0.000684059 0.000683612 0.000684197 0.000684129 0.00119892 0.0011854 0.0011746 0.00116162
2.645 0 0 0 0 -0.000125458 -0.000123074 -0.000118883 -0.000115743 -0.000163746 -0.000163809 -0.000163225 -0.000163677 -0.00020861 -0.000221846 -0.000232651 -0.000245907
2.665 0 0 0 0 -0.000506308 -0.000503964 -0.000499767 -0.000496574 -0.0011596 -0.00115956 -0.00115898 -0.00115953 -0.0016931 -0.001706 -0.0017168 -0.0017304
2.685 0 0 0 0 -0.0010258 -0.00102378 -0.00101959 -0.00101609 -0.00226693 -0.00226709 -0.0022665 -0.00226685 -0.00303544 -0.00304802 -0.00305883 -0.00307274
2.705 0 0 0 0 -0.00165126 -0.0016502 -0.00164601 -0.00164155 -0.00332981 -0.00333003 -0.00332944 -0.00332973 -0.00416276 -0.00417513 -0.00418593 -0.00420005
2.725 0 0 0 0 -0.00223519 -0.0022354 -0.00223129 -0.00222586 -0.00423637 -0.00423645 -0.00423586 -0.0042363 -0.00512918 -0.00514142 -0.00515223 -0.00516648
2.745 0 0 0 0 -0.00267981 -0.00268082 -0.00267677 -0.00267079 -0.00501896 -0.00501895 -0.00501837 -0.00501892 -0.0060605 -0.00607258 -0.0060834 -0.00609781
2.765 0 0 0 0 -0.00292555 -0.00292663 -0.00292264 -0.00291687 -0.00566202 -0.00566215 -0.00566163 -0.00566218 -0.00695112 -0.00696298 -0.0069738 -0.00698844
2.785 0 0 0 0 -0.00292684 -0.00292735 -0.00292341 -0.00291837 -0.00598693 -0.00598728 -0.00598682 -0.00598733 -0.0075696 -0.00758126 -0.00759209 -0.00760696
2.805 0 0 0 0 -0.00281979 -0.00281999 -0.00281605 -0.00281134 -0.00593853 -0.00593876 -0.00593832 -0.00593903 -0.00772212 -0.00773375 -0.00774459 -0.00775954
2.825 0 0 0 0 -0.0027202 -0.00272063 -0.0027167 -0.00271175 -0.00561801 -0.00561802 -0.00561758 -0.00561851 -0.00732369 -0.00733546 -0.0073463 -0.00736111
2.845 0 0 0 0 -0.00250202 -0.00250238 -0.00249845 -0.00249359 -0.00502375 -0.00502399 -0.00502355 -0.00502426 -0.00634256 -0.00635454 -0.00636539 -0.00637999
2.865 0 0 0 0 -0.00198166 -0.00198123 -0.00197731 -0.00197324 -0.00397948 -0.00398017 -0.00397973 -0.00398001 -0.00483516 -0.00484739 -0.00485824 -0.00487259
2.885 0 0 0 0 -0.00112298 -0.00112149 -0.00111757 -0.00111458 -0.0023556 -0.0023563 -0.00235587 -0.00235614 -0.00289684 -0.00290945 -0.0029203 -0.00293427
2.905 0 0 0 0 5.48419e-05 5.77655e-05 6.16812e-05 6.32483e-05 -0.00018342 -0.000183883 -0.000183453 -0.00018397 -0.000471265 -0.00048438 -0.000495229 -0.000508703
2.925 0 0 0 0 0.00150363 0.00150863 0.00151252 0.00151202 0.0024408 0.00244021 0.00244065 0.00244028 0.00261393 0.00260024 0.00258939 0.00257649
2.945 0 0 0 0 0.00295018 0.00295656 0.00296036 0.00295797 0.00530867 0.00530783 0.00530826 0.00530812 0.00626491 0.00625051 0.00623967 0.00622749
2.965 0 0 0 0 0.00398368 0.00398924 0.0039927 0.00398973 0.00793488 0.00793387 0.00793405 0.00793336 0.00989763 0.00988224 0.00987132 0.00985999
2.985 0 0 0 0 0.00455536 0.0045598 0.00456283 0.00456054 0.00982231 0.00982092 0.00982078 0.00981942 0.0127926 0.0127763 0.0127653 0.0127546
3.005 0 0 0 0 0.00484239 0.00484684 0.00484968 0.00484789 0.0106984 0.0106964 0.010696 0.0106947 0.0143063 0.0142895 0.0142785 0.014268
3.025 0 0 0 0 0.00494243 0.00494766 0.0049505 0.00494796 0.0106189 0.0106165 0.0106162 0.0106151 0.014122 0.0141053 0.0140942 0.0140837
3.045 0 0 0 0 0.00491799 0.00492425 0.00492712 0.0049235 0.00989591 0.00989365 0.00989329 0.00989211 0.0125786 0.0125624 0.0125513 0.0125403
3.065 0 0 0 0 0.00471744 0.00472448 0.00472734 0.00472278 0.00879431 0.00879231 0.00879192 0.00879042 0.0104639 0.0104482 0.0104371 0.0104255
3.085 0 0 0 0 0.00382265 0.00382835 0.0038312 0.00382767 0.00703311 0.00703149 0.00703109 0.00702916 0.00810053 0.00808525 0.00807416 0.00806218
3.105 0 0 0 0 0.00205797 0.00206011 0.00206293 0.00206245 0.00431536 0.00431388 0.00431347 0.00431136 0.00536097 0.00534608 0.00533499 0.00532262
3.125 0 0 0 0 0.000174875 0.000174256 0.000177067 0.000178825 0.00111527 0.00111306 0.00111263 0.00111121 0.00221105 0.0021968 0.00218571 0.00217269
3.145 0 0 0 0 -0.00128978 -0.00129158 -0.00128877 -0.00128616 -0.00193116 -0.00193373 -0.00193414 -0.00193512 -0.00148632 -0.00149974 -0.00151083 -0.00152469
3.165 0 0 0 0 -0.0024427 -0.00244555 -0.00244272 -0.00243911 -0.00467206 -0.00467371 -0.00467411 -0.00467598 -0.00568833 -0.00570088 -0.00571193 -0.0057266
3.185 0 0 0 0 -0.0033323 -0.00333549 -0.00333268 -0.00332913 -0.00711908 -0.00712015 -0.00712058 -0.00712333 -0.00962459 -0.00963634 -0.00964745 -0.00966309
3.205 0 0 0 0 -0.00393026 -0.00393304 -0.00393064 -0.0039287 -0.00900374 -0.00900596 -0.00900676 -0.00900948 -0.0122708 -0.0122819 -0.0122931 -0.0123096
3.225 0 0 0 0 -0.00452617 -0.00452923 -0.00452707 -0.00452452 -0.0100767 -0.0100795 -0.0100804 -0.0100828 -0.0133125 -0.0133234 -0.0133346 -0.0133514
3.245 0 0 0 0 -0.00505646 -0.00506175 -0.00505961 -0.00505453 -0.0102188 -0.010221 -0.0102219 -0.0102248 -0.0129388 -0.01295 -0.0129613 -0.0129778
3.265 0 0 0 0 -0.00499288 -0.00499932 -0.00499716 -0.00499099 -0.00944527 -0.00944739 -0.0094483 -0.00945135 -0.0114816 -0.0114932 -0.0115044 -0.0115205
3.285 0 0 0 0 -0.00405162 -0.00405645 -0.0040543 -0.00404998 -0.00779066 -0.00779344 -0.00779435 -0.00779677 -0.00931593 -0.00932788 -0.00933912 -0.00935486
3.305 0 0 0 0 -0.00256049 -0.00256298 -0.00256086 -0.00255926 -0.0053497 -0.00535259 -0.00535353 -0.00535588 -0.00670951 -0.00672189 -0.00673312 -0.00674843
3.325 0 0 0 0 -0.00114449 -0.00114587 -0.00114376 -0.00114348 -0.00261464 -0.00261671 -0.00261768 -0.0026209 -0.00380336 -0.00381644 -0.00382767 -0.00384229
3.345 0 0 0 0 -0.000218091 -0.000219373 -0.00021726 -0.000216935 -0.000350718 -0.000352385 -0.000353332 -0.000356922 -0.000815211 -0.000829044 -0.000840288 -0.000854161
3.365 0 0 0 0 0.00023406 0.000232702 0.00023482 0.000235422 0.00108126 0.0010788 0.00107788 0.00107518 0.00180637 0.00179201 0.00178077 0.00176743
3.385 0 0 0 0 0.00045262 0.000451157 0.000453262 0.000453895 0.00188777 0.00188464 0.0018837 0.00188165 0.00346571 0.00345102 0.00343981 0.00342681
3.405 0 0 0 0 0.00064249 0.000640953 0.000643069 0.000643801 0.00228553 0.00228282 0.00228186 0.00227941 0.00378574 0.00377094 0.0037597 0.00374683
3.425 0 0 0 0 0.000963831 0.000963461 0.000965582 0.000965191 0.00231558 0.00231335 0.0023124 0.00230945 0.00305912 0.00304451 0.00303327 0.00302019
3.445 0 0 0 0 0.00126933 0.00127105 0.00127316 0.00127065 0.00199829 0.0019958 0.00199485 0.00199216 0.00198111 0.00196694 0.0019557 0.00194218
3.465 0 0 0 0 0.00119818 0.00120064 0.00120274 0.00119948 0.00148184 0.0014791 0.00147816 0.00147575 0.00114334 0.00112945 0.00111822 0.00110441
3.485 0 0 0 0 0.000729682 0.000730766 0.000732866 0.000730958 0.000993978 0.000991413 0.000990469 0.000987874 0.000843583 0.000829643 0.000818406 0.000804653
3.505 0 0 0 0 0.000278731 0.000278284 0.000280382 0.000279992 0.000712395 0.000709804 0.000708858 0.00070628 0.00104123 0.00102713 0.00101589 0.0010023
3.525 0 0 0 0 0.000219517 0.000218934 0.000221031 0.000220781 0.000764738 0.000761747 0.000760806 0.000758636 0.00144021 0.00142606 0.00141482 0.00140129
3.545 0 0 0 0 0.000560105 0.000560323 0.000562436 0.000561416 0.00119923 0.00119621 0.00119526 0.00119312 0.00178145 0.00176727 0.00175604 0.00174252
3.565 0 0 0 0 0.00112505 0.00112628 0.00112838 0.00112635 0.00194235 0.00193975 0.00193881 0.00193624 0.00216566 0.00215142 0.00214019 0.00212674
3.585 0 0 0 0 0.00153773 0.0015395 0.00154161 0.00153908 0.00262195 0.00261969 0.00261874 0.00261584 0.00272107 0.0027067 0.00269547 0.00268215
3.605 0 0 0 0 0.00142237 0.00142337 0.00142548 0.00142371 0.00277165 0.00276937 0.00276842 0.00276554 0.00324765 0.0032331 0.00322187 0.00320873
3.625 0 0 0 0 0.000882974 0.00088251 0.00088461 0.00088428 0.00230925 0.00230662 0.00230567 0.00230313 0.00337527 0.00336062 0.00334939 0.00333636
3.645 0 0 0 0 0.000641258 0.000640826 0.000642925 0.000642545 0.00185177 0.00184854 0.00184759 0.00184564 0.0031122 0.00309768 0.00308645 0.00307329
3.665 0 0 0 0 0.000965885 0.000966878 0.000968979 0.000967184 0.001879 0.00187574 0.00187479 0.00187286 0.0026203 0.002606 0.00259477 0.00258138
3.685 0 0 0 0 0.00178241 0.00178553 0.00178763 0.00178373 0.00263025 0.00262746 0.00262652 0.00262413 0.00256622 0.00255205 0.00254081 0.0025273
3.705 0 0 0 0 0.00240277 0.00240674 0.00240885 0.00240417 0.00361802 0.00361579 0.00361485 0.00361191 0.00330781 0.00329345 0.00328222 0.00326889
3.725 0 0 0 0 0.00220111 0.00220334 0.00220546 0.0022026 0.00405685 0.00405477 0.00405382 0.00405071 0.00450407 0.00448928 0.00447806 0.00446516
3.745 0 0 0 0 0.00167786 0.00167824 0.00168035 0.00167931 0.00401668 0.00401379 0.00401282 0.00401052 0.00571454 0.00569942 0.0056882 0.00567565
3.765 0 0 0 0 0.00132024 0.00131969 0.00132178 0.0013216 0.00378373 0.00378026 0.0037793 0.00377763 0.0061122 0.00609698 0.00608576 0.0060733
3.785 0 0 0 0 0.00126375 0.00126319 0.00126529 0.00126511 0.00344302 0.00344014 0.00343916 0.00343688 0.00520831 0.00519324 0.00518201 0.0051694
3.805 0 0 0 0 0.00135168 0.00135224 0.00135435 0.00135302 0.00278436 0.00278219 0.00278121 0.00277816 0.00331958 0.00330496 0.00329373 0.00328066
3.825 0 0 0 0 0.00113622 0.00113796 0.00114007 0.00113751 0.00156056 0.00155835 0.00155737 0.00155442 0.00114037 0.00112636 0.00111512 0.00110144
3.845 0 0 0 0 0.000188368 0.000189121 0.000191215 0.000189613 -0.000252421 -0.00025486 -0.000255841 -0.000258574 -0.000915384 -0.000928944 -0.000940175 -0.000954302
3.865 0 0 0 0 -0.00136345 -0.00136579 -0.00136365 -0.0013622 -0.00244924 -0.00245164 -0.00245261 -0.00245539 -0.00288693 -0.00290026 -0.00291149 -0.00292585
3.885 0 0 0 0 -0.0029371 -0.00294246 -0.00294033 -0.0029357 -0.00479867 -0.00480104 -0.00480199 -0.00480479 -0.00512641 -0.00513943 -0.00515064 -0.00516529
3.905 0 0 0 0 -0.00382094 -0.00382643 -0.00382429 -0.00381931 -0.00681893 -0.00682171 -0.00682266 -0.00682501 -0.00766195 -0.00767435 -0.00768558 -0.00770088
3.925 0 0 0 0 -0.00381734 -0.00382071 -0.00381857 -0.00381564 -0.00794987 -0.00795277 -0.00795368 -0.00795589 -0.00997262 -0.00998428 -0.00999549 -0.0100115
3.945 0 0 0 0 -0.0034713 -0.00347319 -0.00347106 -0.00346964 -0.00814449 -0.00814668 -0.00814759 -0.00815055 -0.0113341 -0.0113454 -0.0113566 -0.011373
3.965 0 0 0 0 -0.00323418 -0.00323615 -0.00323402 -0.0032326 -0.00769329 -0.00769492 -0.00769585 -0.00769939 -0.0110621 -0.0110736 -0.0110848 -0.0111011
3.985 0 0 0 0 -0.00302952 -0.00303199 -0.00302986 -0.00302802 -0.00668856 -0.00669088 -0.00669181 -0.0066947 -0.00898 -0.00899193 -0.00900318 -0.00901901
4.005 0 0 0 0 -0.0025467 -0.00254967 -0.00254754 -0.0025454 -0.00492506 -0.0049283 -0.00492925 -0.00493128 -0.00567728 -0.00568993 -0.00570118 -0.00571629
4.025 0 0 0 0 -0.00156605 -0.00156919 -0.00156708 -0.00156498 -0.00237167 -0.00237471 -0.00237567 -0.00237793 -0.00209856 -0.0021121 -0.00212334 -0.00213758
4.045 0 0 0 0 -0.000281482 -0.000283908 -0.000281777 -0.000280223 0.000308787 0.000306647 0.000305688 0.000302615 0.000902752 0.000888451 0.000877207 0.000863735
4.065 0 0 0 0 0.000908396 0.000907634 0.000909784 0.000909763 0.00229702 0.00229506 0.00229412 0.00229087 0.00296779 0.00295312 0.00294188 0.00292879
4.085 0 0 0 0 0.00192272 0.00192485 0.00192696 0.00192414 0.00362792 0.00362504 0.00362409 0.00362178 0.00445417 0.00443945 0.00442821 0.00441517
4.105 0 0 0 0 0.00261006 0.00261369 0.0026158 0.00261167 0.00470494 0.00470168 0.00470073 0.00469878 0.00570805 0.00569318 0.00568194 0.00566906
4.125 0 0 0 0 0.00265779 0.00266003 0.00266221 0.00265955 0.00536187 0.00535955 0.00535859 0.00535571 0.00657415 0.00655886 0.00654763 0.00653518
4.145 0 0 0 0 0.00221283 0.00221314 0.00221532 0.00221452 0.00517385 0.00517192 0.00517096 0.00516769 0.0067653 0.00674978 0.00673855 0.00672632
4.165 0 0 0 0 0.00163554 0.00163553 0.00163769 0.00163707 0.00411403 0.00411116 0.00411019 0.00410787 0.0059807 0.00596546 0.00595422 0.00594172
4.185 0 0 0 0 0.00103471 0.00103482 0.00103697 0.00103606 0.00258742 0.00258402 0.00258304 0.0025812 0.00403914 0.00402443 0.0040132 0.00400016
4.205 0 0 0 0 0.00048106 0.000480989 0.00048314 0.00048237 0.00101396 0.0010113 0.00101032 0.00100775 0.00133027 0.00131611 0.00130487 0.00129127
4.225 0 0 0 0 0.000131475 0.000131981 0.000134115 0.000132749 -0.000369941 -0.000372097 -0.000373057 -0.000376092 -0.00118915 -0.00120272 -0.00121396 -0.00122815
4.245 0 0 0 0 -6.16322e-05 -5.98657e-05 -5.77206e-05 -6.03134e-05 -0.00134377 -0.00134652 -0.00134748 -0.00134994 -0.0026471 -0.00266017 -0.0026714 -0.00268609
4.265 0 0 0 0 -0.000135704 -0.000133785 -0.000131654 -0.000134414 -0.0014781 -0.00148133 -0.00148229 -0.00148427 -0.00257221 -0.00258523 -0.00259647 -0.00261121
4.285 0 0 0 0 0.000186772 0.000188122 0.000190256 0.000188111 -0.000357876 -0.000360975 -0.000361939 -0.000364058 -0.000836581 -0.000850072 -0.00086131 -0.000875575
4.305 0 0 0 0 0.000907775 0.000908521 0.000910667 0.000909171 0.00168599 0.00168333 0.00168237 0.00167985 0.0020136 0.00199933 0.00198809 0.00197459
4.325 0 0 0 0 0.00193872 0.00194004 0.00194218 0.00194022 0.00407072 0.00406805 0.00406707 0.00406455 0.00526442 0.00524943 0.0052382 0.00522546
4.345 0 0 0 0 0.00305406 0.00305679 0.00305898 0.00305594 0.00633984 0.00633689 0.00633594 0.00633375 0.00825547 0.00823988 0.00822864 0.00821648
4.365 0 0 0 0 0.00386671 0.00387009 0.00387226 0.00386878 0.00806434 0.00806157 0.00806064 0.00805827 0.0103995 0.0103834 0.0103722 0.0103605
4.385 0 0 0 0 0.00422633 0.00422972 0.00423189 0.00422851 0.00891736 0.00891491 0.00891401 0.00891134 0.0114253 0.0114089 0.0113977 0.0113863
4.405 0 0 0 0 0.0040731 0.00407628 0.00407845 0.00407523 0.00865757 0.00865504 0.00865414 0.00865154 0.0111799 0.0111636 0.0111524 0.0111409
4.425 0 0 0 0 0.00321718 0.00321913 0.00322128 0.003219 0.00708982 0.0070872 0.00708628 0.00708373 0.00938759 0.00937164 0.0093604 0.00934861
4.445 0 0 0 0 0.00175628 0.00175616 0.0017583 0.00175762 0.0043164 0.00431388 0.00431293 0.00431022 0.00601172 0.00599642 0.00598518 0.00597272
4.465 0 0 0 0 5.10119e-05 4.93946e-05 5.14995e-05 5.21719e-05 0.000719297 0.000716734 0.000715761 0.000713026 0.00139102 0.00137671 0.00136547 0.00135201
4.485 0 0 0 0 -0.00166588 -0.00166822 -0.00166608 -0.00166465 -0.00321746 -0.00322004 -0.00322097 -0.00322356 -0.00389761 -0.00391071 -0.00392197 -0.00393664
4.505 0 0 0 0 -0.00338678 -0.00339007 -0.00338784 -0.00338499 -0.00708096 -0.00708328 -0.0070842 -0.00708703 -0.00917426 -0.00918619 -0.00919741 -0.00921321
4.525 0 0 0 0 -0.00506 -0.00506474 -0.0050626 -0.00505793 -0.0105537 -0.0105557 -0.0105566 -0.0105598 -0.0137455 -0.0137565 -0.0137677 -0.0137845
4.545 0 0 0 0 -0.00655975 -0.00656175 -0.00655957 -0.00655173 -0.0134013 -0.0134033 -0.0134044 -0.0134072 -0.0171582 -0.0171684 -0.0171797 -0.0171972
4.565 0 0 0 0 -0.00779075 -0.0077873 -0.0077846 -0.00777212 -0.0154368 -0.0154384 -0.0154391 -0.0154411 -0.0193152 -0.0193251 -0.0193363 -0.0193543
4.585 0 0 0 0 -0.00845902 -0.00845258 -0.00844942 -0.00843355 -0.0163338 -0.016335 -0.0163355 -0.0163372 -0.0201442 -0.020154 -0.0201652 -0.0201833
4.605 0 0 0 0 -0.00815345 -0.00814727 -0.00814427 -0.00812907 -0.0157534 -0.0157547 -0.0157552 -0.015757 -0.0194636 -0.0194735 -0.0194847 -0.0195027
4.625 0 0 0 0 -0.00681304 -0.00680663 -0.00680378 -0.00679209 -0.0136228 -0.0136245 -0.0136252 -0.013627 -0.0171517 -0.017162 -0.0171732 -0.0171909
4.645 0 0 0 0 -0.00477814 -0.00477223 -0.00476963 -0.00476265 -0.0101018 -0.0101039 -0.0101048 -0.0101069 -0.0131588 -0.0131698 -0.0131811 -0.013198
4.665 0 0 0 0 -0.00239768 -0.00239379 -0.00239151 -0.00238924 -0.00548541 -0.0054879 -0.00548904 -0.00549179 -0.00752471 -0.00753693 -0.00754827 -0.00756398
4.685 0 0 0 0 -6.34843e-05 -6.30013e-05 -6.10635e-05 -6.20119e-05 -0.000401908 -0.000404737 -0.000406157 -0.000409589 -0.000817556 -0.000831325 -0.000842727 -0.00085692
4.705 0 0 0 0 0.00203569 0.00203427 0.00203501 0.00203073 0.00452066 0.00451723 0.00451564 0.0045122 0.00601709 0.00600188 0.0059906 0.00597802
4.725 0 0 0 0 0.00397073 0.00397116 0.00397203 0.00396689 0.0088953 0.00889173 0.00889037 0.00888737 0.0120299 0.0120134 0.012002 0.0119907
4.745 0 0 0 0 0.0057388 0.00574187 0.00574255 0.00573819 0.012424 0.0124205 0.012419 0.0124162 0.0164729 0.0164553 0.016444 0.0164337
4.765 0 0 0 0 0.00712478 0.00713213 0.00713315 0.00713382 0.014795 0.0147929 0.0147919 0.0147895 0.0189829 0.0189647 0.0189534 0.0189435
4.785 0 0 0 0 0.00785377 0.0078649 0.00786656 0.00786993 0.0156878 0.015686 0.0156851 0.0156827 0.0195772 0.0195589 0.0195476 0.0195379
4.805 0 0 0 0 0.00761923 0.00763046 0.00763198 0.00763409 0.0148882 0.014886 0.014885 0.0148828 0.0184151 0.0183972 0.0183858 0.0183757
4.825 0 0 0 0 0.00623813 0.00624632 0.00624763 0.00624939 0.0124282 0.0124257 0.0124245 0.0124221 0.0155915 0.0155742 0.0155628 0.0155521
4.845 0 0 0 0 0.00399047 0.0039935 0.00399461 0.00399643 0.00856372 0.00856103 0.00855963 0.0085566 0.0111848 0.0111682 0.0111568 0.0111453
4.865 0 0 0 0 0.00144823 0.00144623 0.00144725 0.0014484 0.00373656 0.00373317 0.00373146 0.00372808 0.00539254 0.00537714 0.00536571 0.00535298
4.885 0 0 0 0 -0.000914839 -0.000914737 -0.00091298 -0.000911784 -0.00140978 -0.00141339 -0.00141507 -0.00141825 -0.00128057 -0.00129448 -0.001306 -0.00132031
4.905 0 0 0 0 -0.00283305 -0.00283111 -0.00282986 -0.00282771 -0.00609837 -0.00610195 -0.00610361 -0.00610645 -0.00786034 -0.00787257 -0.00788395 -0.00789979
4.925 0 0 0 0 -0.00450589 -0.00450135 -0.00449986 -0.00449526 -0.00993257 -0.00993518 -0.0099365 -0.00993936 -0.0133534 -0.0133645 -0.0133759 -0.013393
4.945 0 0 0 0 -0.00589442 -0.00588894 -0.00588724 -0.00587985 -0.012633 -0.0126351 -0.0126362 -0.012639 -0.0168264 -0.0168367 -0.0168481 -0.0168659
4.965 0 0 0 0 -0.00728094 -0.00727652 -0.00727461 -0.00726331 -0.0145097 -0.0145115 -0.0145124 -0.0145153 -0.0184661 -0.0184764 -0.0184878 -0.0185058
4.985 0 0 0 0 -0.00873503 -0.00873302 -0.008731 -0.00871507 -0.0159894 -0.0159909 -0.0159919 -0.015995 -0.019219 -0.0192294 -0.0192407 -0.0192586
5.005 0 0 0 0 -0.00981537 -0.0098113 -0.00980911 -0.0097882 -0.0170865 -0.0170876 -0.0170885 -0.0170917 -0.0198695 -0.0198801 -0.0198914 -0.0199092
5.025 0 0 0 0 -0.00998516 -0.00997964 -0.00997741 -0.00995491 -0.0174568 -0.0174575 -0.0174583 -0.0174618 -0.02051 -0.0205204 -0.0205317 -0.0205495
5.045 0 0 0 0 -0.00914687 -0.00913925 -0.00913706 -0.00911795 -0.0169393 -0.0169401 -0.0169409 -0.016944 -0.0207493 -0.0207594 -0.0207707 -0.0207889
5.065 0 0 0 0 -0.0078268 -0.00781739 -0.00781536 -0.0078009 -0.0155797 -0.0155805 -0.0155813 -0.015584 -0.0199935 -0.0200034 -0.0200147 -0.020033
5.085 0 0 0 0 -0.00638801 -0.00637908 -0.00637719 -0.0063666 -0.0132718 -0.0132731 -0.0132741 -0.013277 -0.0175067 -0.0175171 -0.0175285 -0.0175464
5.105 0 0 0 0 -0.00484236 -0.00483626 -0.00483455 -0.00482711 -0.00994406 -0.00994611 -0.00994741 -0.00995062 -0.0130022 -0.0130136 -0.0130251 -0.013042
5.125 0 0 0 0 -0.00304433 -0.00304239 -0.00304087 -0.0030367 -0.00573087 -0.00573393 -0.00573559 -0.00573919 -0.00698497 -0.00699777 -0.00700929 -0.00702493
5.145 0 0 0 0 -0.000618445 -0.000617977 -0.000616147 -0.000615017 -0.000673977 -0.000677958 -0.0006799 -0.000683197 -0.00018897 -0.000203207 -0.000214796 -0.000229028
5.165 0 0 0 0 0.00253787 0.00253909 0.00253959 0.00253811 0.00511227 0.00510807 0.00510619 0.00510342 0.0067765 0.006761 0.0067495 0.00673663
5.185 0 0 0 0 0.00614624 0.00615571 0.00615701 0.0061561 0.0114162 0.011413 0.0114116 0.0114093 0.0138104 0.0137935 0.0137822 0.0137708
5.205 0 0 0 0 0.00955681 0.0095754 0.00957642 0.0095827 0.0175777 0.0175756 0.0175748 0.0175729 0.0208782 0.0208598 0.0208483 0.0208382
5.225 0 0 0 0 0.0124306 0.0124817 0.0124886 0.0125487 0.022847 0.0228495 0.0228513 0.0228544 0.0275956 0.0275757 0.0275647 0.0275562
5.245 0 0 0 0 0.0150424 0.0151084 0.0151118 0.0152262 0.0270156 0.0270242 0.0270302 0.0270416 0.0331202 0.033099 0.0330883 0.0330812
