0.005 0 0 0 0 -5.13292e-06 -1.84171e-06 2.64956e-06 5.93883e-06 -1.40033e-07 -9.71763e-09 8.33949e-07 9.64964e-07 1.88504e-05 5.75909e-06 -4.93699e-06 -1.80283e-05
0.025 0 0 0 0 2.86808e-07 3.59371e-06 8.08489e-06 1.13582e-05 6.53425e-06 6.6603e-06 7.50393e-06 7.63914e-06 2.5422e-05 1.23307e-05 1.63463e-06 -1.14567e-05
0.045 0 0 0 0 -2.52532e-06 7.61058e-07 5.25212e-06 8.54568e-06 7.34385e-06 7.48068e-06 8.32427e-06 8.44858e-06 2.68512e-05 1.37569e-05 3.06079e-06 -1.00276e-05
0.065 0 0 0 0 -1.02539e-05 -6.99054e-06 -2.49939e-06 8.17296e-07 -6.09523e-07 -4.69565e-07 3.73925e-07 4.94815e-07 2.18954e-05 8.80001e-06 -1.89621e-06 -1.49838e-05
0.085 0 0 0 0 -1.72901e-05 -1.40265e-05 -9.53568e-06 -6.21997e-06 -1.52112e-05 -1.50837e-05 -1.42403e-05 -1.41071e-05 9.21263e-06 -3.87855e-06 -1.45748e-05 -2.76668e-05
0.105 0 0 0 0 -2.26647e-05 -1.93961e-05 -1.49057e-05 -1.15961e-05 -3.07915e-05 -3.06689e-05 -2.98256e-05 -2.96879e-05 -1.20471e-05 -2.51324e-05 -3.58287e-05 -4.89268e-05
0.125 0 0 0 0 -2.72364e-05 -2.39719e-05 -1.94818e-05 -1.61691e-05 -4.42302e-05 -4.40966e-05 -4.32538e-05 -4.31284e-05 -3.78394e-05 -5.09201e-05 -6.16168e-05 -7.47203e-05
0.145 0 0 0 0 -3.09661e-05 -2.77014e-05 -2.32117e-05 -1.99e-05 -5.6305e-05 -5.61655e-05 -5.53233e-05 -5.52049e-05 -5.98355e-05 -7.29117e-05 -8.36086e-05 -9.67173e-05
0.165 0 0 0 0 -3.42524e-05 -3.09807e-05 -2.64914e-05 -2.31876e-05 -6.63908e-05 -6.62596e-05 -6.54175e-05 -6.5291e-05 -7.14401e-05 -8.45122e-05 -9.52091e-05 -0.000108322
0.185 0 0 0 0 -3.75291e-05 -3.42617e-05 -2.97725e-05 -2.64646e-05 -7.04972e-05 -7.03723e-05 -6.95302e-05 -6.93974e-05 -7.14355e-05 -8.45072e-05 -9.52042e-05 -0.000108318
0.205 0 0 0 0 -3.85075e-05 -3.52554e-05 -3.07661e-05 -2.74428e-05 -6.57321e-05 -6.56024e-05 -6.47603e-05 -6.46323e-05 -6.19761e-05 -7.50518e-05 -8.57488e-05 -9.88583e-05
0.225 0 0 0 0 -3.34074e-05 -3.01562e-05 -2.56669e-05 -2.23427e-05 -5.29505e-05 -5.28176e-05 -5.19754e-05 -5.18507e-05 -4.544e-05 -5.852e-05 -6.9217e-05 -8.23221e-05
0.245 0 0 0 0 -2.22084e-05 -1.8936e-05 -1.44467e-05 -1.11437e-05 -3.44972e-05 -3.43686e-05 -3.35265e-05 -3.33974e-05 -2.38713e-05 -3.69545e-05 -4.76515e-05 -6.07535e-05
0.265 0 0 0 0 -9.69326e-06 -6.40114e-06 -1.91183e-06 1.3714e-06 -1.28402e-05 -1.27129e-05 -1.18708e-05 -1.17404e-05 6.55555e-07 -1.24318e-05 -2.31288e-05 -3.62266e-05
0.285 0 0 0 0 4.33747e-08 3.33935e-06 7.82866e-06 1.1108e-05 8.65019e-06 8.78273e-06 9.62484e-06 9.74997e-06 2.65912e-05 1.34973e-05 2.80032e-06 -1.02909e-05
0.305 0 0 0 0 6.82768e-06 1.01223e-05 1.46111e-05 1.78906e-05 2.64374e-05 2.65702e-05 2.7412e-05 2.75364e-05 5.20363e-05 3.89362e-05 2.82391e-05 1.5154e-05
0.325 0 0 0 0 1.20319e-05 1.53308e-05 1.98193e-05 2.30936e-05 3.931e-05 3.94357e-05 4.02772e-05 4.04079e-05 7.32762e-05 6.01715e-05 4.94742e-05 3.63929e-05
0.345 0 0 0 0 1.59047e-05 1.92074e-05 2.36957e-05 2.69658e-05 4.78892e-05 4.8012e-05 4.88533e-05 4.89863e-05 8.58326e-05 7.27253e-05 6.20278e-05 4.8949e-05
0.365 0 0 0 0 1.75131e-05 2.08142e-05 2.53023e-05 2.85738e-05 5.10974e-05 5.12259e-05 5.20672e-05 5.21946e-05 8.70856e-05 7.39773e-05 6.32798e-05 5.0202e-05
0.385 0 0 0 0 1.52585e-05 1.85568e-05 2.30449e-05 2.63192e-05 4.54201e-05 4.55531e-05 4.63944e-05 4.65172e-05 7.6892e-05 6.37854e-05 5.30879e-05 4.00084e-05
0.405 0 0 0 0 7.33244e-06 1.06254e-05 1.51136e-05 1.83932e-05 2.84759e-05 2.86068e-05 2.94481e-05 2.9573e-05 5.59336e-05 4.28319e-05 3.21344e-05 1.905e-05
0.425 0 0 0 0 -6.21841e-06 -2.93936e-06 1.54883e-06 4.84231e-06 2.0887e-06 2.21657e-06 3.05784e-06 3.18579e-06 2.52238e-05 1.21287e-05 1.43121e-06 -1.16598e-05
0.445 0 0 0 0 -2.23957e-05 -1.91363e-05 -1.46481e-05 -1.1335e-05 -2.91643e-05 -2.90355e-05 -2.81942e-05 -2.80671e-05 -1.30247e-05 -2.61122e-05 -3.68097e-05 -4.99084e-05
0.465 0 0 0 0 -3.69789e-05 -3.3732e-05 -2.92438e-05 -2.59181e-05 -6.04524e-05 -6.03221e-05 -5.94808e-05 -5.93553e-05 -5.43932e-05 -6.74719e-05 -7.81693e-05 -9.12768e-05
0.485 0 0 0 0 -4.77423e-05 -4.44971e-05 -4.00092e-05 -3.66826e-05 -8.75624e-05 -8.74325e-05 -8.65914e-05 -8.64655e-05 -9.2674e-05 -0.000105744 -0.000116441 -0.000129558
0.505 0 0 0 0 -5.53288e-05 -5.20844e-05 -4.75971e-05 -4.42713e-05 -0.000107373 -0.000107243 -0.000106402 -0.000106278 -0.000121554 -0.000134617 -0.000145315 -0.000158439
0.525 0 0 0 0 -6.02804e-05 -5.70416e-05 -5.25546e-05 -4.92239e-05 -0.000117829 -0.000117697 -0.000116857 -0.000116735 -0.000135878 -0.000148938 -0.000159636 -0.000172763
0.545 0 0 0 0 -6.11413e-05 -5.79068e-05 -5.34197e-05 -5.00848e-05 -0.00011737 -0.000117239 -0.000116399 -0.000116276 -0.000132991 -0.000146052 -0.00015675 -0.000169876
0.565 0 0 0 0 -5.54957e-05 -5.22563e-05 -4.77693e-05 -4.44392e-05 -0.000104193 -0.000104066 -0.000103226 -0.000103099 -0.000113171 -0.000126236 -0.000136934 -0.000150056
0.585 0 0 0 0 -4.23889e-05 -3.91356e-05 -3.46486e-05 -3.13325e-05 -7.75007e-05 -7.73754e-05 -7.65349e-05 -7.64063e-05 -7.88287e-05 -9.19008e-05 -0.000102599 -0.000115714
0.605 0 0 0 0 -2.31932e-05 -1.99201e-05 -1.54331e-05 -1.21368e-05 -3.94658e-05 -3.93384e-05 -3.84979e-05 -3.83714e-05 -3.29517e-05 -4.60335e-05 -5.67314e-05 -6.98369e-05
0.625 0 0 0 0 -9.76527e-07 2.31948e-06 6.80649e-06 1.00799e-05 4.8462e-06 4.97502e-06 5.81545e-06 5.94056e-06 2.12528e-05 8.15955e-06 -2.53839e-06 -1.56324e-05
0.645 0 0 0 0 2.04785e-05 2.37952e-05 2.82823e-05 3.1535e-05 4.95051e-05 4.96321e-05 5.04725e-05 5.05995e-05 7.90434e-05 6.5938e-05 5.52401e-05 4.21582e-05
0.665 0 0 0 0 3.87715e-05 4.21005e-05 4.65865e-05 4.98245e-05 9.00465e-05 9.017e-05 9.101e-05 9.11393e-05 0.000134092 0.000120974 0.000110276 9.72058e-05
0.685 0 0 0 0 5.3009e-05 5.63444e-05 6.08297e-05 6.40592e-05 0.000122935 0.000123057 0.000123896 0.000124026 0.000179108 0.00016598 0.000155281 0.000142221
0.705 0 0 0 0 6.31392e-05 6.64808e-05 7.09656e-05 7.41874e-05 0.000145103 0.000145224 0.000146063 0.000146192 0.000208113 0.000194978 0.000184279 0.000171225
0.725 0 0 0 0 6.78052e-05 7.11528e-05 7.56374e-05 7.88526e-05 0.000153397 0.000153519 0.000154358 0.000154486 0.000217241 0.000204103 0.000193404 0.000180352
0.745 0 0 0 0 6.47921e-05 6.8139e-05 7.26235e-05 7.58394e-05 0.000145564 0.000145687 0.000146525 0.000146652 0.000205393 0.000192259 0.00018156 0.000168505
0.765 0 0 0 0 5.24519e-05 5.57852e-05 6.02698e-05 6.34992e-05 0.000120621 0.000120746 0.000121585 0.00012171 0.000173353 0.000160225 0.000149526 0.000136465
0.785 0 0 0 0 3.15269e-05 3.4836e-05 3.93205e-05 4.25743e-05 7.97837e-05 7.99091e-05 8.07478e-05 8.08724e-05 0.000123191 0.000110073 9.93742e-05 8.63027e-05
0.805 0 0 0 0 6.10302e-06 9.38734e-06 1.38719e-05 1.71504e-05 2.81961e-05 2.83198e-05 2.91586e-05 2.92848e-05 5.93377e-05 4.62333e-05 3.55344e-05 2.24493e-05
0.825 0 0 0 0 -1.98193e-05 -1.65561e-05 -1.20716e-05 -8.77194e-06 -2.7117e-05 -2.69937e-05 -2.6155e-05 -2.60283e-05 -1.20827e-05 -2.51715e-05 -3.58704e-05 -4.89711e-05
0.845 0 0 0 0 -4.47547e-05 -4.15135e-05 -3.7029e-05 -3.37074e-05 -8.0891e-05 -8.07636e-05 -7.99248e-05 -7.98023e-05 -8.4158e-05 -9.72317e-05 -0.000107931 -0.000121046
0.865 0 0 0 0 -6.6731e-05 -6.35085e-05 -5.90239e-05 -5.56838e-05 -0.000128506 -0.000128375 -0.000127536 -0.000127417 -0.0001479 -0.00016096 -0.000171659 -0.000184788
0.885 0 0 0 0 -8.39471e-05 -8.07385e-05 -7.62553e-05 -7.29042e-05 -0.000165481 -0.000165352 -0.000164515 -0.000164395 -0.000195316 -0.000208366 -0.000219065 -0.000232206
0.905 0 0 0 0 -9.56052e-05 -9.24099e-05 -8.79272e-05 -8.45644e-05 -0.00018811 -0.000187982 -0.000187145 -0.000187025 -0.000222322 -0.000235366 -0.000246066 -0.000259213
0.925 0 0 0 0 -0.000100777 -9.75945e-05 -9.31118e-05 -8.97361e-05 -0.000194849 -0.000194719 -0.000193882 -0.000193764 -0.000228625 -0.000241669 -0.000252368 -0.000265515
0.945 0 0 0 0 -9.86487e-05 -9.5471e-05 -9.09883e-05 -8.7608e-05 -0.000187102 -0.000186971 -0.000186133 -0.000186017 -0.000216792 -0.000229839 -0.000240539 -0.000253682
0.965 0 0 0 0 -9.04522e-05 -8.7269e-05 -8.27862e-05 -7.94115e-05 -0.000168659 -0.000168528 -0.00016769 -0.000167574 -0.000191866 -0.000204919 -0.000215619 -0.000228757
0.985 0 0 0 0 -7.8515e-05 -7.5321e-05 -7.08383e-05 -6.74743e-05 -0.000143476 -0.000143346 -0.000142508 -0.000142391 -0.000159234 -0.000172294 -0.000182994 -0.000196125
1.005 0 0 0 0 -6.40685e-05 -6.08598e-05 -5.63771e-05 -5.30278e-05 -0.000114231 -0.000114102 -0.000113264 -0.000113146 -0.000122423 -0.000135491 -0.00014619 -0.000159314
1.025 0 0 0 0 -4.65179e-05 -4.32856e-05 -3.88029e-05 -3.54772e-05 -8.11939e-05 -8.1067e-05 -8.02294e-05 -8.01089e-05 -8.18959e-05 -9.4971e-05 -0.000105671 -0.000118786
1.045 0 0 0 0 -2.65498e-05 -2.32896e-05 -1.88069e-05 -1.55091e-05 -4.42945e-05 -4.41703e-05 -4.33327e-05 -4.32095e-05 -3.7442e-05 -5.05254e-05 -6.1225e-05 -7.43326e-05
1.065 0 0 0 0 -6.98352e-06 -3.70247e-06 7.80248e-07 4.05713e-06 -5.59717e-06 -5.47206e-06 -4.63448e-06 -4.51225e-06 9.74123e-06 -3.352e-06 -1.40516e-05 -2.71493e-05
1.085 0 0 0 0 1.03043e-05 1.35989e-05 1.80816e-05 2.13449e-05 3.13726e-05 3.14986e-05 3.23362e-05 3.24575e-05 5.72714e-05 4.41677e-05 3.34681e-05 2.03808e-05
1.105 0 0 0 0 2.52124e-05 2.85201e-05 3.30028e-05 3.62531e-05 6.38902e-05 6.40128e-05 6.48504e-05 6.49751e-05 0.000101543 8.843e-05 7.77304e-05 6.46524e-05
1.125 0 0 0 0 3.58965e-05 3.9211e-05 4.36937e-05 4.69372e-05 8.84894e-05 8.86102e-05 8.94478e-05 8.95743e-05 0.000135756 0.000122635 0.000111936 9.88652e-05
1.145 0 0 0 0 4.27713e-05 4.609e-05 5.05727e-05 5.3812e-05 0.000103745 0.000103866 0.000104704 0.000104829 0.000155678 0.000142553 0.000131854 0.000118788
1.165 0 0 0 0 4.71243e-05 5.04526e-05 5.49353e-05 5.8165e-05 0.00010974 0.000109861 0.000110698 0.000110825 0.000161045 0.000147919 0.00013722 0.000124154
1.185 0 0 0 0 4.71761e-05 5.05111e-05 5.49939e-05 5.82168e-05 0.000105974 0.000106095 0.000106933 0.000107059 0.000152955 0.000139832 0.000129132 0.000116064
1.205 0 0 0 0 3.82064e-05 4.15273e-05 4.601e-05 4.92471e-05 8.92299e-05 8.93559e-05 9.01935e-05 9.03149e-05 0.000130804 0.000117685 0.000106985 9.39137e-05
1.225 0 0 0 0 1.67276e-05 2.00092e-05 2.44919e-05 2.77683e-05 5.39364e-05 5.40683e-05 5.49059e-05 5.50213e-05 9.07946e-05 7.76812e-05 6.69816e-05 5.3904e-05
1.245 0 0 0 0 -1.29594e-05 -9.71764e-06 -5.23492e-06 -1.91871e-06 4.5902e-07 5.87863e-07 1.42544e-06 1.54395e-06 3.10066e-05 1.79049e-05 7.20536e-06 -5.88394e-06
1.265 0 0 0 0 -4.37256e-05 -4.05085e-05 -3.60258e-05 -3.26849e-05 -6.33834e-05 -6.32616e-05 -6.2424e-05 -6.22985e-05 -4.68667e-05 -5.99509e-05 -7.06504e-05 -8.37573e-05
1.285 0 0 0 0 -7.13585e-05 -6.81567e-05 -6.3674e-05 -6.03178e-05 -0.000127528 -0.000127403 -0.000126566 -0.000126443 -0.000135364 -0.000148428 -0.000159128 -0.000172254
1.305 0 0 0 0 -9.40494e-05 -9.0857e-05 -8.63743e-05 -8.30086e-05 -0.000184288 -0.000184155 -0.000183317 -0.000183203 -0.000219762 -0.000232808 -0.000243507 -0.000256652
1.325 0 0 0 0 -0.000109223 -0.000106028 -0.000101547 -9.8187e-05 -0.000225779 -0.000225647 -0.000224811 -0.000224698 -0.000280616 -0.000293647 -0.000304347 -0.000317509
1.345 0 0 0 0 -0.000115322 -0.000112121 -0.00010764 -0.000104287 -0.000243225 -0.000243101 -0.000242265 -0.000242144 -0.000303096 -0.000316121 -0.000326821 -0.00033999
1.365 0 0 0 0 -0.000110459 -0.000107259 -0.000102777 -9.94244e-05 -0.000229456 -0.000229334 -0.000228498 -0.000228376 -0.000281437 -0.000294466 -0.000305167 -0.00031833
1.385 0 0 0 0 -9.05793e-05 -8.73715e-05 -8.28904e-05 -7.95445e-05 -0.000182239 -0.000182115 -0.000181279 -0.000181158 -0.000217233 -0.000230278 -0.000240978 -0.000254127
1.405 0 0 0 0 -5.48225e-05 -5.15833e-05 -4.71023e-05 -4.37879e-05 -0.000106427 -0.000106305 -0.000105469 -0.000105347 -0.000118734 -0.0001318 -0.0001425 -0.000155628
1.425 0 0 0 0 -1.06923e-05 -7.41268e-06 -2.93167e-06 3.42304e-07 -1.4365e-05 -1.42436e-05 -1.34074e-05 -1.32847e-05 -1.05432e-06 -1.41451e-05 -2.48454e-05 -3.79477e-05
1.445 0 0 0 0 3.28478e-05 3.61608e-05 4.06418e-05 4.38825e-05 7.92302e-05 7.93543e-05 8.01905e-05 8.03106e-05 0.000119438 0.00010632 9.56199e-05 8.25442e-05
1.465 0 0 0 0 7.10591e-05 7.44021e-05 7.88831e-05 8.20935e-05 0.000162102 0.000162224 0.000163061 0.000163182 0.000228586 0.000215445 0.000204745 0.000191693
1.485 0 0 0 0 0.000100204 0.00010357 0.000108048 0.000111231 0.000224842 0.000224958 0.000225792 0.000225918 0.00031264 0.000299479 0.000288778 0.000275743
1.505 0 0 0 0 0.000116965 0.000120342 0.00012482 0.000127989 0.000261068 0.000261182 0.000262016 0.000262141 0.000360294 0.000347122 0.000336421 0.000323396
1.525 0 0 0 0 0.000119486 0.000122862 0.00012734 0.000130509 0.000266475 0.000266591 0.000267426 0.000267548 0.000365644 0.000352471 0.000341769 0.000328746
1.545 0 0 0 0 0.000107119 0.000110486 0.000114964 0.000118142 0.000239074 0.000239192 0.000240026 0.000240147 0.000328593 0.000315428 0.000304727 0.000291696
1.565 0 0 0 0 8.24905e-05 8.58439e-05 9.03218e-05 9.35137e-05 0.000183777 0.000183892 0.000184726 0.00018485 0.000256331 0.000243183 0.000232481 0.000219434
1.585 0 0 0 0 4.64776e-05 4.97999e-05 5.42778e-05 5.75008e-05 0.000107406 0.000107522 0.000108356 0.000108479 0.000157244 0.000144117 0.000133415 0.000120346
1.605 0 0 0 0 1.78496e-06 5.05791e-06 9.5358e-06 1.28081e-05 1.69816e-05 1.71042e-05 1.79382e-05 1.80544e-05 4.11638e-05 2.80599e-05 1.73583e-05 4.266e-06
1.625 0 0 0 0 -3.78672e-05 -3.46188e-05 -3.01409e-05 -2.68441e-05 -7.06563e-05 -7.05395e-05 -6.97055e-05 -6.95835e-05 -7.19884e-05 -8.50664e-05 -9.5768e-05 -0.000108886
1.645 0 0 0 0 -6.34697e-05 -6.02178e-05 -5.57399e-05 -5.24465e-05 -0.000136565 -0.000136457 -0.000135623 -0.000135492 -0.00016205 -0.000175105 -0.000185807 -0.000198948
1.665 0 0 0 0 -7.62733e-05 -7.30254e-05 -6.85475e-05 -6.52501e-05 -0.000170165 -0.000170049 -0.000169215 -0.000169092 -0.000214405 -0.000227449 -0.00023815 -0.000251303
1.685 0 0 0 0 -7.90738e-05 -7.58424e-05 -7.13645e-05 -6.80506e-05 -0.000172303 -0.000172174 -0.00017134 -0.00017123 -0.000220585 -0.00023363 -0.000244331 -0.000257483
1.705 0 0 0 0 -7.44749e-05 -7.12575e-05 -6.67796e-05 -6.34517e-05 -0.000151663 -0.000151535 -0.000150701 -0.00015059 -0.000184501 -0.000197556 -0.000208258 -0.000221399
1.725 0 0 0 0 -6.57e-05 -6.24964e-05 -5.80185e-05 -5.46768e-05 -0.000117811 -0.000117692 -0.000116858 -0.000116738 -0.000124224 -0.000137293 -0.000147995 -0.000161122
1.745 0 0 0 0 -5.15425e-05 -4.83459e-05 -4.38681e-05 -4.05193e-05 -7.61525e-05 -7.60352e-05 -7.52012e-05 -7.50797e-05 -6.02507e-05 -7.33355e-05 -8.40371e-05 -9.71485e-05
1.765 0 0 0 0 -3.1604e-05 -2.83939e-05 -2.3916e-05 -2.05808e-05 -3.37776e-05 -3.36546e-05 -3.28206e-05 -3.27048e-05 -8.19215e-06 -2.1289e-05 -3.19906e-05 -4.509e-05
1.785 0 0 0 0 -6.83511e-06 -3.57929e-06 8.98585e-07 4.18805e-06 4.41206e-06 4.53484e-06 5.36884e-06 5.48479e-06 2.94748e-05 1.63724e-05 5.67078e-06 -7.423e-06
1.805 0 0 0 0 1.74402e-05 2.07514e-05 2.52292e-05 2.84634e-05 3.75626e-05 3.76803e-05 3.85143e-05 3.86353e-05 5.96637e-05 4.65587e-05 3.58571e-05 2.27659e-05
1.825 0 0 0 0 2.73038e-05 3.06197e-05 3.50976e-05 3.8327e-05 5.81547e-05 5.828e-05 5.9114e-05 5.92274e-05 8.23948e-05 6.92839e-05 5.85823e-05 4.5497e-05
1.845 0 0 0 0 2.35521e-05 2.68402e-05 3.13181e-05 3.45753e-05 6.32341e-05 6.33627e-05 6.41967e-05 6.43068e-05 9.8043e-05 8.4926e-05 7.42244e-05 6.11452e-05
1.865 0 0 0 0 1.71047e-05 2.03818e-05 2.48597e-05 2.81278e-05 5.76023e-05 5.77159e-05 5.85499e-05 5.8675e-05 0.000104417 9.12996e-05 8.0598e-05 6.75196e-05
1.885 0 0 0 0 1.07702e-05 1.40432e-05 1.85211e-05 2.17934e-05 4.5455e-05 4.55622e-05 4.63962e-05 4.65277e-05 9.28087e-05 7.96941e-05 6.89925e-05 5.59109e-05
1.905 0 0 0 0 6.76389e-06 1.00374e-05 1.45152e-05 1.77871e-05 3.11045e-05 3.12228e-05 3.20568e-05 3.21773e-05 6.43428e-05 5.12339e-05 4.05323e-05 2.7445e-05
1.925 0 0 0 0 6.4242e-06 9.71772e-06 1.41956e-05 1.74474e-05 1.66429e-05 1.67673e-05 1.76013e-05 1.77156e-05 3.15784e-05 1.84782e-05 7.77658e-06 -5.31936e-06
1.945 0 0 0 0 4.02384e-06 7.33483e-06 1.18127e-05 1.5047e-05 1.62801e-06 1.74829e-06 2.58229e-06 2.70075e-06 6.04457e-06 -7.04785e-06 -1.77495e-05 -3.08532e-05
1.965 0 0 0 0 -6.13503e-06 -2.84295e-06 1.63493e-06 4.88813e-06 -1.36536e-05 -1.35341e-05 -1.27001e-05 -1.25808e-05 -8.21257e-06 -2.13029e-05 -3.20045e-05 -4.51104e-05
1.985 0 0 0 0 -2.48658e-05 -2.16293e-05 -1.71514e-05 -1.38426e-05 -3.24277e-05 -3.23015e-05 -3.14675e-05 -3.13549e-05 -1.85918e-05 -3.16846e-05 -4.23862e-05 -5.54896e-05
2.005 0 0 0 0 -4.83708e-05 -4.51919e-05 -4.0714e-05 -3.73477e-05 -6.15223e-05 -6.13931e-05 -6.05591e-05 -6.04496e-05 -4.0616e-05 -5.3708e-05 -6.44096e-05 -7.75137e-05
2.025 0 0 0 0 -6.77359e-05 -6.45739e-05 -6.0096e-05 -5.67128e-05 -9.94298e-05 -9.93091e-05 -9.84751e-05 -9.83571e-05 -8.29975e-05 -9.60798e-05 -0.000106781 -0.000119895
2.045 0 0 0 0 -8.73789e-05 -8.42247e-05 -7.97468e-05 -7.63557e-05 -0.000147342 -0.000147217 -0.000146383 -0.000146269 -0.00015176 -0.000164826 -0.000175528 -0.000188657
2.065 0 0 0 0 -0.000113306 -0.000110174 -0.000105696 -0.000102282 -0.000207237 -0.000207096 -0.000206262 -0.000206164 -0.000240884 -0.000253933 -0.000264635 -0.000277782
2.085 0 0 0 0 -0.000139253 -0.000136127 -0.000131649 -0.00012823 -0.000270926 -0.000270788 -0.000269954 -0.000269854 -0.000328596 -0.000341624 -0.000352326 -0.000365494
2.105 0 0 0 0 -0.00015498 -0.000151834 -0.000147357 -0.000143963 -0.000317736 -0.00031762 -0.000316787 -0.000316667 -0.000389644 -0.000402654 -0.000413356 -0.000426544
2.125 0 0 0 0 -0.000158379 -0.000155226 -0.000150751 -0.000147364 -0.000330122 -0.000330008 -0.000329175 -0.000329054 -0.000409035 -0.000422039 -0.000432742 -0.000445935
2.145 0 0 0 0 -0.000154754 -0.000151631 -0.000147155 -0.000143739 -0.000311221 -0.000311083 -0.00031025 -0.000310152 -0.000386939 -0.000399954 -0.000410656 -0.00042384
2.165 0 0 0 0 -0.00014624 -0.000143142 -0.000138666 -0.000135226 -0.000277245 -0.0002771 -0.000276267 -0.000276177 -0.000333907 -0.000346937 -0.000357639 -0.000370807
2.185 0 0 0 0 -0.000128232 -0.000125112 -0.000120637 -0.000117217 -0.000234467 -0.000234346 -0.000233514 -0.000233399 -0.00026332 -0.000276363 -0.000287065 -0.000300221
2.205 0 0 0 0 -9.4794e-05 -9.16183e-05 -8.71427e-05 -8.37795e-05 -0.000173434 -0.000173332 -0.0001725 -0.000172366 -0.000183323 -0.000196378 -0.000207081 -0.000220223
2.225 0 0 0 0 -4.53625e-05 -4.21194e-05 -3.76438e-05 -3.43481e-05 -8.72113e-05 -8.70989e-05 -8.62662e-05 -8.61434e-05 -9.23511e-05 -0.000105425 -0.000116127 -0.000129251
2.245 0 0 0 0 2.16157e-05 2.49608e-05 2.94363e-05 3.26301e-05 2.63122e-05 2.6432e-05 2.72646e-05 2.73801e-05 2.73359e-05 1.42407e-05 3.53826e-06 -9.56446e-06
2.265 0 0 0 0 9.0836e-05 9.42754e-05 9.87509e-05 0.00010185 0.000154854 0.000154967 0.000155799 0.000155922 0.000181519 0.000168395 0.000157692 0.000144619
2.285 0 0 0 0 0.000146119 0.00014959 0.000154066 0.000157135 0.000282872 0.000282981 0.000283813 0.00028394 0.000357635 0.000344472 0.000333769 0.000320735
2.305 0 0 0 0 0.000184517 0.000187961 0.000192432 0.000195518 0.000394762 0.000394867 0.000395698 0.000395823 0.000526692 0.000513484 0.000502781 0.000489788
2.325 0 0 0 0 0.000206629 0.000210037 0.000214507 0.00021762 0.000469753 0.000469854 0.000470682 0.000470805 0.000646228 0.000632986 0.000622281 0.000609319
2.345 0 0 0 0 0.000217731 0.000221145 0.000225613 0.00022872 0.000496409 0.000496503 0.00049733 0.000497458 0.000686215 0.000672964 0.000662258 0.000649304
2.365 0 0 0 0 0.000222134 0.000225601 0.00023007 0.000233123 0.000479419 0.000479506 0.000480333 0.000480468 0.000646102 0.000632865 0.000622159 0.000609191
2.385 0 0 0 0 0.000206956 0.000210449 0.000214918 0.000217946 0.000420447 0.000420547 0.000421374 0.000421495 0.000541432 0.000528221 0.000517515 0.000504521
2.405 0 0 0 0 0.000156935 0.000160373 0.000164842 0.000167925 0.000314437 0.000314561 0.000315388 0.000315485 0.000393202 0.000380019 0.000369314 0.000356291
2.425 0 0 0 0 6.47506e-05 6.80485e-05 7.25174e-05 7.57399e-05 0.00015211 0.000152242 0.000153069 0.000153159 0.000207253 0.000194104 0.000183398 0.000170342
2.445 0 0 0 0 -5.11524e-05 -4.80104e-05 -4.35415e-05 -4.01631e-05 -5.42054e-05 -5.40929e-05 -5.32659e-05 -5.31571e-05 -1.735e-05 -3.04553e-05 -4.11607e-05 -5.42612e-05
2.465 0 0 0 0 -0.000157233 -0.00015419 -0.000149721 -0.000146243 -0.000267489 -0.000267397 -0.00026657 -0.000266441 -0.000273191 -0.00028624 -0.000296946 -0.000310102
2.485 0 0 0 0 -0.000224231 -0.000221193 -0.000216726 -0.00021325 -0.000441451 -0.000441356 -0.000440529 -0.000440404 -0.000525061 -0.000538051 -0.000548757 -0.000561973
2.505 0 0 0 0 -0.000246936 -0.000243837 -0.000239375 -0.000235971 -0.00054522 -0.000545109 -0.000544288 -0.000544192 -0.000714229 -0.000727173 -0.000737881 -0.000751152
2.525 0 0 0 0 -0.000242283 -0.000239128 -0.000234667 -0.000231324 -0.000571359 -0.000571234 -0.000570415 -0.00057034 -0.000784692 -0.000797617 -0.000808326 -0.000821619
2.545 0 0 0 0 -0.000226878 -0.000223731 -0.00021927 -0.000215919 -0.000525141 -0.00052502 -0.0005242 -0.000524121 -0.000712357 -0.000725299 -0.000736008 -0.000749284
2.565 0 0 0 0 -0.00019732 -0.000194223 -0.000189763 -0.000186361 -0.000412305 -0.000412202 -0.000411383 -0.000411284 -0.000516892 -0.000529882 -0.000540592 -0.000553819
2.585 0 0 0 0 -0.000137642 -0.000134563 -0.000130103 -0.000126683 -0.000240882 -0.000240797 -0.000239977 -0.000239862 -0.000251505 -0.000264559 -0.000275268 -0.000288432
2.605 0 0 0 0 -4.81412e-05 -4.50129e-05 -4.05524e-05 -3.7182e-05 -3.80086e-05 -3.7915e-05 -3.70958e-05 -3.6989e-05 1.69674e-05 3.8525e-06 -6.85699e-06 -1.99596e-05
2.625 0 0 0 0 5.55397e-05 5.8786e-05 6.32465e-05 6.64988e-05 0.00015899 0.000159101 0.00015992 0.000160009 0.000244287 0.000231124 0.000220415 0.00020736
2.645 0 0 0 0 0.000153886 0.000157294 0.000161754 0.000164845 0.00032362 0.000323726 0.000324546 0.00032464 0.000423003 0.00040981 0.000399101 0.000386076
2.665 0 0 0 0 0.000226017 0.000229548 0.000234009 0.000236977 0.000445681 0.000445772 0.000446591 0.0004467 0.000562401 0.000549186 0.000538476 0.000525474
2.685 0 0 0 0 0.000256438 0.000259979 0.00026444 0.000267398 0.000518689 0.000518782 0.000519601 0.000519708 0.000662534 0.000649295 0.000638585 0.000625607
2.705 0 0 0 0 0.000262379 0.000265891 0.000270351 0.000273335 0.000551589 0.000551675 0.000552494 0.000552609 0.000725319 0.000712065 0.000701355 0.000688392
2.725 0 0 0 0 0.00026841 0.000271944 0.000276404 0.000279365 0.000562681 0.00056274 0.000563559 0.0005637 0.000750812 0.000737556 0.000726846 0.000713884
2.745 0 0 0 0 0.00027456 0.000278126 0.000282585 0.000285515 0.000560177 0.000560237 0.000561056 0.000561195 0.000734296 0.000721045 0.000710336 0.000697368
2.765 0 0 0 0 0.000268883 0.000272444 0.000276903 0.000279838 0.000537739 0.000537832 0.000538651 0.000538758 0.000681127 0.000667885 0.000657176 0.000644199
2.785 0 0 0 0 0.00023678 0.000240293 0.000244752 0.000247735 0.000475622 0.000475734 0.000476553 0.00047664 0.000596882 0.000583655 0.000572945 0.000559954
2.805 0 0 0 0 0.000185129 0.000188593 0.000193053 0.000196084 0.000377326 0.000377411 0.00037823 0.000378344 0.000491958 0.000478755 0.000468045 0.00045503
2.825 0 0 0 0 0.000130506 0.000133924 0.000138384 0.00014146 0.00027002 0.000270077 0.000270896 0.000271038 0.00037357 0.000360395 0.000349685 0.000336642
2.845 0 0 0 0 7.87697e-05 8.21146e-05 8.65741e-05 8.97242e-05 0.00017004 0.00017012 0.000170939 0.000171058 0.000241598 0.000228447 0.000217737 0.00020467
2.865 0 0 0 0 3.44975e-05 3.77856e-05 4.22451e-05 4.5452e-05 7.66958e-05 7.68091e-05 7.76277e-05 7.77138e-05 0.000106108 9.29814e-05 8.22717e-05 6.91803e-05
2.885 0 0 0 0 -4.58286e-06 -1.30807e-06 3.15146e-06 6.37165e-06 -1.56272e-05 -1.5519e-05 -1.47003e-05 -1.46092e-05 -1.84652e-05 -3.15623e-05 -4.22721e-05 -5.53927e-05
2.905 0 0 0 0 -5.97711e-05 -5.65655e-05 -5.2106e-05 -4.88166e-05 -0.000118678 -0.000118573 -0.000117754 -0.00011766 -0.000138836 -0.00015191 -0.000162619 -0.000175764
2.925 0 0 0 0 -0.000130344 -0.000127269 -0.000122809 -0.00011939 -0.000232246 -0.000232126 -0.000231308 -0.000231228 -0.00026231 -0.000275365 -0.000286075 -0.000299238
2.945 0 0 0 0 -0.000183858 -0.000180841 -0.000176381 -0.000172903 -0.000334591 -0.000334485 -0.000333666 -0.000333573 -0.000379067 -0.000392097 -0.000402806 -0.000415994
2.965 0 0 0 0 -0.000200279 -0.000197213 -0.000192753 -0.000189324 -0.000397694 -0.000397612 -0.000396793 -0.000396676 -0.000471956 -0.000484958 -0.000495667 -0.000508884
2.985 0 0 0 0 -0.000187651 -0.000184522 -0.000180062 -0.000176696 -0.000406005 -0.000405908 -0.000405089 -0.000404987 -0.000518448 -0.000531435 -0.000542144 -0.000555375
3.005 0 0 0 0 -0.000158373 -0.000155206 -0.000150746 -0.000147418 -0.00036142 -0.000361292 -0.000360473 -0.000360402 -0.000489684 -0.000502679 -0.000513388 -0.000526612
3.025 0 0 0 0 -0.000120112 -0.000116916 -0.000112457 -0.000109158 -0.000276046 -0.000275925 -0.000275106 -0.000275028 -0.000372777 -0.000385797 -0.000396506 -0.000409704
3.045 0 0 0 0 -7.48032e-05 -7.159e-05 -6.71304e-05 -6.38486e-05 -0.000157405 -0.000157316 -0.000156498 -0.000156387 -0.000186027 -0.000199086 -0.000209796 -0.000222954
3.065 0 0 0 0 -1.08017e-05 -7.55995e-06 -3.10042e-06 1.52787e-07 -1.56659e-06 -1.49426e-06 -6.75631e-07 -5.48623e-07 3.91025e-05 2.59931e-05 1.52834e-05 2.17504e-06
3.085 0 0 0 0 7.071e-05 7.40042e-05 7.84637e-05 8.16645e-05 0.000175686 0.000175776 0.000176595 0.000176704 0.000262663 0.000249502 0.000238792 0.000225735
3.105 0 0 0 0 0.000139059 0.00014239 0.000146849 0.000150014 0.000322458 0.000322583 0.000323402 0.000323476 0.000436949 0.000423745 0.000413036 0.000400022
3.125 0 0 0 0 0.000164344 0.000167673 0.000172133 0.000175298 0.000386441 0.000386575 0.000387394 0.00038746 0.000523794 0.000510568 0.000499859 0.000486867
3.145 0 0 0 0 0.000141268 0.000144568 0.000149028 0.000152223 0.000351305 0.000351412 0.00035223 0.000352323 0.000502406 0.000489186 0.000478477 0.000465479
3.165 0 0 0 0 9.67895e-05 0.000100081 0.00010454 0.000107744 0.00025069 0.000250764 0.000251582 0.000251709 0.000383659 0.000370471 0.000359761 0.000346732
3.185 0 0 0 0 6.70734e-05 7.04207e-05 7.48802e-05 7.80279e-05 0.000144031 0.000144093 0.000144911 0.000145049 0.000215882 0.000202739 0.000192029 0.000178954
3.205 0 0 0 0 4.49524e-05 4.83364e-05 5.27959e-05 5.59069e-05 5.36707e-05 5.37687e-05 5.45873e-05 5.46887e-05 4.6762e-05 3.36586e-05 2.29488e-05 9.83454e-06
3.225 0 0 0 0 2.24173e-06 5.56558e-06 1.00251e-05 1.31962e-05 -3.6976e-05 -3.68345e-05 -3.60158e-05 -3.5958e-05 -9.10206e-05 -0.0001041 -0.00011481 -0.000127948
3.245 0 0 0 0 -7.34737e-05 -7.02943e-05 -6.58347e-05 -6.25192e-05 -0.00014931 -0.000149172 -0.000148354 -0.000148292 -0.00019465 -0.000207716 -0.000218425 -0.000231578
3.265 0 0 0 0 -0.000176031 -0.000173053 -0.000168593 -0.000165076 -0.000291597 -0.000291488 -0.000290669 -0.000290579 -0.000303729 -0.00031678 -0.00032749 -0.000340656
3.285 0 0 0 0 -0.000273949 -0.000271137 -0.000266677 -0.000262992 -0.000448072 -0.000447971 -0.000447153 -0.000447055 -0.00045997 -0.000472996 -0.000483706 -0.000496898
3.305 0 0 0 0 -0.000333078 -0.00033029 -0.000325828 -0.000322118 -0.000592324 -0.000592214 -0.000591395 -0.000591308 -0.000666108 -0.000679087 -0.000689798 -0.000703037
3.325 0 0 0 0 -0.000347293 -0.00034439 -0.000339932 -0.000336348 -0.000700755 -0.000700633 -0.000699815 -0.000699738 -0.000874945 -0.000887867 -0.000898576 -0.000911873
3.345 0 0 0 0 -0.000347666 -0.000344664 -0.00034021 -0.000336734 -0.000766757 -0.00076662 -0.000765806 -0.000765753 -0.00102194 -0.00103482 -0.00104553 -0.00105887
3.365 0 0 0 0 -0.000345762 -0.000342737 -0.000338283 -0.000334831 -0.000774887 -0.000774752 -0.000773938 -0.000773885 -0.00104157 -0.00105444 -0.00106516 -0.0010785
3.385 0 0 0 0 -0.000328146 -0.000325145 -0.000320691 -0.000317215 -0.000704978 -0.000704874 -0.00070406 -0.000703976 -0.000910094 -0.000922999 -0.000933711 -0.000947029
3.405 0 0 0 0 -0.000280738 -0.000277775 -0.000273321 -0.000269807 -0.000553477 -0.000553392 -0.000552578 -0.000552476 -0.000664574 -0.000677539 -0.000688251 -0.00070151
3.425 0 0 0 0 -0.000183773 -0.000180764 -0.00017631 -0.000172842 -0.000327349 -0.000327263 -0.000326449 -0.000326348 -0.000356503 -0.000369538 -0.00038025 -0.000393438
3.445 0 0 0 0 -3.35217e-05 -3.03205e-05 -2.5867e-05 -2.25915e-05 -4.50362e-05 -4.49525e-05 -4.41385e-05 -4.40353e-05 -2.07857e-05 -3.38864e-05 -4.45985e-05 -5.77211e-05
3.465 0 0 0 0 0.000130193 0.000133616 0.00013807 0.000141123 0.000251354 0.000251447 0.000252261 0.000252355 0.000315397 0.000302231 0.000291519 0.000278461
3.485 0 0 0 0 0.000258769 0.000262312 0.000266766 0.000269699 0.000510986 0.0005111 0.000511914 0.000511987 0.000629981 0.000616747 0.000606035 0.000593046
3.505 0 0 0 0 0.00033428 0.000337836 0.000342285 0.000345193 0.000697853 0.000697956 0.00069877 0.000698851 0.000897379 0.000884083 0.00087337 0.000860442
3.525 0 0 0 0 0.000369003 0.000372547 0.000376992 0.000379902 0.000804365 0.000804418 0.000805226 0.000805344 0.00108118 0.00106784 0.00105712 0.00104423
3.545 0 0 0 0 0.000381466 0.000385009 0.000389453 0.000392359 0.000841494 0.000841525 0.000842331 0.000842466 0.00114679 0.00113343 0.00112271 0.00110984
3.565 0 0 0 0 0.000368579 0.00037211 0.000376554 0.000379473 0.000804106 0.000804172 0.000804978 0.000805078 0.00107362 0.00106028 0.00104956 0.00103667
3.585 0 0 0 0 0.000322139 0.000325656 0.0003301 0.000333032 0.000680391 0.000680489 0.000681295 0.000681363 0.000878297 0.000864995 0.000854279 0.000841347
3.605 0 0 0 0 0.000240566 0.000244071 0.000248515 0.000251459 0.000480037 0.000480117 0.000480923 0.000481009 0.000606255 0.000593019 0.000582303 0.000569305
3.625 0 0 0 0 0.000125255 0.000128674 0.000133117 0.000136147 0.000235348 0.000235407 0.000236213 0.00023632 0.000300424 0.000287257 0.000276541 0.000263474
3.645 0 0 0 0 -8.95529e-06 -5.71493e-06 -1.27126e-06 1.93706e-06 -1.76528e-05 -1.75767e-05 -1.67705e-05 -1.66811e-05 -8.43432e-06 -2.15427e-05 -3.22588e-05 -4.53844e-05
3.665 0 0 0 0 -0.000140624 -0.000137571 -0.000133127 -0.000129731 -0.00026093 -0.000260829 -0.000260023 -0.000259958 -0.000305023 -0.000318077 -0.000328793 -0.000341973
3.685 0 0 0 0 -0.000255653 -0.000252727 -0.000248283 -0.00024476 -0.00048807 -0.000487969 -0.000487162 -0.000487098 -0.000584321 -0.000597318 -0.000608034 -0.000621271
3.705 0 0 0 0 -0.000341715 -0.00033884 -0.000334396 -0.000330822 -0.000678746 -0.000678659 -0.000677853 -0.000677774 -0.000830052 -0.000842992 -0.000853708 -0.000867002
3.725 0 0 0 0 -0.000384662 -0.000381774 -0.00037733 -0.000373769 -0.000797187 -0.000797103 -0.000796296 -0.000796215 -0.00100368 -0.00101658 -0.0010273 -0.00104063
3.745 0 0 0 0 -0.000388388 -0.000385477 -0.000381035 -0.0003775 -0.000827097 -0.000826992 -0.000826185 -0.000826124 -0.00106987 -0.00108275 -0.00109346 -0.00110682
3.765 0 0 0 0 -0.000358259 -0.000355319 -0.000350877 -0.000347372 -0.000768845 -0.000768731 -0.000767925 -0.000767873 -0.00100383 -0.00101673 -0.00102744 -0.00104078
3.785 0 0 0 0 -0.000296762 -0.000293775 -0.000289332 -0.000285874 -0.000629081 -0.000628987 -0.00062818 -0.000628109 -0.000806669 -0.000819608 -0.000830324 -0.00084362
3.805 0 0 0 0 -0.000212415 -0.000209393 -0.00020495 -0.000201528 -0.000425 -0.000424919 -0.000424112 -0.000424028 -0.000516854 -0.000529858 -0.000540574 -0.000553805
3.825 0 0 0 0 -0.000108347 -0.00010528 -0.000100837 -9.74602e-05 -0.000181395 -0.000181307 -0.000180501 -0.000180424 -0.000186883 -0.000199963 -0.000210679 -0.000223833
3.845 0 0 0 0 1.69676e-05 2.01578e-05 2.46002e-05 2.78546e-05 7.61855e-05 7.62681e-05 7.70744e-05 7.7157e-05 0.000141229 0.000128081 0.000117364 0.000104279
3.865 0 0 0 0 0.000166223 0.000169644 0.000174086 0.00017711 0.000341799 0.00034185 0.000342657 0.00034277 0.000457183 0.00044398 0.000433264 0.000420233
3.885 0 0 0 0 0.000326152 0.000329826 0.000334269 0.00033704 0.000618692 0.000618727 0.000619533 0.000619664 0.000771631 0.000758373 0.000747656 0.00073468
3.905 0 0 0 0 0.000452269 0.000456053 0.000460498 0.000463161 0.00087417 0.000874241 0.000875047 0.000875141 0.00107387 0.00106054 0.00104983 0.00103692
3.925 0 0 0 0 0.000506041 0.00050974 0.000514176 0.000516903 0.00104299 0.0010431 0.00104391 0.00104396 0.00131852 0.00130513 0.00129441 0.00128157
3.945 0 0 0 0 0.000483051 0.000486602 0.000491036 0.000493902 0.0010733 0.00107338 0.00107418 0.00107425 0.00143356 0.00142013 0.00140941 0.0013966
3.965 0 0 0 0 0.000406912 0.000410342 0.000414776 0.000417764 0.000960429 0.000960454 0.000961255 0.000961378 0.00135058 0.00133716 0.00132644 0.00131362
3.985 0 0 0 0 0.000308055 0.000311424 0.000315859 0.000318908 0.00073738 0.000737406 0.000738206 0.000738329 0.00105172 0.00103837 0.00102765 0.00101476
4.005 0 0 0 0 0.000188136 0.000191469 0.000195903 0.000198988 0.000426631 0.000426712 0.000427512 0.000427578 0.000578163 0.000564914 0.000554194 0.0005412
4.025 0 0 0 0 2.89147e-05 3.21773e-05 3.66113e-05 3.97664e-05 3.81453e-05 3.82685e-05 3.90687e-05 3.90926e-05 1.54964e-05 2.37179e-06 -8.34779e-06 -2.14662e-05
4.045 0 0 0 0 -0.000184309 -0.000181233 -0.000176799 -0.000173457 -0.000408831 -0.000408713 -0.000407913 -0.000407883 -0.000554277 -0.000567278 -0.000577998 -0.000591239
4.065 0 0 0 0 -0.000425057 -0.000422273 -0.000417839 -0.000414205 -0.000859901 -0.00085981 -0.00085901 -0.000858953 -0.00107433 -0.00108723 -0.00109795 -0.00111129
4.085 0 0 0 0 -0.000621625 -0.000619087 -0.000614666 -0.000610827 -0.00122968 -0.00122962 -0.00122882 -0.00122874 -0.00150046 -0.00151327 -0.00152399 -0.00153743
4.105 0 0 0 0 -0.000699605 -0.000697076 -0.000692662 -0.000688842 -0.00142758 -0.00142755 -0.00142675 -0.00142667 -0.0017738 -0.00178655 -0.00179727 -0.00181078
4.125 0 0 0 0 -0.00064729 -0.000644569 -0.000640155 -0.00063653 -0.00140756 -0.00140751 -0.00140672 -0.00140666 -0.00182972 -0.00184244 -0.00185317 -0.00186671
4.145 0 0 0 0 -0.000508009 -0.000505076 -0.000500663 -0.000497252 -0.00118084 -0.00118074 -0.00117996 -0.00117994 -0.00161402 -0.00162678 -0.00163751 -0.00165101
4.165 0 0 0 0 -0.000347834 -0.000344824 -0.000340412 -0.000337079 -0.000816446 -0.000816326 -0.000815539 -0.000815554 -0.00113775 -0.00115062 -0.00116135 -0.00117474
4.185 0 0 0 0 -0.000189865 -0.000186869 -0.000182457 -0.00017911 -0.000384065 -0.000383981 -0.000383195 -0.000383175 -0.000484133 -0.000497157 -0.000507884 -0.000521121
4.205 0 0 0 0 -1.52606e-05 -1.22318e-05 -7.8198e-06 -4.50561e-06 7.45879e-05 7.46048e-05 7.53907e-05 7.54782e-05 0.00021158 0.000198399 0.000187672 0.000174592
4.225 0 0 0 0 0.000193742 0.000196938 0.00020135 0.000204498 0.000529881 0.000529878 0.000530664 0.000530772 0.000818072 0.00080476 0.000794033 0.000781084
4.245 0 0 0 0 0.000418039 0.000421525 0.000425937 0.000428795 0.000934719 0.000934758 0.000935544 0.000935611 0.00126299 0.00124958 0.00123886 0.001226
4.265 0 0 0 0 0.000581064 0.000584783 0.000589193 0.000591807 0.00120321 0.00120331 0.0012041 0.00120411 0.00151922 0.00150577 0.00149504 0.00148223
4.285 0 0 0 0 0.000610538 0.000614281 0.00061869 0.000621274 0.00125926 0.00125937 0.00126015 0.00126015 0.00158092 0.00156745 0.00155673 0.00154393
4.305 0 0 0 0 0.000520132 0.000523753 0.00052816 0.000530864 0.00111428 0.00111432 0.00111511 0.00111517 0.00146342 0.00144998 0.00143925 0.00142643
4.325 0 0 0 0 0.000364409 0.000367841 0.000372248 0.00037514 0.000834332 0.000834319 0.000835106 0.000835224 0.00116924 0.00115586 0.00114514 0.00113225
4.345 0 0 0 0 0.000183644 0.000186863 0.00019127 0.000194374 0.000472257 0.000472283 0.000473069 0.000473147 0.000700568 0.000687284 0.000676556 0.000663579
4.365 0 0 0 0 9.22427e-07 4.00374e-06 8.41058e-06 1.16528e-05 5.40454e-05 5.41349e-05 5.49211e-05 5.49359e-05 0.000106067 9.2907e-05 8.21789e-05 6.90759e-05
4.385 0 0 0 0 -0.000169572 -0.000166503 -0.000162097 -0.000158842 -0.000380823 -0.000380745 -0.000379959 -0.000379933 -0.000509152 -0.000522164 -0.000532892 -0.000546142
4.405 0 0 0 0 -0.000319619 -0.000316552 -0.000312145 -0.000308889 -0.000757638 -0.000757603 -0.000756817 -0.000756746 -0.00102189 -0.00103477 -0.0010455 -0.00105888
4.425 0 0 0 0 -0.000429804 -0.000426829 -0.000422422 -0.000419074 -0.000993387 -0.000993349 -0.000992562 -0.000992495 -0.00132911 -0.00134193 -0.00135266 -0.0013661
4.445 0 0 0 0 -0.00048663 -0.000483815 -0.000479408 -0.000475898 -0.00106201 -0.00106193 -0.00106114 -0.00106112 -0.00139622 -0.00140904 -0.00141976 -0.00143321
4.465 0 0 0 0 -0.000481211 -0.000478504 -0.000474097 -0.000470479 -0.000988335 -0.000988244 -0.000987458 -0.000987443 -0.00125496 -0.00126782 -0.00127855 -0.00129195
4.485 0 0 0 0 -0.000405864 -0.00040312 -0.000398713 -0.000395133 -0.000799511 -0.000799461 -0.000798674 -0.00079862 -0.000968597 -0.00098152 -0.000992248 -0.00100559
4.505 0 0 0 0 -0.00027489 -0.000272025 -0.000267618 -0.00026416 -0.00052389 -0.000523852 -0.000523065 -0.000523 -0.000609604 -0.000622603 -0.000633331 -0.000646594
4.525 0 0 0 0 -0.000119323 -0.000116323 -0.000111917 -0.000108592 -0.000208511 -0.000208431 -0.000207645 -0.000207621 -0.000234637 -0.000247721 -0.000258449 -0.000271628
4.545 0 0 0 0 2.40847e-05 2.72155e-05 3.1622e-05 3.48146e-05 8.18227e-05 8.19291e-05 8.27152e-05 8.27129e-05 0.000116168 0.000103008 9.22799e-05 7.91779e-05
4.565 0 0 0 0 0.000112222 0.000115413 0.00011982 0.000122951 0.000281654 0.000281746 0.000282532 0.000282544 0.000391165 0.000377945 0.000367217 0.000354175
4.585 0 0 0 0 0.000127889 0.000131031 0.000135438 0.000138619 0.000357752 0.000357823 0.000358609 0.000358643 0.000534413 0.000521157 0.000510429 0.000497422
4.605 0 0 0 0 0.000105674 0.000108776 0.000113183 0.000116403 0.000329704 0.000329752 0.000330538 0.000330595 0.000525097 0.000511844 0.000501116 0.000488107
4.625 0 0 0 0 7.81407e-05 8.12904e-05 8.56969e-05 8.88704e-05 0.000234126 0.000234161 0.000234947 0.000235016 0.000377399 0.000364186 0.000353458 0.000340409
4.645 0 0 0 0 6.30181e-05 6.62968e-05 7.07033e-05 7.37478e-05 0.000118494 0.000118531 0.000119317 0.000119384 0.000159542 0.00014639 0.000135662 0.000122552
4.665 0 0 0 0 7.21624e-05 7.56161e-05 8.00226e-05 8.2892e-05 4.27479e-05 4.27793e-05 4.35653e-05 4.36382e-05 -1.28446e-05 -2.59415e-05 -3.66694e-05 -4.98349e-05
4.685 0 0 0 0 8.60158e-05 8.95405e-05 9.3947e-05 9.67454e-05 3.54657e-05 3.55038e-05 3.62899e-05 3.63559e-05 -5.52825e-05 -6.83647e-05 -7.90926e-05 -9.22728e-05
4.705 0 0 0 0 9.96059e-05 0.000103069 0.000107476 0.000110336 0.000104488 0.000104532 0.000105318 0.000105378 6.37441e-05 5.06283e-05 3.99004e-05 2.67538e-05
4.725 0 0 0 0 0.000123749 0.000127104 0.000131511 0.000134478 0.000235198 0.000235228 0.000236014 0.000236088 0.000303617 0.000290438 0.00027971 0.000266627
4.745 0 0 0 0 0.000154384 0.000157627 0.000162033 0.000165114 0.000381024 0.000381054 0.00038184 0.000381914 0.000557483 0.000544234 0.000533506 0.000520492
4.765 0 0 0 0 0.00018758 0.000190773 0.00019518 0.000198311 0.00049086 0.000490908 0.000491694 0.000491751 0.000722741 0.000709447 0.000698719 0.000685751
4.785 0 0 0 0 0.00022699 0.000230277 0.000234683 0.00023772 0.000540355 0.0005404 0.000541186 0.000541246 0.000760184 0.000746888 0.00073616 0.000723194
4.805 0 0 0 0 0.0002581 0.000261552 0.000265958 0.00026883 0.000529769 0.000529802 0.000530588 0.000530659 0.000689764 0.000676499 0.000665771 0.000652774
4.825 0 0 0 0 0.000261559 0.000265111 0.000269517 0.00027229 0.00047846 0.000478501 0.000479288 0.000479351 0.000572093 0.000558862 0.000548134 0.000535102
4.845 0 0 0 0 0.000233682 0.00023722 0.000241626 0.000244412 0.000409468 0.000409519 0.000410305 0.000410359 0.000470736 0.000457528 0.0004468 0.000433746
4.865 0 0 0 0 0.000213409 0.000216943 0.00022135 0.00022414 0.000370976 0.000370986 0.000371772 0.000371866 0.000444164 0.000430966 0.000420238 0.000407174
4.885 0 0 0 0 0.000250562 0.000254195 0.000258601 0.000261292 0.000430121 0.000430071 0.000430857 0.000431011 0.000533513 0.000520307 0.00050958 0.000496522
4.905 0 0 0 0 0.000359528 0.000363314 0.00036772 0.000370259 0.000625498 0.00062545 0.000626237 0.000626389 0.000755282 0.000742035 0.000731307 0.000718292
4.925 0 0 0 0 0.000516624 0.000520556 0.000524963 0.000527357 0.000934009 0.000934017 0.000934803 0.0009349 0.00110642 0.0010931 0.00108237 0.00106943
4.945 0 0 0 0 0.000660923 0.000664916 0.000669326 0.00067166 0.00126399 0.00126404 0.00126483 0.00126489 0.00153288 0.00151945 0.00150873 0.00149589
4.965 0 0 0 0 0.000752357 0.000756294 0.00076069 0.000763043 0.00152814 0.00152815 0.00152894 0.00152901 0.00194249 0.00192896 0.00191823 0.0019055
4.985 0 0 0 0 0.000783937 0.000787764 0.000792153 0.000794591 0.00167717 0.00167712 0.0016779 0.001678 0.00222001 0.00220641 0.00219567 0.002183
5.005 0 0 0 0 0.000761733 0.000765443 0.000769831 0.000772383 0.00168187 0.00168183 0.0016826 0.00168269 0.00226222 0.00224859 0.00223785 0.0022252
5.025 0 0 0 0 0.000683834 0.000687458 0.000691845 0.000694481 0.0015132 0.00151321 0.00151398 0.00151402 0.00201911 0.00200553 0.00199479 0.00198209
5.045 0 0 0 0 0.000514439 0.000517933 0.00052232 0.000525086 0.00113199 0.00113205 0.00113282 0.00113281 0.00148735 0.00147388 0.00146314 0.00145033
5.065 0 0 0 0 0.000210715 0.000213889 0.000218276 0.00022136 0.00051221 0.000512302 0.00051307 0.000513029 0.000690429 0.00067712 0.000666384 0.000653411
5.085 0 0 0 0 -0.000214361 -0.000211676 -0.000207289 -0.000203723 -0.000316388 -0.000316291 -0.000315522 -0.000315569 -0.00032201 -0.000335114 -0.000345849 -0.000359027
5.105 0 0 0 0 -0.000680321 -0.000678095 -0.000673708 -0.000669661 -0.00125043 -0.00125036 -0.0012496 -0.00124961 -0.0014672 -0.00148007 -0.0014908 -0.00150422
5.125 0 0 0 0 -0.00109434 -0.00109247 -0.00108811 -0.00108383 -0.00214527 -0.00214524 -0.00214447 -0.00214448 -0.00262549 -0.0026381 -0.00264884 -0.00266251
5.145 0 0 0 0 -0.00140914 -0.0014075 -0.00140318 -0.00139882 -0.00287925 -0.00287921 -0.00287848 -0.00287859 -0.00364796 -0.00366035 -0.00367111 -0.00368504
5.165 0 0 0 0 -0.00163503 -0.0016336 -0.00162933 -0.00162488 -0.00340215 -0.00340208 -0.00340138 -0.00340162 -0.00439621 -0.00440845 -0.00441921 -0.00443333
5.185 0 0 0 0 -0.00178488 -0.00178366 -0.0017794 -0.00177484 -0.00370028 -0.00370021 -0.00369952 -0.00369981 -0.00477377 -0.00478593 -0.0047967 -0.0048109
5.205 0 0 0 0 -0.00184591 -0.00184484 -0.00184059 -0.00183589 -0.00375732 -0.0037573 -0.00375661 -0.00375685 -0.00476275 -0.00477492 -0.00478569 -0.00479988
5.225 0 0 0 0 -0.00175872 -0.00175763 -0.00175338 -0.00174871 -0.0035239 -0.00352394 -0.00352326 -0.00352343 -0.00438911 -0.00440136 -0.00441213 -0.00442624
5.245 0 0 0 0 -0.0014585 -0.00145703 -0.00145278 -0.00144849 -0.00294533 -0.00294542 -0.00294474 -0.00294487 -0.00367075 -0.00368314 -0.00369391 -0.00370788
5.265 0 0 0 0 -0.000979011 -0.000976939 -0.000972692 -0.000969008 -0.0020543 -0.00205436 -0.00205368 -0.00205384 -0.00263831 -0.0026509 -0.00266167 -0.00267544
5.285 0 0 0 0 -0.000433226 -0.000430581 -0.000426334 -0.000423227 -0.000979979 -0.000979982 -0.000979304 -0.000979526 -0.00134902 -0.00136189 -0.00137266 -0.00138616
5.305 0 0 0 0 9.00913e-05 9.31903e-05 9.74377e-05 0.000100093 0.000134536 0.000134506 0.000135183 0.000134987 0.000105501 9.23187e-05 8.155e-05 6.83666e-05
5.325 0 0 0 0 0.000571321 0.000574811 0.000579064 0.000581341 0.00120533 0.00120517 0.00120585 0.00120578 0.00158682 0.00157333 0.00156256 0.00154969
5.345 0 0 0 0 0.00101918 0.00102297 0.0010272 0.00102909 0.00218868 0.00218843 0.0021891 0.0021891 0.00292118 0.00290739 0.00289662 0.00288403
5.365 0 0 0 0 0.00144266 0.00144678 0.00145096 0.00145235 0.00304187 0.00304158 0.00304221 0.00304215 0.00397804 0.00396401 0.00395322 0.00394085
5.385 0 0 0 0 0.00179123 0.0017957 0.00179983 0.0018007 0.00367521 0.00367493 0.00367554 0.0036754 0.00468509 0.00467091 0.00466012 0.00464788
5.405 0 0 0 0 0.001945 0.0019496 0.0019537 0.00195435 0.00395421 0.00395397 0.00395457 0.00395437 0.00498382 0.00496958 0.00495878 0.0049466
5.425 0 0 0 0 0.00181754 0.00182186 0.00182597 0.00182689 0.00377397 0.00377375 0.00377435 0.00377412 0.00481357 0.00479934 0.00478855 0.00477636
5.445 0 0 0 0 0.00141956 0.00142325 0.00142735 0.0014289 0.00310723 0.00310699 0.00310759 0.00310738 0.00410528 0.00409117 0.00408038 0.00406806
5.465 0 0 0 0 0.000822139 0.000825053 0.000829155 0.000831474 0.00199466 0.00199441 0.00199501 0.0019948 0.00279993 0.00278607 0.00277528 0.00276271
5.485 0 0 0 0 0.000114393 0.00011661 0.000120713 0.000123729 0.000534558 0.000534342 0.00053494 0.000534694 0.00093135 0.000917888 0.000907092 0.000894126
5.505 0 0 0 0 -0.000634343 -0.000632641 -0.000628536 -0.000624989 -0.00113429 -0.00113444 -0.00113384 -0.00113415 -0.00131929 -0.00133226 -0.00134306 -0.00135651
5.525 0 0 0 0 -0.00139469 -0.00139349 -0.00138941 -0.00138537 -0.00285627 -0.00285635 -0.00285574 -0.00285611 -0.00366091 -0.00367336 -0.00368415 -0.00369813
5.545 0 0 0 0 -0.00213363 -0.00213309 -0.00212901 -0.00212448 -0.00445798 -0.00445808 -0.00445751 -0.00445798 -0.00577186 -0.00578387 -0.00579467 -0.00580912
5.565 0 0 0 0 -0.00275999 -0.00276026 -0.00275631 -0.0027515 -0.00573823 -0.00573847 -0.00573799 -0.00573857 -0.00737204 -0.00738372 -0.00739456 -0.00740939
5.585 0 0 0 0 -0.00314387 -0.0031447 -0.00314087 -0.0031359 -0.0064938 -0.00649416 -0.00649374 -0.00649435 -0.00827032 -0.00828182 -0.00829266 -0.00830771
5.605 0 0 0 0 -0.00318065 -0.00318151 -0.00317769 -0.00317275 -0.00657529 -0.0065757 -0.00657528 -0.00657587 -0.00836517 -0.00837665 -0.0083875 -0.00840258
5.625 0 0 0 0 -0.0028372 -0.00283764 -0.00283383 -0.00282932 -0.00593347 -0.00593386 -0.00593345 -0.00593406 -0.00761512 -0.00762675 -0.00763759 -0.00765252
5.645 0 0 0 0 -0.00214893 -0.00214854 -0.00214474 -0.00214106 -0.00461067 -0.00461108 -0.00461067 -0.00461128 -0.00601684 -0.00602879 -0.00603964 -0.00605425
5.665 0 0 0 0 -0.00122337 -0.00122203 -0.00121824 -0.00121553 -0.00274052 -0.00274098 -0.00274057 -0.00274116 -0.00366189 -0.00367433 -0.00368518 -0.0036993
5.685 0 0 0 0 -0.000185393 -0.00018316 -0.000179365 -0.000177546 -0.000522971 -0.000523469 -0.00052306 -0.000523609 -0.000769185 -0.000782247 -0.0007931 -0.000806602
5.705 0 0 0 0 0.000859315 0.000862268 0.00086609 0.000867266 0.00179105 0.00179053 0.00179094 0.00179044 0.00231454 0.0023008 0.00228995 0.00227712
5.725 0 0 0 0 0.00181733 0.00182098 0.00182478 0.00182524 0.00392111 0.00392053 0.00392093 0.00392045 0.00516291 0.00514854 0.0051377 0.00512551
5.745 0 0 0 0 0.00263096 0.00263493 0.00263856 0.00263804 0.00564313 0.00564226 0.00564252 0.00564192 0.00741152 0.00739659 0.00738571 0.00737395
5.765 0 0 0 0 0.00323529 0.00323969 0.00324318 0.0032417 0.00680602 0.00680499 0.0068052 0.00680453 0.00883378 0.00881853 0.00880762 0.00879613
5.785 0 0 0 0 0.00354335 0.00354809 0.00355152 0.00354944 0.00731237 0.00731132 0.00731151 0.00731079 0.00935538 0.00934004 0.00932913 0.00931772
5.805 0 0 0 0 0.00350037 0.00350521 0.00350865 0.00350647 0.00713268 0.00713166 0.00713184 0.00713109 0.00903736 0.00902211 0.00901119 0.0089997
5.825 0 0 0 0 0.0030955 0.00309994 0.00310338 0.00310157 0.00629883 0.0062978 0.00629797 0.00629722 0.00798375 0.00796872 0.0079578 0.00794609
5.845 0 0 0 0 0.00236759 0.00237116 0.00237458 0.00237362 0.00489282 0.00489179 0.00489195 0.00489118 0.00627805 0.00626335 0.00625243 0.00624038
5.865 0 0 0 0 0.00141596 0.0014184 0.00142181 0.00142195 0.00304073 0.00303974 0.0030399 0.00303907 0.00400411 0.00398987 0.00397894 0.00396643
5.885 0 0 0 0 0.000402129 0.000403601 0.000407004 0.000408109 0.000944504 0.000943518 0.000943673 0.000942832 0.00133772 0.00132405 0.00131312 0.00130004
5.905 0 0 0 0 -0.000543866 -0.000542961 -0.000539541 -0.000537772 -0.0011494 -0.00115036 -0.00115021 -0.00115105 -0.00143933 -0.00145239 -0.00146332 -0.00147702
5.925 0 0 0 0 -0.00138969 -0.00138943 -0.00138606 -0.00138367 -0.00303802 -0.00303889 -0.00303873 -0.00303966 -0.00400335 -0.00401585 -0.00402677 -0.00404102
5.945 0 0 0 0 -0.00212018 -0.00212063 -0.00211723 -0.00211413 -0.00457843 -0.00457918 -0.00457902 -0.00458007 -0.00604258 -0.00605466 -0.00606557 -0.00608024
5.965 0 0 0 0 -0.00266386 -0.00266488 -0.00266144 -0.00265774 -0.00564056 -0.00564133 -0.00564118 -0.00564221 -0.00732831 -0.00734012 -0.00735104 -0.00736597
5.985 0 0 0 0 -0.00293498 -0.00293637 -0.00293293 -0.00292886 -0.00610345 -0.0061043 -0.00610415 -0.00610507 -0.00778554 -0.00779725 -0.00780817 -0.0078232
6.005 0 0 0 0 -0.00284309 -0.00284446 -0.00284102 -0.00283697 -0.00586487 -0.00586576 -0.00586561 -0.0058665 -0.00742499 -0.00743678 -0.0074477 -0.00746264
6.025 0 0 0 0 -0.00235165 -0.00235247 -0.00234904 -0.00234555 -0.00491032 -0.00491118 -0.00491103 -0.00491196 -0.00628028 -0.00629231 -0.00630323 -0.00631794
6.045 0 0 0 0 -0.0015574 -0.00155732 -0.0015539 -0.00155133 -0.00337213 -0.00337296 -0.00337282 -0.00337379 -0.00443398 -0.00444639 -0.00445731 -0.00447164
6.065 0 0 0 0 -0.000616534 -0.00061552 -0.000612106 -0.000610492 -0.00145915 -0.00146 -0.00145986 -0.00146082 -0.0020267 -0.00203962 -0.00205054 -0.00206437
6.085 0 0 0 0 0.00034873 0.000350574 0.000353993 0.000354815 0.000618154 0.000617245 0.000617384 0.000616498 0.000715837 0.000702327 0.000691404 0.000678157
6.105 0 0 0 0 0.00128726 0.00128977 0.00129316 0.00129326 0.00268343 0.00268242 0.00268256 0.00268178 0.00349267 0.00347856 0.00346763 0.00345499
6.125 0 0 0 0 0.00218076 0.0021841 0.0021875 0.00218682 0.00458674 0.00458564 0.00458577 0.00458506 0.00599164 0.00597701 0.0059661 0.00595399
6.145 0 0 0 0 0.00296808 0.00297224 0.00297568 0.00297418 0.00616489 0.00616379 0.00616394 0.00616325 0.00795499 0.00793995 0.00792903 0.00791733
6.165 0 0 0 0 0.00355622 0.00356111 0.00356454 0.00356231 0.00726683 0.00726576 0.00726595 0.00726525 0.00924763 0.00923233 0.00922142 0.00920997
6.185 0 0 0 0 0.00384034 0.00384546 0.0038488 0.00384604 0.00777377 0.00777268 0.00777284 0.00777211 0.00982276 0.00980735 0.00979643 0.00978509
6.205 0 0 0 0 0.00374921 0.0037542 0.00375756 0.00375495 0.00761967 0.00761858 0.00761874 0.00761802 0.0096567 0.00964132 0.0096304 0.00961903
6.225 0 0 0 0 0.00328927 0.00329358 0.00329695 0.003295 0.00680137 0.00680028 0.00680044 0.00679969 0.00872189 0.00870668 0.00869576 0.00868422
6.245 0 0 0 0 0.00250709 0.00251035 0.00251371 0.00251278 0.00534147 0.00534043 0.00534057 0.00533976 0.00697488 0.00696 0.00694908 0.0069372
6.265 0 0 0 0 0.00144497 0.00144696 0.0014503 0.00145062 0.00326726 0.00326631 0.00326644 0.00326551 0.00439413 0.00437976 0.00436884 0.00435645
6.285 0 0 0 0 0.000195294 0.000196032 0.000199374 0.00020094 0.000695817 0.000694933 0.000695062 0.000694052 0.0011064 0.00109272 0.00108179 0.00106871
6.305 0 0 0 0 -0.00110325 -0.0011034 -0.00110006 -0.00109757 -0.00211548 -0.00211635 -0.00211621 -0.00211718 -0.00256588 -0.00257876 -0.00258969 -0.00260358
6.325 0 0 0 0 -0.00231997 -0.00232097 -0.00231762 -0.00231421 -0.00481893 -0.0048198 -0.00481968 -0.00482068 -0.00616143 -0.00617349 -0.0061844 -0.00619907
6.345 0 0 0 0 -0.00335292 -0.00335475 -0.0033514 -0.00334725 -0.00708571 -0.00708652 -0.00708638 -0.00708755 -0.00919156 -0.00920299 -0.00921393 -0.0092293
6.365 0 0 0 0 -0.00412005 -0.00412313 -0.00412012 -0.00411587 -0.00868452 -0.00868555 -0.00868564 -0.00868722 -0.0112689 -0.0112799 -0.0112909 -0.0113068
6.385 0 0 0 0 -0.00455271 -0.00455626 -0.00455337 -0.00454858 -0.00948209 -0.00948322 -0.00948339 -0.00948507 -0.0121946 -0.0122055 -0.0122165 -0.0122326
6.405 0 0 0 0 -0.00460978 -0.00461362 -0.00461073 -0.00460562 -0.00943726 -0.00943841 -0.00943857 -0.00944021 -0.0119892 -0.0120001 -0.0120111 -0.0120272
6.425 0 0 0 0 -0.0042479 -0.00425163 -0.00424875 -0.00424382 -0.008576 -0.00857717 -0.00857733 -0.00857897 -0.0107959 -0.0108072 -0.0108182 -0.0108339
6.445 0 0 0 0 -0.00343004 -0.00343291 -0.00343005 -0.0034261 -0.00694977 -0.00695103 -0.0069512 -0.00695278 -0.00875105 -0.00876271 -0.00877372 -0.00878906
6.465 0 0 0 0 -0.00222888 -0.00223033 -0.00222748 -0.00222512 -0.00466266 -0.00466403 -0.00466422 -0.00466573 -0.00597342 -0.00598562 -0.00599663 -0.00601143
6.485 0 0 0 0 -0.000837592 -0.000837603 -0.000834776 -0.000834015 -0.0019228 -0.00192418 -0.00192438 -0.00192591 -0.00261682 -0.00262971 -0.00264072 -0.00265483
6.505 0 0 0 0 0.000543114 0.000544297 0.000547154 0.000546771 0.000970545 0.000969228 0.000969028 0.000967479 0.00107816 0.00106448 0.00105346 0.00104014
6.525 0 0 0 0 0.001799 0.00180112 0.00180391 0.00180241 0.00372105 0.00371961 0.00371942 0.00371801 0.00475849 0.00474402 0.00473301 0.0047205
6.545 0 0 0 0 0.0028955 0.00289853 0.00290146 0.00289909 0.00611915 0.00611753 0.00611735 0.00611617 0.00800754 0.00799238 0.00798137 0.00796955
6.565 0 0 0 0 0.00380588 0.00380973 0.00381262 0.00380935 0.00801548 0.00801364 0.0080134 0.00801218 0.0104584 0.0104427 0.0104316 0.0104203
6.585 0 0 0 0 0.00447148 0.00447585 0.00447844 0.00447423 0.00926971 0.00926777 0.00926744 0.00926599 0.0119127 0.0118967 0.0118856 0.0118746
6.605 0 0 0 0 0.00480662 0.00481159 0.00481408 0.00480936 0.00976379 0.00976187 0.00976151 0.00976002 0.012359 0.0123428 0.0123318 0.0123208
6.625 0 0 0 0 0.00473065 0.00473584 0.00473835 0.00473343 0.0094671 0.0094651 0.00946473 0.0094633 0.0118983 0.0118823 0.0118712 0.0118601
6.645 0 0 0 0 0.00423236 0.00423701 0.00423954 0.00423509 0.00846585 0.00846382 0.00846344 0.00846202 0.0106646 0.0106489 0.0106378 0.0106264
6.665 0 0 0 0 0.00343332 0.00343693 0.00343945 0.0034359 0.00693353 0.00693152 0.00693114 0.00692967 0.00880639 0.00879103 0.00877996 0.00876819
6.685 0 0 0 0 0.00251789 0.00252049 0.002523 0.00252028 0.00508368 0.00508165 0.00508125 0.00507977 0.00649523 0.00648035 0.00646929 0.00645703
6.705 0 0 0 0 0.00161689 0.0016187 0.00162119 0.00161912 0.00313621 0.00313418 0.00313377 0.00313225 0.0039483 0.00393397 0.0039229 0.00391009
6.725 0 0 0 0 0.000774943 0.000776097 0.000778585 0.000777106 0.00127685 0.00127492 0.00127451 0.00127289 0.00143794 0.00142415 0.00141308 0.00139972
6.745 0 0 0 0 9.59623e-06 1.00776e-05 1.25675e-05 1.18307e-05 -0.000358724 -0.000360485 -0.000360893 -0.000362635 -0.000742381 -0.000755724 -0.000766801 -0.000780614
6.765 0 0 0 0 -0.00063978 -0.000639797 -0.000637233 -0.000637401 -0.00166014 -0.0016619 -0.0016623 -0.00166402 -0.00236482 -0.00237782 -0.00238889 -0.00240304
6.785 0 0 0 0 -0.00108902 -0.00108963 -0.00108713 -0.00108672 -0.00249587 -0.00249773 -0.00249812 -0.00249977 -0.00330834 -0.00332114 -0.00333221 -0.00334656
6.805 0 0 0 0 -0.00123999 -0.00124087 -0.0012384 -0.00123777 -0.0027376 -0.00273949 -0.0027399 -0.00274151 -0.00353988 -0.00355264 -0.0035637 -0.00357809
6.825 0 0 0 0 -0.00105265 -0.00105337 -0.0010509 -0.00105042 -0.0023546 -0.00235644 -0.00235685 -0.00235852 -0.00308461 -0.00309748 -0.00310854 -0.00312282
6.845 0 0 0 0 -0.000571546 -0.000571712 -0.000569234 -0.000569276 -0.00142924 -0.00143104 -0.00143144 -0.00143316 -0.00199093 -0.00200402 -0.00201509 -0.00202914
6.865 0 0 0 0 8.93687e-05 8.99356e-05 9.24171e-05 9.16884e-05 -0.000111821 -0.000113634 -0.000114038 -0.000115737 -0.0003506 -0.000364027 -0.000375097 -0.000388818
6.885 0 0 0 0 0.00078278 0.000783833 0.000786341 0.00078519 0.00139892 0.0013971 0.0013967 0.00139503 0.00163834 0.00162447 0.0016134 0.00160011
6.905 0 0 0 0 0.00138537 0.00138665 0.00138915 0.00138781 0.00285527 0.00285347 0.00285307 0.00285136 0.00364996 0.00363563 0.00362456 0.00361175
6.925 0 0 0 0 0.00186522 0.00186665 0.00186914 0.00186767 0.00403937 0.00403755 0.00403714 0.00403546 0.00532918 0.00531446 0.0053034 0.00529098
6.945 0 0 0 0 0.00222903 0.00223081 0.0022333 0.00223153 0.0048221 0.00482019 0.00481978 0.0048182 0.00639513 0.00638019 0.00636913 0.00635693
6.965 0 0 0 0 0.00243003 0.00243219 0.00243471 0.00243258 0.00513247 0.00513056 0.00513015 0.00512858 0.00670092 0.00668594 0.00667488 0.00666272
6.985 0 0 0 0 0.00239201 0.00239429 0.00239681 0.00239455 0.00492367 0.00492187 0.00492146 0.00491976 0.00627021 0.00625532 0.00624426 0.00623201
7.005 0 0 0 0 0.00205659 0.00205858 0.0020611 0.00205907 0.00417072 0.004169 0.00416858 0.00416681 0.00522906 0.00521439 0.00520333 0.00519085
7.025 0 0 0 0 0.00142679 0.00142807 0.00143058 0.00142917 0.00292191 0.00292013 0.00291971 0.00291796 0.00370709 0.00369275 0.00368168 0.00366889
7.045 0 0 0 0 0.000594734 0.000595031 0.000597532 0.000597059 0.00132584 0.00132402 0.0013236 0.00132189 0.00180695 0.00179299 0.00178192 0.00176873
7.065 0 0 0 0 -0.000302243 -0.00030294 -0.000300442 -0.000299906 -0.000434947 -0.000436721 -0.000437141 -0.000438893 -0.000372098 -0.000385619 -0.00039669 -0.000410316
7.085 0 0 0 0 -0.00114023 -0.0011417 -0.00113922 -0.00113801 -0.00219534 -0.00219703 -0.00219743 -0.00219925 -0.00267075 -0.00268379 -0.00269486 -0.00270898
7.105 0 0 0 0 -0.00183556 -0.00183748 -0.001835 -0.00183332 -0.0037832 -0.00378485 -0.00378527 -0.00378714 -0.00482571 -0.00483825 -0.00484931 -0.00486389
7.125 0 0 0 0 -0.00237999 -0.00238211 -0.00237959 -0.0023776 -0.00504422 -0.00504584 -0.00504624 -0.00504811 -0.00655148 -0.00656364 -0.00657471 -0.00658968
7.145 0 0 0 0 -0.00279862 -0.00280122 -0.00279869 -0.00279622 -0.0058903 -0.00589181 -0.00589223 -0.00589418 -0.007648 -0.00765994 -0.007671 -0.00768619
7.165 0 0 0 0 -0.00302722 -0.00303022 -0.00302769 -0.00302479 -0.00624708 -0.00624859 -0.00624901 -0.00625096 -0.00800397 -0.00801586 -0.00802692 -0.00804217
7.185 0 0 0 0 -0.00296725 -0.00297027 -0.00296773 -0.00296482 -0.00604478 -0.00604642 -0.00604683 -0.00604866 -0.00762404 -0.00763601 -0.00764707 -0.00766224
7.205 0 0 0 0 -0.00260422 -0.00260692 -0.00260438 -0.00260184 -0.00527985 -0.00528154 -0.00528196 -0.00528375 -0.00662203 -0.00663421 -0.00664527 -0.00666023
7.225 0 0 0 0 -0.0020183 -0.00202053 -0.00201801 -0.002016 -0.00407564 -0.00407722 -0.00407764 -0.00407956 -0.00515488 -0.00516738 -0.00517844 -0.00519308
7.245 0 0 0 0 -0.00134856 -0.00135024 -0.00134773 -0.00134633 -0.00267586 -0.00267736 -0.00267779 -0.00267981 -0.00340871 -0.0034216 -0.00343266 -0.00344691
7.265 0 0 0 0 -0.000736721 -0.000737918 -0.000735412 -0.000734473 -0.00133758 -0.00133915 -0.00133957 -0.00134152 -0.00162074 -0.00163402 -0.00164509 -0.00165895
7.285 0 0 0 0 -0.000259277 -0.000260116 -0.000257613 -0.000256954 -0.000227808 -0.000229471 -0.000229898 -0.000231731 -5.79382e-05 -7.1557e-05 -8.26269e-05 -9.61539e-05
7.305 0 0 0 0 7.94149e-05 7.87143e-05 8.1204e-05 8.17813e-05 0.000566571 0.000564871 0.000564443 0.000562658 0.001043 0.00102914 0.00101807 0.00100479
7.325 0 0 0 0 0.000292338 0.000291833 0.00029432 0.000294732 0.000986129 0.000984467 0.000984062 0.000982247 0.00154345 0.00152948 0.00151841 0.00150524
7.345 0 0 0 0 0.000372727 0.000372551 0.000375066 0.000375174 0.00100877 0.00100711 0.00100671 0.00100489 0.00145146 0.00143754 0.00142647 0.00141325
7.365 0 0 0 0 0.00029243 0.000292486 0.000295008 0.000294885 0.000675486 0.000673798 0.00067339 0.000671594 0.000900337 0.000886561 0.000875491 0.00086212
7.385 0 0 0 0 2.80065e-07 1.01966e-07 2.61965e-06 2.70302e-06 3.32206e-05 3.15787e-05 3.11661e-05 2.933e-05 3.1312e-05 1.77214e-05 6.65062e-06 -6.90647e-06
7.405 0 0 0 0 -0.00050174 -0.000502607 -0.000500081 -0.000499311 -0.000884353 -0.000885916 -0.000886332 -0.000888254 -0.00106844 -0.00108183 -0.0010929 -0.00110666
7.425 0 0 0 0 -0.00111029 -0.00111198 -0.00110946 -0.00110795 -0.00200028 -0.00200187 -0.00200228 -0.00200417 -0.00235028 -0.00236341 -0.00237449 -0.00238849
7.445 0 0 0 0 -0.00168572 -0.00168796 -0.00168545 -0.00168341 -0.00316228 -0.00316397 -0.00316439 -0.00316619 -0.00375745 -0.00377028 -0.00378134 -0.00379565
7.465 0 0 0 0 -0.00211511 -0.00211755 -0.00211504 -0.00211279 -0.00417233 -0.00417402 -0.00417444 -0.00417625 -0.0051415 -0.00515401 -0.00516507 -0.00517969
7.485 0 0 0 0 -0.002355 -0.00235734 -0.00235482 -0.00235262 -0.00487352 -0.00487511 -0.00487552 -0.00487741 -0.00624927 -0.00626151 -0.00627258 -0.00628746
7.505 0 0 0 0 -0.00240962 -0.00241172 -0.00240918 -0.00240721 -0.00516592 -0.00516747 -0.00516788 -0.00516982 -0.00678905 -0.00680115 -0.00681221 -0.00682724
7.525 0 0 0 0 -0.00229434 -0.00229621 -0.00229367 -0.00229195 -0.0049789 -0.00498052 -0.00498093 -0.0049828 -0.00655967 -0.0065718 -0.00658286 -0.00659786
7.545 0 0 0 0 -0.00201423 -0.002016 -0.00201347 -0.00201187 -0.00428624 -0.00428794 -0.00428836 -0.00429016 -0.0055538 -0.00556616 -0.00557723 -0.005592
7.565 0 0 0 0 -0.00156862 -0.00157033 -0.00156781 -0.00156631 -0.00316354 -0.00316524 -0.00316566 -0.00316749 -0.00396677 -0.00397951 -0.00399057 -0.00400497
7.585 0 0 0 0 -0.000944462 -0.000945795 -0.000943284 -0.000942169 -0.00175441 -0.00175612 -0.00175654 -0.00175836 -0.00207362 -0.00208677 -0.00209784 -0.00211182
7.605 0 0 0 0 -0.000198693 -0.000199198 -0.000196683 -0.000196326 -0.000240467 -0.000242209 -0.000242635 -0.000244386 -0.000149944 -0.000163506 -0.000174576 -0.000188159
7.625 0 0 0 0 0.000533985 0.000534277 0.000536818 0.000536512 0.00118848 0.00118675 0.00118632 0.00118456 0.00158921 0.00157529 0.00156422 0.00155098
7.645 0 0 0 0 0.00111867 0.00111949 0.00112196 0.00112101 0.00235344 0.00235176 0.00235135 0.00234954 0.00300719 0.00299297 0.0029819 0.00296898
7.665 0 0 0 0 0.00148451 0.0014857 0.00148817 0.00148688 0.00312404 0.00312233 0.00312194 0.00312016 0.0040117 0.00399727 0.00398621 0.0039735
7.685 0 0 0 0 0.00165979 0.00166125 0.00166375 0.00166224 0.00349581 0.00349394 0.00349353 0.00349189 0.0045578 0.00454328 0.00453222 0.00451961
7.705 0 0 0 0 0.00170299 0.0017046 0.0017071 0.00170545 0.00355205 0.0035501 0.00354969 0.00354813 0.00464073 0.00462621 0.00461514 0.00460254
7.725 0 0 0 0 0.00160953 0.00161104 0.00161354 0.00161196 0.0033235 0.00332165 0.00332124 0.00331957 0.00427152 0.00425706 0.004246 0.00423332
7.745 0 0 0 0 0.00135061 0.0013518 0.00135429 0.001353 0.00277544 0.00277373 0.00277331 0.00277151 0.00350198 0.00348767 0.00347661 0.00346378
7.765 0 0 0 0 0.000918195 0.000918959 0.000921453 0.000920565 0.001896 0.00189427 0.00189385 0.00189206 0.00240523 0.00239115 0.00238009 0.00236703
7.785 0 0 0 0 0.000338296 0.000338443 0.000340943 0.000340647 0.000757177 0.000755382 0.000754966 0.000753244 0.00104128 0.00102749 0.00101643 0.00100308
7.805 0 0 0 0 -0.00033084 -0.00033148 -0.000328979 -0.000328487 -0.000532326 -0.000534068 -0.000534492 -0.000536261 -0.00054131 -0.000554788 -0.000565854 -0.000579515
7.825 0 0 0 0 -0.000999964 -0.00100135 -0.00099886 -0.000997695 -0.00187241 -0.00187404 -0.00187446 -0.00187633 -0.00225385 -0.00226699 -0.00227806 -0.00229206
7.845 0 0 0 0 -0.00159911 -0.001601 -0.00159851 -0.00159685 -0.00316642 -0.00316804 -0.00316846 -0.00317035 -0.00395244 -0.0039652 -0.00397626 -0.00399063
7.865 0 0 0 0 -0.00210428 -0.00210648 -0.00210398 -0.00210196 -0.00430022 -0.00430186 -0.00430228 -0.00430415 -0.00546006 -0.00547248 -0.00548354 -0.00549825
7.885 0 0 0 0 -0.00247124 -0.00247365 -0.00247111 -0.00246884 -0.00512342 -0.00512504 -0.00512546 -0.00512734 -0.00656401 -0.00657619 -0.00658725 -0.0066022
7.905 0 0 0 0 -0.00260355 -0.00260596 -0.00260343 -0.00260115 -0.00546357 -0.00546522 -0.00546563 -0.00546748 -0.00703742 -0.00704948 -0.00706054 -0.00707561
7.925 0 0 0 0 -0.00241548 -0.00241751 -0.00241498 -0.00241311 -0.00517012 -0.00517185 -0.00517227 -0.00517403 -0.00670277 -0.00671487 -0.00672593 -0.00674096
7.945 0 0 0 0 -0.00186293 -0.00186422 -0.0018617 -0.00186061 -0.00413936 -0.00414118 -0.0041416 -0.00414329 -0.00545006 -0.00546239 -0.00547346 -0.00548825
7.965 0 0 0 0 -0.000950713 -0.000950959 -0.00094845 -0.000948455 -0.00235401 -0.00235588 -0.00235631 -0.00235797 -0.00324822 -0.003261 -0.00327206 -0.00328641
7.985 0 0 0 0 0.000267144 0.000268242 0.000270763 0.000269538 9.55746e-05 9.3652e-05 9.32294e-05 9.16233e-05 -0.000170288 -0.000183705 -0.000194773 -0.000208497
8.005 0 0 0 0 0.00167852 0.00168095 0.00168342 0.00168089 0.00301058 0.00300861 0.00300823 0.00300673 0.00356482 0.00355061 0.00353954 0.0035266
8.025 0 0 0 0 0.00310094 0.00310461 0.00310716 0.00310363 0.00606527 0.00606331 0.0060629 0.0060614 0.00755047 0.00753541 0.00752435 0.00751229
8.045 0 0 0 0 0.00434504 0.00434954 0.00435206 0.00434782 0.00884829 0.00884633 0.00884598 0.00884451 0.01125 0.0112342 0.0112231 0.0112119
8.065 0 0 0 0 0.00527055 0.00527577 0.00527799 0.00527392 0.010961 0.0109587 0.0109582 0.0109565 0.0141088 0.0140921 0.014081 0.0140704
8.085 0 0 0 0 0.00574591 0.00575181 0.00575411 0.00575133 0.0120668 0.0120644 0.0120638 0.0120619 0.0156217 0.0156046 0.0155935 0.0155831
8.105 0 0 0 0 0.00561367 0.0056192 0.00562148 0.00561913 0.0118852 0.0118829 0.0118823 0.0118803 0.0154044 0.0153873 0.0153762 0.0153658
8.125 0 0 0 0 0.00475362 0.00475781 0.00476006 0.00475839 0.0102167 0.0102147 0.010214 0.0102117 0.0132802 0.0132636 0.0132524 0.0132416
8.145 0 0 0 0 0.00317885 0.00318095 0.00318313 0.00318231 0.00705573 0.00705359 0.00705284 0.00705045 0.00931172 0.00929586 0.00928469 0.00927309
8.165 0 0 0 0 0.00104135 0.00104087 0.00104299 0.00104315 0.00267177 0.00266945 0.00266862 0.00266619 0.00379106 0.00377638 0.0037652 0.00375241
8.185 0 0 0 0 -0.00140333 -0.00140628 -0.00140419 -0.00140292 -0.0024357 -0.00243794 -0.00243877 -0.00244123 -0.0027586 -0.00277189 -0.00278309 -0.00279729
8.205 0 0 0 0 -0.00384979 -0.00385495 -0.00385283 -0.00384936 -0.00766462 -0.00766674 -0.00766758 -0.0076702 -0.00960068 -0.00961245 -0.00962357 -0.0096392
8.225 0 0 0 0 -0.00600228 -0.00600645 -0.00600498 -0.0059992 -0.0123794 -0.0123819 -0.0123829 -0.0123858 -0.0158504 -0.0158609 -0.0158722 -0.0158894
8.245 0 0 0 0 -0.00773832 -0.00773124 -0.00772902 -0.0077178 -0.016066 -0.0160668 -0.0160671 -0.0160679 -0.0206809 -0.0206903 -0.0207015 -0.0207202
8.265 0 0 0 0 -0.00904949 -0.00902761 -0.00902378 -0.00900302 -0.0184617 -0.0184603 -0.0184596 -0.0184578 -0.0235474 -0.023556 -0.0235672 -0.0235867
8.285 0 0 0 0 -0.00985247 -0.00982364 -0.00981888 -0.00979092 -0.019438 -0.0194363 -0.0194354 -0.0194333 -0.0243007 -0.0243093 -0.0243204 -0.02434
8.305 0 0 0 0 -0.00991524 -0.00988873 -0.00988425 -0.00985564 -0.0188814 -0.0188798 -0.018879 -0.0188776 -0.023122 -0.0231311 -0.0231422 -0.0231613
8.325 0 0 0 0 -0.00888561 -0.00886259 -0.00885841 -0.00883283 -0.0167203 -0.0167195 -0.016719 -0.0167183 -0.0202733 -0.020283 -0.0202943 -0.0203128
8.345 0 0 0 0 -0.00663361 -0.00661443 -0.00661076 -0.00659273 -0.0129215 -0.0129218 -0.0129219 -0.0129217 -0.015878 -0.0158885 -0.0158998 -0.0159176
8.365 0 0 0 0 -0.00348384 -0.00347033 -0.0034674 -0.00345976 -0.00760387 -0.00760552 -0.0076062 -0.00760718 -0.00992415 -0.0099359 -0.00994737 -0.00996403
8.385 0 0 0 0 -2.90269e-05 -2.38671e-05 -2.18915e-05 -2.37755e-05 -0.00123138 -0.00123399 -0.00123554 -0.00123858 -0.00247762 -0.00249103 -0.00250263 -0.0025177
8.405 0 0 0 0 0.00313257 0.00313303 0.00313247 0.00312382 0.00544691 0.00544289 0.00544084 0.00543666 0.00602172 0.00600651 0.00599505 0.00598196
8.425 0 0 0 0 0.00567418 0.00567699 0.005677 0.00566952 0.0116012 0.0115972 0.0115954 0.011591 0.0146091 0.0145918 0.0145803 0.0145692
8.445 0 0 0 0 0.00768597 0.00769481 0.00769592 0.0077046 0.0165959 0.0165951 0.0165939 0.0165931 0.0219182 0.0218986 0.0218871 0.0218777
8.465 0 0 0 0 0.0093132 0.00933807 0.00934109 0.00937975 0.0201885 0.0201949 0.0201971 0.0202043 0.0266644 0.0266437 0.0266326 0.0266247
8.485 0 0 0 0 0.0104583 0.0104989 0.0105045 0.0105705 0.0220955 0.0221053 0.0221084 0.022116 0.0282092 0.028188 0.0281772 0.0281698
8.505 0 0 0 0 0.0107955 0.0108384 0.0108436 0.0109075 0.0217251 0.0217342 0.021737 0.0217431 0.026668 0.0266473 0.0266364 0.0266284
8.525 0 0 0 0 0.00970534 0.00974493 0.00974987 0.00980257 0.0186733 0.0186789 0.0186809 0.0186857 0.0225062 0.0224865 0.0224753 0.0224659
8.545 0 0 0 0 0.006735 0.0067614 0.00676517 0.00680222 0.0131214 0.0131236 0.0131242 0.0131268 0.0160664 0.0160481 0.0160366 0.0160256
8.565 0 0 0 0 0.00226658 0.00227187 0.0022738 0.00229275 0.00560983 0.00560911 0.00560811 0.00560709 0.00758097 0.00756407 0.00755219 0.00753941
8.585 0 0 0 0 -0.00262725 -0.00262669 -0.00262489 -0.00261986 -0.00316771 -0.00317046 -0.0031726 -0.0031764 -0.00261582 -0.00263085 -0.00264305 -0.00265804
8.605 0 0 0 0 -0.00700518 -0.00699256 -0.00698967 -0.00697211 -0.0122875 -0.0122916 -0.0122938 -0.0122971 -0.0139433 -0.0139552 -0.0139668 -0.0139843
8.625 0 0 0 0 -0.0107167 -0.0106852 -0.0106837 -0.0106531 -0.0206908 -0.0206921 -0.0206925 -0.0206919 -0.0253645 -0.0253739 -0.0253858 -0.0254063
