0.01 0 0 0 0 2.06926e-05 2.07523e-05 2.07522e-05 2.06921e-05 2.2129e-05 2.21085e-05 2.21084e-05 2.21288e-05 2.19755e-05 2.19777e-05 2.19777e-05 2.19755e-05
0.03 0 0 0 0 7.86636e-05 7.88659e-05 7.88647e-05 7.86587e-05 0.000102779 0.000102732 0.000102731 0.000102778 0.000102302 0.000102297 0.000102297 0.000102301
0.05 0 0 0 0 0.000103739 0.000103879 0.000103876 0.000103728 0.000182484 0.000182502 0.0001825 0.000182477 0.00019394 0.000193902 0.000193901 0.000193939
0.07 0 0 0 0 0.000126051 0.000126148 0.000126141 0.000126027 0.000257847 0.000257871 0.000257868 0.000257837 0.000310694 0.000310621 0.000310619 0.000310687
0.09 0 0 0 0 0.000133574 0.000133655 0.000133648 0.000133549 0.000295517 0.000295489 0.000295483 0.000295497 0.000402308 0.000402215 0.000402211 0.000402296
0.11 0 0 0 0 0.000139693 0.000139799 0.000139791 0.000139665 0.000317896 0.000317836 0.000317828 0.000317871 0.000448667 0.000448564 0.00044856 0.000448653
0.13 0 0 0 0 5.33236e-06 4.99418e-06 4.98585e-06 5.30482e-06 0.000160611 0.000160725 0.000160721 0.000160596 0.000272148 0.000272039 0.000272036 0.000272136
0.15 0 0 0 0 9.42326e-05 9.44669e-05 9.44647e-05 9.42248e-05 0.000143418 0.000143284 0.00014328 0.000143407 0.000202942 0.000202923 0.000202922 0.000202937
0.17 0 0 0 0 0.000257798 0.000258623 0.000258623 0.000257795 0.000274654 0.00027442 0.00027442 0.000274652 0.000241669 0.000241698 0.000241697 0.000241669
0.19 0 0 0 0 0.00018456 0.000184741 0.000184734 0.000184536 0.0003125 0.00031272 0.000312719 0.000312498 0.00022944 0.000229372 0.000229371 0.000229436
0.21 0 0 0 0 -0.000120655 -0.00012155 -0.000121555 -0.00012067 1.87906e-05 1.92343e-05 1.92344e-05 1.87882e-05 4.98413e-05 4.97197e-05 4.97187e-05 4.98381e-05
0.23 0 0 0 0 0.00010315 0.000103804 0.000103801 0.000103142 0.00010554 0.000104988 0.000104982 0.000105523 0.000286967 0.000286998 0.000286999 0.000286968
0.25 0 0 0 0 -0.000267043 -0.000267763 -0.00026776 -0.000267038 -0.00029697 -0.000296958 -0.000296965 -0.000296993 -0.000169721 -0.000169748 -0.000169754 -0.000169744
0.27 0 0 0 0 -6.51324e-05 -6.51615e-05 -6.51629e-05 -6.51338e-05 -0.000180859 -0.000180865 -0.000180859 -0.000180844 -0.000251352 -0.000251284 -0.000251282 -0.000251347
0.29 0 0 0 0 3.47393e-05 3.51262e-05 3.51229e-05 3.47343e-05 -0.000113767 -0.000113679 -0.000113683 -0.000113775 -0.000359781 -0.000359687 -0.000359687 -0.00035978
0.31 0 0 0 0 -0.000609418 -0.000611173 -0.00061117 -0.000609412 -0.000859755 -0.000859028 -0.000859027 -0.000859755 -0.00108548 -0.00108542 -0.00108542 -0.00108548
0.33 0 0 0 0 0.000428089 0.000430866 0.000430865 0.000428085 -1.19719e-05 -1.3355e-05 -1.33531e-05 -1.19684e-05 -0.000118642 -0.000118263 -0.000118261 -0.000118639
0.35 0 0 0 0 -0.000332186 -0.000333319 -0.000333326 -0.000332205 -0.000378887 -0.000378294 -0.000378292 -0.000378891 -0.000515809 -0.000515842 -0.000515844 -0.000515814
0.37 0 0 0 0 -0.000923583 -0.000927009 -0.000927 -0.000923566 -0.000935774 -0.000934494 -0.000934499 -0.000935789 -0.000951998 -0.000952141 -0.000952144 -0.000952005
0.39 0 0 0 0 0.000252276 0.000254808 0.000254791 0.000252228 -0.000176424 -0.000178078 -0.000178085 -0.000176431 -5.52877e-05 -5.49348e-05 -5.49392e-05 -5.53034e-05
0.41 0 0 0 0 0.000169801 0.000170811 0.000170795 0.000169747 -6.87852e-05 -6.92345e-05 -6.92387e-05 -6.87951e-05 -0.000202769 -0.000202573 -0.000202567 -0.000202759
0.43 0 0 0 0 0.000204037 0.000203509 0.000203526 0.000204066 0.000496448 0.000497598 0.000497592 0.000496419 0.000134357 0.000134137 0.000134122 0.000134313
0.45 0 0 0 0 0.000313655 0.000313459 0.000313453 0.000313648 0.000744761 0.000745359 0.000745358 0.00074475 0.000730383 0.000730143 0.00073015 0.0007304
0.47 0 0 0 0 0.000518692 0.00052 0.000519997 0.00051869 0.00084898 0.000847964 0.000847969 0.000848992 0.00140748 0.00140735 0.00140735 0.00140745
0.49 0 0 0 0 -0.000177121 -0.000178282 -0.000178278 -0.000177115 0.000366754 0.000366728 0.000366723 0.000366749 0.00103505 0.0010347 0.00103471 0.00103507
0.51 0 0 0 0 -0.000961899 -0.000965833 -0.000965848 -0.000961964 -0.000717907 -0.000716852 -0.000716869 -0.000717983 -0.000329776 -0.000330126 -0.000330143 -0.000329844
0.53 0 0 0 0 0.00182001 0.00182736 0.00182738 0.00182007 0.00145262 0.00144973 0.00144975 0.00145266 0.00129201 0.00129257 0.00129259 0.00129205
0.55 0 0 0 0 0.00103768 0.00103919 0.00103917 0.00103759 0.00148063 0.00148183 0.00148179 0.00148053 0.000713287 0.000713075 0.000713059 0.000713256
0.57 0 0 0 0 -0.000928983 -0.000935343 -0.000935356 -0.000928998 -8.83374e-05 -8.45045e-05 -8.44551e-05 -8.82232e-05 -0.000345105 -0.00034588 -0.000345885 -0.000345116
0.59 0 0 0 0 0.00120935 0.00121497 0.00121493 0.00120922 0.00118624 0.00118247 0.00118244 0.00118618 0.00215463 0.00215493 0.00215493 0.00215465
0.61 0 0 0 0 -0.000378446 -0.000379368 -0.000379327 -0.000378349 -0.000115913 -0.000117025 -0.000117078 -0.000116088 0.000907438 0.000907205 0.00090718 0.000907345
0.63 0 0 0 0 -0.00170001 -0.00170727 -0.00170732 -0.00170017 -0.00127465 -0.00127175 -0.00127175 -0.00127466 -0.00110635 -0.0011069 -0.0011069 -0.00110633
0.65 0 0 0 0 0.00107168 0.00107686 0.0010769 0.00107178 0.000426818 0.00042502 0.000425014 0.0004268 -0.000113017 -0.000112441 -0.00011246 -0.000113066
0.67 0 0 0 0 0.00141359 0.00141917 0.00141914 0.00141353 0.000823452 0.000822425 0.000822435 0.000823477 -0.000229826 -0.000229244 -0.000229222 -0.000229783
0.69 0 0 0 0 0.00102581 0.00102665 0.00102667 0.00102579 0.00154051 0.00154208 0.00154207 0.00154047 0.000758077 0.000757812 0.000757795 0.000758042
0.71 0 0 0 0 0.00142589 0.00142711 0.00142705 0.00142569 0.00293494 0.00293527 0.00293527 0.00293492 0.0035203 0.00351949 0.00351949 0.0035203
0.73 0 0 0 0 -0.00111706 -0.00112405 -0.00112413 -0.00111729 0.000780139 0.00078148 0.00078147 0.000780124 0.00287603 0.00287465 0.00287464 0.00287599
0.75 0 0 0 0 -0.00237089 -0.00237826 -0.00237827 -0.002371 -0.00196294 -0.00196392 -0.00196405 -0.00196337 0.000430908 0.000430133 0.000430062 0.000430534
0.77 0 0 0 0 -0.000148474 -0.000143742 -0.000143688 -0.000148353 -0.00165113 -0.00165526 -0.00165525 -0.00165113 -0.00129623 -0.00129512 -0.00129506 -0.00129611
0.79 0 0 0 0 -0.000288586 -0.000287216 -0.000287258 -0.000288647 -0.00220413 -0.0022023 -0.0022023 -0.00220417 -0.00500985 -0.00500873 -0.00500878 -0.00500993
0.81 0 0 0 0 -0.000421287 -0.000421188 -0.000421187 -0.000421278 -0.00239353 -0.0023895 -0.00238948 -0.0023935 -0.00624311 -0.00624204 -0.00624205 -0.00624308
0.83 0 0 0 0 -0.000509781 -0.000506796 -0.000506789 -0.000509798 -0.00271963 -0.00272049 -0.0027207 -0.00272031 -0.00455767 -0.00455631 -0.0045564 -0.00455797
0.85 0 0 0 0 -0.00279876 -0.00280311 -0.00280328 -0.00279932 -0.00448893 -0.00449055 -0.00449038 -0.00448851 -0.00371437 -0.00371359 -0.00371356 -0.00371433
0.87 0 0 0 0 -0.00385809 -0.00386701 -0.00386698 -0.0038581 -0.00484455 -0.00484509 -0.00484523 -0.00484483 -0.00329062 -0.00329046 -0.00329047 -0.00329066
0.89 0 0 0 0 -0.000247502 -0.000245398 -0.000245527 -0.000247817 -0.0010232 -0.00102524 -0.0010252 -0.00102309 -0.000825255 -0.000824732 -0.000824768 -0.000825335
0.91 0 0 0 0 0.00203363 0.00203828 0.00203833 0.00203371 0.00206478 0.00206589 0.00206588 0.00206472 0.000379858 0.000380058 0.000380094 0.000379935
0.93 0 0 0 0 0.00474382 0.00475382 0.00475381 0.00474378 0.00643548 0.00643656 0.00643652 0.00643536 0.00474575 0.00474518 0.00474514 0.00474567
0.95 0 0 0 0 0.000842348 0.000836166 0.000836137 0.000842273 0.0041873 0.0041919 0.00419189 0.00418725 0.00518926 0.00518708 0.00518709 0.00518931
0.97 0 0 0 0 -3.77785e-06 -7.06445e-06 -7.01207e-06 -3.66439e-06 0.002733 0.0027303 0.00273034 0.00273307 0.00706422 0.00706258 0.00706254 0.00706406
0.99 0 0 0 0 0.00159192 0.00159706 0.00159702 0.00159184 0.00347808 0.00347121 0.00347118 0.00347802 0.00779866 0.00779792 0.00779799 0.00779878
1.01 0 0 0 0 0.00169097 0.00169041 0.00169042 0.00169102 0.00405367 0.00405535 0.00405525 0.00405334 0.00476895 0.00476743 0.00476735 0.0047687
1.03 0 0 0 0 0.00261357 0.00261411 0.00261385 0.00261266 0.00459753 0.00460323 0.00460335 0.00459788 0.00247541 0.00247426 0.0024743 0.00247548
1.05 0 0 0 0 -0.000137318 -0.000139034 -0.000138908 -0.000137037 -0.000404809 -0.000402066 -0.000402188 -0.000405055 -0.00187908 -0.00187897 -0.00187899 -0.00187907
1.07 0 0 0 0 -3.01097e-05 -2.16172e-05 -2.16989e-05 -3.02493e-05 -0.00258456 -0.00259148 -0.00259141 -0.00258443 -0.00215397 -0.00215209 -0.00215212 -0.002154
1.09 0 0 0 0 -0.00375093 -0.00375728 -0.00375728 -0.0037509 -0.00596036 -0.00596109 -0.00596109 -0.00596037 -0.00568945 -0.00568848 -0.00568848 -0.00568944
1.11 0 0 0 0 -0.00285898 -0.00286518 -0.00286516 -0.00285893 -0.00466464 -0.00466236 -0.0046624 -0.00466471 -0.00595178 -0.00595105 -0.00595103 -0.00595176
1.13 0 0 0 0 -0.000312599 -0.000309845 -0.000309863 -0.000312642 -0.00245744 -0.00245719 -0.00245716 -0.00245737 -0.0047461 -0.00474482 -0.00474483 -0.00474614
1.15 0 0 0 0 -0.00187919 -0.00188185 -0.00188185 -0.00187918 -0.00389066 -0.0038888 -0.00388882 -0.00389069 -0.00585791 -0.00585691 -0.00585689 -0.00585788
1.17 0 0 0 0 -0.00341252 -0.00341859 -0.00341858 -0.0034125 -0.00572439 -0.00572384 -0.00572384 -0.00572438 -0.0063558 -0.00635476 -0.00635477 -0.00635581
1.19 0 0 0 0 -0.00153166 -0.00152883 -0.00152884 -0.00153168 -0.00401014 -0.00401425 -0.00401428 -0.00401018 -0.00395329 -0.00395174 -0.00395175 -0.00395329
1.21 0 0 0 0 -0.00491857 -0.00493176 -0.00493195 -0.00491923 -0.00677291 -0.00676927 -0.00676936 -0.00677321 -0.00742095 -0.0074205 -0.00742053 -0.007421
1.23 0 0 0 0 -0.00600556 -0.0060185 -0.00601864 -0.00600623 -0.00919226 -0.00918891 -0.00918902 -0.00919264 -0.0106633 -0.0106622 -0.0106622 -0.0106634
1.25 0 0 0 0 -0.005099 -0.00510112 -0.00510144 -0.0051004 -0.0113927 -0.0113958 -0.011396 -0.0113933 -0.0137082 -0.0137048 -0.0137049 -0.0137086
1.27 0 0 0 0 -0.00161581 -0.00160513 -0.00160567 -0.00161769 -0.00859649 -0.00860226 -0.00860245 -0.00859731 -0.0127391 -0.0127348 -0.012735 -0.0127397
1.29 0 0 0 0 -0.00136936 -0.00136946 -0.00136968 -0.00137016 -0.00531642 -0.00531271 -0.00531305 -0.00531769 -0.0106105 -0.0106084 -0.0106085 -0.0106111
1.31 0 0 0 0 0.00332808 0.00333663 0.00333668 0.00332823 0.00339493 0.00339646 0.00339633 0.00339438 0.000540193 0.00054041 0.000540318 0.000539821
1.33 0 0 0 0 0.000688315 0.000681668 0.000681585 0.000688135 0.00482447 0.00482766 0.00482775 0.00482472 0.00738978 0.0073872 0.00738726 0.00738998
1.35 0 0 0 0 -0.00481606 -0.00483937 -0.0048393 -0.00481592 3.15895e-05 3.37654e-05 3.36636e-05 3.14152e-05 0.00740803 0.00740427 0.00740421 0.00740788
1.37 0 0 0 0 -0.00309467 -0.00310103 -0.00310085 -0.00309424 -0.00178281 -0.00179035 -0.00179041 -0.00178301 0.00509832 0.00509741 0.00509741 0.00509828
1.39 0 0 0 0 -0.00407628 -0.00408317 -0.00408309 -0.00407601 -0.00668341 -0.00668371 -0.00668364 -0.00668335 -0.00682508 -0.00682391 -0.00682389 -0.00682506
1.41 0 0 0 0 -0.000740775 -0.000733946 -0.000734493 -0.000742393 -0.00702188 -0.0070187 -0.00701876 -0.00702201 -0.0150526 -0.0150488 -0.0150488 -0.0150526
1.43 0 0 0 0 0.00407002 0.00409453 0.00409462 0.00406981 -0.00350953 -0.00351017 -0.00351006 -0.00350919 -0.0140227 -0.0140175 -0.0140175 -0.0140228
1.45 0 0 0 0 0.0082627 0.00829237 0.00829216 0.00826175 0.00559383 0.0055888 0.00558788 0.00559068 -0.000535535 -0.000532896 -0.000533224 -0.000536946
1.47 0 0 0 0 0.00817062 0.00817892 0.00817901 0.0081709 0.0158426 0.0158442 0.0158448 0.0158438 0.0187238 0.01872 0.0187203 0.0187246
1.49 0 0 0 0 0.01342 0.0134283 0.0134281 0.0134199 0.0314239 0.0314213 0.031421 0.0314233 0.0439818 0.0439719 0.0439717 0.0439813
1.51 0 0 0 0 0.0145017 0.0144988 0.0144988 0.0145019 0.0393591 0.0393594 0.0393593 0.0393588 0.0576475 0.0576335 0.0576334 0.0576475
1.53 0 0 0 0 0.0188682 0.0188728 0.0188707 0.0188595 0.044539 0.0445336 0.0445324 0.0445336 0.0624053 0.0623896 0.062389 0.0624026
1.55 0 0 0 0 0.0230889 0.0231119 0.0231108 0.0230816 0.045701 0.0456956 0.0456947 0.0456967 0.0579625 0.0579504 0.05795 0.0579612
1.57 0 0 0 0 0.0236272 0.0236545 0.0236512 0.0236147 0.0426228 0.0426218 0.04262 0.0426172 0.0484138 0.0484039 0.0484031 0.048412
1.59 0 0 0 0 0.0139684 0.0139719 0.0139697 0.0139572 0.0287821 0.0287894 0.0287885 0.0287787 0.0321474 0.032139 0.0321387 0.0321467
1.61 0 0 0 0 -0.00124701 -0.0012657 -0.00126616 -0.00124929 0.00451247 0.00451585 0.00451546 0.00451006 0.00976383 0.00975936 0.0097593 0.00976313
1.63 0 0 0 0 -0.00325353 -0.0032413 -0.00324091 -0.00325267 -0.00899866 -0.00901747 -0.00901787 -0.00899984 -0.00473769 -0.00473435 -0.00473457 -0.00473872
1.65 0 0 0 0 -0.010831 -0.0108395 -0.0108398 -0.0108311 -0.0223431 -0.0223461 -0.022346 -0.0223434 -0.0269783 -0.0269719 -0.0269718 -0.0269778
1.67 0 0 0 0 -0.0138636 -0.0138837 -0.0138841 -0.0138645 -0.0290604 -0.0290473 -0.0290472 -0.0290601 -0.0433539 -0.0433465 -0.0433467 -0.0433543
1.69 0 0 0 0 -0.0193042 -0.019327 -0.0193267 -0.0193039 -0.04037 -0.0403598 -0.0403601 -0.0403707 -0.0566344 -0.0566239 -0.0566239 -0.0566347
1.71 0 0 0 0 -0.0386172 -0.0386785 -0.0386787 -0.0386178 -0.0680231 -0.0680154 -0.0680154 -0.068023 -0.0800763 -0.0800625 -0.0800624 -0.0800761
1.73 0 0 0 0 -0.0536891 -0.0537623 -0.0537619 -0.0536869 -0.0953044 -0.0953082 -0.0953082 -0.0953041 -0.106089 -0.106069 -0.106069 -0.106089
1.75 0 0 0 0 -0.0564371 -0.0565067 -0.0565131 -0.0564685 -0.110503 -0.110513 -0.110513 -0.110504 -0.130637 -0.130609 -0.130609 -0.130637
1.77 0 0 0 0 -0.0436412 -0.0436698 -0.0436786 -0.0436825 -0.102895 -0.102908 -0.102915 -0.102924 -0.139191 -0.139159 -0.139161 -0.139196
1.79 0 0 0 0 -0.0246666 -0.0246673 -0.0246803 -0.0247205 -0.0761403 -0.0761465 -0.0761548 -0.0761777 -0.12082 -0.120794 -0.120797 -0.120831
1.81 0 0 0 0 -0.0109136 -0.0109091 -0.0109149 -0.0109466 -0.0418001 -0.0418044 -0.0418137 -0.0418394 -0.0745846 -0.0745705 -0.0745737 -0.074598
1.83 0 0 0 0 0.00356609 0.00358217 0.00358245 0.00356483 0.000896653 0.000893101 0.000892016 0.000894192 -0.00231328 -0.00231102 -0.00231047 -0.00231317
1.85 0 0 0 0 0.0221085 0.0221255 0.022124 0.0221019 0.0518657 0.0518484 0.0518472 0.0518605 0.0789078 0.0788913 0.0788908 0.0789054
1.87 0 0 0 0 0.0427825 0.0428018 0.0428043 0.042789 0.104119 0.104114 0.104116 0.104123 0.147685 0.147652 0.147652 0.147687
1.89 0 0 0 0 0.0421426 0.0421076 0.0421041 0.042137 0.120419 0.120445 0.120441 0.120413 0.167406 0.16736 0.167359 0.167405
1.91 0 0 0 0 0.0505114 0.0505356 0.0505372 0.0505117 0.117677 0.117679 0.117681 0.117682 0.160968 0.160931 0.160931 0.160967
1.93 0 0 0 0 0.0722122 0.0723516 0.0723533 0.0722262 0.120126 0.120071 0.120077 0.120123 0.149313 0.149294 0.149295 0.149316
1.95 0 0 0 0 0.0653202 0.0654405 0.0654255 0.0653143 0.111216 0.111223 0.111221 0.11122 0.120113 0.120091 0.12009 0.120111
1.97 0 0 0 0 0.0437348 0.043719 0.04372 0.0436784 0.0901223 0.0901633 0.0901524 0.0901 0.0941514 0.0941247 0.0941248 0.0941517
1.99 0 0 0 0 0.0166825 0.0166457 0.0166457 0.0166496 0.0467726 0.0467749 0.0467713 0.0467623 0.0664218 0.0664016 0.0663999 0.0664168
2.01 0 0 0 0 -0.00638098 -0.0063839 -0.00638868 -0.00638476 -0.000972576 -0.00102315 -0.00102695 -0.000993215 0.0279772 0.0279714 0.0279687 0.0279686
2.03 0 0 0 0 -0.0273821 -0.0274222 -0.0274246 -0.0273834 -0.041461 -0.0414803 -0.0414785 -0.0414625 -0.0320122 -0.0320073 -0.0320079 -0.0320157
2.05 0 0 0 0 -0.0217739 -0.0217848 -0.0217834 -0.0217696 -0.0530454 -0.053037 -0.0530385 -0.0530527 -0.0795348 -0.0795175 -0.079516 -0.0795321
2.07 0 0 0 0 -0.0066554 -0.00660738 -0.00660866 -0.00665882 -0.0503941 -0.0503806 -0.0503793 -0.0503898 -0.0997475 -0.0997218 -0.0997231 -0.0997501
2.09 0 0 0 0 0.00288717 0.00296432 0.00296464 0.00288616 -0.0362546 -0.0362596 -0.0362624 -0.0362589 -0.0793266 -0.0793015 -0.0793014 -0.0793267
2.11 0 0 0 0 -0.0215628 -0.021603 -0.0216027 -0.0215625 -0.0375909 -0.0375729 -0.0375724 -0.0375894 -0.0507129 -0.0507061 -0.0507059 -0.0507127
2.13 0 0 0 0 -0.0737936 -0.0740127 -0.0740141 -0.0737958 -0.0789497 -0.0789104 -0.0789107 -0.0789501 -0.0572553 -0.0572618 -0.0572613 -0.0572548
2.15 0 0 0 0 -0.073771 -0.0739017 -0.0739 -0.0737615 -0.103834 -0.103873 -0.103873 -0.103835 -0.0729981 -0.0729866 -0.0729871 -0.0729995
2.17 0 0 0 0 -0.0216829 -0.0216078 -0.0216105 -0.0216885 -0.0757051 -0.0757826 -0.0757808 -0.0757026 -0.0848031 -0.0847686 -0.0847685 -0.0848025
2.19 0 0 0 0 0.0220842 0.0222038 0.0222026 0.0220784 -0.0166741 -0.0166516 -0.0166507 -0.0166734 -0.0836881 -0.0836618 -0.0836617 -0.0836878
2.21 0 0 0 0 0.0206239 0.0206306 0.0206347 0.0206306 0.0145882 0.0146954 0.0146914 0.0145863 -0.0568025 -0.0567993 -0.056799 -0.0568014
2.23 0 0 0 0 -0.00592759 -0.0059728 -0.00597558 -0.00593242 -0.000186707 -0.000161136 -0.000161488 -0.000188366 -0.00264078 -0.0026456 -0.00264516 -0.00263987
2.25 0 0 0 0 -0.0140227 -0.0140155 -0.014015 -0.0140199 -0.00576209 -0.00586688 -0.0058645 -0.00576034 0.0621948 0.0621907 0.0621897 0.0621922
2.27 0 0 0 0 -0.00535538 -0.00538688 -0.00538629 -0.00535398 0.0254032 0.0253406 0.0253395 0.0253991 0.0919014 0.0918838 0.0918844 0.0919027
2.29 0 0 0 0 0.00119798 0.00106942 0.00106839 0.00119479 0.0497098 0.0497955 0.0497951 0.0497138 0.0627724 0.0627385 0.0627386 0.0627735
2.31 0 0 0 0 0.0265642 0.0265672 0.026568 0.0265655 0.0469371 0.046998 0.0469973 0.0469365 0.0240661 0.0240543 0.0240538 0.0240646
2.33 0 0 0 0 0.0724068 0.0726835 0.0726838 0.0724104 0.0563647 0.0562797 0.0562807 0.0563641 0.0332986 0.0333207 0.033321 0.0332987
2.35 0 0 0 0 0.075582 0.0758101 0.0758077 0.0755733 0.0843438 0.0842896 0.0842905 0.0843454 0.0728731 0.0728783 0.0728785 0.0728732
2.37 0 0 0 0 0.0411768 0.0411218 0.0411255 0.041181 0.11161 0.111689 0.111689 0.111609 0.126747 0.126704 0.126704 0.126747
2.39 0 0 0 0 -0.01958 -0.0198318 -0.0198311 -0.0195787 0.0671706 0.0672612 0.0672609 0.0671708 0.13173 0.13167 0.13167 0.13173
2.41 0 0 0 0 -0.0689881 -0.0692051 -0.069209 -0.0689998 -0.044003 -0.0440531 -0.0440449 -0.0439967 0.0480047 0.0479836 0.047984 0.0480059
2.43 0 0 0 0 -0.0191364 -0.0190028 -0.0190011 -0.0191277 -0.0720163 -0.0721927 -0.0722187 -0.072062 -0.0386126 -0.0385933 -0.0386031 -0.0386525
2.45 0 0 0 0 0.0407346 0.0409664 0.0409648 0.040733 -0.0221421 -0.0221661 -0.0221642 -0.0221621 -0.110487 -0.110437 -0.110429 -0.110469
2.47 0 0 0 0 0.0335862 0.033621 0.033622 0.0335858 0.00546532 0.00566736 0.00568477 0.00549833 -0.138878 -0.138861 -0.138864 -0.138878
2.49 0 0 0 0 -0.0396065 -0.0397364 -0.0397373 -0.0396108 -0.0655554 -0.0654449 -0.0654571 -0.0655747 -0.124055 -0.124051 -0.124058 -0.124071
2.51 0 0 0 0 -0.119913 -0.120076 -0.120075 -0.119911 -0.178686 -0.178808 -0.178808 -0.178677 -0.108297 -0.108267 -0.108259 -0.108284
2.53 0 0 0 0 -0.142377 -0.142565 -0.142566 -0.142385 -0.215733 -0.2159 -0.215899 -0.215734 -0.130299 -0.130264 -0.130265 -0.130302
2.55 0 0 0 0 -0.0859939 -0.0861193 -0.0861056 -0.0859531 -0.148688 -0.148666 -0.148668 -0.148699 -0.176894 -0.176867 -0.176869 -0.176898
2.57 0 0 0 0 0.0210678 0.0211597 0.0211181 0.021011 -0.0377071 -0.0375783 -0.0375747 -0.037694 -0.173931 -0.173896 -0.173895 -0.173928
2.59 0 0 0 0 0.098695 0.0990241 0.0990382 0.0986789 0.0510659 0.0510477 0.0510239 0.0509465 -0.0750489 -0.0750226 -0.0750295 -0.0750935
2.61 0 0 0 0 0.0696564 0.0698286 0.0698407 0.0696555 0.084533 0.08456 0.0845636 0.0846117 0.071694 0.0716863 0.0716815 0.0716856
2.63 0 0 0 0 -0.0104325 -0.0106435 -0.0106594 -0.0104633 0.0891596 0.0891394 0.0890921 0.089055 0.203592 0.203521 0.203514 0.203568
2.65 0 0 0 0 -0.0377449 -0.0380506 -0.0380352 -0.0377017 0.0905698 0.0905303 0.0905664 0.0905909 0.261469 0.261392 0.261402 0.261489
2.67 0 0 0 0 0.0350814 0.0350621 0.0350521 0.0350624 0.124366 0.124263 0.124274 0.124344 0.240334 0.240281 0.240275 0.240337
2.69 0 0 0 0 0.117015 0.117269 0.117265 0.117012 0.163877 0.163856 0.163851 0.163881 0.152818 0.152803 0.152796 0.152808
2.71 0 0 0 0 0.126236 0.126495 0.126502 0.12623 0.157367 0.15749 0.157484 0.157381 0.060786 0.0607836 0.0607898 0.0607881
2.73 0 0 0 0 0.0635385 0.0636273 0.0636312 0.0635463 0.0811883 0.081282 0.0812748 0.0811813 0.0204631 0.0204545 0.020458 0.0204618
2.75 0 0 0 0 -0.0286595 -0.0287136 -0.0287233 -0.0286602 -0.0315694 -0.031637 -0.0316306 -0.0315659 0.0128596 0.0128566 0.0128545 0.0128536
2.77 0 0 0 0 -0.0978509 -0.0980474 -0.0980515 -0.0978768 -0.113708 -0.113818 -0.11382 -0.113716 -0.0198643 -0.0198599 -0.019857 -0.0198541
2.79 0 0 0 0 -0.106739 -0.106975 -0.106964 -0.10673 -0.138264 -0.13827 -0.138267 -0.138262 -0.104056 -0.104049 -0.104053 -0.104062
2.81 0 0 0 0 -0.0576158 -0.0576882 -0.057694 -0.0576201 -0.12915 -0.129085 -0.129084 -0.129144 -0.201679 -0.201643 -0.201642 -0.201679
2.83 0 0 0 0 -0.00143326 -0.00124234 -0.00123529 -0.00141065 -0.114575 -0.114538 -0.114543 -0.114559 -0.249342 -0.24927 -0.249268 -0.249339
2.85 0 0 0 0 -0.00133599 -0.00115499 -0.00116331 -0.00135303 -0.107944 -0.107936 -0.107937 -0.10793 -0.222489 -0.222424 -0.222425 -0.22249
2.87 0 0 0 0 -0.0612189 -0.0613142 -0.0613087 -0.0612108 -0.113951 -0.113917 -0.113918 -0.113944 -0.147267 -0.147239 -0.147238 -0.147262
2.89 0 0 0 0 -0.0956739 -0.0959202 -0.0959175 -0.0956603 -0.102474 -0.102479 -0.102474 -0.102476 -0.0502832 -0.0502898 -0.0502906 -0.0502849
2.91 0 0 0 0 -0.0571343 -0.0572316 -0.0572621 -0.0571183 -0.0492236 -0.0492973 -0.0492992 -0.0492358 0.0279728 0.0279617 0.0279615 0.0279701
2.93 0 0 0 0 0.0191159 0.0191443 0.0191653 0.0191244 0.0371342 0.0370913 0.0370905 0.0371259 0.0625085 0.0625012 0.0625025 0.0625103
2.95 0 0 0 0 0.0953634 0.095512 0.0955106 0.0953238 0.13341 0.133461 0.133462 0.133415 0.093285 0.0932696 0.093269 0.093284
2.97 0 0 0 0 0.13502 0.135236 0.135229 0.134979 0.199315 0.19937 0.199368 0.199309 0.159541 0.159514 0.159513 0.15954
2.99 0 0 0 0 0.113681 0.113831 0.113833 0.113681 0.209166 0.209156 0.209155 0.209152 0.244476 0.24443 0.244429 0.244475
3.01 0 0 0 0 0.0614233 0.0614029 0.0613935 0.0614008 0.185173 0.185128 0.18513 0.185162 0.303918 0.303849 0.30385 0.303921
3.03 0 0 0 0 0.0396546 0.0395586 0.0395775 0.0396668 0.16905 0.169005 0.169007 0.169059 0.307778 0.307703 0.307701 0.307779
3.05 0 0 0 0 0.0511318 0.0510259 0.0509733 0.050999 0.152437 0.152354 0.1523 0.152261 0.233653 0.23358 0.233575 0.233629
3.07 0 0 0 0 0.064481 0.0646438 0.0646763 0.0648638 0.113406 0.113567 0.113666 0.113718 0.107887 0.107863 0.107867 0.107902
3.09 0 0 0 0 0.0556471 0.0558808 0.0558675 0.0558786 0.0452345 0.0452475 0.0451675 0.0451365 -0.0143646 -0.0143634 -0.0143747 -0.0144009
3.11 0 0 0 0 0.00246816 0.00254945 0.00254702 0.00238276 -0.0542503 -0.0542688 -0.0542695 -0.0542915 -0.11118 -0.11114 -0.11113 -0.111163
3.13 0 0 0 0 -0.0829982 -0.0831299 -0.0831147 -0.0831174 -0.158526 -0.158547 -0.158514 -0.158514 -0.185317 -0.18528 -0.185284 -0.185325
3.15 0 0 0 0 -0.14395 -0.144248 -0.144265 -0.144146 -0.231648 -0.231697 -0.231735 -0.231767 -0.241314 -0.241274 -0.24128 -0.241323
3.17 0 0 0 0 -0.149928 -0.150186 -0.150215 -0.150138 -0.262181 -0.26221 -0.26221 -0.262205 -0.28947 -0.28941 -0.289409 -0.289463
3.19 0 0 0 0 -0.11092 -0.111042 -0.111063 -0.111123 -0.247535 -0.247551 -0.247553 -0.247548 -0.320109 -0.32004 -0.320041 -0.320116
3.21 0 0 0 0 -0.0722252 -0.0721431 -0.0720988 -0.0720673 -0.205815 -0.205796 -0.205817 -0.205866 -0.316677 -0.316597 -0.31659 -0.316661
3.23 0 0 0 0 -0.0612511 -0.0613002 -0.0613527 -0.0613272 -0.163244 -0.163171 -0.163138 -0.163163 -0.26443 -0.264374 -0.264382 -0.264445
3.25 0 0 0 0 -0.0601312 -0.0598152 -0.0597699 -0.0596117 -0.124589 -0.124469 -0.124467 -0.124369 -0.16158 -0.161529 -0.161516 -0.161552
3.27 0 0 0 0 -0.0348633 -0.0345676 -0.0345832 -0.0344706 -0.0563061 -0.0564351 -0.0564234 -0.0563207 -0.0240315 -0.0240229 -0.02403 -0.0240531
3.29 0 0 0 0 0.00341392 0.00324003 0.00322842 0.00322354 0.042406 0.0423823 0.0424154 0.0424429 0.0976662 0.0976451 0.0976526 0.0976824
3.31 0 0 0 0 0.0597745 0.0596613 0.05973 0.0597443 0.150887 0.150907 0.150862 0.150752 0.192399 0.192336 0.192323 0.192372
3.33 0 0 0 0 0.116464 0.11639 0.116312 0.116106 0.227091 0.227101 0.227087 0.227013 0.261208 0.261149 0.261155 0.26122
3.35 0 0 0 0 0.147098 0.147141 0.147128 0.146818 0.261485 0.261442 0.261433 0.261421 0.309526 0.309464 0.309455 0.309508
3.37 0 0 0 0 0.131523 0.131539 0.131567 0.131642 0.258164 0.258125 0.258123 0.25815 0.325777 0.325714 0.325715 0.325778
3.39 0 0 0 0 0.0886987 0.0888461 0.0887505 0.088743 0.221456 0.221466 0.221468 0.221428 0.301041 0.300969 0.300981 0.30107
3.41 0 0 0 0 0.0506113 0.050557 0.0506022 0.0506631 0.153134 0.153199 0.153237 0.153283 0.229818 0.229749 0.229738 0.229793
3.43 0 0 0 0 0.0291817 0.029168 0.0292449 0.0293076 0.0716551 0.0716377 0.071608 0.0716488 0.117823 0.117806 0.117817 0.117847
3.45 0 0 0 0 0.0107728 0.0108111 0.0107629 0.0106911 -0.00403233 -0.00405584 -0.00405895 -0.00403764 -0.014927 -0.014918 -0.0149231 -0.0149392
3.47 0 0 0 0 -0.0267317 -0.0267028 -0.0267027 -0.0267458 -0.0819972 -0.0819779 -0.0819693 -0.0820209 -0.144864 -0.144833 -0.144833 -0.144866
3.49 0 0 0 0 -0.0770432 -0.0771424 -0.0771477 -0.0771722 -0.168796 -0.168791 -0.168808 -0.168885 -0.244241 -0.244193 -0.244195 -0.244245
3.51 0 0 0 0 -0.120984 -0.121167 -0.121166 -0.121185 -0.247013 -0.24705 -0.247055 -0.247032 -0.303339 -0.303271 -0.303274 -0.303344
3.53 0 0 0 0 -0.146835 -0.146628 -0.146578 -0.146475 -0.288 -0.287982 -0.287959 -0.287902 -0.333092 -0.333023 -0.333026 -0.333103
3.55 0 0 0 0 -0.150159 -0.150217 -0.150307 -0.149921 -0.286311 -0.286308 -0.286321 -0.286287 -0.345901 -0.345815 -0.345803 -0.345874
3.57 0 0 0 0 -0.119349 -0.11935 -0.119311 -0.11913 -0.244383 -0.244307 -0.244258 -0.244231 -0.32304 -0.322974 -0.322982 -0.323049
3.59 0 0 0 0 -0.0669718 -0.0664831 -0.0664122 -0.0662884 -0.171289 -0.171235 -0.171209 -0.171158 -0.248304 -0.248241 -0.248233 -0.248294
3.61 0 0 0 0 -0.019392 -0.0184593 -0.0182392 -0.0179474 -0.0771359 -0.0768947 -0.0768052 -0.0764996 -0.121136 -0.121066 -0.121043 -0.121082
3.63 0 0 0 0 0.0235758 0.023525 0.0233895 0.0232159 0.0279742 0.0278606 0.0278113 0.0278049 0.0366935 0.0366821 0.0366652 0.0366516
3.65 0 0 0 0 0.058573 0.05837 0.0583251 0.0582753 0.138858 0.138844 0.138884 0.138842 0.192188 0.19214 0.19215 0.192202
3.67 0 0 0 0 0.10228 0.101886 0.101871 0.101724 0.243803 0.243703 0.243613 0.24341 0.324963 0.324863 0.324843 0.324922
3.69 0 0 0 0 0.156677 0.156136 0.156031 0.155571 0.328074 0.327955 0.327909 0.327752 0.422207 0.422102 0.422094 0.422192
3.71 0 0 0 0 0.199618 0.199332 0.199348 0.199032 0.383889 0.383807 0.383779 0.38373 0.476316 0.476211 0.476199 0.476294
3.73 0 0 0 0 0.206124 0.206797 0.206662 0.206469 0.400884 0.4009 0.400857 0.400786 0.486381 0.486285 0.486309 0.486426
3.75 0 0 0 0 0.177672 0.177759 0.177699 0.178068 0.364552 0.364589 0.364664 0.364789 0.453197 0.453089 0.453082 0.453176
3.77 0 0 0 0 0.13306 0.135374 0.136314 0.140848 0.279144 0.279726 0.280002 0.280614 0.365022 0.36493 0.364958 0.365086
3.79 0 0 0 0 0.105341 0.105033 0.10405 0.109786 0.189747 0.190442 0.190747 0.191333 0.234705 0.234652 0.234692 0.23474
3.81 0 0 0 0 0.0707858 0.0760832 0.0882782 0.107203 0.106725 0.107535 0.109079 0.110275 0.0804242 0.0803758 0.0802128 0.0800286
3.83 0 0 0 0 0.0594961 0.0509307 0.0393972 0.0593388 0.00824359 0.00765132 0.00723352 0.00727954 -0.0642417 -0.0642238 -0.0642565 -0.0643714
3.85 0 0 0 0 -0.00648841 -0.00401484 -0.00976 -0.0183522 -0.111436 -0.111991 -0.112714 -0.113409 -0.174855 -0.174706 -0.174567 -0.174558
3.87 0 0 0 0 -0.109168 -0.101993 -0.0925808 -0.0995682 -0.213203 -0.21275 -0.211772 -0.211427 -0.250582 -0.250623 -0.250776 -0.250902
3.89 0 0 0 0 -0.174465 -0.181341 -0.185276 -0.191626 -0.274954 -0.275668 -0.276651 -0.27731 -0.301197 -0.301135 -0.301095 -0.301078
3.91 0 0 0 0 -0.212845 -0.215583 -0.214818 -0.213831 -0.312374 -0.312305 -0.312072 -0.311999 -0.333526 -0.333462 -0.333479 -0.333552
3.93 0 0 0 0 -0.192433 -0.192125 -0.192572 -0.19843 -0.323116 -0.323388 -0.323737 -0.324155 -0.355723 -0.355686 -0.355707 -0.355749
3.95 0 0 0 0 -0.154293 -0.153683 -0.155048 -0.163927 -0.307169 -0.307427 -0.307766 -0.308135 -0.369118 -0.369013 -0.369009 -0.369079
3.97 0 0 0 0 -0.132326 -0.131935 -0.130614 -0.13614 -0.267736 -0.2679 -0.26809 -0.268353 -0.359086 -0.358986 -0.358916 -0.358926
3.99 0 0 0 0 -0.116822 -0.117714 -0.118464 -0.125907 -0.233805 -0.233797 -0.234227 -0.234733 -0.317083 -0.316992 -0.31692 -0.316903
4.01 0 0 0 0 -0.0928179 -0.0922604 -0.0921772 -0.088788 -0.195448 -0.195338 -0.195112 -0.194792 -0.234151 -0.234107 -0.234136 -0.234216
4.03 0 0 0 0 -0.056965 -0.0562749 -0.0567696 -0.0577892 -0.123028 -0.123194 -0.123355 -0.123367 -0.130467 -0.130399 -0.130377 -0.13041
4.05 0 0 0 0 -0.0324351 -0.0321121 -0.0313232 -0.0321648 -0.0331079 -0.0330166 -0.0329346 -0.0329566 -0.0338264 -0.0338289 -0.0338296 -0.0338251
4.07 0 0 0 0 -0.00970802 -0.0103252 -0.00999264 -0.00940453 0.0356021 0.0356738 0.0356562 0.0355245 0.0447259 0.0446783 0.0446702 0.0447035
4.09 0 0 0 0 0.0396857 0.0391137 0.0385472 0.0386015 0.0873135 0.0872467 0.0871891 0.0871384 0.121556 0.121531 0.121534 0.121561
4.11 0 0 0 0 0.0961638 0.0965232 0.0966552 0.0961809 0.145671 0.145561 0.145597 0.145688 0.19083 0.190799 0.190788 0.190804
4.13 0 0 0 0 0.11909 0.118942 0.118813 0.117952 0.204173 0.20409 0.204035 0.203965 0.233982 0.233941 0.23394 0.233981
4.15 0 0 0 0 0.109938 0.109355 0.109367 0.113869 0.2325 0.232674 0.232907 0.232989 0.257899 0.257803 0.257759 0.257791
4.17 0 0 0 0 0.113311 0.113484 0.113704 0.116194 0.234498 0.234614 0.234682 0.234854 0.287492 0.287422 0.287422 0.287486
4.19 0 0 0 0 0.119453 0.120146 0.120729 0.123226 0.219045 0.219124 0.219304 0.219594 0.298457 0.298386 0.298351 0.298373
4.21 0 0 0 0 0.107999 0.108688 0.108814 0.111942 0.202011 0.202203 0.202331 0.202522 0.264691 0.26467 0.264718 0.26478
4.23 0 0 0 0 0.0860115 0.0864543 0.0864927 0.0903764 0.177472 0.177666 0.177773 0.177897 0.198071 0.198006 0.197982 0.198012
4.25 0 0 0 0 0.0628671 0.0633151 0.0634647 0.0661805 0.122137 0.122324 0.122464 0.122547 0.120386 0.120364 0.120393 0.120439
4.27 0 0 0 0 0.0477798 0.0480428 0.048088 0.0489833 0.0533743 0.0533484 0.0533847 0.0534809 0.0556036 0.0555942 0.0555697 0.0555483
4.29 0 0 0 0 0.0219554 0.022029 0.0219838 0.0215061 -0.00443168 -0.00455116 -0.00455533 -0.00447727 -0.0024307 -0.0024023 -0.002393 -0.00241194
4.31 0 0 0 0 -0.0273865 -0.0275876 -0.027629 -0.0280741 -0.0512225 -0.0512554 -0.051265 -0.0513011 -0.06572 -0.0657117 -0.0657206 -0.0657386
4.33 0 0 0 0 -0.075769 -0.0763032 -0.0764674 -0.0775408 -0.100484 -0.100473 -0.100549 -0.100732 -0.125006 -0.125004 -0.125008 -0.12501
4.35 0 0 0 0 -0.107287 -0.107982 -0.10811 -0.110114 -0.16457 -0.164635 -0.164707 -0.164854 -0.18085 -0.180824 -0.180826 -0.180845
4.37 0 0 0 0 -0.122204 -0.123066 -0.123346 -0.126064 -0.223889 -0.224119 -0.224219 -0.22428 -0.238642 -0.238595 -0.238618 -0.23868
4.39 0 0 0 0 -0.122214 -0.122659 -0.12292 -0.126359 -0.245935 -0.246098 -0.246219 -0.246339 -0.287459 -0.28739 -0.287397 -0.287463
4.41 0 0 0 0 -0.116479 -0.11654 -0.11655 -0.119766 -0.232559 -0.232638 -0.232853 -0.233179 -0.311098 -0.311028 -0.310998 -0.31103
4.43 0 0 0 0 -0.101065 -0.101059 -0.101441 -0.105428 -0.205303 -0.205352 -0.205553 -0.205736 -0.28917 -0.289086 -0.289022 -0.289023
4.45 0 0 0 0 -0.0775754 -0.0768507 -0.0765047 -0.0807467 -0.175287 -0.175333 -0.175456 -0.17561 -0.222755 -0.2227 -0.222714 -0.222764
4.47 0 0 0 0 -0.0615756 -0.0610574 -0.0602695 -0.0589906 -0.128562 -0.12855 -0.1284 -0.128189 -0.138549 -0.138485 -0.138466 -0.138506
4.49 0 0 0 0 -0.0503791 -0.0510095 -0.0519194 -0.0502152 -0.0650458 -0.0650776 -0.0651569 -0.0651572 -0.0619496 -0.0619479 -0.0619501 -0.0619593
4.51 0 0 0 0 -0.0271907 -0.0272006 -0.0275726 -0.027344 -0.00569781 -0.00562451 -0.00563941 -0.00573368 0.00297094 0.00294272 0.00293895 0.00295878
4.53 0 0 0 0 0.0286381 0.0290626 0.0295484 0.0289808 0.053964 0.0539655 0.0539993 0.0539919 0.0719112 0.0718984 0.0719041 0.0719224
4.55 0 0 0 0 0.0884937 0.0882266 0.0881039 0.0872414 0.12223 0.1221 0.122054 0.12208 0.141581 0.141565 0.141553 0.141557
4.57 0 0 0 0 0.108029 0.107671 0.107711 0.107426 0.181064 0.181044 0.181062 0.181039 0.196343 0.196307 0.196308 0.196346
4.59 0 0 0 0 0.100698 0.100307 0.100252 0.104391 0.212754 0.212838 0.212993 0.213066 0.243447 0.243362 0.243324 0.243353
4.61 0 0 0 0 0.0919648 0.092212 0.0922474 0.0941765 0.21019 0.21035 0.210422 0.210492 0.27672 0.276644 0.276636 0.276699
4.63 0 0 0 0 0.0889383 0.0894232 0.0900367 0.0922623 0.189723 0.18982 0.190034 0.19035 0.276253 0.276193 0.276162 0.276186
4.65 0 0 0 0 0.0834145 0.0837928 0.0838706 0.0864108 0.168906 0.168994 0.169022 0.169156 0.228276 0.228253 0.228288 0.228351
4.67 0 0 0 0 0.08076 0.0810212 0.0811161 0.0839422 0.149923 0.150087 0.150208 0.150308 0.157972 0.157916 0.157901 0.157927
4.69 0 0 0 0 0.0799942 0.0806188 0.0808146 0.0830592 0.116533 0.116656 0.11677 0.116836 0.096029 0.0960139 0.0960319 0.0960501
4.71 0 0 0 0 0.0629262 0.0633138 0.0632477 0.0641986 0.0638416 0.0637891 0.0637965 0.0638642 0.0497525 0.0497534 0.0497411 0.049719
4.73 0 0 0 0 0.0208084 0.0209098 0.0208976 0.0209324 0.00936945 0.00931424 0.00935111 0.00944021 0.0121319 0.0121484 0.0121509 0.0121375
4.75 0 0 0 0 -0.0270954 -0.0273087 -0.027333 -0.027572 -0.0294232 -0.0294198 -0.0294372 -0.0294556 -0.0204962 -0.0204993 -0.0205037 -0.0205018
4.77 0 0 0 0 -0.0579744 -0.0583583 -0.0584236 -0.0590708 -0.0598143 -0.0597677 -0.059807 -0.0598999 -0.0538017 -0.0538076 -0.0538053 -0.0537921
4.79 0 0 0 0 -0.0574212 -0.0577828 -0.0578262 -0.0588291 -0.0837877 -0.0838102 -0.0838342 -0.0838901 -0.0848436 -0.0848348 -0.0848384 -0.0848476
4.81 0 0 0 0 -0.0355196 -0.0358088 -0.0359597 -0.0372423 -0.0909256 -0.0910795 -0.0911304 -0.0911533 -0.10823 -0.1082 -0.10821 -0.108249
4.83 0 0 0 0 -0.0141275 -0.0142589 -0.0143663 -0.0153829 -0.0741889 -0.0743437 -0.0743698 -0.0743862 -0.114201 -0.114167 -0.114177 -0.114222
4.85 0 0 0 0 -0.00959137 -0.00968559 -0.00973986 -0.0103585 -0.0492878 -0.0492897 -0.0493166 -0.0493907 -0.0968417 -0.0968186 -0.0968212 -0.0968455
4.87 0 0 0 0 -0.0186171 -0.0187555 -0.0187853 -0.0191289 -0.0338422 -0.033834 -0.0338589 -0.033939 -0.0567863 -0.0567808 -0.0567834 -0.0567906
4.89 0 0 0 0 -0.0272371 -0.0274036 -0.027412 -0.0276751 -0.0268108 -0.0268207 -0.0268232 -0.0268081 -0.00852883 -0.00853092 -0.00852922 -0.00852357
4.91 0 0 0 0 -0.023835 -0.0239766 -0.0239895 -0.0241196 -0.0122656 -0.0122841 -0.0122926 -0.0122473 0.0273224 0.027313 0.027313 0.0273245
4.93 0 0 0 0 -0.00465088 -0.00466125 -0.00463433 -0.00438222 0.0164636 0.0164932 0.0165013 0.0165214 0.0417782 0.0417652 0.0417695 0.0417866
4.95 0 0 0 0 0.0190042 0.0191439 0.0191903 0.0197389 0.0406067 0.0406638 0.0406813 0.0406638 0.0369764 0.0369634 0.0369648 0.0369779
4.97 0 0 0 0 0.0331024 0.0333238 0.0333679 0.0338644 0.0430614 0.0430911 0.0431068 0.0430985 0.0255651 0.0255617 0.0255634 0.025566
4.99 0 0 0 0 0.0228516 0.0229957 0.0230089 0.0231515 0.0194588 0.0194407 0.0194494 0.0194713 0.0100444 0.0100494 0.0100491 0.0100422
5.01 0 0 0 0 0.000858726 0.000861415 0.00084413 0.000714181 -0.00555165 -0.0055814 -0.0055794 -0.00555069 -0.000726917 -0.000722224 -0.000724083 -0.000731299
5.03 0 0 0 0 -0.0165291 -0.0166346 -0.0166492 -0.0168148 -0.0167871 -0.0167893 -0.0167972 -0.0167997 -0.00684426 -0.00684536 -0.00684472 -0.00684166
5.05 0 0 0 0 -0.0148864 -0.0149828 -0.0149877 -0.015057 -0.0115968 -0.0115802 -0.0115865 -0.0116054 -0.00638593 -0.00639048 -0.0063909 -0.00638517
5.07 0 0 0 0 0.00211888 0.0021307 0.00213026 0.00214393 0.00163791 0.00163854 0.00163884 0.00163659 -0.000683776 -0.000682947 -0.000682399 -0.00068236
5.09 0 0 0 0 0.0175992 0.0177136 0.017723 0.0178234 0.0142362 0.0142206 0.0142285 0.014247 0.00677975 0.00678388 0.00678249 0.00677571
5.11 0 0 0 0 0.0138001 0.0138898 0.0139038 0.0140524 0.0150414 0.0150434 0.0150493 0.0150521 0.0080707 0.00807168 0.00807291 0.00807201
5.13 0 0 0 0 -0.000566283 -0.00056619 -0.00055104 -0.000424785 0.00668498 0.00670807 0.00671015 0.00669789 0.00756539 0.00755969 0.00756012 0.00756594
5.15 0 0 0 0 -0.0126409 -0.0127182 -0.0127215 -0.0127421 -0.00628869 -0.00627528 -0.00627898 -0.00628426 0.00471072 0.0047055 0.00470677 0.00471431
5.17 0 0 0 0 -0.0157815 -0.015882 -0.0158996 -0.0160774 -0.0165317 -0.0165394 -0.0165451 -0.0165369 -0.0039194 -0.00391994 -0.00392034 -0.00391876
5.19 0 0 0 0 -0.00674164 -0.00678936 -0.00680661 -0.00700077 -0.0144236 -0.0144452 -0.01445 -0.0144434 -0.0132993 -0.0132947 -0.013296 -0.0133013
5.21 0 0 0 0 0.00364646 0.00365977 0.00364982 0.00354471 -0.00660412 -0.00661335 -0.00661819 -0.0066329 -0.0209308 -0.0209241 -0.0209249 -0.0209328
5.23 0 0 0 0 0.0059357 0.00596548 0.00596317 0.00590785 -0.00369953 -0.0037037 -0.00370762 -0.00373139 -0.022673 -0.0226673 -0.0226685 -0.0226762
5.25 0 0 0 0 0.00013245 0.000126247 0.000115841 1.06326e-05 -0.00750177 -0.00750928 -0.00751251 -0.00752116 -0.0159318 -0.0159271 -0.0159278 -0.0159333
5.27 0 0 0 0 -0.0128649 -0.0129491 -0.0129632 -0.0131483 -0.0164568 -0.0164671 -0.0164741 -0.0164729 -0.00981298 -0.00981162 -0.00981196 -0.00981236
5.29 0 0 0 0 -0.0241584 -0.024314 -0.0243304 -0.0245563 -0.0240414 -0.024041 -0.0240509 -0.024058 -0.0111452 -0.0111475 -0.0111474 -0.0111433
5.31 0 0 0 0 -0.0208624 -0.0210052 -0.0210267 -0.0212525 -0.0228495 -0.0228464 -0.0228576 -0.0228728 -0.0161857 -0.0161866 -0.0161861 -0.0161833
5.33 0 0 0 0 -0.00541147 -0.00544802 -0.00546352 -0.00565031 -0.0146788 -0.0146902 -0.0146962 -0.0147055 -0.020805 -0.0208 -0.0208011 -0.0208069
5.35 0 0 0 0 0.011913 0.0119856 0.0119787 0.0118956 -0.00150545 -0.00153003 -0.00153081 -0.00153072 -0.0176904 -0.0176804 -0.0176822 -0.0176947
5.37 0 0 0 0 0.0171837 0.0172824 0.0172825 0.0173393 0.00977222 0.0097632 0.00976722 0.00977123 -0.0061717 -0.00616548 -0.00616647 -0.0061751
5.39 0 0 0 0 0.0110304 0.0111079 0.0111255 0.0113226 0.016638 0.0166508 0.0166574 0.0166566 0.0133141 0.0133116 0.0133122 0.0133144
5.41 0 0 0 0 -0.00249851 -0.00250232 -0.00247978 -0.00225792 0.0139119 0.0139379 0.0139453 0.0139503 0.0285096 0.0284981 0.0284997 0.0285128
5.43 0 0 0 0 -0.0159139 -0.016002 -0.01599 -0.0158839 0.0017173 0.00174061 0.00174237 0.00174847 0.0262497 0.026238 0.026241 0.0262567
5.45 0 0 0 0 -0.027652 -0.0278316 -0.0278419 -0.0280051 -0.0212288 -0.021208 -0.0212183 -0.021231 -0.003554 -0.00356156 -0.00356063 -0.00355049
5.47 0 0 0 0 -0.0415953 -0.0418492 -0.0419079 -0.0425566 -0.0591858 -0.0591893 -0.0592169 -0.0592649 -0.0619971 -0.0619911 -0.0619909 -0.0619943
5.49 0 0 0 0 -0.052304 -0.0523973 -0.0525019 -0.053713 -0.102528 -0.102581 -0.10262 -0.102683 -0.128369 -0.128344 -0.128349 -0.128377
5.51 0 0 0 0 -0.0657884 -0.0658454 -0.066028 -0.0676662 -0.144033 -0.144107 -0.144174 -0.144302 -0.187347 -0.187306 -0.187308 -0.187341
5.53 0 0 0 0 -0.0901352 -0.089977 -0.0901021 -0.0923891 -0.179116 -0.179254 -0.179404 -0.179579 -0.231085 -0.231012 -0.230976 -0.231004
5.55 0 0 0 0 -0.111898 -0.111775 -0.11195 -0.115108 -0.207013 -0.20703 -0.207198 -0.20729 -0.253917 -0.253857 -0.253828 -0.253848
5.57 0 0 0 0 -0.118782 -0.118528 -0.118397 -0.121731 -0.221649 -0.221647 -0.221817 -0.22201 -0.257388 -0.257321 -0.257296 -0.257325
5.59 0 0 0 0 -0.100066 -0.099429 -0.0984087 -0.0974822 -0.198516 -0.198449 -0.19828 -0.198106 -0.234208 -0.234149 -0.234155 -0.234217
5.61 0 0 0 0 -0.0509369 -0.0512698 -0.0520418 -0.0498354 -0.122989 -0.123027 -0.12306 -0.122956 -0.16988 -0.169822 -0.169808 -0.169851
5.63 0 0 0 0 -0.000937566 -0.000220683 -0.000657243 -0.000341494 -0.0217361 -0.0216376 -0.0216292 -0.0216353 -0.0636114 -0.0635948 -0.0635863 -0.0635965
5.65 0 0 0 0 0.0499481 0.0503438 0.0505591 0.0499164 0.0790364 0.0790926 0.0791113 0.0790655 0.0768745 0.0768437 0.0768257 0.076836
5.67 0 0 0 0 0.0991657 0.0984429 0.0983859 0.0973409 0.178134 0.177987 0.177927 0.177883 0.229732 0.229698 0.229709 0.229757
5.69 0 0 0 0 0.142205 0.14157 0.141825 0.1411 0.279821 0.279687 0.279696 0.279661 0.366735 0.36664 0.366607 0.366665
5.71 0 0 0 0 0.169391 0.168555 0.168119 0.174291 0.358163 0.35819 0.358403 0.358551 0.45442 0.454296 0.454259 0.454319
5.73 0 0 0 0 0.164195 0.164851 0.165049 0.168343 0.365841 0.366145 0.366369 0.366742 0.460473 0.46034 0.460311 0.460403
5.75 0 0 0 0 0.153788 0.155717 0.157145 0.162013 0.319796 0.320309 0.320488 0.320644 0.406146 0.406078 0.406134 0.40625
5.77 0 0 0 0 0.146568 0.146575 0.146265 0.151845 0.252799 0.25291 0.253109 0.253435 0.309313 0.309244 0.309215 0.309236
5.79 0 0 0 0 0.125184 0.125668 0.125751 0.130491 0.182462 0.182557 0.182851 0.183225 0.193042 0.193027 0.193041 0.19305
5.81 0 0 0 0 0.0891986 0.0899792 0.0901182 0.0924613 0.110874 0.110892 0.110917 0.110986 0.0856074 0.085599 0.0856001 0.0855975
5.83 0 0 0 0 0.0343388 0.03453 0.0344592 0.0349066 0.0265499 0.0265807 0.0266278 0.0266336 -0.00177835 -0.00178254 -0.00180764 -0.00183293
5.85 0 0 0 0 -0.0406528 -0.0410195 -0.0411209 -0.0417435 -0.0716623 -0.0717212 -0.071759 -0.0718056 -0.0796193 -0.0795907 -0.0795681 -0.0795699
5.87 0 0 0 0 -0.110143 -0.110942 -0.111163 -0.113362 -0.162729 -0.162838 -0.162934 -0.163038 -0.15659 -0.156583 -0.156617 -0.156652
5.89 0 0 0 0 -0.15194 -0.15288 -0.152985 -0.155952 -0.232751 -0.23286 -0.23294 -0.233092 -0.239932 -0.239888 -0.239878 -0.239899
5.91 0 0 0 0 -0.163082 -0.164229 -0.164554 -0.168095 -0.281423 -0.281647 -0.28182 -0.282077 -0.325512 -0.325467 -0.325498 -0.325567
5.93 0 0 0 0 -0.15211 -0.153036 -0.153234 -0.157668 -0.305738 -0.306035 -0.306222 -0.306456 -0.387535 -0.387458 -0.387473 -0.387556
5.95 0 0 0 0 -0.145588 -0.145148 -0.14521 -0.150386 -0.309519 -0.309602 -0.309848 -0.310295 -0.408445 -0.408351 -0.408329 -0.408375
5.97 0 0 0 0 -0.152169 -0.151648 -0.152047 -0.159846 -0.296585 -0.296634 -0.297008 -0.297274 -0.383133 -0.382995 -0.382874 -0.38285
5.99 0 0 0 0 -0.15141 -0.151008 -0.151596 -0.147516 -0.27156 -0.2716 -0.271572 -0.271333 -0.318611 -0.318563 -0.318626 -0.318754
6.01 0 0 0 0 -0.126871 -0.126364 -0.126668 -0.129552 -0.219148 -0.219139 -0.219213 -0.219357 -0.236191 -0.236089 -0.236007 -0.236006
6.03 0 0 0 0 -0.0974035 -0.0954464 -0.0935004 -0.0936873 -0.136783 -0.136598 -0.136361 -0.136214 -0.149725 -0.149734 -0.149783 -0.149842
6.05 0 0 0 0 -0.0760117 -0.0778345 -0.0784703 -0.0776842 -0.0455042 -0.0454331 -0.0456081 -0.045863 -0.055858 -0.0558937 -0.0558707 -0.0558144
6.07 0 0 0 0 -0.0321901 -0.0321429 -0.0322134 -0.0315102 0.0207431 0.0208176 0.0208967 0.0208483 0.0458954 0.0458552 0.045832 0.0458531
6.09 0 0 0 0 0.0399548 0.0404633 0.040332 0.0398051 0.0721567 0.0719982 0.0719654 0.0719936 0.132 0.131989 0.131998 0.132018
6.11 0 0 0 0 0.104698 0.104591 0.104458 0.103285 0.141936 0.141744 0.141703 0.141779 0.185186 0.185165 0.185138 0.185133
6.13 0 0 0 0 0.140541 0.139897 0.14014 0.139386 0.222507 0.222523 0.222547 0.222498 0.220476 0.220438 0.220445 0.220493
6.15 0 0 0 0 0.159946 0.159114 0.158976 0.158162 0.272516 0.272539 0.272478 0.272302 0.269573 0.269489 0.269458 0.26951
6.17 0 0 0 0 0.164114 0.163974 0.164499 0.168997 0.274241 0.274335 0.274608 0.27483 0.326624 0.326547 0.326493 0.326497
6.19 0 0 0 0 0.15913 0.159143 0.158764 0.16131 0.264531 0.264434 0.264507 0.264899 0.360723 0.36065 0.360611 0.360634
6.21 0 0 0 0 0.143977 0.144722 0.14543 0.148779 0.264071 0.264193 0.264326 0.264516 0.346474 0.34641 0.346417 0.346483
6.23 0 0 0 0 0.13137 0.131931 0.132152 0.136547 0.260481 0.260886 0.2611 0.261289 0.295431 0.295427 0.295565 0.295702
6.25 0 0 0 0 0.118255 0.119038 0.119297 0.124725 0.218955 0.219216 0.219384 0.219563 0.227129 0.227007 0.226882 0.226852
6.27 0 0 0 0 0.0932261 0.093748 0.0935561 0.0964169 0.134907 0.134968 0.135084 0.135285 0.1491 0.149139 0.149239 0.149299
6.29 0 0 0 0 0.0497054 0.0499314 0.0500008 0.0508963 0.0462182 0.0461604 0.0462504 0.0464382 0.0639099 0.0638862 0.0638254 0.0637794
6.31 0 0 0 0 -0.0102239 -0.0103025 -0.010342 -0.0109528 -0.0249419 -0.0250028 -0.0250528 -0.0250877 -0.027953 -0.027936 -0.0279211 -0.0279215
6.33 0 0 0 0 -0.0611956 -0.0616551 -0.0616784 -0.0625261 -0.082543 -0.0825002 -0.0825206 -0.0826605 -0.108126 -0.108122 -0.108123 -0.108124
6.35 0 0 0 0 -0.0829706 -0.0835517 -0.0836995 -0.0852143 -0.13733 -0.137417 -0.1375 -0.13764 -0.164878 -0.164861 -0.164879 -0.164912
6.37 0 0 0 0 -0.0949976 -0.0956722 -0.0959814 -0.098596 -0.189643 -0.189864 -0.189963 -0.19006 -0.213135 -0.213081 -0.213085 -0.213136
6.39 0 0 0 0 -0.114873 -0.115558 -0.115756 -0.118518 -0.224985 -0.225232 -0.225322 -0.225401 -0.261729 -0.261681 -0.26171 -0.261781
6.41 0 0 0 0 -0.138524 -0.139276 -0.139382 -0.142459 -0.242701 -0.242765 -0.242919 -0.243161 -0.300431 -0.30039 -0.300416 -0.300474
6.43 0 0 0 0 -0.146856 -0.146684 -0.146787 -0.149661 -0.245246 -0.245208 -0.245348 -0.245669 -0.305847 -0.305813 -0.305828 -0.305867
6.45 0 0 0 0 -0.134473 -0.133869 -0.134256 -0.138718 -0.231218 -0.23141 -0.231617 -0.231817 -0.273872 -0.273763 -0.273651 -0.273624
6.47 0 0 0 0 -0.104763 -0.1042 -0.103945 -0.108156 -0.190883 -0.19099 -0.191169 -0.191311 -0.213518 -0.213459 -0.213449 -0.21348
6.49 0 0 0 0 -0.0794399 -0.0795467 -0.0800696 -0.078686 -0.135549 -0.135495 -0.135453 -0.135329 -0.153195 -0.153157 -0.15314 -0.153169
6.51 0 0 0 0 -0.0515085 -0.0512606 -0.0512051 -0.0523533 -0.0700277 -0.0699516 -0.0700333 -0.0701628 -0.0892602 -0.0892563 -0.0892492 -0.0892449
6.53 0 0 0 0 -0.0156638 -0.0153699 -0.014582 -0.0147749 -0.0114745 -0.0113774 -0.0112973 -0.0113113 -0.0181324 -0.0181444 -0.0181569 -0.0181559
6.55 0 0 0 0 0.0322175 0.031732 0.0313762 0.0313418 0.0445171 0.0444062 0.0443552 0.0443716 0.0592432 0.0592472 0.0592601 0.0592704
6.57 0 0 0 0 0.0840751 0.0839111 0.0838041 0.0835682 0.120425 0.120333 0.120343 0.120401 0.14533 0.14531 0.145291 0.145291
6.59 0 0 0 0 0.119359 0.119099 0.119002 0.119722 0.19998 0.199953 0.199979 0.199986 0.224481 0.224428 0.224413 0.224446
6.61 0 0 0 0 0.111315 0.110911 0.111373 0.113702 0.22797 0.228142 0.228298 0.22828 0.264366 0.264283 0.264244 0.264279
6.63 0 0 0 0 0.0924623 0.0921695 0.0923617 0.0953019 0.203816 0.203888 0.204045 0.204346 0.268467 0.268377 0.268331 0.268363
6.65 0 0 0 0 0.114421 0.114663 0.114651 0.117022 0.195616 0.195573 0.195593 0.195764 0.270531 0.270499 0.270509 0.270551
6.67 0 0 0 0 0.130114 0.131318 0.131589 0.13408 0.202354 0.202551 0.202712 0.202912 0.241703 0.241688 0.241735 0.241791
6.69 0 0 0 0 0.125291 0.125703 0.125646 0.129277 0.20396 0.204113 0.204206 0.204338 0.19629 0.196262 0.196273 0.196296
6.71 0 0 0 0 0.092286 0.0926386 0.0930284 0.0967855 0.160492 0.160695 0.160861 0.160958 0.147863 0.14781 0.147801 0.147829
6.73 0 0 0 0 0.0479654 0.0483077 0.0483668 0.0499784 0.0808402 0.0808868 0.0809484 0.0810617 0.103288 0.103286 0.103306 0.103324
6.75 0 0 0 0 -0.00446852 -0.00446354 -0.00458579 -0.00487635 -0.00128031 -0.0013129 -0.00128855 -0.00116463 0.0422354 0.042225 0.0422044 0.0421968
6.77 0 0 0 0 -0.0450088 -0.045249 -0.045235 -0.0455783 -0.0526884 -0.052689 -0.0527075 -0.0527068 -0.0337063 -0.0336958 -0.0336824 -0.033675
6.79 0 0 0 0 -0.0527606 -0.053223 -0.0534174 -0.0543371 -0.0777087 -0.0777187 -0.077778 -0.0779181 -0.103262 -0.103262 -0.103275 -0.103286
6.81 0 0 0 0 -0.0379438 -0.0381746 -0.0381941 -0.0394948 -0.0974889 -0.0975979 -0.097642 -0.097763 -0.147817 -0.147786 -0.147792 -0.147829
6.83 0 0 0 0 -0.0255426 -0.0257772 -0.0259332 -0.027613 -0.110323 -0.110556 -0.110614 -0.110651 -0.159178 -0.15913 -0.159144 -0.159207
6.85 0 0 0 0 -0.0441824 -0.0445392 -0.0447296 -0.0462727 -0.116937 -0.117067 -0.11712 -0.117169 -0.153255 -0.153215 -0.153226 -0.153276
6.87 0 0 0 0 -0.0666829 -0.0671063 -0.0671776 -0.0682357 -0.104627 -0.104651 -0.104695 -0.104768 -0.123462 -0.123448 -0.123453 -0.123467
6.89 0 0 0 0 -0.0702848 -0.0706217 -0.0706367 -0.0714103 -0.0839477 -0.08394 -0.0840025 -0.0841065 -0.0806584 -0.0806627 -0.0806721 -0.0806712
6.91 0 0 0 0 -0.0609009 -0.0610262 -0.0611006 -0.0619 -0.0708591 -0.0708433 -0.0708463 -0.0708708 -0.0526924 -0.0527007 -0.0527168 -0.0527216
6.93 0 0 0 0 -0.0602663 -0.0603352 -0.0603798 -0.0612708 -0.0785713 -0.078608 -0.0786485 -0.0786822 -0.0670721 -0.0670679 -0.0670738 -0.0670792
6.95 0 0 0 0 -0.0585851 -0.0586087 -0.0586947 -0.0596074 -0.0907409 -0.0907503 -0.0907858 -0.0908647 -0.103473 -0.10346 -0.103466 -0.103481
6.97 0 0 0 0 -0.0472992 -0.0472845 -0.0473564 -0.0486876 -0.0948659 -0.094862 -0.0949402 -0.0950832 -0.130874 -0.130839 -0.130807 -0.130802
6.99 0 0 0 0 -0.0313624 -0.0311685 -0.0311875 -0.0325434 -0.0881218 -0.0882062 -0.0882911 -0.0883878 -0.130841 -0.130791 -0.13078 -0.130812
7.01 0 0 0 0 -0.0310558 -0.0309047 -0.0310085 -0.0324016 -0.0803252 -0.0803923 -0.0804547 -0.0804921 -0.112065 -0.112031 -0.112012 -0.112024
7.03 0 0 0 0 -0.0434967 -0.0433588 -0.0434758 -0.0446505 -0.0703727 -0.0703864 -0.0704307 -0.0704933 -0.0814803 -0.0814531 -0.0814311 -0.0814313
7.05 0 0 0 0 -0.0451535 -0.0451112 -0.0450252 -0.045852 -0.0513251 -0.0513185 -0.0513663 -0.0514356 -0.0420952 -0.0420959 -0.0420919 -0.0420817
7.07 0 0 0 0 -0.0201106 -0.0201509 -0.0201861 -0.0205171 -0.0163714 -0.0163739 -0.0163863 -0.0163932 0.00182865 0.00182788 0.00183273 0.00183973
7.09 0 0 0 0 0.0125151 0.0125159 0.0125682 0.0128795 0.023041 0.0230376 0.02305 0.0230684 0.0336247 0.0336153 0.033608 0.0336078
7.11 0 0 0 0 0.038739 0.0385951 0.0385057 0.039005 0.0576401 0.0576555 0.0576839 0.0577014 0.0549692 0.0549585 0.0549551 0.0549599
7.13 0 0 0 0 0.0588879 0.0587607 0.0589099 0.0596702 0.0866563 0.086681 0.0867313 0.0867628 0.0825997 0.0825815 0.0825673 0.0825683
7.15 0 0 0 0 0.0770512 0.0770562 0.0772136 0.0783199 0.115352 0.115372 0.115424 0.115508 0.125792 0.12576 0.125731 0.125729
7.17 0 0 0 0 0.0897492 0.0897817 0.089921 0.091301 0.146077 0.146103 0.14618 0.146307 0.175081 0.175041 0.175018 0.17503
7.19 0 0 0 0 0.0942621 0.0942906 0.0944642 0.0964964 0.173362 0.173422 0.17352 0.17369 0.214414 0.214384 0.214397 0.214433
7.21 0 0 0 0 0.0909737 0.0916664 0.0917691 0.0940916 0.184049 0.184159 0.18421 0.184274 0.229561 0.229521 0.229558 0.229632
7.23 0 0 0 0 0.0813553 0.0816877 0.0818253 0.0844015 0.170134 0.170347 0.170486 0.170659 0.213122 0.213075 0.213077 0.213116
7.25 0 0 0 0 0.0812772 0.081767 0.0820229 0.084709 0.150612 0.150727 0.150815 0.150989 0.183912 0.183874 0.183885 0.183924
7.27 0 0 0 0 0.0849808 0.0854915 0.0855227 0.0879782 0.131374 0.131452 0.131556 0.131713 0.148737 0.14872 0.148719 0.148728
7.29 0 0 0 0 0.0755439 0.0759508 0.0759609 0.0781023 0.107505 0.107585 0.107701 0.107822 0.108474 0.108458 0.108461 0.108471
7.31 0 0 0 0 0.0429392 0.0431929 0.0432846 0.0448252 0.0653077 0.0653541 0.0653953 0.0654464 0.0606001 0.0605894 0.0605867 0.0605882
7.33 0 0 0 0 0.00171955 0.00168566 0.00167634 0.00193417 0.00989503 0.00992334 0.00993949 0.00995364 0.012655 0.0126474 0.0126472 0.0126544
7.35 0 0 0 0 -0.0453358 -0.0456449 -0.045714 -0.0463085 -0.0578843 -0.0578926 -0.0579192 -0.0579466 -0.0475084 -0.0475019 -0.047499 -0.0474997
7.37 0 0 0 0 -0.078178 -0.0786967 -0.0788378 -0.0803955 -0.118101 -0.118168 -0.118228 -0.118302 -0.115744 -0.115732 -0.115743 -0.115762
7.39 0 0 0 0 -0.0895899 -0.0901921 -0.0903284 -0.0923645 -0.159168 -0.159295 -0.159364 -0.159477 -0.182711 -0.182677 -0.182684 -0.18272
7.41 0 0 0 0 -0.0868616 -0.0875146 -0.0877538 -0.0900214 -0.181122 -0.181319 -0.181424 -0.181594 -0.23403 -0.233986 -0.234003 -0.234062
7.43 0 0 0 0 -0.0976728 -0.0982664 -0.098465 -0.100864 -0.204616 -0.204819 -0.204925 -0.205075 -0.270964 -0.270916 -0.270936 -0.271001
7.45 0 0 0 0 -0.128175 -0.128407 -0.128653 -0.131852 -0.235537 -0.235599 -0.235675 -0.235845 -0.291667 -0.29162 -0.291649 -0.291712
7.47 0 0 0 0 -0.163264 -0.163246 -0.163168 -0.166526 -0.259841 -0.259947 -0.260184 -0.260447 -0.294708 -0.294661 -0.294658 -0.294696
7.49 0 0 0 0 -0.169862 -0.169496 -0.169915 -0.175126 -0.255976 -0.255991 -0.256236 -0.256478 -0.274758 -0.274644 -0.274484 -0.27441
7.51 0 0 0 0 -0.145237 -0.144425 -0.144189 -0.148036 -0.228066 -0.228098 -0.228278 -0.22848 -0.245655 -0.24565 -0.245726 -0.245793
7.53 0 0 0 0 -0.0984124 -0.0978866 -0.0969369 -0.0958658 -0.171833 -0.171741 -0.171582 -0.171474 -0.205951 -0.205863 -0.205783 -0.205782
7.55 0 0 0 0 -0.0467061 -0.0471365 -0.0478687 -0.0458633 -0.0984843 -0.0984363 -0.0984119 -0.0983323 -0.146868 -0.146859 -0.1469 -0.146963
7.57 0 0 0 0 -0.00544844 -0.0053982 -0.00614294 -0.00599353 -0.0286948 -0.0286549 -0.0287228 -0.0287642 -0.0635645 -0.0635396 -0.0635213 -0.0635268
7.59 0 0 0 0 0.0204058 0.0210574 0.0216443 0.0211266 0.0273146 0.0273486 0.0274166 0.0274566 0.0310421 0.0310412 0.0310461 0.0310527
7.61 0 0 0 0 0.0283291 0.0279202 0.0278445 0.027219 0.0691821 0.0690837 0.0690191 0.0689661 0.108373 0.10834 0.108323 0.108339
7.63 0 0 0 0 0.042417 0.0418707 0.0419258 0.0418287 0.112331 0.112276 0.112277 0.112231 0.164817 0.164768 0.164765 0.164809
7.65 0 0 0 0 0.0744157 0.0740483 0.074044 0.0737035 0.15427 0.154217 0.154192 0.15412 0.199572 0.199525 0.199522 0.199566
7.67 0 0 0 0 0.11663 0.116309 0.116089 0.115935 0.190788 0.190788 0.190805 0.190786 0.220649 0.220596 0.220567 0.220589
7.69 0 0 0 0 0.143714 0.143526 0.144057 0.146396 0.217078 0.217106 0.21728 0.217536 0.234272 0.234235 0.234219 0.234233
7.71 0 0 0 0 0.141037 0.140884 0.14094 0.144017 0.221855 0.221907 0.222005 0.222154 0.239674 0.239599 0.239531 0.239524
7.73 0 0 0 0 0.116443 0.116795 0.116766 0.119082 0.198621 0.198677 0.198761 0.198938 0.233168 0.233126 0.23312 0.23315
7.75 0 0 0 0 0.0877672 0.0886986 0.0890393 0.0910682 0.163917 0.164037 0.16412 0.164221 0.213029 0.213022 0.213095 0.213178
7.77 0 0 0 0 0.0556479 0.0555534 0.0556284 0.0576869 0.121496 0.121634 0.121704 0.121819 0.164728 0.164686 0.164672 0.164691
7.79 0 0 0 0 0.0304187 0.0304393 0.0306187 0.0323909 0.0763975 0.0765174 0.0765942 0.0766638 0.0973766 0.0973526 0.0973737 0.0974145
7.81 0 0 0 0 0.0206727 0.0208689 0.0208 0.021246 0.031649 0.0316677 0.0316896 0.0316964 0.0292246 0.0292194 0.0292228 0.0292311
7.83 0 0 0 0 0.0143167 0.0144865 0.0144585 0.0141029 -0.00928793 -0.00936433 -0.00936461 -0.00935383 -0.0280405 -0.028028 -0.0280486 -0.0280833
7.85 0 0 0 0 -0.0103896 -0.0105153 -0.0105705 -0.0112076 -0.0499699 -0.0500694 -0.0500995 -0.0501338 -0.0773826 -0.0773501 -0.0773353 -0.077352
7.87 0 0 0 0 -0.0543476 -0.0547993 -0.0549466 -0.0560875 -0.095932 -0.0959943 -0.0960385 -0.0961243 -0.12145 -0.121442 -0.121466 -0.1215
7.89 0 0 0 0 -0.0897194 -0.0901628 -0.0902163 -0.0916055 -0.137743 -0.137803 -0.13788 -0.137989 -0.152 -0.151982 -0.151982 -0.151994
7.91 0 0 0 0 -0.108846 -0.109487 -0.109691 -0.111674 -0.172392 -0.172473 -0.172529 -0.172578 -0.179934 -0.179919 -0.179959 -0.180012
7.93 0 0 0 0 -0.109815 -0.109674 -0.109732 -0.111766 -0.186746 -0.186826 -0.186893 -0.186981 -0.205956 -0.205916 -0.205913 -0.20594
7.95 0 0 0 0 -0.100837 -0.100637 -0.10094 -0.103043 -0.181237 -0.181293 -0.181436 -0.181649 -0.225426 -0.22534 -0.225264 -0.225266
7.97 0 0 0 0 -0.0873545 -0.0872604 -0.0875252 -0.0896668 -0.166578 -0.166564 -0.166666 -0.166864 -0.223801 -0.223771 -0.223785 -0.223822
7.99 0 0 0 0 -0.0697555 -0.0693079 -0.0690112 -0.0713888 -0.14586 -0.145869 -0.145966 -0.146029 -0.191077 -0.191014 -0.190974 -0.190981
8.01 0 0 0 0 -0.0553457 -0.0550917 -0.055384 -0.0540662 -0.112551 -0.112577 -0.112554 -0.112394 -0.134181 -0.134143 -0.134138 -0.134175
8.03 0 0 0 0 -0.0370673 -0.0369002 -0.0371325 -0.0380373 -0.0570318 -0.0570188 -0.0570557 -0.0570992 -0.0609519 -0.0609446 -0.0609488 -0.060961
8.05 0 0 0 0 -0.00498465 -0.00480455 -0.00408207 -0.00428385 0.013241 0.013303 0.0133461 0.0132946 0.0223083 0.0223008 0.0223134 0.0223338
8.07 0 0 0 0 0.0437772 0.0432256 0.0430188 0.0427807 0.0844954 0.0844374 0.084397 0.0843557 0.106546 0.106511 0.10649 0.106502
8.09 0 0 0 0 0.0928234 0.0924753 0.0923315 0.0921099 0.151457 0.15137 0.151363 0.15138 0.182753 0.182727 0.182734 0.182766
8.11 0 0 0 0 0.114354 0.114143 0.11429 0.117196 0.197632 0.197696 0.197875 0.198012 0.231945 0.23188 0.231833 0.231836
8.13 0 0 0 0 0.115714 0.115661 0.115683 0.117657 0.217888 0.217944 0.217965 0.218093 0.256547 0.256479 0.256459 0.256503
8.15 0 0 0 0 0.117367 0.117586 0.117918 0.120446 0.216472 0.216595 0.216781 0.217013 0.266163 0.26609 0.266041 0.266054
8.17 0 0 0 0 0.123066 0.123535 0.123813 0.126601 0.208314 0.20838 0.208444 0.208549 0.259621 0.25961 0.259671 0.259746
8.19 0 0 0 0 0.118027 0.118283 0.118307 0.121388 0.197547 0.197724 0.197885 0.198106 0.231147 0.231122 0.231152 0.231194
8.21 0 0 0 0 0.104794 0.10567 0.106146 0.110106 0.182525 0.182711 0.182866 0.183048 0.195941 0.195871 0.195835 0.195846
8.23 0 0 0 0 0.0874271 0.087947 0.0877547 0.0908843 0.149541 0.149668 0.149761 0.149881 0.160585 0.160578 0.160627 0.160676
8.25 0 0 0 0 0.061667 0.0620075 0.0621217 0.0646855 0.099166 0.099262 0.0994208 0.0996213 0.120384 0.120349 0.120311 0.120298
8.27 0 0 0 0 0.0137888 0.01383 0.0138639 0.0144938 0.0307099 0.0307193 0.030717 0.0307706 0.0526855 0.0526888 0.0527113 0.0527321
8.29 0 0 0 0 -0.0356467 -0.0359159 -0.0359607 -0.0364746 -0.0377489 -0.0377206 -0.037732 -0.0377676 -0.0310759 -0.0310832 -0.0310928 -0.0310925
8.31 0 0 0 0 -0.0709389 -0.0713722 -0.0714038 -0.0726073 -0.105664 -0.105692 -0.105736 -0.105842 -0.119914 -0.119904 -0.119908 -0.119918
8.33 0 0 0 0 -0.0863643 -0.0870159 -0.0872845 -0.0893888 -0.166124 -0.166294 -0.166393 -0.166524 -0.199193 -0.199152 -0.199161 -0.199208
8.35 0 0 0 0 -0.0863658 -0.0869972 -0.0872614 -0.089947 -0.198878 -0.199133 -0.199224 -0.199349 -0.250246 -0.250192 -0.250216 -0.250292
8.37 0 0 0 0 -0.0845541 -0.08509 -0.0852965 -0.0877385 -0.198189 -0.198425 -0.198529 -0.198643 -0.263431 -0.26337 -0.263383 -0.263452
8.39 0 0 0 0 -0.0885411 -0.08897 -0.089105 -0.0915014 -0.177856 -0.177915 -0.177983 -0.178157 -0.238203 -0.238161 -0.238184 -0.238233
8.41 0 0 0 0 -0.0949815 -0.0949421 -0.0949136 -0.0967408 -0.151279 -0.151292 -0.151416 -0.151581 -0.183074 -0.183053 -0.183055 -0.18308
8.43 0 0 0 0 -0.0821779 -0.0822219 -0.0823704 -0.0838659 -0.112736 -0.112713 -0.112782 -0.112896 -0.10744 -0.107427 -0.10743 -0.107437
8.45 0 0 0 0 -0.0468745 -0.0466941 -0.0467584 -0.0477165 -0.0546477 -0.0546912 -0.0547377 -0.0547608 -0.030748 -0.0307368 -0.0307048 -0.0306759
8.47 0 0 0 0 0.00124574 0.00124261 0.00129886 0.00163201 0.0154328 0.0154168 0.0154271 0.0154733 0.0306712 0.0306742 0.0306752 0.0306749
8.49 0 0 0 0 0.0491646 0.0490359 0.0490804 0.0497272 0.0800712 0.0801216 0.0801674 0.0801953 0.0790174 0.0789802 0.0789533 0.0789587
8.51 0 0 0 0 0.081658 0.081752 0.0819487 0.0831359 0.122334 0.122382 0.122446 0.122506 0.121232 0.121214 0.121208 0.121217
8.53 0 0 0 0 0.0924358 0.0924684 0.0926007 0.0940874 0.142048 0.142059 0.142118 0.142236 0.159361 0.159349 0.159366 0.15939
8.55 0 0 0 0 0.0862884 0.0867846 0.0868609 0.0884858 0.152382 0.152422 0.152472 0.152601 0.189896 0.189871 0.189898 0.189943
8.57 0 0 0 0 0.071103 0.0715297 0.0717007 0.0736284 0.153997 0.154113 0.154206 0.154314 0.199596 0.199549 0.199547 0.199587
8.59 0 0 0 0 0.0569805 0.0573896 0.0575229 0.0597205 0.140859 0.141086 0.14117 0.141242 0.182902 0.182861 0.182888 0.182954
8.61 0 0 0 0 0.0526169 0.0529981 0.0531305 0.0549669 0.112918 0.113055 0.113118 0.113232 0.144695 0.144661 0.144655 0.144676
8.63 0 0 0 0 0.0519561 0.0522517 0.0523124 0.0535079 0.0786419 0.0786728 0.0787315 0.078845 0.0926767 0.0926681 0.0926803 0.0926987
8.65 0 0 0 0 0.033038 0.0332039 0.0332171 0.0337814 0.0347712 0.0347544 0.034782 0.0348258 0.0266722 0.026675 0.0266697 0.0266584
8.67 0 0 0 0 -0.00215818 -0.00218415 -0.00221077 -0.00250112 -0.0163812 -0.0164063 -0.0164246 -0.0164841 -0.0382151 -0.0382098 -0.0382112 -0.038218
8.69 0 0 0 0 -0.0442493 -0.0445487 -0.0446084 -0.0454833 -0.0755859 -0.0756242 -0.0756587 -0.0757412 -0.0944372 -0.0944231 -0.0944266 -0.0944429
8.71 0 0 0 0 -0.0805356 -0.0811115 -0.081293 -0.0829525 -0.134002 -0.134103 -0.134171 -0.134255 -0.143673 -0.143651 -0.143661 -0.143689
8.73 0 0 0 0 -0.0973562 -0.098022 -0.0982297 -0.100342 -0.170275 -0.170424 -0.170501 -0.170583 -0.183458 -0.183423 -0.183434 -0.183473
8.75 0 0 0 0 -0.100346 -0.100882 -0.101006 -0.103032 -0.183036 -0.183215 -0.183313 -0.183434 -0.216268 -0.216234 -0.216255 -0.216305
8.77 0 0 0 0 -0.0992038 -0.099502 -0.0997572 -0.10214 -0.184883 -0.184904 -0.184964 -0.185094 -0.236782 -0.23675 -0.236778 -0.236833
8.79 0 0 0 0 -0.100134 -0.100146 -0.100157 -0.102238 -0.184699 -0.184693 -0.184834 -0.185095 -0.237178 -0.23714 -0.237138 -0.237169
8.81 0 0 0 0 -0.103533 -0.103114 -0.103338 -0.106352 -0.179934 -0.180066 -0.1802 -0.180358 -0.216033 -0.215961 -0.215905 -0.215906
8.83 0 0 0 0 -0.0998648 -0.0995805 -0.0997578 -0.102857 -0.162569 -0.162654 -0.162781 -0.16286 -0.178515 -0.178448 -0.178395 -0.17839
8.85 0 0 0 0 -0.0874821 -0.0872251 -0.0869789 -0.0895998 -0.133628 -0.133633 -0.133773 -0.133896 -0.13981 -0.1398 -0.139814 -0.139829
8.87 0 0 0 0 -0.0715077 -0.0715711 -0.0718893 -0.0708133 -0.103473 -0.103426 -0.10344 -0.103444 -0.112198 -0.112163 -0.112118 -0.112111
8.89 0 0 0 0 -0.0489105 -0.0486165 -0.0486282 -0.0496253 -0.0728159 -0.0727668 -0.0727637 -0.072821 -0.0877943 -0.0877993 -0.0878272 -0.0878497
8.91 0 0 0 0 -0.0249485 -0.0246251 -0.0239849 -0.0239801 -0.0460115 -0.0459743 -0.0459263 -0.0459047 -0.0614623 -0.0614382 -0.0614139 -0.0614116
8.93 0 0 0 0 -0.00464483 -0.00492353 -0.00520655 -0.00503414 -0.0212608 -0.0212911 -0.0213195 -0.021295 -0.031098 -0.0310915 -0.0311065 -0.0311289
8.95 0 0 0 0 0.0107289 0.0107329 0.0106516 0.0108282 0.0087561 0.00876216 0.00877714 0.00880512 0.00642581 0.00643371 0.00644538 0.00644944
8.97 0 0 0 0 0.026247 0.0263318 0.0263833 0.0261702 0.0450175 0.0450099 0.0450018 0.0449824 0.0511394 0.051124 0.0511138 0.051118
8.99 0 0 0 0 0.039651 0.0394287 0.0393393 0.0389118 0.0766664 0.0766378 0.0766178 0.0765753 0.0936073 0.093585 0.0935842 0.0936068
9.01 0 0 0 0 0.056747 0.0564912 0.0565721 0.0563142 0.105139 0.105093 0.105094 0.105079 0.132731 0.1327 0.132693 0.132716
9.03 0 0 0 0 0.0802718 0.0799038 0.079728 0.0810136 0.137369 0.137309 0.137341 0.137399 0.169008 0.168972 0.168956 0.16897
9.05 0 0 0 0 0.0986046 0.0983419 0.0983949 0.0995545 0.167629 0.167698 0.167809 0.167875 0.195718 0.195672 0.195649 0.195666
9.07 0 0 0 0 0.108843 0.109026 0.109591 0.111872 0.188549 0.188637 0.188749 0.188912 0.214843 0.214785 0.214753 0.214772
9.09 0 0 0 0 0.11299 0.112949 0.112753 0.114836 0.191584 0.191609 0.191678 0.191851 0.224168 0.224107 0.224065 0.224072
9.11 0 0 0 0 0.1066 0.106728 0.107062 0.109482 0.178415 0.178475 0.178587 0.1787 0.217179 0.217163 0.217201 0.217252
9.13 0 0 0 0 0.0901884 0.0907881 0.0910996 0.0933768 0.159412 0.159523 0.159601 0.159715 0.192723 0.192707 0.192757 0.192818
9.15 0 0 0 0 0.0623229 0.0627823 0.0626882 0.0649619 0.125295 0.125455 0.125564 0.125689 0.14707 0.147021 0.146989 0.146999
9.17 0 0 0 0 0.0265156 0.0266816 0.0267523 0.0281441 0.0674537 0.0675813 0.0676268 0.0676834 0.0819764 0.0819651 0.0820021 0.0820501
9.19 0 0 0 0 -0.0031963 -0.00321603 -0.00310884 -0.00294458 2.80716e-05 2.03263e-05 -1.65784e-06 1.62209e-05 0.00992714 0.00992032 0.00989633 0.00987611
9.21 0 0 0 0 -0.0271336 -0.0274255 -0.0276223 -0.0285568 -0.0597141 -0.0597873 -0.0597919 -0.0598027 -0.0640079 -0.0639884 -0.0639787 -0.0639856
9.23 0 0 0 0 -0.0488816 -0.0491397 -0.0491738 -0.050497 -0.103048 -0.103169 -0.103225 -0.10331 -0.131184 -0.131157 -0.131171 -0.131213
9.25 0 0 0 0 -0.0701831 -0.0706054 -0.0707542 -0.0722892 -0.137584 -0.13772 -0.137795 -0.137913 -0.182747 -0.182724 -0.182741 -0.182778
9.27 0 0 0 0 -0.0896478 -0.0902652 -0.0904392 -0.0923906 -0.169114 -0.169167 -0.169237 -0.169338 -0.212007 -0.211966 -0.211981 -0.212033
9.29 0 0 0 0 -0.105841 -0.105626 -0.105785 -0.107954 -0.190851 -0.190911 -0.19098 -0.191112 -0.221248 -0.22122 -0.221252 -0.221302
9.31 0 0 0 0 -0.119551 -0.119511 -0.119775 -0.12205 -0.196985 -0.197113 -0.197242 -0.197383 -0.222027 -0.221954 -0.2219 -0.221907
9.33 0 0 0 0 -0.12024 -0.120342 -0.120497 -0.122924 -0.187354 -0.187353 -0.187491 -0.187695 -0.214199 -0.214143 -0.214081 -0.214069
9.35 0 0 0 0 -0.0985654 -0.0980187 -0.0977164 -0.100522 -0.164426 -0.164442 -0.164551 -0.164687 -0.192293 -0.192282 -0.192307 -0.192337
9.37 0 0 0 0 -0.0642946 -0.0640116 -0.0643602 -0.0627789 -0.127366 -0.127335 -0.127299 -0.127167 -0.155868 -0.155794 -0.155738 -0.155754
9.39 0 0 0 0 -0.0309044 -0.0306318 -0.0309128 -0.0317768 -0.0733423 -0.0733203 -0.0733685 -0.0733755 -0.102645 -0.102636 -0.102671 -0.102712
9.41 0 0 0 0 6.98465e-05 0.000339504 0.00104439 0.00077375 -0.00920142 -0.00913065 -0.0090748 -0.00906983 -0.0285135 -0.0284936 -0.0284691 -0.02846
9.43 0 0 0 0 0.0327053 0.0322674 0.032131 0.0319365 0.0548123 0.0547738 0.0547449 0.0547193 0.0610439 0.0610214 0.0610021 0.0610044
9.45 0 0 0 0 0.0576963 0.0573698 0.0572203 0.0570562 0.109488 0.109421 0.109407 0.109389 0.144489 0.144462 0.144465 0.144495
9.47 0 0 0 0 0.0822636 0.0820762 0.0821004 0.0818807 0.160879 0.160808 0.1608 0.160769 0.211589 0.211536 0.211521 0.211556
9.49 0 0 0 0 0.106438 0.105999 0.106137 0.108909 0.204437 0.204572 0.20475 0.204853 0.254431 0.254361 0.254324 0.254344
9.51 0 0 0 0 0.127792 0.127698 0.127851 0.13059 0.231195 0.23123 0.231316 0.231513 0.273323 0.273256 0.273231 0.273269
9.53 0 0 0 0 0.148061 0.148327 0.148488 0.151216 0.241415 0.241444 0.241591 0.241845 0.278985 0.278913 0.278865 0.278873
9.55 0 0 0 0 0.155272 0.156502 0.156901 0.160052 0.242071 0.242216 0.242327 0.242476 0.274446 0.274453 0.274559 0.27465
9.57 0 0 0 0 0.138456 0.13894 0.138931 0.143445 0.230143 0.230325 0.230487 0.230707 0.256778 0.256721 0.256683 0.256689
9.59 0 0 0 0 0.0926664 0.0929971 0.0931811 0.0974618 0.18553 0.185806 0.186022 0.186249 0.215274 0.215226 0.21525 0.215313
9.61 0 0 0 0 0.0362429 0.0365951 0.0368775 0.0395186 0.103916 0.104074 0.104133 0.104246 0.144268 0.144227 0.144221 0.144249
9.63 0 0 0 0 -0.00131471 -0.00133221 -0.00143891 -0.0010522 0.019013 0.0190533 0.0191069 0.0192149 0.0557427 0.0557308 0.0557297 0.0557424
9.65 0 0 0 0 -0.0179841 -0.0181199 -0.018201 -0.0186168 -0.041229 -0.0412973 -0.0413157 -0.0413043 -0.0378201 -0.0377983 -0.0377884 -0.0378027
9.67 0 0 0 0 -0.0326902 -0.0329459 -0.0330716 -0.0343542 -0.0855275 -0.0856456 -0.0857119 -0.0858317 -0.128337 -0.12832 -0.128341 -0.128377
9.69 0 0 0 0 -0.0566313 -0.0570151 -0.0570721 -0.0587939 -0.131682 -0.131803 -0.131858 -0.132029 -0.197211 -0.197173 -0.197181 -0.197224
9.71 0 0 0 0 -0.0834406 -0.0840972 -0.0843425 -0.0866849 -0.177363 -0.177567 -0.177673 -0.177816 -0.229612 -0.229563 -0.229575 -0.229631
9.73 0 0 0 0 -0.114589 -0.115386 -0.115654 -0.118208 -0.213291 -0.213462 -0.213556 -0.213653 -0.239737 -0.239692 -0.239716 -0.239779
9.75 0 0 0 0 -0.142382 -0.14304 -0.143093 -0.145994 -0.229199 -0.229331 -0.229437 -0.229543 -0.245394 -0.245358 -0.245371 -0.245409
9.77 0 0 0 0 -0.146722 -0.146625 -0.146793 -0.149361 -0.218585 -0.218519 -0.218666 -0.218913 -0.242906 -0.242896 -0.242928 -0.242963
9.79 0 0 0 0 -0.121503 -0.121092 -0.121383 -0.124657 -0.190049 -0.19013 -0.190292 -0.190553 -0.225616 -0.225528 -0.225421 -0.22538
9.81 0 0 0 0 -0.0793919 -0.0790388 -0.0790955 -0.0820831 -0.154122 -0.154231 -0.154379 -0.15449 -0.190974 -0.19093 -0.190929 -0.190964
9.83 0 0 0 0 -0.0432538 -0.0431061 -0.0429973 -0.045622 -0.110753 -0.110778 -0.110867 -0.11093 -0.143927 -0.143874 -0.143853 -0.14387
9.85 0 0 0 0 -0.0261374 -0.026044 -0.0260868 -0.0257704 -0.0609463 -0.0609286 -0.0609259 -0.060893 -0.0869901 -0.0869587 -0.086944 -0.0869597
9.87 0 0 0 0 -0.0174233 -0.0173437 -0.0174035 -0.0181146 -0.0139193 -0.0138712 -0.0138918 -0.0139696 -0.0214687 -0.0214828 -0.0214968 -0.0214957
9.89 0 0 0 0 0.00209912 0.00212742 0.00249663 0.00256728 0.0276996 0.0277055 0.0277295 0.0277115 0.0489878 0.0489758 0.0489912 0.0490171
9.91 0 0 0 0 0.0361067 0.0357299 0.0355053 0.0354991 0.0720958 0.0719983 0.071962 0.0719656 0.111485 0.111456 0.111435 0.11144
9.93 0 0 0 0 0.0742455 0.0740034 0.0739878 0.0757122 0.126956 0.126948 0.127054 0.127156 0.159143 0.159112 0.159105 0.159121
9.95 0 0 0 0 0.106466 0.106105 0.106041 0.107612 0.18016 0.18021 0.180287 0.18033 0.195693 0.195644 0.195617 0.195633
9.97 0 0 0 0 0.127672 0.127757 0.128182 0.130331 0.213103 0.21324 0.213375 0.213516 0.230267 0.230194 0.230142 0.230155
9.99 0 0 0 0 0.137476 0.137772 0.138046 0.140808 0.223261 0.223292 0.223388 0.223629 0.261565 0.261529 0.261528 0.261554
10.01 0 0 0 0 0.130332 0.131248 0.131162 0.133928 0.222307 0.222384 0.222477 0.222643 0.276272 0.276262 0.276341 0.276425
10.03 0 0 0 0 0.109003 0.109506 0.109869 0.114221 0.215015 0.215274 0.215474 0.215709 0.264926 0.264844 0.264797 0.264815
10.05 0 0 0 0 0.0913925 0.0917813 0.0919362 0.096021 0.195114 0.195355 0.195501 0.195691 0.233684 0.233644 0.233696 0.233778
10.07 0 0 0 0 0.0798501 0.0803552 0.08058 0.0843395 0.152235 0.152415 0.152579 0.152792 0.183701 0.183648 0.183619 0.183631
10.09 0 0 0 0 0.0606898 0.0610306 0.0609972 0.0631038 0.0903666 0.0904165 0.0905157 0.0906835 0.110553 0.11055 0.110562 0.110572
10.11 0 0 0 0 0.0185828 0.0186578 0.0186287 0.0189211 0.0161672 0.0161487 0.0161601 0.0161903 0.0142542 0.0142576 0.0142554 0.0142467
10.13 0 0 0 0 -0.0404399 -0.0407249 -0.0407929 -0.0414551 -0.0677702 -0.0678033 -0.0678416 -0.0679332 -0.0911953 -0.0911889 -0.0911971 -0.0912111
10.15 0 0 0 0 -0.093321 -0.0939816 -0.0941753 -0.0962426 -0.155495 -0.155586 -0.155673 -0.155844 -0.186159 -0.186132 -0.186137 -0.186164
10.17 0 0 0 0 -0.126758 -0.127613 -0.127796 -0.130809 -0.231434 -0.231641 -0.231744 -0.23189 -0.263016 -0.262966 -0.262984 -0.263045
10.19 0 0 0 0 -0.146154 -0.147153 -0.147487 -0.151053 -0.279335 -0.279635 -0.279788 -0.279954 -0.323758 -0.323696 -0.323723 -0.323804
10.21 0 0 0 0 -0.15351 -0.154259 -0.154404 -0.158399 -0.290259 -0.290399 -0.290562 -0.290785 -0.357139 -0.357078 -0.357108 -0.357188
10.23 0 0 0 0 -0.157872 -0.157566 -0.157601 -0.161324 -0.278177 -0.27823 -0.278435 -0.278794 -0.355237 -0.355185 -0.355198 -0.355252
10.25 0 0 0 0 -0.160215 -0.15956 -0.1601 -0.165897 -0.262921 -0.263001 -0.263254 -0.263449 -0.32123 -0.3211 -0.320933 -0.320859
10.27 0 0 0 0 -0.147969 -0.147177 -0.146807 -0.151685 -0.241163 -0.241227 -0.241444 -0.241708 -0.262541 -0.262515 -0.262573 -0.262638
10.29 0 0 0 0 -0.11962 -0.119195 -0.118084 -0.116578 -0.191018 -0.190877 -0.190654 -0.190488 -0.196145 -0.196067 -0.196003 -0.196018
10.31 0 0 0 0 -0.0780043 -0.0785869 -0.0795072 -0.0768967 -0.111196 -0.11119 -0.111249 -0.111215 -0.128575 -0.128582 -0.128616 -0.128659
10.33 0 0 0 0 -0.0250247 -0.0249911 -0.0258978 -0.0257493 -0.0270852 -0.0270223 -0.0270805 -0.0271598 -0.0501218 -0.0501163 -0.0500972 -0.0500826
10.35 0 0 0 0 0.0394198 0.0401937 0.0409269 0.040203 0.0494372 0.0494761 0.0495641 0.0496038 0.0462119 0.0462089 0.0462128 0.0462216
10.37 0 0 0 0 0.0921828 0.0917064 0.0915856 0.0904749 0.123816 0.123659 0.123583 0.123588 0.145788 0.145773 0.145751 0.145745
10.39 0 0 0 0 0.112086 0.111417 0.111476 0.110997 0.193068 0.193005 0.193018 0.193002 0.229547 0.229501 0.229498 0.229544
10.41 0 0 0 0 0.116543 0.115937 0.115866 0.116071 0.24068 0.240649 0.240629 0.240519 0.292092 0.292008 0.291989 0.292049
10.43 0 0 0 0 0.127387 0.127239 0.127873 0.1309 0.258675 0.258868 0.259095 0.259273 0.330541 0.330439 0.330387 0.330426
10.45 0 0 0 0 0.146328 0.146193 0.146072 0.149867 0.257505 0.257492 0.257626 0.257986 0.333647 0.333578 0.33354 0.333552
10.47 0 0 0 0 0.156453 0.157151 0.157187 0.160229 0.248824 0.248846 0.24889 0.249064 0.29743 0.297383 0.297391 0.297436
10.49 0 0 0 0 0.147086 0.14793 0.148421 0.151866 0.230945 0.231211 0.231434 0.231581 0.239208 0.239216 0.239329 0.239426
10.51 0 0 0 0 0.118336 0.119033 0.119246 0.123385 0.189379 0.189568 0.189717 0.189856 0.182744 0.182663 0.182567 0.182539
10.53 0 0 0 0 0.0747354 0.0749833 0.0747302 0.0773975 0.120486 0.120574 0.120645 0.120796 0.133272 0.13329 0.133364 0.13342
10.55 0 0 0 0 0.0226782 0.0229061 0.0230933 0.0242185 0.0437896 0.0438267 0.0439119 0.0440808 0.0783217 0.0782925 0.0782546 0.0782364
10.57 0 0 0 0 -0.0223518 -0.0224825 -0.022562 -0.023132 -0.0163421 -0.0163547 -0.0163868 -0.0163816 0.0102177 0.0102131 0.0102183 0.0102313
10.59 0 0 0 0 -0.0519584 -0.0523127 -0.0522802 -0.0528426 -0.0640731 -0.064038 -0.0640478 -0.0641293 -0.0686416 -0.0686321 -0.068618 -0.0686106
10.61 0 0 0 0 -0.0611398 -0.0616398 -0.0618126 -0.0630112 -0.110251 -0.110332 -0.110398 -0.110526 -0.143094 -0.143085 -0.14311 -0.143145
10.63 0 0 0 0 -0.0657291 -0.066199 -0.0664417 -0.0686121 -0.155411 -0.155615 -0.155704 -0.155826 -0.201865 -0.201812 -0.201816 -0.201869
10.65 0 0 0 0 -0.0811917 -0.0817027 -0.0818791 -0.084348 -0.188239 -0.188487 -0.188558 -0.188616 -0.239724 -0.23967 -0.239691 -0.239761
10.67 0 0 0 0 -0.107229 -0.107891 -0.108003 -0.110418 -0.204031 -0.20412 -0.204249 -0.204421 -0.253923 -0.25388 -0.253906 -0.253964
10.69 0 0 0 0 -0.13118 -0.131097 -0.131347 -0.133805 -0.208412 -0.208349 -0.208441 -0.208686 -0.245893 -0.245871 -0.245885 -0.245913
10.71 0 0 0 0 -0.13772 -0.137704 -0.137781 -0.140401 -0.203345 -0.203458 -0.2036 -0.20376 -0.222197 -0.222156 -0.222138 -0.222155
10.73 0 0 0 0 -0.120694 -0.120696 -0.120895 -0.124185 -0.185175 -0.185295 -0.185485 -0.185654 -0.192852 -0.192759 -0.19264 -0.192596
10.75 0 0 0 0 -0.0849488 -0.0843344 -0.0840534 -0.0871609 -0.147167 -0.14721 -0.147286 -0.147399 -0.162156 -0.162159 -0.162224 -0.162279
10.77 0 0 0 0 -0.0420752 -0.0419172 -0.042316 -0.0416877 -0.0914703 -0.0914247 -0.0914596 -0.0914497 -0.125002 -0.124929 -0.12485 -0.124834
10.79 0 0 0 0 -0.00544992 -0.00523166 -0.00525131 -0.00616568 -0.0314217 -0.0313664 -0.0313796 -0.0313966 -0.0700157 -0.0700207 -0.0700616 -0.070099
10.81 0 0 0 0 0.0204848 0.0205982 0.0211552 0.0210593 0.0200899 0.0201247 0.0201788 0.0202104 0.00482116 0.00482691 0.00484054 0.00484895
10.83 0 0 0 0 0.0382734 0.0378238 0.0375356 0.0373693 0.0653386 0.0652487 0.0651966 0.0651812 0.087463 0.0874503 0.0874462 0.0874545
10.85 0 0 0 0 0.0508045 0.0505732 0.0504968 0.0509122 0.110717 0.11067 0.110693 0.110695 0.158258 0.158216 0.158203 0.158229
10.87 0 0 0 0 0.0687391 0.0685173 0.0687363 0.0704414 0.153922 0.15398 0.154096 0.154125 0.204684 0.204624 0.204601 0.204631
10.89 0 0 0 0 0.0946129 0.0943735 0.0944647 0.0965527 0.184988 0.185029 0.185093 0.18529 0.226313 0.226254 0.226237 0.226276
10.91 0 0 0 0 0.120469 0.120349 0.120396 0.122466 0.198187 0.198275 0.198406 0.198596 0.229262 0.229196 0.229141 0.229137
10.93 0 0 0 0 0.131206 0.131566 0.131993 0.134547 0.196948 0.196993 0.197078 0.197158 0.219356 0.219336 0.219353 0.219385
10.95 0 0 0 0 0.117574 0.118398 0.118389 0.120726 0.184678 0.184773 0.184872 0.184984 0.20065 0.200644 0.20071 0.200776
10.97 0 0 0 0 0.0852589 0.0858003 0.0859199 0.0890275 0.156973 0.157123 0.157247 0.157416 0.176188 0.176134 0.176094 0.176095
10.99 0 0 0 0 0.0489622 0.0491301 0.0492212 0.0514417 0.111942 0.112095 0.112169 0.112279 0.143518 0.143497 0.143535 0.143592
11.01 0 0 0 0 0.0196568 0.0197874 0.0199552 0.0212885 0.0583456 0.0584379 0.0585038 0.0586105 0.095468 0.0954411 0.095427 0.0954349
11.03 0 0 0 0 -0.00172167 -0.00173042 -0.00177612 -0.00169769 0.00787288 0.00788528 0.00790137 0.00794308 0.0277637 0.0277578 0.0277615 0.027773
11.05 0 0 0 0 -0.019295 -0.0194084 -0.0194621 -0.0198365 -0.0372485 -0.0372828 -0.0373084 -0.0373508 -0.050233 -0.0502198 -0.050217 -0.0502265
11.07 0 0 0 0 -0.0358526 -0.0361266 -0.036238 -0.037324 -0.0822975 -0.082383 -0.0824305 -0.082536 -0.120898 -0.120882 -0.120898 -0.120929
11.09 0 0 0 0 -0.0560818 -0.0564871 -0.0566121 -0.0583319 -0.127912 -0.128059 -0.128127 -0.128247 -0.17134 -0.1713 -0.171303 -0.171345
11.11 0 0 0 0 -0.0814337 -0.0820262 -0.0822366 -0.084262 -0.165724 -0.165904 -0.165971 -0.166041 -0.200655 -0.200619 -0.200639 -0.200693
11.13 0 0 0 0 -0.106849 -0.107449 -0.107504 -0.109619 -0.187554 -0.18765 -0.187742 -0.187846 -0.214542 -0.214506 -0.214525 -0.214569
11.15 0 0 0 0 -0.121859 -0.121737 -0.122001 -0.124206 -0.192258 -0.192239 -0.192314 -0.19248 -0.21721 -0.21719 -0.217215 -0.217252
11.17 0 0 0 0 -0.118008 -0.117967 -0.118109 -0.120279 -0.182919 -0.183001 -0.183124 -0.183283 -0.209456 -0.209406 -0.209368 -0.209373
