0.005 -0.0657825 -0.0657825 -0.0657825 -0.0657825 -0.00130856 -0.00115431 -0.00115439 -0.00130956 0.000212076 0.000155953 0.00015595 0.000211742 -2.18299e-05 -1.44902e-05 -1.44824e-05 -2.18307e-05
0.025 0.0165061 0.0165061 0.0165061 0.0165061 -0.00964364 -0.00970606 -0.00970506 -0.00964314 -0.000708656 -0.000679086 -0.000678502 -0.000709445 0.000441511 0.000435049 0.000434759 0.00044073
0.045 0.0160203 0.0160203 0.0160203 0.0160203 0.00357196 0.00359686 0.00359702 0.00357227 -0.00701303 -0.0070473 -0.00704702 -0.0070133 0.000517783 0.000523904 0.00052344 0.000516734
0.065 0.0144386 0.0144386 0.0144386 0.0144386 0.0176586 0.0177344 0.0177334 0.0176523 -0.00329918 -0.00334854 -0.00334749 -0.00329688 -0.00484677 -0.00483186 -0.00483092 -0.00484552
0.085 0.0126977 0.0126977 0.0126977 0.0126977 0.0172154 0.0172261 0.01723 0.0172189 0.0110666 0.0110933 0.011095 0.0110726 -0.0101199 -0.0101154 -0.0101149 -0.0101184
0.105 0.0101744 0.0101744 0.0101744 0.0101744 0.0117618 0.0117316 0.0117319 0.0117644 0.016754 0.0168042 0.0168038 0.0167568 -0.00239588 -0.0024 -0.00239938 -0.00239468
0.125 0.0067954 0.0067954 0.0067954 0.0067954 0.00910512 0.00912066 0.00911985 0.00910385 0.00971063 0.00969 0.00968674 0.009704 0.016798 0.0168018 0.0168084 0.0168099
0.145 0.00332266 0.00332266 0.00332266 0.00332266 0.00458633 0.00461022 0.00461002 0.0045852 0.00722147 0.00717612 0.0071751 0.00722072 0.0308105 0.0308121 0.0308149 0.0308164
0.165 0.000667216 0.000667216 0.000667216 0.000667216 -0.000125141 -0.000159011 -0.000157788 -0.000121585 0.0159807 0.0159891 0.0159894 0.0159818 0.0305087 0.030498 0.0304979 0.0305069
0.185 -0.000582332 -0.000582332 -0.000582332 -0.000582332 0.00462552 0.00458951 0.00459 0.00462689 0.0227164 0.0227514 0.0227514 0.0227179 0.0229899 0.0229779 0.0229773 0.0229896
0.205 -0.000671926 -0.000671926 -0.000671926 -0.000671926 0.0155664 0.0156083 0.0156081 0.0155663 0.0196244 0.0196179 0.0196175 0.0196236 0.0168942 0.0168936 0.0168936 0.016894
0.225 6.44683e-05 6.44683e-05 6.44683e-05 6.44683e-05 0.0167679 0.0168329 0.0168326 0.0167674 0.0141902 0.014165 0.0141647 0.0141895 0.0127491 0.0127536 0.0127536 0.0127492
0.245 0.00212967 0.00212967 0.00212967 0.00212967 0.0051322 0.00512531 0.00512524 0.00513205 0.0104275 0.0104383 0.0104382 0.0104274 0.0093239 0.00932056 0.00932064 0.00932409
0.265 0.00331945 0.00331945 0.00331945 0.00331945 -0.0047841 -0.00483198 -0.00483192 -0.00478397 0.00305017 0.00307107 0.00307115 0.00305036 0.00689124 0.00688458 0.00688457 0.00689121
0.285 0.00309081 0.00309081 0.00309081 0.00309081 -0.00464704 -0.00466033 -0.00466127 -0.00465217 -0.00685768 -0.00687218 -0.00687222 -0.00685779 0.00239701 0.00239804 0.00239808 0.00239709
0.305 0.0022829 0.0022829 0.0022829 0.0022829 -0.00127242 -0.00125264 -0.0012485 -0.00126922 -0.0105707 -0.0105887 -0.0105904 -0.0105641 -0.00797294 -0.00796651 -0.00796736 -0.00797383
0.325 0.00209458 0.00209458 0.00209458 0.00209458 -0.000969835 -0.000971069 -0.000969338 -0.000963682 -0.00812619 -0.00811302 -0.00811519 -0.00813078 -0.0201541 -0.0201508 -0.0201458 -0.020147
0.345 0.00386455 0.00386455 0.00386455 0.00386455 -0.00168264 -0.00169911 -0.00169842 -0.00168072 -0.00881838 -0.00879282 -0.00879298 -0.00881845 -0.0250932 -0.0250892 -0.0250875 -0.0250892
0.365 0.00799873 0.00799873 0.00799873 0.00799873 -0.00151073 -0.00151127 -0.00151099 -0.00150942 -0.0144987 -0.0145042 -0.0145049 -0.0145006 -0.02074 -0.0207322 -0.0207317 -0.0207389
0.385 0.0130625 0.0130625 0.0130625 0.0130625 -0.0016344 -0.00163853 -0.00163854 -0.00163407 -0.0163383 -0.016358 -0.0163579 -0.0163378 -0.0139181 -0.0139101 -0.0139104 -0.0139189
0.405 0.0148863 0.0148863 0.0148863 0.0148863 3.18729e-05 7.2537e-06 7.05818e-06 3.12851e-05 -0.00937795 -0.00937926 -0.00937897 -0.00937734 -0.00975548 -0.00975137 -0.0097516 -0.00975595
0.425 0.0135417 0.0135417 0.0135417 0.0135417 0.00667617 0.00665902 0.0066589 0.00667591 0.00145697 0.00146928 0.00146938 0.00145717 -0.00582716 -0.00582518 -0.0058253 -0.00582743
0.445 0.0106329 0.0106329 0.0106329 0.0106329 0.0151622 0.0151819 0.0151819 0.0151622 0.0106742 0.0106753 0.0106752 0.0106741 0.00234901 0.00235234 0.00235235 0.00234902
0.465 0.00752237 0.00752237 0.00752237 0.00752237 0.0179162 0.0179486 0.0179486 0.0179163 0.0182223 0.0182156 0.0182156 0.0182223 0.0152392 0.0152404 0.0152404 0.0152392
0.485 0.0059821 0.0059821 0.0059821 0.0059821 0.013881 0.0138819 0.0138772 0.0138821 0.0245511 0.0245502 0.024545 0.0245308 0.029782 0.0297752 0.0297739 0.0297789
0.505 0.00450153 0.00450153 0.00450153 0.00450153 0.0105878 0.0105672 0.0105641 0.010581 0.0281026 0.0281063 0.0281075 0.0281007 0.0415856 0.0415781 0.0415838 0.0415963
0.525 0.0025011 0.0025011 0.0025011 0.0025011 0.0123809 0.0123826 0.0123827 0.0123819 0.0295696 0.0295642 0.0295669 0.029578 0.0461887 0.0461808 0.0461828 0.0461932
0.545 -0.000966208 -0.000966208 -0.000966208 -0.000966208 0.0157259 0.015751 0.0157503 0.0157235 0.0310342 0.0310255 0.0310259 0.0310366 0.0419069 0.0418996 0.0418999 0.0419078
0.565 -0.00400347 -0.00400347 -0.00400347 -0.00400347 0.0152446 0.0152682 0.0152678 0.0152446 0.0305667 0.0305727 0.0305722 0.0305654 0.0323874 0.0323793 0.0323786 0.0323858
0.585 -0.00568455 -0.00568455 -0.00568455 -0.00568455 0.00990652 0.00992012 0.00992024 0.00990674 0.0234051 0.0234164 0.023416 0.0234041 0.0231039 0.0230966 0.0230964 0.0231033
0.605 -0.00637538 -0.00637538 -0.00637538 -0.00637538 0.00144193 0.00145117 0.00145131 0.00144221 0.00956319 0.00956063 0.00956065 0.00956325 0.0148967 0.0148925 0.0148924 0.0148964
0.625 -0.00549087 -0.00549087 -0.00549087 -0.00549087 -0.00788059 -0.00788675 -0.00788674 -0.00788059 -0.00516623 -0.00517555 -0.00517545 -0.00516601 0.00379143 0.00378981 0.00378987 0.00379157
0.645 -0.0062262 -0.0062262 -0.0062262 -0.0062262 -0.0143433 -0.0143504 -0.0143454 -0.0143274 -0.016558 -0.0165632 -0.0165643 -0.0165627 -0.0126137 -0.0126128 -0.0126128 -0.0126132
0.665 -0.00567925 -0.00567925 -0.00567925 -0.00567925 -0.0163068 -0.016316 -0.0162949 -0.016269 -0.0251046 -0.025091 -0.0250952 -0.0251011 -0.0313087 -0.0313157 -0.0313176 -0.0313249
0.685 -0.00617477 -0.00617477 -0.00617477 -0.00617477 -0.0158532 -0.0158531 -0.0158502 -0.0158475 -0.0327378 -0.0327352 -0.0327392 -0.032745 -0.0465337 -0.0465232 -0.0465283 -0.04654
0.705 -0.00386949 -0.00386949 -0.00386949 -0.00386949 -0.0174156 -0.0174174 -0.0174203 -0.0174196 -0.0389065 -0.0389058 -0.0389064 -0.0389076 -0.0543887 -0.0543758 -0.0543757 -0.0543884
0.725 -0.00156324 -0.00156324 -0.00156324 -0.00156324 -0.0208127 -0.0208293 -0.0208299 -0.0208126 -0.0421045 -0.0421025 -0.0421013 -0.0421021 -0.05437 -0.0543597 -0.0543594 -0.0543703
0.745 0.00226736 0.00226736 0.00226736 0.00226736 -0.0217357 -0.02177 -0.0217684 -0.0217332 -0.0410716 -0.041069 -0.0410679 -0.0410693 -0.0485466 -0.0485368 -0.0485362 -0.048545
0.765 0.00630246 0.00630246 0.00630246 0.00630246 -0.0162126 -0.0162426 -0.0162421 -0.0162118 -0.0345812 -0.0345833 -0.0345832 -0.0345807 -0.0397026 -0.0396934 -0.0396932 -0.0397022
0.785 0.00552324 0.00552324 0.00552324 0.00552324 -0.00562083 -0.00561972 -0.00561995 -0.00562123 -0.0218342 -0.0218422 -0.0218425 -0.0218348 -0.0290737 -0.0290644 -0.0290643 -0.0290735
0.805 0.00385147 0.00385147 0.00385147 0.00385147 0.00354911 0.00356137 0.00356121 0.00354879 -0.00474942 -0.00474685 -0.00474698 -0.00474968 -0.0150463 -0.0150412 -0.0150412 -0.0150463
0.825 0.0072336 0.0072336 0.0072336 0.0072336 0.00921266 0.0092063 0.0092063 0.00921266 0.0110455 0.0110606 0.0110607 0.0110456 0.0047438 0.00474232 0.0047423 0.00474376
0.845 0.00702893 0.00702893 0.00702893 0.00702893 0.0146095 0.014619 0.014619 0.0146096 0.0225388 0.0225353 0.0225353 0.0225389 0.0282447 0.0282407 0.0282407 0.0282447
0.865 0.00660258 0.00660258 0.00660258 0.00660258 0.018799 0.0188098 0.0188038 0.0187604 0.0333169 0.0332979 0.0332933 0.033296 0.0484297 0.0484214 0.0484198 0.0484213
0.885 0.00825386 0.00825386 0.00825386 0.00825386 0.0220941 0.0220995 0.0221064 0.022105 0.0446984 0.044704 0.0447095 0.0447077 0.0602307 0.060221 0.0602241 0.060236
0.905 0.0118869 0.0118869 0.0118869 0.0118869 0.028037 0.0280408 0.0280489 0.0280595 0.0523603 0.0523746 0.0523798 0.0523738 0.0642819 0.0642694 0.0642707 0.0642866
0.925 0.0166719 0.0166719 0.0166719 0.0166719 0.0357853 0.0358103 0.0358121 0.0357899 0.0537465 0.0537432 0.0537428 0.0537448 0.06291 0.0629015 0.0629028 0.0629131
0.945 0.0248966 0.0248966 0.0248966 0.0248966 0.0399653 0.039991 0.039992 0.0399662 0.0512413 0.0512345 0.0512332 0.0512392 0.0573169 0.0573111 0.0573101 0.0573147
0.965 0.0298118 0.0298118 0.0298118 0.0298118 0.0391886 0.0392013 0.0392005 0.0391866 0.0466956 0.0466954 0.0466946 0.0466939 0.0489385 0.0489352 0.0489359 0.0489399
0.985 0.0305022 0.0305022 0.0305022 0.0305022 0.035921 0.035928 0.0359278 0.0359208 0.0397229 0.0397248 0.0397252 0.0397237 0.0398382 0.0398361 0.0398355 0.039837
1.005 0.021741 0.021741 0.021741 0.021741 0.0299767 0.0300019 0.0300018 0.0299766 0.0311889 0.0311814 0.0311814 0.031189 0.0309679 0.0309686 0.030969 0.0309687
1.025 0.0120994 0.0120994 0.0120994 0.0120994 0.0188231 0.0188363 0.0188364 0.0188234 0.0223759 0.0223754 0.0223755 0.0223762 0.0223416 0.02234 0.0223398 0.0223411
1.045 0.0068377 0.0068377 0.0068377 0.0068377 0.00556317 0.00554221 0.00554218 0.00556311 0.011817 0.0118287 0.0118286 0.0118168 0.0139775 0.0139731 0.0139732 0.0139779
1.065 0.00391361 0.00391361 0.00391361 0.00391361 -0.00277712 -0.00279949 -0.00279946 -0.00277705 -0.00112437 -0.00112359 -0.00112357 -0.00112431 0.00460795 0.00460604 0.00460592 0.00460769
1.085 -0.00176982 -0.00176982 -0.00176982 -0.00176982 -0.0063354 -0.00632911 -0.00632914 -0.00633547 -0.0119787 -0.011994 -0.0119941 -0.0119788 -0.00824856 -0.00824493 -0.00824483 -0.00824835
1.105 0.00277934 0.00277934 0.00277934 0.00277934 -0.00901349 -0.00903487 -0.00903484 -0.00901343 -0.0180438 -0.0180374 -0.0180373 -0.0180437 -0.0235898 -0.0235857 -0.0235858 -0.02359
1.125 0.000830154 0.000830154 0.000830154 0.000830154 -0.00892053 -0.00892806 -0.00892808 -0.00892057 -0.0228389 -0.022831 -0.022831 -0.022839 -0.0358868 -0.0358794 -0.0358793 -0.0358866
1.145 -0.00463078 -0.00463078 -0.00463078 -0.00463078 -0.00974588 -0.00972613 -0.00972611 -0.00974584 -0.0273915 -0.0273972 -0.0273972 -0.0273915 -0.0410708 -0.04106 -0.0410601 -0.0410709
1.165 -0.00542724 -0.00542724 -0.00542724 -0.00542724 -0.0159492 -0.0159557 -0.0159557 -0.0159493 -0.0297 -0.0296983 -0.0296983 -0.0297001 -0.0392077 -0.0392003 -0.0392002 -0.0392076
1.185 0.00083516 0.00083516 0.00083516 0.00083516 -0.0212606 -0.0213138 -0.0213138 -0.0212607 -0.0301182 -0.0301046 -0.0301046 -0.0301182 -0.0327071 -0.0327046 -0.0327046 -0.0327071
1.205 0.0200746 0.0200746 0.0200746 0.0200746 -0.0139238 -0.0139972 -0.0139973 -0.0139238 -0.0283149 -0.0283093 -0.0283094 -0.0283149 -0.0255405 -0.0255355 -0.0255355 -0.0255404
1.225 0.0286665 0.0286665 0.0286665 0.0286665 0.00784935 0.00785252 0.00785253 0.00784938 -0.0184859 -0.0185141 -0.0185141 -0.0184859 -0.0212378 -0.0212226 -0.0212226 -0.0212378
1.245 0.0302284 0.0302284 0.0302284 0.0302284 0.0280892 0.0281323 0.0281323 0.0280892 0.00341988 0.00340784 0.00340783 0.00341987 -0.0167301 -0.0167143 -0.0167143 -0.0167301
1.265 0.0269388 0.0269388 0.0269388 0.0269388 0.0358731 0.0358966 0.0358966 0.0358732 0.0275067 0.0275355 0.0275356 0.0275068 -0.00104272 -0.00103744 -0.00103746 -0.00104276
1.285 0.0228861 0.0228861 0.0228861 0.0228861 0.034506 0.0345153 0.0345153 0.034506 0.0409239 0.0409439 0.0409439 0.0409239 0.0314351 0.0314318 0.0314318 0.0314352
1.305 0.00916853 0.00916853 0.00916853 0.00916853 0.0282394 0.0282775 0.0282777 0.0282409 0.0468645 0.046833 0.046832 0.0468595 0.0692234 0.0692152 0.0692156 0.0692175
1.325 -0.00470797 -0.00470797 -0.00470797 -0.00470797 0.0180974 0.0181178 0.0181482 0.0181554 0.0558929 0.0558802 0.0559009 0.055928 0.0937564 0.0937431 0.0937507 0.0937691
1.345 -0.0143711 -0.0143711 -0.0143711 -0.0143711 0.012375 0.0123511 0.0123569 0.0123832 0.0650833 0.0651061 0.0651114 0.0650966 0.0978115 0.0977851 0.0977908 0.0978267
1.365 -0.0216975 -0.0216975 -0.0216975 -0.0216975 0.0163993 0.0164154 0.0164087 0.0163882 0.0634456 0.0634572 0.0634577 0.0634457 0.0859753 0.0859502 0.0859513 0.0859771
1.385 -0.0236103 -0.0236103 -0.0236103 -0.0236103 0.0186504 0.0187193 0.0187151 0.0186408 0.0498823 0.0498682 0.0498663 0.0498778 0.0640524 0.0640385 0.0640393 0.064054
1.405 -0.0121656 -0.0121656 -0.0121656 -0.0121656 0.00904913 0.00907141 0.00907161 0.00904941 0.0290216 0.0290256 0.0290254 0.0290213 0.0359981 0.0359872 0.0359863 0.0359961
1.425 -0.000663664 -0.000663664 -0.000663664 -0.000663664 -0.00388847 -0.00391456 -0.00391363 -0.00388641 0.00209834 0.00211029 0.00211051 0.00209885 0.00528123 0.00527666 0.00527676 0.00528141
1.445 0.00101252 0.00101252 0.00101252 0.00101252 -0.0120384 -0.0120419 -0.0120414 -0.0120374 -0.0261473 -0.0261613 -0.026161 -0.0261467 -0.0269294 -0.0269216 -0.0269218 -0.0269298
1.465 0.00396714 0.00396714 0.00396714 0.00396714 -0.0188951 -0.0189394 -0.0189493 -0.0189514 -0.0472873 -0.0473132 -0.047318 -0.0473124 -0.059473 -0.0594677 -0.0594703 -0.0594878
1.485 0.00628259 0.00628259 0.00628259 0.00628259 -0.0251461 -0.0251845 -0.0251707 -0.0251258 -0.0604833 -0.0604692 -0.0604527 -0.0604572 -0.0861388 -0.0861233 -0.0861192 -0.0861325
1.505 0.00733541 0.00733541 0.00733541 0.00733541 -0.0280607 -0.0280823 -0.0280702 -0.0280268 -0.0697142 -0.0696939 -0.0696842 -0.0696881 -0.099371 -0.0993447 -0.0993416 -0.0993606
1.525 0.011164 0.011164 0.011164 0.011164 -0.0278863 -0.0279145 -0.0279117 -0.0278823 -0.0735569 -0.073565 -0.0735669 -0.0735643 -0.0975495 -0.0975255 -0.0975242 -0.0975484
1.545 0.00311212 0.00311212 0.00311212 0.00311212 -0.0263992 -0.0264033 -0.0264017 -0.0263985 -0.0666604 -0.0666782 -0.0666802 -0.0666638 -0.0846124 -0.0845902 -0.0845921 -0.0846157
1.565 0.00289709 0.00289709 0.00289709 0.00289709 -0.0252384 -0.0252833 -0.0252839 -0.025239 -0.0488851 -0.0488723 -0.048873 -0.0488866 -0.063705 -0.0636932 -0.063692 -0.0637026
1.585 0.0113176 0.0113176 0.0113176 0.0113176 -0.0154246 -0.0154917 -0.0154914 -0.0154239 -0.0280224 -0.0279993 -0.0279985 -0.0280206 -0.0355653 -0.0355618 -0.0355626 -0.0355671
1.605 -0.0124605 -0.0124605 -0.0124605 -0.0124605 0.00269546 0.00277517 0.00277499 0.00269505 -0.00526053 -0.00530176 -0.00530172 -0.00526046 -0.00407986 -0.00407121 -0.00407062 -0.0040786
1.625 -0.0331162 -0.0331162 -0.0331162 -0.0331162 0.00492902 0.00501114 0.00501122 0.00492918 0.0233586 0.0233457 0.0233458 0.0233589 0.0260467 0.0260399 0.0260395 0.0260461
1.645 -0.039549 -0.039549 -0.039549 -0.039549 -0.00751732 -0.00754765 -0.00754771 -0.00751746 0.0442661 0.0443199 0.0443197 0.0442657 0.0559263 0.0558955 0.0558956 0.0559267
1.665 -0.0365197 -0.0365197 -0.0365197 -0.0365197 -0.0118269 -0.0118644 -0.0118644 -0.0118267 0.0439259 0.0439435 0.0439435 0.0439259 0.0818072 0.0817741 0.081774 0.0818069
1.685 -0.0217498 -0.0217498 -0.0217498 -0.0217498 -0.00296497 -0.00295248 -0.00295251 -0.00296511 0.0350884 0.0350419 0.0350419 0.0350884 0.0875996 0.0875794 0.0875795 0.0875997
1.705 0.00368539 0.00368539 0.00368539 0.00368539 0.012107 0.0121013 0.0121013 0.012107 0.0348307 0.0348113 0.0348114 0.0348308 0.0640573 0.0640446 0.0640445 0.0640571
1.725 0.0164934 0.0164934 0.0164934 0.0164934 0.0312374 0.0312556 0.0312556 0.0312373 0.0376598 0.0376809 0.0376809 0.0376597 0.0254725 0.0254695 0.0254696 0.0254727
1.745 0.0301954 0.0301954 0.0301954 0.0301954 0.043946 0.0439928 0.0439928 0.0439461 0.0305846 0.0306087 0.0306088 0.0305847 -0.00397591 -0.00396682 -0.00396687 -0.0039761
1.765 0.0257498 0.0257498 0.0257498 0.0257498 0.0386488 0.0387385 0.0387384 0.0386487 0.0136858 0.013667 0.0136669 0.0136858 -0.0130119 -0.0129939 -0.0129938 -0.0130118
1.785 0.00713462 0.00713462 0.00713462 0.00713462 0.0101833 0.0102262 0.0102262 0.0101834 -0.00213244 -0.00215332 -0.00215331 -0.00213241 -0.00803269 -0.00802375 -0.00802379 -0.00803276
1.805 0.0191683 0.0191683 0.0191683 0.0191683 -0.0225962 -0.0227533 -0.0227533 -0.0225962 -0.0144357 -0.0143897 -0.0143897 -0.0144357 -0.00097022 -0.000981998 -0.000981965 -0.000970152
1.825 0.0143669 0.0143669 0.0143669 0.0143669 -0.0220255 -0.0221134 -0.0221133 -0.0220254 -0.0262019 -0.026214 -0.026214 -0.0262018 -0.00226581 -0.00226695 -0.00226699 -0.00226589
1.845 0.00202326 0.00202326 0.00202326 0.00202326 -0.0014031 -0.00133888 -0.00133887 -0.0014031 -0.0241226 -0.024183 -0.0241829 -0.0241226 -0.0185619 -0.0185458 -0.0185458 -0.0185619
1.865 0.0094544 0.0094544 0.0094544 0.0094544 0.0091092 0.00911961 0.00911961 0.00910921 -0.00725981 -0.00723082 -0.00723082 -0.00725981 -0.0387538 -0.0387445 -0.0387445 -0.0387538
1.885 0.00556646 0.00556646 0.00556646 0.00556646 0.0112747 0.0112785 0.0112785 0.0112747 0.00069822 0.000751688 0.000751684 0.000698209 -0.0398345 -0.0398291 -0.0398291 -0.0398345
1.905 -0.00730771 -0.00730771 -0.00730771 -0.00730771 0.00440395 0.00446663 0.00446662 0.00440394 -0.00664851 -0.0066674 -0.0066674 -0.00664851 -0.0172726 -0.0172635 -0.0172635 -0.0172726
1.925 -0.00997961 -0.00997961 -0.00997961 -0.00997961 -0.0153818 -0.0153853 -0.0153853 -0.0153818 -0.0119952 -0.0120262 -0.0120262 -0.0119952 0.0098091 0.00980743 0.00980744 0.00980911
1.945 -0.00764869 -0.00764869 -0.00764869 -0.00764869 -0.0288422 -0.0289445 -0.0289446 -0.0288421 -0.00772658 -0.00771441 -0.00771441 -0.00772658 0.0230505 0.0230342 0.0230342 0.0230505
1.965 0.00597683 0.00597683 0.00597683 0.00597683 -0.0154493 -0.0155462 -0.0155462 -0.0154493 -0.000419312 -0.000397495 -0.000397503 -0.000419329 0.0189973 0.0189845 0.0189845 0.0189973
1.985 0.037704 0.037704 0.037704 0.037704 0.022049 0.0220325 0.0220325 0.022049 0.00744449 0.00743778 0.00743778 0.00744448 0.00464303 0.00465069 0.00465069 0.00464303
2.005 0.0409629 0.0409629 0.0409629 0.0409629 0.0575841 0.0577181 0.0577181 0.0575839 0.0216864 0.0216434 0.0216434 0.0216864 -0.00826114 -0.00823494 -0.00823493 -0.00826106
2.025 0.0655612 0.0655612 0.0655612 0.0655612 0.0642065 0.0642207 0.0642208 0.0642065 0.0401421 0.0401823 0.0401823 0.0401421 -0.00447475 -0.00446111 -0.00446113 -0.00447479
2.045 0.0802226 0.0802226 0.0802226 0.0802226 0.0605161 0.0604579 0.0604579 0.0605159 0.0475049 0.0475489 0.047549 0.0475051 0.0248546 0.0248588 0.0248589 0.0248546
2.065 0.0632024 0.0632024 0.0632024 0.0632024 0.0620727 0.0621234 0.06213 0.0620842 0.0499355 0.0498747 0.049873 0.0499311 0.0658403 0.0658502 0.0658503 0.0658408
2.085 0.0251893 0.0251893 0.0251893 0.0251893 0.0538954 0.0539849 0.0539468 0.0538489 0.0686535 0.0685932 0.0685934 0.0686541 0.0952897 0.0952858 0.0952856 0.0952888
2.105 0.00193059 0.00193059 0.00193059 0.00193059 0.0347226 0.0346779 0.0346658 0.0347111 0.0936949 0.0937588 0.093777 0.0937233 0.109772 0.109741 0.109751 0.10979
2.125 0.0135031 0.0135031 0.0135031 0.0135031 0.0291683 0.0290519 0.0290552 0.0291729 0.094718 0.0948043 0.0948148 0.0947383 0.118931 0.118891 0.118895 0.118939
2.145 0.0384333 0.0384333 0.0384333 0.0384333 0.049548 0.0495671 0.0495742 0.0495591 0.0737923 0.073744 0.0737449 0.0737954 0.117254 0.11724 0.117239 0.117247
2.165 0.0490061 0.0490061 0.0490061 0.0490061 0.0712066 0.0713325 0.0713343 0.0712109 0.0651442 0.0650465 0.0650438 0.0651375 0.0904144 0.0904237 0.0904219 0.0904122
2.185 0.0262033 0.0262033 0.0262033 0.0262033 0.0682076 0.0683065 0.0683061 0.0682069 0.074645 0.0746576 0.0746563 0.0746422 0.0490815 0.0490813 0.0490807 0.04908
2.205 0.00549265 0.00549265 0.00549265 0.00549265 0.0416745 0.0416728 0.0416721 0.0416731 0.0671846 0.0672852 0.0672854 0.0671849 0.0254562 0.0254409 0.0254413 0.025457
2.225 -0.0490841 -0.0490841 -0.0490841 -0.0490841 0.00264159 0.00276174 0.00276165 0.00264143 0.0254758 0.0254533 0.0254537 0.0254768 0.0286745 0.0286671 0.0286672 0.0286748
2.245 -0.0602914 -0.0602914 -0.0602914 -0.0602914 -0.0554157 -0.0554342 -0.055434 -0.0554158 -0.0231245 -0.0231672 -0.0231671 -0.0231243 0.0297682 0.0297501 0.0297502 0.0297686
2.265 -0.0586378 -0.0586378 -0.0586378 -0.0586378 -0.0979359 -0.0981179 -0.0981183 -0.0979372 -0.0605286 -0.0605163 -0.0605162 -0.0605281 -0.000306871 -0.000335631 -0.00033566 -0.000306934
2.285 -0.0510195 -0.0510195 -0.0510195 -0.0510195 -0.0930041 -0.0932326 -0.0932412 -0.093129 -0.088973 -0.0889555 -0.0889558 -0.0889655 -0.0641954 -0.0642053 -0.0642072 -0.0642002
2.305 -0.014732 -0.014732 -0.014732 -0.014732 -0.0564201 -0.0564423 -0.0564185 -0.0563498 -0.109049 -0.109003 -0.109014 -0.109018 -0.141372 -0.141296 -0.141317 -0.141347
2.325 0.00764918 0.00764918 0.00764918 0.00764918 -0.0215929 -0.0214805 -0.0214591 -0.021532 -0.119349 -0.119367 -0.119386 -0.119385 -0.200648 -0.200588 -0.200595 -0.200667
2.345 -0.0140747 -0.0140747 -0.0140747 -0.0140747 -0.0235897 -0.0234325 -0.023426 -0.0235726 -0.12015 -0.12016 -0.120165 -0.120157 -0.216145 -0.216084 -0.216086 -0.216148
2.365 -0.015262 -0.015262 -0.015262 -0.015262 -0.0656666 -0.0657486 -0.0657538 -0.0656721 -0.119967 -0.119899 -0.11989 -0.119952 -0.180006 -0.179982 -0.17998 -0.180003
2.385 -0.0104914 -0.0104914 -0.0104914 -0.0104914 -0.0972705 -0.0974803 -0.0974837 -0.0972777 -0.12447 -0.124442 -0.12444 -0.124463 -0.11302 -0.113012 -0.113011 -0.113015
2.405 0.0361019 0.0361019 0.0361019 0.0361019 -0.077624 -0.0778603 -0.0778609 -0.0776257 -0.111686 -0.111729 -0.11173 -0.111686 -0.0574115 -0.0574014 -0.0574011 -0.0574108
2.425 0.0598433 0.0598433 0.0598433 0.0598433 -0.00262153 -0.00265861 -0.00265807 -0.00262021 -0.0560991 -0.05618 -0.056181 -0.0561013 -0.0379511 -0.0379217 -0.0379216 -0.0379511
2.445 0.0551692 0.0551692 0.0551692 0.0551692 0.0798099 0.0799555 0.079956 0.079811 0.0344798 0.0344805 0.0344802 0.0344793 -0.0311224 -0.031091 -0.0310911 -0.0311225
2.465 0.0111491 0.0111491 0.0111491 0.0111491 0.11597 0.116226 0.116238 0.115991 0.114264 0.114327 0.114325 0.114254 0.0152611 0.0152722 0.0152722 0.0152617
2.485 -0.0356323 -0.0356323 -0.0356323 -0.0356323 0.0813376 0.0814904 0.081479 0.0813902 0.146289 0.146298 0.146271 0.146115 0.121905 0.121877 0.121867 0.121894
2.505 -0.0603676 -0.0603676 -0.0603676 -0.0603676 0.00762607 0.00755765 0.0075313 0.00755864 0.136383 0.136404 0.136439 0.136449 0.244201 0.244144 0.24419 0.244251
2.525 -0.06256 -0.06256 -0.06256 -0.06256 -0.0409894 -0.0411789 -0.0411848 -0.0410005 0.118311 0.118289 0.118327 0.118417 0.305928 0.30585 0.305869 0.305984
2.545 -0.0524861 -0.0524861 -0.0524861 -0.0524861 -0.0209877 -0.021102 -0.0210906 -0.0209679 0.11393 0.113889 0.113891 0.113944 0.263475 0.263393 0.263389 0.263487
2.565 -0.0376778 -0.0376778 -0.0376778 -0.0376778 0.043866 0.0439729 0.0439775 0.0438753 0.115339 0.115333 0.115322 0.115312 0.142062 0.14202 0.142017 0.14205
2.585 0.013945 0.013945 0.013945 0.013945 0.0906701 0.0908357 0.0908358 0.0906704 0.093815 0.0938874 0.0938819 0.0938031 0.0138027 0.0138051 0.0138009 0.0137936
2.605 0.0481395 0.0481395 0.0481395 0.0481395 0.0857138 0.0858972 0.0858962 0.0857119 0.0319649 0.0319913 0.0319919 0.0319669 -0.0630261 -0.0629886 -0.0629888 -0.0630265
2.625 0.0400851 0.0400851 0.0400851 0.0400851 0.0262694 0.0263925 0.0263924 0.0262693 -0.0464828 -0.0465484 -0.0465467 -0.0464783 -0.0865227 -0.0864759 -0.0864759 -0.0865228
2.645 0.00110616 0.00110616 0.00110616 0.00110616 -0.0639297 -0.0640208 -0.0640206 -0.0639289 -0.10449 -0.104524 -0.104524 -0.10449 -0.0928181 -0.0927987 -0.0927981 -0.0928169
2.665 -0.010176 -0.010176 -0.010176 -0.010176 -0.125454 -0.125772 -0.12576 -0.125429 -0.137851 -0.137792 -0.137795 -0.137864 -0.110383 -0.110391 -0.110391 -0.110382
2.685 -0.0527281 -0.0527281 -0.0527281 -0.0527281 -0.116195 -0.11624 -0.116293 -0.116203 -0.156091 -0.156123 -0.156124 -0.156095 -0.145917 -0.145897 -0.145895 -0.145913
2.705 -0.0999188 -0.0999188 -0.0999188 -0.0999188 -0.0901003 -0.0899284 -0.0899495 -0.0901436 -0.149848 -0.149921 -0.149923 -0.149854 -0.189476 -0.189434 -0.189435 -0.189477
2.725 -0.100707 -0.100707 -0.100707 -0.100707 -0.0999633 -0.0999603 -0.0999656 -0.0999788 -0.132959 -0.132846 -0.132838 -0.132913 -0.211085 -0.211066 -0.211064 -0.21108
2.745 -0.0975772 -0.0975772 -0.0975772 -0.0975772 -0.123961 -0.124056 -0.124054 -0.123959 -0.140995 -0.1409 -0.140894 -0.140983 -0.186886 -0.186883 -0.186886 -0.186892
2.765 -0.0576438 -0.0576438 -0.0576438 -0.0576438 -0.131386 -0.131516 -0.131512 -0.131383 -0.164758 -0.164798 -0.164803 -0.164769 -0.138008 -0.137994 -0.137993 -0.138006
2.785 -0.0591184 -0.0591184 -0.0591184 -0.0591184 -0.11071 -0.110697 -0.110695 -0.110706 -0.156854 -0.156994 -0.156996 -0.156859 -0.110079 -0.110051 -0.110052 -0.110081
2.805 -0.0822958 -0.0822958 -0.0822958 -0.0822958 -0.0858422 -0.0858212 -0.0858215 -0.0858428 -0.101068 -0.101074 -0.101075 -0.101069 -0.113302 -0.113292 -0.113291 -0.1133
2.825 -0.0716081 -0.0716081 -0.0716081 -0.0716081 -0.0635506 -0.0636419 -0.063642 -0.0635509 -0.0470773 -0.046922 -0.0469212 -0.0470754 -0.107648 -0.107663 -0.107663 -0.107648
2.845 -0.0509802 -0.0509802 -0.0509802 -0.0509802 -0.0329339 -0.0328966 -0.0328968 -0.0329342 -0.0356506 -0.0356214 -0.0356212 -0.0356501 -0.0633952 -0.0633922 -0.0633919 -0.0633946
2.865 -0.0405514 -0.0405514 -0.0405514 -0.0405514 -0.0185132 -0.0183496 -0.0183495 -0.018513 -0.0339672 -0.034096 -0.034096 -0.0339672 -0.00432664 -0.00430981 -0.00431003 -0.00432709
2.885 0.0249682 0.0249682 0.0249682 0.0249682 -0.0230225 -0.023198 -0.023198 -0.0230225 -0.00595391 -0.00593526 -0.00593542 -0.00595418 0.0343049 0.034288 0.0342881 0.0343052
2.905 0.0630637 0.0630637 0.0630637 0.0630637 0.014366 0.0141651 0.0141652 0.0143664 0.0304956 0.0305568 0.0305573 0.0304951 0.0497277 0.0497093 0.0497091 0.0497273
2.925 0.0391072 0.0391072 0.0391072 0.0391072 0.0866884 0.0869071 0.086907 0.0866884 0.066005 0.0659165 0.0659166 0.0660052 0.0552335 0.0552555 0.0552556 0.0552338
2.945 0.00886725 0.00886725 0.00886725 0.00886725 0.109539 0.109843 0.109843 0.109539 0.110098 0.110057 0.110057 0.110098 0.0671732 0.0671861 0.067186 0.0671731
2.965 -0.00777337 -0.00777337 -0.00777337 -0.00777337 0.0657221 0.0657419 0.0657413 0.0657243 0.134556 0.134679 0.134679 0.134556 0.106366 0.106327 0.106327 0.106366
2.985 -0.0242702 -0.0242702 -0.0242702 -0.0242702 0.0141306 0.0140425 0.0140444 0.0141314 0.108945 0.108996 0.108996 0.108945 0.166116 0.166058 0.166058 0.166116
3.005 -0.035973 -0.035973 -0.035973 -0.035973 -0.0129721 -0.0129766 -0.0129765 -0.0129718 0.0658642 0.0657458 0.0657457 0.0658639 0.194436 0.194393 0.194393 0.194436
3.025 -0.0269038 -0.0269038 -0.0269038 -0.0269038 -0.0154522 -0.0154996 -0.0154998 -0.0154523 0.0506099 0.050543 0.0505429 0.0506098 0.14876 0.148722 0.148722 0.14876
3.045 -0.0470149 -0.0470149 -0.0470149 -0.0470149 0.0025663 0.00259513 0.00259503 0.00256603 0.0507282 0.050776 0.0507761 0.0507284 0.0502446 0.0502182 0.0502183 0.0502448
3.065 -0.0418824 -0.0418824 -0.0418824 -0.0418824 0.0129308 0.0130169 0.0130169 0.0129309 0.0242269 0.0243179 0.0243179 0.0242273 -0.0412693 -0.0412732 -0.0412732 -0.0412693
3.085 0.0353463 0.0353463 0.0353463 0.0353463 0.00131363 0.00126312 0.00126324 0.00131396 -0.0412417 -0.0411908 -0.0411912 -0.041242 -0.091015 -0.090994 -0.090994 -0.0910151
3.105 0.107729 0.107729 0.107729 0.107729 -0.00660473 -0.00670633 -0.00670615 -0.00660408 -0.108934 -0.109009 -0.109009 -0.108935 -0.114986 -0.114932 -0.114932 -0.114986
3.125 0.133687 0.133687 0.133687 0.133687 0.00488012 0.00480237 0.00480253 0.00488036 -0.126429 -0.126529 -0.126529 -0.12643 -0.143728 -0.143657 -0.143657 -0.143728
3.145 0.0848327 0.0848327 0.0848327 0.0848327 0.0269076 0.0269488 0.026949 0.0269078 -0.0872903 -0.0873047 -0.0873048 -0.0872905 -0.169949 -0.169883 -0.169883 -0.169949
3.165 -0.0301341 -0.0301341 -0.0301341 -0.0301341 0.0202566 0.0204637 0.0204638 0.0202568 -0.0341667 -0.0341134 -0.0341134 -0.0341667 -0.151509 -0.151471 -0.151471 -0.151509
3.185 -0.0656069 -0.0656069 -0.0656069 -0.0656069 -0.0408049 -0.0408575 -0.0408575 -0.0408051 -0.0137515 -0.0136138 -0.0136138 -0.0137513 -0.0650771 -0.0650963 -0.0650962 -0.065077
3.205 -0.0338178 -0.0338178 -0.0338178 -0.0338178 -0.0909881 -0.091261 -0.091261 -0.0909882 -0.0346027 -0.0345762 -0.0345762 -0.0346026 0.0509934 0.0509502 0.0509503 0.0509935
3.225 0.0161765 0.0161765 0.0161765 0.0161765 -0.0695954 -0.0698005 -0.0698004 -0.069595 -0.0408808 -0.0410284 -0.0410286 -0.040881 0.114271 0.114248 0.114248 0.114271
3.245 0.0985621 0.0985621 0.0985621 0.0985621 0.0234249 0.0232602 0.0232603 0.0234252 0.0162964 0.0162356 0.0162355 0.0162963 0.0845843 0.0845823 0.0845823 0.0845843
3.265 0.145387 0.145387 0.145387 0.145387 0.155972 0.156047 0.156047 0.155971 0.107565 0.10763 0.10763 0.107566 0.0171918 0.0172213 0.0172213 0.017192
3.285 0.144974 0.144974 0.144974 0.144974 0.248618 0.249027 0.249032 0.248661 0.175572 0.175621 0.17562 0.175573 0.00631929 0.00637475 0.00637205 0.00631318
3.305 0.102565 0.102565 0.102565 0.102565 0.228486 0.228914 0.228839 0.228306 0.199456 0.199437 0.199427 0.199437 0.0944056 0.094443 0.0944506 0.0944219
3.325 0.0898232 0.0898232 0.0898232 0.0898232 0.115429 0.11535 0.115313 0.115375 0.190821 0.190857 0.190868 0.190852 0.241123 0.241074 0.241068 0.241107
3.345 0.0269913 0.0269913 0.0269913 0.0269913 0.0265337 0.0263553 0.0263785 0.0266084 0.170573 0.17053 0.170617 0.170748 0.356827 0.356745 0.356716 0.356902
3.365 -0.0279477 -0.0279477 -0.0279477 -0.0279477 0.0120984 0.0119875 0.0119964 0.0120933 0.171539 0.171442 0.171456 0.17153 0.366187 0.366069 0.366054 0.366128
3.385 -0.0181129 -0.0181129 -0.0181129 -0.0181129 0.053999 0.0539429 0.0539448 0.0540003 0.188383 0.188432 0.188431 0.188372 0.269909 0.269832 0.269827 0.269892
3.405 -0.0121855 -0.0121855 -0.0121855 -0.0121855 0.114154 0.114368 0.114369 0.114158 0.175733 0.175794 0.175795 0.175739 0.137839 0.137815 0.137813 0.13784
3.425 -0.0334863 -0.0334863 -0.0334863 -0.0334863 0.114927 0.115357 0.115357 0.114926 0.115642 0.115615 0.115617 0.115645 0.0363938 0.0364128 0.0364162 0.0364005
3.445 -0.0154012 -0.0154012 -0.0154012 -0.0154012 0.0197989 0.0198714 0.0198715 0.0197995 0.0216226 0.021661 0.0216611 0.0216233 -0.0162963 -0.0162944 -0.0162941 -0.0162955
3.465 0.00643759 0.00643759 0.00643759 0.00643759 -0.0915991 -0.0918996 -0.0918994 -0.0915973 -0.0904568 -0.0904138 -0.0904131 -0.0904604 -0.0480102 -0.0480235 -0.0480226 -0.0480083
3.485 0.00441562 0.00441562 0.00441562 0.00441562 -0.134339 -0.13459 -0.134588 -0.134345 -0.183286 -0.183375 -0.183375 -0.183286 -0.108348 -0.108331 -0.108331 -0.108349
3.505 -0.0067528 -0.0067528 -0.0067528 -0.0067528 -0.11202 -0.111981 -0.111908 -0.111859 -0.214452 -0.214669 -0.214733 -0.214666 -0.21776 -0.217706 -0.21772 -0.217777
3.525 -0.031064 -0.031064 -0.031064 -0.031064 -0.0788799 -0.0788438 -0.0788454 -0.0788958 -0.19812 -0.198057 -0.198096 -0.19815 -0.328531 -0.328479 -0.32844 -0.328488
3.545 -0.0073315 -0.0073315 -0.0073315 -0.0073315 -0.070335 -0.0703938 -0.0704055 -0.0703465 -0.191572 -0.19138 -0.191361 -0.191512 -0.364715 -0.364625 -0.364611 -0.36466
3.565 0.00771921 0.00771921 0.00771921 0.00771921 -0.0776228 -0.0776167 -0.0776189 -0.0776244 -0.213568 -0.213568 -0.213542 -0.213522 -0.304578 -0.304495 -0.304477 -0.304547
3.585 -0.0114962 -0.0114962 -0.0114962 -0.0114962 -0.0997449 -0.0997157 -0.0997156 -0.0997475 -0.20986 -0.210019 -0.210018 -0.209862 -0.202247 -0.202183 -0.202182 -0.202245
3.605 -0.0330576 -0.0330576 -0.0330576 -0.0330576 -0.121508 -0.121713 -0.121713 -0.121508 -0.14493 -0.144935 -0.144941 -0.144942 -0.114642 -0.11464 -0.114644 -0.11465
3.625 -0.0427353 -0.0427353 -0.0427353 -0.0427353 -0.0924047 -0.0926677 -0.0926677 -0.0924039 -0.0586177 -0.0584998 -0.0585021 -0.0586224 -0.0469962 -0.0470281 -0.0470286 -0.0469977
3.645 -0.0172799 -0.0172799 -0.0172799 -0.0172799 -0.00840079 -0.00841644 -0.00841576 -0.00839907 0.0104467 0.0104658 0.0104666 0.0104493 0.0164346 0.0164225 0.0164216 0.0164326
3.665 0.0350608 0.0350608 0.0350608 0.0350608 0.0793491 0.0795306 0.0795313 0.0793515 0.0733329 0.0732517 0.073251 0.0733329 0.0775343 0.0775467 0.0775472 0.0775354
3.685 0.0612873 0.0612873 0.0612873 0.0612873 0.129528 0.129688 0.129695 0.129518 0.14486 0.144826 0.144826 0.144859 0.136015 0.136014 0.136014 0.136015
3.705 0.0183505 0.0183505 0.0183505 0.0183505 0.133592 0.133774 0.133774 0.133594 0.206466 0.206493 0.206494 0.206467 0.201564 0.201531 0.201531 0.201564
3.725 0.00484332 0.00484332 0.00484332 0.00484332 0.101846 0.101834 0.10176 0.101686 0.229745 0.229823 0.229827 0.229752 0.274838 0.274764 0.274762 0.274834
3.745 -0.00928266 -0.00928266 -0.00928266 -0.00928266 0.0742477 0.074252 0.0742284 0.0742372 0.211983 0.21195 0.211944 0.211966 0.327497 0.327421 0.327423 0.327501
3.765 -0.0201289 -0.0201289 -0.0201289 -0.0201289 0.0604081 0.0604732 0.0604989 0.0604507 0.186016 0.185926 0.185924 0.186013 0.317563 0.317496 0.317496 0.317563
3.785 0.00315068 0.00315068 0.00315068 0.00315068 0.0573295 0.0572836 0.0572953 0.0573537 0.164918 0.164946 0.164946 0.164919 0.236999 0.236936 0.236937 0.237
3.805 0.023986 0.023986 0.023986 0.023986 0.0728744 0.0728886 0.0728876 0.0728726 0.124345 0.124404 0.124404 0.124345 0.122534 0.122505 0.122505 0.122534
3.825 0.0291958 0.0291958 0.0291958 0.0291958 0.0802617 0.0804577 0.0804549 0.0802557 0.0571828 0.0571534 0.0571534 0.0571842 0.014799 0.0148206 0.0148203 0.0147985
3.845 -0.0326239 -0.0326239 -0.0326239 -0.0326239 0.0322572 0.0325663 0.0325654 0.0322554 -0.0149564 -0.0150405 -0.0150405 -0.0149535 -0.0678541 -0.0678134 -0.0678131 -0.0678532
3.865 -0.12391 -0.12391 -0.12391 -0.12391 -0.087391 -0.0873082 -0.087307 -0.0873867 -0.0852481 -0.0852158 -0.0852144 -0.0852471 -0.121344 -0.121342 -0.121342 -0.121344
3.885 -0.130259 -0.130259 -0.130259 -0.130259 -0.218439 -0.218862 -0.218867 -0.218446 -0.17591 -0.175739 -0.175739 -0.175907 -0.153623 -0.153667 -0.153666 -0.153623
3.905 -0.0624517 -0.0624517 -0.0624517 -0.0624517 -0.252276 -0.25308 -0.253108 -0.252736 -0.282695 -0.282681 -0.282675 -0.28267 -0.199253 -0.19926 -0.199267 -0.199268
3.925 0.0232496 0.0232496 0.0232496 0.0232496 -0.174261 -0.174383 -0.174365 -0.174178 -0.334394 -0.334726 -0.334775 -0.334602 -0.299523 -0.29943 -0.299422 -0.299507
3.945 0.0809137 0.0809137 0.0809137 0.0809137 -0.0557669 -0.055682 -0.0555945 -0.0556285 -0.288855 -0.288935 -0.2889 -0.288804 -0.428918 -0.428686 -0.428726 -0.428856
3.965 0.0704334 0.0704334 0.0704334 0.0704334 0.0231389 0.0233416 0.0233695 0.0232076 -0.199601 -0.199483 -0.199457 -0.199589 -0.483036 -0.482884 -0.482892 -0.483035
3.985 0.071987 0.071987 0.071987 0.071987 0.023286 0.0233501 0.0233482 0.023286 -0.144413 -0.14424 -0.144231 -0.144385 -0.377538 -0.377455 -0.377447 -0.377547
4.005 0.0729626 0.0729626 0.0729626 0.0729626 -0.0236742 -0.0237506 -0.0237594 -0.0236936 -0.121872 -0.121921 -0.121921 -0.12187 -0.146237 -0.146188 -0.146186 -0.146235
4.025 0.0979655 0.0979655 0.0979655 0.0979655 -0.0498306 -0.0501549 -0.050157 -0.0498359 -0.0595149 -0.059648 -0.0596477 -0.0595199 0.0856131 0.0856067 0.0856055 0.0856123
4.045 0.0954086 0.0954086 0.0954086 0.0954086 0.0155582 0.015289 0.0152873 0.0155884 0.0786429 0.0785926 0.0785913 0.0786453 0.224656 0.224609 0.224609 0.224656
4.065 0.0538304 0.0538304 0.0538304 0.0538304 0.16011 0.160191 0.160208 0.159993 0.252564 0.252567 0.25256 0.252517 0.281277 0.281231 0.281231 0.28128
4.085 -0.052478 -0.052478 -0.052478 -0.052478 0.265225 0.266017 0.266204 0.265486 0.392352 0.392377 0.392376 0.392501 0.331408 0.331364 0.331372 0.331414
4.105 -0.111485 -0.111485 -0.111485 -0.111485 0.224436 0.225023 0.225081 0.224671 0.443949 0.44406 0.444034 0.443923 0.429679 0.429578 0.429549 0.429728
4.125 -0.149453 -0.149453 -0.149453 -0.149453 0.0770015 0.0770563 0.0769542 0.0768944 0.385249 0.38532 0.385312 0.385241 0.548814 0.548631 0.548638 0.548814
4.145 -0.0838866 -0.0838866 -0.0838866 -0.0838866 -0.0462371 -0.0466667 -0.0466974 -0.0463037 0.257739 0.257701 0.257661 0.257698 0.583739 0.583553 0.583544 0.583724
4.165 -0.0203917 -0.0203917 -0.0203917 -0.0203917 -0.0361971 -0.0364431 -0.0364386 -0.0361898 0.142199 0.142006 0.141994 0.142178 0.437585 0.437487 0.4375 0.437605
4.185 0.0232406 0.0232406 0.0232406 0.0232406 0.0659609 0.0660987 0.0661132 0.0659807 0.0860094 0.0859136 0.0859195 0.0860201 0.128059 0.128058 0.12806 0.128067
4.205 0.0442473 0.0442473 0.0442473 0.0442473 0.138825 0.139179 0.139182 0.138832 0.0399777 0.040124 0.04013 0.0399715 -0.195723 -0.195652 -0.195646 -0.195711
4.225 0.0402475 0.0402475 0.0402475 0.0402475 0.0943613 0.0947195 0.0947491 0.0943332 -0.0750504 -0.0748786 -0.0748783 -0.0750509 -0.375603 -0.375496 -0.375497 -0.375605
4.245 0.0874305 0.0874305 0.0874305 0.0874305 -0.0632773 -0.0633754 -0.0633713 -0.0632659 -0.251958 -0.25192 -0.251919 -0.251958 -0.385711 -0.38561 -0.385609 -0.385709
4.265 0.159564 0.159564 0.159564 0.159564 -0.201916 -0.202364 -0.202461 -0.201762 -0.398395 -0.398467 -0.398474 -0.398376 -0.335136 -0.33506 -0.335068 -0.335155
4.285 0.0995813 0.0995813 0.0995813 0.0995813 -0.208548 -0.208937 -0.209022 -0.208691 -0.416192 -0.416433 -0.416444 -0.416225 -0.342393 -0.34228 -0.342266 -0.34236
4.305 0.035525 0.035525 0.035525 0.035525 -0.123985 -0.124171 -0.124159 -0.12401 -0.298439 -0.298405 -0.298396 -0.298422 -0.406524 -0.406442 -0.406459 -0.406559
4.325 0.0378292 0.0378292 0.0378292 0.0378292 -0.0199383 -0.0200137 -0.0200045 -0.0199134 -0.158146 -0.157863 -0.157866 -0.158151 -0.41024 -0.410163 -0.410149 -0.410211
4.345 0.0623871 0.0623871 0.0623871 0.0623871 0.0586423 0.0588423 0.0588525 0.0586709 -0.0825095 -0.0824391 -0.0824352 -0.0825002 -0.267844 -0.267763 -0.267772 -0.267864
4.365 0.0281743 0.0281743 0.0281743 0.0281743 0.0615293 0.0618953 0.0618951 0.0615259 -0.02332 -0.0235538 -0.0235573 -0.0233234 -0.0270622 -0.0269931 -0.0269873 -0.0270498
4.385 -0.0546185 -0.0546185 -0.0546185 -0.0546185 -0.00890134 -0.00888075 -0.00888007 -0.0088951 0.0858775 0.0857888 0.0857883 0.0858785 0.204663 0.204611 0.204608 0.204657
4.405 -0.164506 -0.164506 -0.164506 -0.164506 -0.0614491 -0.0616807 -0.0616882 -0.0614438 0.2056 0.205745 0.205742 0.205597 0.368283 0.368122 0.368124 0.368287
4.425 -0.165049 -0.165049 -0.165049 -0.165049 -0.0316961 -0.0319095 -0.0319104 -0.0317039 0.265301 0.265426 0.265428 0.265299 0.450793 0.450615 0.450613 0.45079
4.445 -0.0865634 -0.0865634 -0.0865634 -0.0865634 0.0675622 0.0677956 0.0677053 0.0675593 0.266979 0.266872 0.266873 0.266974 0.440561 0.440458 0.440458 0.440562
4.465 -0.0260084 -0.0260084 -0.0260084 -0.0260084 0.156079 0.15652 0.156499 0.156056 0.262113 0.261956 0.261956 0.262114 0.340016 0.339976 0.339975 0.340014
4.485 0.0262344 0.0262344 0.0262344 0.0262344 0.170033 0.170244 0.170249 0.170028 0.249207 0.249299 0.2493 0.249209 0.203824 0.203788 0.203789 0.203826
4.505 0.0695497 0.0695497 0.0695497 0.0695497 0.131466 0.131475 0.131479 0.131474 0.173664 0.173828 0.173829 0.173666 0.104189 0.104163 0.104163 0.104188
4.525 0.104466 0.104466 0.104466 0.104466 0.0776548 0.0776774 0.0776771 0.0776589 0.0429768 0.0429187 0.0429185 0.0429768 0.0487401 0.0487611 0.0487614 0.0487406
4.545 0.170652 0.170652 0.170652 0.170652 0.0273116 0.0271363 0.0271358 0.0273102 -0.0626672 -0.062785 -0.0627863 -0.0626662 -0.0155572 -0.0155128 -0.0155129 -0.0155574
4.565 0.225137 0.225137 0.225137 0.225137 0.0271859 0.0268502 0.0268496 0.0271844 -0.099697 -0.0997007 -0.099703 -0.0996971 -0.115194 -0.115137 -0.115137 -0.115194
4.585 0.176819 0.176819 0.176819 0.176819 0.0849617 0.0850073 0.0850074 0.0849617 -0.0860498 -0.0860641 -0.0860644 -0.0860527 -0.21156 -0.211462 -0.211462 -0.21156
4.605 0.119607 0.119607 0.119607 0.119607 0.110559 0.110794 0.110794 0.11056 -0.0514368 -0.051404 -0.0514042 -0.0514377 -0.239985 -0.239885 -0.239885 -0.239985
4.625 0.0271195 0.0271195 0.0271195 0.0271195 0.0559654 0.056162 0.0561622 0.0559657 -0.0294914 -0.0294427 -0.0294426 -0.0294909 -0.164013 -0.163957 -0.163957 -0.164013
4.645 -0.141508 -0.141508 -0.141508 -0.141508 -0.0670975 -0.0669293 -0.0669294 -0.067098 -0.0294933 -0.0295346 -0.0295345 -0.029492 -0.0152311 -0.0152447 -0.0152446 -0.0152309
4.665 -0.21247 -0.21247 -0.21247 -0.21247 -0.208534 -0.208845 -0.208845 -0.208534 -0.0390333 -0.0389877 -0.0389855 -0.0390353 0.122525 0.122417 0.122417 0.122525
4.685 -0.253002 -0.253002 -0.253002 -0.253002 -0.257422 -0.257778 -0.257777 -0.257421 -0.0561535 -0.0561562 -0.056156 -0.0561527 0.169606 0.169478 0.169478 0.169606
4.705 -0.227837 -0.227837 -0.227837 -0.227837 -0.195489 -0.195583 -0.195583 -0.195489 -0.0645095 -0.064579 -0.0645789 -0.0645085 0.0926671 0.0925906 0.0925907 0.0926672
4.725 -0.100642 -0.100642 -0.100642 -0.100642 -0.0846631 -0.0846846 -0.0846831 -0.0846573 -0.0613217 -0.0612761 -0.0612744 -0.0613241 -0.0669399 -0.0669544 -0.0669543 -0.0669397
4.745 0.0241199 0.0241199 0.0241199 0.0241199 0.0257845 0.0259252 0.0259269 0.0257887 -0.0746883 -0.0746252 -0.0746253 -0.0746881 -0.216072 -0.21601 -0.21601 -0.216072
4.765 0.0490749 0.0490749 0.0490749 0.0490749 0.0723951 0.0728011 0.0727932 0.0723973 -0.106129 -0.106203 -0.106203 -0.106128 -0.283016 -0.282898 -0.282899 -0.283018
4.785 0.0263873 0.0263873 0.0263873 0.0263873 0.00572072 0.00590438 0.00590311 0.00571083 -0.129882 -0.129907 -0.129908 -0.129883 -0.254714 -0.25463 -0.25463 -0.254715
4.805 -0.046424 -0.046424 -0.046424 -0.046424 -0.117046 -0.117226 -0.117226 -0.117047 -0.145797 -0.145736 -0.145736 -0.145797 -0.162387 -0.16238 -0.16238 -0.162387
4.825 -0.105805 -0.105805 -0.105805 -0.105805 -0.198645 -0.198986 -0.198985 -0.198643 -0.158726 -0.158705 -0.158705 -0.158726 -0.0659427 -0.0659795 -0.0659795 -0.0659425
4.845 -0.218805 -0.218805 -0.218805 -0.218805 -0.201558 -0.201516 -0.201515 -0.201557 -0.147611 -0.147764 -0.147764 -0.147611 -0.0263266 -0.026353 -0.026353 -0.0263265
4.865 -0.353885 -0.353885 -0.353885 -0.353885 -0.198266 -0.197957 -0.197957 -0.198265 -0.100866 -0.100939 -0.100939 -0.100866 -0.0559759 -0.0560165 -0.0560165 -0.0559758
4.885 -0.433728 -0.433728 -0.433728 -0.433728 -0.248375 -0.248256 -0.248256 -0.248375 -0.0803028 -0.0801087 -0.0801086 -0.0803025 -0.10247 -0.102561 -0.102561 -0.10247
4.905 -0.461968 -0.461968 -0.461968 -0.461968 -0.328038 -0.328035 -0.328035 -0.328038 -0.157703 -0.157559 -0.157559 -0.157703 -0.122623 -0.12272 -0.12272 -0.122622
4.925 -0.349779 -0.349779 -0.349779 -0.349779 -0.391739 -0.391996 -0.392011 -0.391789 -0.301695 -0.301735 -0.301732 -0.301686 -0.155556 -0.155617 -0.155617 -0.155557
4.945 -0.23897 -0.23897 -0.23897 -0.23897 -0.379696 -0.379916 -0.379942 -0.379674 -0.414418 -0.414607 -0.414608 -0.414418 -0.274511 -0.274502 -0.274506 -0.27452
4.965 -0.147247 -0.147247 -0.147247 -0.147247 -0.298608 -0.298812 -0.298626 -0.298417 -0.43842 -0.438351 -0.438385 -0.438304 -0.478729 -0.478654 -0.478682 -0.47875
4.985 -0.0574343 -0.0574343 -0.0574343 -0.0574343 -0.191164 -0.191143 -0.19111 -0.191022 -0.418373 -0.418194 -0.418268 -0.41842 -0.660794 -0.660714 -0.660641 -0.660735
5.005 0.0193885 0.0193885 0.0193885 0.0193885 -0.110957 -0.110901 -0.110946 -0.111085 -0.411682 -0.411597 -0.411611 -0.41171 -0.706599 -0.706375 -0.70634 -0.706481
5.025 0.131297 0.131297 0.131297 0.131297 -0.0931438 -0.0932297 -0.09324 -0.093155 -0.401422 -0.401437 -0.401395 -0.401369 -0.594794 -0.594618 -0.594594 -0.594751
5.045 0.276102 0.276102 0.276102 0.276102 -0.0738278 -0.0743383 -0.0743319 -0.0738118 -0.333213 -0.333224 -0.333209 -0.333178 -0.39159 -0.391463 -0.391457 -0.391575
5.065 0.373127 0.373127 0.373127 0.373127 0.0494111 0.048925 0.0489305 0.0494319 -0.169788 -0.169858 -0.169859 -0.169788 -0.175329 -0.175228 -0.175232 -0.175338
5.085 0.367815 0.367815 0.367815 0.367815 0.264229 0.263791 0.264105 0.265008 0.0947706 0.0946611 0.0945835 0.094632 0.0284164 0.0285205 0.0285327 0.0284341
5.105 0.304182 0.304182 0.304182 0.304182 0.446818 0.448445 0.448504 0.447445 0.40851 0.408511 0.408542 0.408555 0.263941 0.263988 0.263989 0.263946
5.125 0.244417 0.244417 0.244417 0.244417 0.509283 0.508514 0.509538 0.509967 0.667059 0.667062 0.666731 0.665941 0.587108 0.587018 0.58693 0.586975
5.145 0.270154 0.270154 0.270154 0.270154 0.490953 0.490889 0.490807 0.49105 0.806139 0.806198 0.805935 0.80577 0.964371 0.964262 0.964405 0.964522
5.165 0.308114 0.308114 0.308114 0.308114 0.495209 0.495177 0.495026 0.495188 0.871601 0.871471 0.871552 0.871806 1.25873 1.25858 1.25864 1.25894
5.185 0.358459 0.358459 0.358459 0.358459 0.565881 0.565923 0.565916 0.565869 0.949794 0.949686 0.949788 0.950183 1.3395 1.33932 1.33938 1.33963
5.205 0.314015 0.314015 0.314015 0.314015 0.678388 0.67888 0.678916 0.678493 1.03462 1.03459 1.03453 1.03465 1.21392 1.21375 1.21378 1.21396
5.225 0.144918 0.144918 0.144918 0.144918 0.708478 0.709493 0.709591 0.708616 1.03395 1.03398 1.03393 1.03383 1.01262 1.01247 1.01246 1.0126
5.245 0.0634104 0.0634104 0.0634104 0.0634104 0.530788 0.531417 0.531449 0.530868 0.868387 0.868576 0.86855 0.868322 0.852566 0.852401 0.852401 0.852567
5.265 0.0710838 0.0710838 0.0710838 0.0710838 0.230522 0.230387 0.230379 0.230516 0.534254 0.53436 0.534363 0.534264 0.722827 0.722647 0.722641 0.722816
5.285 0.0678994 0.0678994 0.0678994 0.0678994 -0.00933934 -0.00961142 -0.00967599 -0.00930478 0.149315 0.149101 0.149088 0.149352 0.491523 0.491426 0.49143 0.491532
5.305 -0.0205441 -0.0205441 -0.0205441 -0.0205441 -0.128285 -0.128391 -0.128437 -0.128257 -0.137299 -0.137482 -0.137476 -0.137179 0.0605306 0.0605293 0.0605234 0.0605188
5.325 -0.101165 -0.101165 -0.101165 -0.101165 -0.188259 -0.188515 -0.188351 -0.187659 -0.321666 -0.32158 -0.321616 -0.321653 -0.482906 -0.482839 -0.482838 -0.482911
5.345 -0.214302 -0.214302 -0.214302 -0.214302 -0.261088 -0.260396 -0.260698 -0.260696 -0.527195 -0.527071 -0.527896 -0.5286 -0.925064 -0.924875 -0.925184 -0.925393
5.365 -0.265869 -0.265869 -0.265869 -0.265869 -0.430167 -0.428928 -0.430599 -0.430941 -0.799974 -0.80017 -0.800564 -0.800822 -1.14036 -1.14007 -1.1402 -1.14057
5.385 -0.161297 -0.161297 -0.161297 -0.161297 -0.657246 -0.657325 -0.657836 -0.657343 -1.05421 -1.05434 -1.05419 -1.05418 -1.18059 -1.18037 -1.18043 -1.18063
5.405 -0.00868293 -0.00868293 -0.00868293 -0.00868293 -0.740423 -0.741385 -0.741066 -0.739665 -1.17872 -1.17865 -1.17861 -1.17853 -1.17988 -1.17969 -1.17961 -1.17975
5.425 0.132557 0.132557 0.132557 0.132557 -0.557274 -0.55803 -0.557914 -0.55691 -1.09897 -1.09908 -1.09913 -1.09904 -1.21165 -1.21138 -1.21139 -1.21165
5.445 0.308054 0.308054 0.308054 0.308054 -0.194276 -0.194643 -0.194682 -0.194415 -0.819844 -0.819857 -0.819917 -0.819957 -1.20714 -1.20677 -1.20675 -1.20709
5.465 0.444341 0.444341 0.444341 0.444341 0.173639 0.173823 0.173777 0.173528 -0.434237 -0.434106 -0.434109 -0.434239 -1.00184 -1.0015 -1.00152 -1.00188
5.485 0.492668 0.492668 0.492668 0.492668 0.401208 0.401611 0.40154 0.401197 -0.033288 -0.0331994 -0.0332164 -0.0332684 -0.49076 -0.490487 -0.490471 -0.490724
5.505 0.493323 0.493323 0.493323 0.493323 0.466823 0.466276 0.466721 0.466385 0.35936 0.359118 0.359207 0.359282 0.261455 0.261514 0.261504 0.261433
5.525 0.467743 0.467743 0.467743 0.467743 0.50107 0.501869 0.502778 0.502874 0.75747 0.757179 0.757472 0.757735 1.05261 1.05248 1.0525 1.05265
5.545 0.370778 0.370778 0.370778 0.370778 0.643242 0.642093 0.638986 0.6372 1.17214 1.17266 1.17121 1.17167 1.67023 1.66988 1.6693 1.67006
5.565 0.243185 0.243185 0.243185 0.243185 0.856263 0.856981 0.853945 0.852583 1.56695 1.56672 1.56598 1.56574 2.01878 2.01821 2.01809 2.01846
5.585 0.12337 0.12337 0.12337 0.12337 1.01256 1.0133 1.01385 1.01308 1.83704 1.8366 1.83672 1.83683 2.14816 2.14763 2.14743 2.14779
5.605 0.03626 0.03626 0.03626 0.03626 0.999342 1.00012 1.00072 0.999293 1.86311 1.86328 1.86327 1.86305 2.15149 2.1511 2.15122 2.15166
5.625 -0.106988 -0.106988 -0.106988 -0.106988 0.776975 0.778339 0.778669 0.777869 1.62009 1.62008 1.6204 1.62049 2.03966 2.03921 2.03916 2.03955
5.645 -0.195451 -0.195451 -0.195451 -0.195451 0.400865 0.401312 0.401322 0.401032 1.18795 1.18791 1.18792 1.18804 1.72712 1.72675 1.72683 1.72731
5.665 -0.234072 -0.234072 -0.234072 -0.234072 0.0382596 0.0379065 0.0379045 0.0381765 0.644264 0.644282 0.644256 0.644267 1.13954 1.13917 1.13913 1.13945
5.685 -0.205668 -0.205668 -0.205668 -0.205668 -0.188341 -0.187936 -0.188282 -0.187438 0.0475334 0.0472259 0.0471089 0.0471593 0.296237 0.296079 0.296114 0.29629
5.705 -0.0649873 -0.0649873 -0.0649873 -0.0649873 -0.293467 -0.293522 -0.296699 -0.300338 -0.543589 -0.543527 -0.542639 -0.542095 -0.672365 -0.672136 -0.672415 -0.67259
5.725 -0.0334066 -0.0334066 -0.0334066 -0.0334066 -0.393087 -0.39009 -0.390814 -0.393606 -1.07187 -1.07259 -1.07376 -1.07489 -1.56495 -1.56582 -1.56626 -1.56721
5.745 -0.0909082 -0.0909082 -0.0909082 -0.0909082 -0.609111 -0.607237 -0.607828 -0.602419 -1.50141 -1.50138 -1.50041 -1.5001 -2.19501 -2.1943 -2.19459 -2.19501
5.765 -0.176911 -0.176911 -0.176911 -0.176911 -0.927658 -0.928387 -0.926479 -0.923975 -1.83413 -1.83389 -1.83438 -1.8333 -2.4629 -2.46231 -2.46212 -2.46249
5.785 -0.312491 -0.312491 -0.312491 -0.312491 -1.19934 -1.20008 -1.19964 -1.19815 -2.04112 -2.04141 -2.04127 -2.04159 -2.41972 -2.4193 -2.41921 -2.4196
5.805 -0.381908 -0.381908 -0.381908 -0.381908 -1.30014 -1.3012 -1.30208 -1.301 -2.03134 -2.03146 -2.03139 -2.03137 -2.21519 -2.2148 -2.21478 -2.21512
5.825 -0.330177 -0.330177 -0.330177 -0.330177 -1.1486 -1.15 -1.15038 -1.1494 -1.76636 -1.76625 -1.76621 -1.76622 -1.95487 -1.95456 -1.95452 -1.95479
5.845 -0.174865 -0.174865 -0.174865 -0.174865 -0.754348 -0.755086 -0.755102 -0.754382 -1.31135 -1.31118 -1.31112 -1.31122 -1.62132 -1.62106 -1.62111 -1.62141
5.865 -0.12635 -0.12635 -0.12635 -0.12635 -0.272661 -0.272197 -0.272144 -0.272439 -0.74904 -0.749123 -0.749144 -0.749045 -1.1345 -1.13421 -1.13419 -1.13446
5.885 -0.158837 -0.158837 -0.158837 -0.158837 0.0396491 0.0410102 0.0412705 0.04107 -0.140272 -0.140372 -0.140251 -0.139929 -0.444576 -0.444469 -0.444505 -0.444703
5.905 -0.120972 -0.120972 -0.120972 -0.120972 0.13386 0.131119 0.134039 0.134243 0.410662 0.409066 0.409211 0.409504 0.413758 0.413652 0.41369 0.413794
5.925 -0.0516576 -0.0516576 -0.0516576 -0.0516576 0.213602 0.21437 0.217867 0.212856 0.817012 0.817691 0.817235 0.81742 1.27631 1.27573 1.27586 1.27623
5.945 -0.0419401 -0.0419401 -0.0419401 -0.0419401 0.425019 0.429968 0.429259 0.429235 1.15925 1.15894 1.1584 1.15854 1.88773 1.88729 1.88741 1.88784
5.965 0.0161157 0.0161157 0.0161157 0.0161157 0.691348 0.69041 0.691822 0.690228 1.51314 1.51293 1.51262 1.51325 2.10383 2.10341 2.10342 2.10382
5.985 -0.0182 -0.0182 -0.0182 -0.0182 0.901296 0.901325 0.901162 0.900118 1.75633 1.75675 1.75656 1.75622 2.02775 2.02734 2.02734 2.02778
6.005 -0.117989 -0.117989 -0.117989 -0.117989 0.921359 0.922703 0.922419 0.921125 1.7138 1.71399 1.71397 1.71367 1.8572 1.85679 1.85674 1.8571
6.025 -0.10873 -0.10873 -0.10873 -0.10873 0.660807 0.661754 0.66177 0.660881 1.36654 1.36655 1.36655 1.36652 1.65625 1.6559 1.65591 1.65627
6.045 -0.102297 -0.102297 -0.102297 -0.102297 0.254375 0.254599 0.254635 0.254548 0.833874 0.833736 0.833778 0.833881 1.32193 1.32161 1.3216 1.32191
6.065 -0.133034 -0.133034 -0.133034 -0.133034 -0.0901438 -0.0905632 -0.0906521 -0.0901953 0.26943 0.269291 0.269279 0.269449 0.726044 0.725826 0.725826 0.726041
6.085 -0.204236 -0.204236 -0.204236 -0.204236 -0.28335 -0.283272 -0.284385 -0.281767 -0.245893 -0.243521 -0.24386 -0.243023 -0.117826 -0.117927 -0.117977 -0.117959
6.105 -0.317259 -0.317259 -0.317259 -0.317259 -0.417574 -0.414545 -0.412653 -0.412205 -0.713618 -0.716201 -0.714587 -0.714224 -1.023 -1.02275 -1.02259 -1.02285
6.125 -0.374884 -0.374884 -0.374884 -0.374884 -0.634167 -0.636321 -0.635888 -0.633577 -1.19312 -1.1939 -1.19239 -1.19171 -1.74853 -1.74852 -1.74907 -1.74919
6.145 -0.47449 -0.47449 -0.47449 -0.47449 -0.96661 -0.967608 -0.967368 -0.967905 -1.67166 -1.67191 -1.67189 -1.66992 -2.17201 -2.17154 -2.17158 -2.17206
6.165 -0.547075 -0.547075 -0.547075 -0.547075 -1.31721 -1.31825 -1.31859 -1.31844 -2.04787 -2.04864 -2.04804 -2.04893 -2.34528 -2.34492 -2.34494 -2.34532
6.185 -0.544425 -0.544425 -0.544425 -0.544425 -1.50652 -1.50682 -1.50403 -1.50183 -2.21452 -2.21395 -2.21401 -2.21387 -2.39693 -2.39658 -2.39658 -2.39692
6.205 -0.472884 -0.472884 -0.472884 -0.472884 -1.40562 -1.40665 -1.40669 -1.405 -2.13907 -2.13916 -2.13978 -2.1401 -2.38984 -2.38946 -2.38944 -2.38977
6.225 -0.249357 -0.249357 -0.249357 -0.249357 -1.04606 -1.04715 -1.04769 -1.04701 -1.84711 -1.84717 -1.84742 -1.84766 -2.27861 -2.27819 -2.27817 -2.27857
6.245 0.168031 0.168031 0.168031 0.168031 -0.547652 -0.548421 -0.548607 -0.548108 -1.39141 -1.39122 -1.39115 -1.39131 -1.95565 -1.95522 -1.95524 -1.95569
6.265 0.471252 0.471252 0.471252 0.471252 -0.0112508 -0.011193 -0.011249 -0.0111798 -0.809402 -0.809418 -0.809343 -0.809208 -1.3466 -1.34612 -1.34607 -1.34649
6.285 0.52438 0.52438 0.52438 0.52438 0.407072 0.409119 0.408081 0.40989 -0.0966511 -0.0970767 -0.0969553 -0.0964138 -0.469022 -0.468741 -0.468804 -0.469094
6.305 0.409514 0.409514 0.409514 0.409514 0.623077 0.618188 0.616511 0.626313 0.683899 0.684422 0.684321 0.683491 0.593814 0.593946 0.593972 0.594101
6.325 0.269831 0.269831 0.269831 0.269831 0.729714 0.733909 0.732725 0.732226 1.38499 1.38566 1.38707 1.38606 1.70718 1.70638 1.70596 1.70614
6.345 0.225044 0.225044 0.225044 0.225044 0.900783 0.892181 0.892949 0.882137 1.92123 1.91904 1.91487 1.91123 2.65368 2.65297 2.65228 2.65278
6.365 0.275134 0.275134 0.275134 0.275134 1.1223 1.125 1.12343 1.12706 2.30228 2.30319 2.30173 2.30257 3.21241 3.21144 3.21082 3.21146
6.385 0.44617 0.44617 0.44617 0.44617 1.38053 1.38215 1.38112 1.38262 2.567 2.56812 2.56906 2.56972 3.30358 3.30287 3.30292 3.30359
6.405 0.579268 0.579268 0.579268 0.579268 1.62524 1.62529 1.6246 1.62269 2.62217 2.6227 2.62328 2.62328 3.04139 3.04092 3.04106 3.04165
6.425 0.482118 0.482118 0.482118 0.482118 1.65255 1.65414 1.65387 1.65151 2.40589 2.40559 2.40554 2.40561 2.60543 2.60511 2.6051 2.60543
6.445 0.265554 0.265554 0.265554 0.265554 1.25857 1.26018 1.26023 1.25865 1.94609 1.94594 1.94577 1.94573 2.10717 2.10686 2.10689 2.10722
6.465 0.0915263 0.0915263 0.0915263 0.0915263 0.565725 0.566175 0.566066 0.566224 1.24706 1.24744 1.24739 1.2471 1.55877 1.55838 1.55835 1.55872
6.485 -0.0150502 -0.0150502 -0.0150502 -0.0150502 -0.0637094 -0.0644343 -0.0634242 -0.0646854 0.369185 0.36922 0.369211 0.369324 0.861255 0.860948 0.860965 0.861268
6.505 -0.0907498 -0.0907498 -0.0907498 -0.0907498 -0.424113 -0.425221 -0.42606 -0.425839 -0.473552 -0.476425 -0.476075 -0.473031 -0.110432 -0.11033 -0.110238 -0.110193
6.525 -0.206096 -0.206096 -0.206096 -0.206096 -0.60887 -0.60756 -0.602703 -0.603876 -1.10156 -1.10475 -1.10306 -1.105 -1.29745 -1.29674 -1.29666 -1.29599
6.545 -0.341765 -0.341765 -0.341765 -0.341765 -0.796544 -0.794986 -0.800908 -0.797053 -1.59534 -1.59297 -1.59386 -1.59335 -2.38015 -2.37943 -2.37898 -2.37941
6.565 -0.484261 -0.484261 -0.484261 -0.484261 -1.08509 -1.09219 -1.09401 -1.09637 -2.09505 -2.09061 -2.09143 -2.09261 -3.0229 -3.02224 -3.02161 -3.02206
6.585 -0.627615 -0.627615 -0.627615 -0.627615 -1.44878 -1.45564 -1.45107 -1.45284 -2.55056 -2.55025 -2.55133 -2.55234 -3.17571 -3.17504 -3.17499 -3.17542
6.605 -0.768444 -0.768444 -0.768444 -0.768444 -1.81512 -1.81362 -1.80925 -1.80926 -2.77517 -2.77608 -2.77615 -2.77669 -3.04082 -3.04046 -3.04054 -3.04109
6.625 -0.886111 -0.886111 -0.886111 -0.886111 -1.982 -1.98337 -1.98024 -1.97808 -2.66895 -2.66851 -2.66824 -2.66843 -2.82192 -2.82165 -2.82167 -2.82194
6.645 -0.993625 -0.993625 -0.993625 -0.993625 -1.76165 -1.76283 -1.76285 -1.76158 -2.32973 -2.32941 -2.32924 -2.3293 -2.55951 -2.55927 -2.55933 -2.55963
6.665 -1.05013 -1.05013 -1.05013 -1.05013 -1.32486 -1.32496 -1.32557 -1.32608 -1.84663 -1.8468 -1.84683 -1.84674 -2.19394 -2.1936 -2.19352 -2.19378
6.685 -1.04669 -1.04669 -1.04669 -1.04669 -0.985275 -0.984763 -0.984824 -0.98564 -1.28068 -1.28066 -1.28067 -1.28057 -1.64935 -1.6492 -1.64927 -1.6495
6.705 -0.984208 -0.984208 -0.984208 -0.984208 -0.833 -0.832848 -0.833103 -0.832826 -0.75229 -0.751897 -0.751999 -0.752266 -0.902015 -0.90206 -0.902015 -0.90197
6.725 -0.912152 -0.912152 -0.912152 -0.912152 -0.725065 -0.724898 -0.724282 -0.724415 -0.343911 -0.343274 -0.343547 -0.344447 -0.0678159 -0.0680706 -0.0681456 -0.0679445
6.745 -0.811756 -0.811756 -0.811756 -0.811756 -0.538341 -0.532378 -0.535551 -0.534117 0.0164539 0.0164266 0.0145833 0.0162932 0.610043 0.609739 0.609948 0.610189
6.765 -0.758263 -0.758263 -0.758263 -0.758263 -0.261912 -0.261136 -0.266348 -0.269768 0.403161 0.401643 0.402376 0.40163 0.959454 0.959363 0.959186 0.959393
6.785 -0.772105 -0.772105 -0.772105 -0.772105 -0.00722761 -0.00800314 -0.00992459 -0.0134183 0.741786 0.741452 0.741706 0.740341 1.02386 1.02304 1.02305 1.02363
6.805 -0.741766 -0.741766 -0.741766 -0.741766 0.124129 0.126169 0.127398 0.126233 0.849207 0.849603 0.849378 0.849158 0.978596 0.978185 0.978138 0.97846
6.825 -0.696954 -0.696954 -0.696954 -0.696954 0.0530925 0.0550818 0.056146 0.0556378 0.673631 0.673607 0.67363 0.673742 0.907796 0.907507 0.907465 0.907722
6.845 -0.659029 -0.659029 -0.659029 -0.659029 -0.202094 -0.201636 -0.201362 -0.20155 0.330081 0.329868 0.329837 0.329993 0.732769 0.732512 0.732547 0.732847
6.865 -0.560716 -0.560716 -0.560716 -0.560716 -0.482956 -0.484864 -0.484206 -0.483208 -0.0617916 -0.0618434 -0.061966 -0.0621543 0.345953 0.345701 0.345708 0.345982
6.885 -0.319659 -0.319659 -0.319659 -0.319659 -0.572097 -0.573824 -0.578166 -0.573311 -0.464312 -0.464011 -0.464895 -0.465059 -0.257689 -0.257813 -0.257793 -0.257686
6.905 -0.122055 -0.122055 -0.122055 -0.122055 -0.434275 -0.440684 -0.441132 -0.440921 -0.827129 -0.827193 -0.827571 -0.826477 -0.971812 -0.971681 -0.971656 -0.972026
6.925 -0.0504508 -0.0504508 -0.0504508 -0.0504508 -0.320272 -0.319665 -0.320739 -0.321615 -1.06546 -1.06664 -1.06572 -1.06526 -1.61332 -1.61282 -1.61295 -1.61326
6.945 -0.0173141 -0.0173141 -0.0173141 -0.0173141 -0.417079 -0.416705 -0.416224 -0.416939 -1.202 -1.20213 -1.20172 -1.20166 -1.96144 -1.96107 -1.96115 -1.96166
6.965 -0.0329763 -0.0329763 -0.0329763 -0.0329763 -0.636113 -0.63687 -0.637067 -0.635887 -1.33474 -1.33438 -1.33444 -1.33475 -1.90061 -1.90026 -1.90027 -1.90064
6.985 -0.0327249 -0.0327249 -0.0327249 -0.0327249 -0.790001 -0.791145 -0.791317 -0.790331 -1.41057 -1.41072 -1.41078 -1.41068 -1.55609 -1.55578 -1.5558 -1.55611
7.005 0.0135658 0.0135658 0.0135658 0.0135658 -0.74645 -0.747567 -0.747564 -0.746852 -1.25399 -1.2544 -1.25439 -1.25407 -1.18052 -1.18028 -1.18027 -1.1805
7.025 0.0547634 0.0547634 0.0547634 0.0547634 -0.461409 -0.462236 -0.462251 -0.461437 -0.820306 -0.820301 -0.820249 -0.820214 -0.888137 -0.887976 -0.887989 -0.888161
7.045 0.140006 0.140006 0.140006 0.140006 -0.0187058 -0.0182042 -0.0179541 -0.0183023 -0.264153 -0.264023 -0.263815 -0.26409 -0.571995 -0.571848 -0.571825 -0.572006
7.065 0.249277 0.249277 0.249277 0.249277 0.401507 0.407388 0.406221 0.406587 0.244995 0.246413 0.246041 0.24716 -0.0794377 -0.0793267 -0.0793514 -0.0794952
7.085 0.244991 0.244991 0.244991 0.244991 0.618307 0.621608 0.623601 0.625037 0.677753 0.677832 0.677261 0.677219 0.596839 0.59704 0.597626 0.597609
7.105 0.217374 0.217374 0.217374 0.217374 0.609889 0.611346 0.611845 0.611244 1.05943 1.05773 1.05733 1.05732 1.31874 1.31834 1.31848 1.31871
7.125 0.313339 0.313339 0.313339 0.313339 0.594322 0.593966 0.59478 0.594644 1.35099 1.34928 1.34767 1.34932 1.90195 1.90171 1.90187 1.90242
7.145 0.314479 0.314479 0.314479 0.314479 0.777004 0.779267 0.779246 0.78014 1.53695 1.53467 1.5351 1.53509 2.19394 2.19354 2.19353 2.19381
7.165 0.268513 0.268513 0.268513 0.268513 1.01663 1.01797 1.01823 1.01701 1.68348 1.68299 1.68323 1.6838 2.13871 2.13847 2.13857 2.13886
7.185 0.304187 0.304187 0.304187 0.304187 1.08295 1.08363 1.08349 1.08238 1.74053 1.74089 1.74108 1.74091 1.86459 1.86426 1.86427 1.86464
7.205 0.401969 0.401969 0.401969 0.401969 0.974794 0.975024 0.974875 0.974396 1.53383 1.53432 1.53432 1.53385 1.57117 1.57088 1.57091 1.57122
7.225 0.579587 0.579587 0.579587 0.579587 0.7925 0.792002 0.79237 0.792254 1.07283 1.07272 1.07274 1.07271 1.2925 1.29234 1.29231 1.29244
7.245 0.781482 0.781482 0.781482 0.781482 0.616917 0.616642 0.616584 0.617754 0.599694 0.599275 0.599335 0.599809 0.892411 0.892413 0.892424 0.892411
7.265 0.882556 0.882556 0.882556 0.882556 0.528592 0.527683 0.528315 0.529092 0.29184 0.292341 0.292027 0.292384 0.31407 0.314188 0.314125 0.313997
7.285 0.897347 0.897347 0.897347 0.897347 0.546898 0.544185 0.545126 0.545502 0.104811 0.103378 0.103996 0.105578 -0.28241 -0.28212 -0.282083 -0.282252
7.305 0.87444 0.87444 0.87444 0.87444 0.567032 0.565981 0.568308 0.567588 -0.0699563 -0.0696331 -0.0692726 -0.0690133 -0.662763 -0.662461 -0.662392 -0.662765
7.325 0.789687 0.789687 0.789687 0.789687 0.460795 0.462849 0.46492 0.463026 -0.221276 -0.22173 -0.221233 -0.221755 -0.724768 -0.724312 -0.724366 -0.724695
7.345 0.613663 0.613663 0.613663 0.613663 0.219413 0.219995 0.220858 0.220712 -0.276513 -0.276653 -0.276941 -0.277258 -0.534218 -0.533964 -0.533976 -0.534255
7.365 0.548308 0.548308 0.548308 0.548308 0.00544717 0.00429175 0.0043529 0.00549591 -0.216967 -0.216742 -0.216944 -0.21725 -0.230448 -0.230377 -0.230366 -0.230439
7.385 0.626735 0.626735 0.626735 0.626735 0.071678 0.0702265 0.0700975 0.0714096 -0.0745308 -0.0744249 -0.0744405 -0.0740532 0.0578538 0.0578833 0.0578902 0.057869
7.405 0.704254 0.704254 0.704254 0.704254 0.433792 0.433504 0.432882 0.43282 0.190506 0.190707 0.191169 0.190795 0.251917 0.252032 0.252008 0.25188
7.425 0.737572 0.737572 0.737572 0.737572 0.824447 0.825069 0.825253 0.824348 0.606536 0.606004 0.607337 0.607291 0.397496 0.397604 0.397573 0.397461
7.445 0.632883 0.632883 0.632883 0.632883 1.01886 1.01998 1.01925 1.02056 1.02724 1.0281 1.02815 1.02873 0.6654 0.665528 0.66542 0.665339
7.465 0.478582 0.478582 0.478582 0.478582 0.962358 0.962603 0.962874 0.962386 1.26418 1.26468 1.26499 1.26473 1.15623 1.15603 1.15603 1.15622
7.485 0.279815 0.279815 0.279815 0.279815 0.743781 0.745124 0.744804 0.743939 1.30637 1.30589 1.3053 1.3064 1.72146 1.72112 1.72111 1.72135
7.505 0.0865449 0.0865449 0.0865449 0.0865449 0.506372 0.506536 0.506159 0.505947 1.29219 1.29157 1.2914 1.29165 2.05678 2.05635 2.05637 2.05685
7.525 -0.0210981 -0.0210981 -0.0210981 -0.0210981 0.394037 0.393536 0.39337 0.393621 1.27397 1.27397 1.27395 1.27387 1.97582 1.97533 1.97534 1.97585
7.545 0.0694801 0.0694801 0.0694801 0.0694801 0.473255 0.472711 0.472811 0.47303 1.15771 1.15802 1.15807 1.15782 1.53608 1.53569 1.5357 1.53611
7.565 0.158416 0.158416 0.158416 0.158416 0.62663 0.627532 0.627577 0.626722 0.885024 0.884929 0.884933 0.885157 0.925403 0.925288 0.92529 0.925384
7.585 0.260011 0.260011 0.260011 0.260011 0.583787 0.585137 0.585217 0.583244 0.521134 0.521116 0.521304 0.521346 0.319712 0.318176 0.318648 0.318672
7.605 0.319416 0.319416 0.319416 0.319416 0.286748 0.284874 0.286664 0.284191 0.102612 0.106045 0.105664 0.106503 -0.162481 -0.162175 -0.162457 -0.162661
7.625 0.315505 0.315505 0.315505 0.315505 -0.0683511 -0.0711725 -0.0718148 -0.0687386 -0.351099 -0.353835 -0.351261 -0.349885 -0.494583 -0.494282 -0.494303 -0.494538
7.645 0.280291 0.280291 0.280291 0.280291 -0.299199 -0.293656 -0.292804 -0.293572 -0.740965 -0.741765 -0.740821 -0.739874 -0.76614 -0.765938 -0.765681 -0.766135
7.665 0.103017 0.103017 0.103017 0.103017 -0.387139 -0.387012 -0.383603 -0.382754 -0.921887 -0.922329 -0.92341 -0.923005 -1.05639 -1.0561 -1.05629 -1.05632
7.685 -0.140832 -0.140832 -0.140832 -0.140832 -0.446009 -0.446907 -0.447093 -0.44672 -0.908075 -0.907846 -0.908012 -0.908381 -1.29632 -1.2962 -1.29626 -1.29659
7.705 -0.178712 -0.178712 -0.178712 -0.178712 -0.518629 -0.519736 -0.520289 -0.519993 -0.875012 -0.874473 -0.874441 -0.874995 -1.32483 -1.32462 -1.32461 -1.3248
7.725 -0.101962 -0.101962 -0.101962 -0.101962 -0.520547 -0.521181 -0.52136 -0.52094 -0.906307 -0.9062 -0.906108 -0.906114 -1.10728 -1.10709 -1.10711 -1.10731
7.745 0.011155 0.011155 0.011155 0.011155 -0.433914 -0.434151 -0.434079 -0.433788 -0.844803 -0.845256 -0.845229 -0.844751 -0.805211 -0.804978 -0.804966 -0.805178
7.765 0.10053 0.10053 0.10053 0.10053 -0.273607 -0.273948 -0.274083 -0.273636 -0.554513 -0.554658 -0.554687 -0.554554 -0.560957 -0.560828 -0.560842 -0.560988
7.785 0.231618 0.231618 0.231618 0.231618 -0.00199049 -0.00314603 -0.00317073 -0.00364745 -0.142279 -0.141852 -0.141872 -0.142373 -0.327735 -0.327719 -0.327731 -0.327769
7.805 0.3535 0.3535 0.3535 0.3535 0.356191 0.358986 0.35813 0.358591 0.226363 0.227681 0.228059 0.227019 0.0132222 0.0133151 0.0132884 0.0131993
7.825 0.443732 0.443732 0.443732 0.443732 0.634615 0.63551 0.637179 0.636732 0.555436 0.555271 0.556715 0.556607 0.473767 0.47375 0.473757 0.473826
7.845 0.504216 0.504216 0.504216 0.504216 0.735177 0.734437 0.734605 0.73642 0.89725 0.897372 0.897551 0.898421 0.974571 0.974434 0.974277 0.974148
7.865 0.433194 0.433194 0.433194 0.433194 0.7598 0.760954 0.759624 0.760332 1.20125 1.20155 1.20254 1.2014 1.43519 1.43492 1.43476 1.43526
7.885 0.188614 0.188614 0.188614 0.188614 0.780863 0.782589 0.781353 0.780064 1.40295 1.40329 1.40389 1.40386 1.78034 1.77988 1.77973 1.77994
7.905 -0.0998364 -0.0998364 -0.0998364 -0.0998364 0.712059 0.712986 0.713239 0.712256 1.49457 1.49451 1.4945 1.49463 1.93674 1.93632 1.93626 1.93662
7.925 -0.433725 -0.433725 -0.433725 -0.433725 0.489016 0.48989 0.490149 0.489351 1.43069 1.43067 1.43055 1.43046 1.87941 1.87891 1.87887 1.87933
7.945 -0.781764 -0.781764 -0.781764 -0.781764 0.129756 0.129975 0.13031 0.129616 1.13214 1.13219 1.13212 1.13195 1.6158 1.61528 1.6153 1.61584
7.965 -1.09311 -1.09311 -1.09311 -1.09311 -0.319498 -0.318993 -0.319282 -0.317835 0.58773 0.587669 0.587209 0.588293 1.12702 1.12651 1.12647 1.12694
7.985 -1.31795 -1.31795 -1.31795 -1.31795 -0.814794 -0.818334 -0.816559 -0.815053 -0.121729 -0.122459 -0.122784 -0.122595 0.372598 0.372136 0.372173 0.372623
8.005 -1.29253 -1.29253 -1.29253 -1.29253 -1.25901 -1.2629 -1.26148 -1.25617 -0.915879 -0.91569 -0.921488 -0.914136 -0.631176 -0.63122 -0.631216 -0.630805
8.025 -1.06441 -1.06441 -1.06441 -1.06441 -1.52593 -1.52744 -1.52909 -1.52906 -1.74292 -1.75154 -1.75042 -1.74703 -1.77803 -1.77734 -1.77793 -1.77843
8.045 -0.800266 -0.800266 -0.800266 -0.800266 -1.59426 -1.5947 -1.5951 -1.59386 -2.49029 -2.49337 -2.49307 -2.49229 -2.9131 -2.91251 -2.91272 -2.91319
8.065 -0.447937 -0.447937 -0.447937 -0.447937 -1.56139 -1.57028 -1.55014 -1.5529 -2.98147 -2.97553 -2.97501 -2.97391 -3.83997 -3.83817 -3.83817 -3.83808
8.085 0.0483907 0.0483907 0.0483907 0.0483907 -1.48108 -1.47923 -1.48048 -1.48243 -3.18384 -3.18308 -3.18274 -3.18655 -4.32847 -4.32741 -4.32726 -4.32842
8.105 0.584382 0.584382 0.584382 0.584382 -1.27136 -1.27546 -1.27221 -1.27482 -3.1812 -3.17939 -3.18025 -3.18359 -4.24099 -4.24061 -4.24107 -4.24213
8.125 1.00926 1.00926 1.00926 1.00926 -0.808037 -0.809478 -0.809656 -0.810832 -2.78876 -2.78919 -2.78932 -2.78944 -3.6515 -3.65036 -3.65047 -3.65159
8.145 1.25698 1.25698 1.25698 1.25698 -0.177407 -0.17837 -0.178812 -0.178831 -1.86099 -1.86136 -1.86119 -1.86068 -2.68111 -2.68016 -2.6801 -2.68101
8.165 1.29353 1.29353 1.29353 1.29353 0.510592 0.513676 0.514158 0.511164 -0.533779 -0.532373 -0.532213 -0.532302 -1.32874 -1.32822 -1.32819 -1.32873
8.185 1.20357 1.20357 1.20357 1.20357 1.21244 1.18151 1.17016 1.20783 0.891188 0.882404 0.886696 0.882763 0.430277 0.431028 0.431359 0.43123
8.205 0.936161 0.936161 0.936161 0.936161 1.73685 1.72632 1.71292 1.72038 2.23735 2.24031 2.24283 2.24443 2.43076 2.42869 2.42673 2.42778
8.225 0.709187 0.709187 0.709187 0.709187 1.77172 1.79599 1.8229 1.82904 3.35456 3.36218 3.35695 3.37542 4.32927 4.32985 4.32766 4.32844
8.245 0.7048 0.7048 0.7048 0.7048 1.72679 1.74693 1.77343 1.7681 3.97307 3.97717 3.95603 3.96292 5.71664 5.71522 5.71302 5.71279
8.265 0.819562 0.819562 0.819562 0.819562 2.01961 2.05511 2.03816 2.0103 4.36402 4.3551 4.3542 4.34544 6.18806 6.18553 6.18313 6.18428
8.285 0.878351 0.878351 0.878351 0.878351 2.67833 2.65549 2.6522 2.62425 4.72927 4.72619 4.7343 4.73169 5.72617 5.72508 5.72557 5.72612
8.305 0.690981 0.690981 0.690981 0.690981 3.51122 3.48217 3.4972 3.48049 4.70018 4.69865 4.70145 4.7054 4.82611 4.82577 4.82562 4.82566
8.325 0.132709 0.132709 0.132709 0.132709 3.30257 3.30797 3.31007 3.30829 4.25822 4.25658 4.25619 4.25736 3.95975 3.9597 3.95998 3.96055
8.345 -0.560933 -0.560933 -0.560933 -0.560933 1.74668 1.74501 1.74741 1.74256 3.3288 3.32852 3.32729 3.32518 3.3507 3.34947 3.34874 3.34921
8.365 -1.01094 -1.01094 -1.01094 -1.01094 -0.26488 -0.272926 -0.27355 -0.274472 1.70159 1.70165 1.70031 1.69711 2.81282 2.81169 2.81206 2.81361
8.385 -1.07207 -1.07207 -1.07207 -1.07207 -1.89178 -1.87974 -1.88759 -1.90636 -0.281831 -0.284539 -0.283312 -0.273559 1.6906 1.6906 1.69141 1.69229
8.405 -0.854391 -0.854391 -0.854391 -0.854391 -2.54796 -2.5214 -2.46181 -2.41296 -2.21291 -2.2001 -2.18971 -2.21857 -0.523255 -0.523525 -0.525146 -0.531849
8.425 -0.511144 -0.511144 -0.511144 -0.511144 -1.84174 -1.8858 -1.84736 -1.82213 -3.54273 -3.54005 -3.55983 -3.56319 -3.72069 -3.71949 -3.71888 -3.71935
8.445 -0.214669 -0.214669 -0.214669 -0.214669 -1.03957 -1.05294 -1.10716 -1.06401 -3.70529 -3.68576 -3.6585 -3.65636 -6.79801 -6.79214 -6.78736 -6.78595
8.465 0.172205 0.172205 0.172205 0.172205 -0.986876 -0.994232 -1.00498 -0.950459 -3.96373 -3.96255 -3.95339 -3.97131 -8.02171 -8.02264 -8.02262 -8.02363
8.485 0.66225 0.66225 0.66225 0.66225 -1.31359 -1.30691 -1.29822 -1.4467 -5.09862 -5.08488 -5.08419 -5.05391 -7.13909 -7.13752 -7.14065 -7.14094
8.505 1.15615 1.15615 1.15615 1.15615 -2.52992 -2.46269 -2.40979 -2.44626 -5.70665 -5.72355 -5.71935 -5.71883 -5.34347 -5.34185 -5.34386 -5.34892
8.525 1.62497 1.62497 1.62497 1.62497 -3.32469 -3.34777 -3.31771 -3.334 -4.6981 -4.70086 -4.70969 -4.71824 -4.03806 -4.03842 -4.03958 -4.04065
8.545 1.9274 1.9274 1.9274 1.9274 -1.99788 -2.02394 -2.03252 -2.03834 -2.99345 -2.99256 -2.99756 -3.00447 -3.21538 -3.21523 -3.21532 -3.21527
8.565 2.03786 2.03786 2.03786 2.03786 1.00518 0.99376 0.995562 1.01227 -1.16105 -1.16713 -1.16541 -1.15881 -2.2991 -2.29731 -2.29654 -2.29742
8.585 2.08203 2.08203 2.08203 2.08203 3.86502 3.58633 3.51765 3.74029 1.18381 1.17653 1.1741 1.18187 -0.847029 -0.844538 -0.842919 -0.840175
8.605 2.08015 2.08015 2.08015 2.08015 4.00908 3.87258 3.63678 3.84025 3.95153 3.99142 4.02263 4.05043 1.67255 1.6869 1.68406 1.67941
8.625 1.93991 1.93991 1.93991 1.93991 2.08027 2.95258 2.77596 3.29577 5.34704 5.36028 5.38671 5.40325 5.67589 5.67407 5.68917 5.6935
