0.005 0 0 0 0 -4.89353e-05 -4.9053e-05 -4.90531e-05 -4.8936e-05 -5.00899e-05 -5.00476e-05 -5.00476e-05 -5.00902e-05 -4.99127e-05 -4.99182e-05 -4.99182e-05 -4.99127e-05
0.025 0 0 0 0 0.00030915 0.000310324 0.000310325 0.000309147 0.00030631 0.000305872 0.000305872 0.000306309 0.000303584 0.00030364 0.000303639 0.000303582
0.045 0 0 0 0 0.00069741 0.000699041 0.000699032 0.000697369 0.000956829 0.000956555 0.00095655 0.000956818 0.000935987 0.00093591 0.000935905 0.000935973
0.065 0 0 0 0 0.00074554 0.000746003 0.000745972 0.000745422 0.00148133 0.00148179 0.00148177 0.00148127 0.00160067 0.00160027 0.00160026 0.00160066
0.085 0 0 0 0 0.000690497 0.000690437 0.000690386 0.000690318 0.0016913 0.00169154 0.00169151 0.00169121 0.0022315 0.00223089 0.00223087 0.00223142
0.105 0 0 0 0 0.000691436 0.000691869 0.000691823 0.000691278 0.00167709 0.00167649 0.00167644 0.00167692 0.00258353 0.00258294 0.00258292 0.00258343
0.125 0 0 0 0 0.000704052 0.000704575 0.000704532 0.000703899 0.00163343 0.00163292 0.00163288 0.00163329 0.00243222 0.00243168 0.00243166 0.00243213
0.145 0 0 0 0 0.000698836 0.000699106 0.000699063 0.00069868 0.00152516 0.00152543 0.00152541 0.00152509 0.00186153 0.00186106 0.00186104 0.00186149
0.165 0 0 0 0 0.000662675 0.000663367 0.00066334 0.000662571 0.00118225 0.00118259 0.00118259 0.00118222 0.00117379 0.00117352 0.00117352 0.00117378
0.185 0 0 0 0 0.000445817 0.000446889 0.000446884 0.000445789 0.000584514 0.000584358 0.000584354 0.000584503 0.000531756 0.000531726 0.000531725 0.000531754
0.205 0 0 0 0 -6.48373e-06 -6.23787e-06 -6.23433e-06 -6.47272e-06 -8.85641e-05 -8.87738e-05 -8.87752e-05 -8.85665e-05 -7.58961e-05 -7.58375e-05 -7.58374e-05 -7.58959e-05
0.225 0 0 0 0 -0.000478308 -0.000479335 -0.000479334 -0.000478307 -0.000693814 -0.000693697 -0.000693698 -0.000693816 -0.000689639 -0.000689563 -0.000689563 -0.000689639
0.245 0 0 0 0 -0.000743021 -0.000744325 -0.000744327 -0.000743024 -0.00122334 -0.00122323 -0.00122323 -0.00122334 -0.00134214 -0.00134192 -0.00134192 -0.00134214
0.265 0 0 0 0 -0.000744086 -0.000744614 -0.000744615 -0.000744088 -0.00157602 -0.00157621 -0.00157621 -0.00157602 -0.00194094 -0.00194049 -0.00194049 -0.00194094
0.285 0 0 0 0 -0.000705663 -0.000705844 -0.000705844 -0.000705663 -0.0017235 -0.00172354 -0.00172354 -0.0017235 -0.00238888 -0.00238831 -0.00238831 -0.00238888
0.305 0 0 0 0 -0.000741359 -0.000741898 -0.000741898 -0.000741359 -0.00173242 -0.00173209 -0.00173209 -0.00173242 -0.00252119 -0.00252066 -0.00252066 -0.00252119
0.325 0 0 0 0 -0.000734448 -0.000735064 -0.000735064 -0.000734449 -0.00161166 -0.0016115 -0.00161151 -0.00161166 -0.0021986 -0.00219813 -0.00219813 -0.0021986
0.345 0 0 0 0 -0.000713905 -0.000714621 -0.000714621 -0.000713904 -0.00139824 -0.0013984 -0.0013984 -0.00139824 -0.00163376 -0.00163341 -0.00163341 -0.00163377
0.365 0 0 0 0 -0.000589443 -0.000590304 -0.000590305 -0.000589449 -0.000997409 -0.000997559 -0.000997575 -0.000997456 -0.0010144 -0.0010142 -0.0010142 -0.00101439
0.385 0 0 0 0 -0.000267952 -0.000268504 -0.00026853 -0.000268037 -0.000404864 -0.000404826 -0.000404828 -0.000404867 -0.000406084 -0.000406028 -0.000406027 -0.00040608
0.405 0 0 0 0 0.000215993 0.000216431 0.00021643 0.000215993 0.000306659 0.000306684 0.00030669 0.000306673 0.000260833 0.000260801 0.0002608 0.000260833
0.425 0 0 0 0 0.00051983 0.000520627 0.000520633 0.000519843 0.000868694 0.00086879 0.000868792 0.000868698 0.000884923 0.000884759 0.000884757 0.000884919
0.445 0 0 0 0 0.000644645 0.000645341 0.000645343 0.000644649 0.00126099 0.00126105 0.00126105 0.00126098 0.00151083 0.00151051 0.00151051 0.00151082
0.465 0 0 0 0 0.000686021 0.000686561 0.000686561 0.00068602 0.00151478 0.00151468 0.00151467 0.00151478 0.00205273 0.00205229 0.00205229 0.00205273
0.485 0 0 0 0 0.000639213 0.000639419 0.000639419 0.000639211 0.00157554 0.00157545 0.00157545 0.00157554 0.00225741 0.0022569 0.0022569 0.00225741
0.505 0 0 0 0 0.000756392 0.000757059 0.000757059 0.000756392 0.00164718 0.00164701 0.00164701 0.00164718 0.00223986 0.00223939 0.00223939 0.00223986
0.525 0 0 0 0 0.000690873 0.000691433 0.000691433 0.000690873 0.00144757 0.00144768 0.00144768 0.00144757 0.00179795 0.00179755 0.00179755 0.00179796
0.545 0 0 0 0 0.000487515 0.000487916 0.000487916 0.000487516 0.000978478 0.000978659 0.00097866 0.000978478 0.00113231 0.00113205 0.00113205 0.00113231
0.565 0 0 0 0 0.000317945 0.000318672 0.000318672 0.000317945 0.00047577 0.000475589 0.000475589 0.00047577 0.000535521 0.000535465 0.000535465 0.000535521
0.585 0 0 0 0 -0.000232446 -0.000232994 -0.000232994 -0.000232446 -0.000331414 -0.00033129 -0.00033129 -0.000331414 -0.000354566 -0.000354535 -0.000354535 -0.000354566
0.605 0 0 0 0 -0.000525652 -0.00052637 -0.00052637 -0.000525652 -0.000955482 -0.000955508 -0.000955508 -0.000955482 -0.00108826 -0.00108805 -0.00108805 -0.00108826
0.625 0 0 0 0 -0.000493583 -0.000493519 -0.000493519 -0.000493583 -0.00121383 -0.00121416 -0.00121416 -0.00121383 -0.00154934 -0.00154893 -0.00154893 -0.00154934
0.645 0 0 0 0 -0.00075487 -0.000755779 -0.000755779 -0.000754871 -0.00155077 -0.00155044 -0.00155044 -0.00155077 -0.00211774 -0.00211734 -0.00211734 -0.00211774
0.665 0 0 0 0 -0.000893642 -0.000894775 -0.000894775 -0.000893642 -0.00179187 -0.00179153 -0.00179153 -0.00179187 -0.00238812 -0.00238767 -0.00238767 -0.00238812
0.685 0 0 0 0 -0.000786049 -0.000786326 -0.000786326 -0.00078605 -0.00178629 -0.00178661 -0.00178661 -0.00178629 -0.00225121 -0.00225066 -0.00225066 -0.00225121
0.705 0 0 0 0 -0.000772322 -0.000772929 -0.000772929 -0.000772322 -0.00162369 -0.00162383 -0.00162383 -0.00162369 -0.00201597 -0.00201551 -0.00201551 -0.00201597
0.725 0 0 0 0 -0.000604076 -0.000604921 -0.000604923 -0.000604083 -0.00116917 -0.00116894 -0.00116894 -0.00116919 -0.00152663 -0.00152636 -0.00152636 -0.00152664
0.745 0 0 0 0 -0.000277661 -0.000277956 -0.000277969 -0.000277696 -0.000589559 -0.000589453 -0.000589458 -0.000589589 -0.000818848 -0.000818686 -0.000818686 -0.00081886
0.765 0 0 0 0 -0.000166119 -0.000166491 -0.000166505 -0.000166157 -0.000252418 -0.000252361 -0.000252368 -0.000252436 -0.000270386 -0.000270351 -0.000270348 -0.000270381
0.785 0 0 0 0 0.000120335 0.000120594 0.000120591 0.000120328 0.000238028 0.000237803 0.0002378 0.000238021 0.000398368 0.000398313 0.000398308 0.000398359
0.805 0 0 0 0 0.000362451 0.000362846 0.000362848 0.000362453 0.000732767 0.000732694 0.000732694 0.000732766 0.000953741 0.000953553 0.000953554 0.000953743
0.825 0 0 0 0 0.000867963 0.000869351 0.000869353 0.000867967 0.00151734 0.0015172 0.0015172 0.00151734 0.00175973 0.00175943 0.00175943 0.00175973
0.845 0 0 0 0 0.000819874 0.000820278 0.000820277 0.000819874 0.00178635 0.00178677 0.00178677 0.00178635 0.00214208 0.00214155 0.00214155 0.00214209
0.865 0 0 0 0 0.000339931 0.00033893 0.00033893 0.000339931 0.00129619 0.00129667 0.00129667 0.00129619 0.00192084 0.00192025 0.00192025 0.00192084
0.885 0 0 0 0 0.000621872 0.000623216 0.000623216 0.000621872 0.00118676 0.00118572 0.00118572 0.00118676 0.00191608 0.00191583 0.00191583 0.00191608
0.905 0 0 0 0 0.000721698 0.000723195 0.000723195 0.000721699 0.00118459 0.00118407 0.00118407 0.00118459 0.00149707 0.00149689 0.00149689 0.00149707
0.925 0 0 0 0 0.000654131 0.000654498 0.000654498 0.000654132 0.00122471 0.00122555 0.00122555 0.00122471 0.00104564 0.00104532 0.00104532 0.00104564
0.945 0 0 0 0 0.000204097 0.000203533 0.000203533 0.000204097 0.000585157 0.000586022 0.000586022 0.000585157 0.000466737 0.000466488 0.000466488 0.000466737
0.965 0 0 0 0 -0.000281742 -0.000281931 -0.000281931 -0.000281742 -0.000444959 -0.000445551 -0.000445551 -0.000444959 -0.000165143 -0.00016505 -0.00016505 -0.000165143
0.985 0 0 0 0 -0.000250566 -0.000249673 -0.000249673 -0.000250566 -0.000745862 -0.000747168 -0.000747168 -0.000745862 -0.000517762 -0.000517432 -0.000517432 -0.000517763
1.005 0 0 0 0 -0.000355944 -0.000356619 -0.000356619 -0.000355944 -0.000687437 -0.000686973 -0.000686973 -0.000687438 -0.0010532 -0.00105305 -0.00105305 -0.0010532
1.025 0 0 0 0 -0.000516185 -0.000517808 -0.000517808 -0.000516186 -0.000849006 -0.000847662 -0.000847662 -0.000849006 -0.00153157 -0.00153147 -0.00153147 -0.00153157
1.045 0 0 0 0 -0.000454534 -0.000454344 -0.000454345 -0.000454535 -0.00119353 -0.00119382 -0.00119382 -0.00119353 -0.00159323 -0.00159281 -0.00159281 -0.00159323
1.065 0 0 0 0 -0.000571234 -0.000570752 -0.000570752 -0.000571235 -0.00144523 -0.00144624 -0.00144624 -0.00144523 -0.00157689 -0.00157637 -0.00157637 -0.00157689
1.085 0 0 0 0 -0.000757111 -0.000758408 -0.000758408 -0.000757112 -0.00129565 -0.00129541 -0.00129541 -0.00129565 -0.00153104 -0.00153079 -0.00153079 -0.00153104
1.105 0 0 0 0 -0.000757904 -0.000759897 -0.000759897 -0.000757904 -0.00112025 -0.00111938 -0.00111938 -0.00112025 -0.00146122 -0.00146111 -0.00146111 -0.00146122
1.125 0 0 0 0 -0.00014798 -0.000147198 -0.000147198 -0.00014798 -0.000658594 -0.000659091 -0.000659091 -0.000658594 -0.000901754 -0.000901431 -0.000901431 -0.000901754
1.145 0 0 0 0 -0.000139613 -0.000139217 -0.000139217 -0.000139614 -0.000505769 -0.000506049 -0.000506049 -0.000505769 -0.000689334 -0.000689108 -0.000689108 -0.000689334
1.165 0 0 0 0 -0.000144541 -0.000145128 -0.000145128 -0.000144541 -0.000172204 -0.0001718 -0.0001718 -0.000172204 -0.000302911 -0.000302925 -0.000302925 -0.000302911
1.185 0 0 0 0 0.000212685 0.000212986 0.000212986 0.000212685 0.000381615 0.000381599 0.000381599 0.000381615 0.000444807 0.000444726 0.000444726 0.000444807
1.205 0 0 0 0 0.000597104 0.000598321 0.000598321 0.000597104 0.00100109 0.00100068 0.00100068 0.00100109 0.00126935 0.00126918 0.00126918 0.00126935
1.225 0 0 0 0 0.000413879 0.000413526 0.000413526 0.000413879 0.00116716 0.00116754 0.00116754 0.00116716 0.00155628 0.00155584 0.00155584 0.00155628
1.245 0 0 0 0 0.000108527 0.000107252 0.000107252 0.000108527 0.000850485 0.000850984 0.000850984 0.000850485 0.00136942 0.00136895 0.00136895 0.00136942
1.265 0 0 0 0 0.00027622 0.000276827 0.000276827 0.00027622 0.000587495 0.000586811 0.000586811 0.000587495 0.00108569 0.00108555 0.00108555 0.00108569
1.285 0 0 0 0 0.000664884 0.000667018 0.000667018 0.000664884 0.000756786 0.000755967 0.000755967 0.000756786 0.000836327 0.000836377 0.000836377 0.000836327
1.305 0 0 0 0 0.000806556 0.000807898 0.000807898 0.000806556 0.00116286 0.00116342 0.00116342 0.00116286 0.000780896 0.000780744 0.000780744 0.000780896
1.325 0 0 0 0 9.07677e-05 8.92976e-05 8.92976e-05 9.07678e-05 0.000602656 0.000604137 0.000604137 0.000602656 0.000410439 0.000410073 0.000410073 0.000410439
1.345 0 0 0 0 -0.000363061 -0.000363879 -0.000363879 -0.000363061 -0.00032108 -0.000321561 -0.000321561 -0.00032108 0.000180906 0.000180854 0.000180854 0.000180906
1.365 0 0 0 0 -0.000438372 -0.000437971 -0.000437971 -0.000438372 -0.00084339 -0.000845041 -0.000845041 -0.00084339 -0.000233414 -0.000233149 -0.000233149 -0.000233414
1.385 0 0 0 0 -0.000313044 -0.000313336 -0.000313336 -0.000313043 -0.000660603 -0.000660573 -0.000660574 -0.000660607 -0.000863459 -0.000863277 -0.000863276 -0.000863457
1.405 0 0 0 0 2.59794e-06 2.3385e-06 2.33883e-06 2.59839e-06 -0.000268088 -0.000266779 -0.00026678 -0.000268089 -0.00119012 -0.00118999 -0.00118999 -0.00119012
1.425 0 0 0 0 0.000134447 0.000135391 0.000135391 0.000134447 -0.000296212 -0.000295864 -0.000295864 -0.000296212 -0.00102552 -0.00102524 -0.00102524 -0.00102552
1.445 0 0 0 0 -0.000787637 -0.000788912 -0.000788912 -0.000787638 -0.00127549 -0.00127559 -0.00127559 -0.00127549 -0.00128175 -0.00128153 -0.00128153 -0.00128175
1.465 0 0 0 0 -0.0014587 -0.00146147 -0.00146147 -0.0014587 -0.00210249 -0.00210293 -0.00210293 -0.00210249 -0.0016837 -0.00168345 -0.00168344 -0.0016837
1.485 0 0 0 0 -0.000357835 -0.00035667 -0.000356662 -0.000357822 -0.00114346 -0.00114485 -0.00114485 -0.00114346 -0.00113251 -0.00113201 -0.00113201 -0.00113251
1.505 0 0 0 0 0.000288269 0.000289282 0.000289275 0.000288248 -4.07961e-05 -4.01761e-05 -4.01676e-05 -4.07763e-05 -0.000874423 -0.000874203 -0.000874205 -0.000874428
1.525 0 0 0 0 0.000505461 0.000505642 0.000505632 0.000505455 0.000697449 0.00069906 0.000699044 0.000697355 -0.000186714 -0.000186842 -0.000186851 -0.0001868
1.545 0 0 0 0 7.8632e-05 7.81796e-05 7.81745e-05 7.8623e-05 0.000373429 0.000373703 0.000373745 0.000373514 0.00053493 0.000534759 0.00053478 0.000534973
1.565 0 0 0 0 0.000354737 0.000356347 0.000356347 0.000354737 0.000670261 0.000668178 0.000668184 0.000670275 0.00178866 0.00178858 0.00178858 0.00178867
1.585 0 0 0 0 0.000562588 0.000562858 0.000562859 0.000562589 0.00149807 0.00149751 0.0014975 0.00149805 0.00243963 0.00243912 0.00243911 0.00243962
1.605 0 0 0 0 0.000533668 0.000531679 0.000531679 0.000533669 0.00192783 0.00192974 0.00192973 0.00192782 0.00222829 0.0022274 0.00222739 0.00222828
1.625 0 0 0 0 0.000574381 0.000574187 0.000574188 0.000574381 0.00138724 0.00138796 0.00138796 0.00138725 0.00158647 0.00158599 0.00158599 0.00158647
1.645 0 0 0 0 0.00064007 0.000642922 0.000642922 0.000640071 0.000561194 0.000559511 0.000559512 0.000561197 0.000876465 0.000876652 0.000876652 0.000876465
1.665 0 0 0 0 0.000639722 0.000642275 0.000642275 0.000639722 0.000530539 0.000529527 0.000529527 0.00053054 0.000488688 0.000488869 0.000488869 0.000488689
1.685 0 0 0 0 0.000173384 0.000172262 0.000172262 0.000173384 0.000572328 0.000573915 0.000573914 0.000572328 0.000157324 0.000157035 0.000157035 0.000157324
1.705 0 0 0 0 0.000519826 0.000520463 0.000520463 0.000519826 0.00090523 0.000905553 0.000905553 0.00090523 0.000845733 0.00084554 0.00084554 0.000845733
1.725 0 0 0 0 -0.000375424 -0.000376661 -0.000376661 -0.000375424 -0.000169908 -0.000170117 -0.000170117 -0.000169908 0.000381021 0.000380853 0.000380853 0.000381021
1.745 0 0 0 0 -0.00178304 -0.00178771 -0.00178771 -0.00178304 -0.00209038 -0.0020901 -0.0020901 -0.00209038 -0.00143529 -0.00143531 -0.00143531 -0.00143529
1.765 0 0 0 0 -0.000317703 -0.000315256 -0.000315253 -0.000317692 -0.00154795 -0.00155015 -0.00155016 -0.00154798 -0.00166572 -0.00166489 -0.00166488 -0.0016657
1.785 0 0 0 0 0.000989925 0.000994628 0.000994628 0.000989927 3.08636e-05 3.04075e-05 3.04061e-05 3.08599e-05 -0.00143592 -0.00143519 -0.00143518 -0.00143592
1.805 0 0 0 0 2.90107e-05 2.68036e-05 2.68029e-05 2.90079e-05 0.000148781 0.000152553 0.000152555 0.000148786 -0.0015341 -0.00153431 -0.00153431 -0.0015341
1.825 0 0 0 0 -0.00162971 -0.00163507 -0.00163506 -0.0016297 -0.00172571 -0.00172401 -0.00172402 -0.00172574 -0.00162218 -0.00162237 -0.00162236 -0.00162216
1.845 0 0 0 0 -0.00178047 -0.00178096 -0.00178096 -0.00178046 -0.00305508 -0.00305916 -0.00305916 -0.00305509 -0.0014143 -0.00141355 -0.00141355 -0.00141429
1.865 0 0 0 0 -0.000846585 -0.000845217 -0.0008452 -0.000846673 -0.00209925 -0.00210214 -0.00210214 -0.00209927 -0.00158148 -0.00158069 -0.00158069 -0.00158148
1.885 0 0 0 0 0.000603647 0.0006041 0.000604191 0.000603822 0.00046369 0.000466374 0.000466371 0.000463681 -0.00133857 -0.00133851 -0.00133851 -0.00133857
1.905 0 0 0 0 0.00158082 0.00158262 0.00158261 0.00158082 0.00206194 0.00206519 0.00206516 0.00206178 3.31042e-05 3.28619e-05 3.28535e-05 3.3062e-05
1.925 0 0 0 0 0.000326445 0.000326609 0.000326594 0.000326407 0.000757237 0.000757303 0.000757352 0.000757351 0.00100958 0.00100937 0.00100943 0.00100971
1.945 0 0 0 0 -0.000729318 -0.000730186 -0.000730191 -0.00072933 -0.000403818 -0.000406983 -0.000406991 -0.00040383 0.00192188 0.0019217 0.0019217 0.00192188
1.965 0 0 0 0 0.000150964 0.000151238 0.000151239 0.000150967 0.000978291 0.000976027 0.000976009 0.000978252 0.00286478 0.00286434 0.00286433 0.00286475
1.985 0 0 0 0 0.00116962 0.00116891 0.00116891 0.00116962 0.0027243 0.00272658 0.00272658 0.00272429 0.00262944 0.0026285 0.0026285 0.00262942
2.005 0 0 0 0 0.00208154 0.00208385 0.00208385 0.00208155 0.00340494 0.00340721 0.00340721 0.00340494 0.00247779 0.00247711 0.00247711 0.00247779
2.025 0 0 0 0 0.000623954 0.000624678 0.000624678 0.000623955 0.00112257 0.00112286 0.00112286 0.00112258 0.00114709 0.00114684 0.00114684 0.00114709
2.045 0 0 0 0 -0.000856686 -0.000857327 -0.000857328 -0.000856688 -0.00121871 -0.00122076 -0.00122076 -0.00121871 -0.000102642 -0.000102435 -0.000102434 -0.000102639
2.065 0 0 0 0 -0.000948255 -0.000948746 -0.000948747 -0.000948255 -0.00164407 -0.00164585 -0.00164585 -0.00164407 -0.000967486 -0.00096712 -0.000967114 -0.00096751
2.085 0 0 0 0 0.000177808 0.000178809 0.000178809 0.000177808 -0.000293374 -0.000292858 -0.000292855 -0.000293369 -0.00116471 -0.00116441 -0.00116438 -0.00116467
2.105 0 0 0 0 0.000878957 0.000880511 0.000880511 0.000878958 0.00078166 0.000783671 0.000783671 0.000781659 -0.000842171 -0.000842079 -0.00084207 -0.000842153
2.125 0 0 0 0 -0.000774638 -0.000777686 -0.000777686 -0.000774638 -0.000886358 -0.000884373 -0.000884374 -0.00088636 -0.00147587 -0.00147596 -0.00147596 -0.00147587
2.145 0 0 0 0 -0.00182437 -0.0018268 -0.0018268 -0.00182438 -0.00278109 -0.00278298 -0.00278298 -0.00278109 -0.00179167 -0.00179121 -0.00179121 -0.00179168
2.165 0 0 0 0 -0.00105811 -0.00105681 -0.00105681 -0.00105811 -0.00236787 -0.00237129 -0.00237129 -0.00236788 -0.0015471 -0.00154627 -0.00154627 -0.0015471
2.185 0 0 0 0 -0.00166932 -0.00167429 -0.00167429 -0.00166932 -0.00236108 -0.00235844 -0.00235844 -0.00236108 -0.00332761 -0.00332746 -0.00332746 -0.00332761
2.205 0 0 0 0 -3.00642e-05 -2.91872e-05 -2.91772e-05 -3.00671e-05 -0.00110234 -0.00110082 -0.00110082 -0.00110234 -0.00298286 -0.00298224 -0.00298224 -0.00298287
2.225 0 0 0 0 0.00160024 0.00160801 0.00160804 0.00160021 0.000421116 0.000418972 0.000418918 0.000420942 -0.000900518 -0.000899511 -0.000899507 -0.000900516
2.245 0 0 0 0 -0.000749419 -0.000752915 -0.000752849 -0.000749268 -0.000510122 -0.000508353 -0.000508326 -0.000510078 -0.000599412 -0.000599715 -0.000599727 -0.000599427
2.265 0 0 0 0 -0.00118191 -0.00118687 -0.0011869 -0.00118202 -0.000421134 -0.000420688 -0.000420703 -0.000421154 0.000959214 0.000958584 0.000958594 0.000959233
2.285 0 0 0 0 0.00155236 0.00155804 0.00155803 0.00155233 0.00217052 0.00216629 0.00216628 0.00217051 0.00388143 0.00388137 0.00388136 0.00388141
2.305 0 0 0 0 0.0025707 0.00257441 0.00257442 0.00257071 0.0045152 0.00451543 0.00451543 0.00451519 0.00493955 0.00493861 0.00493861 0.00493955
2.325 0 0 0 0 0.0018084 0.00180535 0.00180536 0.00180841 0.00485812 0.00486312 0.00486312 0.00485813 0.0047356 0.00473371 0.0047337 0.0047356
2.345 0 0 0 0 0.00168848 0.00168984 0.00168984 0.00168848 0.00369757 0.00369735 0.00369735 0.00369758 0.00497437 0.00497331 0.00497331 0.00497437
2.365 0 0 0 0 0.0016322 0.00163775 0.00163764 0.00163191 0.0025455 0.00254055 0.00254041 0.00254504 0.00477235 0.00477214 0.00477212 0.00477234
2.385 0 0 0 0 -4.84338e-05 -5.12986e-05 -5.14059e-05 -4.87232e-05 0.0011872 0.00118781 0.0011878 0.00118711 0.00228116 0.00228031 0.00228032 0.00228114
2.405 0 0 0 0 0.00133542 0.0013367 0.00133663 0.00133515 0.00228484 0.00228619 0.00228622 0.00228491 0.00184956 0.00184906 0.00184908 0.00184957
2.425 0 0 0 0 -0.000398519 -0.000401085 -0.000401079 -0.000398529 -0.000322104 -0.000319624 -0.000319617 -0.000322075 -0.00117446 -0.00117467 -0.00117469 -0.00117451
2.445 0 0 0 0 -0.00276483 -0.00276947 -0.00276948 -0.00276484 -0.00463541 -0.00463552 -0.00463555 -0.00463547 -0.00488528 -0.00488441 -0.0048844 -0.00488526
2.465 0 0 0 0 -0.000788409 -0.000781349 -0.000781349 -0.000788408 -0.00417736 -0.00418316 -0.00418317 -0.00417738 -0.00470993 -0.00470768 -0.00470769 -0.00470995
2.485 0 0 0 0 -0.00272115 -0.00272646 -0.00272646 -0.00272116 -0.00500208 -0.00499915 -0.00499915 -0.00500208 -0.00721092 -0.0072099 -0.00720989 -0.00721091
2.505 0 0 0 0 -0.00289088 -0.00289781 -0.00289781 -0.00289087 -0.00495606 -0.00495176 -0.00495176 -0.00495605 -0.00746556 -0.00746475 -0.00746476 -0.00746557
2.525 0 0 0 0 -0.00103811 -0.0010339 -0.0010339 -0.00103811 -0.00405079 -0.00405409 -0.00405409 -0.00405079 -0.00518175 -0.00517984 -0.00517984 -0.00518174
2.545 0 0 0 0 -0.00132372 -0.00132282 -0.00132299 -0.00132423 -0.00335085 -0.00335307 -0.00335314 -0.00335105 -0.00372899 -0.00372781 -0.00372784 -0.00372907
2.565 0 0 0 0 -0.00201883 -0.00202597 -0.00202598 -0.00201888 -0.00215762 -0.00215458 -0.00215464 -0.00215777 -0.00250922 -0.00250948 -0.0025095 -0.00250927
2.585 0 0 0 0 -0.00325486 -0.00326569 -0.00326569 -0.00325493 -0.00335954 -0.00335592 -0.00335594 -0.00335961 -0.00319487 -0.00319532 -0.00319532 -0.00319486
2.605 0 0 0 0 -0.00157566 -0.001574 -0.00157411 -0.00157608 -0.00389684 -0.00390115 -0.00390116 -0.00389681 -0.00336052 -0.00335908 -0.0033591 -0.00336057
2.625 0 0 0 0 0.00682393 0.00685183 0.00685179 0.00682361 0.00520184 0.00519152 0.00519151 0.0052018 0.0039825 0.00398468 0.00398468 0.00398247
2.645 0 0 0 0 -0.0003379 -0.000354746 -0.000354606 -0.000337626 0.00372976 0.00374526 0.00374522 0.00372968 0.00113383 0.00113053 0.0011304 0.00113323
2.665 0 0 0 0 0.000714264 0.000707956 0.000707994 0.000714339 0.0042292 0.00423307 0.00423303 0.00422914 0.00584019 0.00583794 0.00583794 0.00584027
2.685 0 0 0 0 0.00423912 0.0042578 0.0042578 0.00423912 0.00525516 0.00523988 0.00523983 0.00525505 0.0109633 0.0109637 0.0109637 0.0109633
2.705 0 0 0 0 0.00136641 0.00136399 0.00136399 0.00136641 0.00518191 0.00518144 0.00518142 0.00518183 0.00873629 0.00873407 0.00873409 0.00873634
2.725 0 0 0 0 -0.00253144 -0.00255477 -0.00255478 -0.00253147 0.00214898 0.00216326 0.0021633 0.00214904 0.00216899 0.00216521 0.0021652 0.00216897
2.745 0 0 0 0 0.00162354 0.00163241 0.0016324 0.00162358 0.000359808 0.000355681 0.000355698 0.000359814 -4.84205e-05 -4.72868e-05 -4.72931e-05 -4.84329e-05
2.765 0 0 0 0 0.00583566 0.00586637 0.00586633 0.00583558 0.00196755 0.00195396 0.00195399 0.0019676 0.000479796 0.00048341 0.000483409 0.000479793
2.785 0 0 0 0 0.0030169 0.00301988 0.00302 0.00301723 0.00441017 0.00441655 0.00441652 0.00441008 0.00093356 0.000932825 0.000932823 0.000933561
2.805 0 0 0 0 -0.00495646 -0.00498698 -0.00498697 -0.0049564 -0.000847321 -0.000830231 -0.000830239 -0.000847348 -0.00131634 -0.00132014 -0.00132014 -0.00131633
2.825 0 0 0 0 -0.00696226 -0.00697471 -0.00697474 -0.00696233 -0.00892627 -0.0089333 -0.00893328 -0.00892624 -0.00332785 -0.00332719 -0.0033272 -0.00332788
2.845 0 0 0 0 -0.0015769 -0.00155781 -0.00155782 -0.00157684 -0.0081929 -0.00821445 -0.00821454 -0.0081933 -0.00435364 -0.00434939 -0.00434943 -0.0043542
2.865 0 0 0 0 0.00110898 0.00111399 0.00111397 0.00110893 -0.00138238 -0.00137704 -0.00137689 -0.00138209 -0.00745525 -0.00745378 -0.00745372 -0.00745519
2.885 0 0 0 0 -0.00367841 -0.00370363 -0.00370365 -0.00367844 -0.0034475 -0.00342148 -0.00342143 -0.00344739 -0.0132379 -0.0132394 -0.0132393 -0.0132377
2.905 0 0 0 0 -0.00579705 -0.00580187 -0.00580183 -0.00579695 -0.0118951 -0.0118972 -0.0118975 -0.0118957 -0.0139151 -0.0139119 -0.0139122 -0.0139156
2.925 0 0 0 0 0.00205187 0.00209108 0.00209038 0.00204926 -0.00720341 -0.00723542 -0.00723551 -0.00720359 -0.00358158 -0.00357443 -0.00357464 -0.00358206
2.945 0 0 0 0 -0.000736191 -0.000743471 -0.000743234 -0.000735562 0.000908628 0.000914614 0.000914388 0.000908163 0.000102965 0.000101595 0.000101604 0.000102991
2.965 0 0 0 0 -0.0137134 -0.0137859 -0.0137858 -0.0137128 -0.007027 -0.00698822 -0.00698832 -0.00702742 -0.00933937 -0.00934654 -0.0093465 -0.00933923
2.985 0 0 0 0 0.00384576 0.00387923 0.00387876 0.00384457 -0.00154176 -0.00156623 -0.00156601 -0.00154127 0.00181359 0.00181824 0.00181815 0.00181339
3.005 0 0 0 0 0.0183451 0.0184249 0.0184247 0.0183445 0.0139678 0.0139313 0.0139313 0.0139679 0.0148484 0.0148547 0.0148548 0.0148485
3.025 0 0 0 0 0.00196457 0.00192381 0.00192406 0.00196513 0.015646 0.0156868 0.0156866 0.0156458 0.010165 0.010155 0.010155 0.0101649
3.045 0 0 0 0 -0.00789518 -0.00795812 -0.00795798 -0.00789486 0.00475399 0.00478644 0.00478625 0.00475344 0.00831058 0.00830054 0.00830053 0.00831056
3.065 0 0 0 0 0.0100919 0.0101572 0.0101571 0.010092 0.00644261 0.00638807 0.00638803 0.00644252 0.0219462 0.0219516 0.0219515 0.0219461
3.085 0 0 0 0 0.0128737 0.0129209 0.012921 0.0128742 0.014853 0.014827 0.0148266 0.0148517 0.0210294 0.0210294 0.0210289 0.0210275
3.105 0 0 0 0 -0.000770399 -0.000835275 -0.000836659 -0.000774711 0.0156389 0.0156953 0.0156953 0.0156385 0.00744009 0.00742738 0.00742712 0.00743957
3.125 0 0 0 0 -0.00272873 -0.00276005 -0.00276086 -0.00273074 0.00323094 0.00325321 0.00325369 0.00323181 0.00112031 0.00111541 0.00111541 0.00112031
3.145 0 0 0 0 0.00873561 0.00881311 0.00881285 0.00873494 -0.00328353 -0.00334142 -0.00334105 -0.00328275 0.0055655 0.00557628 0.00557633 0.00556559
3.165 0 0 0 0 0.00173537 0.00175553 0.00175626 0.00173693 -0.00198846 -0.00200199 -0.00200208 -0.00198867 -0.000975158 -0.000972217 -0.000972403 -0.000975464
3.185 0 0 0 0 -0.0224544 -0.0225658 -0.0225655 -0.0224537 -0.0156458 -0.0155813 -0.0155816 -0.0156464 -0.0245889 -0.0245981 -0.0245979 -0.0245886
3.205 0 0 0 0 0.00246429 0.00250012 0.00250021 0.00246448 -0.00767222 -0.0076924 -0.00769241 -0.00767224 -0.0108645 -0.0108571 -0.0108573 -0.0108648
3.225 0 0 0 0 0.0193032 0.0194111 0.0194109 0.0193029 0.00625787 0.00620428 0.00620424 0.00625778 0.00490081 0.00491333 0.00491348 0.00490114
3.245 0 0 0 0 -0.0141882 -0.014272 -0.014272 -0.0141882 -0.0056967 -0.00564465 -0.00564459 -0.00569658 -0.0120847 -0.0120936 -0.0120937 -0.0120849
3.265 0 0 0 0 -0.0236077 -0.0237017 -0.0237017 -0.0236077 -0.0192899 -0.019254 -0.019254 -0.0192899 -0.0166852 -0.016692 -0.0166919 -0.0166851
3.285 0 0 0 0 -0.00271356 -0.00265371 -0.00265369 -0.00271348 -0.0211379 -0.0212009 -0.0212009 -0.0211379 -0.00994224 -0.00992866 -0.0099287 -0.00994232
3.305 0 0 0 0 0.00501216 0.00506768 0.00506761 0.00501119 -0.00931855 -0.00934801 -0.00934794 -0.00931837 -0.0143118 -0.0143011 -0.0143011 -0.0143118
3.325 0 0 0 0 -0.00323639 -0.00328911 -0.00328845 -0.00323528 0.00151889 0.00158193 0.00158126 0.00151643 -0.0213133 -0.021319 -0.021319 -0.0213133
3.345 0 0 0 0 -9.11851e-05 -0.00010879 -0.000108424 -9.03025e-05 0.00159324 0.00161863 0.00161799 0.00159081 -0.00886357 -0.00886581 -0.00886641 -0.00886493
3.365 0 0 0 0 0.000410769 0.000453899 0.000453843 0.000410668 -0.00778608 -0.00783394 -0.00783372 -0.0077855 0.00549891 0.00550559 0.00550543 0.00549808
3.385 0 0 0 0 -0.0147843 -0.0148157 -0.014817 -0.0147891 -0.0165005 -0.0165171 -0.016517 -0.0165003 -0.000989449 -0.000989424 -0.000989457 -0.000989539
3.405 0 0 0 0 0.00523309 0.00523169 0.00523198 0.00523424 0.0121368 0.0121456 0.0121456 0.0121368 0.0122356 0.0122315 0.0122315 0.0122356
3.425 0 0 0 0 0.0163266 0.0163405 0.0163409 0.0163274 0.0269915 0.0270157 0.0270156 0.0269912 0.0169647 0.016959 0.0169592 0.0169649
3.445 0 0 0 0 0.01329 0.0133093 0.0133093 0.0132901 0.0214073 0.021414 0.021414 0.0214072 0.0188872 0.0188833 0.0188833 0.0188871
3.465 0 0 0 0 0.00331785 0.00332717 0.00332706 0.00331765 0.00858714 0.00857103 0.00857101 0.0085871 0.0199422 0.0199399 0.0199399 0.0199423
3.485 0 0 0 0 -0.00986607 -0.00989986 -0.00989991 -0.00986618 -0.00478116 -0.00478688 -0.00478685 -0.00478108 0.00985949 0.00985531 0.00985528 0.00985943
3.505 0 0 0 0 -0.000480276 -0.000480976 -0.000480976 -0.000480266 0.0011267 0.00112077 0.00112078 0.00112665 0.00595778 0.0059567 0.00595668 0.00595752
3.525 0 0 0 0 0.0137585 0.0137983 0.0137983 0.0137586 0.0132017 0.0132009 0.013201 0.0132018 0.00436714 0.00436908 0.00436922 0.00436729
3.545 0 0 0 0 0.0161938 0.0162267 0.0162267 0.0161939 0.0195023 0.0195153 0.0195153 0.0195023 0.00672636 0.00672573 0.0067258 0.00672652
3.565 0 0 0 0 -0.00330461 -0.00333692 -0.00333747 -0.0033061 0.00279061 0.00281078 0.00281075 0.00279052 0.00208798 0.00208303 0.00208302 0.00208797
3.585 0 0 0 0 -0.00730297 -0.00731136 -0.00731162 -0.00730344 -0.0073704 -0.00739253 -0.00739253 -0.00737039 0.0076796 0.00767961 0.00767966 0.00767969
3.605 0 0 0 0 -0.00242391 -0.00241197 -0.00241185 -0.00242363 -0.00404252 -0.00407119 -0.0040714 -0.00404344 0.00893133 0.00893303 0.00893293 0.00893117
3.625 0 0 0 0 -0.00104539 -0.00106535 -0.00106525 -0.00104524 0.00269472 0.0027137 0.00271413 0.00269566 -0.00140529 -0.00140805 -0.00140754 -0.00140419
3.645 0 0 0 0 0.00447563 0.00447286 0.00447286 0.00447566 0.00568016 0.00570411 0.005704 0.00567995 -0.00722679 -0.00722793 -0.00722787 -0.00722673
3.665 0 0 0 0 -0.00520475 -0.00520642 -0.00520645 -0.00520482 -0.0129976 -0.0129958 -0.012996 -0.012998 -0.0193067 -0.0193025 -0.0193026 -0.0193068
3.685 0 0 0 0 -0.0237411 -0.0237732 -0.0237732 -0.0237411 -0.0401531 -0.0401644 -0.0401645 -0.0401532 -0.0380198 -0.0380118 -0.0380119 -0.03802
3.705 0 0 0 0 -0.0148658 -0.0148564 -0.0148563 -0.0148656 -0.0360091 -0.0360351 -0.0360351 -0.036009 -0.0376432 -0.0376306 -0.0376306 -0.0376432
3.725 0 0 0 0 0.00273613 0.00276677 0.00276671 0.00273549 -0.0101081 -0.0101089 -0.0101087 -0.0101074 -0.0256535 -0.025645 -0.0256451 -0.0256536
3.745 0 0 0 0 0.00255967 0.00254351 0.00254386 0.00256016 0.00377143 0.00380851 0.00380647 0.00376544 -0.0147739 -0.0147757 -0.0147757 -0.0147739
3.765 0 0 0 0 -0.0110828 -0.0111297 -0.0111295 -0.0110824 -0.00810903 -0.00808872 -0.00808892 -0.00810919 -0.00764509 -0.00764931 -0.00764966 -0.00764602
3.785 0 0 0 0 -0.014413 -0.0144233 -0.0144241 -0.014418 -0.0210752 -0.0211132 -0.0211134 -0.0210756 -0.00121932 -0.00121565 -0.00121622 -0.00122024
3.805 0 0 0 0 0.00659305 0.00664495 0.00664454 0.00659233 0.00202487 0.00198046 0.001981 0.00202607 0.0139314 0.0139364 0.0139361 0.0139307
3.825 0 0 0 0 0.00622747 0.00619723 0.00619675 0.00622676 0.0187714 0.0188165 0.0188165 0.0187715 0.00747622 0.00746735 0.00746726 0.00747603
3.845 0 0 0 0 0.017333 0.0173387 0.0173386 0.0173326 0.0306813 0.0307159 0.0307157 0.0306809 0.0181496 0.018142 0.0181421 0.0181498
3.865 0 0 0 0 0.0240562 0.0241318 0.0241319 0.0240563 0.0301344 0.0301014 0.0301014 0.0301343 0.0373491 0.0373493 0.0373492 0.037349
3.885 0 0 0 0 0.00723358 0.00723974 0.00723982 0.00723377 0.0214459 0.0214274 0.0214274 0.0214458 0.0413543 0.0413469 0.041347 0.0413544
3.905 0 0 0 0 -0.010299 -0.0103801 -0.01038 -0.0102988 0.011563 0.0115889 0.011589 0.0115632 0.0298767 0.0298607 0.0298607 0.0298766
3.925 0 0 0 0 -0.00705598 -0.00709223 -0.00709282 -0.00705811 -3.36782e-05 -3.17001e-05 -3.3394e-05 -3.88265e-05 0.0103393 0.0103334 0.0103332 0.0103386
3.945 0 0 0 0 0.0369381 0.0370915 0.0370916 0.0369385 0.0274815 0.0274215 0.0274215 0.0274814 0.0223842 0.022397 0.0223974 0.0223852
3.965 0 0 0 0 0.0416904 0.0417793 0.0417786 0.0416825 0.0522924 0.0523064 0.0523058 0.052291 0.0305885 0.0305862 0.0305863 0.0305887
3.985 0 0 0 0 -0.0243343 -0.0245191 -0.0245202 -0.024338 0.00424555 0.00436091 0.00436182 0.00424836 -0.00276857 -0.00279391 -0.00279416 -0.00276939
4.005 0 0 0 0 -0.028706 -0.0287511 -0.0287536 -0.0287107 -0.0350554 -0.035103 -0.0351033 -0.0350587 -0.00229832 -0.00229615 -0.00229641 -0.00229877
4.025 0 0 0 0 0.0054901 0.00563562 0.00563483 0.00548928 -0.0244039 -0.0245434 -0.0245429 -0.0244049 0.00457825 0.00459768 0.00459696 0.00457131
4.045 0 0 0 0 -0.00905163 -0.00910937 -0.00910945 -0.00905191 -0.0103115 -0.010249 -0.0102475 -0.0103081 -0.0352549 -0.0352575 -0.0352571 -0.0352543
4.065 0 0 0 0 -0.0145904 -0.0147067 -0.0147067 -0.0145903 -0.0113897 -0.0112655 -0.0112656 -0.0113901 -0.057698 -0.0577058 -0.0577048 -0.0576962
4.085 0 0 0 0 0.00707447 0.00718147 0.00718164 0.00707496 -0.0246955 -0.0247526 -0.0247531 -0.0246966 -0.0373196 -0.0372964 -0.0372963 -0.0373191
4.105 0 0 0 0 -0.00677798 -0.00669481 -0.00669493 -0.00677841 -0.0371952 -0.0372824 -0.0372826 -0.0371954 -0.0253165 -0.0252949 -0.0252947 -0.0253162
4.125 0 0 0 0 -0.0406322 -0.0407834 -0.0407826 -0.0406306 -0.0367442 -0.03669 -0.0366903 -0.0367446 -0.0325681 -0.0325774 -0.0325774 -0.0325683
4.145 0 0 0 0 -0.0255982 -0.0257053 -0.0257059 -0.0255989 -0.02116 -0.0211114 -0.0211114 -0.0211602 -0.0233238 -0.0233314 -0.0233314 -0.0233238
4.165 0 0 0 0 0.0143251 0.0144276 0.0144244 0.0143184 -0.00404748 -0.00410416 -0.00410361 -0.00404643 -0.00623254 -0.00621727 -0.00621751 -0.00623302
4.185 0 0 0 0 0.0315968 0.0317199 0.0317186 0.0315932 0.0234277 0.023392 0.0233925 0.0234287 0.0110154 0.0110256 0.0110256 0.0110153
4.205 0 0 0 0 -0.00705052 -0.00715923 -0.00715804 -0.00704807 0.0155612 0.0156518 0.0156525 0.0155631 0.00212426 0.00210579 0.0021057 0.00212411
4.225 0 0 0 0 -0.0264247 -0.0265367 -0.0265361 -0.0264233 -0.0145388 -0.0145091 -0.0145096 -0.0145399 0.00102042 0.00100885 0.00100886 0.00102133
4.245 0 0 0 0 -0.00209274 -0.00200501 -0.00200495 -0.00209262 -0.0204385 -0.0205478 -0.0205483 -0.0204397 0.012121 0.0121362 0.0121364 0.0121211
4.265 0 0 0 0 -0.000702441 -0.000675706 -0.00067615 -0.000706024 -0.0105232 -0.010546 -0.0105462 -0.0105236 -0.0100785 -0.0100716 -0.0100717 -0.0100788
4.285 0 0 0 0 0.00762034 0.00758015 0.007581 0.0076214 0.0159417 0.0160257 0.0160258 0.0159423 -0.0192409 -0.0192484 -0.0192483 -0.0192409
4.305 0 0 0 0 0.0257352 0.0257908 0.0257913 0.0257362 0.028132 0.0281545 0.0281546 0.0281319 0.0039553 0.00395595 0.00395579 0.00395436
4.325 0 0 0 0 0.0128193 0.0128816 0.0128814 0.0128189 0.01233 0.0122853 0.0122856 0.0123319 0.025065 0.0250691 0.0250705 0.0250678
4.345 0 0 0 0 -0.0196623 -0.0197343 -0.0197344 -0.0196622 -0.00668558 -0.00669714 -0.00669773 -0.00668692 0.025453 0.0254431 0.0254435 0.0254536
4.365 0 0 0 0 -0.0111554 -0.0112175 -0.0112176 -0.0111557 0.00566481 0.0056685 0.00566805 0.00566378 0.029274 0.0292619 0.0292618 0.0292738
4.385 0 0 0 0 0.00683049 0.0068361 0.00683629 0.00683079 0.0133834 0.0133887 0.0133887 0.0133832 0.0136474 0.0136438 0.0136437 0.0136472
4.405 0 0 0 0 0.0116299 0.0116685 0.0116687 0.0116304 0.0050233 0.00503177 0.00503184 0.00502349 -0.0133828 -0.0133776 -0.0133776 -0.0133829
4.425 0 0 0 0 0.0166031 0.0166744 0.0166744 0.0166031 0.00437958 0.00437259 0.00437265 0.00437968 -0.0161372 -0.0161273 -0.0161273 -0.0161371
4.445 0 0 0 0 0.0039691 0.00398402 0.00398397 0.00396903 0.000747689 0.00075161 0.000751559 0.000747595 -0.00726244 -0.00726004 -0.00725998 -0.0072623
4.465 0 0 0 0 -0.0208003 -0.0208781 -0.020878 -0.0208002 -0.0152415 -0.0152241 -0.0152241 -0.0152416 -0.00432412 -0.00433073 -0.00433074 -0.00432416
4.485 0 0 0 0 -0.0187932 -0.0188318 -0.0188315 -0.0187923 -0.0195177 -0.0195389 -0.0195389 -0.0195178 0.00136322 0.00136225 0.00136223 0.00136318
4.505 0 0 0 0 -0.00879882 -0.00879732 -0.00879705 -0.00879828 -0.0165646 -0.0165864 -0.0165864 -0.0165647 -0.00939435 -0.00938965 -0.00938964 -0.00939429
4.525 0 0 0 0 0.00133893 0.0013483 0.00134821 0.00133877 -0.00732676 -0.00731075 -0.00731072 -0.00732667 -0.0252677 -0.0252627 -0.0252627 -0.0252678
4.545 0 0 0 0 0.0152539 0.0153019 0.0153017 0.0152534 0.00680569 0.00682237 0.00682249 0.00680595 -0.0199534 -0.0199468 -0.0199468 -0.0199533
4.565 0 0 0 0 0.00278649 0.00279539 0.00279535 0.00278637 -0.000963291 -0.000952831 -0.000952841 -0.00096333 -0.0119276 -0.0119251 -0.0119251 -0.0119273
4.585 0 0 0 0 -0.0213079 -0.0213653 -0.0213652 -0.0213075 -0.0220598 -0.022062 -0.0220614 -0.0220587 -0.00826581 -0.00826776 -0.00826778 -0.0082659
4.605 0 0 0 0 -0.0134414 -0.0134544 -0.013455 -0.0134438 -0.0163928 -0.0164283 -0.0164282 -0.0163927 0.00552322 0.00552475 0.00552471 0.00552309
4.625 0 0 0 0 -0.00597545 -0.00599237 -0.00599133 -0.00597437 -0.00550319 -0.00550309 -0.00550316 -0.00550335 -0.0014568 -0.00145782 -0.00145785 -0.00145686
4.645 0 0 0 0 -0.0052811 -0.00531613 -0.00531548 -0.00528067 -0.00626296 -0.00622427 -0.00622445 -0.00626349 -0.0223807 -0.0223821 -0.0223822 -0.0223808
4.665 0 0 0 0 0.0152085 0.0152797 0.01528 0.0152088 0.00266235 0.00265028 0.0026502 0.00266219 -0.0150212 -0.015011 -0.0150109 -0.0150209
4.685 0 0 0 0 0.0156048 0.0156735 0.0156728 0.0156026 0.00783384 0.00781048 0.00780824 0.00782778 -0.000404466 -0.000397119 -0.000397453 -0.000405216
4.705 0 0 0 0 -0.00434053 -0.00438476 -0.00438435 -0.00433972 0.00704252 0.00706447 0.00706362 0.0070409 0.0117339 0.0117255 0.0117256 0.0117342
4.725 0 0 0 0 -0.0105814 -0.010645 -0.0106445 -0.0105805 0.00550978 0.00552075 0.00552101 0.00551006 0.0247701 0.0247582 0.0247581 0.0247699
4.745 0 0 0 0 0.0041545 0.00417318 0.00417313 0.00415434 0.0112763 0.011242 0.0112421 0.0112766 0.0328241 0.0328214 0.0328215 0.0328243
4.765 0 0 0 0 0.014109 0.0141435 0.0141434 0.0141087 0.0205293 0.0205182 0.0205182 0.0205294 0.0240725 0.0240705 0.0240704 0.0240723
4.785 0 0 0 0 0.0151438 0.0151487 0.0151487 0.0151436 0.0257544 0.0257882 0.0257881 0.0257542 0.011929 0.0119229 0.0119229 0.0119291
4.805 0 0 0 0 0.00905124 0.00905654 0.00905654 0.00905121 0.0144934 0.0145126 0.0145126 0.0144933 0.00568644 0.00568333 0.00568329 0.00568636
4.825 0 0 0 0 -0.0050036 -0.00499884 -0.00499883 -0.00500359 -0.00931657 -0.00933721 -0.0093372 -0.00931653 -0.00108392 -0.00108104 -0.00108102 -0.0010839
4.845 0 0 0 0 -0.011477 -0.0114824 -0.0114823 -0.0114769 -0.0184774 -0.018504 -0.018504 -0.0184774 -0.00633004 -0.00632601 -0.00632604 -0.00633009
4.865 0 0 0 0 -0.0115638 -0.0115955 -0.0115955 -0.0115638 -0.0146368 -0.0146263 -0.0146263 -0.0146368 -0.0160351 -0.0160349 -0.0160349 -0.0160351
4.885 0 0 0 0 -0.0269408 -0.0270243 -0.0270244 -0.0269406 -0.0357977 -0.035755 -0.035755 -0.0357976 -0.0490392 -0.0490383 -0.0490383 -0.0490392
4.905 0 0 0 0 -0.0261783 -0.0261915 -0.0261905 -0.026183 -0.0589333 -0.0589456 -0.0589458 -0.0589342 -0.0728763 -0.0728581 -0.0728581 -0.0728761
4.925 0 0 0 0 -0.00598753 -0.0059015 -0.00590234 -0.00600212 -0.049587 -0.0496424 -0.0496423 -0.0495878 -0.0683505 -0.0683221 -0.0683227 -0.068352
4.945 0 0 0 0 -0.0100703 -0.0100754 -0.0100792 -0.0100836 -0.0315908 -0.0315731 -0.0315749 -0.0316027 -0.0599187 -0.0599075 -0.0599089 -0.0599219
4.965 0 0 0 0 -0.0247683 -0.0248715 -0.0248727 -0.0247783 -0.0275715 -0.0275127 -0.0275158 -0.0275833 -0.0446858 -0.0446902 -0.0446904 -0.0446891
4.985 0 0 0 0 -0.00643558 -0.00642351 -0.00642585 -0.00644653 -0.0143359 -0.0143714 -0.0143717 -0.0143362 -0.00233648 -0.0023307 -0.0023303 -0.00233588
5.005 0 0 0 0 0.015042 0.0151181 0.0151186 0.0150426 0.0155684 0.0155058 0.0155061 0.0155691 0.0365023 0.0365062 0.0365066 0.0365029
5.025 0 0 0 0 0.0116743 0.0116322 0.0116329 0.0116753 0.0415972 0.0416381 0.0416382 0.0415972 0.0479408 0.0479216 0.0479213 0.0479402
5.045 0 0 0 0 0.0153927 0.0153425 0.0153423 0.0153922 0.0511737 0.0512276 0.0512273 0.0511728 0.0555359 0.0555131 0.0555132 0.0555359
5.065 0 0 0 0 0.0356288 0.0357221 0.0357216 0.0356275 0.0534249 0.0533808 0.0533806 0.0534244 0.0716495 0.071644 0.0716439 0.0716493
5.085 0 0 0 0 0.0354534 0.0355433 0.0355432 0.0354527 0.0544613 0.0544185 0.0544185 0.0544611 0.07363 0.0736237 0.0736236 0.0736299
5.105 0 0 0 0 0.0227129 0.0226938 0.0226944 0.0227142 0.0589842 0.0590207 0.0590207 0.0589846 0.0677565 0.0677349 0.0677349 0.0677565
5.125 0 0 0 0 0.0143219 0.0142698 0.0142714 0.0143117 0.0477584 0.0477961 0.0477966 0.0477617 0.0585307 0.0585098 0.0585097 0.0585305
5.145 0 0 0 0 0.0155303 0.0155752 0.0155721 0.0155323 0.026716 0.0266795 0.0266799 0.0267165 0.0464382 0.0464343 0.0464341 0.046438
5.165 0 0 0 0 0.0168485 0.0169154 0.0169136 0.0168503 0.0188277 0.0187851 0.0187828 0.0188243 0.0300047 0.030007 0.030007 0.0300047
5.185 0 0 0 0 0.00200966 0.00197989 0.00198265 0.00201518 0.0107779 0.0108136 0.0108127 0.010776 0.00193914 0.0019326 0.00193281 0.00193956
5.205 0 0 0 0 -0.0117236 -0.0117806 -0.0117795 -0.0117218 -0.0116059 -0.0115643 -0.0115646 -0.0116068 -0.0237056 -0.0237086 -0.0237086 -0.0237055
5.225 0 0 0 0 -0.00421472 -0.00416334 -0.00416368 -0.00421484 -0.0266483 -0.0266916 -0.0266916 -0.0266488 -0.0284108 -0.0283954 -0.0283954 -0.0284106
5.245 0 0 0 0 -0.00496444 -0.00491967 -0.00491999 -0.00496513 -0.0271777 -0.0272138 -0.0272139 -0.0271777 -0.0315221 -0.0315073 -0.0315073 -0.0315221
5.265 0 0 0 0 -0.0163867 -0.016448 -0.016448 -0.0163868 -0.0209513 -0.0209093 -0.0209093 -0.0209512 -0.0356866 -0.0356872 -0.0356872 -0.0356866
5.285 0 0 0 0 -0.0201378 -0.020205 -0.0202049 -0.0201376 -0.0248428 -0.0248079 -0.0248079 -0.0248429 -0.034121 -0.0341216 -0.0341216 -0.034121
5.305 0 0 0 0 -0.0180817 -0.0180792 -0.0180789 -0.0180816 -0.0382402 -0.0382722 -0.0382722 -0.0382403 -0.0341726 -0.0341609 -0.0341609 -0.0341727
5.325 0 0 0 0 -0.0182282 -0.0182218 -0.0182219 -0.0182292 -0.0417281 -0.0417592 -0.0417594 -0.0417283 -0.0415836 -0.0415697 -0.0415696 -0.0415835
5.345 0 0 0 0 -0.0114089 -0.0114273 -0.0114274 -0.0114089 -0.0250316 -0.025013 -0.0250129 -0.0250317 -0.0419888 -0.0419821 -0.0419821 -0.0419887
5.365 0 0 0 0 -0.0099057 -0.00993833 -0.00993811 -0.00990621 -0.0184607 -0.0184233 -0.0184231 -0.0184604 -0.0396342 -0.0396313 -0.0396312 -0.0396339
5.385 0 0 0 0 -0.0254352 -0.0254823 -0.0254817 -0.0254342 -0.0415286 -0.0415202 -0.0415202 -0.0415284 -0.0474778 -0.0474709 -0.0474709 -0.0474778
5.405 0 0 0 0 -0.0443324 -0.0443926 -0.044392 -0.0443316 -0.0736241 -0.0736468 -0.0736471 -0.0736246 -0.0674978 -0.0674836 -0.0674836 -0.0674977
5.425 0 0 0 0 -0.0490941 -0.0491707 -0.0491692 -0.0491224 -0.0882884 -0.0883043 -0.0883047 -0.0882903 -0.0936815 -0.0936619 -0.093662 -0.0936814
5.445 0 0 0 0 -0.0408471 -0.0409057 -0.0409038 -0.0408848 -0.085959 -0.0859465 -0.0859464 -0.0859601 -0.117461 -0.117438 -0.117439 -0.117463
5.465 0 0 0 0 -0.020722 -0.0206843 -0.0206971 -0.0207191 -0.0693121 -0.0693145 -0.0693219 -0.0693498 -0.115302 -0.115276 -0.115279 -0.11531
5.485 0 0 0 0 0.0105367 0.0106462 0.0106471 0.0105352 -0.0263734 -0.0264167 -0.0264303 -0.0264317 -0.0632587 -0.0632371 -0.0632388 -0.063271
5.505 0 0 0 0 0.0300464 0.0301275 0.0301239 0.0300403 0.0338655 0.0338517 0.0338484 0.0338519 0.0241137 0.0241141 0.0241143 0.0241113
5.525 0 0 0 0 0.0429044 0.042906 0.0429054 0.0428899 0.0996821 0.0996968 0.0996911 0.0996702 0.128331 0.128298 0.128297 0.128327
5.545 0 0 0 0 0.0714159 0.0714402 0.07144 0.071392 0.167281 0.16727 0.167268 0.167275 0.233539 0.233486 0.233486 0.233538
5.565 0 0 0 0 0.0880962 0.0881253 0.0881234 0.0880703 0.206619 0.206603 0.206603 0.206618 0.289855 0.289791 0.289791 0.289855
5.585 0 0 0 0 0.114215 0.114272 0.114236 0.114187 0.23896 0.238906 0.238914 0.238958 0.313103 0.31304 0.313043 0.31311
5.605 0 0 0 0 0.14257 0.142664 0.142656 0.14243 0.265735 0.265675 0.265674 0.265678 0.318319 0.318248 0.31824 0.318295
5.625 0 0 0 0 0.145482 0.145865 0.145882 0.146179 0.266761 0.266763 0.266756 0.266731 0.307424 0.307346 0.307334 0.307386
5.645 0 0 0 0 0.138664 0.139624 0.139756 0.141176 0.243967 0.244113 0.24419 0.244306 0.289771 0.289697 0.289702 0.289761
5.665 0 0 0 0 0.133065 0.134783 0.135014 0.137666 0.215818 0.216001 0.216147 0.216455 0.261069 0.261013 0.261024 0.26107
5.685 0 0 0 0 0.12012 0.122041 0.122255 0.124143 0.165209 0.165249 0.165229 0.165186 0.190685 0.190678 0.190726 0.190817
