0.005 6.61357e-06 6.61357e-06 6.61357e-06 6.61357e-06 1.32058e-07 1.16739e-07 1.14457e-07 1.3025e-07 -3.07371e-08 -2.55144e-08 -5.66951e-09 -1.16884e-08 -2.19102e-07 6.14155e-08 -5.85205e-08 2.23469e-07
0.025 5.11001e-07 5.11001e-07 5.11001e-07 5.11001e-07 5.09037e-07 5.21718e-07 5.21366e-07 5.05711e-07 5.76636e-08 6.55909e-08 6.89365e-08 8.80879e-08 -4.34926e-08 -1.63778e-07 1.01743e-07 -2.04434e-08
0.045 -7.22811e-05 -7.22811e-05 -7.22811e-05 -7.22811e-05 -1.03361e-05 -1.01684e-05 -1.01689e-05 -1.03372e-05 1.35543e-06 1.3098e-06 1.31436e-06 1.36172e-06 -7.99097e-08 7.98741e-09 -4.52653e-09 8.06964e-08
0.065 -8.523e-05 -8.523e-05 -8.523e-05 -8.523e-05 -6.16967e-05 -6.1788e-05 -6.17874e-05 -6.16998e-05 -1.66212e-06 -1.57172e-06 -1.57608e-06 -1.6766e-06 2.01068e-06 1.97514e-06 1.99935e-06 2.04118e-06
0.085 -0.000119184 -0.000119184 -0.000119184 -0.000119184 -9.91964e-05 -9.92309e-05 -9.92338e-05 -9.92063e-05 -3.49517e-05 -3.4935e-05 -3.49388e-05 -3.49615e-05 5.3862e-06 5.34759e-06 5.3462e-06 5.38134e-06
0.105 3.47458e-05 3.47458e-05 3.47458e-05 3.47458e-05 -0.000107788 -0.000108227 -0.000108224 -0.000107784 -8.09206e-05 -8.08435e-05 -8.08477e-05 -8.09306e-05 -1.26496e-05 -1.26828e-05 -1.26931e-05 -1.26612e-05
0.125 0.000636575 0.000636575 0.000636575 0.000636575 5.72659e-05 5.58894e-05 5.59144e-05 5.72888e-05 -0.000117242 -0.000117019 -0.000117025 -0.000117255 -7.13456e-05 -7.13104e-05 -7.13079e-05 -7.13461e-05
0.145 0.000645458 0.000645458 0.000645458 0.000645458 0.000475315 0.000476116 0.000476155 0.000475347 -5.26178e-05 -5.33151e-05 -5.33124e-05 -5.25705e-05 -0.000170313 -0.000169977 -0.000169984 -0.000170327
0.165 0.000147854 0.000147854 0.000147854 0.000147854 0.000609762 0.000611878 0.000612032 0.000609904 0.000243136 0.000242767 0.000242821 0.000243309 -0.000225484 -0.000225183 -0.00022518 -0.000225478
0.185 -0.000286451 -0.000286451 -0.000286451 -0.000286451 0.000233321 0.000233957 0.000234007 0.000233558 0.000497788 0.000498759 0.000498846 0.000497994 -7.72844e-06 -7.85558e-06 -7.90591e-06 -7.77991e-06
0.205 -0.000956021 -0.000956021 -0.000956021 -0.000956021 -0.000292812 -0.000292136 -0.000292128 -0.000292822 0.000351243 0.000351433 0.000351412 0.00035119 0.000528099 0.000527836 0.000527982 0.000528258
0.225 -0.00369206 -0.00369206 -0.00369206 -0.00369206 -0.00116167 -0.00115518 -0.00115508 -0.00116149 2.00766e-05 1.75128e-05 1.75022e-05 2.00967e-05 0.00097364 0.000973321 0.000973382 0.000973853
0.245 -0.00391797 -0.00391797 -0.00391797 -0.00391797 -0.00311286 -0.00311743 -0.0031189 -0.00311493 -0.00033503 -0.000332309 -0.000332295 -0.000335041 0.000913297 0.000911471 0.00091143 0.000913127
0.265 -0.000700563 -0.000700563 -0.000700563 -0.000700563 -0.0036002 -0.00361527 -0.00361588 -0.00360143 -0.00159499 -0.00159167 -0.00159228 -0.00159812 0.000274639 0.00027285 0.00027282 0.000274636
0.285 -0.00080257 -0.00080257 -0.00080257 -0.00080257 -0.00143838 -0.00143375 -0.00143317 -0.00143727 -0.00301469 -0.00302111 -0.00302167 -0.00301558 -0.00139911 -0.00139712 -0.00139736 -0.00139835
0.305 0.00328029 0.00328029 0.00328029 0.00328029 0.000524147 0.000523554 0.000523898 0.000525142 -0.00271187 -0.00271272 -0.00271239 -0.00271106 -0.00411866 -0.0041169 -0.00411687 -0.00411871
0.325 0.00390293 0.00390293 0.00390293 0.00390293 0.00270765 0.00271132 0.00271095 0.00270737 -0.00158115 -0.00157961 -0.00157917 -0.00157996 -0.00609821 -0.0060955 -0.00609552 -0.00609809
0.345 0.00104006 0.00104006 0.00104006 0.00104006 0.00303779 0.00305038 0.00305014 0.00303742 -0.000552493 -0.000553007 -0.000553109 -0.000552575 -0.00555263 -0.00555004 -0.00555031 -0.00555289
0.365 0.0014434 0.0014434 0.0014434 0.0014434 0.000330492 0.000326437 0.000326407 0.000330379 -0.000136958 -0.000132584 -0.000132713 -0.000137246 -0.00222962 -0.00222961 -0.0022297 -0.00222983
0.385 0.000927737 0.000927737 0.000927737 0.000927737 -0.00146857 -0.00147616 -0.00147609 -0.00146849 -0.000626985 -0.000629188 -0.000630165 -0.000631741 0.0021913 0.00219048 0.00219027 0.00218836
0.405 -0.00246324 -0.00246324 -0.00246324 -0.00246324 -0.00170714 -0.00170107 -0.00169819 -0.00170281 -5.95568e-05 -6.69889e-05 -6.66798e-05 -5.85069e-05 0.00479408 0.00479374 0.00479365 0.00479442
0.425 0.00284585 0.00284585 0.00284585 0.00284585 -0.000738462 -0.000755365 -0.000754469 -0.000736644 0.0021002 0.0021065 0.00210699 0.00210164 0.00457179 0.00456954 0.00456986 0.00457239
0.445 0.000902836 0.000902836 0.000902836 0.000902836 0.003854 0.00386369 0.00386334 0.00385345 0.00376254 0.00375993 0.00375989 0.00376275 0.00313057 0.00313111 0.00313121 0.00313086
0.465 -0.00273963 -0.00273963 -0.00273963 -0.00273963 0.00621893 0.00625068 0.00625031 0.00621828 0.00531074 0.00530291 0.00530276 0.00531053 0.00217323 0.00217525 0.00217538 0.00217349
0.485 0.00489853 0.00489853 0.00489853 0.00489853 0.00350717 0.00349178 0.00349161 0.00350666 0.00593761 0.00595109 0.00595136 0.00593798 0.00315756 0.00315541 0.00315537 0.00315751
0.505 0.000910058 0.000910058 0.000910058 0.000910058 0.00249787 0.00250224 0.00250219 0.00249791 0.00374964 0.00374595 0.00374621 0.00374991 0.00590109 0.00589994 0.00590018 0.00589942
0.525 -4.83454e-05 -4.83454e-05 -4.83454e-05 -4.83454e-05 0.000821564 0.000826068 0.000826074 0.000821593 0.00230436 0.00229659 0.00229693 0.00230541 0.00725594 0.00725502 0.00725414 0.00725517
0.545 0.00112095 0.00112095 0.00112095 0.00112095 -0.000145102 -0.000154963 -0.000155066 -0.000145234 0.00267442 0.00267647 0.00267673 0.00267482 0.00568177 0.00567973 0.00567981 0.0056817
0.565 -0.00835679 -0.00835679 -0.00835679 -0.00835679 0.000377915 0.000399819 0.000399797 0.000377882 0.00300181 0.0029975 0.00299751 0.00300178 0.00256916 0.00256867 0.00256868 0.00256915
0.585 -0.00889126 -0.00889126 -0.00889126 -0.00889126 -0.00359556 -0.00359567 -0.00359567 -0.00359557 0.00197545 0.00198536 0.00198529 0.0019753 4.44372e-05 4.11925e-05 4.12283e-05 4.45361e-05
0.605 0.0075306 0.0075306 0.0075306 0.0075306 -0.00588289 -0.00594211 -0.0059418 -0.00588517 -0.00317713 -0.00315616 -0.00315636 -0.00317691 -0.000927234 -0.000931454 -0.000931561 -0.000927544
0.625 0.00708316 0.00708316 0.00708316 0.00708316 0.00174913 0.00176693 0.00177132 0.00175633 -0.00889162 -0.00892665 -0.00892901 -0.00890246 -0.00334276 -0.00333511 -0.00333464 -0.00334153
0.645 -0.025661 -0.025661 -0.025661 -0.025661 0.00140546 0.00151719 0.00151769 0.00140864 -0.00517895 -0.00522043 -0.00522101 -0.00517949 -0.00984018 -0.00982788 -0.00982963 -0.00983822
0.665 -0.0225934 -0.0225934 -0.0225934 -0.0225934 -0.0196104 -0.0196767 -0.0196795 -0.0196169 0.000219994 0.000291431 0.000292823 0.000223131 -0.0133449 -0.013359 -0.0133596 -0.0133457
0.685 -0.015681 -0.015681 -0.015681 -0.015681 -0.0270193 -0.0271011 -0.0271029 -0.0270238 -0.0134279 -0.0133916 -0.0133901 -0.0134259 -0.00728984 -0.00730142 -0.00730141 -0.00729047
0.705 -0.0571892 -0.0571892 -0.0571892 -0.0571892 -0.0257822 -0.0256193 -0.0256176 -0.0257766 -0.0300697 -0.0301783 -0.0301799 -0.0300751 -0.00500938 -0.00499956 -0.0049999 -0.00500995
0.725 0.0119942 0.0119942 0.0119942 0.0119942 -0.0385533 -0.0387454 -0.0387464 -0.0385563 -0.0299906 -0.0299291 -0.0299294 -0.0299912 -0.0183006 -0.0183237 -0.0183227 -0.0183133
0.745 -0.00456346 -0.00456346 -0.00456346 -0.00456346 -0.0183889 -0.0184005 -0.0183984 -0.0183825 -0.0311508 -0.0311501 -0.0311504 -0.0311502 -0.0376751 -0.0376666 -0.0376707 -0.037679
0.765 0.00704405 0.00704405 0.00704405 0.00704405 0.00627621 0.00634662 0.00634834 0.00627893 -0.0295654 -0.0295936 -0.0295932 -0.0295631 -0.0534105 -0.0533855 -0.0533847 -0.0534084
0.785 0.00933035 0.00933035 0.00933035 0.00933035 0.00953025 0.00958082 0.00957982 0.00952897 -0.0206308 -0.02063 -0.0206315 -0.0206371 -0.0565631 -0.0565444 -0.0565442 -0.0565629
0.805 -0.0068228 -0.0068228 -0.0068228 -0.0068228 -0.00339939 -0.00338024 -0.0033807 -0.00340003 -0.014532 -0.0145102 -0.0145103 -0.0145313 -0.0397567 -0.0397501 -0.039749 -0.0397549
0.825 0.00487264 0.00487264 0.00487264 0.00487264 -0.0196247 -0.0197221 -0.0197219 -0.0196243 -0.0159981 -0.0159683 -0.0159675 -0.0159963 -0.00902488 -0.0090311 -0.00903086 -0.00902403
0.845 0.0286356 0.0286356 0.0286356 0.0286356 -0.0173879 -0.0175185 -0.0175184 -0.0173888 -0.0163661 -0.0163693 -0.0163699 -0.0163663 0.0164879 0.0164794 0.0164748 0.0164679
0.865 0.044252 0.044252 0.044252 0.044252 0.0169975 0.0169714 0.0169633 0.0169448 -0.00165859 -0.00171788 -0.00170817 -0.00165257 0.0214372 0.0214476 0.0214424 0.0214341
0.885 0.0259576 0.0259576 0.0259576 0.0259576 0.0518418 0.0519548 0.0519461 0.051829 0.0345629 0.0345363 0.0345353 0.0345578 0.0119328 0.0119465 0.0119496 0.0119361
0.905 0.104734 0.104734 0.104734 0.104734 0.067783 0.0675912 0.0675944 0.0677914 0.0670154 0.0671688 0.067165 0.0670059 0.0167973 0.016789 0.0167829 0.0167924
0.925 0.157561 0.157561 0.157561 0.157561 0.109654 0.109568 0.109568 0.10965 0.0708944 0.0709075 0.070906 0.0708881 0.0520253 0.0520467 0.0520552 0.0520296
0.945 0.163077 0.163077 0.163077 0.163077 0.157188 0.15738 0.157374 0.157169 0.0866822 0.0865128 0.086517 0.0866893 0.0944304 0.0944811 0.0944788 0.0944283
0.965 0.111651 0.111651 0.111651 0.111651 0.161495 0.161686 0.161682 0.161487 0.146656 0.146599 0.146598 0.146654 0.12718 0.127197 0.127197 0.127179
0.985 -0.0671096 -0.0671096 -0.0671096 -0.0671096 0.110136 0.11044 0.110445 0.110159 0.205532 0.20559 0.20559 0.205532 0.172213 0.172171 0.17217 0.172209
1.005 -0.132917 -0.132917 -0.132917 -0.132917 -3.62552e-05 -0.000117366 -0.000113688 -6.6212e-05 0.199516 0.199713 0.199715 0.199527 0.244206 0.24409 0.244092 0.244212
1.025 -0.11555 -0.11555 -0.11555 -0.11555 -0.0832934 -0.0835601 -0.0835574 -0.0832881 0.11416 0.114185 0.114183 0.114134 0.299196 0.299075 0.29908 0.299214
1.045 -0.0857468 -0.0857468 -0.0857468 -0.0857468 -0.0825309 -0.0825772 -0.0825711 -0.0825131 0.0243137 0.0240818 0.024081 0.0243119 0.250961 0.250908 0.250903 0.250977
1.065 -0.138473 -0.138473 -0.138473 -0.138473 -0.0475505 -0.0472876 -0.0472854 -0.0475468 -0.00011524 -0.000276424 -0.000274517 -0.000108455 0.0732682 0.0732527 0.0732533 0.0732651
1.085 -0.210649 -0.210649 -0.210649 -0.210649 -0.0597824 -0.0598142 -0.0598888 -0.0601834 -0.0103576 -0.0103892 -0.010501 -0.0107989 -0.138363 -0.138507 -0.138558 -0.13856
1.105 -0.0601482 -0.0601482 -0.0601482 -0.0601482 -0.120014 -0.120447 -0.120484 -0.120074 -0.115597 -0.115187 -0.11526 -0.115673 -0.263351 -0.263352 -0.263386 -0.263381
1.125 0.0640729 0.0640729 0.0640729 0.0640729 -0.128967 -0.129085 -0.129037 -0.128833 -0.300978 -0.301094 -0.301067 -0.300913 -0.30124 -0.301147 -0.301146 -0.301244
1.145 -0.00754449 -0.00754449 -0.00754449 -0.00754449 -0.128056 -0.127593 -0.127557 -0.127941 -0.389542 -0.390052 -0.390035 -0.389508 -0.356347 -0.356172 -0.356155 -0.356314
1.165 0.0104469 0.0104469 0.0104469 0.0104469 -0.187662 -0.188087 -0.188089 -0.187656 -0.323644 -0.32341 -0.323383 -0.323568 -0.447512 -0.447452 -0.447456 -0.447514
1.185 -0.0486779 -0.0486779 -0.0486779 -0.0486779 -0.177238 -0.177626 -0.177615 -0.177229 -0.268057 -0.267695 -0.267716 -0.26809 -0.467686 -0.46766 -0.467657 -0.467685
1.205 -0.0773178 -0.0773178 -0.0773178 -0.0773178 -0.11756 -0.117317 -0.117314 -0.117559 -0.276748 -0.276872 -0.27688 -0.276764 -0.373224 -0.373129 -0.373127 -0.373223
1.225 -0.0342309 -0.0342309 -0.0342309 -0.0342309 -0.110791 -0.110645 -0.110648 -0.110794 -0.245972 -0.246205 -0.246205 -0.245971 -0.235538 -0.235449 -0.235445 -0.235526
1.245 -0.127748 -0.127748 -0.127748 -0.127748 -0.138296 -0.138317 -0.138318 -0.138294 -0.136858 -0.136882 -0.136879 -0.136852 -0.115852 -0.115852 -0.115851 -0.115849
1.265 -0.0716618 -0.0716618 -0.0716618 -0.0716618 -0.138467 -0.139036 -0.139034 -0.138466 -0.0246602 -0.0243393 -0.024339 -0.024656 -0.00803377 -0.00812489 -0.00812477 -0.00803352
1.285 0.0967885 0.0967885 0.0967885 0.0967885 -0.0151634 -0.0155863 -0.0155857 -0.0151615 0.0265015 0.0265828 0.0265876 0.0264962 0.0966567 0.0966133 0.0966128 0.0966552
1.305 0.179513 0.179513 0.179513 0.179513 0.194638 0.19511 0.195106 0.194653 0.0918877 0.0914852 0.0914867 0.0918924 0.159106 0.159188 0.159188 0.159106
1.325 0.175521 0.175521 0.175521 0.175521 0.313717 0.314254 0.314003 0.313487 0.254281 0.254128 0.254154 0.25434 0.17587 0.175923 0.175908 0.175837
1.345 0.188167 0.188167 0.188167 0.188167 0.30714 0.306909 0.306785 0.30687 0.407123 0.407609 0.40759 0.407291 0.242303 0.242242 0.242254 0.242324
1.365 0.0959028 0.0959028 0.0959028 0.0959028 0.27887 0.279077 0.279077 0.278849 0.419485 0.419556 0.419541 0.419432 0.415699 0.415642 0.415622 0.415792
1.385 0.0348902 0.0348902 0.0348902 0.0348902 0.203548 0.203965 0.203972 0.203666 0.368087 0.367761 0.36776 0.368054 0.593657 0.593586 0.593596 0.59367
1.405 0.144651 0.144651 0.144651 0.144651 0.113176 0.112687 0.112688 0.113228 0.35775 0.357767 0.35777 0.357774 0.640565 0.640409 0.640402 0.640564
1.425 0.117203 0.117203 0.117203 0.117203 0.169388 0.169208 0.16921 0.16939 0.35975 0.359763 0.359794 0.359791 0.532819 0.532713 0.532723 0.532832
1.445 0.206628 0.206628 0.206628 0.206628 0.296993 0.297122 0.297118 0.296979 0.348321 0.348358 0.348367 0.348344 0.338134 0.338113 0.338115 0.338142
1.465 0.189079 0.189079 0.189079 0.189079 0.371772 0.372419 0.372416 0.371764 0.30862 0.30855 0.308548 0.308616 0.159169 0.159233 0.159234 0.15917
1.485 -0.00682821 -0.00682821 -0.00682821 -0.00682821 0.270359 0.271268 0.271268 0.270359 0.235802 0.235695 0.235693 0.235796 0.0703678 0.0704267 0.0704264 0.070367
1.505 -0.0210411 -0.0210411 -0.0210411 -0.0210411 -0.013093 -0.0134578 -0.0134545 -0.0130949 0.105494 0.105813 0.105812 0.105493 0.0793501 0.0792641 0.0792639 0.0793496
1.525 -0.156401 -0.156401 -0.156401 -0.156401 -0.230716 -0.231133 -0.231129 -0.230699 -0.102105 -0.102089 -0.102097 -0.102065 0.105575 0.105485 0.105484 0.105573
1.545 -0.480164 -0.480164 -0.480164 -0.480164 -0.365654 -0.365191 -0.36521 -0.365664 -0.263908 -0.264446 -0.26441 -0.26392 0.00714829 0.00711589 0.00711613 0.00714821
1.565 -0.25475 -0.25475 -0.25475 -0.25475 -0.47415 -0.475068 -0.474975 -0.473927 -0.338857 -0.338475 -0.338489 -0.338912 -0.246766 -0.246887 -0.246887 -0.24676
1.585 -0.276842 -0.276842 -0.276842 -0.276842 -0.376728 -0.37682 -0.376384 -0.376238 -0.453437 -0.453633 -0.453829 -0.454115 -0.541034 -0.541229 -0.541315 -0.541392
1.605 -0.101473 -0.101473 -0.101473 -0.101473 -0.25008 -0.249889 -0.249903 -0.250064 -0.575869 -0.575933 -0.576044 -0.575952 -0.782754 -0.782603 -0.782657 -0.782861
1.625 0.04646 0.04646 0.04646 0.04646 -0.194712 -0.194514 -0.19453 -0.194667 -0.633132 -0.633159 -0.633131 -0.632946 -0.918569 -0.918264 -0.91824 -0.918488
1.645 0.020556 0.020556 0.020556 0.020556 -0.216238 -0.216378 -0.216456 -0.216518 -0.611942 -0.611985 -0.611982 -0.612047 -0.909819 -0.909628 -0.909627 -0.909854
1.665 -0.0437317 -0.0437317 -0.0437317 -0.0437317 -0.288585 -0.288907 -0.288934 -0.288595 -0.544812 -0.544643 -0.544652 -0.544798 -0.748431 -0.748296 -0.748295 -0.748418
1.685 -0.100586 -0.100586 -0.100586 -0.100586 -0.318545 -0.318908 -0.318882 -0.318487 -0.458665 -0.458635 -0.458623 -0.458636 -0.485722 -0.485659 -0.48566 -0.485724
1.705 -0.226273 -0.226273 -0.226273 -0.226273 -0.284039 -0.283986 -0.28398 -0.284015 -0.318141 -0.318357 -0.318355 -0.318134 -0.222399 -0.222374 -0.22237 -0.222391
1.725 0.12199 0.12199 0.12199 0.12199 -0.180374 -0.181496 -0.1815 -0.180332 -0.117605 -0.117272 -0.117275 -0.11761 -0.0216248 -0.0217125 -0.0217148 -0.0216294
1.745 0.465794 0.465794 0.465794 0.465794 0.179329 0.178687 0.178711 0.179382 0.0795946 0.0795651 0.0795829 0.079549 0.12495 0.124976 0.124978 0.124951
1.765 0.294176 0.294176 0.294176 0.294176 0.610124 0.61179 0.61189 0.609965 0.351462 0.350662 0.350654 0.351462 0.238563 0.238792 0.238793 0.238563
1.785 0.017595 0.017595 0.017595 0.017595 0.640673 0.642465 0.642255 0.64128 0.720699 0.720639 0.720728 0.720988 0.411906 0.411915 0.411875 0.411804
1.805 -0.132645 -0.132645 -0.132645 -0.132645 0.320529 0.320124 0.320522 0.319492 0.895315 0.896416 0.896951 0.896098 0.783832 0.78336 0.783315 0.783308
1.825 -0.187334 -0.187334 -0.187334 -0.187334 0.0457305 0.0452088 0.045104 0.0457819 0.715552 0.715911 0.716163 0.71612 1.24928 1.24876 1.24863 1.24909
1.845 -0.280245 -0.280245 -0.280245 -0.280245 -0.044715 -0.0443654 -0.0442635 -0.0445074 0.483448 0.48229 0.482251 0.483091 1.41531 1.41504 1.41504 1.41538
1.865 0.317456 0.317456 0.317456 0.317456 0.0226943 0.0209647 0.0210133 0.0228046 0.469231 0.469471 0.469459 0.469231 1.04855 1.04826 1.04834 1.04866
1.885 0.323056 0.323056 0.323056 0.323056 0.472607 0.47291 0.472903 0.472583 0.495006 0.495134 0.495168 0.495086 0.377633 0.377656 0.377681 0.377701
1.905 0.264614 0.264614 0.264614 0.264614 0.791519 0.793692 0.793666 0.791504 0.450014 0.449898 0.449909 0.450054 -0.197308 -0.197022 -0.197011 -0.197285
1.925 0.3493 0.3493 0.3493 0.3493 0.579565 0.580578 0.580573 0.579634 0.273467 0.273938 0.273825 0.273408 -0.38866 -0.388476 -0.388454 -0.388648
1.945 0.110893 0.110893 0.110893 0.110893 0.0569355 0.0568923 0.0569295 0.0569593 -0.0695741 -0.069515 -0.0695376 -0.0696222 -0.205717 -0.205642 -0.205643 -0.205708
1.965 -0.600668 -0.600668 -0.600668 -0.600668 -0.542051 -0.541808 -0.541867 -0.542058 -0.399679 -0.400356 -0.400353 -0.399673 0.030147 0.030089 0.0300875 0.0301433
1.985 -0.674523 -0.674523 -0.674523 -0.674523 -1.04532 -1.04746 -1.04747 -1.045 -0.579307 -0.57897 -0.579001 -0.579407 0.00105262 0.000705567 0.000714611 0.0010749
2.005 -0.222459 -0.222459 -0.222459 -0.222459 -0.97678 -0.97989 -0.979929 -0.977172 -0.741475 -0.740715 -0.740483 -0.741367 -0.349612 -0.349888 -0.349911 -0.349646
2.025 -0.178138 -0.178138 -0.178138 -0.178138 -0.326436 -0.32514 -0.324453 -0.325644 -0.854848 -0.856159 -0.856232 -0.855776 -0.915976 -0.915703 -0.91574 -0.916077
2.045 -0.317868 -0.317868 -0.317868 -0.317868 0.0652372 0.0682371 0.0684675 0.0655973 -0.708007 -0.708643 -0.708076 -0.706993 -1.46145 -1.46085 -1.46054 -1.46094
2.065 -0.0933685 -0.0933685 -0.0933685 -0.0933685 -0.183537 -0.18385 -0.18397 -0.183507 -0.535511 -0.534127 -0.533906 -0.535345 -1.5791 -1.57893 -1.57883 -1.57889
2.085 0.326535 0.326535 0.326535 0.326535 -0.461409 -0.463575 -0.463682 -0.461424 -0.746546 -0.745456 -0.745407 -0.746418 -1.09024 -1.09017 -1.09009 -1.09009
2.105 0.614329 0.614329 0.614329 0.614329 -0.312245 -0.312816 -0.31289 -0.312364 -0.997838 -0.999356 -0.999338 -0.997797 -0.447352 -0.446973 -0.446996 -0.44739
2.125 0.253561 0.253561 0.253561 0.253561 0.00405265 0.00537219 0.00538449 0.00402447 -0.589223 -0.59107 -0.591109 -0.589248 -0.208643 -0.208219 -0.208203 -0.208607
2.145 -0.667347 -0.667347 -0.667347 -0.667347 0.0612444 0.0625052 0.0625763 0.061222 0.320607 0.321362 0.321356 0.320727 -0.219754 -0.219872 -0.219898 -0.219813
2.165 0.0265598 0.0265598 0.0265598 0.0265598 -0.047514 -0.051104 -0.0509416 -0.0475321 0.767199 0.770586 0.770614 0.767227 0.146876 0.146248 0.146241 0.146899
2.185 0.366504 0.366504 0.366504 0.366504 0.37403 0.374863 0.375408 0.37504 0.434226 0.433212 0.433208 0.433983 0.927624 0.927649 0.927586 0.927614
2.205 0.200384 0.200384 0.200384 0.200384 0.692267 0.695386 0.695226 0.690691 0.400951 0.397603 0.397497 0.400734 1.37304 1.37339 1.37336 1.37298
2.225 0.24141 0.24141 0.24141 0.24141 0.464694 0.463676 0.464088 0.465502 1.07097 1.07233 1.07227 1.07164 1.21426 1.21388 1.21391 1.21436
2.245 0.215704 0.215704 0.215704 0.215704 0.452192 0.44999 0.450363 0.453654 1.43736 1.44018 1.44003 1.4371 1.04456 1.04385 1.04385 1.04454
2.265 0.401085 0.401085 0.401085 0.401085 0.864197 0.865374 0.865238 0.864141 1.05385 1.05335 1.0533 1.05367 1.18336 1.18332 1.18333 1.18338
2.285 0.181634 0.181634 0.181634 0.181634 0.971693 0.975832 0.975673 0.971341 0.712751 0.709978 0.709972 0.712731 1.23318 1.23354 1.23354 1.23319
2.305 -0.0217538 -0.0217538 -0.0217538 -0.0217538 0.352591 0.352527 0.352493 0.352498 0.844851 0.84529 0.845308 0.844896 0.950168 0.949882 0.94988 0.950163
2.325 -0.0547802 -0.0547802 -0.0547802 -0.0547802 -0.190703 -0.19411 -0.194102 -0.190658 0.736846 0.739374 0.739385 0.736872 0.655681 0.654988 0.65499 0.655686
2.345 -0.374008 -0.374008 -0.374008 -0.374008 -0.129884 -0.129104 -0.129462 -0.130033 0.0645731 0.0638221 0.0638147 0.0645683 0.468091 0.468022 0.46802 0.468084
2.365 0.0706894 0.0706894 0.0706894 0.0706894 -0.115439 -0.114457 -0.114528 -0.114791 -0.45392 -0.455646 -0.455585 -0.453815 0.0319601 0.032212 0.0322149 0.0319729
2.385 0.188855 0.188855 0.188855 0.188855 -0.232161 -0.232571 -0.231968 -0.23195 -0.52469 -0.524437 -0.524761 -0.524797 -0.714996 -0.714854 -0.714719 -0.714922
2.405 0.170116 0.170116 0.170116 0.170116 -0.21283 -0.215973 -0.215744 -0.214297 -0.582399 -0.580935 -0.580856 -0.582275 -1.34133 -1.34119 -1.34116 -1.34136
2.425 0.1956 0.1956 0.1956 0.1956 -0.0985011 -0.0969479 -0.0974566 -0.0975198 -0.867122 -0.86758 -0.867741 -0.867962 -1.52245 -1.52197 -1.52203 -1.52249
2.445 -0.391337 -0.391337 -0.391337 -0.391337 -0.258436 -0.25591 -0.256105 -0.259005 -1.06513 -1.06662 -1.06728 -1.0661 -1.36956 -1.369 -1.36896 -1.36953
2.465 -0.41046 -0.41046 -0.41046 -0.41046 -0.896854 -0.898597 -0.898588 -0.897389 -0.974467 -0.973716 -0.973776 -0.974439 -1.09498 -1.095 -1.09501 -1.09499
2.485 0.0572237 0.0572237 0.0572237 0.0572237 -1.12315 -1.1275 -1.12753 -1.12303 -0.957915 -0.956353 -0.956233 -0.957737 -0.759348 -0.759609 -0.759551 -0.759216
2.505 -0.129413 -0.129413 -0.129413 -0.129413 -0.501878 -0.501229 -0.501169 -0.501766 -0.97363 -0.975099 -0.975038 -0.97349 -0.549749 -0.549457 -0.549489 -0.549818
2.525 -0.0109356 -0.0109356 -0.0109356 -0.0109356 0.0712508 0.0731579 0.0731586 0.071272 -0.503606 -0.5048 -0.504824 -0.503655 -0.629861 -0.629434 -0.629414 -0.629819
2.545 0.0693217 0.0693217 0.0693217 0.0693217 0.256475 0.256295 0.2562 0.256612 0.198004 0.199343 0.199331 0.197845 -0.6451 -0.64508 -0.645093 -0.645107
2.565 -0.260926 -0.260926 -0.260926 -0.260926 0.279046 0.278965 0.279324 0.278665 0.466828 0.468009 0.468043 0.466837 -0.136028 -0.136102 -0.136081 -0.135977
2.585 -0.318078 -0.318078 -0.318078 -0.318078 0.0782966 0.0808295 0.0764501 0.0770573 0.349193 0.348367 0.348749 0.349188 0.732005 0.731869 0.731966 0.732181
2.605 -0.0896664 -0.0896664 -0.0896664 -0.0896664 -0.224432 -0.226358 -0.225671 -0.225699 0.329155 0.328958 0.328599 0.329464 1.35419 1.35373 1.35389 1.3542
2.625 -0.0223221 -0.0223221 -0.0223221 -0.0223221 -0.164895 -0.166494 -0.166096 -0.16366 0.546012 0.54609 0.546116 0.546039 1.38017 1.37972 1.3798 1.38024
2.645 0.0304481 0.0304481 0.0304481 0.0304481 0.350862 0.351209 0.352078 0.351399 0.792759 0.792969 0.792917 0.792699 0.962672 0.962447 0.962453 0.962697
2.665 0.155213 0.155213 0.155213 0.155213 0.854243 0.856209 0.856206 0.854364 0.894457 0.894436 0.894369 0.894318 0.495806 0.49587 0.495903 0.495875
2.685 0.621709 0.621709 0.621709 0.621709 0.928463 0.929237 0.929115 0.928253 0.79408 0.794445 0.794437 0.794067 0.289578 0.289683 0.289681 0.289574
2.705 0.905843 0.905843 0.905843 0.905843 0.725369 0.725124 0.725077 0.725251 0.523612 0.523704 0.523705 0.523639 0.377315 0.377422 0.37743 0.377333
2.725 0.910236 0.910236 0.910236 0.910236 0.540165 0.539837 0.539846 0.540187 0.292695 0.292143 0.29216 0.292728 0.524341 0.524472 0.524465 0.524327
2.745 0.389538 0.389538 0.389538 0.389538 0.400081 0.400597 0.400612 0.400111 0.317515 0.316931 0.316929 0.317528 0.504415 0.504488 0.504489 0.504416
2.765 -0.0738581 -0.0738581 -0.0738581 -0.0738581 0.200207 0.200202 0.200208 0.20022 0.475768 0.476265 0.476267 0.475762 0.373157 0.372997 0.372994 0.373151
2.785 -0.745312 -0.745312 -0.745312 -0.745312 -0.0480493 -0.0471126 -0.0471279 -0.0480388 0.426261 0.42665 0.426644 0.42625 0.332204 0.331971 0.331972 0.332207
2.805 -1.37941 -1.37941 -1.37941 -1.37941 -0.563016 -0.561591 -0.561602 -0.562901 0.105861 0.105725 0.105721 0.105849 0.377273 0.376949 0.376947 0.377269
2.825 0.307902 0.307902 0.307902 0.307902 -1.00978 -1.0158 -1.01564 -1.01063 -0.417929 -0.416114 -0.416111 -0.417806 0.291482 0.290882 0.290878 0.291472
2.845 0.23558 0.23558 0.23558 0.23558 -0.38601 -0.38558 -0.385775 -0.385977 -0.92245 -0.924588 -0.924353 -0.922164 -0.204595 -0.204227 -0.204236 -0.204582
2.865 0.420184 0.420184 0.420184 0.420184 0.322287 0.325254 0.325393 0.323319 -0.758963 -0.760396 -0.760621 -0.759341 -1.16207 -1.16138 -1.16132 -1.1619
2.885 0.325161 0.325161 0.325161 0.325161 0.451317 0.452086 0.452229 0.451675 -0.245356 -0.243764 -0.243893 -0.245753 -1.8995 -1.89897 -1.89929 -1.89969
2.905 0.00762965 0.00762965 0.00762965 0.00762965 0.176271 0.176444 0.176434 0.176152 -0.260268 -0.258594 -0.258797 -0.260605 -1.6517 -1.6514 -1.65183 -1.65221
2.925 -0.367429 -0.367429 -0.367429 -0.367429 -0.405718 -0.404725 -0.404918 -0.405958 -0.747134 -0.748124 -0.748093 -0.747098 -0.619049 -0.618873 -0.618974 -0.619323
2.945 -0.391971 -0.391971 -0.391971 -0.391971 -1.1076 -1.10921 -1.10922 -1.10774 -0.941325 -0.942487 -0.942462 -0.941244 0.26005 0.259905 0.259913 0.260061
2.965 -0.477151 -0.477151 -0.477151 -0.477151 -1.24041 -1.24366 -1.24365 -1.24036 -0.623594 -0.623336 -0.623334 -0.623523 0.399383 0.398924 0.398946 0.399498
2.985 -0.538126 -0.538126 -0.538126 -0.538126 -0.540074 -0.540961 -0.54093 -0.539996 -0.168199 -0.167645 -0.167603 -0.168222 -0.0231676 -0.0234189 -0.0233991 -0.023124
3.005 -0.359637 -0.359637 -0.359637 -0.359637 0.348494 0.350851 0.350788 0.34844 0.141778 0.1417 0.141696 0.141775 -0.477644 -0.477423 -0.477414 -0.477628
3.025 -0.738607 -0.738607 -0.738607 -0.738607 0.547363 0.551727 0.551682 0.547326 0.281743 0.281184 0.281185 0.281756 -0.548839 -0.548505 -0.548513 -0.548862
3.045 -0.756226 -0.756226 -0.756226 -0.756226 -0.238095 -0.237936 -0.237955 -0.238138 0.189275 0.190255 0.190252 0.189297 -0.130876 -0.131121 -0.131123 -0.130878
3.065 0.0513237 0.0513237 0.0513237 0.0513237 -0.989328 -0.994254 -0.994185 -0.989418 -0.2941 -0.291769 -0.292377 -0.293814 0.485782 0.485183 0.485154 0.485748
3.085 0.0376861 0.0376861 0.0376861 0.0376861 -0.69993 -0.700684 -0.700651 -0.699862 -0.763172 -0.765089 -0.765231 -0.763354 0.6341 0.634114 0.634101 0.634066
3.105 0.178416 0.178416 0.178416 0.178416 -0.0304179 -0.0294237 -0.0294136 -0.0303837 -0.463578 -0.465121 -0.465122 -0.463665 -0.074772 -0.0744686 -0.0744702 -0.0747684
3.125 0.351324 0.351324 0.351324 0.351324 0.490032 0.489826 0.489761 0.490041 0.237148 0.239014 0.239366 0.237204 -0.998401 -0.998363 -0.998549 -0.99851
3.145 0.53387 0.53387 0.53387 0.53387 0.836384 0.836974 0.836977 0.836359 0.379696 0.381543 0.381555 0.379827 -1.14406 -1.1439 -1.14438 -1.14393
3.165 0.641248 0.641248 0.641248 0.641248 0.764267 0.766549 0.766555 0.764275 -0.00307039 -0.00416384 -0.0041701 -0.00307022 -0.408092 -0.407714 -0.407745 -0.408263
3.185 0.606473 0.606473 0.606473 0.606473 0.182797 0.183396 0.183322 0.183115 -0.125556 -0.127123 -0.127072 -0.125609 0.47852 0.4787 0.478665 0.478425
3.205 0.53093 0.53093 0.53093 0.53093 -0.261373 -0.264936 -0.264876 -0.261353 0.222717 0.223288 0.223403 0.222899 0.954202 0.953825 0.953728 0.954141
3.225 0.344428 0.344428 0.344428 0.344428 0.101065 0.0989233 0.0993652 0.101574 0.625629 0.626606 0.626543 0.625865 1.02198 1.02157 1.02159 1.02197
3.245 0.068096 0.068096 0.068096 0.068096 0.868655 0.870812 0.870472 0.868712 0.932144 0.931472 0.931551 0.932247 0.897377 0.897442 0.897424 0.897354
3.265 -0.493671 -0.493671 -0.493671 -0.493671 1.035 1.03911 1.03893 1.03468 1.23414 1.23343 1.23344 1.23397 0.81548 0.815574 0.815586 0.815539
3.285 -1.24522 -1.24522 -1.24522 -1.24522 0.246889 0.248699 0.248583 0.24659 1.27051 1.27143 1.27135 1.27038 1.01528 1.01487 1.01489 1.0154
3.305 -2.44883 -2.44883 -2.44883 -2.44883 -1.03973 -1.03889 -1.03887 -1.03963 0.680013 0.680497 0.680484 0.679939 1.42796 1.42702 1.42701 1.42796
3.325 -1.12268 -1.12268 -1.12268 -1.12268 -2.11506 -2.12221 -2.12238 -2.11732 -0.397169 -0.395634 -0.395497 -0.396626 1.4681 1.46673 1.4668 1.46772
3.345 -0.0183535 -0.0183535 -0.0183535 -0.0183535 -1.53739 -1.54039 -1.54071 -1.53669 -1.45066 -1.45213 -1.4523 -1.45059 0.456374 0.4562 0.456219 0.456491
3.365 -0.648994 -0.648994 -0.648994 -0.648994 -0.224308 -0.218889 -0.222554 -0.225521 -1.54332 -1.54967 -1.55089 -1.55237 -1.69054 -1.69042 -1.69024 -1.69091
3.385 -0.314873 -0.314873 -0.314873 -0.314873 0.0612087 0.0618638 0.0610149 0.0575817 -1.02006 -1.01727 -1.01588 -1.01754 -3.73858 -3.7369 -3.73487 -3.73485
3.405 -0.176783 -0.176783 -0.176783 -0.176783 -0.353117 -0.353591 -0.35372 -0.353329 -1.39597 -1.39068 -1.38895 -1.39036 -4.14974 -4.14876 -4.14794 -4.14801
3.425 -0.0761798 -0.0761798 -0.0761798 -0.0761798 -1.08249 -1.08105 -1.07917 -1.07542 -2.63986 -2.64077 -2.6412 -2.63873 -3.00552 -3.00454 -3.00418 -3.00499
3.445 0.0602359 0.0602359 0.0602359 0.0602359 -1.94375 -1.94591 -1.94522 -1.94509 -3.19007 -3.19399 -3.19445 -3.19126 -1.8352 -1.83447 -1.83465 -1.83543
3.465 0.156598 0.156598 0.156598 0.156598 -2.13673 -2.14267 -2.14321 -2.13783 -2.42894 -2.42867 -2.42894 -2.42968 -1.60622 -1.60633 -1.60639 -1.60633
3.485 0.359009 0.359009 0.359009 0.359009 -0.89782 -0.901806 -0.901855 -0.897926 -1.25248 -1.25033 -1.25032 -1.2524 -1.86307 -1.86308 -1.86308 -1.86307
3.505 0.573745 0.573745 0.573745 0.573745 0.983325 0.988271 0.988196 0.984877 -0.301595 -0.300824 -0.300849 -0.300325 -1.73235 -1.73141 -1.73137 -1.73225
3.525 0.775082 0.775082 0.775082 0.775082 1.82536 1.83805 1.83215 1.82315 0.633014 0.632298 0.634136 0.63677 -0.801254 -0.800482 -0.800478 -0.801354
3.545 0.899274 0.899274 0.899274 0.899274 1.34114 1.32708 1.33305 1.33884 1.52357 1.51164 1.51372 1.51235 0.912529 0.912361 0.912038 0.912869
3.565 0.918115 0.918115 0.918115 0.918115 0.733881 0.730923 0.734886 0.740892 1.9757 1.97377 1.97344 1.97778 2.95602 2.95438 2.95811 2.95685
3.585 0.822762 0.822762 0.822762 0.822762 0.909726 0.912529 0.920319 0.918207 2.27992 2.27842 2.28132 2.28599 4.43044 4.42987 4.42914 4.42961
3.605 1.15395 1.15395 1.15395 1.15395 1.59816 1.61371 1.61355 1.6031 2.96358 2.95811 2.9612 2.9637 4.68367 4.68212 4.68143 4.68208
3.625 1.46386 1.46386 1.46386 1.46386 2.49932 2.47972 2.48531 2.50621 3.82703 3.82699 3.82647 3.82297 4.0245 4.024 4.02398 4.02477
3.645 1.57864 1.57864 1.57864 1.57864 3.38387 3.36652 3.36748 3.36418 4.12317 4.12371 4.12283 4.12174 3.38648 3.38639 3.3867 3.38719
3.665 1.61468 1.61468 1.61468 1.61468 3.66617 3.67291 3.66256 3.65062 3.73114 3.729 3.72955 3.73163 3.26052 3.26089 3.26091 3.26069
3.685 1.03087 1.03087 1.03087 1.03087 2.61609 2.62027 2.61847 2.613 3.19854 3.19777 3.19834 3.19971 3.41085 3.41075 3.41086 3.41107
3.705 0.414191 0.414191 0.414191 0.414191 0.90461 0.902026 0.903711 0.905991 2.54247 2.54388 2.54407 2.54272 3.45369 3.45257 3.45245 3.45343
3.725 -0.102745 -0.102745 -0.102745 -0.102745 -0.181211 -0.185091 -0.184271 -0.180527 1.48987 1.49052 1.49037 1.48938 3.03161 3.03041 3.03024 3.03126
3.745 -0.23415 -0.23415 -0.23415 -0.23415 -0.318693 -0.324687 -0.324585 -0.3218 0.356783 0.355316 0.354986 0.357218 1.76927 1.76894 1.76912 1.76969
3.765 -0.396073 -0.396073 -0.396073 -0.396073 -0.197255 -0.239801 -0.231744 -0.193848 -0.391739 -0.388544 -0.391296 -0.384355 -0.283273 -0.284174 -0.283578 -0.283255
3.785 -1.2927 -1.2927 -1.2927 -1.2927 -0.463613 -0.492806 -0.472246 -0.45894 -1.00033 -1.00101 -0.989844 -0.993303 -2.35218 -2.35226 -2.35433 -2.35466
3.805 -2.42797 -2.42797 -2.42797 -2.42797 -1.6241 -1.62029 -1.62332 -1.61864 -2.03684 -2.03873 -2.0372 -2.03594 -3.59699 -3.59673 -3.59614 -3.59611
3.825 -0.875422 -0.875422 -0.875422 -0.875422 -2.81127 -2.80265 -2.79967 -2.7649 -3.55552 -3.54958 -3.54409 -3.54089 -3.94152 -3.94165 -3.94221 -3.94214
3.845 -0.538948 -0.538948 -0.538948 -0.538948 -2.85636 -2.88858 -2.87967 -2.88634 -4.74551 -4.75055 -4.75411 -4.74512 -4.16372 -4.16189 -4.16096 -4.16194
3.865 -0.650856 -0.650856 -0.650856 -0.650856 -2.77947 -2.81657 -2.83387 -2.83716 -4.75092 -4.75397 -4.75317 -4.76334 -4.87057 -4.86908 -4.87052 -4.87394
3.885 -0.151668 -0.151668 -0.151668 -0.151668 -2.62194 -2.62342 -2.62329 -2.57075 -4.0887 -4.08151 -4.08515 -4.09364 -5.59289 -5.59191 -5.59198 -5.59191
3.905 0.355735 0.355735 0.355735 0.355735 -1.59575 -1.60454 -1.5889 -1.59603 -3.6205 -3.62033 -3.62201 -3.62546 -5.47649 -5.47589 -5.47541 -5.47698
3.925 0.492217 0.492217 0.492217 0.492217 -0.456584 -0.455439 -0.457983 -0.470794 -3.13986 -3.1437 -3.14416 -3.14198 -4.38328 -4.38146 -4.38198 -4.38376
3.945 0.231643 0.231643 0.231643 0.231643 -0.226775 -0.225805 -0.229223 -0.236587 -1.90355 -1.90583 -1.9058 -1.90429 -2.73857 -2.7373 -2.73706 -2.73811
3.965 0.289579 0.289579 0.289579 0.289579 -0.539402 -0.496417 -0.494981 -0.518546 -0.290507 -0.286386 -0.281863 -0.283622 -0.705444 -0.70666 -0.706965 -0.706636
3.985 0.218604 0.218604 0.218604 0.218604 0.0867887 0.0601743 0.0212875 0.132232 0.973836 0.955757 0.944539 0.951537 1.56342 1.56567 1.56628 1.5669
4.005 -0.334567 -0.334567 -0.334567 -0.334567 1.1506 1.08651 1.05659 1.08792 2.13395 2.12495 2.10416 2.10785 3.49454 3.49323 3.49325 3.49352
4.025 -0.695739 -0.695739 -0.695739 -0.695739 1.68874 1.68923 1.68559 1.66818 3.52821 3.5238 3.51704 3.52412 4.64787 4.65187 4.65499 4.65679
4.045 -1.08345 -1.08345 -1.08345 -1.08345 1.75465 1.71104 1.67191 1.62281 4.41012 4.40168 4.39719 4.39641 5.25225 5.2524 5.25412 5.25496
4.065 -0.928756 -0.928756 -0.928756 -0.928756 1.36435 1.37922 1.35214 1.35557 4.54324 4.53558 4.54081 4.53905 5.5329 5.53036 5.53063 5.53392
4.085 -0.644313 -0.644313 -0.644313 -0.644313 1.26326 1.2762 1.26737 1.26648 3.74017 3.73904 3.73839 3.73855 5.40827 5.40712 5.40778 5.40988
4.105 -0.587128 -0.587128 -0.587128 -0.587128 1.16379 1.16425 1.16815 1.1589 2.67182 2.6698 2.66973 2.67271 4.41997 4.41833 4.41621 4.41556
4.125 -0.371835 -0.371835 -0.371835 -0.371835 0.674166 0.671591 0.671261 0.668876 1.84435 1.84355 1.84272 1.84155 2.48302 2.48304 2.4843 2.48565
4.145 -0.122021 -0.122021 -0.122021 -0.122021 0.159259 0.103691 0.10624 0.215018 0.767061 0.769454 0.776665 0.780656 0.289439 0.289277 0.288327 0.287483
4.165 0.0898985 0.0898985 0.0898985 0.0898985 -0.213817 -0.141872 -0.202648 -0.208154 -0.880441 -0.865142 -0.880876 -0.890121 -1.54438 -1.54356 -1.54223 -1.5406
4.185 0.757691 0.757691 0.757691 0.757691 -0.462705 -0.43608 -0.462379 -0.528292 -2.49109 -2.49939 -2.52303 -2.52383 -3.03294 -3.03211 -3.03252 -3.03636
4.205 1.07494 1.07494 1.07494 1.07494 -1.09165 -1.09606 -1.09667 -1.11276 -3.36388 -3.36945 -3.37271 -3.37488 -4.35604 -4.35205 -4.34826 -4.3469
4.225 -0.477065 -0.477065 -0.477065 -0.477065 -1.73033 -1.73015 -1.72368 -1.72112 -3.6652 -3.66345 -3.6589 -3.65706 -5.20629 -5.20648 -5.20947 -5.2112
4.245 -0.0178742 -0.0178742 -0.0178742 -0.0178742 -2.32047 -2.32719 -2.32538 -2.32336 -3.86923 -3.86723 -3.86673 -3.86908 -5.24646 -5.24514 -5.24336 -5.24332
4.265 -0.260473 -0.260473 -0.260473 -0.260473 -2.31579 -2.32132 -2.32237 -2.3256 -4.09788 -4.09912 -4.09938 -4.09929 -4.57276 -4.57245 -4.57389 -4.57564
4.285 -0.13969 -0.13969 -0.13969 -0.13969 -1.97379 -1.97804 -1.97959 -1.98473 -3.71456 -3.71741 -3.7186 -3.7179 -3.76722 -3.76587 -3.76528 -3.76594
4.305 -0.0310207 -0.0310207 -0.0310207 -0.0310207 -1.4434 -1.44737 -1.44765 -1.44904 -2.53671 -2.5368 -2.53692 -2.53751 -3.04878 -3.04841 -3.04883 -3.04963
4.325 0.0473848 0.0473848 0.0473848 0.0473848 -0.612915 -0.61519 -0.61442 -0.614193 -1.16429 -1.16319 -1.16336 -1.15916 -2.0754 -2.07514 -2.07509 -2.07513
4.345 0.426319 0.426319 0.426319 0.426319 0.453039 0.473545 0.471605 0.479662 -0.0696994 -0.0741642 -0.0631685 -0.0538538 -0.581724 -0.583222 -0.584223 -0.584347
4.365 1.33685 1.33685 1.33685 1.33685 1.33253 1.36481 1.35067 1.47065 1.04927 1.0372 1.03692 1.06121 1.16527 1.16696 1.16621 1.16642
4.385 2.58651 2.58651 2.58651 2.58651 2.12112 2.0998 2.08266 2.09593 2.41148 2.41329 2.39983 2.40464 2.81257 2.81127 2.80844 2.80471
4.405 2.79153 2.79153 2.79153 2.79153 3.22438 3.2211 3.20993 3.19548 3.79498 3.79437 3.79301 3.78965 4.22527 4.22581 4.22676 4.22784
4.425 1.65262 1.65262 1.65262 1.65262 3.01631 2.97472 3.22743 3.11168 4.86982 4.86083 4.87914 4.92849 5.46201 5.47109 5.4712 5.46451
4.445 0.584355 0.584355 0.584355 0.584355 3.00442 2.99469 3.09776 3.12282 5.0454 5.03167 5.01161 5.04335 6.43834 6.43416 6.42752 6.4247
4.465 -0.483128 -0.483128 -0.483128 -0.483128 1.79245 1.77971 2.14474 2.29744 5.32878 5.30027 5.21177 5.16506 6.64713 6.64328 6.6563 6.66692
4.485 -2.22885 -2.22885 -2.22885 -2.22885 2.61216 2.50175 2.51646 2.36308 4.93284 4.92339 4.89255 4.89654 6.30768 6.30573 6.29964 6.29188
4.505 -4.65507 -4.65507 -4.65507 -4.65507 1.80612 1.75997 1.67318 1.63075 4.40736 4.40408 4.40782 4.40176 5.2329 5.23679 5.25075 5.26406
4.525 0.666686 0.666686 0.666686 0.666686 -0.089224 -0.119924 -0.134223 -0.133971 3.18944 3.20613 3.22337 3.22202 3.92625 3.92169 3.91516 3.91262
4.545 -1.50785 -1.50785 -1.50785 -1.50785 -0.410454 -0.399081 -0.379343 -0.37179 0.776989 0.78001 0.780928 0.780255 2.34057 2.34042 2.3428 2.34558
4.565 -0.61179 -0.61179 -0.61179 -0.61179 -0.429544 -0.476408 -0.343845 -0.418671 -1.37086 -1.39257 -1.41661 -1.4002 -0.0930296 -0.093012 -0.0877472 -0.08235
4.585 -0.420059 -0.420059 -0.420059 -0.420059 -2.0735 -1.91689 -1.89942 -2.00017 -2.60685 -2.64132 -2.65286 -2.65572 -3.3141 -3.32207 -3.32373 -3.3223
4.605 -0.219895 -0.219895 -0.219895 -0.219895 -2.83848 -2.63334 -2.62016 -2.52114 -4.09515 -4.04905 -4.04677 -4.00819 -6.12506 -6.12638 -6.12766 -6.12177
4.625 -0.00324468 -0.00324468 -0.00324468 -0.00324468 -1.21331 -1.25856 -1.61078 -1.69978 -4.816 -4.80468 -4.88633 -4.89846 -7.65348 -7.65267 -7.642 -7.64008
4.645 0.338586 0.338586 0.338586 0.338586 -3.42199 -2.63002 3.03102 0.0859447 -4.78083 -4.58249 -4.31836 -4.0942 -7.84167 -7.86307 -7.90987 -7.92701
4.665 0.853857 0.853857 0.853857 0.853857 -6.09656 -4.44866 3.06787 1.1814 -5.96169 -5.61479 -4.96225 -4.72899 -6.45944 -6.5031 -6.55176 -6.55069
4.685 1.36935 1.36935 1.36935 1.36935 -3.88459 -2.27441 -2.27459 -4.56172 -5.09749 -5.12989 -5.21591 -5.34926 -4.60078 -4.61394 -4.64499 -4.66257
4.705 1.08651 1.08651 1.08651 1.08651 -3.81901 -3.77858 -5.06743 -6.74273 -3.90208 -3.97527 -4.15985 -4.33011 -3.3102 -3.31476 -3.30447 -3.28149
4.725 0.08916 0.08916 0.08916 0.08916 -3.40003 -3.38581 -3.51736 -3.84839 -3.28177 -3.25084 -3.22573 -3.22009 -2.37435 -2.36968 -2.36674 -2.36748
4.745 -0.0627615 -0.0627615 -0.0627615 -0.0627615 -1.08827 -0.917672 -0.585141 -0.490067 -2.35583 -2.31438 -2.23725 -2.19217 -1.95244 -1.95573 -1.95873 -1.95895
4.765 -0.100569 -0.100569 -0.100569 -0.100569 0.962305 1.03574 1.18913 1.07407 -0.485937 -0.49398 -0.493382 -0.490884 -1.79208 -1.78969 -1.79158 -1.79554
4.785 -0.0936795 -0.0936795 -0.0936795 -0.0936795 1.2088 0.937018 1.13086 1.0592 1.37712 1.37011 1.34488 1.27985 -0.904642 -0.91134 -0.911673 -0.904616
4.805 -0.0535554 -0.0535554 -0.0535554 -0.0535554 1.32115 1.01459 0.949831 1.0125 1.87932 1.97179 1.95978 1.93002 1.29935 1.31214 1.33556 1.34791
4.825 0.0129031 0.0129031 0.0129031 0.0129031 1.64085 1.46766 0.972734 3.1989 1.84137 1.83983 1.90891 2.04467 3.98684 3.97951 3.96297 3.94481
4.845 0.0188967 0.0188967 0.0188967 0.0188967 1.77452 1.35548 1.21306 1.68215 3.34263 3.29245 3.2692 3.28326 5.28059 5.27697 5.26719 5.26092
4.865 -0.0357859 -0.0357859 -0.0357859 -0.0357859 1.06639 0.960824 1.00407 0.931506 4.85294 4.80925 4.76206 4.73362 5.57387 5.57005 5.56577 5.5667
4.885 -0.50187 -0.50187 -0.50187 -0.50187 1.51835 1.50069 1.50325 1.33163 4.8221 4.81448 4.80813 4.80437 5.68868 5.69861 5.7142 5.72167
4.905 -1.5052 -1.5052 -1.5052 -1.5052 3.04067 3.12185 3.15498 3.09358 3.79847 3.79516 3.80789 3.82501 5.4606 5.45427 5.44489 5.44102
4.925 -3.01808 -3.01808 -3.01808 -3.01808 3.23004 3.22679 3.20651 3.14874 3.67883 3.66804 3.67279 3.6815 4.24961 4.25603 4.26273 4.26463
4.945 -1.07237 -1.07237 -1.07237 -1.07237 0.756352 0.731578 0.73214 0.728498 3.85539 3.86393 3.86333 3.85227 2.80385 2.79707 2.79066 2.79042
4.965 2.1032 2.1032 2.1032 2.1032 -0.611293 -0.683102 -0.854775 0.286187 1.93062 1.94182 1.96177 1.99138 2.20873 2.20745 2.20721 2.20444
4.985 -0.30022 -0.30022 -0.30022 -0.30022 0.870124 0.480188 0.171774 0.589774 -0.864734 -0.904861 -0.920448 -0.879258 1.53807 1.54204 1.54249 1.53814
5.005 0.697641 0.697641 0.697641 0.697641 0.966366 0.932729 0.78462 0.738573 -1.52292 -1.52439 -1.56122 -1.56152 -0.704778 -0.694331 -0.684994 -0.688759
5.025 0.679768 0.679768 0.679768 0.679768 -0.389291 -0.325249 -0.560159 -0.484607 -0.614885 -0.627017 -0.656961 -0.641678 -3.49395 -3.49589 -3.49246 -3.49144
5.045 0.732836 0.732836 0.732836 0.732836 -1.10002 -1.18695 -1.25146 -1.17913 -1.3122 -1.29527 -1.28224 -1.29126 -4.56061 -4.55952 -4.55238 -4.54273
5.065 1.02914 1.02914 1.02914 1.02914 -1.01995 -1.01916 -0.97367 -1.01182 -3.66123 -3.66597 -3.66116 -3.65893 -3.69728 -3.69426 -3.69508 -3.69932
5.085 1.53259 1.53259 1.53259 1.53259 -1.15165 -1.16709 -1.16702 -1.34234 -4.7822 -4.79861 -4.80635 -4.80302 -3.11641 -3.11525 -3.11791 -3.12149
5.105 2.00608 2.00608 2.00608 2.00608 -2.19562 -2.23406 -2.25013 -2.21525 -3.61325 -3.61587 -3.62006 -3.62318 -3.75431 -3.75288 -3.75126 -3.75112
5.125 1.57149 1.57149 1.57149 1.57149 -1.9559 -1.99143 -1.97771 -1.99964 -2.23053 -2.22559 -2.22776 -2.23858 -4.30649 -4.30861 -4.3119 -4.31324
5.145 1.02647 1.02647 1.02647 1.02647 -0.118808 -0.131088 -0.142035 -0.203731 -2.07047 -2.07556 -2.07976 -2.08622 -3.61412 -3.61195 -3.60947 -3.60882
5.165 0.379406 0.379406 0.379406 0.379406 1.14 1.16769 1.18337 1.13988 -1.79991 -1.81304 -1.81418 -1.80664 -2.15003 -2.14951 -2.15316 -2.15776
5.185 -0.226459 -0.226459 -0.226459 -0.226459 0.39776 0.499291 0.444373 0.432002 -0.319122 -0.285824 -0.289749 -0.288731 -0.709205 -0.706419 -0.702894 -0.70171
5.205 -0.752343 -0.752343 -0.752343 -0.752343 -1.16065 -1.12565 -1.23163 -1.31629 1.49264 1.43306 1.43364 1.46561 0.921183 0.931363 0.934296 0.934391
5.225 -1.44883 -1.44883 -1.44883 -1.44883 -1.32978 -1.16937 -1.26045 -1.25416 1.49724 1.51237 1.50363 1.47201 3.05728 3.05166 3.0467 3.04714
5.245 -1.70241 -1.70241 -1.70241 -1.70241 0.063741 0.139008 0.155039 0.11338 1.14718 1.14457 1.14294 1.13988 4.37039 4.36148 4.34846 4.34281
5.265 -1.26241 -1.26241 -1.26241 -1.26241 1.03433 1.085 1.41109 0.706371 2.22148 2.23639 2.2578 2.24549 3.76191 3.76157 3.76729 3.77636
5.285 -0.549828 -0.549828 -0.549828 -0.549828 1.36987 1.53773 1.68096 1.56712 3.64303 3.66927 3.69697 3.69913 2.41859 2.41558 2.41206 2.41112
5.305 -0.667574 -0.667574 -0.667574 -0.667574 2.16961 2.2253 2.24716 2.25543 3.43631 3.44114 3.43924 3.43391 2.02318 2.02054 2.01984 2.02146
5.325 -0.650796 -0.650796 -0.650796 -0.650796 2.20966 2.18909 2.16723 2.14488 2.07619 2.06555 2.05717 2.0583 2.53657 2.53872 2.53901 2.53724
5.345 -0.620281 -0.620281 -0.620281 -0.620281 0.692014 0.748186 0.777509 0.460765 1.30274 1.2992 1.29465 1.28239 2.6854 2.68371 2.68324 2.68534
5.365 -0.945186 -0.945186 -0.945186 -0.945186 -1.16114 -0.99244 -0.931986 -0.915716 1.02471 1.03643 1.05531 1.05989 2.03021 2.02668 2.02423 2.02393
5.385 -0.909872 -0.909872 -0.909872 -0.909872 -1.50574 -1.40743 -1.35837 -1.25262 0.261878 0.268769 0.27941 0.250997 0.94439 0.947506 0.952547 0.954458
5.405 -0.820033 -0.820033 -0.820033 -0.820033 -0.87323 -0.701663 -0.752558 -0.758861 -0.952953 -0.943237 -0.93711 -0.990567 -0.442812 -0.438223 -0.43575 -0.435009
5.425 -0.198216 -0.198216 -0.198216 -0.198216 -0.554932 -0.467032 -0.583093 -0.558608 -1.59628 -1.60253 -1.59328 -1.59856 -2.12757 -2.13006 -2.14006 -2.145
5.445 0.205846 0.205846 0.205846 0.205846 -0.600826 -0.641736 -0.7256 -0.800324 -2.07558 -2.07412 -2.07063 -2.07041 -3.56962 -3.5657 -3.5589 -3.55648
5.465 0.390977 0.390977 0.390977 0.390977 -0.88774 -0.908212 -0.899376 -0.945496 -2.74747 -2.7466 -2.73862 -2.7333 -4.15933 -4.1605 -4.16355 -4.16601
5.485 0.664333 0.664333 0.664333 0.664333 -1.32896 -1.33146 -1.31835 -1.40234 -3.38437 -3.39003 -3.39299 -3.39628 -4.04601 -4.0441 -4.04331 -4.04409
5.505 0.951288 0.951288 0.951288 0.951288 -1.86732 -1.88537 -1.89197 -1.9935 -3.55379 -3.55934 -3.56598 -3.57236 -3.68966 -3.68967 -3.69068 -3.69145
5.525 1.15845 1.15845 1.15845 1.15845 -2.0208 -2.04597 -2.07818 -2.12224 -3.22408 -3.22744 -3.23338 -3.2393 -3.36429 -3.36356 -3.36361 -3.3642
5.545 1.10666 1.10666 1.10666 1.10666 -1.23541 -1.25716 -1.26533 -1.30817 -2.62962 -2.63142 -2.63237 -2.63476 -3.02901 -3.02828 -3.02798 -3.02822
5.565 0.920743 0.920743 0.920743 0.920743 -0.0540787 -0.0587351 -0.0621192 -0.0634494 -1.74868 -1.75283 -1.75339 -1.75485 -2.52705 -2.52622 -2.52688 -2.52829
5.585 0.779046 0.779046 0.779046 0.779046 0.656102 0.630545 0.657402 0.528797 -0.57001 -0.569255 -0.56702 -0.57335 -1.64917 -1.64959 -1.65113 -1.65285
5.605 0.250634 0.250634 0.250634 0.250634 0.547159 0.293275 0.466623 0.576762 0.623032 0.634427 0.623032 0.577845 -0.23297 -0.233245 -0.229229 -0.222169
5.625 -0.22446 -0.22446 -0.22446 -0.22446 0.146658 0.106365 0.122406 0.116996 1.2721 1.31443 1.32618 1.31174 1.69771 1.69137 1.69831 1.70354
5.645 -0.510589 -0.510589 -0.510589 -0.510589 0.59885 0.599668 0.5425 0.616539 1.59913 1.56941 1.58329 1.59166 3.47816 3.46715 3.44896 3.44424
5.665 -0.549553 -0.549553 -0.549553 -0.549553 0.963156 1.15161 1.37715 0.348413 2.60871 2.60551 2.60334 2.57425 4.11573 4.11915 4.13176 4.14477
5.685 -0.475154 -0.475154 -0.475154 -0.475154 1.11005 1.35488 1.47338 1.44944 3.70722 3.73522 3.76612 3.77642 4.00715 4.001 3.99386 3.99131
5.705 -0.30313 -0.30313 -0.30313 -0.30313 2.03013 2.07847 2.14164 2.20829 3.90681 3.9131 3.91706 3.91585 3.9034 3.90177 3.90252 3.90457
5.725 0.200386 0.200386 0.200386 0.200386 2.86638 2.82988 2.81189 2.78886 3.34537 3.33624 3.32725 3.32557 3.92935 3.92945 3.928 3.92632
5.745 0.305348 0.305348 0.305348 0.305348 2.56253 2.53921 2.51729 2.48974 3.02202 3.01481 3.00911 3.00861 3.60251 3.60212 3.60238 3.60312
5.765 0.0122539 0.0122539 0.0122539 0.0122539 1.40222 1.38568 1.38048 1.37545 2.86576 2.86744 2.86879 2.86718 2.97281 2.97249 2.97271 2.97338
5.785 -0.287144 -0.287144 -0.287144 -0.287144 0.367161 0.336902 0.273582 0.725 2.0842 2.0894 2.10017 2.11527 2.38355 2.3816 2.38019 2.37904
5.805 0.0182679 0.0182679 0.0182679 0.0182679 0.140908 0.0882854 -0.0285428 0.164404 0.806331 0.772269 0.75578 0.751575 1.71067 1.71062 1.71156 1.71109
5.825 0.196804 0.196804 0.196804 0.196804 0.270235 0.327136 0.238556 0.244997 -0.352101 -0.364064 -0.395982 -0.385675 0.520985 0.524301 0.526332 0.525838
5.845 0.0389741 0.0389741 0.0389741 0.0389741 0.204136 0.250802 0.212969 0.181543 -0.617137 -0.622026 -0.62972 -0.603593 -1.21977 -1.22075 -1.22044 -1.2162
5.865 -0.26628 -0.26628 -0.26628 -0.26628 -0.487649 -0.493588 -0.622034 -0.671947 -0.775399 -0.793376 -0.790425 -0.782045 -2.60729 -2.60692 -2.60086 -2.60346
5.885 -0.520067 -0.520067 -0.520067 -0.520067 -1.21546 -1.2477 -1.26599 -1.27721 -1.8266 -1.81405 -1.80892 -1.81719 -2.95563 -2.95543 -2.95055 -2.94372
5.905 -0.170288 -0.170288 -0.170288 -0.170288 -1.78158 -1.75589 -1.70146 -1.68361 -3.17437 -3.17521 -3.17527 -3.17323 -2.6682 -2.66516 -2.66487 -2.6672
5.925 -0.279585 -0.279585 -0.279585 -0.279585 -2.17431 -2.19173 -2.19709 -2.2799 -3.62559 -3.63227 -3.63722 -3.63856 -2.84437 -2.84481 -2.84574 -2.84608
5.945 -0.258123 -0.258123 -0.258123 -0.258123 -2.61004 -2.62554 -2.63649 -2.70752 -3.18911 -3.19185 -3.19905 -3.20692 -3.54825 -3.54691 -3.54559 -3.54531
5.965 -0.302641 -0.302641 -0.302641 -0.302641 -2.36449 -2.38585 -2.39455 -2.38339 -2.89957 -2.89663 -2.89624 -2.90106 -4.03557 -4.03674 -4.03833 -4.03878
5.985 -0.193392 -0.193392 -0.193392 -0.193392 -1.36616 -1.37951 -1.38514 -1.42468 -3.08582 -3.09021 -3.09203 -3.09396 -3.87212 -3.87013 -3.86862 -3.8689
6.005 -0.302342 -0.302342 -0.302342 -0.302342 -0.666008 -0.669022 -0.671158 -0.714076 -2.91568 -2.92315 -2.92362 -2.92124 -3.3605 -3.35978 -3.36166 -3.3644
6.025 -0.234938 -0.234938 -0.234938 -0.234938 -0.840199 -0.845411 -0.849557 -0.879064 -1.96552 -1.96836 -1.97015 -1.97249 -2.73231 -2.73115 -2.73022 -2.73037
6.045 -0.0178213 -0.0178213 -0.0178213 -0.0178213 -1.19809 -1.19679 -1.19884 -1.17574 -0.991018 -0.984496 -0.980542 -0.991749 -1.7003 -1.70089 -1.70139 -1.70141
6.065 0.0653157 0.0653157 0.0653157 0.0653157 -0.940604 -0.960334 -0.966545 -0.966338 -0.562077 -0.569238 -0.559043 -0.5512 -0.246701 -0.248904 -0.250471 -0.249518
6.085 -0.209643 -0.209643 -0.209643 -0.209643 -0.355887 -0.504327 -0.449278 -0.385702 -0.0820823 -0.125616 -0.118531 -0.107405 0.984039 0.987487 0.989442 0.989244
6.105 -0.647633 -0.647633 -0.647633 -0.647633 -0.101329 -0.0465957 -0.050054 -0.0110412 0.751906 0.747095 0.742737 0.744557 1.5729 1.57431 1.57912 1.57942
6.125 -0.48603 -0.48603 -0.48603 -0.48603 0.671284 0.755768 0.764564 0.750759 1.66007 1.65984 1.65528 1.64171 1.7348 1.7403 1.74599 1.74747
6.145 0.182806 0.182806 0.182806 0.182806 1.67381 1.65358 1.66251 1.65138 2.21982 2.22503 2.22326 2.22775 1.95671 1.95713 1.9563 1.95534
6.165 0.708858 0.708858 0.708858 0.708858 2.0578 2.05464 2.12099 2.61208 2.50913 2.5176 2.53194 2.55517 2.35431 2.35309 2.34868 2.34422
6.185 0.543989 0.543989 0.543989 0.543989 2.11421 2.10104 2.21391 2.18144 2.71561 2.71452 2.71786 2.71758 2.87464 2.87448 2.87507 2.87623
6.205 0.185263 0.185263 0.185263 0.185263 1.78322 1.77905 1.7567 1.68826 2.82075 2.81488 2.8071 2.80132 3.32112 3.32031 3.31942 3.3194
6.225 0.240739 0.240739 0.240739 0.240739 1.20197 1.18866 1.16004 1.12897 2.72832 2.72737 2.72357 2.71889 3.52227 3.52139 3.52248 3.52461
6.245 0.0758571 0.0758571 0.0758571 0.0758571 0.920197 0.911601 0.913283 0.910944 2.34199 2.34243 2.34452 2.34436 3.33457 3.33405 3.33407 3.33462
6.265 -0.0977852 -0.0977852 -0.0977852 -0.0977852 0.842808 0.83137 0.836097 1.20816 1.84618 1.85049 1.86516 1.88404 2.6358 2.63396 2.63162 2.62958
6.285 -0.176115 -0.176115 -0.176115 -0.176115 0.849356 0.821207 0.880037 0.928464 1.42459 1.40752 1.41392 1.41752 1.5425 1.5422 1.54232 1.54214
6.305 -0.0984502 -0.0984502 -0.0984502 -0.0984502 0.835511 0.725062 0.670862 0.634716 0.833461 0.833076 0.836894 0.822142 0.441415 0.440389 0.437011 0.435278
6.325 -0.0278596 -0.0278596 -0.0278596 -0.0278596 0.493065 0.441401 0.471678 0.484875 -0.0229611 -0.0271508 -0.0241448 -0.0133146 -0.396409 -0.393085 -0.388061 -0.387456
6.345 0.0392128 0.0392128 0.0392128 0.0392128 -0.430533 -0.262418 -0.224372 -0.211678 -0.697222 -0.678297 -0.671579 -0.665985 -1.03964 -1.04155 -1.04149 -1.04374
6.365 0.2083 0.2083 0.2083 0.2083 -1.10389 -1.05267 -1.06719 -1.12758 -1.33352 -1.31716 -1.31935 -1.33465 -1.50376 -1.50733 -1.5155 -1.51854
6.385 0.356986 0.356986 0.356986 0.356986 -1.40343 -1.4287 -1.50946 -1.65698 -2.02287 -2.02415 -2.02773 -2.03773 -1.91326 -1.91115 -1.90624 -1.90278
6.405 0.382253 0.382253 0.382253 0.382253 -1.33965 -1.33889 -1.33459 -1.37955 -2.51193 -2.51306 -2.51195 -2.51034 -2.40854 -2.40908 -2.41265 -2.41508
6.425 0.155036 0.155036 0.155036 0.155036 -1.08566 -1.07915 -1.05893 -1.09632 -2.51151 -2.51493 -2.51589 -2.51622 -3.04119 -3.03938 -3.03813 -3.03852
6.445 -0.0695604 -0.0695604 -0.0695604 -0.0695604 -0.940355 -0.953573 -0.961591 -0.961671 -2.22869 -2.23124 -2.23211 -2.23445 -3.41963 -3.41973 -3.4207 -3.42172
6.465 -0.183608 -0.183608 -0.183608 -0.183608 -0.951816 -0.963175 -0.968899 -0.992792 -2.05475 -2.05757 -2.06012 -2.06383 -3.15166 -3.15077 -3.15077 -3.1516
6.485 -0.226541 -0.226541 -0.226541 -0.226541 -1.05767 -1.06748 -1.07395 -1.10257 -1.99053 -1.99278 -1.99381 -1.99508 -2.31697 -2.31655 -2.31652 -2.31683
6.505 -0.120304 -0.120304 -0.120304 -0.120304 -1.18794 -1.19297 -1.19607 -1.19155 -1.70666 -1.70586 -1.70641 -1.71361 -1.37184 -1.37142 -1.37148 -1.3719
6.525 0.132956 0.132956 0.132956 0.132956 -1.08817 -1.07918 -1.06107 -1.08969 -1.08038 -1.0769 -1.07297 -1.07387 -0.676046 -0.675855 -0.67548 -0.674762
6.545 0.351874 0.351874 0.351874 0.351874 -0.642857 -0.496917 -0.515685 -0.541358 -0.3203 -0.313254 -0.302806 -0.294398 -0.211208 -0.211737 -0.212076 -0.212317
6.565 0.502828 0.502828 0.502828 0.502828 0.247356 0.338427 0.269605 0.25588 0.409441 0.3967 0.406005 0.402086 0.198647 0.20064 0.205235 0.207473
6.585 0.636093 0.636093 0.636093 0.636093 1.23325 1.18286 1.18542 1.14058 0.926274 0.927624 0.931915 0.931937 0.752084 0.751346 0.75194 0.752788
6.605 0.711844 0.711844 0.711844 0.711844 1.77018 1.85117 1.92931 1.89369 1.48637 1.48045 1.47321 1.49635 1.40184 1.40068 1.389 1.38477
6.625 0.718661 0.718661 0.718661 0.718661 1.94005 1.91105 1.91338 1.85094 2.25046 2.25617 2.23772 2.23916 2.07118 2.0748 2.08186 2.08621
6.645 0.803324 0.803324 0.803324 0.803324 1.65515 1.73218 1.57735 1.21878 2.89224 2.89382 2.8756 2.8443 2.89218 2.88954 2.88734 2.8877
6.665 0.883902 0.883902 0.883902 0.883902 1.51438 1.55636 1.52581 1.62777 2.9179 2.9259 2.93546 2.93773 3.75589 3.75521 3.75689 3.75857
6.685 0.647182 0.647182 0.647182 0.647182 1.81643 1.8127 1.86765 1.92409 2.79761 2.79909 2.80772 2.81573 4.19011 4.18952 4.18816 4.1872
6.705 0.173624 0.173624 0.173624 0.173624 2.05435 2.03938 2.05034 2.04784 3.03469 3.03013 3.02728 3.02723 3.84126 3.8399 3.83896 3.83923
6.725 -0.292976 -0.292976 -0.292976 -0.292976 1.86885 1.84586 1.83353 1.81005 3.27142 3.26915 3.26469 3.2605 3.10093 3.10082 3.10147 3.10238
6.745 -0.655285 -0.655285 -0.655285 -0.655285 1.3853 1.37087 1.36741 1.34543 2.792 2.79285 2.79233 2.78978 2.5805 2.57901 2.57808 2.57865
6.765 -0.786039 -0.786039 -0.786039 -0.786039 0.558794 0.547553 0.609671 1.08227 1.64566 1.65259 1.68103 1.707 2.26052 2.25954 2.25738 2.25432
6.785 -0.7219 -0.7219 -0.7219 -0.7219 -0.259362 -0.166341 -0.0273633 0.0319143 0.542097 0.54914 0.546319 0.574404 1.61713 1.6141 1.61053 1.60943
6.805 -0.7195 -0.7195 -0.7195 -0.7195 -0.516681 -0.568944 -0.50668 -0.455522 -0.294817 -0.300226 -0.33145 -0.323427 0.387931 0.392049 0.397897 0.400489
6.825 -1.01872 -1.01872 -1.01872 -1.01872 -1.1554 -0.948107 -0.925697 -0.946098 -0.839385 -0.828933 -0.81568 -0.807529 -1.20409 -1.20764 -1.20654 -1.20055
6.845 -1.33592 -1.33592 -1.33592 -1.33592 -1.64031 -1.67534 -1.51263 -1.42734 -1.53726 -1.5349 -1.54032 -1.54113 -2.53753 -2.54835 -2.56058 -2.56851
6.865 -1.48839 -1.48839 -1.48839 -1.48839 -1.87216 -1.88012 -1.84216 -1.82457 -2.78996 -2.79832 -2.81416 -2.81672 -3.28677 -3.28511 -3.28476 -3.2856
6.885 -1.2804 -1.2804 -1.2804 -1.2804 -2.06624 -2.08777 -2.12275 -2.18984 -3.82346 -3.8311 -3.83443 -3.83582 -3.83286 -3.83231 -3.83274 -3.83326
6.905 -0.851679 -0.851679 -0.851679 -0.851679 -2.70389 -2.71753 -2.72564 -2.81413 -4.13254 -4.13427 -4.13551 -4.13918 -4.47937 -4.47754 -4.476 -4.47507
6.925 -0.512344 -0.512344 -0.512344 -0.512344 -3.11762 -3.12481 -3.11921 -3.20295 -4.13831 -4.13843 -4.13992 -4.14672 -4.98777 -4.98778 -4.9875 -4.98761
6.945 -0.122368 -0.122368 -0.122368 -0.122368 -3.12931 -3.1372 -3.13308 -3.2332 -4.3256 -4.32822 -4.33418 -4.34251 -5.04028 -5.03952 -5.03909 -5.03901
6.965 0.43432 0.43432 0.43432 0.43432 -2.60753 -2.61283 -2.57281 -2.67484 -4.53272 -4.53567 -4.53731 -4.53926 -4.75713 -4.75639 -4.75728 -4.75886
6.985 0.693856 0.693856 0.693856 0.693856 -1.57764 -1.57817 -1.56769 -1.64579 -4.10816 -4.11403 -4.11516 -4.11593 -4.47552 -4.47452 -4.47526 -4.47689
7.005 0.800261 0.800261 0.800261 0.800261 -0.744184 -0.75066 -0.756334 -0.819105 -2.85042 -2.85544 -2.85882 -2.86361 -4.11439 -4.11278 -4.11252 -4.11377
7.025 0.894416 0.894416 0.894416 0.894416 -0.270696 -0.276094 -0.260742 -0.343404 -1.43003 -1.43127 -1.43363 -1.43902 -3.09923 -3.09937 -3.10033 -3.10126
7.045 0.852445 0.852445 0.852445 0.852445 -0.0954311 -0.0984069 -0.0332026 -0.16547 -0.482064 -0.4607 -0.461015 -0.478301 -1.15741 -1.15771 -1.15825 -1.15877
7.065 1.00054 1.00054 1.00054 1.00054 -0.322832 -0.472928 -0.215113 -0.244757 0.377374 0.370671 0.3292 0.328001 1.08832 1.0892 1.0935 1.09498
7.085 1.35091 1.35091 1.35091 1.35091 0.0028118 0.138065 0.203114 -0.100774 1.14952 1.11544 1.1436 1.12016 2.88137 2.88551 2.8948 2.90264
7.105 1.93241 1.93241 1.93241 1.93241 1.57595 1.64836 1.13276 5.01598 2.24206 2.25907 2.35565 2.5479 3.77432 3.75146 3.70041 3.65123
7.125 1.83251 1.83251 1.83251 1.83251 3.51319 3.09461 3.52713 3.51739 4.45676 4.439 4.41616 4.4055 3.72499 3.73222 3.75235 3.76911
7.145 1.43184 1.43184 1.43184 1.43184 3.05222 3.16526 3.16166 2.7061 5.7694 5.80136 5.7293 5.69366 4.33171 4.32988 4.33984 4.34223
