0.005 -0.0221874 -0.0221874 -0.0221874 -0.0221874 -0.000441357 -0.000389331 -0.000389355 -0.000441693 7.15299e-05 5.26003e-05 5.25993e-05 7.14172e-05 -7.36288e-06 -4.88731e-06 -4.88468e-06 -7.36315e-06
0.025 -0.00673827 -0.00673827 -0.00673827 -0.00673827 -0.00616661 -0.00617096 -0.00617069 -0.00616677 2.05774e-05 2.87664e-05 2.87389e-05 2.03338e-05 0.000158085 0.000154649 0.000154499 0.000157623
0.045 -0.0130104 -0.0130104 -0.0130104 -0.0130104 -0.0094169 -0.00940998 -0.00941031 -0.00941769 -0.00334828 -0.00335069 -0.00335056 -0.00334855 0.000600542 0.000597233 0.000597137 0.000600572
0.065 -0.0213513 -0.0213513 -0.0213513 -0.0213513 -0.0123464 -0.0123199 -0.0123197 -0.0123463 -0.00756515 -0.007581 -0.0075816 -0.00756678 -0.00107713 -0.00107781 -0.00107851 -0.00107725
0.085 -0.0263761 -0.0263761 -0.0263761 -0.0263761 -0.0190311 -0.0190271 -0.0190273 -0.0190323 -0.0104564 -0.0104553 -0.010456 -0.0104581 -0.00635325 -0.00635812 -0.00635809 -0.00635351
0.105 -0.0269636 -0.0269636 -0.0269636 -0.0269636 -0.025523 -0.025546 -0.0255466 -0.025525 -0.0157672 -0.0157515 -0.0157518 -0.0157678 -0.0134053 -0.013412 -0.013412 -0.0134055
0.125 -0.0281384 -0.0281384 -0.0281384 -0.0281384 -0.0276232 -0.0276245 -0.0276247 -0.0276237 -0.0251153 -0.0251187 -0.0251188 -0.0251158 -0.0212286 -0.0212302 -0.0212303 -0.021229
0.145 -0.026033 -0.026033 -0.026033 -0.026033 -0.0287792 -0.0287714 -0.0287711 -0.0287782 -0.0334905 -0.0335026 -0.0335027 -0.0334908 -0.0312951 -0.0312922 -0.0312922 -0.0312952
0.165 -0.0212129 -0.0212129 -0.0212129 -0.0212129 -0.0305632 -0.0305779 -0.0305775 -0.030562 -0.0381977 -0.0381929 -0.0381926 -0.0381967 -0.0428928 -0.0428889 -0.0428888 -0.0428923
0.185 -0.0145849 -0.0145849 -0.0145849 -0.0145849 -0.0295189 -0.0295448 -0.0295443 -0.0295169 -0.0418767 -0.0418637 -0.0418631 -0.0418746 -0.0519497 -0.0519434 -0.0519431 -0.0519486
0.205 -0.0093706 -0.0093706 -0.0093706 -0.0093706 -0.0245898 -0.0245923 -0.0245909 -0.0245848 -0.0448601 -0.0448636 -0.0448631 -0.0448584 -0.0556775 -0.0556656 -0.0556652 -0.0556761
0.225 -0.00885276 -0.00885276 -0.00885276 -0.00885276 -0.0206076 -0.0205933 -0.0205934 -0.0206076 -0.0429592 -0.0429718 -0.0429723 -0.0429593 -0.0542716 -0.0542581 -0.0542587 -0.0542722
0.245 -0.00756705 -0.00756705 -0.00756705 -0.00756705 -0.0203695 -0.0203837 -0.0203843 -0.020371 -0.0354178 -0.0354107 -0.0354111 -0.0354187 -0.0474991 -0.0474914 -0.0474915 -0.0474995
0.265 -0.00852035 -0.00852035 -0.00852035 -0.00852035 -0.0189524 -0.0189741 -0.0189743 -0.0189529 -0.0269267 -0.0269157 -0.0269157 -0.0269268 -0.0344516 -0.0344482 -0.0344484 -0.0344519
0.285 -0.00911081 -0.00911081 -0.00911081 -0.00911081 -0.0142929 -0.0142969 -0.0142969 -0.0142928 -0.0186093 -0.0186145 -0.0186145 -0.0186091 -0.0176216 -0.0176192 -0.0176192 -0.0176214
0.305 -0.00816099 -0.00816099 -0.00816099 -0.00816099 -0.00859937 -0.00859749 -0.0085974 -0.00859917 -0.00752201 -0.00753064 -0.00753058 -0.00752187 -0.00195312 -0.00195355 -0.00195356 -0.00195314
0.325 -0.00570372 -0.00570372 -0.00570372 -0.00570372 -0.00221225 -0.00222389 -0.00223809 -0.0022292 0.00577649 0.00578037 0.0057792 0.00577952 0.0103344 0.0103297 0.0103314 0.0103414
0.345 -0.00194558 -0.00194558 -0.00194558 -0.00194558 0.00619395 0.00618674 0.00617441 0.00617357 0.0169924 0.0169965 0.0169925 0.0169835 0.0204826 0.0204766 0.0204777 0.0204833
0.365 -0.000960115 -0.000960115 -0.000960115 -0.000960115 0.0145127 0.0145407 0.0145405 0.0145118 0.0245164 0.0245094 0.0245094 0.0245164 0.0292728 0.0292677 0.0292656 0.0292688
0.385 -0.00565505 -0.00565505 -0.00565505 -0.00565505 0.0164347 0.0164799 0.0164825 0.0164409 0.0300602 0.0300513 0.0300522 0.0300627 0.0358476 0.0358423 0.0358431 0.0358495
0.405 -0.00702744 -0.00702744 -0.00702744 -0.00702744 0.0107982 0.0108067 0.0108099 0.0108075 0.0322149 0.0322258 0.0322269 0.0322175 0.0398862 0.0398741 0.0398736 0.0398855
0.425 -0.0111117 -0.0111117 -0.0111117 -0.0111117 0.00437651 0.00437644 0.00437707 0.00437685 0.0275005 0.0275061 0.027505 0.0274992 0.0406673 0.0406546 0.040655 0.0406681
0.445 -0.00705293 -0.00705293 -0.00705293 -0.00705293 0.000416606 0.000409713 0.000409249 0.000415632 0.0179438 0.0179389 0.0179385 0.0179431 0.0348608 0.0348508 0.0348508 0.0348604
0.465 -0.00469759 -0.00469759 -0.00469759 -0.00469759 0.000298732 0.000305458 0.000305081 0.00029798 0.00837851 0.00836626 0.00836618 0.00837827 0.0199331 0.0199293 0.0199296 0.0199339
0.485 -0.00361581 -0.00361581 -0.00361581 -0.00361581 0.000609557 0.000620533 0.000620607 0.000609712 0.000802957 0.000802466 0.000802638 0.000803332 -0.0011537 -0.00115338 -0.00115343 -0.00115383
0.505 -0.00423691 -0.00423691 -0.00423691 -0.00423691 -0.00258337 -0.00257646 -0.0025764 -0.00258325 -0.00783258 -0.00782018 -0.00782016 -0.00783254 -0.0205643 -0.0205612 -0.0205611 -0.0205641
0.525 -0.00474041 -0.00474041 -0.00474041 -0.00474041 -0.00923607 -0.00923247 -0.00923242 -0.00923595 -0.0203346 -0.0203292 -0.0203292 -0.0203346 -0.0323784 -0.0323721 -0.0323722 -0.0323786
0.545 -0.0102733 -0.0102733 -0.0102733 -0.0102733 -0.0188638 -0.0188564 -0.0188564 -0.0188638 -0.0330283 -0.03304 -0.03304 -0.0330284 -0.0378142 -0.0378058 -0.0378058 -0.0378141
0.565 -0.0133741 -0.0133741 -0.0133741 -0.0133741 -0.0296666 -0.0296916 -0.0296915 -0.0296666 -0.0407005 -0.040703 -0.040703 -0.0407005 -0.0415636 -0.0415585 -0.0415585 -0.0415638
0.585 0.000595209 0.000595209 0.000595209 0.000595209 -0.0332212 -0.0333109 -0.0333109 -0.0332211 -0.0438828 -0.0438592 -0.0438593 -0.0438829 -0.0456297 -0.0456279 -0.0456278 -0.0456297
0.605 0.005746 0.005746 0.005746 0.005746 -0.0196091 -0.0196325 -0.0196325 -0.0196091 -0.0438465 -0.0438576 -0.0438576 -0.0438465 -0.0494147 -0.0494019 -0.0494019 -0.0494147
0.625 -0.00258387 -0.00258387 -0.00258387 -0.00258387 -0.00372659 -0.00365957 -0.00365959 -0.00372664 -0.0343266 -0.0343599 -0.0343599 -0.0343266 -0.0513364 -0.051316 -0.051316 -0.0513363
0.645 -0.015355 -0.015355 -0.015355 -0.015355 -0.00563714 -0.00559832 -0.0055984 -0.00563716 -0.0171903 -0.0171729 -0.0171727 -0.0171902 -0.0445194 -0.0445117 -0.0445118 -0.0445195
0.665 -0.00976074 -0.00976074 -0.00976074 -0.00976074 -0.0169455 -0.0170099 -0.01701 -0.0169456 -0.0087594 -0.00870397 -0.00870388 -0.0087592 -0.0216944 -0.0217023 -0.0217024 -0.0216945
0.685 0.00615354 0.00615354 0.00615354 0.00615354 -0.0155697 -0.0156333 -0.0156333 -0.0155697 -0.0121205 -0.0121272 -0.0121272 -0.0121204 0.008673 0.00866845 0.00866842 0.00867293
0.705 -0.000411034 -0.000411034 -0.000411034 -0.000411034 -0.000244757 -0.00018991 -0.000189902 -0.000244735 -0.00603979 -0.00611979 -0.00611981 -0.00603982 0.0255108 0.0255174 0.0255174 0.0255108
0.725 -0.0284623 -0.0284623 -0.0284623 -0.0284623 0.00732293 0.00741313 0.00741313 0.00732294 0.020416 0.0203936 0.0203936 0.0204159 0.0230196 0.0230163 0.0230163 0.0230196
0.745 -0.0301907 -0.0301907 -0.0301907 -0.0301907 -0.000602739 -0.000648557 -0.000648562 -0.000602742 0.0409556 0.0410554 0.0410554 0.0409556 0.0211978 0.0211713 0.0211713 0.0211978
0.765 -0.0257017 -0.0257017 -0.0257017 -0.0257017 -0.00371159 -0.00372555 -0.00372555 -0.00371159 0.0285685 0.0286025 0.0286025 0.0285685 0.0344673 0.0344482 0.0344482 0.0344673
0.785 -0.0357559 -0.0357559 -0.0357559 -0.0357559 -0.00621945 -0.00609988 -0.00610006 -0.0062209 0.00444081 0.00434327 0.00434378 0.00444445 0.0450608 0.0450607 0.0450573 0.0450599
0.805 -0.0291828 -0.0291828 -0.0291828 -0.0291828 -0.0242957 -0.0243114 -0.0243111 -0.0242953 -0.00124956 -0.00127 -0.00127114 -0.00125133 0.0310678 0.0310533 0.0310536 0.0310679
0.825 -0.0236817 -0.0236817 -0.0236817 -0.0236817 -0.0337684 -0.033892 -0.0338918 -0.0337678 -0.00327408 -0.00319691 -0.00319762 -0.00327575 -0.00019629 -0.00021952 -0.000219265 -0.000196355
0.845 -0.0130626 -0.0130626 -0.0130626 -0.0130626 -0.0186223 -0.0186411 -0.018641 -0.0186222 -0.0218984 -0.021881 -0.0218811 -0.0218985 -0.0304702 -0.0304692 -0.0304692 -0.0304701
0.865 -0.000222719 -0.000222719 -0.000222719 -0.000222719 -0.00213163 -0.0020322 -0.00203246 -0.00213283 -0.0425674 -0.0426309 -0.0426305 -0.0425663 -0.0556743 -0.0556467 -0.0556466 -0.0556743
0.885 -0.0263019 -0.0263019 -0.0263019 -0.0263019 -0.0108607 -0.0107229 -0.0107298 -0.0108672 -0.046803 -0.0468419 -0.0468268 -0.0467767 -0.0754087 -0.0753807 -0.0753707 -0.0753926
0.905 -0.035379 -0.035379 -0.035379 -0.035379 -0.0473056 -0.0473894 -0.0474081 -0.0473364 -0.0466833 -0.046596 -0.0465909 -0.0466755 -0.0795641 -0.0795681 -0.0795653 -0.0795575
0.925 -0.0227974 -0.0227974 -0.0227974 -0.0227974 -0.0698494 -0.0700243 -0.0700281 -0.0698586 -0.0662093 -0.0661438 -0.0661431 -0.0662086 -0.0640593 -0.0640702 -0.0640699 -0.0640592
0.945 -0.00270001 -0.00270001 -0.00270001 -0.00270001 -0.0548726 -0.05491 -0.0549044 -0.0548582 -0.0879243 -0.08801 -0.0880113 -0.0879277 -0.0512861 -0.051268 -0.0512681 -0.0512859
0.965 -0.0317826 -0.0317826 -0.0317826 -0.0317826 -0.030824 -0.0306852 -0.0306791 -0.0308149 -0.0723367 -0.0724521 -0.0724524 -0.072335 -0.0637322 -0.0637021 -0.0637029 -0.0637338
0.985 -0.0521398 -0.0521398 -0.0521398 -0.0521398 -0.0329792 -0.0329758 -0.0329747 -0.0329753 -0.0305965 -0.0305096 -0.0305107 -0.0306018 -0.0823998 -0.0824024 -0.0824012 -0.0823975
1.005 -0.0264328 -0.0264328 -0.0264328 -0.0264328 -0.0388742 -0.039027 -0.039027 -0.0388741 -0.0201722 -0.0200139 -0.0200158 -0.0201763 -0.0677357 -0.0677496 -0.0677518 -0.0677311
1.025 0.0383589 0.0383589 0.0383589 0.0383589 -0.0162336 -0.0163168 -0.0163172 -0.0162348 -0.0459336 -0.0459741 -0.0459742 -0.0459329 -0.0242841 -0.02427 -0.0242697 -0.0242844
1.045 0.0312836 0.0312836 0.0312836 0.0312836 0.0177897 0.0179749 0.0179747 0.0177893 -0.0421314 -0.0423445 -0.0423439 -0.0421301 0.00145642 0.00150001 0.00149981 0.00145577
1.065 0.0163157 0.0163157 0.0163157 0.0163157 0.0224619 0.0224788 0.0224788 0.0224618 0.0176702 0.0176923 0.0176925 0.0176705 -0.00276658 -0.00276357 -0.00276378 -0.00276684
1.085 0.00983345 0.00983345 0.00983345 0.00983345 0.0247919 0.0246403 0.0246332 0.0247364 0.0652401 0.0654364 0.0654393 0.065243 0.00767331 0.00764105 0.00763965 0.00766945
1.105 0.0529976 0.0529976 0.0529976 0.0529976 0.0481536 0.0481177 0.048128 0.0481737 0.0586594 0.0586947 0.0586906 0.0586763 0.0559072 0.055894 0.0558887 0.0558575
1.125 0.0358026 0.0358026 0.0358026 0.0358026 0.0732778 0.0735542 0.0735603 0.0732904 0.0487378 0.0485135 0.0485114 0.0487341 0.103834 0.103859 0.103851 0.103818
1.145 -0.0308712 -0.0308712 -0.0308712 -0.0308712 0.0490616 0.0492719 0.049275 0.0490721 0.0860137 0.0859264 0.0859224 0.086004 0.115846 0.115838 0.115842 0.11586
1.165 -0.0198467 -0.0198467 -0.0198467 -0.0198467 -0.00312802 -0.003437 -0.00343179 -0.00311503 0.118679 0.118949 0.118949 0.118681 0.114283 0.114199 0.114201 0.114287
1.185 0.0610572 0.0610572 0.0610572 0.0610572 0.0124676 0.0121519 0.0121546 0.0124741 0.0794148 0.079538 0.0795355 0.0794147 0.123885 0.123837 0.123842 0.123898
1.205 0.0466195 0.0466195 0.0466195 0.0466195 0.0879312 0.0883519 0.0883514 0.0879313 0.0296489 0.0292887 0.0292898 0.0296494 0.108386 0.108442 0.108439 0.108386
1.225 -0.0189707 -0.0189707 -0.0189707 -0.0189707 0.0873777 0.0878163 0.0878149 0.0873745 0.0602724 0.0601068 0.0601076 0.0602737 0.0416004 0.041635 0.0416344 0.0415977
1.245 -0.0482551 -0.0482551 -0.0482551 -0.0482551 0.00300532 0.00278215 0.00278183 0.00300464 0.0956931 0.0960654 0.096066 0.0956946 -0.0109481 -0.0110149 -0.0110163 -0.0109513
1.265 0.0106667 0.0106667 0.0106667 0.0106667 -0.0445201 -0.0449317 -0.0449316 -0.0445198 0.0200968 0.0203467 0.0203467 0.0200967 0.0086921 0.00863542 0.00863521 0.00869171
1.285 0.018942 0.018942 0.018942 0.018942 -0.0233386 -0.0231234 -0.0231233 -0.0233382 -0.0934817 -0.0938586 -0.0938586 -0.0934817 0.0342136 0.0342666 0.0342665 0.0342135
1.305 0.00407915 0.00407915 0.00407915 0.00407915 -0.0239239 -0.023725 -0.0237251 -0.023924 -0.0955758 -0.0958525 -0.0958525 -0.0955763 -0.0256364 -0.0255841 -0.0255838 -0.0256357
1.325 -0.0628036 -0.0628036 -0.0628036 -0.0628036 -0.053328 -0.0534959 -0.0534965 -0.053327 -0.0263212 -0.0260294 -0.0260625 -0.0263426 -0.128158 -0.128196 -0.128216 -0.128196
1.345 -0.0154213 -0.0154213 -0.0154213 -0.0154213 -0.0571693 -0.0575377 -0.0575381 -0.0571731 -0.0342366 -0.0338544 -0.033867 -0.0342507 -0.161954 -0.161976 -0.161998 -0.161981
1.365 0.0749892 0.0749892 0.0749892 0.0749892 -0.00396822 -0.00387129 -0.00385714 -0.00392783 -0.123612 -0.123794 -0.12379 -0.123612 -0.118889 -0.118817 -0.118812 -0.118887
1.385 -0.0198453 -0.0198453 -0.0198453 -0.0198453 0.01302 0.0136515 0.0136392 0.0129979 -0.138095 -0.138579 -0.138568 -0.138065 -0.0917343 -0.09162 -0.0916203 -0.0917366
1.405 -0.0353146 -0.0353146 -0.0353146 -0.0353146 -0.0736739 -0.0739681 -0.0739762 -0.0736882 -0.0444662 -0.044228 -0.0442268 -0.0444657 -0.10156 -0.10159 -0.10159 -0.101558
1.425 -0.0184511 -0.0184511 -0.0184511 -0.0184511 -0.103661 -0.104324 -0.104323 -0.103661 -0.00884275 -0.00837951 -0.00838209 -0.00884819 -0.0712549 -0.071342 -0.0713421 -0.0712554
1.445 -0.0196258 -0.0196258 -0.0196258 -0.0196258 -0.0196154 -0.0194097 -0.0194077 -0.0196111 -0.0622716 -0.0625048 -0.0625061 -0.0622741 0.000862616 0.000898255 0.000898436 0.00086302
1.465 -0.0155453 -0.0155453 -0.0155453 -0.0155453 0.0290255 0.0295211 0.0295219 0.0290273 -0.0501814 -0.0505905 -0.0505903 -0.0501809 0.0277422 0.0278123 0.0278123 0.0277422
1.485 -0.011936 -0.011936 -0.011936 -0.011936 0.00156396 0.00141278 0.00141258 0.00156355 0.0479445 0.0481293 0.0481296 0.047945 0.00407144 0.00403739 0.00403753 0.00407173
1.505 -0.00938925 -0.00938925 -0.00938925 -0.00938925 -0.00324539 -0.00359917 -0.00359942 -0.0032459 0.0901171 0.0904869 0.0904871 0.0901171 0.0143851 0.0143127 0.0143126 0.0143849
1.525 0.00147661 0.00147661 0.00147661 0.00147661 0.0428344 0.04303 0.0430299 0.0428342 0.0410336 0.0409004 0.0409003 0.0410335 0.0757715 0.0757828 0.0757828 0.0757717
1.545 0.00025721 0.00025721 0.00025721 0.00025721 0.0528655 0.0532605 0.0532605 0.0528655 0.0205523 0.0202141 0.0202141 0.0205523 0.111909 0.111948 0.111948 0.111909
1.565 0.0646319 0.0646319 0.0646319 0.0646319 0.0121327 0.011789 0.011789 0.0121328 0.0689156 0.0690759 0.069076 0.0689159 0.090606 0.0905577 0.0905575 0.0906057
1.585 -0.0190565 -0.0190565 -0.0190565 -0.0190565 0.027397 0.0273448 0.0273448 0.0273969 0.0911605 0.0913037 0.0913037 0.0911603 0.0626336 0.0625939 0.0625938 0.0626335
1.605 0.0264159 0.0264159 0.0264159 0.0264159 0.0587786 0.0588717 0.0588717 0.0587786 0.0636556 0.0636375 0.0636374 0.0636555 0.0571531 0.0571546 0.0571547 0.0571532
1.625 0.166992 0.166992 0.166992 0.166992 0.0782127 0.078056 0.078056 0.0782128 0.0336365 0.0336066 0.0336066 0.0336365 0.054752 0.0547705 0.0547705 0.054752
1.645 0.166181 0.166181 0.166181 0.166181 0.121348 0.121447 0.121446 0.121348 0.0381102 0.0379779 0.037978 0.0381103 0.0355979 0.0356505 0.0356506 0.035598
1.665 0.136516 0.136516 0.136516 0.136516 0.146098 0.146226 0.14623 0.146104 0.0846195 0.0846149 0.0846136 0.0846153 0.0138209 0.0138608 0.0138608 0.0138211
1.685 0.105697 0.105697 0.105697 0.105697 0.130542 0.130531 0.130529 0.130538 0.1251 0.125249 0.125249 0.1251 0.0331887 0.0331898 0.0331902 0.0331895
1.705 0.0638614 0.0638614 0.0638614 0.0638614 0.102116 0.102183 0.102222 0.102176 0.119454 0.119474 0.119478 0.119464 0.107531 0.107524 0.107522 0.107527
1.725 -0.00475139 -0.00475139 -0.00475139 -0.00475139 0.0520734 0.0522312 0.0522407 0.052096 0.102828 0.102719 0.102771 0.102932 0.186815 0.186804 0.186842 0.186882
1.745 -0.00473477 -0.00473477 -0.00473477 -0.00473477 -0.00418168 -0.00437703 -0.004385 -0.00419386 0.106328 0.106357 0.106371 0.106356 0.21643 0.216368 0.21638 0.216455
1.765 -0.00464428 -0.00464428 -0.00464428 -0.00464428 0.00177944 0.00158274 0.00157583 0.00176969 0.105602 0.105661 0.105656 0.105591 0.186787 0.18672 0.18672 0.186788
1.785 0.00302793 0.00302793 0.00302793 0.00302793 0.05662 0.0567331 0.0567328 0.0566194 0.0906455 0.090598 0.0905929 0.0906328 0.116225 0.116209 0.116206 0.116217
1.805 0.0156252 0.0156252 0.0156252 0.0156252 0.0864936 0.0867369 0.0867385 0.0864966 0.0741082 0.0740685 0.0740677 0.0741067 0.0345875 0.0346041 0.0346023 0.0345838
1.825 -0.0381328 -0.0381328 -0.0381328 -0.0381328 0.0555914 0.0558668 0.0558675 0.0555929 0.0472055 0.0472085 0.0472096 0.047208 -0.0218102 -0.0217936 -0.0217938 -0.0218106
1.845 -0.136702 -0.136702 -0.136702 -0.136702 -0.0446514 -0.0444783 -0.0444784 -0.0446511 -0.00714143 -0.00711179 -0.00711114 -0.00714005 -0.0363984 -0.0364126 -0.0364124 -0.0363981
1.865 -0.148223 -0.148223 -0.148223 -0.148223 -0.180783 -0.180996 -0.180967 -0.180677 -0.0931844 -0.0930958 -0.0932073 -0.0931745 -0.0324595 -0.0325233 -0.0325262 -0.0324586
1.885 -0.00261792 -0.00261792 -0.00261792 -0.00261792 -0.22163 -0.222263 -0.222173 -0.221468 -0.197553 -0.197488 -0.197496 -0.19752 -0.0628874 -0.0629407 -0.0629436 -0.062905
1.905 0.0209195 0.0209195 0.0209195 0.0209195 -0.117508 -0.117541 -0.117537 -0.117493 -0.249326 -0.249584 -0.249503 -0.249224 -0.175558 -0.175551 -0.175587 -0.175664
1.925 0.093696 0.093696 0.093696 0.093696 0.0036022 0.00370979 0.00369022 0.00356565 -0.196254 -0.196288 -0.196263 -0.196188 -0.337788 -0.337684 -0.337665 -0.337785
1.945 0.0820094 0.0820094 0.0820094 0.0820094 0.0715492 0.0717191 0.0717269 0.0715496 -0.117667 -0.117437 -0.117434 -0.117633 -0.420301 -0.420154 -0.420145 -0.420246
1.965 0.0471167 0.0471167 0.0471167 0.0471167 0.0468634 0.0470533 0.0470612 0.0468766 -0.0990635 -0.0989315 -0.0989224 -0.0990552 -0.329159 -0.329058 -0.329036 -0.329119
1.985 0.120506 0.120506 0.120506 0.120506 -0.0327097 -0.0329715 -0.0329684 -0.032702 -0.121189 -0.121212 -0.121212 -0.121189 -0.113447 -0.113409 -0.113407 -0.113444
2.005 0.0802105 0.0802105 0.0802105 0.0802105 -0.0607502 -0.060935 -0.0609356 -0.0607514 -0.0920442 -0.092305 -0.0923069 -0.0920497 0.0828686 0.0828804 0.0828792 0.0828671
2.025 0.120968 0.120968 0.120968 0.120968 -0.00427117 -0.00469796 -0.00469817 -0.00427102 0.0399503 0.0399519 0.039951 0.0399508 0.167676 0.167632 0.16763 0.167671
2.045 0.177901 0.177901 0.177901 0.177901 0.157263 0.157014 0.156846 0.157125 0.203561 0.20369 0.203618 0.203366 0.181524 0.18148 0.181467 0.18149
2.065 0.183547 0.183547 0.183547 0.183547 0.354162 0.354643 0.35454 0.353974 0.325023 0.324943 0.324935 0.324947 0.216433 0.216469 0.216498 0.21639
2.085 0.0782855 0.0782855 0.0782855 0.0782855 0.401679 0.402644 0.402643 0.40168 0.416065 0.415893 0.415913 0.416109 0.317263 0.317295 0.317272 0.317225
2.105 0.0352599 0.0352599 0.0352599 0.0352599 0.243657 0.243746 0.243788 0.243783 0.462259 0.462454 0.46248 0.462287 0.478491 0.478373 0.478388 0.478516
2.125 -0.0881545 -0.0881545 -0.0881545 -0.0881545 0.0605249 0.0602598 0.0602482 0.0604528 0.407288 0.407435 0.407458 0.407381 0.639982 0.639773 0.639771 0.639991
2.145 -0.0784179 -0.0784179 -0.0784179 -0.0784179 -0.0241971 -0.0245212 -0.0245473 -0.0242183 0.294853 0.294714 0.294663 0.294778 0.677122 0.676936 0.676943 0.677131
2.165 -0.0295146 -0.0295146 -0.0295146 -0.0295146 0.0180391 0.0179527 0.0179564 0.0180509 0.216428 0.216223 0.216214 0.216418 0.501452 0.501347 0.501352 0.501456
2.185 0.073452 0.073452 0.073452 0.073452 0.129289 0.129314 0.12932 0.129299 0.180774 0.180842 0.180849 0.180787 0.172632 0.17261 0.172617 0.172652
2.205 -0.0397322 -0.0397322 -0.0397322 -0.0397322 0.202989 0.203834 0.203831 0.202988 0.113568 0.113553 0.113563 0.113571 -0.137592 -0.137505 -0.137502 -0.137586
2.225 -0.0517594 -0.0517594 -0.0517594 -0.0517594 0.0758905 0.0763378 0.0763365 0.0758928 -0.0279611 -0.0278115 -0.0278147 -0.0279566 -0.294976 -0.294901 -0.294901 -0.294976
2.245 -0.033592 -0.033592 -0.033592 -0.033592 -0.17779 -0.178631 -0.178701 -0.178434 -0.246123 -0.246024 -0.246041 -0.246205 -0.299845 -0.299829 -0.299836 -0.299861
2.265 0.0188872 0.0188872 0.0188872 0.0188872 -0.351309 -0.352199 -0.352229 -0.351359 -0.457052 -0.45708 -0.457107 -0.45696 -0.285919 -0.285888 -0.285873 -0.285896
2.285 -0.0436003 -0.0436003 -0.0436003 -0.0436003 -0.342405 -0.342581 -0.34249 -0.342102 -0.530816 -0.531176 -0.531227 -0.530861 -0.389409 -0.389304 -0.389345 -0.389442
2.305 0.0356565 0.0356565 0.0356565 0.0356565 -0.224264 -0.224677 -0.224611 -0.224124 -0.44557 -0.445436 -0.445435 -0.445633 -0.586876 -0.586802 -0.586704 -0.586758
2.325 -0.152874 -0.152874 -0.152874 -0.152874 -0.0845587 -0.083991 -0.0839508 -0.0845067 -0.331618 -0.331448 -0.331425 -0.331527 -0.7041 -0.703913 -0.703892 -0.704023
2.345 -0.0912964 -0.0912964 -0.0912964 -0.0912964 -0.0906382 -0.0904309 -0.0904329 -0.0906426 -0.282958 -0.282719 -0.28269 -0.282911 -0.606946 -0.606811 -0.606793 -0.606902
2.365 0.0248491 0.0248491 0.0248491 0.0248491 -0.176197 -0.176586 -0.176592 -0.17621 -0.299551 -0.299499 -0.299495 -0.299537 -0.331543 -0.331501 -0.331509 -0.331567
2.385 0.0339073 0.0339073 0.0339073 0.0339073 -0.198647 -0.198993 -0.198997 -0.198656 -0.267105 -0.267413 -0.267419 -0.267116 -0.0564365 -0.0564109 -0.0564141 -0.0564422
2.405 0.122004 0.122004 0.122004 0.122004 -0.0881164 -0.0886462 -0.0886493 -0.0881175 -0.0957288 -0.0958332 -0.0958283 -0.0957386 0.0805839 0.0805659 0.0805618 0.0805754
2.425 0.0436761 0.0436761 0.0436761 0.0436761 0.131359 0.131602 0.13159 0.131416 0.159734 0.159799 0.159797 0.159747 0.114116 0.114106 0.114107 0.114118
2.445 0.198779 0.198779 0.198779 0.198779 0.320177 0.32026 0.320284 0.32023 0.370249 0.370598 0.370603 0.370258 0.185558 0.185528 0.185526 0.185555
2.465 0.215733 0.215733 0.215733 0.215733 0.449474 0.45012 0.45017 0.449829 0.460484 0.460361 0.460353 0.460371 0.374409 0.374437 0.374436 0.374424
2.485 0.145573 0.145573 0.145573 0.145573 0.408156 0.408771 0.40935 0.408665 0.517762 0.517461 0.517257 0.517347 0.611641 0.611586 0.611597 0.611619
2.505 0.158739 0.158739 0.158739 0.158739 0.2543 0.253967 0.254075 0.25452 0.578351 0.578597 0.578739 0.57853 0.794135 0.793982 0.793998 0.794373
2.525 0.2851 0.2851 0.2851 0.2851 0.232028 0.231115 0.231058 0.23198 0.57595 0.576379 0.57648 0.576341 0.864985 0.86472 0.864762 0.865008
2.545 0.248344 0.248344 0.248344 0.248344 0.409993 0.410438 0.410345 0.409862 0.539404 0.539015 0.539091 0.539555 0.78193 0.781863 0.781839 0.781871
2.565 -0.0447045 -0.0447045 -0.0447045 -0.0447045 0.498853 0.500519 0.500521 0.498809 0.575936 0.575393 0.575367 0.575862 0.564855 0.564888 0.564879 0.564836
2.585 -0.250767 -0.250767 -0.250767 -0.250767 0.2581 0.258666 0.258685 0.258139 0.583347 0.583871 0.583847 0.583299 0.371477 0.371305 0.371294 0.371452
2.605 -0.282546 -0.282546 -0.282546 -0.282546 -0.120125 -0.120852 -0.120849 -0.12012 0.313055 0.313812 0.313809 0.31305 0.332754 0.332474 0.332478 0.332765
2.625 -0.202377 -0.202377 -0.202377 -0.202377 -0.352456 -0.352975 -0.352981 -0.352435 -0.1688 -0.16916 -0.169152 -0.168785 0.298455 0.298336 0.298336 0.298456
2.645 0.0295125 0.0295125 0.0295125 0.0295125 -0.37887 -0.379394 -0.379469 -0.378855 -0.493457 -0.494173 -0.49416 -0.493488 -0.0203409 -0.0202873 -0.0202843 -0.0203365
2.665 0.140096 0.140096 0.140096 0.140096 -0.216482 -0.21774 -0.217737 -0.217769 -0.521022 -0.520936 -0.520995 -0.520996 -0.627538 -0.627415 -0.627405 -0.627579
2.685 0.121333 0.121333 0.121333 0.121333 0.00340803 0.00330882 0.00358524 0.00338593 -0.469469 -0.468629 -0.467935 -0.468089 -1.16731 -1.16701 -1.16667 -1.16682
2.705 0.0770143 0.0770143 0.0770143 0.0770143 0.05728 0.0587039 0.0587719 0.0580828 -0.543079 -0.542568 -0.542283 -0.542232 -1.30182 -1.3014 -1.30129 -1.30156
2.725 -0.0329487 -0.0329487 -0.0329487 -0.0329487 -0.186862 -0.186337 -0.186172 -0.18671 -0.68331 -0.683553 -0.683544 -0.683291 -1.02243 -1.02213 -1.02211 -1.0224
2.745 -0.111878 -0.111878 -0.111878 -0.111878 -0.567405 -0.568306 -0.568261 -0.567367 -0.730241 -0.73042 -0.730513 -0.730487 -0.587859 -0.587809 -0.587839 -0.587908
2.765 -0.107249 -0.107249 -0.107249 -0.107249 -0.6967 -0.698503 -0.698558 -0.696752 -0.636063 -0.635956 -0.635998 -0.636155 -0.265571 -0.265684 -0.265682 -0.265572
2.785 -0.0893804 -0.0893804 -0.0893804 -0.0893804 -0.395838 -0.396566 -0.396568 -0.395846 -0.411383 -0.411523 -0.411507 -0.411342 -0.168767 -0.168791 -0.168796 -0.168778
2.805 -0.00310163 -0.00310163 -0.00310163 -0.00310163 0.0938377 0.0945022 0.0944901 0.0938979 -0.0691387 -0.069335 -0.0693205 -0.0691105 -0.212599 -0.212474 -0.212469 -0.212589
2.825 0.0403024 0.0403024 0.0403024 0.0403024 0.406411 0.407766 0.407743 0.406569 0.285145 0.285351 0.285396 0.285127 -0.166086 -0.165977 -0.165977 -0.166088
2.845 0.142518 0.142518 0.142518 0.142518 0.42192 0.422086 0.422315 0.421845 0.476803 0.477321 0.477303 0.47684 0.153427 0.153413 0.153415 0.15343
2.865 0.0653682 0.0653682 0.0653682 0.0653682 0.280582 0.281074 0.281304 0.280828 0.485315 0.485191 0.484967 0.485263 0.663335 0.663246 0.663276 0.663351
2.885 -0.0707172 -0.0707172 -0.0707172 -0.0707172 0.0912717 0.0913754 0.0912555 0.0909288 0.499946 0.499158 0.498894 0.499044 1.06151 1.06128 1.06104 1.06135
2.905 0.0451701 0.0451701 0.0451701 0.0451701 0.0310102 0.0300751 0.0304347 0.0315492 0.593627 0.593804 0.593597 0.593534 1.13914 1.13869 1.13861 1.13899
2.925 0.110106 0.110106 0.110106 0.110106 0.270596 0.270375 0.270455 0.270899 0.661081 0.661261 0.661373 0.661296 0.928805 0.928551 0.928546 0.928753
2.945 0.0961059 0.0961059 0.0961059 0.0961059 0.581175 0.582451 0.582411 0.581124 0.663659 0.66338 0.663443 0.66374 0.593391 0.59343 0.593455 0.593455
2.965 0.0261453 0.0261453 0.0261453 0.0261453 0.583307 0.584765 0.58471 0.583167 0.609496 0.609454 0.609462 0.609517 0.3182 0.318246 0.318239 0.318185
2.985 -0.122631 -0.122631 -0.122631 -0.122631 0.214193 0.214562 0.214546 0.214169 0.412753 0.413159 0.413146 0.412731 0.227248 0.227154 0.227166 0.227274
3.005 0.0233179 0.0233179 0.0233179 0.0233179 -0.226396 -0.227807 -0.227758 -0.226392 0.0231328 0.0235513 0.0235523 0.0231377 0.25504 0.254831 0.25482 0.255016
3.025 0.131836 0.131836 0.131836 0.131836 -0.341947 -0.342868 -0.342769 -0.342113 -0.38171 -0.382363 -0.382347 -0.381693 0.142423 0.14242 0.142428 0.142444
3.045 0.117608 0.117608 0.117608 0.117608 -0.188797 -0.188717 -0.188507 -0.188767 -0.496143 -0.496841 -0.496851 -0.496142 -0.296301 -0.296122 -0.296116 -0.296301
3.065 0.0565253 0.0565253 0.0565253 0.0565253 -0.0228378 -0.0226982 -0.0226716 -0.0228052 -0.357939 -0.357858 -0.357857 -0.358265 -0.859598 -0.859248 -0.859287 -0.859503
3.085 0.0420004 0.0420004 0.0420004 0.0420004 0.035883 0.03597 0.0359171 0.035735 -0.326432 -0.325644 -0.325614 -0.326489 -1.11955 -1.11932 -1.11925 -1.11948
3.105 0.00682725 0.00682725 0.00682725 0.00682725 -0.0812327 -0.0807204 -0.0808126 -0.081376 -0.517169 -0.517182 -0.517173 -0.517071 -0.922264 -0.921977 -0.921942 -0.922204
3.125 0.0957774 0.0957774 0.0957774 0.0957774 -0.342612 -0.342973 -0.342974 -0.342597 -0.672498 -0.672992 -0.672962 -0.672452 -0.527127 -0.526948 -0.526949 -0.527117
3.145 0.268615 0.268615 0.268615 0.268615 -0.459418 -0.461222 -0.461211 -0.459385 -0.584563 -0.584581 -0.584585 -0.584566 -0.258942 -0.258949 -0.25895 -0.258946
3.165 0.206412 0.206412 0.206412 0.206412 -0.171285 -0.172093 -0.172084 -0.171284 -0.295416 -0.295423 -0.295427 -0.295425 -0.199006 -0.198973 -0.198976 -0.199013
3.185 0.329229 0.329229 0.329229 0.329229 0.317885 0.318244 0.318235 0.3179 0.0828655 0.0829231 0.0829237 0.0828651 -0.195692 -0.195547 -0.195548 -0.195695
3.205 0.220504 0.220504 0.220504 0.220504 0.653322 0.655074 0.654929 0.653265 0.438527 0.438313 0.438347 0.438485 -0.0276104 -0.0274243 -0.0274246 -0.0276139
3.225 0.211857 0.211857 0.211857 0.211857 0.587547 0.588331 0.588305 0.587434 0.682367 0.682746 0.682814 0.682564 0.412579 0.412544 0.412556 0.412584
3.245 0.341994 0.341994 0.341994 0.341994 0.358913 0.357647 0.357649 0.356582 0.746791 0.747215 0.747215 0.747051 1.01288 1.0126 1.01258 1.01279
3.265 0.226382 0.226382 0.226382 0.226382 0.310473 0.310523 0.310284 0.310741 0.749622 0.749322 0.750158 0.751146 1.4567 1.45667 1.45676 1.45751
3.285 0.189239 0.189239 0.189239 0.189239 0.418622 0.418754 0.419038 0.419397 0.90005 0.899749 0.899942 0.900422 1.49456 1.49425 1.49431 1.49449
3.305 0.0216789 0.0216789 0.0216789 0.0216789 0.591754 0.592575 0.592683 0.592311 1.1067 1.10685 1.10679 1.10652 1.21564 1.21539 1.21536 1.21559
3.325 0.00592383 0.00592383 0.00592383 0.00592383 0.654458 0.655207 0.655357 0.654595 1.10209 1.1026 1.10251 1.10189 0.923469 0.923229 0.923192 0.923406
3.345 -0.0224821 -0.0224821 -0.0224821 -0.0224821 0.518967 0.52005 0.520044 0.518973 0.789323 0.78925 0.789213 0.789243 0.77515 0.775054 0.775074 0.77519
3.365 -0.0471055 -0.0471055 -0.0471055 -0.0471055 0.160424 0.160862 0.160844 0.16042 0.361849 0.361463 0.361483 0.361893 0.645513 0.645418 0.645412 0.645497
3.385 -0.167675 -0.167675 -0.167675 -0.167675 -0.244719 -0.245041 -0.245129 -0.244605 -0.00483219 -0.00493518 -0.00494645 -0.00484954 0.349363 0.349217 0.349234 0.349398
3.405 -0.193815 -0.193815 -0.193815 -0.193815 -0.45075 -0.451842 -0.451491 -0.451357 -0.323228 -0.322918 -0.322865 -0.323407 -0.144627 -0.14475 -0.144756 -0.144644
3.425 -0.331917 -0.331917 -0.331917 -0.331917 -0.430894 -0.430844 -0.430145 -0.430133 -0.630515 -0.63034 -0.630756 -0.630578 -0.731779 -0.731679 -0.731631 -0.731711
3.445 -0.360256 -0.360256 -0.360256 -0.360256 -0.448278 -0.445744 -0.446814 -0.447078 -0.881271 -0.883239 -0.883614 -0.884638 -1.26204 -1.26178 -1.26183 -1.26222
3.465 -0.316357 -0.316357 -0.316357 -0.316357 -0.629183 -0.629612 -0.63023 -0.63104 -1.10194 -1.10266 -1.10238 -1.10253 -1.5836 -1.58318 -1.58275 -1.58283
3.485 -0.0229735 -0.0229735 -0.0229735 -0.0229735 -0.805459 -0.807008 -0.807481 -0.806524 -1.3384 -1.33759 -1.33721 -1.33718 -1.64684 -1.64655 -1.64645 -1.6466
3.505 0.279226 0.279226 0.279226 0.279226 -0.707549 -0.708812 -0.708843 -0.707326 -1.47979 -1.48018 -1.48005 -1.47969 -1.56999 -1.56956 -1.56949 -1.56984
3.525 0.311525 0.311525 0.311525 0.311525 -0.385176 -0.385228 -0.384609 -0.38443 -1.28236 -1.28301 -1.28296 -1.2823 -1.49801 -1.49755 -1.49762 -1.49817
3.545 0.292083 0.292083 0.292083 0.292083 -0.0829709 -0.0828835 -0.0827437 -0.082576 -0.746831 -0.746626 -0.746675 -0.746922 -1.34822 -1.34785 -1.34785 -1.34822
3.565 0.136739 0.136739 0.136739 0.136739 0.121548 0.12178 0.121722 0.121548 -0.202926 -0.202275 -0.202301 -0.202956 -0.866862 -0.866695 -0.866715 -0.866913
3.585 -0.0757087 -0.0757087 -0.0757087 -0.0757087 0.174249 0.175092 0.175373 0.17384 0.160168 0.160114 0.160032 0.160321 -0.00911855 -0.00906832 -0.00905692 -0.00909698
3.605 -0.133481 -0.133481 -0.133481 -0.133481 0.0704112 0.0710472 0.0692853 0.0690197 0.460416 0.460115 0.459918 0.460161 0.930737 0.93055 0.930575 0.930816
3.625 -0.0458243 -0.0458243 -0.0458243 -0.0458243 0.0501466 0.0484477 0.047869 0.0487965 0.809258 0.809259 0.809268 0.808938 1.5941 1.59358 1.59363 1.59401
3.645 -0.243498 -0.243498 -0.243498 -0.243498 0.325353 0.326894 0.325931 0.32897 1.15761 1.15743 1.15865 1.15962 1.82617 1.82597 1.82632 1.82682
3.665 -0.605299 -0.605299 -0.605299 -0.605299 0.607998 0.610745 0.610937 0.608649 1.43096 1.43071 1.43096 1.43127 1.72168 1.72143 1.72153 1.72206
3.685 -1.13574 -1.13574 -1.13574 -1.13574 0.459866 0.462379 0.461562 0.458938 1.46388 1.464 1.46388 1.46359 1.51306 1.51259 1.51259 1.51304
3.705 -1.24977 -1.24977 -1.24977 -1.24977 -0.204045 -0.203955 -0.204315 -0.204682 1.04038 1.04122 1.04113 1.04019 1.35015 1.34946 1.34949 1.3502
3.725 -0.974956 -0.974956 -0.974956 -0.974956 -0.860545 -0.86199 -0.86183 -0.860082 0.153933 0.154263 0.154289 0.154002 1.07055 1.06988 1.06983 1.07044
3.745 -0.33162 -0.33162 -0.33162 -0.33162 -1.00143 -1.00291 -1.00252 -1.00291 -0.776358 -0.776925 -0.776972 -0.775689 0.283135 0.282941 0.282969 0.283187
3.765 0.0734983 0.0734983 0.0734983 0.0734983 -0.620861 -0.619894 -0.620507 -0.620182 -1.27819 -1.27969 -1.27963 -1.27927 -1.12788 -1.12741 -1.12746 -1.12758
3.785 0.436028 0.436028 0.436028 0.436028 -0.160914 -0.161731 -0.167182 -0.16878 -1.38243 -1.37932 -1.38222 -1.38092 -2.6308 -2.62911 -2.62963 -2.63007
3.805 0.549074 0.549074 0.549074 0.549074 0.0428215 0.0438193 0.0410171 0.0401768 -1.52667 -1.52551 -1.52612 -1.52779 -3.41674 -3.41579 -3.41593 -3.417
3.825 0.650344 0.650344 0.650344 0.650344 -0.186446 -0.185099 -0.184283 -0.18427 -1.84162 -1.84288 -1.84359 -1.84483 -3.16462 -3.1638 -3.16448 -3.1656
3.845 0.3893 0.3893 0.3893 0.3893 -0.7263 -0.726282 -0.724858 -0.723769 -1.96767 -1.96821 -1.96827 -1.96729 -2.2553 -2.25466 -2.25471 -2.25545
3.865 0.469041 0.469041 0.469041 0.469041 -1.10007 -1.10371 -1.10348 -1.09981 -1.61257 -1.61213 -1.6118 -1.61174 -1.28891 -1.28879 -1.28882 -1.28897
3.885 0.584599 0.584599 0.584599 0.584599 -0.647592 -0.651017 -0.652301 -0.64765 -0.897768 -0.897202 -0.897169 -0.897503 -0.569323 -0.569283 -0.569262 -0.569099
3.905 0.388519 0.388519 0.388519 0.388519 0.458468 0.464666 0.45277 0.456727 0.057913 0.0573556 0.0565463 0.0581373 -0.0622535 -0.0620047 -0.0619827 -0.0623332
3.925 -0.302846 -0.302846 -0.302846 -0.302846 1.17732 1.19292 1.19159 1.17688 1.16658 1.16616 1.16536 1.16587 0.509721 0.5098 0.509894 0.509917
3.945 -0.761906 -0.761906 -0.761906 -0.761906 0.903283 0.903316 0.8984 0.887286 1.98349 1.98478 1.98647 1.98092 1.50077 1.49902 1.49911 1.4996
3.965 -0.365001 -0.365001 -0.365001 -0.365001 0.210522 0.210762 0.209701 0.213381 1.99951 2.00414 2.00387 2.0014 2.83296 2.83262 2.83347 2.83587
3.985 0.53772 0.53772 0.53772 0.53772 0.182585 0.181057 0.183293 0.187558 1.5383 1.5394 1.54039 1.54234 3.73224 3.73166 3.73193 3.73296
4.005 0.774522 0.774522 0.774522 0.774522 0.99159 0.993235 0.994102 0.993322 1.53418 1.53152 1.53034 1.53359 3.36611 3.36592 3.36538 3.36567
4.025 0.65172 0.65172 0.65172 0.65172 1.79903 1.80144 1.8009 1.79843 2.21287 2.21233 2.21163 2.21133 1.96426 1.96388 1.96353 1.96345
4.045 0.142288 0.142288 0.142288 0.142288 1.9816 1.98421 1.98363 1.98049 2.53312 2.53554 2.53544 2.53293 0.818556 0.818306 0.818294 0.818492
4.065 -0.125497 -0.125497 -0.125497 -0.125497 1.28063 1.28321 1.28315 1.28054 1.70564 1.70685 1.70701 1.7058 0.779574 0.779417 0.779406 0.779539
4.085 -0.0746344 -0.0746344 -0.0746344 -0.0746344 -0.0730174 -0.0726184 -0.0725493 -0.0721865 0.268568 0.267291 0.267377 0.268848 1.28387 1.28369 1.28371 1.28389
4.105 0.295565 0.295565 0.295565 0.295565 -1.1924 -1.20084 -1.20049 -1.19199 -0.766653 -0.766931 -0.7665 -0.765327 1.13359 1.13316 1.13315 1.1335
4.125 0.618934 0.618934 0.618934 0.618934 -1.07535 -1.07717 -1.07729 -1.07193 -1.0963 -1.09696 -1.09519 -1.09683 -0.15206 -0.151944 -0.151915 -0.151765
4.145 0.397945 0.397945 0.397945 0.397945 0.0826911 0.0816481 0.084661 0.0828475 -1.02151 -1.02081 -1.02006 -1.01804 -1.96696 -1.96655 -1.96594 -1.96931
4.165 0.184116 0.184116 0.184116 0.184116 0.804582 0.809626 0.809717 0.806384 -0.877318 -0.877216 -0.878701 -0.878512 -3.2215 -3.22004 -3.22061 -3.22191
4.185 -0.146888 -0.146888 -0.146888 -0.146888 0.205838 0.20864 0.207699 0.206214 -1.03516 -1.03421 -1.03433 -1.03461 -3.13643 -3.13577 -3.13573 -3.13645
4.205 -0.382629 -0.382629 -0.382629 -0.382629 -1.17352 -1.17548 -1.17608 -1.17475 -1.60512 -1.60462 -1.60418 -1.60454 -1.88992 -1.88976 -1.88968 -1.88976
4.225 -0.486726 -0.486726 -0.486726 -0.486726 -2.14481 -2.14908 -2.14945 -2.14552 -2.10019 -2.10094 -2.10077 -2.09975 -0.57126 -0.571424 -0.571382 -0.571189
4.245 -0.549928 -0.549928 -0.549928 -0.549928 -1.97345 -1.97682 -1.97695 -1.97357 -1.86645 -1.86783 -1.86778 -1.86644 -0.226516 -0.226689 -0.226672 -0.22644
4.265 -0.0769839 -0.0769839 -0.0769839 -0.0769839 -0.791052 -0.79308 -0.793025 -0.790865 -0.916299 -0.915829 -0.915832 -0.916351 -0.851057 -0.851098 -0.851136 -0.851145
4.285 0.408857 0.408857 0.408857 0.408857 0.770222 0.772278 0.77225 0.770605 0.057212 0.0581968 0.0581639 0.0570686 -1.46413 -1.46368 -1.46374 -1.46421
4.305 0.712614 0.712614 0.712614 0.712614 1.67636 1.68256 1.67973 1.674 0.617983 0.618166 0.618733 0.619 -1.1615 -1.16077 -1.16082 -1.16161
4.325 0.462011 0.462011 0.462011 0.462011 1.33019 1.33304 1.33186 1.32968 0.885433 0.882318 0.884284 0.88584 0.142303 0.142595 0.142611 0.142255
4.345 -0.02571 -0.02571 -0.02571 -0.02571 0.188017 0.186196 0.187574 0.186622 1.06057 1.06104 1.06335 1.06792 1.8254 1.8235 1.82355 1.82338
4.365 -0.447605 -0.447605 -0.447605 -0.447605 -0.584503 -0.583813 -0.587806 -0.583487 1.1787 1.17781 1.17695 1.17593 3.05734 3.05621 3.05589 3.05723
4.385 -0.49229 -0.49229 -0.49229 -0.49229 -0.305809 -0.307281 -0.307205 -0.305526 1.31398 1.31428 1.31328 1.31354 3.24283 3.24188 3.24196 3.24304
4.405 -0.376425 -0.376425 -0.376425 -0.376425 0.64261 0.644231 0.64472 0.642947 1.59319 1.59262 1.59291 1.5936 2.38222 2.38184 2.38195 2.38243
4.425 -0.397066 -0.397066 -0.397066 -0.397066 1.31138 1.31514 1.31519 1.31148 1.80673 1.80718 1.80738 1.80721 1.1573 1.1572 1.15721 1.15736
4.445 -0.659026 -0.659026 -0.659026 -0.659026 1.0387 1.04194 1.04193 1.0385 1.47209 1.47306 1.47299 1.47213 0.405308 0.40503 0.405096 0.405211
4.465 -0.856005 -0.856005 -0.856005 -0.856005 -0.108007 -0.106549 -0.106402 -0.107443 0.421891 0.422768 0.422934 0.422314 0.329341 0.32906 0.329023 0.329275
4.485 -0.897212 -0.897212 -0.897212 -0.897212 -1.40824 -1.4054 -1.39797 -1.42532 -0.896255 -0.898657 -0.898445 -0.896886 0.303168 0.302814 0.302963 0.303642
4.505 -0.631578 -0.631578 -0.631578 -0.631578 -2.0541 -2.05421 -2.05755 -2.05129 -1.85697 -1.8576 -1.85786 -1.85729 -0.452258 -0.45277 -0.452879 -0.45273
4.525 -0.260876 -0.260876 -0.260876 -0.260876 -1.62209 -1.62923 -1.62683 -1.62726 -2.25812 -2.25477 -2.25631 -2.25369 -2.04055 -2.03996 -2.03983 -2.04018
4.545 -0.446314 -0.446314 -0.446314 -0.446314 -0.729288 -0.721014 -0.717239 -0.710107 -2.25427 -2.25929 -2.26309 -2.26605 -3.74988 -3.75107 -3.75213 -3.75458
4.565 -0.574539 -0.574539 -0.574539 -0.574539 -0.474085 -0.468668 -0.463927 -0.463309 -2.24357 -2.24187 -2.24559 -2.24591 -4.60784 -4.60645 -4.60633 -4.60726
4.585 -0.449657 -0.449657 -0.449657 -0.449657 -1.12538 -1.12678 -1.12596 -1.12788 -2.52068 -2.51904 -2.52052 -2.5225 -4.14853 -4.14713 -4.14735 -4.14761
4.605 -0.330719 -0.330719 -0.330719 -0.330719 -1.99006 -1.99349 -1.99492 -1.99357 -2.91669 -2.91672 -2.91646 -2.91617 -2.83979 -2.83926 -2.83895 -2.83932
4.625 -0.0870286 -0.0870286 -0.0870286 -0.0870286 -2.16528 -2.16931 -2.16987 -2.16617 -2.81858 -2.81958 -2.81907 -2.81763 -1.70081 -1.70058 -1.70066 -1.70092
4.645 -0.433578 -0.433578 -0.433578 -0.433578 -1.35573 -1.35677 -1.35647 -1.35525 -1.8622 -1.86332 -1.8633 -1.8621 -1.30582 -1.30557 -1.30553 -1.30574
4.665 -0.933074 -0.933074 -0.933074 -0.933074 -0.270592 -0.26743 -0.267546 -0.268938 -0.4115 -0.410829 -0.411152 -0.411661 -1.24727 -1.24722 -1.24735 -1.24757
4.685 -1.30175 -1.30175 -1.30175 -1.30175 0.27313 0.280097 0.282718 0.271864 0.658406 0.661332 0.660644 0.657377 -0.645034 -0.6452 -0.645164 -0.644762
4.705 -1.46324 -1.46324 -1.46324 -1.46324 -0.00750382 0.00767511 0.00421724 0.00592649 0.889951 0.891802 0.889551 0.888997 0.770567 0.769702 0.770064 0.771032
4.725 -0.967146 -0.967146 -0.967146 -0.967146 -0.703405 -0.707618 -0.70669 -0.710901 0.674968 0.674568 0.676821 0.67257 2.27018 2.27355 2.27034 2.27063
4.745 -0.173111 -0.173111 -0.173111 -0.173111 -0.811193 -0.814496 -0.81612 -0.813849 0.593351 0.590747 0.591029 0.593086 2.84751 2.84655 2.84626 2.846
4.765 0.486394 0.486394 0.486394 0.486394 0.223048 0.221429 0.221108 0.222365 0.907107 0.90606 0.906224 0.907665 2.14628 2.14558 2.14551 2.14595
4.785 0.794668 0.794668 0.794668 0.794668 1.68834 1.69143 1.69222 1.68956 1.47705 1.47696 1.47693 1.47711 0.788812 0.789072 0.789164 0.789028
4.805 0.78489 0.78489 0.78489 0.78489 2.35897 2.36413 2.36458 2.36013 1.82027 1.82107 1.82097 1.82009 -0.0993561 -0.0988115 -0.0987797 -0.0992608
4.825 0.360528 0.360528 0.360528 0.360528 1.64776 1.65128 1.65126 1.64785 1.51453 1.51531 1.51524 1.51435 0.166129 0.16637 0.16642 0.16624
4.845 0.773943 0.773943 0.773943 0.773943 0.168229 0.165317 0.165217 0.167992 0.639104 0.639769 0.639779 0.639139 1.20352 1.20332 1.20326 1.2036
4.865 1.20248 1.20248 1.20248 1.20248 -0.570062 -0.575383 -0.576027 -0.570644 -0.188056 -0.189189 -0.189294 -0.188273 1.85982 1.85935 1.85942 1.85984
4.885 1.61934 1.61934 1.61934 1.61934 0.0921237 0.0890513 0.0889502 0.0917057 -0.199614 -0.201376 -0.201401 -0.199676 1.26432 1.26438 1.26437 1.26432
4.905 1.45403 1.45403 1.45403 1.45403 1.47741 1.47919 1.47859 1.47689 0.642559 0.636403 0.638235 0.638708 -0.196349 -0.195822 -0.195634 -0.196154
4.925 1.21958 1.21958 1.21958 1.21958 2.33385 2.33746 2.33734 2.3337 1.44175 1.44461 1.4438 1.44117 -1.12305 -1.12234 -1.12249 -1.12311
4.945 1.24649 1.24649 1.24649 1.24649 2.03835 2.0408 2.04049 2.03774 1.39705 1.39911 1.39923 1.39736 -0.519133 -0.518664 -0.518687 -0.518998
4.965 1.24939 1.24939 1.24939 1.24939 0.951133 0.950016 0.950891 0.950926 0.75997 0.759737 0.759298 0.760112 1.15437 1.15486 1.15496 1.15476
4.985 0.912284 0.912284 0.912284 0.912284 -0.0317666 -0.0343825 -0.0344251 -0.0317002 0.478384 0.476526 0.476124 0.478124 2.49551 2.49573 2.49691 2.49645
5.005 0.4709 0.4709 0.4709 0.4709 -0.141164 -0.145161 -0.143237 -0.139948 0.947794 0.946633 0.946437 0.946926 2.61603 2.61464 2.61492 2.61589
5.025 0.44093 0.44093 0.44093 0.44093 0.745649 0.744802 0.745012 0.746479 1.62668 1.62779 1.62774 1.62671 1.82831 1.8277 1.82754 1.82823
5.045 0.324178 0.324178 0.324178 0.324178 1.83926 1.84332 1.84267 1.83838 1.91515 1.91529 1.91541 1.91539 1.02858 1.02869 1.02863 1.02844
5.065 -0.129474 -0.129474 -0.129474 -0.129474 1.85838 1.86428 1.86407 1.85778 1.77888 1.77819 1.77821 1.77898 0.800541 0.80087 0.800867 0.800553
5.085 -1.00196 -1.00196 -1.00196 -1.00196 0.452567 0.455181 0.455597 0.453154 1.28224 1.28274 1.28255 1.28228 1.15743 1.15687 1.15696 1.15731
5.105 -1.90085 -1.90085 -1.90085 -1.90085 -1.44437 -1.44661 -1.44567 -1.44145 0.340115 0.341074 0.341277 0.340534 1.61312 1.61198 1.61189 1.61298
5.125 -1.9624 -1.9624 -1.9624 -1.9624 -2.55353 -2.55453 -2.55449 -2.55577 -0.877744 -0.877857 -0.877112 -0.877203 1.37128 1.37016 1.37015 1.37133
5.145 -1.30528 -1.30528 -1.30528 -1.30528 -2.34324 -2.33784 -2.34489 -2.34233 -1.82882 -1.8327 -1.82858 -1.82447 -0.142053 -0.141456 -0.142201 -0.142369
5.165 -0.725295 -0.725295 -0.725295 -0.725295 -1.24701 -1.24709 -1.2472 -1.25119 -2.21862 -2.21473 -2.21237 -2.21251 -2.60647 -2.60571 -2.60605 -2.60638
5.185 -0.299149 -0.299149 -0.299149 -0.299149 -0.390217 -0.389748 -0.390036 -0.39168 -2.32192 -2.32091 -2.32038 -2.32463 -4.82175 -4.82229 -4.82251 -4.82355
5.205 -0.435443 -0.435443 -0.435443 -0.435443 -0.508792 -0.516737 -0.527444 -0.512516 -2.66194 -2.66103 -2.65822 -2.66031 -5.58487 -5.58359 -5.58142 -5.58161
5.225 -0.347636 -0.347636 -0.347636 -0.347636 -1.4503 -1.46205 -1.46739 -1.46704 -3.42362 -3.42035 -3.41664 -3.41883 -4.74833 -4.74603 -4.74458 -4.74516
5.245 -0.0687789 -0.0687789 -0.0687789 -0.0687789 -2.64431 -2.64835 -2.6442 -2.63098 -3.86433 -3.86408 -3.86248 -3.86206 -3.30296 -3.30215 -3.30169 -3.30206
5.265 0.100732 0.100732 0.100732 0.100732 -2.79307 -2.79835 -2.7909 -2.78746 -3.45844 -3.45882 -3.45984 -3.45996 -2.33733 -2.33739 -2.33762 -2.33784
5.285 0.0324566 0.0324566 0.0324566 0.0324566 -1.41804 -1.41972 -1.4195 -1.41896 -2.25873 -2.25972 -2.26062 -2.26074 -2.10255 -2.10231 -2.10253 -2.10301
5.305 0.0743478 0.0743478 0.0743478 0.0743478 0.387077 0.389945 0.388684 0.383608 -0.622567 -0.622835 -0.623173 -0.623572 -1.97724 -1.97636 -1.97625 -1.97688
5.325 0.0356721 0.0356721 0.0356721 0.0356721 1.43425 1.46525 1.44961 1.42805 0.829478 0.834528 0.836309 0.835407 -1.05219 -1.05213 -1.05207 -1.05213
5.345 0.316096 0.316096 0.316096 0.316096 1.3201 1.32459 1.34159 1.32611 1.68821 1.70342 1.67901 1.68774 0.970408 0.970278 0.969682 0.968618
5.365 0.474572 0.474572 0.474572 0.474572 0.790207 0.780861 0.783242 0.777383 2.05795 2.05726 2.04634 2.04266 3.40073 3.40243 3.40532 3.40219
5.385 0.593447 0.593447 0.593447 0.593447 0.691861 0.682511 0.693085 0.69728 2.40503 2.42358 2.43574 2.44415 5.02123 5.02138 5.02438 5.02776
5.405 0.2881 0.2881 0.2881 0.2881 1.23577 1.23982 1.23749 1.23636 3.20163 3.19416 3.20041 3.20556 5.18166 5.18023 5.1817 5.18362
5.425 0.0490034 0.0490034 0.0490034 0.0490034 2.00247 2.00757 2.00688 1.98517 4.02822 4.02429 4.02335 4.02194 4.32141 4.31998 4.31952 4.32058
5.445 -0.00704848 -0.00704848 -0.00704848 -0.00704848 2.68233 2.67175 2.68775 2.6741 4.00933 4.00805 4.00708 4.0072 3.46805 3.46775 3.46758 3.46783
5.465 0.133076 0.133076 0.133076 0.133076 2.35029 2.35424 2.35723 2.35599 3.13557 3.13455 3.13489 3.13587 3.04657 3.04635 3.04641 3.04671
5.485 -0.0807105 -0.0807105 -0.0807105 -0.0807105 0.965695 0.966808 0.966752 0.966289 1.9475 1.94693 1.94713 1.94775 2.71167 2.71104 2.71084 2.71123
5.505 -0.324994 -0.324994 -0.324994 -0.324994 -0.560624 -0.547291 -0.548476 -0.545265 0.703153 0.702682 0.702263 0.701061 1.95479 1.95394 1.95409 1.95503
5.525 -0.518158 -0.518158 -0.518158 -0.518158 -1.24427 -1.29421 -1.30225 -1.27144 -0.569185 -0.571648 -0.566956 -0.563995 0.513792 0.514507 0.514427 0.514385
5.545 -0.278115 -0.278115 -0.278115 -0.278115 -1.10643 -1.12651 -1.09877 -1.09221 -1.69498 -1.67795 -1.68362 -1.67752 -1.51273 -1.51649 -1.51727 -1.51331
5.565 -0.173293 -0.173293 -0.173293 -0.173293 -0.785409 -0.778164 -0.774608 -0.764145 -2.44147 -2.45076 -2.44891 -2.45088 -3.65745 -3.65485 -3.65305 -3.65332
5.585 -0.332159 -0.332159 -0.332159 -0.332159 -0.962943 -0.961855 -0.96115 -0.963212 -2.98172 -2.98395 -2.98534 -2.98686 -5.13278 -5.13159 -5.13141 -5.13487
5.605 -0.544401 -0.544401 -0.544401 -0.544401 -1.61816 -1.63605 -1.63526 -1.66496 -3.51229 -3.51678 -3.51974 -3.52964 -5.42634 -5.42439 -5.4232 -5.42278
5.625 -0.717801 -0.717801 -0.717801 -0.717801 -2.30138 -2.31088 -2.2939 -2.3159 -4.16161 -4.15762 -4.15157 -4.15331 -4.72104 -4.72042 -4.72094 -4.72174
5.645 -0.749198 -0.749198 -0.749198 -0.749198 -3.08451 -3.08964 -3.0722 -3.08205 -4.19027 -4.18641 -4.1818 -4.18179 -3.84213 -3.84145 -3.84089 -3.84088
5.665 -0.404333 -0.404333 -0.404333 -0.404333 -2.95126 -2.95502 -2.9515 -2.94457 -3.56984 -3.56802 -3.56746 -3.56876 -3.26585 -3.26634 -3.26733 -3.26795
5.685 -0.0773627 -0.0773627 -0.0773627 -0.0773627 -1.52031 -1.52328 -1.52437 -1.52391 -2.61146 -2.61267 -2.61423 -2.61511 -2.91233 -2.91162 -2.91139 -2.91185
5.705 -0.0571626 -0.0571626 -0.0571626 -0.0571626 0.167999 0.170917 0.169946 0.164482 -1.30266 -1.30482 -1.30508 -1.30395 -2.42804 -2.4272 -2.42756 -2.42879
5.725 0.103157 0.103157 0.103157 0.103157 0.966667 0.97355 0.971437 0.972905 0.178413 0.180484 0.185456 0.189472 -1.33224 -1.33227 -1.33211 -1.33248
5.745 0.353828 0.353828 0.353828 0.353828 0.868531 0.885701 0.876353 0.911321 1.32706 1.29059 1.30577 1.30514 0.634691 0.631621 0.631287 0.634516
5.765 0.486648 0.486648 0.486648 0.486648 0.767765 0.749606 0.739791 0.745374 1.8944 1.89642 1.88604 1.89409 2.99352 2.99283 2.99207 2.99042
5.785 0.32976 0.32976 0.32976 0.32976 1.0246 1.01761 1.01533 1.01096 2.49563 2.49514 2.49726 2.50096 4.70693 4.70755 4.70801 4.70849
5.805 -0.574088 -0.574088 -0.574088 -0.574088 1.47557 1.48192 1.4817 1.47223 3.51273 3.51533 3.51625 3.52601 5.16769 5.16763 5.1683 5.16846
5.825 -1.07165 -1.07165 -1.07165 -1.07165 1.6294 1.62375 1.57888 1.5627 4.31597 4.30841 4.30156 4.29755 4.8013 4.80009 4.80079 4.80199
5.845 -1.16796 -1.16796 -1.16796 -1.16796 1.46993 1.46394 1.45471 1.44638 4.08997 4.09229 4.0899 4.08439 4.35116 4.34948 4.34922 4.35137
5.865 -0.705319 -0.705319 -0.705319 -0.705319 1.04078 1.04598 1.05142 1.05173 2.74439 2.74495 2.74655 2.74717 3.91118 3.91016 3.91011 3.911
5.885 0.136224 0.136224 0.136224 0.136224 0.389942 0.392098 0.396669 0.39853 1.25494 1.25371 1.25465 1.25661 2.84811 2.84756 2.84742 2.84775
5.905 1.4213 1.4213 1.4213 1.4213 0.0769498 0.0362246 0.0298616 0.108135 0.182644 0.184077 0.189179 0.195886 0.878904 0.878676 0.878446 0.877718
5.925 1.77856 1.77856 1.77856 1.77856 0.53061 0.558556 0.553212 0.516308 -0.6494 -0.646305 -0.653389 -0.662894 -1.46284 -1.4617 -1.46152 -1.45869
5.945 1.72141 1.72141 1.72141 1.72141 1.22756 1.24484 1.22795 1.21767 -1.33494 -1.33713 -1.35193 -1.35617 -3.35429 -3.35144 -3.35035 -3.3529
5.965 1.43672 1.43672 1.43672 1.43672 0.826109 0.830381 0.827584 0.824287 -1.74174 -1.74141 -1.73982 -1.73848 -4.17393 -4.17108 -4.16938 -4.16994
5.985 1.50041 1.50041 1.50041 1.50041 -0.407912 -0.412803 -0.410075 -0.408561 -2.09848 -2.09529 -2.09138 -2.09135 -3.68761 -3.6873 -3.68821 -3.68951
6.005 0.878867 0.878867 0.878867 0.878867 -1.25385 -1.25862 -1.25871 -1.25776 -2.47718 -2.47763 -2.47745 -2.47713 -2.39992 -2.39917 -2.39878 -2.39913
6.025 0.144609 0.144609 0.144609 0.144609 -1.38766 -1.39034 -1.39079 -1.39139 -2.23712 -2.23945 -2.24007 -2.23779 -1.29724 -1.29713 -1.2978 -1.29857
6.045 -0.412853 -0.412853 -0.412853 -0.412853 -1.04537 -1.04396 -1.04927 -1.02775 -1.12639 -1.12914 -1.12871 -1.12911 -0.834086 -0.83414 -0.833816 -0.833708
6.065 -0.323224 -0.323224 -0.323224 -0.323224 -0.25691 -0.285623 -0.269923 -0.261014 0.0827085 0.0837996 0.0848233 0.0860507 -0.520582 -0.520712 -0.520832 -0.520346
6.085 -0.220009 -0.220009 -0.220009 -0.220009 0.741262 0.71623 0.714608 0.729316 0.765446 0.767799 0.765149 0.772803 0.205313 0.205339 0.204774 0.20378
6.105 -0.260814 -0.260814 -0.260814 -0.260814 1.03123 1.0465 1.05284 1.02952 1.18805 1.18714 1.18819 1.19787 1.26191 1.26227 1.26046 1.25887
6.125 -0.399162 -0.399162 -0.399162 -0.399162 0.585748 0.579466 0.590093 0.586638 1.66124 1.66141 1.66536 1.66646 2.26936 2.26834 2.26888 2.27028
6.145 -0.340203 -0.340203 -0.340203 -0.340203 0.105268 0.102284 0.102589 0.108424 1.91506 1.91573 1.91695 1.9155 2.97247 2.97077 2.97019 2.97115
6.165 -0.122288 -0.122288 -0.122288 -0.122288 0.324942 0.322053 0.321267 0.322225 1.77339 1.77259 1.77105 1.77027 3.14018 3.13959 3.14004 3.14111
6.185 0.208621 0.208621 0.208621 0.208621 0.964615 0.965108 0.96476 0.962103 1.62051 1.61867 1.6182 1.61921 2.57267 2.57238 2.57233 2.5726
6.205 0.529083 0.529083 0.529083 0.529083 1.40068 1.40183 1.40172 1.39922 1.66488 1.66341 1.66388 1.66406 1.49687 1.4969 1.49706 1.49715
6.225 0.0862836 0.0862836 0.0862836 0.0862836 1.31486 1.33053 1.32784 1.32516 1.51078 1.51182 1.51205 1.50921 0.581044 0.581271 0.581154 0.581077
6.245 -0.321436 -0.321436 -0.321436 -0.321436 0.590244 0.588831 0.587687 0.621059 0.819503 0.820938 0.822482 0.824128 0.256988 0.256907 0.256874 0.256667
6.265 -1.07274 -1.07274 -1.07274 -1.07274 -0.668157 -0.691354 -0.680672 -0.666089 -0.223978 -0.221689 -0.223779 -0.223611 0.267744 0.267609 0.267939 0.268113
6.285 -1.21098 -1.21098 -1.21098 -1.21098 -1.79303 -1.79926 -1.79452 -1.77712 -1.20182 -1.20158 -1.19979 -1.19918 -0.0249571 -0.0248997 -0.0239392 -0.0229353
6.305 -1.12424 -1.12424 -1.12424 -1.12424 -2.20836 -2.20354 -2.21626 -2.20932 -1.9053 -1.90184 -1.90129 -1.90234 -0.998972 -0.999862 -1.00194 -1.00192
6.325 -0.273008 -0.273008 -0.273008 -0.273008 -1.71643 -1.72227 -1.72216 -1.72922 -2.36821 -2.36615 -2.3705 -2.37098 -2.48636 -2.48697 -2.48655 -2.4869
6.345 0.283929 0.283929 0.283929 0.283929 -0.695817 -0.695044 -0.695645 -0.700216 -2.62683 -2.62799 -2.6271 -2.62561 -3.9141 -3.91282 -3.91294 -3.91524
6.365 0.257658 0.257658 0.257658 0.257658 -0.139495 -0.135967 -0.135632 -0.140816 -2.57146 -2.57259 -2.57175 -2.57069 -4.65682 -4.65531 -4.65575 -4.65674
6.385 -0.0871536 -0.0871536 -0.0871536 -0.0871536 -0.612562 -0.611866 -0.611555 -0.614155 -2.33796 -2.33769 -2.33795 -2.33896 -4.28142 -4.28035 -4.28008 -4.28159
6.405 -0.347568 -0.347568 -0.347568 -0.347568 -1.55249 -1.5561 -1.55625 -1.555 -2.24799 -2.24712 -2.24753 -2.24916 -2.86305 -2.86266 -2.86264 -2.8629
6.425 -0.2418 -0.2418 -0.2418 -0.2418 -1.98454 -1.98979 -1.98986 -1.98715 -2.16436 -2.16438 -2.16467 -2.16328 -1.1747 -1.17491 -1.17495 -1.17485
6.445 0.549232 0.549232 0.549232 0.549232 -1.3433 -1.34639 -1.35 -1.32076 -1.53297 -1.53631 -1.53699 -1.53595 -0.147411 -0.147704 -0.147842 -0.147913
6.465 1.19334 1.19334 1.19334 1.19334 0.437264 0.400158 0.399047 0.409398 -0.178074 -0.178 -0.179435 -0.175766 0.0292997 0.0292934 0.0292741 0.0294287
6.485 1.04651 1.04651 1.04651 1.04651 2.19429 2.22789 2.22209 2.25599 1.51487 1.51758 1.52519 1.52876 0.0957005 0.0963554 0.0963932 0.0968114
6.505 0.131982 0.131982 0.131982 0.131982 2.81623 2.81546 2.8171 2.8003 2.87982 2.88409 2.88909 2.88393 1.02922 1.03007 1.02846 1.02804
6.525 -0.354728 -0.354728 -0.354728 -0.354728 1.8 1.80143 1.79616 1.78728 3.34442 3.347 3.34465 3.33687 3.09214 3.09123 3.09369 3.09472
6.545 -0.108043 -0.108043 -0.108043 -0.108043 0.369106 0.364279 0.36345 0.365972 2.9648 2.96399 2.96162 2.95739 5.34584 5.34346 5.34506 5.34811
6.565 -0.114474 -0.114474 -0.114474 -0.114474 -0.023228 -0.0252103 -0.0234292 -0.0203219 2.54736 2.52668 2.53167 2.53139 6.22877 6.22774 6.23186 6.23436
6.585 0.0674228 0.0674228 0.0674228 0.0674228 0.763311 0.760935 0.761658 0.761886 2.7094 2.70766 2.7071 2.71098 5.04738 5.04779 5.04995 5.0523
6.605 0.373799 0.373799 0.373799 0.373799 2.02581 2.02536 2.02498 2.02193 3.07253 3.07601 3.07652 3.07596 2.65429 2.65395 2.65417 2.6548
6.625 0.123123 0.123123 0.123123 0.123123 2.68077 2.68505 2.68469 2.67687 2.69633 2.69943 2.69972 2.69902 0.676046 0.676137 0.675648 0.675314
6.645 -0.218941 -0.218941 -0.218941 -0.218941 1.65385 1.70262 1.6993 1.69208 1.38687 1.38619 1.38364 1.38445 -0.043436 -0.0419238 -0.0431238 -0.0441814
6.665 -0.307137 -0.307137 -0.307137 -0.307137 -0.631723 -0.663106 -0.66927 -0.646632 -0.376597 -0.381483 -0.38588 -0.378624 0.0440788 0.0441638 0.0455708 0.0473217
6.685 -0.290555 -0.290555 -0.290555 -0.290555 -2.38799 -2.43448 -2.39269 -2.3612 -2.02527 -2.02669 -2.02271 -2.02552 -0.175516 -0.175922 -0.174047 -0.172588
6.705 0.201306 0.201306 0.201306 0.201306 -2.58808 -2.59954 -2.59667 -2.57627 -3.0103 -3.00385 -3.00123 -2.99475 -1.52166 -1.52219 -1.52003 -1.52258
6.725 1.24656 1.24656 1.24656 1.24656 -1.23358 -1.24005 -1.24327 -1.24448 -3.13152 -3.128 -3.12723 -3.12941 -3.7704 -3.7666 -3.76824 -3.76875
6.745 1.16458 1.16458 1.16458 1.16458 0.515499 0.5177 0.514943 0.504926 -2.71836 -2.71949 -2.72137 -2.72319 -5.68303 -5.68003 -5.68051 -5.68154
6.765 0.919286 0.919286 0.919286 0.919286 0.945175 0.950566 0.950939 0.942545 -2.19699 -2.19857 -2.19943 -2.20062 -5.94987 -5.94883 -5.94726 -5.94943
6.785 0.649079 0.649079 0.649079 0.649079 -0.180544 -0.180737 -0.180372 -0.182252 -1.98096 -1.98072 -1.98091 -1.98261 -4.16284 -4.16046 -4.15852 -4.15836
6.805 0.187997 0.187997 0.187997 0.187997 -1.58886 -1.59378 -1.59332 -1.59069 -1.97507 -1.97533 -1.97561 -1.9707 -1.25118 -1.25063 -1.25033 -1.25004
6.825 -0.396371 -0.396371 -0.396371 -0.396371 -2.04236 -2.03233 -2.02646 -2.04403 -1.43224 -1.42736 -1.43358 -1.42656 1.08746 1.08682 1.08739 1.08782
6.845 -0.575166 -0.575166 -0.575166 -0.575166 -1.03214 -1.02509 -1.04995 -1.06021 0.00145355 0.00666445 0.0103806 0.00412666 1.91552 1.91874 1.91739 1.9177
6.865 -0.455027 -0.455027 -0.455027 -0.455027 0.702394 0.694154 0.708072 0.684152 1.80022 1.80493 1.80736 1.7982 1.7153 1.7136 1.71411 1.71628
6.885 -0.444884 -0.444884 -0.444884 -0.444884 2.22321 2.23334 2.23431 2.23351 2.97678 2.98463 2.98434 2.98227 1.70907 1.70808 1.70724 1.70711
6.905 -0.73841 -0.73841 -0.73841 -0.73841 2.37929 2.38428 2.38585 2.37931 3.22509 3.22459 3.22508 3.22441 2.54652 2.5463 2.54603 2.54548
6.925 -0.892238 -0.892238 -0.892238 -0.892238 1.00071 0.998557 0.997821 0.993941 2.84586 2.84468 2.84392 2.84335 3.82282 3.82228 3.82282 3.82426
6.945 -0.874672 -0.874672 -0.874672 -0.874672 -0.569919 -0.576469 -0.577051 -0.573776 2.10704 2.10712 2.10699 2.10586 4.57818 4.57623 4.57557 4.57696
6.965 -0.143293 -0.143293 -0.143293 -0.143293 -0.843005 -0.849757 -0.849937 -0.844288 1.25838 1.25795 1.25778 1.25689 3.97524 3.97353 3.97423 3.97605
6.985 0.436818 0.436818 0.436818 0.436818 0.314071 0.33961 0.338994 0.340203 0.701504 0.703117 0.702074 0.703456 1.87623 1.87588 1.87559 1.87579
7.005 0.807629 0.807629 0.807629 0.807629 1.63435 1.65012 1.67327 1.63454 0.562265 0.557932 0.554508 0.568448 -0.833518 -0.831288 -0.83184 -0.833868
7.025 0.220256 0.220256 0.220256 0.220256 1.6297 1.667 1.67734 1.61353 0.305998 0.299674 0.306149 0.309862 -2.68678 -2.68628 -2.68858 -2.68639
7.045 -0.443591 -0.443591 -0.443591 -0.443591 0.219828 0.200839 0.210252 0.21609 -0.764164 -0.763386 -0.756245 -0.759359 -2.79679 -2.79717 -2.7974 -2.79826
7.065 -0.646298 -0.646298 -0.646298 -0.646298 -1.96286 -1.97524 -1.97749 -1.96692 -2.34243 -2.33794 -2.33373 -2.33145 -1.79441 -1.7957 -1.7983 -1.80001
7.085 -0.756627 -0.756627 -0.756627 -0.756627 -3.42795 -3.4369 -3.43803 -3.42948 -3.44687 -3.44797 -3.44809 -3.44668 -1.23731 -1.23744 -1.23742 -1.23724
7.105 -0.72718 -0.72718 -0.72718 -0.72718 -3.22524 -3.23253 -3.23189 -3.2277 -3.50137 -3.50243 -3.50324 -3.50321 -2.05233 -2.05267 -2.05319 -2.05334
7.125 -0.509086 -0.509086 -0.509086 -0.509086 -1.64312 -1.64546 -1.64564 -1.64638 -2.80727 -2.80705 -2.80755 -2.80866 -3.71737 -3.71669 -3.71678 -3.71724
7.145 0.0763477 0.0763477 0.0763477 0.0763477 0.0331229 0.0357712 0.0355616 0.0309256 -2.07568 -2.07527 -2.07534 -2.07664 -4.82925 -4.82788 -4.82768 -4.82936
7.165 0.46655 0.46655 0.46655 0.46655 0.631373 0.635415 0.635332 0.629283 -1.67916 -1.67975 -1.67987 -1.68037 -4.37415 -4.37233 -4.37207 -4.37386
7.185 0.630042 0.630042 0.630042 0.630042 -0.031721 -0.0315562 -0.0316276 -0.0340567 -1.43687 -1.43764 -1.4375 -1.43753 -2.46532 -2.46435 -2.4643 -2.46508
7.205 0.562968 0.562968 0.562968 0.562968 -0.9426 -0.93361 -0.932931 -0.949782 -0.998561 -1.00322 -0.999193 -0.997717 -0.0971398 -0.0949962 -0.0968583 -0.0960933
7.225 0.396354 0.396354 0.396354 0.396354 -0.818271 -0.773209 -0.793385 -0.835302 -0.11926 -0.132478 -0.138026 -0.124101 1.65769 1.65797 1.65947 1.65847
7.245 -0.102567 -0.102567 -0.102567 -0.102567 0.329072 0.334593 0.358035 0.319048 1.23417 1.23798 1.23873 1.24401 2.37027 2.3686 2.37013 2.37176
7.265 -0.357604 -0.357604 -0.357604 -0.357604 1.5938 1.60482 1.60282 1.60083 2.72645 2.73021 2.73798 2.73602 2.49778 2.49697 2.49636 2.49743
7.285 -0.259414 -0.259414 -0.259414 -0.259414 2.19544 2.19531 2.19582 2.19252 3.55363 3.55554 3.55536 3.55322 2.88962 2.88861 2.88812 2.88843
7.305 0.0628431 0.0628431 0.0628431 0.0628431 1.97356 1.97224 1.97161 1.96787 3.41955 3.41865 3.41695 3.41604 3.77575 3.77519 3.77528 3.77586
7.325 -0.0134629 -0.0134629 -0.0134629 -0.0134629 1.24692 1.24621 1.24585 1.24359 2.83839 2.83636 2.83593 2.83668 4.50139 4.50022 4.49968 4.50033
7.345 0.0664099 0.0664099 0.0664099 0.0664099 0.533737 0.530252 0.530082 0.53125 2.37485 2.37409 2.37393 2.37368 4.29289 4.29198 4.29242 4.2937
7.365 0.334677 0.334677 0.334677 0.334677 0.485109 0.481304 0.481383 0.48375 1.94879 1.94962 1.94978 1.94859 3.05419 3.05303 3.0528 3.05366
7.385 0.457566 0.457566 0.457566 0.457566 1.06229 1.06551 1.07074 1.06751 1.31733 1.31682 1.31738 1.3177 1.27642 1.27638 1.27657 1.2766
7.405 0.0356777 0.0356777 0.0356777 0.0356777 1.27074 1.28891 1.28449 1.29769 0.577544 0.577993 0.578634 0.589994 -0.417509 -0.41678 -0.418176 -0.419957
7.425 -0.750019 -0.750019 -0.750019 -0.750019 0.182442 0.218403 0.230524 0.164417 -0.216751 -0.227498 -0.226164 -0.220822 -1.5288 -1.52712 -1.52703 -1.53079
7.445 -1.57014 -1.57014 -1.57014 -1.57014 -1.51207 -1.50602 -1.51295 -1.50908 -1.43004 -1.43603 -1.44179 -1.43892 -1.88882 -1.88694 -1.88597 -1.88617
7.465 -2.14318 -2.14318 -2.14318 -2.14318 -3.15088 -3.14976 -3.15027 -3.14246 -2.91837 -2.9213 -2.92316 -2.91969 -2.01059 -2.00994 -2.00945 -2.00873
7.485 -2.14327 -2.14327 -2.14327 -2.14327 -3.97041 -3.9761 -3.97349 -3.9698 -4.07031 -4.0713 -4.06973 -4.06937 -2.71126 -2.71202 -2.71269 -2.71297
7.505 -1.47337 -1.47337 -1.47337 -1.47337 -3.38296 -3.31896 -3.27966 -3.17471 -4.50492 -4.50463 -4.49979 -4.49325 -4.25658 -4.25598 -4.25544 -4.25598
7.525 -0.553008 -0.553008 -0.553008 -0.553008 -2.49027 -2.53763 -2.51506 -2.49562 -4.08806 -4.08764 -4.07434 -4.08732 -5.95397 -5.9556 -5.95809 -5.9595
7.545 0.415882 0.415882 0.415882 0.415882 -1.40206 -1.40229 -1.42472 -1.38668 -4.07424 -4.08127 -4.07973 -4.09855 -6.56111 -6.55839 -6.55307 -6.55336
7.565 1.40818 1.40818 1.40818 1.40818 -0.408061 -0.419484 -0.430597 -0.457673 -4.13315 -4.13731 -4.13872 -4.13825 -5.87459 -5.87128 -5.87106 -5.87387
7.585 2.25105 2.25105 2.25105 2.25105 -0.221055 -0.227934 -0.234042 -0.248844 -3.21734 -3.21909 -3.21894 -3.21677 -4.41728 -4.41476 -4.41366 -4.41472
7.605 2.12915 2.12915 2.12915 2.12915 -0.0592314 -0.0644406 -0.0635552 -0.0640318 -1.51369 -1.5127 -1.51103 -1.51234 -2.44642 -2.44612 -2.44673 -2.44771
7.625 1.23114 1.23114 1.23114 1.23114 0.895454 0.86148 0.858635 0.877005 0.28478 0.304896 0.314081 0.320492 -0.0268494 -0.0301222 -0.0316985 -0.0276122
7.645 0.497404 0.497404 0.497404 0.497404 1.75037 1.78059 1.88239 1.75776 2.25015 2.28462 2.31608 2.30432 2.52881 2.52714 2.52418 2.52718
7.665 -0.115554 -0.115554 -0.115554 -0.115554 1.95399 2.02592 2.0462 2.1017 4.22082 4.22624 4.2384 4.23583 4.97385 4.97497 4.97645 4.97585
7.685 -0.230275 -0.230275 -0.230275 -0.230275 1.56759 1.68609 1.52526 1.53878 4.68471 4.6765 4.6184 4.60393 7.03351 7.03382 7.0359 7.03676
7.705 -0.26946 -0.26946 -0.26946 -0.26946 1.63174 1.6036 1.60718 1.55255 4.9433 4.9005 4.89052 4.86519 7.80038 7.79834 7.79372 7.79375
7.725 -0.24322 -0.24322 -0.24322 -0.24322 2.04423 1.63667 1.71528 1.66313 5.55201 5.53566 5.55654 5.5634 7.10103 7.10286 7.10904 7.11183
7.745 0.23698 0.23698 0.23698 0.23698 2.67474 2.66603 2.74778 2.89437 5.41281 5.41025 5.41503 5.40606 5.75244 5.74556 5.74243 5.74631
7.765 0.437868 0.437868 0.437868 0.437868 4.19663 4.2336 4.25144 4.26219 4.32569 4.31568 4.30928 4.31572 4.39723 4.39977 4.40028 4.39803
7.785 0.358451 0.358451 0.358451 0.358451 3.67652 3.67465 3.66204 3.62368 3.49499 3.49116 3.48611 3.48721 3.00687 3.00578 3.00546 3.00624
7.805 0.22664 0.22664 0.22664 0.22664 1.39501 1.36936 1.35099 1.32954 2.65861 2.66049 2.6602 2.65579 1.92502 1.92619 1.92846 1.93
7.825 -0.0956235 -0.0956235 -0.0956235 -0.0956235 -0.818098 -0.770458 -0.756526 -0.734599 0.838764 0.84299 0.83892 0.852755 1.36516 1.36181 1.36011 1.36173
7.845 -0.351702 -0.351702 -0.351702 -0.351702 -2.07566 -2.02049 -2.1594 -2.23089 -1.60395 -1.59927 -1.61849 -1.58562 0.558658 0.557338 0.564405 0.576704
7.865 -0.1551 -0.1551 -0.1551 -0.1551 -2.33148 -2.13681 -2.39168 -2.57956 -3.46197 -3.42118 -3.3933 -3.41195 -1.53413 -1.53744 -1.53657 -1.52897
7.885 0.0564987 0.0564987 0.0564987 0.0564987 -1.9041 -1.87856 -1.88672 -1.9412 -3.80362 -3.80681 -3.80835 -3.81171 -4.84548 -4.83549 -4.82144 -4.81352
7.905 -0.385702 -0.385702 -0.385702 -0.385702 -1.62851 -1.47078 -1.47848 -1.12189 -3.81563 -3.74632 -3.72366 -3.63364 -7.47454 -7.47786 -7.48533 -7.49152
7.925 -1.00229 -1.00229 -1.00229 -1.00229 -1.11341 -1.17797 -1.26017 -1.17049 -4.15759 -4.20517 -4.19569 -4.25868 -7.97571 -7.97187 -7.97158 -7.97468
7.945 -1.30559 -1.30559 -1.30559 -1.30559 -1.69076 -1.8439 -1.89727 -1.96132 -5.33038 -5.3619 -5.36751 -5.39178 -6.51068 -6.51103 -6.51588 -6.52311
7.965 -1.32196 -1.32196 -1.32196 -1.32196 -3.59673 -3.6594 -3.59177 -3.65828 -5.51466 -5.51244 -5.51136 -5.5028 -4.67292 -4.6695 -4.66452 -4.66162
7.985 -1.2194 -1.2194 -1.2194 -1.2194 -5.49137 -5.50228 -5.4703 -5.47144 -4.42928 -4.41333 -4.40091 -4.39378 -3.47152 -3.47611 -3.48292 -3.48522
8.005 -0.32112 -0.32112 -0.32112 -0.32112 -4.66874 -4.67507 -4.67435 -4.66688 -3.66751 -3.66281 -3.66445 -3.67067 -2.7806 -2.77887 -2.77329 -2.76875
8.025 0.904108 0.904108 0.904108 0.904108 -1.11117 -1.11901 -1.12171 -1.137 -3.14497 -3.15204 -3.15434 -3.1517 -2.54985 -2.5508 -2.55546 -2.55943
8.045 1.91939 1.91939 1.91939 1.91939 2.23974 2.2433 2.25661 2.29181 -1.3484 -1.3645 -1.36855 -1.36643 -2.80122 -2.79632 -2.79268 -2.79381
8.065 2.12235 2.12235 2.12235 2.12235 4.0399 3.58014 3.62202 3.716 1.34528 1.41151 1.40158 1.38673 -2.35586 -2.35279 -2.35124 -2.3504
8.085 2.36897 2.36897 2.36897 2.36897 3.19348 3.09214 3.06632 3.14213 3.28049 3.27953 3.26393 3.28103 0.247084 0.238192 0.231102 0.229086
8.105 2.22533 2.22533 2.22533 2.22533 2.45127 2.44577 2.48658 2.60665 3.50718 3.46747 3.42738 3.45938 4.60451 4.61185 4.61334 4.61338
8.125 1.55706 1.55706 1.55706 1.55706 1.85644 1.80514 1.78258 1.74117 3.93223 3.92593 3.9346 3.94372 8.2151 8.20379 8.19276 8.1882
