0.005 0 0 0 0 -5.65822e-06 -2.36826e-06 2.123e-06 5.41354e-06 -6.77724e-07 -5.46952e-07 2.96714e-07 4.27274e-07 1.83146e-05 5.22325e-06 -5.47284e-06 -1.85641e-05
0.025 0 0 0 0 -4.62124e-06 -1.3277e-06 3.16355e-06 6.45047e-06 1.93507e-07 3.22709e-07 1.16637e-06 1.29849e-06 1.91914e-05 6.10041e-06 -4.59569e-06 -1.76873e-05
0.045 0 0 0 0 6.04059e-06 9.36516e-06 1.38563e-05 1.71118e-05 1.28398e-05 1.29601e-05 1.38037e-05 1.39446e-05 3.15574e-05 1.84667e-05 7.77057e-06 -5.32134e-06
0.065 0 0 0 0 2.08523e-05 2.41986e-05 2.86893e-05 3.19219e-05 3.76139e-05 3.77365e-05 3.85799e-05 3.87179e-05 5.687e-05 4.37745e-05 3.30783e-05 1.99909e-05
0.085 0 0 0 0 3.51796e-05 3.85278e-05 4.30176e-05 4.6246e-05 6.98545e-05 6.99862e-05 7.08291e-05 7.09572e-05 9.53974e-05 8.22916e-05 7.15951e-05 5.85176e-05
0.105 0 0 0 0 4.8911e-05 5.22625e-05 5.67514e-05 5.99741e-05 0.000103698 0.000103826 0.000104668 0.000104798 0.000144213 0.000131095 0.000120398 0.000107331
0.125 0 0 0 0 6.29038e-05 6.62662e-05 7.07542e-05 7.39638e-05 0.000136797 0.000136912 0.000137753 0.000137894 0.000195201 0.000182072 0.000171375 0.000158318
0.145 0 0 0 0 7.69386e-05 8.03083e-05 8.47955e-05 8.79955e-05 0.000168623 0.000168735 0.000169575 0.000169717 0.000238562 0.000225423 0.000214725 0.000201678
0.165 0 0 0 0 9.06821e-05 9.40604e-05 9.85468e-05 0.000101736 0.000196146 0.000196266 0.000197106 0.00019724 0.000268893 0.000255746 0.000245048 0.000232007
0.185 0 0 0 0 0.000102183 0.00010558 0.000110067 0.000113236 0.000214111 0.000214233 0.000215073 0.000215205 0.00028587 0.00027272 0.000262022 0.000248985
0.205 0 0 0 0 0.000106825 0.000110237 0.000114723 0.000117878 0.000219021 0.000219138 0.000219978 0.000220114 0.0002904 0.00027725 0.000266552 0.000253514
0.225 0 0 0 0 0.000101796 0.0001052 0.000109686 0.000112849 0.000211079 0.000211196 0.000212036 0.000212173 0.000282799 0.000269651 0.000258953 0.000245914
0.245 0 0 0 0 8.91433e-05 9.25216e-05 9.70078e-05 0.000100196 0.000191747 0.000191866 0.000192706 0.00019284 0.000262506 0.000249361 0.000238663 0.000225621
0.265 0 0 0 0 7.39705e-05 7.73299e-05 8.1816e-05 8.50233e-05 0.000163387 0.000163506 0.000164346 0.000164481 0.000229496 0.000216357 0.000205659 0.000192611
0.285 0 0 0 0 5.96182e-05 6.29721e-05 6.74582e-05 7.06709e-05 0.000130143 0.000130258 0.000131098 0.000131236 0.000185886 0.000172758 0.00016206 0.000149001
0.305 0 0 0 0 4.51519e-05 4.84988e-05 5.29849e-05 5.62046e-05 9.53631e-05 9.54816e-05 9.63217e-05 9.64564e-05 0.00013609 0.000122973 0.000112275 9.92047e-05
0.325 0 0 0 0 3.03373e-05 3.36721e-05 3.81582e-05 4.13899e-05 6.17753e-05 6.18995e-05 6.27396e-05 6.28687e-05 8.82866e-05 7.51792e-05 6.44811e-05 5.14012e-05
0.345 0 0 0 0 1.58005e-05 1.91223e-05 2.36084e-05 2.68531e-05 3.14674e-05 3.15912e-05 3.24313e-05 3.25607e-05 4.97692e-05 3.667e-05 2.5972e-05 1.28838e-05
0.365 0 0 0 0 2.50637e-06 5.81214e-06 1.02982e-05 1.3559e-05 7.17209e-06 7.2923e-06 8.13236e-06 8.26513e-06 2.32947e-05 1.0201e-05 -4.97112e-07 -1.35909e-05
0.385 0 0 0 0 -6.40404e-06 -3.11347e-06 1.37239e-06 4.64781e-06 -7.10415e-06 -6.98488e-06 -6.14487e-06 -6.01127e-06 9.07601e-06 -4.01533e-06 -1.47135e-05 -2.78097e-05
0.405 0 0 0 0 -6.96551e-06 -3.67625e-06 8.09593e-07 4.08624e-06 -8.11274e-06 -7.99269e-06 -7.15274e-06 -7.01999e-06 7.54537e-06 -5.54578e-06 -1.6244e-05 -2.93404e-05
0.425 0 0 0 0 8.36737e-07 4.13979e-06 8.62559e-06 1.18884e-05 4.00956e-06 4.13054e-06 4.97047e-06 5.10226e-06 1.91094e-05 6.01636e-06 -4.68185e-06 -1.77765e-05
0.445 0 0 0 0 1.25839e-05 1.59017e-05 2.03875e-05 2.36355e-05 2.54606e-05 2.55836e-05 2.64236e-05 2.65533e-05 4.29908e-05 2.9893e-05 1.91947e-05 6.10496e-06
0.465 0 0 0 0 2.60855e-05 2.94161e-05 3.39019e-05 3.71371e-05 5.35257e-05 5.36481e-05 5.44881e-05 5.46184e-05 7.90138e-05 6.59084e-05 5.52102e-05 4.2128e-05
0.485 0 0 0 0 3.93036e-05 4.26414e-05 4.71272e-05 5.03553e-05 8.46227e-05 8.4743e-05 8.5583e-05 8.57155e-05 0.000122651 0.000109536 9.88373e-05 8.57648e-05
0.505 0 0 0 0 5.30321e-05 5.63775e-05 6.08633e-05 6.40837e-05 0.000116825 0.000116943 0.000117783 0.000117918 0.000167952 0.000154827 0.000144128 0.000131066
0.525 0 0 0 0 6.81184e-05 7.14781e-05 7.59639e-05 7.91701e-05 0.000148508 0.000148625 0.000149465 0.000149601 0.000209156 0.000196022 0.000185324 0.00017227
0.545 0 0 0 0 7.96003e-05 8.29674e-05 8.74532e-05 9.0652e-05 0.000172726 0.000172847 0.000173687 0.000173819 0.000238222 0.000225081 0.000214383 0.000201336
0.565 0 0 0 0 8.81311e-05 9.15114e-05 9.59972e-05 9.91828e-05 0.000187656 0.000187776 0.000188616 0.000188749 0.000255201 0.000242058 0.000231359 0.000218315
0.585 0 0 0 0 8.94153e-05 9.27991e-05 9.72849e-05 0.000100467 0.000189487 0.000189605 0.000190445 0.000190579 0.000257422 0.000244278 0.00023358 0.000220536
0.605 0 0 0 0 8.07429e-05 8.41095e-05 8.85953e-05 9.17946e-05 0.000175708 0.00017583 0.00017667 0.000176801 0.000242164 0.000229022 0.000218324 0.000205278
0.625 0 0 0 0 7.08567e-05 7.42192e-05 7.8705e-05 8.19084e-05 0.000153988 0.000154105 0.000154945 0.000155081 0.000215943 0.000202808 0.000192109 0.000179057
0.645 0 0 0 0 5.87527e-05 6.21085e-05 6.65943e-05 6.98043e-05 0.000126519 0.000126635 0.000127475 0.000127612 0.000179301 0.000166174 0.000155476 0.000142415
0.665 0 0 0 0 4.15061e-05 4.48375e-05 4.93233e-05 5.25578e-05 9.25311e-05 9.26561e-05 9.3496e-05 9.36239e-05 0.000133275 0.000120156 0.000109458 9.63887e-05
0.685 0 0 0 0 2.48375e-05 2.81561e-05 3.26419e-05 3.58891e-05 5.66109e-05 5.67354e-05 5.75753e-05 5.77037e-05 8.66949e-05 7.35865e-05 6.28883e-05 4.98091e-05
0.705 0 0 0 0 9.2306e-06 1.25417e-05 1.70275e-05 2.02823e-05 2.20845e-05 2.22032e-05 2.30431e-05 2.31773e-05 4.37559e-05 3.06578e-05 1.99596e-05 6.87006e-06
0.725 0 0 0 0 -4.88957e-06 -1.59422e-06 2.89157e-06 6.16206e-06 -6.22033e-06 -6.10021e-06 -5.26027e-06 -5.12764e-06 7.88774e-06 -5.20307e-06 -1.59013e-05 -2.89981e-05
0.745 0 0 0 0 -1.36164e-05 -1.03328e-05 -5.84746e-06 -2.56627e-06 -2.36582e-05 -2.35345e-05 -2.26949e-05 -2.25667e-05 -1.56015e-05 -2.86881e-05 -3.93865e-05 -5.24881e-05
0.765 0 0 0 0 -1.80473e-05 -1.47704e-05 -1.02851e-05 -6.99761e-06 -3.20088e-05 -3.18832e-05 -3.10438e-05 -3.09178e-05 -2.64823e-05 -3.9567e-05 -5.02656e-05 -6.33692e-05
0.785 0 0 0 0 -1.8615e-05 -1.53391e-05 -1.08539e-05 -7.56532e-06 -3.23014e-05 -3.21777e-05 -3.13383e-05 -3.12104e-05 -2.51911e-05 -3.82759e-05 -4.89744e-05 -6.20779e-05
0.805 0 0 0 0 -1.38841e-05 -1.06015e-05 -6.11628e-06 -2.83445e-06 -2.275e-05 -2.26296e-05 -2.17902e-05 -2.1659e-05 -1.16659e-05 -2.47532e-05 -3.54517e-05 -4.85528e-05
0.825 0 0 0 0 -1.85461e-06 1.44482e-06 5.93005e-06 9.19501e-06 -6.00428e-07 -4.81921e-07 3.57492e-07 4.90568e-07 1.50769e-05 1.98468e-06 -8.71382e-06 -2.181e-05
0.845 0 0 0 0 1.6586e-05 1.99084e-05 2.43936e-05 2.76356e-05 3.40897e-05 3.42095e-05 3.5049e-05 3.51807e-05 5.54998e-05 4.23995e-05 3.1701e-05 1.8613e-05
0.865 0 0 0 0 2.74216e-05 3.07325e-05 3.52178e-05 3.84713e-05 6.50291e-05 6.51611e-05 6.60006e-05 6.61201e-05 9.61029e-05 8.29907e-05 7.22922e-05 5.92161e-05
0.885 0 0 0 0 3.62783e-05 3.95905e-05 4.40757e-05 4.73279e-05 8.91612e-05 8.92873e-05 9.01267e-05 9.02522e-05 0.000134466 0.000121345 0.000110647 9.75792e-05
0.905 0 0 0 0 5.04399e-05 5.37863e-05 5.82715e-05 6.14896e-05 0.000112888 0.000112994 0.000113834 0.000113979 0.000169323 0.000156198 0.0001455 0.000132436
0.925 0 0 0 0 6.42405e-05 6.76046e-05 7.20899e-05 7.52902e-05 0.000137163 0.000137274 0.000138113 0.000138254 0.000194409 0.000181279 0.000170581 0.000157522
0.945 0 0 0 0 7.38283e-05 7.7191e-05 8.16762e-05 8.4878e-05 0.00015695 0.00015708 0.00015792 0.000158041 0.00021023 0.000197095 0.000186396 0.000173344
0.965 0 0 0 0 7.19833e-05 7.53338e-05 7.9819e-05 8.3033e-05 0.000157545 0.00015768 0.000158519 0.000158636 0.000212527 0.00019939 0.000188691 0.00017564
0.985 0 0 0 0 6.64042e-05 6.97648e-05 7.42501e-05 7.74539e-05 0.000144515 0.000144627 0.000145466 0.000145606 0.000205719 0.000192587 0.000181888 0.000168833
1.005 0 0 0 0 6.0716e-05 6.40818e-05 6.8567e-05 7.17657e-05 0.000130153 0.000130254 0.000131093 0.000131244 0.000190284 0.000177157 0.000166458 0.000153397
1.025 0 0 0 0 5.1798e-05 5.51365e-05 5.96218e-05 6.28477e-05 0.000115397 0.00011552 0.00011636 0.000116488 0.000164012 0.000150887 0.000140188 0.000127126
1.045 0 0 0 0 4.21595e-05 4.54825e-05 4.99678e-05 5.32091e-05 9.52234e-05 9.53592e-05 9.61987e-05 9.63144e-05 0.000132429 0.000119308 0.00010861 9.55419e-05
1.065 0 0 0 0 3.19105e-05 3.52433e-05 3.97286e-05 4.29601e-05 6.79664e-05 6.80861e-05 6.89255e-05 6.90574e-05 0.000100408 8.72975e-05 7.6599e-05 6.35209e-05
1.085 0 0 0 0 1.89023e-05 2.22297e-05 2.67149e-05 2.9952e-05 4.04597e-05 4.05696e-05 4.1409e-05 4.15507e-05 6.96467e-05 5.65445e-05 4.58459e-05 3.27598e-05
1.105 0 0 0 0 2.59321e-06 5.88069e-06 1.03659e-05 1.36428e-05 1.58989e-05 1.6024e-05 1.68634e-05 1.69899e-05 3.89675e-05 2.5868e-05 1.51695e-05 2.08066e-06
1.125 0 0 0 0 -6.47448e-06 -3.19954e-06 1.28568e-06 4.57514e-06 -1.90271e-06 -1.77344e-06 -9.34023e-07 -8.1171e-07 1.51809e-05 2.08568e-06 -8.61283e-06 -2.1706e-05
1.145 0 0 0 0 -8.51347e-06 -5.22168e-06 -7.36452e-07 2.53615e-06 -1.33577e-05 -1.32391e-05 -1.23997e-05 -1.22667e-05 -3.80084e-07 -1.34692e-05 -2.41677e-05 -3.7267e-05
1.165 0 0 0 0 -1.1836e-05 -8.54833e-06 -4.0631e-06 -7.86415e-07 -2.05418e-05 -2.04208e-05 -1.95814e-05 -1.94508e-05 -1.08734e-05 -2.39605e-05 -3.46591e-05 -4.77603e-05
1.185 0 0 0 0 -1.17355e-05 -8.45362e-06 -3.9684e-06 -6.85878e-07 -1.88106e-05 -1.8684e-05 -1.78446e-05 -1.77196e-05 -1.00076e-05 -2.3096e-05 -3.37945e-05 -4.68945e-05
1.205 0 0 0 0 -2.8563e-06 4.44692e-07 4.92992e-06 8.19332e-06 -4.52133e-06 -4.4012e-06 -3.56178e-06 -3.43033e-06 7.73928e-06 -5.35123e-06 -1.60497e-05 -2.91476e-05
1.225 0 0 0 0 7.94219e-06 1.12538e-05 1.57391e-05 1.89918e-05 1.79795e-05 1.80987e-05 1.89381e-05 1.90705e-05 3.68699e-05 2.37733e-05 1.30748e-05 -1.69724e-08
1.245 0 0 0 0 1.26229e-05 1.59136e-05 2.03988e-05 2.36725e-05 3.85071e-05 3.86379e-05 3.94773e-05 3.95981e-05 6.64674e-05 5.33609e-05 4.26624e-05 2.95806e-05
1.265 0 0 0 0 1.59183e-05 1.92005e-05 2.36858e-05 2.6968e-05 5.25536e-05 5.26826e-05 5.3522e-05 5.36446e-05 9.12076e-05 7.80948e-05 6.73963e-05 5.43207e-05
1.285 0 0 0 0 2.50304e-05 2.8342e-05 3.28273e-05 3.60801e-05 6.49262e-05 6.50375e-05 6.58769e-05 6.60172e-05 0.00010992 9.68072e-05 8.61087e-05 7.30336e-05
1.305 0 0 0 0 4.12979e-05 4.46509e-05 4.91361e-05 5.23475e-05 8.51402e-05 8.52468e-05 8.60862e-05 8.62312e-05 0.000126582 0.000113468 0.00010277 8.96948e-05
1.325 0 0 0 0 5.07698e-05 5.41192e-05 5.86044e-05 6.18195e-05 0.000104182 0.000104314 0.000105153 0.000105273 0.000138576 0.000125457 0.000114758 0.00010169
1.345 0 0 0 0 4.72528e-05 5.05742e-05 5.50595e-05 5.83024e-05 0.000106923 0.000107067 0.000107906 0.000108014 0.000144407 0.000131283 0.000120585 0.000107521
1.365 0 0 0 0 3.88082e-05 4.2128e-05 4.66133e-05 4.98578e-05 9.41216e-05 9.42396e-05 9.50791e-05 9.52126e-05 0.00014437 0.000131248 0.00012055 0.000107483
1.385 0 0 0 0 3.10141e-05 3.43368e-05 3.8822e-05 4.20637e-05 7.82231e-05 7.83221e-05 7.91615e-05 7.93141e-05 0.000133426 0.000120309 0.00010961 9.65387e-05
1.405 0 0 0 0 2.76261e-05 3.09396e-05 3.54248e-05 3.86757e-05 6.90924e-05 6.92086e-05 7.0048e-05 7.01834e-05 0.000111933 9.88192e-05 8.81207e-05 7.50464e-05
1.425 0 0 0 0 3.00214e-05 3.33434e-05 3.78286e-05 4.10711e-05 6.4589e-05 6.47236e-05 6.5563e-05 6.568e-05 8.94875e-05 7.63774e-05 6.56789e-05 5.26006e-05
1.445 0 0 0 0 2.55353e-05 2.8862e-05 3.33472e-05 3.65849e-05 5.06698e-05 5.08038e-05 5.16432e-05 5.17607e-05 6.80619e-05 5.49573e-05 4.42588e-05 3.11751e-05
1.465 0 0 0 0 -4.72452e-07 2.80059e-06 7.28582e-06 1.05772e-05 1.38352e-05 1.39677e-05 1.48071e-05 1.49261e-05 3.63732e-05 2.32725e-05 1.2574e-05 -5.13597e-07
1.485 0 0 0 0 -1.90732e-05 -1.58136e-05 -1.13284e-05 -8.02354e-06 -1.98004e-05 -1.96904e-05 -1.8851e-05 -1.87095e-05 8.42026e-06 -4.67236e-06 -1.53708e-05 -2.84666e-05
1.505 0 0 0 0 -1.90936e-05 -1.58079e-05 -1.13227e-05 -8.044e-06 -3.17172e-05 -3.16169e-05 -3.07775e-05 -3.06262e-05 -1.19885e-05 -2.50733e-05 -3.57718e-05 -4.88754e-05
1.525 0 0 0 0 -1.01776e-05 -6.88033e-06 -2.39513e-06 8.718e-07 -2.36862e-05 -2.35595e-05 -2.27201e-05 -2.25955e-05 -2.31135e-05 -3.61976e-05 -4.68961e-05 -6.00005e-05
1.545 0 0 0 0 -3.90911e-06 -6.15919e-07 3.86933e-06 7.14053e-06 -1.19003e-05 -1.17519e-05 -1.0913e-05 -1.08108e-05 -1.96355e-05 -3.27233e-05 -4.34221e-05 -5.65237e-05
1.565 0 0 0 0 -1.35407e-06 1.9472e-06 6.43244e-06 9.69554e-06 -3.79849e-06 -3.67016e-06 -2.83125e-06 -2.70917e-06 2.60909e-06 -1.04812e-05 -2.11799e-05 -3.42791e-05
1.585 0 0 0 0 9.43793e-06 1.27688e-05 1.72541e-05 2.04875e-05 1.86336e-05 1.87276e-05 1.95666e-05 1.9723e-05 4.73739e-05 3.42788e-05 2.358e-05 1.04857e-05
1.605 0 0 0 0 1.96699e-05 2.29761e-05 2.74613e-05 3.07195e-05 5.35488e-05 5.36615e-05 5.45005e-05 5.46384e-05 9.43569e-05 8.12467e-05 7.0548e-05 5.74688e-05
1.625 0 0 0 0 3.14484e-05 3.473e-05 3.92152e-05 4.2498e-05 8.88342e-05 8.89775e-05 8.98165e-05 8.99237e-05 0.000133667 0.000120543 0.000109844 9.67793e-05
1.645 0 0 0 0 4.26803e-05 4.5987e-05 5.04722e-05 5.37299e-05 0.00010682 0.000106953 0.000107792 0.000107909 0.000157186 0.000144058 0.00013336 0.000120298
1.665 0 0 0 0 5.66768e-05 6.00479e-05 6.45332e-05 6.77264e-05 0.000117227 0.000117325 0.000118164 0.000118316 0.000171097 0.000157975 0.000147276 0.000134209
1.685 0 0 0 0 6.44455e-05 6.78279e-05 7.23132e-05 7.54951e-05 0.000128151 0.000128258 0.000129097 0.00012924 0.000176644 0.00016352 0.000152821 0.000139755
1.705 0 0 0 0 7.02309e-05 7.35999e-05 7.80851e-05 8.12806e-05 0.000142649 0.000142782 0.000143621 0.000143739 0.000185288 0.000172159 0.00016146 0.0001484
1.725 0 0 0 0 7.53942e-05 7.87715e-05 8.32567e-05 8.64438e-05 0.000153629 0.000153756 0.000154595 0.000154718 0.000201517 0.000188385 0.000177686 0.000164629
1.745 0 0 0 0 5.06285e-05 5.39331e-05 5.84183e-05 6.16782e-05 0.000129025 0.000129157 0.000129996 0.000130114 0.00019012 0.000176985 0.000166286 0.000153232
1.765 0 0 0 0 2.55823e-05 2.88533e-05 3.33386e-05 3.6632e-05 8.81078e-05 8.82226e-05 8.90615e-05 8.91971e-05 0.000156085 0.000142958 0.000132259 0.000119197
1.785 0 0 0 0 3.63069e-05 3.96722e-05 4.41575e-05 4.73566e-05 7.4306e-05 7.43829e-05 7.52218e-05 7.53953e-05 0.000126317 0.000113208 0.000102509 8.94293e-05
1.805 0 0 0 0 4.92838e-05 5.26784e-05 5.71636e-05 6.03335e-05 7.94587e-05 7.95732e-05 8.04121e-05 8.05479e-05 9.67157e-05 8.36113e-05 7.29126e-05 5.98277e-05
1.825 0 0 0 0 3.21972e-05 3.55013e-05 3.99865e-05 4.32469e-05 6.54381e-05 6.56199e-05 6.64587e-05 6.6527e-05 6.47206e-05 5.16099e-05 4.09113e-05 2.78329e-05
1.845 0 0 0 0 -4.37935e-06 -1.13793e-06 3.34734e-06 6.6704e-06 1.48073e-05 1.49614e-05 1.58003e-05 1.58963e-05 3.4576e-05 2.14709e-05 1.07723e-05 -2.31177e-06
1.865 0 0 0 0 -3.17572e-05 -2.84973e-05 -2.40119e-05 -2.07073e-05 -4.05828e-05 -4.05121e-05 -3.96734e-05 -3.9494e-05 5.03345e-06 -8.05414e-06 -1.87528e-05 -3.18543e-05
1.885 0 0 0 0 -3.48173e-05 -3.15424e-05 -2.70577e-05 -2.37701e-05 -5.78603e-05 -5.77894e-05 -5.69504e-05 -5.67711e-05 -2.60694e-05 -3.91485e-05 -4.98472e-05 -6.29575e-05
1.905 0 0 0 0 -9.92834e-06 -6.63046e-06 -2.14599e-06 1.11852e-06 -2.81921e-05 -2.80523e-05 -2.72136e-05 -2.71035e-05 -3.95235e-05 -5.26051e-05 -6.33037e-05 -7.64114e-05
1.925 0 0 0 0 1.20991e-05 1.54227e-05 1.99074e-05 2.31465e-05 3.54997e-06 3.7245e-06 4.56238e-06 4.6357e-06 -2.7826e-05 -4.09129e-05 -5.16122e-05 -6.47167e-05
1.945 0 0 0 0 4.21454e-06 7.52135e-06 1.2006e-05 1.52619e-05 2.77394e-06 2.91555e-06 3.75341e-06 3.85963e-06 9.20634e-09 -1.30818e-05 -2.3781e-05 -3.68812e-05
1.965 0 0 0 0 -3.06422e-06 2.39801e-07 4.72449e-06 7.98319e-06 5.82784e-06 5.90572e-06 6.74371e-06 6.91381e-06 4.93963e-05 3.63002e-05 2.5601e-05 1.25059e-05
1.985 0 0 0 0 1.03522e-05 1.36504e-05 1.81351e-05 2.13995e-05 4.38465e-05 4.39259e-05 4.47639e-05 4.49325e-05 0.000105501 9.23913e-05 8.16922e-05 6.86111e-05
2.005 0 0 0 0 4.39205e-05 4.72289e-05 5.17136e-05 5.49678e-05 0.00010788 0.000108014 0.000108852 0.000108966 0.000156119 0.000142992 0.000132292 0.000119229
2.025 0 0 0 0 7.56236e-05 7.89765e-05 8.34612e-05 8.6671e-05 0.000158071 0.000158229 0.000159067 0.000159156 0.000195416 0.00018228 0.000171581 0.000158526
2.045 0 0 0 0 6.94525e-05 7.27941e-05 7.72788e-05 8.04999e-05 0.000153014 0.000153156 0.000153994 0.0001541 0.000203217 0.00019008 0.000179381 0.000166327
2.065 0 0 0 0 5.03453e-05 5.36794e-05 5.81641e-05 6.13926e-05 0.000122137 0.000122234 0.000123072 0.000123223 0.000193069 0.000179939 0.000169239 0.000156178
2.085 0 0 0 0 4.09045e-05 4.42396e-05 4.87243e-05 5.19519e-05 0.000100533 0.000100617 0.000101455 0.000101619 0.000169832 0.000156708 0.000146009 0.000132941
2.105 0 0 0 0 5.5059e-05 5.84295e-05 6.29142e-05 6.61064e-05 0.000109036 0.000109146 0.000109984 0.000110122 0.000150805 0.000137686 0.000126987 0.000113915
2.125 0 0 0 0 5.88711e-05 6.22298e-05 6.67145e-05 6.99185e-05 0.000111995 0.00011215 0.000112988 0.000113081 0.000129146 0.000116026 0.000105327 9.22549e-05
2.145 0 0 0 0 2.79706e-05 3.1255e-05 3.57397e-05 3.9018e-05 7.12523e-05 7.14142e-05 7.22521e-05 7.23382e-05 9.34938e-05 8.03762e-05 6.9677e-05 5.6603e-05
2.165 0 0 0 0 1.38545e-07 3.42644e-06 7.91112e-06 1.11859e-05 1.85279e-05 1.86222e-05 1.94601e-05 1.96137e-05 6.26387e-05 4.9536e-05 3.88368e-05 2.57478e-05
2.185 0 0 0 0 -2.58502e-05 -2.25935e-05 -1.81088e-05 -1.48029e-05 -2.74105e-05 -2.7327e-05 -2.64891e-05 -2.63246e-05 1.58659e-05 2.7732e-06 -7.92604e-06 -2.10249e-05
2.205 0 0 0 0 -4.95393e-05 -4.63574e-05 -4.18723e-05 -3.84904e-05 -6.67799e-05 -6.66353e-05 -6.57975e-05 -6.56945e-05 -5.47203e-05 -6.78081e-05 -7.85073e-05 -9.16112e-05
2.225 0 0 0 0 -2.66767e-05 -2.33755e-05 -1.88907e-05 -1.56291e-05 -6.9235e-05 -6.91095e-05 -6.82719e-05 -6.815e-05 -9.07414e-05 -0.00010381 -0.000114509 -0.000127632
2.245 0 0 0 0 -1.52353e-05 -1.18801e-05 -7.39589e-06 -4.18965e-06 -6.7977e-05 -6.78596e-05 -6.70225e-05 -6.68939e-05 -0.00010438 -0.000117441 -0.00012814 -0.000141272
2.265 0 0 0 0 -4.15589e-05 -3.83214e-05 -3.38374e-05 -3.05137e-05 -8.15949e-05 -8.14406e-05 -8.06035e-05 -8.05119e-05 -0.000104697 -0.00011777 -0.000128469 -0.000141588
2.285 0 0 0 0 -3.9301e-05 -3.60545e-05 -3.15704e-05 -2.82558e-05 -6.67655e-05 -6.6656e-05 -6.58189e-05 -6.56824e-05 -5.59442e-05 -6.90231e-05 -7.97227e-05 -9.28356e-05
2.305 0 0 0 0 6.72808e-06 1.00937e-05 1.45778e-05 1.77732e-05 2.71038e-06 2.76587e-06 3.60296e-06 3.79344e-06 3.61045e-05 2.30181e-05 1.23186e-05 -7.86832e-07
2.325 0 0 0 0 5.09385e-05 5.42996e-05 5.87836e-05 6.19835e-05 9.97834e-05 9.99043e-05 0.000100741 0.000100867 0.000132955 0.000119838 0.000109138 9.60635e-05
2.345 0 0 0 0 8.46876e-05 8.80172e-05 9.25012e-05 9.57326e-05 0.00018674 0.00018692 0.000187757 0.000187823 0.000229605 0.000216456 0.000205756 0.000192713
2.365 0 0 0 0 0.000119316 0.000122729 0.000127212 0.000130358 0.0002483 0.000248417 0.000249254 0.000249383 0.000329237 0.000316078 0.000305378 0.000292346
2.385 0 0 0 0 0.00013639 0.000139843 0.000144325 0.00014743 0.000285898 0.000285961 0.000286796 0.000286974 0.000402586 0.000389415 0.000378714 0.00036569
2.405 0 0 0 0 0.000142597 0.000146001 0.000150482 0.000153632 0.000315835 0.000315934 0.000316768 0.000316908 0.000438012 0.000424825 0.000414124 0.000401115
2.425 0 0 0 0 0.000164061 0.000167493 0.000171973 0.000175092 0.000348064 0.00034819 0.000349025 0.000349138 0.000455261 0.000442069 0.000431367 0.000418364
2.445 0 0 0 0 0.00012138 0.000124693 0.000129173 0.000132411 0.000289718 0.00028989 0.000290724 0.000290793 0.000385322 0.000372132 0.000361431 0.000348425
2.465 0 0 0 0 8.90732e-05 9.24382e-05 9.69184e-05 0.000100104 0.000200694 0.000200785 0.00020162 0.000201768 0.000291534 0.00027838 0.000267679 0.000254637
2.485 0 0 0 0 5.80149e-05 6.14187e-05 6.58988e-05 6.90458e-05 0.000110794 0.000110846 0.000111681 0.000111869 0.000174492 0.000161372 0.000150671 0.000137595
2.505 0 0 0 0 -5.48492e-06 -2.24693e-06 2.23324e-06 5.54603e-06 7.62354e-06 7.77465e-06 8.60925e-06 8.69788e-06 2.03304e-05 7.22488e-06 -3.47634e-06 -1.65668e-05
2.525 0 0 0 0 -4.31386e-05 -3.99194e-05 -3.54392e-05 -3.21078e-05 -8.18936e-05 -8.17357e-05 -8.09011e-05 -8.08193e-05 -0.000106325 -0.000119403 -0.000130104 -0.000143222
2.545 0 0 0 0 -6.34141e-05 -6.01182e-05 -5.56409e-05 -5.23926e-05 -0.000156263 -0.000156177 -0.000155343 -0.00015519 -0.000193787 -0.000206831 -0.000217532 -0.000230685
2.565 0 0 0 0 -9.90125e-05 -9.579e-05 -9.13134e-05 -8.79945e-05 -0.000212281 -0.000212181 -0.000211348 -0.00021121 -0.000257158 -0.000270193 -0.000280895 -0.000294056
2.585 0 0 0 0 -0.000146051 -0.000142999 -0.000138523 -0.000135034 -0.000257742 -0.000257572 -0.000256739 -0.000256672 -0.000305471 -0.000318515 -0.000329217 -0.00034237
2.605 0 0 0 0 -0.000212537 -0.000209647 -0.000205172 -0.000201524 -0.000346845 -0.000346658 -0.000345825 -0.000345777 -0.000385661 -0.000398699 -0.000409401 -0.00042256
2.625 0 0 0 0 -0.000153909 -0.000150666 -0.000146192 -0.000142902 -0.000338379 -0.000338379 -0.000337547 -0.000337313 -0.000380324 -0.000393318 -0.00040402 -0.000417225
2.645 0 0 0 0 -6.53441e-05 -6.19079e-05 -5.74349e-05 -5.43406e-05 -0.000225102 -0.000225071 -0.000224239 -0.000224038 -0.000311392 -0.000324392 -0.000335096 -0.000348296
2.665 0 0 0 0 -9.64822e-05 -9.346e-05 -8.8987e-05 -8.54783e-05 -0.000166832 -0.000166512 -0.000165681 -0.000165771 -0.000270829 -0.0002839 -0.000294604 -0.000307736
2.685 0 0 0 0 -2.615e-05 -2.2891e-05 -1.8418e-05 -1.5146e-05 -5.87606e-05 -5.86186e-05 -5.77875e-05 -5.7699e-05 -8.14077e-05 -9.44881e-05 -0.000105192 -0.000118315
2.705 0 0 0 0 3.14111e-05 3.48611e-05 3.93342e-05 4.24153e-05 4.19429e-05 4.18969e-05 4.2728e-05 4.30044e-05 0.000120266 0.000107173 9.64688e-05 8.33595e-05
2.725 0 0 0 0 1.71513e-05 2.02995e-05 2.47727e-05 2.81556e-05 0.000123508 0.000123636 0.000124467 0.000124569 0.000233715 0.000220552 0.000209848 0.000196808
2.745 0 0 0 0 -7.42832e-06 -4.50293e-06 -3.07818e-08 3.57299e-06 0.000138972 0.000139243 0.000140075 0.000140035 0.000241951 0.000228755 0.000218051 0.000205044
2.765 0 0 0 0 8.45824e-05 8.8018e-05 9.24905e-05 9.55846e-05 0.000165051 0.000165077 0.000165908 0.000166113 0.000253339 0.000240205 0.000229501 0.000216432
2.785 0 0 0 0 0.000177547 0.000181342 0.000185816 0.000188552 0.000227047 0.000226991 0.000227822 0.000228109 0.00026244 0.000249339 0.000238636 0.000225533
2.805 0 0 0 0 0.000158369 0.000161833 0.000166307 0.000169374 0.000276368 0.0002766 0.000277431 0.00027743 0.000261915 0.000248758 0.000238054 0.000225008
2.825 0 0 0 0 2.37505e-05 2.67086e-05 3.11821e-05 3.47553e-05 0.000172657 0.000173024 0.000173855 0.000173719 0.00021294 0.000199743 0.000189039 0.000176034
2.845 0 0 0 0 -5.90194e-05 -5.59198e-05 -5.14461e-05 -4.80139e-05 -9.1776e-06 -9.17052e-06 -8.33956e-06 -8.11722e-06 0.00014383 0.000130696 0.000119992 0.00010692
2.865 0 0 0 0 -5.42327e-05 -5.08317e-05 -4.63578e-05 -4.32264e-05 -0.00010515 -0.000105344 -0.000104514 -0.000104092 2.8714e-05 1.56503e-05 4.94634e-06 -8.19709e-06
2.885 0 0 0 0 -8.20216e-05 -7.89012e-05 -7.44272e-05 -7.10152e-05 -0.000141698 -0.0001415 -0.000140671 -0.000140641 -0.000186771 -0.000199847 -0.000210552 -0.000223683
2.905 0 0 0 0 -0.000183383 -0.000180622 -0.000176147 -0.000172375 -0.000292529 -0.000292044 -0.000291216 -0.000291477 -0.000466242 -0.00047931 -0.000490016 -0.000503162
2.925 0 0 0 0 -0.000232869 -0.00022973 -0.000225259 -0.000221877 -0.000515162 -0.000515082 -0.000514259 -0.000514124 -0.000657005 -0.000669954 -0.000680659 -0.000693923
2.945 0 0 0 0 -0.000175713 -0.000172039 -0.000167574 -0.00016474 -0.000549701 -0.000549994 -0.000549166 -0.000548656 -0.000653759 -0.000666631 -0.000677338 -0.000690682
2.965 0 0 0 0 -0.000355002 -0.000352374 -0.00034791 -0.00034403 -0.000612977 -0.000612662 -0.000611836 -0.000611934 -0.000764657 -0.000777646 -0.000788353 -0.000801579
2.985 0 0 0 0 -0.000481174 -0.000479051 -0.000474584 -0.000470198 -0.000718415 -0.000717906 -0.000717081 -0.000717377 -0.000859465 -0.000872489 -0.000883198 -0.000896391
3.005 0 0 0 0 -0.000224073 -0.000220546 -0.000216079 -0.000213098 -0.000600209 -0.000600494 -0.000599669 -0.000599172 -0.000679337 -0.000692213 -0.00070292 -0.000716259
3.025 0 0 0 0 1.6238e-05 2.02726e-05 2.47375e-05 2.7207e-05 -0.000266678 -0.000266942 -0.000266115 -0.000265636 -0.000404123 -0.000417033 -0.000427742 -0.00044105
3.045 0 0 0 0 -9.61232e-05 -9.3495e-05 -8.90307e-05 -8.51549e-05 -6.7804e-05 -6.70965e-05 -6.62713e-05 -6.67667e-05 -0.000251209 -0.000264363 -0.00027507 -0.000288134
3.065 0 0 0 0 -8.49646e-05 -8.22956e-05 -7.7832e-05 -7.39983e-05 2.29985e-05 2.34333e-05 2.42601e-05 2.40397e-05 5.15957e-05 3.84024e-05 2.76934e-05 1.46675e-05
3.085 0 0 0 0 0.000187777 0.000191895 0.000196359 0.000198746 0.000235861 0.000235263 0.000236087 0.000236893 0.000514799 0.000501705 0.000490996 0.000477863
3.105 0 0 0 0 0.000309502 0.000313375 0.000317838 0.000320462 0.000562782 0.000562578 0.000563396 0.000563794 0.000801131 0.000787905 0.000777195 0.000764192
3.125 0 0 0 0 0.000250721 0.000253385 0.000257831 0.00026162 0.000769655 0.000770437 0.000771259 0.000770676 0.000872847 0.000859408 0.000848695 0.000835901
3.145 0 0 0 0 0.00029858 0.00030176 0.000306208 0.000309482 0.000733583 0.000733927 0.000734747 0.0007346 0.000923281 0.000909917 0.000899202 0.000886333
3.165 0 0 0 0 0.000469705 0.00047427 0.000478722 0.000480623 0.000704925 0.000704303 0.000705121 0.000705936 0.00102125 0.00100806 0.000997351 0.0009843
3.185 0 0 0 0 0.000226838 0.000230213 0.000234663 0.00023775 0.000531188 0.000531261 0.000532081 0.000532203 0.000746432 0.00073315 0.000722435 0.000709482
3.205 0 0 0 0 -5.34261e-05 -5.12058e-05 -4.67562e-05 -4.25156e-05 0.00024258 0.000243301 0.000244121 0.000243594 0.000320885 0.000307554 0.00029684 0.000283937
3.225 0 0 0 0 0.000257185 0.00026138 0.000265831 0.000268098 0.000262336 0.000262012 0.000262832 0.00026335 0.000317469 0.000304395 0.00029368 0.00028052
3.245 0 0 0 0 0.000332358 0.000336863 0.000341314 0.00034327 0.000293188 0.000292839 0.000293658 0.000294202 0.000262303 0.000249267 0.000238553 0.000225355
3.265 0 0 0 0 -0.000124565 -0.000122336 -0.000117886 -0.000113653 2.58431e-05 2.66727e-05 2.74924e-05 2.68564e-05 -6.73682e-05 -8.06201e-05 -9.13346e-05 -0.000104317
3.285 0 0 0 0 -0.000391518 -0.000389564 -0.000385113 -0.000380606 -0.000395915 -0.000395446 -0.000394626 -0.000394901 -0.000322165 -0.000335337 -0.000346052 -0.000359114
3.305 0 0 0 0 -0.000333057 -0.00032962 -0.00032517 -0.000322148 -0.000718645 -0.000719347 -0.000718527 -0.000717631 -0.000547739 -0.000560621 -0.000571336 -0.000584688
3.325 0 0 0 0 -0.000309073 -0.000305667 -0.00030122 -0.000298175 -0.000776784 -0.000777055 -0.000776235 -0.000775771 -0.000916648 -0.000929492 -0.000940207 -0.000953599
3.345 0 0 0 0 -0.000375038 -0.00037264 -0.000368193 -0.00036414 -0.000738323 -0.000737473 -0.000736669 -0.000737367 -0.00125891 -0.00127187 -0.0012826 -0.0012959
3.365 0 0 0 0 -0.000323151 -0.000320242 -0.000315796 -0.000312253 -0.000772108 -0.000771626 -0.000770824 -0.000771161 -0.00124889 -0.00126178 -0.0012725 -0.00128588
3.385 0 0 0 0 -0.000499562 -0.000496546 -0.000492108 -0.000488703 -0.00106592 -0.00106618 -0.00106538 -0.00106498 -0.00121336 -0.00122617 -0.0012369 -0.00125035
3.405 0 0 0 0 -0.000626632 -0.000624062 -0.000619625 -0.000615781 -0.00113456 -0.00113486 -0.00113406 -0.00113362 -0.00111577 -0.00112863 -0.00113936 -0.00115277
3.425 0 0 0 0 -0.000366526 -0.000363732 -0.000359299 -0.000355685 -0.000690005 -0.000689957 -0.000689157 -0.000689063 -0.00079476 -0.000807719 -0.000818443 -0.000831752
3.445 0 0 0 0 -6.88618e-05 -6.57939e-05 -6.13605e-05 -5.80211e-05 -0.000196141 -0.00019571 -0.00019491 -0.000195199 -0.000451226 -0.000464288 -0.000475013 -0.000488219
3.465 0 0 0 0 0.000116689 0.000120142 0.000124576 0.00012753 0.000116658 0.00011694 0.00011774 0.000117599 -4.39471e-05 -5.70625e-05 -6.77866e-05 -8.09396e-05
3.485 0 0 0 0 3.27404e-05 3.59102e-05 4.03445e-05 4.3583e-05 0.000137822 0.000137864 0.000138664 0.000138764 0.000260261 0.000247078 0.000236353 0.000223267
3.505 0 0 0 0 -0.000100276 -9.75548e-05 -9.3121e-05 -8.94349e-05 7.63336e-05 7.62773e-05 7.70774e-05 7.72751e-05 0.000409108 0.000395868 0.000385143 0.000372115
3.525 0 0 0 0 3.75439e-05 4.06903e-05 4.51242e-05 4.83857e-05 0.000216487 0.000216349 0.000217149 0.000217428 0.000504521 0.000491296 0.00048057 0.000467524
3.545 0 0 0 0 0.00037266 0.000376652 0.000381087 0.000383503 0.000571081 0.000571052 0.000571852 0.000572022 0.000618841 0.000605639 0.000594913 0.000581844
3.565 0 0 0 0 0.000511027 0.000515 0.000519433 0.00052186 0.000816377 0.000816742 0.000817542 0.000817318 0.000707701 0.000694433 0.000683707 0.000670703
3.585 0 0 0 0 0.000361884 0.000365295 0.000369729 0.000372719 0.00073547 0.000735865 0.000736665 0.000736412 0.000783465 0.000770135 0.00075941 0.000746467
3.605 0 0 0 0 0.00027855 0.000282154 0.000286586 0.000289383 0.00061668 0.000616432 0.000617231 0.000617619 0.000981033 0.000967739 0.000957014 0.000944036
3.625 0 0 0 0 0.000237149 0.000240646 0.000245078 0.000247979 0.000598412 0.000598062 0.000598853 0.000599325 0.00105694 0.00104363 0.0010329 0.00101993
3.645 0 0 0 0 0.000270867 0.000274048 0.00027848 0.000281698 0.000699086 0.000699261 0.000700053 0.000699999 0.000960861 0.000947484 0.000936754 0.000923847
3.665 0 0 0 0 0.000307537 0.000310812 0.000315244 0.000318369 0.000671817 0.000672229 0.000673022 0.000672731 0.000724855 0.000711514 0.000700785 0.000687842
3.685 0 0 0 0 -3.66507e-06 -7.89116e-07 3.64277e-06 7.16592e-06 0.000116862 0.000117183 0.000117976 0.000117777 0.000138843 0.000125624 0.000114895 0.000101831
3.705 0 0 0 0 -0.000442521 -0.000439997 -0.000435565 -0.000431689 -0.00071069 -0.000710752 -0.000709959 -0.000709776 -0.000659725 -0.000672736 -0.000683465 -0.000696737
3.725 0 0 0 0 -0.000538532 -0.00053544 -0.000531008 -0.0005277 -0.00116948 -0.0011699 -0.00116911 -0.00116856 -0.00128768 -0.00130046 -0.00131119 -0.0013247
3.745 0 0 0 0 -0.000462784 -0.000459537 -0.00045511 -0.00045197 -0.00120215 -0.00120214 -0.00120135 -0.00120126 -0.00169579 -0.00170851 -0.00171924 -0.00173281
3.765 0 0 0 0 -0.000523085 -0.000520484 -0.000516057 -0.00051227 -0.00119519 -0.00119453 -0.00119375 -0.00119433 -0.00189549 -0.00190829 -0.00191902 -0.00193253
3.785 0 0 0 0 -0.000844944 -0.000843134 -0.000838711 -0.000834157 -0.00154955 -0.00154902 -0.00154824 -0.0015487 -0.00202 -0.00203281 -0.00204355 -0.00205704
3.805 0 0 0 0 -0.00091176 -0.000909318 -0.000904909 -0.000901037 -0.00176531 -0.00176581 -0.00176503 -0.00176445 -0.00186942 -0.00188211 -0.00189285 -0.00190646
3.825 0 0 0 0 -0.000754197 -0.000751436 -0.000747028 -0.000743475 -0.00152659 -0.0015271 -0.00152633 -0.00152573 -0.00163296 -0.00164568 -0.00165641 -0.00166999
3.845 0 0 0 0 -0.000555071 -0.000552858 -0.00054845 -0.000544348 -0.00103222 -0.0010317 -0.00103092 -0.00103136 -0.00142617 -0.00143909 -0.00144982 -0.00146321
3.865 0 0 0 0 -9.65903e-05 -9.33718e-05 -8.89644e-05 -8.58704e-05 -0.000394109 -0.000393645 -0.000392865 -0.000393252 -0.000850913 -0.00086389 -0.000874625 -0.00088795
3.885 0 0 0 0 0.000232803 0.000236988 0.000241396 0.000243525 0.000115925 0.000115751 0.00011653 0.000116782 -4.42426e-05 -5.7272e-05 -6.80087e-05 -8.12812e-05
3.905 0 0 0 0 0.000186152 0.000189472 0.00019388 0.000196874 0.000455402 0.00045535 0.000456129 0.000456259 0.000693048 0.000679765 0.000669028 0.00065601
3.925 0 0 0 0 -3.97703e-05 -3.78938e-05 -3.34896e-05 -2.90629e-05 0.000552678 0.000553037 0.000553808 0.000553496 0.00108473 0.0010712 0.00106046 0.00104769
3.945 0 0 0 0 0.000222444 0.000225483 0.000229889 0.000233154 0.000753731 0.000753463 0.000754232 0.000754538 0.0013537 0.00134025 0.00132951 0.00131665
3.965 0 0 0 0 0.00115087 0.00115697 0.00116136 0.00116151 0.00163797 0.00163696 0.00163772 0.00163875 0.00194959 0.0019363 0.00192556 0.00191253
3.985 0 0 0 0 0.00133904 0.00134391 0.00134826 0.0013495 0.00228681 0.00228738 0.00228814 0.0022876 0.0022424 0.00222878 0.00221803 0.00220532
4.005 0 0 0 0 0.000664133 0.00066602 0.000670364 0.000674556 0.00189509 0.00189667 0.00189744 0.0018959 0.00211764 0.00210372 0.00209298 0.00208057
4.025 0 0 0 0 0.000460994 0.000464401 0.00046875 0.00047143 0.0012401 0.00123932 0.00124007 0.00124083 0.00219038 0.00217679 0.00216604 0.00215327
4.045 0 0 0 0 0.000506773 0.000511508 0.000515858 0.000517216 0.000935992 0.000934182 0.000934919 0.00093668 0.00194781 0.00193446 0.00192371 0.00191067
4.065 0 0 0 0 0.000184 0.000186261 0.00019061 0.000194439 0.000726947 0.000727559 0.000728297 0.000727638 0.000920664 0.000907111 0.000896349 0.000883507
4.085 0 0 0 0 0.000116976 0.000119111 0.00012346 0.000127418 0.000377787 0.000379163 0.000379901 0.000378476 -6.10228e-05 -7.4433e-05 -8.51945e-05 -9.81784e-05
4.105 0 0 0 0 0.000210271 0.000214988 0.000219335 0.000220708 -0.000244658 -0.000245187 -0.000244448 -0.000243966 -0.000631994 -0.000644871 -0.000655631 -0.000669148
4.125 0 0 0 0 -0.000315211 -0.000311356 -0.000307012 -0.000304779 -0.00102676 -0.00102759 -0.00102684 -0.00102606 -0.00122697 -0.00123974 -0.0012505 -0.00126413
4.145 0 0 0 0 -0.0010411 -0.00104029 -0.00103595 -0.00103067 -0.0015955 -0.001595 -0.00159426 -0.0015948 -0.00179667 -0.00180967 -0.00182043 -0.00183383
4.165 0 0 0 0 -0.00116586 -0.00116508 -0.00116073 -0.00115542 -0.00187209 -0.0018717 -0.00187096 -0.00187139 -0.00210933 -0.00212224 -0.00213301 -0.00214649
4.185 0 0 0 0 -0.000623589 -0.000620011 -0.000615657 -0.000613151 -0.00166752 -0.00166836 -0.00166762 -0.00166682 -0.00203704 -0.00204963 -0.00206039 -0.00207419
4.205 0 0 0 0 -0.0003251 -0.000321319 -0.000316973 -0.000314683 -0.00120121 -0.00120143 -0.0012007 -0.00120055 -0.00187356 -0.00188625 -0.00189701 -0.00191072
4.225 0 0 0 0 -0.00075622 -0.000755288 -0.000750944 -0.000745805 -0.00120545 -0.00120409 -0.00120335 -0.00120479 -0.0018881 -0.00190116 -0.00191192 -0.00192526
4.245 0 0 0 0 -0.00104805 -0.00104721 -0.00104287 -0.00103764 -0.00159376 -0.00159339 -0.00159265 -0.00159309 -0.00172652 -0.00173952 -0.00175029 -0.00176369
4.265 0 0 0 0 -0.00103426 -0.00103186 -0.00102751 -0.00102386 -0.00192393 -0.00192521 -0.00192447 -0.00192327 -0.00166489 -0.00167761 -0.00168837 -0.00170206
4.285 0 0 0 0 -0.00101732 -0.00101539 -0.00101105 -0.00100693 -0.00189066 -0.00189107 -0.00189034 -0.00188999 -0.00203011 -0.00204287 -0.00205364 -0.00206728
4.305 0 0 0 0 -0.000657378 -0.000655381 -0.000651044 -0.000646998 -0.00139687 -0.00139604 -0.0013953 -0.00139621 -0.00220567 -0.00221852 -0.00222929 -0.00224284
4.325 0 0 0 0 -0.000209124 -0.000205632 -0.000201295 -0.000198747 -0.000961037 -0.000960599 -0.000959881 -0.000960423 -0.00188501 -0.0018978 -0.00190857 -0.00192221
4.345 0 0 0 0 -0.000299384 -0.000295982 -0.000291643 -0.000289001 -0.000933993 -0.000934204 -0.000933483 -0.000933374 -0.00136302 -0.00137587 -0.00138664 -0.00140023
4.365 0 0 0 0 -0.000672801 -0.000671021 -0.000666681 -0.000662413 -0.000980261 -0.000980464 -0.000979741 -0.000979638 -0.000815035 -0.000828131 -0.000838903 -0.00085224
4.385 0 0 0 0 -0.00069104 -0.000689766 -0.000685427 -0.000680656 -0.00075263 -0.000752762 -0.000752039 -0.000752007 -0.000340502 -0.000353758 -0.000364529 -0.000377705
4.405 0 0 0 0 -0.000511021 -0.000509348 -0.00050501 -0.000500639 -0.000575102 -0.00057505 -0.000574326 -0.00057448 -0.00036552 -0.00037876 -0.000389532 -0.000402724
4.425 0 0 0 0 -0.000208769 -0.000205888 -0.000201549 -0.000198386 -0.000483256 -0.000483212 -0.000482489 -0.000482634 -0.000690096 -0.000703167 -0.000713938 -0.000727299
4.445 0 0 0 0 3.20797e-05 3.59808e-05 4.03191e-05 4.2462e-05 -0.000414661 -0.000414698 -0.000413975 -0.000414039 -0.000924417 -0.000937348 -0.000948119 -0.00096162
4.465 0 0 0 0 -0.000149202 -0.000146034 -0.000141695 -0.000138818 -0.000553143 -0.000552901 -0.000552178 -0.00055252 -0.00103464 -0.00104763 -0.0010584 -0.00107185
4.485 0 0 0 0 -0.000595024 -0.000593227 -0.000588886 -0.000584634 -0.000932244 -0.000931991 -0.000931268 -0.000931622 -0.00106599 -0.00107908 -0.00108985 -0.0011032
4.505 0 0 0 0 -0.000853836 -0.000852273 -0.000847936 -0.000843455 -0.00128853 -0.00128884 -0.00128811 -0.00128791 -0.0011046 -0.00111763 -0.0011284 -0.0011418
4.525 0 0 0 0 -0.000948711 -0.000947114 -0.000942775 -0.000938326 -0.0015512 -0.00155154 -0.00155081 -0.00155058 -0.00148041 -0.00149335 -0.00150412 -0.00151762
4.545 0 0 0 0 -0.000768686 -0.000766502 -0.000762163 -0.000758301 -0.00154571 -0.00154566 -0.00154493 -0.00154509 -0.00196225 -0.00197507 -0.00198584 -0.00199946
4.565 0 0 0 0 -0.000526562 -0.000523597 -0.000519258 -0.00051618 -0.00143288 -0.00143259 -0.00143186 -0.00143225 -0.00225802 -0.00227073 -0.0022815 -0.00229522
4.585 0 0 0 0 -0.000747516 -0.000745197 -0.000740858 -0.000737132 -0.0016865 -0.00168606 -0.00168534 -0.00168588 -0.00247761 -0.00249034 -0.00250111 -0.00251481
4.605 0 0 0 0 -0.00113385 -0.00113232 -0.00112798 -0.00112347 -0.00211147 -0.00211146 -0.00211074 -0.00211086 -0.00250246 -0.0025152 -0.00252597 -0.00253966
4.625 0 0 0 0 -0.00129851 -0.00129712 -0.0012928 -0.0012882 -0.0023097 -0.00231017 -0.00230945 -0.00230909 -0.00241169 -0.00242441 -0.00243518 -0.0024489
4.645 0 0 0 0 -0.00143624 -0.00143557 -0.00143125 -0.00142594 -0.00242911 -0.00242905 -0.00242833 -0.0024285 -0.00267317 -0.00268593 -0.0026967 -0.00271037
4.665 0 0 0 0 -0.00134788 -0.00134693 -0.00134261 -0.00133758 -0.0024786 -0.0024782 -0.00247748 -0.00247799 -0.00308931 -0.00310199 -0.00311276 -0.00312652
4.685 0 0 0 0 -0.000982106 -0.000979429 -0.000975117 -0.000971829 -0.00235555 -0.00235568 -0.00235498 -0.00235503 -0.00323253 -0.003245 -0.00325577 -0.00326974
4.705 0 0 0 0 -0.000867823 -0.000864911 -0.000860601 -0.000857555 -0.00220342 -0.00220352 -0.00220282 -0.0022029 -0.0031217 -0.00313417 -0.00314494 -0.0031589
4.725 0 0 0 0 -0.00105719 -0.0010556 -0.00105129 -0.00104692 -0.00208309 -0.00208273 -0.00208203 -0.00208257 -0.00275719 -0.00276989 -0.00278067 -0.00279439
4.745 0 0 0 0 -0.00113717 -0.00113606 -0.00113175 -0.0011269 -0.00192901 -0.00192894 -0.00192824 -0.00192851 -0.00216221 -0.00217506 -0.00218584 -0.00219942
4.765 0 0 0 0 -0.000933546 -0.000931738 -0.000927429 -0.000923278 -0.00160988 -0.00161038 -0.00160969 -0.00160938 -0.00156947 -0.00158236 -0.00159313 -0.00160668
4.785 0 0 0 0 -0.000633024 -0.000630846 -0.000626536 -0.000622758 -0.00113198 -0.00113219 -0.0011315 -0.00113147 -0.00121934 -0.00123232 -0.00124309 -0.00125656
4.805 0 0 0 0 -0.000377063 -0.000374827 -0.000370517 -0.000366797 -0.000698811 -0.000698397 -0.000697704 -0.000698307 -0.00104917 -0.00106225 -0.00107302 -0.00108638
4.825 0 0 0 0 -0.000334805 -0.000332446 -0.000328136 -0.000324539 -0.000648843 -0.000648461 -0.000647767 -0.00064834 -0.00100235 -0.00101542 -0.0010262 -0.00103956
4.845 0 0 0 0 -0.000519774 -0.000517404 -0.000513094 -0.000509507 -0.000962445 -0.000962615 -0.000961922 -0.000961941 -0.00107907 -0.00109207 -0.00110284 -0.00111628
4.865 0 0 0 0 -0.000732535 -0.00073045 -0.00072614 -0.000722267 -0.00127768 -0.00127808 -0.00127738 -0.00127718 -0.00127121 -0.00128416 -0.00129493 -0.00130842
4.885 0 0 0 0 -0.00111398 -0.00111316 -0.00110885 -0.00110371 -0.00174667 -0.00174642 -0.00174573 -0.00174617 -0.00190518 -0.00191814 -0.00192892 -0.00194239
4.905 0 0 0 0 -0.00169215 -0.00169249 -0.00168817 -0.00168187 -0.00272743 -0.00272677 -0.00272607 -0.00272693 -0.00316684 -0.00317963 -0.0031904 -0.00320405
4.925 0 0 0 0 -0.00200834 -0.00200782 -0.00200361 -0.00199851 -0.00385954 -0.00385971 -0.00385902 -0.00385904 -0.00460794 -0.00462023 -0.004631 -0.00464516
4.945 0 0 0 0 -0.00212 -0.00211847 -0.00211435 -0.00211057 -0.00465684 -0.00465756 -0.00465695 -0.00465667 -0.00588748 -0.00589933 -0.00591012 -0.00592472
4.965 0 0 0 0 -0.0024925 -0.00249232 -0.00248823 -0.00248326 -0.00523171 -0.00523144 -0.0052309 -0.00523182 -0.00696301 -0.00697485 -0.00698568 -0.00700039
4.985 0 0 0 0 -0.00285541 -0.00285639 -0.00285233 -0.00284637 -0.00568558 -0.00568495 -0.00568443 -0.00568574 -0.00746734 -0.00747918 -0.00749001 -0.00750475
5.005 0 0 0 0 -0.00273883 -0.00273858 -0.00273453 -0.00272986 -0.00569207 -0.00569268 -0.00569215 -0.00569221 -0.0070917 -0.00710341 -0.00711424 -0.00712912
5.025 0 0 0 0 -0.00244239 -0.00244168 -0.00243764 -0.00243344 -0.00509198 -0.00509288 -0.00509235 -0.00509214 -0.00620916 -0.00622103 -0.00623186 -0.00624659
5.045 0 0 0 0 -0.00221575 -0.00221635 -0.00221232 -0.00220681 -0.00414679 -0.00414646 -0.00414593 -0.00414696 -0.00519639 -0.00520872 -0.00521955 -0.00523381
5.065 0 0 0 0 -0.00169027 -0.00169038 -0.00168635 -0.00168134 -0.00308509 -0.00308468 -0.00308416 -0.00308527 -0.00391002 -0.00392263 -0.00393347 -0.00394744
5.085 0 0 0 0 -0.000951674 -0.000949686 -0.000945659 -0.000942758 -0.0020251 -0.00202576 -0.00202525 -0.00202529 -0.00244355 -0.00245625 -0.00246708 -0.00248098
5.105 0 0 0 0 -0.000363373 -0.000360674 -0.000356644 -0.000354455 -0.000878918 -0.000879641 -0.000879122 -0.000879106 -0.00102107 -0.00103405 -0.00104488 -0.0010585
5.125 0 0 0 0 -8.57197e-06 -6.67433e-06 -2.63674e-06 3.64396e-07 0.000220504 0.0002207 0.000221217 0.00022032 0.000246399 0.000232961 0.000222126 0.00020897
5.145 0 0 0 0 0.000283219 0.00028514 0.000289183 0.000292196 0.000963405 0.000963607 0.000964123 0.000963226 0.00130519 0.0012915 0.00128067 0.00126776
5.165 0 0 0 0 0.000613163 0.000616369 0.000620419 0.000622165 0.00138726 0.00138652 0.00138705 0.00138709 0.00207354 0.00205987 0.00204903 0.00203612
5.185 0 0 0 0 0.000831653 0.000835316 0.000839341 0.000840593 0.00171098 0.00171016 0.00171069 0.00171082 0.00241471 0.002401 0.00239017 0.00237729
5.205 0 0 0 0 0.000705413 0.000707928 0.000711955 0.000714347 0.00171467 0.00171485 0.00171537 0.00171451 0.00217137 0.00215752 0.00214669 0.00213394
5.225 0 0 0 0 0.000523161 0.000525566 0.000529594 0.0005321 0.00130105 0.00130122 0.00130174 0.00130089 0.00162095 0.00160723 0.0015964 0.00158352
5.245 0 0 0 0 0.000464973 0.000468653 0.000472682 0.000473916 0.000746039 0.000745191 0.000745715 0.000745875 0.00103422 0.00102085 0.00101001 0.000996794
5.265 0 0 0 0 0.000251293 0.000254787 0.000258816 0.000260236 0.000268252 0.000267491 0.000268014 0.000268085 0.00035564 0.000342401 0.000331566 0.000318211
5.285 0 0 0 0 -0.000130851 -0.000128863 -0.000124834 -0.000121909 -0.000165451 -0.000165259 -0.000164736 -0.000165619 -0.000348827 -0.000362113 -0.000372948 -0.000386256
5.305 0 0 0 0 -0.00051259 -0.000511231 -0.000507202 -0.000503644 -0.000795536 -0.000795336 -0.000794813 -0.000795704 -0.00102044 -0.00103361 -0.00104445 -0.00105787
5.325 0 0 0 0 -0.000878925 -0.00087735 -0.000873322 -0.000869991 -0.00162861 -0.00162918 -0.00162866 -0.00162878 -0.00177603 -0.00178893 -0.00179976 -0.00181346
5.345 0 0 0 0 -0.00118065 -0.00117919 -0.00117516 -0.00117172 -0.00230859 -0.00230929 -0.00230877 -0.00230876 -0.00262379 -0.00263648 -0.00264731 -0.00266122
5.365 0 0 0 0 -0.00137219 -0.00137127 -0.00136725 -0.00136325 -0.00270284 -0.00270289 -0.00270236 -0.00270301 -0.00343485 -0.00344745 -0.00345829 -0.00347228
5.385 0 0 0 0 -0.00170333 -0.00170321 -0.00169918 -0.0016944 -0.00326356 -0.0032631 -0.00326257 -0.00326372 -0.00428482 -0.00429733 -0.00430816 -0.00432224
5.405 0 0 0 0 -0.00241624 -0.00241721 -0.00241319 -0.00240731 -0.00442977 -0.00442949 -0.00442896 -0.00442993 -0.00542201 -0.00543431 -0.00544514 -0.00545943
5.425 0 0 0 0 -0.00337269 -0.0033749 -0.00337084 -0.00336379 -0.00607999 -0.00608017 -0.00607964 -0.00608015 -0.00702563 -0.00703759 -0.00704842 -0.00706305
5.445 0 0 0 0 -0.00429072 -0.00429448 -0.0042907 -0.00428314 -0.00784358 -0.00784377 -0.00784326 -0.00784378 -0.00915607 -0.0091676 -0.00917845 -0.00919351
5.465 0 0 0 0 -0.00492598 -0.00493016 -0.00492667 -0.00491909 -0.00942496 -0.00942509 -0.0094248 -0.00942599 -0.0115472 -0.0115583 -0.0115691 -0.0115847
5.485 0 0 0 0 -0.00503478 -0.00503733 -0.00503408 -0.00502776 -0.0104284 -0.010429 -0.0104289 -0.0104304 -0.0134141 -0.0134247 -0.0134356 -0.0134519
5.505 0 0 0 0 -0.00459691 -0.00459734 -0.00459413 -0.00459003 -0.0103639 -0.0103652 -0.0103653 -0.0103666 -0.0138382 -0.0138485 -0.0138596 -0.0138763
5.525 0 0 0 0 -0.0038829 -0.0038826 -0.00387941 -0.00387624 -0.00903683 -0.00903803 -0.00903812 -0.0090396 -0.0123342 -0.0123449 -0.0123559 -0.0123723
5.545 0 0 0 0 -0.00274967 -0.0027492 -0.00274602 -0.0027434 -0.00634894 -0.00635006 -0.00635018 -0.00635181 -0.00867985 -0.00869136 -0.00870237 -0.00871794
5.565 0 0 0 0 -0.00113692 -0.00113586 -0.00113268 -0.00113116 -0.00256704 -0.00256851 -0.00256866 -0.00257003 -0.00335997 -0.00337267 -0.00338368 -0.00339808
5.585 0 0 0 0 0.000859249 0.000861508 0.000864775 0.000864972 0.00188474 0.0018831 0.00188299 0.00188204 0.0027002 0.0026862 0.00267518 0.00266208
5.605 0 0 0 0 0.00344586 0.00345015 0.00345301 0.00344932 0.00695214 0.00694968 0.00694922 0.00694814 0.00903728 0.00902194 0.00901088 0.00899901
5.625 0 0 0 0 0.0063752 0.00638351 0.00638511 0.0063794 0.012333 0.0123299 0.0123291 0.0123276 0.0153205 0.0153037 0.0152925 0.0152817
5.645 0 0 0 0 0.00919907 0.00921916 0.00922237 0.00923326 0.017449 0.0174477 0.0174474 0.0174466 0.0212865 0.0212681 0.0212569 0.0212473
5.665 0 0 0 0 0.0119387 0.0119892 0.0119967 0.0120492 0.0220661 0.0220678 0.0220697 0.0220733 0.0268438 0.0268242 0.0268132 0.0268047
5.685 0 0 0 0 0.0145013 0.0145573 0.0145543 0.0146448 0.0259239 0.0259312 0.0259377 0.0259473 0.0314379 0.0314171 0.0314062 0.0313987
