0.005 0.0228155 0.0228155 0.0228155 0.0228155 0.000454198 0.000400378 0.000400353 0.000453852 -7.34391e-05 -5.40884e-05 -5.40895e-05 -7.35549e-05 7.5716e-06 5.02296e-06 5.02567e-06 7.57133e-06
0.025 -0.00475663 -0.00475663 -0.00475663 -0.00475663 0.00367547 0.00369655 0.0036969 0.00367566 0.000217765 0.000206695 0.000206871 0.000217478 -0.000154202 -0.000151927 -0.000152035 -0.00015449
0.045 -0.00573946 -0.00573946 -0.00573946 -0.00573946 -0.000465817 -0.000469175 -0.000468849 -0.000464836 0.0025814 0.00259079 0.00259093 0.00258138 -0.000225399 -0.000227135 -0.00022725 -0.000225695
0.065 -0.00710381 -0.00710381 -0.00710381 -0.00710381 -0.00606717 -0.00608789 -0.00608708 -0.00606541 0.00176633 0.00178349 0.00178347 0.00176652 0.00168289 0.00167771 0.00167811 0.00168337
0.085 -0.00801461 -0.00801461 -0.00801461 -0.00801461 -0.00770573 -0.0077079 -0.00770594 -0.00770256 -0.00332692 -0.00333242 -0.00333239 -0.0033262 0.0039916 0.00398922 0.00398946 0.00399226
0.105 -0.00871907 -0.00871907 -0.00871907 -0.00871907 -0.00761437 -0.00760351 -0.0076037 -0.00761594 -0.00657042 -0.00659111 -0.00659193 -0.00657664 0.00193059 0.00193071 0.00193025 0.00193092
0.125 -0.00875115 -0.00875115 -0.00875115 -0.00875115 -0.00813638 -0.0081409 -0.00814132 -0.0081372 -0.0058009 -0.00579813 -0.0058004 -0.00580467 -0.00511965 -0.00511709 -0.00511792 -0.00511529
0.145 -0.00830366 -0.00830366 -0.00830366 -0.00830366 -0.00768776 -0.00769723 -0.0076973 -0.00768803 -0.00624146 -0.00622586 -0.00622567 -0.0062407 -0.0121124 -0.0121138 -0.0121136 -0.0121125
0.165 -0.00705323 -0.00705323 -0.00705323 -0.00705323 -0.00660033 -0.00659159 -0.00659128 -0.0065995 -0.0106391 -0.0106387 -0.010638 -0.0106374 -0.0153319 -0.0153293 -0.0153296 -0.0153324
0.185 -0.00505277 -0.00505277 -0.00505277 -0.00505277 -0.00792344 -0.0079126 -0.00791223 -0.00792213 -0.0150318 -0.0150421 -0.0150418 -0.015031 -0.0160969 -0.0160924 -0.0160926 -0.0160973
0.205 -0.00334144 -0.00334144 -0.00334144 -0.00334144 -0.0111066 -0.0111193 -0.0111192 -0.0111059 -0.0160897 -0.0160894 -0.0160894 -0.0160894 -0.0168 -0.0167978 -0.0167978 -0.0168
0.225 -0.00264657 -0.00264657 -0.00264657 -0.00264657 -0.0114527 -0.0114751 -0.0114752 -0.0114534 -0.0153013 -0.0152944 -0.0152945 -0.0153017 -0.0174027 -0.0174014 -0.0174013 -0.0174024
0.245 -0.00287706 -0.00287706 -0.00287706 -0.00287706 -0.00782174 -0.00782378 -0.00782386 -0.00782175 -0.0140254 -0.0140271 -0.014027 -0.0140252 -0.016973 -0.0169694 -0.0169695 -0.0169728
0.265 -0.00316016 -0.00316016 -0.00316016 -0.00316016 -0.00434387 -0.00433225 -0.00433221 -0.00434376 -0.0110952 -0.0111007 -0.0111006 -0.0110949 -0.0151609 -0.0151566 -0.0151566 -0.015161
0.285 -0.00350462 -0.00350462 -0.00350462 -0.00350462 -0.00373263 -0.0037298 -0.00372977 -0.00373258 -0.00670638 -0.00670334 -0.00670332 -0.00670634 -0.011294 -0.0112922 -0.0112923 -0.011294
0.305 -0.00353955 -0.00353955 -0.00353955 -0.00353955 -0.00426617 -0.00427364 -0.00427364 -0.00426618 -0.00325903 -0.0032524 -0.00325242 -0.00325908 -0.00485221 -0.00485318 -0.0048532 -0.00485225
0.325 -0.00291263 -0.00291263 -0.00291263 -0.00291263 -0.00347597 -0.0034803 -0.0034803 -0.00347599 -0.00125044 -0.00125238 -0.0012524 -0.00125046 0.00247984 0.00247844 0.00247845 0.00247985
0.345 -0.00282427 -0.00282427 -0.00282427 -0.00282427 -0.00127812 -0.00127483 -0.00127819 -0.00127187 0.00160311 0.00159677 0.00160141 0.00161041 0.00752558 0.0075253 0.00752622 0.00753097
0.365 -0.00277342 -0.00277342 -0.00277342 -0.00277342 0.0010864 0.00108573 0.00108242 0.00107956 0.0060939 0.00609419 0.00609485 0.00609455 0.00918527 0.00918283 0.00918365 0.00918633
0.385 -0.00182649 -0.00182649 -0.00182649 -0.00182649 0.00353516 0.00353508 0.00353405 0.00353262 0.00949046 0.00949738 0.00949696 0.00948991 0.00945262 0.00944897 0.00944827 0.00945116
0.405 -0.00132525 -0.00132525 -0.00132525 -0.00132525 0.00544186 0.00545363 0.00545394 0.00544295 0.0098124 0.00981266 0.00981251 0.0098122 0.0102239 0.010222 0.010222 0.010224
0.425 0.00188175 0.00188175 0.00188175 0.00188175 0.00535407 0.00536035 0.00536084 0.00535559 0.00837191 0.00836888 0.0083688 0.00837161 0.0110044 0.0110028 0.0110026 0.011004
0.445 -0.0002055 -0.0002055 -0.0002055 -0.0002055 0.00395301 0.00396209 0.00396207 0.00395292 0.00700701 0.00700161 0.00700142 0.00700665 0.0103273 0.0103263 0.0103265 0.010328
0.465 -0.00315875 -0.00315875 -0.00315875 -0.00315875 0.00108089 0.0010833 0.00108322 0.0010807 0.00594614 0.0059479 0.00594798 0.00594633 0.00786559 0.00786287 0.00786276 0.00786533
0.485 -0.00636077 -0.00636077 -0.00636077 -0.00636077 -0.00202056 -0.00202051 -0.0020206 -0.00202075 0.00334612 0.00335035 0.00335035 0.00334611 0.0046324 0.00462941 0.0046295 0.00463258
0.505 -0.0118905 -0.0118905 -0.0118905 -0.0118905 -0.00563721 -0.00562548 -0.00562545 -0.00563714 -0.00125608 -0.0012589 -0.00125887 -0.001256 0.000988974 0.000986978 0.000986893 0.000988798
0.525 -0.0131539 -0.0131539 -0.0131539 -0.0131539 -0.0108752 -0.0108762 -0.0108762 -0.0108752 -0.00672765 -0.00672732 -0.00672734 -0.0067277 -0.00374081 -0.00374313 -0.00374309 -0.00374071
0.545 -0.0134647 -0.0134647 -0.0134647 -0.0134647 -0.0152604 -0.015271 -0.015271 -0.0152603 -0.012773 -0.0127706 -0.0127706 -0.0127729 -0.010015 -0.0100169 -0.010017 -0.0100151
0.565 -0.0107204 -0.0107204 -0.0107204 -0.0107204 -0.0167834 -0.0168153 -0.0168221 -0.0168107 -0.0187911 -0.0187926 -0.0187951 -0.0187981 -0.0177825 -0.0177838 -0.0177848 -0.0177859
0.585 -0.00749044 -0.00749044 -0.00749044 -0.00749044 -0.0153794 -0.0153849 -0.0153878 -0.015382 -0.0234084 -0.023412 -0.0234097 -0.0234055 -0.0262324 -0.026229 -0.0262268 -0.0262294
0.605 -0.00360118 -0.00360118 -0.00360118 -0.00360118 -0.0127125 -0.0127117 -0.0127089 -0.012705 -0.0255043 -0.0255037 -0.0255014 -0.0254984 -0.0333927 -0.0333845 -0.0333839 -0.0333901
0.625 -0.00070859 -0.00070859 -0.00070859 -0.00070859 -0.0107606 -0.0107629 -0.0107609 -0.0107558 -0.0252409 -0.025237 -0.0252365 -0.0252392 -0.0365033 -0.0364941 -0.0364929 -0.0365002
0.645 0.00252586 0.00252586 0.00252586 0.00252586 -0.00920273 -0.00921214 -0.00921118 -0.00920123 -0.0235744 -0.0235711 -0.0235711 -0.0235745 -0.0337272 -0.0337195 -0.0337197 -0.0337276
0.665 0.0038309 0.0038309 0.0038309 0.0038309 -0.00709352 -0.00710048 -0.00710087 -0.00709438 -0.0199447 -0.0199481 -0.0199487 -0.019946 -0.0258864 -0.0258795 -0.0258793 -0.0258861
0.685 0.00417778 0.00417778 0.00417778 0.00417778 -0.00440435 -0.00441195 -0.00441215 -0.00440474 -0.0128943 -0.0128974 -0.0128975 -0.0128944 -0.0154774 -0.0154731 -0.0154734 -0.015478
0.705 0.00410346 0.00410346 0.00410346 0.00410346 -0.00032703 -0.000335707 -0.000335757 -0.000327135 -0.00306133 -0.0030595 -0.00305946 -0.00306123 -0.00417195 -0.00417075 -0.00417065 -0.00417176
0.725 0.00764185 0.00764185 0.00764185 0.00764185 0.00566517 0.00565332 0.0056534 0.00566534 0.00727895 0.00728487 0.00728496 0.00727916 0.00758796 0.00758643 0.00758636 0.00758781
0.745 0.00379816 0.00379816 0.00379816 0.00379816 0.0129886 0.0130147 0.013015 0.013009 0.016783 0.0167765 0.0167787 0.0167951 0.0191931 0.0191915 0.0191907 0.0191975
0.765 0.00417963 0.00417963 0.00417963 0.00417963 0.016376 0.0163881 0.0163831 0.0163632 0.0258999 0.0258957 0.0258924 0.0258915 0.0295704 0.0295654 0.0295661 0.0295705
0.785 0.000125666 0.000125666 0.000125666 0.000125666 0.0156692 0.0156799 0.0156775 0.0156644 0.032306 0.0323107 0.0323094 0.0323034 0.0383683 0.0383586 0.0383571 0.0383652
0.805 0.00236565 0.00236565 0.00236565 0.00236565 0.0139471 0.0139437 0.0139446 0.0139506 0.0334402 0.0334472 0.0334479 0.0334425 0.0445531 0.0445423 0.044543 0.044555
0.825 0.0106984 0.0106984 0.0106984 0.0106984 0.0158369 0.0158275 0.0158272 0.0158381 0.0303698 0.030366 0.0303659 0.0303681 0.0451694 0.0451608 0.0451602 0.0451676
0.845 0.00924135 0.00924135 0.00924135 0.00924135 0.0201693 0.0201971 0.0201967 0.0201686 0.0278161 0.0277984 0.0277983 0.0278163 0.037738 0.0377353 0.0377356 0.0377385
0.865 0.0133989 0.0133989 0.0133989 0.0133989 0.0212324 0.0212411 0.021241 0.021232 0.0267951 0.0268013 0.0268015 0.0267957 0.0251156 0.0251129 0.0251129 0.0251158
0.885 0.0141391 0.0141391 0.0141391 0.0141391 0.0197683 0.0197723 0.0197723 0.0197683 0.0219797 0.0219937 0.0219938 0.0219798 0.0142761 0.0142749 0.014275 0.0142764
0.905 0.0157296 0.0157296 0.0157296 0.0157296 0.0157616 0.0157687 0.0157688 0.0157617 0.0121989 0.0121985 0.0121985 0.0121989 0.0083337 0.00833595 0.0083359 0.00833358
0.925 0.0211242 0.0211242 0.0211242 0.0211242 0.0106195 0.0106073 0.0106073 0.0106195 0.00259758 0.00258967 0.00258962 0.00259747 0.00428178 0.00428593 0.00428597 0.00428187
0.945 0.00879217 0.00879217 0.00879217 0.00879217 0.00624251 0.00625924 0.00625925 0.00624253 -0.0017835 -0.00179976 -0.00179975 -0.00178347 -0.00150523 -0.00149993 -0.00149997 -0.00150533
0.965 0.00886324 0.00886324 0.00886324 0.00886324 0.000481141 0.000451026 0.000451013 0.000481112 -0.00203965 -0.00202179 -0.00202179 -0.00203965 -0.00784644 -0.00784645 -0.00784642 -0.00784638
0.985 -0.000227579 -0.000227579 -0.000227579 -0.000227579 -0.00148344 -0.00148568 -0.00148568 -0.00148343 -0.00464483 -0.00463768 -0.00463767 -0.00464481 -0.010691 -0.0106894 -0.0106895 -0.010691
1.005 -0.0128795 -0.0128795 -0.0128795 -0.0128795 -0.00494638 -0.00490778 -0.00490778 -0.00494638 -0.0086079 -0.00862408 -0.00862409 -0.0086079 -0.0101638 -0.0101599 -0.0101599 -0.0101638
1.025 -0.0141414 -0.0141414 -0.0141414 -0.0141414 -0.0149252 -0.014937 -0.014937 -0.0149251 -0.0109625 -0.0109565 -0.0109565 -0.0109625 -0.0090532 -0.009056 -0.009056 -0.0090532
1.045 -0.015914 -0.015914 -0.015914 -0.015914 -0.0213443 -0.0213771 -0.0213771 -0.0213442 -0.0147232 -0.0147126 -0.0147126 -0.0147231 -0.00894367 -0.00894886 -0.00894888 -0.0089437
1.065 -0.0157676 -0.0157676 -0.0157676 -0.0157676 -0.0202718 -0.0202826 -0.0202826 -0.0202718 -0.019295 -0.0193019 -0.0193019 -0.019295 -0.0120388 -0.0120397 -0.0120397 -0.0120387
1.085 -0.0164449 -0.0164449 -0.0164449 -0.0164449 -0.0164357 -0.0164215 -0.0164215 -0.0164357 -0.0205648 -0.0205769 -0.0205769 -0.0205648 -0.0194614 -0.0194583 -0.0194583 -0.0194614
1.105 -0.0171497 -0.0171497 -0.0171497 -0.0171497 -0.0150923 -0.015083 -0.015083 -0.0150923 -0.0190867 -0.0190809 -0.0190809 -0.0190867 -0.0275426 -0.02754 -0.02754 -0.0275426
1.125 -0.0104708 -0.0104708 -0.0104708 -0.0104708 -0.0163811 -0.0164034 -0.0164034 -0.0163811 -0.020148 -0.0201269 -0.0201269 -0.020148 -0.0304791 -0.0304782 -0.0304782 -0.0304791
1.145 -0.00248786 -0.00248786 -0.00248786 -0.00248786 -0.0149284 -0.0149448 -0.0149448 -0.0149284 -0.0248922 -0.0248937 -0.0248937 -0.0248922 -0.0275124 -0.0275074 -0.0275074 -0.0275124
1.165 0.0013416 0.0013416 0.0013416 0.0013416 -0.0103953 -0.0103875 -0.0103874 -0.0103953 -0.0257242 -0.0257484 -0.0257484 -0.0257242 -0.0239694 -0.0239601 -0.0239601 -0.0239694
1.185 0.00827888 0.00827888 0.00827888 0.00827888 -0.00566854 -0.0056883 -0.0056883 -0.00566854 -0.0177288 -0.0177278 -0.0177278 -0.0177288 -0.0225634 -0.0225575 -0.0225575 -0.0225634
1.205 0.0117085 0.0117085 0.0117085 0.0117085 0.00141926 0.00139401 0.00139401 0.00141927 -0.0067001 -0.00668024 -0.00668024 -0.00670009 -0.0187707 -0.0187676 -0.0187676 -0.0187707
1.225 0.00482197 0.00482197 0.00482197 0.00482197 0.0106868 0.010725 0.010725 0.0106868 0.00171573 0.00170702 0.00170702 0.00171574 -0.00808987 -0.00808305 -0.00808305 -0.00808987
1.245 -0.00684699 -0.00684699 -0.00684699 -0.00684699 0.0111639 0.0112254 0.0112254 0.0111639 0.010332 0.0103123 0.0103123 0.010332 0.0077906 0.00779392 0.00779392 0.0077906
1.265 -0.0374385 -0.0374385 -0.0374385 -0.0374385 -0.00395859 -0.00390291 -0.00390292 -0.00395862 0.0192059 0.0192033 0.0192033 0.0192059 0.0249847 0.024974 0.024974 0.0249847
1.285 -0.0630599 -0.0630599 -0.0630599 -0.0630599 -0.0289324 -0.0289341 -0.0289341 -0.0289325 0.019633 0.0196577 0.0196577 0.019633 0.0400585 0.040031 0.0400311 0.0400586
1.305 -0.0661533 -0.0661533 -0.0661533 -0.0661533 -0.0484477 -0.0485018 -0.0485021 -0.0484485 0.00551034 0.00552896 0.00553003 0.00551294 0.0455519 0.0455189 0.0455181 0.0455501
1.325 -0.0516866 -0.0516866 -0.0516866 -0.0516866 -0.0496705 -0.0497126 -0.0497126 -0.0496706 -0.0158075 -0.0158274 -0.0158276 -0.0158076 0.0298285 0.0298079 0.0298079 0.0298282
1.345 -0.0418175 -0.0418175 -0.0418175 -0.0418175 -0.036312 -0.0362739 -0.0362708 -0.0362999 -0.0307198 -0.030759 -0.0307599 -0.0307248 -0.0111846 -0.0111858 -0.0111858 -0.011184
1.365 -0.0174214 -0.0174214 -0.0174214 -0.0174214 -0.0236942 -0.0236719 -0.0236505 -0.0236346 -0.0383084 -0.038269 -0.0382894 -0.0383202 -0.0624007 -0.0623933 -0.0624072 -0.0624191
1.385 0.00622939 0.00622939 0.00622939 0.00622939 -0.013744 -0.0137616 -0.0137635 -0.0137538 -0.0516108 -0.0515734 -0.0515882 -0.0516349 -0.0986736 -0.0986496 -0.0986594 -0.0986885
1.405 0.0203482 0.0203482 0.0203482 0.0203482 -0.0102411 -0.0102149 -0.0102194 -0.0102461 -0.0697151 -0.0697292 -0.0697287 -0.0697137 -0.108771 -0.108736 -0.108738 -0.108775
1.425 0.0236026 0.0236026 0.0236026 0.0236026 -0.0173216 -0.0173235 -0.0173263 -0.0173326 -0.0764791 -0.0765127 -0.0765128 -0.0764789 -0.099818 -0.099784 -0.0997826 -0.0998159
1.445 -0.00245043 -0.00245043 -0.00245043 -0.00245043 -0.0310496 -0.0310646 -0.0310607 -0.0310425 -0.0646523 -0.0646579 -0.0646569 -0.0646492 -0.0812321 -0.0812142 -0.0812141 -0.081232
1.465 0.00317449 0.00317449 0.00317449 0.00317449 -0.0383442 -0.0384778 -0.0384752 -0.0383381 -0.0458162 -0.0457593 -0.0457591 -0.0458159 -0.0550122 -0.055014 -0.0550137 -0.0550113
1.485 -0.0174905 -0.0174905 -0.0174905 -0.0174905 -0.0221222 -0.0221061 -0.0221058 -0.0221215 -0.0300888 -0.0301142 -0.0301145 -0.0300894 -0.0241968 -0.0241914 -0.0241916 -0.0241971
1.505 -0.0333562 -0.0333562 -0.0333562 -0.0333562 -0.00831166 -0.00821922 -0.0082198 -0.00831292 -0.00658947 -0.00663656 -0.00663678 -0.00658992 0.0020836 0.00208712 0.00208714 0.00208363
1.525 -0.0487643 -0.0487643 -0.0487643 -0.0487643 -0.0122912 -0.0122625 -0.0122628 -0.0122918 0.0214944 0.0215209 0.0215209 0.0214945 0.0234654 0.0234473 0.0234473 0.0234654
1.545 -0.0402553 -0.0402553 -0.0402553 -0.0402553 -0.0191454 -0.019221 -0.0192235 -0.019155 0.0324872 0.0325557 0.0325578 0.0324937 0.0462076 0.0461747 0.0461746 0.0462072
1.565 -0.0336025 -0.0336025 -0.0336025 -0.0336025 -0.0134166 -0.0134082 -0.0134087 -0.0134172 0.0237809 0.0237639 0.0237798 0.0238107 0.0634272 0.0634103 0.0634199 0.0634421
1.585 0.00018165 0.00018165 0.00018165 0.00018165 0.000605938 0.000603731 0.000605062 0.000608457 0.0175946 0.0175479 0.0175454 0.0175928 0.0584374 0.0584307 0.0584312 0.0584417
1.605 0.00626513 0.00626513 0.00626513 0.00626513 0.0184923 0.0185268 0.0185273 0.0184932 0.0244038 0.0243857 0.0243808 0.0243937 0.0302192 0.0302167 0.0302164 0.0302187
1.625 0.0244268 0.0244268 0.0244268 0.0244268 0.0318044 0.0317976 0.0317978 0.0318048 0.03063 0.0306808 0.0306794 0.030627 0.000305138 0.000304526 0.000304012 0.000303798
1.645 0.0258323 0.0258323 0.0258323 0.0258323 0.03877 0.0388313 0.0388313 0.0387699 0.0213968 0.0214065 0.0214071 0.021398 -0.0104396 -0.0104274 -0.0104274 -0.0104395
1.665 0.0149031 0.0149031 0.0149031 0.0149031 0.0272025 0.0272968 0.0272968 0.0272025 0.0063683 0.00632481 0.00632546 0.00636969 -0.00340362 -0.00338739 -0.00338748 -0.00340382
1.685 0.00633614 0.00633614 0.00633614 0.00633614 -0.00358016 -0.00361703 -0.0036171 -0.0035803 -0.00112087 -0.00111839 -0.00111835 -0.0011208 0.00742662 0.00742366 0.00742376 0.00742683
1.705 -0.0307299 -0.0307299 -0.0307299 -0.0307299 -0.029409 -0.029451 -0.029451 -0.029409 -0.00586561 -0.00585278 -0.00585288 -0.00586582 0.0127336 0.0127184 0.0127184 0.0127335
1.725 -0.0234284 -0.0234284 -0.0234284 -0.0234284 -0.0387383 -0.0388386 -0.0388386 -0.0387383 -0.0144858 -0.0144571 -0.0144572 -0.0144859 0.00813911 0.00812102 0.00812106 0.00813919
1.745 -0.00340075 -0.00340075 -0.00340075 -0.00340075 -0.0231776 -0.023222 -0.023222 -0.0231775 -0.0252421 -0.0252556 -0.0252556 -0.0252421 -0.00867138 -0.00867194 -0.00867196 -0.00867142
1.765 0.0187706 0.0187706 0.0187706 0.0187706 0.00309225 0.0031196 0.00311959 0.00309222 -0.0265078 -0.0265387 -0.0265386 -0.0265078 -0.035361 -0.0353429 -0.0353429 -0.0353609
1.785 0.0589911 0.0589911 0.0589911 0.0589911 0.0266303 0.0265974 0.0265974 0.0266303 -0.017451 -0.0174245 -0.0174245 -0.017451 -0.0577046 -0.0576815 -0.0576815 -0.0577047
1.805 0.0692002 0.0692002 0.0692002 0.0692002 0.0452608 0.0452779 0.045278 0.0452608 -0.00720393 -0.00718858 -0.00718859 -0.00720397 -0.0578357 -0.0578062 -0.0578062 -0.0578357
1.825 0.0726878 0.0726878 0.0726878 0.0726878 0.0533865 0.0534268 0.0534268 0.0533866 0.00393017 0.00391379 0.00391378 0.00393019 -0.0308746 -0.0308447 -0.0308447 -0.0308746
1.845 0.0516213 0.0516213 0.0516213 0.0516213 0.0466169 0.0466575 0.0466575 0.0466171 0.0234603 0.0234349 0.0234349 0.0234603 0.0131039 0.0131187 0.0131187 0.013104
1.865 0.0153282 0.0153282 0.0153282 0.0153282 0.0294036 0.0294011 0.0293637 0.0293699 0.0498766 0.0498658 0.0498549 0.0498244 0.0610817 0.0610681 0.0610635 0.0610706
1.885 -0.0172061 -0.0172061 -0.0172061 -0.0172061 0.0152081 0.0151717 0.0151544 0.0151761 0.0707886 0.0708204 0.0708319 0.0708067 0.102959 0.102934 0.102954 0.102989
1.905 -0.0105286 -0.0105286 -0.0105286 -0.0105286 0.0126503 0.0125838 0.0125883 0.0126624 0.0791711 0.0792044 0.0792164 0.0792042 0.128597 0.128563 0.128569 0.128614
1.925 -0.0178267 -0.0178267 -0.0178267 -0.0178267 0.0263453 0.0264034 0.026407 0.0263528 0.0790185 0.0789773 0.078978 0.0790143 0.128395 0.128369 0.128371 0.128394
1.945 -0.0155435 -0.0155435 -0.0155435 -0.0155435 0.036492 0.0365791 0.0365844 0.0365008 0.0786245 0.0786042 0.078603 0.0786233 0.102237 0.102216 0.102213 0.102232
1.965 -0.0260937 -0.0260937 -0.0260937 -0.0260937 0.0314383 0.0315202 0.0315208 0.0314401 0.0698686 0.0698908 0.06989 0.069867 0.0657634 0.065745 0.0657455 0.0657644
1.985 -0.00310527 -0.00310527 -0.00310527 -0.00310527 0.0104163 0.0103686 0.0103682 0.0104156 0.039969 0.0400302 0.0400304 0.0399696 0.0352276 0.035208 0.0352076 0.0352268
2.005 0.00434454 0.00434454 0.00434454 0.00434454 -0.00339407 -0.0033887 -0.00338927 -0.00339528 -0.00726303 -0.00729717 -0.00729712 -0.00726292 0.00912825 0.00913158 0.00913208 0.00912932
2.025 0.0138422 0.0138422 0.0138422 0.0138422 -0.0132741 -0.0132666 -0.0132665 -0.013274 -0.0425967 -0.042659 -0.0426588 -0.0425962 -0.0278948 -0.0278774 -0.0278776 -0.0278952
2.045 -0.0284296 -0.0284296 -0.0284296 -0.0284296 -0.0271838 -0.0271199 -0.0271198 -0.0271837 -0.0545386 -0.0545604 -0.0545605 -0.0545387 -0.0753913 -0.075373 -0.0753728 -0.0753909
2.065 -0.0619713 -0.0619713 -0.0619713 -0.0619713 -0.055649 -0.0556909 -0.0556927 -0.0556972 -0.0638963 -0.0638299 -0.0638343 -0.0639059 -0.11069 -0.110689 -0.110688 -0.110692
2.085 -0.050708 -0.050708 -0.050708 -0.050708 -0.0855653 -0.0856942 -0.0856735 -0.0855409 -0.0947208 -0.0946443 -0.0946242 -0.0946831 -0.117761 -0.117761 -0.11775 -0.117741
2.105 -0.0479405 -0.0479405 -0.0479405 -0.0479405 -0.0964235 -0.096444 -0.0964323 -0.0963872 -0.13311 -0.133174 -0.133167 -0.133097 -0.112961 -0.112939 -0.112937 -0.112955
2.125 -0.0242275 -0.0242275 -0.0242275 -0.0242275 -0.0922045 -0.0922687 -0.0922659 -0.092192 -0.141658 -0.141722 -0.141726 -0.141664 -0.124134 -0.124103 -0.124105 -0.12413
2.145 -0.01218 -0.01218 -0.01218 -0.01218 -0.0703389 -0.0704374 -0.0704387 -0.0703407 -0.117579 -0.117545 -0.117546 -0.11758 -0.148623 -0.1486 -0.148601 -0.148625
2.165 0.0242741 0.0242741 0.0242741 0.0242741 -0.0307217 -0.030823 -0.0308257 -0.030729 -0.0889693 -0.08889 -0.0888914 -0.0889696 -0.15588 -0.155851 -0.15585 -0.155877
2.185 0.0383485 0.0383485 0.0383485 0.0383485 0.0129716 0.0130574 0.0130571 0.0129711 -0.0665774 -0.0666055 -0.0666042 -0.0665753 -0.126006 -0.12596 -0.125959 -0.126007
2.205 0.0658419 0.0658419 0.0658419 0.0658419 0.0337821 0.0338279 0.0338281 0.0337826 -0.0324408 -0.0324812 -0.0324813 -0.0324411 -0.066146 -0.0661051 -0.0661035 -0.066142
2.225 0.0576064 0.0576064 0.0576064 0.0576064 0.0388173 0.0387971 0.0387977 0.0388186 0.0190487 0.0190501 0.0190502 0.0190492 0.00878227 0.00879229 0.00879212 0.00878189
2.245 0.0354303 0.0354303 0.0354303 0.0354303 0.0452588 0.045224 0.045224 0.0452588 0.074334 0.0743592 0.0743588 0.0743336 0.0879 0.0878823 0.0878826 0.0879009
2.265 0.0537086 0.0537086 0.0537086 0.0537086 0.0652272 0.065126 0.0650877 0.0652823 0.119969 0.120001 0.119961 0.119948 0.160013 0.159968 0.159944 0.159947
2.285 0.0357973 0.0357973 0.0357973 0.0357973 0.102145 0.102228 0.102185 0.102051 0.157904 0.157815 0.157783 0.157848 0.210653 0.210619 0.210605 0.210636
2.305 0.0112339 0.0112339 0.0112339 0.0112339 0.117382 0.117555 0.117546 0.117365 0.197108 0.197075 0.197078 0.197115 0.233295 0.233251 0.233246 0.233281
2.325 0.0180289 0.0180289 0.0180289 0.0180289 0.106507 0.106525 0.106536 0.106545 0.215494 0.215585 0.215594 0.215516 0.240487 0.24043 0.240436 0.240502
2.345 0.00771556 0.00771556 0.00771556 0.00771556 0.0921074 0.0921691 0.0921815 0.0921341 0.191419 0.191438 0.191442 0.19143 0.240107 0.240052 0.240051 0.240101
2.365 0.0226787 0.0226787 0.0226787 0.0226787 0.0745596 0.0746175 0.0746161 0.0745529 0.144137 0.144075 0.144072 0.144129 0.216028 0.215994 0.215995 0.216032
2.385 0.0383113 0.0383113 0.0383113 0.0383113 0.0581798 0.0581786 0.0581753 0.0581729 0.100676 0.100639 0.100638 0.100673 0.15273 0.152706 0.152705 0.152728
2.405 0.0347293 0.0347293 0.0347293 0.0347293 0.0471012 0.047097 0.0470961 0.0470995 0.0625699 0.0625912 0.0625912 0.0625702 0.0619238 0.061915 0.0619156 0.0619252
2.425 0.0373114 0.0373114 0.0373114 0.0373114 0.0361026 0.0361149 0.0361157 0.0361044 0.0154453 0.0154853 0.0154859 0.0154472 -0.0256521 -0.0256406 -0.0256409 -0.0256527
2.445 0.0609093 0.0609093 0.0609093 0.0609093 0.0185557 0.018534 0.0185344 0.0185566 -0.0422818 -0.0422687 -0.0422693 -0.0422822 -0.0888345 -0.0888015 -0.0888012 -0.0888341
2.465 0.0538608 0.0538608 0.0538608 0.0538608 -0.00504083 -0.00502213 -0.00502201 -0.00504054 -0.0918376 -0.0918878 -0.0918881 -0.0918378 -0.128262 -0.128212 -0.128212 -0.128262
2.485 0.0528125 0.0528125 0.0528125 0.0528125 -0.0303676 -0.0304525 -0.0304571 -0.0303709 -0.115575 -0.115585 -0.115583 -0.115569 -0.151926 -0.151881 -0.151881 -0.151926
2.505 -0.00182213 -0.00182213 -0.00182213 -0.00182213 -0.0499152 -0.0499323 -0.0499309 -0.0499193 -0.115761 -0.115753 -0.11573 -0.115721 -0.15936 -0.159314 -0.159312 -0.159345
2.525 -0.00565851 -0.00565851 -0.00565851 -0.00565851 -0.06487 -0.0649983 -0.0649976 -0.0648688 -0.106901 -0.106838 -0.106831 -0.106887 -0.144627 -0.14461 -0.144607 -0.144624
2.545 -0.0228165 -0.0228165 -0.0228165 -0.0228165 -0.0611753 -0.0612139 -0.061214 -0.061175 -0.0982507 -0.0982614 -0.0982639 -0.0982553 -0.110479 -0.110461 -0.110462 -0.110481
2.565 -0.0356144 -0.0356144 -0.0356144 -0.0356144 -0.0517497 -0.0517265 -0.0517265 -0.0517497 -0.07701 -0.077058 -0.0770605 -0.0770152 -0.072383 -0.0723677 -0.0723687 -0.0723849
2.585 -0.0550629 -0.0550629 -0.0550629 -0.0550629 -0.0472309 -0.0472213 -0.0472212 -0.0472308 -0.0402358 -0.0402331 -0.0402335 -0.0402365 -0.03907 -0.0390737 -0.0390738 -0.0390703
2.605 -0.0380485 -0.0380485 -0.0380485 -0.0380485 -0.0402065 -0.0403087 -0.0403086 -0.0402062 -0.00790011 -0.00782666 -0.00782611 -0.0078989 -0.0056745 -0.00569778 -0.00569777 -0.00567447
2.625 -0.0161944 -0.0161944 -0.0161944 -0.0161944 -0.0123037 -0.0123233 -0.0123233 -0.0123037 0.00722342 0.0072192 0.00721947 0.00722401 0.0282586 0.028247 0.0282471 0.0282588
2.645 0.00586681 0.00586681 0.00586681 0.00586681 0.0225124 0.0225942 0.0225942 0.0225124 0.0240717 0.0239991 0.0239993 0.0240713 0.0500881 0.0500916 0.0500916 0.0500881
2.665 0.0188973 0.0188973 0.0188973 0.0188973 0.0420914 0.0421371 0.0421371 0.0420913 0.0553601 0.0553571 0.055357 0.05536 0.0565274 0.0565217 0.0565217 0.0565274
2.685 0.0356707 0.0356707 0.0356707 0.0356707 0.0542134 0.0541838 0.0541838 0.0542134 0.079808 0.0798756 0.0798756 0.079808 0.0642021 0.0641859 0.0641859 0.0642021
2.705 0.0320467 0.0320467 0.0320467 0.0320467 0.0669747 0.0670519 0.0670515 0.0669741 0.0825652 0.0825539 0.082554 0.0825653 0.0832646 0.0832591 0.0832591 0.0832646
2.725 0.0473568 0.0473568 0.0473568 0.0473568 0.0647733 0.0648167 0.0648166 0.0647731 0.0798403 0.0798048 0.0798048 0.0798403 0.102265 0.102258 0.102258 0.102265
2.745 0.0593324 0.0593324 0.0593324 0.0593324 0.0593965 0.0593542 0.0593542 0.0593966 0.0820315 0.0820307 0.0820307 0.0820314 0.10816 0.108146 0.108146 0.10816
2.765 0.0227602 0.0227602 0.0227602 0.0227602 0.0600585 0.0601293 0.0601294 0.0600585 0.0859772 0.0859588 0.0859588 0.0859771 0.099835 0.0998235 0.0998235 0.099835
2.785 0.0142481 0.0142481 0.0142481 0.0142481 0.0505079 0.0505335 0.0505335 0.0505078 0.084188 0.0842164 0.0842164 0.0841879 0.0855123 0.0854943 0.0854943 0.0855123
2.805 -0.0187632 -0.0187632 -0.0187632 -0.0187632 0.0318238 0.0319094 0.0319094 0.0318238 0.0663378 0.0663361 0.0663361 0.0663377 0.0729915 0.0729757 0.0729757 0.0729915
2.825 -0.0166876 -0.0166876 -0.0166876 -0.0166876 0.00128318 0.00126862 0.00126864 0.00128327 0.0355348 0.0355428 0.0355429 0.0355348 0.0585348 0.0585149 0.0585149 0.0585348
2.845 -0.022125 -0.022125 -0.022125 -0.022125 -0.0240353 -0.0240754 -0.0240754 -0.0240352 -0.000333068 -0.000343253 -0.000343253 -0.000332978 0.0318974 0.0318825 0.0318825 0.0318974
2.865 -0.0575253 -0.0575253 -0.0575253 -0.0575253 -0.0382974 -0.0382284 -0.0382284 -0.0382974 -0.0314717 -0.0315203 -0.0315203 -0.0314716 -0.01283 -0.0128301 -0.0128301 -0.01283
2.885 -0.0760988 -0.0760988 -0.0760988 -0.0760988 -0.0628432 -0.0628327 -0.0628326 -0.062843 -0.0557172 -0.0556926 -0.0556929 -0.0557173 -0.067573 -0.0675771 -0.0675771 -0.067573
2.905 -0.0607368 -0.0607368 -0.0607368 -0.0607368 -0.0894748 -0.0895959 -0.0895964 -0.0894755 -0.0906925 -0.0906106 -0.0906106 -0.0906923 -0.113654 -0.11366 -0.11366 -0.113654
2.925 -0.0552159 -0.0552159 -0.0552159 -0.0552159 -0.0937895 -0.09387 -0.0938894 -0.0938824 -0.138433 -0.138464 -0.138464 -0.138432 -0.146114 -0.146091 -0.146092 -0.146118
2.945 -0.0744608 -0.0744608 -0.0744608 -0.0744608 -0.100804 -0.100725 -0.100694 -0.100754 -0.165428 -0.165509 -0.165477 -0.165376 -0.177541 -0.177479 -0.177481 -0.177521
2.965 -0.0726783 -0.0726783 -0.0726783 -0.0726783 -0.123417 -0.123502 -0.123483 -0.123368 -0.165091 -0.165032 -0.165015 -0.165059 -0.205385 -0.205366 -0.205369 -0.205391
2.985 -0.0767356 -0.0767356 -0.0767356 -0.0767356 -0.131715 -0.131842 -0.131839 -0.131704 -0.167469 -0.167388 -0.16739 -0.167469 -0.210923 -0.210911 -0.210911 -0.210924
3.005 -0.0346238 -0.0346238 -0.0346238 -0.0346238 -0.115331 -0.115448 -0.115452 -0.115338 -0.176469 -0.176471 -0.176469 -0.176468 -0.193064 -0.193037 -0.193039 -0.193068
3.025 -0.0220186 -0.0220186 -0.0220186 -0.0220186 -0.0789838 -0.0789406 -0.0789442 -0.0789922 -0.162922 -0.163028 -0.163029 -0.162925 -0.170501 -0.170449 -0.170447 -0.170496
3.045 0.00501087 0.00501087 0.00501087 0.00501087 -0.0485203 -0.0485739 -0.0485736 -0.0485196 -0.110033 -0.110022 -0.110021 -0.110032 -0.148865 -0.148834 -0.148835 -0.148867
3.065 -0.0134753 -0.0134753 -0.0134753 -0.0134753 -0.0183118 -0.0183095 -0.018309 -0.0183107 -0.0480861 -0.048025 -0.0480252 -0.0480866 -0.106716 -0.106699 -0.106698 -0.106713
3.085 -0.0400922 -0.0400922 -0.0400922 -0.0400922 -0.000478588 -0.000369557 -0.000368936 -0.000477216 -0.00213099 -0.00212538 -0.00212488 -0.00213032 -0.0308242 -0.0308191 -0.0308198 -0.0308256
3.105 -0.0726014 -0.0726014 -0.0726014 -0.0726014 -0.0113629 -0.0112451 -0.0112454 -0.0113634 0.0321426 0.0321036 0.0321033 0.0321432 0.0610262 0.0610077 0.0610081 0.0610272
3.125 -0.080782 -0.080782 -0.080782 -0.080782 -0.038682 -0.0387482 -0.0387482 -0.038682 0.0610441 0.061062 0.0610624 0.0610445 0.136644 0.136585 0.136585 0.136643
3.145 -0.0825212 -0.0825212 -0.0825212 -0.0825212 -0.0407407 -0.0408369 -0.040837 -0.0407408 0.076914 0.076932 0.0769319 0.0769136 0.172026 0.171956 0.171957 0.172027
3.165 -0.0217 -0.0217 -0.0217 -0.0217 -0.00490171 -0.00500861 -0.0050085 -0.0049015 0.0801373 0.08015 0.0801499 0.0801372 0.157545 0.157493 0.157492 0.157545
3.185 0.0367662 0.0367662 0.0367662 0.0367662 0.0626753 0.0627471 0.0627469 0.062675 0.0789779 0.0789308 0.0789307 0.0789777 0.102827 0.102821 0.102822 0.102827
3.205 0.0659161 0.0659161 0.0659161 0.0659161 0.115271 0.115488 0.115488 0.11527 0.0835547 0.0835137 0.0835137 0.0835549 0.0368414 0.0368686 0.0368686 0.0368413
3.225 0.149862 0.149862 0.149862 0.149862 0.122657 0.122581 0.122581 0.122657 0.0819685 0.0820858 0.0820857 0.0819686 -0.000602304 -0.00058409 -0.000584 -0.000602131
3.245 0.149268 0.149268 0.149268 0.149268 0.12335 0.123405 0.123405 0.12335 0.0581326 0.0581154 0.0581155 0.0581327 0.00942607 0.00946506 0.00946499 0.00942594
3.265 0.188716 0.188716 0.188716 0.188716 0.114327 0.114265 0.114265 0.114327 0.0443524 0.044294 0.044294 0.0443524 0.042864 0.0429016 0.0429017 0.0428641
3.285 0.1452 0.1452 0.1452 0.1452 0.108406 0.108411 0.108411 0.108406 0.0665764 0.066517 0.0665171 0.0665765 0.0710368 0.0710609 0.0710608 0.0710367
3.305 0.117247 0.117247 0.117247 0.117247 0.107202 0.107136 0.107136 0.107203 0.110756 0.110813 0.110813 0.110756 0.0940354 0.0940303 0.0940303 0.0940355
3.325 0.0618728 0.0618728 0.0618728 0.0618728 0.112677 0.112759 0.112757 0.112678 0.142018 0.142048 0.142048 0.142018 0.128078 0.128064 0.128064 0.128078
3.345 0.0402531 0.0402531 0.0402531 0.0402531 0.103224 0.10332 0.103319 0.103221 0.15174 0.151727 0.151727 0.151739 0.17223 0.172207 0.172207 0.17223
3.365 0.0373443 0.0373443 0.0373443 0.0373443 0.0767672 0.0767549 0.0767547 0.0767666 0.149475 0.149472 0.149472 0.149475 0.206118 0.206076 0.206076 0.206118
3.385 0.0484774 0.0484774 0.0484774 0.0484774 0.0656703 0.0655856 0.0655857 0.0656706 0.139251 0.139253 0.139253 0.139251 0.209644 0.2096 0.2096 0.209644
3.405 0.00835213 0.00835213 0.00835213 0.00835213 0.074573 0.0747031 0.0747031 0.074573 0.12774 0.127676 0.127676 0.12774 0.17538 0.175356 0.175356 0.17538
3.425 -0.00689719 -0.00689719 -0.00689719 -0.00689719 0.0659783 0.0660859 0.0660859 0.0659782 0.115181 0.115197 0.115197 0.115181 0.117203 0.11718 0.11718 0.117203
3.445 -0.0328615 -0.0328615 -0.0328615 -0.0328615 0.031265 0.03133 0.0313301 0.0312651 0.079514 0.0795757 0.0795758 0.0795142 0.0627383 0.0627129 0.0627129 0.0627383
3.465 -0.000133819 -0.000133819 -0.000133819 -0.000133819 -0.0119642 -0.0120665 -0.0120664 -0.0119638 0.0108826 0.0109292 0.0109294 0.0108825 0.0218772 0.0218599 0.0218599 0.0218772
3.485 -0.0300892 -0.0300892 -0.0300892 -0.0300892 -0.0394973 -0.0394196 -0.0394196 -0.0394971 -0.0625174 -0.0626354 -0.0626356 -0.0625159 -0.0255378 -0.0255203 -0.0255202 -0.0255376
3.505 -0.0612557 -0.0612557 -0.0612557 -0.0612557 -0.078109 -0.0780839 -0.0780838 -0.0781096 -0.102241 -0.102288 -0.102287 -0.102241 -0.097266 -0.0972509 -0.0972509 -0.0972659
3.525 -0.00762624 -0.00762624 -0.00762624 -0.00762624 -0.10784 -0.108182 -0.108186 -0.107842 -0.129616 -0.129444 -0.129444 -0.129616 -0.172019 -0.172024 -0.172024 -0.172019
3.545 -0.0097384 -0.0097384 -0.0097384 -0.0097384 -0.0830501 -0.083105 -0.0831151 -0.0830981 -0.173096 -0.173143 -0.173144 -0.17314 -0.221731 -0.221708 -0.221713 -0.221765
3.565 0.0229877 0.0229877 0.0229877 0.0229877 -0.0529717 -0.0528361 -0.0527883 -0.0528461 -0.194918 -0.195028 -0.195008 -0.194881 -0.248382 -0.248297 -0.248294 -0.248374
3.585 0.0165871 0.0165871 0.0165871 0.0165871 -0.0528432 -0.052827 -0.0528226 -0.0528385 -0.169659 -0.169662 -0.16966 -0.169645 -0.251942 -0.251876 -0.251874 -0.251937
3.605 0.0340468 0.0340468 0.0340468 0.0340468 -0.0622085 -0.0624498 -0.0624652 -0.0622438 -0.129778 -0.129635 -0.129637 -0.129781 -0.212633 -0.212605 -0.212601 -0.212626
3.625 0.0433562 0.0433562 0.0433562 0.0433562 -0.0367807 -0.0368956 -0.0369021 -0.0367941 -0.102741 -0.102736 -0.102736 -0.102743 -0.128611 -0.128578 -0.128578 -0.12861
3.645 0.0161777 0.0161777 0.0161777 0.0161777 0.00464247 0.00480744 0.00480871 0.00464531 -0.054952 -0.0551165 -0.0551166 -0.0549521 -0.0357521 -0.0357091 -0.0357079 -0.0357496
3.665 0.0161438 0.0161438 0.0161438 0.0161438 0.0205346 0.020513 0.0205155 0.0205401 0.0354109 0.0354305 0.035431 0.0354142 0.0407911 0.040781 0.04078 0.0407892
3.685 0.0347364 0.0347364 0.0347364 0.0347364 0.0455293 0.0453456 0.045346 0.0455299 0.117294 0.11745 0.117451 0.117294 0.11602 0.115971 0.115971 0.116021
3.705 0.0554287 0.0554287 0.0554287 0.0554287 0.102614 0.102668 0.102665 0.102615 0.158515 0.158501 0.158501 0.158515 0.196546 0.196517 0.196516 0.196546
3.725 0.113929 0.113929 0.113929 0.113929 0.159172 0.159287 0.15929 0.159153 0.193362 0.193242 0.193232 0.19332 0.256363 0.256347 0.256346 0.256323
3.745 0.112031 0.112031 0.112031 0.112031 0.193953 0.194161 0.194242 0.194065 0.246432 0.246398 0.246445 0.246493 0.280096 0.280082 0.280085 0.280111
3.765 0.0578741 0.0578741 0.0578741 0.0578741 0.191954 0.192156 0.192183 0.192037 0.291811 0.29189 0.291917 0.291873 0.288764 0.288716 0.28872 0.288772
3.785 -0.0357669 -0.0357669 -0.0357669 -0.0357669 0.150171 0.150431 0.150414 0.150105 0.286151 0.286179 0.286178 0.286161 0.307138 0.307077 0.307082 0.30715
3.805 -0.0987033 -0.0987033 -0.0987033 -0.0987033 0.0570297 0.0571736 0.057161 0.0570137 0.226601 0.226589 0.226587 0.226599 0.320951 0.320863 0.32086 0.320953
3.825 -0.158051 -0.158051 -0.158051 -0.158051 -0.0537194 -0.0537289 -0.0537267 -0.0537131 0.133498 0.133466 0.133464 0.133489 0.286822 0.28672 0.286725 0.28683
3.845 -0.144428 -0.144428 -0.144428 -0.144428 -0.127336 -0.127561 -0.127557 -0.127326 0.0241347 0.0241568 0.0241573 0.0241366 0.171245 0.17115 0.171149 0.171244
3.865 -0.113902 -0.113902 -0.113902 -0.113902 -0.13426 -0.134387 -0.134386 -0.134256 -0.0890479 -0.0890563 -0.0890567 -0.0890435 -0.0223367 -0.0223674 -0.0223666 -0.0223346
3.885 -0.0534528 -0.0534528 -0.0534528 -0.0534528 -0.103861 -0.103855 -0.103868 -0.103903 -0.192479 -0.192503 -0.192504 -0.192489 -0.25019 -0.250138 -0.250138 -0.250189
3.905 -0.0117068 -0.0117068 -0.0117068 -0.0117068 -0.0892086 -0.089139 -0.0888726 -0.0888322 -0.279497 -0.279432 -0.279206 -0.279132 -0.444697 -0.44458 -0.444481 -0.444552
3.925 0.0413411 0.0413411 0.0413411 0.0413411 -0.118129 -0.118174 -0.11809 -0.117944 -0.353735 -0.353627 -0.353564 -0.353596 -0.549354 -0.549206 -0.549171 -0.549266
3.945 0.0291658 0.0291658 0.0291658 0.0291658 -0.164854 -0.164905 -0.164912 -0.164795 -0.409256 -0.409268 -0.409297 -0.409277 -0.552163 -0.552041 -0.552038 -0.552172
3.965 0.0267767 0.0267767 0.0267767 0.0267767 -0.203202 -0.203439 -0.203496 -0.203267 -0.415105 -0.415158 -0.415159 -0.415128 -0.487724 -0.487618 -0.487625 -0.487734
3.985 -0.0398419 -0.0398419 -0.0398419 -0.0398419 -0.201067 -0.20123 -0.201252 -0.201115 -0.353817 -0.353875 -0.353874 -0.353819 -0.396136 -0.396054 -0.39605 -0.396128
4.005 -0.0742107 -0.0742107 -0.0742107 -0.0742107 -0.166889 -0.167052 -0.167047 -0.166884 -0.241356 -0.241299 -0.241294 -0.241343 -0.289788 -0.289756 -0.28976 -0.289796
4.025 -0.114744 -0.114744 -0.114744 -0.114744 -0.110073 -0.110062 -0.110058 -0.110061 -0.120873 -0.120825 -0.120825 -0.120872 -0.158913 -0.158905 -0.158902 -0.158906
4.045 -0.099442 -0.099442 -0.099442 -0.099442 -0.0569936 -0.0569543 -0.0569522 -0.056985 -0.0160809 -0.0160624 -0.0160631 -0.0160741 -0.00629426 -0.0063171 -0.00631966 -0.00629965
4.065 -0.0677548 -0.0677548 -0.0677548 -0.0677548 -0.00969637 -0.00966374 -0.00966435 -0.00969902 0.0736927 0.0736672 0.0736633 0.0736875 0.141446 0.141402 0.141403 0.141448
4.085 -0.0352495 -0.0352495 -0.0352495 -0.0352495 0.0410276 0.0410642 0.0410399 0.0410078 0.157017 0.156987 0.156983 0.157013 0.252231 0.252167 0.252166 0.252229
4.105 0.0137622 0.0137622 0.0137622 0.0137622 0.101971 0.101998 0.101989 0.101965 0.230405 0.230415 0.230414 0.230403 0.312957 0.312887 0.312888 0.312961
4.125 0.0581073 0.0581073 0.0581073 0.0581073 0.168577 0.168684 0.168656 0.168471 0.280876 0.28087 0.280838 0.280861 0.333245 0.333188 0.333197 0.333265
4.145 0.106715 0.106715 0.106715 0.106715 0.21625 0.216429 0.216442 0.216268 0.302903 0.302891 0.302875 0.302879 0.330672 0.330629 0.330627 0.330665
4.165 0.143628 0.143628 0.143628 0.143628 0.233149 0.233304 0.233312 0.233177 0.298308 0.298299 0.298303 0.298305 0.317958 0.317927 0.317924 0.317953
4.185 0.0588114 0.0588114 0.0588114 0.0588114 0.212396 0.212776 0.212778 0.212406 0.274853 0.274751 0.274754 0.274858 0.297927 0.297909 0.297909 0.297927
4.205 -0.0113586 -0.0113586 -0.0113586 -0.0113586 0.117378 0.117505 0.117504 0.117375 0.237397 0.237442 0.237443 0.2374 0.268521 0.268458 0.268456 0.268518
4.225 -0.0170472 -0.0170472 -0.0170472 -0.0170472 0.00857565 0.00830285 0.00830074 0.00857128 0.154927 0.155081 0.15508 0.154925 0.228189 0.228095 0.228097 0.228193
4.245 -0.0701198 -0.0701198 -0.0701198 -0.0701198 -0.0416058 -0.0415921 -0.0415925 -0.0416056 0.0338003 0.0336901 0.0336907 0.0338018 0.151412 0.15137 0.151369 0.151408
4.265 -0.0626464 -0.0626464 -0.0626464 -0.0626464 -0.0715263 -0.0715038 -0.0715042 -0.0715265 -0.0622327 -0.0623491 -0.0623484 -0.0622345 0.00765797 0.00765608 0.00765754 0.00766119
4.285 -0.0384881 -0.0384881 -0.0384881 -0.0384881 -0.0915615 -0.0916997 -0.0917 -0.0915554 -0.127445 -0.127357 -0.127357 -0.12744 -0.175149 -0.175136 -0.175137 -0.175151
4.305 -0.00683759 -0.00683759 -0.00683759 -0.00683759 -0.0934588 -0.0935713 -0.0935644 -0.0934541 -0.203157 -0.203037 -0.203036 -0.203156 -0.327795 -0.327741 -0.32774 -0.327794
4.325 0.0419667 0.0419667 0.0419667 0.0419667 -0.0879552 -0.0879537 -0.087964 -0.0879426 -0.288818 -0.288855 -0.288854 -0.288817 -0.411128 -0.411015 -0.411016 -0.411129
4.345 0.036835 0.036835 0.036835 0.036835 -0.105395 -0.105329 -0.105321 -0.105394 -0.332074 -0.332198 -0.332198 -0.332074 -0.434973 -0.434842 -0.434842 -0.434973
4.365 0.0126411 0.0126411 0.0126411 0.0126411 -0.14592 -0.146095 -0.146093 -0.145918 -0.312028 -0.311994 -0.311994 -0.312029 -0.412458 -0.412373 -0.412373 -0.412459
4.385 -0.00442622 -0.00442622 -0.00442622 -0.00442622 -0.162321 -0.162655 -0.162656 -0.162323 -0.26443 -0.264301 -0.264301 -0.264431 -0.340648 -0.340607 -0.340607 -0.340648
4.405 0.00488721 0.00488721 0.00488721 0.00488721 -0.11736 -0.117536 -0.117536 -0.117361 -0.210601 -0.210613 -0.210613 -0.210601 -0.231161 -0.231116 -0.231116 -0.231161
4.425 -0.042723 -0.042723 -0.042723 -0.042723 -0.0454817 -0.0452609 -0.0452583 -0.0454848 -0.120633 -0.12081 -0.12081 -0.120632 -0.117598 -0.117545 -0.117545 -0.117598
4.445 -0.0647665 -0.0647665 -0.0647665 -0.0647665 -0.0160639 -0.015998 -0.0159966 -0.0160612 0.0114751 0.0115221 0.0115255 0.0114722 -0.0107343 -0.0107478 -0.0107478 -0.0107341
4.465 -0.0370406 -0.0370406 -0.0370406 -0.0370406 0.00358003 0.00338187 0.00338299 0.00358292 0.11449 0.114702 0.114698 0.114488 0.112594 0.112521 0.112521 0.112593
4.485 0.00896118 0.00896118 0.00896118 0.00896118 0.0589905 0.0589806 0.058962 0.058979 0.156744 0.156725 0.156722 0.156741 0.24298 0.242925 0.242925 0.242981
4.505 0.0660243 0.0660243 0.0660243 0.0660243 0.129849 0.13003 0.130023 0.129844 0.197088 0.196887 0.196886 0.197082 0.324732 0.324707 0.324709 0.324737
4.525 0.120059 0.120059 0.120059 0.120059 0.188782 0.18883 0.188822 0.188766 0.272546 0.272525 0.272525 0.272545 0.333744 0.3337 0.333701 0.333748
4.545 0.108251 0.108251 0.108251 0.108251 0.235464 0.235591 0.235536 0.235392 0.335679 0.335779 0.335773 0.335639 0.314536 0.314483 0.31448 0.314533
4.565 0.110839 0.110839 0.110839 0.110839 0.251103 0.251293 0.251244 0.251026 0.3368 0.336861 0.336858 0.336804 0.317274 0.317236 0.31724 0.317281
4.585 0.0684141 0.0684141 0.0684141 0.0684141 0.21413 0.214467 0.214481 0.214145 0.289681 0.289572 0.289581 0.289701 0.336794 0.336764 0.336757 0.336773
4.605 0.0220443 0.0220443 0.0220443 0.0220443 0.11423 0.114305 0.114316 0.114255 0.236084 0.236047 0.236047 0.236083 0.330923 0.330859 0.330859 0.330928
4.625 -0.0273142 -0.0273142 -0.0273142 -0.0273142 0.0166115 0.0164329 0.0164374 0.0166221 0.170138 0.170215 0.170214 0.170137 0.274962 0.274865 0.27486 0.274953
4.645 -0.0276474 -0.0276474 -0.0276474 -0.0276474 -0.0221453 -0.0223236 -0.0223256 -0.0221529 0.0763507 0.0763832 0.0763811 0.0763464 0.165836 0.165775 0.165778 0.165843
4.665 -0.0415791 -0.0415791 -0.0415791 -0.0415791 -0.0160927 -0.0159495 -0.0159498 -0.016094 -0.0223053 -0.0224224 -0.0224203 -0.0223044 0.00981605 0.00982682 0.00982572 0.00981402
4.685 -0.0467697 -0.0467697 -0.0467697 -0.0467697 -0.0363517 -0.0362064 -0.036205 -0.0363417 -0.0980569 -0.0980752 -0.0980767 -0.0980572 -0.163598 -0.163557 -0.163556 -0.163596
4.705 -0.0749522 -0.0749522 -0.0749522 -0.0749522 -0.0985424 -0.0985389 -0.0985417 -0.0985349 -0.175315 -0.175206 -0.175206 -0.175314 -0.298252 -0.29821 -0.298211 -0.298253
4.725 -0.0464479 -0.0464479 -0.0464479 -0.0464479 -0.173793 -0.174027 -0.174029 -0.173803 -0.278229 -0.278127 -0.278128 -0.278229 -0.362821 -0.362773 -0.362773 -0.362821
4.745 -0.0205051 -0.0205051 -0.0205051 -0.0205051 -0.212196 -0.212392 -0.212417 -0.212189 -0.372744 -0.37284 -0.372839 -0.372745 -0.38583 -0.385747 -0.385747 -0.38583
4.765 -0.0348493 -0.0348493 -0.0348493 -0.0348493 -0.210428 -0.210508 -0.210522 -0.210438 -0.392174 -0.392327 -0.392314 -0.392161 -0.414191 -0.414091 -0.414092 -0.414192
4.785 -0.0337779 -0.0337779 -0.0337779 -0.0337779 -0.184135 -0.184348 -0.184344 -0.184139 -0.333815 -0.333735 -0.333737 -0.333811 -0.440292 -0.440219 -0.440219 -0.440293
4.805 -0.120005 -0.120005 -0.120005 -0.120005 -0.142933 -0.142832 -0.14283 -0.14293 -0.260108 -0.260038 -0.260039 -0.260112 -0.409374 -0.409306 -0.409307 -0.409375
4.825 -0.16473 -0.16473 -0.16473 -0.16473 -0.143997 -0.143845 -0.143845 -0.143996 -0.20411 -0.204087 -0.204087 -0.204112 -0.295441 -0.295401 -0.295401 -0.295441
4.845 -0.146743 -0.146743 -0.146743 -0.146743 -0.18133 -0.181475 -0.181476 -0.18133 -0.162572 -0.162545 -0.162544 -0.162571 -0.132969 -0.132986 -0.132986 -0.132969
4.865 -0.110156 -0.110156 -0.110156 -0.110156 -0.179528 -0.179818 -0.179821 -0.179531 -0.116501 -0.116525 -0.116525 -0.1165 0.00862505 0.00857794 0.00857801 0.00862528
4.885 -0.12756 -0.12756 -0.12756 -0.12756 -0.104294 -0.104264 -0.104265 -0.104294 -0.04068 -0.0408107 -0.0408115 -0.0406785 0.0762097 0.076177 0.0761769 0.0762095
4.905 -0.108913 -0.108913 -0.108913 -0.108913 -0.0150468 -0.0149282 -0.0149281 -0.0150466 0.0620188 0.0620439 0.0620413 0.0620188 0.079072 0.0790337 0.0790336 0.0790719
4.925 -0.0721639 -0.0721639 -0.0721639 -0.0721639 0.0511077 0.0512291 0.0512297 0.0511049 0.132643 0.132781 0.13278 0.132641 0.080708 0.0806658 0.0806656 0.0807075
4.945 0.00293129 0.00293129 0.00293129 0.00293129 0.0827138 0.0828147 0.0827968 0.0827018 0.135752 0.135803 0.1358 0.135748 0.12076 0.120734 0.120734 0.12076
4.965 0.0733807 0.0733807 0.0733807 0.0733807 0.0872549 0.0873265 0.0873204 0.0872536 0.108961 0.10886 0.10886 0.108961 0.171338 0.171329 0.17133 0.171338
4.985 0.195828 0.195828 0.195828 0.195828 0.101165 0.100901 0.100903 0.101168 0.106047 0.106023 0.106024 0.106048 0.183325 0.183312 0.183312 0.183325
5.005 0.193892 0.193892 0.193892 0.193892 0.169424 0.169449 0.16945 0.169426 0.138007 0.137943 0.137943 0.138008 0.148935 0.148954 0.148954 0.148935
5.025 0.20127 0.20127 0.20127 0.20127 0.235165 0.235323 0.235324 0.235166 0.190331 0.190354 0.190354 0.19033 0.108677 0.108709 0.108709 0.108678
5.045 0.158155 0.158155 0.158155 0.158155 0.249288 0.24956 0.24956 0.249288 0.22418 0.224226 0.224225 0.22418 0.1177 0.117725 0.117725 0.1177
5.065 0.121746 0.121746 0.121746 0.121746 0.191055 0.191179 0.191179 0.191054 0.219466 0.219503 0.219503 0.219466 0.18952 0.189509 0.189509 0.18952
5.085 0.110684 0.110684 0.110684 0.110684 0.107794 0.107645 0.107645 0.107794 0.187681 0.187681 0.187682 0.187681 0.278179 0.278127 0.278127 0.278178
5.105 0.0686518 0.0686518 0.0686518 0.0686518 0.0666728 0.0665598 0.0665599 0.0666731 0.16211 0.162014 0.162014 0.16211 0.31355 0.313493 0.313493 0.313549
5.125 0.119299 0.119299 0.119299 0.119299 0.0839512 0.0836952 0.0836952 0.0839513 0.163729 0.163755 0.163755 0.163729 0.262871 0.262815 0.262815 0.26287
5.145 0.0544277 0.0544277 0.0544277 0.0544277 0.151725 0.151998 0.151998 0.151724 0.172124 0.172067 0.172067 0.172124 0.160048 0.160049 0.160049 0.160048
5.165 -0.0165355 -0.0165355 -0.0165355 -0.0165355 0.157825 0.158302 0.158301 0.157825 0.166763 0.166757 0.166757 0.166763 0.0700215 0.0700367 0.0700368 0.0700217
5.185 -0.0539044 -0.0539044 -0.0539044 -0.0539044 0.0539922 0.0541088 0.0541087 0.053992 0.112224 0.112368 0.112368 0.112224 0.0416279 0.0415984 0.0415985 0.0416281
5.205 -0.0935485 -0.0935485 -0.0935485 -0.0935485 -0.0862337 -0.0863731 -0.086373 -0.086233 -0.00583069 -0.00578991 -0.00578925 -0.00583149 0.0577731 0.0577216 0.0577216 0.0577731
5.225 -0.0883879 -0.0883879 -0.0883879 -0.0883879 -0.180019 -0.180295 -0.180294 -0.18002 -0.130866 -0.130982 -0.130981 -0.130865 0.0358037 0.0357663 0.0357663 0.0358037
5.245 -0.0902339 -0.0902339 -0.0902339 -0.0902339 -0.189137 -0.189332 -0.18934 -0.189143 -0.196231 -0.19635 -0.196352 -0.196231 -0.0861711 -0.0861739 -0.0861737 -0.0861705
5.265 -0.0447293 -0.0447293 -0.0447293 -0.0447293 -0.136541 -0.136731 -0.136734 -0.136542 -0.20627 -0.206174 -0.206174 -0.20627 -0.271805 -0.271775 -0.271775 -0.271804
5.285 0.0168535 0.0168535 0.0168535 0.0168535 -0.0563933 -0.0563852 -0.0563845 -0.0563922 -0.221146 -0.221022 -0.221021 -0.221146 -0.416699 -0.416608 -0.416608 -0.4167
5.305 0.0661338 0.0661338 0.0661338 0.0661338 -0.0131968 -0.0129842 -0.012983 -0.0131952 -0.252716 -0.252749 -0.252752 -0.252718 -0.451586 -0.451444 -0.451443 -0.451585
5.325 0.0941409 0.0941409 0.0941409 0.0941409 -0.0420442 -0.0420116 -0.0420116 -0.0420444 -0.25936 -0.259426 -0.259426 -0.259361 -0.383496 -0.383372 -0.383372 -0.383496
5.345 0.09903 0.09903 0.09903 0.09903 -0.0901353 -0.0904601 -0.0904605 -0.0901365 -0.218235 -0.218201 -0.218201 -0.218234 -0.257932 -0.257874 -0.257874 -0.257932
5.365 0.0830687 0.0830687 0.0830687 0.0830687 -0.0721962 -0.0725276 -0.0725282 -0.0721935 -0.138296 -0.138282 -0.138282 -0.138295 -0.119955 -0.119932 -0.119932 -0.119955
5.385 0.0461662 0.0461662 0.0461662 0.0461662 0.0111739 0.0111741 0.0111762 0.0111764 -0.0203466 -0.0204183 -0.0204153 -0.0203494 0.000784869 0.000803 0.000803079 0.000785268
5.405 0.0520639 0.0520639 0.0520639 0.0520639 0.100883 0.100977 0.100978 0.100889 0.122626 0.122648 0.122644 0.122626 0.107282 0.107273 0.107273 0.107281
5.425 0.0557533 0.0557533 0.0557533 0.0557533 0.168281 0.168437 0.168433 0.168287 0.245438 0.245514 0.245513 0.245438 0.226007 0.225969 0.225969 0.226007
5.445 0.0753673 0.0753673 0.0753673 0.0753673 0.202118 0.202168 0.202182 0.202036 0.320268 0.320247 0.320224 0.32007 0.361466 0.361397 0.361384 0.361383
5.465 -0.0196628 -0.0196628 -0.0196628 -0.0196628 0.197941 0.198438 0.19863 0.19827 0.360678 0.360596 0.360685 0.360837 0.477285 0.477231 0.47724 0.477303
5.485 -0.0429462 -0.0429462 -0.0429462 -0.0429462 0.136783 0.136882 0.136969 0.136974 0.385033 0.385097 0.385123 0.385121 0.532297 0.532175 0.532208 0.532376
5.505 -0.0482963 -0.0482963 -0.0482963 -0.0482963 0.0873812 0.0872034 0.0871891 0.0873639 0.358478 0.358599 0.358579 0.358457 0.51493 0.514767 0.514759 0.514929
5.525 -0.0705109 -0.0705109 -0.0705109 -0.0705109 0.0861126 0.0862535 0.0862227 0.0860417 0.273327 0.273233 0.273214 0.273288 0.420947 0.420849 0.420849 0.420946
5.545 -0.0636226 -0.0636226 -0.0636226 -0.0636226 0.0722606 0.0725257 0.0725182 0.0722441 0.173923 0.173815 0.173814 0.173921 0.251214 0.251169 0.251166 0.251208
5.565 -0.000792758 -0.000792758 -0.000792758 -0.000792758 0.0233274 0.0232575 0.0232603 0.0233345 0.0659185 0.0660345 0.0660397 0.0659304 0.0447407 0.0447124 0.0447115 0.0447391
5.585 0.0253357 0.0253357 0.0253357 0.0253357 -0.0182733 -0.0183292 -0.0183273 -0.018265 -0.0761593 -0.0760881 -0.0760807 -0.0761619 -0.143269 -0.143239 -0.143238 -0.143268
5.605 0.0214931 0.0214931 0.0214931 0.0214931 -0.0628646 -0.062777 -0.0627897 -0.0628593 -0.221625 -0.22173 -0.221729 -0.221624 -0.294058 -0.293963 -0.293964 -0.294059
5.625 0.0330233 0.0330233 0.0330233 0.0330233 -0.13396 -0.134094 -0.134083 -0.134024 -0.320181 -0.320204 -0.320205 -0.32018 -0.411804 -0.411705 -0.411706 -0.411805
5.645 0.0200451 0.0200451 0.0200451 0.0200451 -0.186261 -0.186561 -0.186555 -0.186292 -0.37409 -0.374008 -0.373992 -0.374092 -0.486236 -0.486145 -0.486144 -0.486237
5.665 -0.00809812 -0.00809812 -0.00809812 -0.00809812 -0.195567 -0.195739 -0.195747 -0.195561 -0.395448 -0.395443 -0.395448 -0.395479 -0.50544 -0.505335 -0.505335 -0.505435
5.685 -0.0322079 -0.0322079 -0.0322079 -0.0322079 -0.181088 -0.181134 -0.181139 -0.181088 -0.37468 -0.374735 -0.374736 -0.374692 -0.472207 -0.4721 -0.472099 -0.472206
5.705 -0.107515 -0.107515 -0.107515 -0.107515 -0.17155 -0.171474 -0.171476 -0.171558 -0.3066 -0.306645 -0.306644 -0.306596 -0.393599 -0.393519 -0.393518 -0.393598
5.725 -0.137377 -0.137377 -0.137377 -0.137377 -0.18621 -0.186358 -0.18636 -0.186211 -0.215894 -0.21578 -0.215778 -0.21589 -0.27167 -0.271661 -0.271662 -0.27167
5.745 -0.151082 -0.151082 -0.151082 -0.151082 -0.176413 -0.176576 -0.176576 -0.176411 -0.143202 -0.143141 -0.14314 -0.143201 -0.119502 -0.119528 -0.119528 -0.119502
5.765 -0.143384 -0.143384 -0.143384 -0.143384 -0.13015 -0.130152 -0.130153 -0.130147 -0.0766924 -0.0767854 -0.0767867 -0.0766875 0.0176058 0.0175765 0.0175763 0.0176051
5.785 -0.0485536 -0.0485536 -0.0485536 -0.0485536 -0.0600507 -0.0602031 -0.0602028 -0.06005 0.0113528 0.0113307 0.0113398 0.0113441 0.0996655 0.0996186 0.0996184 0.0996647
5.805 0.011372 0.011372 0.011372 0.011372 0.0512419 0.0512631 0.0512651 0.0512535 0.105494 0.105505 0.105506 0.105495 0.13401 0.13398 0.13398 0.13401
5.825 0.0585036 0.0585036 0.0585036 0.0585036 0.160878 0.161151 0.161143 0.160887 0.185968 0.185958 0.185956 0.185969 0.157036 0.157032 0.157032 0.157036
5.845 0.034353 0.034353 0.034353 0.034353 0.201889 0.202311 0.20231 0.201877 0.243292 0.243253 0.243252 0.243289 0.201101 0.201096 0.201096 0.201101
5.865 0.0394831 0.0394831 0.0394831 0.0394831 0.157892 0.157991 0.157978 0.157868 0.263018 0.263087 0.263089 0.263021 0.273803 0.273748 0.273747 0.273802
5.885 0.0269628 0.0269628 0.0269628 0.0269628 0.0906638 0.0905705 0.0905672 0.0906596 0.237154 0.237185 0.237186 0.237156 0.344883 0.344796 0.344795 0.344881
5.905 0.0608805 0.0608805 0.0608805 0.0608805 0.0610456 0.0608475 0.0608497 0.0610499 0.192711 0.192668 0.192668 0.192711 0.357473 0.357392 0.357392 0.357473
5.925 0.0808932 0.0808932 0.0808932 0.0808932 0.0989208 0.098916 0.0989173 0.0989235 0.16493 0.164822 0.164822 0.164929 0.278104 0.278068 0.278068 0.278104
5.945 0.067973 0.067973 0.067973 0.067973 0.147358 0.147571 0.14757 0.147357 0.162134 0.162113 0.162113 0.162134 0.137619 0.13762 0.13762 0.137619
5.965 0.136516 0.136516 0.136516 0.136516 0.156192 0.156169 0.156168 0.156191 0.138676 0.138865 0.138865 0.138677 0.0179882 0.0179951 0.0179953 0.0179885
5.985 0.165183 0.165183 0.165183 0.165183 0.144599 0.14467 0.144669 0.144599 0.0613575 0.0613805 0.0613793 0.0613567 -0.0279986 -0.0279494 -0.0279493 -0.0279984
6.005 0.11857 0.11857 0.11857 0.11857 0.0975915 0.09784 0.0978403 0.0975923 -0.0141195 -0.0143223 -0.0143229 -0.0141196 -0.0278279 -0.0277522 -0.0277522 -0.0278278
6.025 0.029224 0.029224 0.029224 0.029224 5.57575e-06 1.16671e-05 1.17409e-05 5.85802e-06 -0.0337825 -0.0338331 -0.0338328 -0.0337822 -0.0289628 -0.028943 -0.028943 -0.0289628
6.045 -0.0460582 -0.0460582 -0.0460582 -0.0460582 -0.091249 -0.0915746 -0.0915744 -0.0912486 -0.0368488 -0.0366649 -0.0366671 -0.03685 -0.0351689 -0.0352155 -0.0352157 -0.0351693
6.065 -0.153412 -0.153412 -0.153412 -0.153412 -0.124009 -0.124009 -0.124009 -0.124012 -0.073064 -0.0730599 -0.0730607 -0.073064 -0.039044 -0.0390729 -0.039073 -0.0390443
6.085 -0.150665 -0.150665 -0.150665 -0.150665 -0.140635 -0.140605 -0.140605 -0.140631 -0.117337 -0.117414 -0.117414 -0.117337 -0.0612734 -0.061284 -0.061284 -0.0612734
6.105 -0.130359 -0.130359 -0.130359 -0.130359 -0.154477 -0.154564 -0.154573 -0.154479 -0.143059 -0.143059 -0.14306 -0.143061 -0.116113 -0.116124 -0.116123 -0.116113
6.125 -0.0732641 -0.0732641 -0.0732641 -0.0732641 -0.141166 -0.141366 -0.141369 -0.141171 -0.163421 -0.163339 -0.163339 -0.163422 -0.18519 -0.185187 -0.185187 -0.18519
6.145 0.0190082 0.0190082 0.0190082 0.0190082 -0.0877555 -0.0878995 -0.0878992 -0.0877563 -0.187357 -0.187333 -0.187333 -0.187357 -0.24136 -0.241311 -0.241311 -0.24136
6.165 0.0485816 0.0485816 0.0485816 0.0485816 -0.0230026 -0.0228476 -0.0228471 -0.0230016 -0.188278 -0.188396 -0.188395 -0.188277 -0.271062 -0.270961 -0.270962 -0.271063
6.185 0.0685167 0.0685167 0.0685167 0.0685167 0.000969255 0.00103691 0.0010371 0.000969728 -0.145207 -0.145215 -0.145215 -0.145207 -0.26081 -0.260726 -0.260726 -0.260811
6.205 0.125255 0.125255 0.125255 0.125255 -0.000578778 -0.000872962 -0.00087358 -0.000579464 -0.0888431 -0.0886709 -0.0886709 -0.0888431 -0.189564 -0.189529 -0.189529 -0.189564
6.225 0.184822 0.184822 0.184822 0.184822 0.0453416 0.0450944 0.0450949 0.0453426 -0.0448888 -0.0448712 -0.044871 -0.0448884 -0.0649586 -0.0649183 -0.0649182 -0.0649584
6.245 0.1293 0.1293 0.1293 0.1293 0.126068 0.126367 0.126367 0.126068 0.034895 0.0346352 0.0346335 0.034902 0.0624273 0.0624945 0.0624948 0.062428
6.265 0.0672641 0.0672641 0.0672641 0.0672641 0.152513 0.152712 0.152698 0.1525 0.179778 0.179756 0.179757 0.179777 0.166776 0.16677 0.16677 0.166777
6.285 0.0134031 0.0134031 0.0134031 0.0134031 0.135358 0.13528 0.135278 0.135371 0.30186 0.302125 0.302125 0.301859 0.283092 0.282991 0.282991 0.283092
6.305 0.0152301 0.0152301 0.0152301 0.0152301 0.135622 0.135591 0.135584 0.135625 0.325124 0.325204 0.325203 0.325121 0.421241 0.421133 0.421132 0.421241
6.325 0.062359 0.062359 0.062359 0.062359 0.15611 0.156241 0.156236 0.156116 0.305108 0.304916 0.304915 0.305114 0.509515 0.50944 0.50944 0.509516
6.345 0.132626 0.132626 0.132626 0.132626 0.189151 0.18914 0.189135 0.189156 0.319736 0.319617 0.319621 0.319721 0.481905 0.481834 0.481835 0.481909
6.365 0.122366 0.122366 0.122366 0.122366 0.238857 0.238951 0.238953 0.238857 0.350544 0.350611 0.350608 0.350539 0.368074 0.368014 0.368016 0.368076
6.385 0.12746 0.12746 0.12746 0.12746 0.269174 0.269395 0.269395 0.269174 0.331566 0.331683 0.331683 0.331566 0.256319 0.256293 0.256293 0.25632
6.405 0.13518 0.13518 0.13518 0.13518 0.236935 0.237206 0.237205 0.236935 0.245779 0.245772 0.245772 0.245781 0.196351 0.196357 0.196357 0.196351
6.425 0.0795105 0.0795105 0.0795105 0.0795105 0.135076 0.135295 0.135295 0.135077 0.138029 0.137906 0.137906 0.138029 0.165139 0.165148 0.165148 0.165139
6.445 0.0232317 0.0232317 0.0232317 0.0232317 -0.00267944 -0.00284205 -0.00284345 -0.00267913 0.0478812 0.0478907 0.0478907 0.0478813 0.115461 0.115425 0.115425 0.115461
6.465 -0.0230601 -0.0230601 -0.0230601 -0.0230601 -0.0910865 -0.09142 -0.0914206 -0.0910878 -0.0366944 -0.0366196 -0.0366165 -0.0366982 0.027402 0.027357 0.0273571 0.0274023
6.485 -0.106781 -0.106781 -0.106781 -0.106781 -0.109309 -0.109251 -0.109254 -0.109308 -0.120398 -0.120474 -0.120477 -0.120399 -0.0956057 -0.0955965 -0.0955969 -0.0956064
6.505 -0.113835 -0.113835 -0.113835 -0.113835 -0.12863 -0.128582 -0.12859 -0.128625 -0.185156 -0.185167 -0.185169 -0.185156 -0.232622 -0.232587 -0.232588 -0.232622
6.525 -0.198182 -0.198182 -0.198182 -0.198182 -0.176932 -0.176765 -0.176764 -0.176954 -0.244779 -0.244763 -0.244763 -0.244779 -0.342337 -0.342291 -0.342291 -0.342336
6.545 -0.199952 -0.199952 -0.199952 -0.199952 -0.265501 -0.265659 -0.265649 -0.265494 -0.319539 -0.319418 -0.319418 -0.319541 -0.396378 -0.396356 -0.396357 -0.396379
6.565 -0.185909 -0.185909 -0.185909 -0.185909 -0.329977 -0.33016 -0.330146 -0.329871 -0.408267 -0.408287 -0.408291 -0.408303 -0.409356 -0.409318 -0.40932 -0.409353
6.585 -0.118191 -0.118191 -0.118191 -0.118191 -0.330268 -0.330563 -0.330622 -0.330282 -0.459602 -0.459704 -0.459738 -0.459646 -0.429968 -0.429907 -0.429898 -0.429961
6.605 -0.0727958 -0.0727958 -0.0727958 -0.0727958 -0.25978 -0.259991 -0.260079 -0.259919 -0.433391 -0.43347 -0.433484 -0.433422 -0.477797 -0.477707 -0.47771 -0.477802
6.625 -0.0494231 -0.0494231 -0.0494231 -0.0494231 -0.158502 -0.158511 -0.158527 -0.158535 -0.346596 -0.346556 -0.346551 -0.346599 -0.507445 -0.507337 -0.507332 -0.507433
6.645 -0.0414055 -0.0414055 -0.0414055 -0.0414055 -0.0827071 -0.0825725 -0.0825577 -0.0826786 -0.250178 -0.250089 -0.250083 -0.250162 -0.448986 -0.44889 -0.448895 -0.448996
6.665 -0.0304509 -0.0304509 -0.0304509 -0.0304509 -0.0650723 -0.0649984 -0.0649913 -0.0650572 -0.170051 -0.170017 -0.170017 -0.170051 -0.281522 -0.281459 -0.281455 -0.281514
6.685 0.0429682 0.0429682 0.0429682 0.0429682 -0.0666566 -0.0669258 -0.066922 -0.0666613 -0.0927522 -0.0927409 -0.0927407 -0.092751 -0.0575742 -0.0575722 -0.0575751 -0.05758
6.705 0.0298246 0.0298246 0.0298246 0.0298246 -0.0132445 -0.0133316 -0.0133334 -0.0132464 0.0145777 0.0144184 0.0144226 0.0145675 0.138274 0.138257 0.138258 0.138277
6.725 0.0567585 0.0567585 0.0567585 0.0567585 0.0830606 0.0829934 0.0829641 0.0830335 0.169636 0.169612 0.169612 0.169636 0.259553 0.259502 0.259501 0.259551
6.745 0.0298353 0.0298353 0.0298353 0.0298353 0.197711 0.19798 0.197964 0.197731 0.323477 0.323529 0.323531 0.323484 0.334554 0.334492 0.334493 0.334555
6.765 0.0268986 0.0268986 0.0268986 0.0268986 0.266083 0.266423 0.26646 0.266122 0.419522 0.419566 0.419557 0.41948 0.414205 0.414135 0.414132 0.414208
6.785 -0.00179526 -0.00179526 -0.00179526 -0.00179526 0.246305 0.24673 0.246923 0.24675 0.440998 0.440974 0.440919 0.440843 0.507538 0.507449 0.50745 0.507554
6.805 0.0140437 0.0140437 0.0140437 0.0140437 0.16621 0.166201 0.166213 0.16621 0.404908 0.404944 0.404986 0.40499 0.571095 0.570975 0.570988 0.571173
6.825 0.038667 0.038667 0.038667 0.038667 0.112383 0.112206 0.112158 0.112299 0.335107 0.335097 0.335135 0.335188 0.547411 0.54728 0.547282 0.547423
6.845 0.0912553 0.0912553 0.0912553 0.0912553 0.12801 0.1279 0.127884 0.127974 0.260212 0.260162 0.260171 0.260228 0.409721 0.409633 0.409616 0.409683
6.865 0.0698244 0.0698244 0.0698244 0.0698244 0.173987 0.174292 0.174293 0.173988 0.195121 0.195031 0.195022 0.195103 0.193548 0.19355 0.193548 0.193545
6.885 0.0606479 0.0606479 0.0606479 0.0606479 0.156715 0.156988 0.156999 0.156722 0.121471 0.121551 0.121549 0.121468 -0.0145919 -0.0145637 -0.0145682 -0.0146014
6.905 -0.0095589 -0.0095589 -0.0095589 -0.0095589 0.0521193 0.0523361 0.0523385 0.0521271 -0.000931401 -0.000839841 -0.000833664 -0.000941688 -0.13919 -0.139151 -0.139148 -0.139185
6.925 -0.112944 -0.112944 -0.112944 -0.112944 -0.118557 -0.118469 -0.11844 -0.118608 -0.162574 -0.162616 -0.162613 -0.162571 -0.185139 -0.18511 -0.18511 -0.185139
6.945 -0.205138 -0.205138 -0.205138 -0.205138 -0.306401 -0.306632 -0.306628 -0.306406 -0.309049 -0.309098 -0.309096 -0.309041 -0.224765 -0.224773 -0.224772 -0.224764
6.965 -0.261996 -0.261996 -0.261996 -0.261996 -0.420853 -0.421425 -0.421501 -0.42101 -0.41408 -0.414042 -0.414036 -0.414056 -0.318571 -0.318597 -0.318598 -0.318575
6.985 -0.248533 -0.248533 -0.248533 -0.248533 -0.414556 -0.415186 -0.415392 -0.415138 -0.482037 -0.481958 -0.481919 -0.481969 -0.469412 -0.469403 -0.469405 -0.469435
7.005 -0.174814 -0.174814 -0.174814 -0.174814 -0.330625 -0.330703 -0.330904 -0.330714 -0.515831 -0.515664 -0.515504 -0.515489 -0.629077 -0.629003 -0.629007 -0.629136
7.025 -0.00470099 -0.00470099 -0.00470099 -0.00470099 -0.230647 -0.230765 -0.230711 -0.230497 -0.517747 -0.517629 -0.517609 -0.517645 -0.72867 -0.728502 -0.728551 -0.728761
7.045 0.0455023 0.0455023 0.0455023 0.0455023 -0.139152 -0.138994 -0.138923 -0.139051 -0.483767 -0.483863 -0.483934 -0.483867 -0.718341 -0.718177 -0.718212 -0.718441
7.065 0.100344 0.100344 0.100344 0.100344 -0.0993345 -0.0993804 -0.0993742 -0.0993261 -0.393674 -0.393695 -0.393719 -0.393722 -0.589615 -0.589457 -0.589475 -0.589644
7.085 0.0674007 0.0674007 0.0674007 0.0674007 -0.0828995 -0.0830382 -0.0830527 -0.0829285 -0.255771 -0.255746 -0.255739 -0.255762 -0.364236 -0.364143 -0.364138 -0.364226
7.105 0.0474914 0.0474914 0.0474914 0.0474914 -0.0491758 -0.0493964 -0.049396 -0.049185 -0.0895714 -0.0895343 -0.0895263 -0.0895513 -0.0881806 -0.0881646 -0.0881597 -0.0881697
7.125 0.0256016 0.0256016 0.0256016 0.0256016 0.0291614 0.0291073 0.0291188 0.0291957 0.09393 0.0938491 0.0938627 0.093916 0.18071 0.180671 0.180672 0.180713
7.145 0.0139166 0.0139166 0.0139166 0.0139166 0.137981 0.138274 0.138258 0.138121 0.287058 0.286999 0.287001 0.287054 0.399365 0.399286 0.399285 0.399365
7.165 -0.0275253 -0.0275253 -0.0275253 -0.0275253 0.232102 0.232215 0.232154 0.231357 0.462756 0.462746 0.462678 0.462669 0.560377 0.560253 0.560254 0.560353
7.185 -0.0360762 -0.0360762 -0.0360762 -0.0360762 0.269181 0.269429 0.2697 0.26951 0.572873 0.573047 0.573224 0.57315 0.678715 0.67859 0.678683 0.67886
7.205 -0.012927 -0.012927 -0.012927 -0.012927 0.265239 0.265573 0.265746 0.265728 0.587497 0.587595 0.58767 0.587691 0.753591 0.753455 0.753483 0.753683
7.225 0.0712524 0.0712524 0.0712524 0.0712524 0.247043 0.247091 0.247109 0.247124 0.529383 0.529335 0.529279 0.529313 0.748086 0.747926 0.747923 0.748061
7.245 0.200122 0.200122 0.200122 0.200122 0.261034 0.260878 0.26084 0.260931 0.443174 0.443106 0.443069 0.443098 0.628211 0.628096 0.62808 0.628181
7.265 0.201406 0.201406 0.201406 0.201406 0.312169 0.312455 0.31243 0.312116 0.361069 0.36093 0.360925 0.361058 0.410622 0.41061 0.410614 0.410629
7.285 0.141618 0.141618 0.141618 0.141618 0.300382 0.300854 0.30086 0.300388 0.284385 0.284383 0.284395 0.284411 0.171831 0.171858 0.171855 0.171824
7.305 0.0480279 0.0480279 0.0480279 0.0480279 0.168513 0.1688 0.168801 0.168551 0.162873 0.163034 0.163037 0.162878 0.0052561 0.00527034 0.00527451 0.0052652
7.325 -0.0788632 -0.0788632 -0.0788632 -0.0788632 -0.0436498 -0.0435992 -0.0435847 -0.0436395 -0.0329148 -0.0328553 -0.032867 -0.0328846 -0.0664958 -0.0665012 -0.0665024 -0.0664978
7.345 -0.176622 -0.176622 -0.176622 -0.176622 -0.26532 -0.265541 -0.265602 -0.265374 -0.246978 -0.247084 -0.247079 -0.246993 -0.122551 -0.122567 -0.122564 -0.122544
7.365 -0.223436 -0.223436 -0.223436 -0.223436 -0.411335 -0.411872 -0.411809 -0.411457 -0.406791 -0.406842 -0.406841 -0.40678 -0.257368 -0.257391 -0.257392 -0.257371
7.385 -0.21014 -0.21014 -0.21014 -0.21014 -0.422652 -0.423255 -0.423139 -0.422522 -0.500635 -0.500537 -0.500463 -0.500579 -0.481815 -0.481796 -0.481789 -0.48182
7.405 -0.165135 -0.165135 -0.165135 -0.165135 -0.328023 -0.328576 -0.32873 -0.328744 -0.554969 -0.554842 -0.554855 -0.554871 -0.71812 -0.718023 -0.718035 -0.718165
7.425 -0.0889077 -0.0889077 -0.0889077 -0.0889077 -0.243601 -0.243419 -0.24348 -0.243518 -0.580734 -0.580637 -0.580333 -0.580299 -0.865142 -0.864903 -0.864788 -0.864931
7.445 -0.0926412 -0.0926412 -0.0926412 -0.0926412 -0.23787 -0.237717 -0.237682 -0.237921 -0.579268 -0.579356 -0.579296 -0.57929 -0.860316 -0.860151 -0.860133 -0.860318
7.465 -0.095367 -0.095367 -0.095367 -0.095367 -0.306702 -0.306886 -0.306874 -0.30665 -0.546704 -0.546649 -0.546689 -0.546749 -0.710222 -0.71009 -0.710095 -0.710216
7.485 -0.0980508 -0.0980508 -0.0980508 -0.0980508 -0.349152 -0.349631 -0.349619 -0.349121 -0.479582 -0.479553 -0.479565 -0.479602 -0.482432 -0.482383 -0.48239 -0.482448
7.505 -0.0864115 -0.0864115 -0.0864115 -0.0864115 -0.283033 -0.283409 -0.283411 -0.283031 -0.354556 -0.354647 -0.354644 -0.354554 -0.267299 -0.267271 -0.267269 -0.267292
7.525 -0.101686 -0.101686 -0.101686 -0.101686 -0.130068 -0.130045 -0.130045 -0.130061 -0.15372 -0.153824 -0.15382 -0.153709 -0.11169 -0.111677 -0.111679 -0.111696
7.545 -0.0760986 -0.0760986 -0.0760986 -0.0760986 0.0262992 0.0264253 0.0264185 0.0262994 0.0769705 0.0771207 0.0771288 0.0769836 0.0198435 0.0198229 0.0198269 0.0198537
7.565 -0.0733118 -0.0733118 -0.0733118 -0.0733118 0.136857 0.13719 0.13712 0.136791 0.250595 0.2507 0.250711 0.250598 0.192661 0.19261 0.192611 0.192662
7.585 -0.0469893 -0.0469893 -0.0469893 -0.0469893 0.168584 0.168757 0.168835 0.168494 0.341209 0.341188 0.341189 0.341215 0.407293 0.40721 0.407211 0.407296
7.605 -0.018649 -0.018649 -0.018649 -0.018649 0.144833 0.144921 0.144965 0.144822 0.385774 0.385737 0.385618 0.385776 0.589214 0.589076 0.589082 0.589198
7.625 0.00752486 0.00752486 0.00752486 0.00752486 0.134865 0.134758 0.134693 0.134988 0.416017 0.415997 0.416023 0.415998 0.660725 0.660562 0.660558 0.660731
7.645 0.0626454 0.0626454 0.0626454 0.0626454 0.187296 0.187166 0.187154 0.187248 0.427157 0.42719 0.427192 0.427157 0.603214 0.603075 0.603076 0.603213
7.665 0.042951 0.042951 0.042951 0.042951 0.268529 0.268956 0.268948 0.268497 0.406367 0.406282 0.406281 0.406367 0.458532 0.458476 0.458478 0.458536
7.685 -0.020608 -0.020608 -0.020608 -0.020608 0.256725 0.257357 0.257356 0.256726 0.349473 0.34944 0.349441 0.349478 0.296331 0.296307 0.296306 0.296331
7.705 -0.141725 -0.141725 -0.141725 -0.141725 0.09659 0.0969812 0.0969829 0.0965981 0.227417 0.227516 0.227517 0.227419 0.175936 0.175878 0.175878 0.175937
7.725 -0.179291 -0.179291 -0.179291 -0.179291 -0.141047 -0.141301 -0.14131 -0.141052 0.0173871 0.0175435 0.0175441 0.0173883 0.0945071 0.0944058 0.0944056 0.0945068
7.745 -0.138233 -0.138233 -0.138233 -0.138233 -0.306304 -0.306854 -0.306811 -0.3064 -0.234002 -0.234032 -0.234018 -0.234021 -0.0282543 -0.0283182 -0.0283186 -0.028255
7.765 -0.055271 -0.055271 -0.055271 -0.055271 -0.314622 -0.315028 -0.314927 -0.314635 -0.419711 -0.41991 -0.419905 -0.419698 -0.274491 -0.274446 -0.274446 -0.27449
7.785 0.0153287 0.0153287 0.0153287 0.0153287 -0.211965 -0.211887 -0.211882 -0.211764 -0.482395 -0.482446 -0.482522 -0.482432 -0.611865 -0.611717 -0.611713 -0.611855
7.805 0.0821236 0.0821236 0.0821236 0.0821236 -0.103618 -0.103514 -0.103641 -0.103687 -0.481012 -0.480868 -0.480775 -0.480997 -0.87937 -0.879143 -0.879162 -0.879352
7.825 0.17405 0.17405 0.17405 0.17405 -0.0585603 -0.0585711 -0.0586043 -0.0586455 -0.497312 -0.497118 -0.4971 -0.497264 -0.924526 -0.924278 -0.924182 -0.924407
7.845 0.296025 0.296025 0.296025 0.296025 -0.0701566 -0.0704103 -0.0704127 -0.0701729 -0.508904 -0.508949 -0.50894 -0.508885 -0.743352 -0.743119 -0.743089 -0.743295
7.865 0.270317 0.270317 0.270317 0.270317 -0.0728003 -0.0730055 -0.0729956 -0.0727755 -0.415336 -0.415598 -0.4156 -0.415341 -0.458224 -0.458032 -0.458029 -0.458209
7.885 0.271377 0.271377 0.271377 0.271377 -0.017781 -0.0183306 -0.0183254 -0.0177642 -0.173889 -0.173867 -0.17387 -0.17389 -0.175573 -0.17551 -0.175512 -0.17558
7.905 0.138793 0.138793 0.138793 0.138793 0.140758 0.140773 0.140767 0.140792 0.132975 0.133094 0.133181 0.132819 0.0972761 0.0972809 0.0972835 0.097288
7.925 -0.0116597 -0.0116597 -0.0116597 -0.0116597 0.286433 0.287065 0.287236 0.286487 0.420696 0.420696 0.42064 0.420705 0.392848 0.392802 0.392814 0.392856
7.945 -0.140813 -0.140813 -0.140813 -0.140813 0.292999 0.293692 0.293655 0.292883 0.632597 0.632565 0.632552 0.632534 0.714302 0.714154 0.714155 0.71432
7.965 -0.0819138 -0.0819138 -0.0819138 -0.0819138 0.205721 0.205703 0.206913 0.206715 0.717906 0.718301 0.718777 0.718746 1.00457 1.00431 1.00448 1.00487
7.985 0.0416924 0.0416924 0.0416924 0.0416924 0.206246 0.206296 0.206476 0.207061 0.692078 0.692094 0.692217 0.692323 1.14965 1.14942 1.14947 1.14978
8.005 0.188128 0.188128 0.188128 0.188128 0.34541 0.345515 0.345433 0.345399 0.656349 0.655995 0.655873 0.656155 1.04704 1.04686 1.04682 1.04702
8.025 0.400326 0.400326 0.400326 0.400326 0.532558 0.532612 0.532518 0.532312 0.665605 0.665548 0.665477 0.665438 0.734353 0.734258 0.734231 0.73428
8.045 0.544173 0.544173 0.544173 0.544173 0.685335 0.685664 0.685631 0.685255 0.640976 0.641191 0.64119 0.640973 0.400957 0.400994 0.400993 0.400955
8.065 0.689016 0.689016 0.689016 0.689016 0.725234 0.725637 0.725653 0.725274 0.518477 0.518597 0.51862 0.518527 0.218144 0.218272 0.218264 0.218128
8.085 0.712516 0.712516 0.712516 0.712516 0.624481 0.624801 0.624818 0.62451 0.358729 0.35856 0.358564 0.358741 0.202073 0.202241 0.202247 0.202087
8.105 0.697515 0.697515 0.697515 0.697515 0.447469 0.447113 0.447123 0.447465 0.26322 0.263135 0.263134 0.263218 0.257043 0.257132 0.257129 0.257037
8.125 0.565485 0.565485 0.565485 0.565485 0.339599 0.339103 0.339101 0.339595 0.254138 0.254143 0.25414 0.254131 0.298675 0.298703 0.298705 0.29868
8.145 0.296255 0.296255 0.296255 0.296255 0.324715 0.324889 0.324889 0.324715 0.30315 0.303054 0.303054 0.303151 0.3067 0.30672 0.306718 0.306697
8.165 0.0387799 0.0387799 0.0387799 0.0387799 0.27245 0.272937 0.272933 0.272448 0.364018 0.364031 0.364031 0.364018 0.313581 0.313551 0.313552 0.313584
8.185 -0.13845 -0.13845 -0.13845 -0.13845 0.113491 0.113661 0.113662 0.113497 0.354916 0.355136 0.355136 0.354915 0.359275 0.359143 0.359142 0.359272
8.205 -0.178621 -0.178621 -0.178621 -0.178621 -0.0683847 -0.0686638 -0.0686664 -0.0683853 0.225634 0.225772 0.225771 0.225631 0.415771 0.415594 0.415595 0.415773
8.225 -0.14164 -0.14164 -0.14164 -0.14164 -0.158406 -0.158627 -0.158642 -0.158347 0.0453714 0.0451807 0.0451783 0.0453648 0.370203 0.370079 0.370078 0.370201
8.245 -0.0881656 -0.0881656 -0.0881656 -0.0881656 -0.136981 -0.137129 -0.1371 -0.13697 -0.0699628 -0.0701824 -0.0701828 -0.0699624 0.138998 0.138957 0.138958 0.138999
8.265 -0.0629115 -0.0629115 -0.0629115 -0.0629115 -0.0590863 -0.0590359 -0.059089 -0.0589087 -0.115012 -0.114909 -0.114949 -0.115006 -0.207743 -0.207712 -0.207717 -0.207754
8.285 -0.138587 -0.138587 -0.138587 -0.138587 -0.0260854 -0.0255673 -0.025486 -0.026051 -0.182555 -0.182483 -0.182459 -0.1826 -0.491864 -0.491717 -0.491737 -0.49185
8.305 -0.294392 -0.294392 -0.294392 -0.294392 -0.158103 -0.157277 -0.157731 -0.158209 -0.322773 -0.322801 -0.322791 -0.32273 -0.594279 -0.594141 -0.594154 -0.594275
8.325 -0.475021 -0.475021 -0.475021 -0.475021 -0.466043 -0.466128 -0.465851 -0.465832 -0.506226 -0.506219 -0.506267 -0.506207 -0.546974 -0.546952 -0.54694 -0.546971
8.345 -0.642326 -0.642326 -0.642326 -0.642326 -0.786098 -0.786974 -0.786624 -0.786394 -0.685981 -0.685896 -0.68602 -0.686026 -0.486289 -0.486406 -0.486393 -0.486318
8.365 -0.706591 -0.706591 -0.706591 -0.706591 -0.939004 -0.939719 -0.939803 -0.938411 -0.821588 -0.82172 -0.821566 -0.821639 -0.546956 -0.547026 -0.547053 -0.546941
8.385 -0.695199 -0.695199 -0.695199 -0.695199 -0.872464 -0.872588 -0.872406 -0.871891 -0.886707 -0.887482 -0.88765 -0.888054 -0.766639 -0.766678 -0.766711 -0.766719
8.405 -0.549233 -0.549233 -0.549233 -0.549233 -0.694724 -0.694664 -0.694514 -0.69439 -0.892759 -0.892742 -0.893007 -0.893062 -1.05323 -1.05309 -1.05313 -1.05327
8.425 -0.22575 -0.22575 -0.22575 -0.22575 -0.506812 -0.506984 -0.506919 -0.50656 -0.887838 -0.887405 -0.887304 -0.887456 -1.24696 -1.24674 -1.24679 -1.24702
8.445 0.0971866 0.0971866 0.0971866 0.0971866 -0.321085 -0.321328 -0.321315 -0.321068 -0.877635 -0.877689 -0.877686 -0.877826 -1.24588 -1.24565 -1.24567 -1.24601
8.465 0.447512 0.447512 0.447512 0.447512 -0.13442 -0.134895 -0.134907 -0.13448 -0.773817 -0.77393 -0.773958 -0.773838 -1.06221 -1.06186 -1.06187 -1.06221
8.485 0.702806 0.702806 0.702806 0.702806 0.110218 0.109688 0.109682 0.110225 -0.497473 -0.497566 -0.49756 -0.497447 -0.750974 -0.75065 -0.750641 -0.750957
8.505 0.728227 0.728227 0.728227 0.728227 0.418508 0.418498 0.418425 0.418576 -0.051674 -0.0517767 -0.0517576 -0.0516873 -0.328668 -0.328399 -0.328393 -0.328651
8.525 0.61416 0.61416 0.61416 0.61416 0.6739 0.674363 0.67409 0.673089 0.485516 0.485371 0.48542 0.485489 0.23056 0.230682 0.230685 0.230553
8.545 0.342888 0.342888 0.342888 0.342888 0.769762 0.768106 0.767185 0.761222 0.987464 0.987647 0.987789 0.987622 0.930341 0.930255 0.930178 0.930254
8.565 -0.0215422 -0.0215422 -0.0215422 -0.0215422 0.680896 0.683603 0.68304 0.682364 1.35086 1.35126 1.3532 1.35291 1.66904 1.66891 1.66904 1.67003
8.585 -0.284021 -0.284021 -0.284021 -0.284021 0.484181 0.484197 0.4857 0.485715 1.55255 1.55361 1.55404 1.55437 2.24969 2.24905 2.24902 2.24958
8.605 -0.525937 -0.525937 -0.525937 -0.525937 0.326021 0.326373 0.326636 0.32698 1.57991 1.58036 1.58003 1.58047 2.47293 2.47233 2.47236 2.47309
8.625 -0.717391 -0.717391 -0.717391 -0.717391 0.237323 0.238011 0.23832 0.237677 1.43662 1.4363 1.43649 1.43666 2.24035 2.23965 2.23959 2.24019
8.645 -0.792875 -0.792875 -0.792875 -0.792875 0.120744 0.121481 0.121464 0.1206 1.10774 1.10763 1.1076 1.10749 1.60957 1.60907 1.60913 1.60966
8.665 -0.772082 -0.772082 -0.772082 -0.772082 -0.101211 -0.100519 -0.100461 -0.101462 0.547544 0.54774 0.547714 0.547567 0.754031 0.753661 0.753617 0.753936
8.685 -0.718392 -0.718392 -0.718392 -0.718392 -0.433258 -0.434362 -0.434088 -0.432183 -0.221663 -0.221028 -0.221369 -0.220479 -0.173823 -0.173915 -0.173882 -0.173746
8.705 -0.696913 -0.696913 -0.696913 -0.696913 -0.839345 -0.845473 -0.841356 -0.841171 -1.05341 -1.05474 -1.05596 -1.05547 -1.11219 -1.11187 -1.11145 -1.11157
8.725 -0.751774 -0.751774 -0.751774 -0.751774 -1.2574 -1.2571 -1.25721 -1.25452 -1.79133 -1.79094 -1.78981 -1.7887 -2.02375 -2.02304 -2.02206 -2.02205
8.745 -0.854646 -0.854646 -0.854646 -0.854646 -1.60854 -1.60773 -1.6074 -1.6056 -2.37782 -2.37854 -2.37768 -2.37769 -2.8225 -2.82205 -2.82176 -2.82193
8.765 -0.849684 -0.849684 -0.849684 -0.849684 -1.79732 -1.79249 -1.79879 -1.79434 -2.81171 -2.8117 -2.81257 -2.81328 -3.40163 -3.40109 -3.40104 -3.40148
8.785 -0.726862 -0.726862 -0.726862 -0.726862 -1.85938 -1.86417 -1.85981 -1.86799 -3.04795 -3.04719 -3.04804 -3.04883 -3.69394 -3.69329 -3.69324 -3.69371
8.805 -0.575764 -0.575764 -0.575764 -0.575764 -1.81374 -1.81492 -1.81366 -1.80889 -3.0486 -3.04864 -3.04848 -3.04961 -3.67816 -3.67775 -3.67779 -3.67842
8.825 -0.25668 -0.25668 -0.25668 -0.25668 -1.55828 -1.56025 -1.55948 -1.55765 -2.7746 -2.77432 -2.77422 -2.77419 -3.36838 -3.36775 -3.36783 -3.36849
8.845 0.217226 0.217226 0.217226 0.217226 -1.03855 -1.04051 -1.0408 -1.03992 -2.21895 -2.21886 -2.21882 -2.21884 -2.78463 -2.784 -2.78395 -2.78453
8.865 0.614237 0.614237 0.614237 0.614237 -0.301064 -0.302005 -0.301975 -0.301908 -1.38215 -1.3823 -1.38243 -1.38219 -1.94093 -1.94035 -1.94035 -1.94094
8.885 0.994665 0.994665 0.994665 0.994665 0.487113 0.48391 0.485407 0.484473 -0.301399 -0.301511 -0.301596 -0.301209 -0.832972 -0.832551 -0.832551 -0.833068
8.905 1.1688 1.1688 1.1688 1.1688 1.19163 1.18822 1.17827 1.20431 0.893126 0.887861 0.890452 0.888632 0.541061 0.541288 0.54139 0.541645
8.925 1.27423 1.27423 1.27423 1.27423 1.73985 1.71832 1.70736 1.68828 2.06034 2.0648 2.06586 2.06642 2.10024 2.0995 2.0982 2.09862
8.945 1.20265 1.20265 1.20265 1.20265 1.97609 1.99126 2.01052 2.00796 3.03926 3.04025 3.05126 3.05889 3.63533 3.63648 3.63684 3.63843
8.965 0.939189 0.939189 0.939189 0.939189 2.04203 2.06803 2.0754 2.10285 3.68253 3.68026 3.68857 3.68481 4.86862 4.86951 4.87016 4.8701
8.985 0.421604 0.421604 0.421604 0.421604 2.1602 2.13583 2.12835 2.12284 4.10951 4.09638 4.09121 4.09498 5.484 5.48215 5.48242 5.48456
9.005 -0.181795 -0.181795 -0.181795 -0.181795 2.25302 2.23587 2.21254 2.19371 4.38703 4.38517 4.38062 4.37708 5.40294 5.40097 5.40045 5.40188
9.025 -0.502969 -0.502969 -0.502969 -0.502969 2.05455 2.04706 2.03123 2.01999 4.23702 4.23705 4.23457 4.23166 4.86262 4.86184 4.8621 4.86332
9.045 -0.676569 -0.676569 -0.676569 -0.676569 1.41287 1.41532 1.41638 1.41505 3.38036 3.38071 3.38161 3.38115 4.10363 4.10232 4.10174 4.1024
9.065 -0.597547 -0.597547 -0.597547 -0.597547 0.532499 0.532469 0.536948 0.536828 1.98871 1.9882 1.98844 1.98842 3.03045 3.02985 3.03029 3.03138
9.085 -0.347203 -0.347203 -0.347203 -0.347203 -0.294469 -0.298141 -0.297697 -0.283387 0.459849 0.458849 0.45811 0.461087 1.41674 1.41604 1.41582 1.41608
9.105 -0.0792351 -0.0792351 -0.0792351 -0.0792351 -0.991187 -0.961764 -0.952781 -1.00366 -0.9926 -0.997201 -0.989027 -1.01914 -0.710252 -0.70968 -0.707895 -0.705139
9.125 0.291726 0.291726 0.291726 0.291726 -1.1021 -1.04645 -1.09368 -1.15253 -2.42611 -2.41836 -2.42307 -2.43028 -2.98332 -2.98558 -2.98707 -2.98852
9.145 0.529112 0.529112 0.529112 0.529112 -1.04503 -1.01229 -1.00832 -0.972709 -3.38846 -3.35835 -3.36437 -3.32969 -4.99177 -4.98576 -4.98531 -4.98464
9.165 0.736021 0.736021 0.736021 0.736021 -0.968441 -0.963652 -0.94749 -0.938396 -3.77525 -3.7915 -3.79052 -3.7971 -6.1229 -6.12031 -6.12203 -6.12671
9.185 0.862706 0.862706 0.862706 0.862706 -1.20369 -1.2122 -1.19954 -1.25394 -4.14419 -4.15489 -4.15883 -4.15884 -6.04933 -6.04818 -6.04927 -6.05198
9.205 0.969917 0.969917 0.969917 0.969917 -1.72868 -1.73492 -1.73608 -1.74974 -4.16052 -4.16297 -4.16691 -4.16793 -5.05101 -5.05059 -5.05169 -5.05265
9.225 0.953175 0.953175 0.953175 0.953175 -1.76195 -1.76461 -1.76559 -1.76051 -3.49496 -3.49507 -3.4951 -3.49612 -3.71546 -3.71481 -3.71489 -3.71577
9.245 0.784314 0.784314 0.784314 0.784314 -0.959509 -0.963137 -0.961054 -0.960017 -2.17761 -2.17772 -2.17726 -2.17732 -2.38075 -2.38005 -2.37995 -2.3805
9.265 0.552399 0.552399 0.552399 0.552399 0.227388 0.310873 0.312325 0.305796 -0.456769 -0.444251 -0.442818 -0.445155 -1.00138 -1.00105 -1.00082 -1.0011
9.285 0.244923 0.244923 0.244923 0.244923 1.22007 1.28406 1.22642 1.27468 1.39785 1.33727 1.34002 1.35104 0.670132 0.670247 0.672029 0.674405
9.305 -0.0186399 -0.0186399 -0.0186399 -0.0186399 1.56731 1.53764 1.49256 1.49271 2.80936 2.80656 2.78994 2.7913 2.76915 2.77129 2.76488 2.76175
9.325 -0.235688 -0.235688 -0.235688 -0.235688 1.54978 1.53832 1.5269 1.51164 3.62575 3.62887 3.63128 3.63217 4.94183 4.94492 4.94996 4.95099
9.345 -0.496835 -0.496835 -0.496835 -0.496835 1.53684 1.67011 1.65151 1.74783 4.01776 4.00579 4.03922 4.06115 6.40645 6.40656 6.40716 6.41008
9.365 -0.649047 -0.649047 -0.649047 -0.649047 1.52628 1.5053 1.44763 1.40533 4.43423 4.42205 4.41968 4.40654 6.598 6.59394 6.59514 6.59989
9.385 -0.763903 -0.763903 -0.763903 -0.763903 1.58162 1.51963 1.52843 1.47157 4.71122 4.71212 4.70062 4.68657 5.71031 5.70648 5.70459 5.70641
9.405 -0.804518 -0.804518 -0.804518 -0.804518 1.79181 1.78672 1.79236 1.78905 3.96645 3.96949 3.96866 3.96512 4.45778 4.45672 4.45667 4.45804
9.425 -0.961176 -0.961176 -0.961176 -0.961176 1.51142 1.51831 1.52483 1.52326 2.53259 2.53163 2.53405 2.53649 3.06492 3.06485 3.06521 3.06561
9.445 -1.12628 -1.12628 -1.12628 -1.12628 0.165702 0.208493 0.220544 0.210447 1.02233 1.02515 1.02376 1.028 1.42319 1.42248 1.42239 1.42277
9.465 -1.25841 -1.25841 -1.25841 -1.25841 -1.60772 -1.56482 -1.59497 -1.72695 -0.629725 -0.674198 -0.684732 -0.661188 -0.38239 -0.381811 -0.377946 -0.371876
9.485 -1.20129 -1.20129 -1.20129 -1.20129 -2.5744 -2.54299 -2.63893 -2.69494 -2.79795 -2.80128 -2.76944 -2.7803 -2.27984 -2.28084 -2.28568 -2.28654
9.505 -0.99651 -0.99651 -0.99651 -0.99651 -2.64339 -2.63022 -2.62878 -2.62319 -4.64736 -4.63433 -4.62452 -4.61809 -4.53079 -4.52947 -4.52461 -4.52052
9.525 -0.660177 -0.660177 -0.660177 -0.660177 -2.00218 -1.93179 -2.11925 -2.20866 -4.70193 -4.7556 -4.69906 -4.69612 -6.93197 -6.92667 -6.91702 -6.93147
9.545 -0.339115 -0.339115 -0.339115 -0.339115 -1.9313 -2.00772 -1.95585 -2.05034 -4.64909 -4.65449 -4.62482 -4.66333 -8.03023 -8.03105 -8.03549 -8.03712
9.565 -0.0577307 -0.0577307 -0.0577307 -0.0577307 -4.32951 -3.23139 2.45771 -2.21963 -4.6863 -4.47814 -4.23855 -4.30359 -7.43952 -7.44877 -7.47595 -7.47519
9.585 0.0367494 0.0367494 0.0367494 0.0367494 -7.67454 -5.19957 1.78145 -0.819957 -5.87651 -5.52087 -4.97313 -4.79953 -5.33434 -5.3867 -5.44859 -5.45962
9.605 -0.0401613 -0.0401613 -0.0401613 -0.0401613 -5.16231 -3.59662 -3.15629 -5.00883 -5.07571 -5.08788 -5.17887 -5.30191 -3.4732 -3.47631 -3.48375 -3.48707
9.625 -0.228076 -0.228076 -0.228076 -0.228076 -3.23904 -3.25197 -4.27577 -5.55787 -3.70208 -3.77693 -3.96425 -4.10734 -2.684 -2.68644 -2.67993 -2.6677
9.645 -0.35743 -0.35743 -0.35743 -0.35743 -1.80638 -1.90348 -2.13746 -2.43871 -2.34836 -2.33508 -2.32711 -2.33061 -2.55833 -2.55067 -2.54278 -2.54046
9.665 -0.403466 -0.403466 -0.403466 -0.403466 0.24168 0.333431 0.539213 0.750212 -0.981082 -0.945081 -0.871627 -0.834977 -2.26841 -2.26867 -2.26711 -2.26568
9.685 -0.275264 -0.275264 -0.275264 -0.275264 1.59824 1.76512 1.93169 1.95043 0.433186 0.433639 0.451147 0.454203 -1.23119 -1.22915 -1.2324 -1.23623
9.705 -0.107508 -0.107508 -0.107508 -0.107508 1.951 2.00313 1.91824 1.77569 1.90094 1.80632 1.80245 1.82994 0.700475 0.699142 0.697547 0.70117
9.725 0.100413 0.100413 0.100413 0.100413 1.13019 1.04254 0.698496 1.58491 2.7669 2.78837 2.79335 2.82594 3.34228 3.33938 3.3343 3.32327
9.745 0.347044 0.347044 0.347044 0.347044 1.08184 0.681164 0.16924 0.768386 3.49719 3.46732 3.43328 3.44247 5.69266 5.69192 5.69666 5.70001
9.765 0.764413 0.764413 0.764413 0.764413 1.58236 1.39045 1.42626 1.21615 3.86744 3.8472 3.83777 3.84405 6.84103 6.83804 6.83606 6.8357
9.785 0.991507 0.991507 0.991507 0.991507 2.2781 2.13171 2.29297 2.25889 4.53481 4.53978 4.52625 4.52624 6.35734 6.3603 6.36113 6.36269
9.805 0.959437 0.959437 0.959437 0.959437 3.28747 3.34627 3.4389 3.49016 5.08672 5.09312 5.0991 5.09951 4.99196 4.98915 4.98574 4.98474
9.825 0.719254 0.719254 0.719254 0.719254 4.54511 4.54511 4.51764 4.49992 4.84184 4.8424 4.83973 4.83774 3.84556 3.84599 3.8482 3.84982
9.845 0.373857 0.373857 0.373857 0.373857 3.88645 3.87105 3.8404 3.7942 4.12464 4.12079 4.119 4.11992 3.34366 3.34416 3.34359 3.34279
9.865 0.1086 0.1086 0.1086 0.1086 1.51681 1.50559 1.49904 1.48861 3.04246 3.04358 3.04431 3.04288 3.31471 3.31332 3.31298 3.314
9.885 0.00803065 0.00803065 0.00803065 0.00803065 -0.864945 -0.894067 -0.869801 0.0213809 1.41199 1.42602 1.46289 1.5068 3.17824 3.17543 3.17137 3.16655
9.905 0.0347337 0.0347337 0.0347337 0.0347337 -1.51942 -1.68533 -1.55122 -1.45889 -0.214447 -0.240642 -0.22491 -0.190792 2.08662 2.08495 2.08527 2.0867
9.925 0.0665816 0.0665816 0.0665816 0.0665816 -0.876796 -0.715506 -0.793761 -0.80812 -1.27823 -1.32982 -1.34525 -1.36972 -0.310222 -0.304714 -0.298831 -0.291434
9.945 0.17994 0.17994 0.17994 0.17994 -0.0210323 0.0300184 -0.0379771 -0.00820215 -1.51611 -1.53259 -1.54429 -1.55469 -3.25945 -3.26624 -3.27711 -3.27353
9.965 0.229613 0.229613 0.229613 0.229613 0.21934 0.208333 0.216661 0.180976 -1.98735 -1.98346 -1.97915 -1.97757 -5.23542 -5.23341 -5.2277 -5.22844
9.985 0.16822 0.16822 0.16822 0.16822 -0.423354 -0.427684 -0.423814 -0.484757 -3.08294 -3.0832 -3.07685 -3.07701 -5.37678 -5.37496 -5.37656 -5.37916
10.005 0.0438378 0.0438378 0.0438378 0.0438378 -1.8618 -1.86834 -1.87126 -1.985 -4.1271 -4.13385 -4.13889 -4.14339 -4.37335 -4.37154 -4.37082 -4.37138
10.025 -0.0522323 -0.0522323 -0.0522323 -0.0522323 -3.40734 -3.41996 -3.41752 -3.52104 -4.36697 -4.37088 -4.37791 -4.384 -3.42771 -3.42753 -3.42783 -3.42783
10.045 -0.059072 -0.059072 -0.059072 -0.059072 -3.82037 -3.83882 -3.86315 -3.92551 -3.92202 -3.91983 -3.92344 -3.93011 -3.12868 -3.12902 -3.12879 -3.12777
10.065 0.0104436 0.0104436 0.0104436 0.0104436 -2.41196 -2.42158 -2.42375 -2.45071 -3.28685 -3.28622 -3.28602 -3.28793 -3.29474 -3.29449 -3.29467 -3.29496
10.085 0.127438 0.127438 0.127438 0.127438 -0.267882 -0.268686 -0.26526 -0.301809 -2.38815 -2.39342 -2.39424 -2.39486 -3.48372 -3.48235 -3.48252 -3.48408
10.105 0.333304 0.333304 0.333304 0.333304 0.996015 1.00162 0.994787 0.998147 -1.08663 -1.09291 -1.09663 -1.09876 -3.11634 -3.11514 -3.11549 -3.11742
10.125 0.465459 0.465459 0.465459 0.465459 0.91865 1.01241 0.964297 0.950761 0.111763 0.13245 0.126121 0.11828 -1.65621 -1.65444 -1.65326 -1.65287
10.145 0.614469 0.614469 0.614469 0.614469 0.280396 0.328821 0.342931 0.200386 1.00127 0.952812 0.935418 0.951614 0.75648 0.764251 0.769036 0.76413
10.165 0.673198 0.673198 0.673198 0.673198 0.0941973 0.310762 0.438752 0.387009 1.36846 1.36481 1.36566 1.32353 3.30289 3.30199 3.29565 3.28852
10.185 0.726621 0.726621 0.726621 0.726621 0.633734 0.649054 1.17104 1.47519 2.35692 2.39415 2.44726 2.48084 4.68108 4.67858 4.67437 4.67174
10.205 0.686056 0.686056 0.686056 0.686056 1.83514 1.97862 2.32828 2.10543 4.01972 4.03633 4.06222 4.06452 4.80253 4.79944 4.7981 4.79956
10.225 0.592818 0.592818 0.592818 0.592818 3.39909 3.4604 3.40609 3.28546 5.10556 5.0994 5.08293 5.06728 4.64803 4.64698 4.64779 4.64994
10.245 0.622448 0.622448 0.622448 0.622448 3.5794 3.44416 3.44831 3.2249 5.16885 5.15435 5.14639 5.14056 4.90632 4.90886 4.91081 4.91195
10.265 0.688704 0.688704 0.688704 0.688704 3.36009 3.36584 3.3993 3.36135 4.41072 4.41247 4.42272 4.43497 5.40361 5.39991 5.39385 5.39047
10.285 0.536173 0.536173 0.536173 0.536173 2.46261 2.49481 2.52609 2.55689 3.86526 3.86334 3.86558 3.86757 5.3226 5.32428 5.32842 5.33121
10.305 0.0653694 0.0653694 0.0653694 0.0653694 1.24987 1.24688 1.25739 1.25614 3.48058 3.4809 3.47958 3.47587 4.47484 4.47068 4.46571 4.4645
10.325 -0.497806 -0.497806 -0.497806 -0.497806 0.562453 0.545229 0.532508 0.539208 2.50561 2.50381 2.49911 2.49367 3.17365 3.17431 3.17772 3.18083
10.345 -1.05578 -1.05578 -1.05578 -1.05578 0.0358688 0.26846 0.601018 -0.202265 1.027 1.06554 1.07749 1.05477 1.60909 1.60628 1.60341 1.60655
10.365 -1.15416 -1.15416 -1.15416 -1.15416 -0.653766 -0.499011 -0.353226 -0.376566 -0.36642 -0.361429 -0.344582 -0.292374 -0.209072 -0.213152 -0.214654 -0.21598
10.385 -0.918531 -0.918531 -0.918531 -0.918531 -1.25258 -1.37524 -1.31048 -1.18025 -1.48156 -1.47397 -1.44881 -1.42055 -2.0813 -2.07775 -2.07494 -2.07004
10.405 -0.735701 -0.735701 -0.735701 -0.735701 -1.88434 -1.90578 -1.97022 -1.86267 -2.83683 -2.83157 -2.82154 -2.82198 -3.57976 -3.58071 -3.58343 -3.58616
10.425 -0.554434 -0.554434 -0.554434 -0.554434 -2.09321 -2.10936 -2.1296 -2.1833 -4.14427 -4.15146 -4.15929 -4.16291 -4.70707 -4.70669 -4.70592 -4.7059
10.445 -0.193322 -0.193322 -0.193322 -0.193322 -2.22037 -2.27039 -2.2711 -2.47518 -4.90178 -4.90426 -4.91179 -4.92051 -5.63237 -5.63095 -5.63025 -5.63167
10.465 0.221577 0.221577 0.221577 0.221577 -1.78711 -1.68008 -1.73056 -1.71237 -5.03835 -5.04059 -5.01909 -4.96837 -6.297 -6.29723 -6.30517 -6.3184
10.485 0.632478 0.632478 0.632478 0.632478 -2.59261 -2.52123 -2.48427 -2.29264 -4.41265 -4.42272 -4.42353 -4.41948 -6.36824 -6.37112 -6.38115 -6.38865
10.505 0.863697 0.863697 0.863697 0.863697 -3.10726 -3.20146 -3.24438 -3.37004 -4.14129 -4.14901 -4.17228 -4.19897 -5.39501 -5.39114 -5.38214 -5.37534
10.525 0.823861 0.823861 0.823861 0.823861 -2.39164 -2.4294 -2.46475 -2.56241 -4.3093 -4.31432 -4.31945 -4.32361 -3.76224 -3.76263 -3.76654 -3.76986
10.545 0.717355 0.717355 0.717355 0.717355 -1.14798 -1.15061 -1.15331 -1.24494 -3.42517 -3.42996 -3.42879 -3.42624 -2.65709 -2.65369 -2.6494 -2.64771
10.565 0.467583 0.467583 0.467583 0.467583 -0.333628 -0.319319 -0.305078 -0.357968 -1.20529 -1.20679 -1.20707 -1.19561 -2.108 -2.10882 -2.11173 -2.11348
10.585 0.187656 0.187656 0.187656 0.187656 -0.0215331 0.215805 0.13888 0.12447 0.745515 0.757228 0.771643 0.783533 -1.02905 -1.03053 -1.0305 -1.02847
10.605 0.0758084 0.0758084 0.0758084 0.0758084 0.648936 0.844479 0.690658 0.443007 1.55124 1.53842 1.53678 1.54382 1.15102 1.15521 1.1607 1.16738
10.625 0.107196 0.107196 0.107196 0.107196 2.30116 2.28199 2.23253 2.79062 1.70171 1.74551 1.75642 1.77391 3.63476 3.6086 3.57542 3.55648
10.645 0.0502396 0.0502396 0.0502396 0.0502396 3.18601 2.64209 1.66083 2.69281 3.87828 3.8259 3.74494 3.73833 4.83641 4.8369 4.84246 4.84155
10.665 -0.186636 -0.186636 -0.186636 -0.186636 1.40206 1.3023 0.977793 0.847971 5.5957 5.53215 5.53687 5.60159 5.64404 5.65099 5.647 5.6381
10.685 -0.586859 -0.586859 -0.586859 -0.586859 0.913796 1.03125 0.858854 0.71978 5.0588 4.99983 5.00283 4.99132 6.64164 6.64649 6.6651 6.68258
10.705 -0.864428 -0.864428 -0.864428 -0.864428 2.44274 2.56684 2.59199 2.59755 3.72093 3.72436 3.75866 3.77122 6.86106 6.85502 6.85152 6.85236
10.725 -0.934214 -0.934214 -0.934214 -0.934214 3.46368 3.43702 3.49666 3.44473 3.79311 3.79621 3.80193 3.8145 5.23602 5.2387 5.24218 5.24215
10.745 -0.90298 -0.90298 -0.90298 -0.90298 2.59857 2.56896 2.55912 2.53524 4.60039 4.60045 4.5954 4.58742 2.87977 2.88045 2.88232 2.88443
10.765 -0.804754 -0.804754 -0.804754 -0.804754 1.25798 1.23779 1.22679 1.21464 3.52067 3.52632 3.52439 3.51547 1.78267 1.77756 1.77123 1.76978
10.785 -0.443296 -0.443296 -0.443296 -0.443296 0.14103 0.218507 0.710941 0.565814 0.614753 0.61467 0.657508 0.679606 1.80552 1.80528 1.80607 1.80744
10.805 -0.114946 -0.114946 -0.114946 -0.114946 -0.318619 -0.118471 0.130852 0.0995668 -1.51805 -1.49619 -1.49069 -1.46449 1.06368 1.05624 1.04771 1.04573
10.825 0.0942441 0.0942441 0.0942441 0.0942441 -1.29788 -1.49977 -1.50185 -1.6766 -1.4717 -1.48482 -1.47897 -1.45011 -1.27974 -1.26751 -1.24806 -1.23254
10.845 0.0811915 0.0811915 0.0811915 0.0811915 -2.33107 -2.41354 -2.49895 -2.40064 -1.56296 -1.5379 -1.51586 -1.50557 -3.62947 -3.64002 -3.65231 -3.65653
10.865 -0.062796 -0.062796 -0.062796 -0.062796 -1.75427 -1.71809 -1.6786 -1.60931 -3.3119 -3.31146 -3.31122 -3.32207 -4.63011 -4.63122 -4.63729 -4.64448
10.885 -0.278882 -0.278882 -0.278882 -0.278882 -0.792037 -0.798012 -0.792561 -0.900471 -4.93409 -4.95172 -4.96124 -4.96051 -5.03368 -5.03383 -5.03875 -5.04486
10.905 -0.447667 -0.447667 -0.447667 -0.447667 -1.70356 -1.7293 -1.75399 -1.92927 -4.72626 -4.73872 -4.75255 -4.76079 -5.64151 -5.63884 -5.6381 -5.6398
10.925 -0.571123 -0.571123 -0.571123 -0.571123 -3.04874 -3.06881 -3.08614 -3.13316 -3.82661 -3.8237 -3.82357 -3.82879 -5.84948 -5.84778 -5.84548 -5.84454
10.945 -0.620164 -0.620164 -0.620164 -0.620164 -4.05637 -4.08779 -4.10536 -4.11284 -3.85471 -3.84769 -3.8493 -3.85771 -4.87586 -4.87762 -4.8788 -4.87829
10.965 -0.398045 -0.398045 -0.398045 -0.398045 -3.64108 -3.64776 -3.628 -3.65966 -4.65634 -4.66159 -4.66768 -4.66752 -3.34114 -3.33858 -3.33653 -3.33674
10.985 -0.0224233 -0.0224233 -0.0224233 -0.0224233 -2.29293 -2.30615 -2.30664 -2.3716 -4.37403 -4.38297 -4.38546 -4.38126 -2.73169 -2.7311 -2.73217 -2.73352
11.005 0.422826 0.422826 0.422826 0.422826 -1.12708 -1.12578 -1.12487 -1.17474 -2.39777 -2.4021 -2.40632 -2.41134 -3.19927 -3.19748 -3.1963 -3.1966
11.025 0.715854 0.715854 0.715854 0.715854 -0.0631615 -0.0525566 -0.0356216 -0.0912265 -0.434605 -0.432352 -0.435458 -0.446231 -3.17543 -3.1771 -3.17897 -3.17921
11.045 0.95214 0.95214 0.95214 0.95214 0.823146 0.832599 0.837456 0.756672 0.138895 0.171318 0.160223 0.152299 -1.51008 -1.50613 -1.50223 -1.5012
11.065 1.18093 1.18093 1.18093 1.18093 0.95733 0.932084 0.879012 0.811226 0.349488 0.327785 0.29003 0.290309 0.977538 0.981874 0.991188 0.990673
11.085 1.48552 1.48552 1.48552 1.48552 0.964479 1.01983 1.04476 1.06609 1.11596 1.09199 1.10444 1.08943 2.96546 2.97943 3.00044 3.00597
11.105 1.77635 1.77635 1.77635 1.77635 1.05094 1.18367 2.75284 1.12553 2.88732 2.96799 3.06491 3.05423 3.87942 3.86412 3.84164 3.83715
11.125 1.97911 1.97911 1.97911 1.97911 1.68778 2.29572 2.9152 2.50473 4.72713 4.77831 4.84094 4.83662 4.32865 4.31754 4.30384 4.29955
11.145 2.0062 2.0062 2.0062 2.0062 2.10553 2.91119 2.92703 3.24707 5.12978 5.1714 5.16249 5.14294 5.26562 5.25861 5.25537 5.25377
