0.005 0 0 0 0 -5.49989e-06 -2.20955e-06 2.28171e-06 5.57187e-06 -5.15658e-07 -3.85023e-07 4.58643e-07 5.89341e-07 1.84761e-05 5.38476e-06 -5.31133e-06 -1.84026e-05
0.025 0 0 0 0 -2.92797e-06 3.70305e-07 4.86154e-06 8.14368e-06 2.34416e-06 2.47219e-06 3.31585e-06 3.44912e-06 2.13061e-05 8.21502e-06 -2.48107e-06 -1.55726e-05
0.045 0 0 0 0 3.66954e-06 6.98286e-06 1.1474e-05 1.47407e-05 1.15655e-05 1.16909e-05 1.25345e-05 1.26703e-05 3.05265e-05 1.74346e-05 6.73849e-06 -6.35227e-06
0.065 0 0 0 0 1.1208e-05 1.45278e-05 1.90187e-05 2.22781e-05 2.60617e-05 2.61902e-05 2.70337e-05 2.71659e-05 4.6407e-05 3.33114e-05 2.26152e-05 9.52803e-06
0.085 0 0 0 0 1.77477e-05 2.10662e-05 2.55565e-05 2.8816e-05 4.23585e-05 4.249e-05 4.33332e-05 4.34619e-05 6.782e-05 5.47185e-05 4.40221e-05 3.09404e-05
0.105 0 0 0 0 2.36191e-05 2.69387e-05 3.14286e-05 3.46859e-05 5.77252e-05 5.78525e-05 5.86952e-05 5.88271e-05 9.17217e-05 7.86145e-05 6.79179e-05 5.48412e-05
0.125 0 0 0 0 3.00298e-05 3.33555e-05 3.7845e-05 4.10954e-05 7.23273e-05 7.24485e-05 7.32908e-05 7.34278e-05 0.00011396 0.000100848 9.01513e-05 7.70788e-05
0.145 0 0 0 0 3.70188e-05 4.03504e-05 4.48396e-05 4.80832e-05 8.64081e-05 8.65302e-05 8.73724e-05 8.7508e-05 0.000130941 0.000117825 0.000107129 9.40597e-05
0.165 0 0 0 0 4.33812e-05 4.67187e-05 5.12076e-05 5.44445e-05 9.77262e-05 9.78532e-05 9.86952e-05 9.88259e-05 0.000141429 0.000128311 0.000117614 0.000104547
0.185 0 0 0 0 4.71329e-05 5.04776e-05 5.49665e-05 5.81959e-05 0.000103077 0.000103204 0.000104046 0.000104177 0.000145983 0.000132864 0.000122167 0.000109101
0.205 0 0 0 0 4.64874e-05 4.98341e-05 5.4323e-05 5.75505e-05 0.000101343 0.000101468 0.00010231 0.000102443 0.000145018 0.000131899 0.000121202 0.000108136
0.225 0 0 0 0 4.21049e-05 4.54445e-05 4.99334e-05 5.3168e-05 9.44305e-05 9.45531e-05 9.53951e-05 9.55302e-05 0.00013876 0.000125642 0.000114945 0.000101878
0.245 0 0 0 0 3.62341e-05 3.95637e-05 4.40526e-05 4.72971e-05 8.44651e-05 8.45892e-05 8.54312e-05 8.55648e-05 0.000127262 0.000114147 0.00010345 9.03801e-05
0.265 0 0 0 0 2.99503e-05 3.32728e-05 3.77616e-05 4.10134e-05 7.16569e-05 7.17826e-05 7.26247e-05 7.27566e-05 0.000110363 9.72512e-05 8.65542e-05 7.34814e-05
0.285 0 0 0 0 2.38835e-05 2.72044e-05 3.16933e-05 3.49466e-05 5.68445e-05 5.69698e-05 5.78118e-05 5.79442e-05 8.99111e-05 7.68039e-05 6.61069e-05 5.30293e-05
0.305 0 0 0 0 1.82988e-05 2.162e-05 2.61089e-05 2.93618e-05 4.23685e-05 4.24928e-05 4.33348e-05 4.34682e-05 6.95635e-05 5.64613e-05 4.57643e-05 3.26816e-05
0.325 0 0 0 0 1.27017e-05 1.60182e-05 2.05071e-05 2.37648e-05 3.0064e-05 3.01897e-05 3.10317e-05 3.11636e-05 5.26178e-05 3.95192e-05 2.88221e-05 1.5736e-05
0.345 0 0 0 0 6.30949e-06 9.6139e-06 1.41028e-05 1.73725e-05 1.94429e-05 1.95714e-05 2.04134e-05 2.05426e-05 3.99935e-05 2.68967e-05 1.61997e-05 3.11165e-06
0.365 0 0 0 0 3.9821e-07 3.69211e-06 8.18099e-06 1.14612e-05 1.03372e-05 1.04649e-05 1.13069e-05 1.14369e-05 3.14185e-05 1.83231e-05 7.62606e-06 -5.4633e-06
0.385 0 0 0 0 -2.8468e-06 4.44655e-07 4.93354e-06 8.21623e-06 4.39072e-06 4.51494e-06 5.35699e-06 5.49041e-06 2.61595e-05 1.30655e-05 2.36848e-06 -1.07223e-05
0.405 0 0 0 0 -2.7409e-06 5.52887e-07 5.04177e-06 8.32214e-06 3.33699e-06 3.46126e-06 4.30331e-06 4.43668e-06 2.37269e-05 1.06336e-05 -6.34188e-08 -1.3155e-05
0.425 0 0 0 0 -1.27748e-06 2.01637e-06 6.50525e-06 9.78556e-06 5.55493e-06 5.68406e-06 6.5261e-06 6.6546e-06 2.35546e-05 1.04608e-05 -2.3622e-07 -1.33273e-05
0.445 0 0 0 0 -7.56688e-07 2.53495e-06 7.02383e-06 1.03064e-05 7.40699e-06 7.53888e-06 8.38091e-06 8.50661e-06 2.519e-05 1.20953e-05 1.39829e-06 -1.1692e-05
0.465 0 0 0 0 -3.5531e-06 -2.69136e-07 4.21975e-06 7.50995e-06 4.89331e-06 5.02362e-06 5.86565e-06 5.99293e-06 2.55405e-05 1.24454e-05 1.74837e-06 -1.13415e-05
0.485 0 0 0 0 -1.14924e-06 2.14827e-06 6.63716e-06 9.91381e-06 6.62068e-06 6.74059e-06 7.58262e-06 7.7203e-06 2.99907e-05 1.68966e-05 6.1996e-06 -6.89134e-06
0.505 0 0 0 0 9.34852e-06 1.26718e-05 1.71606e-05 2.04116e-05 2.04242e-05 2.05402e-05 2.13823e-05 2.15239e-05 4.27606e-05 2.96658e-05 1.89688e-05 5.87857e-06
0.525 0 0 0 0 2.31328e-05 2.64698e-05 3.09586e-05 3.41959e-05 4.50622e-05 4.5189e-05 4.6031e-05 4.61618e-05 6.56824e-05 5.2582e-05 4.1885e-05 2.88004e-05
0.545 0 0 0 0 3.51771e-05 3.85172e-05 4.30061e-05 4.62402e-05 7.22684e-05 7.24025e-05 7.32445e-05 7.33679e-05 9.85988e-05 8.549e-05 7.47929e-05 6.17168e-05
0.565 0 0 0 0 4.4083e-05 4.74272e-05 5.19161e-05 5.51461e-05 9.60885e-05 9.62141e-05 9.70561e-05 9.7188e-05 0.000137343 0.000124226 0.000113529 0.000100461
0.585 0 0 0 0 4.3978e-05 4.73013e-05 5.17899e-05 5.50401e-05 0.000108593 0.000108714 0.000109556 0.00010969 0.00016538 0.000152254 0.000141557 0.000128497
0.605 0 0 0 0 4.171e-05 4.50171e-05 4.95055e-05 5.27715e-05 0.000111518 0.000111641 0.000112482 0.000112615 0.000174664 0.000161535 0.000150837 0.00013778
0.625 0 0 0 0 3.70569e-05 4.03597e-05 4.48481e-05 4.81183e-05 0.000100351 0.000100478 0.000101319 0.000101448 0.000157278 0.000144152 0.000133454 0.000120394
0.645 0 0 0 0 3.06453e-05 3.3961e-05 3.84494e-05 4.17068e-05 7.6446e-05 7.65724e-05 7.74136e-05 7.75427e-05 0.000118205 0.000105089 9.43915e-05 8.13209e-05
0.665 0 0 0 0 2.07524e-05 2.40797e-05 2.85681e-05 3.18139e-05 4.43076e-05 4.44317e-05 4.52729e-05 4.54042e-05 6.88092e-05 5.57064e-05 4.50089e-05 3.19254e-05
0.685 0 0 0 0 1.27091e-05 1.60481e-05 2.05364e-05 2.37703e-05 1.79626e-05 1.80823e-05 1.89234e-05 1.90587e-05 2.9259e-05 1.61669e-05 5.46934e-06 -7.62536e-06
0.705 0 0 0 0 2.48943e-06 5.81022e-06 1.02985e-05 1.35503e-05 -3.85261e-07 -2.60137e-07 5.80564e-07 7.09789e-07 5.72767e-06 -7.36073e-06 -1.80585e-05 -3.11573e-05
0.725 0 0 0 0 6.05049e-06 9.38374e-06 1.38719e-05 1.71113e-05 4.75628e-06 4.87222e-06 5.71288e-06 5.85126e-06 1.47158e-05 1.6272e-06 -9.07055e-06 -2.21691e-05
0.745 0 0 0 0 2.00673e-05 2.34172e-05 2.79054e-05 3.11281e-05 3.32344e-05 3.33463e-05 3.4187e-05 3.43294e-05 5.23029e-05 3.92069e-05 2.85091e-05 1.54179e-05
0.765 0 0 0 0 3.61261e-05 3.94684e-05 4.39566e-05 4.71869e-05 7.52021e-05 7.53271e-05 7.61677e-05 7.62971e-05 0.00010676 9.36488e-05 8.29511e-05 6.98749e-05
0.785 0 0 0 0 6.05427e-05 6.39059e-05 6.83941e-05 7.16032e-05 0.000127667 0.000127789 0.00012863 0.000128762 0.000176112 0.000162987 0.000152289 0.000139227
0.805 0 0 0 0 8.25332e-05 8.59126e-05 9.03995e-05 9.35892e-05 0.000176319 0.000176435 0.000177276 0.000177412 0.000242776 0.000229636 0.000218938 0.00020589
0.825 0 0 0 0 8.44214e-05 8.77601e-05 9.22459e-05 9.54734e-05 0.000198669 0.0001988 0.000199639 0.00019976 0.000279303 0.000266149 0.00025545 0.000242416
0.845 0 0 0 0 7.11428e-05 7.44418e-05 7.89275e-05 8.21947e-05 0.000185711 0.000185845 0.000186684 0.000186801 0.000273211 0.000260055 0.000249356 0.000236323
0.865 0 0 0 0 5.54073e-05 5.8718e-05 6.32038e-05 6.64592e-05 0.000144782 0.000144894 0.000145734 0.000145872 0.000224708 0.000211566 0.000200868 0.00018782
0.885 0 0 0 0 4.13933e-05 4.47341e-05 4.92199e-05 5.24453e-05 9.36452e-05 9.37484e-05 9.45876e-05 9.47352e-05 0.000145611 0.000132491 0.000121793 0.000108723
0.905 0 0 0 0 2.83824e-05 3.17344e-05 3.62202e-05 3.94343e-05 4.6933e-05 4.70548e-05 4.7894e-05 4.8023e-05 6.09906e-05 4.789e-05 3.71914e-05 2.41027e-05
0.925 0 0 0 0 1.37719e-05 1.71172e-05 2.16029e-05 2.48236e-05 8.12324e-06 8.25897e-06 9.09749e-06 9.21085e-06 -2.43136e-06 -1.55191e-05 -2.62181e-05 -3.93211e-05
0.945 0 0 0 0 -6.69137e-06 -3.37548e-06 1.10942e-06 4.35756e-06 -2.61066e-05 -2.59792e-05 -2.51407e-05 -2.50191e-05 -3.50872e-05 -4.81682e-05 -5.88673e-05 -7.1977e-05
0.965 0 0 0 0 -2.03741e-05 -1.70807e-05 -1.2596e-05 -9.32603e-06 -4.15109e-05 -4.14059e-05 -4.05676e-05 -4.04237e-05 -3.33255e-05 -4.64064e-05 -5.71055e-05 -7.02155e-05
0.985 0 0 0 0 -3.86771e-05 -3.54613e-05 -3.09764e-05 -2.76285e-05 -5.01438e-05 -5.002e-05 -4.91817e-05 -4.9057e-05 -2.90193e-05 -4.21091e-05 -5.28083e-05 -6.59094e-05
1.005 0 0 0 0 -5.85101e-05 -5.53665e-05 -5.08816e-05 -4.74617e-05 -6.87694e-05 -6.86206e-05 -6.77825e-05 -6.76831e-05 -4.57086e-05 -5.88025e-05 -6.95018e-05 -8.25989e-05
1.025 0 0 0 0 -4.47805e-05 -4.15424e-05 -3.70578e-05 -3.37331e-05 -7.43413e-05 -7.42352e-05 -7.3397e-05 -7.32549e-05 -6.07874e-05 -7.38658e-05 -8.45651e-05 -9.76776e-05
1.045 0 0 0 0 -7.82879e-06 -4.45713e-06 2.70258e-08 3.21696e-06 -4.68902e-05 -4.68074e-05 -4.59692e-05 -4.58039e-05 -5.61166e-05 -6.9184e-05 -7.98834e-05 -9.30072e-05
1.065 0 0 0 0 9.73021e-08 3.41199e-06 7.89627e-06 1.11434e-05 -1.77677e-05 -1.76113e-05 -1.67733e-05 -1.66822e-05 -4.3329e-05 -5.64116e-05 -6.71113e-05 -8.02209e-05
1.085 0 0 0 0 -6.81757e-07 2.58236e-06 7.06672e-06 1.03645e-05 5.86865e-06 6.03804e-06 6.87588e-06 6.95379e-06 1.34109e-06 -1.17575e-05 -2.24572e-05 -3.55507e-05
1.105 0 0 0 0 -1.92889e-05 -1.60656e-05 -1.15812e-05 -8.24267e-06 -2.43134e-06 -2.31323e-06 -1.47552e-06 -1.34647e-06 4.02943e-05 2.71889e-05 1.64893e-05 3.40275e-06
1.125 0 0 0 0 -4.98585e-05 -4.67056e-05 -4.22212e-05 -3.88121e-05 -3.54646e-05 -3.53663e-05 -3.45287e-05 -3.43801e-05 3.3154e-05 2.00473e-05 9.34777e-06 -3.73734e-06
1.145 0 0 0 0 -6.07044e-05 -5.7559e-05 -5.30746e-05 -4.9658e-05 -6.58039e-05 -6.56875e-05 -6.48499e-05 -6.47194e-05 -2.04024e-05 -3.34987e-05 -4.41982e-05 -5.72937e-05
1.165 0 0 0 0 -3.22686e-05 -2.89873e-05 -2.45028e-05 -2.12221e-05 -7.03678e-05 -7.02496e-05 -6.94119e-05 -6.92833e-05 -8.02055e-05 -9.32777e-05 -0.000103977 -0.000117097
1.185 0 0 0 0 1.12512e-05 1.46855e-05 1.91695e-05 2.2296e-05 -4.52926e-05 -4.51794e-05 -4.43438e-05 -4.42143e-05 -0.000100597 -0.000113652 -0.000124353 -0.000137491
1.205 0 0 0 0 3.23714e-05 3.58134e-05 4.02975e-05 4.34164e-05 3.86739e-07 5.24287e-07 1.36016e-06 1.46524e-06 -5.35031e-05 -6.65727e-05 -7.72729e-05 -9.03977e-05
1.225 0 0 0 0 -7.51607e-05 -7.21507e-05 -6.76665e-05 -6.41153e-05 -6.66524e-05 -6.64058e-05 -6.557e-05 -6.55742e-05 -6.02906e-05 -7.34023e-05 -8.41025e-05 -9.71852e-05
1.245 0 0 0 0 -0.000203919 -0.000201165 -0.000196682 -0.00019288 -0.000231427 -0.000231259 -0.000230425 -0.000230353 -0.000147449 -0.000160551 -0.000171251 -0.000184345
1.265 0 0 0 0 -0.000280113 -0.000277288 -0.000272811 -0.000269093 -0.000424449 -0.00042443 -0.000423595 -0.000423374 -0.000351715 -0.000364748 -0.000375449 -0.000388613
1.285 0 0 0 0 -0.000305483 -0.000302543 -0.000298071 -0.000294484 -0.000578174 -0.000578105 -0.000577274 -0.000577112 -0.000655738 -0.000668695 -0.000679398 -0.00069264
1.305 0 0 0 0 -0.000257703 -0.000254527 -0.000250058 -0.000246715 -0.000626638 -0.000626466 -0.000625645 -0.00062561 -0.000893621 -0.000906519 -0.000917226 -0.000930544
1.325 0 0 0 0 -0.000220504 -0.000217188 -0.000212721 -0.00020952 -0.000621631 -0.00062143 -0.000620613 -0.000620619 -0.000963289 -0.000976164 -0.000986874 -0.00100022
1.345 0 0 0 0 -0.000239441 -0.000236233 -0.000231766 -0.000228457 -0.000590068 -0.000589927 -0.00058911 -0.000589057 -0.000835775 -0.000848682 -0.000859391 -0.000872705
1.365 0 0 0 0 -0.000227629 -0.000224535 -0.000220067 -0.000216644 -0.000457884 -0.000457859 -0.000457041 -0.000456871 -0.00052171 -0.000534688 -0.000545397 -0.000558641
1.385 0 0 0 0 -6.25634e-05 -5.92727e-05 -5.48048e-05 -5.15784e-05 -0.00011253 -0.000112585 -0.000111768 -0.000111519 -4.31553e-05 -5.62246e-05 -6.69335e-05 -8.00854e-05
1.405 0 0 0 0 0.000166333 0.000169773 0.00017424 0.000177312 0.000348205 0.000348295 0.000349112 0.000349212 0.000461356 0.000448162 0.000437453 0.000424425
1.425 0 0 0 0 0.000420256 0.000423938 0.000428389 0.000431174 0.000823199 0.000823372 0.000824183 0.000824187 0.000978232 0.000964922 0.000954209 0.000941293
1.445 0 0 0 0 0.000602738 0.000606632 0.000611071 0.000613606 0.00118307 0.00118316 0.00118396 0.00118402 0.00145156 0.00143815 0.00142743 0.0014146
1.465 0 0 0 0 0.000632048 0.000635796 0.000640228 0.000642884 0.00134791 0.00134795 0.00134874 0.00134883 0.0017671 0.0017536 0.00174287 0.00173012
1.485 0 0 0 0 0.000518259 0.000521586 0.000526015 0.000529089 0.00127826 0.00127833 0.00127912 0.00127916 0.0017949 0.00178135 0.00177063 0.00175792
1.505 0 0 0 0 0.000344977 0.000348045 0.000352475 0.000355807 0.000976816 0.000976881 0.00097767 0.000977715 0.00146206 0.00144857 0.00143785 0.00142507
1.525 0 0 0 0 0.000141786 0.000144832 0.000149261 0.000152614 0.000470005 0.000470033 0.000470821 0.000470901 0.000763905 0.000750583 0.000739858 0.000726918
1.545 0 0 0 0 -7.41827e-05 -7.10603e-05 -6.66312e-05 -6.33548e-05 -0.000142531 -0.000142495 -0.000141707 -0.000141636 -0.000155539 -0.000168635 -0.000179361 -0.000192527
1.565 0 0 0 0 -0.000268596 -0.000265374 -0.000260946 -0.000257772 -0.000713769 -0.000713711 -0.000712923 -0.000712872 -0.00103234 -0.00104522 -0.00105595 -0.00106933
1.585 0 0 0 0 -0.000515364 -0.000512438 -0.000508034 -0.000504629 -0.00122521 -0.00122508 -0.00122431 -0.00122437 -0.00172451 -0.00173726 -0.00174799 -0.00176152
1.605 0 0 0 0 -0.000784943 -0.000782521 -0.00077813 -0.000774271 -0.00165085 -0.00165072 -0.00164995 -0.00165003 -0.00215677 -0.00216945 -0.00218019 -0.00219379
1.625 0 0 0 0 -0.00087987 -0.000877484 -0.000873098 -0.000869232 -0.00181464 -0.00181472 -0.00181395 -0.00181381 -0.0022362 -0.00224885 -0.00225959 -0.00227322
1.645 0 0 0 0 -0.00074945 -0.000746795 -0.000742408 -0.000738811 -0.0016049 -0.00160506 -0.00160429 -0.00160408 -0.00198495 -0.00199763 -0.00200836 -0.00202197
1.665 0 0 0 0 -0.000470587 -0.000467721 -0.000463335 -0.00045995 -0.00107016 -0.00107009 -0.00106932 -0.00106933 -0.0014469 -0.00145972 -0.00147045 -0.00148392
1.685 0 0 0 0 -0.000138042 -0.000134935 -0.00013055 -0.000127407 -0.000388527 -0.000388319 -0.000387549 -0.000387704 -0.000654113 -0.000667114 -0.00067785 -0.000691133
1.705 0 0 0 0 0.000214008 0.000217563 0.000221949 0.000224644 0.000337817 0.000337832 0.000338602 0.00033864 0.000356049 0.000342859 0.000332122 0.000319027
1.725 0 0 0 0 0.000395865 0.000399255 0.000403641 0.000406503 0.000916666 0.000916652 0.000917423 0.000917491 0.00127486 0.00126145 0.00125071 0.00123784
1.745 0 0 0 0 0.000499021 0.00050213 0.000506517 0.000509658 0.00132673 0.00132677 0.00132754 0.00132754 0.00193057 0.00191696 0.00190623 0.00189354
1.765 0 0 0 0 0.000607972 0.000611223 0.000615597 0.000618566 0.00153179 0.00153177 0.00153253 0.00153257 0.00219661 0.00218295 0.00217221 0.00215957
1.785 0 0 0 0 0.000710271 0.000714007 0.000718382 0.000720868 0.0015403 0.00154021 0.00154096 0.00154107 0.00207101 0.00205742 0.00204668 0.00203397
1.805 0 0 0 0 0.000739828 0.000743908 0.000748285 0.000750428 0.0014012 0.00140117 0.00140193 0.00140198 0.00169691 0.00168343 0.00167269 0.00165987
1.825 0 0 0 0 0.000589307 0.000593182 0.000597558 0.000599905 0.00107382 0.00107394 0.0010747 0.00107459 0.00119719 0.0011838 0.00117306 0.00116015
1.845 0 0 0 0 0.000392611 0.000396342 0.000400719 0.000403209 0.000686692 0.000686677 0.000687435 0.000687465 0.000786422 0.000773132 0.00076239 0.000749378
1.865 0 0 0 0 0.000204634 0.000208198 0.000212574 0.000215231 0.000350031 0.000349842 0.0003506 0.000350803 0.000484818 0.000471607 0.000460866 0.000447776
1.885 0 0 0 0 2.73825e-05 3.05055e-05 3.48816e-05 3.79796e-05 0.000102439 0.000102376 0.000103133 0.000103211 0.000210425 0.000197233 0.000186491 0.000173382
1.905 0 0 0 0 -0.000151857 -0.000149224 -0.000144848 -0.00014126 -0.000156271 -0.000156108 -0.00015535 -0.0001555 -0.00013246 -0.000145631 -0.000156373 -0.000169503
1.925 0 0 0 0 -0.000261894 -0.000259191 -0.000254815 -0.000251296 -0.000448996 -0.000448935 -0.000448177 -0.000448223 -0.000509735 -0.0005228 -0.000533542 -0.000546779
1.945 0 0 0 0 -0.000314545 -0.000311528 -0.000307152 -0.000303947 -0.000705975 -0.000706109 -0.000705351 -0.000705202 -0.00086665 -0.000879584 -0.000890326 -0.000903693
1.965 0 0 0 0 -0.000310129 -0.000306981 -0.000302605 -0.000299531 -0.000788218 -0.000788297 -0.00078754 -0.000787445 -0.0010732 -0.00108608 -0.00109682 -0.00111024
1.985 0 0 0 0 -0.000283546 -0.00028053 -0.000276154 -0.000272948 -0.000708959 -0.000708832 -0.000708074 -0.000708186 -0.00105025 -0.00106317 -0.00107391 -0.00108729
2.005 0 0 0 0 -0.000181937 -0.00017881 -0.000174434 -0.00017134 -0.000487787 -0.000487732 -0.000486974 -0.000487014 -0.000725066 -0.000738046 -0.000748788 -0.00076211
2.025 0 0 0 0 7.00571e-05 7.36887e-05 7.80646e-05 8.06542e-05 -2.79698e-05 -2.81959e-05 -2.74385e-05 -2.71978e-05 -6.02153e-05 -7.32873e-05 -8.4029e-05 -9.72586e-05
2.045 0 0 0 0 0.000342508 0.000346214 0.00035059 0.000353106 0.000609798 0.000609667 0.000610424 0.000610571 0.000766418 0.000753144 0.000742402 0.000729375
2.065 0 0 0 0 0.000558768 0.000562199 0.000566576 0.000569369 0.00123879 0.00123896 0.00123972 0.00123956 0.00157318 0.00155965 0.00154891 0.00153613
2.085 0 0 0 0 0.000695059 0.000698442 0.000702818 0.00070565 0.00162863 0.00162877 0.00162953 0.00162941 0.00217238 0.00215871 0.00214797 0.00213533
2.105 0 0 0 0 0.000769239 0.000772907 0.000777275 0.000779799 0.00174651 0.00174635 0.0017471 0.00174728 0.00243551 0.00242183 0.00241109 0.00239846
2.125 0 0 0 0 0.000721391 0.000725034 0.0007294 0.000731949 0.00162669 0.00162654 0.0016273 0.00162746 0.00225614 0.0022425 0.00223176 0.00221909
2.145 0 0 0 0 0.000601516 0.000605005 0.000609372 0.000612076 0.00133073 0.00133082 0.00133157 0.0013315 0.00173152 0.00171798 0.00170724 0.00169448
2.165 0 0 0 0 0.000394923 0.000398345 0.000402713 0.000405484 0.000813951 0.000814081 0.000814835 0.000814713 0.000978835 0.000965459 0.000954716 0.000941787
2.185 0 0 0 0 0.000128982 0.000132425 0.000136792 0.000139542 0.000167585 0.000167523 0.000168277 0.000168346 0.000169357 0.000156196 0.000145454 0.000132309
2.205 0 0 0 0 -0.000140234 -0.000136953 -0.000132587 -0.000129675 -0.000412357 -0.000412508 -0.000411754 -0.000411595 -0.000543621 -0.000556613 -0.000567355 -0.000580668
2.225 0 0 0 0 -0.000363762 -0.000360877 -0.00035651 -0.000353201 -0.000814395 -0.000814398 -0.000813643 -0.000813632 -0.00107352 -0.00108643 -0.00109717 -0.00111056
2.245 0 0 0 0 -0.000467116 -0.000464397 -0.00046003 -0.000456554 -0.00101183 -0.00101176 -0.00101101 -0.00101107 -0.00134396 -0.00135682 -0.00136757 -0.00138101
2.265 0 0 0 0 -0.000432726 -0.000429807 -0.00042544 -0.000422165 -0.000998228 -0.000998275 -0.00099752 -0.000997464 -0.00132069 -0.00133353 -0.00134427 -0.00135773
2.285 0 0 0 0 -0.000340278 -0.000337274 -0.000332906 -0.000329717 -0.000802641 -0.000802706 -0.000801951 -0.000801879 -0.00106016 -0.00107306 -0.0010838 -0.00109721
2.305 0 0 0 0 -0.000186891 -0.000183879 -0.000179512 -0.00017633 -0.00042994 -0.000429921 -0.000429166 -0.000429178 -0.000581185 -0.000594207 -0.00060495 -0.000618233
2.325 0 0 0 0 -2.93252e-05 -2.63539e-05 -2.19869e-05 -1.87651e-05 -1.72887e-05 -1.72104e-05 -1.6456e-05 -1.65271e-05 -1.24094e-05 -2.55761e-05 -3.63189e-05 -4.94571e-05
2.345 0 0 0 0 0.000199744 0.000203052 0.000207419 0.000210304 0.000436778 0.000436709 0.000437464 0.00043754 0.000616409 0.000603132 0.000592389 0.000579361
2.365 0 0 0 0 0.000354501 0.000357862 0.000362229 0.000365061 0.000800361 0.000800318 0.000801073 0.000801124 0.00110249 0.0010891 0.00107836 0.00106544
2.385 0 0 0 0 0.00043143 0.000434692 0.000439059 0.000441991 0.00102238 0.00102246 0.00102321 0.00102315 0.00138019 0.00136671 0.00135597 0.00134314
2.405 0 0 0 0 0.000396894 0.000400046 0.000404413 0.000407456 0.000989998 0.000990095 0.00099085 0.000990762 0.00136112 0.00134764 0.00133689 0.00132407
2.425 0 0 0 0 0.000218942 0.000221913 0.00022628 0.000229503 0.000648021 0.00064806 0.000648815 0.000648784 0.000976314 0.000962914 0.000952172 0.000939267
2.445 0 0 0 0 -8.07012e-05 -7.80311e-05 -7.36643e-05 -7.01414e-05 4.29615e-05 4.2985e-05 4.37394e-05 4.3723e-05 0.00022803 0.000214788 0.000204046 0.000190982
2.465 0 0 0 0 -0.000341869 -0.000339201 -0.000334833 -0.000331308 -0.000621927 -0.000621964 -0.00062121 -0.000621165 -0.000689596 -0.00070261 -0.000713353 -0.000726644
2.485 0 0 0 0 -0.000383519 -0.000380253 -0.000375886 -0.000372958 -0.00102959 -0.00102977 -0.00102901 -0.00102883 -0.00140726 -0.00142004 -0.00143078 -0.0014443
2.505 0 0 0 0 -0.00034404 -0.000340527 -0.000336162 -0.000333487 -0.0011168 -0.00111683 -0.00111608 -0.00111604 -0.00172955 -0.00174225 -0.00175299 -0.0017666
2.525 0 0 0 0 -0.000412867 -0.000409935 -0.000405569 -0.000402309 -0.00106221 -0.00106193 -0.00106117 -0.00106145 -0.00164687 -0.00165967 -0.00167041 -0.00168392
2.545 0 0 0 0 -0.000470487 -0.000467954 -0.000463588 -0.000459927 -0.000928344 -0.000928231 -0.00092748 -0.000927599 -0.00118598 -0.00119891 -0.00120965 -0.00122304
2.565 0 0 0 0 -0.000413658 -0.000411096 -0.00040673 -0.000403099 -0.000672717 -0.00067298 -0.00067223 -0.000671975 -0.000569264 -0.000582295 -0.00059304 -0.000606328
2.585 0 0 0 0 -0.000281644 -0.000279181 -0.000274815 -0.000271087 -0.000313596 -0.000313735 -0.000312984 -0.000312852 -9.9368e-05 -0.000112531 -0.000123276 -0.000136431
2.605 0 0 0 0 4.60165e-05 4.89753e-05 5.33411e-05 5.65733e-05 0.000185491 0.000185563 0.000186314 0.000186235 0.000285202 0.000271961 0.000261216 0.000248139
2.625 0 0 0 0 0.000508918 0.000513009 0.000517375 0.000519477 0.000770332 0.000770317 0.000771068 0.000771076 0.000756466 0.000743206 0.000732461 0.000719403
2.645 0 0 0 0 0.000708107 0.000712347 0.000716714 0.000718666 0.00118066 0.00118074 0.00118149 0.0011814 0.00123114 0.00121777 0.00120702 0.00119408
2.665 0 0 0 0 0.000340333 0.000342993 0.00034736 0.00035089 0.00101709 0.00101753 0.00101828 0.00101784 0.00135102 0.00133747 0.00132672 0.00131396
2.685 0 0 0 0 -0.000349867 -0.000348763 -0.000344399 -0.000339319 0.000159 0.000159293 0.000160045 0.000159746 0.000805858 0.00079233 0.000781586 0.000768798
2.705 0 0 0 0 -0.00101954 -0.00101884 -0.00101447 -0.00100898 -0.00118945 -0.00118967 -0.00118893 -0.00118872 -0.000632404 -0.000645565 -0.000656308 -0.000669465
2.725 0 0 0 0 -0.00152983 -0.00152895 -0.00152461 -0.00151943 -0.00266382 -0.00266402 -0.00266327 -0.0026631 -0.00286536 -0.00287798 -0.00288872 -0.00290243
2.745 0 0 0 0 -0.00198638 -0.00198554 -0.00198131 -0.00197648 -0.00411385 -0.00411358 -0.00411295 -0.00411356 -0.00541651 -0.00542859 -0.00543936 -0.00545368
2.765 0 0 0 0 -0.00253064 -0.00253011 -0.00252602 -0.00252143 -0.00556058 -0.00556028 -0.00555979 -0.00556091 -0.0076365 -0.00764814 -0.00765897 -0.00767389
2.785 0 0 0 0 -0.00316858 -0.00316873 -0.00316482 -0.00316021 -0.00685226 -0.0068525 -0.00685209 -0.00685292 -0.00905312 -0.00906442 -0.00907526 -0.00909056
2.805 0 0 0 0 -0.00388145 -0.0038833 -0.00387952 -0.00387375 -0.00780676 -0.0078072 -0.00780679 -0.00780744 -0.00973983 -0.00975107 -0.00976192 -0.00977731
2.825 0 0 0 0 -0.00444745 -0.00445122 -0.00444749 -0.00444009 -0.00834302 -0.00834318 -0.00834279 -0.00834375 -0.0100317 -0.0100431 -0.0100539 -0.0100692
2.845 0 0 0 0 -0.00448823 -0.00449213 -0.0044884 -0.00448093 -0.00839755 -0.0083977 -0.00839732 -0.00839829 -0.010081 -0.0100923 -0.0101032 -0.0101185
2.865 0 0 0 0 -0.00379812 -0.00379983 -0.00379611 -0.00379086 -0.00772922 -0.00772983 -0.00772944 -0.00772996 -0.00964814 -0.00965936 -0.00967021 -0.00968562
2.885 0 0 0 0 -0.00246465 -0.00246334 -0.00245965 -0.0024575 -0.00595087 -0.00595167 -0.00595128 -0.00595161 -0.0081184 -0.00812973 -0.00814059 -0.00815587
2.905 0 0 0 0 -0.00117181 -0.00116949 -0.00116582 -0.00116471 -0.00339623 -0.00339632 -0.00339594 -0.00339701 -0.00532499 -0.00533699 -0.00534785 -0.00536246
2.925 0 0 0 0 -0.000413445 -0.000412277 -0.000408594 -0.000406324 -0.000929371 -0.000928922 -0.000928554 -0.000930178 -0.00170114 -0.00171416 -0.00172502 -0.00173863
2.945 0 0 0 0 0.000204728 0.000205618 0.000209296 0.000211988 0.00117619 0.00117566 0.00117604 0.00117543 0.00213246 0.0021186 0.00210774 0.00209496
2.965 0 0 0 0 0.000968697 0.000970142 0.000973674 0.000975512 0.0030451 0.00304333 0.0030435 0.00304357 0.00519659 0.00518198 0.00517104 0.00515876
2.985 0 0 0 0 0.0017605 0.00176223 0.00176567 0.00176681 0.00458654 0.00458537 0.00458549 0.00458479 0.00673089 0.00671586 0.00670493 0.00669304
3.005 0 0 0 0 0.00234368 0.00234608 0.00234951 0.00234973 0.0052969 0.00529677 0.0052969 0.00529515 0.00672371 0.00670862 0.00669768 0.00668583
3.025 0 0 0 0 0.00238115 0.00238484 0.00238829 0.00238721 0.00473124 0.00473084 0.00473096 0.00472948 0.00559793 0.00558325 0.0055723 0.00556006
3.045 0 0 0 0 0.0016573 0.001661 0.00166442 0.00166329 0.00308515 0.00308393 0.00308405 0.00308337 0.00376724 0.00375308 0.00374213 0.00372936
3.065 0 0 0 0 0.000348584 0.000350071 0.000353468 0.000354521 0.000915523 0.000914353 0.000914472 0.000913732 0.00143879 0.00142502 0.00141407 0.00140092
3.085 0 0 0 0 -0.00101703 -0.00101794 -0.00101454 -0.00101107 -0.00139006 -0.00139077 -0.00139066 -0.00139186 -0.00127541 -0.00128876 -0.00129972 -0.0013133
3.105 0 0 0 0 -0.00195316 -0.00195448 -0.00195105 -0.00194718 -0.00355375 -0.00355464 -0.00355452 -0.00355554 -0.00413062 -0.0041433 -0.00415425 -0.0041685
3.125 0 0 0 0 -0.00230848 -0.00230844 -0.00230502 -0.0023025 -0.00511442 -0.00511576 -0.00511564 -0.0051162 -0.0065842 -0.00659614 -0.00660709 -0.00662207
3.145 0 0 0 0 -0.00208677 -0.00208519 -0.00208179 -0.00208087 -0.00546782 -0.00546908 -0.00546891 -0.00546953 -0.00773476 -0.00774631 -0.00775725 -0.00777262
3.165 0 0 0 0 -0.00137785 -0.00137526 -0.00137186 -0.00137198 -0.0043373 -0.00433819 -0.00433805 -0.00433907 -0.00676302 -0.00677479 -0.00678577 -0.00680098
3.185 0 0 0 0 -0.000370956 -0.000367974 -0.000364586 -0.000365099 -0.00195776 -0.00195861 -0.00195849 -0.00195959 -0.00351899 -0.00353153 -0.0035425 -0.00355697
3.205 0 0 0 0 0.000982958 0.00098648 0.000989874 0.000988892 0.0014395 0.00143812 0.00143824 0.00143767 0.00154317 0.00152951 0.00151853 0.00150517
3.225 0 0 0 0 0.00284169 0.00284645 0.00284985 0.00284763 0.00572275 0.00572092 0.00572104 0.00572094 0.00757211 0.00755717 0.00754622 0.00753417
3.245 0 0 0 0 0.00513703 0.00514258 0.00514492 0.00514015 0.0105262 0.0105238 0.0105234 0.0105225 0.0136369 0.0136204 0.0136094 0.0135986
3.265 0 0 0 0 0.00729843 0.00730889 0.00731168 0.00731458 0.0148835 0.0148825 0.0148822 0.0148808 0.0187872 0.0187693 0.0187581 0.0187485
3.285 0 0 0 0 0.00813468 0.00814902 0.00815295 0.00816855 0.0170731 0.0170754 0.017076 0.0170753 0.0215744 0.0215554 0.0215444 0.0215357
3.305 0 0 0 0 0.00714462 0.00715478 0.00715786 0.00717485 0.0160381 0.0160411 0.0160419 0.0160415 0.020932 0.0209128 0.0209016 0.020893
3.325 0 0 0 0 0.00504568 0.00505148 0.0050543 0.00506842 0.0121476 0.0121488 0.0121491 0.012149 0.0167647 0.0167465 0.0167354 0.0167258
3.345 0 0 0 0 0.0026563 0.00265908 0.0026617 0.00266936 0.00658555 0.00658402 0.00658369 0.00658352 0.00961745 0.00960108 0.00958974 0.00957811
3.365 0 0 0 0 0.000797193 0.000799222 0.000801467 0.000801194 0.00108817 0.00108449 0.00108342 0.00108207 0.00130706 0.00129291 0.00128151 0.00126759
3.385 0 0 0 0 -0.00042231 -0.000420706 -0.000419144 -0.000425449 -0.00317073 -0.00317461 -0.0031762 -0.00317927 -0.00583704 -0.00584938 -0.0058607 -0.00587628
3.405 0 0 0 0 -0.00223835 -0.0022409 -0.00223953 -0.00224282 -0.00673343 -0.0067364 -0.00673832 -0.00674358 -0.0108703 -0.0108821 -0.0108936 -0.0109104
3.425 0 0 0 0 -0.00498439 -0.00499277 -0.00499211 -0.00498903 -0.0103454 -0.0103478 -0.0103496 -0.0103552 -0.0139179 -0.0139294 -0.0139409 -0.0139579
3.445 0 0 0 0 -0.00725929 -0.00726615 -0.00726529 -0.00725642 -0.0133222 -0.0133262 -0.0133278 -0.0133311 -0.0154182 -0.0154295 -0.015441 -0.0154584
3.465 0 0 0 0 -0.00805395 -0.00805785 -0.00805657 -0.00804489 -0.0144508 -0.0144554 -0.0144568 -0.0144593 -0.0161408 -0.016152 -0.0161634 -0.0161808
3.485 0 0 0 0 -0.0071698 -0.00717354 -0.00717244 -0.0071624 -0.0133849 -0.0133877 -0.0133891 -0.0133933 -0.0162418 -0.016253 -0.0162646 -0.0162821
3.505 0 0 0 0 -0.00491552 -0.00491654 -0.00491576 -0.00491175 -0.0106758 -0.010678 -0.0106797 -0.010685 -0.0147873 -0.0147985 -0.0148099 -0.0148272
3.525 0 0 0 0 -0.00227917 -0.00227667 -0.00227599 -0.00227918 -0.0069252 -0.00692881 -0.00693055 -0.00693469 -0.0108173 -0.0108289 -0.0108405 -0.0108576
3.545 0 0 0 0 -0.00027451 -0.000271427 -0.00027025 -0.000275589 -0.00242048 -0.00242507 -0.00242709 -0.00243088 -0.00440604 -0.00441901 -0.00443054 -0.00444618
3.565 0 0 0 0 0.00126915 0.00126961 0.00127132 0.00127331 0.00271166 0.00270866 0.00270736 0.00270497 0.00352753 0.00351239 0.00350078 0.00348719
3.585 0 0 0 0 0.00348411 0.00348668 0.00348849 0.00349631 0.00840572 0.00840444 0.00840376 0.00840253 0.0118104 0.0117933 0.0117819 0.0117705
3.605 0 0 0 0 0.00656111 0.00657031 0.00657233 0.00658295 0.014201 0.0142005 0.0142002 0.0142005 0.0190202 0.0190016 0.0189902 0.0189803
3.625 0 0 0 0 0.00960512 0.00962865 0.00963011 0.00965343 0.0192566 0.0192582 0.0192587 0.0192598 0.0242231 0.0242034 0.0241921 0.0241833
3.645 0 0 0 0 0.0119225 0.0119763 0.0119838 0.0120505 0.0227064 0.0227113 0.0227137 0.022716 0.0273785 0.0273582 0.0273474 0.0273393
3.665 0 0 0 0 0.0135109 0.0135594 0.0135571 0.0136256 0.0242707 0.0242765 0.0242811 0.0242866 0.0288958 0.0288752 0.0288642 0.028856
3.685 0 0 0 0 0.0142732 0.0143313 0.0143387 0.0144102 0.0241044 0.0241058 0.0241088 0.0241155 0.0288223 0.028803 0.0287922 0.0287832
3.705 0 0 0 0 0.0137136 0.0137676 0.0137725 0.0138365 0.0226415 0.0226417 0.0226445 0.0226511 0.0269097 0.0268904 0.0268792 0.0268695
3.725 0 0 0 0 0.0117377 0.0117817 0.0117855 0.0118458 0.0200252 0.0200274 0.0200294 0.0200322 0.0233847 0.023366 0.023355 0.0233452
3.745 0 0 0 0 0.00884712 0.00887657 0.00887905 0.00892896 0.0157466 0.0157493 0.0157509 0.0157515 0.0185275 0.018509 0.0184975 0.018487
3.765 0 0 0 0 0.00518879 0.00520288 0.00520435 0.0052347 0.00948931 0.00948864 0.00948904 0.00948943 0.0119877 0.0119708 0.0119594 0.0119474
3.785 0 0 0 0 0.000786886 0.000784866 0.000785823 0.000795965 0.00184964 0.00184597 0.00184495 0.001844 0.0033613 0.00334598 0.00333394 0.00331997
3.805 0 0 0 0 -0.0040026 -0.00401349 -0.00401523 -0.00401217 -0.00639273 -0.00639571 -0.00639788 -0.00640317 -0.00702743 -0.00704075 -0.00705227 -0.00706758
3.825 0 0 0 0 -0.00825689 -0.0082648 -0.00826469 -0.00825226 -0.0148083 -0.0148101 -0.0148119 -0.014818 -0.0180696 -0.0180808 -0.0180923 -0.0181097
3.845 0 0 0 0 -0.0117458 -0.0116853 -0.0116801 -0.0116391 -0.0227213 -0.0227161 -0.0227136 -0.0227082 -0.0283737 -0.0283819 -0.0283937 -0.0284148
3.865 0 0 0 0 -0.0156401 -0.0150162 -0.0150449 -0.0149927 -0.0294816 -0.0294466 -0.0294249 -0.029396 -0.0366724 -0.0366801 -0.0366909 -0.0367135
3.885 0 0 0 0 -0.0199034 -0.0190019 -0.018981 -0.0188512 -0.0351648 -0.0351214 -0.0351019 -0.0350647 -0.0422214 -0.0422299 -0.0422397 -0.0422631
3.905 0 0 0 0 -0.0240934 -0.0230214 -0.0229503 -0.022766 -0.0394851 -0.0394353 -0.0393977 -0.0393513 -0.0449426 -0.0449491 -0.0449576 -0.044981
3.925 0 0 0 0 -0.0273633 -0.0263184 -0.0262697 -0.0260954 -0.0414744 -0.0414258 -0.0413884 -0.0413482 -0.0452987 -0.0453062 -0.0453146 -0.0453369
3.945 0 0 0 0 -0.0289626 -0.0279827 -0.0279772 -0.0278592 -0.0407953 -0.0407435 -0.0407032 -0.0406647 -0.0439275 -0.0439389 -0.0439507 -0.0439736
3.965 0 0 0 0 -0.0281908 -0.0272584 -0.0272506 -0.0271374 -0.0381022 -0.0380504 -0.0380127 -0.0379815 -0.0411171 -0.0411288 -0.0411389 -0.0411599
3.985 0 0 0 0 -0.0246554 -0.0237506 -0.0237387 -0.0236483 -0.0339799 -0.0339323 -0.0338956 -0.0338633 -0.0367072 -0.0367203 -0.0367328 -0.0367546
4.005 0 0 0 0 -0.0193276 -0.0184779 -0.0184686 -0.0184083 -0.0280834 -0.0280454 -0.0280134 -0.0279802 -0.0306225 -0.0306338 -0.0306446 -0.0306658
4.025 0 0 0 0 -0.0137172 -0.012967 -0.0129639 -0.0129381 -0.0202114 -0.0201777 -0.0201493 -0.0201223 -0.0227822 -0.022796 -0.0228093 -0.0228303
4.045 0 0 0 0 -0.00829086 -0.00769705 -0.00769974 -0.00770589 -0.0110505 -0.011022 -0.0109991 -0.0109845 -0.0129526 -0.0129692 -0.012984 -0.0130033
4.065 0 0 0 0 -0.00260681 -0.0022019 -0.00220465 -0.00220362 -0.0015028 -0.00148576 -0.00147016 -0.00146456 -0.00124413 -0.00126343 -0.00127955 -0.00129672
4.085 0 0 0 0 0.00380756 0.00400697 0.00400969 0.00403307 0.0081997 0.00820179 0.00820582 0.0082057 0.0112319 0.011211 0.0111944 0.0111795
4.105 0 0 0 0 0.0105677 0.0106284 0.0106089 0.010644 0.0180258 0.0180208 0.0180193 0.0180213 0.0227288 0.0227102 0.0226989 0.0226877
4.125 0 0 0 0 0.016126 0.0162586 0.0162569 0.0163151 0.0266704 0.0266661 0.0266645 0.0266662 0.0315259 0.0315052 0.0314943 0.0314856
