0.01 -7.56792e-05 -7.56792e-05 -7.56792e-05 -7.56792e-05 -4.41875e-06 -4.21259e-06 -4.21358e-06 -4.41984e-06 5.01061e-07 4.31556e-07 4.40382e-07 5.11765e-07 -1.12379e-07 1.10716e-09 -2.46982e-08 7.38781e-08
0.03 0.000346533 0.000346533 0.000346533 0.000346533 2.40947e-06 1.22194e-06 1.22103e-06 2.4279e-06 -4.04573e-06 -3.61758e-06 -3.5949e-06 -4.03181e-06 5.19111e-07 9.0211e-07 6.1526e-07 1.10778e-06
0.05 0.000501113 0.000501113 0.000501113 0.000501113 0.000224468 0.000224195 0.000224174 0.000224441 -1.35068e-05 -1.37155e-05 -1.37337e-05 -1.35493e-05 -3.97058e-06 -3.67119e-06 -4.06658e-06 -4.0205e-06
0.07 0.00148486 0.00148486 0.00148486 0.00148486 0.000576308 0.000574502 0.000574481 0.000576222 9.43896e-05 9.46667e-05 9.46671e-05 9.43329e-05 -2.79955e-05 -2.77896e-05 -2.7777e-05 -2.79355e-05
0.09 0.00177329 0.00177329 0.00177329 0.00177329 0.00129156 0.00129174 0.00129172 0.00129143 0.000360664 0.000360038 0.000360025 0.00036056 -6.53859e-06 -6.07802e-06 -5.96081e-06 -6.63348e-06
0.11 0.000511535 0.000511535 0.000511535 0.000511535 0.00157964 0.00158475 0.00158468 0.00157944 0.000930725 0.000929291 0.000929301 0.000930721 0.000187485 0.000187956 0.000187976 0.000187321
0.13 -0.000648593 -0.000648593 -0.000648593 -0.000648593 0.000828209 0.000830794 0.000830845 0.000828369 0.00148528 0.00148621 0.00148616 0.00148517 0.000797412 0.000797189 0.00079719 0.000797421
0.15 -0.0055866 -0.0055866 -0.0055866 -0.0055866 -0.00109712 -0.00108751 -0.00108737 -0.00109675 0.00142207 0.00142086 0.00142089 0.00142217 0.00184332 0.00184234 0.00184232 0.00184338
0.17 0.000521528 0.000521528 0.000521528 0.000521528 -0.00322152 -0.00324376 -0.00324343 -0.00322023 0.000302764 0.000311321 0.000311355 0.000302954 0.00275169 0.00274871 0.00274874 0.00275186
0.19 -0.0118609 -0.0118609 -0.0118609 -0.0118609 -0.00305968 -0.00303073 -0.00303157 -0.00306261 -0.0013544 -0.00136986 -0.00136987 -0.00135419 0.00233579 0.00233627 0.00233618 0.00233533
0.21 -0.0108023 -0.0108023 -0.0108023 -0.0108023 -0.0072585 -0.00725775 -0.00725672 -0.00725677 -0.00172197 -0.00171977 -0.00172121 -0.00172606 -9.75281e-05 -0.000100879 -0.000101068 -9.75241e-05
0.23 0.0121547 0.0121547 0.0121547 0.0121547 -0.00740588 -0.0074871 -0.00748825 -0.00740826 -0.00445987 -0.00442714 -0.00442566 -0.00445595 -0.00310594 -0.00310875 -0.00310875 -0.00310304
0.25 0.0158192 0.0158192 0.0158192 0.0158192 0.00511657 0.00512502 0.0051264 0.00512146 -0.00850579 -0.00852692 -0.00852787 -0.00850723 -0.00687679 -0.00686846 -0.00686985 -0.00687813
0.27 0.00951501 0.00951501 0.00951501 0.00951501 0.0158313 0.0159065 0.0159059 0.0158325 -0.00449612 -0.00453462 -0.00453431 -0.00449496 -0.0123301 -0.0123148 -0.0123144 -0.0123291
0.29 0.0169478 0.0169478 0.0169478 0.0169478 0.0123933 0.0123735 0.0123713 0.0123894 0.00611726 0.00614869 0.0061491 0.00611698 -0.013859 -0.0138564 -0.013856 -0.0138578
0.31 0.00250031 0.00250031 0.00250031 0.00250031 0.0073523 0.00735005 0.00734806 0.00734537 0.00925955 0.009283 0.00928365 0.00926041 -0.00381119 -0.00381043 -0.00381093 -0.00381021
0.33 0.00303773 0.00303773 0.00303773 0.00303773 0.00246011 0.00245876 0.00246003 0.00245977 0.00501886 0.00500816 0.0050074 0.00501866 0.0135251 0.0135228 0.0135205 0.0135148
0.35 0.0421309 0.0421309 0.0421309 0.0421309 0.00431135 0.00419751 0.00419894 0.0043132 0.00390592 0.00391186 0.00391069 0.0039004 0.0253025 0.0252984 0.0253019 0.0253001
0.37 0.0103758 0.0103758 0.0103758 0.0103758 0.0227175 0.0228051 0.0228029 0.0227129 0.0132623 0.0132016 0.0132063 0.0132701 0.0242004 0.0242101 0.0242148 0.024205
0.39 -0.00796139 -0.00796139 -0.00796139 -0.00796139 0.0262851 0.0263744 0.0263746 0.0262872 0.0332781 0.0332794 0.0332774 0.0332746 0.0169204 0.0169176 0.0169157 0.0169187
0.41 -0.0370338 -0.0370338 -0.0370338 -0.0370338 0.0122067 0.0122537 0.0122569 0.0122173 0.0414815 0.0415341 0.041533 0.04148 0.0205474 0.0205331 0.0205316 0.0205482
0.43 -0.0871605 -0.0871605 -0.0871605 -0.0871605 -0.0227626 -0.0226632 -0.022668 -0.0227751 0.0256728 0.0256744 0.0256767 0.0256789 0.0379755 0.0379516 0.0379529 0.0379733
0.45 -0.0193876 -0.0193876 -0.0193876 -0.0193876 -0.0614561 -0.0616956 -0.0616892 -0.0614506 -0.00722163 -0.00716091 -0.00716307 -0.00722905 0.0497807 0.0497372 0.0497393 0.0497751
0.47 0.0283596 0.0283596 0.0283596 0.0283596 -0.0442528 -0.0444964 -0.0445184 -0.0443427 -0.0401549 -0.0401924 -0.0401898 -0.0401463 0.0296458 0.0296339 0.0296371 0.029643
0.49 0.0347215 0.0347215 0.0347215 0.0347215 0.0163552 0.0164567 0.01648 0.0163689 -0.040951 -0.0411212 -0.0411379 -0.0410189 -0.0311151 -0.0310943 -0.031101 -0.0311456
0.51 0.00705721 0.00705721 0.00705721 0.00705721 0.0498068 0.0500461 0.0500591 0.0498221 -0.00784346 -0.0078588 -0.00783663 -0.00782018 -0.0980942 -0.09802 -0.0980119 -0.0980469
0.53 0.017857 0.017857 0.017857 0.017857 0.0311448 0.0311178 0.0311039 0.0311232 0.00842626 0.0086255 0.00863592 0.0084514 -0.112341 -0.112311 -0.112321 -0.11233
0.55 -0.0181424 -0.0181424 -0.0181424 -0.0181424 -0.00849197 -0.00843889 -0.00843258 -0.00847292 -0.0242492 -0.0242139 -0.0242276 -0.0242516 -0.0575749 -0.0575533 -0.0575633 -0.0575741
0.57 0.0517042 0.0517042 0.0517042 0.0517042 -0.0476309 -0.0478537 -0.0478595 -0.0476365 -0.0633057 -0.0633666 -0.063371 -0.0633063 0.0121928 0.0121923 0.0121953 0.0121994
0.59 0.0835419 0.0835419 0.0835419 0.0835419 -0.0312209 -0.0314342 -0.0314329 -0.0312056 -0.0572702 -0.0573735 -0.0573672 -0.0572643 0.0336233 0.0336224 0.0336233 0.0336163
0.61 0.0146699 0.0146699 0.0146699 0.0146699 0.0309096 0.0310655 0.0310622 0.0309095 0.00453461 0.00444634 0.00444504 0.00452245 0.00090516 0.000926681 0.000930243 0.000907516
0.63 -0.0144181 -0.0144181 -0.0144181 -0.0144181 0.0697881 0.0699262 0.0699196 0.0697559 0.0754449 0.0755662 0.0755671 0.0754394 -0.0272823 -0.0272784 -0.0272798 -0.0272836
0.65 -0.0373059 -0.0373059 -0.0373059 -0.0373059 0.0587655 0.0588919 0.0589181 0.0588454 0.0917063 0.0918312 0.0918177 0.0916616 0.00757256 0.00756069 0.00756162 0.00758016
0.67 -0.0465009 -0.0465009 -0.0465009 -0.0465009 0.00434061 0.00443512 0.00441681 0.00433667 0.0530345 0.052998 0.053008 0.0530842 0.0917038 0.0916721 0.0916612 0.0916299
0.69 0.0180942 0.0180942 0.0180942 0.0180942 -0.0487481 -0.0489936 -0.049003 -0.0487447 0.0130192 0.0129676 0.0129606 0.0130399 0.151709 0.15167 0.151692 0.151708
0.71 0.0772992 0.0772992 0.0772992 0.0772992 -0.0248342 -0.0251644 -0.025161 -0.0248297 0.00957815 0.00953652 0.00952412 0.00953349 0.131616 0.131585 0.131603 0.131632
0.73 -0.0124737 -0.0124737 -0.0124737 -0.0124737 0.0635082 0.0638142 0.0638163 0.0634989 0.0465726 0.0464488 0.0464729 0.0466017 0.0435307 0.0435437 0.0435315 0.0435228
0.75 -0.0375607 -0.0375607 -0.0375607 -0.0375607 0.093071 0.093374 0.0933735 0.0930617 0.0909436 0.0910347 0.09103 0.0909328 -0.0386297 -0.0386163 -0.0386225 -0.0386201
0.77 -0.0717555 -0.0717555 -0.0717555 -0.0717555 0.0342245 0.0343648 0.034366 0.0342267 0.0730307 0.0732153 0.0732099 0.0730298 -0.0415004 -0.0415131 -0.0415157 -0.0414988
0.79 -0.0374557 -0.0374557 -0.0374557 -0.0374557 -0.0594541 -0.0596066 -0.0596078 -0.0594539 -0.0188515 -0.0188095 -0.0188074 -0.0188416 0.0227141 0.022687 0.0226892 0.0227136
0.81 0.0521773 0.0521773 0.0521773 0.0521773 -0.105974 -0.106386 -0.1064 -0.106042 -0.107707 -0.107854 -0.107859 -0.107722 0.0590594 0.0590442 0.0590438 0.0590532
0.83 0.0583316 0.0583316 0.0583316 0.0583316 -0.062351 -0.0624481 -0.0624032 -0.0622517 -0.113322 -0.113519 -0.113519 -0.113339 -0.0053669 -0.0053397 -0.00533303 -0.00535125
0.85 0.0199853 0.0199853 0.0199853 0.0199853 0.0235728 0.0236828 0.0236509 0.0235169 -0.0438811 -0.043907 -0.0439161 -0.0439576 -0.132125 -0.132107 -0.132123 -0.132169
0.87 0.0174883 0.0174883 0.0174883 0.0174883 0.075484 0.0756304 0.0756369 0.0754989 0.0106329 0.0108555 0.0108886 0.0106823 -0.204476 -0.204352 -0.204337 -0.204364
0.89 -0.0193123 -0.0193123 -0.0193123 -0.0193123 0.0552633 0.0555608 0.0555705 0.0552829 -0.00872181 -0.00867947 -0.00868996 -0.0087571 -0.152239 -0.152192 -0.15223 -0.152289
0.91 -0.0136908 -0.0136908 -0.0136908 -0.0136908 -0.0401288 -0.0401096 -0.0401222 -0.0401578 -0.0611716 -0.0612724 -0.0612749 -0.0611855 -0.0235145 -0.0235255 -0.0235217 -0.0235252
0.93 0.0714151 0.0714151 0.0714151 0.0714151 -0.112731 -0.113301 -0.113292 -0.112713 -0.0821348 -0.0821398 -0.0821269 -0.0821056 0.0760487 0.076002 0.0760267 0.0760774
0.95 0.0307539 0.0307539 0.0307539 0.0307539 -0.062155 -0.0623784 -0.0623806 -0.062159 -0.0445089 -0.0446212 -0.0446338 -0.0445317 0.0816428 0.0816192 0.0816095 0.0816133
0.97 -0.0001922 -0.0001922 -0.0001922 -0.0001922 0.0534762 0.053666 0.0536636 0.0534716 0.042294 0.0422547 0.0422588 0.0423041 0.0167592 0.0167829 0.0167848 0.0167683
0.99 -0.0603953 -0.0603953 -0.0603953 -0.0603953 0.117352 0.117789 0.117791 0.117332 0.120987 0.121073 0.121072 0.120978 -0.0281359 -0.0281179 -0.0281188 -0.0281304
1.01 -0.0410862 -0.0410862 -0.0410862 -0.0410862 0.0780938 0.078234 0.0782627 0.0781761 0.125773 0.125952 0.125952 0.125761 0.017729 0.0177055 0.0177048 0.01773
1.03 -0.0544636 -0.0544636 -0.0544636 -0.0544636 -0.0164035 -0.0164047 -0.016443 -0.0164827 0.0575879 0.0575604 0.0575671 0.0576071 0.126619 0.126575 0.126572 0.126609
1.05 0.0607656 0.0607656 0.0607656 0.0607656 -0.0778067 -0.0782398 -0.0782132 -0.0777563 -0.00980959 -0.00988443 -0.00988684 -0.00973859 0.193093 0.193042 0.193053 0.193122
1.07 0.0362446 0.0362446 0.0362446 0.0362446 -0.030419 -0.0305205 -0.030521 -0.0304139 -0.0117056 -0.0119229 -0.0119626 -0.0117827 0.141444 0.141428 0.141419 0.141377
1.09 0.069183 0.069183 0.069183 0.069183 0.0719176 0.0719054 0.0718894 0.0718881 0.0491185 0.0491762 0.0492073 0.0491438 0.00462151 0.00464404 0.0046703 0.00463856
1.11 -0.0233878 -0.0233878 -0.0233878 -0.0233878 0.140501 0.141001 0.141014 0.140528 0.0963602 0.0964507 0.0964607 0.0963594 -0.100538 -0.1005 -0.100496 -0.100535
1.13 -0.0144167 -0.0144167 -0.0144167 -0.0144167 0.0898279 0.0900715 0.0900667 0.0898147 0.0705092 0.0706507 0.0706372 0.0704866 -0.0890572 -0.0890471 -0.0890593 -0.0890711
1.15 -0.0248436 -0.0248436 -0.0248436 -0.0248436 -0.035395 -0.0354353 -0.0354355 -0.0353962 -0.0197212 -0.0197331 -0.019727 -0.0196961 0.0116738 0.0116705 0.0116731 0.01169
1.17 0.0202899 0.0202899 0.0202899 0.0202899 -0.134284 -0.134719 -0.134716 -0.134277 -0.0987103 -0.0988163 -0.0988219 -0.098719 0.088192 0.0881574 0.0881546 0.0881874
1.19 0.0735251 0.0735251 0.0735251 0.0735251 -0.10787 -0.108356 -0.108362 -0.107882 -0.105874 -0.105956 -0.105955 -0.105875 0.0532084 0.0531886 0.0531891 0.0532063
1.21 0.0348949 0.0348949 0.0348949 0.0348949 0.0216354 0.0217562 0.0217557 0.0216369 -0.0412157 -0.0412824 -0.0412774 -0.0412081 -0.0723918 -0.0723529 -0.072351 -0.0723903
1.23 -0.0207407 -0.0207407 -0.0207407 -0.0207407 0.1158 0.116298 0.116299 0.115804 0.0365554 0.0366272 0.0366232 0.0365471 -0.176257 -0.176193 -0.176193 -0.176257
1.25 0.00788893 0.00788893 0.00788893 0.00788893 0.0909997 0.0911628 0.0911615 0.0909965 0.0492716 0.0495027 0.0495042 0.0492763 -0.155056 -0.155029 -0.15503 -0.155058
1.27 0.0604775 0.0604775 0.0604775 0.0604775 0.00266231 0.00249431 0.00249514 0.00266343 -0.0154899 -0.0154426 -0.0154428 -0.0154898 -0.0191607 -0.0191567 -0.0191561 -0.0191587
1.29 0.03376 0.03376 0.03376 0.03376 -0.0605772 -0.0606655 -0.0606655 -0.0605771 -0.0686387 -0.0689138 -0.0689147 -0.0686407 0.110254 0.110257 0.110257 0.110253
1.31 0.0318858 0.0318858 0.0318858 0.0318858 -0.0679669 -0.0682392 -0.0682396 -0.0679674 -0.027855 -0.0279683 -0.0279672 -0.0278529 0.130229 0.130196 0.130196 0.130229
1.33 -0.0117512 -0.0117512 -0.0117512 -0.0117512 0.00414145 0.00400672 0.00400708 0.00414233 0.0644771 0.0646022 0.0646016 0.0644758 0.0624583 0.0624181 0.0624183 0.0624586
1.35 -0.0582495 -0.0582495 -0.0582495 -0.0582495 0.0952083 0.0955143 0.0955142 0.0952079 0.119953 0.120061 0.120061 0.119953 0.00463988 0.00463713 0.00463692 0.00463944
1.37 -0.170575 -0.170575 -0.170575 -0.170575 0.0852275 0.0859508 0.0859471 0.0852095 0.110314 0.110227 0.110228 0.110319 0.0186191 0.0186369 0.018637 0.018619
1.39 -0.0669932 -0.0669932 -0.0669932 -0.0669932 -0.0578838 -0.0581203 -0.0581166 -0.0578911 0.0508713 0.051032 0.0510306 0.0508733 0.086626 0.0865516 0.0865514 0.086625
1.41 0.0633693 0.0633693 0.0633693 0.0633693 -0.137844 -0.138605 -0.1386 -0.137837 -0.0459484 -0.0458562 -0.045858 -0.0459507 0.134763 0.13468 0.134681 0.134765
1.43 0.0937372 0.0937372 0.0937372 0.0937372 -0.0440389 -0.0441645 -0.0441687 -0.0440439 -0.102474 -0.102798 -0.102796 -0.102472 0.0773151 0.0773462 0.0773457 0.077314
1.45 0.151509 0.151509 0.151509 0.151509 0.102904 0.103087 0.103087 0.102906 -0.0407971 -0.0409619 -0.0409618 -0.0407984 -0.0864898 -0.0863991 -0.086399 -0.0864892
1.47 0.0491968 0.0491968 0.0491968 0.0491968 0.179612 0.180113 0.180115 0.179618 0.0675146 0.0676743 0.0676698 0.0674978 -0.222729 -0.222659 -0.222657 -0.222737
1.49 0.0534315 0.0534315 0.0534315 0.0534315 0.132492 0.132577 0.132574 0.132485 0.0853555 0.0857288 0.0857379 0.0853731 -0.188884 -0.188847 -0.188839 -0.188861
1.51 -0.0545033 -0.0545033 -0.0545033 -0.0545033 0.00462292 0.00487121 0.00487208 0.00461906 -0.00505051 -0.00515666 -0.00515717 -0.00503604 -0.000954803 -0.000896425 -0.000903725 -0.000926586
1.53 -0.119829 -0.119829 -0.119829 -0.119829 -0.161541 -0.16163 -0.161628 -0.161538 -0.0788981 -0.0791906 -0.0792016 -0.0789125 0.174385 0.174352 0.174332 0.174374
1.55 0.0975053 0.0975053 0.0975053 0.0975053 -0.220779 -0.222078 -0.22208 -0.220788 -0.0704852 -0.0702513 -0.0702388 -0.070441 0.200031 0.19988 0.199874 0.200046
1.57 0.172238 0.172238 0.172238 0.172238 -0.00654233 -0.00701932 -0.00701789 -0.00654419 -0.0183534 -0.0183433 -0.0183546 -0.0183624 0.07612 0.0760965 0.0760929 0.0761376
1.59 -0.0010159 -0.0010159 -0.0010159 -0.0010159 0.274378 0.275754 0.275767 0.27441 0.0828253 0.0823782 0.0823722 0.0828096 -0.0972787 -0.0971092 -0.0971164 -0.0972885
1.61 -0.173646 -0.173646 -0.173646 -0.173646 0.260209 0.261439 0.261405 0.260056 0.201338 0.201419 0.201435 0.201381 -0.165383 -0.165291 -0.165288 -0.165385
1.63 -0.146644 -0.146644 -0.146644 -0.146644 -0.0396068 -0.0401064 -0.040059 -0.0396378 0.172874 0.173631 0.173619 0.172865 -0.0170703 -0.0172198 -0.0172147 -0.017069
1.65 -0.0320688 -0.0320688 -0.0320688 -0.0320688 -0.260832 -0.261895 -0.26186 -0.260779 -0.058885 -0.0587595 -0.0587662 -0.0589243 0.24373 0.24356 0.243548 0.243675
1.67 0.03094 0.03094 0.03094 0.03094 -0.231786 -0.232078 -0.232133 -0.23189 -0.236912 -0.237685 -0.237627 -0.236717 0.321156 0.321165 0.321186 0.321358
1.69 0.149448 0.149448 0.149448 0.149448 -0.050612 -0.0507846 -0.0507505 -0.0505402 -0.132769 -0.13315 -0.13323 -0.132824 0.069294 0.0693184 0.0692743 0.0692885
1.71 0.289093 0.289093 0.289093 0.289093 0.218344 0.217985 0.217978 0.218322 0.0956376 0.0962199 0.0961926 0.0955588 -0.2894 -0.289399 -0.289415 -0.289551
1.73 0.0428044 0.0428044 0.0428044 0.0428044 0.43209 0.433511 0.433508 0.432107 0.181045 0.181464 0.181606 0.181554 -0.413344 -0.412914 -0.412816 -0.413034
1.75 -0.234987 -0.234987 -0.234987 -0.234987 0.24652 0.248268 0.248259 0.246498 0.117142 0.116833 0.116634 0.116833 -0.200249 -0.200076 -0.200182 -0.200376
1.77 -0.1792 -0.1792 -0.1792 -0.1792 -0.277246 -0.278116 -0.278104 -0.277237 -0.018085 -0.0178325 -0.017782 -0.0180571 0.180672 0.180415 0.180395 0.180623
1.79 -0.0215506 -0.0215506 -0.0215506 -0.0215506 -0.555329 -0.557568 -0.557561 -0.555271 -0.190839 -0.190635 -0.190572 -0.190738 0.441296 0.440959 0.441013 0.441257
1.81 0.110879 0.110879 0.110879 0.110879 -0.296208 -0.297061 -0.297079 -0.296182 -0.248312 -0.248995 -0.249099 -0.248759 0.339611 0.339539 0.339573 0.339351
1.83 0.197874 0.197874 0.197874 0.197874 0.215276 0.216052 0.216027 0.215205 -0.0458158 -0.046238 -0.0460424 -0.0454935 -0.0969567 -0.0967311 -0.0966139 -0.0967664
1.85 0.222971 0.222971 0.222971 0.222971 0.547936 0.549074 0.549117 0.547984 0.257194 0.257552 0.257438 0.256935 -0.49255 -0.492468 -0.492542 -0.49268
1.87 0.123547 0.123547 0.123547 0.123547 0.5149 0.515856 0.515831 0.514675 0.331601 0.332286 0.332324 0.331705 -0.446983 -0.446827 -0.446847 -0.446939
1.89 -0.0537759 -0.0537759 -0.0537759 -0.0537759 0.142275 0.142939 0.14305 0.142443 0.127864 0.127904 0.127956 0.128135 0.0372013 0.0374322 0.0374567 0.0374223
1.91 -0.0961503 -0.0961503 -0.0961503 -0.0961503 -0.333142 -0.334051 -0.334125 -0.333236 -0.0908826 -0.0914881 -0.0917671 -0.0917748 0.548657 0.548491 0.548339 0.548314
1.93 -0.0339255 -0.0339255 -0.0339255 -0.0339255 -0.509283 -0.511189 -0.511183 -0.509231 -0.115761 -0.115705 -0.115364 -0.115215 0.678655 0.678384 0.678493 0.679046
1.95 -0.0436587 -0.0436587 -0.0436587 -0.0436587 -0.188364 -0.18911 -0.189089 -0.188404 0.0322773 0.0322102 0.0321553 0.0322306 0.367174 0.366943 0.36686 0.367129
1.97 -0.209395 -0.209395 -0.209395 -0.209395 0.292459 0.294096 0.294096 0.292478 0.22048 0.220229 0.22006 0.220141 -0.10971 -0.109613 -0.109672 -0.109874
1.99 -0.125673 -0.125673 -0.125673 -0.125673 0.412011 0.413453 0.413466 0.412041 0.288398 0.288935 0.289123 0.28878 -0.375427 -0.375222 -0.375119 -0.375275
2.01 -0.0672332 -0.0672332 -0.0672332 -0.0672332 0.125366 0.125657 0.125643 0.125274 0.104114 0.104512 0.104417 0.10389 -0.252932 -0.25294 -0.25296 -0.25301
2.03 0.0875129 0.0875129 0.0875129 0.0875129 -0.258804 -0.260005 -0.260079 -0.259218 -0.23348 -0.233584 -0.233559 -0.233426 0.061545 0.0614609 0.061441 0.0615081
2.05 0.207862 0.207862 0.207862 0.207862 -0.389365 -0.390902 -0.390799 -0.389469 -0.432784 -0.433334 -0.433292 -0.432644 0.182819 0.182808 0.182824 0.182868
2.07 0.109105 0.109105 0.109105 0.109105 -0.189745 -0.190057 -0.189908 -0.189497 -0.314585 -0.315052 -0.315137 -0.314761 -0.063801 -0.0637349 -0.0637355 -0.0637963
2.09 0.0382537 0.0382537 0.0382537 0.0382537 0.126991 0.127405 0.127265 0.126888 -0.0290632 -0.0286427 -0.0285513 -0.0289456 -0.447153 -0.447063 -0.447079 -0.447188
2.11 0.0365784 0.0365784 0.0365784 0.0365784 0.314064 0.31487 0.314834 0.314106 0.113521 0.114093 0.114124 0.113471 -0.574378 -0.574151 -0.5741 -0.574224
2.13 -0.0820916 -0.0820916 -0.0820916 -0.0820916 0.205619 0.206819 0.206867 0.205721 0.0255409 0.0254917 0.0255182 0.0256721 -0.307444 -0.30737 -0.307429 -0.307637
2.15 -0.112584 -0.112584 -0.112584 -0.112584 -0.162092 -0.162188 -0.162227 -0.162224 -0.113704 -0.114048 -0.114124 -0.113796 0.129357 0.129271 0.129329 0.129373
2.17 -0.095965 -0.095965 -0.095965 -0.095965 -0.455181 -0.45669 -0.456649 -0.455115 -0.150874 -0.15086 -0.150831 -0.15081 0.40936 0.409114 0.409145 0.409387
2.19 0.015913 0.015913 0.015913 0.015913 -0.339353 -0.340849 -0.340859 -0.339364 -0.0812343 -0.0811318 -0.0811258 -0.0812545 0.371174 0.370972 0.370947 0.371136
2.21 -0.0520915 -0.0520915 -0.0520915 -0.0520915 0.104526 0.105235 0.105222 0.10451 0.0663545 0.0659987 0.0659957 0.0663333 0.0886078 0.088682 0.0886741 0.0886206
2.23 0.0657214 0.0657214 0.0657214 0.0657214 0.422521 0.423764 0.423774 0.422543 0.245524 0.245586 0.245593 0.245538 -0.192578 -0.19242 -0.192412 -0.192551
2.25 0.118764 0.118764 0.118764 0.118764 0.403166 0.403908 0.403899 0.403226 0.303421 0.303903 0.303907 0.303446 -0.213354 -0.21329 -0.213302 -0.213387
2.27 0.134872 0.134872 0.134872 0.134872 0.164596 0.164589 0.164543 0.164512 0.163306 0.163475 0.163463 0.163297 0.0603744 0.0603759 0.0603864 0.0603886
2.29 0.061398 0.061398 0.061398 0.061398 -0.0894977 -0.0897798 -0.0897425 -0.0894583 -0.0152504 -0.0157032 -0.0157014 -0.0152453 0.377736 0.377688 0.377691 0.377738
2.31 0.0543167 0.0543167 0.0543167 0.0543167 -0.200418 -0.201275 -0.201268 -0.200429 -0.031675 -0.0319711 -0.0319685 -0.031675 0.455763 0.455636 0.455631 0.455753
2.33 0.12466 0.12466 0.12466 0.12466 -0.0545721 -0.055474 -0.0554838 -0.0545887 0.0946793 0.0949147 0.0949137 0.0946747 0.259301 0.259177 0.259179 0.259306
2.35 0.00544413 0.00544413 0.00544413 0.00544413 0.25432 0.255087 0.255081 0.254326 0.211643 0.211683 0.211683 0.211643 -0.0133212 -0.0132643 -0.0132629 -0.0133173
2.37 -0.214084 -0.214084 -0.214084 -0.214084 0.348704 0.350565 0.350542 0.348696 0.245043 0.24488 0.24488 0.245043 -0.144526 -0.144391 -0.144394 -0.144533
2.39 -0.142583 -0.142583 -0.142583 -0.142583 0.0525457 0.0526838 0.0526742 0.0525963 0.154525 0.154942 0.154943 0.154525 -0.0492444 -0.0493 -0.0492974 -0.049239
2.41 0.0014145 0.0014145 0.0014145 0.0014145 -0.283565 -0.284886 -0.284902 -0.283572 -0.0842011 -0.0838807 -0.0838808 -0.0842028 0.161614 0.161442 0.16144 0.161611
2.43 -0.0337263 -0.0337263 -0.0337263 -0.0337263 -0.334633 -0.335169 -0.335164 -0.334635 -0.302301 -0.302939 -0.302938 -0.302299 0.223181 0.223149 0.22315 0.223182
2.45 -0.144992 -0.144992 -0.144992 -0.144992 -0.205852 -0.20554 -0.205532 -0.205848 -0.273614 -0.274224 -0.274223 -0.273615 -0.0256703 -0.025612 -0.0256123 -0.0256704
2.47 -0.0453189 -0.0453189 -0.0453189 -0.0453189 -0.0619214 -0.0622928 -0.0622975 -0.0619365 -0.0981838 -0.0975632 -0.0975606 -0.0981756 -0.408973 -0.408977 -0.408978 -0.408976
2.49 0.0750227 0.0750227 0.0750227 0.0750227 0.0821613 0.0820531 0.0820658 0.0820921 -0.0765043 -0.0757096 -0.0756925 -0.0763614 -0.596081 -0.596053 -0.596074 -0.596153
2.51 0.0835102 0.0835102 0.0835102 0.0835102 0.138401 0.139417 0.139466 0.138395 -0.22979 -0.230347 -0.23041 -0.23005 -0.487638 -0.487483 -0.48748 -0.487731
2.53 -0.0624022 -0.0624022 -0.0624022 -0.0624022 -0.0497774 -0.0489765 -0.0489547 -0.0498045 -0.302961 -0.303571 -0.30343 -0.302658 -0.259337 -0.259171 -0.259113 -0.259286
2.55 0.100242 0.100242 0.100242 0.100242 -0.336733 -0.338497 -0.338517 -0.336788 -0.222231 -0.221677 -0.221775 -0.222367 -0.0774265 -0.0775643 -0.0775745 -0.0774596
2.57 0.182725 0.182725 0.182725 0.182725 -0.257315 -0.258947 -0.258929 -0.257252 -0.154651 -0.154185 -0.154193 -0.154634 0.0220105 0.0218951 0.0218834 0.0220096
2.59 -0.0817399 -0.0817399 -0.0817399 -0.0817399 0.109777 0.111141 0.111121 0.109752 -0.0624115 -0.0632619 -0.0632227 -0.062346 0.021452 0.0216238 0.0216272 0.0214792
2.61 -0.197741 -0.197741 -0.197741 -0.197741 0.251533 0.253061 0.253062 0.251538 0.172292 0.171939 0.171913 0.172216 -0.0308764 -0.0307715 -0.0307806 -0.0308938
2.63 -0.148906 -0.148906 -0.148906 -0.148906 0.0742711 0.0738 0.0737493 0.0741555 0.349448 0.350493 0.350528 0.349535 0.04303 0.042835 0.0428351 0.0430211
2.65 0.143149 0.143149 0.143149 0.143149 -0.0561295 -0.0575241 -0.0574894 -0.0561902 0.225285 0.226005 0.22598 0.225223 0.310148 0.309923 0.309931 0.310166
2.67 0.258487 0.258487 0.258487 0.258487 0.0819947 0.0822909 0.0823694 0.0821206 0.00581267 0.00474561 0.00474646 0.00580203 0.525323 0.525391 0.525388 0.52532
2.69 0.0622912 0.0622912 0.0622912 0.0622912 0.237942 0.239217 0.239166 0.237771 0.10337 0.102181 0.102192 0.103405 0.422873 0.423018 0.42301 0.422855
2.71 -0.0782009 -0.0782009 -0.0782009 -0.0782009 0.192697 0.192582 0.192635 0.192837 0.42761 0.42842 0.42841 0.427586 0.141486 0.141341 0.141351 0.141509
2.73 0.00446261 0.00446261 0.00446261 0.00446261 0.13405 0.133015 0.132974 0.133847 0.466592 0.468055 0.468072 0.466641 0.0591828 0.058926 0.0589166 0.0591573
2.75 -0.102877 -0.102877 -0.102877 -0.102877 0.148361 0.149505 0.149572 0.148441 0.135693 0.135086 0.135059 0.13563 0.228897 0.228965 0.228976 0.228922
2.77 0.0987308 0.0987308 0.0987308 0.0987308 0.0176332 0.0181437 0.0181355 0.0176371 -0.108661 -0.109725 -0.109706 -0.108628 0.326231 0.326339 0.326334 0.326222
2.79 0.0338569 0.0338569 0.0338569 0.0338569 -0.167274 -0.168052 -0.168085 -0.16731 -0.0615318 -0.061484 -0.0614847 -0.0615351 0.15731 0.157216 0.157214 0.157308
2.81 0.188246 0.188246 0.188246 0.188246 -0.125385 -0.127062 -0.127042 -0.125334 0.0136558 0.0146794 0.0146726 0.013644 -0.123706 -0.123866 -0.123862 -0.123697
2.83 0.0546039 0.0546039 0.0546039 0.0546039 0.174238 0.175097 0.175089 0.174212 -0.0707394 -0.0709553 -0.0709497 -0.0707226 -0.309248 -0.309073 -0.309076 -0.309254
2.85 -0.234699 -0.234699 -0.234699 -0.234699 0.217794 0.220217 0.220222 0.217782 -0.129321 -0.130246 -0.130251 -0.129331 -0.366992 -0.366685 -0.366684 -0.366991
2.87 -0.188283 -0.188283 -0.188283 -0.188283 -0.182665 -0.183095 -0.183081 -0.18265 -0.110722 -0.110154 -0.110153 -0.11072 -0.302354 -0.302419 -0.302419 -0.302355
2.89 -0.0418649 -0.0418649 -0.0418649 -0.0418649 -0.498988 -0.501247 -0.501217 -0.499004 -0.238362 -0.237395 -0.237402 -0.238373 -0.125452 -0.125708 -0.12571 -0.125456
2.91 0.0184919 0.0184919 0.0184919 0.0184919 -0.370123 -0.370382 -0.370349 -0.369727 -0.456308 -0.456942 -0.456941 -0.456326 -0.0150328 -0.0149939 -0.0149855 -0.0150127
2.93 0.0520407 0.0520407 0.0520407 0.0520407 -0.0561893 -0.0554122 -0.0556382 -0.0565742 -0.403862 -0.404986 -0.404968 -0.40383 -0.175792 -0.175553 -0.175566 -0.175818
2.95 -0.0318476 -0.0318476 -0.0318476 -0.0318476 0.105478 0.105941 0.106079 0.105652 -0.0621708 -0.0618809 -0.0618949 -0.0621932 -0.475177 -0.475059 -0.475048 -0.475155
2.97 -0.0509583 -0.0509583 -0.0509583 -0.0509583 0.10498 0.104666 0.104702 0.104963 0.139941 0.141199 0.1412 0.139945 -0.52137 -0.521424 -0.521432 -0.521385
2.99 0.0434033 0.0434033 0.0434033 0.0434033 0.0582674 0.058343 0.0582884 0.0581582 -0.0106022 -0.0104282 -0.0104219 -0.0105927 -0.179075 -0.179034 -0.179032 -0.179069
3.01 0.29152 0.29152 0.29152 0.29152 2.15242e-05 3.37158e-05 6.92254e-05 0.000138767 -0.190391 -0.191321 -0.191323 -0.190397 0.236898 0.237017 0.237017 0.236899
3.03 0.135635 0.135635 0.135635 0.135635 -0.0289146 -0.0288953 -0.0289235 -0.0289556 -0.046451 -0.0471878 -0.0471903 -0.0464509 0.377193 0.377213 0.377214 0.377193
3.05 0.224641 0.224641 0.224641 0.224641 0.0660681 0.0647433 0.0647483 0.0660523 0.299778 0.300584 0.300584 0.299781 0.275656 0.275461 0.275462 0.275657
3.07 -0.00603134 -0.00603134 -0.00603134 -0.00603134 0.355139 0.355548 0.355533 0.354986 0.488773 0.4892 0.489197 0.488736 0.215034 0.214969 0.214957 0.215013
3.09 -0.289419 -0.289419 -0.289419 -0.289419 0.452289 0.454576 0.454658 0.452242 0.485944 0.485313 0.485321 0.485727 0.327107 0.327196 0.327206 0.327131
3.11 -0.017164 -0.017164 -0.017164 -0.017164 0.132201 0.131951 0.132041 0.132186 0.416909 0.417172 0.417255 0.416984 0.530933 0.530748 0.530725 0.530896
3.13 -0.147827 -0.147827 -0.147827 -0.147827 -0.15834 -0.159226 -0.159212 -0.15829 0.266035 0.266236 0.266337 0.266235 0.67472 0.674409 0.674356 0.67462
3.15 -0.252846 -0.252846 -0.252846 -0.252846 -0.225282 -0.225585 -0.225636 -0.225273 0.103351 0.102982 0.102914 0.103243 0.594408 0.594234 0.594227 0.59438
3.17 0.106353 0.106353 0.106353 0.106353 -0.101953 -0.102784 -0.102802 -0.101949 0.0162155 0.0162614 0.0162777 0.0161993 0.245862 0.245793 0.245827 0.245908
3.19 0.0356618 0.0356618 0.0356618 0.0356618 0.154537 0.155347 0.155363 0.15455 -0.0233324 -0.0234992 -0.0234539 -0.0232782 -0.220286 -0.220168 -0.220173 -0.220309
3.21 0.11204 0.11204 0.11204 0.11204 0.252226 0.253049 0.253063 0.252174 -0.0692361 -0.0691138 -0.0691477 -0.0692941 -0.567047 -0.566847 -0.566854 -0.56706
3.23 -0.00756299 -0.00756299 -0.00756299 -0.00756299 0.0778677 0.0782959 0.0782568 0.0777298 -0.193424 -0.193105 -0.193124 -0.193303 -0.633381 -0.633096 -0.633075 -0.633217
3.25 0.182673 0.182673 0.182673 0.182673 -0.239288 -0.239791 -0.239802 -0.238453 -0.394623 -0.394445 -0.39451 -0.394909 -0.462926 -0.462904 -0.462992 -0.463052
3.27 0.328333 0.328333 0.328333 0.328333 -0.332136 -0.333125 -0.333432 -0.3321 -0.558402 -0.55867 -0.558523 -0.558207 -0.277142 -0.277089 -0.277054 -0.277104
3.29 -0.229219 -0.229219 -0.229219 -0.229219 -0.193028 -0.191867 -0.191898 -0.19311 -0.47142 -0.472527 -0.472572 -0.471488 -0.278678 -0.27848 -0.278455 -0.278675
3.31 -0.683589 -0.683589 -0.683589 -0.683589 -0.262543 -0.261783 -0.261616 -0.262571 -0.14573 -0.145497 -0.145539 -0.145762 -0.398392 -0.398426 -0.39843 -0.398421
3.33 -0.133851 -0.133851 -0.133851 -0.133851 -0.406179 -0.408857 -0.408811 -0.406256 -0.0268793 -0.0248872 -0.0248511 -0.0267842 -0.348628 -0.348961 -0.34896 -0.348617
3.35 0.0102552 0.0102552 0.0102552 0.0102552 -0.189103 -0.189236 -0.189266 -0.189091 -0.277526 -0.27789 -0.277913 -0.277593 -0.0972527 -0.0972068 -0.0972126 -0.0972511
3.37 0.354207 0.354207 0.354207 0.354207 0.119286 0.120453 0.120426 0.11934 -0.370427 -0.372093 -0.372081 -0.370418 0.0252289 0.0255716 0.0255731 0.0252363
3.39 0.419316 0.419316 0.419316 0.419316 0.279279 0.279459 0.279442 0.279271 -0.00480078 -0.00502928 -0.00502007 -0.00478219 -0.109962 -0.109796 -0.109801 -0.109975
3.41 0.00655405 0.00655405 0.00655405 0.00655405 0.327488 0.327651 0.327659 0.327489 0.430498 0.431579 0.431567 0.430479 -0.178723 -0.178784 -0.178775 -0.178708
3.43 0.134403 0.134403 0.134403 0.134403 0.298298 0.297895 0.297888 0.298314 0.491932 0.49296 0.492968 0.491965 0.125776 0.125631 0.125624 0.125761
3.45 -0.371524 -0.371524 -0.371524 -0.371524 0.194072 0.196277 0.196219 0.19403 0.292278 0.29101 0.291006 0.292278 0.639564 0.639623 0.639632 0.639582
3.47 -0.233246 -0.233246 -0.233246 -0.233246 -0.171531 -0.171952 -0.17199 -0.171628 0.253413 0.25311 0.253169 0.254122 0.935802 0.935582 0.93558 0.936105
3.49 0.050475 0.050475 0.050475 0.050475 -0.332527 -0.335313 -0.335242 -0.332471 0.331363 0.332133 0.331828 0.330644 0.853568 0.853023 0.852895 0.853268
3.51 0.0275197 0.0275197 0.0275197 0.0275197 0.0745579 0.0743712 0.0744126 0.0746808 0.300786 0.300979 0.301287 0.301401 0.507489 0.50744 0.507567 0.50773
3.53 -0.165216 -0.165216 -0.165216 -0.165216 0.498474 0.501335 0.501236 0.49832 0.267502 0.266424 0.2663 0.267273 0.0647504 0.0649914 0.0649739 0.0647079
3.55 -0.183997 -0.183997 -0.183997 -0.183997 0.362665 0.364182 0.364229 0.362784 0.277206 0.277425 0.277383 0.27717 -0.255409 -0.255339 -0.255385 -0.255497
3.57 -0.326908 -0.326908 -0.326908 -0.326908 -0.169779 -0.170364 -0.17037 -0.169791 0.0728957 0.0740228 0.0740936 0.0730994 -0.259818 -0.259964 -0.259918 -0.259709
3.59 -0.180952 -0.180952 -0.180952 -0.180952 -0.612919 -0.614594 -0.614617 -0.613036 -0.421306 -0.421082 -0.421158 -0.421462 -0.0693356 -0.0695237 -0.069548 -0.0693884
3.61 0.256376 0.256376 0.256376 0.256376 -0.610028 -0.612432 -0.61278 -0.6114 -0.835839 -0.836631 -0.836531 -0.835585 -0.0999604 -0.0999143 -0.0999443 -0.100041
3.63 0.251402 0.251402 0.251402 0.251402 -0.240642 -0.240726 -0.240216 -0.240327 -0.77278 -0.77428 -0.774492 -0.773716 -0.580207 -0.579846 -0.579803 -0.580087
3.65 -0.120381 -0.120381 -0.120381 -0.120381 0.10702 0.108324 0.108443 0.107003 -0.36701 -0.366824 -0.36642 -0.366824 -1.17632 -1.17569 -1.17571 -1.17596
3.67 -0.269232 -0.269232 -0.269232 -0.269232 0.0886721 0.0892421 0.0890251 0.0883177 -0.142439 -0.140989 -0.140707 -0.142274 -1.29501 -1.29493 -1.29506 -1.29516
3.69 -0.209198 -0.209198 -0.209198 -0.209198 -0.21896 -0.218902 -0.218783 -0.218536 -0.373963 -0.373211 -0.373351 -0.37377 -0.753577 -0.753323 -0.753269 -0.753209
3.71 -0.505965 -0.505965 -0.505965 -0.505965 -0.618186 -0.617642 -0.617743 -0.618355 -0.686973 -0.688296 -0.688543 -0.687072 -0.0313492 -0.0312412 -0.0313212 -0.0314154
3.73 -0.377311 -0.377311 -0.377311 -0.377311 -0.943232 -0.945146 -0.945138 -0.943263 -0.620979 -0.62137 -0.621274 -0.620768 0.275866 0.275576 0.275545 0.275766
3.75 -0.114737 -0.114737 -0.114737 -0.114737 -0.710184 -0.713035 -0.712979 -0.710118 -0.307689 -0.306862 -0.306844 -0.307822 0.0763821 0.0760337 0.076117 0.0765002
3.77 -0.440036 -0.440036 -0.440036 -0.440036 0.039883 0.0415429 0.0415065 0.0398149 -0.0455858 -0.0458891 -0.0458692 -0.0456238 -0.307911 -0.307818 -0.30784 -0.307987
3.79 -0.0905825 -0.0905825 -0.0905825 -0.0905825 0.46818 0.470287 0.470287 0.468237 0.140631 0.140595 0.140615 0.140704 -0.522134 -0.521859 -0.521866 -0.52214
3.81 0.0350335 0.0350335 0.0350335 0.0350335 0.339444 0.340334 0.340317 0.339422 0.185745 0.186117 0.186083 0.185709 -0.356107 -0.355967 -0.355961 -0.356072
3.83 0.429842 0.429842 0.429842 0.429842 -0.00259123 -0.00417952 -0.00417666 -0.00260652 0.0481993 0.048781 0.0487926 0.0482109 0.109338 0.109232 0.109218 0.109323
3.85 0.664395 0.664395 0.664395 0.664395 -0.0299302 -0.0313412 -0.0313306 -0.0298611 -0.0877283 -0.0881987 -0.0881914 -0.087688 0.517765 0.517745 0.517747 0.51777
3.87 0.51064 0.51064 0.51064 0.51064 0.324032 0.324668 0.324624 0.324143 0.102929 0.101722 0.101729 0.102922 0.553946 0.554102 0.554083 0.553918
3.89 0.174271 0.174271 0.174271 0.174271 0.620824 0.621734 0.621441 0.619795 0.625064 0.625086 0.625097 0.624954 0.328079 0.328143 0.328145 0.328117
3.91 -0.190105 -0.190105 -0.190105 -0.190105 0.614635 0.615722 0.615958 0.615466 0.983011 0.984249 0.984365 0.983118 0.303464 0.3033 0.303277 0.303467
3.93 0.175116 0.175116 0.175116 0.175116 0.38407 0.383268 0.383217 0.384003 0.817831 0.818601 0.818413 0.817079 0.702021 0.701743 0.701736 0.702029
3.95 0.280399 0.280399 0.280399 0.280399 0.222878 0.223347 0.223262 0.222956 0.400505 0.399481 0.399659 0.401104 1.16525 1.1651 1.16509 1.16487
3.97 0.0187401 0.0187401 0.0187401 0.0187401 0.133129 0.134082 0.134029 0.133114 0.306279 0.304707 0.304611 0.306136 1.16783 1.16778 1.16797 1.16763
3.99 -0.108867 -0.108867 -0.108867 -0.108867 0.0310682 0.0300838 0.0301213 0.0310678 0.552226 0.553089 0.553124 0.552528 0.685906 0.685596 0.685761 0.686237
4.01 0.134083 0.134083 0.134083 0.134083 0.163155 0.161502 0.16153 0.163125 0.562932 0.564635 0.564537 0.562847 0.180955 0.180556 0.180381 0.180809
4.03 0.247027 0.247027 0.247027 0.247027 0.484945 0.486407 0.486419 0.484945 0.17141 0.170912 0.170931 0.171436 -0.0709798 -0.070707 -0.0707785 -0.0709683
4.05 -0.0749692 -0.0749692 -0.0749692 -0.0749692 0.407953 0.411225 0.411223 0.407923 -0.136129 -0.13786 -0.13782 -0.136132 -0.205516 -0.20497 -0.204904 -0.205368
4.07 -0.0745219 -0.0745219 -0.0745219 -0.0745219 -0.246655 -0.24764 -0.247582 -0.246747 -0.172527 -0.171826 -0.171823 -0.172586 -0.3284 -0.328531 -0.328573 -0.328553
4.09 0.151361 0.151361 0.151361 0.151361 -0.666333 -0.670131 -0.670152 -0.666525 -0.358584 -0.356823 -0.35679 -0.35854 -0.354895 -0.355249 -0.355224 -0.354866
4.11 0.156763 0.156763 0.156763 0.156763 -0.387946 -0.388417 -0.388415 -0.388006 -0.730109 -0.730957 -0.730906 -0.730109 -0.380453 -0.380266 -0.380263 -0.380434
4.13 0.342751 0.342751 0.342751 0.342751 0.0555006 0.0570272 0.0570177 0.055599 -0.741326 -0.743073 -0.743001 -0.741356 -0.6395 -0.638955 -0.638974 -0.63952
4.15 0.174944 0.174944 0.174944 0.174944 0.198193 0.199037 0.19899 0.198177 -0.294578 -0.294367 -0.294416 -0.294664 -0.985719 -0.98539 -0.985354 -0.985668
4.17 0.0587666 0.0587666 0.0587666 0.0587666 0.10898 0.108232 0.108284 0.108996 0.0283153 0.0301153 0.0299725 0.0283419 -0.929807 -0.929792 -0.9297 -0.929767
4.19 -0.338901 -0.338901 -0.338901 -0.338901 -0.0414639 -0.0406049 -0.0405766 -0.0414985 -0.095979 -0.0959331 -0.0959609 -0.0958601 -0.320672 -0.320639 -0.320632 -0.320765
4.21 -0.935076 -0.935076 -0.935076 -0.935076 -0.459693 -0.457744 -0.457748 -0.459744 -0.264869 -0.266435 -0.266431 -0.264883 0.388618 0.388602 0.388608 0.388632
4.23 -0.692947 -0.692947 -0.692947 -0.692947 -0.997105 -0.999644 -0.999633 -0.997064 -0.184238 -0.183788 -0.183777 -0.184229 0.706222 0.705671 0.705665 0.706256
4.25 -0.629904 -0.629904 -0.629904 -0.629904 -0.919016 -0.921718 -0.921732 -0.919021 -0.10644 -0.105559 -0.105559 -0.106448 0.545597 0.545021 0.544992 0.54557
4.27 -0.46344 -0.46344 -0.46344 -0.46344 -0.240354 -0.239607 -0.239609 -0.240359 -0.141644 -0.142133 -0.142135 -0.141634 0.056796 0.0567864 0.0567942 0.0568166
4.29 -0.146735 -0.146735 -0.146735 -0.146735 0.302929 0.305319 0.305324 0.302917 -0.111552 -0.112229 -0.112225 -0.111547 -0.525152 -0.524813 -0.524813 -0.52516
4.31 0.378326 0.378326 0.378326 0.378326 0.354633 0.354805 0.354825 0.354643 -0.0617644 -0.0609782 -0.06095 -0.0617967 -0.866608 -0.866389 -0.866401 -0.866635
4.33 0.442862 0.442862 0.442862 0.442862 0.1989 0.19858 0.198612 0.198883 -0.20556 -0.205028 -0.205005 -0.205579 -0.754388 -0.75418 -0.754168 -0.754366
4.35 0.223146 0.223146 0.223146 0.223146 -0.00999477 -0.00955744 -0.00956018 -0.0100404 -0.410607 -0.411347 -0.411333 -0.410589 -0.359165 -0.358915 -0.358923 -0.359176
4.37 -0.115657 -0.115657 -0.115657 -0.115657 -0.285676 -0.285618 -0.285625 -0.28566 -0.373424 -0.374113 -0.374118 -0.373425 -0.034782 -0.0347202 -0.0347252 -0.0347838
4.39 -0.384943 -0.384943 -0.384943 -0.384943 -0.494581 -0.495767 -0.495774 -0.494565 -0.133059 -0.132536 -0.132541 -0.13305 0.0829408 0.0826852 0.0826891 0.0829525
4.41 -0.574574 -0.574574 -0.574574 -0.574574 -0.424145 -0.424827 -0.424832 -0.424158 0.00469975 0.00532565 0.00531964 0.0047328 0.0995661 0.0992906 0.0992882 0.0995596
4.43 -0.734037 -0.734037 -0.734037 -0.734037 -0.245187 -0.243969 -0.243959 -0.245189 -0.0295637 -0.0299241 -0.0299444 -0.0295582 0.0869352 0.0868689 0.08687 0.0869361
4.45 -0.599952 -0.599952 -0.599952 -0.599952 -0.271005 -0.270226 -0.270219 -0.270998 -0.0929744 -0.0932353 -0.0932383 -0.0929759 0.0190902 0.0190282 0.0190295 0.0190922
4.47 -0.702404 -0.702404 -0.702404 -0.702404 -0.445552 -0.445374 -0.445373 -0.445561 -0.178266 -0.178149 -0.178139 -0.178269 -0.102272 -0.102416 -0.102418 -0.102274
4.49 -0.58069 -0.58069 -0.58069 -0.58069 -0.614901 -0.615754 -0.615766 -0.614971 -0.360808 -0.36038 -0.360371 -0.3608 -0.25173 -0.251912 -0.251912 -0.25173
4.51 -0.664787 -0.664787 -0.664787 -0.664787 -0.64368 -0.643538 -0.643496 -0.643592 -0.618154 -0.618451 -0.618411 -0.618113 -0.453537 -0.453539 -0.453546 -0.453538
4.53 -0.917788 -0.917788 -0.917788 -0.917788 -0.712227 -0.711478 -0.712042 -0.713061 -0.79396 -0.794428 -0.79427 -0.793741 -0.750702 -0.750635 -0.750691 -0.750781
4.55 -0.908943 -0.908943 -0.908943 -0.908943 -0.93889 -0.939341 -0.939348 -0.939197 -0.899579 -0.899993 -0.900313 -0.901296 -1.07044 -1.07047 -1.07046 -1.07037
4.57 -0.922692 -0.922692 -0.922692 -0.922692 -1.1063 -1.10701 -1.10663 -1.10592 -1.12279 -1.12258 -1.12205 -1.1227 -1.28316 -1.28328 -1.28339 -1.28336
4.59 -1.01674 -1.01674 -1.01674 -1.01674 -1.1631 -1.16296 -1.16308 -1.16403 -1.41867 -1.41933 -1.41909 -1.41862 -1.40743 -1.40709 -1.40713 -1.40719
4.61 -0.957595 -0.957595 -0.957595 -0.957595 -1.25426 -1.25392 -1.25397 -1.25376 -1.57178 -1.57229 -1.5725 -1.57212 -1.55743 -1.55715 -1.55722 -1.55738
4.63 -0.568616 -0.568616 -0.568616 -0.568616 -1.26856 -1.26989 -1.26991 -1.2676 -1.56979 -1.56898 -1.56886 -1.56927 -1.73218 -1.73209 -1.7321 -1.73219
4.65 -0.266243 -0.266243 -0.266243 -0.266243 -0.966183 -0.967822 -0.968143 -0.967362 -1.52553 -1.52519 -1.52522 -1.52542 -1.82629 -1.82602 -1.82596 -1.8262
4.67 -0.0715855 -0.0715855 -0.0715855 -0.0715855 -0.505093 -0.504627 -0.504108 -0.504883 -1.36249 -1.36322 -1.36329 -1.36282 -1.77506 -1.77463 -1.77465 -1.77521
4.69 0.111724 0.111724 0.111724 0.111724 -0.207943 -0.207459 -0.207328 -0.20791 -0.972167 -0.972459 -0.972356 -0.972276 -1.5274 -1.52698 -1.52694 -1.52739
4.71 0.520083 0.520083 0.520083 0.520083 -0.0561785 -0.0574556 -0.0576853 -0.0563808 -0.48523 -0.484359 -0.484256 -0.485077 -0.994106 -0.993925 -0.993914 -0.994082
4.73 1.22073 1.22073 1.22073 1.22073 0.324737 0.322978 0.322805 0.325607 -0.0627805 -0.0622475 -0.0623391 -0.0628761 -0.194705 -0.194577 -0.194598 -0.194719
4.75 1.45221 1.45221 1.45221 1.45221 1.063 1.06123 1.0606 1.0607 0.475643 0.474202 0.474494 0.475649 0.642406 0.64277 0.642763 0.642404
4.77 0.817506 0.817506 0.817506 0.817506 1.60263 1.60625 1.60645 1.60024 1.39906 1.39612 1.39529 1.39443 1.34466 1.34474 1.34439 1.34377
4.79 0.189105 0.189105 0.189105 0.189105 1.49647 1.50035 1.49866 1.49388 2.40097 2.40168 2.40271 2.40075 2.07863 2.07859 2.0788 2.0798
4.81 -0.149086 -0.149086 -0.149086 -0.149086 1.05861 1.06587 1.06512 1.07458 2.78323 2.78675 2.78758 2.7859 3.05789 3.05665 3.05621 3.05724
4.83 -0.325606 -0.325606 -0.325606 -0.325606 0.770902 0.772034 0.76605 0.770668 2.46995 2.46998 2.46878 2.46975 3.94515 3.94438 3.94463 3.94585
4.85 -0.494762 -0.494762 -0.494762 -0.494762 0.579473 0.581306 0.580184 0.576698 2.09364 2.09129 2.09194 2.09422 4.03895 4.03829 4.03846 4.03922
4.87 -0.538343 -0.538343 -0.538343 -0.538343 0.407331 0.408989 0.41221 0.41017 1.9543 1.955 1.95574 1.95732 3.08356 3.08311 3.08308 3.08449
4.89 -0.442851 -0.442851 -0.442851 -0.442851 0.411485 0.409406 0.408768 0.408194 1.58595 1.58725 1.58549 1.58357 1.59319 1.59249 1.59191 1.59268
4.91 -0.157944 -0.157944 -0.157944 -0.157944 0.466369 0.466851 0.467029 0.467392 0.621386 0.622867 0.624102 0.623675 0.194611 0.194757 0.194836 0.194919
4.93 0.0688823 0.0688823 0.0688823 0.0688823 0.186891 0.180324 0.180156 0.186277 -0.579766 -0.582799 -0.580694 -0.583008 -0.935954 -0.935258 -0.934935 -0.935557
4.95 -0.137737 -0.137737 -0.137737 -0.137737 -0.617345 -0.630918 -0.629015 -0.612055 -1.5306 -1.53219 -1.52833 -1.52905 -1.90513 -1.90512 -1.90523 -1.90691
4.97 0.417023 0.417023 0.417023 0.417023 -1.44199 -1.44217 -1.4449 -1.43962 -2.21853 -2.21279 -2.21616 -2.21827 -2.7 -2.69878 -2.69802 -2.69813
4.99 0.637851 0.637851 0.637851 0.637851 -1.38552 -1.38789 -1.38916 -1.39378 -2.81408 -2.81201 -2.81424 -2.81462 -3.26162 -3.2609 -3.26137 -3.26195
5.01 0.855383 0.855383 0.855383 0.855383 -0.772676 -0.775461 -0.767706 -0.767986 -2.96144 -2.96268 -2.96007 -2.95656 -3.65188 -3.65062 -3.65087 -3.65188
5.03 1.1237 1.1237 1.1237 1.1237 -0.212206 -0.223589 -0.223265 -0.222495 -2.37241 -2.37562 -2.37679 -2.37998 -3.75356 -3.75225 -3.75188 -3.75257
5.05 1.18797 1.18797 1.18797 1.18797 0.110844 0.107035 0.107698 0.114354 -1.43865 -1.43629 -1.43399 -1.43606 -3.1506 -3.14982 -3.15013 -3.15086
5.07 1.11004 1.11004 1.11004 1.11004 0.39271 0.39584 0.393719 0.395466 -0.617069 -0.616175 -0.616876 -0.617578 -1.63433 -1.63349 -1.63348 -1.63406
5.09 1.05048 1.05048 1.05048 1.05048 0.655951 0.661599 0.658945 0.655561 0.197146 0.19752 0.196484 0.199229 0.38639 0.386799 0.386697 0.386291
5.11 0.954241 0.954241 0.954241 0.954241 0.92223 0.938586 0.938084 0.93888 1.3402 1.34286 1.34125 1.34417 2.23277 2.23173 2.23172 2.23239
5.13 0.73086 0.73086 0.73086 0.73086 1.38851 1.39143 1.38652 1.39364 2.72674 2.72307 2.71877 2.71798 3.56915 3.56787 3.56839 3.56913
5.15 0.710374 0.710374 0.710374 0.710374 1.86154 1.85239 1.87464 1.87077 3.67379 3.68647 3.69152 3.7008 4.49133 4.48964 4.48946 4.48798
5.17 1.01038 1.01038 1.01038 1.01038 2.32744 2.33387 2.33785 2.32846 4.1072 4.10208 4.09728 4.09081 5.04429 5.04269 5.0433 5.04352
5.19 1.34539 1.34539 1.34539 1.34539 2.84635 2.85196 2.83464 2.84109 4.22487 4.21837 4.22349 4.2221 5.14923 5.14794 5.14879 5.15076
5.21 1.99217 1.99217 1.99217 1.99217 3.32306 3.34039 3.32288 3.336 4.24716 4.24494 4.24648 4.24675 4.79777 4.79679 4.79622 4.79697
5.23 2.42946 2.42946 2.42946 2.42946 3.5778 3.56061 3.5597 3.53943 4.14221 4.14218 4.13913 4.14021 4.19142 4.19165 4.19101 4.19047
5.25 2.37066 2.37066 2.37066 2.37066 3.35737 3.34971 3.37353 3.36329 3.8121 3.81423 3.81401 3.81537 3.6047 3.6054 3.60636 3.60674
5.27 1.81485 1.81485 1.81485 1.81485 2.77269 2.76946 2.76838 2.76187 3.1971 3.19658 3.19582 3.1953 3.17505 3.17418 3.17334 3.17307
5.29 0.879725 0.879725 0.879725 0.879725 1.7931 1.79644 1.78966 1.79077 2.40152 2.40036 2.40086 2.40072 2.77158 2.77138 2.77196 2.77272
5.31 -0.0803394 -0.0803394 -0.0803394 -0.0803394 0.577681 0.580619 0.580543 0.584253 1.52576 1.5257 1.52637 1.52611 2.17834 2.17762 2.1773 2.1777
5.33 -0.955993 -0.955993 -0.955993 -0.955993 -0.548338 -0.559064 -0.562066 -0.555371 0.524522 0.525389 0.524919 0.52462 1.24988 1.24941 1.24967 1.25034
5.35 -0.919291 -0.919291 -0.919291 -0.919291 -1.53256 -1.53081 -1.52878 -1.52493 -0.68359 -0.688126 -0.691834 -0.68166 -0.037573 -0.0372009 -0.0364692 -0.0357992
5.37 0.0045495 0.0045495 0.0045495 0.0045495 -1.58896 -1.61862 -1.60646 -1.57273 -2.09327 -2.08303 -2.09123 -2.07379 -1.64754 -1.64776 -1.64928 -1.65071
5.39 -0.412917 -0.412917 -0.412917 -0.412917 -1.06411 -1.03795 -1.04521 -1.04437 -3.0506 -3.04484 -3.05653 -3.06099 -3.54527 -3.54447 -3.54295 -3.54247
5.41 -0.112704 -0.112704 -0.112704 -0.112704 -0.994381 -0.983842 -0.981797 -1.02705 -3.15078 -3.13552 -3.12853 -3.11415 -5.20488 -5.20211 -5.203 -5.2036
5.43 -0.0161482 -0.0161482 -0.0161482 -0.0161482 -1.36062 -1.35581 -1.32842 -1.34803 -3.22516 -3.23308 -3.24768 -3.25024 -5.73549 -5.73458 -5.73542 -5.73602
5.45 -0.58634 -0.58634 -0.58634 -0.58634 -1.81481 -1.82598 -1.83157 -1.84557 -3.76068 -3.76083 -3.75799 -3.749 -4.93822 -4.93723 -4.93677 -4.93718
5.47 -1.21357 -1.21357 -1.21357 -1.21357 -2.57796 -2.58824 -2.58567 -2.60308 -3.89666 -3.89913 -3.90004 -3.89691 -3.60802 -3.60753 -3.60719 -3.60836
5.49 -1.64419 -1.64419 -1.64419 -1.64419 -3.11119 -3.1119 -3.09854 -3.09491 -3.26688 -3.26705 -3.26892 -3.27185 -2.55987 -2.56004 -2.56017 -2.56089
5.51 -1.80657 -1.80657 -1.80657 -1.80657 -2.7346 -2.74205 -2.75066 -2.74703 -2.29254 -2.28942 -2.28681 -2.28816 -1.94288 -1.94305 -1.94261 -1.94191
5.53 -1.47469 -1.47469 -1.47469 -1.47469 -1.51311 -1.51132 -1.51242 -1.508 -1.43576 -1.43608 -1.43712 -1.43827 -1.49217 -1.49248 -1.49273 -1.4926
5.55 -1.33406 -1.33406 -1.33406 -1.33406 -0.308465 -0.29398 -0.295372 -0.296385 -0.649901 -0.652244 -0.651816 -0.649246 -0.995434 -0.995388 -0.995642 -0.99599
5.57 -0.636573 -0.636573 -0.636573 -0.636573 0.163128 0.102241 0.110645 0.134859 0.178704 0.176516 0.175803 0.176766 -0.303857 -0.302873 -0.303317 -0.302917
5.59 -0.00274731 -0.00274731 -0.00274731 -0.00274731 0.129109 0.0823015 0.0954942 0.112249 0.744295 0.73789 0.744571 0.739165 0.674253 0.674225 0.672644 0.67346
5.61 0.30796 0.30796 0.30796 0.30796 0.265137 0.280717 0.286585 0.276746 0.942891 0.938913 0.946144 0.94414 1.70856 1.70715 1.70765 1.70802
5.63 0.298659 0.298659 0.298659 0.298659 0.738598 0.758142 0.743953 0.744947 1.22675 1.22784 1.22521 1.22887 2.30796 2.30676 2.30743 2.30659
5.65 0.496302 0.496302 0.496302 0.496302 1.16294 1.16055 1.15156 1.16034 1.83671 1.84293 1.83551 1.83815 2.30541 2.30499 2.30543 2.30572
5.67 0.765507 0.765507 0.765507 0.765507 1.52255 1.51488 1.52006 1.52343 2.33652 2.34013 2.33909 2.33929 2.09714 2.0969 2.09664 2.0973
5.69 0.505364 0.505364 0.505364 0.505364 1.81514 1.81311 1.8153 1.80559 2.3218 2.31925 2.32055 2.31949 2.09274 2.09263 2.09225 2.09262
5.71 -0.0747448 -0.0747448 -0.0747448 -0.0747448 1.52629 1.5299 1.53052 1.52202 2.00516 2.00186 2.00315 2.00324 2.24583 2.24585 2.24585 2.24603
5.73 -0.0098408 -0.0098408 -0.0098408 -0.0098408 0.601201 0.599836 0.599173 0.600567 1.63898 1.6395 1.63963 1.63874 2.27435 2.27365 2.27367 2.27423
5.75 -0.846586 -0.846586 -0.846586 -0.846586 -0.238241 -0.235703 -0.235272 -0.234558 1.09398 1.09442 1.09335 1.09255 1.97982 1.97894 1.97901 1.97977
5.77 -1.11402 -1.11402 -1.11402 -1.11402 -0.751422 -0.766167 -0.76841 -0.744104 0.342915 0.344777 0.345996 0.349799 1.23604 1.23536 1.23553 1.23628
5.79 -0.961809 -0.961809 -0.961809 -0.961809 -1.00978 -1.02142 -1.02059 -1.01202 -0.518789 -0.523078 -0.527421 -0.521239 0.0400046 0.0400675 0.0402013 0.0404838
5.81 -0.963551 -0.963551 -0.963551 -0.963551 -1.02928 -0.978501 -0.975271 -0.971908 -1.35328 -1.35177 -1.35092 -1.34 -1.43776 -1.43644 -1.43672 -1.43788
5.83 -0.65311 -0.65311 -0.65311 -0.65311 -1.15263 -1.10106 -1.12605 -1.15701 -2.05335 -2.05177 -2.05188 -2.05559 -2.86361 -2.86334 -2.86429 -2.86466
5.85 -0.807097 -0.807097 -0.807097 -0.807097 -1.45688 -1.4625 -1.46498 -1.45534 -2.71455 -2.71406 -2.71121 -2.71569 -3.85029 -3.84959 -3.84998 -3.85016
5.87 -1.27373 -1.27373 -1.27373 -1.27373 -2.01358 -2.03553 -2.02635 -2.01224 -3.32518 -3.3272 -3.32637 -3.3268 -4.24057 -4.23957 -4.23933 -4.2398
5.89 -1.52869 -1.52869 -1.52869 -1.52869 -2.66848 -2.67557 -2.67423 -2.67762 -3.75914 -3.76026 -3.7614 -3.76093 -4.18122 -4.18076 -4.18096 -4.18181
5.91 -1.94148 -1.94148 -1.94148 -1.94148 -3.07724 -3.06499 -3.06225 -3.06603 -3.88356 -3.884 -3.88441 -3.88378 -3.95883 -3.95823 -3.95794 -3.95828
5.93 -1.77013 -1.77013 -1.77013 -1.77013 -3.22383 -3.22902 -3.23557 -3.23602 -3.68153 -3.67991 -3.6797 -3.6807 -3.74524 -3.74538 -3.74579 -3.74616
5.95 -1.75806 -1.75806 -1.75806 -1.75806 -2.70333 -2.70939 -2.70817 -2.70631 -3.34715 -3.34712 -3.34743 -3.34757 -3.52494 -3.52444 -3.52396 -3.52402
5.97 -1.95955 -1.95955 -1.95955 -1.95955 -1.97391 -1.97263 -1.96892 -1.97037 -2.80643 -2.80775 -2.80785 -2.80678 -3.23268 -3.23241 -3.23296 -3.23385
5.99 -1.86256 -1.86256 -1.86256 -1.86256 -1.64677 -1.64583 -1.64827 -1.65206 -2.05899 -2.05909 -2.05917 -2.05956 -2.72877 -2.72816 -2.72754 -2.72747
6.01 -1.64301 -1.64301 -1.64301 -1.64301 -1.62879 -1.62792 -1.62701 -1.62508 -1.45003 -1.44871 -1.44773 -1.44746 -1.84837 -1.84888 -1.84958 -1.8498
6.03 -1.49583 -1.49583 -1.49583 -1.49583 -1.49849 -1.49972 -1.49945 -1.48152 -1.13801 -1.13586 -1.13617 -1.13699 -0.744668 -0.744351 -0.743455 -0.742793
6.05 -1.20535 -1.20535 -1.20535 -1.20535 -1.18963 -1.16652 -1.17176 -1.17278 -0.80422 -0.799138 -0.798336 -0.796964 0.126121 0.125483 0.124968 0.124419
6.07 -1.03139 -1.03139 -1.03139 -1.03139 -0.709315 -0.704717 -0.714668 -0.719574 -0.167725 -0.170761 -0.173059 -0.175887 0.464311 0.464381 0.465519 0.46606
6.09 -0.812518 -0.812518 -0.812518 -0.812518 -0.161644 -0.178022 -0.168838 -0.142697 0.484576 0.48744 0.489324 0.486685 0.48307 0.482586 0.482458 0.48291
6.11 -0.329767 -0.329767 -0.329767 -0.329767 0.270363 0.267659 0.266419 0.267484 0.809023 0.811702 0.81283 0.810414 0.559805 0.559391 0.559368 0.560035
6.13 0.346063 0.346063 0.346063 0.346063 0.623901 0.629847 0.624606 0.615878 0.766861 0.766092 0.764418 0.764353 0.815287 0.81498 0.814744 0.814668
6.15 0.783076 0.783076 0.783076 0.783076 0.859005 0.86437 0.868812 0.867791 0.70997 0.709193 0.709771 0.712141 1.03627 1.03691 1.03753 1.03763
6.17 1.04138 1.04138 1.04138 1.04138 0.951321 0.94751 0.945548 0.948042 0.914777 0.91417 0.914266 0.914693 1.0569 1.05709 1.05645 1.05593
6.19 1.53298 1.53298 1.53298 1.53298 1.09694 1.09385 1.09365 1.09716 1.18807 1.18915 1.18901 1.18696 1.00076 1.00065 1.00069 1.00097
6.21 2.19522 2.19522 2.19522 2.19522 1.59384 1.59331 1.59412 1.59566 1.28864 1.28957 1.29019 1.28977 1.06497 1.06503 1.06524 1.06533
6.23 2.02727 2.02727 2.02727 2.02727 2.20599 2.21016 2.21084 2.20725 1.43086 1.42891 1.42859 1.4297 1.23945 1.23979 1.23969 1.23904
6.25 1.32613 1.32613 1.32613 1.32613 2.22381 2.22973 2.22755 2.22356 1.89435 1.89346 1.89389 1.89412 1.48598 1.48643 1.48639 1.48606
6.27 1.22736 1.22736 1.22736 1.22736 1.6188 1.61677 1.61538 1.61576 2.33178 2.33007 2.33199 2.33139 1.96511 1.96465 1.96445 1.9649
6.29 1.44645 1.44645 1.44645 1.44645 1.23702 1.23233 1.23323 1.23587 2.21293 2.2113 2.2133 2.21058 2.68763 2.68701 2.68757 2.68821
6.31 1.67255 1.67255 1.67255 1.67255 1.4819 1.48092 1.48154 1.48166 1.85227 1.85095 1.85099 1.85088 3.15191 3.15149 3.15164 3.15152
6.33 1.76435 1.76435 1.76435 1.76435 1.9485 1.94995 1.94985 1.94815 1.98677 1.98613 1.98583 1.98807 2.85988 2.85977 2.85965 2.85937
6.35 1.60345 1.60345 1.60345 1.60345 2.25189 2.25188 2.25171 2.25045 2.53835 2.53902 2.53815 2.53791 2.08976 2.08975 2.0899 2.0902
6.37 1.18347 1.18347 1.18347 1.18347 2.30395 2.30318 2.30283 2.30041 2.70253 2.70394 2.70405 2.70251 1.64178 1.64159 1.64146 1.64167
6.39 0.386827 0.386827 0.386827 0.386827 1.87986 1.88136 1.88131 1.87633 2.17217 2.17153 2.17171 2.17183 1.84339 1.8434 1.84335 1.84334
6.41 -0.135892 -0.135892 -0.135892 -0.135892 0.739349 0.739475 0.739489 0.736734 1.41803 1.41663 1.41645 1.41715 2.22573 2.22543 2.22543 2.22574
6.43 0.325051 0.325051 0.325051 0.325051 -0.480688 -0.474408 -0.474491 -0.469546 0.76958 0.770542 0.769994 0.768495 2.14358 2.14258 2.14258 2.14352
6.45 1.26431 1.26431 1.26431 1.26431 -0.51393 -0.515975 -0.521035 -0.49735 0.138755 0.14088 0.141834 0.143418 1.31211 1.31152 1.31175 1.31251
6.47 1.04254 1.04254 1.04254 1.04254 0.669301 0.654253 0.645201 0.664702 -0.298397 -0.302742 -0.306038 -0.298324 -0.158824 -0.158125 -0.158012 -0.158549
6.49 1.30852 1.30852 1.30852 1.30852 1.52858 1.53843 1.5417 1.51154 -0.181574 -0.182954 -0.186341 -0.179823 -1.71932 -1.71799 -1.71816 -1.71889
6.51 1.32947 1.32947 1.32947 1.32947 1.38698 1.39526 1.41002 1.3907 0.0124775 0.0157259 0.0179339 0.0135027 -2.42481 -2.42448 -2.42501 -2.42458
6.53 1.30186 1.30186 1.30186 1.30186 0.621917 0.615586 0.614212 0.61872 -0.336552 -0.334203 -0.332806 -0.338139 -1.77254 -1.77191 -1.77232 -1.77248
6.55 1.41804 1.41804 1.41804 1.41804 -0.123599 -0.126174 -0.129602 -0.118652 -0.925767 -0.927705 -0.927345 -0.926017 -0.387132 -0.386526 -0.386648 -0.387363
6.57 1.35338 1.35338 1.35338 1.35338 -0.314615 -0.311634 -0.312403 -0.308429 -0.852093 -0.853235 -0.853286 -0.849867 0.572712 0.572783 0.572946 0.572843
6.59 1.18355 1.18355 1.18355 1.18355 0.246699 0.258814 0.263371 0.261488 0.16065 0.158224 0.156918 0.159552 0.65938 0.659455 0.659113 0.658773
6.61 0.993253 0.993253 0.993253 0.993253 1.18678 1.18404 1.18045 1.19892 1.35311 1.35804 1.359 1.35489 0.489696 0.489655 0.490467 0.491416
6.63 0.605851 0.605851 0.605851 0.605851 2.03067 2.03018 2.02197 2.01783 2.01415 2.01635 2.01572 2.01411 0.873232 0.872406 0.871322 0.870814
6.65 0.690415 0.690415 0.690415 0.690415 2.06727 2.07856 2.08354 2.07398 2.17038 2.16947 2.1693 2.17193 1.91966 1.91962 1.92065 1.92074
6.67 0.263428 0.263428 0.263428 0.263428 1.30663 1.30516 1.30463 1.29886 2.24097 2.23929 2.23829 2.23922 3.09136 3.09039 3.09079 3.09081
6.69 0.242459 0.242459 0.242459 0.242459 0.456263 0.447075 0.44675 0.45172 2.30324 2.30435 2.30392 2.30188 3.78916 3.78791 3.78826 3.7893
6.71 0.519838 0.519838 0.519838 0.519838 0.455786 0.450359 0.451164 0.456058 2.1687 2.16957 2.16982 2.168 3.70662 3.70538 3.70506 3.7062
6.73 0.804058 0.804058 0.804058 0.804058 1.31677 1.31707 1.31561 1.31255 1.94129 1.93966 1.93931 1.93996 2.82201 2.82188 2.82192 2.82257
6.75 1.15944 1.15944 1.15944 1.15944 2.11524 2.11884 2.11946 2.11509 1.86813 1.86849 1.86874 1.8701 1.48794 1.48824 1.48803 1.48771
6.77 1.27745 1.27745 1.27745 1.27745 2.17465 2.17598 2.17667 2.17346 1.75981 1.76073 1.76032 1.76171 0.409441 0.409931 0.410097 0.409908
6.79 0.836746 0.836746 0.836746 0.836746 1.48166 1.47923 1.47876 1.47757 1.21011 1.20991 1.20824 1.21118 0.120917 0.121336 0.121468 0.121375
6.81 0.404248 0.404248 0.404248 0.404248 0.289333 0.291058 0.293747 0.297377 0.288729 0.290444 0.289824 0.290829 0.432986 0.432872 0.432575 0.432359
6.83 0.372772 0.372772 0.372772 0.372772 -0.861346 -0.869012 -0.868035 -0.846361 -0.55462 -0.554047 -0.554372 -0.554083 0.61866 0.618487 0.618615 0.61877
6.85 0.248624 0.248624 0.248624 0.248624 -1.02996 -1.03368 -1.04654 -1.03322 -0.983956 -0.993098 -0.991614 -0.994841 0.107283 0.107822 0.108468 0.108555
6.87 -0.153074 -0.153074 -0.153074 -0.153074 -0.497268 -0.467385 -0.470003 -0.478928 -0.949828 -0.954493 -0.949549 -0.952344 -1.02743 -1.02749 -1.02803 -1.02839
6.89 -0.818102 -0.818102 -0.818102 -0.818102 -0.0422241 -0.0291247 -0.032591 -0.0428906 -0.742669 -0.745589 -0.743695 -0.746005 -2.10438 -2.10241 -2.10145 -2.10577
6.91 -1.26823 -1.26823 -1.26823 -1.26823 -0.41128 -0.417573 -0.417411 -0.416804 -0.854583 -0.854826 -0.855065 -0.854714 -2.38869 -2.38797 -2.38627 -2.39057
6.93 -1.2595 -1.2595 -1.2595 -1.2595 -1.44148 -1.44713 -1.43599 -1.43966 -1.48896 -1.48739 -1.48834 -1.48653 -1.80972 -1.81049 -1.80918 -1.80919
6.95 -1.16906 -1.16906 -1.16906 -1.16906 -2.30773 -2.31217 -2.31173 -2.31308 -2.23874 -2.23885 -2.24034 -2.23968 -1.09484 -1.09606 -1.0967 -1.09547
6.97 -1.17574 -1.17574 -1.17574 -1.17574 -2.44564 -2.44687 -2.4499 -2.44651 -2.46518 -2.46597 -2.46528 -2.46443 -1.08921 -1.08898 -1.08933 -1.08857
6.99 -1.32265 -1.32265 -1.32265 -1.32265 -1.86989 -1.86944 -1.87006 -1.86664 -2.0412 -2.04215 -2.04095 -2.04057 -1.8813 -1.88065 -1.8808 -1.88102
7.01 -1.08555 -1.08555 -1.08555 -1.08555 -1.03444 -1.03495 -1.03584 -1.03663 -1.50803 -1.50827 -1.50914 -1.5089 -2.73007 -2.7297 -2.72955 -2.73019
7.03 -0.63344 -0.63344 -0.63344 -0.63344 -0.439983 -0.438554 -0.437442 -0.440203 -1.37199 -1.37106 -1.37194 -1.37186 -2.8567 -2.85642 -2.85634 -2.85708
7.05 -0.585375 -0.585375 -0.585375 -0.585375 -0.457878 -0.455371 -0.454914 -0.45858 -1.47758 -1.47794 -1.47795 -1.4768 -2.17243 -2.17183 -2.17172 -2.17232
7.07 -0.549402 -0.549402 -0.549402 -0.549402 -1.0549 -1.0559 -1.05543 -1.05073 -1.38008 -1.38011 -1.38013 -1.38113 -1.16748 -1.16727 -1.16728 -1.16741
7.09 -0.286174 -0.286174 -0.286174 -0.286174 -1.43924 -1.44419 -1.44164 -1.44611 -1.0333 -1.03552 -1.03399 -1.03508 -0.332013 -0.332572 -0.332832 -0.332304
7.11 0.0568576 0.0568576 0.0568576 0.0568576 -0.877748 -0.869994 -0.864929 -0.865489 -0.609358 -0.608871 -0.607122 -0.607599 0.0997203 0.0993144 0.0991731 0.0997467
7.13 0.0881549 0.0881549 0.0881549 0.0881549 0.372962 0.397696 0.389458 0.377873 0.0171787 0.0184596 0.0177623 0.0159863 0.13368 0.134224 0.13449 0.13442
7.15 0.120695 0.120695 0.120695 0.120695 1.13284 1.11816 1.10444 1.10409 0.883227 0.887704 0.887661 0.8877 0.110195 0.110876 0.110957 0.110402
7.17 -0.363564 -0.363564 -0.363564 -0.363564 1.05311 1.03941 1.05191 1.06513 1.49152 1.49393 1.49346 1.49211 0.555729 0.555365 0.554947 0.554991
7.19 -0.729666 -0.729666 -0.729666 -0.729666 0.433449 0.428455 0.427849 0.430437 1.45293 1.45141 1.45098 1.44772 1.56888 1.56843 1.56959 1.57118
7.21 -0.404815 -0.404815 -0.404815 -0.404815 -0.26884 -0.26766 -0.272252 -0.277517 1.01328 1.01367 1.01642 1.0161 2.53257 2.53108 2.52994 2.53026
7.23 -0.173591 -0.173591 -0.173591 -0.173591 -0.415654 -0.413548 -0.410323 -0.408627 0.724673 0.725411 0.723267 0.723858 2.63941 2.63916 2.63928 2.64024
7.25 -0.0884008 -0.0884008 -0.0884008 -0.0884008 0.0949349 0.090714 0.0893477 0.0901518 0.819492 0.819743 0.81736 0.818386 1.69363 1.69343 1.69344 1.69399
7.27 0.434443 0.434443 0.434443 0.434443 0.848804 0.846691 0.846509 0.849946 0.963032 0.964767 0.96679 0.96415 0.32278 0.322586 0.322311 0.322067
7.29 0.830408 0.830408 0.830408 0.830408 1.40166 1.40682 1.40856 1.39656 0.721066 0.719601 0.719702 0.720601 -0.621548 -0.62065 -0.62041 -0.620905
7.31 1.09965 1.09965 1.09965 1.09965 1.24897 1.24652 1.24695 1.24185 0.175446 0.177399 0.176658 0.179867 -0.80815 -0.807616 -0.807981 -0.808512
7.33 1.15746 1.15746 1.15746 1.15746 0.401644 0.407495 0.413184 0.419839 -0.27605 -0.275166 -0.279095 -0.2791 -0.49834 -0.498157 -0.498208 -0.498269
7.35 0.805035 0.805035 0.805035 0.805035 -0.262191 -0.263072 -0.273588 -0.26944 -0.514415 -0.513475 -0.512465 -0.511525 -0.124465 -0.124329 -0.124119 -0.124135
7.37 -0.0701147 -0.0701147 -0.0701147 -0.0701147 -0.444016 -0.441804 -0.442466 -0.43947 -0.465999 -0.467329 -0.466538 -0.466192 -0.00895549 -0.00908906 -0.00932243 -0.00958824
7.39 -0.536209 -0.536209 -0.536209 -0.536209 -0.377804 -0.377773 -0.375202 -0.375285 -0.203276 -0.204017 -0.204239 -0.205182 -0.158821 -0.158745 -0.158545 -0.158356
7.41 -1.03611 -1.03611 -1.03611 -1.03611 -0.350482 -0.352639 -0.353775 -0.35698 -0.0178838 -0.0170053 -0.0164207 -0.0166796 -0.308924 -0.30912 -0.309234 -0.309046
7.43 -1.14513 -1.14513 -1.14513 -1.14513 -0.552399 -0.552548 -0.551349 -0.551369 -0.135744 -0.135288 -0.135781 -0.136173 -0.261171 -0.261379 -0.261426 -0.261233
7.45 -1.00309 -1.00309 -1.00309 -1.00309 -0.859029 -0.858436 -0.858843 -0.85926 -0.50096 -0.50122 -0.501497 -0.501242 -0.12658 -0.126734 -0.126623 -0.126345
7.47 -1.14304 -1.14304 -1.14304 -1.14304 -1.09994 -1.10162 -1.10159 -1.10314 -0.82995 -0.831011 -0.830288 -0.82906 -0.206669 -0.206683 -0.206788 -0.206771
7.49 -0.826533 -0.826533 -0.826533 -0.826533 -1.21772 -1.2061 -1.20484 -1.2042 -0.984441 -0.983711 -0.983201 -0.983239 -0.637196 -0.637439 -0.637623 -0.637406
7.51 -0.082515 -0.082515 -0.082515 -0.082515 -0.910561 -0.904833 -0.912013 -0.910691 -1.11154 -1.10825 -1.1086 -1.10998 -1.24619 -1.24654 -1.24663 -1.24611
7.53 0.212232 0.212232 0.212232 0.212232 -0.2448 -0.247006 -0.248925 -0.245432 -1.23261 -1.23149 -1.2327 -1.2325 -1.7764 -1.77595 -1.77618 -1.77588
7.55 0.710214 0.710214 0.710214 0.710214 0.202425 0.200085 0.204228 0.20482 -1.13455 -1.13571 -1.13611 -1.13512 -2.03257 -2.03151 -2.03169 -2.03243
7.57 0.897124 0.897124 0.897124 0.897124 0.277139 0.275835 0.275868 0.272758 -0.825586 -0.826387 -0.826058 -0.826175 -1.82954 -1.8288 -1.82894 -1.82992
7.59 0.50863 0.50863 0.50863 0.50863 0.137703 0.161915 0.160699 0.159029 -0.492743 -0.491655 -0.489894 -0.489901 -1.10444 -1.10423 -1.10413 -1.10461
7.61 0.418341 0.418341 0.418341 0.418341 0.0109757 0.00880269 -0.00116424 0.00219581 -0.152204 -0.150741 -0.15124 -0.15272 -0.0752944 -0.0754568 -0.0753309 -0.0751246
7.63 0.480426 0.480426 0.480426 0.480426 0.0753296 0.0688449 0.0734583 0.0777367 0.300425 0.294122 0.296013 0.294377 0.87625 0.876707 0.876726 0.876422
7.65 -0.402225 -0.402225 -0.402225 -0.402225 0.298169 0.302167 0.311853 0.320573 0.890082 0.888867 0.892356 0.889502 1.4923 1.49125 1.49207 1.49292
7.67 -1.18282 -1.18282 -1.18282 -1.18282 0.369463 0.360789 0.350457 0.343846 1.51778 1.51995 1.51907 1.51728 1.79885 1.79684 1.79658 1.79746
7.69 -1.01484 -1.01484 -1.01484 -1.01484 0.171808 0.16524 0.17382 0.172573 1.73153 1.73255 1.73093 1.7311 2.01866 2.01794 2.01851 2.01982
7.71 -0.951009 -0.951009 -0.951009 -0.951009 0.0817061 0.0782339 0.0820865 0.0775244 1.3427 1.34248 1.34183 1.3425 2.1543 2.15382 2.15342 2.15351
7.73 -1.00131 -1.00131 -1.00131 -1.00131 -0.0262385 -0.025171 -0.0292925 -0.0337805 0.794125 0.792459 0.792075 0.792758 1.86869 1.86858 1.86874 1.86899
7.75 -0.517963 -0.517963 -0.517963 -0.517963 -0.313431 -0.311438 -0.31307 -0.2906 0.419743 0.421 0.422901 0.423053 1.00444 1.0038 1.00369 1.00402
7.77 -0.305616 -0.305616 -0.305616 -0.305616 -0.454488 -0.456562 -0.465803 -0.459385 -0.0476752 -0.0508339 -0.0526455 -0.0487256 -0.137663 -0.137445 -0.137146 -0.136933
7.79 -0.036574 -0.036574 -0.036574 -0.036574 -0.249286 -0.236494 -0.242493 -0.252174 -0.776451 -0.775957 -0.776593 -0.772432 -1.18737 -1.18674 -1.18699 -1.18708
7.81 0.146569 0.146569 0.146569 0.146569 -0.161713 -0.203602 -0.187776 -0.185087 -1.4314 -1.42969 -1.43074 -1.43464 -2.02365 -2.02311 -2.02418 -2.02412
7.83 -0.139411 -0.139411 -0.139411 -0.139411 -0.604674 -0.616808 -0.594744 -0.612819 -1.75473 -1.75111 -1.74969 -1.75374 -2.57795 -2.57717 -2.57663 -2.57648
7.85 -0.511979 -0.511979 -0.511979 -0.511979 -1.29745 -1.29055 -1.28868 -1.30159 -1.93178 -1.93233 -1.9323 -1.93345 -2.70643 -2.70665 -2.70721 -2.70818
7.87 -0.195546 -0.195546 -0.195546 -0.195546 -1.70117 -1.6993 -1.70702 -1.70036 -2.22347 -2.22457 -2.22468 -2.22407 -2.43081 -2.43031 -2.42965 -2.42984
7.89 0.138464 0.138464 0.138464 0.138464 -1.40027 -1.40346 -1.40624 -1.39702 -2.39738 -2.39818 -2.3981 -2.39694 -2.09016 -2.08976 -2.08997 -2.09065
7.91 0.354593 0.354593 0.354593 0.354593 -0.692987 -0.696006 -0.696034 -0.697667 -1.94208 -1.94308 -1.9436 -1.94321 -1.99935 -1.99862 -1.99868 -1.99931
7.93 0.353176 0.353176 0.353176 0.353176 -0.0394179 -0.0404741 -0.0325317 -0.0238696 -0.930297 -0.930204 -0.930094 -0.931536 -1.92489 -1.92432 -1.92429 -1.92474
7.95 0.932404 0.932404 0.932404 0.932404 0.492118 0.536505 0.534355 0.516098 -0.0363209 -0.0308412 -0.0270526 -0.0276301 -1.29121 -1.29136 -1.29162 -1.29197
7.97 1.31662 1.31662 1.31662 1.31662 1.07757 1.10303 1.08965 1.0679 0.507102 0.511436 0.506906 0.50423 0.0394874 0.0399167 0.0402072 0.03989
7.99 1.23999 1.23999 1.23999 1.23999 1.28445 1.29659 1.30659 1.33729 1.0947 1.09997 1.097 1.09877 1.57504 1.57556 1.57663 1.57772
8.01 0.200828 0.200828 0.200828 0.200828 1.30827 1.28127 1.26363 1.29065 2.06706 2.06411 2.06583 2.0683 2.80553 2.80481 2.80345 2.80303
8.03 -1.77099 -1.77099 -1.77099 -1.77099 0.891803 0.893473 0.891585 0.883328 3.03964 3.03489 3.03783 3.03682 3.6495 3.6489 3.64954 3.65113
8.05 -2.66408 -2.66408 -2.66408 -2.66408 0.0730331 0.0802613 0.0877444 0.0713297 3.29263 3.29256 3.29259 3.28813 4.26987 4.26763 4.26702 4.26863
8.07 -1.28246 -1.28246 -1.28246 -1.28246 -0.44009 -0.452632 -0.456552 -0.45936 2.48737 2.48983 2.48895 2.48572 4.47849 4.47679 4.47729 4.47942
8.09 -1.94093 -1.94093 -1.94093 -1.94093 -0.263339 -0.266598 -0.264516 -0.263667 1.29211 1.28905 1.28854 1.29256 3.65446 3.65341 3.65284 3.65321
8.11 -1.43214 -1.43214 -1.43214 -1.43214 -0.289361 -0.26921 -0.266342 -0.267476 0.592777 0.5941 0.592022 0.594142 1.54526 1.54505 1.54551 1.54629
8.13 -1.0344 -1.0344 -1.0344 -1.0344 -0.723676 -0.71869 -0.720286 -0.771069 -0.0632476 -0.0650368 -0.0649261 -0.067345 -0.996941 -0.996178 -0.995942 -0.996296
8.15 -0.829131 -0.829131 -0.829131 -0.829131 -0.979662 -1.00003 -0.968894 -0.909725 -1.56464 -1.56693 -1.55897 -1.53478 -2.90941 -2.90655 -2.90694 -2.91151
8.17 -0.473307 -0.473307 -0.473307 -0.473307 -1.41885 -1.39724 -1.42605 -1.41581 -3.41951 -3.41882 -3.42878 -3.42769 -4.07359 -4.07126 -4.07163 -4.07499
8.19 -0.302087 -0.302087 -0.302087 -0.302087 -2.27141 -2.1749 -2.20013 -2.04966 -4.46213 -4.44132 -4.43524 -4.43709 -5.00762 -5.00943 -5.00874 -5.00885
8.21 -0.223034 -0.223034 -0.223034 -0.223034 -2.45336 -2.46888 -2.54136 -2.55675 -4.49185 -4.50958 -4.50662 -4.52824 -5.73102 -5.73144 -5.73125 -5.73463
8.23 -0.235995 -0.235995 -0.235995 -0.235995 -2.66773 -2.71279 -2.68601 -2.73873 -4.49567 -4.51072 -4.50274 -4.50164 -5.8404 -5.83746 -5.8364 -5.83649
8.25 -0.917176 -0.917176 -0.917176 -0.917176 -2.58801 -2.59855 -2.53876 -2.55797 -4.41317 -4.41959 -4.42023 -4.42108 -5.27443 -5.27182 -5.27256 -5.27312
8.27 -1.49746 -1.49746 -1.49746 -1.49746 -2.38567 -2.38485 -2.41396 -2.40289 -3.9023 -3.89753 -3.8993 -3.90018 -4.332 -4.33197 -4.33438 -4.33577
8.29 -1.91684 -1.91684 -1.91684 -1.91684 -2.45998 -2.44851 -2.47364 -2.45641 -2.89556 -2.89201 -2.89387 -2.89479 -3.23341 -3.23253 -3.23023 -3.22892
8.31 -1.49796 -1.49796 -1.49796 -1.49796 -2.32696 -2.32125 -2.3134 -2.3045 -1.90064 -1.90018 -1.89967 -1.90024 -1.95711 -1.95866 -1.96004 -1.96075
8.33 -0.404713 -0.404713 -0.404713 -0.404713 -1.38569 -1.4017 -1.39662 -1.3906 -1.20059 -1.19682 -1.19604 -1.20183 -0.650689 -0.650245 -0.648777 -0.648185
8.35 0.132477 0.132477 0.132477 0.132477 0.189534 0.221025 0.224592 0.198926 -0.344748 -0.334295 -0.33222 -0.327278 0.324603 0.324311 0.324339 0.323627
8.37 0.585594 0.585594 0.585594 0.585594 1.4193 1.43357 1.41938 1.49313 1.1774 1.16574 1.15913 1.18534 0.894054 0.895571 0.894359 0.891658
8.39 1.38207 1.38207 1.38207 1.38207 2.03065 1.98877 1.97332 1.96071 2.71338 2.70355 2.69831 2.69558 1.64989 1.64939 1.65108 1.65339
8.41 2.79607 2.79607 2.79607 2.79607 2.65044 2.67212 2.71391 2.6863 3.31471 3.32268 3.33324 3.325 3.07695 3.07579 3.07909 3.08085
8.43 3.3037 3.3037 3.3037 3.3037 3.71498 3.71996 3.71389 3.69235 3.54322 3.54152 3.53916 3.53575 4.64428 4.64178 4.63844 4.63556
8.45 2.27633 2.27633 2.27633 2.27633 3.35631 3.59248 3.59729 3.71942 4.27569 4.29376 4.30268 4.33344 5.53056 5.53382 5.53583 5.53394
8.47 1.09999 1.09999 1.09999 1.09999 3.19849 3.24506 3.08633 3.16571 5.08296 5.07189 5.04709 5.04267 5.7688 5.76608 5.76499 5.76596
8.49 0.882525 0.882525 0.882525 0.882525 3.06479 2.93594 2.8894 2.89879 5.48848 5.47914 5.47986 5.47647 5.71914 5.71594 5.71553 5.71876
8.51 0.715667 0.715667 0.715667 0.715667 2.82585 2.86164 2.97744 2.98991 5.02286 5.03172 5.04432 5.04474 5.6717 5.67034 5.67105 5.67324
8.53 0.621469 0.621469 0.621469 0.621469 2.75552 2.77127 2.70762 2.64483 4.02456 4.02069 4.00667 4.0007 5.35577 5.35463 5.35271 5.35189
8.55 0.529577 0.529577 0.529577 0.529577 1.98291 1.99031 1.97517 1.98393 3.17129 3.17222 3.17519 3.18118 4.3103 4.31116 4.31297 4.31408
8.57 0.571989 0.571989 0.571989 0.571989 1.03154 1.02251 1.04425 1.07326 2.37879 2.37856 2.37877 2.37726 2.69532 2.69345 2.69187 2.69198
8.59 0.461889 0.461889 0.461889 0.461889 0.510949 0.520036 0.511751 0.491857 1.09563 1.10022 1.09592 1.09604 0.98783 0.987816 0.989078 0.990646
8.61 0.112736 0.112736 0.112736 0.112736 -0.0313344 -0.0451213 -0.0251885 -0.0461385 -0.528943 -0.529418 -0.526662 -0.518331 -0.602367 -0.599268 -0.59813 -0.599873
8.63 0.0540225 0.0540225 0.0540225 0.0540225 -0.765993 -0.75293 -0.707217 -0.565846 -1.99055 -1.98353 -1.97387 -1.93061 -2.16924 -2.16705 -2.16919 -2.17674
8.65 -0.0762322 -0.0762322 -0.0762322 -0.0762322 -1.57396 -1.45807 -1.57441 -1.63279 -2.95625 -2.95116 -2.97094 -2.98263 -3.68949 -3.68966 -3.68861 -3.69158
8.67 -0.732178 -0.732178 -0.732178 -0.732178 -2.30202 -2.24705 -2.25957 -2.29406 -3.69289 -3.68783 -3.68327 -3.69301 -4.85493 -4.85515 -4.85062 -4.847
8.69 -0.103739 -0.103739 -0.103739 -0.103739 -2.64615 -2.69242 -2.64947 -2.62638 -4.38344 -4.38607 -4.37721 -4.37672 -5.40298 -5.40532 -5.41038 -5.41234
8.71 -0.07541 -0.07541 -0.07541 -0.07541 -2.4044 -2.46347 -2.4725 -2.48498 -4.7988 -4.8083 -4.81546 -4.81694 -5.4854 -5.48131 -5.47876 -5.47816
8.73 -0.0534564 -0.0534564 -0.0534564 -0.0534564 -2.09519 -2.07509 -2.06607 -2.0746 -4.49617 -4.49196 -4.48793 -4.48436 -5.30445 -5.30364 -5.30667 -5.31048
8.75 0.285936 0.285936 0.285936 0.285936 -1.69829 -1.68315 -1.69626 -1.70706 -3.47655 -3.47604 -3.48088 -3.48629 -4.78244 -4.78063 -4.77823 -4.77801
8.77 -0.0650764 -0.0650764 -0.0650764 -0.0650764 -1.06984 -1.07706 -1.08454 -1.08341 -2.34367 -2.34398 -2.34312 -2.34379 -3.58231 -3.58309 -3.5849 -3.58653
8.79 0.148652 0.148652 0.148652 0.148652 -0.440846 -0.448038 -0.435045 -0.429135 -1.25894 -1.26115 -1.2577 -1.25064 -1.74872 -1.74749 -1.74608 -1.74566
8.81 0.335387 0.335387 0.335387 0.335387 0.0797553 0.335463 0.308193 0.211917 -0.0941276 -0.0795879 -0.0611435 -0.0601889 0.296156 0.292068 0.289153 0.289247
8.83 0.138541 0.138541 0.138541 0.138541 0.473172 0.631805 0.533312 0.683794 1.35575 1.36018 1.35283 1.3785 2.08589 2.08728 2.09047 2.09008
8.85 -0.149772 -0.149772 -0.149772 -0.149772 1.07727 0.89062 0.781644 0.939961 2.82302 2.79312 2.77147 2.7839 3.51192 3.51188 3.51071 3.50736
8.87 -0.295085 -0.295085 -0.295085 -0.295085 1.5923 1.53906 1.62932 1.6289 3.68003 3.68587 3.7044 3.70446 4.61881 4.62091 4.62441 4.62561
8.89 -0.0653777 -0.0653777 -0.0653777 -0.0653777 2.26946 2.29343 2.32154 2.20419 4.14114 4.14404 4.14075 4.12273 5.30452 5.29948 5.29355 5.29399
8.91 -0.164769 -0.164769 -0.164769 -0.164769 2.56421 2.56565 2.5474 2.51028 4.39872 4.39568 4.39262 4.39149 5.39808 5.39892 5.40216 5.40669
8.93 0.0236896 0.0236896 0.0236896 0.0236896 2.26005 2.24614 2.24797 2.28982 4.37402 4.37331 4.37614 4.38282 5.03475 5.03243 5.03002 5.02994
8.95 0.35397 0.35397 0.35397 0.35397 1.86507 1.83898 1.81927 1.82273 3.75402 3.75088 3.74458 3.73988 4.40835 4.40779 4.40839 4.40915
8.97 0.531957 0.531957 0.531957 0.531957 1.53107 1.53459 1.54195 1.52617 2.60306 2.60501 2.6081 2.60703 3.49743 3.49694 3.49728 3.49783
8.99 0.692615 0.692615 0.692615 0.692615 1.17254 1.17602 1.18268 1.17144 1.46821 1.46782 1.46846 1.46806 2.12248 2.12179 2.12118 2.12115
9.01 0.629415 0.629415 0.629415 0.629415 0.619189 0.641334 0.638709 0.683669 0.567082 0.558409 0.559203 0.57285 0.399646 0.400506 0.401934 0.402417
9.03 0.467343 0.467343 0.467343 0.467343 -0.221276 -0.192276 -0.183873 -0.291365 -0.434792 -0.444111 -0.452021 -0.462969 -1.19519 -1.19514 -1.19245 -1.18833
9.05 0.00722721 0.00722721 0.00722721 0.00722721 -0.617625 -0.74992 -0.671557 -0.60372 -1.76526 -1.77023 -1.75449 -1.73899 -2.36609 -2.36274 -2.36442 -2.36741
9.07 -0.181137 -0.181137 -0.181137 -0.181137 -1.28926 -1.27314 -1.28193 -1.27047 -2.87632 -2.86672 -2.86863 -2.87477 -3.25772 -3.25508 -3.25701 -3.26092
9.09 -0.23544 -0.23544 -0.23544 -0.23544 -2.02985 -1.97778 -2.02858 -2.06899 -3.41362 -3.41201 -3.42169 -3.43226 -4.01855 -4.01696 -4.0147 -4.0138
9.11 -0.429619 -0.429619 -0.429619 -0.429619 -2.43228 -2.41618 -2.40227 -2.39328 -3.67446 -3.67242 -3.66367 -3.65784 -4.49665 -4.49823 -4.49964 -4.50012
9.13 -0.725194 -0.725194 -0.725194 -0.725194 -2.2442 -2.27978 -2.28076 -2.27853 -3.79216 -3.80011 -3.80522 -3.80634 -4.56768 -4.56665 -4.56593 -4.5663
9.15 -0.737632 -0.737632 -0.737632 -0.737632 -1.9789 -1.99359 -1.98891 -1.99434 -3.61749 -3.6175 -3.61622 -3.61615 -4.28017 -4.27896 -4.27972 -4.28179
9.17 -0.50972 -0.50972 -0.50972 -0.50972 -1.76769 -1.76028 -1.75582 -1.76313 -3.01161 -3.00998 -3.00965 -3.01128 -3.69996 -3.69857 -3.6975 -3.6979
9.19 -0.909441 -0.909441 -0.909441 -0.909441 -1.47275 -1.47149 -1.47932 -1.48479 -2.18601 -2.18716 -2.18908 -2.19024 -2.78447 -2.78496 -2.78633 -2.78737
9.21 -1.05069 -1.05069 -1.05069 -1.05069 -1.17921 -1.1797 -1.17787 -1.17348 -1.35284 -1.35325 -1.35074 -1.34215 -1.57162 -1.57103 -1.56995 -1.56912
9.23 -1.1336 -1.1336 -1.1336 -1.1336 -0.927862 -0.846597 -0.857616 -0.88158 -0.569434 -0.570975 -0.564372 -0.561673 -0.254132 -0.256064 -0.257584 -0.257627
9.25 -0.979958 -0.979958 -0.979958 -0.979958 -0.379064 -0.469424 -0.458023 -0.4526 0.245103 0.230508 0.226881 0.209185 0.871707 0.874465 0.878224 0.879743
9.27 -0.731636 -0.731636 -0.731636 -0.731636 -0.100987 -0.154497 -0.121159 -0.0504421 0.943956 0.964146 0.981986 0.969423 1.67243 1.66638 1.66493 1.66605
9.29 -0.670283 -0.670283 -0.670283 -0.670283 0.265048 0.28382 0.257276 0.244025 1.58883 1.59135 1.58145 1.56978 2.11298 2.10941 2.11023 2.11294
9.31 -0.650233 -0.650233 -0.650233 -0.650233 0.760697 0.785266 0.769691 0.737004 1.86868 1.86888 1.86489 1.87409 2.3261 2.32723 2.32893 2.3297
9.33 -0.405267 -0.405267 -0.405267 -0.405267 1.03454 1.02883 1.04405 1.04565 1.92111 1.92057 1.92055 1.92729 2.34227 2.34187 2.33944 2.33753
9.35 -0.168528 -0.168528 -0.168528 -0.168528 0.980739 0.952523 0.948232 0.946935 1.83245 1.83004 1.82687 1.82167 2.16129 2.16193 2.1631 2.16419
9.37 0.0156451 0.0156451 0.0156451 0.0156451 0.698046 0.695061 0.698535 0.696355 1.52472 1.52619 1.53063 1.52814 1.84259 1.84124 1.84075 1.84159
9.39 -0.155009 -0.155009 -0.155009 -0.155009 0.431527 0.456295 0.457484 0.451347 1.02499 1.02384 1.02214 1.02272 1.38337 1.3828 1.38298 1.38356
9.41 -0.426522 -0.426522 -0.426522 -0.426522 0.0834051 0.0888225 0.0737569 0.117015 0.467321 0.468054 0.469769 0.470238 0.747512 0.747389 0.747173 0.746592
9.43 -0.372808 -0.372808 -0.372808 -0.372808 -0.486723 -0.501927 -0.517101 -0.521276 -0.151799 -0.154334 -0.154948 -0.149988 -0.0220051 -0.0213238 -0.0203835 -0.0204374
9.45 -0.751278 -0.751278 -0.751278 -0.751278 -0.834477 -0.807431 -0.804105 -0.811657 -0.877267 -0.874146 -0.876369 -0.87199 -0.841428 -0.841604 -0.841763 -0.841987
9.47 -0.599668 -0.599668 -0.599668 -0.599668 -0.955651 -1.07749 -1.05243 -1.0192 -1.55668 -1.55871 -1.56556 -1.57004 -1.68631 -1.68488 -1.6843 -1.68532
9.49 -0.473265 -0.473265 -0.473265 -0.473265 -1.25475 -1.28484 -1.25645 -1.27899 -2.07964 -2.07871 -2.07065 -2.06926 -2.48398 -2.48387 -2.48382 -2.48451
9.51 -0.632978 -0.632978 -0.632978 -0.632978 -1.48753 -1.45055 -1.44837 -1.48038 -2.42177 -2.42502 -2.42606 -2.42866 -3.08184 -3.08164 -3.08306 -3.08397
9.53 -0.428966 -0.428966 -0.428966 -0.428966 -1.61192 -1.60047 -1.6185 -1.61975 -2.66853 -2.66933 -2.67077 -2.6722 -3.34868 -3.34699 -3.34603 -3.34563
9.55 -0.138963 -0.138963 -0.138963 -0.138963 -1.5684 -1.58071 -1.583 -1.56638 -2.78049 -2.77918 -2.77766 -2.77647 -3.2792 -3.27895 -3.27999 -3.28117
9.57 0.303091 0.303091 0.303091 0.303091 -1.2722 -1.2846 -1.28252 -1.28394 -2.59275 -2.59452 -2.59713 -2.59852 -2.99665 -2.99589 -2.99561 -2.99623
9.59 0.819186 0.819186 0.819186 0.819186 -0.713566 -0.71671 -0.714682 -0.726674 -2.02538 -2.02574 -2.02516 -2.02533 -2.55593 -2.55529 -2.55518 -2.55587
9.61 0.999472 0.999472 0.999472 0.999472 0.0552429 0.0541416 0.0653819 0.0785306 -1.14257 -1.14406 -1.14452 -1.13785 -1.87623 -1.87565 -1.87604 -1.87696
9.63 0.780144 0.780144 0.780144 0.780144 0.714731 0.900581 0.884286 0.810354 -0.130134 -0.117873 -0.108795 -0.101677 -0.833026 -0.833899 -0.834609 -0.835029
9.65 0.830209 0.830209 0.830209 0.830209 0.996634 1.08005 1.02051 0.983039 1.01943 1.01238 1.00316 1.00133 0.576629 0.580417 0.582535 0.58016
9.67 0.840013 0.840013 0.840013 0.840013 0.986414 0.965108 1.0056 0.915412 1.85058 1.86143 1.86162 1.85534 2.22945 2.22709 2.22785 2.22955
9.69 1.19831 1.19831 1.19831 1.19831 1.32306 1.29287 1.35734 1.35399 2.48807 2.49037 2.49227 2.49827 3.69009 3.68708 3.68768 3.68882
9.71 0.884385 0.884385 0.884385 0.884385 2.1194 2.08645 2.05572 2.05942 3.2031 3.19576 3.18783 3.18761 4.49014 4.48893 4.4888 4.48843
9.73 0.368574 0.368574 0.368574 0.368574 2.63351 2.64838 2.64062 2.64858 4.05914 4.06043 4.06527 4.06678 4.60893 4.60883 4.60921 4.60951
9.75 0.399155 0.399155 0.399155 0.399155 2.71294 2.71479 2.7106 2.69886 4.59144 4.59151 4.58948 4.58361 4.5204 4.51931 4.51897 4.52007
9.77 0.671445 0.671445 0.671445 0.671445 2.52334 2.50361 2.49959 2.48207 4.25559 4.25518 4.25415 4.25127 4.58929 4.588 4.58738 4.58849
9.79 0.953333 0.953333 0.953333 0.953333 2.17832 2.16925 2.18046 2.1781 3.34814 3.3465 3.34748 3.34924 4.53447 4.53405 4.53447 4.53544
9.81 0.852969 0.852969 0.852969 0.852969 1.70543 1.69967 1.69626 1.69045 2.5685 2.56536 2.56332 2.56339 3.83309 3.83227 3.83163 3.83163
9.83 0.353786 0.353786 0.353786 0.353786 1.12526 1.12265 1.1201 1.11718 2.04206 2.0425 2.0428 2.04186 2.44843 2.44808 2.44853 2.4493
9.85 0.111568 0.111568 0.111568 0.111568 0.571579 0.597038 0.606432 0.603756 1.28277 1.28545 1.28396 1.28706 0.914241 0.91366 0.913691 0.91431
9.87 -0.0776726 -0.0776726 -0.0776726 -0.0776726 0.0288974 0.00638616 -0.00755776 0.0388779 0.00191551 0.00586375 0.010754 0.0175791 -0.342662 -0.340833 -0.340662 -0.342706
9.89 -0.309502 -0.309502 -0.309502 -0.309502 -0.836891 -0.666346 -0.700697 -0.6389 -1.47024 -1.44582 -1.43526 -1.43099 -1.39363 -1.39626 -1.3983 -1.39837
9.91 -0.151959 -0.151959 -0.151959 -0.151959 -1.45052 -1.38352 -1.4531 -1.54215 -2.53483 -2.54902 -2.56112 -2.57687 -2.53317 -2.53479 -2.53614 -2.53309
9.93 -0.297174 -0.297174 -0.297174 -0.297174 -2.00041 -2.05032 -1.99829 -1.97642 -3.16394 -3.16684 -3.15178 -3.14698 -3.75088 -3.74844 -3.74653 -3.74411
9.95 -0.69356 -0.69356 -0.69356 -0.69356 -2.125 -2.18791 -2.16724 -2.15063 -3.57406 -3.57656 -3.57839 -3.57968 -4.65692 -4.65677 -4.66137 -4.66569
9.97 -0.828517 -0.828517 -0.828517 -0.828517 -2.13231 -2.13182 -2.14562 -2.16676 -3.90377 -3.90321 -3.90961 -3.91295 -5.01805 -5.01475 -5.0116 -5.01052
9.99 -0.852289 -0.852289 -0.852289 -0.852289 -2.24834 -2.21837 -2.21488 -2.2215 -3.96819 -3.96495 -3.961 -3.95788 -4.82117 -4.82182 -4.82469 -4.82682
10.01 -0.736544 -0.736544 -0.736544 -0.736544 -2.33297 -2.33993 -2.35207 -2.35548 -3.63735 -3.64153 -3.64575 -3.64849 -4.24028 -4.23895 -4.23725 -4.23681
10.03 -0.253102 -0.253102 -0.253102 -0.253102 -2.10357 -2.11937 -2.11633 -2.11051 -3.05714 -3.05674 -3.05452 -3.05473 -3.38779 -3.38789 -3.38892 -3.39006
10.05 0.0627255 0.0627255 0.0627255 0.0627255 -1.27895 -1.28453 -1.27992 -1.28291 -2.24681 -2.24729 -2.24738 -2.24797 -2.41142 -2.41048 -2.40991 -2.41027
10.07 0.413087 0.413087 0.413087 0.413087 -0.17813 -0.181638 -0.169047 -0.137185 -1.09749 -1.09799 -1.10071 -1.09523 -1.39799 -1.39752 -1.39789 -1.39867
10.09 0.742363 0.742363 0.742363 0.742363 0.887937 0.965385 0.966902 0.92557 0.285509 0.275173 0.288038 0.301248 -0.257504 -0.260166 -0.261932 -0.261368
10.11 1.0107 1.0107 1.0107 1.0107 1.19844 1.35193 1.30764 1.39554 1.63476 1.61392 1.62025 1.64255 1.17575 1.17776 1.18004 1.18039
10.13 1.20017 1.20017 1.20017 1.20017 1.80627 1.69855 1.59724 1.70192 2.59643 2.5829 2.5777 2.57824 2.89582 2.8966 2.89175 2.88857
10.15 1.50045 1.50045 1.50045 1.50045 2.24579 2.20647 2.26448 2.28202 3.28871 3.29938 3.30609 3.30518 4.44896 4.4524 4.45546 4.4582
10.17 1.92002 1.92002 1.92002 1.92002 2.87156 2.88307 2.91168 2.8389 4.13899 4.14071 4.1344 4.12809 5.38417 5.37876 5.37327 5.37326
10.19 1.96061 1.96061 1.96061 1.96061 3.53199 3.52729 3.51621 3.47842 5.03761 5.03352 5.03216 5.03437 5.65203 5.65263 5.65708 5.6606
10.21 1.24447 1.24447 1.24447 1.24447 2.94881 2.90002 2.88182 2.73114 5.48649 5.49506 5.51137 5.52472 5.68609 5.68348 5.68042 5.67751
10.23 0.406077 0.406077 0.406077 0.406077 2.83659 3.20649 3.30968 3.2228 4.87772 4.88215 4.86785 4.87452 5.746 5.7407 5.74263 5.74417
10.25 0.0594458 0.0594458 0.0594458 0.0594458 3.60581 3.63345 3.48438 3.47794 4.05217 4.03673 4.01621 4.01944 5.39057 5.39473 5.39587 5.39198
10.27 -0.0447179 -0.0447179 -0.0447179 -0.0447179 2.39403 2.28625 2.266 2.35665 3.8095 3.81851 3.8363 3.84075 4.26627 4.2645 4.26493 4.26824
10.29 -0.308806 -0.308806 -0.308806 -0.308806 0.728312 0.698286 0.776976 0.785734 3.16205 3.16027 3.15421 3.14146 3.02834 3.0256 3.02145 3.02051
10.31 -0.352621 -0.352621 -0.352621 -0.352621 -0.0590581 -0.0642839 -0.0892069 -0.159545 1.27707 1.27926 1.2767 1.27023 1.97017 1.97057 1.976 1.98201
10.33 -0.424782 -0.424782 -0.424782 -0.424782 -0.454407 -0.445548 -0.442537 -0.234285 -0.846297 -0.850853 -0.830881 -0.806228 0.582652 0.583641 0.578121 0.570643
10.35 -0.550508 -0.550508 -0.550508 -0.550508 -1.71516 -1.48874 -1.63397 -1.50682 -2.10464 -2.06756 -2.06588 -2.06202 -1.65833 -1.65757 -1.65242 -1.65174
10.37 0.0151693 0.0151693 0.0151693 0.0151693 -2.45024 -2.16064 -2.34572 -2.52468 -2.99185 -2.97625 -2.99131 -3.01196 -4.1305 -4.13916 -4.1445 -4.14705
10.39 -0.127656 -0.127656 -0.127656 -0.127656 -2.1644 -2.14273 -2.07052 -2.09041 -4.29225 -4.30341 -4.29718 -4.29106 -5.96017 -5.95556 -5.94734 -5.9452
10.41 -0.244762 -0.244762 -0.244762 -0.244762 -1.66568 -1.77405 -1.68846 -1.68457 -4.86238 -4.90755 -4.88265 -4.91338 -6.8739 -6.86747 -6.87362 -6.88046
10.43 -0.0521419 -0.0521419 -0.0521419 -0.0521419 -1.75991 -1.7227 -1.81982 -1.73342 -5.20372 -5.21011 -5.20724 -5.20959 -6.86216 -6.85846 -6.8582 -6.85766
10.45 -0.233665 -0.233665 -0.233665 -0.233665 -2.79582 -2.65518 -2.79221 -2.65407 -4.99257 -4.99751 -5.0159 -5.02024 -6.08579 -6.08582 -6.08572 -6.08522
10.47 -0.236763 -0.236763 -0.236763 -0.236763 -3.53287 -3.47914 -3.53497 -3.49002 -4.40701 -4.39283 -4.38609 -4.37316 -4.83152 -4.83223 -4.83258 -4.83248
10.49 -0.284562 -0.284562 -0.284562 -0.284562 -2.90222 -2.95279 -2.93501 -2.99726 -3.73277 -3.73847 -3.74885 -3.75152 -3.40072 -3.39991 -3.40053 -3.40241
10.51 -0.287333 -0.287333 -0.287333 -0.287333 -1.40056 -1.43783 -1.37918 -1.41359 -2.64296 -2.64652 -2.64299 -2.64245 -2.23982 -2.23808 -2.2372 -2.23808
10.53 -0.0735026 -0.0735026 -0.0735026 -0.0735026 0.066845 0.0542023 0.0724546 0.139168 -0.818637 -0.813912 -0.812882 -0.808655 -1.37119 -1.37083 -1.37064 -1.37115
10.55 -0.0470151 -0.0470151 -0.0470151 -0.0470151 1.21451 1.06826 1.07233 1.06217 1.16064 1.1633 1.16166 1.16028 -0.2108 -0.21233 -0.211658 -0.207592
10.57 -0.37697 -0.37697 -0.37697 -0.37697 0.852731 1.12148 1.23472 0.998488 2.41964 2.46681 2.46562 2.47258 1.75784 1.7549 1.75907 1.76915
10.59 -0.737994 -0.737994 -0.737994 -0.737994 1.10491 1.17452 1.09843 1.0921 2.87425 2.85651 2.83015 2.8351 4.2018 4.19835 4.19196 4.18695
10.61 -0.78533 -0.78533 -0.78533 -0.78533 1.09018 0.983911 0.917226 1.04032 3.2101 3.20243 3.2143 3.22035 5.86738 5.87147 5.87752 5.87837
10.63 -0.360355 -0.360355 -0.360355 -0.360355 1.05767 1.03228 1.07512 1.10951 3.93104 3.93026 3.93644 3.92873 6.10834 6.10549 6.09907 6.09966
10.65 -0.299778 -0.299778 -0.299778 -0.299778 1.80769 1.80256 1.79959 1.72434 4.40375 4.4004 4.38964 4.37596 5.25183 5.25379 5.25667 5.26336
10.67 -0.0867886 -0.0867886 -0.0867886 -0.0867886 2.75015 2.75707 2.76654 2.72812 4.08628 4.092 4.10002 4.10794 4.10027 4.09656 4.08985 4.0876
10.69 -0.349936 -0.349936 -0.349936 -0.349936 2.89311 2.87969 2.88414 2.8934 3.3164 3.30909 3.30084 3.30182 3.02263 3.02544 3.0314 3.03367
10.71 -0.0979239 -0.0979239 -0.0979239 -0.0979239 1.67396 1.65988 1.64724 1.64614 2.32213 2.32249 2.32405 2.32459 2.16951 2.16694 2.16328 2.16047
10.73 0.322967 0.322967 0.322967 0.322967 -0.065728 -0.0219394 -0.00458326 -0.004216 1.01352 1.01874 1.01873 1.01766 1.42581 1.42585 1.42862 1.43116
10.75 0.742518 0.742518 0.742518 0.742518 -1.14384 -1.15785 -1.13163 -1.03187 -0.561984 -0.554164 -0.542976 -0.573089 0.497733 0.499084 0.497597 0.495266
10.77 0.851501 0.851501 0.851501 0.851501 -1.33254 -1.15038 -1.23075 -0.998766 -1.90538 -1.8802 -1.85627 -1.88991 -1.03837 -1.0375 -1.03796 -1.03765
10.79 0.618567 0.618567 0.618567 0.618567 -0.653478 -0.436845 -0.661486 -0.817731 -2.51317 -2.52407 -2.52049 -2.53022 -3.09514 -3.09808 -3.10344 -3.10684
10.81 -0.114493 -0.114493 -0.114493 -0.114493 -0.474783 -0.424449 -0.342607 -0.378814 -2.62188 -2.63339 -2.63645 -2.61862 -4.8856 -4.8802 -4.87366 -4.87414
10.83 -1.03002 -1.03002 -1.03002 -1.03002 -0.976525 -1.10674 -1.05291 -1.03911 -2.84931 -2.84999 -2.85756 -2.85327 -5.42185 -5.42282 -5.42883 -5.43405
10.85 -1.42892 -1.42892 -1.42892 -1.42892 -2.37214 -2.42959 -2.43803 -2.45092 -3.53856 -3.53303 -3.53557 -3.54466 -4.59072 -4.58769 -4.58372 -4.58099
10.87 -1.00834 -1.00834 -1.00834 -1.00834 -3.68944 -3.644 -3.63307 -3.63486 -4.24053 -4.23811 -4.23303 -4.23468 -3.25699 -3.25934 -3.26354 -3.26493
10.89 -0.456541 -0.456541 -0.456541 -0.456541 -3.7369 -3.73603 -3.76973 -3.78993 -4.25287 -4.25906 -4.26212 -4.26245 -2.59948 -2.59778 -2.59491 -2.59333
10.91 -0.135166 -0.135166 -0.135166 -0.135166 -2.42012 -2.44175 -2.4391 -2.43408 -3.35424 -3.35462 -3.35201 -3.34865 -2.93123 -2.93182 -2.93368 -2.93539
10.93 -0.476678 -0.476678 -0.476678 -0.476678 -0.475246 -0.483964 -0.472636 -0.475244 -1.92851 -1.93009 -1.93278 -1.9353 -3.51315 -3.51168 -3.51102 -3.51205
10.95 -0.611965 -0.611965 -0.611965 -0.611965 0.779051 0.784243 0.782758 0.771603 -0.650681 -0.652098 -0.653225 -0.656325 -3.19038 -3.18943 -3.18941 -3.1905
10.97 -0.319763 -0.319763 -0.319763 -0.319763 0.680738 0.871293 0.850896 0.74895 0.0219548 0.0480956 0.0563529 0.0563231 -1.46222 -1.46222 -1.46249 -1.46304
10.99 -0.0955306 -0.0955306 -0.0955306 -0.0955306 -0.147374 -0.136511 -0.135936 -0.161562 0.507047 0.504026 0.489808 0.481057 1.03938 1.04202 1.04419 1.04387
11.01 -0.486516 -0.486516 -0.486516 -0.486516 -0.867193 -0.965589 -0.920749 -0.871929 0.851177 0.905971 0.917791 0.928748 3.20823 3.20115 3.2009 3.20581
11.03 -0.518096 -0.518096 -0.518096 -0.518096 -0.552621 -0.669906 -0.677033 -0.561083 1.63666 1.63057 1.6059 1.63138 4.09254 4.08673 4.08719 4.09302
11.05 -0.786044 -0.786044 -0.786044 -0.786044 0.674733 0.692589 0.67062 0.662131 2.49942 2.48149 2.47217 2.47637 3.67278 3.67203 3.67097 3.67142
11.07 -1.02857 -1.02857 -1.02857 -1.02857 2.02014 2.0694 2.06882 2.01473 3.09972 3.10431 3.12319 3.11829 2.70786 2.70996 2.71055 2.70982
11.09 -0.935988 -0.935988 -0.935988 -0.935988 2.4492 2.43501 2.43654 2.4139 3.15204 3.14898 3.14344 3.13045 2.09388 2.09387 2.09283 2.09186
11.11 -0.924801 -0.924801 -0.924801 -0.924801 1.55417 1.52434 1.5308 1.53845 2.45371 2.45417 2.45436 2.45746 2.143 2.14204 2.14219 2.1434
11.13 -1.07254 -1.07254 -1.07254 -1.07254 -0.0767435 -0.0871368 -0.0878138 -0.0884786 1.2933 1.29438 1.29537 1.2992 2.3953 2.39416 2.39449 2.39586
11.15 -0.577642 -0.577642 -0.577642 -0.577642 -1.53762 -1.54734 -1.55086 -1.44728 0.114139 0.111559 0.113962 0.118379 2.04297 2.04133 2.0409 2.04127
11.17 -0.173758 -0.173758 -0.173758 -0.173758 -1.86947 -1.85525 -1.87497 -2.11585 -0.961734 -0.958534 -0.94967 -0.959139 0.65085 0.651498 0.651657 0.649062
11.19 0.228843 0.228843 0.228843 0.228843 -0.976314 -0.968783 -0.833875 -0.860066 -1.70025 -1.69133 -1.68102 -1.68857 -1.60695 -1.60245 -1.60108 -1.60562
11.21 0.851534 0.851534 0.851534 0.851534 0.211847 0.254167 0.205826 0.193404 -2.06068 -2.07311 -2.07071 -2.09401 -3.89952 -3.90056 -3.90291 -3.90541
11.23 1.1201 1.1201 1.1201 1.1201 0.601999 0.616396 0.549229 0.548666 -2.32341 -2.33341 -2.32376 -2.31832 -5.21597 -5.21564 -5.21326 -5.21138
11.25 1.47547 1.47547 1.47547 1.47547 -0.106713 -0.09889 -0.0650039 -0.0445969 -2.68426 -2.68931 -2.69595 -2.69372 -4.98284 -4.98265 -4.9846 -4.98761
11.27 2.02615 2.02615 2.02615 2.02615 -0.987333 -1.03029 -1.04213 -1.08311 -3.02568 -3.02377 -3.0306 -3.03446 -3.60685 -3.60432 -3.60283 -3.60366
11.29 2.2743 2.2743 2.2743 2.2743 -1.28288 -1.30112 -1.2888 -1.3073 -2.82211 -2.8188 -2.81471 -2.81336 -2.05712 -2.05678 -2.05878 -2.06109
11.31 2.17495 2.17495 2.17495 2.17495 -0.445041 -0.452432 -0.443951 -0.440142 -1.64733 -1.65165 -1.65549 -1.65344 -1.0759 -1.07494 -1.07366 -1.07318
11.33 1.49823 1.49823 1.49823 1.49823 1.11663 1.40605 1.36 1.22053 0.195301 0.196039 0.216887 0.232693 -0.478002 -0.482173 -0.485524 -0.485614
11.35 0.517353 0.517353 0.517353 0.517353 1.76366 2.07924 1.99488 2.15502 2.24774 2.21367 2.22243 2.24769 0.497586 0.503262 0.5085 0.507304
11.37 -0.186762 -0.186762 -0.186762 -0.186762 2.39049 2.19626 1.97905 2.28414 3.30411 3.29251 3.30382 3.29628 2.5543 2.55099 2.53944 2.52976
11.39 -0.911007 -0.911007 -0.911007 -0.911007 1.77521 1.67807 1.72252 1.77523 3.57547 3.58499 3.58722 3.58401 5.03047 5.03707 5.0505 5.06002
11.41 -0.945634 -0.945634 -0.945634 -0.945634 0.834057 0.883415 0.973317 0.818343 3.87209 3.87481 3.86357 3.85942 6.73543 6.72235 6.709 6.70458
11.43 -0.689824 -0.689824 -0.689824 -0.689824 0.701633 0.686569 0.670984 0.59227 4.27355 4.22515 4.22785 4.2073 6.85681 6.85735 6.86753 6.87305
11.45 -0.551888 -0.551888 -0.551888 -0.551888 1.43791 1.41396 1.41617 1.47076 4.19919 4.20039 4.232 4.23882 5.7162 5.7158 5.71383 5.71275
11.47 -0.508947 -0.508947 -0.508947 -0.508947 2.51944 2.49433 2.47256 2.49344 3.70084 3.71121 3.68817 3.68442 3.88913 3.89003 3.88881 3.88908
11.49 -0.830255 -0.830255 -0.830255 -0.830255 2.56338 2.57194 2.57001 2.53771 2.83313 2.84118 2.83049 2.83647 2.06514 2.06527 2.06411 2.06458
11.51 -1.13246 -1.13246 -1.13246 -1.13246 1.0908 1.09926 1.11379 1.09086 1.59438 1.59895 1.60634 1.62186 0.742475 0.742246 0.743485 0.745096
11.53 -1.51097 -1.51097 -1.51097 -1.51097 -1.2998 -1.37598 -1.37923 -1.01289 -0.162499 -0.153842 -0.141142 -0.156346 -0.0377441 -0.0382256 -0.0400477 -0.0437574
11.55 -1.25806 -1.25806 -1.25806 -1.25806 -3.4349 -3.38886 -3.49501 -3.03275 -2.36399 -2.32536 -2.31967 -2.35161 -0.8759 -0.876904 -0.873655 -0.869191
11.57 -0.646761 -0.646761 -0.646761 -0.646761 -3.8411 -3.60294 -3.85441 -4.00071 -4.33063 -4.33112 -4.32486 -4.33391 -2.55588 -2.56506 -2.57392 -2.57998
11.59 -0.58729 -0.58729 -0.58729 -0.58729 -3.06453 -2.95093 -2.87251 -3.00844 -5.29037 -5.31365 -5.31066 -5.29114 -5.32223 -5.31488 -5.30136 -5.30044
11.61 -0.867937 -0.867937 -0.867937 -0.867937 -0.687765 -0.873471 -0.796381 -0.441641 -4.97588 -4.87449 -4.84636 -4.72446 -8.02193 -8.02167 -8.02847 -8.03548
11.63 -1.17307 -1.17307 -1.17307 -1.17307 -1.01034 0.0723524 2.53266 -8.28617 -3.06926 -3.09629 -3.44456 -3.8166 -8.99356 -8.99752 -8.97554 -8.89679
11.65 -1.3612 -1.3612 -1.3612 -1.3612 -2.80658 -3.81141 -2.1414 3.83579 -5.20345 -4.98958 -4.6217 -4.29811 -6.90841 -6.93238 -6.9676 -7.0029
11.67 -1.00024 -1.00024 -1.00024 -1.00024 0.351961 -2.21544 -6.59474 -3.28731 -5.41306 -5.64589 -5.95609 -6.06149 -3.96323 -3.93045 -3.90785 -3.93492
11.69 -0.680314 -0.680314 -0.680314 -0.680314 -7.68276 -5.47758 -4.62546 -5.68721 -4.98078 -4.83574 -4.74139 -4.74721 -2.26771 -2.27674 -2.26058 -2.24868
11.71 -0.367765 -0.367765 -0.367765 -0.367765 -7.10371 -6.24816 -5.22883 -7.16205 -3.34743 -3.28943 -3.25186 -3.28432 -1.89601 -1.91471 -1.93117 -1.92728
11.73 0.118686 0.118686 0.118686 0.118686 -1.61031 -2.957 -3.39043 -3.32454 -2.64356 -2.73374 -2.80658 -2.81707 -2.22553 -2.22063 -2.21644 -2.20813
11.75 0.52003 0.52003 0.52003 0.52003 1.01415 0.873987 1.25838 2.43881 -2.18479 -2.16738 -2.09757 -2.02507 -2.77303 -2.76489 -2.76574 -2.77506
11.77 0.958487 0.958487 0.958487 0.958487 3.11307 3.36388 2.91882 2.36535 -0.136245 -0.159181 -0.226227 -0.283808 -3.08853 -3.08722 -3.0898 -3.09451
11.79 1.65226 1.65226 1.65226 1.65226 1.69106 2.20478 2.23303 2.17382 1.60396 1.66464 1.69994 1.66991 -1.86806 -1.86756 -1.86215 -1.85276
11.81 1.96703 1.96703 1.96703 1.96703 1.51491 1.60244 1.46389 1.43905 2.09813 2.05522 2.05668 2.07589 1.3108 1.32326 1.32956 1.33266
11.83 2.55198 2.55198 2.55198 2.55198 1.81137 1.63261 1.24507 3.90933 1.91826 1.87645 1.98081 2.06895 4.98548 4.98047 4.93658 4.90825
11.85 2.78609 2.78609 2.78609 2.78609 1.90087 1.82302 0.872444 2.52692 3.74364 3.70253 3.67072 3.6389 6.65145 6.67306 6.69158 6.70969
11.87 2.36756 2.36756 2.36756 2.36756 -0.200937 1.94149 1.63498 0.725604 4.95925 5.04386 5.12745 5.15382 6.96722 6.94865 6.9406 6.93918
