0.02 0 0 0 0 -0.0116412 -0.0116399 -0.0116399 -0.0116412 -0.0132662 -0.0132574 -0.0132574 -0.0132662 -0.0131929 -0.0131939 -0.0131939 -0.0131929
0.04 0 0 0 0 -0.00848417 -0.00848588 -0.0084859 -0.00848423 -0.0145068 -0.0144956 -0.0144956 -0.0145068 -0.014829 -0.0148277 -0.0148277 -0.014829
0.06 0 0 0 0 0.00921428 0.00920589 0.00920588 0.00921426 0.00102703 0.00102339 0.00102338 0.00102698 -0.00154523 -0.00153679 -0.00153679 -0.00154524
0.08 0 0 0 0 0.00703219 0.00702566 0.00702563 0.00703209 0.00370495 0.00369538 0.00369538 0.00370497 -0.00239501 -0.00238323 -0.00238324 -0.00239504
0.1 0 0 0 0 0.000674803 0.000673828 0.000673833 0.000674848 0.00479155 0.00477975 0.00477974 0.00479148 -0.00218681 -0.00217712 -0.00217713 -0.00218685
0.12 0 0 0 0 0.00501849 0.00502083 0.00502089 0.00501866 0.0127025 0.0126895 0.0126895 0.0127024 0.0104855 0.0104871 0.0104871 0.0104855
0.14 0 0 0 0 -0.00479873 -0.00479107 -0.00479108 -0.00479875 0.00113252 0.0011387 0.00113874 0.00113263 0.00739618 0.00738331 0.00738332 0.00739617
0.16 0 0 0 0 -0.000290783 -0.000282922 -0.000282916 -0.000290773 0.00159762 0.0016129 0.00161293 0.00159773 0.0142308 0.0142098 0.0142098 0.0142309
0.18 0 0 0 0 -0.00682839 -0.0068219 -0.0068219 -0.00682842 -0.0072537 -0.00723598 -0.00723596 -0.00725362 0.00463035 0.00461102 0.00461105 0.00463042
0.2 0 0 0 0 -0.010374 -0.0103701 -0.0103701 -0.0103741 -0.0119751 -0.0119595 -0.0119596 -0.0119753 -0.00783826 -0.00784622 -0.00784626 -0.00783843
0.22 0 0 0 0 0.0132545 0.0132472 0.0132472 0.0132545 0.0114316 0.0114154 0.0114155 0.0114318 0.00524511 0.00525773 0.00525774 0.00524524
0.24 0 0 0 0 0.0238216 0.0238115 0.0238115 0.0238219 0.0261783 0.0261437 0.0261438 0.0261782 0.0129427 0.0129662 0.0129662 0.0129426
0.26 0 0 0 0 0.012642 0.0126392 0.0126392 0.0126419 0.0216897 0.0216601 0.02166 0.0216896 0.010032 0.0100489 0.0100488 0.010032
0.28 0 0 0 0 0.00811881 0.00812402 0.00812396 0.00811865 0.0202594 0.0202432 0.0202433 0.0202595 0.0198648 0.0198624 0.0198625 0.0198649
0.3 0 0 0 0 0.00358197 0.00359525 0.00359534 0.0035823 0.0144239 0.0144309 0.0144308 0.0144238 0.0289742 0.0289475 0.0289474 0.0289742
0.32 0 0 0 0 0.00062459 0.000641894 0.000641867 0.000624272 0.00987949 0.0099009 0.00990088 0.00987935 0.0336524 0.0336111 0.0336111 0.0336524
0.34 0 0 0 0 -0.00813051 -0.00811331 -0.00811368 -0.00813146 0.000785919 0.000810771 0.000810869 0.000786275 0.0224962 0.0224573 0.0224573 0.0224962
0.36 0 0 0 0 -0.0183532 -0.0183405 -0.0183402 -0.0183526 -0.0131536 -0.0131332 -0.0131336 -0.013155 -0.00296169 -0.00298242 -0.00298248 -0.00296184
0.38 0 0 0 0 -0.00941933 -0.0094234 -0.00942369 -0.00941992 -0.014727 -0.0147219 -0.0147218 -0.0147267 -0.0195598 -0.0195516 -0.0195517 -0.0195601
0.4 0 0 0 0 0.00533933 0.00531899 0.0053191 0.00533954 -0.0116767 -0.0116896 -0.0116897 -0.0116768 -0.0299071 -0.0298707 -0.0298707 -0.0299067
0.42 0 0 0 0 0.0041188 0.00409168 0.00409188 0.00411947 -0.0179777 -0.0179948 -0.0179947 -0.0179772 -0.0443325 -0.0442821 -0.044282 -0.0443325
0.44 0 0 0 0 -0.0166608 -0.0166835 -0.0166835 -0.0166606 -0.0383897 -0.0383931 -0.0383927 -0.0383883 -0.064537 -0.0644892 -0.0644892 -0.0645366
0.46 0 0 0 0 -0.0216985 -0.0217156 -0.0217155 -0.0216982 -0.0436635 -0.0436526 -0.0436529 -0.0436648 -0.0612813 -0.0612486 -0.0612485 -0.0612816
0.48 0 0 0 0 -0.00839069 -0.0084054 -0.00840555 -0.00839147 -0.029451 -0.0294365 -0.0294367 -0.029451 -0.0356505 -0.0356339 -0.035634 -0.0356505
0.5 0 0 0 0 0.00545518 0.00544867 0.00544875 0.00545606 -0.00582316 -0.0058153 -0.00581479 -0.0058221 -0.00439825 -0.00439589 -0.00439564 -0.0043979
0.52 0 0 0 0 -0.00438941 -0.0043834 -0.00438328 -0.00438989 0.00162845 0.00163075 0.00163023 0.00162721 0.0059828 0.00597316 0.00597299 0.00598248
0.54 0 0 0 0 -0.0163556 -0.0163379 -0.0163382 -0.0163557 0.000700219 0.000707357 0.000707577 0.000700904 0.00790343 0.00788364 0.00788367 0.00790352
0.56 0 0 0 0 -0.00650638 -0.00649118 -0.00649073 -0.00650594 0.00674628 0.00675451 0.00675468 0.00674645 0.0186692 0.0186446 0.0186447 0.0186694
0.58 0 0 0 0 0.00743419 0.00744107 0.00744069 0.00743377 0.0100767 0.0100861 0.0100856 0.0100756 0.0239314 0.0239093 0.0239091 0.0239311
0.6 0 0 0 0 0.0145213 0.0145213 0.0145212 0.0145202 0.0130733 0.0130753 0.0130756 0.0130741 0.0211158 0.0211053 0.0211054 0.0211161
0.62 0 0 0 0 0.00805779 0.0080564 0.00805652 0.00805851 0.011522 0.0115094 0.0115094 0.0115221 0.00849725 0.00850212 0.0085021 0.00849721
0.64 0 0 0 0 0.00262004 0.00261985 0.00261991 0.00262019 0.0108904 0.0108694 0.0108692 0.0108897 0.000234579 0.000248747 0.000248673 0.000234395
0.66 0 0 0 0 0.012136 0.0121325 0.0121324 0.0121357 0.0188936 0.0188689 0.0188691 0.0188942 0.00997524 0.00998886 0.00998894 0.00997544
0.68 0 0 0 0 0.0323868 0.0323843 0.0323845 0.032388 0.0380415 0.0380152 0.0380151 0.0380412 0.0378897 0.0378921 0.037892 0.0378894
0.7 0 0 0 0 0.0289989 0.0290053 0.0290054 0.0289982 0.0430406 0.0430208 0.0430207 0.0430406 0.0526368 0.0526204 0.0526204 0.052637
0.72 0 0 0 0 -0.0100939 -0.0100679 -0.0100683 -0.0100942 0.0146672 0.0146762 0.0146766 0.0146682 0.0324934 0.0324548 0.0324549 0.0324936
0.74 0 0 0 0 -0.0246761 -0.0246454 -0.0246448 -0.024675 -0.00325605 -0.00322634 -0.00322669 -0.0032572 0.020665 0.0206156 0.0206154 0.0206648
0.76 0 0 0 0 -0.00222683 -0.00221285 -0.00221332 -0.0022279 0.00242788 0.00245326 0.00245342 0.00242833 0.0255101 0.0254714 0.0254715 0.02551
0.78 0 0 0 0 0.0107443 0.0107426 0.0107427 0.0107447 0.00240737 0.0024196 0.00241967 0.00240782 0.012336 0.0123244 0.0123244 0.0123363
0.8 0 0 0 0 0.00638611 0.00637328 0.0063735 0.00638638 -0.0025488 -0.00256066 -0.00256081 -0.00254961 -0.0142387 -0.014216 -0.014216 -0.014239
0.82 0 0 0 0 0.00491339 0.00489537 0.00489497 0.00491277 0.000301447 0.000266914 0.000266961 0.000302125 -0.0282728 -0.0282247 -0.0282247 -0.0282727
0.84 0 0 0 0 0.00866335 0.00864431 0.00864467 0.00866389 0.00451521 0.00447636 0.00447651 0.00451502 -0.0249532 -0.0249036 -0.0249035 -0.0249531
0.86 0 0 0 0 0.0193855 0.0193711 0.0193709 0.0193854 0.0141222 0.0140954 0.0140951 0.014122 -0.000534461 -0.000506589 -0.0005067 -0.000534622
0.88 0 0 0 0 0.00857621 0.00857706 0.00857716 0.00857624 0.00810823 0.00810938 0.00810967 0.00810852 0.0140689 0.0140609 0.0140609 0.014069
0.9 0 0 0 0 -0.0230586 -0.0230404 -0.0230411 -0.0230632 -0.0154288 -0.0153918 -0.015392 -0.0154292 0.0066171 0.00657593 0.00657592 0.00661709
0.92 0 0 0 0 -0.0746414 -0.074608 -0.0746079 -0.0746366 -0.0719265 -0.071845 -0.0718448 -0.071926 -0.0440549 -0.0441102 -0.0441102 -0.0440551
0.94 0 0 0 0 -0.0458035 -0.0457966 -0.0457947 -0.0458018 -0.0669159 -0.0668411 -0.0668411 -0.0669159 -0.0479423 -0.0479716 -0.0479715 -0.0479421
0.96 0 0 0 0 0.0128016 0.012769 0.0127663 0.0127964 -0.0274902 -0.0274815 -0.0274825 -0.0274941 -0.0351325 -0.0351035 -0.0351036 -0.0351326
0.98 0 0 0 0 0.0275866 0.0275414 0.0275432 0.0275909 -0.0048138 -0.00485341 -0.00485208 -0.00480768 -0.0473974 -0.0473155 -0.0473156 -0.0473988
1 0 0 0 0 0.0226966 0.0226565 0.0226565 0.0226963 0.0156998 0.015611 0.0156111 0.0156972 -0.0463176 -0.046211 -0.0462106 -0.0463145
1.02 0 0 0 0 -0.00742791 -0.00744583 -0.00744729 -0.00743083 0.000766028 0.00070609 0.000704468 0.000763983 -0.0453603 -0.0452916 -0.0452917 -0.0453629
1.04 0 0 0 0 -0.0154112 -0.0154061 -0.0154043 -0.0154076 -0.0145439 -0.0145308 -0.0145285 -0.0145393 -0.0152905 -0.0152916 -0.0152924 -0.0152902
1.06 0 0 0 0 -0.0214762 -0.0214593 -0.0214604 -0.0214782 -0.0345842 -0.0345108 -0.0345123 -0.0345877 0.00871152 0.00864508 0.00864646 0.00871331
1.08 0 0 0 0 -0.0132079 -0.0131832 -0.0131832 -0.0132084 -0.024079 -0.0239883 -0.0239882 -0.0240784 0.0313849 0.0312971 0.0312959 0.0313828
1.1 0 0 0 0 -0.0232396 -0.0232143 -0.0232136 -0.0232374 -0.0149533 -0.0149095 -0.0149083 -0.0149512 0.0163817 0.0163264 0.0163269 0.0163825
1.12 0 0 0 0 -0.0305657 -0.0305509 -0.0305516 -0.0305678 -0.0113247 -0.0113247 -0.0113263 -0.0113276 -0.017539 -0.0175404 -0.0175401 -0.0175384
1.14 0 0 0 0 0.0196762 0.0196589 0.0196583 0.0196719 0.0265118 0.0264542 0.0264553 0.0265133 -0.00479282 -0.00474267 -0.00474346 -0.00479431
1.16 0 0 0 0 0.0780681 0.07803 0.0780301 0.0780706 0.0703285 0.070237 0.0702364 0.0703277 0.0348817 0.0349518 0.0349525 0.0348828
1.18 0 0 0 0 0.0898238 0.0897994 0.0898006 0.0898283 0.0950305 0.0949379 0.0949373 0.0950271 0.0720184 0.0720648 0.0720645 0.0720183
1.2 0 0 0 0 0.00299795 0.00301767 0.00301713 0.00299488 0.0395867 0.0395563 0.0395568 0.0395897 0.0427495 0.0427318 0.0427314 0.0427472
1.22 0 0 0 0 -0.0697719 -0.0697091 -0.0697096 -0.0697717 -0.0262071 -0.0261419 -0.0261417 -0.0262075 0.0131217 0.0130338 0.0130342 0.0131239
1.24 0 0 0 0 -0.0292675 -0.0292194 -0.029218 -0.0292644 -0.0149576 -0.0148685 -0.0148681 -0.0149541 0.0513781 0.0512639 0.0512642 0.0513787
1.26 0 0 0 0 0.010385 0.0104021 0.0104007 0.0103813 -0.00282318 -0.00275087 -0.00275107 -0.00282769 0.0548935 0.0548068 0.0548063 0.0548924
1.28 0 0 0 0 0.0242511 0.0242478 0.0242482 0.024253 0.0153053 0.0153131 0.0153125 0.0153084 0.025715 0.0257043 0.0257045 0.0257152
1.3 0 0 0 0 0.0290213 0.0290002 0.0290008 0.0290217 0.0431094 0.0430201 0.0430218 0.0431091 -0.000969825 -0.000899397 -0.000899321 -0.000968936
1.32 0 0 0 0 0.017254 0.0172319 0.0172306 0.017252 0.0397354 0.0396278 0.0396255 0.0397338 -0.0255462 -0.0254486 -0.0254487 -0.0255473
1.34 0 0 0 0 0.00681209 0.00679139 0.00679261 0.00681395 0.0084432 0.00838658 0.0083886 0.0084451 -0.0313641 -0.0312994 -0.0312995 -0.0313634
1.36 0 0 0 0 0.0280512 0.0280351 0.0280346 0.0280507 0.00390328 0.00391497 0.00391388 0.00390257 0.0113295 0.0113296 0.0113299 0.0113295
1.38 0 0 0 0 0.023865 0.0238678 0.0238677 0.0238641 0.0058729 0.00591692 0.00591698 0.0058721 0.0446727 0.0446205 0.0446201 0.0446723
1.4 0 0 0 0 -0.0537514 -0.0537114 -0.0537109 -0.05375 -0.0394437 -0.0393695 -0.0393689 -0.0394421 0.00062634 0.000549952 0.00055032 0.00062676
1.42 0 0 0 0 -0.0889761 -0.0889293 -0.0889296 -0.0889771 -0.0635322 -0.0634601 -0.0634607 -0.0635333 -0.0390867 -0.0391469 -0.0391471 -0.0390869
1.44 0 0 0 0 -0.0507556 -0.0507479 -0.0507479 -0.0507556 -0.058039 -0.0579952 -0.0579948 -0.0580389 -0.0525587 -0.052571 -0.0525709 -0.0525587
1.46 0 0 0 0 0.00225462 0.00221426 0.00221446 0.00225518 -0.050608 -0.0505866 -0.0505867 -0.0506072 -0.0688438 -0.0687961 -0.0687959 -0.0688434
1.48 0 0 0 0 0.0716403 0.0715631 0.0715629 0.0716396 0.00987932 0.00981928 0.00981933 0.00987821 -0.0394355 -0.0393249 -0.0393251 -0.0394359
1.5 0 0 0 0 0.0667019 0.0666398 0.06664 0.0667025 0.0476205 0.0474997 0.0474995 0.0476212 -0.0244333 -0.024302 -0.0243018 -0.0244332
1.52 0 0 0 0 -0.00433906 -0.0043466 -0.00434657 -0.00433921 0.0282203 0.0281284 0.0281288 0.0282203 -0.0294285 -0.0293492 -0.0293492 -0.0294284
1.54 0 0 0 0 -0.00614844 -0.00611872 -0.00611897 -0.00614891 0.0399465 0.0399155 0.0399151 0.0399461 0.0418764 0.0418563 0.0418563 0.0418761
1.56 0 0 0 0 0.00291468 0.00296782 0.00296808 0.00291521 0.0317322 0.0317956 0.0317959 0.0317325 0.105116 0.104989 0.104989 0.105116
1.58 0 0 0 0 -0.0361566 -0.0360862 -0.0360863 -0.0361568 -0.0221477 -0.0220001 -0.0220002 -0.0221477 0.0856808 0.0854979 0.0854979 0.0856807
1.6 0 0 0 0 -0.0994326 -0.0993685 -0.0993685 -0.0994327 -0.0950791 -0.0949155 -0.0949155 -0.0950792 -0.0123817 -0.0125281 -0.0125282 -0.0123819
1.62 0 0 0 0 -0.0768177 -0.076806 -0.0768059 -0.0768177 -0.0964708 -0.0963835 -0.0963833 -0.0964706 -0.0833564 -0.0833808 -0.0833807 -0.0833561
1.64 0 0 0 0 0.034659 0.0345873 0.0345872 0.0346588 -0.0156943 -0.0157617 -0.0157619 -0.0156947 -0.082788 -0.0826579 -0.0826579 -0.082788
1.66 0 0 0 0 0.142294 0.142174 0.142174 0.142295 0.0930586 0.0928515 0.0928514 0.093058 -0.0296449 -0.0294136 -0.029414 -0.0296474
1.68 0 0 0 0 0.143251 0.14316 0.14316 0.143251 0.144175 0.143926 0.143926 0.144177 0.0215198 0.0217376 0.0217381 0.0215252
1.7 0 0 0 0 -0.00563631 -0.00562774 -0.0056279 -0.00563663 0.0500557 0.0499482 0.0499479 0.0500542 -0.000993584 -0.000935514 -0.000935167 -0.000999004
1.72 0 0 0 0 -0.112453 -0.112363 -0.112363 -0.112453 -0.0595255 -0.0594032 -0.0594034 -0.059525 0.00775676 0.0076172 0.00761552 0.00775991
1.74 0 0 0 0 -0.11143 -0.11133 -0.11133 -0.11143 -0.114505 -0.114236 -0.114235 -0.114505 0.0454615 0.0451916 0.0451946 0.0454618
1.76 0 0 0 0 -0.0509115 -0.0508496 -0.0508495 -0.0509116 -0.0955428 -0.0952776 -0.0952779 -0.0955425 0.0583013 0.0580638 0.0580602 0.0582985
1.78 0 0 0 0 0.00328958 0.0032931 0.00329293 0.0032894 -0.0239242 -0.0238552 -0.023855 -0.0239245 0.0188468 0.018789 0.0187918 0.0188493
1.8 0 0 0 0 0.0379882 0.0379439 0.0379441 0.0379884 0.0573373 0.0571782 0.0571779 0.0573373 -0.039364 -0.0392109 -0.0392121 -0.0393642
1.82 0 0 0 0 0.0928556 0.092776 0.0927759 0.0928555 0.130577 0.13028 0.13028 0.130577 -0.0354789 -0.0352155 -0.0352156 -0.0354806
1.84 0 0 0 0 0.123107 0.12303 0.123029 0.123107 0.14046 0.140207 0.140207 0.14046 0.0169465 0.017155 0.0171558 0.0169482
1.86 0 0 0 0 0.0610574 0.0610382 0.0610384 0.0610577 0.0558957 0.0558512 0.055851 0.0558949 0.0485263 0.0485476 0.0485469 0.0485255
1.88 0 0 0 0 -0.0570346 -0.0569728 -0.0569729 -0.057035 -0.0603206 -0.0601523 -0.0601523 -0.0603204 0.0440676 0.0438942 0.0438947 0.0440673
1.9 0 0 0 0 -0.125984 -0.125874 -0.125874 -0.125984 -0.113554 -0.113292 -0.113292 -0.113554 0.0360898 0.0358296 0.0358294 0.0360908
1.92 0 0 0 0 -0.103449 -0.103361 -0.103361 -0.103448 -0.0849714 -0.0847795 -0.0847796 -0.0849717 0.0267952 0.0265957 0.0265958 0.0267939
1.94 0 0 0 0 -0.0232261 -0.0232084 -0.0232089 -0.0232283 -0.0167285 -0.0166953 -0.0166952 -0.0167281 0.00156233 0.00152821 0.001528 0.00156325
1.96 0 0 0 0 0.0605568 0.0604968 0.0604968 0.060558 0.0473522 0.0472226 0.0472218 0.047348 -0.0319071 -0.0317678 -0.0317674 -0.031907
1.98 0 0 0 0 0.0853886 0.0852876 0.0852878 0.085388 0.0581286 0.0579263 0.0579248 0.0581232 -0.0735194 -0.0732903 -0.0732921 -0.0735268
2 0 0 0 0 0.0542166 0.0541291 0.0541289 0.0542177 0.0218031 0.0216629 0.0216679 0.0218257 -0.093566 -0.0933568 -0.0933543 -0.093551
2.02 0 0 0 0 0.0164349 0.0163907 0.0163905 0.0164324 -0.0123796 -0.0124354 -0.012438 -0.012401 -0.0566721 -0.056595 -0.056595 -0.0566852
2.04 0 0 0 0 -0.0267106 -0.0266953 -0.026696 -0.0267144 -0.0397617 -0.0396762 -0.0396802 -0.0397558 -0.000211316 -0.000269241 -0.0002733 -0.000206545
2.06 0 0 0 0 -0.0736802 -0.0736052 -0.0736035 -0.0736684 -0.0630732 -0.0629198 -0.0629104 -0.0630638 0.0298365 0.0296726 0.0296798 0.02984
2.08 0 0 0 0 -0.0970679 -0.0969928 -0.0969929 -0.0970765 -0.0734433 -0.0732804 -0.0732903 -0.0734569 0.0214728 0.0213003 0.0212927 0.0214662
2.1 0 0 0 0 -0.132279 -0.132221 -0.132224 -0.132279 -0.130342 -0.130192 -0.130186 -0.130334 -0.0787524 -0.0788533 -0.078848 -0.0787482
2.12 0 0 0 0 -0.0613346 -0.0613627 -0.061358 -0.0613281 -0.115583 -0.115514 -0.115515 -0.115581 -0.133314 -0.133274 -0.133275 -0.133313
2.14 0 0 0 0 0.0752215 0.0750995 0.0750953 0.0752144 -0.0209853 -0.0210781 -0.0210812 -0.0209935 -0.113316 -0.113125 -0.113126 -0.113321
2.16 0 0 0 0 0.129836 0.129694 0.129696 0.129839 0.0562276 0.0560245 0.0560284 0.0562358 -0.0876434 -0.087369 -0.0873669 -0.0876385
2.18 0 0 0 0 0.131874 0.131781 0.131781 0.131872 0.137738 0.137479 0.137477 0.137735 0.00264335 0.00287438 0.00287267 0.00264121
2.2 0 0 0 0 0.0624268 0.0624421 0.0624356 0.0624141 0.149121 0.148945 0.148945 0.149118 0.103431 0.103481 0.103482 0.103429
2.22 0 0 0 0 -0.0410404 -0.0409084 -0.0408987 -0.0410118 0.0742086 0.0742548 0.0742459 0.0741683 0.170645 0.170439 0.170437 0.170636
2.24 0 0 0 0 -0.120627 -0.120452 -0.120456 -0.120649 -0.0406367 -0.0403353 -0.0403258 -0.0405751 0.174818 0.17443 0.174431 0.17482
2.26 0 0 0 0 -0.102292 -0.102139 -0.102142 -0.102283 -0.0831482 -0.0828138 -0.0828034 -0.0831529 0.147249 0.146871 0.146876 0.147275
2.28 0 0 0 0 -0.0202004 -0.020152 -0.0201438 -0.0202024 -0.0355702 -0.0354104 -0.0354362 -0.0356155 0.0805135 0.0803153 0.0803106 0.0804806
2.3 0 0 0 0 0.0941186 0.0940623 0.0940506 0.0941069 0.0891083 0.0889805 0.0890057 0.0891638 0.0223116 0.0224424 0.022439 0.0223258
2.32 0 0 0 0 0.193624 0.193507 0.193519 0.193651 0.222795 0.22238 0.22237 0.222766 0.017563 0.0179054 0.0179175 0.0175741
2.34 0 0 0 0 0.177432 0.177314 0.177308 0.177413 0.229575 0.22915 0.229144 0.229568 0.0201097 0.0204462 0.0204317 0.0200873
2.36 0 0 0 0 0.0800099 0.0799807 0.0799771 0.0800041 0.124021 0.123848 0.123866 0.12405 0.0482307 0.0483496 0.0483593 0.048247
2.38 0 0 0 0 -0.0175188 -0.0174397 -0.0174292 -0.0174929 0.00290867 0.00303068 0.00301379 0.00288143 0.111821 0.111637 0.111636 0.11182
2.4 0 0 0 0 -0.11273 -0.112594 -0.112604 -0.112756 -0.0999435 -0.0995961 -0.0995874 -0.0999349 0.127741 0.127355 0.12735 0.12773
2.42 0 0 0 0 -0.171362 -0.171221 -0.171227 -0.171399 -0.149957 -0.149589 -0.149589 -0.149947 0.0636904 0.0633209 0.0633281 0.063704
2.44 0 0 0 0 -0.174261 -0.174154 -0.174145 -0.174195 -0.166453 -0.166242 -0.166246 -0.16647 -0.0806869 -0.0808505 -0.0808559 -0.0806946
2.46 0 0 0 0 -0.0762746 -0.0763444 -0.0763404 -0.0763059 -0.13163 -0.131662 -0.131675 -0.131693 -0.212689 -0.212556 -0.212557 -0.212703
2.48 0 0 0 0 0.0964433 0.0962436 0.0962296 0.0964471 -0.0348208 -0.0350108 -0.0350001 -0.0347574 -0.246375 -0.245979 -0.245979 -0.24638
2.5 0 0 0 0 0.165306 0.165054 0.165075 0.165328 0.0162597 0.0159531 0.0159698 0.0162953 -0.24336 -0.242855 -0.242849 -0.243321
2.52 0 0 0 0 0.0958911 0.0957137 0.0956957 0.0958727 0.00658859 0.00633131 0.00631129 0.00654096 -0.199749 -0.199386 -0.199385 -0.199773
2.54 0 0 0 0 -0.0683742 -0.0684023 -0.0683936 -0.0683711 -0.0771743 -0.0772032 -0.0771962 -0.0771634 -0.14137 -0.141271 -0.141284 -0.14138
2.56 0 0 0 0 -0.210555 -0.210436 -0.210436 -0.210545 -0.190606 -0.190329 -0.190321 -0.190574 -0.0810882 -0.0812928 -0.081275 -0.0810573
2.58 0 0 0 0 -0.187162 -0.187027 -0.187033 -0.18718 -0.19654 -0.196148 -0.196161 -0.196585 0.0251766 0.0247949 0.0247824 0.025151
2.6 0 0 0 0 -0.0608053 -0.060704 -0.0606977 -0.0607905 -0.0911434 -0.0908239 -0.0908184 -0.0911134 0.106725 0.106413 0.106415 0.106731
2.62 0 0 0 0 0.0299829 0.030001 0.0299986 0.029981 0.0345883 0.0346253 0.0346312 0.0345876 0.0843225 0.084248 0.0842554 0.0843351
2.64 0 0 0 0 0.0576096 0.0575713 0.0575701 0.0576019 0.113531 0.113293 0.113279 0.11351 -0.00475944 -0.00458611 -0.00459687 -0.00477768
2.66 0 0 0 0 0.0802673 0.0801897 0.0801923 0.0802782 0.132458 0.132137 0.13215 0.132481 -0.057575 -0.0572779 -0.0572697 -0.0575638
2.68 0 0 0 0 0.101486 0.101388 0.101385 0.101473 0.0908598 0.0906319 0.0906264 0.0908502 -0.0404668 -0.0402371 -0.04024 -0.0404656
2.7 0 0 0 0 0.0743249 0.0742637 0.0742583 0.0743064 0.0130611 0.0130534 0.013051 0.0130534 0.00751407 0.00754964 0.00754811 0.00750364
2.72 0 0 0 0 0.0331124 0.0331462 0.0331525 0.0331434 -0.00102848 -0.000902186 -0.000895103 -0.00101003 0.093157 0.093028 0.093031 0.0931691
2.74 0 0 0 0 -0.00382036 -0.00373315 -0.00373471 -0.00384765 0.058505 0.0585855 0.058568 0.058442 0.181133 0.180911 0.180909 0.181125
2.76 0 0 0 0 -0.04118 -0.0410229 -0.0410279 -0.0411619 0.107969 0.10803 0.108045 0.108037 0.209533 0.20931 0.209308 0.209528
2.78 0 0 0 0 -0.018152 -0.0180134 -0.0179949 -0.0181276 0.133302 0.133282 0.133293 0.133311 0.208045 0.207876 0.207882 0.208065
2.8 0 0 0 0 0.0139094 0.0139656 0.0139448 0.0138715 0.0834078 0.08339 0.0833621 0.0833381 0.139879 0.139758 0.139753 0.139858
2.82 0 0 0 0 0.0390228 0.0390157 0.0390269 0.0390421 0.00940871 0.00946716 0.00949203 0.00948553 0.0361961 0.0361728 0.0361726 0.0362052
2.84 0 0 0 0 0.0495313 0.0494621 0.0494639 0.0495397 -0.0283693 -0.0283948 -0.0283997 -0.028406 -0.0589999 -0.0589163 -0.0589097 -0.0589939
2.86 0 0 0 0 0.0617108 0.0616063 0.0615962 0.0616855 0.00304316 0.00293474 0.0029176 0.00302977 -0.0927043 -0.0925242 -0.0925332 -0.0927168
2.88 0 0 0 0 0.118955 0.118878 0.118888 0.118977 0.121198 0.120973 0.121001 0.12124 -0.00114135 -0.00092983 -0.000923225 -0.00113258
2.9 0 0 0 0 0.0787234 0.0787031 0.0786992 0.0787174 0.142292 0.142085 0.14206 0.142256 0.0667696 0.06688 0.0668781 0.0667699
2.92 0 0 0 0 -0.0397668 -0.0396929 -0.0396954 -0.0397766 0.0412519 0.0412595 0.04127 0.0412598 0.0765162 0.0764221 0.0764203 0.0765091
2.94 0 0 0 0 -0.127392 -0.127264 -0.127259 -0.127375 -0.0889639 -0.0887209 -0.0887176 -0.0889446 0.0595169 0.0592523 0.0592553 0.0595251
2.96 0 0 0 0 -0.111067 -0.110972 -0.110975 -0.111079 -0.137325 -0.137009 -0.137018 -0.137353 0.0457508 0.0454508 0.0454488 0.0457465
2.98 0 0 0 0 -0.0318097 -0.0317831 -0.0317848 -0.0318093 -0.0851415 -0.0849502 -0.0849427 -0.0851233 0.0149271 0.0147815 0.0147817 0.0149258
3 0 0 0 0 -0.00212841 -0.00217609 -0.00217142 -0.00212095 -0.0341896 -0.0342308 -0.0342322 -0.0341894 -0.0895672 -0.0894651 -0.0894639 -0.0895617
3.02 0 0 0 0 -0.0035703 -0.00366979 -0.00367478 -0.00357957 -0.0204399 -0.0206505 -0.0206539 -0.020454 -0.201329 -0.201037 -0.201038 -0.201335
3.04 0 0 0 0 0.0189291 0.0187927 0.0187954 0.018934 -0.0328469 -0.03306 -0.033056 -0.0328304 -0.232561 -0.232219 -0.232219 -0.232559
3.06 0 0 0 0 0.011471 0.0113399 0.0113374 0.0114601 -0.098331 -0.0984011 -0.0984023 -0.098341 -0.217505 -0.217274 -0.217272 -0.217503
3.08 0 0 0 0 -0.0549142 -0.0549777 -0.0549737 -0.0548897 -0.185842 -0.185713 -0.185716 -0.185844 -0.196693 -0.196637 -0.196639 -0.196696
3.1 0 0 0 0 -0.0837164 -0.0837328 -0.0837344 -0.0837378 -0.171555 -0.171355 -0.17135 -0.171546 -0.116331 -0.116399 -0.116397 -0.116328
3.12 0 0 0 0 -0.0826228 -0.0825786 -0.0825822 -0.0826205 -0.0884313 -0.0883032 -0.0883084 -0.0884411 -0.0293209 -0.0294237 -0.0294238 -0.0293208
3.14 0 0 0 0 -0.0599574 -0.0598885 -0.0598816 -0.0599427 -0.0016094 -0.00157503 -0.00157242 -0.00160388 0.0284429 0.0283648 0.0283639 0.0284406
3.16 0 0 0 0 -0.0206527 -0.0206153 -0.0206209 -0.020671 0.042826 0.0427958 0.0427969 0.0428287 0.0499684 0.0499328 0.0499339 0.0499709
3.18 0 0 0 0 0.0128076 0.0128248 0.0128257 0.0128196 0.0313066 0.0312851 0.0312817 0.0312985 0.0342455 0.0342357 0.0342354 0.0342448
3.2 0 0 0 0 0.0143162 0.0142904 0.0142954 0.0143156 -0.0182518 -0.0182309 -0.0182278 -0.0182441 -0.016187 -0.0161775 -0.016178 -0.0161884
3.22 0 0 0 0 0.0310375 0.0309972 0.0309886 0.0310304 -0.0183559 -0.0183517 -0.0183525 -0.0183584 -0.0310319 -0.0309891 -0.0309882 -0.0310297
3.24 0 0 0 0 0.0624304 0.0623858 0.0623943 0.0624384 0.0432089 0.043135 0.0431334 0.0432059 0.00617172 0.00624562 0.00624503 0.00617029
3.26 0 0 0 0 0.0785905 0.0785699 0.0785642 0.0785756 0.117147 0.117009 0.117011 0.117152 0.0717699 0.0718391 0.0718391 0.07177
3.28 0 0 0 0 0.105034 0.105052 0.10504 0.104997 0.197173 0.19701 0.197008 0.19717 0.183245 0.183248 0.183249 0.183246
3.3 0 0 0 0 0.0744063 0.0745276 0.0745539 0.0745117 0.195434 0.195347 0.195345 0.195427 0.250097 0.249977 0.249976 0.250095
3.32 0 0 0 0 0.0398902 0.0399802 0.0399676 0.0398008 0.160871 0.16091 0.16091 0.160866 0.288614 0.288366 0.288365 0.288606
3.34 0 0 0 0 0.00292335 0.00308679 0.00307049 0.00294353 0.104035 0.104155 0.10416 0.10407 0.266321 0.266036 0.26604 0.26634
3.36 0 0 0 0 -0.0452445 -0.0451301 -0.04509 -0.0451972 0.0215873 0.0217172 0.0217127 0.0215379 0.155055 0.1548 0.154799 0.155035
3.38 0 0 0 0 -0.0403115 -0.0402738 -0.0403169 -0.0403783 -0.024177 -0.0240868 -0.0240899 -0.0241371 0.025772 0.0256887 0.025685 0.0257814
3.4 0 0 0 0 0.00728481 0.00723235 0.00725851 0.00732415 -0.0343459 -0.034394 -0.0343793 -0.0343577 -0.0886267 -0.0885265 -0.0885177 -0.0886229
3.42 0 0 0 0 0.0780926 0.0779667 0.0779644 0.0780986 -0.00220608 -0.00235659 -0.0023788 -0.00221678 -0.139809 -0.13955 -0.13956 -0.139818
3.44 0 0 0 0 0.0891808 0.0890199 0.0890048 0.0891445 0.0108948 0.0106859 0.0107079 0.0109126 -0.154716 -0.15441 -0.154402 -0.154709
3.46 0 0 0 0 0.0547788 0.0546898 0.0547098 0.054817 0.0130216 0.0128765 0.0128616 0.0130115 -0.109932 -0.109714 -0.109717 -0.109933
3.48 0 0 0 0 -0.0141409 -0.0141492 -0.0141626 -0.0141565 -0.0122349 -0.0122689 -0.0122637 -0.0122383 -0.0363765 -0.0363412 -0.0363423 -0.0363824
3.5 0 0 0 0 -0.117106 -0.117033 -0.11703 -0.117116 -0.0946547 -0.0944774 -0.0944752 -0.0946429 -0.00810688 -0.00826752 -0.00826449 -0.0080993
3.52 0 0 0 0 -0.186483 -0.186371 -0.186373 -0.186499 -0.184142 -0.183838 -0.183844 -0.184156 -0.0324872 -0.0327556 -0.0327582 -0.0324913
3.54 0 0 0 0 -0.178046 -0.177954 -0.177955 -0.177998 -0.226412 -0.226092 -0.226087 -0.226404 -0.0979219 -0.0981345 -0.0981334 -0.097923
3.56 0 0 0 0 -0.0677519 -0.0678005 -0.0677855 -0.0677786 -0.161516 -0.161369 -0.161372 -0.161513 -0.144967 -0.144967 -0.144967 -0.144962
3.58 0 0 0 0 0.0438985 0.0437658 0.043737 0.0438873 -0.0557051 -0.0558256 -0.055826 -0.0557157 -0.186872 -0.186622 -0.186623 -0.186878
3.6 0 0 0 0 0.081591 0.0814235 0.0814569 0.0816271 0.011548 0.0112753 0.0112758 0.0115583 -0.217524 -0.217122 -0.217123 -0.217523
3.62 0 0 0 0 0.0768189 0.0766686 0.0766446 0.0767906 0.0391167 0.0388277 0.038829 0.0391119 -0.173097 -0.172733 -0.172731 -0.173095
3.64 0 0 0 0 0.0668628 0.0667969 0.0668051 0.0668673 0.0523725 0.052237 0.0522338 0.0523709 -0.0327097 -0.0325606 -0.0325628 -0.0327129
3.66 0 0 0 0 0.0112978 0.0113524 0.0113581 0.0113141 0.0294586 0.0295351 0.0295392 0.0294652 0.109975 0.109842 0.109844 0.109978
3.68 0 0 0 0 -0.0920295 -0.0918799 -0.0918925 -0.0920536 -0.0280204 -0.0277676 -0.0277702 -0.0280263 0.170132 0.16978 0.16978 0.170132
3.7 0 0 0 0 -0.143903 -0.143704 -0.143693 -0.143887 -0.0527579 -0.0524613 -0.0524616 -0.0527568 0.165736 0.165334 0.165332 0.165734
3.72 0 0 0 0 -0.0856537 -0.0855198 -0.0855249 -0.0856521 -0.0138691 -0.0136942 -0.0136914 -0.0138655 0.129565 0.129299 0.129301 0.129566
3.74 0 0 0 0 0.0656205 0.065623 0.0656227 0.065606 0.0899722 0.0899264 0.0899227 0.0899667 0.102482 0.102462 0.102461 0.102482
3.76 0 0 0 0 0.213948 0.213853 0.213855 0.213964 0.214775 0.214487 0.214489 0.214778 0.100579 0.10079 0.10079 0.100579
3.78 0 0 0 0 0.228749 0.228627 0.228626 0.228739 0.256061 0.255674 0.255673 0.256063 0.0839734 0.0842695 0.0842693 0.0839742
3.8 0 0 0 0 0.104912 0.104872 0.104869 0.104911 0.172511 0.172236 0.172235 0.172507 0.0521603 0.0523419 0.052342 0.0521596
3.82 0 0 0 0 -0.0389947 -0.0389355 -0.0389309 -0.0389865 0.0264731 0.0264739 0.0264746 0.0264764 0.0478182 0.0477562 0.0477562 0.0478187
3.84 0 0 0 0 -0.0839995 -0.0838869 -0.0838905 -0.0840067 -0.0641104 -0.0638629 -0.0638629 -0.0641114 0.101912 0.101627 0.101627 0.101912
3.86 0 0 0 0 -0.0660424 -0.0659299 -0.0659285 -0.0660391 -0.077983 -0.0776682 -0.077669 -0.0779845 0.135325 0.13498 0.13498 0.135325
3.88 0 0 0 0 -0.0546732 -0.0545922 -0.054591 -0.0546716 -0.0500669 -0.0498711 -0.0498697 -0.0500632 0.0797937 0.079577 0.079577 0.0797942
3.9 0 0 0 0 -0.0670016 -0.0669842 -0.066987 -0.0670061 -0.0389325 -0.0389406 -0.0389414 -0.0389357 -0.0613653 -0.0613477 -0.0613475 -0.061365
3.92 0 0 0 0 -0.0655735 -0.0656372 -0.065635 -0.0655712 -0.0760894 -0.0762117 -0.0762119 -0.0760883 -0.219028 -0.218805 -0.218805 -0.219028
3.94 0 0 0 0 0.0413743 0.0412141 0.0412128 0.0413742 -0.064897 -0.0650559 -0.0650547 -0.0648956 -0.24273 -0.242402 -0.242402 -0.24273
3.96 0 0 0 0 0.123795 0.123596 0.123596 0.123795 -0.0401301 -0.0402664 -0.0402681 -0.0401332 -0.186079 -0.18577 -0.18577 -0.186079
3.98 0 0 0 0 0.0760661 0.075942 0.0759426 0.0760696 -0.0350513 -0.0351189 -0.0351181 -0.0350504 -0.123439 -0.123249 -0.123249 -0.12344
4 0 0 0 0 -0.0680238 -0.0680176 -0.0680183 -0.0680272 -0.0610493 -0.0610347 -0.0610348 -0.0610489 -0.0794815 -0.0794626 -0.0794624 -0.079481
4.02 0 0 0 0 -0.172508 -0.172391 -0.172392 -0.172508 -0.0954093 -0.0952717 -0.095272 -0.0954103 -0.0294794 -0.0296355 -0.0296355 -0.0294794
4.04 0 0 0 0 -0.174271 -0.17414 -0.174139 -0.17427 -0.131178 -0.130925 -0.130924 -0.131176 0.00723485 0.00697522 0.00697526 0.00723495
4.06 0 0 0 0 -0.105542 -0.105476 -0.105477 -0.105544 -0.15028 -0.149997 -0.149997 -0.150281 -0.00731854 -0.00754515 -0.00754512 -0.00731865
4.08 0 0 0 0 0.0147355 0.0147021 0.0147024 0.0147367 -0.0773167 -0.0771912 -0.0771913 -0.0773175 -0.0294401 -0.0294822 -0.0294822 -0.0294399
4.1 0 0 0 0 0.0832292 0.0831244 0.0831249 0.0832304 0.0255023 0.0253618 0.025362 0.0255031 -0.0775033 -0.0773063 -0.0773062 -0.0775034
4.12 0 0 0 0 0.105372 0.105255 0.105255 0.105371 0.117293 0.116962 0.116962 0.117293 -0.0889274 -0.0885888 -0.088589 -0.0889274
4.14 0 0 0 0 0.0906957 0.0906128 0.0906134 0.0906965 0.137018 0.136693 0.136694 0.137019 -0.0427258 -0.0424419 -0.0424418 -0.0427259
4.16 0 0 0 0 0.0299636 0.0299574 0.0299569 0.0299635 0.0566684 0.056586 0.0565861 0.0566672 0.0223492 0.0223982 0.0223982 0.0223498
4.18 0 0 0 0 -0.0363205 -0.036251 -0.0362511 -0.0363227 -0.04207 -0.0418779 -0.0418781 -0.0420694 0.0901071 0.089893 0.0898933 0.0901072
4.2 0 0 0 0 -0.0508689 -0.0507505 -0.0507502 -0.050866 -0.0488875 -0.0485937 -0.0485933 -0.0488876 0.162092 0.161747 0.161747 0.162092
4.22 0 0 0 0 0.0129807 0.0130997 0.0131 0.0129796 0.0775657 0.077709 0.0777086 0.0775659 0.241408 0.241124 0.241124 0.241407
4.24 0 0 0 0 0.0672163 0.0673084 0.0673077 0.0672165 0.207228 0.207122 0.207122 0.207226 0.253215 0.253101 0.253101 0.253216
4.26 0 0 0 0 0.0641248 0.0641837 0.0641845 0.0641254 0.220112 0.219889 0.219889 0.220112 0.174791 0.174816 0.174816 0.174791
4.28 0 0 0 0 0.0564555 0.0564638 0.0564628 0.056454 0.136221 0.13605 0.13605 0.136221 0.0818971 0.0819635 0.0819634 0.0818971
4.3 0 0 0 0 0.0768461 0.0768068 0.0768072 0.0768464 0.0440845 0.0440513 0.0440513 0.0440846 0.0363159 0.0363497 0.0363499 0.0363161
4.32 0 0 0 0 0.0819864 0.0819324 0.0819325 0.0819866 -0.0010503 -0.00100729 -0.00100718 -0.00104988 0.0244962 0.0244959 0.0244958 0.024496
4.34 0 0 0 0 0.00838137 0.00836235 0.0083621 0.00838113 -0.0290287 -0.0289907 -0.0289906 -0.0290286 -0.0170972 -0.0171016 -0.0171016 -0.0170971
4.36 0 0 0 0 -0.0830464 -0.0830172 -0.0830166 -0.0830444 -0.0501767 -0.0501687 -0.0501687 -0.0501766 -0.0694095 -0.0694017 -0.0694017 -0.0694096
4.38 0 0 0 0 -0.0903321 -0.0903038 -0.0903044 -0.0903343 -0.0517081 -0.0517089 -0.0517085 -0.0517076 -0.0750943 -0.0750822 -0.0750825 -0.0750944
4.4 0 0 0 0 -0.0250417 -0.0250481 -0.0250476 -0.0250402 -0.0479383 -0.0478997 -0.0479013 -0.04794 -0.0470889 -0.0470861 -0.0470849 -0.0470878
4.42 0 0 0 0 -0.0241512 -0.0241909 -0.0241914 -0.0241522 -0.107449 -0.107352 -0.10735 -0.107447 -0.0925583 -0.0925541 -0.0925561 -0.0925601
4.44 0 0 0 0 -0.0501957 -0.0502455 -0.0502452 -0.0501956 -0.14507 -0.144965 -0.144967 -0.145071 -0.154404 -0.154364 -0.154362 -0.154403
4.46 0 0 0 0 -0.0764507 -0.0765078 -0.0765078 -0.0764501 -0.147707 -0.147675 -0.147674 -0.147708 -0.205657 -0.205547 -0.205548 -0.205657
4.48 0 0 0 0 -0.0888987 -0.0889607 -0.0889608 -0.0888998 -0.146128 -0.146131 -0.146132 -0.146127 -0.238094 -0.23794 -0.23794 -0.238095
4.5 0 0 0 0 -0.035771 -0.0358492 -0.0358491 -0.0357701 -0.106261 -0.106289 -0.106289 -0.106263 -0.194087 -0.193924 -0.193925 -0.194085
4.52 0 0 0 0 0.0302003 0.0301184 0.0301188 0.030201 -0.0474578 -0.0474859 -0.0474863 -0.0474568 -0.103285 -0.103164 -0.103164 -0.103286
4.54 0 0 0 0 0.0505837 0.0505406 0.0505399 0.0505823 0.0114208 0.0113973 0.011398 0.011422 -0.00786965 -0.00781875 -0.0078191 -0.00786965
4.56 0 0 0 0 0.0115709 0.0115959 0.0115966 0.0115719 0.0464216 0.0463991 0.0463989 0.04642 0.0604615 0.0604292 0.0604296 0.0604624
4.58 0 0 0 0 -0.0230406 -0.0229548 -0.0229554 -0.0230414 0.0685874 0.0685957 0.0685954 0.0685888 0.11964 0.119522 0.119521 0.119639
4.6 0 0 0 0 -0.0523543 -0.0522446 -0.0522441 -0.0523534 0.0376748 0.0377437 0.0377446 0.0376744 0.126774 0.126593 0.126593 0.126774
4.62 0 0 0 0 -0.0429906 -0.0429062 -0.0429059 -0.0429893 -0.00549343 -0.00536323 -0.00536464 -0.00549427 0.0986156 0.0984292 0.0984296 0.0986155
4.64 0 0 0 0 0.0180546 0.0180705 0.0180695 0.0180448 0.00210905 0.00219373 0.00219466 0.0021085 0.0711672 0.0710652 0.0710645 0.0711667
4.66 0 0 0 0 0.0994002 0.0993312 0.0993147 0.0993244 0.0790538 0.0789888 0.0789875 0.0790526 0.0668913 0.0669308 0.0669313 0.0668916
4.68 0 0 0 0 0.16488 0.164877 0.164896 0.165006 0.196437 0.196188 0.19619 0.196441 0.105103 0.105259 0.105259 0.105103
4.7 0 0 0 0 0.168177 0.168126 0.168142 0.168151 0.268677 0.268353 0.268353 0.268678 0.164322 0.164476 0.164476 0.164323
4.72 0 0 0 0 0.0411405 0.0411811 0.0411381 0.0410689 0.168167 0.168008 0.168006 0.168161 0.145438 0.145435 0.145435 0.145439
4.74 0 0 0 0 -0.0945847 -0.0944281 -0.0943885 -0.0944845 -0.0189326 -0.0187934 -0.0187915 -0.018928 0.0920821 0.0918646 0.0918642 0.0920808
4.76 0 0 0 0 -0.113276 -0.113194 -0.113204 -0.113334 -0.131556 -0.131215 -0.131216 -0.131557 0.0670811 0.0667549 0.066755 0.0670814
4.78 0 0 0 0 -0.0567984 -0.0567346 -0.0567583 -0.056803 -0.129277 -0.128989 -0.12899 -0.129279 0.0295984 0.0293628 0.0293628 0.0295983
4.8 0 0 0 0 0.00673779 0.00670477 0.00674856 0.00678371 -0.0420766 -0.0420325 -0.0420311 -0.0420721 -0.0388574 -0.0388449 -0.0388451 -0.0388579
4.82 0 0 0 0 0.0279278 0.0278429 0.0277997 0.027881 0.0307686 0.0305423 0.0305417 0.030766 -0.13179 -0.131526 -0.131525 -0.131788
4.84 0 0 0 0 -0.0238878 -0.0240034 -0.0239766 -0.0238723 -0.0272478 -0.0275043 -0.0275052 -0.0272484 -0.250172 -0.249818 -0.249818 -0.250172
4.86 0 0 0 0 -0.0246143 -0.0247232 -0.0247299 -0.0245931 -0.111994 -0.112088 -0.112086 -0.11199 -0.262828 -0.26256 -0.26256 -0.262829
4.88 0 0 0 0 0.0574707 0.0573373 0.0573313 0.0574322 -0.0983703 -0.0983185 -0.0983205 -0.0983739 -0.123782 -0.123677 -0.123676 -0.12378
4.9 0 0 0 0 0.109471 0.109427 0.109435 0.109501 0.0146629 0.0147351 0.0147358 0.0146641 0.0683923 0.0683541 0.0683539 0.0683919
4.92 0 0 0 0 0.0745622 0.0746319 0.0746288 0.0745535 0.162692 0.16265 0.162651 0.162694 0.22843 0.228303 0.228303 0.22843
4.94 0 0 0 0 -0.010669 -0.0104866 -0.0104895 -0.0106824 0.24061 0.240502 0.2405 0.240605 0.312632 0.312427 0.312427 0.312633
4.96 0 0 0 0 -0.081182 -0.0809383 -0.0809331 -0.081157 0.173718 0.17372 0.173721 0.173719 0.298396 0.298095 0.298095 0.298395
4.98 0 0 0 0 -0.121256 -0.121088 -0.12109 -0.121274 -0.0287282 -0.0284891 -0.0284889 -0.028727 0.160064 0.159713 0.159713 0.160064
5 0 0 0 0 -0.0297103 -0.0296761 -0.0296788 -0.0297017 -0.13074 -0.130426 -0.130426 -0.130741 0.0367509 0.0365145 0.0365147 0.0367514
5.02 0 0 0 0 0.141144 0.141021 0.141027 0.141143 -0.0211575 -0.0211131 -0.0211124 -0.0211549 -0.0112574 -0.0111955 -0.0111954 -0.0112569
5.04 0 0 0 0 0.33447 0.334275 0.334267 0.334463 0.299159 0.298715 0.298715 0.299156 0.0938808 0.0942643 0.0942644 0.0938809
5.06 0 0 0 0 0.383549 0.38343 0.383439 0.383562 0.567318 0.566528 0.566528 0.56732 0.262812 0.263286 0.263286 0.262812
5.08 0 0 0 0 0.238975 0.238941 0.238888 0.238704 0.563582 0.562962 0.562961 0.563574 0.403756 0.403926 0.403925 0.403755
5.1 0 0 0 0 0.0305869 0.0307187 0.0306417 0.0302717 0.322767 0.322716 0.322691 0.322699 0.502282 0.501893 0.501891 0.502278
5.12 0 0 0 0 -0.196944 -0.196593 -0.196597 -0.196994 -0.0592178 -0.0586546 -0.0586798 -0.0593838 0.434534 0.433668 0.433667 0.434531
5.14 0 0 0 0 -0.336861 -0.336586 -0.336617 -0.336988 -0.358737 -0.357851 -0.357907 -0.358879 0.190274 0.189357 0.189352 0.190268
5.16 0 0 0 0 -0.301259 -0.301042 -0.301026 -0.301046 -0.420523 -0.420048 -0.420104 -0.420874 -0.145688 -0.146203 -0.146248 -0.145907
5.18 0 0 0 0 -0.136274 -0.136411 -0.136346 -0.136152 -0.310532 -0.310539 -0.310595 -0.310615 -0.493779 -0.49346 -0.493475 -0.493843
5.2 0 0 0 0 0.0719971 0.0715599 0.0715086 0.071957 -0.162493 -0.16296 -0.162852 -0.162201 -0.731487 -0.730435 -0.730405 -0.731347
5.22 0 0 0 0 0.172716 0.172199 0.172277 0.172839 -0.13004 -0.130556 -0.130468 -0.129555 -0.815135 -0.813845 -0.813796 -0.814943
5.24 0 0 0 0 0.0561496 0.0557361 0.055746 0.0562546 -0.279827 -0.280054 -0.279922 -0.279366 -0.780697 -0.77974 -0.779726 -0.780623
5.26 0 0 0 0 -0.218673 -0.218789 -0.218747 -0.218451 -0.520248 -0.520404 -0.520593 -0.521121 -0.665134 -0.66493 -0.664991 -0.665442
5.28 0 0 0 0 -0.467489 -0.467345 -0.467293 -0.467194 -0.6845 -0.683473 -0.68346 -0.683992 -0.500273 -0.500435 -0.500401 -0.499948
5.3 0 0 0 0 -0.518292 -0.518363 -0.518476 -0.519011 -0.646522 -0.645782 -0.645543 -0.646362 -0.318872 -0.319482 -0.31943 -0.319013
5.32 0 0 0 0 -0.349387 -0.348923 -0.348887 -0.348685 -0.417254 -0.416687 -0.417053 -0.417811 -0.176218 -0.176618 -0.176746 -0.176271
5.34 0 0 0 0 -0.0783282 -0.0785789 -0.0784464 -0.0786848 -0.115689 -0.115551 -0.115244 -0.115165 -0.112894 -0.112875 -0.112725 -0.112748
5.36 0 0 0 0 0.130184 0.130162 0.129876 0.130137 0.106601 0.106242 0.106124 0.106428 -0.12945 -0.129056 -0.129165 -0.129555
5.38 0 0 0 0 0.229822 0.229544 0.229892 0.230126 0.207164 0.206545 0.206469 0.206959 -0.127808 -0.127255 -0.127216 -0.127814
5.4 0 0 0 0 0.201284 0.20114 0.200866 0.201023 0.178885 0.178553 0.178732 0.17927 -0.0654694 -0.0650021 -0.0649844 -0.065382
5.42 0 0 0 0 0.0663906 0.0663063 0.0664355 0.0664543 0.0634695 0.0633577 0.0632005 0.0631847 0.0374078 0.0374211 0.0373819 0.0373147
5.44 0 0 0 0 -0.125215 -0.124947 -0.124911 -0.124982 -0.0927193 -0.0923249 -0.0922002 -0.092315 0.103202 0.10289 0.102928 0.103291
5.46 0 0 0 0 -0.240967 -0.240536 -0.240593 -0.240657 -0.182401 -0.182123 -0.182171 -0.182966 0.124801 0.124244 0.124231 0.124729
5.48 0 0 0 0 -0.155041 -0.155739 -0.155751 -0.156597 -0.102001 -0.101494 -0.101691 -0.10197 0.154641 0.154146 0.154103 0.154585
5.5 0 0 0 0 0.0487637 0.0496727 0.0493361 0.0496779 0.0906856 0.0905979 0.0909204 0.090944 0.169661 0.169618 0.169685 0.169806
5.52 0 0 0 0 0.270375 0.269518 0.270144 0.270011 0.327568 0.327315 0.327 0.327273 0.203489 0.20362 0.203577 0.203384
5.54 0 0 0 0 0.367304 0.36775 0.366952 0.367118 0.476418 0.475588 0.475762 0.476413 0.246149 0.246561 0.246555 0.24613
5.56 0 0 0 0 0.288939 0.288649 0.289454 0.289642 0.451207 0.450868 0.4508 0.451307 0.285868 0.286081 0.286101 0.285886
5.58 0 0 0 0 0.0671588 0.0675349 0.0670653 0.0670077 0.23452 0.234228 0.234207 0.234302 0.277765 0.277632 0.277592 0.277673
5.6 0 0 0 0 -0.146432 -0.146404 -0.146256 -0.146625 -0.041568 -0.0410779 -0.0410124 -0.0412861 0.229996 0.229529 0.229563 0.230077
5.62 0 0 0 0 -0.198087 -0.197785 -0.197699 -0.197772 -0.182886 -0.182258 -0.182229 -0.182744 0.182953 0.182371 0.182385 0.183048
5.64 0 0 0 0 -0.0894923 -0.0894211 -0.0896513 -0.0899918 -0.122477 -0.122126 -0.122119 -0.122497 0.125248 0.124848 0.12484 0.125202
5.66 0 0 0 0 0.11303 0.112879 0.113058 0.113175 0.10889 0.108802 0.108764 0.108786 0.0878446 0.0878564 0.0878471 0.0878013
5.68 0 0 0 0 0.380211 0.380391 0.380349 0.380653 0.462617 0.461965 0.462 0.462742 0.19431 0.194822 0.194837 0.194407
5.7 0 0 0 0 0.602446 0.602229 0.602376 0.602619 0.803082 0.802137 0.802145 0.803058 0.478219 0.478689 0.47869 0.47814
5.72 0 0 0 0 0.689624 0.689371 0.689154 0.688893 1.0402 1.03927 1.03922 1.04013 0.910054 0.910267 0.910246 0.910092
5.74 0 0 0 0 0.515141 0.515839 0.515948 0.515884 1.03443 1.03396 1.034 1.0345 1.27512 1.27461 1.27464 1.27514
5.76 0 0 0 0 0.0940882 0.0944477 0.0945644 0.0937553 0.719112 0.719329 0.719301 0.719062 1.3413 1.34009 1.34005 1.34125
5.78 0 0 0 0 -0.213034 -0.212027 -0.212327 -0.21309 0.351863 0.352537 0.352532 0.351839 1.18313 1.18158 1.18161 1.18316
5.8 0 0 0 0 -0.289379 -0.288634 -0.288214 -0.288688 0.0333912 0.0343035 0.0343523 0.0335403 0.767546 0.766208 0.766192 0.767535
5.82 0 0 0 0 -0.141579 -0.141926 -0.142283 -0.142798 -0.136126 -0.135649 -0.135687 -0.136225 0.180968 0.180464 0.180473 0.181001
5.84 0 0 0 0 0.0868098 0.0871084 0.0871316 0.0876656 -0.169302 -0.16962 -0.169631 -0.169437 -0.439105 -0.4386 -0.438597 -0.439148
5.86 0 0 0 0 0.170277 0.169158 0.169532 0.17016 -0.236806 -0.237303 -0.237252 -0.236465 -1.0015 -1.00007 -1.00008 -1.00144
5.88 0 0 0 0 0.0033995 0.00163657 0.000369748 3.32644e-05 -0.479996 -0.482531 -0.483465 -0.4844 -1.41085 -1.40964 -1.40986 -1.41207
5.9 0 0 0 0 -0.315569 -0.316033 -0.315482 -0.315099 -0.888464 -0.886141 -0.885295 -0.882696 -1.59544 -1.59337 -1.59311 -1.59339
5.92 0 0 0 0 -0.698415 -0.697138 -0.696394 -0.694406 -1.37068 -1.37113 -1.37025 -1.37178 -1.64057 -1.64051 -1.64026 -1.64161
5.94 0 0 0 0 -1.00114 -1.00237 -1.00287 -1.00329 -1.73977 -1.73831 -1.74029 -1.74175 -1.64559 -1.64546 -1.64621 -1.64586
5.96 0 0 0 0 -1.0819 -1.08149 -1.08132 -1.08029 -1.7999 -1.7981 -1.79607 -1.79732 -1.64107 -1.64113 -1.6402 -1.64007
5.98 0 0 0 0 -0.892513 -0.89312 -0.89292 -0.893975 -1.54375 -1.54278 -1.544 -1.54493 -1.63804 -1.63786 -1.6386 -1.63895
6 0 0 0 0 -0.452203 -0.452533 -0.453159 -0.451083 -1.02673 -1.02695 -1.02679 -1.02753 -1.50579 -1.50494 -1.50463 -1.50554
6.02 0 0 0 0 0.154429 0.1538 0.154822 0.154128 -0.307032 -0.307069 -0.306524 -0.30511 -1.05361 -1.05201 -1.0519 -1.05317
6.04 0 0 0 0 0.549874 0.548957 0.547768 0.549491 0.328774 0.327287 0.326683 0.327236 -0.390816 -0.389767 -0.390113 -0.391561
6.06 0 0 0 0 0.512624 0.514306 0.515791 0.515787 0.641556 0.640968 0.641441 0.642976 0.295574 0.296353 0.296732 0.296286
6.08 0 0 0 0 0.152014 0.148821 0.147505 0.146038 0.621767 0.621296 0.621076 0.620279 0.875309 0.874698 0.874486 0.875001
6.1 0 0 0 0 -0.261951 -0.258235 -0.258791 -0.25937 0.369679 0.368321 0.366849 0.364898 1.2078 1.2054 1.20502 1.20598
6.12 0 0 0 0 -0.276929 -0.280078 -0.278905 -0.281748 0.275189 0.278801 0.280222 0.280878 1.40233 1.40128 1.40166 1.40445
6.14 0 0 0 0 0.0786306 0.0821948 0.0801221 0.0822281 0.506246 0.506342 0.506708 0.505748 1.43635 1.43458 1.43492 1.43651
6.16 0 0 0 0 0.611927 0.60759 0.609774 0.607118 1.04129 1.04141 1.04038 1.04093 1.38028 1.37946 1.37884 1.37914
6.18 0 0 0 0 1.15162 1.1567 1.15448 1.15784 1.73801 1.73637 1.73789 1.73973 1.44629 1.44703 1.44766 1.44759
6.2 0 0 0 0 1.43413 1.43664 1.44143 1.43929 2.13519 2.13289 2.13143 2.13299 1.58299 1.58355 1.58319 1.58235
6.22 0 0 0 0 1.2721 1.26731 1.26259 1.26396 2.02411 2.02212 2.02299 2.02536 1.75712 1.75735 1.75706 1.75634
6.24 0 0 0 0 0.742892 0.747128 0.749274 0.746325 1.53356 1.53328 1.53313 1.53362 1.92556 1.92507 1.92574 1.92712
6.26 0 0 0 0 0.154343 0.155035 0.156089 0.158439 0.901845 0.901916 0.901438 0.900522 1.9418 1.93969 1.93923 1.94081
6.28 0 0 0 0 -0.194584 -0.195292 -0.197777 -0.201678 0.447978 0.449625 0.450355 0.449654 1.74128 1.73875 1.73861 1.7408
6.3 0 0 0 0 -0.224682 -0.22174 -0.219884 -0.219751 0.256448 0.257399 0.256893 0.255582 1.24664 1.24527 1.24581 1.248
6.32 0 0 0 0 -0.0975979 -0.0996088 -0.0995294 -0.0955897 0.176925 0.177752 0.178162 0.178434 0.458417 0.457746 0.457513 0.457846
6.34 0 0 0 0 0.0114265 0.0116244 0.00975488 0.000395176 -0.0714805 -0.0737843 -0.074085 -0.0743262 -0.540809 -0.540316 -0.540527 -0.541438
6.36 0 0 0 0 -0.21892 -0.219665 -0.218571 -0.207078 -0.791902 -0.791178 -0.791869 -0.7914 -1.73037 -1.72855 -1.72842 -1.73018
6.38 0 0 0 0 -0.668757 -0.677535 -0.679887 -0.693691 -1.77876 -1.78116 -1.78217 -1.78898 -2.8459 -2.84512 -2.84552 -2.84774
6.4 0 0 0 0 -1.04892 -1.04386 -1.04654 -1.03008 -2.57335 -2.56319 -2.56122 -2.5562 -3.55157 -3.54829 -3.54738 -3.54723
6.42 0 0 0 0 -1.23019 -1.22653 -1.21484 -1.21988 -2.9431 -2.95334 -2.95182 -2.94997 -3.76116 -3.75894 -3.75874 -3.76281
6.44 0 0 0 0 -1.31634 -1.32248 -1.33357 -1.33346 -2.96354 -2.95769 -2.96241 -2.96495 -3.61918 -3.61861 -3.62064 -3.622
6.46 0 0 0 0 -1.1931 -1.19201 -1.1866 -1.18182 -2.46074 -2.45955 -2.45379 -2.45613 -3.10537 -3.10358 -3.10153 -3.10216
6.48 0 0 0 0 -0.742092 -0.739804 -0.737407 -0.741164 -1.54528 -1.54904 -1.55397 -1.54905 -2.18279 -2.1807 -2.18129 -2.18307
6.5 0 0 0 0 -0.418406 -0.424299 -0.431643 -0.427083 -0.822052 -0.817228 -0.814475 -0.8217 -1.30431 -1.30522 -1.3061 -1.30695
6.52 0 0 0 0 -0.269564 -0.264441 -0.255877 -0.25987 -0.363084 -0.367358 -0.367753 -0.359818 -0.537578 -0.535599 -0.534649 -0.535138
6.54 0 0 0 0 -0.245802 -0.247556 -0.253888 -0.245736 -0.172639 -0.165408 -0.165302 -0.171735 0.0318335 0.0305365 0.030814 0.0327323
6.56 0 0 0 0 -0.185412 -0.193721 -0.192884 -0.206468 0.00210643 -0.00356796 -0.00410359 -0.00601937 0.442488 0.441531 0.440943 0.440144
6.58 0 0 0 0 0.161999 0.176259 0.176708 0.189221 0.443373 0.44725 0.446835 0.452948 0.935313 0.935034 0.934989 0.936676
6.6 0 0 0 0 0.373826 0.34197 0.334313 0.318414 1.00215 0.992338 0.993158 0.987688 1.3981 1.39717 1.39784 1.39688
