0.02 0 0 0 0 0.000732688 0.000734718 0.000734712 0.000732656 0.000876101 0.000875501 0.000875498 0.00087609 0.000877255 0.000877271 0.000877269 0.000877252
0.04 0 0 0 0 0.00220154 0.00220682 0.00220678 0.00220139 0.00302651 0.00302534 0.00302531 0.00302643 0.00310191 0.00310168 0.00310168 0.00310189
0.06 0 0 0 0 0.00235842 0.00236101 0.00236093 0.0023581 0.00440429 0.00440484 0.00440478 0.00440411 0.00488029 0.00487922 0.00487919 0.00488022
0.08 0 0 0 0 0.000558147 0.000553216 0.000553055 0.000557582 0.00327886 0.00328147 0.00328142 0.00327869 0.0046537 0.00465185 0.0046518 0.00465352
0.1 0 0 0 0 -0.00104117 -0.00104762 -0.0010477 -0.00104141 0.000684973 0.000685587 0.000685497 0.000684642 0.00287844 0.00287706 0.00287701 0.00287823
0.12 0 0 0 0 0.000372733 0.000376206 0.000376263 0.000372893 0.00026745 0.000263101 0.000262989 0.0002671 0.00195557 0.00195572 0.00195569 0.00195542
0.14 0 0 0 0 0.00362873 0.00364206 0.00364198 0.0036285 0.00327263 0.00326797 0.00326802 0.00327277 0.00283943 0.00284027 0.00284027 0.00283944
0.16 0 0 0 0 0.00412143 0.00412845 0.0041284 0.00412117 0.00573736 0.00574017 0.00574013 0.00573718 0.0035566 0.00355596 0.00355595 0.0035566
0.18 0 0 0 0 0.00120037 0.00119333 0.00119316 0.00119972 0.00438145 0.0043895 0.00438951 0.00438153 0.00335775 0.00335553 0.00335547 0.0033576
0.2 0 0 0 0 -0.00116658 -0.00117428 -0.00117444 -0.00116704 0.000887838 0.000888894 0.000888895 0.000887759 0.00336875 0.0033673 0.0033673 0.00336877
0.22 0 0 0 0 -0.000464798 -0.000460801 -0.00046067 -0.000464469 -0.000594942 -0.000604239 -0.000604521 -0.000595822 0.0037905 0.00379077 0.00379074 0.0037904
0.24 0 0 0 0 0.00155359 0.00156205 0.00156198 0.00155342 0.00134356 0.00133666 0.00133662 0.00134339 0.00337163 0.00337182 0.0033717 0.00337105
0.26 0 0 0 0 0.00244283 0.00244383 0.00244374 0.00244261 0.00408823 0.00409343 0.00409346 0.00408834 0.00193751 0.00193685 0.00193691 0.0019379
0.28 0 0 0 0 0.00191606 0.00191157 0.00191147 0.00191536 0.00418837 0.00419812 0.0041981 0.00418832 0.0008739 0.00087216 0.000872165 0.000873718
0.3 0 0 0 0 0.000276724 0.000276168 0.000276004 0.000276393 0.000647367 0.00064858 0.000648669 0.000647577 0.000329938 0.00032968 0.000329537 0.00032971
0.32 0 0 0 0 -0.00250224 -0.00250154 -0.00250135 -0.00250177 -0.00443325 -0.00444066 -0.00444071 -0.00443336 -0.00151643 -0.00151511 -0.00151493 -0.00151604
0.34 0 0 0 0 -0.00541491 -0.00542283 -0.00542297 -0.00541536 -0.00825476 -0.00825918 -0.00825919 -0.00825479 -0.00591643 -0.00591526 -0.00591539 -0.00591677
0.36 0 0 0 0 -0.00719235 -0.0072083 -0.00720828 -0.00719219 -0.0108836 -0.0108792 -0.0108792 -0.0108835 -0.0125786 -0.0125771 -0.0125771 -0.0125784
0.38 0 0 0 0 -0.00690846 -0.00691998 -0.00691985 -0.0069083 -0.0133744 -0.0133685 -0.0133685 -0.0133746 -0.0190364 -0.0190335 -0.0190335 -0.0190365
0.4 0 0 0 0 -0.00507369 -0.00507022 -0.00507058 -0.00507467 -0.0149618 -0.014963 -0.0149631 -0.014962 -0.022162 -0.0221562 -0.0221563 -0.0221621
0.42 0 0 0 0 -0.0041912 -0.00418257 -0.0041832 -0.00419377 -0.014602 -0.0146074 -0.0146079 -0.014604 -0.0211657 -0.0211598 -0.02116 -0.021167
0.44 0 0 0 0 -0.00582299 -0.00582766 -0.00582821 -0.00582473 -0.0129509 -0.0129505 -0.0129508 -0.012952 -0.0175632 -0.0175595 -0.0175598 -0.0175638
0.46 0 0 0 0 -0.00825634 -0.00827705 -0.00827705 -0.00825704 -0.0116707 -0.0116645 -0.0116645 -0.0116712 -0.0133279 -0.013327 -0.0133268 -0.0133279
0.48 0 0 0 0 -0.00769524 -0.00771378 -0.00771415 -0.00769673 -0.0102139 -0.0102123 -0.0102125 -0.0102145 -0.00902964 -0.00902911 -0.00902943 -0.00903013
0.5 0 0 0 0 -0.00364336 -0.00364432 -0.00364449 -0.00364435 -0.00696808 -0.00697444 -0.00697422 -0.00696762 -0.00533603 -0.00533407 -0.00533389 -0.00533575
0.52 0 0 0 0 0.00083304 0.000842173 0.000841951 0.000832095 -0.00166728 -0.00167226 -0.00167246 -0.0016679 -0.0026415 -0.00263969 -0.00263981 -0.00264178
0.54 0 0 0 0 0.00382511 0.00383237 0.00383237 0.00382549 0.004472 0.00447601 0.00447592 0.00447165 0.000848266 0.000848144 0.000848114 0.000848294
0.56 0 0 0 0 0.00590691 0.00591268 0.00591282 0.00590685 0.00992025 0.00992688 0.00992692 0.00992014 0.00753244 0.00753033 0.00753032 0.00753195
0.58 0 0 0 0 0.00786232 0.00787335 0.00787307 0.00786198 0.0144315 0.0144303 0.0144302 0.0144315 0.0173346 0.0173314 0.0173313 0.0173347
0.6 0 0 0 0 0.0091814 0.0091948 0.00919507 0.00918178 0.0186893 0.0186819 0.018682 0.0186893 0.0269737 0.0269691 0.0269693 0.0269739
0.62 0 0 0 0 0.00974074 0.00974702 0.00974682 0.0097404 0.0228819 0.0228784 0.0228782 0.0228818 0.0330062 0.0329991 0.0329988 0.0330058
0.64 0 0 0 0 0.0103468 0.0103474 0.0103475 0.010347 0.0255202 0.0255239 0.025524 0.0255204 0.0340923 0.0340838 0.0340841 0.0340927
0.66 0 0 0 0 0.0108777 0.0108824 0.0108824 0.0108775 0.024306 0.0243095 0.0243092 0.0243048 0.0304238 0.0304162 0.030416 0.0304232
0.68 0 0 0 0 0.0100502 0.0100609 0.0100597 0.0100453 0.0188942 0.0188917 0.0188912 0.018892 0.0230818 0.0230768 0.0230765 0.0230808
0.7 0 0 0 0 0.00692581 0.00693944 0.00693929 0.00692474 0.0112449 0.0112406 0.0112405 0.0112444 0.0136401 0.0136383 0.0136383 0.01364
0.72 0 0 0 0 0.00165615 0.00165865 0.00165881 0.00165618 0.00280599 0.00280556 0.00280549 0.0028057 0.00314906 0.00314837 0.00314829 0.00314883
0.74 0 0 0 0 -0.00427329 -0.00428404 -0.00428454 -0.00427425 -0.00631927 -0.00631521 -0.00631523 -0.00631922 -0.00779496 -0.00779419 -0.0077941 -0.00779476
0.76 0 0 0 0 -0.00829995 -0.00831214 -0.00831154 -0.00829864 -0.0149225 -0.014921 -0.014921 -0.0149225 -0.0177857 -0.0177826 -0.0177826 -0.0177857
0.78 0 0 0 0 -0.0083924 -0.00839473 -0.00839522 -0.00839373 -0.0194356 -0.0194405 -0.0194406 -0.0194359 -0.0241088 -0.0241027 -0.0241028 -0.024109
0.8 0 0 0 0 -0.00570718 -0.00569882 -0.00569867 -0.00570644 -0.0177138 -0.017719 -0.017719 -0.0177136 -0.0248999 -0.0248926 -0.0248925 -0.0248995
0.82 0 0 0 0 -0.00388543 -0.00388322 -0.00388304 -0.00388554 -0.0124909 -0.0124883 -0.0124884 -0.0124911 -0.0208609 -0.0208562 -0.0208563 -0.0208612
0.84 0 0 0 0 -0.00563608 -0.00564962 -0.00565005 -0.00563653 -0.00972673 -0.00971711 -0.00971713 -0.00972664 -0.0152883 -0.0152866 -0.0152866 -0.0152881
0.86 0 0 0 0 -0.00924642 -0.00927075 -0.00927024 -0.00924576 -0.0118149 -0.0118098 -0.0118097 -0.0118149 -0.011349 -0.0113487 -0.0113486 -0.0113489
0.88 0 0 0 0 -0.00895132 -0.00896498 -0.0089654 -0.00895182 -0.0131049 -0.0131123 -0.0131124 -0.013105 -0.00854469 -0.00854281 -0.00854292 -0.00854484
0.9 0 0 0 0 -0.00265915 -0.00265162 -0.00265136 -0.00265882 -0.00736578 -0.00737803 -0.00737792 -0.00736567 -0.00509528 -0.00509219 -0.00509211 -0.00509516
0.92 0 0 0 0 0.00503169 0.00504813 0.00504807 0.0050317 0.00386643 0.00386578 0.0038657 0.00386634 -0.000250196 -0.000248816 -0.000248854 -0.000250229
0.94 0 0 0 0 0.00824156 0.00824966 0.00824953 0.00824119 0.0125694 0.0125827 0.0125828 0.0125694 0.00582248 0.00582021 0.00582022 0.00582249
0.96 0 0 0 0 0.00542418 0.00542064 0.00542086 0.00542463 0.0125902 0.0126015 0.0126015 0.0125902 0.0117107 0.0117064 0.0117064 0.0117107
0.98 0 0 0 0 0.000174082 0.000166915 0.000166705 0.000173696 0.00615322 0.0061484 0.00614835 0.00615312 0.0149373 0.0149337 0.0149337 0.0149373
1 0 0 0 0 -0.00313045 -0.00313716 -0.00313703 -0.00313026 0.000263719 0.00024951 0.000249563 0.000263819 0.0127196 0.0127176 0.0127176 0.0127196
1.02 0 0 0 0 -0.0027908 -0.00279807 -0.0027981 -0.00279075 -0.00133253 -0.00133782 -0.00133787 -0.00133265 0.00454081 0.00453978 0.00453977 0.00454083
1.04 0 0 0 0 -0.000478177 -0.000483005 -0.000483065 -0.00047843 -0.00146882 -0.00145966 -0.00145965 -0.0014688 -0.00663984 -0.00663961 -0.00663958 -0.0066398
1.06 0 0 0 0 0.00109889 0.00110521 0.00110531 0.00109923 -0.00409035 -0.00407991 -0.00407988 -0.00409025 -0.0154363 -0.0154332 -0.0154333 -0.0154363
1.08 0 0 0 0 -4.81179e-05 -3.23243e-05 -3.23927e-05 -4.83605e-05 -0.00888905 -0.00889035 -0.0088904 -0.0088892 -0.0180386 -0.018033 -0.0180329 -0.0180385
1.1 0 0 0 0 -0.004004 -0.00399615 -0.00399614 -0.00400392 -0.0123017 -0.01231 -0.01231 -0.0123016 -0.0150015 -0.0149964 -0.0149964 -0.0150015
1.12 0 0 0 0 -0.00801997 -0.00803405 -0.008034 -0.00801988 -0.0118472 -0.0118501 -0.0118501 -0.0118472 -0.00969402 -0.00969247 -0.00969249 -0.00969408
1.14 0 0 0 0 -0.00912856 -0.00915665 -0.0091567 -0.00912863 -0.00924745 -0.00924233 -0.00924235 -0.00924749 -0.00613991 -0.00614107 -0.00614106 -0.00613987
1.16 0 0 0 0 -0.00608014 -0.00609784 -0.00609774 -0.00607987 -0.00683515 -0.00683127 -0.00683123 -0.0068351 -0.00570089 -0.00570127 -0.00570128 -0.00570091
1.18 0 0 0 0 0.00049749 0.000507529 0.000507485 0.000497411 -0.00311607 -0.00312056 -0.00312059 -0.00311611 -0.00528086 -0.00527835 -0.00527835 -0.00528086
1.2 0 0 0 0 0.00748067 0.00751064 0.00751062 0.00748061 0.00431879 0.00431213 0.00431216 0.00431886 -0.000651517 -0.000648393 -0.000648391 -0.000651514
1.22 0 0 0 0 0.0116156 0.011642 0.011642 0.0116155 0.0146602 0.0146613 0.0146613 0.0146602 0.0102713 0.0102707 0.0102707 0.0102713
1.24 0 0 0 0 0.0117638 0.0117721 0.011772 0.0117636 0.0233973 0.0234051 0.023405 0.0233972 0.025208 0.0252018 0.0252018 0.025208
1.26 0 0 0 0 0.008535 0.00852694 0.00852701 0.00853511 0.0256378 0.0256421 0.0256421 0.0256378 0.0371438 0.0371338 0.0371338 0.0371438
1.28 0 0 0 0 0.00518961 0.00517786 0.00517784 0.00518964 0.0220375 0.0220322 0.0220322 0.0220375 0.0399459 0.039936 0.0399361 0.0399459
1.3 0 0 0 0 0.00443577 0.004432 0.004432 0.00443569 0.0166853 0.0166764 0.0166764 0.0166853 0.0316988 0.031692 0.031692 0.0316989
1.32 0 0 0 0 0.0055246 0.00553064 0.00553061 0.00552457 0.0114373 0.0114349 0.0114345 0.0114357 0.0152786 0.0152744 0.0152741 0.015277
1.34 0 0 0 0 0.00551161 0.00552404 0.00552413 0.00551176 0.00482424 0.00483225 0.00483233 0.00482515 -0.00290436 -0.00290279 -0.00290274 -0.00290347
1.36 0 0 0 0 0.0016174 0.00162948 0.00162951 0.00161752 -0.0051094 -0.00510217 -0.00510194 -0.00510944 -0.0170923 -0.0170885 -0.0170883 -0.0170925
1.38 0 0 0 0 -0.00552739 -0.00552374 -0.00552384 -0.00552761 -0.0163713 -0.0163724 -0.0163729 -0.0163723 -0.0244939 -0.0244877 -0.0244881 -0.0244945
1.4 0 0 0 0 -0.0114813 -0.011489 -0.0114889 -0.0114813 -0.0231165 -0.0231239 -0.0231233 -0.0231154 -0.0251076 -0.025101 -0.0251005 -0.0251066
1.42 0 0 0 0 -0.0123574 -0.0123727 -0.0123727 -0.0123575 -0.0215857 -0.0215921 -0.0215924 -0.0215867 -0.0212506 -0.0212464 -0.0212468 -0.0212515
1.44 0 0 0 0 -0.00885786 -0.00887381 -0.00887382 -0.00885796 -0.0146099 -0.0146073 -0.0146073 -0.0146095 -0.016528 -0.0165251 -0.0165249 -0.0165274
1.46 0 0 0 0 -0.00439522 -0.00440503 -0.00440499 -0.00439505 -0.00808441 -0.00807728 -0.008077 -0.00808424 -0.0128981 -0.012897 -0.0128969 -0.0128983
1.48 0 0 0 0 -0.00102834 -0.00102716 -0.0010272 -0.00102841 -0.00444466 -0.00444122 -0.00444167 -0.00444514 -0.00918096 -0.00917876 -0.00917905 -0.00918114
1.5 0 0 0 0 0.00110271 0.00111261 0.00111262 0.00110272 -0.00161205 -0.00161597 -0.0016155 -0.00161149 -0.0034375 -0.00343569 -0.00343529 -0.00343707
1.52 0 0 0 0 0.00227714 0.0022853 0.00228531 0.00227716 0.00278075 0.00277596 0.00277563 0.00278039 0.00419815 0.00419838 0.00419799 0.00419769
1.54 0 0 0 0 0.00333007 0.00332969 0.00332966 0.00333002 0.00867372 0.00867437 0.00867451 0.00867374 0.0121753 0.0121722 0.0121725 0.0121756
1.56 0 0 0 0 0.00602868 0.00602805 0.00602808 0.00602872 0.0150596 0.0150627 0.0150627 0.0150598 0.0198486 0.0198436 0.0198434 0.0198485
1.58 0 0 0 0 0.010245 0.0102559 0.0102559 0.010245 0.0208114 0.0208103 0.0208101 0.020811 0.0265853 0.0265798 0.0265798 0.0265852
1.6 0 0 0 0 0.0121296 0.0121457 0.0121457 0.0121297 0.0233859 0.0233831 0.0233832 0.0233863 0.0296039 0.0295984 0.0295985 0.0296042
1.62 0 0 0 0 0.00873291 0.00873673 0.00873676 0.00873305 0.0200309 0.020033 0.0200329 0.0200307 0.026066 0.0260598 0.0260597 0.0260657
1.64 0 0 0 0 0.00151546 0.00150207 0.0015021 0.00151543 0.00981524 0.00982111 0.00982117 0.00981533 0.015221 0.0152158 0.0152159 0.0152213
1.66 0 0 0 0 -0.00485286 -0.00486836 -0.00486846 -0.00485304 -0.00409701 -0.00409597 -0.00409586 -0.0040967 -0.000629811 -0.000630826 -0.000630886 -0.000629888
1.68 0 0 0 0 -0.006881 -0.0068814 -0.00688136 -0.00688094 -0.0153314 -0.0153391 -0.0153392 -0.0153318 -0.0167868 -0.0167821 -0.016782 -0.0167868
1.7 0 0 0 0 -0.00677523 -0.00676622 -0.00676624 -0.0067753 -0.0210521 -0.0210577 -0.0210577 -0.0210519 -0.0298865 -0.0298779 -0.0298779 -0.0298864
1.72 0 0 0 0 -0.0087747 -0.00877624 -0.0087763 -0.00877479 -0.0239841 -0.023978 -0.023978 -0.0239842 -0.0382354 -0.0382272 -0.0382272 -0.0382356
1.74 0 0 0 0 -0.0131775 -0.0131956 -0.0131955 -0.0131774 -0.0275849 -0.0275735 -0.0275736 -0.027585 -0.040708 -0.0407007 -0.0407007 -0.0407078
1.76 0 0 0 0 -0.0163399 -0.016361 -0.0163611 -0.0163399 -0.0308773 -0.0308759 -0.0308757 -0.030877 -0.0373522 -0.037345 -0.037345 -0.0373523
1.78 0 0 0 0 -0.014496 -0.0145059 -0.0145057 -0.0144956 -0.0283889 -0.0284005 -0.0284006 -0.0283891 -0.0292305 -0.029223 -0.029223 -0.0292304
1.8 0 0 0 0 -0.00865954 -0.0086638 -0.00866523 -0.00866558 -0.0181664 -0.0181756 -0.0181758 -0.0181681 -0.0191923 -0.019187 -0.0191871 -0.0191926
1.82 0 0 0 0 -0.00372233 -0.00373272 -0.00373331 -0.00372403 -0.00644309 -0.00643564 -0.00643609 -0.00644428 -0.0108728 -0.0108719 -0.0108721 -0.0108734
1.84 0 0 0 0 -0.000731118 -0.000743286 -0.000742253 -0.000728512 0.000833171 0.000847468 0.000847417 0.000832586 -0.00378823 -0.00378993 -0.00378994 -0.00378889
1.86 0 0 0 0 0.00356276 0.00356865 0.00356759 0.00356009 0.00561271 0.00561218 0.00561208 0.00561254 0.00587266 0.00587182 0.00587178 0.00587273
1.88 0 0 0 0 0.00944189 0.00947051 0.00947109 0.00944345 0.0132068 0.0131916 0.0131917 0.0132072 0.018793 0.0187923 0.0187924 0.0187931
1.9 0 0 0 0 0.0138078 0.0138322 0.0138322 0.0138073 0.0246034 0.0245949 0.0245947 0.0246027 0.0318657 0.0318607 0.0318606 0.0318653
1.92 0 0 0 0 0.014521 0.014522 0.0145214 0.0145202 0.0338328 0.0338434 0.0338433 0.033833 0.0410939 0.0410831 0.0410832 0.0410942
1.94 0 0 0 0 0.0122063 0.0121957 0.0121965 0.0122077 0.0337597 0.0337737 0.0337739 0.0337597 0.0432893 0.0432765 0.0432765 0.043289
1.96 0 0 0 0 0.00947324 0.00947401 0.00947325 0.00947203 0.0250084 0.0250054 0.0250052 0.0250084 0.0376768 0.0376682 0.0376681 0.0376768
1.98 0 0 0 0 0.00921861 0.00924117 0.00924166 0.0092194 0.0166707 0.0166533 0.0166536 0.0166709 0.0274796 0.0274767 0.0274769 0.0274799
2 0 0 0 0 0.0108067 0.0108353 0.0108353 0.0108069 0.0148074 0.0147977 0.0147975 0.0148073 0.0170796 0.0170787 0.0170785 0.0170794
2.02 0 0 0 0 0.00993779 0.00995088 0.00995079 0.00993729 0.0147133 0.0147243 0.0147244 0.0147134 0.00859889 0.00859665 0.00859677 0.00859903
2.04 0 0 0 0 0.00491575 0.00491238 0.00491233 0.00491467 0.00913753 0.00915387 0.00915384 0.00913745 0.00295614 0.00295346 0.0029534 0.00295609
2.06 0 0 0 0 -0.00204701 -0.00205277 -0.00205335 -0.00204819 -0.00215091 -0.00215124 -0.0021512 -0.00215072 -0.000801196 -0.000801452 -0.000801539 -0.000801453
2.08 0 0 0 0 -0.00776731 -0.00777135 -0.00777076 -0.00776601 -0.0125601 -0.0125758 -0.0125757 -0.01256 -0.00552454 -0.00552176 -0.00552166 -0.00552428
2.1 0 0 0 0 -0.00965103 -0.00966191 -0.00966236 -0.00965223 -0.0160923 -0.0161022 -0.0161024 -0.0160925 -0.0124928 -0.0124896 -0.0124896 -0.0124929
2.12 0 0 0 0 -0.0074034 -0.00741678 -0.00741672 -0.00740314 -0.0138227 -0.0138153 -0.0138151 -0.0138225 -0.0197705 -0.0197676 -0.0197677 -0.0197707
2.14 0 0 0 0 -0.00381335 -0.00381754 -0.00381727 -0.00381279 -0.0116369 -0.0116241 -0.0116243 -0.0116371 -0.0240361 -0.024032 -0.024032 -0.024036
2.16 0 0 0 0 -0.00300274 -0.00299529 -0.00299577 -0.0030038 -0.0131305 -0.0131277 -0.0131277 -0.0131306 -0.023759 -0.023753 -0.023753 -0.023759
2.18 0 0 0 0 -0.00554914 -0.00554317 -0.00554271 -0.0055481 -0.0153505 -0.015358 -0.015358 -0.0153503 -0.0191279 -0.0191221 -0.0191222 -0.019128
2.2 0 0 0 0 -0.00721091 -0.00721833 -0.00721859 -0.00721159 -0.0125888 -0.0125955 -0.0125956 -0.012589 -0.0108282 -0.0108254 -0.0108254 -0.0108282
2.22 0 0 0 0 -0.00479154 -0.00480621 -0.00480623 -0.00479143 -0.00428448 -0.00428338 -0.00428336 -0.00428441 -0.00124632 -0.00124721 -0.00124718 -0.00124622
2.24 0 0 0 0 -0.0015538 -0.00156838 -0.00156812 -0.00155338 0.00225815 0.00226515 0.00226517 0.00225818 0.00405732 0.00405441 0.00405433 0.00405711
2.26 0 0 0 0 -0.00154064 -0.00155251 -0.00155284 -0.00154124 0.000906348 0.000912431 0.000912404 0.000906259 0.00165609 0.00165418 0.00165424 0.00165623
2.28 0 0 0 0 -0.000782302 -0.000779799 -0.000779504 -0.000781768 -0.00258336 -0.00258663 -0.00258662 -0.0025833 -0.00246772 -0.00246655 -0.00246652 -0.00246769
2.3 0 0 0 0 0.00276511 0.00278537 0.00278521 0.00276483 -0.00125692 -0.00126677 -0.00126675 -0.00125693 -0.00276759 -0.00276439 -0.00276448 -0.00276775
2.32 0 0 0 0 0.0039504 0.00396433 0.00396433 0.00395037 0.00259031 0.0025893 0.00258927 0.00259031 -0.000904762 -0.000903379 -0.000903303 -0.000904612
2.34 0 0 0 0 0.0016009 0.00159427 0.00159438 0.00160113 0.00462425 0.00463479 0.00463481 0.00462423 0.00196346 0.00196136 0.00196135 0.00196344
2.36 0 0 0 0 -0.000174646 -0.000185998 -0.000186148 -0.000174951 0.00413497 0.00414091 0.0041409 0.004135 0.00619538 0.00619239 0.00619234 0.00619528
2.38 0 0 0 0 -0.00155274 -0.00155712 -0.00155697 -0.00155245 0.000739305 0.000732726 0.000732736 0.000739285 0.00731843 0.00731706 0.00731711 0.00731854
2.4 0 0 0 0 -0.00577885 -0.00579037 -0.00579047 -0.00577903 -0.00638757 -0.00639356 -0.00639358 -0.00638758 -0.000651339 -0.00065142 -0.000651439 -0.000651369
2.42 0 0 0 0 -0.00892921 -0.00894868 -0.00894865 -0.00892917 -0.013288 -0.0132847 -0.0132847 -0.0132879 -0.0140254 -0.0140238 -0.0140238 -0.0140254
2.44 0 0 0 0 -0.00676213 -0.00676654 -0.00676646 -0.00676178 -0.0162763 -0.0162721 -0.0162721 -0.0162763 -0.024552 -0.0245469 -0.0245469 -0.024552
2.46 0 0 0 0 -0.00383765 -0.00382486 -0.00382493 -0.0038379 -0.0172919 -0.0172925 -0.0172925 -0.0172919 -0.0294964 -0.0294883 -0.0294883 -0.0294964
2.48 0 0 0 0 -0.00468691 -0.0046769 -0.00467675 -0.00468656 -0.0175747 -0.0175757 -0.0175757 -0.0175746 -0.028394 -0.0283863 -0.0283863 -0.028394
2.5 0 0 0 0 -0.00666032 -0.0066656 -0.00666572 -0.00666055 -0.0147852 -0.0147841 -0.014784 -0.014785 -0.0201069 -0.0201026 -0.0201026 -0.0201069
2.52 0 0 0 0 -0.00610846 -0.00612197 -0.0061221 -0.00610885 -0.00832917 -0.0083289 -0.00832889 -0.00832922 -0.00710236 -0.00710168 -0.00710169 -0.00710239
2.54 0 0 0 0 -0.0034249 -0.00343727 -0.00343712 -0.0034244 -0.00108917 -0.00109064 -0.00109068 -0.00108907 0.0043185 0.00431667 0.00431667 0.00431853
2.56 0 0 0 0 0.00127137 0.00126707 0.00126695 0.00127102 0.00618645 0.00618457 0.00618462 0.00618624 0.0117057 0.0117028 0.0117028 0.0117056
2.58 0 0 0 0 0.00985078 0.00986793 0.00986791 0.00985077 0.016691 0.0166882 0.0166881 0.016691 0.0195133 0.0195103 0.0195102 0.0195133
2.6 0 0 0 0 0.0188295 0.0188648 0.0188649 0.0188295 0.0293839 0.0293819 0.029382 0.0293839 0.0302423 0.0302379 0.0302379 0.0302423
2.62 0 0 0 0 0.0190147 0.019037 0.0190369 0.0190144 0.0350794 0.035085 0.0350849 0.0350792 0.0382331 0.0382249 0.0382249 0.038233
2.64 0 0 0 0 0.0102926 0.0102834 0.0102835 0.010293 0.0291287 0.0291383 0.0291383 0.0291288 0.0389932 0.0389822 0.0389822 0.0389933
2.66 0 0 0 0 0.00327109 0.00325542 0.00325536 0.00327104 0.0182444 0.018242 0.0182421 0.0182445 0.0339209 0.0339119 0.0339119 0.0339208
2.68 0 0 0 0 0.00361024 0.00361661 0.0036166 0.00361014 0.0108658 0.0108499 0.0108499 0.0108658 0.0242039 0.0242003 0.0242003 0.0242039
2.7 0 0 0 0 0.0100732 0.0101034 0.0101035 0.0100735 0.0124286 0.012417 0.0124171 0.0124287 0.0143375 0.0143377 0.0143377 0.0143376
2.72 0 0 0 0 0.0170919 0.0171305 0.0171306 0.017092 0.0204843 0.02049 0.0204899 0.0204842 0.0108375 0.0108371 0.0108371 0.0108374
2.74 0 0 0 0 0.0178766 0.0179035 0.0179033 0.017875 0.0255905 0.0256059 0.0256059 0.0255901 0.0155787 0.0155754 0.0155754 0.0155788
2.76 0 0 0 0 0.0097924 0.00979306 0.00979148 0.00978437 0.0206715 0.0206787 0.0206787 0.0206716 0.0232068 0.0232007 0.0232006 0.0232065
2.78 0 0 0 0 -0.00423696 -0.00426281 -0.00426361 -0.00423805 0.00595085 0.00594339 0.00594283 0.00594866 0.022979 0.0229722 0.022972 0.0229787
2.8 0 0 0 0 -0.0137683 -0.0138084 -0.0138078 -0.0137676 -0.00900554 -0.00902103 -0.00902271 -0.00901293 0.0105099 0.0105047 0.0105044 0.0105084
2.82 0 0 0 0 -0.0115467 -0.0115686 -0.0115698 -0.0115497 -0.0158131 -0.0158208 -0.0158215 -0.0158151 -0.0100059 -0.0100059 -0.0100063 -0.0100084
2.84 0 0 0 0 -0.00727685 -0.00727543 -0.00727453 -0.00727416 -0.0214378 -0.0214292 -0.0214281 -0.0214346 -0.0361353 -0.0361262 -0.036126 -0.0361334
2.86 0 0 0 0 -0.0150163 -0.0150288 -0.0150291 -0.0150179 -0.0389728 -0.0389533 -0.0389543 -0.0389763 -0.0661543 -0.0661425 -0.0661425 -0.0661553
2.88 0 0 0 0 -0.0327173 -0.032756 -0.0327565 -0.0327171 -0.0675861 -0.0675708 -0.0675708 -0.0675851 -0.0926004 -0.0925825 -0.092583 -0.0926008
2.9 0 0 0 0 -0.0469485 -0.0469951 -0.046994 -0.046947 -0.0921955 -0.0922053 -0.0922044 -0.0921941 -0.108227 -0.108204 -0.108203 -0.108226
2.92 0 0 0 0 -0.048232 -0.0482775 -0.0482836 -0.0482583 -0.097375 -0.0974006 -0.0974038 -0.0973856 -0.110945 -0.11092 -0.110921 -0.110948
2.94 0 0 0 0 -0.0374489 -0.0374905 -0.037501 -0.0374987 -0.0803039 -0.080317 -0.0803212 -0.0803226 -0.101341 -0.101318 -0.10132 -0.101345
2.96 0 0 0 0 -0.0221839 -0.0222144 -0.0222194 -0.0222113 -0.0520502 -0.0520399 -0.0520461 -0.0520742 -0.0798931 -0.0798798 -0.0798815 -0.0799004
2.98 0 0 0 0 -0.00912947 -0.00914351 -0.00914746 -0.00914826 -0.0254437 -0.0254303 -0.0254346 -0.0254633 -0.0472003 -0.0471929 -0.0471942 -0.0472057
3 0 0 0 0 0.00301356 0.00302872 0.00302679 0.00300974 -6.34588e-06 -1.27669e-05 -1.39281e-05 -1.07324e-05 -0.00298976 -0.00298827 -0.00298849 -0.00299165
3.02 0 0 0 0 0.01846 0.0185011 0.0185045 0.0184687 0.0332953 0.0332733 0.0332748 0.0333014 0.0498092 0.0498036 0.0498035 0.0498107
3.04 0 0 0 0 0.0356297 0.0356665 0.0356626 0.0356178 0.0744399 0.0744239 0.0744223 0.0744325 0.101392 0.101371 0.101371 0.10139
3.06 0 0 0 0 0.050926 0.0509558 0.0509568 0.0509304 0.112143 0.112155 0.112154 0.112142 0.14237 0.142337 0.142337 0.14237
3.08 0 0 0 0 0.0648446 0.0648924 0.0648931 0.0648438 0.137516 0.137529 0.137531 0.137518 0.171311 0.171272 0.171273 0.171311
3.1 0 0 0 0 0.076143 0.0762327 0.0762314 0.0761474 0.149923 0.149912 0.14991 0.149921 0.189183 0.189145 0.189145 0.189182
3.12 0 0 0 0 0.0771963 0.0772793 0.0772716 0.077153 0.149746 0.149721 0.149721 0.149737 0.191425 0.191389 0.191389 0.191426
3.14 0 0 0 0 0.0638314 0.0638309 0.0638078 0.0637186 0.134456 0.134433 0.134417 0.134398 0.172752 0.172707 0.172702 0.172735
3.16 0 0 0 0 0.0406767 0.0406672 0.0406467 0.0406431 0.100004 0.1 0.0999874 0.0999513 0.131559 0.13152 0.131516 0.131545
3.18 0 0 0 0 0.0143061 0.0143128 0.014306 0.0144023 0.046145 0.046145 0.0461404 0.0461204 0.0683858 0.0683625 0.0683625 0.0683794
3.2 0 0 0 0 -0.0138765 -0.0139125 -0.0139013 -0.0139082 -0.0204793 -0.0204929 -0.0204983 -0.0204945 -0.0142523 -0.0142518 -0.0142538 -0.0142577
3.22 0 0 0 0 -0.0417715 -0.0418098 -0.0418278 -0.0418117 -0.0866631 -0.0866721 -0.0866676 -0.0866514 -0.105393 -0.105366 -0.105364 -0.105387
3.24 0 0 0 0 -0.0639737 -0.0640308 -0.0640157 -0.0639619 -0.139778 -0.139778 -0.139783 -0.139795 -0.18614 -0.186103 -0.186105 -0.186147
3.26 0 0 0 0 -0.0801447 -0.0802274 -0.080239 -0.0802294 -0.177307 -0.177296 -0.177299 -0.177315 -0.242117 -0.242063 -0.242063 -0.242114
3.28 0 0 0 0 -0.0920168 -0.0921057 -0.0921072 -0.0920356 -0.200051 -0.20004 -0.200035 -0.200042 -0.266948 -0.266891 -0.266891 -0.266948
3.3 0 0 0 0 -0.0950075 -0.0950875 -0.0950797 -0.0950379 -0.201386 -0.201389 -0.201393 -0.201391 -0.25764 -0.257584 -0.257585 -0.257641
3.32 0 0 0 0 -0.082961 -0.0830393 -0.0830498 -0.0829483 -0.173171 -0.173178 -0.173173 -0.173158 -0.215541 -0.215491 -0.215487 -0.215531
3.34 0 0 0 0 -0.0565328 -0.0565862 -0.0566044 -0.0566159 -0.117381 -0.117415 -0.117434 -0.117466 -0.147854 -0.14783 -0.147839 -0.147882
3.36 0 0 0 0 -0.0233882 -0.0233007 -0.0233288 -0.0232417 -0.047647 -0.0476504 -0.0476618 -0.0476695 -0.0650335 -0.0650222 -0.0650243 -0.0650423
3.38 0 0 0 0 0.00988149 0.0098332 0.00988528 0.0098779 0.0216256 0.0216519 0.0216679 0.0216581 0.0229616 0.0229573 0.0229633 0.0229746
3.4 0 0 0 0 0.0399562 0.0399797 0.0399155 0.0398413 0.0832794 0.0832617 0.0832442 0.0832366 0.107312 0.107287 0.107281 0.1073
3.42 0 0 0 0 0.0652864 0.065352 0.0654033 0.0653639 0.135805 0.135798 0.135806 0.135823 0.179581 0.179544 0.179544 0.179581
3.44 0 0 0 0 0.0850575 0.0850727 0.0850455 0.0849046 0.178028 0.178013 0.178009 0.178008 0.232629 0.232582 0.232584 0.232634
3.46 0 0 0 0 0.0984084 0.0985067 0.0984962 0.0984333 0.205825 0.20582 0.205812 0.205811 0.26289 0.262832 0.262829 0.262884
3.48 0 0 0 0 0.102557 0.102615 0.102666 0.102594 0.212301 0.212328 0.212347 0.212348 0.26786 0.267802 0.267802 0.267859
3.5 0 0 0 0 0.0906692 0.0908005 0.0907279 0.0906558 0.18974 0.18972 0.189706 0.189705 0.242092 0.242043 0.242047 0.242103
3.52 0 0 0 0 0.0617203 0.0617462 0.0618127 0.061804 0.137406 0.13742 0.137428 0.137424 0.182918 0.182876 0.182874 0.182913
3.54 0 0 0 0 0.0227644 0.0228035 0.022753 0.0228698 0.0628734 0.0628772 0.0628782 0.0628856 0.0931057 0.0930761 0.093073 0.0930949
3.56 0 0 0 0 -0.0137501 -0.0137958 -0.0137651 -0.0137582 -0.0180575 -0.018059 -0.0180779 -0.0180853 -0.0135777 -0.0135785 -0.0135746 -0.0135737
3.58 0 0 0 0 -0.0366038 -0.036632 -0.0366455 -0.0366592 -0.0853998 -0.0854101 -0.085393 -0.0853835 -0.112645 -0.112615 -0.112617 -0.112646
3.6 0 0 0 0 -0.0510836 -0.0510838 -0.0510934 -0.0511216 -0.132439 -0.13246 -0.132476 -0.132472 -0.18761 -0.187569 -0.187573 -0.187621
3.62 0 0 0 0 -0.0709226 -0.0709991 -0.0709804 -0.0710067 -0.166808 -0.166802 -0.166802 -0.166825 -0.234825 -0.234768 -0.234765 -0.234816
3.64 0 0 0 0 -0.0967881 -0.0969077 -0.0969425 -0.0968563 -0.195425 -0.195413 -0.195414 -0.195438 -0.256236 -0.256186 -0.256187 -0.256239
3.66 0 0 0 0 -0.11022 -0.110311 -0.110274 -0.110174 -0.208808 -0.208788 -0.208789 -0.208798 -0.251155 -0.25111 -0.251115 -0.251167
3.68 0 0 0 0 -0.0960733 -0.0961758 -0.0962071 -0.0960797 -0.189719 -0.189768 -0.189762 -0.189725 -0.219976 -0.219917 -0.219907 -0.219953
3.7 0 0 0 0 -0.0643803 -0.0643758 -0.0643611 -0.0643194 -0.138955 -0.138958 -0.138963 -0.138947 -0.171817 -0.171782 -0.171785 -0.171827
3.72 0 0 0 0 -0.0321306 -0.032133 -0.0321267 -0.0320864 -0.0747276 -0.0747089 -0.0746945 -0.0747094 -0.11289 -0.112867 -0.112872 -0.112898
3.74 0 0 0 0 -0.00353323 -0.00357518 -0.00359388 -0.00358015 -0.0131168 -0.0130821 -0.0130963 -0.0131371 -0.0394106 -0.0394035 -0.0393952 -0.039395
3.76 0 0 0 0 0.0241638 0.0242228 0.0242419 0.0241959 0.0427954 0.0428026 0.0428091 0.0428018 0.0485375 0.0485247 0.0485187 0.0485215
3.78 0 0 0 0 0.0478182 0.0478407 0.0478266 0.0477589 0.0955047 0.0954583 0.0954574 0.0955033 0.13532 0.135297 0.135296 0.135321
3.8 0 0 0 0 0.0656266 0.0656784 0.0656788 0.06559 0.145871 0.145857 0.145849 0.145848 0.203525 0.203483 0.203486 0.203529
3.82 0 0 0 0 0.0827612 0.0827533 0.0827613 0.0827189 0.18794 0.187945 0.187946 0.18794 0.24631 0.246252 0.246249 0.246305
3.84 0 0 0 0 0.0976802 0.0977927 0.0977837 0.0977349 0.208491 0.208524 0.208524 0.208516 0.261763 0.261703 0.261702 0.261762
3.86 0 0 0 0 0.097589 0.0976601 0.0976807 0.097655 0.195988 0.195987 0.195991 0.19599 0.245176 0.245126 0.245128 0.24518
3.88 0 0 0 0 0.0747001 0.0748291 0.0748131 0.0747552 0.151646 0.151649 0.151652 0.151672 0.1954 0.19536 0.195363 0.195407
3.9 0 0 0 0 0.0420515 0.0420843 0.0421031 0.0421123 0.0927255 0.0927249 0.09273 0.0927321 0.124933 0.124903 0.124899 0.124922
3.92 0 0 0 0 0.0140011 0.0139996 0.0139878 0.0139893 0.0336921 0.0336901 0.0336849 0.0336883 0.0472949 0.0472844 0.0472866 0.0473007
3.94 0 0 0 0 -0.00985677 -0.00984108 -0.00983868 -0.00985048 -0.0234368 -0.0234341 -0.0234293 -0.0234292 -0.031943 -0.0319336 -0.0319309 -0.0319388
3.96 0 0 0 0 -0.0361027 -0.036166 -0.0361612 -0.0361445 -0.0806235 -0.0806308 -0.0806357 -0.0806424 -0.109168 -0.109147 -0.109152 -0.109178
3.98 0 0 0 0 -0.0647612 -0.064816 -0.0648321 -0.064832 -0.135245 -0.13524 -0.135242 -0.135255 -0.177198 -0.17716 -0.177157 -0.177195
4 0 0 0 0 -0.0865215 -0.0866586 -0.086646 -0.0865916 -0.17724 -0.17725 -0.177252 -0.177262 -0.225542 -0.225493 -0.225493 -0.22554
4.02 0 0 0 0 -0.0938144 -0.0938662 -0.0938805 -0.0938327 -0.195908 -0.195919 -0.195923 -0.195916 -0.246916 -0.246864 -0.246867 -0.246924
4.04 0 0 0 0 -0.0879392 -0.0879923 -0.0879877 -0.0879503 -0.188059 -0.18806 -0.188053 -0.18805 -0.240725 -0.24067 -0.240668 -0.24072
4.06 0 0 0 0 -0.0764349 -0.0764902 -0.076495 -0.0763675 -0.161093 -0.161089 -0.161093 -0.161097 -0.211707 -0.211659 -0.211656 -0.211698
4.08 0 0 0 0 -0.0611849 -0.0612177 -0.0612064 -0.0611466 -0.123465 -0.123442 -0.123433 -0.123449 -0.163174 -0.163145 -0.163149 -0.163183
4.1 0 0 0 0 -0.0388046 -0.0388478 -0.0388587 -0.038803 -0.0773332 -0.0773282 -0.0773319 -0.0773338 -0.0976652 -0.0976453 -0.0976442 -0.0976641
4.12 0 0 0 0 -0.0126682 -0.0125898 -0.0125822 -0.0125445 -0.0247544 -0.0247691 -0.0247679 -0.0247503 -0.0245861 -0.0245765 -0.0245729 -0.0245788
4.14 0 0 0 0 0.0135254 0.0134797 0.0134854 0.0134422 0.0311224 0.0311196 0.0311239 0.031129 0.0458933 0.0458808 0.0458769 0.0458853
4.16 0 0 0 0 0.0400001 0.04002 0.0399952 0.0399767 0.0859621 0.0859594 0.0859504 0.0859418 0.109624 0.1096 0.1096 0.109624
4.18 0 0 0 0 0.0640686 0.0641083 0.0641399 0.0640478 0.131319 0.131327 0.13133 0.13132 0.163058 0.163022 0.163024 0.163061
4.2 0 0 0 0 0.0792605 0.0792648 0.0792282 0.0791323 0.159415 0.159408 0.159401 0.159399 0.200373 0.20033 0.200328 0.200369
4.22 0 0 0 0 0.0819922 0.0821088 0.0821348 0.0820277 0.168323 0.168314 0.168311 0.168319 0.21672 0.216674 0.216673 0.216718
4.24 0 0 0 0 0.0751203 0.0751407 0.0751393 0.0751636 0.160396 0.160401 0.160407 0.160428 0.210191 0.210147 0.210149 0.210194
4.26 0 0 0 0 0.0637414 0.0638038 0.0637908 0.0637274 0.138885 0.138889 0.138886 0.138875 0.182248 0.182207 0.182208 0.182252
4.28 0 0 0 0 0.0521836 0.0522503 0.0522714 0.0522621 0.108081 0.108087 0.108092 0.108107 0.138723 0.138693 0.138693 0.138722
4.3 0 0 0 0 0.0391381 0.0391992 0.0391843 0.0391623 0.0716514 0.0716468 0.0716518 0.0716592 0.0865641 0.0865487 0.0865488 0.0865648
4.32 0 0 0 0 0.0197585 0.0198004 0.0198099 0.0197514 0.0304774 0.0304751 0.0304666 0.0304621 0.0307806 0.0307754 0.0307756 0.0307808
4.34 0 0 0 0 -0.00485924 -0.00486055 -0.00486451 -0.00482687 -0.0133545 -0.0133463 -0.0133368 -0.0133337 -0.0228525 -0.0228476 -0.022848 -0.0228537
4.36 0 0 0 0 -0.026278 -0.0263181 -0.0263169 -0.026344 -0.0528535 -0.0528556 -0.0528632 -0.0528781 -0.0671944 -0.0671806 -0.06718 -0.0671926
4.38 0 0 0 0 -0.0402535 -0.0402982 -0.0403051 -0.040263 -0.0824075 -0.0824203 -0.0824208 -0.0824074 -0.10051 -0.100488 -0.10049 -0.100515
4.4 0 0 0 0 -0.050316 -0.0503777 -0.05037 -0.0503787 -0.102526 -0.102534 -0.102531 -0.102534 -0.126856 -0.126829 -0.126828 -0.126854
4.42 0 0 0 0 -0.058348 -0.058435 -0.0584467 -0.0583751 -0.115685 -0.115685 -0.115697 -0.115708 -0.147191 -0.147161 -0.147161 -0.147192
4.44 0 0 0 0 -0.0613268 -0.0613638 -0.0613507 -0.0612912 -0.122211 -0.122196 -0.122185 -0.122197 -0.157305 -0.157275 -0.157277 -0.157309
4.46 0 0 0 0 -0.0537412 -0.0537569 -0.0537648 -0.0537601 -0.115521 -0.115518 -0.115525 -0.115525 -0.149139 -0.149105 -0.149103 -0.149135
4.48 0 0 0 0 -0.0348349 -0.0348485 -0.034851 -0.0348237 -0.0874147 -0.0874434 -0.0874448 -0.0874289 -0.116354 -0.116321 -0.116321 -0.116351
4.5 0 0 0 0 -0.0120824 -0.0120322 -0.0120232 -0.0120488 -0.0405139 -0.0405114 -0.0405064 -0.0404963 -0.0615725 -0.061557 -0.0615565 -0.0615733
4.52 0 0 0 0 0.00774161 0.00773015 0.00772139 0.00771997 0.012425 0.012439 0.0124372 0.0124208 0.00611768 0.00611549 0.00611421 0.00611677
4.54 0 0 0 0 0.0235813 0.0235751 0.0235817 0.0235731 0.0581376 0.0581496 0.058148 0.0581312 0.0745986 0.0745785 0.0745791 0.074599
4.56 0 0 0 0 0.0345567 0.0345615 0.0345604 0.0345435 0.087863 0.0878632 0.0878623 0.0878645 0.126961 0.126932 0.126932 0.126962
4.58 0 0 0 0 0.0399505 0.0399444 0.0399444 0.0399584 0.100509 0.100493 0.100495 0.100513 0.149336 0.149301 0.1493 0.149332
4.6 0 0 0 0 0.0447755 0.0448066 0.0448087 0.0447978 0.103251 0.103248 0.103249 0.103267 0.143642 0.143611 0.143613 0.143644
4.62 0 0 0 0 0.0496462 0.0496603 0.0496552 0.0496176 0.0987207 0.0987258 0.0987241 0.0987089 0.120046 0.12002 0.120022 0.120051
4.64 0 0 0 0 0.0455928 0.0456995 0.0457001 0.0456496 0.0805854 0.0806038 0.0806046 0.0806021 0.0859651 0.0859467 0.0859458 0.0859614
4.66 0 0 0 0 0.0265199 0.0265465 0.0265554 0.0265386 0.0451291 0.0451359 0.0451408 0.0451326 0.045797 0.0457887 0.0457891 0.0457992
4.68 0 0 0 0 -0.00452475 -0.00453865 -0.00455006 -0.00454143 -0.00368211 -0.00368183 -0.00368854 -0.00368951 -0.000147305 -0.000148817 -0.000148124 -0.000146948
4.7 0 0 0 0 -0.0355437 -0.0356047 -0.0355959 -0.03555 -0.0550749 -0.0550806 -0.0550749 -0.0550676 -0.0522202 -0.0522115 -0.0522129 -0.0522221
4.72 0 0 0 0 -0.0543252 -0.0544312 -0.0544366 -0.0543784 -0.0967634 -0.0967765 -0.0967831 -0.0967826 -0.106599 -0.106578 -0.106577 -0.106597
4.74 0 0 0 0 -0.0592487 -0.0592762 -0.0592767 -0.0592428 -0.122999 -0.123006 -0.123007 -0.123004 -0.155447 -0.155412 -0.155414 -0.155449
4.76 0 0 0 0 -0.0578235 -0.0578314 -0.0578238 -0.0578062 -0.135434 -0.135426 -0.13542 -0.135431 -0.188508 -0.188468 -0.188469 -0.18851
4.78 0 0 0 0 -0.057677 -0.0577042 -0.0577211 -0.0577143 -0.137663 -0.137652 -0.137657 -0.137671 -0.196447 -0.196401 -0.1964 -0.196444
4.8 0 0 0 0 -0.0589054 -0.0589217 -0.0589093 -0.0588148 -0.129861 -0.129852 -0.129844 -0.129848 -0.175726 -0.175688 -0.175687 -0.175724
4.82 0 0 0 0 -0.0543717 -0.0543858 -0.054384 -0.0543357 -0.107749 -0.10775 -0.107749 -0.107739 -0.130776 -0.130749 -0.13075 -0.13078
4.84 0 0 0 0 -0.0364098 -0.0364564 -0.0364669 -0.0364127 -0.0660746 -0.0660897 -0.0660907 -0.0660794 -0.0698699 -0.0698542 -0.0698537 -0.0698682
4.86 0 0 0 0 -0.00326379 -0.00324225 -0.00322691 -0.00321652 -0.00468879 -0.00469634 -0.00469422 -0.00468054 0.000466701 0.000467842 0.00046901 0.000468366
4.88 0 0 0 0 0.0368375 0.0368537 0.0368408 0.0367663 0.0662078 0.0662066 0.0662044 0.0661984 0.0751777 0.0751626 0.0751607 0.0751743
4.9 0 0 0 0 0.0701508 0.0702082 0.0702083 0.070117 0.130135 0.130142 0.130139 0.130127 0.148569 0.148538 0.148539 0.14857
4.92 0 0 0 0 0.0883571 0.0884038 0.0884087 0.0882783 0.174687 0.17469 0.174688 0.174678 0.212975 0.212931 0.212931 0.212976
4.94 0 0 0 0 0.0925328 0.0926063 0.0925982 0.0925399 0.197017 0.19701 0.197005 0.197012 0.258363 0.258306 0.258304 0.25836
4.96 0 0 0 0 0.0890529 0.0891022 0.0891214 0.0891161 0.200266 0.200264 0.200273 0.200302 0.274216 0.274157 0.274158 0.274217
4.98 0 0 0 0 0.0818003 0.0818846 0.0818624 0.0818383 0.185961 0.185964 0.185965 0.185968 0.253582 0.253527 0.25353 0.253591
5 0 0 0 0 0.0702227 0.0702928 0.0703139 0.0703251 0.152664 0.152675 0.152675 0.152675 0.198415 0.198368 0.198366 0.19841
5.02 0 0 0 0 0.0524949 0.0525536 0.0525481 0.052517 0.101623 0.101637 0.101644 0.101644 0.120887 0.120861 0.12086 0.120885
5.04 0 0 0 0 0.0281251 0.028268 0.0282597 0.028417 0.0394436 0.0394616 0.0394635 0.0394788 0.0365722 0.0365654 0.0365685 0.036576
5.06 0 0 0 0 -0.00308588 -0.00308784 -0.00304786 -0.00318196 -0.0254293 -0.0254547 -0.0254491 -0.0254422 -0.0430597 -0.0430435 -0.0430447 -0.0430614
5.08 0 0 0 0 -0.0391325 -0.0391792 -0.0392518 -0.0392666 -0.0848965 -0.0849026 -0.0849178 -0.0849258 -0.111046 -0.111022 -0.111024 -0.111049
5.1 0 0 0 0 -0.0710836 -0.0711876 -0.0711151 -0.0710186 -0.133829 -0.133824 -0.133816 -0.133826 -0.164966 -0.164935 -0.164936 -0.164969
5.12 0 0 0 0 -0.08883 -0.0889965 -0.0890526 -0.0891137 -0.16817 -0.168184 -0.168197 -0.16822 -0.203888 -0.203845 -0.203844 -0.203883
5.14 0 0 0 0 -0.0897502 -0.0898724 -0.0898649 -0.0897708 -0.182036 -0.182052 -0.182059 -0.182054 -0.224991 -0.224943 -0.224947 -0.224998
5.16 0 0 0 0 -0.0799806 -0.079998 -0.0799633 -0.0800086 -0.174161 -0.174177 -0.174168 -0.174166 -0.225903 -0.225853 -0.225854 -0.225905
5.18 0 0 0 0 -0.066484 -0.0665403 -0.066618 -0.0666072 -0.148905 -0.148887 -0.148901 -0.148918 -0.203336 -0.20329 -0.203284 -0.203324
5.2 0 0 0 0 -0.0508479 -0.0508861 -0.0508163 -0.0507139 -0.111485 -0.111474 -0.11146 -0.111466 -0.154777 -0.154744 -0.154746 -0.15478
5.22 0 0 0 0 -0.032671 -0.0326573 -0.0327021 -0.032674 -0.0668663 -0.0668535 -0.0668525 -0.066856 -0.0863872 -0.0863725 -0.0863738 -0.0863917
5.24 0 0 0 0 -0.0136171 -0.0136709 -0.0136548 -0.0136449 -0.0194406 -0.0194565 -0.0194602 -0.0194537 -0.0132172 -0.0132116 -0.013209 -0.0132105
5.26 0 0 0 0 0.00457958 0.00458859 0.00459554 0.00464938 0.0256842 0.0256824 0.0256858 0.0256944 0.0486256 0.048611 0.0486098 0.048622
5.28 0 0 0 0 0.0218509 0.0217944 0.0217766 0.0217372 0.0620435 0.062049 0.062046 0.0620325 0.0897413 0.0897178 0.0897166 0.0897392
5.3 0 0 0 0 0.0356356 0.0356389 0.035651 0.0356673 0.0825767 0.0825834 0.0825808 0.0825715 0.107802 0.107776 0.107777 0.107804
5.32 0 0 0 0 0.0423556 0.0424021 0.0424057 0.0423192 0.0852471 0.0852525 0.0852527 0.0852516 0.106154 0.106132 0.106132 0.106154
5.34 0 0 0 0 0.0408104 0.0408626 0.0408567 0.040825 0.0756122 0.0755988 0.0755951 0.0756046 0.0923425 0.092325 0.0923236 0.0923402
5.36 0 0 0 0 0.034493 0.0345677 0.0345883 0.0345752 0.0626109 0.0626126 0.0626186 0.0626298 0.0754278 0.0754136 0.0754136 0.0754266
5.38 0 0 0 0 0.0297855 0.0298095 0.0297953 0.0297572 0.0539762 0.0539704 0.0539685 0.0539784 0.0637346 0.0637244 0.0637252 0.0637372
5.4 0 0 0 0 0.0267119 0.0267569 0.0267717 0.0267944 0.0490096 0.0490106 0.0490102 0.0490091 0.0577014 0.0576885 0.0576865 0.0576965
5.42 0 0 0 0 0.0209381 0.0209508 0.0209527 0.0209162 0.041479 0.0414838 0.0414884 0.0414925 0.0510414 0.0510314 0.0510327 0.0510443
5.44 0 0 0 0 0.010725 0.0107229 0.0106988 0.0107146 0.0273192 0.0273205 0.0273166 0.0273104 0.0379532 0.0379444 0.0379464 0.0379572
5.46 0 0 0 0 -0.00250203 -0.00251387 -0.00248099 -0.00245021 0.0054858 0.00549038 0.00549281 0.00549181 0.0145914 0.0145849 0.0145824 0.0145872
5.48 0 0 0 0 -0.0148083 -0.0148517 -0.0148803 -0.0148689 -0.0207223 -0.020723 -0.0207237 -0.0207231 -0.0181889 -0.0181864 -0.0181851 -0.0181863
5.5 0 0 0 0 -0.0226318 -0.0226482 -0.0226321 -0.0226127 -0.0446895 -0.044696 -0.044699 -0.0447013 -0.0537169 -0.0537047 -0.0537045 -0.0537162
5.52 0 0 0 0 -0.0265075 -0.0265057 -0.0265063 -0.0265332 -0.0620589 -0.0620638 -0.0620617 -0.0620554 -0.0839536 -0.0839345 -0.083936 -0.0839567
5.54 0 0 0 0 -0.0295974 -0.0296287 -0.0296505 -0.0296582 -0.0721051 -0.0721025 -0.0721041 -0.0721161 -0.102226 -0.102203 -0.102202 -0.102225
5.56 0 0 0 0 -0.0326635 -0.03266 -0.032639 -0.0326559 -0.0748586 -0.0748521 -0.0748533 -0.0748626 -0.104205 -0.104182 -0.104181 -0.104204
5.58 0 0 0 0 -0.032185 -0.0322379 -0.0322624 -0.0322451 -0.0683806 -0.0683838 -0.0683831 -0.0683871 -0.088841 -0.088821 -0.0888213 -0.088841
5.6 0 0 0 0 -0.0244456 -0.0244625 -0.0244558 -0.0244103 -0.0496072 -0.0496135 -0.0496148 -0.049605 -0.058831 -0.0588176 -0.0588166 -0.0588294
5.62 0 0 0 0 -0.00863558 -0.00862962 -0.00862315 -0.00862663 -0.0180045 -0.0180122 -0.0180078 -0.0179982 -0.0191065 -0.0191011 -0.0191015 -0.0191071
5.64 0 0 0 0 0.0117719 0.0117706 0.0117547 0.0117362 0.021533 0.0215311 0.021527 0.0215255 0.0253369 0.0253317 0.0253311 0.0253358
5.66 0 0 0 0 0.0313125 0.0313698 0.0313918 0.0313534 0.0603648 0.0603715 0.0603717 0.0603651 0.0702312 0.0702164 0.0702172 0.0702327
5.68 0 0 0 0 0.0466111 0.0466482 0.0466392 0.04659 0.0919769 0.0919789 0.0919775 0.0919766 0.112055 0.112031 0.112031 0.112054
5.7 0 0 0 0 0.0520708 0.0521315 0.0521384 0.0521611 0.109366 0.109369 0.109372 0.109381 0.141407 0.141376 0.141375 0.141404
5.72 0 0 0 0 0.0450085 0.0450131 0.0450311 0.0450525 0.106592 0.106596 0.1066 0.106608 0.146383 0.14635 0.14635 0.146383
5.74 0 0 0 0 0.0329498 0.0329556 0.0329294 0.0329466 0.086647 0.0866582 0.0866547 0.0866474 0.124636 0.124605 0.124607 0.12464
5.76 0 0 0 0 0.0258696 0.025908 0.0259339 0.0259563 0.0601047 0.0601041 0.0601102 0.0601233 0.0849858 0.0849674 0.0849683 0.0849869
5.78 0 0 0 0 0.0269523 0.02701 0.0269966 0.0269493 0.0392439 0.0392303 0.0392331 0.0392531 0.0435095 0.0435046 0.0435033 0.0435069
5.8 0 0 0 0 0.0286781 0.0287772 0.0287762 0.0287009 0.0281238 0.0281153 0.0281136 0.0281186 0.0139478 0.013952 0.0139527 0.0139488
5.82 0 0 0 0 0.0215993 0.0216603 0.0216737 0.0216349 0.0204656 0.0204735 0.0204756 0.0204711 0.00144495 0.00144827 0.00144923 0.00144662
5.84 0 0 0 0 0.00497912 0.00497857 0.00496042 0.0049572 0.00849975 0.00851706 0.00851693 0.00849746 0.00197652 0.00197334 0.00197165 0.00197304
5.86 0 0 0 0 -0.0133418 -0.0133883 -0.0133711 -0.0133234 -0.00881681 -0.00881702 -0.00881798 -0.00881575 0.00416353 0.0041596 0.00416057 0.00416545
5.88 0 0 0 0 -0.0248317 -0.0248975 -0.0249095 -0.0248686 -0.0260329 -0.0260469 -0.026046 -0.0260324 -0.00461938 -0.00462064 -0.00462006 -0.00461749
5.9 0 0 0 0 -0.0268684 -0.0269299 -0.0269279 -0.0269014 -0.0383499 -0.0383635 -0.0383662 -0.0383565 -0.0294765 -0.0294723 -0.029474 -0.0294801
5.92 0 0 0 0 -0.02535 -0.0253894 -0.0253865 -0.0253704 -0.0496698 -0.0496619 -0.0496618 -0.0496751 -0.0662656 -0.066253 -0.0662522 -0.0662636
5.94 0 0 0 0 -0.0314271 -0.0314793 -0.0314859 -0.0314868 -0.0709389 -0.0709203 -0.0709245 -0.0709557 -0.107501 -0.10748 -0.10748 -0.107501
5.96 0 0 0 0 -0.0505514 -0.0506153 -0.0506086 -0.0505801 -0.106818 -0.106808 -0.106812 -0.106835 -0.146546 -0.146517 -0.146519 -0.14655
5.98 0 0 0 0 -0.0757517 -0.0758146 -0.0758255 -0.0758057 -0.147768 -0.147772 -0.14777 -0.147769 -0.179438 -0.179401 -0.1794 -0.179437
6 0 0 0 0 -0.0932782 -0.0934047 -0.0934168 -0.0933629 -0.176475 -0.176486 -0.176488 -0.176485 -0.204024 -0.203981 -0.203979 -0.20402
6.02 0 0 0 0 -0.0943313 -0.0943942 -0.0943957 -0.0941995 -0.18189 -0.181901 -0.181898 -0.181882 -0.217801 -0.217754 -0.217753 -0.217799
6.04 0 0 0 0 -0.0789641 -0.0789811 -0.0789618 -0.0789032 -0.164302 -0.164282 -0.164275 -0.164283 -0.214534 -0.214491 -0.214492 -0.214537
6.06 0 0 0 0 -0.0562345 -0.0561276 -0.0561549 -0.0560532 -0.129816 -0.129792 -0.129787 -0.129794 -0.185313 -0.185272 -0.185272 -0.185314
6.08 0 0 0 0 -0.0332876 -0.0327829 -0.0327334 -0.0325596 -0.08359 -0.083546 -0.083538 -0.0834618 -0.123923 -0.123888 -0.123888 -0.123934
6.1 0 0 0 0 -0.00899395 -0.00886853 -0.00883153 -0.00880444 -0.0273765 -0.0273297 -0.0273023 -0.0272483 -0.0359485 -0.0359371 -0.0359346 -0.0359487
6.12 0 0 0 0 0.0185767 0.0184269 0.0183616 0.0182823 0.0401945 0.0401225 0.0401036 0.0400831 0.0629674 0.0629548 0.0629526 0.0629682
6.14 0 0 0 0 0.0532285 0.0532877 0.0533341 0.0532718 0.117553 0.117549 0.117535 0.117534 0.159619 0.159581 0.159576 0.159605
6.16 0 0 0 0 0.092976 0.0927598 0.0927291 0.0925715 0.192394 0.192374 0.192382 0.192333 0.243162 0.243107 0.24311 0.243173
6.18 0 0 0 0 0.123717 0.123637 0.123591 0.123325 0.245635 0.245592 0.245539 0.245475 0.302452 0.302383 0.302375 0.302436
6.2 0 0 0 0 0.134631 0.134591 0.134652 0.134502 0.266119 0.266115 0.266126 0.266105 0.330405 0.330329 0.330324 0.330395
6.22 0 0 0 0 0.124743 0.124687 0.124583 0.124509 0.255103 0.255053 0.255041 0.25505 0.325186 0.325127 0.325138 0.325209
6.24 0 0 0 0 0.0994155 0.0997343 0.0997759 0.0997826 0.216446 0.216495 0.216503 0.216503 0.285352 0.285285 0.285284 0.28535
6.26 0 0 0 0 0.0665584 0.066495 0.066524 0.0666037 0.153438 0.153441 0.153463 0.153483 0.209311 0.20926 0.209258 0.209305
6.28 0 0 0 0 0.0305165 0.0305545 0.0304769 0.0304952 0.0739018 0.0739305 0.0739053 0.0739186 0.103693 0.103664 0.103666 0.103692
6.3 0 0 0 0 -0.00212464 -0.00201499 -0.00190562 -0.00172095 -0.00737003 -0.00733889 -0.00730071 -0.00727643 -0.0121024 -0.012102 -0.0120999 -0.0120999
6.32 0 0 0 0 -0.0281109 -0.0282331 -0.028306 -0.0284998 -0.0782275 -0.0782794 -0.0783083 -0.0783299 -0.115285 -0.115252 -0.115254 -0.115288
6.34 0 0 0 0 -0.0541186 -0.0540703 -0.0540793 -0.0541133 -0.135759 -0.13576 -0.135768 -0.135785 -0.192342 -0.192303 -0.19231 -0.192358
6.36 0 0 0 0 -0.0818506 -0.0820018 -0.0819355 -0.0819467 -0.17898 -0.179014 -0.179003 -0.179007 -0.238957 -0.238895 -0.23889 -0.238945
6.38 0 0 0 0 -0.103612 -0.103775 -0.103882 -0.103997 -0.204762 -0.204777 -0.204818 -0.204857 -0.256052 -0.256003 -0.256008 -0.256061
6.4 0 0 0 0 -0.109485 -0.10946 -0.109321 -0.108966 -0.208387 -0.208346 -0.208308 -0.208263 -0.248951 -0.248902 -0.248909 -0.248967
6.42 0 0 0 0 -0.0963938 -0.0962752 -0.0963221 -0.0964384 -0.187736 -0.187746 -0.187752 -0.18776 -0.224461 -0.224406 -0.224393 -0.224433
6.44 0 0 0 0 -0.0731102 -0.0731347 -0.0731757 -0.0728666 -0.148478 -0.148473 -0.148471 -0.148414 -0.187396 -0.187354 -0.187355 -0.187401
6.46 0 0 0 0 -0.0449023 -0.0447507 -0.0446249 -0.0446103 -0.0967625 -0.096712 -0.096668 -0.0966669 -0.134404 -0.134376 -0.13438 -0.134409
6.48 0 0 0 0 -0.0114704 -0.0115008 -0.011643 -0.0116689 -0.0359504 -0.0359559 -0.0359943 -0.0360049 -0.0599503 -0.0599347 -0.0599289 -0.0599406
6.5 0 0 0 0 0.0216796 0.0217214 0.0218341 0.0218527 0.0301058 0.0301031 0.0301302 0.0301541 0.0312708 0.0312696 0.0312673 0.0312678
6.52 0 0 0 0 0.050818 0.0508232 0.0507655 0.0505571 0.0979501 0.097923 0.0979071 0.0978904 0.126276 0.126248 0.126247 0.126272
6.54 0 0 0 0 0.0759948 0.0758071 0.0757787 0.0757416 0.161704 0.161666 0.161641 0.161614 0.211306 0.211258 0.211254 0.2113
6.56 0 0 0 0 0.0986599 0.0986955 0.0987706 0.0985411 0.212397 0.212406 0.212411 0.212364 0.275063 0.274998 0.274998 0.275065
6.58 0 0 0 0 0.113372 0.113191 0.113083 0.113216 0.23866 0.238634 0.238614 0.23865 0.306575 0.306508 0.306505 0.306568
6.6 0 0 0 0 0.108249 0.108524 0.108575 0.108428 0.229462 0.229501 0.229536 0.229516 0.295367 0.2953 0.295306 0.295379
6.62 0 0 0 0 0.0793956 0.0794309 0.0794104 0.0796193 0.178761 0.178807 0.178795 0.178814 0.235255 0.235203 0.235211 0.23527
6.64 0 0 0 0 0.0339662 0.0339532 0.0339703 0.0339934 0.0924044 0.092419 0.0924389 0.0924369 0.131291 0.131251 0.131241 0.131271
6.66 0 0 0 0 -0.0149192 -0.0149058 -0.0149132 -0.0149035 -0.0134376 -0.0134217 -0.0134264 -0.0134327 -0.00233765 -0.00233793 -0.00233059 -0.00232402
6.68 0 0 0 0 -0.0588312 -0.0590057 -0.0590102 -0.0589595 -0.119584 -0.119629 -0.119641 -0.11963 -0.145899 -0.145863 -0.14586 -0.145892
6.7 0 0 0 0 -0.0920071 -0.0920138 -0.0920212 -0.0922204 -0.205751 -0.205779 -0.205782 -0.205812 -0.271638 -0.271582 -0.271594 -0.271665
6.72 0 0 0 0 -0.114013 -0.114233 -0.11423 -0.114179 -0.261213 -0.261264 -0.261288 -0.261293 -0.355548 -0.355461 -0.35546 -0.355544
6.74 0 0 0 0 -0.130097 -0.129807 -0.129756 -0.129717 -0.287855 -0.287777 -0.28776 -0.287769 -0.387909 -0.387826 -0.387825 -0.387908
6.76 0 0 0 0 -0.138013 -0.137966 -0.137972 -0.137696 -0.286588 -0.286567 -0.286534 -0.286464 -0.369581 -0.369495 -0.369496 -0.369584
6.78 0 0 0 0 -0.130871 -0.130741 -0.130755 -0.130551 -0.253943 -0.253923 -0.253919 -0.253881 -0.309007 -0.308936 -0.308925 -0.308986
6.8 0 0 0 0 -0.104607 -0.104332 -0.104265 -0.103935 -0.191256 -0.191216 -0.191184 -0.191131 -0.222053 -0.222006 -0.222005 -0.222053
6.82 0 0 0 0 -0.0682891 -0.0665648 -0.0664799 -0.065399 -0.110825 -0.110688 -0.110592 -0.110378 -0.123484 -0.123453 -0.123456 -0.1235
6.84 0 0 0 0 -0.0238239 -0.0237605 -0.0235409 -0.0233327 -0.0240792 -0.0240483 -0.0240383 -0.0240953 -0.0210592 -0.0210515 -0.0210247 -0.0210047
6.86 0 0 0 0 0.0297975 0.0291986 0.0288352 0.0284619 0.0641702 0.0640984 0.0640244 0.0639593 0.0816588 0.0816337 0.0816223 0.0816387
6.88 0 0 0 0 0.0844778 0.0848312 0.0851148 0.0850849 0.148694 0.14873 0.148788 0.148826 0.179444 0.179391 0.17936 0.179376
6.9 0 0 0 0 0.127302 0.126361 0.126209 0.125482 0.222581 0.222422 0.222337 0.222229 0.264584 0.264554 0.264586 0.264657
6.92 0 0 0 0 0.146755 0.14654 0.146316 0.145823 0.276443 0.27642 0.276363 0.276291 0.331612 0.331527 0.331505 0.331569
6.94 0 0 0 0 0.151213 0.150455 0.150812 0.150324 0.303114 0.303074 0.303096 0.302972 0.374903 0.374792 0.374754 0.374827
6.96 0 0 0 0 0.144442 0.143891 0.143296 0.143054 0.300493 0.300399 0.300282 0.300281 0.386604 0.386552 0.3866 0.386704
6.98 0 0 0 0 0.125749 0.126389 0.126752 0.126806 0.271259 0.271324 0.271422 0.271424 0.359972 0.359886 0.359884 0.359967
7 0 0 0 0 0.103219 0.103156 0.103056 0.103203 0.221721 0.22175 0.22173 0.221798 0.294625 0.294543 0.294518 0.294569
7.02 0 0 0 0 0.0790508 0.0794557 0.0793648 0.0799857 0.158454 0.158565 0.158614 0.158705 0.199643 0.199603 0.199632 0.199695
7.04 0 0 0 0 0.0563984 0.0573343 0.0577303 0.0588842 0.08965 0.0898453 0.0899475 0.0900841 0.0925266 0.0925009 0.0925105 0.0925373
7.06 0 0 0 0 0.0330956 0.0330538 0.0328186 0.0327843 0.0199517 0.0198081 0.0197548 0.0197014 -0.00722824 -0.00721518 -0.00722789 -0.0072538
7.08 0 0 0 0 -0.00168692 -0.00158275 -0.00149711 -0.00189075 -0.0475986 -0.0475966 -0.0476014 -0.0475972 -0.0854308 -0.0854042 -0.0854055 -0.0854354
7.1 0 0 0 0 -0.0465814 -0.0466973 -0.0466719 -0.0465841 -0.104349 -0.104405 -0.104391 -0.104379 -0.138026 -0.137984 -0.137979 -0.138014
7.12 0 0 0 0 -0.0892559 -0.0896533 -0.0897845 -0.0902834 -0.14896 -0.149016 -0.149092 -0.149218 -0.172541 -0.172519 -0.172531 -0.172563
7.14 0 0 0 0 -0.116533 -0.116932 -0.116869 -0.116855 -0.185265 -0.185234 -0.185208 -0.185197 -0.202399 -0.202368 -0.202378 -0.202417
7.16 0 0 0 0 -0.125208 -0.125671 -0.12574 -0.126187 -0.213954 -0.21407 -0.214119 -0.214222 -0.238364 -0.238312 -0.238308 -0.238351
7.18 0 0 0 0 -0.123625 -0.124072 -0.12408 -0.124282 -0.23404 -0.234089 -0.234143 -0.234142 -0.280254 -0.280201 -0.280216 -0.280282
7.2 0 0 0 0 -0.11804 -0.117332 -0.117199 -0.117162 -0.242912 -0.242852 -0.242773 -0.242771 -0.313901 -0.313836 -0.313843 -0.313918
7.22 0 0 0 0 -0.107853 -0.107692 -0.107812 -0.1076 -0.235897 -0.235844 -0.235883 -0.235886 -0.31805 -0.317966 -0.317946 -0.318008
7.24 0 0 0 0 -0.0962492 -0.0956417 -0.095602 -0.0950742 -0.208675 -0.208651 -0.208577 -0.208433 -0.279235 -0.279156 -0.279143 -0.279211
7.26 0 0 0 0 -0.0769864 -0.0765415 -0.076375 -0.0762417 -0.157552 -0.157457 -0.157425 -0.157386 -0.19901 -0.198972 -0.198984 -0.199036
7.28 0 0 0 0 -0.044778 -0.0448629 -0.0450595 -0.0448118 -0.0814827 -0.0815425 -0.0815622 -0.0815296 -0.0904086 -0.090381 -0.0903693 -0.090387
7.3 0 0 0 0 -0.0011425 -0.000890299 -0.000695498 -0.000738119 0.0115006 0.0115394 0.0115682 0.0115801 0.027619 0.027615 0.0276251 0.02764
7.32 0 0 0 0 0.0501224 0.049593 0.0494637 0.0493402 0.106932 0.106883 0.106847 0.106773 0.1382 0.138154 0.138131 0.138152
7.34 0 0 0 0 0.0960101 0.0958148 0.0957714 0.0953421 0.187659 0.187618 0.187585 0.187529 0.229599 0.229546 0.229547 0.229603
7.36 0 0 0 0 0.128554 0.12793 0.12799 0.127569 0.243308 0.243264 0.243241 0.243141 0.295973 0.295912 0.295915 0.295983
7.38 0 0 0 0 0.142808 0.142528 0.14239 0.141811 0.271846 0.27179 0.271731 0.271683 0.334847 0.33476 0.334735 0.334797
7.4 0 0 0 0 0.135462 0.135281 0.135433 0.136151 0.271512 0.271537 0.271594 0.271712 0.340903 0.340839 0.340845 0.340916
7.42 0 0 0 0 0.110676 0.111283 0.111148 0.111324 0.23919 0.239279 0.239297 0.239261 0.30789 0.307823 0.307853 0.307949
7.44 0 0 0 0 0.0775412 0.0776772 0.0777695 0.0781819 0.174681 0.174785 0.174804 0.174872 0.233204 0.23314 0.233132 0.233188
7.46 0 0 0 0 0.0370215 0.0371161 0.0371594 0.0375065 0.0848747 0.0848864 0.0849462 0.0850144 0.120039 0.120009 0.120004 0.120027
7.48 0 0 0 0 -0.00905665 -0.00897261 -0.00906186 -0.00942273 -0.0172471 -0.017251 -0.0173129 -0.0173714 -0.0176726 -0.0176604 -0.017644 -0.0176365
7.5 0 0 0 0 -0.0548146 -0.0551817 -0.0551188 -0.0549706 -0.116738 -0.116792 -0.116767 -0.116744 -0.155163 -0.15513 -0.155139 -0.155182
7.52 0 0 0 0 -0.0920797 -0.0921419 -0.0922089 -0.0929437 -0.198505 -0.198561 -0.198609 -0.198729 -0.264934 -0.264883 -0.264903 -0.264973
7.54 0 0 0 0 -0.115475 -0.116091 -0.116138 -0.116367 -0.250457 -0.250591 -0.250642 -0.250661 -0.328282 -0.328196 -0.328193 -0.328274
7.56 0 0 0 0 -0.127661 -0.127263 -0.127121 -0.127303 -0.268227 -0.268164 -0.268135 -0.268131 -0.342475 -0.342401 -0.342404 -0.34248
7.58 0 0 0 0 -0.126011 -0.125553 -0.125648 -0.125432 -0.252989 -0.252969 -0.252965 -0.252949 -0.315077 -0.315008 -0.315015 -0.315093
7.6 0 0 0 0 -0.111152 -0.110814 -0.110776 -0.110153 -0.20993 -0.209909 -0.20986 -0.209716 -0.256126 -0.256055 -0.256026 -0.256071
7.62 0 0 0 0 -0.0822313 -0.0818441 -0.0817357 -0.08153 -0.145729 -0.145632 -0.145606 -0.145617 -0.174802 -0.174766 -0.174763 -0.174796
7.64 0 0 0 0 -0.0376414 -0.037649 -0.0377621 -0.03759 -0.0666198 -0.0666509 -0.0666576 -0.0666336 -0.0785048 -0.0785047 -0.0785277 -0.0785551
7.66 0 0 0 0 0.0132087 0.0132888 0.0134046 0.0133728 0.0195536 0.0195821 0.0196005 0.0196255 0.0237629 0.023777 0.0238031 0.0238184
7.68 0 0 0 0 0.0569342 0.0566893 0.0565927 0.0563172 0.101183 0.101116 0.101081 0.10102 0.120146 0.120121 0.120118 0.120141
7.7 0 0 0 0 0.0861983 0.0858479 0.0858287 0.085554 0.167055 0.167043 0.167023 0.166993 0.202095 0.202028 0.201994 0.202025
7.72 0 0 0 0 0.105118 0.104688 0.104696 0.104269 0.212296 0.21225 0.212229 0.212107 0.264961 0.264913 0.264936 0.265011
7.74 0 0 0 0 0.117474 0.117102 0.117045 0.116656 0.236618 0.236577 0.23651 0.236476 0.30316 0.303086 0.303076 0.303143
7.76 0 0 0 0 0.122058 0.121964 0.122052 0.122591 0.243828 0.243833 0.24391 0.244035 0.312804 0.31273 0.312706 0.312751
7.78 0 0 0 0 0.119303 0.119721 0.119613 0.119718 0.236145 0.236191 0.236173 0.236149 0.294889 0.29484 0.294884 0.294978
7.8 0 0 0 0 0.110552 0.110963 0.111027 0.111484 0.211235 0.21134 0.211377 0.21144 0.255069 0.255012 0.255014 0.255072
7.82 0 0 0 0 0.0924529 0.0927219 0.0928233 0.0931939 0.168024 0.168061 0.168132 0.168216 0.199131 0.199077 0.199055 0.199082
7.84 0 0 0 0 0.0598885 0.0601463 0.0600294 0.0599488 0.107567 0.10759 0.107536 0.107502 0.1289 0.128889 0.128919 0.128962
7.86 0 0 0 0 0.0158783 0.0158637 0.0159877 0.0163396 0.0349924 0.0350045 0.0350654 0.0351418 0.0468441 0.0468342 0.0468374 0.0468479
7.88 0 0 0 0 -0.028785 -0.0288132 -0.0288758 -0.0291696 -0.0415171 -0.041504 -0.0415306 -0.0415929 -0.042298 -0.0423066 -0.0423305 -0.0423447
7.9 0 0 0 0 -0.0667368 -0.0670852 -0.0671263 -0.0670969 -0.116066 -0.116116 -0.116142 -0.11615 -0.134142 -0.134105 -0.134093 -0.134116
7.92 0 0 0 0 -0.0962199 -0.0964476 -0.0963972 -0.0968495 -0.182811 -0.182852 -0.182854 -0.182915 -0.222092 -0.222045 -0.222044 -0.222086
7.94 0 0 0 0 -0.117024 -0.1175 -0.117649 -0.118009 -0.234329 -0.234433 -0.234505 -0.234572 -0.294896 -0.29484 -0.29487 -0.294958
7.96 0 0 0 0 -0.128972 -0.129356 -0.129252 -0.129688 -0.263674 -0.263762 -0.263764 -0.263808 -0.338623 -0.338544 -0.338542 -0.338615
7.98 0 0 0 0 -0.127896 -0.127498 -0.12752 -0.127497 -0.264786 -0.264686 -0.264703 -0.264718 -0.341412 -0.341334 -0.341328 -0.341398
8 0 0 0 0 -0.113532 -0.113085 -0.11306 -0.112823 -0.237285 -0.23731 -0.237257 -0.237198 -0.302685 -0.302619 -0.302629 -0.302709
8.02 0 0 0 0 -0.0942822 -0.0939007 -0.0939127 -0.0934766 -0.18773 -0.187667 -0.18765 -0.187534 -0.233651 -0.233579 -0.233553 -0.233597
8.04 0 0 0 0 -0.0705673 -0.0703017 -0.0702137 -0.0699345 -0.122999 -0.122953 -0.122921 -0.122923 -0.146505 -0.146478 -0.146475 -0.146502
8.06 0 0 0 0 -0.0373152 -0.0373167 -0.0373628 -0.0372788 -0.0516206 -0.0516149 -0.0516195 -0.0516207 -0.0531766 -0.0531851 -0.0532063 -0.0532211
8.08 0 0 0 0 0.00227583 0.00224128 0.00226022 0.00237412 0.0177884 0.0178114 0.0178139 0.0178099 0.0335346 0.0335393 0.0335637 0.0335844
8.1 0 0 0 0 0.040785 0.0406065 0.0406125 0.040339 0.0801976 0.0801249 0.0801073 0.0800667 0.105083 0.105056 0.10505 0.105071
8.12 0 0 0 0 0.0687066 0.0684476 0.0683617 0.0681958 0.129173 0.129178 0.129154 0.129134 0.157002 0.156953 0.156927 0.156948
8.14 0 0 0 0 0.080302 0.079972 0.0800283 0.0796512 0.156291 0.156236 0.156229 0.15614 0.18704 0.18701 0.187031 0.187086
8.16 0 0 0 0 0.0781865 0.0778148 0.0777014 0.0774754 0.158128 0.158141 0.15809 0.158028 0.195729 0.195676 0.195663 0.195705
8.18 0 0 0 0 0.0678765 0.0678586 0.0679894 0.0677881 0.140221 0.140202 0.140228 0.140249 0.183314 0.183261 0.183242 0.183277
8.2 0 0 0 0 0.0549209 0.0547799 0.0547252 0.0550263 0.112372 0.112339 0.112321 0.112387 0.151157 0.151145 0.151169 0.151207
8.22 0 0 0 0 0.0405592 0.040415 0.040403 0.0403568 0.0817927 0.0817882 0.0817987 0.0817766 0.10487 0.104843 0.10484 0.104864
8.24 0 0 0 0 0.0243991 0.0244527 0.0244641 0.0245463 0.0476124 0.0476305 0.0476212 0.0476233 0.0514325 0.0514133 0.0514033 0.0514115
8.26 0 0 0 0 0.00650012 0.00650477 0.00648216 0.00651703 0.00671553 0.00673397 0.00674304 0.00672285 -0.00208772 -0.00207894 -0.00206452 -0.0020584
8.28 0 0 0 0 -0.0138384 -0.0138389 -0.013815 -0.0139615 -0.0367718 -0.0367942 -0.0368048 -0.0367992 -0.0499517 -0.0499396 -0.0499432 -0.049958
8.3 0 0 0 0 -0.0340731 -0.0340196 -0.0340219 -0.0339724 -0.0731016 -0.0731085 -0.0731061 -0.0730875 -0.0884821 -0.0884646 -0.0884771 -0.088509
8.32 0 0 0 0 -0.0476125 -0.0474234 -0.0473975 -0.047595 -0.0941085 -0.0941062 -0.0940944 -0.0941019 -0.114296 -0.114267 -0.114255 -0.114269
8.34 0 0 0 0 -0.0500567 -0.0500249 -0.0500483 -0.0499677 -0.099008 -0.09898 -0.0989965 -0.0990186 -0.125221 -0.125198 -0.125203 -0.125234
8.36 0 0 0 0 -0.0460499 -0.045878 -0.0458662 -0.0459701 -0.0940083 -0.0940098 -0.0939903 -0.093995 -0.122579 -0.122555 -0.12256 -0.122588
8.38 0 0 0 0 -0.0414422 -0.0413957 -0.0414451 -0.0410895 -0.0846125 -0.0845981 -0.0845942 -0.0845681 -0.109068 -0.109032 -0.109016 -0.109038
8.4 0 0 0 0 -0.0364678 -0.0362823 -0.0362287 -0.0361976 -0.0702987 -0.0702894 -0.070275 -0.070247 -0.086197 -0.0861835 -0.0861894 -0.0862106
8.42 0 0 0 0 -0.0248911 -0.0247943 -0.0248239 -0.0247204 -0.0459377 -0.0459361 -0.0459297 -0.045909 -0.0530883 -0.0530759 -0.0530755 -0.0530873
8.44 0 0 0 0 -0.0042035 -0.00421472 -0.00418329 -0.0041141 -0.00949288 -0.00949065 -0.00949175 -0.00948841 -0.0102814 -0.0102736 -0.0102663 -0.0102671
8.46 0 0 0 0 0.0197365 0.0197427 0.0197229 0.0195437 0.0327741 0.032757 0.0327549 0.0327554 0.0369053 0.0368945 0.0368876 0.0368922
8.48 0 0 0 0 0.0379429 0.0377302 0.0377107 0.0376823 0.0696812 0.069681 0.0696725 0.0696383 0.0805555 0.0805375 0.0805359 0.0805525
8.5 0 0 0 0 0.0453393 0.0452156 0.0452359 0.0449571 0.0919569 0.0919521 0.0919399 0.0919014 0.11299 0.112962 0.112961 0.11299
8.52 0 0 0 0 0.046777 0.0466566 0.0466508 0.046576 0.100401 0.100395 0.100377 0.100357 0.131589 0.131555 0.131551 0.131581
8.54 0 0 0 0 0.0504586 0.0503397 0.0503814 0.0504601 0.104194 0.104178 0.104188 0.104222 0.138891 0.13886 0.138859 0.138889
8.56 0 0 0 0 0.0572908 0.0571988 0.0571563 0.0572438 0.109179 0.109148 0.109149 0.109191 0.138018 0.137997 0.137999 0.138022
8.58 0 0 0 0 0.0621758 0.062075 0.0620762 0.0620999 0.113152 0.113146 0.113134 0.113115 0.131873 0.131846 0.131849 0.131881
8.6 0 0 0 0 0.0621177 0.0624902 0.0624422 0.0625166 0.110982 0.11103 0.111061 0.111077 0.124161 0.124132 0.124132 0.124159
8.62 0 0 0 0 0.0570882 0.0572388 0.0572935 0.0574703 0.10069 0.100713 0.100718 0.100735 0.11663 0.11661 0.116617 0.116643
8.64 0 0 0 0 0.0474352 0.0475801 0.0475572 0.0476872 0.0861146 0.0861239 0.0861316 0.0861582 0.108101 0.108081 0.108082 0.108103
8.66 0 0 0 0 0.0363988 0.0365891 0.0366197 0.0367116 0.0722772 0.0723 0.0723255 0.0723746 0.0958439 0.0958235 0.0958227 0.0958419
8.68 0 0 0 0 0.0273438 0.0273331 0.0273396 0.0274987 0.0594051 0.0594207 0.0594147 0.059411 0.0776976 0.0776812 0.0776888 0.0777125
8.7 0 0 0 0 0.0200488 0.020203 0.0201897 0.0202317 0.0434163 0.0434469 0.0434631 0.0434785 0.0533463 0.053331 0.0533271 0.0533376
8.72 0 0 0 0 0.0123095 0.0122634 0.0123031 0.0123861 0.0217047 0.0217122 0.0217154 0.0217123 0.0241282 0.0241231 0.0241263 0.0241348
8.74 0 0 0 0 -0.00163735 -0.00156545 -0.00161 -0.00167466 -0.00705755 -0.00707019 -0.00708023 -0.00707943 -0.0103485 -0.0103432 -0.0103424 -0.0103473
8.76 0 0 0 0 -0.0260336 -0.0261793 -0.0261449 -0.0261848 -0.0454508 -0.0454533 -0.0454476 -0.0454588 -0.0537696 -0.0537623 -0.0537669 -0.0537786
8.78 0 0 0 0 -0.0575341 -0.0577238 -0.0577707 -0.0578917 -0.0935902 -0.0936044 -0.0936282 -0.0936735 -0.107496 -0.107477 -0.107476 -0.107493
8.8 0 0 0 0 -0.0883792 -0.0887204 -0.0887274 -0.0889384 -0.14849 -0.148513 -0.148529 -0.148575 -0.170304 -0.170276 -0.170283 -0.170317
8.82 0 0 0 0 -0.112722 -0.113123 -0.113156 -0.11345 -0.202697 -0.202756 -0.202781 -0.20283 -0.23766 -0.237614 -0.237619 -0.237669
8.84 0 0 0 0 -0.12537 -0.125353 -0.125272 -0.125343 -0.24367 -0.243711 -0.243736 -0.243731 -0.297147 -0.297081 -0.297086 -0.297155
8.86 0 0 0 0 -0.12268 -0.12205 -0.122061 -0.122032 -0.258301 -0.258206 -0.258166 -0.258181 -0.330381 -0.330314 -0.330314 -0.330386
8.88 0 0 0 0 -0.10787 -0.107496 -0.107537 -0.106879 -0.239588 -0.239616 -0.239586 -0.239449 -0.320552 -0.320455 -0.320437 -0.320516
8.9 0 0 0 0 -0.0862205 -0.08566 -0.0855134 -0.0853432 -0.190822 -0.190713 -0.190681 -0.190616 -0.260593 -0.260529 -0.26052 -0.260577
8.92 0 0 0 0 -0.0563447 -0.0561143 -0.0562029 -0.0560142 -0.118536 -0.118502 -0.118466 -0.118436 -0.156865 -0.156834 -0.156844 -0.156886
8.94 0 0 0 0 -0.0175414 -0.0175448 -0.0174667 -0.0172956 -0.0289478 -0.028982 -0.0290011 -0.0289621 -0.0272668 -0.0272525 -0.0272391 -0.0272408
8.96 0 0 0 0 0.0293404 0.0292961 0.0292608 0.0289992 0.0704461 0.070455 0.0704599 0.0704058 0.104981 0.104956 0.104958 0.104986
8.98 0 0 0 0 0.0800126 0.0794734 0.0794193 0.0792989 0.168388 0.168288 0.168249 0.16822 0.22066 0.220595 0.220569 0.220606
9 0 0 0 0 0.126163 0.125785 0.125793 0.125153 0.249859 0.249848 0.249806 0.249667 0.309167 0.309098 0.309106 0.309187
9.02 0 0 0 0 0.158488 0.157787 0.157693 0.157236 0.301802 0.301724 0.30169 0.301611 0.365865 0.365785 0.365776 0.365852
9.04 0 0 0 0 0.165207 0.165214 0.165313 0.165564 0.317321 0.31735 0.317349 0.317449 0.387808 0.387713 0.387692 0.387763
9.06 0 0 0 0 0.14756 0.148138 0.148069 0.148611 0.296455 0.296526 0.296599 0.296616 0.37191 0.371845 0.371883 0.371986
9.08 0 0 0 0 0.116993 0.117315 0.117371 0.117776 0.244568 0.244688 0.244688 0.244756 0.317464 0.31739 0.317404 0.31749
9.1 0 0 0 0 0.0819445 0.0822548 0.0823213 0.0827421 0.172111 0.172156 0.172229 0.172322 0.228593 0.228532 0.22851 0.228548
9.12 0 0 0 0 0.0458671 0.0459835 0.0459341 0.0459725 0.0894965 0.089519 0.0895028 0.0895012 0.115334 0.115318 0.115336 0.11537
9.14 0 0 0 0 0.00501682 0.00516735 0.00521665 0.00554206 0.00178417 0.00184494 0.00186716 0.00192678 -0.00838846 -0.00838186 -0.00836622 -0.00835469
9.16 0 0 0 0 -0.0417304 -0.0419706 -0.0419677 -0.0424184 -0.0904529 -0.0905226 -0.0905261 -0.0906323 -0.128457 -0.128439 -0.128465 -0.128512
9.18 0 0 0 0 -0.0910936 -0.0913756 -0.0914997 -0.0916702 -0.182355 -0.182396 -0.182475 -0.182507 -0.233119 -0.233071 -0.233078 -0.233133
9.2 0 0 0 0 -0.133333 -0.133749 -0.133642 -0.134167 -0.25876 -0.258871 -0.258849 -0.258921 -0.314274 -0.314193 -0.314178 -0.31424
9.22 0 0 0 0 -0.156811 -0.157465 -0.15768 -0.158366 -0.302774 -0.302917 -0.303033 -0.303109 -0.365059 -0.364992 -0.365029 -0.365133
9.24 0 0 0 0 -0.157235 -0.15711 -0.156912 -0.156814 -0.30765 -0.307634 -0.307587 -0.307564 -0.380144 -0.380065 -0.380072 -0.380157
9.26 0 0 0 0 -0.135296 -0.134611 -0.134657 -0.134571 -0.277221 -0.277147 -0.277134 -0.277163 -0.35586 -0.355764 -0.35573 -0.355791
9.28 0 0 0 0 -0.102884 -0.10252 -0.102587 -0.101888 -0.22051 -0.220495 -0.220478 -0.220304 -0.291813 -0.291745 -0.291751 -0.29183
9.3 0 0 0 0 -0.0701946 -0.0697481 -0.0694963 -0.0694425 -0.146945 -0.14685 -0.146766 -0.146745 -0.194287 -0.194237 -0.194233 -0.194277
9.32 0 0 0 0 -0.0345689 -0.0345186 -0.0347738 -0.0345697 -0.0623543 -0.0623684 -0.0624287 -0.0624234 -0.0748166 -0.0748027 -0.0747959 -0.0748055
9.34 0 0 0 0 0.00758026 0.00746805 0.00768943 0.00768187 0.0294514 0.0294402 0.0294861 0.0295024 0.0512872 0.0512755 0.051274 0.0512847
9.36 0 0 0 0 0.056365 0.056192 0.0560335 0.0557741 0.122481 0.122457 0.122413 0.122333 0.166958 0.166916 0.166912 0.166951
9.38 0 0 0 0 0.102193 0.101587 0.101585 0.101269 0.203836 0.203738 0.203695 0.20365 0.257646 0.257577 0.25756 0.257612
9.4 0 0 0 0 0.134431 0.134071 0.134062 0.133483 0.259989 0.259996 0.259989 0.259864 0.316755 0.316687 0.316692 0.31677
9.42 0 0 0 0 0.148661 0.1483 0.148281 0.148215 0.285051 0.285022 0.284975 0.285002 0.34545 0.345369 0.345358 0.345429
9.44 0 0 0 0 0.142445 0.142682 0.14272 0.143263 0.279242 0.279279 0.279352 0.279436 0.344975 0.344902 0.344898 0.344966
9.46 0 0 0 0 0.121372 0.122014 0.121971 0.12237 0.246269 0.24641 0.246427 0.246452 0.31361 0.31355 0.313591 0.313691
9.48 0 0 0 0 0.0927821 0.0929418 0.0930619 0.093472 0.191799 0.191839 0.191879 0.191974 0.250411 0.250351 0.250342 0.250394
9.5 0 0 0 0 0.057671 0.0579205 0.0578572 0.0581379 0.120679 0.120743 0.120779 0.12082 0.157954 0.157908 0.157895 0.157923
9.52 0 0 0 0 0.017232 0.017297 0.0173652 0.0173536 0.0366262 0.0366468 0.0366285 0.0366123 0.0447575 0.044763 0.044798 0.0448309
9.54 0 0 0 0 -0.0259735 -0.0261263 -0.0261804 -0.0261737 -0.0543954 -0.0544295 -0.0544237 -0.0544283 -0.0742041 -0.0741939 -0.0742082 -0.0742341
9.56 0 0 0 0 -0.0693653 -0.0695124 -0.0695062 -0.0699079 -0.143299 -0.143327 -0.143353 -0.143415 -0.184335 -0.184308 -0.184337 -0.184395
9.58 0 0 0 0 -0.111196 -0.111688 -0.111736 -0.112081 -0.222098 -0.222231 -0.22228 -0.222337 -0.277682 -0.2776 -0.277573 -0.277624
9.6 0 0 0 0 -0.148669 -0.1491 -0.149164 -0.149787 -0.285109 -0.28518 -0.285224 -0.285322 -0.350441 -0.350377 -0.350401 -0.350486
9.62 0 0 0 0 -0.174113 -0.174469 -0.17437 -0.174507 -0.327535 -0.327592 -0.327612 -0.327623 -0.3995 -0.399425 -0.399455 -0.39956
9.64 0 0 0 0 -0.180793 -0.179805 -0.179877 -0.179522 -0.345067 -0.344933 -0.344893 -0.344912 -0.42141 -0.421313 -0.421275 -0.421336
9.66 0 0 0 0 -0.169046 -0.168538 -0.168406 -0.167496 -0.332859 -0.332858 -0.332804 -0.332596 -0.412299 -0.412183 -0.412171 -0.412274
9.68 0 0 0 0 -0.14728 -0.146594 -0.146582 -0.146218 -0.292113 -0.291996 -0.291949 -0.291886 -0.369723 -0.369656 -0.36966 -0.369745
9.7 0 0 0 0 -0.127121 -0.12435 -0.124255 -0.122848 -0.233846 -0.233487 -0.23331 -0.233011 -0.295384 -0.29531 -0.295298 -0.295374
