0.01 -0.00439622 -0.00439622 -0.00439622 -0.00439622 -0.000257698 -0.000245772 -0.000245791 -0.000257813 2.95785e-05 2.54691e-05 2.54653e-05 2.95425e-05 -1.12172e-06 -6.88418e-07 -6.9043e-07 -1.12446e-06
0.03 -0.00448723 -0.00448723 -0.00448723 -0.00448723 -0.00211953 -0.00212206 -0.00212212 -0.00211968 -2.81458e-05 -2.49004e-05 -2.49689e-05 -2.82682e-05 5.02481e-05 4.88982e-05 4.88664e-05 5.0154e-05
0.05 -0.0043751 -0.0043751 -0.0043751 -0.0043751 -0.00417598 -0.00418437 -0.00418456 -0.00417653 -0.0011051 -0.0011005 -0.00110064 -0.00110524 0.000168422 0.00016626 0.000166234 0.000168433
0.07 -0.00621605 -0.00621605 -0.00621605 -0.00621605 -0.0052077 -0.00520388 -0.00520399 -0.00520801 -0.00308194 -0.00308554 -0.00308566 -0.00308229 -0.000336196 -0.000337688 -0.000337744 -0.000336727
0.09 -0.00770511 -0.00770511 -0.00770511 -0.00770511 -0.00565171 -0.0056455 -0.00564556 -0.00565197 -0.00469158 -0.00469683 -0.00469692 -0.00469198 -0.00236168 -0.00236224 -0.00236212 -0.00236195
0.11 -0.00169463 -0.00169463 -0.00169463 -0.00169463 -0.00622616 -0.00624573 -0.0062457 -0.00622624 -0.00562141 -0.00561333 -0.00561328 -0.00562119 -0.00564524 -0.00564659 -0.00564657 -0.00564538
0.13 0.00189024 0.00189024 0.00189024 0.00189024 -0.00353372 -0.00354378 -0.00354369 -0.0035333 -0.00709471 -0.00709213 -0.00709203 -0.00709431 -0.00883199 -0.00883014 -0.00883004 -0.00883167
0.15 -0.015733 -0.015733 -0.015733 -0.015733 -0.0018278 -0.00176363 -0.00176359 -0.00182749 -0.00749477 -0.00751902 -0.00751894 -0.00749436 -0.0111721 -0.0111657 -0.0111657 -0.0111717
0.17 -0.009696 -0.009696 -0.009696 -0.009696 -0.00955217 -0.00957191 -0.0095721 -0.00955332 -0.00651198 -0.00649269 -0.0064924 -0.0065112 -0.01153 -0.0115325 -0.0115326 -0.0115299
0.19 -0.00207017 -0.00207017 -0.00207017 -0.00207017 -0.0161368 -0.0161958 -0.0161959 -0.0161375 -0.00987211 -0.00984387 -0.00984375 -0.00987104 -0.00879658 -0.00880247 -0.00880241 -0.00879592
0.21 -0.0156167 -0.0156167 -0.0156167 -0.0156167 -0.010122 -0.010081 -0.0100803 -0.0101201 -0.016221 -0.0162609 -0.0162618 -0.0162244 -0.00672572 -0.00671958 -0.00671984 -0.0067259
0.23 -0.00137956 -0.00137956 -0.00137956 -0.00137956 -0.00956303 -0.00957716 -0.00957741 -0.00956254 -0.0140901 -0.0140959 -0.0140953 -0.0140897 -0.01066 -0.0106587 -0.0106587 -0.01066
0.25 0.0100292 0.0100292 0.0100292 0.0100292 -0.0074097 -0.00746459 -0.00746496 -0.00741154 -0.00847082 -0.00843899 -0.00843943 -0.00847199 -0.0165306 -0.0165298 -0.0165289 -0.0165268
0.27 -0.041788 -0.041788 -0.041788 -0.041788 -0.000778986 -0.00062596 -0.000623627 -0.000775765 -0.00678457 -0.00683069 -0.0068306 -0.00678522 -0.0175299 -0.0175208 -0.0175218 -0.0175323
0.29 0.0381584 0.0381584 0.0381584 0.0381584 -0.00893954 -0.00914021 -0.009141 -0.00894124 -0.00696471 -0.00687715 -0.00687628 -0.00696187 -0.012405 -0.0124145 -0.0124137 -0.0124026
0.31 -0.0142597 -0.0142597 -0.0142597 -0.0142597 0.00267942 0.00279333 0.00279302 0.00267953 -0.0115603 -0.0116319 -0.0116332 -0.0115623 -0.00452334 -0.00450929 -0.00450978 -0.00452388
0.33 -0.0547684 -0.0547684 -0.0547684 -0.0547684 -0.00744248 -0.00726722 -0.00726691 -0.00744149 -0.00369238 -0.00375578 -0.00375527 -0.00369115 -0.00168368 -0.00167884 -0.00167912 -0.00168426
0.35 0.0869 0.0869 0.0869 0.0869 -0.0236156 -0.0240997 -0.0240996 -0.0236135 0.00229351 0.00250564 0.00250507 0.00228909 0.000683365 0.000646593 0.000646701 0.000683097
0.37 -0.0700567 -0.0700567 -0.0700567 -0.0700567 0.0155998 0.0160002 0.0159992 0.0155952 -0.00795039 -0.00815088 -0.00814826 -0.00795003 0.00470806 0.00474098 0.00474126 0.00471254
0.39 0.0352645 0.0352645 0.0352645 0.0352645 0.0110263 0.0109389 0.0109408 0.011034 0.00317188 0.00319923 0.00319948 0.00317004 0.000196352 0.000195831 0.000194109 0.000193037
0.41 -0.0568718 -0.0568718 -0.0568718 -0.0568718 -0.00692603 -0.00680368 -0.00680734 -0.00692839 0.0167233 0.0167401 0.0167384 0.0167259 -0.00230467 -0.00231098 -0.00231006 -0.00230412
0.43 0.0375149 0.0375149 0.0375149 0.0375149 -0.016034 -0.0163369 -0.0163373 -0.0160381 0.00706492 0.00720637 0.00720477 0.00706657 0.00793902 0.00791054 0.00790987 0.00793368
0.45 -0.0511424 -0.0511424 -0.0511424 -0.0511424 -0.00625955 -0.00599158 -0.00598733 -0.00625451 -0.0131542 -0.0133137 -0.0133149 -0.0131577 0.0177675 0.0177857 0.0177864 0.0177757
0.47 -0.0382878 -0.0382878 -0.0382878 -0.0382878 -0.0138794 -0.0138153 -0.0138169 -0.0138822 -0.0122065 -0.0122668 -0.0122652 -0.0122083 0.00863272 0.00863644 0.00863428 0.00863089
0.49 0.125963 0.125963 0.125963 0.125963 -0.0157323 -0.0163261 -0.0163268 -0.0157316 -0.00341112 -0.00316117 -0.00315965 -0.00341024 -0.0117739 -0.0118094 -0.0118098 -0.0117769
0.51 -0.0742597 -0.0742597 -0.0742597 -0.0742597 0.0354207 0.0360037 0.0360015 0.0354111 -0.00773767 -0.00798528 -0.00798944 -0.00775281 -0.0264177 -0.0263701 -0.0263701 -0.026424
0.53 -0.10457 -0.10457 -0.10457 -0.10457 0.00430338 0.00464316 0.0046462 0.00429547 0.00527901 0.00521065 0.00521805 0.00528687 -0.0316063 -0.0315981 -0.0315952 -0.0316074
0.55 0.109693 0.109693 0.109693 0.109693 -0.0635693 -0.0644594 -0.0644579 -0.0635874 -0.00122425 -0.000799692 -0.000800381 -0.00122274 -0.0142617 -0.0143381 -0.0143361 -0.0142608
0.57 -0.0637277 -0.0637277 -0.0637277 -0.0637277 -0.0181637 -0.0178251 -0.0178155 -0.018145 -0.050409 -0.0506764 -0.0506809 -0.0504203 0.0115597 0.0115941 0.0115944 0.0115588
0.59 -0.088145 -0.088145 -0.088145 -0.088145 -0.0182789 -0.0178604 -0.0178696 -0.0182888 -0.0459041 -0.0461626 -0.0461566 -0.0458911 -0.00220426 -0.00217041 -0.00217275 -0.00220924
0.61 0.120265 0.120265 0.120265 0.120265 -0.0482454 -0.0490321 -0.0490285 -0.0482312 -0.00678358 -0.00638305 -0.00638989 -0.00679518 -0.0409191 -0.0409883 -0.0409889 -0.0409281
0.63 -0.0360089 -0.0360089 -0.0360089 -0.0360089 0.0227456 0.0230125 0.0230106 0.0227417 -0.0136137 -0.0136762 -0.0136692 -0.0135911 -0.0562089 -0.0561692 -0.0561663 -0.0561963
0.65 -0.125434 -0.125434 -0.125434 -0.125434 0.0292578 0.0299435 0.0299442 0.0292515 -0.017813 -0.0180815 -0.0180874 -0.0178279 -0.0485147 -0.0484525 -0.0484558 -0.0485159
0.67 0.053961 0.053961 0.053961 0.053961 -0.058224 -0.0588027 -0.058795 -0.058203 -0.00950105 -0.00919721 -0.00919467 -0.00949696 -0.0250083 -0.0250655 -0.0250678 -0.0250123
0.69 -0.205576 -0.205576 -0.205576 -0.205576 -0.0897448 -0.0894366 -0.0894526 -0.0897916 -0.0367639 -0.0368969 -0.0368956 -0.0367585 0.00878027 0.00876582 0.00876848 0.00878425
0.71 -0.0207232 -0.0207232 -0.0207232 -0.0207232 -0.112424 -0.11288 -0.112867 -0.112399 -0.0670073 -0.0669189 -0.0669207 -0.0670063 0.0171665 0.0171187 0.0171178 0.0171621
0.73 0.150392 0.150392 0.150392 0.150392 -0.0621664 -0.062711 -0.0627108 -0.0621515 -0.0806156 -0.0805389 -0.0805494 -0.0806456 -0.0222186 -0.0222316 -0.0222305 -0.0222145
0.75 -0.111329 -0.111329 -0.111329 -0.111329 0.0614798 0.0624893 0.0624753 0.0614565 -0.0581226 -0.0585482 -0.0585401 -0.0580695 -0.0960194 -0.0959464 -0.095952 -0.0960759
0.77 0.0881635 0.0881635 0.0881635 0.0881635 0.0632346 0.0629755 0.0629829 0.0632246 0.00902935 0.0093377 0.00933305 0.0090546 -0.149587 -0.149604 -0.149583 -0.149599
0.79 -0.0563827 -0.0563827 -0.0563827 -0.0563827 0.0213045 0.0214163 0.0214286 0.0213243 0.0217992 0.0219793 0.0219737 0.0217943 -0.110548 -0.110564 -0.110544 -0.110549
0.81 0.0737028 0.0737028 0.0737028 0.0737028 -0.0201608 -0.0204801 -0.0204921 -0.0201795 -0.0320049 -0.031966 -0.0319608 -0.0320061 0.0031935 0.0031765 0.00317137 0.00317003
0.83 -0.0244703 -0.0244703 -0.0244703 -0.0244703 -0.0569914 -0.056746 -0.0567469 -0.056998 -0.0566131 -0.0569636 -0.0569853 -0.0566828 0.0897362 0.0897589 0.0897539 0.0897698
0.85 0.0417574 0.0417574 0.0417574 0.0417574 -0.0546124 -0.0549619 -0.0549785 -0.0546742 -0.0093168 -0.0092994 -0.00927947 -0.00932934 0.0887747 0.0887432 0.0887305 0.0887519
0.87 -0.00347411 -0.00347411 -0.00347411 -0.00347411 0.0395919 0.0394867 0.0395089 0.0396222 0.056454 0.0565627 0.0565903 0.0565008 0.0352463 0.035237 0.035247 0.0352674
0.89 -0.104703 -0.104703 -0.104703 -0.104703 0.086125 0.0866845 0.0866931 0.0861608 0.103673 0.103642 0.103613 0.103619 -0.000583902 -0.000579773 -0.000579466 -0.00058468
0.91 -0.124399 -0.124399 -0.124399 -0.124399 0.033393 0.0336921 0.0336688 0.0333454 0.0938676 0.0939377 0.0939421 0.0938797 0.0278371 0.0278137 0.027809 0.0278277
0.93 -0.0484348 -0.0484348 -0.0484348 -0.0484348 -0.0803417 -0.0806669 -0.080645 -0.0802811 0.0252788 0.0254261 0.0254317 0.0253068 0.096261 0.0961879 0.0961908 0.096271
0.95 0.136018 0.136018 0.136018 0.136018 -0.0971439 -0.0978866 -0.0979036 -0.0971791 -0.0622227 -0.0622271 -0.0622403 -0.0622564 0.123769 0.123731 0.123734 0.12383
0.97 -0.124789 -0.124789 -0.124789 -0.124789 0.00120161 0.00203978 0.00204488 0.00120823 -0.0743635 -0.0749639 -0.0749555 -0.0743625 0.0411154 0.0411907 0.0411758 0.0410968
0.99 0.0194252 0.0194252 0.0194252 0.0194252 0.00730671 0.00709384 0.00709946 0.0073173 0.0116398 0.0119192 0.0119252 0.0116439 -0.107651 -0.107662 -0.107655 -0.107669
1.01 -0.0768536 -0.0768536 -0.0768536 -0.0768536 0.00582153 0.00580448 0.00579714 0.00580623 0.0277726 0.0281156 0.0280931 0.0277053 -0.17917 -0.179201 -0.179194 -0.17919
1.03 0.0804346 0.0804346 0.0804346 0.0804346 -0.0067572 -0.00693326 -0.00694074 -0.00679031 -0.0712567 -0.0711718 -0.0711344 -0.0711921 -0.128354 -0.128395 -0.128394 -0.128419
1.05 0.047958 0.047958 0.047958 0.047958 -0.00780148 -0.00748784 -0.00746985 -0.00781778 -0.159371 -0.159846 -0.159854 -0.159369 -0.0545697 -0.0544777 -0.0544491 -0.0545453
1.07 0.000685627 0.000685627 0.000685627 0.000685627 -0.0636376 -0.0636464 -0.063622 -0.0636214 -0.112082 -0.112235 -0.112257 -0.112112 -0.0537033 -0.0536699 -0.0536718 -0.0537056
1.09 0.118632 0.118632 0.118632 0.118632 -0.0748528 -0.0758 -0.0758136 -0.0748877 -0.0208834 -0.0203514 -0.020333 -0.0208426 -0.0864478 -0.0865096 -0.0865223 -0.0864595
1.11 -0.208674 -0.208674 -0.208674 -0.208674 0.0166718 0.017514 0.0175157 0.0166807 0.000800914 0.000592095 0.000585083 0.000782076 -0.075548 -0.0755002 -0.0754968 -0.0755315
1.13 -0.0102376 -0.0102376 -0.0102376 -0.0102376 0.0049306 0.00493111 0.00493337 0.00493931 -0.000882537 -0.000858442 -0.000858166 -0.000883889 -0.0206122 -0.0206116 -0.0206145 -0.020619
1.15 0.146027 0.146027 0.146027 0.146027 -0.0165225 -0.0170987 -0.0171041 -0.0165343 -0.00760179 -0.00745846 -0.00745463 -0.00759312 0.0433191 0.0432843 0.0432864 0.0433194
1.17 -0.051013 -0.051013 -0.051013 -0.051013 0.0411753 0.0416953 0.0416997 0.041183 0.00494451 0.00458821 0.00458443 0.00493749 0.0751396 0.0751887 0.0751894 0.075139
1.19 0.139418 0.139418 0.139418 0.139418 0.0407595 0.0403815 0.0403802 0.0407559 0.0734503 0.0736451 0.0736401 0.0734417 0.0651354 0.0650951 0.0650954 0.0651357
1.21 0.162108 0.162108 0.162108 0.162108 0.112022 0.111809 0.111841 0.112144 0.11361 0.113777 0.113769 0.1136 0.0639517 0.0639482 0.0639477 0.0639566
1.23 0.377904 0.377904 0.377904 0.377904 0.257041 0.25678 0.256733 0.256924 0.124106 0.124083 0.124079 0.124087 0.0917382 0.0918 0.0917983 0.0917383
1.25 0.0698444 0.0698444 0.0698444 0.0698444 0.338586 0.339953 0.339961 0.338563 0.192698 0.192115 0.192124 0.192706 0.130381 0.13052 0.130521 0.130336
1.27 0.304393 0.304393 0.304393 0.304393 0.220219 0.219587 0.219602 0.22024 0.309671 0.31019 0.310179 0.309636 0.200577 0.200488 0.200504 0.200557
1.29 -0.150347 -0.150347 -0.150347 -0.150347 0.135265 0.135828 0.135833 0.135318 0.321137 0.321115 0.321114 0.321134 0.339228 0.33916 0.339172 0.339246
1.31 -0.0205646 -0.0205646 -0.0205646 -0.0205646 0.0337694 0.0334141 0.0334281 0.0338137 0.252796 0.252843 0.252858 0.252842 0.472824 0.472681 0.472679 0.472847
1.33 0.340576 0.340576 0.340576 0.340576 0.0250998 0.0238815 0.0238796 0.0251361 0.185686 0.185824 0.185827 0.185652 0.484406 0.484265 0.484255 0.484404
1.35 0.365012 0.365012 0.365012 0.365012 0.279578 0.27979 0.279771 0.279559 0.178318 0.177886 0.177907 0.17841 0.327876 0.327956 0.327964 0.327936
1.37 0.418907 0.418907 0.418907 0.418907 0.510872 0.511619 0.511608 0.510826 0.298056 0.297876 0.29784 0.298039 0.0859107 0.086053 0.0860249 0.0858725
1.39 0.644809 0.644809 0.644809 0.644809 0.602394 0.602173 0.602205 0.602446 0.415392 0.416 0.415995 0.415388 -0.0314213 -0.0313183 -0.0313067 -0.0313996
1.41 0.296981 0.296981 0.296981 0.296981 0.568311 0.569508 0.569419 0.56834 0.404368 0.404248 0.404268 0.404391 0.105916 0.106052 0.106055 0.105914
1.43 0.0287189 0.0287189 0.0287189 0.0287189 0.281939 0.282795 0.282723 0.281913 0.344223 0.343892 0.343902 0.344233 0.402075 0.402076 0.402072 0.402059
1.45 -0.184978 -0.184978 -0.184978 -0.184978 -0.13522 -0.135882 -0.135843 -0.135159 0.293046 0.293265 0.293271 0.293282 0.657042 0.656758 0.65675 0.656983
1.47 -0.522289 -0.522289 -0.522289 -0.522289 -0.356947 -0.357636 -0.357603 -0.357018 0.201557 0.201546 0.201466 0.201327 0.714784 0.714462 0.7145 0.71474
1.49 -0.524811 -0.524811 -0.524811 -0.524811 -0.381368 -0.381755 -0.381713 -0.381286 0.0801696 0.0802666 0.0804036 0.0805127 0.501435 0.501158 0.501228 0.501521
1.51 -0.359515 -0.359515 -0.359515 -0.359515 -0.26434 -0.26434 -0.264374 -0.264356 -0.06564 -0.0656864 -0.0658084 -0.0658447 0.0732152 0.0730644 0.0730406 0.0731043
1.53 -0.43339 -0.43339 -0.43339 -0.43339 -0.141765 -0.141107 -0.141365 -0.142686 -0.238247 -0.238813 -0.238946 -0.238894 -0.414558 -0.414796 -0.414908 -0.415073
1.55 -0.381524 -0.381524 -0.381524 -0.381524 -0.252677 -0.252591 -0.252502 -0.253132 -0.439055 -0.439021 -0.438809 -0.438988 -0.793968 -0.793883 -0.793709 -0.793765
1.57 -0.436113 -0.436113 -0.436113 -0.436113 -0.542509 -0.542516 -0.542316 -0.542193 -0.716041 -0.715707 -0.715582 -0.715846 -0.97287 -0.972705 -0.972685 -0.972785
1.59 0.209621 0.209621 0.209621 0.209621 -0.757299 -0.759309 -0.759348 -0.75702 -1.03806 -1.03755 -1.03777 -1.03834 -1.01828 -1.01819 -1.01828 -1.01838
1.61 -0.412235 -0.412235 -0.412235 -0.412235 -0.60474 -0.603163 -0.603015 -0.604334 -1.21968 -1.22099 -1.22096 -1.21934 -1.10438 -1.10393 -1.1039 -1.10428
1.63 -0.268575 -0.268575 -0.268575 -0.268575 -0.574176 -0.574769 -0.574756 -0.574634 -1.03069 -1.03061 -1.03058 -1.03048 -1.2895 -1.28928 -1.28928 -1.2895
1.65 -0.276227 -0.276227 -0.276227 -0.276227 -0.598878 -0.599954 -0.599724 -0.598517 -0.762362 -0.761282 -0.761403 -0.762701 -1.33495 -1.3349 -1.33488 -1.33489
1.67 -0.433266 -0.433266 -0.433266 -0.433266 -0.487724 -0.487353 -0.487481 -0.487829 -0.721451 -0.721314 -0.721191 -0.721385 -1.0517 -1.05145 -1.05146 -1.05156
1.69 0.228468 0.228468 0.228468 0.228468 -0.376609 -0.377542 -0.377614 -0.376636 -0.720678 -0.720948 -0.72091 -0.720664 -0.600955 -0.600769 -0.600839 -0.601005
1.71 1.0891 1.0891 1.0891 1.0891 0.0187147 0.0165517 0.016636 0.0188852 -0.493227 -0.493431 -0.493483 -0.493285 -0.25535 -0.255159 -0.255157 -0.255342
1.73 1.2844 1.2844 1.2844 1.2844 0.771447 0.771853 0.771932 0.771522 0.0896467 0.0891107 0.0891366 0.0898119 -0.0795199 -0.0791444 -0.0791141 -0.079495
1.75 1.12295 1.12295 1.12295 1.12295 1.42725 1.42818 1.42698 1.42289 0.915588 0.915343 0.915333 0.915592 0.174304 0.174637 0.174593 0.174144
1.77 0.666682 0.666682 0.666682 0.666682 1.5909 1.59287 1.59274 1.59021 1.62183 1.62203 1.62168 1.62043 0.850019 0.850048 0.849973 0.849672
1.79 0.317653 0.317653 0.317653 0.317653 1.19928 1.20171 1.20087 1.20101 1.94729 1.94743 1.94747 1.94518 1.97032 1.97002 1.97007 1.971
1.81 0.125969 0.125969 0.125969 0.125969 0.667524 0.667764 0.667155 0.668819 1.93724 1.93612 1.9368 1.93731 3.08715 3.08635 3.08605 3.08702
1.83 -0.52579 -0.52579 -0.52579 -0.52579 0.350783 0.351809 0.352592 0.353087 1.89059 1.88897 1.88992 1.89258 3.57341 3.57287 3.57306 3.57414
1.85 -0.864028 -0.864028 -0.864028 -0.864028 0.250603 0.249859 0.249294 0.247818 1.92437 1.92334 1.92259 1.92152 3.16371 3.16255 3.16242 3.16275
1.87 -0.266366 -0.266366 -0.266366 -0.266366 0.319939 0.318084 0.318851 0.31964 1.72144 1.72323 1.72397 1.72168 2.14613 2.14512 2.14544 2.14599
1.89 1.12404 1.12404 1.12404 1.12404 0.846194 0.84473 0.845209 0.846999 1.00549 1.00648 1.00688 1.00629 0.981902 0.981725 0.981959 0.982162
1.91 0.223284 0.223284 0.223284 0.223284 1.35217 1.35905 1.35869 1.35121 0.236211 0.232985 0.23242 0.235853 -0.151266 -0.150495 -0.150689 -0.151595
1.93 -0.0952093 -0.0952093 -0.0952093 -0.0952093 0.507916 0.506583 0.50787 0.508315 -0.0801757 -0.0847412 -0.0828841 -0.0840498 -1.09701 -1.09637 -1.09616 -1.0964
1.95 0.094946 0.094946 0.094946 0.094946 -0.865789 -0.86917 -0.874653 -0.863965 -0.621462 -0.624279 -0.620323 -0.62303 -1.46357 -1.46351 -1.46362 -1.46429
1.97 -0.069594 -0.069594 -0.069594 -0.069594 -1.41988 -1.41388 -1.42066 -1.42021 -1.75111 -1.75295 -1.75176 -1.75178 -1.35174 -1.35197 -1.35209 -1.35301
1.99 -0.135909 -0.135909 -0.135909 -0.135909 -1.27887 -1.27762 -1.27496 -1.27653 -2.49744 -2.49911 -2.50054 -2.49792 -1.54046 -1.54013 -1.53936 -1.53982
2.01 0.299039 0.299039 0.299039 0.299039 -1.01914 -1.02475 -1.02171 -1.01925 -2.15737 -2.15533 -2.15705 -2.15604 -2.35404 -2.35409 -2.35445 -2.3549
2.03 -0.0896585 -0.0896585 -0.0896585 -0.0896585 -0.550017 -0.553015 -0.553582 -0.552863 -1.41988 -1.41648 -1.41634 -1.4176 -3.07145 -3.07052 -3.07068 -3.0709
2.05 -1.04438 -1.04438 -1.04438 -1.04438 -0.275624 -0.271019 -0.270992 -0.274666 -1.10874 -1.10961 -1.10972 -1.11089 -2.83834 -2.83782 -2.83797 -2.83884
2.07 -1.61648 -1.61648 -1.61648 -1.61648 -0.881886 -0.8779 -0.878043 -0.881134 -1.1988 -1.20047 -1.19968 -1.1995 -1.65266 -1.65197 -1.65162 -1.65169
2.09 -2.12518 -2.12518 -2.12518 -2.12518 -2.11357 -2.11518 -2.11561 -2.11446 -1.29878 -1.29882 -1.29825 -1.29799 -0.262781 -0.26333 -0.263645 -0.263159
2.11 -0.0502143 -0.0502143 -0.0502143 -0.0502143 -2.59267 -2.60356 -2.60315 -2.59222 -1.32285 -1.32037 -1.32085 -1.32323 0.521899 0.520677 0.520566 0.521834
2.13 1.17457 1.17457 1.17457 1.17457 -0.76693 -0.770825 -0.770782 -0.766921 -1.16899 -1.17029 -1.17035 -1.16851 0.268629 0.26877 0.268979 0.269009
2.15 -0.207423 -0.207423 -0.207423 -0.207423 1.68946 1.7022 1.7019 1.69043 -0.0992026 -0.104578 -0.104999 -0.0995 -0.823558 -0.821974 -0.821809 -0.82366
2.17 -0.917897 -0.917897 -0.917897 -0.917897 1.87238 1.87915 1.88027 1.8771 1.57464 1.57634 1.57631 1.57405 -1.49491 -1.49438 -1.49425 -1.49503
2.19 -1.19568 -1.19568 -1.19568 -1.19568 0.217893 0.216497 0.214955 0.216149 1.85947 1.86622 1.86755 1.85953 -0.321563 -0.322913 -0.323005 -0.321787
2.21 0.368949 0.368949 0.368949 0.368949 -1.08435 -1.08948 -1.08899 -1.08423 0.230206 0.23148 0.231722 0.230807 2.14489 2.14411 2.14425 2.14536
2.23 -0.135081 -0.135081 -0.135081 -0.135081 -0.99481 -0.992674 -0.991731 -0.993924 -1.0186 -1.02707 -1.0286 -1.01893 3.41827 3.41885 3.41903 3.41862
2.25 -0.555559 -0.555559 -0.555559 -0.555559 -0.52089 -0.521265 -0.521807 -0.522282 0.0183094 0.0150975 0.0148309 0.018645 2.06339 2.0634 2.06347 2.06352
2.27 -0.43437 -0.43437 -0.43437 -0.43437 0.160711 0.15629 0.15655 0.161459 1.68266 1.68959 1.69006 1.68296 -0.336502 -0.337699 -0.337896 -0.336867
2.29 1.232 1.232 1.232 1.232 1.53587 1.53417 1.53405 1.53579 1.41861 1.42424 1.42411 1.41834 -1.36226 -1.36263 -1.36254 -1.36175
2.31 -0.007733 -0.007733 -0.007733 -0.007733 2.34082 2.35567 2.35557 2.34079 -0.0762347 -0.0826953 -0.083214 -0.0754746 -0.790404 -0.788587 -0.788733 -0.790145
2.33 -1.40528 -1.40528 -1.40528 -1.40528 0.191069 0.198718 0.198953 0.191672 -0.451174 -0.455702 -0.456079 -0.451158 0.0101908 0.0109909 0.010759 0.00990267
2.35 -1.89803 -1.89803 -1.89803 -1.89803 -3.1725 -3.18397 -3.18517 -3.17407 -0.253333 -0.246873 -0.246487 -0.253122 0.495709 0.493779 0.493899 0.495922
2.37 -2.199 -2.199 -2.199 -2.199 -3.97372 -3.98534 -3.98522 -3.97521 -1.34535 -1.34118 -1.34082 -1.34518 0.680498 0.67844 0.678384 0.680283
2.39 2.722 2.722 2.722 2.722 -1.60211 -1.61214 -1.61181 -1.60461 -2.84578 -2.8476 -2.84817 -2.84571 -0.235361 -0.235283 -0.235237 -0.235467
2.41 1.94647 1.94647 1.94647 1.94647 2.11137 2.1242 2.12413 2.10854 -2.37404 -2.38736 -2.3857 -2.37481 -2.75402 -2.75077 -2.7508 -2.75425
2.43 -1.15329 -1.15329 -1.15329 -1.15329 2.85743 2.87304 2.87373 2.85876 0.223815 0.232448 0.236404 0.247491 -5.14073 -5.13609 -5.13606 -5.13726
2.45 -1.5427 -1.5427 -1.5427 -1.5427 0.0423716 0.0367434 0.0363576 0.0431949 1.46051 1.47142 1.45996 1.44434 -4.3757 -4.38019 -4.38182 -4.38291
2.47 -0.126419 -0.126419 -0.126419 -0.126419 -2.48112 -2.49239 -2.49292 -2.48137 -1.03513 -1.02999 -1.02737 -1.03223 -0.203217 -0.202294 -0.198912 -0.194896
2.49 2.00391 2.00391 2.00391 2.00391 -2.50137 -2.50492 -2.50496 -2.50193 -3.7227 -3.73485 -3.73141 -3.7194 3.29763 3.2983 3.29599 3.29438
2.51 2.53853 2.53853 2.53853 2.53853 -0.5887 -0.589936 -0.589553 -0.589592 -2.20262 -2.21198 -2.21499 -2.20463 2.48462 2.48565 2.48415 2.48146
2.53 1.0442 1.0442 1.0442 1.0442 2.09479 2.08755 2.08792 2.09028 2.27649 2.28397 2.28299 2.27974 -0.998045 -0.996992 -0.99488 -0.994274
2.55 -0.228649 -0.228649 -0.228649 -0.228649 4.19525 4.19573 4.20001 4.20084 4.78741 4.79687 4.7951 4.7859 -2.29227 -2.29304 -2.29378 -2.29518
2.57 -2.0804 -2.0804 -2.0804 -2.0804 3.67278 3.69666 3.69094 3.68177 3.54942 3.54842 3.5489 3.55165 0.629556 0.630422 0.630991 0.630062
2.59 -1.65475 -1.65475 -1.65475 -1.65475 -0.337165 -0.330409 -0.346608 -0.353703 1.31086 1.29658 1.2911 1.28898 5.07772 5.073 5.0711 5.06665
2.61 -0.47329 -0.47329 -0.47329 -0.47329 -4.15551 -4.16855 -4.15977 -4.13924 0.246699 0.24911 0.263168 0.272064 7.17109 7.17119 7.17588 7.18507
2.63 0.424177 0.424177 0.424177 0.424177 -3.23593 -3.25877 -3.25794 -3.2439 0.20334 0.222595 0.21006 0.207919 5.46772 5.45974 5.45513 5.45829
2.65 0.140253 0.140253 0.140253 0.140253 1.5132 1.5168 1.51636 1.50731 0.840986 0.846844 0.8343 0.836261 0.951204 0.950334 0.951056 0.950375
2.67 -0.559978 -0.559978 -0.559978 -0.559978 4.60353 4.62529 4.62831 4.61298 1.90815 1.90508 1.91384 1.91467 -3.46384 -3.46259 -3.46012 -3.45881
2.69 0.701777 0.701777 0.701777 0.701777 3.14431 3.14638 3.14218 3.14071 1.79856 1.79271 1.79908 1.7887 -4.72155 -4.72367 -4.72795 -4.71828
2.71 1.08011 1.08011 1.08011 1.08011 -0.383401 -0.379227 -0.379663 -0.383349 -0.839739 -0.841778 -0.838912 -0.83971 -2.27748 -2.27682 -2.28057 -2.27593
2.73 1.57528 1.57528 1.57528 1.57528 -2.92879 -2.92216 -2.92061 -2.93039 -3.87431 -3.87783 -3.88018 -3.87254 0.763316 0.766095 0.765478 0.763268
2.75 1.24231 1.24231 1.24231 1.24231 -3.15327 -3.15191 -3.15336 -3.14179 -4.08313 -4.08678 -4.08936 -4.08287 0.86953 0.87096 0.872813 0.870521
2.77 1.2056 1.2056 1.2056 1.2056 -1.09323 -1.10218 -1.10941 -1.0922 -1.53662 -1.53264 -1.53167 -1.53364 -1.91398 -1.91509 -1.91524 -1.91595
2.79 0.695721 0.695721 0.695721 0.695721 2.1174 2.12004 2.11924 2.11886 0.791831 0.795122 0.79359 0.787163 -4.31952 -4.31873 -4.31769 -4.31705
2.81 0.583795 0.583795 0.583795 0.583795 3.7376 3.74466 3.74418 3.72865 1.2194 1.2199 1.22201 1.22261 -3.69691 -3.69529 -3.69619 -3.69816
2.83 -0.0636988 -0.0636988 -0.0636988 -0.0636988 1.946 1.95359 1.95494 1.94564 0.689002 0.68601 0.686367 0.689412 -0.385073 -0.383327 -0.383242 -0.384324
2.85 0.579162 0.579162 0.579162 0.579162 -1.50842 -1.51691 -1.51456 -1.50518 0.408743 0.409523 0.407828 0.408128 3.34702 3.34543 3.34562 3.34685
2.87 0.720499 0.720499 0.720499 0.720499 -2.49105 -2.50896 -2.50943 -2.49478 0.532926 0.53547 0.531846 0.532583 5.35071 5.34782 5.34758 5.34979
2.89 -0.155592 -0.155592 -0.155592 -0.155592 -0.0133446 -0.0146808 -0.0113658 -0.0112407 1.39298 1.39054 1.38912 1.39429 4.66834 4.6685 4.6685 4.66936
2.91 -0.448942 -0.448942 -0.448942 -0.448942 2.85591 2.87119 2.86683 2.85699 3.15381 3.15323 3.1538 3.15568 2.24279 2.24337 2.24274 2.24248
2.93 -0.630508 -0.630508 -0.630508 -0.630508 3.56856 3.58005 3.57507 3.56601 4.33498 4.33867 4.33808 4.33269 0.524301 0.524126 0.524163 0.524447
2.95 -1.07963 -1.07963 -1.07963 -1.07963 2.0939 2.09438 2.10031 2.09515 3.29985 3.30203 3.30275 3.29969 1.13878 1.13785 1.13805 1.1385
2.97 -1.25936 -1.25936 -1.25936 -1.25936 -0.683045 -0.687871 -0.685939 -0.688873 0.740544 0.737904 0.738198 0.740541 2.99276 2.9917 2.99206 2.99284
2.99 -0.449867 -0.449867 -0.449867 -0.449867 -2.96198 -2.96664 -2.96567 -2.95921 -1.30218 -1.3055 -1.30577 -1.30261 3.47162 3.4701 3.46984 3.4708
3.01 -0.673591 -0.673591 -0.673591 -0.673591 -2.9023 -2.89645 -2.89767 -2.88804 -1.85801 -1.85732 -1.85784 -1.86039 1.20337 1.20288 1.20351 1.20509
3.03 -0.976371 -0.976371 -0.976371 -0.976371 -1.00056 -0.994622 -0.999063 -1.00563 -1.5591 -1.54917 -1.55005 -1.55678 -2.70124 -2.70239 -2.70347 -2.70283
3.05 -0.393784 -0.393784 -0.393784 -0.393784 0.603191 0.603315 0.605004 0.597766 -1.57019 -1.57664 -1.58577 -1.58962 -5.82965 -5.82972 -5.83045 -5.83106
3.07 0.28106 0.28106 0.28106 0.28106 0.45166 0.452194 0.466664 0.448955 -2.47722 -2.50253 -2.48275 -2.49979 -6.51396 -6.50848 -6.50652 -6.5048
3.09 0.193615 0.193615 0.193615 0.193615 -0.997361 -1.0005 -0.99487 -1.01665 -3.89129 -3.89389 -3.87948 -3.85755 -5.0818 -5.07839 -5.08086 -5.0821
3.11 1.24168 1.24168 1.24168 1.24168 -2.84047 -2.84796 -2.85205 -2.84853 -4.42749 -4.43384 -4.46263 -4.45771 -3.20685 -3.20702 -3.20863 -3.21101
3.13 0.793808 0.793808 0.793808 0.793808 -3.22077 -3.24688 -3.24316 -3.24948 -3.73415 -3.71983 -3.71571 -3.71486 -2.21688 -2.21704 -2.21421 -2.2128
3.15 0.523712 0.523712 0.523712 0.523712 -1.3158 -1.32504 -1.31223 -1.31483 -2.19855 -2.19738 -2.19355 -2.19832 -2.12623 -2.12699 -2.12715 -2.12793
3.17 0.0202987 0.0202987 0.0202987 0.0202987 1.17335 1.18421 1.18172 1.17937 -0.27801 -0.286822 -0.289847 -0.2927 -2.07753 -2.07683 -2.07785 -2.07962
3.19 -0.140389 -0.140389 -0.140389 -0.140389 2.23632 2.23622 2.22817 2.23281 1.50428 1.50418 1.5108 1.51364 -1.00836 -1.00791 -1.00603 -1.00486
3.21 0.145753 0.145753 0.145753 0.145753 1.47655 1.4896 1.50126 1.47798 2.52398 2.52388 2.52035 2.51649 1.49259 1.48758 1.48578 1.48618
3.23 0.769849 0.769849 0.769849 0.769849 0.562807 0.568861 0.576756 0.579531 2.54002 2.53501 2.53328 2.52384 4.58294 4.58241 4.58505 4.5875
3.25 -0.00287967 -0.00287967 -0.00287967 -0.00287967 0.733498 0.698043 0.705465 0.705635 2.45723 2.47835 2.4915 2.50049 6.48163 6.48009 6.47787 6.478
3.27 -0.698857 -0.698857 -0.698857 -0.698857 0.924052 0.918562 0.93189 0.937292 3.58457 3.58287 3.55948 3.54538 6.1288 6.12805 6.1282 6.13035
3.29 -0.781153 -0.781153 -0.781153 -0.781153 1.49751 1.47549 1.45524 1.43806 4.69551 4.69217 4.69868 4.69952 4.51649 4.51537 4.51492 4.51651
3.31 -0.961391 -0.961391 -0.961391 -0.961391 2.3387 2.30141 2.32149 2.30357 4.12538 4.12811 4.13421 4.13279 3.25562 3.25554 3.25623 3.2581
3.33 -0.142152 -0.142152 -0.142152 -0.142152 2.09574 2.09369 2.11899 2.11158 2.38958 2.38727 2.37996 2.37536 2.61182 2.61091 2.60956 2.60918
3.35 -0.0444439 -0.0444439 -0.0444439 -0.0444439 0.494461 0.505285 0.492217 0.481717 0.779319 0.783722 0.786192 0.790687 1.81515 1.81544 1.81637 1.81711
3.37 0.639599 0.639599 0.639599 0.639599 -1.23874 -1.2585 -1.26027 -1.22748 -0.422365 -0.416948 -0.412308 -0.414747 0.42914 0.428921 0.427896 0.427127
3.39 0.897163 0.897163 0.897163 0.897163 -1.30799 -1.285 -1.29916 -1.21146 -1.70985 -1.71685 -1.7153 -1.72977 -1.40043 -1.39827 -1.397 -1.39632
3.41 1.36718 1.36718 1.36718 1.36718 -0.204015 -0.155138 -0.208409 -0.237825 -2.70628 -2.72682 -2.71623 -2.7218 -3.43556 -3.43425 -3.43551 -3.43613
3.43 1.09027 1.09027 1.09027 1.09027 0.402618 0.423558 0.438498 0.411754 -2.82175 -2.82653 -2.81826 -2.81159 -5.16043 -5.1581 -5.1581 -5.15866
3.45 1.26873 1.26873 1.26873 1.26873 -0.104249 -0.129527 -0.110051 -0.108421 -2.49967 -2.49558 -2.50548 -2.50962 -5.64483 -5.64377 -5.64479 -5.64582
3.47 1.45084 1.45084 1.45084 1.45084 -0.834131 -0.858053 -0.862759 -0.859349 -2.64113 -2.63357 -2.63508 -2.63649 -4.43047 -4.42911 -4.42809 -4.42834
3.49 1.63978 1.63978 1.63978 1.63978 -0.945243 -0.938228 -0.93608 -0.932594 -2.81734 -2.8196 -2.81814 -2.81554 -2.33624 -2.33603 -2.3374 -2.33955
3.51 1.2704 1.2704 1.2704 1.2704 -0.437893 -0.433133 -0.435731 -0.434529 -1.8287 -1.83335 -1.83497 -1.82945 -0.706046 -0.704466 -0.702865 -0.702983
3.53 1.39267 1.39267 1.39267 1.39267 0.461446 0.496189 0.498894 0.463799 0.324992 0.326927 0.334431 0.342553 0.194494 0.192142 0.190505 0.189665
3.55 1.08714 1.08714 1.08714 1.08714 1.74022 1.82204 1.8112 1.83261 2.33791 2.34749 2.34197 2.3459 1.20308 1.20336 1.20459 1.20529
3.57 0.634503 0.634503 0.634503 0.634503 2.98248 2.96883 2.91287 2.95795 3.53461 3.5294 3.52005 3.52017 2.93511 2.93695 2.932 2.93142
3.59 -0.122276 -0.122276 -0.122276 -0.122276 2.43311 2.46546 2.46423 2.50657 4.23052 4.23788 4.24816 4.25405 5.02182 5.02458 5.02308 5.02616
3.61 -0.754454 -0.754454 -0.754454 -0.754454 1.68006 1.50287 1.53569 1.41027 4.22721 4.25175 4.24955 4.25334 6.68826 6.68861 6.68932 6.69588
3.63 -1.05128 -1.05128 -1.05128 -1.05128 0.786018 0.75794 0.850589 0.792667 4.41561 4.42079 4.39385 4.39949 7.04719 7.04656 7.04252 7.04223
3.65 -1.22441 -1.22441 -1.22441 -1.22441 0.635429 0.567895 0.564591 0.50059 4.29974 4.30412 4.29572 4.30175 6.09395 6.09335 6.09487 6.09636
3.67 -1.58294 -1.58294 -1.58294 -1.58294 1.0339 1.03891 1.05652 1.06873 3.30669 3.31728 3.324 3.33219 4.34356 4.34068 4.33938 4.33859
3.69 -1.57981 -1.57981 -1.57981 -1.57981 1.02244 1.03428 1.01506 1.02299 1.89396 1.88419 1.87152 1.86157 2.14239 2.14232 2.14469 2.14627
3.71 -1.74313 -1.74313 -1.74313 -1.74313 -0.290278 -0.272511 -0.295279 -0.248232 0.265167 0.268777 0.283052 0.294292 -0.118715 -0.118706 -0.119772 -0.121019
3.73 -1.61076 -1.61076 -1.61076 -1.61076 -2.39342 -2.17824 -2.16708 -2.13004 -1.95174 -1.89951 -1.89991 -1.93181 -2.0938 -2.09773 -2.09543 -2.09078
3.75 -0.97931 -0.97931 -0.97931 -0.97931 -3.22769 -3.01904 -3.15206 -3.18137 -4.40993 -4.41046 -4.42057 -4.44768 -3.98494 -3.9901 -3.99063 -3.98983
3.77 -0.546269 -0.546269 -0.546269 -0.546269 -2.49908 -2.55142 -2.44856 -2.5656 -5.18808 -5.19748 -5.1664 -5.0589 -6.2519 -6.23928 -6.2278 -6.22232
3.79 -0.605724 -0.605724 -0.605724 -0.605724 -1.03158 -1.52479 -1.52867 -1.18794 -5.03838 -5.0173 -5.02054 -4.96287 -7.81134 -7.81603 -7.83118 -7.83788
3.81 0.0731323 0.0731323 0.0731323 0.0731323 -1.12104 0.438628 4.15262 -14.3845 -3.75313 -3.83384 -4.32728 -4.91972 -8.00478 -7.99096 -7.93794 -7.82689
3.83 0.105454 0.105454 0.105454 0.105454 -4.49116 -4.89709 0.365903 2.44152 -6.13709 -5.83903 -5.30466 -4.86973 -6.05296 -6.09125 -6.15806 -6.19008
3.85 0.59555 0.59555 0.59555 0.59555 1.2872 -2.93713 -7.67793 -2.3529 -5.0052 -5.30927 -5.70534 -5.77943 -4.22836 -4.19153 -4.17027 -4.1919
3.87 -0.199867 -0.199867 -0.199867 -0.199867 -6.07154 -4.34036 -5.24261 -4.3455 -4.26445 -4.14956 -4.04813 -4.06658 -3.167 -3.16716 -3.14845 -3.13573
3.89 -0.503468 -0.503468 -0.503468 -0.503468 -5.76395 -3.50491 -2.23903 -4.40218 -3.10385 -3.01689 -2.93237 -2.97234 -2.56627 -2.58062 -2.59504 -2.59874
3.91 -1.02823 -1.02823 -1.02823 -1.02823 0.411323 -0.80189 -1.16802 -2.20797 -1.98043 -2.0971 -2.21276 -2.2569 -2.23928 -2.24082 -2.2423 -2.23492
3.93 -0.787325 -0.787325 -0.787325 -0.787325 0.848322 0.20599 0.835146 2.34649 -0.929297 -0.897015 -0.793861 -0.677644 -1.87165 -1.85903 -1.85109 -1.85582
3.95 -0.831128 -0.831128 -0.831128 -0.831128 1.12558 1.34564 0.906134 0.616089 0.856424 0.846503 0.764893 0.704576 -0.948938 -0.952486 -0.960713 -0.964127
3.97 -0.238135 -0.238135 -0.238135 -0.238135 0.0173998 0.593826 0.510703 0.0604054 1.82763 1.81519 1.81901 1.87748 0.941662 0.951206 0.963095 0.962945
3.99 0.29793 0.29793 0.29793 0.29793 0.962892 1.03352 1.3136 1.60746 1.71852 1.71822 1.74412 1.77361 3.43813 3.42726 3.41029 3.39332
4.01 -0.0697796 -0.0697796 -0.0697796 -0.0697796 1.90689 1.52113 1.37199 2.07822 2.57943 2.58416 2.58555 2.59428 4.8665 4.86802 4.88636 4.89837
4.03 -0.213015 -0.213015 -0.213015 -0.213015 1.45473 1.3648 1.02842 2.26501 4.24409 4.25153 4.26381 4.2921 5.0761 5.06533 5.0511 5.04395
4.05 0.734348 0.734348 0.734348 0.734348 1.66105 1.8459 1.5081 1.17628 4.94679 4.93266 4.90464 4.88062 4.98801 4.99279 4.99973 5.00675
4.07 1.24065 1.24065 1.24065 1.24065 2.62252 2.86932 3.18164 2.81574 4.01839 4.03002 4.05777 4.06544 5.05574 5.0558 5.05227 5.05085
4.09 0.78651 0.78651 0.78651 0.78651 3.95597 3.77469 3.85208 3.77577 3.31902 3.30233 3.2905 3.2913 4.56263 4.5628 4.56158 4.55993
4.11 0.330388 0.330388 0.330388 0.330388 2.82109 2.66767 2.61099 2.73239 3.60821 3.60951 3.6096 3.6123 3.32586 3.32574 3.32832 3.33013
4.13 1.02019 1.02019 1.02019 1.02019 0.837977 0.913352 0.917815 1.00129 3.30711 3.32109 3.32625 3.32049 2.37934 2.37567 2.37389 2.37469
4.15 0.766859 0.766859 0.766859 0.766859 0.368484 0.438528 0.45668 0.554998 1.42943 1.44136 1.45458 1.45847 2.08352 2.08263 2.08176 2.08128
4.17 0.0109131 0.0109131 0.0109131 0.0109131 0.673874 0.55697 0.344214 0.821433 -0.438286 -0.470805 -0.470502 -0.412084 1.42202 1.4245 1.42623 1.42422
4.19 0.164928 0.164928 0.164928 0.164928 0.0380154 0.087092 0.0330187 -0.0193278 -0.757409 -0.786017 -0.816254 -0.800328 -0.395909 -0.395628 -0.390532 -0.384119
4.21 0.268939 0.268939 0.268939 0.268939 -0.711749 -0.677412 -0.555069 -0.656228 -0.526058 -0.490659 -0.470853 -0.456201 -2.39757 -2.40358 -2.40873 -2.41014
4.23 0.586382 0.586382 0.586382 0.586382 -0.627698 -0.661376 -0.667221 -0.669546 -1.32093 -1.31319 -1.33185 -1.35053 -3.27192 -3.27136 -3.26899 -3.26895
4.25 0.672005 0.672005 0.672005 0.672005 -0.321645 -0.345978 -0.394415 -0.387914 -2.82858 -2.84235 -2.84716 -2.8437 -3.09174 -3.089 -3.08808 -3.09025
4.27 -0.217335 -0.217335 -0.217335 -0.217335 -0.833962 -0.814349 -0.826791 -0.917664 -3.35852 -3.3692 -3.3606 -3.35063 -2.94569 -2.94479 -2.94727 -2.95018
4.29 -0.0315862 -0.0315862 -0.0315862 -0.0315862 -2.09026 -2.08964 -2.08209 -2.1754 -2.63823 -2.64219 -2.65214 -2.66531 -3.16648 -3.16549 -3.16377 -3.162
4.31 0.180938 0.180938 0.180938 0.180938 -2.65896 -2.68452 -2.65716 -2.6786 -2.14679 -2.13542 -2.13204 -2.13917 -3.08228 -3.08396 -3.08535 -3.08475
4.33 0.120835 0.120835 0.120835 0.120835 -1.67383 -1.6999 -1.7106 -1.70285 -2.48787 -2.4898 -2.49241 -2.49303 -2.44486 -2.44397 -2.44303 -2.44301
4.35 1.11813 1.11813 1.11813 1.11813 -0.186789 -0.195418 -0.222184 -0.278896 -2.48905 -2.49912 -2.50273 -2.4997 -1.91284 -1.91154 -1.91253 -1.91482
4.37 0.919711 0.919711 0.919711 0.919711 0.623676 0.639594 0.644242 0.641098 -1.2366 -1.24065 -1.23934 -1.23529 -1.83565 -1.83458 -1.83453 -1.83589
4.39 0.516399 0.516399 0.516399 0.516399 0.7549 0.839932 0.813388 0.787461 0.453949 0.476517 0.474623 0.469911 -1.46433 -1.46382 -1.46269 -1.46176
4.41 0.280738 0.280738 0.280738 0.280738 0.637357 0.560936 0.594507 0.549487 1.47291 1.49096 1.47017 1.46234 0.0182318 0.0183683 0.0222675 0.0215512
4.43 -0.162896 -0.162896 -0.162896 -0.162896 1.24204 1.07247 1.09687 1.13228 1.29925 1.34437 1.33668 1.35672 2.34178 2.33353 2.33516 2.33859
4.45 0.134552 0.134552 0.134552 0.134552 1.25498 1.12552 1.08392 1.11739 1.74211 1.7418 1.73183 1.73838 4.05883 4.05546 4.06004 4.0628
4.47 0.159162 0.159162 0.159162 0.159162 0.711033 0.897055 1.34115 -0.0371536 3.21427 3.21938 3.21598 3.1566 4.44962 4.44435 4.43889 4.44268
4.49 0.901879 0.901879 0.901879 0.901879 1.22519 1.22468 1.63352 1.4918 4.03708 4.04673 4.07946 4.08364 4.29253 4.29621 4.29823 4.30082
4.51 0.950053 0.950053 0.950053 0.950053 3.25047 2.97812 2.69896 3.06639 3.79166 3.76589 3.74036 3.74624 4.16381 4.16442 4.16228 4.15985
4.53 0.145366 0.145366 0.145366 0.145366 3.55849 3.63425 3.51195 3.70699 3.41714 3.42351 3.43126 3.44675 3.83963 3.83989 3.84074 3.84027
4.55 0.242074 0.242074 0.242074 0.242074 2.14334 2.29696 2.33037 2.21313 3.54199 3.54913 3.54773 3.53842 3.2879 3.28525 3.28503 3.28678
4.57 0.375205 0.375205 0.375205 0.375205 0.598816 0.554014 0.557767 0.445429 2.93129 2.93006 2.92547 2.91386 2.98135 2.98014 2.98072 2.98274
4.59 0.717766 0.717766 0.717766 0.717766 -0.0409392 -0.0834106 0.0361414 0.257598 1.23304 1.23955 1.26346 1.28155 2.7364 2.73455 2.73175 2.72995
4.61 0.465656 0.465656 0.465656 0.465656 0.461215 0.374219 0.164148 0.577706 -0.150937 -0.175248 -0.194598 -0.157189 1.65406 1.65599 1.65884 1.65906
4.63 0.887459 0.887459 0.887459 0.887459 0.57016 0.715282 0.623531 0.528947 -0.400324 -0.393493 -0.407691 -0.423912 -0.48687 -0.485401 -0.485031 -0.484443
4.65 0.667167 0.667167 0.667167 0.667167 0.283593 0.462397 0.547012 0.425598 -0.146834 -0.11705 -0.0952904 -0.0856872 -2.5517 -2.54602 -2.55013 -2.55285
4.67 0.426721 0.426721 0.426721 0.426721 0.408975 0.347741 0.324206 0.317713 -0.813865 -0.837386 -0.863231 -0.877052 -3.20606 -3.20083 -3.20273 -3.20373
4.69 -0.104847 -0.104847 -0.104847 -0.104847 -0.147132 -0.223288 -0.210681 -0.203677 -2.1889 -2.19545 -2.18068 -2.17138 -2.6041 -2.60346 -2.60384 -2.60391
4.71 0.240131 0.240131 0.240131 0.240131 -1.46068 -1.45646 -1.44232 -1.51995 -2.80521 -2.80809 -2.80869 -2.81164 -1.92463 -1.92605 -1.92641 -1.92715
4.73 -0.182139 -0.182139 -0.182139 -0.182139 -2.62681 -2.61603 -2.63383 -2.70558 -2.49696 -2.49632 -2.50574 -2.51465 -1.84863 -1.84912 -1.8474 -1.84637
4.75 -0.509638 -0.509638 -0.509638 -0.509638 -2.69061 -2.70181 -2.70089 -2.66019 -2.12785 -2.119 -2.11252 -2.10981 -2.12389 -2.12446 -2.12484 -2.12497
4.77 -0.676288 -0.676288 -0.676288 -0.676288 -1.46664 -1.48694 -1.50578 -1.50152 -2.10925 -2.1148 -2.1211 -2.124 -2.35666 -2.35589 -2.35596 -2.35633
4.79 -1.05802 -1.05802 -1.05802 -1.05802 -0.297803 -0.288498 -0.288742 -0.326563 -1.96149 -1.96712 -1.96566 -1.96324 -2.48075 -2.47948 -2.47987 -2.48111
4.81 -1.56587 -1.56587 -1.56587 -1.56587 -0.269754 -0.254614 -0.244463 -0.253181 -1.28083 -1.28349 -1.28107 -1.27894 -2.37728 -2.37675 -2.37714 -2.37814
4.83 -1.87941 -1.87941 -1.87941 -1.87941 -1.20353 -1.2061 -1.20781 -1.19185 -0.660024 -0.658456 -0.660565 -0.669262 -1.67839 -1.67875 -1.67837 -1.67792
4.85 -1.99001 -1.99001 -1.99001 -1.99001 -2.11179 -2.1135 -2.10877 -2.07451 -0.783173 -0.776594 -0.770911 -0.771247 -0.386075 -0.387227 -0.387138 -0.386035
4.87 -1.58455 -1.58455 -1.58455 -1.58455 -2.28478 -2.28822 -2.29154 -2.28868 -1.26424 -1.25849 -1.26097 -1.26719 0.699785 0.699019 0.699414 0.70104
4.89 -1.66081 -1.66081 -1.66081 -1.66081 -1.81086 -1.80714 -1.80582 -1.80467 -1.21875 -1.21954 -1.21729 -1.2161 0.672246 0.671631 0.670853 0.670971
4.91 -1.68199 -1.68199 -1.68199 -1.68199 -1.06838 -1.06528 -1.06395 -1.04988 -0.516838 -0.518996 -0.516327 -0.512997 -0.390177 -0.389934 -0.389817 -0.389535
4.93 -1.49466 -1.49466 -1.49466 -1.49466 -0.362942 -0.359315 -0.358104 -0.33688 -0.0222155 -0.0196242 -0.0207414 -0.0237514 -1.42236 -1.42338 -1.42333 -1.42252
4.95 -1.26529 -1.26529 -1.26529 -1.26529 -0.00296851 0.00415708 0.00664425 0.0176516 -0.325533 -0.325508 -0.325303 -0.326474 -1.60374 -1.60372 -1.60353 -1.60354
4.97 -0.203443 -0.203443 -0.203443 -0.203443 -0.257745 -0.258708 -0.261744 -0.278395 -1.0235 -1.02579 -1.02512 -1.02383 -1.09032 -1.08968 -1.08989 -1.09069
4.99 -0.0168235 -0.0168235 -0.0168235 -0.0168235 -0.893513 -0.897484 -0.897496 -0.91475 -1.37158 -1.37424 -1.3748 -1.37319 -0.618652 -0.618131 -0.618355 -0.618941
5.01 -0.167799 -0.167799 -0.167799 -0.167799 -1.35057 -1.35936 -1.36126 -1.36974 -1.18163 -1.1809 -1.18163 -1.18271 -0.619999 -0.620134 -0.619915 -0.61969
5.03 -0.795145 -0.795145 -0.795145 -0.795145 -1.22736 -1.23024 -1.22932 -1.22555 -0.875704 -0.873651 -0.873562 -0.875104 -0.920893 -0.921295 -0.921087 -0.921239
5.05 -1.26768 -1.26768 -1.26768 -1.26768 -0.754225 -0.750562 -0.749702 -0.745105 -0.785752 -0.785833 -0.785907 -0.786078 -1.16014 -1.16014 -1.15991 -1.16018
5.07 -1.64445 -1.64445 -1.64445 -1.64445 -0.553212 -0.546136 -0.546467 -0.54214 -0.831611 -0.833083 -0.832472 -0.830742 -1.17993 -1.17963 -1.17963 -1.17999
5.09 -1.2434 -1.2434 -1.2434 -1.2434 -0.912446 -0.910445 -0.910101 -0.906189 -0.869177 -0.869083 -0.868891 -0.868821 -1.01595 -1.016 -1.01616 -1.01611
5.11 -0.753676 -0.753676 -0.753676 -0.753676 -1.35277 -1.3566 -1.35603 -1.35457 -0.986458 -0.984996 -0.985303 -0.986695 -0.77325 -0.773485 -0.773374 -0.772853
5.13 -0.546756 -0.546756 -0.546756 -0.546756 -1.35831 -1.36362 -1.36391 -1.36879 -1.18675 -1.18626 -1.18642 -1.18664 -0.646956 -0.647179 -0.647257 -0.647053
5.15 -0.620093 -0.620093 -0.620093 -0.620093 -0.97113 -0.97319 -0.97405 -0.982822 -1.22256 -1.22385 -1.22404 -1.22302 -0.829643 -0.829438 -0.829379 -0.82953
5.17 -0.662499 -0.662499 -0.662499 -0.662499 -0.558845 -0.558896 -0.559676 -0.565783 -0.972052 -0.972767 -0.972961 -0.972832 -1.23988 -1.23964 -1.23975 -1.24015
5.19 -1.10641 -1.10641 -1.10641 -1.10641 -0.429265 -0.424818 -0.423799 -0.419622 -0.678217 -0.679106 -0.678725 -0.679092 -1.49507 -1.49492 -1.49497 -1.49522
5.21 -0.998658 -0.998658 -0.998658 -0.998658 -0.641758 -0.640124 -0.640334 -0.636308 -0.663235 -0.661687 -0.661676 -0.662823 -1.28341 -1.28331 -1.28323 -1.28321
5.23 -0.830385 -0.830385 -0.830385 -0.830385 -0.985974 -0.986662 -0.986181 -0.986655 -0.919849 -0.91936 -0.91987 -0.919947 -0.731528 -0.731591 -0.73164 -0.731639
5.25 -0.773342 -0.773342 -0.773342 -0.773342 -1.24457 -1.24719 -1.24751 -1.25126 -1.09751 -1.09875 -1.09845 -1.09696 -0.311272 -0.311307 -0.31117 -0.311138
5.27 -0.518536 -0.518536 -0.518536 -0.518536 -1.21456 -1.2192 -1.21994 -1.22342 -0.971803 -0.971697 -0.971696 -0.971693 -0.346126 -0.346408 -0.346366 -0.346129
5.29 -0.406592 -0.406592 -0.406592 -0.406592 -0.776806 -0.779278 -0.778933 -0.78004 -0.693911 -0.692995 -0.693348 -0.694566 -0.715621 -0.715775 -0.715687 -0.715461
5.31 -0.87167 -0.87167 -0.87167 -0.87167 -0.19944 -0.195323 -0.195469 -0.193611 -0.488759 -0.489106 -0.488848 -0.488473 -1.04728 -1.04704 -1.04713 -1.04755
5.33 -0.863526 -0.863526 -0.863526 -0.863526 -0.0209625 -0.014948 -0.015139 -0.0134085 -0.401828 -0.40279 -0.402702 -0.40236 -1.06 -1.0596 -1.05964 -1.0601
5.35 -1.1645 -1.1645 -1.1645 -1.1645 -0.438933 -0.435132 -0.433971 -0.425665 -0.417693 -0.418119 -0.417464 -0.416992 -0.716238 -0.716173 -0.716249 -0.716368
5.37 -0.986337 -0.986337 -0.986337 -0.986337 -1.10655 -1.10845 -1.10769 -1.10095 -0.553304 -0.552234 -0.552552 -0.551892 -0.214015 -0.214342 -0.214135 -0.213722
5.39 -0.939699 -0.939699 -0.939699 -0.939699 -1.45589 -1.45824 -1.45666 -1.4513 -0.772565 -0.770596 -0.77163 -0.769757 0.104217 0.10337 0.103161 0.103656
5.41 -0.463559 -0.463559 -0.463559 -0.463559 -1.23333 -1.23803 -1.23862 -1.24147 -0.884558 -0.883894 -0.884703 -0.884802 -0.0619347 -0.0621635 -0.0619999 -0.0613664
5.43 -0.00533974 -0.00533974 -0.00533974 -0.00533974 -0.539507 -0.543297 -0.54441 -0.552998 -0.781561 -0.782037 -0.781836 -0.782229 -0.672564 -0.672316 -0.672209 -0.672279
5.45 1.03393 1.03393 1.03393 1.03393 0.323569 0.31732 0.315448 0.296475 -0.558504 -0.55959 -0.559974 -0.561853 -1.33057 -1.33005 -1.33021 -1.33111
5.47 1.75598 1.75598 1.75598 1.75598 1.12026 1.12543 1.12303 1.09707 -0.374576 -0.375665 -0.376415 -0.378157 -1.57018 -1.56936 -1.56961 -1.57068
5.49 1.99676 1.99676 1.99676 1.99676 1.54167 1.54611 1.54238 1.51271 -0.144476 -0.147938 -0.150168 -0.151235 -1.1996 -1.19828 -1.19813 -1.19902
5.51 2.33963 2.33963 2.33963 2.33963 1.36282 1.36394 1.35042 1.35303 0.35124 0.357625 0.358173 0.353389 -0.326043 -0.327117 -0.327016 -0.326241
5.53 2.52651 2.52651 2.52651 2.52651 1.18268 1.24435 1.22827 1.18319 0.993538 0.969783 0.970416 0.974458 0.865368 0.867209 0.868393 0.869419
5.55 2.72974 2.72974 2.72974 2.72974 1.89387 1.99404 1.96515 1.8316 1.53529 1.52699 1.52893 1.56289 2.09054 2.08796 2.08666 2.08652
5.57 2.65359 2.65359 2.65359 2.65359 2.88239 2.84408 2.73743 3.0012 2.52742 2.53883 2.53226 2.56499 2.97617 2.97759 2.98296 2.98126
5.59 1.49847 1.49847 1.49847 1.49847 3.39536 3.48278 3.81136 2.43697 4.06912 4.08853 4.05734 3.98936 3.61054 3.60679 3.60565 3.6094
5.61 0.257177 0.257177 0.257177 0.257177 2.63209 2.64405 3.16528 2.93874 5.01312 5.03478 5.07361 5.07576 4.57633 4.57567 4.57551 4.5775
5.63 -0.363255 -0.363255 -0.363255 -0.363255 2.45936 2.12305 1.92896 2.17701 4.82824 4.79025 4.77205 4.78098 5.91503 5.91661 5.91569 5.91519
5.65 -0.914115 -0.914115 -0.914115 -0.914115 1.42188 1.68819 1.52851 1.78344 3.99435 4.00189 4.01091 4.02562 6.70163 6.69893 6.69639 6.69535
5.67 -1.45067 -1.45067 -1.45067 -1.45067 0.69588 0.911891 0.797394 0.732799 3.55721 3.56474 3.55392 3.53826 6.01482 6.01236 6.01497 6.01941
5.69 -1.99883 -1.99883 -1.99883 -1.99883 0.153443 0.089401 0.10438 0.00740658 3.0668 3.06679 3.0669 3.06013 4.09218 4.08871 4.08667 4.08779
5.71 -0.58652 -0.58652 -0.58652 -0.58652 -0.249525 -0.360277 -0.253223 0.632086 1.73567 1.75674 1.80315 1.84649 1.77164 1.7705 1.76791 1.76346
5.73 1.10311 1.10311 1.10311 1.10311 0.895077 0.684647 0.0919297 0.847435 -0.242803 -0.318538 -0.336415 -0.294708 -0.388822 -0.384571 -0.382753 -0.388348
5.75 1.37235 1.37235 1.37235 1.37235 0.813778 1.15597 1.13775 0.873746 -1.70806 -1.67022 -1.65179 -1.59079 -2.54897 -2.5425 -2.532 -2.52817
5.77 1.28905 1.28905 1.28905 1.28905 0.343266 0.6211 0.825559 0.495856 -2.25639 -2.21582 -2.25135 -2.30191 -4.29646 -4.30345 -4.31718 -4.32564
5.79 0.79937 0.79937 0.79937 0.79937 -0.365638 -0.59709 -0.703124 -0.733324 -2.66819 -2.67345 -2.6734 -2.69759 -5.03023 -5.02355 -5.01131 -5.00621
5.81 0.385945 0.385945 0.385945 0.385945 -1.85117 -1.9473 -1.91205 -1.77407 -3.44607 -3.46533 -3.44157 -3.42423 -4.48865 -4.49217 -4.4998 -4.50697
5.83 0.402595 0.402595 0.402595 0.402595 -2.87964 -2.82943 -2.84536 -3.10141 -4.1514 -4.17229 -4.19851 -4.21505 -3.51497 -3.51171 -3.50575 -3.50263
5.85 0.889372 0.889372 0.889372 0.889372 -3.19966 -3.19132 -3.20742 -3.15025 -4.20608 -4.18738 -4.17243 -4.16223 -3.02118 -3.02258 -3.02626 -3.02849
5.87 0.622531 0.622531 0.622531 0.622531 -2.15118 -2.19849 -2.2654 -2.21013 -3.36242 -3.36626 -3.3792 -3.38533 -3.26237 -3.26094 -3.26007 -3.26014
5.89 0.823535 0.823535 0.823535 0.823535 -0.483935 -0.48887 -0.497701 -0.575031 -2.1636 -2.16976 -2.17319 -2.17875 -3.58074 -3.5798 -3.57984 -3.58037
5.91 0.82887 0.82887 0.82887 0.82887 0.935692 0.960261 1.00657 0.931974 -1.02587 -1.02912 -1.02293 -1.0226 -3.13506 -3.13441 -3.13547 -3.13736
5.93 0.562703 0.562703 0.562703 0.562703 1.34857 1.35078 1.38122 1.24433 -0.0704035 -0.0711703 -0.0755521 -0.0790459 -1.57525 -1.57386 -1.57319 -1.57367
5.95 0.633206 0.633206 0.633206 0.633206 0.518745 0.360042 0.450935 0.437685 0.97631 0.955696 0.941233 0.916864 0.71689 0.715353 0.719775 0.724563
5.97 0.701046 0.701046 0.701046 0.701046 0.506844 0.413416 0.436931 0.449411 1.55396 1.64095 1.6637 1.62012 3.1261 3.11575 3.11952 3.13521
5.99 0.89957 0.89957 0.89957 0.89957 1.18624 1.1257 0.826113 3.12621 2.57564 2.58872 2.6275 2.75808 4.72087 4.70964 4.69715 4.68805
6.01 0.714396 0.714396 0.714396 0.714396 2.96482 2.81632 1.77489 3.12314 4.36567 4.29615 4.23093 4.27397 5.11234 5.11897 5.12119 5.1156
6.03 0.94315 0.94315 0.94315 0.94315 1.39234 1.97988 1.83657 1.3043 5.5062 5.53205 5.56062 5.549 5.2155 5.22032 5.22429 5.22548
6.05 0.630277 0.630277 0.630277 0.630277 1.84835 1.85902 2.2696 1.83797 4.79472 4.82574 4.82779 4.7975 5.71394 5.70453 5.70377 5.7071
6.07 0.804033 0.804033 0.804033 0.804033 4.39584 3.88546 3.91951 3.99727 3.40895 3.39168 3.36455 3.36435 5.76476 5.7591 5.75406 5.75129
6.09 0.835153 0.835153 0.835153 0.835153 4.6168 4.56911 4.58577 4.8803 3.65611 3.65884 3.67779 3.70031 4.36695 4.37451 4.38803 4.39524
6.11 0.827036 0.827036 0.827036 0.827036 3.17567 3.34295 3.21111 3.15594 4.85598 4.85524 4.84732 4.8314 2.65982 2.65121 2.63391 2.625
6.13 0.318092 0.318092 0.318092 0.318092 1.63341 1.70238 1.66804 1.57543 4.1061 4.10943 4.10742 4.09303 2.32902 2.33645 2.35222 2.36374
6.15 0.314875 0.314875 0.314875 0.314875 0.880655 0.846811 0.917765 0.966338 1.36714 1.36692 1.37941 1.39295 3.15299 3.14645 3.13342 3.12565
6.17 0.211484 0.211484 0.211484 0.211484 0.126946 0.148899 0.373393 -0.0136813 -0.399337 -0.387322 -0.388912 -0.404275 2.8117 2.81537 2.82165 2.82645
6.19 -0.0309687 -0.0309687 -0.0309687 -0.0309687 -0.448243 -0.598092 -0.65455 -0.230294 -0.253441 -0.250707 -0.222956 -0.200354 0.625036 0.621649 0.614846 0.608634
6.21 0.0217626 0.0217626 0.0217626 0.0217626 -0.732444 -0.782811 -0.959469 -0.869167 0.169508 0.163345 0.135987 0.103291 -1.93482 -1.92878 -1.91085 -1.89984
6.23 -0.115534 -0.115534 -0.115534 -0.115534 -0.597069 -0.66158 -0.568932 -0.562534 -0.917217 -0.917098 -0.8896 -0.878328 -3.17533 -3.18449 -3.19972 -3.2081
6.25 0.481423 0.481423 0.481423 0.481423 -0.343466 -0.413227 -0.320516 -0.49691 -2.91602 -2.91334 -2.90788 -2.90927 -3.23288 -3.22823 -3.21945 -3.21587
6.27 0.791433 0.791433 0.791433 0.791433 -0.90563 -0.891677 -0.877199 -1.0173 -3.87324 -3.89187 -3.91331 -3.91876 -3.23719 -3.23548 -3.24112 -3.24923
6.29 0.741928 0.741928 0.741928 0.741928 -1.97049 -1.9765 -2.03708 -2.09244 -3.35784 -3.35575 -3.34795 -3.34183 -3.82021 -3.81853 -3.81744 -3.81649
6.31 0.343681 0.343681 0.343681 0.343681 -2.76768 -2.76005 -2.76358 -2.74075 -2.7142 -2.71325 -2.72284 -2.73907 -4.131 -4.13006 -4.12686 -4.12398
6.33 -0.215162 -0.215162 -0.215162 -0.215162 -2.01113 -2.03118 -2.03194 -2.14747 -2.97175 -2.97192 -2.97169 -2.97883 -3.6375 -3.64109 -3.64603 -3.64721
6.35 -0.432879 -0.432879 -0.432879 -0.432879 -1.01172 -1.01788 -0.980419 -1.04126 -3.20305 -3.20782 -3.20351 -3.1967 -2.84853 -2.84451 -2.84174 -2.84288
6.37 0.0641137 0.0641137 0.0641137 0.0641137 -0.667292 -0.692904 -0.706221 -0.730176 -2.25297 -2.26158 -2.26871 -2.2695 -2.39395 -2.39357 -2.39451 -2.39617
6.39 0.428658 0.428658 0.428658 0.428658 -0.787407 -0.776552 -0.782079 -0.756185 -0.797648 -0.795554 -0.793483 -0.789014 -1.90926 -1.90997 -1.91135 -1.91203
6.41 0.539674 0.539674 0.539674 0.539674 -0.416824 -0.410414 -0.406496 -0.47548 -0.00756798 0.012717 0.0146314 0.0174916 -0.7744 -0.774474 -0.773528 -0.771713
6.43 0.0974222 0.0974222 0.0974222 0.0974222 0.243309 0.0918461 0.194767 0.238863 0.302356 0.323025 0.29818 0.272547 0.782411 0.783443 0.7863 0.787321
6.45 -0.550341 -0.550341 -0.550341 -0.550341 0.748499 0.736765 0.702565 0.665335 0.801312 0.841089 0.844349 0.829756 2.02171 2.02133 2.03111 2.04214
6.47 -0.554393 -0.554393 -0.554393 -0.554393 0.806103 0.961511 0.999954 1.01008 1.95932 1.94823 1.9593 1.93628 2.63365 2.62209 2.60102 2.59139
6.49 -0.0477751 -0.0477751 -0.0477751 -0.0477751 0.99814 0.961802 0.858373 1.82692 3.0238 3.00749 3.04156 3.07627 2.87264 2.88376 2.8996 2.90485
6.51 -0.104853 -0.104853 -0.104853 -0.104853 1.81409 1.66892 1.23829 1.69361 3.22024 3.2062 3.19373 3.20632 3.37846 3.3731 3.36265 3.35449
6.53 0.233837 0.233837 0.233837 0.233837 2.08767 2.23894 2.2776 2.05024 2.77381 2.78549 2.77704 2.76625 3.81437 3.81416 3.81853 3.8231
6.55 -0.619488 -0.619488 -0.619488 -0.619488 2.05116 2.133 2.33977 2.09524 2.7142 2.72044 2.72874 2.73119 3.67737 3.67666 3.67578 3.67623
6.57 -1.02328 -1.02328 -1.02328 -1.02328 1.26458 1.1094 1.07272 1.04917 2.99197 2.98036 2.97147 2.96695 3.03996 3.03903 3.03847 3.03917
6.59 -1.2193 -1.2193 -1.2193 -1.2193 0.0248863 -0.0162048 -0.035 0.360552 2.40129 2.40736 2.42327 2.43787 2.49321 2.49166 2.4904 2.48936
6.61 1.72889 1.72889 1.72889 1.72889 -0.0963176 -0.00238667 0.0598536 -0.414795 0.854266 0.876998 0.863521 0.82825 2.01109 2.01001 2.01007 2.01369
6.63 0.403468 0.403468 0.403468 0.403468 0.830446 0.776721 0.911493 0.802839 -0.55229 -0.553077 -0.528444 -0.516798 0.886714 0.88855 0.887848 0.886092
6.65 -0.397464 -0.397464 -0.397464 -0.397464 0.94187 0.784022 0.779547 0.920046 -0.432212 -0.462814 -0.468555 -0.463089 -1.10221 -1.09895 -1.09708 -1.0971
6.67 -0.75713 -0.75713 -0.75713 -0.75713 -0.358332 -0.289154 -0.319328 -0.244402 -0.0673209 -0.0492278 -0.0431404 -0.0582688 -2.71174 -2.71186 -2.70715 -2.69988
6.69 -0.241514 -0.241514 -0.241514 -0.241514 -1.44904 -1.25931 -1.30273 -1.26824 -1.13169 -1.10782 -1.10804 -1.11306 -2.74489 -2.75028 -2.76132 -2.76691
6.71 0.296131 0.296131 0.296131 0.296131 -1.62538 -1.69389 -1.7819 -1.87589 -3.04904 -3.05471 -3.06866 -3.06416 -1.9383 -1.93355 -1.92529 -1.92155
6.73 0.590743 0.590743 0.590743 0.590743 -1.9314 -1.98913 -1.90476 -1.93274 -3.8608 -3.86965 -3.86596 -3.854 -1.88528 -1.88604 -1.89092 -1.8966
6.75 0.509831 0.509831 0.509831 0.509831 -2.04739 -2.08973 -2.10266 -2.25773 -2.98951 -2.99453 -3.00048 -3.01249 -3.08663 -3.08607 -3.08328 -3.08099
6.77 -0.388842 -0.388842 -0.388842 -0.388842 -1.6426 -1.62134 -1.60021 -1.60978 -2.03132 -2.02428 -2.02045 -2.02802 -4.18406 -4.18441 -4.18563 -4.18652
6.79 -0.950566 -0.950566 -0.950566 -0.950566 -0.655408 -0.657691 -0.678769 -0.637945 -2.03995 -2.04349 -2.04659 -2.04958 -4.03603 -4.03571 -4.03585 -4.03609
6.81 -1.57703 -1.57703 -1.57703 -1.57703 -0.466809 -0.470116 -0.500795 -0.526413 -2.37157 -2.3801 -2.38272 -2.37914 -2.83599 -2.83397 -2.83417 -2.8362
6.83 -1.39901 -1.39901 -1.39901 -1.39901 -1.61544 -1.60174 -1.57813 -1.59785 -2.00728 -2.00774 -2.00313 -1.99453 -1.52021 -1.52019 -1.5206 -1.52084
6.85 -1.43299 -1.43299 -1.43299 -1.43299 -2.74594 -2.75987 -2.75928 -2.75374 -1.25751 -1.24439 -1.2501 -1.26068 -0.520644 -0.520743 -0.519834 -0.51858
6.87 -1.78444 -1.78444 -1.78444 -1.78444 -2.62524 -2.63184 -2.62183 -2.62426 -0.903797 -0.901362 -0.898511 -0.897659 0.126996 0.125365 0.125563 0.126232
6.89 -2.03649 -2.03649 -2.03649 -2.03649 -1.48121 -1.46885 -1.46757 -1.44562 -0.828987 -0.833745 -0.835412 -0.821406 0.269866 0.268629 0.267245 0.265778
6.91 -0.307604 -0.307604 -0.307604 -0.307604 -0.283452 -0.254876 -0.262092 -0.26608 -0.460584 -0.461743 -0.466024 -0.466638 -0.194271 -0.192723 -0.190164 -0.189009
6.93 0.55237 0.55237 0.55237 0.55237 0.737007 0.744609 0.732071 0.724365 0.120192 0.123684 0.127394 0.124817 -0.776651 -0.777453 -0.77951 -0.780791
6.95 1.21109 1.21109 1.21109 1.21109 1.28172 1.29655 1.2865 1.28703 0.541486 0.540321 0.537298 0.52992 -0.852916 -0.851126 -0.848539 -0.847436
6.97 0.398538 0.398538 0.398538 0.398538 1.41889 1.41989 1.39095 1.40886 0.657941 0.66043 0.661564 0.659998 -0.167919 -0.16652 -0.166005 -0.166151
6.99 0.458901 0.458901 0.458901 0.458901 0.887393 0.873862 0.885805 0.876046 0.765684 0.770544 0.768166 0.768927 0.930156 0.929951 0.927602 0.9278
7.01 0.547302 0.547302 0.547302 0.547302 0.159833 0.155179 0.172352 0.161508 1.02562 1.02441 1.02069 1.02651 1.90033 1.90001 1.90244 1.90655
7.03 0.679478 0.679478 0.679478 0.679478 0.0323514 0.0389843 0.0256181 0.0335959 1.28065 1.28128 1.28743 1.27809 2.406 2.40243 2.40016 2.39947
7.05 0.117516 0.117516 0.117516 0.117516 0.72096 0.734179 0.738249 0.791837 1.48969 1.48746 1.49316 1.48386 2.32648 2.32588 2.32675 2.32786
7.07 -0.16922 -0.16922 -0.16922 -0.16922 1.4876 1.47722 1.47896 1.49643 1.80571 1.80335 1.80588 1.8075 1.81459 1.81546 1.81538 1.81531
7.09 0.0777196 0.0777196 0.0777196 0.0777196 1.67979 1.67033 1.67682 1.67284 2.0451 2.04627 2.04679 2.05206 1.35269 1.35231 1.35078 1.35013
7.11 0.373264 0.373264 0.373264 0.373264 1.36058 1.35833 1.36304 1.4082 1.8261 1.8279 1.82623 1.82766 1.32384 1.32387 1.32437 1.32485
7.13 -0.28156 -0.28156 -0.28156 -0.28156 0.782144 0.780559 0.784317 0.796068 1.20986 1.21047 1.21145 1.21144 1.59994 1.59933 1.59877 1.59853
7.15 -0.744285 -0.744285 -0.744285 -0.744285 0.0650774 0.00700694 0.0135947 0.00746368 0.668099 0.670167 0.674967 0.683616 1.64337 1.64184 1.64055 1.64035
7.17 -1.22603 -1.22603 -1.22603 -1.22603 -0.812586 -0.805816 -0.779551 -0.7492 0.35545 0.355907 0.353321 0.349281 1.16257 1.16302 1.16466 1.16561
7.19 -1.24561 -1.24561 -1.24561 -1.24561 -1.12366 -1.18202 -1.15261 -1.12339 -0.123458 -0.11217 -0.112917 -0.115653 0.286476 0.286206 0.289073 0.291329
7.21 -0.587858 -0.587858 -0.587858 -0.587858 -1.12632 -1.048 -1.04438 -1.02174 -0.802341 -0.781394 -0.781106 -0.793675 -0.748804 -0.749493 -0.752814 -0.754175
7.23 -0.512437 -0.512437 -0.512437 -0.512437 -0.851229 -0.809031 -0.845154 -0.836516 -1.49559 -1.48686 -1.49184 -1.50068 -1.80058 -1.79892 -1.79755 -1.79689
7.25 -1.07864 -1.07864 -1.07864 -1.07864 -0.778666 -0.820158 -0.821933 -0.869201 -2.05223 -2.05221 -2.04796 -2.03039 -2.701 -2.70026 -2.69936 -2.70062
7.27 -1.43851 -1.43851 -1.43851 -1.43851 -1.41507 -1.43151 -1.38061 -1.36854 -2.35943 -2.37026 -2.37998 -2.37191 -3.27203 -3.27396 -3.27734 -3.28055
7.29 -1.05375 -1.05375 -1.05375 -1.05375 -2.20674 -2.2256 -2.24961 -2.29672 -2.73333 -2.73162 -2.73285 -2.7387 -3.386 -3.38365 -3.37927 -3.37681
7.31 -0.894601 -0.894601 -0.894601 -0.894601 -2.73987 -2.72993 -2.72911 -2.75265 -3.26698 -3.26324 -3.25981 -3.26552 -3.15248 -3.15371 -3.15684 -3.15864
7.33 -0.332803 -0.332803 -0.332803 -0.332803 -2.72662 -2.73577 -2.74489 -2.82648 -3.59082 -3.596 -3.60251 -3.60873 -3.05081 -3.04985 -3.04853 -3.04736
7.35 -0.05179 -0.05179 -0.05179 -0.05179 -2.18408 -2.21092 -2.22009 -2.19749 -3.41202 -3.41312 -3.40983 -3.40443 -3.30705 -3.30651 -3.30738 -3.30881
7.37 -0.174143 -0.174143 -0.174143 -0.174143 -1.25257 -1.27081 -1.29536 -1.3028 -2.74825 -2.75269 -2.75756 -2.76074 -3.66887 -3.6682 -3.66803 -3.66868
7.39 -0.464805 -0.464805 -0.464805 -0.464805 -0.544254 -0.533437 -0.53322 -0.576022 -1.97491 -1.97698 -1.97818 -1.98216 -3.54656 -3.54582 -3.54625 -3.54766
7.41 -0.465823 -0.465823 -0.465823 -0.465823 -0.396003 -0.389827 -0.380329 -0.384021 -1.36238 -1.36393 -1.36303 -1.36502 -2.58785 -2.58738 -2.58738 -2.5878
7.43 0.500825 0.500825 0.500825 0.500825 -0.613607 -0.630934 -0.641783 -0.629155 -0.934247 -0.930736 -0.934076 -0.942143 -0.996634 -0.996621 -0.996719 -0.996779
7.45 1.1978 1.1978 1.1978 1.1978 -0.725926 -0.634402 -0.684274 -0.690664 -0.41504 -0.429483 -0.415014 -0.410971 0.5682 0.56613 0.564158 0.563904
7.47 1.06025 1.06025 1.06025 1.06025 -0.204613 -0.25094 -0.234019 -0.301436 0.504627 0.462195 0.466091 0.490294 1.53342 1.53636 1.54 1.5381
7.49 0.623489 0.623489 0.623489 0.623489 1.22138 1.08311 1.11288 1.12198 1.46095 1.46458 1.45154 1.4656 1.94008 1.94224 1.95334 1.95804
7.51 0.516389 0.516389 0.516389 0.516389 2.4919 2.49 2.39407 2.6513 2.52601 2.558 2.56779 2.615 2.15913 2.14842 2.13132 2.11853
7.53 0.194443 0.194443 0.194443 0.194443 2.83052 3.03094 3.38502 1.80231 3.73169 3.72119 3.66571 3.594 2.58708 2.59471 2.60918 2.62451
7.55 0.169991 0.169991 0.169991 0.169991 2.25643 2.29402 2.86034 2.5413 3.87846 3.89654 3.95152 3.96638 3.76844 3.76564 3.75897 3.75761
7.57 0.41141 0.41141 0.41141 0.41141 2.4816 2.13354 1.89692 2.28923 3.56878 3.53874 3.51931 3.51952 5.0397 5.0386 5.03754 5.03619
7.59 0.978269 0.978269 0.978269 0.978269 1.74722 1.76997 1.58409 1.83594 3.34032 3.34284 3.34235 3.34746 5.47805 5.47953 5.48222 5.48239
7.61 1.38101 1.38101 1.38101 1.38101 1.52563 1.73306 1.77774 1.68964 3.45984 3.4719 3.4763 3.47242 4.76599 4.76315 4.76237 4.76364
7.63 1.2356 1.2356 1.2356 1.2356 2.39441 2.36478 2.35681 2.18876 3.38881 3.3806 3.36929 3.36041 3.43033 3.43016 3.43042 3.4312
7.65 0.816786 0.816786 0.816786 0.816786 2.89069 2.82314 2.89113 2.93672 2.83578 2.83723 2.84872 2.85851 2.15708 2.15677 2.15575 2.1554
7.67 0.500941 0.500941 0.500941 0.500941 2.48246 2.44757 2.4237 2.58593 2.08474 2.0969 2.10274 2.10684 1.3033 1.30455 1.3045 1.30271
7.69 0.341681 0.341681 0.341681 0.341681 1.05019 1.12552 1.24659 0.608483 1.31145 1.31327 1.29802 1.27943 0.896313 0.89604 0.897043 0.900813
7.71 0.769615 0.769615 0.769615 0.769615 -0.148271 -0.23511 -0.0761275 -0.0512434 0.19804 0.204817 0.228009 0.256173 0.725277 0.721973 0.7172 0.714578
7.73 0.807922 0.807922 0.807922 0.807922 -0.382049 -0.536572 -0.614701 -0.4257 -0.770901 -0.79347 -0.816028 -0.817384 0.243431 0.247791 0.257558 0.261758
7.75 0.785428 0.785428 0.785428 0.785428 -0.881266 -0.695744 -0.760301 -0.78632 -1.14078 -1.1274 -1.12126 -1.0972 -0.836927 -0.835408 -0.83563 -0.836727
7.77 1.03868 1.03868 1.03868 1.03868 -0.691106 -0.537782 -0.569344 -0.681398 -1.2458 -1.23211 -1.23662 -1.22805 -2.07145 -2.0714 -2.07925 -2.08753
7.79 0.641924 0.641924 0.641924 0.641924 -0.114859 -0.186598 -0.174311 -0.22205 -1.5807 -1.58214 -1.59823 -1.60362 -2.86904 -2.86476 -2.85661 -2.85374
7.81 0.25956 0.25956 0.25956 0.25956 0.0208614 -0.0539379 -0.0176356 0.0144121 -1.96947 -1.97462 -1.97084 -1.96522 -2.97297 -2.976 -2.98089 -2.98493
7.83 -0.143389 -0.143389 -0.143389 -0.143389 -0.633011 -0.622733 -0.641189 -0.73208 -1.99687 -2.00513 -2.0077 -2.01513 -2.63397 -2.63316 -2.62992 -2.62723
7.85 0.522673 0.522673 0.522673 0.522673 -1.56457 -1.53243 -1.52286 -1.5609 -1.79607 -1.79433 -1.79084 -1.79269 -2.00097 -2.00113 -2.00362 -2.00538
7.87 0.43846 0.43846 0.43846 0.43846 -1.61027 -1.62928 -1.64177 -1.63315 -1.68693 -1.68584 -1.68814 -1.69561 -1.2899 -1.28902 -1.28815 -1.28767
7.89 0.672009 0.672009 0.672009 0.672009 -0.837248 -0.847495 -0.853978 -0.848168 -1.45394 -1.45294 -1.45526 -1.45649 -0.826174 -0.825743 -0.825726 -0.826066
7.91 0.50655 0.50655 0.50655 0.50655 0.134103 0.153138 0.147532 0.1336 -0.690921 -0.693903 -0.69232 -0.689683 -0.754745 -0.755363 -0.757418 -0.758988
7.93 0.615473 0.615473 0.615473 0.615473 0.920099 0.823449 0.854911 0.861108 0.404956 0.396645 0.392429 0.389832 -0.685234 -0.682742 -0.677577 -0.673658
7.95 0.603548 0.603548 0.603548 0.603548 1.11229 1.14257 1.19703 1.16964 1.24944 1.2304 1.23071 1.24266 0.018069 0.0227056 0.0237909 0.0202752
7.97 0.551713 0.551713 0.551713 0.551713 1.42098 1.45298 1.41128 1.37855 1.40885 1.4154 1.41636 1.41559 1.41443 1.41212 1.40652 1.40195
7.99 0.455076 0.455076 0.455076 0.455076 1.37576 1.28523 1.23907 1.30578 1.66739 1.68986 1.69876 1.6637 2.77765 2.78219 2.78689 2.78819
8.01 0.193838 0.193838 0.193838 0.193838 0.768547 0.748975 0.771677 1.43941 2.39424 2.39753 2.42117 2.44567 3.52495 3.51824 3.50817 3.50461
8.03 -0.257268 -0.257268 -0.257268 -0.257268 1.07914 0.980011 0.626313 1.05715 3.0305 3.00571 2.9874 3.00475 3.6917 3.69496 3.70241 3.70701
8.05 -0.715005 -0.715005 -0.715005 -0.715005 1.3544 1.47688 1.4247 1.28367 2.95516 2.95937 2.95967 2.95826 3.60691 3.60296 3.59817 3.59669
8.07 -0.823253 -0.823253 -0.823253 -0.823253 1.61388 1.69331 1.86657 1.69068 2.58654 2.59393 2.59973 2.59345 3.2179 3.21891 3.22082 3.22177
8.09 -0.913236 -0.913236 -0.913236 -0.913236 1.3589 1.22998 1.21441 1.1816 2.26034 2.25334 2.24707 2.2431 2.5285 2.52783 2.52726 2.52739
8.11 0.196962 0.196962 0.196962 0.196962 0.347338 0.336263 0.431006 0.427821 1.66058 1.68109 1.70015 1.7035 1.75104 1.7493 1.74759 1.74774
8.13 0.133122 0.133122 0.133122 0.133122 0.0635071 0.115205 0.0715151 0.314603 0.578504 0.571216 0.56664 0.597279 1.00445 1.00366 1.00406 1.00454
8.15 -0.150638 -0.150638 -0.150638 -0.150638 0.168198 0.287983 0.163021 0.182002 -0.486525 -0.504504 -0.533523 -0.515004 0.0323771 0.0349633 0.0388745 0.0410128
8.17 -0.338775 -0.338775 -0.338775 -0.338775 -0.468383 -0.267151 -0.272388 -0.290799 -0.839708 -0.822338 -0.815736 -0.79566 -1.27736 -1.27228 -1.27008 -1.26907
8.19 -0.522383 -0.522383 -0.522383 -0.522383 -0.961814 -1.06544 -1.11136 -1.0891 -1.11196 -1.11217 -1.11609 -1.11522 -2.31526 -2.31492 -2.32521 -2.33147
8.21 -1.00431 -1.00431 -1.00431 -1.00431 -1.58936 -1.7371 -1.6785 -1.70687 -2.04664 -2.03248 -2.02433 -2.01784 -2.69685 -2.69431 -2.68789 -2.6829
8.23 -0.914693 -0.914693 -0.914693 -0.914693 -2.02083 -2.00815 -1.93008 -1.96523 -3.09496 -3.10183 -3.11269 -3.11113 -2.70666 -2.70976 -2.7154 -2.72035
8.25 -0.461981 -0.461981 -0.461981 -0.461981 -2.26115 -2.25559 -2.32436 -2.44684 -3.50932 -3.51401 -3.51541 -3.51662 -3.06574 -3.06443 -3.06027 -3.05782
8.27 0.150649 0.150649 0.150649 0.150649 -2.48356 -2.46333 -2.46035 -2.4771 -3.3068 -3.30694 -3.30593 -3.3111 -3.70837 -3.7074 -3.70757 -3.70883
8.29 0.355358 0.355358 0.355358 0.355358 -1.9155 -1.95875 -1.98064 -2.00489 -3.10814 -3.11008 -3.11567 -3.12505 -4.15019 -4.15126 -4.1537 -4.15456
8.31 0.312324 0.312324 0.312324 0.312324 -0.950188 -0.956425 -0.93848 -1.0464 -3.04646 -3.04988 -3.05074 -3.05441 -4.047 -4.04391 -4.04123 -4.04075
8.33 -0.0930218 -0.0930218 -0.0930218 -0.0930218 -0.3773 -0.373432 -0.349997 -0.403943 -2.57869 -2.58552 -2.58453 -2.58144 -3.4814 -3.48184 -3.48523 -3.48839
8.35 -0.868883 -0.868883 -0.868883 -0.868883 -0.671659 -0.683159 -0.702939 -0.700136 -1.603 -1.60795 -1.61222 -1.61441 -2.51591 -2.51413 -2.51248 -2.51263
8.37 -1.38499 -1.38499 -1.38499 -1.38499 -1.45686 -1.4515 -1.4554 -1.39553 -0.7147 -0.704368 -0.703286 -0.70866 -1.07821 -1.07901 -1.07877 -1.07806
8.39 -1.58218 -1.58218 -1.58218 -1.58218 -1.90857 -1.87637 -1.89821 -1.86389 -0.298069 -0.315854 -0.306412 -0.308776 0.583801 0.581767 0.580501 0.581324
8.41 -1.56236 -1.56236 -1.56236 -1.56236 -1.60615 -1.67652 -1.6331 -1.61657 -0.0813673 -0.122037 -0.115449 -0.0973306 1.76185 1.76226 1.76367 1.76348
8.43 -2.12757 -2.12757 -2.12757 -2.12757 -0.829721 -0.878868 -0.826221 -0.793146 0.311616 0.301127 0.302618 0.311515 1.93089 1.92972 1.93113 1.93083
8.45 -2.26759 -2.26759 -2.26759 -2.26759 0.0158249 -0.0263047 -0.0561204 -0.0261691 1.05978 1.07709 1.08045 1.07247 1.24861 1.24813 1.25183 1.25543
8.47 -2.06115 -2.06115 -2.06115 -2.06115 0.391959 0.441825 0.450203 0.518366 1.48147 1.48871 1.49316 1.49329 0.592641 0.588692 0.580766 0.577109
8.49 -1.71081 -1.71081 -1.71081 -1.71081 0.459345 0.466641 0.441398 0.47319 1.09221 1.08325 1.08064 1.0839 0.517976 0.521814 0.526631 0.529331
8.51 -1.22481 -1.22481 -1.22481 -1.22481 -0.133327 -0.112669 -0.113017 -0.132364 0.230693 0.227663 0.232373 0.238578 0.801521 0.801104 0.798087 0.795699
8.53 -1.02015 -1.02015 -1.02015 -1.02015 -1.04858 -1.07076 -1.0348 -1.04309 -0.415521 -0.413403 -0.413535 -0.413685 0.732644 0.732449 0.736746 0.740948
8.55 -1.14732 -1.14732 -1.14732 -1.14732 -1.69723 -1.6679 -1.66181 -1.65051 -0.747807 -0.739234 -0.737763 -0.73614 0.0311653 0.0288347 0.0255247 0.0234611
8.57 -0.851307 -0.851307 -0.851307 -0.851307 -1.73199 -1.74694 -1.73087 -1.70357 -1.09825 -1.09876 -1.10489 -1.10759 -1.05516 -1.05586 -1.05375 -1.05052
8.59 -0.643517 -0.643517 -0.643517 -0.643517 -1.12738 -1.15628 -1.17036 -1.13493 -1.74405 -1.75531 -1.74818 -1.74301 -2.1126 -2.11165 -2.11175 -2.11179
8.61 -0.764446 -0.764446 -0.764446 -0.764446 -0.662653 -0.657315 -0.66987 -0.673926 -2.31228 -2.31411 -2.31154 -2.31435 -2.98802 -2.98761 -2.98849 -2.9907
8.63 -0.472606 -0.472606 -0.472606 -0.472606 -0.908939 -0.899097 -0.905433 -0.961852 -2.46901 -2.47053 -2.47632 -2.4799 -3.55162 -3.55004 -3.5485 -3.54962
8.65 -0.183621 -0.183621 -0.183621 -0.183621 -1.58788 -1.59678 -1.59111 -1.6272 -2.52534 -2.52515 -2.52634 -2.52691 -3.56137 -3.56176 -3.56308 -3.56449
8.67 0.00905177 0.00905177 0.00905177 0.00905177 -2.03257 -2.05311 -2.05587 -2.09579 -2.7726 -2.7748 -2.778 -2.78204 -3.04131 -3.04083 -3.03976 -3.03861
8.69 0.18902 0.18902 0.18902 0.18902 -1.91114 -1.92349 -1.91811 -1.98338 -2.9223 -2.92409 -2.92443 -2.92628 -2.43423 -2.43401 -2.43518 -2.43611
8.71 0.0426049 0.0426049 0.0426049 0.0426049 -1.33843 -1.34739 -1.34258 -1.37813 -2.47339 -2.47544 -2.47513 -2.47502 -2.18129 -2.18059 -2.18034 -2.18058
8.73 -0.296343 -0.296343 -0.296343 -0.296343 -0.698265 -0.706163 -0.715783 -0.707104 -1.4606 -1.46332 -1.46507 -1.46443 -2.13557 -2.13517 -2.13556 -2.13645
8.75 -0.331892 -0.331892 -0.331892 -0.331892 -0.267635 -0.254991 -0.24925 -0.244401 -0.512453 -0.513153 -0.514625 -0.520466 -1.70967 -1.71029 -1.7109 -1.71104
8.77 -0.0124787 -0.0124787 -0.0124787 -0.0124787 -0.035348 0.0464253 0.00906721 0.0103158 -0.0627784 -0.0596034 -0.0520728 -0.0526168 -0.613276 -0.613654 -0.613641 -0.613711
8.79 0.210155 0.210155 0.210155 0.210155 0.115092 0.0406047 0.0383987 0.0619076 0.271731 0.288444 0.279776 0.263651 0.748443 0.747802 0.751332 0.752918
8.81 0.262779 0.262779 0.262779 0.262779 0.215101 0.219629 0.218773 0.212994 0.724168 0.754213 0.752076 0.729449 1.82906 1.82647 1.8318 1.83805
8.83 0.219108 0.219108 0.219108 0.219108 0.633253 0.723959 0.674466 0.614382 1.47685 1.48118 1.49616 1.47671 2.3173 2.30984 2.29989 2.29639
8.85 0.742944 0.742944 0.742944 0.742944 1.45822 1.48077 1.40588 1.4736 2.259 2.24808 2.25871 2.27468 2.38136 2.38753 2.39441 2.3959
8.87 1.22171 1.22171 1.22171 1.22171 2.08558 2.05713 2.01008 2.82187 2.76839 2.77548 2.78556 2.82469 2.44986 2.4463 2.43804 2.43023
8.89 1.49861 1.49861 1.49861 1.49861 2.94964 2.83926 2.49443 2.82593 2.97153 2.96882 2.94726 2.94839 2.73698 2.73986 2.74532 2.74704
8.91 1.78036 1.78036 1.78036 1.78036 2.80865 2.95391 2.98968 2.78023 2.98635 2.99406 3.00051 2.99363 3.16421 3.16248 3.16123 3.16187
8.93 1.79569 1.79569 1.79569 1.79569 2.54847 2.60704 2.77298 2.60674 3.12637 3.12428 3.13094 3.12832 3.49191 3.49107 3.4896 3.48939
8.95 1.55372 1.55372 1.55372 1.55372 2.42888 2.29956 2.26518 2.25928 3.25499 3.24557 3.23903 3.23733 3.62357 3.62408 3.62567 3.62725
8.97 1.29571 1.29571 1.29571 1.29571 2.0426 2.02472 2.0281 2.12678 3.10872 3.11359 3.1194 3.12426 3.59769 3.59674 3.59545 3.59466
8.99 1.3754 1.3754 1.3754 1.3754 1.98411 2.02188 1.99525 1.98745 2.75238 2.75155 2.74555 2.74068 3.33792 3.33706 3.33735 3.33839
9.01 0.830554 0.830554 0.830554 0.830554 1.93611 1.9515 1.93852 1.90311 2.35507 2.3541 2.35557 2.35674 2.77926 2.77966 2.78001 2.78015
9.03 0.385309 0.385309 0.385309 0.385309 1.50131 1.4845 1.48502 1.79618 2.03496 2.03732 2.05005 2.06561 2.00724 2.00591 2.00377 2.0017
9.05 0.215096 0.215096 0.215096 0.215096 0.993033 0.955768 0.876193 0.788311 1.57264 1.55885 1.54228 1.53376 1.30085 1.30151 1.30352 1.30522
9.07 -0.0155488 -0.0155488 -0.0155488 -0.0155488 0.311156 0.391235 0.457608 0.402364 0.645207 0.663985 0.681052 0.680067 0.785287 0.782945 0.779826 0.778348
9.09 0.118092 0.118092 0.118092 0.118092 -0.0680667 0.0387783 0.0525778 0.116888 -0.249364 -0.25484 -0.269954 -0.267158 0.201758 0.203771 0.207522 0.208962
9.11 0.0971829 0.0971829 0.0971829 0.0971829 -0.390058 -0.398442 -0.516394 -0.522707 -0.703783 -0.702958 -0.709821 -0.725016 -0.668418 -0.666013 -0.662531 -0.660715
9.13 0.170982 0.170982 0.170982 0.170982 -0.851003 -0.978717 -0.91092 -0.810031 -1.0219 -1.01658 -1.00011 -1.00778 -1.55174 -1.55201 -1.55639 -1.56185
9.15 0.716018 0.716018 0.716018 0.716018 -1.05144 -1.05276 -0.994743 -1.00002 -1.5935 -1.60826 -1.61187 -1.63552 -2.14796 -2.14902 -2.14727 -2.14413
9.17 1.04494 1.04494 1.04494 1.04494 -0.623429 -0.61344 -0.689333 -0.81186 -2.2812 -2.28657 -2.27667 -2.2743 -2.46577 -2.46475 -2.46454 -2.46411
9.19 0.910111 0.910111 0.910111 0.910111 -0.426821 -0.399614 -0.380232 -0.40809 -2.39833 -2.40393 -2.4082 -2.40241 -2.77121 -2.77173 -2.7751 -2.77769
9.21 0.706691 0.706691 0.706691 0.706691 -0.432403 -0.464488 -0.481391 -0.490908 -1.90363 -1.90673 -1.91742 -1.92182 -2.96163 -2.95801 -2.95444 -2.95429
9.23 0.389051 0.389051 0.389051 0.389051 -0.587232 -0.61172 -0.623779 -0.62734 -1.39213 -1.38707 -1.38093 -1.3815 -2.59269 -2.59433 -2.59777 -2.6002
9.25 0.543945 0.543945 0.543945 0.543945 -0.631227 -0.608548 -0.592248 -0.58964 -1.18666 -1.19165 -1.19782 -1.20345 -1.58808 -1.58726 -1.58535 -1.58418
9.27 0.393412 0.393412 0.393412 0.393412 -0.39779 -0.399846 -0.417474 -0.469767 -0.964676 -0.959928 -0.956138 -0.946546 -0.418231 -0.417545 -0.418946 -0.420494
9.29 0.560749 0.560749 0.560749 0.560749 -0.227071 -0.200124 -0.174576 -0.184812 -0.203357 -0.19072 -0.199111 -0.212223 0.370717 0.371785 0.374184 0.377422
9.31 0.744975 0.744975 0.744975 0.744975 0.170632 0.277697 0.244578 0.165899 0.854117 0.840146 0.842835 0.849852 0.84711 0.85421 0.85641 0.85492
9.33 0.649396 0.649396 0.649396 0.649396 1.23044 1.19973 1.17772 1.17201 1.50319 1.49323 1.49756 1.50673 1.37884 1.37636 1.37006 1.36618
9.35 0.54843 0.54843 0.54843 0.54843 2.23408 2.09063 2.1123 2.16723 2.00071 2.00075 2.00962 1.99646 1.99972 2.00258 2.00842 2.00896
9.37 0.407275 0.407275 0.407275 0.407275 2.04966 2.03507 2.08658 2.65612 2.70404 2.70291 2.73472 2.75277 2.62509 2.61902 2.61311 2.60777
9.39 0.206105 0.206105 0.206105 0.206105 1.88411 1.80847 1.45292 1.91566 3.23499 3.22241 3.21215 3.21992 3.32766 3.32959 3.33455 3.33533
9.41 -0.247786 -0.247786 -0.247786 -0.247786 1.40177 1.51739 1.42884 1.32634 3.11866 3.12103 3.11281 3.10765 4.0442 4.04303 4.04225 4.04311
9.43 -0.177482 -0.177482 -0.177482 -0.177482 1.0884 1.1707 1.34402 1.1743 2.73691 2.74536 2.75445 2.75546 4.29226 4.29033 4.28757 4.28771
9.45 -0.141589 -0.141589 -0.141589 -0.141589 1.18075 1.05408 1.05468 0.989773 2.50319 2.49293 2.48328 2.47801 3.70772 3.70812 3.71014 3.71258
9.47 -0.268421 -0.268421 -0.268421 -0.268421 0.996384 0.954384 0.961321 1.07747 2.18637 2.18834 2.19602 2.20216 2.52608 2.52448 2.52277 2.5219
9.49 -0.232325 -0.232325 -0.232325 -0.232325 0.880737 0.955293 1.06325 0.709782 1.57675 1.60333 1.60361 1.58901 1.24188 1.24119 1.24104 1.24285
9.51 -0.304137 -0.304137 -0.304137 -0.304137 0.724367 0.723508 0.750516 0.935004 0.550286 0.577005 0.587753 0.572244 0.231405 0.230986 0.227186 0.223221
9.53 -0.60398 -0.60398 -0.60398 -0.60398 0.30107 0.285778 0.187844 0.356814 -0.404466 -0.427713 -0.440857 -0.452199 -0.599832 -0.596062 -0.589044 -0.58445
9.55 -0.921873 -0.921873 -0.921873 -0.921873 -1.11059 -0.927925 -0.956924 -1.00168 -1.03589 -1.03777 -1.01789 -0.988264 -1.3584 -1.35782 -1.3531 -1.3526
9.57 -0.53123 -0.53123 -0.53123 -0.53123 -2.40777 -2.2193 -2.18767 -2.11198 -1.75769 -1.7629 -1.76898 -1.78248 -1.92406 -1.9337 -1.94957 -1.95867
9.59 0.430418 0.430418 0.430418 0.430418 -2.30184 -2.36629 -2.4857 -2.50452 -2.88964 -2.89173 -2.89589 -2.90915 -2.4348 -2.42312 -2.40267 -2.39075
9.61 0.904232 0.904232 0.904232 0.904232 -1.61684 -1.67419 -1.63872 -1.65921 -3.65662 -3.65529 -3.64494 -3.6361 -3.20509 -3.21281 -3.22783 -3.23592
9.63 0.288754 0.288754 0.288754 0.288754 -0.977365 -0.972509 -0.951668 -1.14256 -3.4345 -3.44985 -3.46893 -3.47846 -4.36298 -4.35857 -4.35341 -4.35147
9.65 -0.377592 -0.377592 -0.377592 -0.377592 -0.92114 -0.930873 -0.948701 -0.901218 -2.75473 -2.75209 -2.74262 -2.73632 -5.05548 -5.05368 -5.05423 -5.05832
9.67 -0.248066 -0.248066 -0.248066 -0.248066 -1.25034 -1.26687 -1.30953 -1.25723 -2.45138 -2.45507 -2.46217 -2.47046 -4.48912 -4.48909 -4.4894 -4.49238
9.69 -0.31376 -0.31376 -0.31376 -0.31376 -1.62561 -1.6228 -1.63373 -1.69238 -2.69832 -2.7005 -2.70314 -2.7087 -2.85361 -2.85311 -2.85153 -2.85078
9.71 -0.442096 -0.442096 -0.442096 -0.442096 -1.86603 -1.86142 -1.8379 -1.89254 -2.56075 -2.56164 -2.55509 -2.54507 -1.24886 -1.24921 -1.25073 -1.25107
9.73 -0.120693 -0.120693 -0.120693 -0.120693 -1.76517 -1.79019 -1.79393 -1.7963 -1.52928 -1.52406 -1.53298 -1.54237 -0.46697 -0.46594 -0.464977 -0.464198
9.75 -0.0874188 -0.0874188 -0.0874188 -0.0874188 -1.03412 -1.03072 -1.01316 -1.04223 -0.209236 -0.210361 -0.201773 -0.196575 -0.252118 -0.254161 -0.25656 -0.258114
9.77 -0.408293 -0.408293 -0.408293 -0.408293 0.201753 0.0965849 0.184382 0.240143 0.722205 0.718422 0.702999 0.706597 0.040021 0.0416579 0.0463703 0.0479676
9.79 -0.565406 -0.565406 -0.565406 -0.565406 1.34156 1.36902 1.32013 1.27706 1.0709 1.09992 1.0854 1.07862 0.744621 0.747814 0.755905 0.761943
9.81 -0.438234 -0.438234 -0.438234 -0.438234 1.59026 1.79471 1.76127 1.74773 1.49511 1.5013 1.50576 1.52406 1.66463 1.65325 1.63687 1.62986
9.83 -0.168501 -0.168501 -0.168501 -0.168501 1.23151 1.23747 1.1385 1.2061 2.25091 2.24733 2.23737 2.23016 2.43212 2.44018 2.45753 2.46758
9.85 0.138614 0.138614 0.138614 0.138614 0.528769 0.470006 0.460403 0.983279 2.6145 2.6253 2.64887 2.67073 3.20965 3.20064 3.18436 3.17507
9.87 0.198066 0.198066 0.198066 0.198066 0.918348 0.836884 0.677748 0.794734 2.41737 2.40537 2.3889 2.38129 3.69282 3.69654 3.70467 3.7108
9.89 0.0875385 0.0875385 0.0875385 0.0875385 1.39825 1.48675 1.52577 1.34907 2.09297 2.09372 2.09841 2.09867 3.52113 3.51981 3.51704 3.51609
9.91 -0.215117 -0.215117 -0.215117 -0.215117 1.64109 1.67529 1.76788 1.70774 2.27851 2.27874 2.28258 2.28449 2.55907 2.55829 2.55772 2.55764
9.93 -0.501427 -0.501427 -0.501427 -0.501427 1.41797 1.34246 1.33561 1.34455 2.40473 2.40873 2.41112 2.4089 1.51531 1.51533 1.51582 1.51623
9.95 -0.635571 -0.635571 -0.635571 -0.635571 0.686522 0.661782 0.664436 0.852426 1.64636 1.63872 1.64628 1.65254 1.08041 1.07908 1.07806 1.07751
9.97 -0.732873 -0.732873 -0.732873 -0.732873 0.226074 0.154747 0.0470763 0.0472634 0.271686 0.267944 0.276146 0.264089 0.999502 0.997975 0.995106 0.992354
9.99 -0.833441 -0.833441 -0.833441 -0.833441 -0.781635 -0.735794 -0.661495 -0.612632 -0.743542 -0.734712 -0.733777 -0.734718 0.467547 0.471709 0.480869 0.485843
10.01 -0.850321 -0.850321 -0.850321 -0.850321 -1.70526 -1.56257 -1.61604 -1.6381 -1.01648 -1.00292 -1.00593 -0.998587 -0.740918 -0.743109 -0.748933 -0.752504
10.03 -0.840327 -0.840327 -0.840327 -0.840327 -2.12098 -2.01107 -2.0762 -1.97864 -1.48039 -1.46502 -1.46951 -1.48106 -2.05039 -2.05104 -2.05093 -2.05157
10.05 -1.08769 -1.08769 -1.08769 -1.08769 -1.61932 -1.64843 -1.67218 -1.62195 -2.5318 -2.52771 -2.52732 -2.52934 -2.9901 -2.98825 -2.98272 -2.98138
10.07 -0.590049 -0.590049 -0.590049 -0.590049 -1.22617 -1.2811 -1.26331 -1.34303 -3.38382 -3.39538 -3.39696 -3.3902 -3.71625 -3.71901 -3.72303 -3.72658
10.09 -0.149611 -0.149611 -0.149611 -0.149611 -1.57703 -1.57673 -1.54544 -1.66208 -3.5177 -3.52601 -3.53075 -3.53406 -4.37292 -4.37067 -4.36804 -4.36724
10.11 0.650353 0.650353 0.650353 0.650353 -2.05137 -2.06199 -2.08181 -2.17632 -3.34875 -3.34842 -3.35116 -3.36035 -4.6181 -4.61736 -4.6188 -4.62058
10.13 0.995009 0.995009 0.995009 0.995009 -2.09455 -2.11693 -2.13453 -2.08365 -3.43581 -3.43415 -3.43422 -3.43753 -4.20198 -4.20119 -4.20142 -4.20279
10.15 0.75555 0.75555 0.75555 0.75555 -1.30622 -1.3252 -1.36717 -1.38512 -3.42374 -3.43227 -3.43768 -3.43849 -3.4453 -3.44386 -3.44316 -3.44379
10.17 0.726437 0.726437 0.726437 0.726437 -0.608292 -0.603901 -0.606185 -0.689272 -2.58507 -2.59 -2.58921 -2.58808 -2.80413 -2.80391 -2.80549 -2.80713
10.19 0.367269 0.367269 0.367269 0.367269 -0.302368 -0.288822 -0.259788 -0.28923 -1.07596 -1.07876 -1.07987 -1.0786 -2.12526 -2.12465 -2.12415 -2.12403
10.21 -0.115031 -0.115031 -0.115031 -0.115031 -0.172213 -0.187279 -0.174181 -0.276701 0.1472 0.181533 0.183012 0.175064 -0.85998 -0.860549 -0.862163 -0.863195
10.23 0.0746089 0.0746089 0.0746089 0.0746089 -0.179264 -0.380868 -0.24578 -0.228823 0.864829 0.859864 0.833801 0.81823 0.963885 0.967191 0.974882 0.975378
10.25 0.276835 0.276835 0.276835 0.276835 0.514073 0.414633 0.404765 0.389545 1.02667 1.06216 1.06778 1.08042 2.74135 2.73969 2.75001 2.76023
10.27 0.329887 0.329887 0.329887 0.329887 1.34526 1.47615 1.40535 1.55252 1.90305 1.87437 1.87666 1.92773 3.60409 3.59191 3.5715 3.5629
10.29 0.107415 0.107415 0.107415 0.107415 1.89626 2.11538 2.59565 0.609594 3.65336 3.63318 3.59268 3.50306 3.44532 3.45697 3.47616 3.49775
10.31 0.126949 0.126949 0.126949 0.126949 2.06266 2.03429 2.7333 2.40602 4.33831 4.3792 4.44654 4.45435 3.61304 3.60747 3.59317 3.58625
10.33 -0.113905 -0.113905 -0.113905 -0.113905 3.40118 2.97046 2.66147 3.16652 3.95681 3.92693 3.88707 3.88386 4.29587 4.2965 4.2993 4.29914
10.35 -0.349961 -0.349961 -0.349961 -0.349961 2.91291 2.99491 2.766 3.03173 3.36162 3.36248 3.36828 3.39165 4.78624 4.78582 4.78712 4.78663
10.37 -0.201881 -0.201881 -0.201881 -0.201881 1.32067 1.58103 1.63468 1.51052 3.46657 3.47423 3.47812 3.47329 4.46918 4.46604 4.46593 4.46805
10.39 0.0119551 0.0119551 0.0119551 0.0119551 0.486069 0.42458 0.416463 0.228079 3.15996 3.15364 3.14157 3.12282 3.70402 3.70263 3.70177 3.70305
10.41 0.21006 0.21006 0.21006 0.21006 0.459687 0.361653 0.440223 0.650196 1.75544 1.76111 1.77957 1.79289 2.76183 2.76154 2.76117 2.76127
10.43 0.106523 0.106523 0.106523 0.106523 1.00772 1.09532 1.33031 0.480378 0.453932 0.460546 0.441006 0.427008 1.30546 1.30597 1.30733 1.31215
10.45 0.280174 0.280174 0.280174 0.280174 1.09832 1.048 1.24415 1.23962 -0.145065 -0.113508 -0.091446 -0.099149 -0.629787 -0.63197 -0.638894 -0.645259
10.47 0.318777 0.318777 0.318777 0.318777 0.560401 0.482355 0.340607 0.530156 -0.164794 -0.178076 -0.192634 -0.177844 -2.27941 -2.2704 -2.25845 -2.26015
10.49 0.329463 0.329463 0.329463 0.329463 -0.572798 -0.619357 -0.68855 -0.696923 -1.01079 -1.04682 -1.05484 -1.04242 -2.7245 -2.72433 -2.72051 -2.72446
10.51 0.273067 0.273067 0.273067 0.273067 -1.7034 -1.65454 -1.47368 -1.58994 -2.58107 -2.57275 -2.54089 -2.54509 -2.28529 -2.29501 -2.30484 -2.30902
10.53 0.373187 0.373187 0.373187 0.373187 -2.12261 -2.14239 -2.15802 -2.33669 -3.54118 -3.55507 -3.57563 -3.6 -2.12014 -2.11199 -2.10312 -2.09848
10.55 0.180086 0.180086 0.180086 0.180086 -2.30856 -2.35431 -2.39546 -2.37475 -3.3541 -3.34925 -3.34257 -3.33423 -2.86458 -2.8663 -2.87179 -2.87322
10.57 -0.119076 -0.119076 -0.119076 -0.119076 -2.12623 -2.10813 -2.1067 -2.12576 -2.68258 -2.68295 -2.69212 -2.69809 -3.88684 -3.88533 -3.88375 -3.88307
10.59 -0.221468 -0.221468 -0.221468 -0.221468 -1.12775 -1.11843 -1.11449 -1.2632 -2.49255 -2.49647 -2.49977 -2.50706 -4.21751 -4.21796 -4.21919 -4.21963
10.61 -0.248841 -0.248841 -0.248841 -0.248841 -0.410797 -0.410557 -0.36997 -0.393579 -2.60284 -2.60719 -2.60095 -2.59753 -3.6265 -3.62435 -3.6241 -3.62659
10.63 -0.115956 -0.115956 -0.115956 -0.115956 -0.512606 -0.551319 -0.582242 -0.595667 -2.1921 -2.20095 -2.20777 -2.21139 -2.59268 -2.59174 -2.5913 -2.59217
10.65 -0.137472 -0.137472 -0.137472 -0.137472 -1.25382 -1.24379 -1.24498 -1.2267 -1.30692 -1.30497 -1.30023 -1.28887 -1.4262 -1.42714 -1.42909 -1.42979
10.67 -0.0729768 -0.0729768 -0.0729768 -0.0729768 -1.48961 -1.47704 -1.45142 -1.52195 -0.537151 -0.531359 -0.532607 -0.525018 -0.211146 -0.211321 -0.210393 -0.207481
10.69 -0.048335 -0.048335 -0.048335 -0.048335 -0.935391 -0.886328 -0.858417 -0.848082 -0.0341191 -0.00713726 -0.0232502 -0.0395364 0.847585 0.845086 0.844585 0.846802
10.71 0.00685838 0.00685838 0.00685838 0.00685838 0.197663 0.277171 0.239259 0.151491 0.482212 0.513083 0.51213 0.504089 1.41573 1.41496 1.42071 1.42635
10.73 0.00398593 0.00398593 0.00398593 0.00398593 1.46211 1.38301 1.39046 1.43495 1.37347 1.36907 1.3588 1.37553 1.50018 1.49869 1.49717 1.49424
10.75 -0.0542184 -0.0542184 -0.0542184 -0.0542184 2.14831 2.03016 2.05302 2.11423 2.39016 2.37811 2.38749 2.40111 1.54648 1.54499 1.54307 1.53958
10.77 -0.0965296 -0.0965296 -0.0965296 -0.0965296 1.86659 1.85164 1.84966 2.47842 2.93384 2.94267 2.97529 2.99498 2.11627 2.11685 2.11574 2.1122
10.79 -0.0730436 -0.0730436 -0.0730436 -0.0730436 1.63538 1.6011 1.30259 1.48884 2.79148 2.78769 2.76635 2.75163 3.21877 3.21976 3.22031 3.22095
10.81 -0.0288756 -0.0288756 -0.0288756 -0.0288756 0.95487 1.07725 1.10653 0.945717 2.2988 2.30417 2.30655 2.30736 4.08494 4.08388 4.08459 4.0871
10.83 -0.0511807 -0.0511807 -0.0511807 -0.0511807 0.538504 0.557675 0.693431 0.59768 2.18031 2.17857 2.18285 2.18654 3.96418 3.96122 3.95821 3.95815
10.85 -0.0809097 -0.0809097 -0.0809097 -0.0809097 0.735239 0.610431 0.56423 0.653266 2.21818 2.21086 2.20534 2.20416 2.89983 2.89985 2.90165 2.90337
10.87 -0.0960991 -0.0960991 -0.0960991 -0.0960991 1.02892 1.05242 1.12728 0.9047 1.84851 1.86798 1.87888 1.86835 1.56769 1.5677 1.56743 1.56794
10.89 -0.0590273 -0.0590273 -0.0590273 -0.0590273 1.16834 1.29541 1.43805 1.41039 1.05807 1.04768 1.04739 1.06609 0.486504 0.48562 0.484859 0.485298
10.91 -0.0595176 -0.0595176 -0.0595176 -0.0595176 1.11161 1.05554 0.975945 0.979998 0.193228 0.17373 0.158752 0.19818 -0.276598 -0.274988 -0.274269 -0.274923
10.93 -0.0684854 -0.0684854 -0.0684854 -0.0684854 -0.0547027 -0.107294 -0.100528 -0.0727022 -0.404244 -0.388717 -0.39161 -0.392098 -0.819734 -0.818116 -0.814786 -0.812348
10.95 -0.0515557 -0.0515557 -0.0515557 -0.0515557 -1.31566 -1.32279 -1.27483 -1.26221 -1.00875 -0.988085 -0.984393 -1.0051 -1.14036 -1.14283 -1.14519 -1.14582
10.97 -0.0163242 -0.0163242 -0.0163242 -0.0163242 -1.95887 -1.87673 -1.89592 -1.88785 -1.86541 -1.86023 -1.85927 -1.87453 -1.39216 -1.39538 -1.39675 -1.39552
10.99 0.00586283 0.00586283 0.00586283 0.00586283 -1.68814 -1.66432 -1.72316 -1.75531 -2.57992 -2.58915 -2.59453 -2.588 -1.93172 -1.92847 -1.92462 -1.92332
11.01 0.0243351 0.0243351 0.0243351 0.0243351 -1.19743 -1.22267 -1.21742 -1.25036 -2.65709 -2.66138 -2.66376 -2.65962 -2.8861 -2.88757 -2.8915 -2.89477
11.03 0.0353231 0.0353231 0.0353231 0.0353231 -0.907536 -0.928814 -0.910692 -0.983355 -2.31989 -2.32002 -2.32442 -2.33407 -3.75769 -3.7555 -3.752 -3.75096
11.05 0.0450388 0.0450388 0.0450388 0.0450388 -0.766391 -0.779466 -0.78163 -0.790161 -2.16023 -2.16049 -2.15815 -2.16155 -3.8407 -3.84136 -3.84395 -3.84634
11.07 0.0493586 0.0493586 0.0493586 0.0493586 -0.832306 -0.834876 -0.852446 -0.860209 -2.26004 -2.26566 -2.26843 -2.26967 -3.04326 -3.04174 -3.04085 -3.04123
11.09 0.0468819 0.0468819 0.0468819 0.0468819 -1.10437 -1.10649 -1.11731 -1.15278 -2.13898 -2.14227 -2.14353 -2.14284 -1.90577 -1.90502 -1.90519 -1.90575
11.11 0.0372522 0.0372522 0.0372522 0.0372522 -1.32325 -1.3267 -1.321 -1.32044 -1.50014 -1.49723 -1.49781 -1.5048 -0.983675 -0.984981 -0.985663 -0.985947
11.13 0.023747 0.023747 0.023747 0.023747 -1.06245 -1.08125 -1.06295 -1.1197 -0.614462 -0.617831 -0.611423 -0.609757 -0.368372 -0.370619 -0.371159 -0.370294
11.15 0 0 0 0 -0.321384 -0.293163 -0.242078 -0.233784 0.156486 0.164842 0.158921 0.141199 0.126554 0.126384 0.128217 0.131246
11.17 0 0 0 0 0.659647 0.75864 0.725452 0.606669 0.735679 0.731487 0.733234 0.736456 0.660665 0.665381 0.669464 0.670494
