0.005 0 0 0 0 6.64518e-06 6.66082e-06 6.66083e-06 6.64529e-06 6.77783e-06 6.77266e-06 6.77267e-06 6.7778e-06 6.75911e-06 6.75979e-06 6.75979e-06 6.75911e-06
0.025 0 0 0 0 9.42862e-05 9.45564e-05 9.45561e-05 9.42848e-05 0.000112939 0.000112876 0.000112875 0.000112937 0.000111591 0.00011159 0.000111589 0.00011159
0.045 0 0 0 0 0.00011464 0.000114813 0.000114811 0.000114633 0.000199832 0.000199887 0.000199885 0.000199827 0.000207125 0.000207083 0.000207083 0.000207124
0.065 0 0 0 0 8.98026e-05 8.97923e-05 8.97863e-05 8.97833e-05 0.000230946 0.000231069 0.000231068 0.000230942 0.00028747 0.000287408 0.000287406 0.000287465
0.085 0 0 0 0 6.90824e-05 6.90874e-05 6.90823e-05 6.90663e-05 0.000203089 0.000203092 0.000203088 0.000203076 0.000324955 0.000324929 0.000324927 0.000324947
0.105 0 0 0 0 6.02442e-05 6.03159e-05 6.03129e-05 6.02344e-05 0.000157657 0.000157583 0.000157579 0.000157644 0.000278764 0.000278764 0.000278762 0.000278756
0.125 0 0 0 0 4.91189e-05 4.9149e-05 4.91467e-05 4.9111e-05 0.000114808 0.000114839 0.000114838 0.000114804 0.000150008 0.000149985 0.000149984 0.000150005
0.145 0 0 0 0 2.98569e-05 2.98701e-05 2.98696e-05 2.98546e-05 4.45508e-05 4.46473e-05 4.46479e-05 4.45523e-05 -6.07703e-06 -6.11234e-06 -6.11289e-06 -6.07837e-06
0.165 0 0 0 0 -9.261e-06 -9.19962e-06 -9.19941e-06 -9.2609e-06 -7.05114e-05 -7.0521e-05 -7.05208e-05 -7.0511e-05 -0.000137267 -0.00013726 -0.00013726 -0.000137267
0.185 0 0 0 0 -8.27121e-05 -8.27466e-05 -8.27461e-05 -8.27109e-05 -0.000195347 -0.000195438 -0.000195439 -0.000195347 -0.00023803 -0.000237983 -0.000237983 -0.00023803
0.205 0 0 0 0 -0.000166988 -0.000167283 -0.000167283 -0.000166988 -0.000289956 -0.000289984 -0.000289984 -0.000289957 -0.000326327 -0.000326282 -0.000326282 -0.000326327
0.225 0 0 0 0 -0.000207287 -0.000207693 -0.000207693 -0.000207287 -0.000348933 -0.000348918 -0.000348918 -0.000348933 -0.000405734 -0.000405692 -0.000405692 -0.000405734
0.245 0 0 0 0 -0.0001858 -0.000186043 -0.000186041 -0.000185794 -0.000373946 -0.000374009 -0.000374009 -0.000373949 -0.000463205 -0.000463144 -0.000463144 -0.000463205
0.265 0 0 0 0 -0.000144406 -0.000144493 -0.0001445 -0.000144431 -0.000354495 -0.000354593 -0.000354599 -0.000354512 -0.000479604 -0.000479543 -0.000479549 -0.000479622
0.285 0 0 0 0 -0.000122387 -0.000122501 -0.000122509 -0.000122414 -0.000295993 -0.000296011 -0.000296018 -0.000296014 -0.000432521 -0.000432489 -0.000432491 -0.00043253
0.305 0 0 0 0 -0.000111832 -0.000112017 -0.000112022 -0.000111847 -0.000224243 -0.000224215 -0.000224218 -0.000224253 -0.000312578 -0.000312562 -0.000312565 -0.000312586
0.325 0 0 0 0 -8.60049e-05 -8.61506e-05 -8.61529e-05 -8.60125e-05 -0.000145652 -0.00014569 -0.000145689 -0.000145652 -0.000147553 -0.000147523 -0.000147522 -0.000147551
0.345 0 0 0 0 -3.62067e-05 -3.62706e-05 -3.62697e-05 -3.62056e-05 -4.02714e-05 -4.03342e-05 -4.03331e-05 -4.02691e-05 1.07619e-05 1.07878e-05 1.07873e-05 1.0761e-05
0.365 0 0 0 0 3.25341e-05 3.25348e-05 3.2535e-05 3.25339e-05 9.14138e-05 9.14372e-05 9.14375e-05 9.14143e-05 0.000133397 0.000133382 0.000133382 0.000133398
0.385 0 0 0 0 0.000108489 0.000108617 0.000108617 0.000108489 0.000211159 0.000211238 0.000211238 0.000211159 0.000231389 0.00023134 0.00023134 0.000231388
0.405 0 0 0 0 0.000163959 0.000164244 0.000164243 0.000163959 0.000286306 0.000286337 0.000286336 0.000286305 0.000321647 0.000321602 0.000321602 0.000321648
0.425 0 0 0 0 0.00017106 0.000171348 0.000171348 0.000171061 0.000317874 0.000317875 0.000317875 0.000317873 0.000395491 0.000395451 0.000395451 0.00039549
0.445 0 0 0 0 0.000138797 0.000138926 0.000138926 0.000138797 0.000316063 0.000316113 0.000316113 0.000316063 0.000427409 0.000427362 0.000427362 0.00042741
0.465 0 0 0 0 0.000107237 0.000107272 0.000107272 0.000107237 0.000280733 0.0002808 0.000280801 0.000280734 0.000398099 0.000398052 0.000398052 0.000398098
0.485 0 0 0 0 9.57259e-05 9.58302e-05 9.58301e-05 9.57258e-05 0.000216464 0.000216474 0.000216474 0.000216464 0.000304231 0.000304205 0.000304206 0.000304231
0.505 0 0 0 0 8.22961e-05 8.24647e-05 8.24648e-05 8.22962e-05 0.000136962 0.000136947 0.000136947 0.000136962 0.00016265 0.000162636 0.000162636 0.000162649
0.525 0 0 0 0 4.1161e-05 4.12592e-05 4.12592e-05 4.1161e-05 4.49191e-05 4.49453e-05 4.49453e-05 4.49189e-05 9.96159e-06 9.94545e-06 9.94553e-06 9.96176e-06
0.545 0 0 0 0 -2.44532e-05 -2.44822e-05 -2.44822e-05 -2.44531e-05 -6.58488e-05 -6.58197e-05 -6.58197e-05 -6.58488e-05 -0.000118214 -0.000118216 -0.000118217 -0.000118214
0.565 0 0 0 0 -9.17073e-05 -9.18286e-05 -9.18286e-05 -9.17073e-05 -0.000180091 -0.000180131 -0.000180132 -0.000180091 -0.000213088 -0.000213055 -0.000213055 -0.000213088
0.585 0 0 0 0 -0.000118267 -0.000118398 -0.000118398 -0.000118267 -0.000233666 -0.000233751 -0.000233751 -0.000233666 -0.000261625 -0.000261573 -0.000261573 -0.000261625
0.605 0 0 0 0 -0.0001585 -0.000158809 -0.000158809 -0.0001585 -0.000276679 -0.000276662 -0.000276662 -0.000276679 -0.00033357 -0.000333538 -0.000333538 -0.00033357
0.625 0 0 0 0 -0.000138188 -0.000138405 -0.000138405 -0.000138188 -0.000277162 -0.000277166 -0.000277166 -0.000277162 -0.000361677 -0.000361643 -0.000361643 -0.000361678
0.645 0 0 0 0 -8.38281e-05 -8.38456e-05 -8.38457e-05 -8.38282e-05 -0.000227676 -0.000227742 -0.000227742 -0.000227676 -0.000320844 -0.000320804 -0.000320804 -0.000320844
0.665 0 0 0 0 -2.02726e-05 -2.0161e-05 -2.0161e-05 -2.02726e-05 -0.000115874 -0.000115936 -0.000115936 -0.000115874 -0.000193769 -0.000193744 -0.000193744 -0.000193769
0.685 0 0 0 0 -4.48663e-05 -4.50018e-05 -4.50018e-05 -4.48663e-05 -6.05881e-05 -6.05226e-05 -6.05226e-05 -6.0588e-05 -8.8049e-05 -8.80591e-05 -8.80591e-05 -8.8049e-05
0.705 0 0 0 0 -1.5344e-05 -1.5462e-05 -1.5462e-05 -1.5344e-05 2.45515e-05 2.45812e-05 2.45812e-05 2.45515e-05 7.0792e-05 7.07844e-05 7.07844e-05 7.0792e-05
0.725 0 0 0 0 0.000134207 0.000134569 0.000134569 0.000134207 0.000216963 0.000216827 0.000216827 0.000216963 0.000304336 0.000304346 0.000304346 0.000304336
0.745 0 0 0 0 5.44883e-05 5.43612e-05 5.43612e-05 5.44883e-05 0.00021071 0.000210876 0.000210876 0.00021071 0.00028396 0.000283894 0.000283894 0.00028396
0.765 0 0 0 0 0.000105804 0.000105883 0.000105883 0.000105804 0.000237889 0.000237954 0.000237954 0.000237889 0.000306908 0.000306865 0.000306865 0.000306908
0.785 0 0 0 0 0.000139303 0.000139629 0.000139629 0.000139303 0.000223136 0.000223057 0.000223057 0.000223136 0.000283127 0.000283119 0.000283119 0.000283127
0.805 0 0 0 0 7.43166e-05 7.44149e-05 7.44149e-05 7.43167e-05 0.000148089 0.000148124 0.000148124 0.000148089 0.000174824 0.000174798 0.000174798 0.000174824
0.825 0 0 0 0 4.12019e-05 4.12281e-05 4.12281e-05 4.12019e-05 8.88731e-05 8.89273e-05 8.89273e-05 8.88731e-05 9.47547e-05 9.47283e-05 9.47283e-05 9.47548e-05
0.845 0 0 0 0 -0.000115102 -0.000115491 -0.000115491 -0.000115102 -0.000136928 -0.000136841 -0.000136841 -0.000136928 -0.00012876 -0.000128758 -0.000128758 -0.00012876
0.865 0 0 0 0 0.000382288 0.000383838 0.000383838 0.000382288 0.000326707 0.00032612 0.00032612 0.000326707 0.000308801 0.000308891 0.000308891 0.000308801
0.885 0 0 0 0 -6.71734e-05 -6.79006e-05 -6.79006e-05 -6.71732e-05 8.1083e-05 8.16503e-05 8.16503e-05 8.10829e-05 1.91237e-05 1.89715e-05 1.89715e-05 1.91238e-05
0.905 0 0 0 0 -1.11554e-05 -1.14922e-05 -1.14923e-05 -1.11557e-05 0.00012989 0.000130126 0.000130126 0.00012989 0.000191911 0.000191835 0.000191835 0.000191912
0.925 0 0 0 0 -0.000162206 -0.000162507 -0.000162507 -0.000162206 -0.000189069 -0.000189316 -0.000189316 -0.000189069 8.45662e-06 8.56633e-06 8.56629e-06 8.45653e-06
0.945 0 0 0 0 0.000114014 0.000114799 0.0001148 0.000114016 -2.39714e-05 -2.4575e-05 -2.45778e-05 -2.39808e-05 5.50409e-05 5.5199e-05 5.52018e-05 5.50413e-05
0.965 0 0 0 0 0.000172504 0.000172695 0.000172697 0.00017251 0.000237914 0.000238293 0.000238294 0.000237915 1.80517e-05 1.78988e-05 1.79008e-05 1.80541e-05
0.985 0 0 0 0 -0.000349223 -0.000351045 -0.000351046 -0.000349225 -0.000222964 -0.000221831 -0.000221829 -0.000222959 -0.000427577 -0.000427834 -0.000427834 -0.000427575
1.005 0 0 0 0 -0.000504674 -0.000505492 -0.000505494 -0.000504679 -0.000826366 -0.000826785 -0.000826783 -0.000826363 -0.000686212 -0.000685977 -0.000685976 -0.000686211
1.025 0 0 0 0 2.84157e-05 3.02722e-05 3.02709e-05 2.84132e-05 -0.000566902 -0.000568611 -0.000568611 -0.000566902 -0.000456619 -0.000456107 -0.000456107 -0.000456619
1.045 0 0 0 0 -0.000269587 -0.000270522 -0.00027053 -0.000269611 -0.000460533 -0.000459858 -0.00045985 -0.00046051 -0.000871882 -0.000872014 -0.000872016 -0.000871889
1.065 0 0 0 0 -0.000381549 -0.00038345 -0.000383455 -0.000381547 -0.000372195 -0.000370716 -0.000370729 -0.000372257 -0.000901904 -0.000902273 -0.000902277 -0.000901934
1.085 0 0 0 0 -0.000158175 -0.000157705 -0.000157717 -0.00015821 -0.000552792 -0.000553554 -0.000553545 -0.000552784 -0.000552364 -0.000552084 -0.000552085 -0.000552367
1.105 0 0 0 0 0.000297424 0.000299718 0.000299694 0.000297354 -0.000128742 -0.000130573 -0.000130553 -0.00012869 0.000132108 0.000132613 0.000132615 0.000132116
1.125 0 0 0 0 0.00115406 0.00115663 0.00115662 0.00115405 0.00170474 0.00170482 0.00170482 0.00170475 0.00162551 0.00162522 0.00162522 0.0016255
1.145 0 0 0 0 0.000161637 0.000158286 0.000158285 0.000161643 0.00171045 0.00171391 0.00171391 0.00171044 0.0017281 0.001727 0.001727 0.0017281
1.165 0 0 0 0 -0.000890911 -0.000895032 -0.000895093 -0.000891072 -0.000170818 -0.000169956 -0.000169903 -0.000170697 0.000897418 0.000897336 0.000897323 0.000897388
1.185 0 0 0 0 0.000939827 0.000946152 0.000946133 0.000939807 0.000276472 0.000271329 0.000271342 0.000276436 0.00152978 0.00153101 0.00153098 0.00152964
1.205 0 0 0 0 0.000725528 0.000727297 0.000727322 0.000725582 0.000826858 0.000827175 0.000827175 0.000826846 0.000326835 0.000326604 0.000326579 0.000326805
1.225 0 0 0 0 9.06843e-05 8.70496e-05 8.70486e-05 9.0616e-05 0.00101901 0.00102403 0.00102402 0.00101898 -0.000520073 -0.000521616 -0.00052162 -0.000520091
1.245 0 0 0 0 -0.00115289 -0.00115618 -0.00115617 -0.00115286 -0.00150601 -0.00150522 -0.00150524 -0.00150606 -0.00163858 -0.00163856 -0.00163855 -0.00163855
1.265 0 0 0 0 -0.000973537 -0.000970603 -0.000970609 -0.00097355 -0.00297262 -0.00297844 -0.00297844 -0.00297262 -0.00181499 -0.001813 -0.00181299 -0.00181495
1.285 0 0 0 0 -0.000288564 -0.000286647 -0.000286658 -0.000288644 -0.00150503 -0.0015072 -0.00150717 -0.00150496 -0.00170401 -0.00170327 -0.00170328 -0.00170403
1.305 0 0 0 0 0.000715566 0.000714375 0.000714437 0.00071567 0.00136185 0.00136633 0.00136631 0.0013618 -0.000626555 -0.000628036 -0.000628027 -0.000626538
1.325 0 0 0 0 4.75828e-05 4.43771e-05 4.44187e-05 4.7679e-05 0.000964866 0.000968788 0.000968741 0.000964734 1.58433e-05 1.46246e-05 1.45932e-05 1.57974e-05
1.345 0 0 0 0 -0.000362398 -0.000360995 -0.000361002 -0.000362405 -0.000719785 -0.000723512 -0.000723537 -0.000719845 0.00100336 0.00100453 0.00100451 0.0010033
1.365 0 0 0 0 0.000313521 0.000317439 0.000317421 0.000313481 1.12727e-05 6.32552e-06 6.3304e-06 1.12859e-05 0.00203161 0.00203301 0.00203298 0.00203156
1.385 0 0 0 0 -0.000625071 -0.000631216 -0.00063123 -0.000625103 0.000772923 0.000777539 0.000777551 0.00077295 0.000527046 0.000525767 0.000525762 0.000527039
1.405 0 0 0 0 -0.000477697 -0.000482609 -0.000482582 -0.000477616 0.000303867 0.000308617 0.000308625 0.000303875 -0.000906545 -0.000907873 -0.000907877 -0.000906555
1.425 0 0 0 0 0.00188992 0.00190056 0.00190056 0.00188994 0.000258617 0.000252882 0.000252874 0.0002586 6.92037e-06 8.28275e-06 8.29042e-06 6.93787e-06
1.445 0 0 0 0 0.00153206 0.0015393 0.00153932 0.00153211 0.000701237 0.000697759 0.000697756 0.000701227 0.000541652 0.000542396 0.000542395 0.000541651
1.465 0 0 0 0 -0.00062338 -0.000631049 -0.000631084 -0.000623462 0.00134027 0.00134654 0.00134654 0.00134028 0.000912235 0.000910444 0.000910439 0.000912224
1.485 0 0 0 0 -0.00235975 -0.00237069 -0.00237072 -0.0023598 -0.000900043 -0.000895833 -0.000895831 -0.000900035 0.000227046 0.000226249 0.000226251 0.000227047
1.505 0 0 0 0 -0.000538974 -0.000534307 -0.000534241 -0.000538841 -0.00221364 -0.00222135 -0.00222144 -0.00221386 3.93382e-05 4.17522e-05 4.17557e-05 3.9342e-05
1.525 0 0 0 0 0.00274075 0.00275398 0.00275403 0.00274083 0.00122576 0.00121955 0.00121947 0.00122563 0.000808943 0.000810302 0.000810303 0.000808995
1.545 0 0 0 0 0.00171384 0.00171126 0.00171127 0.0017139 0.00366697 0.00367624 0.00367621 0.00366692 0.000173234 0.000170103 0.000170104 0.000173232
1.565 0 0 0 0 -0.00245162 -0.00246621 -0.00246632 -0.00245177 -0.000551206 -0.000541631 -0.00054162 -0.000551228 -0.00165171 -0.00165411 -0.00165411 -0.00165179
1.585 0 0 0 0 -0.0029084 -0.00290778 -0.00290787 -0.00290858 -0.0056719 -0.00568212 -0.00568213 -0.00567192 -0.00194005 -0.00193631 -0.00193629 -0.00194003
1.605 0 0 0 0 0.00234946 0.00236876 0.00236861 0.00234904 -0.000992328 -0.00100746 -0.00100743 -0.000992254 0.00124122 0.00124523 0.00124523 0.00124118
1.625 0 0 0 0 0.00116301 0.00115612 0.00115618 0.00116315 0.00380144 0.00381391 0.00381391 0.0038014 -0.00013045 -0.000134485 -0.000134411 -0.000130374
1.645 0 0 0 0 -0.000701025 -0.000716651 -0.000716577 -0.000700874 0.00303616 0.00305266 0.00305267 0.0030362 -0.000470805 -0.000475642 -0.000475618 -0.000470744
1.665 0 0 0 0 -0.00114395 -0.00113882 -0.00113883 -0.00114393 -0.00334859 -0.00335887 -0.00335876 -0.00334839 1.06967e-05 1.40963e-05 1.41743e-05 1.08318e-05
1.685 0 0 0 0 0.000339881 0.000355775 0.000355723 0.000339782 -0.00354209 -0.00356046 -0.00356042 -0.00354203 0.000985861 0.00099138 0.000991427 0.000985939
1.705 0 0 0 0 -0.000238868 -0.000246794 -0.000246827 -0.000238957 0.00163798 0.00164677 0.00164673 0.00163795 -0.000447407 -0.000449952 -0.000449983 -0.0004474
1.725 0 0 0 0 -7.35604e-05 -8.81061e-05 -8.81124e-05 -7.35722e-05 0.00363244 0.00365029 0.00365024 0.00363234 -0.00104851 -0.00105392 -0.00105393 -0.00104857
1.745 0 0 0 0 0.000394552 0.000401191 0.000401207 0.000394587 -0.00141327 -0.0014193 -0.00141932 -0.00141332 -0.000766474 -0.000764738 -0.000764765 -0.000766536
1.765 0 0 0 0 0.0014094 0.00142858 0.00142859 0.00140944 -0.00253743 -0.00255575 -0.00255575 -0.00253742 0.00117791 0.00118312 0.0011831 0.00117787
1.785 0 0 0 0 -0.00216064 -0.00217239 -0.0021724 -0.00216064 -0.000600526 -0.000593831 -0.000593811 -0.000600492 -0.000792747 -0.000794326 -0.000794327 -0.000792753
1.805 0 0 0 0 -0.00162132 -0.00163823 -0.00163824 -0.00162127 0.00165606 0.00167079 0.00167081 0.00165608 -0.00089423 -0.000898332 -0.000898331 -0.000894225
1.825 0 0 0 0 0.00209914 0.0021104 0.00211032 0.00209899 0.000678274 0.000671845 0.000671873 0.000678323 0.00094715 0.000948653 0.000948649 0.000947143
1.845 0 0 0 0 0.00278622 0.00280408 0.00280404 0.00278611 0.000273925 0.000261491 0.000261501 0.000273946 0.00186997 0.00187317 0.00187317 0.00186998
1.865 0 0 0 0 0.00104494 0.00104174 0.00104181 0.0010451 0.0034322 0.00343796 0.00343795 0.00343216 0.00276289 0.0027609 0.00276089 0.00276288
1.885 0 0 0 0 -0.00142084 -0.00143823 -0.00143821 -0.0014209 0.00311592 0.00312949 0.00312948 0.00311589 0.00261721 0.00261335 0.00261335 0.00261721
1.905 0 0 0 0 -0.00274971 -0.00275579 -0.00275577 -0.00274971 -0.00292765 -0.00293089 -0.00293092 -0.00292784 0.000222053 0.000223526 0.0002235 0.000222005
1.925 0 0 0 0 -3.88782e-06 1.02636e-05 1.01958e-05 -4.02412e-06 -0.00435635 -0.00437213 -0.00437206 -0.00435619 -0.00155101 -0.00154621 -0.00154624 -0.00155104
1.945 0 0 0 0 0.000934751 0.000938814 0.000938766 0.000934647 -0.000706476 -0.000704721 -0.000704642 -0.000706292 -0.00429015 -0.00429079 -0.00429074 -0.00429007
1.965 0 0 0 0 -0.00243958 -0.00245716 -0.00245718 -0.00243963 -0.00146809 -0.00145056 -0.00145057 -0.00146811 -0.00791501 -0.00791972 -0.00791966 -0.0079149
1.985 0 0 0 0 -0.00152545 -0.00152342 -0.00152343 -0.00152536 -0.00464975 -0.00465389 -0.00465406 -0.00465023 -0.00555659 -0.00555505 -0.00555515 -0.00555683
2.005 0 0 0 0 0.00101599 0.00103555 0.0010355 0.00101548 -0.00382448 -0.00384404 -0.00384414 -0.00382455 -0.000336813 -0.000331191 -0.000331303 -0.000337042
2.025 0 0 0 0 0.00106028 0.00105934 0.00105958 0.00106077 0.00313681 0.00313932 0.0031391 0.00313634 0.0037018 0.00370069 0.00370066 0.00370171
2.045 0 0 0 0 -0.00162024 -0.00164576 -0.00164572 -0.00162011 0.00540001 0.00542166 0.00542163 0.00539993 0.00393672 0.00393049 0.00393053 0.00393681
2.065 0 0 0 0 0.00157802 0.00158168 0.00158165 0.00157795 0.00330157 0.00329865 0.00329874 0.00330176 0.0060711 0.00607162 0.00607163 0.00607111
2.085 0 0 0 0 0.00529787 0.00532654 0.00532648 0.00529773 0.00307685 0.00305677 0.00305683 0.00307698 0.0075054 0.00751035 0.00751039 0.00750548
2.105 0 0 0 0 0.0024027 0.00240268 0.00240286 0.00240312 0.00542704 0.0054329 0.00543289 0.00542698 0.00462146 0.00461913 0.00461912 0.00462144
2.125 0 0 0 0 -0.00273454 -0.00276154 -0.0027615 -0.00273462 0.00267941 0.00270139 0.00270129 0.00267925 -0.000270873 -0.000276954 -0.000276936 -0.000270847
2.145 0 0 0 0 0.000166149 0.00017378 0.000173858 0.000166355 -0.00178472 -0.00179326 -0.00179336 -0.00178496 0.00010083 0.000103353 0.000103354 0.000100834
2.165 0 0 0 0 0.00294541 0.00297244 0.00297232 0.00294512 -0.00230799 -0.00232975 -0.00232974 -0.00230796 0.000603461 0.000609476 0.000609542 0.000603601
2.185 0 0 0 0 -0.00239527 -0.00240971 -0.0024098 -0.00239557 -0.00130409 -0.00129297 -0.00129285 -0.00130382 -0.0041815 -0.00418433 -0.00418438 -0.00418162
2.205 0 0 0 0 -0.00306791 -0.0030894 -0.00308946 -0.00306799 -0.000528258 -0.000510553 -0.00051052 -0.000528202 -0.00468986 -0.00469452 -0.00469448 -0.00468977
2.225 0 0 0 0 0.000151913 0.000163292 0.000163357 0.000152066 -0.00357636 -0.00358772 -0.00358771 -0.00357633 -0.002395 -0.00239158 -0.00239164 -0.00239512
2.245 0 0 0 0 0.000552937 0.000569237 0.000569281 0.00055302 -0.00389831 -0.00391448 -0.00391453 -0.00389841 -0.00142736 -0.00142259 -0.00142257 -0.00142732
2.265 0 0 0 0 -0.00482597 -0.00484848 -0.00484846 -0.00482592 -0.0034567 -0.00344394 -0.00344396 -0.00345673 -0.00536268 -0.00536549 -0.00536551 -0.00536272
2.285 0 0 0 0 -0.00358629 -0.00360366 -0.00360359 -0.00358597 -0.00280024 -0.00278885 -0.00278887 -0.00280035 -0.00553293 -0.00553559 -0.00553558 -0.0055329
2.305 0 0 0 0 0.00262202 0.0026437 0.00264354 0.00262173 -0.0020211 -0.00203594 -0.00203588 -0.002021 -0.00177912 -0.00177514 -0.00177515 -0.00177914
2.325 0 0 0 0 0.000869174 0.000879032 0.000878919 0.000868921 -0.00180455 -0.00181161 -0.00181157 -0.00180446 -0.0020355 -0.00203352 -0.00203351 -0.00203548
2.345 0 0 0 0 -0.00523267 -0.00525948 -0.00525957 -0.00523292 -0.00281412 -0.00279815 -0.00279813 -0.00281404 -0.00481139 -0.00481511 -0.00481512 -0.00481142
2.365 0 0 0 0 -0.000224889 -0.000225187 -0.00022504 -0.000224649 -0.000284781 -0.000285399 -0.000285449 -0.000284884 0.000108189 0.000108411 0.000108374 0.000108106
2.385 0 0 0 0 0.00878362 0.00882086 0.00882098 0.00878385 0.00712346 0.0071049 0.00710479 0.00712323 0.00919819 0.00920194 0.009202 0.00919831
2.405 0 0 0 0 0.00437438 0.00437388 0.00437396 0.00437456 0.0104516 0.0104611 0.0104611 0.0104516 0.010377 0.0103731 0.010373 0.0103769
2.425 0 0 0 0 -0.00505648 -0.00509619 -0.00509623 -0.00505657 0.00394924 0.00397368 0.00397366 0.00394919 0.00571885 0.00571247 0.00571254 0.00571901
2.445 0 0 0 0 -0.00247363 -0.00247286 -0.00247298 -0.00247395 -0.00336652 -0.00337956 -0.0033795 -0.00336664 0.0038336 0.00383788 0.00383783 0.00383349
2.465 0 0 0 0 0.00360225 0.00363519 0.00363514 0.00360224 -0.00294721 -0.00297353 -0.00297343 -0.00294727 0.000294287 0.000301224 0.000301162 0.000293952
2.485 0 0 0 0 0.00578257 0.0057932 0.00579321 0.00578259 0.00604275 0.00605304 0.00605319 0.0060431 -0.00259744 -0.00260169 -0.00260188 -0.00259779
2.505 0 0 0 0 0.00343927 0.0034272 0.00342733 0.00343945 0.00899135 0.00901916 0.00901919 0.00899139 -0.000796055 -0.000805181 -0.000805247 -0.000796199
2.525 0 0 0 0 -0.00204884 -0.00205351 -0.00205323 -0.00204833 -0.00147043 -0.00147407 -0.00147397 -0.00147015 0.00255328 0.00255475 0.00255475 0.00255335
2.545 0 0 0 0 -0.00141578 -0.00139916 -0.00139919 -0.00141587 -0.00473681 -0.00476757 -0.00476767 -0.00473708 0.00807359 0.00808301 0.00808302 0.00807354
2.565 0 0 0 0 -0.00331786 -0.00333353 -0.00333368 -0.00331813 -0.000152714 -0.000149569 -0.0001499 -0.000153758 0.00401062 0.00400983 0.00400975 0.00401023
2.585 0 0 0 0 -0.00327645 -0.00330859 -0.00330865 -0.0032766 0.00195338 0.00198286 0.00198308 0.00195377 -0.00480275 -0.004811 -0.00481101 -0.0048028
2.605 0 0 0 0 0.00335013 0.00336933 0.00336944 0.00335036 -0.0017257 -0.00173058 -0.00173052 -0.00172552 -0.00769424 -0.00769325 -0.00769319 -0.00769405
2.625 0 0 0 0 0.00532006 0.00536298 0.00536299 0.00532003 -0.00472965 -0.00475684 -0.00475677 -0.00472945 -0.00643501 -0.00642767 -0.00642761 -0.00643491
2.645 0 0 0 0 0.000130121 0.000128914 0.000128928 0.000130093 0.00014439 0.00014817 0.000148199 0.000144472 -0.00195795 -0.00195912 -0.00195909 -0.00195789
2.665 0 0 0 0 -0.0116159 -0.0116757 -0.0116757 -0.0116157 -0.00416587 -0.00413459 -0.00413463 -0.00416597 -0.00383937 -0.00384646 -0.00384646 -0.00383937
2.685 0 0 0 0 -0.00748185 -0.00749496 -0.00749491 -0.00748172 -0.00951337 -0.00952345 -0.00952349 -0.00951345 -0.00211536 -0.00211086 -0.00211089 -0.00211543
2.705 0 0 0 0 -0.000494506 -0.000465919 -0.000465903 -0.000494789 -0.0104271 -0.0104587 -0.0104587 -0.0104272 -0.00612599 -0.0061163 -0.00611632 -0.00612603
2.725 0 0 0 0 0.00103614 0.00104014 0.00104021 0.001036 -0.00296572 -0.00295761 -0.00295747 -0.00296534 -0.0129258 -0.0129283 -0.0129284 -0.0129259
2.745 0 0 0 0 0.00271796 0.00270972 0.0027095 0.00271752 0.00392472 0.00395129 0.00395079 0.00392316 -0.0103979 -0.0104064 -0.0104066 -0.0103981
2.765 0 0 0 0 0.00496805 0.00498781 0.00498768 0.00496775 0.00367218 0.00366478 0.00366442 0.00367146 0.00267356 0.00267479 0.002675 0.00267408
2.785 0 0 0 0 -0.00078509 -0.000777818 -0.000777725 -0.000784914 6.09764e-05 4.10207e-05 4.06991e-05 6.02685e-05 0.0119918 0.0119978 0.0119979 0.0119919
2.805 0 0 0 0 -0.00921283 -0.00925494 -0.00925485 -0.00921263 -0.00128626 -0.00127695 -0.00127699 -0.00128635 0.00971432 0.00971323 0.00971316 0.00971423
2.825 0 0 0 0 -0.00144055 -0.00145783 -0.00145753 -0.00143984 0.00430141 0.00431215 0.0043122 0.00430148 0.00682012 0.00681704 0.00681699 0.00682001
2.845 0 0 0 0 0.0118102 0.0118525 0.0118527 0.0118104 0.00950653 0.00949647 0.00949651 0.00950664 0.00441376 0.00441439 0.00441438 0.00441373
2.865 0 0 0 0 0.0126205 0.0126606 0.0126605 0.0126204 0.010878 0.0108748 0.0108748 0.0108781 0.00243145 0.00242987 0.00242982 0.00243135
2.885 0 0 0 0 0.00150425 0.00149344 0.00149344 0.00150437 0.00646531 0.00648155 0.00648149 0.00646515 0.00322408 0.00321883 0.00321887 0.00322416
2.905 0 0 0 0 -0.00802432 -0.00805615 -0.00805609 -0.00802427 -0.00332835 -0.00332392 -0.00332395 -0.00332838 0.0053961 0.0053963 0.00539629 0.00539607
2.925 0 0 0 0 -0.00526023 -0.0052621 -0.00526211 -0.00526027 -0.00646552 -0.00648708 -0.0064871 -0.00646555 0.00662554 0.006633 0.00663304 0.00662562
2.945 0 0 0 0 -0.0010856 -0.00108331 -0.0010833 -0.00108551 -0.00295424 -0.00296009 -0.00296046 -0.00295517 -0.00169183 -0.00169018 -0.00169031 -0.00169227
2.965 0 0 0 0 0.00424071 0.00424369 0.00424373 0.00424077 0.00382363 0.00384173 0.00384145 0.00382322 -0.00886902 -0.00887518 -0.0088754 -0.00886933
2.985 0 0 0 0 0.00827141 0.00829566 0.00829566 0.00827141 0.00553335 0.00553896 0.00553898 0.00553337 -0.0060656 -0.00606882 -0.00606882 -0.00606566
3.005 0 0 0 0 0.0057041 0.00573115 0.0057312 0.0057043 0.00346759 0.00345345 0.00345359 0.00346781 0.00446426 0.00446732 0.00446732 0.00446425
3.025 0 0 0 0 -0.00541736 -0.00543991 -0.00544014 -0.00541778 -2.74704e-05 -2.76911e-05 -2.75298e-05 -2.71246e-05 0.0103598 0.0103608 0.0103608 0.0103598
3.045 0 0 0 0 -0.0117777 -0.0118296 -0.0118297 -0.011778 -0.00347771 -0.00346437 -0.00346434 -0.00347763 0.00745944 0.00745768 0.00745772 0.00745953
3.065 0 0 0 0 -0.00567179 -0.00568519 -0.00568541 -0.00567222 -0.00651192 -0.00651544 -0.00651581 -0.00651268 -0.00229037 -0.00228827 -0.00228835 -0.00229053
3.085 0 0 0 0 0.0043451 0.00437951 0.00437937 0.0043449 -0.00588691 -0.00590238 -0.00590275 -0.00588775 -0.0136113 -0.0136074 -0.0136074 -0.0136113
3.105 0 0 0 0 0.00475257 0.00477595 0.00477598 0.0047526 -0.00435626 -0.00435197 -0.00435204 -0.00435641 -0.021117 -0.0211189 -0.0211189 -0.021117
3.125 0 0 0 0 -0.00066621 -0.000670017 -0.000669944 -0.000666073 -0.00446989 -0.0044563 -0.00445618 -0.00446963 -0.0159846 -0.0159883 -0.0159883 -0.0159845
3.145 0 0 0 0 -0.0085694 -0.00858971 -0.00858966 -0.00856927 -0.0103821 -0.0103854 -0.0103854 -0.010382 -0.00552008 -0.00551731 -0.00551734 -0.00552009
3.165 0 0 0 0 -0.00728448 -0.00729365 -0.00729375 -0.00728483 -0.00804024 -0.00806019 -0.00806029 -0.00804036 0.00603758 0.00604491 0.00604489 0.00603751
3.185 0 0 0 0 -0.00224641 -0.0022583 -0.00225797 -0.00224567 0.00174726 0.00174762 0.00174757 0.00174708 0.00799159 0.0079918 0.00799177 0.00799154
3.205 0 0 0 0 0.00637339 0.00637391 0.00637391 0.00637338 0.0123132 0.0123312 0.0123312 0.0123132 0.00635394 0.00634716 0.00634715 0.00635391
3.225 0 0 0 0 0.0144941 0.0145309 0.0145307 0.0144937 0.0169401 0.0169424 0.0169424 0.0169402 0.00967885 0.00967513 0.00967512 0.00967882
3.245 0 0 0 0 0.00904882 0.00907461 0.00907448 0.00904855 0.0115656 0.0115591 0.0115591 0.0115656 0.0124869 0.0124869 0.0124869 0.0124869
3.265 0 0 0 0 -0.00271898 -0.00273762 -0.00273773 -0.0027193 0.00416944 0.00417229 0.00417231 0.00416949 0.0131006 0.0131001 0.0131001 0.0131006
3.285 0 0 0 0 -0.00688505 -0.00691526 -0.00691514 -0.00688487 -0.000485177 -0.000481594 -0.00048158 -0.000485133 0.0100895 0.0100897 0.0100897 0.0100895
3.305 0 0 0 0 -0.00191845 -0.00192045 -0.00192033 -0.00191816 -0.00209951 -0.00210528 -0.00210535 -0.00209977 0.00179703 0.00179905 0.00179904 0.00179702
3.325 0 0 0 0 0.00158677 0.00160002 0.00160006 0.00158689 -0.00421397 -0.00421605 -0.00421593 -0.00421384 -0.0114656 -0.0114651 -0.0114651 -0.0114655
3.345 0 0 0 0 0.00764218 0.0076739 0.00767387 0.00764211 0.000628986 0.000628181 0.000628273 0.000629212 -0.0126265 -0.0126276 -0.0126276 -0.0126264
3.365 0 0 0 0 0.00577394 0.0057919 0.00579184 0.00577379 0.00368207 0.00368536 0.00368539 0.00368215 -0.00441012 -0.00441221 -0.0044122 -0.00441008
3.385 0 0 0 0 -0.0114355 -0.0114791 -0.0114791 -0.0114355 -0.00802858 -0.00801638 -0.00801638 -0.00802861 -0.00293534 -0.00293674 -0.00293675 -0.00293537
3.405 0 0 0 0 -0.0205706 -0.0206252 -0.0206252 -0.0205706 -0.0216509 -0.0216563 -0.0216563 -0.0216509 -0.00720199 -0.00719619 -0.00719619 -0.007202
3.425 0 0 0 0 -0.00864033 -0.0086372 -0.00863678 -0.00863906 -0.018863 -0.0188895 -0.0188896 -0.0188634 -0.0124703 -0.0124604 -0.0124604 -0.0124703
3.445 0 0 0 0 0.00943825 0.00948018 0.00947998 0.00943812 0.000138357 0.00013343 0.000133578 0.000138808 -0.01493 -0.0149302 -0.0149302 -0.0149301
3.465 0 0 0 0 0.0142543 0.0142787 0.014278 0.0142527 0.0145119 0.0145412 0.0145412 0.014512 -0.00949224 -0.00950382 -0.0095039 -0.00949239
3.485 0 0 0 0 0.0032554 0.00324904 0.00324879 0.00325482 0.00813271 0.00814885 0.00814856 0.00813196 0.00361589 0.00361011 0.00360984 0.0036154
3.505 0 0 0 0 -0.0035895 -0.00359034 -0.00359021 -0.0035892 0.000555679 0.000526986 0.000526265 0.000554119 0.0229445 0.022953 0.0229524 0.0229432
3.525 0 0 0 0 -0.00175003 -0.00175733 -0.00175717 -0.00174967 0.00821113 0.00819022 0.00818971 0.00821007 0.0327657 0.0327718 0.0327716 0.0327654
3.545 0 0 0 0 0.00376308 0.00373595 0.00373615 0.00376348 0.0207875 0.0208157 0.0208156 0.0207869 0.0249653 0.0249553 0.0249548 0.0249643
3.565 0 0 0 0 0.0106651 0.0106664 0.010665 0.0106605 0.0195405 0.0195687 0.0195699 0.0195434 0.00977282 0.00976229 0.00976195 0.0097721
3.585 0 0 0 0 0.0172729 0.0173428 0.0173423 0.017272 0.0108023 0.0107791 0.0107794 0.0108026 0.00389265 0.00389614 0.00389608 0.00389246
3.605 0 0 0 0 0.0115384 0.0115897 0.0115896 0.0115384 0.00699767 0.00697471 0.00697451 0.00699715 0.00593982 0.00594418 0.00594396 0.00593936
3.625 0 0 0 0 -0.00492139 -0.00496269 -0.00496273 -0.00492179 0.0053095 0.00533467 0.00533429 0.0053087 0.00798923 0.00798252 0.00798272 0.00798968
3.645 0 0 0 0 -0.0161326 -0.0162051 -0.0162049 -0.0161325 -0.00627674 -0.00625198 -0.00625184 -0.00627596 0.00371546 0.00371113 0.0037109 0.00371486
3.665 0 0 0 0 -0.0118427 -0.011851 -0.0118506 -0.0118419 -0.019787 -0.0198147 -0.0198151 -0.0197878 -0.00789501 -0.00788404 -0.00788383 -0.00789443
3.685 0 0 0 0 -0.0071348 -0.00711698 -0.00711683 -0.00713445 -0.0251631 -0.0251888 -0.0251893 -0.0251644 -0.0302145 -0.0302047 -0.0302046 -0.0302139
3.705 0 0 0 0 -0.0121903 -0.0122164 -0.0122166 -0.0121908 -0.0286251 -0.0286003 -0.0286008 -0.0286261 -0.054935 -0.0549393 -0.054939 -0.0549344
3.725 0 0 0 0 -0.0107808 -0.0107889 -0.0107892 -0.0107799 -0.031281 -0.0312689 -0.0312688 -0.0312807 -0.0567558 -0.0567566 -0.0567568 -0.0567561
3.745 0 0 0 0 -0.0119321 -0.0119194 -0.0119216 -0.0119387 -0.035694 -0.0357246 -0.0357255 -0.0356975 -0.0427693 -0.0427578 -0.0427584 -0.0427704
3.765 0 0 0 0 -0.0237435 -0.023789 -0.0237909 -0.0237504 -0.0372648 -0.0372785 -0.037279 -0.0372664 -0.0324488 -0.0324399 -0.0324402 -0.0324497
3.785 0 0 0 0 -0.0191438 -0.0192028 -0.0192039 -0.0191479 -0.0214102 -0.0213996 -0.0213998 -0.0214112 -0.0180212 -0.0180203 -0.0180202 -0.0180208
3.805 0 0 0 0 -0.00586824 -0.00588736 -0.00588733 -0.00586846 -0.00725171 -0.0072435 -0.00724333 -0.00725137 -0.00960123 -0.00960235 -0.00960228 -0.00960106
3.825 0 0 0 0 0.0112711 0.011316 0.0113166 0.0112721 0.00701707 0.00700344 0.00700323 0.00701527 0.00125134 0.00125304 0.00125318 0.00125163
3.845 0 0 0 0 0.0256096 0.0256826 0.0256827 0.0256094 0.0296064 0.0295957 0.0295956 0.029606 0.0241371 0.0241348 0.0241346 0.0241364
3.865 0 0 0 0 0.0249808 0.0250086 0.0250083 0.0249802 0.0485906 0.0486119 0.0486117 0.04859 0.0514901 0.0514781 0.0514783 0.0514904
3.885 0 0 0 0 0.0153825 0.0153642 0.015364 0.0153822 0.0509496 0.0509759 0.0509759 0.0509495 0.0725194 0.0725074 0.0725072 0.0725191
3.905 0 0 0 0 0.0144447 0.0144495 0.0144493 0.0144443 0.0453174 0.0453069 0.0453069 0.0453176 0.0809919 0.0809913 0.0809914 0.080992
3.925 0 0 0 0 0.0253898 0.0254413 0.025442 0.0253906 0.0491462 0.0491221 0.0491214 0.049142 0.0747149 0.0747145 0.0747144 0.0747136
3.945 0 0 0 0 0.040108 0.0401805 0.0401751 0.0400973 0.0648752 0.0648878 0.0648903 0.0648774 0.0641439 0.0641312 0.0641315 0.0641445
3.965 0 0 0 0 0.0468717 0.0469416 0.0469348 0.0468469 0.074328 0.0743598 0.0743609 0.0743286 0.0628038 0.0627839 0.0627834 0.062803
3.985 0 0 0 0 0.0340262 0.0340701 0.0340664 0.0340011 0.06047 0.060479 0.0604778 0.0604654 0.0671738 0.0671627 0.0671623 0.0671727
4.005 0 0 0 0 0.00936394 0.00935772 0.00935477 0.00935038 0.033673 0.0336566 0.0336529 0.03366 0.0648518 0.0648524 0.0648511 0.0648499
4.025 0 0 0 0 -0.0110772 -0.0111358 -0.0111377 -0.0110812 0.00848794 0.00847887 0.00847551 0.00847068 0.0411172 0.0411173 0.0411165 0.0411133
4.045 0 0 0 0 -0.0216518 -0.0217262 -0.0217276 -0.0216556 -0.0191981 -0.0191843 -0.0191845 -0.0192027 -0.0109425 -0.0109443 -0.0109448 -0.0109451
4.065 0 0 0 0 -0.0311433 -0.0311951 -0.0311957 -0.0311453 -0.0615159 -0.0615102 -0.0615119 -0.0615202 -0.0842064 -0.0842018 -0.0842024 -0.0842078
4.085 0 0 0 0 -0.0459784 -0.0460096 -0.0460095 -0.0459784 -0.111762 -0.111783 -0.111784 -0.111764 -0.155615 -0.155598 -0.155598 -0.155616
4.105 0 0 0 0 -0.0627156 -0.062762 -0.0627613 -0.062715 -0.148214 -0.148246 -0.148245 -0.148213 -0.20033 -0.200305 -0.200305 -0.20033
4.125 0 0 0 0 -0.0793864 -0.079487 -0.0794944 -0.0793878 -0.164309 -0.164327 -0.164324 -0.164305 -0.213695 -0.213672 -0.213672 -0.213695
4.145 0 0 0 0 -0.0816851 -0.0818348 -0.0818522 -0.0817543 -0.157514 -0.15754 -0.157549 -0.157546 -0.195373 -0.195352 -0.195355 -0.195381
4.165 0 0 0 0 -0.0606335 -0.0607392 -0.0607552 -0.0607132 -0.123389 -0.123433 -0.123449 -0.123432 -0.148908 -0.148888 -0.148891 -0.148918
4.185 0 0 0 0 -0.0296468 -0.0296894 -0.0297024 -0.0297072 -0.067169 -0.0672013 -0.0672088 -0.0671986 -0.0866246 -0.0866125 -0.0866133 -0.0866287
4.205 0 0 0 0 -0.000610993 -0.000612182 -0.000613222 -0.000611893 -0.00350128 -0.00348606 -0.00348472 -0.00350203 -0.0153458 -0.0153505 -0.01535 -0.0153466
4.225 0 0 0 0 0.0253432 0.0253654 0.0253645 0.025338 0.052319 0.0523393 0.0523425 0.0523245 0.0606713 0.0606594 0.0606585 0.0606699
4.245 0 0 0 0 0.0502613 0.0503352 0.0503326 0.0502568 0.100305 0.100302 0.100302 0.100305 0.134361 0.13435 0.134351 0.134361
4.265 0 0 0 0 0.0655385 0.0656206 0.0656201 0.0655389 0.139029 0.139037 0.139036 0.139026 0.187029 0.18701 0.187009 0.187026
4.285 0 0 0 0 0.0680297 0.0680807 0.0680807 0.0680313 0.156957 0.156999 0.156997 0.156955 0.205148 0.205119 0.205119 0.205148
4.305 0 0 0 0 0.0784535 0.078568 0.0785713 0.0784678 0.16064 0.16066 0.160661 0.160648 0.20464 0.204616 0.204615 0.204639
4.325 0 0 0 0 0.0842278 0.0844228 0.0844112 0.0842179 0.151505 0.151487 0.151482 0.151496 0.186943 0.186929 0.186929 0.186948
4.345 0 0 0 0 0.0641162 0.0642028 0.0641999 0.0641042 0.123324 0.123351 0.123348 0.123336 0.146692 0.146669 0.146667 0.146685
4.365 0 0 0 0 0.0393737 0.0393755 0.0393549 0.0393218 0.0848718 0.0848979 0.0848915 0.084853 0.102878 0.102861 0.102862 0.102881
4.385 0 0 0 0 0.017711 0.0177182 0.0177111 0.017678 0.0378142 0.0378026 0.0378062 0.0378054 0.05543 0.0554266 0.0554235 0.0554244
4.405 0 0 0 0 -0.0104427 -0.0104546 -0.0104526 -0.0104427 -0.0155256 -0.0155418 -0.0155422 -0.0155269 -0.00783849 -0.00783166 -0.00782855 -0.00783396
4.425 0 0 0 0 -0.0390902 -0.0391626 -0.0391618 -0.0390885 -0.0675113 -0.0675072 -0.0675095 -0.0675143 -0.0814705 -0.081464 -0.0814644 -0.0814718
4.445 0 0 0 0 -0.0481141 -0.0481697 -0.0481703 -0.0481149 -0.10413 -0.104143 -0.104145 -0.104136 -0.139 -0.138985 -0.138985 -0.138999
4.465 0 0 0 0 -0.0504113 -0.0504379 -0.0504385 -0.0504128 -0.125708 -0.125741 -0.125742 -0.125713 -0.17293 -0.172908 -0.172908 -0.172929
4.485 0 0 0 0 -0.0558 -0.0558486 -0.0558512 -0.0558015 -0.129159 -0.129177 -0.129175 -0.129156 -0.17756 -0.177542 -0.177542 -0.177561
4.505 0 0 0 0 -0.0603855 -0.0604584 -0.0604557 -0.0603828 -0.11833 -0.118334 -0.118333 -0.118331 -0.153911 -0.153897 -0.153896 -0.15391
4.525 0 0 0 0 -0.0548798 -0.0549873 -0.0549935 -0.054898 -0.09791 -0.0979157 -0.09792 -0.0979077 -0.112249 -0.112235 -0.112234 -0.112249
4.545 0 0 0 0 -0.0322732 -0.0323116 -0.0323184 -0.0322856 -0.0600003 -0.0600257 -0.0600226 -0.0599924 -0.0610534 -0.0610386 -0.0610401 -0.0610556
4.565 0 0 0 0 -0.00338898 -0.00339078 -0.00339655 -0.00339963 -0.00858934 -0.00859401 -0.00859157 -0.00858761 -0.0111015 -0.0110991 -0.0110985 -0.0111003
4.585 0 0 0 0 0.0183133 0.0183242 0.0183265 0.0183152 0.0367193 0.0367491 0.0367492 0.03672 0.0332285 0.0332146 0.0332132 0.0332254
4.605 0 0 0 0 0.0230988 0.02311 0.0231123 0.0231045 0.0538802 0.0539059 0.0539044 0.0538772 0.0647435 0.0647305 0.064731 0.0647446
4.625 0 0 0 0 0.0164957 0.0165046 0.0165063 0.0165002 0.0468482 0.0468442 0.0468439 0.0468466 0.0770833 0.0770798 0.0770792 0.0770819
4.645 0 0 0 0 0.0149961 0.015012 0.0150125 0.0149965 0.040646 0.0406314 0.0406315 0.0406463 0.0719352 0.0719361 0.0719363 0.0719355
4.665 0 0 0 0 0.023669 0.0237056 0.0237061 0.0236708 0.0458012 0.0458076 0.0458083 0.0458039 0.0563716 0.0563647 0.0563645 0.0563708
4.685 0 0 0 0 0.0318963 0.0319453 0.0319431 0.0318855 0.0493863 0.0494076 0.049408 0.0493861 0.0402409 0.0402276 0.0402276 0.0402407
4.705 0 0 0 0 0.0272306 0.0272865 0.027292 0.0272411 0.0385536 0.038564 0.0385632 0.0385541 0.0306395 0.0306302 0.0306296 0.0306382
4.725 0 0 0 0 0.00448139 0.00448856 0.00449591 0.00449663 0.0119705 0.0119678 0.0119673 0.0119709 0.0203428 0.0203426 0.0203434 0.0203439
4.745 0 0 0 0 -0.027974 -0.0280581 -0.0280554 -0.0279706 -0.0260256 -0.0260227 -0.0260217 -0.0260226 -0.00735905 -0.00735455 -0.0073553 -0.00736056
4.765 0 0 0 0 -0.0302453 -0.0303008 -0.0303031 -0.0302468 -0.0452904 -0.0453088 -0.0453091 -0.0452938 -0.036574 -0.0365617 -0.0365609 -0.0365718
4.785 0 0 0 0 -0.00501116 -0.00496826 -0.00497457 -0.00502188 -0.0353132 -0.0353429 -0.0353431 -0.035314 -0.054997 -0.0549866 -0.0549868 -0.0549976
4.805 0 0 0 0 0.00709724 0.00714739 0.00714445 0.00709071 -0.0186048 -0.0185936 -0.018594 -0.0186048 -0.0612044 -0.0612081 -0.0612076 -0.0612036
4.825 0 0 0 0 -0.00383993 -0.00385032 -0.00384875 -0.00383745 -0.0163338 -0.0163021 -0.0163023 -0.0163341 -0.0467994 -0.0468068 -0.0468069 -0.0467984
4.845 0 0 0 0 -0.0125663 -0.0125838 -0.0125814 -0.0125611 -0.0183171 -0.0183342 -0.018334 -0.0183167 -0.00865328 -0.0086456 -0.008646 -0.00865386
4.865 0 0 0 0 -0.00450177 -0.00449568 -0.00449285 -0.0044966 0.000927431 0.000881669 0.000881805 0.000927727 0.0347317 0.0347455 0.0347454 0.0347307
4.885 0 0 0 0 0.00698997 0.00696566 0.00696605 0.00699081 0.0339524 0.0339695 0.0339693 0.0339523 0.0550119 0.0550048 0.0550046 0.0550118
4.905 0 0 0 0 0.0142593 0.014223 0.0142219 0.014258 0.0471935 0.0472538 0.047254 0.0471937 0.0481965 0.0481747 0.0481746 0.0481961
4.925 0 0 0 0 0.0312475 0.0313191 0.0313169 0.031241 0.0437682 0.043761 0.0437604 0.0437681 0.0440678 0.0440632 0.0440633 0.0440677
4.945 0 0 0 0 0.0473401 0.0474925 0.0474916 0.0473315 0.0515056 0.0514505 0.0514509 0.0515081 0.0566169 0.0566235 0.0566232 0.0566161
4.965 0 0 0 0 0.0386916 0.0387434 0.0387527 0.0386965 0.0691272 0.0691475 0.0691475 0.0691303 0.0734129 0.0733989 0.0734 0.073415
4.985 0 0 0 0 0.01261 0.0125406 0.0125442 0.0126261 0.0637517 0.0638238 0.0638243 0.0637463 0.0801106 0.0800847 0.0800845 0.0801114
5.005 0 0 0 0 -0.00093563 -0.000978246 -0.000976721 -0.000932797 0.029999 0.0299938 0.0299944 0.0299964 0.0701093 0.0701091 0.0701092 0.07011
5.025 0 0 0 0 0.00213189 0.00217342 0.00217174 0.00212817 0.00153326 0.00146522 0.00146781 0.00154097 0.0358862 0.0359053 0.0359044 0.035884
5.045 0 0 0 0 0.00495603 0.00498066 0.00497869 0.00495148 -0.00341969 -0.00342112 -0.00341937 -0.00341981 -0.0160373 -0.0160379 -0.0160382 -0.0160383
5.065 0 0 0 0 -0.00225446 -0.00228169 -0.0022827 -0.00225633 -0.013487 -0.0134193 -0.0134199 -0.0134892 -0.0617759 -0.0617951 -0.0617953 -0.0617766
5.085 0 0 0 0 -0.0196599 -0.0196748 -0.0196749 -0.0196596 -0.0522173 -0.0522105 -0.0522116 -0.0522191 -0.08488 -0.0848773 -0.0848773 -0.0848801
5.105 0 0 0 0 -0.0561841 -0.0562431 -0.0562431 -0.0561841 -0.107598 -0.107657 -0.107657 -0.107598 -0.106513 -0.106483 -0.106483 -0.106513
5.125 0 0 0 0 -0.090349 -0.090517 -0.0905177 -0.0903342 -0.143781 -0.143808 -0.143808 -0.143783 -0.141265 -0.141237 -0.141238 -0.141265
5.145 0 0 0 0 -0.0863671 -0.0865436 -0.0865567 -0.0863873 -0.146823 -0.146815 -0.146813 -0.146821 -0.175242 -0.175224 -0.175224 -0.17524
5.165 0 0 0 0 -0.0531339 -0.0531704 -0.0531689 -0.0531529 -0.13222 -0.132238 -0.132239 -0.132214 -0.190886 -0.19087 -0.190871 -0.19089
5.185 0 0 0 0 -0.0284666 -0.0284135 -0.0284162 -0.0284725 -0.109386 -0.109426 -0.10942 -0.109375 -0.17512 -0.175101 -0.175101 -0.17512
5.205 0 0 0 0 -0.0187722 -0.0187527 -0.0187515 -0.0187683 -0.0678406 -0.0678574 -0.0678533 -0.0678477 -0.111845 -0.111841 -0.111843 -0.111858
5.225 0 0 0 0 -0.0101293 -0.0101689 -0.0101661 -0.0101233 -0.0113342 -0.0113118 -0.011297 -0.0113107 -0.0115165 -0.0115164 -0.011511 -0.0115074
5.245 0 0 0 0 0.0106329 0.0106039 0.0106035 0.010632 0.0505527 0.0505571 0.0505537 0.050545 0.093379 0.0933748 0.0933731 0.0933772
5.265 0 0 0 0 0.0377945 0.0378045 0.0378016 0.0377891 0.105549 0.105552 0.105541 0.105527 0.164304 0.164292 0.164292 0.164304
5.285 0 0 0 0 0.0704888 0.0705654 0.0705646 0.0704878 0.151036 0.151057 0.151052 0.151023 0.196713 0.196688 0.196687 0.196711
5.305 0 0 0 0 0.111554 0.111749 0.111749 0.111556 0.194193 0.194212 0.194213 0.194192 0.220359 0.220328 0.220328 0.220359
5.325 0 0 0 0 0.128807 0.129009 0.129018 0.128812 0.219184 0.219212 0.219212 0.219201 0.242148 0.242112 0.242111 0.242146
5.345 0 0 0 0 0.103309 0.103453 0.103482 0.10336 0.207561 0.207607 0.207595 0.207552 0.251081 0.251045 0.25105 0.251091
5.365 0 0 0 0 0.0494184 0.0494201 0.0494407 0.0494417 0.148797 0.14885 0.14885 0.148795 0.22154 0.221513 0.221511 0.221535
5.385 0 0 0 0 0.00271779 0.00263323 0.00264539 0.00273125 0.0618029 0.0617879 0.0617469 0.0616885 0.135552 0.135535 0.135531 0.135526
5.405 0 0 0 0 -0.0144681 -0.0145013 -0.0145066 -0.014499 -0.0136059 -0.0136493 -0.013666 -0.0136507 0.00848912 0.00849663 0.00849025 0.00847472
5.425 0 0 0 0 -0.00608496 -0.00602395 -0.00604801 -0.00612816 -0.0590555 -0.0590923 -0.0590966 -0.0590746 -0.112838 -0.112828 -0.112828 -0.112838
5.445 0 0 0 0 -0.000389829 -0.000275176 -0.000285043 -0.000410278 -0.0804987 -0.0805145 -0.0805109 -0.0804888 -0.177246 -0.177239 -0.177237 -0.177242
5.465 0 0 0 0 -0.0503466 -0.0503885 -0.0503843 -0.0503437 -0.12579 -0.125777 -0.125771 -0.125778 -0.199215 -0.199205 -0.199204 -0.199209
5.485 0 0 0 0 -0.122753 -0.122996 -0.122988 -0.122742 -0.191891 -0.191904 -0.191903 -0.191893 -0.200303 -0.200274 -0.200273 -0.200301
5.505 0 0 0 0 -0.134421 -0.134638 -0.134637 -0.134396 -0.214407 -0.214493 -0.214494 -0.21441 -0.187816 -0.187762 -0.187765 -0.187822
5.525 0 0 0 0 -0.0816237 -0.0817122 -0.0817276 -0.0816443 -0.163176 -0.16325 -0.163254 -0.163191 -0.178139 -0.178094 -0.178089 -0.178124
5.545 0 0 0 0 -0.031009 -0.0310182 -0.0310385 -0.031023 -0.0921171 -0.0920661 -0.0920683 -0.0921108 -0.1758 -0.175815 -0.175822 -0.175816
5.565 0 0 0 0 -0.0160389 -0.016051 -0.016054 -0.0160525 -0.0628631 -0.0627979 -0.0627917 -0.0628556 -0.149971 -0.149995 -0.149996 -0.149978
5.585 0 0 0 0 -0.0227524 -0.022732 -0.022725 -0.0227458 -0.0660995 -0.0661392 -0.0661262 -0.066071 -0.0820167 -0.0819969 -0.0820066 -0.082034
5.605 0 0 0 0 -0.0260118 -0.0260196 -0.0260187 -0.0260078 -0.0405001 -0.0405862 -0.0405837 -0.0404936 0.0048619 0.00489478 0.00489888 0.00486627
5.625 0 0 0 0 -0.0172322 -0.0173492 -0.0173473 -0.0172264 0.0209763 0.0210068 0.0210058 0.0209727 0.0647445 0.0647358 0.0647328 0.0647395
5.645 0 0 0 0 0.0179465 0.0178675 0.0178708 0.017947 0.075921 0.0760079 0.0760024 0.075909 0.0920192 0.091989 0.0919921 0.0920256
5.665 0 0 0 0 0.0847055 0.0849091 0.0849125 0.084711 0.120715 0.120691 0.120689 0.120712 0.126285 0.126274 0.126273 0.126283
5.685 0 0 0 0 0.128719 0.129061 0.129061 0.128723 0.17219 0.172128 0.172127 0.172187 0.179108 0.1791 0.179102 0.179112
5.705 0 0 0 0 0.0953312 0.0954438 0.0954477 0.0953746 0.195528 0.195619 0.195621 0.195533 0.217681 0.217632 0.217629 0.217676
5.725 0 0 0 0 0.0273445 0.0271818 0.0272015 0.0273916 0.148682 0.148831 0.148825 0.148671 0.218543 0.218497 0.218504 0.21856
5.745 0 0 0 0 -0.00532574 -0.00543219 -0.00541999 -0.00532286 0.0594769 0.0594379 0.0594535 0.0594923 0.166245 0.166252 0.166249 0.16624
5.765 0 0 0 0 0.0135745 0.013681 0.0136732 0.0135705 0.0115906 0.0114546 0.011451 0.0115823 0.0666749 0.066713 0.0667169 0.0666847
5.785 0 0 0 0 0.0298209 0.0299221 0.0299186 0.0298146 0.00818951 0.00821555 0.00821097 0.00818315 -0.0540557 -0.054072 -0.0540747 -0.054063
5.805 0 0 0 0 0.0132495 0.013268 0.0132671 0.0132445 -0.0198205 -0.0196988 -0.0197018 -0.0198285 -0.136195 -0.136234 -0.136234 -0.136196
5.825 0 0 0 0 -0.0194523 -0.0193934 -0.0193921 -0.019452 -0.0850129 -0.0850532 -0.0850526 -0.0850153 -0.137792 -0.137778 -0.137781 -0.137797
5.845 0 0 0 0 -0.0595053 -0.0595001 -0.0595001 -0.0595069 -0.126107 -0.126252 -0.126251 -0.126101 -0.0959316 -0.0958724 -0.0958748 -0.0959357
5.865 0 0 0 0 -0.0648179 -0.0649618 -0.0649586 -0.0647999 -0.0801882 -0.0802205 -0.0802239 -0.080196 -0.0442327 -0.0442078 -0.0442083 -0.0442331
5.885 0 0 0 0 -0.00902046 -0.00912623 -0.00912779 -0.00901376 0.0180833 0.0181683 0.0181679 0.0180782 0.0114721 0.0114466 0.0114467 0.0114721
5.905 0 0 0 0 0.0480367 0.0481119 0.0481117 0.0480376 0.0730521 0.0730988 0.0730969 0.0730506 0.0512951 0.0512708 0.0512712 0.0512955
5.925 0 0 0 0 0.0658247 0.0660073 0.0659948 0.0658007 0.0829124 0.0828735 0.0828768 0.0829195 0.0855255 0.0855241 0.0855246 0.0855269
5.945 0 0 0 0 0.0286503 0.0286661 0.0286567 0.0286335 0.0677904 0.0677988 0.0678028 0.0677989 0.0986029 0.0985946 0.0985939 0.0986011
5.965 0 0 0 0 -0.0101145 -0.0102574 -0.0102614 -0.0101181 0.0445513 0.0446172 0.0446208 0.0445567 0.0895549 0.0895376 0.0895373 0.0895561
5.985 0 0 0 0 -0.00360596 -0.00365302 -0.00365153 -0.00360208 0.0241088 0.0241069 0.0241127 0.0241142 0.0637306 0.0637307 0.0637294 0.0637274
6.005 0 0 0 0 0.0127968 0.0128743 0.012877 0.0128016 0.00335327 0.00330562 0.00330556 0.00335467 0.0077128 0.00772472 0.00772485 0.00771297
6.025 0 0 0 0 0.00454168 0.00458286 0.00458424 0.0045443 -0.0194699 -0.0194571 -0.0194582 -0.0194713 -0.060958 -0.0609633 -0.0609645 -0.0609606
6.045 0 0 0 0 -0.0268197 -0.0268725 -0.0268725 -0.0268209 -0.0607843 -0.0607409 -0.0607429 -0.0607908 -0.112504 -0.112511 -0.112511 -0.112503
6.065 0 0 0 0 -0.0608521 -0.0609291 -0.0609285 -0.0608539 -0.117464 -0.117497 -0.117499 -0.117469 -0.138073 -0.138051 -0.138052 -0.138075
6.085 0 0 0 0 -0.094979 -0.095112 -0.0951139 -0.0949794 -0.168231 -0.1683 -0.168296 -0.168225 -0.167176 -0.167135 -0.167137 -0.167178
6.105 0 0 0 0 -0.11701 -0.11726 -0.117275 -0.117045 -0.195005 -0.195023 -0.195016 -0.194999 -0.21557 -0.21554 -0.215538 -0.215567
6.125 0 0 0 0 -0.106189 -0.106366 -0.106374 -0.106199 -0.200584 -0.20057 -0.200568 -0.20057 -0.260832 -0.260816 -0.26082 -0.260841
6.145 0 0 0 0 -0.0491765 -0.0491289 -0.0491277 -0.0492099 -0.162723 -0.162787 -0.162785 -0.162717 -0.244834 -0.244806 -0.244809 -0.244842
6.165 0 0 0 0 0.00980938 0.0100928 0.0101081 0.00985808 -0.0725193 -0.0726902 -0.072685 -0.0725752 -0.146399 -0.146368 -0.146374 -0.146413
6.185 0 0 0 0 0.0396558 0.0397612 0.0397673 0.0396718 0.039424 0.0394277 0.0394424 0.0394463 0.01384 0.0138296 0.0138409 0.0138532
6.205 0 0 0 0 0.0302125 0.0300847 0.0300686 0.0301759 0.121102 0.12122 0.121225 0.121111 0.172591 0.17255 0.17255 0.172589
6.225 0 0 0 0 0.0103343 0.0101065 0.0100935 0.0102931 0.138001 0.138088 0.138083 0.137973 0.258428 0.258402 0.258406 0.258437
6.245 0 0 0 0 0.0316641 0.0316082 0.031611 0.0316557 0.131099 0.131074 0.131068 0.131079 0.25319 0.253186 0.25318 0.253178
6.265 0 0 0 0 0.0945549 0.0947631 0.0947714 0.0945705 0.152992 0.15292 0.152926 0.152989 0.191131 0.191125 0.191129 0.191136
6.285 0 0 0 0 0.157973 0.15836 0.158385 0.158036 0.206441 0.206468 0.206473 0.206437 0.149613 0.149569 0.149564 0.149603
6.305 0 0 0 0 0.146278 0.146556 0.146545 0.146317 0.213374 0.213478 0.213475 0.213352 0.154842 0.154784 0.15479 0.154861
6.325 0 0 0 0 0.0546474 0.0546105 0.0545906 0.0546177 0.135895 0.135951 0.135955 0.135893 0.179639 0.179604 0.179596 0.179621
6.345 0 0 0 0 -0.0356192 -0.0358508 -0.0359052 -0.0357468 0.0329456 0.0329009 0.0329152 0.0329744 0.171102 0.171129 0.17114 0.171126
6.365 0 0 0 0 -0.0590646 -0.0592629 -0.059289 -0.0591161 -0.0247684 -0.0248093 -0.0247937 -0.0247389 0.0848382 0.084863 0.084858 0.084828
6.385 0 0 0 0 -0.0252526 -0.0253071 -0.0253041 -0.0252493 -0.0435112 -0.0434662 -0.0434714 -0.0435165 -0.0663821 -0.066387 -0.0663736 -0.0663499
6.405 0 0 0 0 0.00987298 0.010013 0.010036 0.00992062 -0.0729416 -0.0729005 -0.0729078 -0.0729578 -0.206784 -0.20681 -0.20682 -0.206811
6.425 0 0 0 0 -0.0122319 -0.0120648 -0.0120535 -0.012211 -0.136904 -0.13695 -0.136965 -0.136933 -0.272816 -0.2728 -0.272801 -0.272816
6.445 0 0 0 0 -0.091361 -0.0914448 -0.0914578 -0.0913876 -0.205267 -0.205295 -0.205277 -0.205222 -0.260378 -0.260347 -0.260354 -0.260397
6.465 0 0 0 0 -0.163973 -0.164273 -0.164267 -0.163965 -0.240119 -0.240144 -0.240136 -0.240112 -0.218025 -0.217979 -0.217971 -0.218008
6.485 0 0 0 0 -0.163633 -0.163959 -0.163954 -0.163598 -0.22627 -0.226295 -0.226293 -0.226258 -0.193967 -0.193923 -0.19392 -0.193962
6.505 0 0 0 0 -0.0816663 -0.0816556 -0.0816001 -0.0814916 -0.159585 -0.159662 -0.159655 -0.159584 -0.186302 -0.186266 -0.186266 -0.186302
6.525 0 0 0 0 0.0168904 0.0170384 0.0170543 0.0168867 -0.0559501 -0.0559812 -0.0559856 -0.0559504 -0.151764 -0.15175 -0.151735 -0.151732
6.545 0 0 0 0 0.0677952 0.0679852 0.0679457 0.0676986 0.0380915 0.0381223 0.0381319 0.0381164 -0.0559035 -0.0559332 -0.0559483 -0.0559341
6.565 0 0 0 0 0.0667751 0.066863 0.0668193 0.0666832 0.105888 0.105916 0.105905 0.105854 0.103667 0.103642 0.103652 0.103686
6.585 0 0 0 0 0.0502029 0.0501708 0.0501784 0.0502098 0.160446 0.16045 0.160446 0.160428 0.270411 0.270396 0.270379 0.270376
6.605 0 0 0 0 0.0654063 0.0653421 0.0653754 0.065465 0.224376 0.224397 0.224389 0.224339 0.378804 0.378779 0.378775 0.378792
6.625 0 0 0 0 0.11212 0.112205 0.112226 0.112194 0.278752 0.2788 0.278813 0.278778 0.389197 0.389148 0.389145 0.389191
6.645 0 0 0 0 0.156864 0.157127 0.157104 0.156851 0.289068 0.289155 0.289181 0.289107 0.324595 0.324534 0.324538 0.324598
6.665 0 0 0 0 0.15688 0.157138 0.157107 0.156799 0.241996 0.242056 0.242049 0.241999 0.237308 0.237266 0.237267 0.237313
6.685 0 0 0 0 0.107166 0.107274 0.107207 0.107108 0.154156 0.15421 0.154219 0.154208 0.160902 0.16088 0.160889 0.160916
6.705 0 0 0 0 0.0390945 0.0392041 0.0391439 0.0390752 0.0574422 0.0574023 0.0574 0.0574375 0.0890465 0.0890563 0.0890628 0.0890611
6.725 0 0 0 0 -0.0250712 -0.0251321 -0.0251378 -0.0250727 -0.0183655 -0.0183751 -0.018384 -0.0183831 0.00823743 0.0082454 0.00824588 0.00823798
6.745 0 0 0 0 -0.0617419 -0.0619181 -0.0619057 -0.061744 -0.0745116 -0.0744631 -0.0744556 -0.0744951 -0.0793232 -0.0793259 -0.0793286 -0.0793285
6.765 0 0 0 0 -0.081698 -0.0818331 -0.0818111 -0.0816927 -0.143572 -0.143582 -0.143584 -0.143589 -0.178614 -0.178598 -0.178599 -0.178615
6.785 0 0 0 0 -0.0927043 -0.0927542 -0.0927307 -0.0927147 -0.20737 -0.207464 -0.207473 -0.207406 -0.265447 -0.265407 -0.265412 -0.265456
6.805 0 0 0 0 -0.102693 -0.102746 -0.102717 -0.102701 -0.234654 -0.234742 -0.234755 -0.234694 -0.313188 -0.313149 -0.313155 -0.313199
6.825 0 0 0 0 -0.112365 -0.11247 -0.112447 -0.112353 -0.22653 -0.226518 -0.226506 -0.226493 -0.308296 -0.308278 -0.308283 -0.308306
6.845 0 0 0 0 -0.117635 -0.117965 -0.118043 -0.117822 -0.211654 -0.211639 -0.211667 -0.211672 -0.264758 -0.264737 -0.264729 -0.264741
6.865 0 0 0 0 -0.117947 -0.118191 -0.118273 -0.118052 -0.203602 -0.203639 -0.203633 -0.203603 -0.217819 -0.217776 -0.217768 -0.217799
6.885 0 0 0 0 -0.100557 -0.10071 -0.100723 -0.100592 -0.174906 -0.174947 -0.174928 -0.174854 -0.181363 -0.181318 -0.181311 -0.181349
6.905 0 0 0 0 -0.0569079 -0.0569714 -0.0569892 -0.0569682 -0.111576 -0.111562 -0.111539 -0.111496 -0.143196 -0.143185 -0.143191 -0.143212
6.925 0 0 0 0 0.00575784 0.00582813 0.00585105 0.00581598 -0.0208056 -0.0207871 -0.0207961 -0.0208171 -0.0696251 -0.0696246 -0.0696085 -0.0695907
6.945 0 0 0 0 0.0607659 0.0609527 0.06098 0.0608378 0.0695859 0.0695819 0.0695849 0.0695838 0.0456233 0.0455952 0.0455658 0.0455623
6.965 0 0 0 0 0.0788633 0.0789695 0.0789777 0.0788521 0.140863 0.140852 0.140826 0.140796 0.172236 0.17223 0.17225 0.17228
6.985 0 0 0 0 0.0727876 0.0727693 0.0727854 0.0727913 0.19045 0.190501 0.190497 0.190426 0.273554 0.273512 0.273493 0.273513
7.005 0 0 0 0 0.080676 0.0806381 0.0806545 0.0806788 0.22105 0.221104 0.221092 0.221004 0.325202 0.32517 0.325177 0.32522
7.025 0 0 0 0 0.110965 0.111146 0.111169 0.111156 0.234882 0.234873 0.2349 0.234936 0.318832 0.318807 0.3188 0.318821
7.045 0 0 0 0 0.132122 0.132338 0.13228 0.132084 0.229039 0.229055 0.229074 0.229079 0.264939 0.264899 0.264904 0.264941
7.065 0 0 0 0 0.123316 0.123494 0.123446 0.123242 0.193662 0.193705 0.193677 0.193624 0.19354 0.193509 0.193527 0.193578
7.085 0 0 0 0 0.0819251 0.0820493 0.08203 0.0818992 0.126403 0.126432 0.126426 0.126395 0.128703 0.128678 0.128672 0.12869
7.105 0 0 0 0 0.0134866 0.013499 0.0134983 0.0135032 0.0360253 0.0360225 0.0360242 0.0360285 0.0609682 0.0609691 0.06097 0.0609694
7.125 0 0 0 0 -0.0558229 -0.0559656 -0.055954 -0.0558166 -0.0577498 -0.0577504 -0.057747 -0.0577454 -0.0275572 -0.0275434 -0.0275389 -0.0275468
7.145 0 0 0 0 -0.0915778 -0.0917597 -0.0917358 -0.0915676 -0.134056 -0.134065 -0.134059 -0.134053 -0.133558 -0.133544 -0.133557 -0.133583
7.165 0 0 0 0 -0.0885081 -0.0885935 -0.0885757 -0.0885209 -0.181754 -0.18181 -0.181821 -0.181793 -0.233252 -0.233218 -0.233213 -0.23324
7.185 0 0 0 0 -0.0785301 -0.0785348 -0.078512 -0.0785138 -0.204653 -0.20472 -0.20473 -0.204684 -0.299404 -0.299377 -0.299387 -0.299424
7.205 0 0 0 0 -0.0919844 -0.0920514 -0.0920531 -0.092032 -0.217611 -0.217568 -0.217549 -0.217536 -0.316223 -0.316209 -0.316211 -0.316227
7.225 0 0 0 0 -0.119143 -0.119323 -0.11932 -0.119137 -0.227304 -0.227275 -0.227252 -0.227248 -0.285985 -0.285957 -0.28596 -0.285994
7.245 0 0 0 0 -0.130472 -0.130628 -0.130636 -0.13047 -0.218095 -0.218152 -0.218167 -0.218119 -0.229202 -0.229162 -0.229168 -0.229217
7.265 0 0 0 0 -0.101384 -0.101518 -0.101541 -0.101418 -0.166703 -0.166778 -0.166802 -0.166744 -0.165934 -0.165889 -0.165878 -0.165911
7.285 0 0 0 0 -0.0335555 -0.0335078 -0.0335058 -0.033485 -0.0707976 -0.0708176 -0.0708214 -0.0707931 -0.0942759 -0.0942701 -0.0942752 -0.094288
7.305 0 0 0 0 0.0355142 0.0355999 0.0355909 0.0355082 0.0350004 0.0350309 0.0350208 0.0349813 -0.00471122 -0.004717 -0.00469806 -0.00466899
7.325 0 0 0 0 0.0765848 0.0767153 0.0767143 0.0765644 0.11363 0.113661 0.113668 0.11364 0.10376 0.103732 0.103721 0.103739
7.345 0 0 0 0 0.0844488 0.0845382 0.0845491 0.0844356 0.16328 0.163282 0.163278 0.163255 0.213462 0.213442 0.213442 0.213462
7.365 0 0 0 0 0.0836928 0.0837122 0.083731 0.0836968 0.203021 0.203037 0.203028 0.202982 0.296924 0.296898 0.296895 0.296919
7.385 0 0 0 0 0.103663 0.10375 0.103784 0.10374 0.243137 0.243177 0.243165 0.243096 0.338034 0.337993 0.337984 0.338016
7.405 0 0 0 0 0.137505 0.137497 0.1375 0.137506 0.268808 0.268882 0.268889 0.268779 0.333559 0.333515 0.333529 0.33359
7.425 0 0 0 0 0.153196 0.153383 0.153374 0.153235 0.261187 0.261304 0.261353 0.261299 0.294449 0.294405 0.29441 0.294459
7.445 0 0 0 0 0.13713 0.137391 0.137375 0.137169 0.21964 0.219697 0.219738 0.21975 0.242055 0.242018 0.242003 0.24202
7.465 0 0 0 0 0.0887628 0.0889113 0.0888817 0.0887329 0.155401 0.155411 0.155412 0.15541 0.184803 0.18479 0.18481 0.184842
7.485 0 0 0 0 0.0179642 0.0178796 0.0178755 0.0181216 0.0667171 0.0668433 0.0668669 0.0667904 0.104488 0.104447 0.104426 0.104439
7.505 0 0 0 0 -0.039556 -0.0397689 -0.0397475 -0.03961 -0.0262195 -0.0261559 -0.0261818 -0.0262651 -0.00015181 -0.000143477 -0.000122686 -0.000105311
7.525 0 0 0 0 -0.0614794 -0.0615747 -0.0615795 -0.0615159 -0.10354 -0.103572 -0.103585 -0.103578 -0.112199 -0.112186 -0.112201 -0.112232
7.545 0 0 0 0 -0.0687629 -0.068766 -0.068755 -0.0687953 -0.163313 -0.163414 -0.163429 -0.163362 -0.21869 -0.218657 -0.218661 -0.218697
7.565 0 0 0 0 -0.0953187 -0.0953797 -0.0953468 -0.0953448 -0.215946 -0.216019 -0.216029 -0.215994 -0.305118 -0.305087 -0.305087 -0.305117
7.585 0 0 0 0 -0.129977 -0.130132 -0.130091 -0.129996 -0.258677 -0.258727 -0.258731 -0.258709 -0.343516 -0.343487 -0.3435 -0.34354
7.605 0 0 0 0 -0.148895 -0.148974 -0.148954 -0.148802 -0.277462 -0.277443 -0.27744 -0.277407 -0.32974 -0.329702 -0.329703 -0.329744
7.625 0 0 0 0 -0.145537 -0.14577 -0.145786 -0.145513 -0.262507 -0.262515 -0.26252 -0.262495 -0.292992 -0.292938 -0.29293 -0.292979
7.645 0 0 0 0 -0.123914 -0.124076 -0.124115 -0.123991 -0.21655 -0.216574 -0.216604 -0.216597 -0.253925 -0.253897 -0.253907 -0.253949
7.665 0 0 0 0 -0.0808839 -0.080988 -0.0810549 -0.0810041 -0.152786 -0.152802 -0.152826 -0.152825 -0.203063 -0.203026 -0.202991 -0.202989
7.685 0 0 0 0 -0.0198675 -0.019807 -0.0198156 -0.0198682 -0.0742945 -0.0743174 -0.0742903 -0.0742322 -0.117671 -0.117674 -0.117697 -0.117723
7.705 0 0 0 0 0.0238664 0.0239629 0.0239558 0.0238082 0.00763912 0.0075822 0.00759146 0.00765866 -0.00921439 -0.00918602 -0.00915146 -0.00914037
7.725 0 0 0 0 0.0430255 0.0430817 0.0431142 0.0430838 0.0863409 0.0863697 0.0863902 0.0863783 0.106347 0.106315 0.106286 0.106286
7.745 0 0 0 0 0.0590202 0.0589997 0.0590281 0.059051 0.153855 0.153907 0.15389 0.153801 0.210984 0.210958 0.210967 0.211004
7.765 0 0 0 0 0.0837965 0.0838129 0.0838436 0.0838085 0.198252 0.198286 0.198272 0.198204 0.279234 0.279195 0.279179 0.2792
7.785 0 0 0 0 0.111322 0.111417 0.111438 0.111305 0.223464 0.22347 0.22345 0.223415 0.297541 0.297516 0.297519 0.297548
7.805 0 0 0 0 0.131972 0.132199 0.132207 0.132162 0.237902 0.237919 0.237932 0.23797 0.280953 0.280914 0.280903 0.280927
7.825 0 0 0 0 0.130994 0.131249 0.131197 0.130966 0.230059 0.230108 0.230096 0.230056 0.250413 0.250373 0.250386 0.250434
7.845 0 0 0 0 0.108 0.10816 0.108127 0.107979 0.188945 0.18897 0.188968 0.188934 0.216086 0.216054 0.21606 0.216099
7.865 0 0 0 0 0.0645204 0.0645845 0.0645571 0.0644984 0.123693 0.123702 0.123697 0.123688 0.168457 0.168454 0.168471 0.168496
7.885 0 0 0 0 0.0135304 0.0134974 0.0135023 0.0135674 0.0534941 0.0535259 0.0535361 0.0535285 0.0947146 0.0947042 0.0946932 0.0946907
7.905 0 0 0 0 -0.0182493 -0.0183256 -0.0183267 -0.0182554 -0.00798856 -0.00796373 -0.00796614 -0.00799442 0.00410864 0.00411754 0.00414007 0.00415503
7.925 0 0 0 0 -0.0298425 -0.0298644 -0.0298475 -0.0298347 -0.0643954 -0.0644106 -0.0644025 -0.0643872 -0.0882797 -0.0882811 -0.0883011 -0.0883214
7.945 0 0 0 0 -0.0453093 -0.0452984 -0.0452874 -0.0453353 -0.119605 -0.119675 -0.11969 -0.119652 -0.170161 -0.170132 -0.170123 -0.170141
7.965 0 0 0 0 -0.075369 -0.0754221 -0.075399 -0.0753892 -0.166811 -0.166871 -0.166877 -0.166843 -0.226351 -0.226332 -0.226347 -0.226382
7.985 0 0 0 0 -0.111063 -0.111222 -0.111195 -0.111072 -0.203439 -0.203475 -0.203489 -0.203479 -0.252954 -0.252924 -0.252925 -0.252953
8.005 0 0 0 0 -0.127484 -0.127611 -0.127617 -0.127489 -0.220504 -0.220485 -0.220468 -0.220442 -0.252383 -0.252358 -0.252368 -0.252402
8.025 0 0 0 0 -0.112924 -0.11306 -0.113092 -0.112923 -0.208853 -0.208896 -0.208896 -0.208827 -0.236977 -0.236931 -0.236924 -0.236963
8.045 0 0 0 0 -0.0834556 -0.0835037 -0.0835264 -0.0834697 -0.169544 -0.169569 -0.169565 -0.169521 -0.213284 -0.213269 -0.213285 -0.213322
8.065 0 0 0 0 -0.046636 -0.0466676 -0.0466952 -0.0466919 -0.110016 -0.110041 -0.110062 -0.110066 -0.16525 -0.165218 -0.165187 -0.165182
8.085 0 0 0 0 -0.010866 -0.0108267 -0.0108247 -0.0108482 -0.0455302 -0.0455361 -0.0455309 -0.0455139 -0.0825061 -0.0825137 -0.0825333 -0.0825474
8.105 0 0 0 0 0.0155653 0.0156047 0.0156036 0.0155618 0.0189741 0.018951 0.0189416 0.0189559 0.0229976 0.0230153 0.0230393 0.023052
8.125 0 0 0 0 0.0279299 0.0279183 0.0279364 0.0279476 0.0777906 0.0778126 0.0778218 0.0778019 0.118825 0.118805 0.118789 0.118789
8.145 0 0 0 0 0.0452881 0.0452425 0.0452548 0.045282 0.128592 0.128637 0.128628 0.128559 0.186549 0.186528 0.186534 0.186563
8.165 0 0 0 0 0.0823203 0.0823756 0.0823938 0.0823181 0.172139 0.172168 0.172162 0.172113 0.226832 0.2268 0.226791 0.226813
8.185 0 0 0 0 0.114824 0.115037 0.11506 0.114879 0.200634 0.200644 0.200639 0.200606 0.2383 0.238271 0.238271 0.2383
8.205 0 0 0 0 0.111731 0.111772 0.111785 0.11177 0.198917 0.198949 0.198957 0.198923 0.222713 0.222678 0.222678 0.222713
8.225 0 0 0 0 0.0819806 0.0820314 0.0820073 0.0820193 0.163032 0.163126 0.16315 0.163091 0.192983 0.192953 0.192971 0.19302
8.245 0 0 0 0 0.0511237 0.0511543 0.0511441 0.0511118 0.10767 0.10771 0.107753 0.10776 0.152572 0.152545 0.152515 0.15251
8.265 0 0 0 0 0.0234739 0.0234967 0.0234613 0.0234106 0.0534738 0.0534601 0.0534545 0.0534639 0.0908835 0.0908942 0.0909139 0.0909257
8.285 0 0 0 0 -0.0025612 -0.00258895 -0.00259751 -0.00256985 0.00504703 0.00506859 0.00506764 0.00505056 0.00788273 0.00786663 0.00784767 0.00784096
8.305 0 0 0 0 -0.0211008 -0.0211312 -0.0211227 -0.0210983 -0.0442689 -0.0442631 -0.0442784 -0.044308 -0.0738706 -0.0738656 -0.0738545 -0.0738465
8.325 0 0 0 0 -0.0344307 -0.0344162 -0.0343938 -0.0344241 -0.0932782 -0.0933323 -0.0933364 -0.0932991 -0.132863 -0.132847 -0.132854 -0.132877
8.345 0 0 0 0 -0.0577851 -0.0578009 -0.0577793 -0.0577961 -0.132588 -0.132665 -0.132672 -0.132617 -0.169363 -0.169331 -0.16933 -0.169358
8.365 0 0 0 0 -0.0907025 -0.090841 -0.0908127 -0.0906981 -0.158882 -0.158908 -0.158909 -0.1589 -0.191759 -0.191739 -0.191744 -0.191769
8.385 0 0 0 0 -0.102757 -0.102923 -0.102972 -0.102902 -0.168876 -0.168846 -0.168843 -0.168854 -0.196027 -0.196007 -0.196001 -0.196012
8.405 0 0 0 0 -0.0797898 -0.0798419 -0.0799105 -0.0798639 -0.156569 -0.156615 -0.156591 -0.15653 -0.181996 -0.181961 -0.181962 -0.181996
8.425 0 0 0 0 -0.0475615 -0.0475232 -0.0475549 -0.0475682 -0.118514 -0.118553 -0.118545 -0.118481 -0.15499 -0.154972 -0.154979 -0.155009
8.445 0 0 0 0 -0.0229144 -0.0229256 -0.0229141 -0.0229079 -0.0634752 -0.0634665 -0.0634825 -0.0634911 -0.107915 -0.107908 -0.107901 -0.1079
8.465 0 0 0 0 -0.00190457 -0.00190915 -0.0018961 -0.00187737 -0.00945117 -0.00942759 -0.00942759 -0.00945649 -0.0321558 -0.0321663 -0.0321721 -0.0321671
8.485 0 0 0 0 0.0211219 0.021159 0.0211663 0.0211361 0.0405869 0.0405686 0.0405677 0.0405795 0.0613792 0.0613799 0.0613814 0.0613818
8.505 0 0 0 0 0.0392667 0.0392895 0.0392963 0.0392588 0.0908748 0.0908648 0.0908626 0.0908637 0.140394 0.140388 0.140387 0.140392
8.525 0 0 0 0 0.0617831 0.0617848 0.0618018 0.0617772 0.144143 0.144189 0.144184 0.144122 0.19308 0.193051 0.193046 0.193072
8.545 0 0 0 0 0.0940818 0.0941563 0.094163 0.0941544 0.18698 0.187038 0.187039 0.186979 0.2251 0.225062 0.225061 0.225095
8.565 0 0 0 0 0.113986 0.114081 0.114065 0.114045 0.202289 0.202341 0.202319 0.202241 0.237237 0.237206 0.237213 0.237248
8.585 0 0 0 0 0.102257 0.1024 0.10242 0.102315 0.184785 0.184833 0.184833 0.184791 0.223318 0.223298 0.223323 0.223367
8.605 0 0 0 0 0.0705626 0.0706459 0.070641 0.0706062 0.144329 0.144391 0.14441 0.144395 0.185575 0.185547 0.185539 0.185556
8.625 0 0 0 0 0.0384431 0.0384589 0.0384319 0.0384313 0.0919562 0.0919964 0.0920095 0.0919962 0.127848 0.127838 0.127849 0.127872
8.645 0 0 0 0 0.0102818 0.0102626 0.0102452 0.0102506 0.0306792 0.0306938 0.0307064 0.0307064 0.0489765 0.0489664 0.0489589 0.0489589
8.665 0 0 0 0 -0.0187879 -0.0188143 -0.0188134 -0.018803 -0.0365833 -0.0365961 -0.0366004 -0.0365965 -0.0456072 -0.0456018 -0.0456036 -0.0456115
8.685 0 0 0 0 -0.0506494 -0.0506993 -0.0506842 -0.0506592 -0.104648 -0.104679 -0.104689 -0.104679 -0.139755 -0.139741 -0.139746 -0.139764
8.705 0 0 0 0 -0.0848262 -0.0849166 -0.0848893 -0.0848383 -0.169175 -0.169227 -0.169236 -0.169215 -0.218632 -0.218609 -0.218614 -0.218643
8.725 0 0 0 0 -0.115617 -0.115752 -0.115715 -0.115626 -0.221435 -0.221509 -0.22152 -0.22148 -0.27359 -0.273554 -0.27356 -0.273601
8.745 0 0 0 0 -0.13093 -0.131014 -0.131044 -0.130964 -0.247575 -0.247598 -0.24758 -0.247516 -0.299274 -0.29924 -0.299243 -0.299282
8.765 0 0 0 0 -0.121811 -0.121958 -0.121996 -0.121804 -0.23976 -0.239811 -0.239813 -0.239724 -0.294935 -0.294883 -0.294876 -0.294917
8.785 0 0 0 0 -0.0991762 -0.099266 -0.099289 -0.0992047 -0.203027 -0.203059 -0.203053 -0.203009 -0.261987 -0.261966 -0.261983 -0.262024
8.805 0 0 0 0 -0.0758491 -0.0759262 -0.0759667 -0.0759123 -0.153469 -0.153485 -0.153493 -0.153479 -0.20448 -0.204444 -0.204418 -0.204425
8.825 0 0 0 0 -0.0488712 -0.0489031 -0.0489126 -0.0488647 -0.0962876 -0.0962914 -0.0962746 -0.0962421 -0.122433 -0.122431 -0.12245 -0.122474
8.845 0 0 0 0 -0.0111139 -0.0110951 -0.0111039 -0.0110994 -0.0238764 -0.0239016 -0.0239043 -0.0238763 -0.0213226 -0.0213015 -0.0212822 -0.0212813
8.865 0 0 0 0 0.03542 0.0354716 0.0354713 0.0354242 0.0664882 0.0664889 0.0664902 0.0664882 0.0872154 0.0872024 0.0871924 0.0871936
8.885 0 0 0 0 0.0804834 0.0805379 0.0805512 0.0804637 0.157397 0.157433 0.157421 0.157357 0.189139 0.18911 0.189113 0.189145
8.905 0 0 0 0 0.111076 0.111152 0.111176 0.111065 0.2211 0.221154 0.221144 0.221058 0.269713 0.269667 0.26966 0.269699
8.925 0 0 0 0 0.127106 0.127213 0.127244 0.127102 0.252058 0.252093 0.252081 0.252016 0.321522 0.321483 0.32148 0.321518
8.945 0 0 0 0 0.130838 0.131007 0.131017 0.131034 0.260289 0.260343 0.26037 0.260375 0.337967 0.337928 0.337915 0.337938
8.965 0 0 0 0 0.124833 0.125013 0.124946 0.124801 0.251138 0.251216 0.251196 0.251169 0.317543 0.317506 0.317518 0.31757
8.985 0 0 0 0 0.116083 0.116184 0.116142 0.11604 0.220594 0.22062 0.220597 0.220564 0.267427 0.267384 0.267373 0.267402
9.005 0 0 0 0 0.0982139 0.0983296 0.0982748 0.0981554 0.168673 0.16868 0.168659 0.168635 0.198085 0.198077 0.198112 0.19816
9.025 0 0 0 0 0.0630678 0.063176 0.0631735 0.063109 0.102655 0.102683 0.102704 0.10271 0.117795 0.117771 0.117755 0.117758
9.045 0 0 0 0 0.00927213 0.0092759 0.00927822 0.00928454 0.0232261 0.0232536 0.0232564 0.0232358 0.0270918 0.0271005 0.0271284 0.0271518
9.065 0 0 0 0 -0.0473295 -0.047432 -0.0474132 -0.0473194 -0.0669565 -0.0669427 -0.0669297 -0.0669354 -0.0709612 -0.0709643 -0.0709823 -0.070999
9.085 0 0 0 0 -0.0844102 -0.0845293 -0.0845144 -0.0844416 -0.14827 -0.14833 -0.148344 -0.148316 -0.165555 -0.165522 -0.165516 -0.165541
9.105 0 0 0 0 -0.102637 -0.102741 -0.102716 -0.102671 -0.203974 -0.204065 -0.204076 -0.204021 -0.248862 -0.248829 -0.248844 -0.248892
9.125 0 0 0 0 -0.117818 -0.117947 -0.117917 -0.117852 -0.237741 -0.237809 -0.237824 -0.2378 -0.312776 -0.312742 -0.312745 -0.312781
9.145 0 0 0 0 -0.1319 -0.131984 -0.131946 -0.131835 -0.259418 -0.259456 -0.25946 -0.25944 -0.341703 -0.341674 -0.341685 -0.341725
9.165 0 0 0 0 -0.132217 -0.132424 -0.132475 -0.132366 -0.26332 -0.263479 -0.263506 -0.263406 -0.326928 -0.326858 -0.326834 -0.326871
9.185 0 0 0 0 -0.118394 -0.11852 -0.118588 -0.11845 -0.235208 -0.235312 -0.235304 -0.235171 -0.27884 -0.278785 -0.278772 -0.278814
9.205 0 0 0 0 -0.0928833 -0.0930067 -0.0930326 -0.0928967 -0.172118 -0.172118 -0.172092 -0.172038 -0.209805 -0.20977 -0.20975 -0.209765
9.225 0 0 0 0 -0.051675 -0.0517401 -0.0517222 -0.0516262 -0.0913246 -0.091281 -0.0912492 -0.0912552 -0.121717 -0.121719 -0.121734 -0.121748
9.245 0 0 0 0 0.00216356 0.00219293 0.0021917 0.00216273 -0.0068775 -0.00688913 -0.00689574 -0.00689253 -0.0155754 -0.0155612 -0.0155443 -0.0155391
9.265 0 0 0 0 0.0499975 0.0501006 0.0501144 0.0500091 0.0784471 0.0784247 0.078422 0.0784366 0.0959189 0.0958983 0.095872 0.095862
9.285 0 0 0 0 0.0799413 0.0799938 0.0800006 0.0799127 0.158286 0.158307 0.158284 0.158223 0.196055 0.196033 0.196044 0.196079
9.305 0 0 0 0 0.0999367 0.0999666 0.0999909 0.0999294 0.217063 0.217133 0.217128 0.217031 0.274583 0.27453 0.274514 0.274548
9.325 0 0 0 0 0.117069 0.117166 0.117199 0.117089 0.244552 0.244595 0.244581 0.244508 0.319973 0.319936 0.31994 0.319983
9.345 0 0 0 0 0.12636 0.126496 0.12652 0.126508 0.247691 0.247697 0.247725 0.247793 0.323408 0.32338 0.32337 0.323385
9.365 0 0 0 0 0.119774 0.11987 0.119845 0.119757 0.232042 0.232091 0.23214 0.232153 0.286286 0.286246 0.28625 0.286284
9.385 0 0 0 0 0.101498 0.101572 0.101544 0.101497 0.190322 0.190389 0.190391 0.190337 0.221341 0.221288 0.221264 0.221294
9.405 0 0 0 0 0.0711592 0.0712521 0.0712048 0.0711151 0.122334 0.122354 0.122322 0.122279 0.142308 0.1423 0.142327 0.142364
9.425 0 0 0 0 0.0264692 0.0265291 0.0265298 0.0264848 0.0413362 0.0413315 0.0413348 0.0413479 0.0539145 0.0539028 0.0538806 0.0538665
9.445 0 0 0 0 -0.0278214 -0.02787 -0.0278632 -0.0278274 -0.0414859 -0.0414947 -0.0415028 -0.0415081 -0.0437203 -0.0436989 -0.0436733 -0.0436643
9.465 0 0 0 0 -0.0740453 -0.0741791 -0.0741541 -0.0740413 -0.120802 -0.120804 -0.120792 -0.12079 -0.142017 -0.142012 -0.14203 -0.142053
9.485 0 0 0 0 -0.100465 -0.10059 -0.100567 -0.100493 -0.18859 -0.188654 -0.188664 -0.188633 -0.2285 -0.228463 -0.228456 -0.228485
9.505 0 0 0 0 -0.112472 -0.112568 -0.112532 -0.112498 -0.232416 -0.232517 -0.232526 -0.232459 -0.292224 -0.292186 -0.2922 -0.292253
9.525 0 0 0 0 -0.117212 -0.117206 -0.11721 -0.117185 -0.244662 -0.244699 -0.244687 -0.244638 -0.320195 -0.320162 -0.320164 -0.320199
9.545 0 0 0 0 -0.114586 -0.114735 -0.114782 -0.114601 -0.233402 -0.233447 -0.233476 -0.233425 -0.306847 -0.306805 -0.306798 -0.306831
9.565 0 0 0 0 -0.104609 -0.104718 -0.104746 -0.104624 -0.204875 -0.204915 -0.204949 -0.204913 -0.256048 -0.256016 -0.256013 -0.256044
9.585 0 0 0 0 -0.0810155 -0.0811003 -0.0811212 -0.0810502 -0.152606 -0.15265 -0.152654 -0.152612 -0.177534 -0.177491 -0.177468 -0.177487
9.605 0 0 0 0 -0.042598 -0.0426327 -0.0426354 -0.0425798 -0.0755853 -0.0755907 -0.0755691 -0.0755366 -0.0847941 -0.0847843 -0.0847922 -0.0848099
9.625 0 0 0 0 0.00665219 0.00664979 0.00664987 0.00665222 0.0144705 0.0144868 0.0144912 0.0144811 0.0139453 0.0139488 0.0139626 0.0139757
9.645 0 0 0 0 0.0570437 0.0571087 0.0571221 0.0570418 0.10123 0.101252 0.101256 0.10123 0.114835 0.114809 0.114797 0.11481
9.665 0 0 0 0 0.0935126 0.0936143 0.09363 0.0935007 0.171737 0.171751 0.171738 0.171694 0.207597 0.20757 0.20757 0.207598
9.685 0 0 0 0 0.109313 0.109398 0.109421 0.109305 0.219091 0.219126 0.219114 0.219047 0.277849 0.277809 0.2778 0.277831
9.705 0 0 0 0 0.111425 0.111548 0.111584 0.11152 0.239432 0.239482 0.239464 0.239393 0.312916 0.312874 0.312872 0.312914
9.725 0 0 0 0 0.109011 0.108956 0.108971 0.109037 0.233183 0.233237 0.233238 0.233162 0.306889 0.306855 0.306862 0.306903
9.745 0 0 0 0 0.105221 0.105309 0.105294 0.105255 0.205852 0.20595 0.206001 0.20596 0.262371 0.262343 0.262355 0.262402
9.765 0 0 0 0 0.0936895 0.0938555 0.0938307 0.0937279 0.161441 0.161512 0.161557 0.161554 0.189771 0.189735 0.189718 0.18973
9.785 0 0 0 0 0.0634106 0.0635283 0.0635084 0.0633993 0.100501 0.100529 0.100528 0.100513 0.104055 0.104042 0.104053 0.104076
9.805 0 0 0 0 0.0156554 0.0156734 0.0156645 0.0156394 0.0235618 0.0235713 0.0235669 0.0235527 0.0179432 0.0179277 0.0179147 0.0179151
9.825 0 0 0 0 -0.0355424 -0.0356023 -0.0355983 -0.035556 -0.0588707 -0.0588978 -0.0589122 -0.0589079 -0.0632602 -0.0632481 -0.0632465 -0.0632565
9.845 0 0 0 0 -0.0776198 -0.0777381 -0.0777191 -0.0776354 -0.131759 -0.131807 -0.131814 -0.131787 -0.142725 -0.1427 -0.142705 -0.142733
9.865 0 0 0 0 -0.101477 -0.101618 -0.101591 -0.101496 -0.182849 -0.1829 -0.182905 -0.182878 -0.216646 -0.216616 -0.21662 -0.216652
9.885 0 0 0 0 -0.104977 -0.105089 -0.105054 -0.104976 -0.208755 -0.208816 -0.208823 -0.208791 -0.269317 -0.269286 -0.269292 -0.269327
9.905 0 0 0 0 -0.0965119 -0.0965145 -0.0965272 -0.0965081 -0.212024 -0.212056 -0.212038 -0.211983 -0.284704 -0.284676 -0.284678 -0.284707
9.925 0 0 0 0 -0.0864506 -0.0865574 -0.0865954 -0.0864773 -0.194798 -0.194868 -0.194891 -0.194818 -0.259169 -0.259125 -0.259119 -0.259153
9.945 0 0 0 0 -0.0784804 -0.0785457 -0.0785672 -0.0784569 -0.156723 -0.156759 -0.156785 -0.156762 -0.198328 -0.198306 -0.198304 -0.198328
9.965 0 0 0 0 -0.0608902 -0.060986 -0.0609915 -0.0609054 -0.10045 -0.100454 -0.100461 -0.100459 -0.11425 -0.114226 -0.114209 -0.114214
9.985 0 0 0 0 -0.0250088 -0.0250497 -0.0250478 -0.0249989 -0.0314878 -0.0314822 -0.0314659 -0.0314524 -0.0227482 -0.0227452 -0.0227514 -0.0227612
10.005 0 0 0 0 0.0222912 0.0223149 0.022314 0.022284 0.0445052 0.0445027 0.0445065 0.0445097 0.0623747 0.0623767 0.0623862 0.0623949
10.025 0 0 0 0 0.0640537 0.0641221 0.0641342 0.0640471 0.115904 0.115927 0.115928 0.115898 0.134557 0.134531 0.134521 0.134537
10.045 0 0 0 0 0.0891938 0.0892728 0.0892894 0.0891843 0.167126 0.167165 0.167154 0.167088 0.193521 0.193488 0.193488 0.193521
10.065 0 0 0 0 0.0984137 0.0985477 0.0985806 0.0984817 0.191937 0.191969 0.191954 0.1919 0.238137 0.238101 0.238095 0.238124
10.085 0 0 0 0 0.0939537 0.0939836 0.0939971 0.0940185 0.19467 0.194693 0.194688 0.194701 0.25779 0.257767 0.257768 0.257791
10.105 0 0 0 0 0.0830394 0.0830912 0.0830737 0.083084 0.18025 0.18031 0.180327 0.180306 0.241985 0.241958 0.241973 0.242017
10.125 0 0 0 0 0.0735086 0.0735511 0.0735294 0.0734842 0.150347 0.150399 0.150413 0.150382 0.192187 0.192157 0.19215 0.192169
10.145 0 0 0 0 0.0606356 0.0607183 0.0606788 0.0605875 0.104691 0.104718 0.104714 0.104699 0.120212 0.120201 0.120213 0.120238
10.165 0 0 0 0 0.0342405 0.0343163 0.0342981 0.034226 0.0451572 0.0451632 0.0451683 0.0451719 0.0401104 0.0401 0.0400949 0.0400987
10.185 0 0 0 0 -0.00932105 -0.00931859 -0.00930896 -0.0093115 -0.025023 -0.0250299 -0.0250307 -0.0250301 -0.0394316 -0.039428 -0.0394261 -0.0394276
10.205 0 0 0 0 -0.057445 -0.0575378 -0.0575185 -0.0574463 -0.0974568 -0.0974757 -0.0974785 -0.0974721 -0.113301 -0.113288 -0.113292 -0.113309
10.225 0 0 0 0 -0.0935382 -0.0936806 -0.0936559 -0.0935525 -0.160107 -0.160154 -0.160161 -0.160138 -0.180487 -0.180461 -0.180465 -0.180495
10.245 0 0 0 0 -0.111569 -0.111717 -0.111687 -0.111586 -0.203386 -0.203452 -0.203463 -0.203425 -0.240226 -0.240193 -0.240199 -0.240239
10.265 0 0 0 0 -0.113767 -0.113787 -0.113802 -0.113769 -0.224207 -0.22425 -0.224242 -0.224193 -0.283687 -0.283655 -0.283654 -0.283688
10.285 0 0 0 0 -0.101647 -0.101733 -0.10181 -0.101726 -0.221434 -0.221536 -0.221528 -0.221457 -0.294585 -0.294546 -0.294539 -0.294571
10.305 0 0 0 0 -0.0853157 -0.0853628 -0.0854199 -0.0853669 -0.19336 -0.193405 -0.193393 -0.193321 -0.261271 -0.261251 -0.261265 -0.261301
10.325 0 0 0 0 -0.0722841 -0.0723665 -0.0723864 -0.0723233 -0.147066 -0.147082 -0.14708 -0.147042 -0.190997 -0.190962 -0.190943 -0.190958
10.345 0 0 0 0 -0.0577143 -0.0577962 -0.05779 -0.0576802 -0.0922408 -0.0922314 -0.0922128 -0.0921981 -0.10244 -0.102436 -0.10245 -0.102471
10.365 0 0 0 0 -0.0263355 -0.0263912 -0.026388 -0.026315 -0.0277699 -0.0277774 -0.0277804 -0.0277772 -0.0111164 -0.0111024 -0.0110908 -0.0110913
10.385 0 0 0 0 0.0228027 0.0228262 0.0228358 0.0228084 0.048598 0.04859 0.048588 0.0485903 0.0723849 0.0723779 0.072371 0.0723695
10.405 0 0 0 0 0.0725755 0.0726615 0.0726712 0.0725607 0.126888 0.126902 0.126893 0.126857 0.14455 0.144529 0.14453 0.144553
10.425 0 0 0 0 0.107547 0.107667 0.107682 0.107531 0.189873 0.189914 0.189906 0.189841 0.21091 0.210871 0.210866 0.210901
10.445 0 0 0 0 0.121631 0.121756 0.121778 0.12162 0.226123 0.226158 0.22615 0.226087 0.270889 0.27085 0.270848 0.270885
10.465 0 0 0 0 0.115181 0.115279 0.11531 0.115369 0.235293 0.235333 0.235334 0.235305 0.308107 0.30807 0.308065 0.308095
10.485 0 0 0 0 0.0976782 0.0977138 0.0976454 0.0975684 0.222079 0.222153 0.222147 0.222035 0.30391 0.30388 0.303891 0.303936
10.505 0 0 0 0 0.0849676 0.0850255 0.0849577 0.0849409 0.188465 0.188561 0.18857 0.188508 0.252678 0.252643 0.252642 0.252674
10.525 0 0 0 0 0.0756006 0.075701 0.0756777 0.0755978 0.137302 0.137352 0.137365 0.137358 0.166366 0.166352 0.166369 0.166402
10.545 0 0 0 0 0.0551895 0.055321 0.0553412 0.0552496 0.0733576 0.0733649 0.0733892 0.0734087 0.0671107 0.067093 0.0670792 0.0670801
10.565 0 0 0 0 0.0152442 0.0153145 0.015319 0.015258 0.00163307 0.00161928 0.00161256 0.00161502 -0.0235895 -0.0235848 -0.0235726 -0.0235638
10.585 0 0 0 0 -0.0375776 -0.0376245 -0.0376133 -0.0375823 -0.0734404 -0.0734563 -0.0734621 -0.0734589 -0.0964714 -0.0964698 -0.0964836 -0.0965008
10.605 0 0 0 0 -0.0864525 -0.086598 -0.0865859 -0.0864879 -0.143084 -0.143127 -0.143141 -0.143129 -0.157072 -0.157044 -0.157042 -0.157066
10.625 0 0 0 0 -0.115384 -0.115568 -0.115546 -0.115419 -0.19421 -0.194268 -0.194274 -0.194242 -0.213395 -0.213364 -0.213373 -0.213413
10.645 0 0 0 0 -0.1181 -0.118243 -0.11821 -0.118078 -0.217447 -0.217515 -0.217526 -0.217489 -0.261399 -0.261363 -0.261366 -0.261404
10.665 0 0 0 0 -0.100146 -0.100215 -0.100248 -0.100235 -0.214993 -0.21499 -0.214975 -0.21495 -0.285445 -0.285422 -0.285424 -0.285449
10.685 0 0 0 0 -0.0787547 -0.0787484 -0.0787574 -0.0787407 -0.191828 -0.191849 -0.191858 -0.191789 -0.269844 -0.269797 -0.269775 -0.269801
10.705 0 0 0 0 -0.067189 -0.0672258 -0.0672262 -0.0672081 -0.152948 -0.152969 -0.152968 -0.152929 -0.21079 -0.210771 -0.210781 -0.210813
10.725 0 0 0 0 -0.0575603 -0.0576408 -0.057669 -0.0575827 -0.101154 -0.101168 -0.101168 -0.101159 -0.11964 -0.119619 -0.11961 -0.119619
10.745 0 0 0 0 -0.0339071 -0.0339904 -0.0340028 -0.0339176 -0.0372532 -0.0372557 -0.0372519 -0.0372414 -0.0190078 -0.0190011 -0.0190036 -0.0190141
10.765 0 0 0 0 0.00974414 0.00972276 0.00973114 0.00974678 0.0383348 0.0383351 0.0383366 0.0383351 0.0705985 0.0705947 0.0705919 0.0705919
10.785 0 0 0 0 0.0620541 0.0621166 0.0621306 0.0620529 0.116789 0.116806 0.116802 0.11677 0.141955 0.141935 0.141934 0.141954
10.805 0 0 0 0 0.104335 0.104461 0.104481 0.10433 0.181594 0.18163 0.181623 0.181566 0.201013 0.200977 0.200972 0.201004
10.825 0 0 0 0 0.121708 0.121897 0.121924 0.121753 0.21803 0.218067 0.218056 0.217991 0.251353 0.251311 0.251307 0.251344
10.845 0 0 0 0 0.113063 0.113201 0.113219 0.113219 0.224995 0.225024 0.225044 0.225033 0.285356 0.285327 0.285324 0.285349
10.865 0 0 0 0 0.0942499 0.0943429 0.094338 0.0943359 0.209589 0.20965 0.209643 0.209604 0.287538 0.287519 0.287538 0.28758
10.885 0 0 0 0 0.0805719 0.0805959 0.0805737 0.0805397 0.179345 0.17941 0.179414 0.17939 0.247086 0.247045 0.247029 0.247048
10.905 0 0 0 0 0.0694555 0.0695096 0.0694466 0.0693748 0.13504 0.135082 0.135086 0.135055 0.168132 0.168117 0.168138 0.168177
10.925 0 0 0 0 0.0497531 0.0498357 0.049808 0.0497327 0.0741533 0.074184 0.0742032 0.074198 0.0704323 0.0704091 0.0703952 0.0704014
10.945 0 0 0 0 0.0135329 0.0135987 0.013605 0.0135439 -0.000439546 -0.000449423 -0.000451211 -0.000443738 -0.0236076 -0.0236037 -0.0235959 -0.0235922
10.965 0 0 0 0 -0.0371458 -0.0371695 -0.0371478 -0.0371349 -0.0793398 -0.0793714 -0.0793738 -0.0793536 -0.10348 -0.10347 -0.103479 -0.103497
10.985 0 0 0 0 -0.0876382 -0.087772 -0.0877477 -0.0876491 -0.149957 -0.15 -0.15001 -0.149995 -0.170595 -0.17057 -0.170572 -0.170598
11.005 0 0 0 0 -0.120142 -0.120336 -0.120309 -0.120167 -0.202651 -0.202703 -0.202713 -0.202692 -0.229306 -0.229275 -0.229283 -0.229321
11.025 0 0 0 0 -0.126866 -0.127036 -0.127007 -0.126862 -0.231486 -0.231556 -0.231569 -0.231534 -0.276905 -0.276867 -0.27687 -0.27691
11.045 0 0 0 0 -0.11299 -0.113096 -0.113139 -0.11307 -0.235121 -0.235127 -0.235106 -0.235064 -0.302276 -0.302248 -0.302253 -0.302285
11.065 0 0 0 0 -0.0932044 -0.0932353 -0.0932243 -0.0931858 -0.214424 -0.214452 -0.214451 -0.214375 -0.292195 -0.292142 -0.292119 -0.292148
11.085 0 0 0 0 -0.0795948 -0.0796357 -0.0796316 -0.079595 -0.17509 -0.175098 -0.175098 -0.175058 -0.240138 -0.240121 -0.240141 -0.240182
11.105 0 0 0 0 -0.0665181 -0.0665945 -0.0666325 -0.066546 -0.123387 -0.123406 -0.123412 -0.123405 -0.153158 -0.153131 -0.153116 -0.153126
11.125 0 0 0 0 -0.0420799 -0.0421562 -0.0421711 -0.0420939 -0.0602518 -0.0602664 -0.0602621 -0.0602401 -0.0515837 -0.0515753 -0.0515801 -0.0515961
11.145 0 0 0 0 -0.0019591 -0.00199188 -0.00198688 -0.00195827 0.0153514 0.0153456 0.0153462 0.015353 0.042396 0.042398 0.0423977 0.0423955
11.165 0 0 0 0 0.047525 0.0475582 0.0475695 0.0475242 0.0958201 0.0958407 0.0958383 0.0958059 0.119923 0.119907 0.119907 0.119925
11.185 0 0 0 0 0.0925115 0.092616 0.092635 0.0925083 0.164719 0.164754 0.16475 0.164696 0.185147 0.185113 0.185108 0.185137
11.205 0 0 0 0 0.118415 0.118559 0.118581 0.118408 0.209435 0.209463 0.209454 0.209399 0.242048 0.24201 0.242006 0.24204
11.225 0 0 0 0 0.1193 0.119478 0.119512 0.11939 0.228003 0.228029 0.228013 0.227962 0.283862 0.283827 0.283825 0.283861
11.245 0 0 0 0 0.102544 0.102535 0.102549 0.102543 0.2234 0.223443 0.223444 0.223443 0.296516 0.296478 0.296474 0.296506
11.265 0 0 0 0 0.0871085 0.0871456 0.0871836 0.0871958 0.197945 0.198009 0.198031 0.198015 0.269675 0.269648 0.269672 0.269719
11.285 0 0 0 0 0.0784156 0.0785195 0.0785205 0.0785032 0.156238 0.156279 0.156295 0.156277 0.20405 0.204022 0.204008 0.204022
11.305 0 0 0 0 0.0644726 0.0645926 0.0645742 0.0644791 0.102798 0.10281 0.102798 0.102779 0.113548 0.113538 0.113548 0.11357
11.325 0 0 0 0 0.033427 0.033497 0.0334793 0.0333946 0.0377796 0.03779 0.0377832 0.03777 0.0195795 0.0195676 0.0195656 0.0195744
11.345 0 0 0 0 -0.0136443 -0.0136496 -0.0136523 -0.0136645 -0.0377205 -0.0377279 -0.0377295 -0.0377298 -0.0617921 -0.0617897 -0.0617909 -0.0617946
11.365 0 0 0 0 -0.0641793 -0.0642704 -0.0642577 -0.0641984 -0.113372 -0.11341 -0.113411 -0.113386 -0.129044 -0.129023 -0.129024 -0.129046
11.385 0 0 0 0 -0.102568 -0.102727 -0.102701 -0.102587 -0.173142 -0.173196 -0.173199 -0.173166 -0.189228 -0.189198 -0.189203 -0.189237
11.405 0 0 0 0 -0.118125 -0.118298 -0.118263 -0.118138 -0.207665 -0.20772 -0.207728 -0.207701 -0.243155 -0.243124 -0.243132 -0.243171
11.425 0 0 0 0 -0.111186 -0.111181 -0.111171 -0.111146 -0.218443 -0.218488 -0.218492 -0.218448 -0.279335 -0.279302 -0.279302 -0.279335
11.445 0 0 0 0 -0.0909157 -0.091024 -0.0910408 -0.0910088 -0.208926 -0.209028 -0.209031 -0.208965 -0.282662 -0.282624 -0.282621 -0.282653
11.465 0 0 0 0 -0.0765729 -0.0765675 -0.0766169 -0.0765748 -0.17961 -0.179662 -0.179638 -0.179556 -0.246008 -0.245985 -0.245994 -0.246025
11.485 0 0 0 0 -0.0684785 -0.0685443 -0.0685608 -0.0684765 -0.133998 -0.134007 -0.133998 -0.133964 -0.173483 -0.173454 -0.173437 -0.173448
11.505 0 0 0 0 -0.0519632 -0.0520513 -0.0520358 -0.0519303 -0.0776607 -0.0776506 -0.0776371 -0.0776263 -0.0804493 -0.0804451 -0.080458 -0.0804773
