0.005 0 0 0 0 -5.81733e-06 -1.89383e-06 1.92713e-06 5.85056e-06 -1.11715e-06 -3.52836e-07 3.867e-07 1.15104e-06 1.47565e-05 4.70255e-06 -4.66875e-06 -1.47227e-05
0.025 0 0 0 0 -4.75243e-06 -8.25579e-07 2.99538e-06 6.91544e-06 6.52278e-08 8.28578e-07 1.56811e-06 2.33341e-06 1.59282e-05 5.87432e-06 -3.49698e-06 -1.3551e-05
0.045 0 0 0 0 -2.54983e-06 1.38206e-06 5.203e-06 9.11796e-06 3.25505e-06 4.0181e-06 4.75762e-06 5.52318e-06 1.91353e-05 9.08097e-06 -2.90348e-07 -1.0344e-05
0.065 0 0 0 0 -4.80989e-07 3.45238e-06 7.27324e-06 1.11865e-05 7.66909e-06 8.43419e-06 9.17369e-06 9.93714e-06 2.41166e-05 1.40612e-05 4.68984e-06 -5.36274e-06
0.085 0 0 0 0 1.08193e-06 5.01494e-06 8.8357e-06 1.27491e-05 1.20752e-05 1.28417e-05 1.35812e-05 1.43431e-05 3.03435e-05 2.02872e-05 1.09158e-05 8.64019e-07
0.105 0 0 0 0 2.36859e-06 6.30248e-06 1.01232e-05 1.40355e-05 1.56775e-05 1.6443e-05 1.71824e-05 1.79451e-05 3.65296e-05 2.6473e-05 1.71016e-05 7.0499e-06
0.125 0 0 0 0 3.47243e-06 7.40746e-06 1.12281e-05 1.51392e-05 1.84128e-05 1.91777e-05 1.9917e-05 2.06801e-05 4.0913e-05 3.08563e-05 2.14848e-05 1.14332e-05
0.145 0 0 0 0 4.27929e-06 8.21458e-06 1.20352e-05 1.59459e-05 2.00779e-05 2.08444e-05 2.15837e-05 2.23453e-05 4.23431e-05 3.22857e-05 2.29143e-05 1.28633e-05
0.165 0 0 0 0 4.53236e-06 8.46845e-06 1.22891e-05 1.6199e-05 1.98729e-05 2.06404e-05 2.13797e-05 2.21403e-05 4.08529e-05 3.07952e-05 2.14237e-05 1.13731e-05
0.185 0 0 0 0 3.6634e-06 7.60012e-06 1.14207e-05 1.533e-05 1.71897e-05 1.7956e-05 1.86953e-05 1.94571e-05 3.70668e-05 2.70096e-05 1.76381e-05 7.58695e-06
0.205 0 0 0 0 1.14081e-06 5.0743e-06 8.89491e-06 1.28075e-05 1.22764e-05 1.30413e-05 1.37806e-05 1.45438e-05 3.14131e-05 2.13569e-05 1.19855e-05 1.93332e-06
0.225 0 0 0 0 -2.70468e-06 1.22133e-06 5.04193e-06 8.96195e-06 5.83743e-06 6.60242e-06 7.34171e-06 8.1048e-06 2.40711e-05 1.40158e-05 4.64431e-06 -5.4087e-06
0.245 0 0 0 0 -6.71068e-06 -2.79145e-06 1.02917e-06 4.95597e-06 -1.45182e-06 -6.87196e-07 5.20943e-08 8.15552e-07 1.53338e-05 5.27949e-06 -4.09196e-06 -1.4146e-05
0.265 0 0 0 0 -1.00014e-05 -6.08517e-06 -2.26469e-06 1.66484e-06 -8.81043e-06 -8.04763e-06 -7.3084e-06 -6.54325e-06 5.82411e-06 -4.22894e-06 -1.36004e-05 -2.36558e-05
0.285 0 0 0 0 -1.26323e-05 -8.71777e-06 -4.89741e-06 -9.66527e-07 -1.53573e-05 -1.45957e-05 -1.38566e-05 -1.30904e-05 -3.41179e-06 -1.34639e-05 -2.28354e-05 -3.28919e-05
0.305 0 0 0 0 -1.49798e-05 -1.10683e-05 -7.24801e-06 -3.31426e-06 -2.05643e-05 -1.98024e-05 -1.90634e-05 -1.82977e-05 -1.0967e-05 -2.10187e-05 -3.03903e-05 -4.04473e-05
0.325 0 0 0 0 -1.69954e-05 -1.30874e-05 -9.26719e-06 -5.33009e-06 -2.42873e-05 -2.35255e-05 -2.27864e-05 -2.20208e-05 -1.55989e-05 -2.56501e-05 -3.50217e-05 -4.50792e-05
0.345 0 0 0 0 -1.82524e-05 -1.43465e-05 -1.05263e-05 -6.58718e-06 -2.62009e-05 -2.54403e-05 -2.47013e-05 -2.39345e-05 -1.69209e-05 -2.69715e-05 -3.63431e-05 -4.64013e-05
0.365 0 0 0 0 -1.83129e-05 -1.44076e-05 -1.05874e-05 -6.64763e-06 -2.57074e-05 -2.49473e-05 -2.42083e-05 -2.34409e-05 -1.54236e-05 -2.5474e-05 -3.48456e-05 -4.4904e-05
0.385 0 0 0 0 -1.68973e-05 -1.29909e-05 -9.17066e-06 -5.23205e-06 -2.26282e-05 -2.18669e-05 -2.11279e-05 -2.03617e-05 -1.17555e-05 -2.18066e-05 -3.11782e-05 -4.12359e-05
0.405 0 0 0 0 -1.41132e-05 -1.02026e-05 -6.38234e-06 -2.44795e-06 -1.75764e-05 -1.68139e-05 -1.60749e-05 -1.53099e-05 -6.21458e-06 -1.62667e-05 -2.56383e-05 -3.5695e-05
0.425 0 0 0 0 -1.06804e-05 -6.76372e-06 -2.9435e-06 9.8482e-07 -1.14772e-05 -1.07144e-05 -9.97541e-06 -9.21069e-06 1.00136e-06 -9.05158e-06 -1.84232e-05 -2.8479e-05
0.445 0 0 0 0 -7.54937e-06 -3.62839e-06 1.91827e-07 4.11588e-06 -5.08752e-06 -4.32434e-06 -3.58531e-06 -2.82104e-06 9.315e-06 -7.3879e-07 -1.01104e-05 -2.01654e-05
0.465 0 0 0 0 -5.11839e-06 -1.19602e-06 2.62419e-06 6.54686e-06 9.33493e-07 1.69798e-06 2.43701e-06 3.19997e-06 1.76735e-05 7.61868e-06 -1.75296e-06 -1.18069e-05
0.485 0 0 0 0 -3.11163e-06 8.11968e-07 4.63218e-06 8.55362e-06 5.94004e-06 6.70534e-06 7.44436e-06 8.20651e-06 2.4791e-05 1.47355e-05 5.36389e-06 -4.68935e-06
0.505 0 0 0 0 -1.30201e-06 2.62449e-06 6.4447e-06 1.03632e-05 9.49044e-06 1.02555e-05 1.09946e-05 1.17569e-05 2.951e-05 1.94541e-05 1.00825e-05 2.95925e-08
0.525 0 0 0 0 -1.7629e-08 3.91173e-06 7.73194e-06 1.16476e-05 1.13352e-05 1.21004e-05 1.28394e-05 1.36017e-05 3.12206e-05 2.11645e-05 1.17928e-05 1.74024e-06
0.545 0 0 0 0 1.7238e-07 4.10242e-06 7.92263e-06 1.18376e-05 1.11535e-05 1.19194e-05 1.26584e-05 1.342e-05 3.00839e-05 2.00275e-05 1.06558e-05 6.03485e-07
0.565 0 0 0 0 -1.0106e-06 2.91786e-06 6.73808e-06 1.06547e-05 8.66724e-06 9.43305e-06 1.01721e-05 1.09337e-05 2.67222e-05 1.66661e-05 7.29443e-06 -2.75822e-06
0.585 0 0 0 0 -2.99711e-06 9.2944e-07 4.74966e-06 8.66815e-06 4.58295e-06 5.34712e-06 6.08614e-06 6.84943e-06 2.20879e-05 1.20328e-05 2.66113e-06 -7.39247e-06
0.605 0 0 0 0 -5.82698e-06 -1.90499e-06 1.91523e-06 5.83827e-06 -5.8213e-07 1.81351e-07 9.20375e-07 1.68435e-06 1.61057e-05 6.0514e-06 -3.32024e-06 -1.33747e-05
0.625 0 0 0 0 -8.9533e-06 -5.03704e-06 -1.21683e-06 2.71195e-06 -6.24221e-06 -5.47833e-06 -4.7393e-06 -3.97573e-06 9.00232e-06 -1.0514e-06 -1.0423e-05 -2.04781e-05
0.645 0 0 0 0 -1.07346e-05 -6.81856e-06 -2.99834e-06 9.30662e-07 -1.09467e-05 -1.01844e-05 -9.44537e-06 -8.68027e-06 2.4946e-06 -7.55823e-06 -1.69299e-05 -2.69858e-05
0.665 0 0 0 0 -1.20775e-05 -8.1616e-06 -4.34138e-06 -4.12246e-07 -1.47519e-05 -1.39905e-05 -1.32515e-05 -1.24854e-05 -3.07045e-06 -1.31226e-05 -2.24943e-05 -3.25508e-05
0.685 0 0 0 0 -1.27778e-05 -8.86251e-06 -5.04229e-06 -1.11255e-06 -1.65631e-05 -1.58014e-05 -1.50623e-05 -1.42966e-05 -5.9952e-06 -1.60473e-05 -2.54189e-05 -3.54756e-05
0.705 0 0 0 0 -1.31402e-05 -9.22659e-06 -5.40638e-06 -1.47491e-06 -1.66378e-05 -1.58753e-05 -1.51363e-05 -1.43713e-05 -5.88088e-06 -1.59331e-05 -2.53048e-05 -3.53613e-05
0.725 0 0 0 0 -1.20843e-05 -8.16882e-06 -4.34861e-06 -4.19052e-07 -1.4397e-05 -1.36356e-05 -1.28966e-05 -1.21305e-05 -2.20582e-06 -1.2258e-05 -2.16296e-05 -3.16862e-05
0.745 0 0 0 0 -1.00201e-05 -6.10201e-06 -2.28179e-06 1.64515e-06 -9.91799e-06 -9.15649e-06 -8.41746e-06 -7.65151e-06 3.922e-06 -6.13074e-06 -1.55024e-05 -2.55584e-05
0.765 0 0 0 0 -9.25326e-06 -5.3395e-06 -1.51928e-06 2.41199e-06 -6.04969e-06 -5.28418e-06 -4.54515e-06 -3.78321e-06 9.167e-06 -8.87138e-07 -1.02588e-05 -2.03134e-05
0.785 0 0 0 0 -5.71826e-06 -1.79582e-06 2.02439e-06 5.94699e-06 -4.93154e-07 2.70336e-07 1.00936e-06 1.77333e-06 1.60738e-05 6.01949e-06 -3.35215e-06 -1.34065e-05
0.805 0 0 0 0 -4.41124e-06 -4.87927e-07 3.33229e-06 7.25401e-06 2.43437e-06 3.19865e-06 3.93767e-06 4.70085e-06 1.98689e-05 9.814e-06 4.42365e-07 -9.61152e-06
0.825 0 0 0 0 -2.89214e-06 1.03369e-06 4.85391e-06 8.77311e-06 5.17282e-06 5.93761e-06 6.67664e-06 7.43929e-06 2.29005e-05 1.28451e-05 3.47345e-06 -6.57992e-06
0.845 0 0 0 0 -4.16935e-06 -2.49049e-07 3.57117e-06 7.4959e-06 4.30155e-06 5.06869e-06 5.80771e-06 6.56803e-06 2.21407e-05 1.20849e-05 2.71329e-06 -7.33965e-06
0.865 0 0 0 0 -1.0403e-06 2.89404e-06 6.71426e-06 1.0625e-05 6.2425e-06 7.00295e-06 7.74198e-06 8.50897e-06 2.4111e-05 1.40566e-05 4.68492e-06 -5.36941e-06
0.885 0 0 0 0 1.81983e-06 5.76075e-06 9.58096e-06 1.34851e-05 1.00254e-05 1.07865e-05 1.15255e-05 1.22919e-05 2.69384e-05 1.68831e-05 7.51149e-06 -2.54201e-06
0.905 0 0 0 0 1.33995e-06 5.27034e-06 9.09056e-06 1.30052e-05 1.2868e-05 1.36381e-05 1.43771e-05 1.51345e-05 2.95283e-05 1.94705e-05 1.00988e-05 4.79599e-08
0.925 0 0 0 0 -3.14912e-07 3.60947e-06 7.42969e-06 1.13503e-05 1.24274e-05 1.3197e-05 1.3936e-05 1.46939e-05 3.19226e-05 2.18651e-05 1.24935e-05 2.44217e-06
0.945 0 0 0 0 -2.44298e-06 1.48169e-06 5.30191e-06 9.22227e-06 8.37746e-06 9.139e-06 9.87802e-06 1.06439e-05 3.11147e-05 2.10602e-05 1.16885e-05 1.63434e-06
0.965 0 0 0 0 3.61881e-06 7.5673e-06 1.13875e-05 1.52841e-05 1.31914e-05 1.39451e-05 1.46841e-05 1.54578e-05 3.44838e-05 2.44303e-05 1.50587e-05 5.00345e-06
0.985 0 0 0 0 3.88829e-07 4.31299e-06 8.13322e-06 1.20541e-05 1.28379e-05 1.36122e-05 1.43512e-05 1.51043e-05 2.90587e-05 1.89997e-05 9.62805e-06 -4.21709e-07
1.005 0 0 0 0 -6.67075e-06 -2.76699e-06 1.05325e-06 4.99455e-06 4.16355e-06 4.94346e-06 5.68245e-06 6.42992e-06 1.97389e-05 9.67962e-06 3.07997e-07 -9.74152e-06
1.025 0 0 0 0 -1.31602e-05 -9.2497e-06 -5.42946e-06 -1.4949e-06 -1.2447e-05 -1.16902e-05 -1.09512e-05 -1.01806e-05 6.67609e-06 -3.37459e-06 -1.27462e-05 -2.28043e-05
1.045 0 0 0 0 -1.48622e-05 -1.0938e-05 -7.11777e-06 -3.197e-06 -2.2623e-05 -2.18792e-05 -2.11402e-05 -2.03565e-05 -6.33196e-06 -1.63783e-05 -2.57499e-05 -3.58123e-05
1.065 0 0 0 0 -2.01001e-05 -1.62022e-05 -1.2382e-05 -8.43489e-06 -2.86623e-05 -2.78942e-05 -2.71553e-05 -2.63961e-05 -2.30303e-05 -3.30827e-05 -4.24543e-05 -5.25107e-05
1.085 0 0 0 0 -2.72971e-05 -2.34218e-05 -1.96016e-05 -1.56319e-05 -3.92294e-05 -3.845e-05 -3.77114e-05 -3.69643e-05 -3.93452e-05 -4.93995e-05 -5.87712e-05 -6.8826e-05
1.105 0 0 0 0 -2.64043e-05 -2.24974e-05 -1.86776e-05 -1.47405e-05 -4.80121e-05 -4.72639e-05 -4.65252e-05 -4.57466e-05 -4.43878e-05 -5.44328e-05 -6.38046e-05 -7.38688e-05
1.125 0 0 0 0 -1.00654e-05 -6.09913e-06 -2.27944e-06 1.59801e-06 -3.18152e-05 -3.10911e-05 -3.03523e-05 -2.95494e-05 -2.59778e-05 -3.60189e-05 -4.53908e-05 -5.5459e-05
1.145 0 0 0 0 6.34904e-06 1.03122e-05 1.4132e-05 1.80127e-05 7.21901e-06 7.98186e-06 8.72067e-06 9.4847e-06 1.07689e-05 7.12232e-07 -8.65956e-06 -1.87121e-05
1.165 0 0 0 0 -6.34811e-06 -2.48883e-06 1.33057e-06 5.31417e-06 2.05602e-05 2.13824e-05 2.21216e-05 2.2827e-05 3.43003e-05 2.4228e-05 1.48561e-05 4.81893e-06
1.185 0 0 0 0 -4.96191e-06 -1.0669e-06 2.75254e-06 6.70044e-06 2.02733e-05 2.10384e-05 2.17767e-05 2.25376e-05 6.04925e-05 5.04359e-05 4.10638e-05 3.10103e-05
1.205 0 0 0 0 1.42175e-05 1.82117e-05 2.20311e-05 2.58803e-05 3.08793e-05 3.15828e-05 3.23209e-05 3.31427e-05 8.0345e-05 7.03024e-05 6.09303e-05 5.08625e-05
1.225 0 0 0 0 2.18217e-05 2.57834e-05 2.96025e-05 3.34831e-05 5.14248e-05 5.21962e-05 5.29343e-05 5.36883e-05 7.68085e-05 6.6744e-05 5.73718e-05 4.73259e-05
1.245 0 0 0 0 1.1173e-05 1.50551e-05 1.88739e-05 2.28335e-05 4.95532e-05 5.03955e-05 5.11339e-05 5.1817e-05 5.53945e-05 4.53109e-05 3.59388e-05 2.5912e-05
1.265 0 0 0 0 -1.21872e-05 -8.30602e-06 -4.48716e-06 -5.26588e-07 3.98505e-07 1.18132e-06 1.91967e-06 2.66241e-06 1.97111e-05 9.65057e-06 2.7836e-07 -9.77166e-06
1.285 0 0 0 0 -2.38137e-05 -1.98645e-05 -1.60456e-05 -1.21532e-05 -4.75388e-05 -4.68549e-05 -4.61166e-05 -4.52749e-05 -1.48648e-05 -2.48926e-05 -3.42648e-05 -4.43474e-05
1.305 0 0 0 0 -2.13944e-05 -1.74503e-05 -1.36318e-05 -9.73493e-06 -4.97633e-05 -4.90465e-05 -4.83081e-05 -4.74991e-05 -4.16479e-05 -5.16858e-05 -6.1058e-05 -7.11308e-05
1.325 0 0 0 0 -6.88738e-06 -2.97447e-06 8.4401e-07 4.77192e-06 -1.63333e-05 -1.55242e-05 -1.47865e-05 -1.40714e-05 -4.26109e-05 -5.268e-05 -6.20527e-05 -7.20954e-05
1.345 0 0 0 0 -1.47231e-05 -1.08469e-05 -7.02837e-06 -3.0637e-06 -1.79386e-05 -1.71207e-05 -1.63829e-05 -1.56766e-05 -3.57796e-05 -4.58497e-05 -5.52223e-05 -6.52641e-05
1.365 0 0 0 0 -1.5124e-05 -1.1178e-05 -7.35943e-06 -3.46447e-06 -2.90124e-05 -2.83018e-05 -2.7564e-05 -2.67505e-05 -3.70002e-06 -1.37381e-05 -2.31105e-05 -3.31843e-05
1.385 0 0 0 0 -1.43703e-05 -1.04304e-05 -6.61178e-06 -2.71057e-06 -1.70481e-05 -1.63479e-05 -1.56101e-05 -1.47863e-05 2.71753e-05 1.71397e-05 7.7672e-06 -2.30903e-06
1.405 0 0 0 0 -2.97948e-05 -2.60004e-05 -2.21816e-05 -1.81349e-05 -5.03105e-06 -4.21014e-06 -3.47249e-06 -2.76941e-06 2.03441e-05 1.02754e-05 9.02907e-07 -9.14006e-06
1.425 0 0 0 0 -1.82949e-05 -1.44515e-05 -1.06328e-05 -6.63497e-06 -3.37053e-06 -2.55734e-06 -1.8196e-06 -1.10874e-06 6.62015e-06 -3.44834e-06 -1.28209e-05 -2.28643e-05
1.445 0 0 0 0 2.38697e-05 2.7942e-05 3.17608e-05 3.55299e-05 7.38013e-06 8.06988e-06 8.80759e-06 9.64186e-06 1.56998e-05 5.66009e-06 -3.71238e-06 -1.37844e-05
1.465 0 0 0 0 3.51012e-05 3.91724e-05 4.29916e-05 4.67623e-05 3.13766e-05 3.20981e-05 3.28358e-05 3.36384e-05 3.2033e-05 2.19811e-05 1.26085e-05 2.54831e-06
1.485 0 0 0 0 -9.27668e-07 2.91279e-06 6.73196e-06 1.07334e-05 3.69756e-05 3.78325e-05 3.85702e-05 3.92373e-05 4.19417e-05 3.1856e-05 2.24835e-05 1.24574e-05
1.505 0 0 0 0 -3.43527e-05 -3.05843e-05 -2.67654e-05 -2.26924e-05 8.16515e-07 1.63436e-06 2.37225e-06 3.07836e-06 4.40111e-05 3.39437e-05 2.4571e-05 1.45263e-05
1.525 0 0 0 0 -9.01237e-06 -5.02666e-06 -1.20777e-06 2.64799e-06 -1.40232e-05 -1.33785e-05 -1.26411e-05 -1.17627e-05 5.31872e-05 4.31662e-05 3.37935e-05 2.37018e-05
1.545 0 0 0 0 4.09063e-05 4.50111e-05 4.88301e-05 5.25669e-05 4.02398e-05 4.09192e-05 4.16568e-05 4.25006e-05 6.31535e-05 5.31119e-05 4.3739e-05 3.36678e-05
1.565 0 0 0 0 3.81168e-05 4.20315e-05 4.58496e-05 4.97746e-05 8.54995e-05 8.64024e-05 8.71397e-05 8.77595e-05 5.28904e-05 4.27818e-05 3.34092e-05 2.3405e-05
1.585 0 0 0 0 -3.1269e-05 -2.7553e-05 -2.37347e-05 -1.96108e-05 9.72295e-06 1.06381e-05 1.13756e-05 1.19835e-05 7.04022e-06 -3.05738e-06 -1.24301e-05 -2.24456e-05
1.605 0 0 0 0 -3.30224e-05 -2.90434e-05 -2.52248e-05 -2.13641e-05 -6.67453e-05 -6.61472e-05 -6.54098e-05 -6.4485e-05 3.73075e-06 -6.27084e-06 -1.56436e-05 -2.57553e-05
1.625 0 0 0 0 1.04929e-05 1.46312e-05 1.84491e-05 2.2149e-05 -3.27989e-05 -3.22406e-05 -3.15026e-05 -3.05371e-05 1.89907e-05 8.99167e-06 -3.81274e-07 -1.04962e-05
1.645 0 0 0 0 1.50347e-05 1.88929e-05 2.27105e-05 2.66901e-05 5.0384e-05 5.12974e-05 5.20352e-05 5.26455e-05 1.20158e-05 1.9085e-06 -7.4644e-06 -1.74712e-05
1.665 0 0 0 0 -9.16564e-06 -5.44521e-06 -1.62793e-06 2.48908e-06 4.50844e-05 4.60774e-05 4.6815e-05 4.73453e-05 4.11668e-06 -6.00988e-06 -1.53832e-05 -2.53717e-05
1.685 0 0 0 0 -1.64592e-05 -1.24713e-05 -8.65402e-06 -4.80432e-06 -3.78246e-05 -3.71858e-05 -3.64484e-05 -3.55642e-05 1.63194e-05 6.3013e-06 -3.07187e-06 -1.31689e-05
1.705 0 0 0 0 -1.20289e-05 -7.93187e-06 -4.11425e-06 -3.73379e-07 -5.7808e-05 -5.72883e-05 -5.65511e-05 -5.55481e-05 2.50579e-05 1.50741e-05 5.70065e-06 -4.4313e-06
1.725 0 0 0 0 -1.75001e-05 -1.3688e-05 -9.87042e-06 -5.84457e-06 6.79094e-06 7.64241e-06 8.3798e-06 9.0511e-06 7.36364e-06 -2.71888e-06 -1.20921e-05 -2.21251e-05
1.745 0 0 0 0 -1.54042e-05 -1.16947e-05 -7.8771e-06 -3.74869e-06 3.29245e-05 3.39203e-05 3.46579e-05 3.5185e-05 -1.32146e-05 -2.3341e-05 -3.27142e-05 -4.27034e-05
1.765 0 0 0 0 7.326e-06 1.13579e-05 1.51754e-05 1.89813e-05 -1.60399e-05 -1.53497e-05 -1.46122e-05 -1.37795e-05 -6.6264e-06 -1.66649e-05 -2.6038e-05 -3.61149e-05
1.785 0 0 0 0 3.74434e-06 7.8825e-06 1.16999e-05 1.53993e-05 -4.85904e-05 -4.80447e-05 -4.73071e-05 -4.63298e-05 2.21474e-06 -7.77969e-06 -1.71529e-05 -2.72739e-05
1.805 0 0 0 0 -5.14119e-05 -4.7671e-05 -4.38536e-05 -3.97567e-05 -4.10314e-05 -4.01972e-05 -3.94597e-05 -3.8771e-05 -2.71266e-05 -3.71966e-05 -4.65697e-05 -5.66152e-05
1.825 0 0 0 0 -3.64207e-05 -3.27054e-05 -2.88876e-05 -2.47646e-05 -5.1921e-06 -4.27601e-06 -3.53853e-06 -2.93181e-06 -1.79791e-05 -2.80773e-05 -3.74506e-05 -4.7468e-05
1.845 0 0 0 0 1.12753e-05 1.53133e-05 1.91311e-05 2.29317e-05 -8.26588e-06 -7.57766e-06 -6.84026e-06 -6.00579e-06 4.77548e-06 -5.26321e-06 -1.46364e-05 -2.47131e-05
1.865 0 0 0 0 5.50273e-05 5.92445e-05 6.30628e-05 6.66851e-05 3.00258e-05 3.06272e-05 3.13646e-05 3.22857e-05 5.40991e-05 4.40771e-05 3.47037e-05 2.46103e-05
1.885 0 0 0 0 4.92947e-05 5.32612e-05 5.70791e-05 6.09516e-05 0.000104989 0.000105829 0.000106567 0.000107249 0.000109388 9.92942e-05 8.99209e-05 7.9899e-05
1.905 0 0 0 0 6.87737e-06 1.05887e-05 1.44051e-05 1.85292e-05 0.000113185 0.000114148 0.000114885 0.000115445 0.000143571 0.000133448 0.000124074 0.000114082
1.925 0 0 0 0 -2.78695e-05 -2.40691e-05 -2.02525e-05 -1.62174e-05 2.44669e-05 2.52052e-05 2.59418e-05 2.67242e-05 0.000126085 0.000116036 0.000106663 9.65954e-05
1.945 0 0 0 0 -6.8325e-06 -2.7789e-06 1.03794e-06 4.82019e-06 -2.35643e-05 -2.30116e-05 -2.22755e-05 -2.13083e-05 7.42695e-05 6.42725e-05 5.48986e-05 4.47789e-05
1.965 0 0 0 0 -2.276e-05 -1.88834e-05 -1.50665e-05 -1.11072e-05 -3.66976e-05 -3.59021e-05 -3.5166e-05 -3.44415e-05 -5.30361e-05 -6.31018e-05 -7.24756e-05 -8.25268e-05
1.985 0 0 0 0 -7.17333e-05 -6.80732e-05 -6.42565e-05 -6.008e-05 -0.000100317 -9.93433e-05 -9.86093e-05 -9.80682e-05 -0.000198588 -0.000208697 -0.000218071 -0.000228082
2.005 0 0 0 0 -7.61668e-05 -7.22438e-05 -6.84295e-05 -6.45223e-05 -0.000197773 -0.000197089 -0.000196356 -0.000195527 -0.000259234 -0.000269253 -0.000278628 -0.000288727
2.025 0 0 0 0 -4.72271e-05 -4.30587e-05 -3.92466e-05 -3.559e-05 -0.000205585 -0.000205115 -0.00020438 -0.000203332 -0.000218592 -0.000228553 -0.000237928 -0.000248086
2.045 0 0 0 0 -5.53773e-05 -5.15327e-05 -4.77208e-05 -4.37408e-05 -0.00010792 -0.000107149 -0.000106413 -0.000105667 -0.000139866 -0.000149917 -0.000159292 -0.00016936
2.065 0 0 0 0 -6.87314e-05 -6.51877e-05 -6.13753e-05 -5.70938e-05 -2.23348e-05 -2.13232e-05 -2.05879e-05 -2.00826e-05 -4.67724e-05 -5.68949e-05 -6.627e-05 -7.6267e-05
2.085 0 0 0 0 1.15424e-05 1.55033e-05 1.93158e-05 2.31802e-05 3.83677e-05 3.9075e-05 3.98098e-05 4.06191e-05 9.82345e-05 8.81861e-05 7.88111e-05 6.87402e-05
2.105 0 0 0 0 9.74001e-05 0.000101706 0.00010552 0.000109042 0.000123584 0.000124107 0.000124842 0.000125834 0.000224865 0.000214853 0.000205478 0.00019537
2.125 0 0 0 0 8.80954e-05 9.205e-05 9.58611e-05 9.97291e-05 0.000215053 0.000215927 0.000216662 0.000217304 0.000265573 0.000255457 0.000246082 0.000236078
2.145 0 0 0 0 5.0909e-05 5.46015e-05 5.84107e-05 6.25366e-05 0.000220497 0.000221549 0.000222285 0.000222751 0.000255975 0.000245812 0.000236437 0.000226479
2.165 0 0 0 0 9.27845e-05 9.69236e-05 0.000100733 0.000104413 0.000171959 0.000172625 0.000173361 0.000174213 0.000269528 0.000259473 0.000250098 0.000240032
2.185 0 0 0 0 0.000105195 0.000109508 0.000113319 0.000116827 0.000136962 0.000137491 0.000138227 0.000139215 0.00023793 0.000227914 0.000218538 0.000208433
2.205 0 0 0 0 3.76146e-05 4.14639e-05 4.52746e-05 4.92458e-05 0.00012299 0.000123891 0.000124627 0.000125243 0.000139149 0.000129036 0.000119661 0.000109653
2.225 0 0 0 0 6.02684e-06 9.75735e-06 1.3568e-05 1.76578e-05 8.21636e-05 8.31425e-05 8.38777e-05 8.44161e-05 6.57254e-05 5.5596e-05 4.62204e-05 3.62293e-05
2.245 0 0 0 0 2.82339e-05 3.23525e-05 3.61628e-05 3.98642e-05 5.84352e-06 6.46335e-06 7.19857e-06 8.09591e-06 3.88068e-05 2.87818e-05 1.94064e-05 9.31124e-06
2.265 0 0 0 0 -1.84827e-05 -1.444e-05 -1.06296e-05 -6.85225e-06 -7.12202e-05 -7.06314e-05 -6.98959e-05 -6.89673e-05 -3.08345e-05 -4.08401e-05 -5.02158e-05 -6.03306e-05
2.285 0 0 0 0 -0.000112517 -0.000108956 -0.000105146 -0.000100886 -0.000128495 -0.000127597 -0.000126862 -0.000126242 -0.000144671 -0.00015475 -0.000164126 -0.000174167
2.305 0 0 0 0 -0.000124698 -0.000121095 -0.000117284 -0.000113063 -0.000182419 -0.000181561 -0.000180825 -0.000180167 -0.000223076 -0.000233139 -0.000242515 -0.000252573
2.325 0 0 0 0 -6.92806e-05 -6.52413e-05 -6.14296e-05 -5.76459e-05 -0.000215161 -0.000214597 -0.000213862 -0.000212909 -0.000248229 -0.000258214 -0.00026759 -0.000277724
2.345 0 0 0 0 -0.000121006 -0.000117187 -0.000113376 -0.000109374 -0.000262367 -0.000261679 -0.000260944 -0.000260115 -0.000322116 -0.000332128 -0.000341504 -0.000351613
2.365 0 0 0 0 -0.000197506 -0.000194071 -0.00019026 -0.000185872 -0.000304326 -0.000303421 -0.000302687 -0.000302077 -0.000385562 -0.000395623 -0.000404998 -0.000415058
2.385 0 0 0 0 -0.00010147 -9.7587e-05 -9.37757e-05 -8.98366e-05 -0.000239299 -0.000238645 -0.00023791 -0.000237049 -0.000288648 -0.000298654 -0.00030803 -0.000318145
2.405 0 0 0 0 5.77968e-05 6.21695e-05 6.59802e-05 6.94287e-05 -4.47172e-05 -4.42113e-05 -4.34766e-05 -4.24669e-05 -7.26775e-05 -8.26729e-05 -9.20485e-05 -0.000102173
2.425 0 0 0 0 3.62748e-05 4.01225e-05 4.39334e-05 4.79073e-05 0.000106899 0.000107838 0.000108573 0.00010915 8.42275e-05 7.41032e-05 6.47271e-05 5.47306e-05
2.445 0 0 0 0 -5.41849e-05 -5.0801e-05 -4.69904e-05 -4.2554e-05 0.00010814 0.00010923 0.000109965 0.00011039 0.00017944 0.000169287 0.000159911 0.000149943
2.465 0 0 0 0 -3.84579e-05 -3.46429e-05 -3.0832e-05 -2.68259e-05 2.82741e-05 2.88729e-05 2.96055e-05 3.05165e-05 0.000225206 0.000215193 0.000205816 0.000195704
2.485 0 0 0 0 5.86266e-05 6.29175e-05 6.67284e-05 7.0259e-05 5.07819e-05 5.11901e-05 5.19221e-05 5.30226e-05 0.000192492 0.000182518 0.000173141 0.000162991
2.505 0 0 0 0 0.000165049 0.000169311 0.000173122 0.000176682 0.000230023 0.000230882 0.000231614 0.000232263 0.000158871 0.000148739 0.000139363 0.00012937
2.525 0 0 0 0 0.00016954 0.00017355 0.000177359 0.000181166 0.000308008 0.00030917 0.000309899 0.000310242 0.000167411 0.000157187 0.000147809 0.000137907
2.545 0 0 0 0 0.000130949 0.000135129 0.000138938 0.000142575 0.000226622 0.000227358 0.000228088 0.000228856 0.00027999 0.000269901 0.000260525 0.000250487
2.565 0 0 0 0 9.31133e-05 9.7389e-05 0.000101199 0.000104741 0.000177136 0.000177524 0.000178254 0.00017937 0.000421666 0.000411687 0.000402309 0.000392161
2.585 0 0 0 0 1.08433e-05 1.45126e-05 1.83227e-05 2.24709e-05 0.000200885 0.000201699 0.000202427 0.000203111 0.000405743 0.000395649 0.000386272 0.000376238
2.605 0 0 0 0 1.38689e-05 1.73752e-05 2.11842e-05 2.54932e-05 0.000214705 0.000215816 0.000216545 0.000216933 0.000275629 0.000265447 0.000256069 0.000246122
2.625 0 0 0 0 0.000104946 0.000109153 0.000112962 0.00011657 0.000131084 0.000131802 0.00013253 0.000133312 0.000120727 0.000110647 0.00010127 9.12199e-05
2.645 0 0 0 0 0.000181463 0.000186213 0.000190024 0.000193091 9.07144e-05 9.11213e-05 9.18491e-05 9.29413e-05 4.68831e-05 3.68829e-05 2.75049e-05 1.73756e-05
2.665 0 0 0 0 5.32853e-05 5.73005e-05 6.11108e-05 6.49127e-05 6.17212e-05 6.25771e-05 6.3305e-05 6.39484e-05 -1.1894e-05 -2.20038e-05 -3.13817e-05 -4.14014e-05
2.685 0 0 0 0 -0.000159627 -0.000156465 -0.000152655 -0.000148 -7.83966e-05 -7.72616e-05 -7.65335e-05 -7.61689e-05 -7.21407e-05 -8.22917e-05 -9.16695e-05 -0.000101648
2.705 0 0 0 0 -0.000230571 -0.000227142 -0.000223331 -0.000218942 -0.000290223 -0.000289615 -0.000288887 -0.000287996 -0.000141523 -0.0001515 -0.000160878 -0.00017103
2.725 0 0 0 0 -0.00021785 -0.00021403 -0.000210223 -0.000206238 -0.000431439 -0.000431115 -0.000430386 -0.000429209 -0.000335997 -0.000345889 -0.000355267 -0.000365505
2.745 0 0 0 0 -0.000186329 -0.000182641 -0.000178834 -0.000174716 -0.000413467 -0.000412695 -0.000411971 -0.000411252 -0.000591557 -0.000601587 -0.000610966 -0.000621066
2.765 0 0 0 0 -0.000101732 -9.79282e-05 -9.41207e-05 -9.01174e-05 -0.000325676 -0.000324678 -0.00032396 -0.000323483 -0.0006747 -0.000684817 -0.000694198 -0.00070422
2.785 0 0 0 0 -4.59276e-05 -4.17482e-05 -3.79416e-05 -3.43155e-05 -0.000289444 -0.0002888 -0.00028808 -0.000287246 -0.000511738 -0.000521761 -0.000531143 -0.000541259
2.805 0 0 0 0 -0.00015821 -0.000154412 -0.000150605 -0.000146598 -0.000309857 -0.000309333 -0.000308613 -0.00030766 -0.000282191 -0.000292159 -0.00030154 -0.000311712
2.825 0 0 0 0 -0.000290429 -0.000287365 -0.000283557 -0.000278813 -0.000286025 -0.000285229 -0.00028451 -0.00028383 -0.000120037 -0.000130063 -0.000139444 -0.000149558
2.845 0 0 0 0 -0.000180353 -0.000177016 -0.000173209 -0.000168738 -0.000145471 -0.000144676 -0.000143957 -0.000143275 -9.58346e-06 -1.96321e-05 -2.90137e-05 -3.91042e-05
2.865 0 0 0 0 8.95591e-05 9.38462e-05 9.76536e-05 0.000101175 6.58106e-05 6.64158e-05 6.71346e-05 6.8005e-05 5.65735e-05 4.65279e-05 3.71467e-05 2.70536e-05
2.885 0 0 0 0 0.000242253 0.000246854 0.000250662 0.000253872 0.000252349 0.000253105 0.000253824 0.000254544 0.000110433 0.000100311 9.09292e-05 8.09124e-05
2.905 0 0 0 0 0.000158978 0.000163043 0.000166852 0.000170597 0.000281889 0.000282916 0.000283635 0.000284083 0.000192938 0.000182749 0.000173367 0.000163417
2.925 0 0 0 0 1.48138e-05 1.85324e-05 2.2341e-05 2.64327e-05 0.000171082 0.000171902 0.000172621 0.000173277 0.000324808 0.000314709 0.000305328 0.000295288
2.945 0 0 0 0 -4.9209e-05 -4.54404e-05 -4.16315e-05 -3.75893e-05 6.60141e-05 6.6496e-05 6.72131e-05 6.82015e-05 0.00038335 0.00037336 0.000363978 0.000353825
2.965 0 0 0 0 -1.77978e-05 -1.40011e-05 -1.01923e-05 -6.17808e-06 7.8793e-05 7.94378e-05 8.01555e-05 8.0982e-05 0.000267661 0.000257618 0.000248236 0.000238137
2.985 0 0 0 0 0.000113261 0.000117314 0.000121123 0.000124881 0.00018219 0.000183126 0.000183843 0.000184379 0.000100706 9.05519e-05 8.11699e-05 7.11822e-05
3.005 0 0 0 0 0.000267679 0.000272321 0.00027613 0.0002793 0.000274574 0.000275388 0.000276105 0.000276762 8.11661e-05 7.10187e-05 6.16367e-05 5.16425e-05
3.025 0 0 0 0 0.000277571 0.000282311 0.000286121 0.000289196 0.000310694 0.000311316 0.000312033 0.00031288 0.000244306 0.000234212 0.000224829 0.000214781
3.045 0 0 0 0 8.58624e-05 8.97534e-05 9.3564e-05 9.74873e-05 0.00027474 0.000275536 0.000276253 0.000276925 0.000434466 0.000424354 0.000414972 0.000404942
3.065 0 0 0 0 -0.0001033 -0.000100139 -9.63299e-05 -9.16821e-05 0.000173846 0.000174768 0.000175481 0.00017602 0.00049544 0.000485325 0.000475942 0.000465914
3.085 0 0 0 0 -0.000110031 -0.0001066 -0.000102791 -9.84121e-05 4.36912e-05 4.43825e-05 4.50969e-05 4.58677e-05 0.000334819 0.000324778 0.000315395 0.000305295
3.105 0 0 0 0 -4.71978e-06 -6.35288e-07 3.17413e-06 6.90044e-06 -5.9614e-05 -5.90568e-05 -5.83418e-05 -5.74361e-05 -2.8303e-05 -3.83207e-05 -4.77039e-05 -5.78292e-05
3.125 0 0 0 0 4.46109e-05 4.88901e-05 5.26988e-05 5.62294e-05 -0.000137571 -0.000136793 -0.000136078 -0.000135394 -0.000415076 -0.000425165 -0.000434548 -0.000444601
3.145 0 0 0 0 -5.17855e-05 -4.77819e-05 -4.39732e-05 -4.01671e-05 -0.000284056 -0.000283148 -0.000282434 -0.000281882 -0.000632933 -0.00064304 -0.000652423 -0.00066246
3.165 0 0 0 0 -0.000229236 -0.00022556 -0.000221751 -0.000217618 -0.000491284 -0.000490642 -0.000489929 -0.00048911 -0.000625476 -0.000635467 -0.00064485 -0.000655002
3.185 0 0 0 0 -0.000322232 -0.000318726 -0.00031492 -0.000310623 -0.000555727 -0.000555335 -0.000554622 -0.000553553 -0.000464575 -0.000474475 -0.000483859 -0.000494102
3.205 0 0 0 0 -0.000292501 -0.000289191 -0.000285386 -0.000280893 -0.000415249 -0.000414613 -0.0004139 -0.000413075 -0.000330143 -0.000340124 -0.000349507 -0.00035967
3.225 0 0 0 0 -6.82339e-05 -6.45212e-05 -6.07152e-05 -5.6625e-05 -0.000105028 -0.000104163 -0.000103449 -0.000102854 -0.000172877 -0.000182973 -0.000192356 -0.000202403
3.245 0 0 0 0 0.000187664 0.000192097 0.000195903 0.000199274 0.000189792 0.000190578 0.000191291 0.000191966 5.13056e-05 4.11795e-05 3.17963e-05 2.17789e-05
3.265 0 0 0 0 0.000250868 0.00025538 0.000259186 0.000262477 0.000346891 0.000347627 0.000348341 0.000349064 0.000313598 0.00030347 0.000294087 0.000284071
3.285 0 0 0 0 0.000129128 0.000133037 0.000136843 0.000140736 0.000371261 0.000372102 0.000372815 0.000373435 0.000545484 0.000535347 0.000525964 0.000515957
3.305 0 0 0 0 4.27912e-05 4.63872e-05 5.0192e-05 5.43963e-05 0.000350682 0.000351486 0.000352199 0.000352857 0.000681997 0.000671886 0.000662502 0.00065247
3.325 0 0 0 0 3.73128e-05 4.10247e-05 4.48294e-05 4.89178e-05 0.000280305 0.000281022 0.000281735 0.000282478 0.00057808 0.000567997 0.000558614 0.000548553
3.345 0 0 0 0 0.000130033 0.000134202 0.000138007 0.000141639 0.000235972 0.000236667 0.00023738 0.000238144 0.00031354 0.00030345 0.000294066 0.000284013
3.365 0 0 0 0 0.000286913 0.00029166 0.000295465 0.000298519 0.000293229 0.000293935 0.000294647 0.0002954 0.000139597 0.000129474 0.00012009 0.000110069
3.385 0 0 0 0 0.000243042 0.000247551 0.000251356 0.000254649 0.000271356 0.000272233 0.000272946 0.000273528 8.22091e-05 7.20432e-05 6.26596e-05 5.26816e-05
3.405 0 0 0 0 -0.000109844 -0.00010646 -0.000102655 -9.82376e-05 -4.03141e-05 -3.93211e-05 -3.86083e-05 -3.81423e-05 -1.56442e-05 -2.57738e-05 -3.51573e-05 -4.51716e-05
3.425 0 0 0 0 -0.000427126 -0.000424297 -0.000420489 -0.000415513 -0.000476698 -0.000476069 -0.000475357 -0.000474528 -0.000211564 -0.000221518 -0.000230902 -0.000241091
3.445 0 0 0 0 -0.000413363 -0.000410007 -0.000406204 -0.000401765 -0.000679086 -0.000678836 -0.000678124 -0.000676916 -0.000496625 -0.000506464 -0.000515849 -0.000526154
3.465 0 0 0 0 -0.000142098 -0.000137983 -0.00013418 -0.000130503 -0.000501211 -0.000500691 -0.000499978 -0.000499038 -0.000750558 -0.000760529 -0.000769912 -0.000780085
3.485 0 0 0 0 3.87942e-05 4.30411e-05 4.68457e-05 5.03936e-05 -0.000253946 -0.000252878 -0.000252178 -0.000251818 -0.000826965 -0.000837141 -0.000846529 -0.000856509
3.505 0 0 0 0 2.26243e-05 2.67787e-05 3.0583e-05 3.42237e-05 -0.000181941 -0.000181014 -0.000180312 -0.000179808 -0.000557902 -0.000568035 -0.000577421 -0.000587443
3.525 0 0 0 0 -4.32226e-05 -3.91113e-05 -3.53071e-05 -3.16232e-05 -0.00012033 -0.000120003 -0.000119299 -0.000118193 2.32656e-05 1.33203e-05 3.93442e-06 -6.27542e-06
3.545 0 0 0 0 -2.40822e-05 -2.03407e-05 -1.65371e-05 -1.24838e-05 0.000181809 0.000182218 0.00018292 0.00018394 0.000626256 0.000616267 0.00060688 0.000596707
3.565 0 0 0 0 0.000116712 0.00012009 0.000123885 0.000128281 0.000609473 0.000610564 0.000611264 0.000611598 0.000969637 0.000959409 0.00095002 0.000940085
3.585 0 0 0 0 0.000407348 0.000411495 0.000415284 0.000418889 0.000913871 0.000914998 0.000915698 0.000915994 0.00108943 0.00107913 0.00106974 0.00105988
3.605 0 0 0 0 0.000717661 0.000723201 0.000726996 0.000729216 0.00107823 0.00107878 0.00107948 0.00108035 0.00117956 0.00116938 0.00115999 0.00115001
3.625 0 0 0 0 0.00079093 0.000796581 0.000800373 0.000802474 0.00121048 0.00121105 0.00121175 0.0012126 0.00132595 0.00131574 0.00130634 0.00129639
3.645 0 0 0 0 0.000556898 0.000561226 0.000565015 0.000568432 0.00121568 0.00121688 0.00121758 0.0012178 0.00145313 0.00144277 0.00143338 0.00142357
3.665 0 0 0 0 0.000261447 0.000264912 0.000268696 0.000272965 0.000947901 0.000949047 0.000949742 0.000950001 0.00142764 0.00141736 0.00140797 0.00139808
3.685 0 0 0 0 8.4319e-05 8.80192e-05 9.1803e-05 9.58374e-05 0.000484457 0.000484936 0.000485629 0.000486549 0.00106058 0.00105053 0.00104113 0.00103101
3.705 0 0 0 0 -0.00010296 -9.93281e-05 -9.5543e-05 -9.1438e-05 -5.09791e-05 -5.04841e-05 -4.97896e-05 -4.8884e-05 0.000193535 0.000183526 0.000174131 0.000163963
3.725 0 0 0 0 -0.000349729 -0.000346587 -0.000342802 -0.000338201 -0.000653483 -0.000652482 -0.000651787 -0.000651387 -0.000969421 -0.000979519 -0.000988913 -0.000998992
3.745 0 0 0 0 -0.00054886 -0.000545543 -0.00054178 -0.000537413 -0.00131318 -0.00131244 -0.00131176 -0.00131113 -0.00196213 -0.00197211 -0.0019815 -0.00199171
3.765 0 0 0 0 -0.000915633 -0.000912601 -0.000908861 -0.000904296 -0.0020692 -0.00206897 -0.00206829 -0.00206717 -0.00271801 -0.00272776 -0.00273716 -0.0027476
3.785 0 0 0 0 -0.00136939 -0.00136749 -0.00136376 -0.00135813 -0.00266886 -0.00266862 -0.00266794 -0.00266683 -0.00322026 -0.00322992 -0.00323932 -0.00324986
3.805 0 0 0 0 -0.00162769 -0.00162663 -0.00162291 -0.00161646 -0.00294732 -0.00294684 -0.00294616 -0.0029453 -0.00348921 -0.00349888 -0.00350829 -0.00351881
3.825 0 0 0 0 -0.00157236 -0.00157104 -0.00156732 -0.00156115 -0.00295531 -0.00295489 -0.00295422 -0.0029533 -0.00358323 -0.0035929 -0.0036023 -0.00361283
3.845 0 0 0 0 -0.00119513 -0.00119256 -0.00118885 -0.00118395 -0.00260502 -0.00260489 -0.00260422 -0.00260303 -0.00335307 -0.00336273 -0.00337213 -0.00338267
3.865 0 0 0 0 -0.000659176 -0.000655492 -0.000651782 -0.000647996 -0.00179878 -0.00179856 -0.00179789 -0.0017968 -0.00259005 -0.00259985 -0.00260926 -0.00261966
3.885 0 0 0 0 -0.000258485 -0.000254792 -0.00025108 -0.000247301 -0.000779326 -0.000778544 -0.000777876 -0.00077735 -0.00133611 -0.00134618 -0.00135559 -0.00136573
3.905 0 0 0 0 1.94547e-05 2.29212e-05 2.66343e-05 3.06408e-05 0.00018187 0.000182829 0.000183495 0.000183844 0.000223779 0.000213585 0.000204174 0.000194167
3.925 0 0 0 0 0.000403646 0.000407695 0.000411411 0.000414843 0.00110239 0.00110293 0.0011036 0.00110436 0.00179926 0.00178909 0.00177968 0.00176964
3.945 0 0 0 0 0.00106189 0.00106715 0.00107082 0.00107292 0.00223494 0.00223532 0.00223595 0.00223679 0.00318217 0.00317188 0.00316246 0.00315253
3.965 0 0 0 0 0.00195514 0.00196183 0.00196545 0.00196591 0.00365526 0.00365615 0.00365678 0.00365708 0.00443398 0.00442332 0.0044139 0.00440431
3.985 0 0 0 0 0.00279529 0.00280319 0.00280675 0.00280568 0.00503916 0.00504051 0.00504113 0.00504094 0.00573386 0.00572288 0.00571344 0.00570418
4.005 0 0 0 0 0.00323433 0.00324265 0.00324615 0.00324436 0.00598559 0.00598682 0.0059874 0.0059872 0.00707682 0.00706574 0.0070563 0.00704711
4.025 0 0 0 0 0.00320175 0.00320937 0.00321281 0.00321156 0.00640247 0.00640338 0.00640389 0.00640377 0.00817935 0.00816827 0.0081588 0.00814955
4.045 0 0 0 0 0.00286457 0.0028708 0.00287422 0.00287433 0.00631182 0.00631278 0.00631324 0.00631287 0.0085256 0.00851449 0.008505 0.00849571
4.065 0 0 0 0 0.00234053 0.00234546 0.00234888 0.00235026 0.00552738 0.00552862 0.00552908 0.00552842 0.0075904 0.00757933 0.00756984 0.00756052
4.085 0 0 0 0 0.00158045 0.00158461 0.00158803 0.00159018 0.00379375 0.00379484 0.00379529 0.00379476 0.0051705 0.00515964 0.00515015 0.00514061
4.105 0 0 0 0 0.00049221 0.00049565 0.00049906 0.000501918 0.00115867 0.00115919 0.00115962 0.00115964 0.00155716 0.00154673 0.00153724 0.00152726
4.125 0 0 0 0 -0.000934003 -0.000931942 -0.000928519 -0.000924231 -0.00199656 -0.00199653 -0.00199608 -0.00199554 -0.0026293 -0.00263924 -0.00264873 -0.0026592
4.145 0 0 0 0 -0.00258255 -0.0025831 -0.00257982 -0.00257341 -0.00525644 -0.0052568 -0.00525648 -0.00525587 -0.00677134 -0.00678084 -0.00679035 -0.00680131
4.165 0 0 0 0 -0.00403472 -0.00403776 -0.0040347 -0.00402687 -0.00810634 -0.00810734 -0.00810711 -0.00810627 -0.0102476 -0.0102567 -0.0102663 -0.0102778
4.185 0 0 0 0 -0.00494045 -0.00494483 -0.00494203 -0.00493394 -0.0100381 -0.0100399 -0.0100398 -0.0100386 -0.0126206 -0.0126293 -0.0126389 -0.0126508
4.205 0 0 0 0 -0.00523684 -0.0052416 -0.00523893 -0.0052309 -0.0107416 -0.0107436 -0.0107436 -0.0107425 -0.0136514 -0.01366 -0.0136696 -0.0136817
4.225 0 0 0 0 -0.00498886 -0.00499349 -0.00499082 -0.00498292 -0.0102381 -0.0102397 -0.0102397 -0.010239 -0.0132034 -0.0132123 -0.0132219 -0.0132337
4.245 0 0 0 0 -0.00422633 -0.00422993 -0.00422725 -0.00422038 -0.00870146 -0.00870292 -0.00870295 -0.00870243 -0.0112366 -0.0112456 -0.0112553 -0.0112669
4.265 0 0 0 0 -0.00304574 -0.00304764 -0.00304496 -0.00303979 -0.00628603 -0.00628754 -0.00628757 -0.00628706 -0.00797424 -0.0079836 -0.00799322 -0.00800461
4.285 0 0 0 0 -0.00170083 -0.00170142 -0.00169875 -0.00169486 -0.00328893 -0.00328991 -0.00328996 -0.00329 -0.00400164 -0.00401149 -0.00402112 -0.00403203
4.305 0 0 0 0 -0.00025912 -0.000258325 -0.000255652 -0.00025307 -0.000103238 -0.000103432 -0.000103462 -0.000104226 0.000109327 9.89173e-05 8.92759e-05 7.89138e-05
4.325 0 0 0 0 0.00140619 0.0014097 0.00141234 0.00141229 0.00304908 0.00304899 0.00304896 0.0030481 0.00406626 0.00405546 0.00404583 0.00403588
4.345 0 0 0 0 0.00292043 0.00292656 0.00292931 0.00292677 0.0058217 0.00582169 0.00582165 0.0058207 0.00742478 0.00741362 0.00740401 0.00739445
4.365 0 0 0 0 0.00394324 0.00395008 0.00395265 0.00394871 0.00791303 0.00791365 0.00791363 0.00791208 0.00991444 0.00990285 0.00989322 0.00988407
4.385 0 0 0 0 0.0045187 0.00452578 0.0045282 0.00452343 0.00915507 0.00915577 0.00915566 0.0091537 0.0115161 0.0115043 0.0114947 0.0114857
4.405 0 0 0 0 0.00460436 0.00461156 0.00461395 0.0046089 0.00938329 0.00938362 0.00938345 0.00938171 0.0120202 0.0120085 0.0119988 0.0119898
4.425 0 0 0 0 0.0040917 0.00409793 0.00410031 0.00409621 0.00854019 0.00854044 0.00854028 0.00853862 0.0111244 0.0111127 0.0111031 0.0110939
4.445 0 0 0 0 0.00318723 0.00319201 0.00319437 0.0031917 0.006794 0.00679424 0.00679407 0.00679239 0.00887957 0.00886813 0.00885848 0.00884909
4.465 0 0 0 0 0.00220856 0.00221262 0.00221498 0.00221304 0.00447369 0.00447344 0.00447326 0.00447204 0.00572317 0.0057121 0.00570242 0.00569265
4.485 0 0 0 0 0.00114747 0.00115083 0.00115317 0.00115191 0.00189363 0.00189283 0.00189264 0.00189194 0.00216656 0.00215591 0.00214624 0.00213604
4.505 0 0 0 0 -1.9126e-05 -1.71635e-05 -1.48153e-05 -1.45547e-05 -0.000594278 -0.000595204 -0.000595388 -0.000595916 -0.00118264 -0.00119298 -0.00120266 -0.00121317
4.525 0 0 0 0 -0.00119657 -0.00119647 -0.00119415 -0.00119204 -0.00277635 -0.0027774 -0.00277758 -0.00277799 -0.00386557 -0.0038756 -0.00388527 -0.00389608
4.545 0 0 0 0 -0.00209188 -0.00209315 -0.00209081 -0.00208734 -0.00438652 -0.00438799 -0.00438821 -0.0043882 -0.00560557 -0.00561527 -0.00562492 -0.00563604
4.565 0 0 0 0 -0.00244489 -0.00244649 -0.0024441 -0.00244029 -0.00508003 -0.00508188 -0.00508209 -0.00508171 -0.00631861 -0.00632813 -0.00633779 -0.0063491
4.585 0 0 0 0 -0.00227845 -0.00227993 -0.00227754 -0.00227386 -0.00477193 -0.00477349 -0.0047737 -0.00477362 -0.00608824 -0.00609788 -0.00610754 -0.00611872
4.605 0 0 0 0 -0.00183289 -0.00183413 -0.00183175 -0.00182833 -0.00381178 -0.00381272 -0.00381293 -0.00381347 -0.00507825 -0.00508818 -0.00509784 -0.00510874
4.625 0 0 0 0 -0.00143486 -0.00143594 -0.00143358 -0.00143031 -0.00278775 -0.00278846 -0.00278867 -0.00278945 -0.00363165 -0.00364175 -0.00365141 -0.00366214
4.645 0 0 0 0 -0.00113546 -0.00113632 -0.00113396 -0.0011309 -0.00192877 -0.00192972 -0.00192993 -0.00193047 -0.0021167 -0.0021268 -0.00213647 -0.0021472
4.665 0 0 0 0 -0.000759957 -0.000760323 -0.000757955 -0.000755389 -0.00107669 -0.00107776 -0.00107796 -0.00107837 -0.000825217 -0.000835374 -0.000845046 -0.000855731
4.685 0 0 0 0 -0.000193405 -0.000192852 -0.000190484 -0.000188816 -0.000109714 -0.000110475 -0.000110674 -0.00011138 0.000132868 0.000122494 0.000112822 0.000102351
4.705 0 0 0 0 0.00042615 0.000427877 0.00043027 0.000430854 0.00079724 0.000796826 0.000796625 0.000795574 0.000833295 0.000822686 0.000813015 0.00080278
4.725 0 0 0 0 0.000771009 0.000773396 0.000775746 0.000775575 0.00132538 0.00132501 0.00132481 0.00132372 0.00135829 0.00134759 0.00133791 0.00132777
4.745 0 0 0 0 0.000526978 0.000528524 0.000530865 0.000531521 0.00118834 0.00118796 0.00118776 0.00118669 0.00151606 0.00150542 0.00149574 0.00148555
4.765 0 0 0 0 -0.000126483 -0.000126587 -0.00012424 -0.000121915 0.000420215 0.000419747 0.000419552 0.00041856 0.00105753 0.00104705 0.00103738 0.00102702
4.785 0 0 0 0 -0.00048738 -0.000487527 -0.000485147 -0.000482723 -0.000417296 -0.000418306 -0.000418498 -0.000418949 0.000127096 0.000116856 0.000107183 9.65764e-05
4.805 0 0 0 0 -0.0004236 -0.00042262 -0.000420239 -0.000418935 -0.000944102 -0.000945354 -0.000945548 -0.00094575 -0.00105864 -0.0010688 -0.00107847 -0.00108916
4.825 0 0 0 0 -0.000370515 -0.000369162 -0.000366779 -0.000365872 -0.00126834 -0.00126906 -0.00126926 -0.00127 -0.00217815 -0.00218848 -0.00219815 -0.00220867
4.845 0 0 0 0 -0.000558404 -0.000557463 -0.000555087 -0.000553769 -0.00163076 -0.00163127 -0.00163146 -0.00163243 -0.00276172 -0.00277206 -0.00278173 -0.00279222
4.865 0 0 0 0 -0.000750363 -0.000749537 -0.000747173 -0.000745763 -0.00184668 -0.00184796 -0.00184815 -0.00184835 -0.00248566 -0.00249574 -0.00250541 -0.00251618
4.885 0 0 0 0 -0.000713412 -0.000712697 -0.000710333 -0.000708808 -0.00148843 -0.0014901 -0.00149029 -0.0014901 -0.00153398 -0.00154396 -0.00155363 -0.00156449
4.905 0 0 0 0 -0.000510403 -0.000510482 -0.000508112 -0.000505779 -0.000638388 -0.000639105 -0.000639297 -0.000640045 -0.000484162 -0.00049448 -0.000504154 -0.000514683
4.925 0 0 0 0 -6.83672e-05 -6.82187e-05 -6.58629e-05 -6.37945e-05 0.000278737 0.000278672 0.000278479 0.000277085 0.000417664 0.000407053 0.000397382 0.000387149
4.945 0 0 0 0 0.000738375 0.000741059 0.000743443 0.000743021 0.00119799 0.00119711 0.00119692 0.00119633 0.00140094 0.0013904 0.00138073 0.00137042
4.965 0 0 0 0 0.00164733 0.00165249 0.00165485 0.0016519 0.00241622 0.00241483 0.00241463 0.00241457 0.00271181 0.00270124 0.00269157 0.00268131
4.985 0 0 0 0 0.00216027 0.00216506 0.0021674 0.00216478 0.00379793 0.0037977 0.00379751 0.00379627 0.004266 0.00425495 0.00424528 0.00423549
5.005 0 0 0 0 0.0022455 0.00224887 0.00225124 0.00225006 0.00476072 0.00476142 0.00476123 0.00475906 0.00580264 0.00579129 0.00578162 0.00577215
5.025 0 0 0 0 0.00224218 0.00224563 0.00224799 0.00224674 0.00503818 0.00503801 0.00503782 0.00503656 0.00690069 0.00688958 0.00687991 0.00687019
5.045 0 0 0 0 0.00232706 0.00233139 0.00233377 0.00233164 0.0049968 0.00499574 0.00499555 0.00499517 0.00711231 0.00710146 0.0070918 0.00708183
5.065 0 0 0 0 0.00236907 0.00237333 0.00237571 0.00237367 0.00486492 0.00486467 0.00486448 0.00486328 0.00630343 0.00629233 0.00628267 0.00627294
5.085 0 0 0 0 0.00217059 0.00217437 0.00217675 0.00217519 0.00425113 0.00425179 0.00425159 0.00424946 0.00480686 0.00479554 0.00478587 0.00477636
5.105 0 0 0 0 0.00144224 0.00144547 0.00144784 0.00144682 0.00265515 0.00265514 0.00265494 0.00265347 0.00291543 0.00290447 0.00289481 0.00288492
5.125 0 0 0 0 -6.2877e-05 -6.19818e-05 -5.96239e-05 -5.8275e-05 8.72787e-05 8.63079e-05 8.61173e-05 8.56127e-05 0.000450911 0.000440573 0.000430905 0.000420402
5.145 0 0 0 0 -0.00189864 -0.00190146 -0.00189914 -0.00189415 -0.00286229 -0.0028633 -0.00286349 -0.0028639 -0.00273118 -0.0027411 -0.00275078 -0.00276171
5.165 0 0 0 0 -0.00330733 -0.00331221 -0.00330982 -0.00330277 -0.00566498 -0.00566603 -0.00566624 -0.00566667 -0.00642957 -0.00643915 -0.00644881 -0.00646004
5.185 0 0 0 0 -0.004093 -0.00409755 -0.00409516 -0.0040885 -0.0081007 -0.00810233 -0.00810251 -0.00810229 -0.0101534 -0.0101626 -0.0101723 -0.0101839
5.205 0 0 0 0 -0.00455332 -0.0045571 -0.00455475 -0.00454895 -0.00990773 -0.00990993 -0.00991011 -0.00990936 -0.0131016 -0.0131105 -0.0131202 -0.0131321
5.225 0 0 0 0 -0.00485212 -0.00485599 -0.00485369 -0.00484789 -0.010711 -0.0107136 -0.0107139 -0.0107133 -0.0143691 -0.014378 -0.0143877 -0.0143997
5.245 0 0 0 0 -0.00486897 -0.00487354 -0.00487122 -0.00486472 -0.0103209 -0.0103233 -0.0103237 -0.0103232 -0.0135274 -0.0135363 -0.013546 -0.013558
5.265 0 0 0 0 -0.00438596 -0.00439068 -0.00438835 -0.00438167 -0.00873976 -0.00874207 -0.00874241 -0.00874208 -0.0108768 -0.0108859 -0.0108956 -0.0109075
5.285 0 0 0 0 -0.00332261 -0.00332657 -0.00332423 -0.00331831 -0.00616883 -0.00617078 -0.00617112 -0.00617118 -0.00722998 -0.00723943 -0.00724914 -0.00726067
5.305 0 0 0 0 -0.00149589 -0.00149715 -0.00149482 -0.00149158 -0.00270572 -0.00270721 -0.00270755 -0.0027081 -0.00305918 -0.0030692 -0.00307891 -0.0030899
5.325 0 0 0 0 0.000969067 0.000972307 0.000974661 0.000973621 0.0014716 0.00147054 0.00147021 0.00146933 0.00157239 0.00156172 0.00155199 0.00154164
5.345 0 0 0 0 0.00335839 0.0033654 0.00336777 0.00336293 0.00581206 0.00581162 0.00581125 0.0058097 0.00654488 0.00653352 0.00652383 0.00651424
5.365 0 0 0 0 0.00489787 0.00490591 0.00490829 0.00490233 0.00943939 0.00943997 0.00943969 0.00943723 0.011346 0.0113339 0.0113242 0.0113153
5.385 0 0 0 0 0.0053895 0.00539538 0.00539717 0.00539214 0.0115608 0.0115618 0.0115612 0.0115576 0.0150082 0.0149957 0.014986 0.0149774
5.405 0 0 0 0 0.00522082 0.00522503 0.00522669 0.00522307 0.012001 0.0120017 0.012001 0.0119971 0.0164829 0.0164704 0.0164606 0.0164518
5.425 0 0 0 0 0.00498846 0.00499308 0.00499484 0.0049909 0.0112223 0.0112224 0.0112218 0.0112183 0.0153818 0.0153694 0.0153597 0.0153506
5.445 0 0 0 0 0.0049704 0.00497721 0.00497906 0.00497304 0.00981871 0.0098183 0.00981759 0.00981449 0.0123815 0.0123693 0.0123594 0.0123502
5.465 0 0 0 0 0.00456597 0.00457392 0.00457579 0.00456858 0.00782487 0.00782429 0.00782349 0.00782042 0.00858291 0.00857082 0.00856098 0.00855159
5.485 0 0 0 0 0.00279159 0.00279639 0.00279826 0.00279412 0.00463089 0.00463044 0.0046296 0.00462633 0.0045548 0.00454301 0.00453314 0.00452342
5.505 0 0 0 0 9.11964e-05 9.09393e-05 9.28144e-05 9.37256e-05 0.000453906 0.000452439 0.000451633 0.000449393 0.00066442 0.000653499 0.000643619 0.00063302
5.525 0 0 0 0 -0.0021238 -0.00212712 -0.00212526 -0.00212135 -0.00341628 -0.00341956 -0.00342038 -0.00342069 -0.00297904 -0.0029889 -0.00299877 -0.0030104
5.545 0 0 0 0 -0.00320467 -0.0032088 -0.00320681 -0.00320194 -0.00594103 -0.00594464 -0.00594549 -0.00594549 -0.0065271 -0.00653661 -0.00654645 -0.0065584
5.565 0 0 0 0 -0.00361856 -0.00362315 -0.00362118 -0.00361589 -0.00740422 -0.0074063 -0.00740705 -0.00740847 -0.00984482 -0.00985466 -0.00986451 -0.00987613
5.585 0 0 0 0 -0.00399725 -0.00400187 -0.00399991 -0.00399469 -0.00869281 -0.00869463 -0.00869542 -0.00869718 -0.0122267 -0.0122365 -0.0122463 -0.0122579
5.605 0 0 0 0 -0.00449679 -0.00450108 -0.00449915 -0.00449429 -0.00983187 -0.00983538 -0.00983619 -0.00983626 -0.0129869 -0.012996 -0.0130059 -0.0130181
5.625 0 0 0 0 -0.00495755 -0.00496309 -0.00496114 -0.00495502 -0.0100527 -0.010057 -0.0100578 -0.0100571 -0.012228 -0.0122369 -0.0122467 -0.0122592
5.645 0 0 0 0 -0.00500416 -0.005012 -0.00501001 -0.0050015 -0.00904944 -0.00905219 -0.00905301 -0.00905388 -0.0106331 -0.0106424 -0.0106523 -0.0106643
5.665 0 0 0 0 -0.0040052 -0.00401199 -0.00401002 -0.0040026 -0.00709109 -0.00709303 -0.00709384 -0.00709553 -0.00849016 -0.00849998 -0.00850983 -0.00852148
5.685 0 0 0 0 -0.00177035 -0.00177112 -0.00176919 -0.00176782 -0.00416007 -0.00416322 -0.00416404 -0.00416455 -0.00544243 -0.00545237 -0.00546223 -0.00547375
5.705 0 0 0 0 0.00058388 0.000587878 0.000589863 0.000586769 -0.000395832 -0.000398832 -0.000399672 -0.000400362 -0.0014298 -0.00144032 -0.00145018 -0.00146115
5.725 0 0 0 0 0.00180455 0.00180738 0.00180923 0.00180723 0.00316425 0.00316402 0.00316324 0.00315998 0.00300812 0.00299651 0.00298665 0.00297675
5.745 0 0 0 0 0.0019309 0.00193057 0.00193242 0.00193355 0.00524284 0.00524386 0.00524309 0.00523857 0.00693938 0.00692738 0.00691754 0.00690807
5.765 0 0 0 0 0.00196453 0.00196449 0.0019663 0.0019671 0.00584893 0.0058479 0.00584714 0.00584462 0.00932947 0.00931806 0.00930822 0.00929819
5.785 0 0 0 0 0.00244689 0.00244934 0.00245119 0.00244956 0.00603048 0.00602822 0.00602747 0.00602619 0.009451 0.00943985 0.00943001 0.0094197
5.805 0 0 0 0 0.00292178 0.00292532 0.0029272 0.00292452 0.00599413 0.00599378 0.005993 0.0059898 0.00743809 0.00742628 0.00741645 0.00740679
5.825 0 0 0 0 0.00287502 0.00287923 0.00288114 0.00287779 0.00496687 0.00496761 0.0049668 0.00496244 0.00458146 0.00456931 0.00455947 0.00455013
5.845 0 0 0 0 0.00207994 0.00208509 0.002087 0.00208264 0.00275566 0.00275405 0.00275324 0.00275127 0.00221939 0.00220814 0.00219828 0.00218806
5.865 0 0 0 0 0.000734816 0.000738366 0.000740298 0.000737546 0.000544665 0.00054106 0.000540228 0.000540246 0.00080278 0.000792415 0.000782557 0.000771436
5.885 0 0 0 0 -6.15481e-05 -6.09281e-05 -5.9041e-05 -5.89142e-05 -6.95583e-05 -7.23626e-05 -7.31761e-05 -7.39547e-05 0.000490301 0.00047986 0.000470005 0.000458963
5.905 0 0 0 0 0.000365502 0.000365747 0.000367652 0.000368219 0.000934095 0.000932867 0.000932066 0.000929736 0.00113378 0.00112276 0.0011129 0.00110242
5.925 0 0 0 0 0.00159009 0.00159332 0.0015952 0.00159278 0.00254325 0.00254196 0.00254116 0.00253891 0.00251576 0.0025045 0.00249465 0.0024844
5.945 0 0 0 0 0.002599 0.00260466 0.00260655 0.00260172 0.00407787 0.00407603 0.00407523 0.00407353 0.00440175 0.00439045 0.00438061 0.00437042
5.965 0 0 0 0 0.00272463 0.00272878 0.00273069 0.0027274 0.00519881 0.00519785 0.00519705 0.00519446 0.00630451 0.00629293 0.00628309 0.00627321
5.985 0 0 0 0 0.00253389 0.00253582 0.00253769 0.00253659 0.00588821 0.00588802 0.00588726 0.00588393 0.00788082 0.00786904 0.00785921 0.00784952
6.005 0 0 0 0 0.00264044 0.0026428 0.00264465 0.00264311 0.00615407 0.00615323 0.00615247 0.00614979 0.00863169 0.00862009 0.00861025 0.0086004
6.025 0 0 0 0 0.00286675 0.00287053 0.00287239 0.00286944 0.00601266 0.00601135 0.00601058 0.00600836 0.00809883 0.00808731 0.00807748 0.00806752
6.045 0 0 0 0 0.00265961 0.00266319 0.00266508 0.00266233 0.00524363 0.00524307 0.00524228 0.00523928 0.00631658 0.00630489 0.00629505 0.00628527
6.065 0 0 0 0 0.00178282 0.00178506 0.00178696 0.00178555 0.0034721 0.00347176 0.00347095 0.00346768 0.00378854 0.00377697 0.00376712 0.00375722
6.085 0 0 0 0 0.00021608 0.000216375 0.00021831 0.000218827 0.000581271 0.000579715 0.000578911 0.000576838 0.000760179 0.000749283 0.000739419 0.000728819
6.105 0 0 0 0 -0.00193355 -0.00193681 -0.00193487 -0.00193089 -0.00308354 -0.00308597 -0.00308679 -0.00308795 -0.00303808 -0.00304824 -0.0030581 -0.00306943
6.125 0 0 0 0 -0.00423731 -0.00424486 -0.00424283 -0.00423453 -0.0070794 -0.00708171 -0.00708257 -0.00708389 -0.00784872 -0.00785841 -0.00786823 -0.00787999
6.145 0 0 0 0 -0.0058488 -0.00585773 -0.00585566 -0.00584606 -0.0108096 -0.0108124 -0.0108132 -0.010814 -0.013044 -0.0130531 -0.013063 -0.0130753
6.165 0 0 0 0 -0.00620417 -0.0062098 -0.00620872 -0.00620328 -0.0132221 -0.013227 -0.0132277 -0.0132263 -0.0170729 -0.0170814 -0.0170912 -0.0171042
6.185 0 0 0 0 -0.00565219 -0.00565422 -0.00565379 -0.00565279 -0.0135547 -0.0135609 -0.0135615 -0.0135589 -0.0184606 -0.018469 -0.0184789 -0.0184922
6.205 0 0 0 0 -0.0048985 -0.00490042 -0.00489981 -0.00489885 -0.0118546 -0.0118598 -0.0118606 -0.0118593 -0.0165277 -0.0165366 -0.0165465 -0.0165594
6.225 0 0 0 0 -0.00452784 -0.00453324 -0.00453227 -0.00452761 -0.00917958 -0.0091828 -0.00918378 -0.00918499 -0.0120757 -0.0120854 -0.0120954 -0.0121076
6.245 0 0 0 0 -0.00418676 -0.00419509 -0.00419385 -0.00418618 -0.00649741 -0.00650007 -0.00650123 -0.00650348 -0.00682451 -0.00683454 -0.00684454 -0.00685645
6.265 0 0 0 0 -0.00297781 -0.00298477 -0.00298343 -0.00297725 -0.0037363 -0.00373964 -0.0037408 -0.00374229 -0.00235971 -0.00236978 -0.0023798 -0.00239167
6.285 0 0 0 0 -0.000379435 -0.000380482 -0.000379064 -0.000378792 -0.00012969 -0.000133261 -0.000134398 -0.000135783 0.000985521 0.00097493 0.000964879 0.000953495
6.305 0 0 0 0 0.00280946 0.00281476 0.00281603 0.00280961 0.0041924 0.00419047 0.00418927 0.00418616 0.00395941 0.00394772 0.00393773 0.00392753
6.325 0 0 0 0 0.00490192 0.00491004 0.00491135 0.00490231 0.00780166 0.00780152 0.00780033 0.0077954 0.00732014 0.00730747 0.0072975 0.00728831
6.345 0 0 0 0 0.00501379 0.00502007 0.00502157 0.00501461 0.00945576 0.00945565 0.00945451 0.00944958 0.0109197 0.010907 0.0108971 0.0108879
6.365 0 0 0 0 0.00395041 0.00395278 0.00395426 0.00395114 0.00944893 0.00944759 0.00944644 0.00944269 0.0136157 0.0136036 0.0135936 0.0135839
6.385 0 0 0 0 0.00305489 0.00305454 0.00305596 0.0030554 0.00874542 0.00874361 0.0087424 0.00873897 0.0138525 0.0138406 0.0138306 0.0138204
6.405 0 0 0 0 0.0029515 0.00295186 0.00295328 0.00295201 0.00763024 0.00762933 0.00762811 0.00762379 0.0110383 0.0110261 0.0110161 0.0110061
6.425 0 0 0 0 0.00304163 0.00304531 0.00304677 0.00304221 0.00557506 0.00557411 0.00557283 0.00556843 0.00610441 0.0060922 0.0060822 0.0060723
6.445 0 0 0 0 0.00205676 0.0020616 0.002063 0.00205711 0.00212352 0.00212172 0.00212055 0.0021175 0.000677836 0.000666176 0.000656113 0.000645615
6.465 0 0 0 0 -0.000570795 -0.00056941 -0.000567998 -0.00056979 -0.00239798 -0.00240099 -0.00240214 -0.00240388 -0.00410562 -0.00411638 -0.00412641 -0.0041378
6.485 0 0 0 0 -0.00398697 -0.00399288 -0.00399173 -0.00398632 -0.00714324 -0.00714681 -0.00714787 -0.00714883 -0.00818009 -0.00818995 -0.00819998 -0.00821227
6.505 0 0 0 0 -0.00653459 -0.00654453 -0.00654336 -0.00653324 -0.011083 -0.0110874 -0.0110885 -0.0110885 -0.0119873 -0.0119963 -0.0120063 -0.0120193
6.525 0 0 0 0 -0.0071452 -0.00715435 -0.00715378 -0.0071455 -0.0132626 -0.0132679 -0.0132687 -0.0132675 -0.0154443 -0.0154529 -0.0154628 -0.0154763
6.545 0 0 0 0 -0.00620128 -0.00620628 -0.00620568 -0.0062017 -0.013399 -0.0134041 -0.0134048 -0.0134036 -0.0176329 -0.0176418 -0.0176517 -0.017665
6.565 0 0 0 0 -0.00479478 -0.00479638 -0.00479571 -0.00479523 -0.0119212 -0.0119257 -0.0119265 -0.011926 -0.017222 -0.0172313 -0.0172412 -0.0172539
6.585 0 0 0 0 -0.00364506 -0.00364583 -0.00364485 -0.00364497 -0.00926045 -0.00926466 -0.00926553 -0.00926557 -0.0134381 -0.013448 -0.013458 -0.0134705
6.605 0 0 0 0 -0.00255505 -0.00255709 -0.00255583 -0.00255452 -0.00542636 -0.00543047 -0.00543164 -0.00543247 -0.00681085 -0.00682093 -0.0068309 -0.006843
6.625 0 0 0 0 -0.000807063 -0.00080954 -0.000807962 -0.000805853 -0.000348472 -0.000351624 -0.000352849 -0.00035482 0.00102342 0.00101259 0.00100241 0.000990848
6.645 0 0 0 0 0.00192116 0.00192064 0.00192184 0.00192131 0.00541659 0.00541493 0.00541365 0.00540999 0.00823572 0.00822397 0.00821401 0.00820363
6.665 0 0 0 0 0.00515427 0.00515935 0.00516074 0.0051549 0.0108121 0.0108117 0.0108105 0.0108057 0.013855 0.0138422 0.0138322 0.0138228
6.685 0 0 0 0 0.00783889 0.00784786 0.00784801 0.00783794 0.0148127 0.0148131 0.0148122 0.0148072 0.0178119 0.0177984 0.0177883 0.0177796
6.705 0 0 0 0 0.00931565 0.0093275 0.00932719 0.00931572 0.0169181 0.0169184 0.0169175 0.0169131 0.0203231 0.0203095 0.0202998 0.0202913
6.725 0 0 0 0 0.00942703 0.00943902 0.00943848 0.0094271 0.0172611 0.0172609 0.0172601 0.0172565 0.0213077 0.0212942 0.0212843 0.0212755
6.745 0 0 0 0 0.00851579 0.00852498 0.00852448 0.0085157 0.0163309 0.0163311 0.0163302 0.0163259 0.0206129 0.0205996 0.0205897 0.0205811
6.765 0 0 0 0 0.0070659 0.00707183 0.00707159 0.00706577 0.0141733 0.0141741 0.0141731 0.0141681 0.0180419 0.0180285 0.0180186 0.0180097
6.785 0 0 0 0 0.00531558 0.00531974 0.00531988 0.00531523 0.0106269 0.0106266 0.0106255 0.010621 0.0135595 0.0135467 0.0135368 0.0135273
6.805 0 0 0 0 0.00336207 0.00336541 0.00336612 0.00336161 0.00613721 0.00613489 0.00613362 0.00613064 0.00769472 0.00768281 0.00767271 0.00766229
6.825 0 0 0 0 0.00120865 0.00121023 0.00121144 0.00120822 0.00148993 0.00148677 0.00148541 0.00148308 0.00139892 0.00138763 0.00137748 0.0013664
6.845 0 0 0 0 -0.00109996 -0.0011014 -0.00110066 -0.00110244 -0.00287587 -0.00287883 -0.00288012 -0.00288233 -0.0043628 -0.00437365 -0.00438375 -0.0043952
6.865 0 0 0 0 -0.00347661 -0.00348198 -0.00348132 -0.00347924 -0.0070389 -0.00704217 -0.00704327 -0.00704478 -0.0091781 -0.00918823 -0.00919821 -0.00921025
6.885 0 0 0 0 -0.00569678 -0.00570517 -0.00570463 -0.00569945 -0.0108725 -0.010877 -0.010878 -0.010878 -0.0131517 -0.0131611 -0.0131712 -0.0131841
6.905 0 0 0 0 -0.00731858 -0.0073293 -0.00732913 -0.00732211 -0.0137941 -0.0137994 -0.0138004 -0.0137996 -0.0164292 -0.0164379 -0.0164478 -0.0164612
6.925 0 0 0 0 -0.00784187 -0.00785225 -0.00785273 -0.00784581 -0.0151393 -0.0151442 -0.0151451 -0.0151441 -0.0186284 -0.018637 -0.018647 -0.0186606
6.945 0 0 0 0 -0.00713471 -0.00714303 -0.00714366 -0.00713898 -0.0146314 -0.0146361 -0.014637 -0.0146363 -0.018918 -0.0189269 -0.0189368 -0.01895
6.965 0 0 0 0 -0.00567504 -0.00568043 -0.00568089 -0.00567926 -0.0124916 -0.0124964 -0.0124973 -0.0124966 -0.0167255 -0.0167346 -0.0167446 -0.0167576
6.985 0 0 0 0 -0.00415121 -0.00415555 -0.00415557 -0.00415498 -0.00914579 -0.00915011 -0.00915111 -0.00915133 -0.0122035 -0.0122132 -0.0122233 -0.0122359
7.005 0 0 0 0 -0.00266042 -0.0026655 -0.00266505 -0.00266378 -0.00500417 -0.00500741 -0.0050087 -0.00501071 -0.00612824 -0.00613863 -0.00614865 -0.00616051
7.025 0 0 0 0 -0.000761722 -0.000765374 -0.000764461 -0.000763385 -0.000417872 -0.000420401 -0.000421702 -0.000424469 0.000401432 0.000390348 0.000380128 0.00036877
7.045 0 0 0 0 0.00171386 0.00171288 0.00171352 0.00171286 0.00425881 0.00425671 0.0042553 0.00425195 0.00629436 0.00628273 0.00627267 0.00626203
7.065 0 0 0 0 0.00431569 0.00431885 0.0043191 0.00431474 0.00853507 0.00853406 0.00853289 0.00852899 0.0108775 0.0108651 0.0108551 0.0108452
7.085 0 0 0 0 0.00642072 0.00642756 0.00642755 0.00641998 0.0117841 0.011784 0.011783 0.0117786 0.0140912 0.0140782 0.0140682 0.0140589
7.105 0 0 0 0 0.00740123 0.00740966 0.00740939 0.00740031 0.0134293 0.0134293 0.0134283 0.0134239 0.0160075 0.0159943 0.0159844 0.0159755
7.125 0 0 0 0 0.00695082 0.00695771 0.00695744 0.00694981 0.0132008 0.0132007 0.0131998 0.0131954 0.0163808 0.0163676 0.0163576 0.0163485
7.145 0 0 0 0 0.00540809 0.00541138 0.00541127 0.00540685 0.0112435 0.0112433 0.0112422 0.0112377 0.0147823 0.0147695 0.0147596 0.0147502
7.165 0 0 0 0 0.00356226 0.0035627 0.00356298 0.00356092 0.00803703 0.0080362 0.00803504 0.00803088 0.0110793 0.011067 0.0110569 0.011047
7.185 0 0 0 0 0.00191506 0.00191481 0.0019156 0.00191378 0.00414662 0.00414452 0.00414321 0.00413987 0.00568563 0.00567392 0.00566379 0.00565316
7.205 0 0 0 0 0.000250405 0.000250347 0.000251497 0.000249637 -8.15573e-05 -8.42764e-05 -8.56054e-05 -8.81946e-05 -0.000552749 -0.000563947 -0.000574111 -0.000585291
7.225 0 0 0 0 -0.00186178 -0.0018641 -0.00186359 -0.00186456 -0.00454002 -0.00454306 -0.00454442 -0.00454648 -0.00663703 -0.00664766 -0.00665774 -0.00666939
7.245 0 0 0 0 -0.0044047 -0.00441059 -0.0044106 -0.0044082 -0.00904229 -0.00904592 -0.00904707 -0.00904806 -0.0118087 -0.0118185 -0.0118285 -0.0118409
7.265 0 0 0 0 -0.00679719 -0.00680659 -0.00680695 -0.00680103 -0.0129705 -0.0129751 -0.012976 -0.0129756 -0.0157668 -0.0157758 -0.0157857 -0.015799
7.285 0 0 0 0 -0.00818175 -0.0081926 -0.00819308 -0.00818533 -0.0153969 -0.0154022 -0.015403 -0.0154016 -0.0183898 -0.0183983 -0.0184082 -0.0184219
7.305 0 0 0 0 -0.00813617 -0.00814632 -0.00814706 -0.00813996 -0.0157329 -0.0157378 -0.0157386 -0.0157375 -0.0194119 -0.0194204 -0.0194303 -0.0194439
7.325 0 0 0 0 -0.00695922 -0.00696709 -0.00696765 -0.00696288 -0.0141932 -0.0141974 -0.0141983 -0.0141979 -0.0184437 -0.0184528 -0.0184628 -0.018476
7.345 0 0 0 0 -0.00530848 -0.00531397 -0.00531431 -0.00531221 -0.0113913 -0.0113954 -0.0113964 -0.0113966 -0.0152509 -0.0152603 -0.0152701 -0.0152828
7.365 0 0 0 0 -0.00364584 -0.00365009 -0.00364994 -0.00364921 -0.00773085 -0.00773487 -0.00773597 -0.00773671 -0.0100918 -0.0101018 -0.0101119 -0.0101243
7.385 0 0 0 0 -0.0018062 -0.00180992 -0.00180928 -0.00180918 -0.00325846 -0.00326192 -0.00326332 -0.00326533 -0.00366449 -0.00367502 -0.00368507 -0.00369679
7.405 0 0 0 0 0.000603893 0.000602177 0.000603274 0.000603221 0.00189577 0.00189329 0.00189206 0.00188925 0.00311284 0.00310146 0.00309126 0.00308022
7.425 0 0 0 0 0.00355794 0.00355957 0.00355994 0.00355652 0.00726238 0.00726123 0.00726014 0.00725635 0.00943683 0.00942459 0.00941453 0.00940447
7.445 0 0 0 0 0.0065104 0.00651692 0.00651665 0.00650886 0.0121101 0.0121097 0.0121085 0.0121043 0.0148033 0.0147904 0.0147804 0.0147712
7.465 0 0 0 0 0.00882305 0.00883355 0.00883282 0.00882142 0.0159005 0.0159005 0.0158995 0.0158952 0.0190947 0.0190812 0.0190714 0.0190627
7.485 0 0 0 0 0.0098946 0.00990627 0.00990522 0.00989438 0.0181503 0.0181513 0.0181505 0.0181458 0.0220308 0.0220169 0.022007 0.0219987
7.505 0 0 0 0 0.00963441 0.00964315 0.00964162 0.00963364 0.0185422 0.0185446 0.0185438 0.0185377 0.0231009 0.0230869 0.0230774 0.0230696
7.525 0 0 0 0 0.00857061 0.00857669 0.00857543 0.00856978 0.0172144 0.0172171 0.0172164 0.0172102 0.0219776 0.0219636 0.0219537 0.0219455
7.545 0 0 0 0 0.00727729 0.00728246 0.00728146 0.00727593 0.0145235 0.0145247 0.0145237 0.0145184 0.0186499 0.0186367 0.018627 0.0186183
7.565 0 0 0 0 0.00567447 0.00567904 0.00567866 0.00567282 0.0107265 0.0107261 0.010725 0.0107207 0.0133627 0.0133498 0.0133397 0.0133302
7.585 0 0 0 0 0.00341037 0.00341273 0.00341299 0.00340813 0.00595486 0.00595325 0.00595183 0.00594773 0.00678534 0.00677317 0.00676316 0.00675305
7.605 0 0 0 0 0.000589874 0.000589285 0.000590219 0.000587998 0.000545213 0.000542623 0.000541125 0.000537862 -1.06324e-05 -2.21398e-05 -3.24282e-05 -4.34675e-05
7.625 0 0 0 0 -0.00238651 -0.00239069 -0.00239066 -0.00239072 -0.0049077 -0.00491166 -0.00491327 -0.0049152 -0.00625064 -0.00626102 -0.00627106 -0.00628294
7.645 0 0 0 0 -0.0051091 -0.00511674 -0.00511709 -0.00511352 -0.00973562 -0.00974028 -0.00974153 -0.00974209 -0.0117207 -0.0117301 -0.0117401 -0.0117528
7.665 0 0 0 0 -0.00719671 -0.00720718 -0.00720774 -0.00720106 -0.0134529 -0.0134574 -0.0134584 -0.0134586 -0.0163307 -0.0163397 -0.0163497 -0.0163629
7.685 0 0 0 0 -0.00821011 -0.00822117 -0.00822195 -0.00821457 -0.0157426 -0.0157473 -0.0157482 -0.015748 -0.0195938 -0.0196025 -0.0196124 -0.0196259
7.705 0 0 0 0 -0.00812248 -0.00813101 -0.00813197 -0.00812644 -0.0164031 -0.0164089 -0.0164098 -0.0164083 -0.0208818 -0.0208902 -0.0209001 -0.0209138
7.725 0 0 0 0 -0.00742977 -0.00743678 -0.0074377 -0.00743392 -0.0154575 -0.0154635 -0.0154644 -0.0154627 -0.0199113 -0.0199198 -0.0199297 -0.0199434
7.745 0 0 0 0 -0.00641836 -0.00642562 -0.00642641 -0.00642281 -0.0130243 -0.0130294 -0.0130305 -0.0130302 -0.0167006 -0.0167096 -0.0167195 -0.0167326
7.765 0 0 0 0 -0.00500337 -0.00501098 -0.00501136 -0.00500783 -0.00946672 -0.00947085 -0.00947206 -0.00947325 -0.0117245 -0.0117343 -0.0117443 -0.0117569
7.785 0 0 0 0 -0.00304868 -0.00305514 -0.00305503 -0.00305315 -0.00522911 -0.00523282 -0.00523426 -0.00523642 -0.0058832 -0.00589353 -0.0059036 -0.00591561
7.805 0 0 0 0 -0.000594934 -0.000597799 -0.000597198 -0.000597913 -0.000594751 -0.000598007 -0.000599472 -0.00060202 -6.19746e-05 -7.29563e-05 -8.31588e-05 -9.4632e-05
7.825 0 0 0 0 0.00207706 0.00207702 0.00207743 0.00207517 0.00413253 0.00413057 0.00412906 0.00412535 0.00526158 0.00524977 0.00523964 0.00522908
7.845 0 0 0 0 0.00449859 0.00450187 0.00450174 0.00449694 0.008371 0.00837064 0.00836939 0.00836473 0.00993245 0.00991987 0.00991 0.00990046
7.865 0 0 0 0 0.0062532 0.00625898 0.00625853 0.00625198 0.0115213 0.0115216 0.0115206 0.0115159 0.0138151 0.013802 0.013792 0.0137828
7.885 0 0 0 0 0.00702313 0.00702941 0.00702858 0.00702168 0.0132856 0.013286 0.013285 0.0132802 0.0164856 0.0164725 0.0164627 0.0164538
7.905 0 0 0 0 0.00693225 0.0069372 0.00693628 0.00693079 0.0137247 0.0137258 0.0137249 0.0137197 0.0174858 0.0174725 0.0174626 0.0174537
7.925 0 0 0 0 0.00643827 0.00644212 0.00644127 0.00643667 0.0130005 0.0130017 0.0130007 0.0129952 0.0166389 0.0166257 0.0166159 0.016607
7.945 0 0 0 0 0.00570744 0.00571126 0.00571069 0.00570566 0.0111536 0.0111538 0.0111528 0.0111479 0.0140247 0.0140117 0.0140018 0.0139925
7.965 0 0 0 0 0.00452271 0.00452627 0.00452613 0.00452062 0.00827442 0.00827333 0.0082721 0.00826802 0.0100134 0.010001 0.00999097 0.00998114
7.985 0 0 0 0 0.0026489 0.00265036 0.00265077 0.00264648 0.00455123 0.00454914 0.00454772 0.00454409 0.00517423 0.0051623 0.00515218 0.00514173
8.005 0 0 0 0 0.000215448 0.000214036 0.000214899 0.000213413 0.000271406 0.000268776 0.000267334 0.000264172 8.48813e-05 7.35207e-05 6.32967e-05 5.21869e-05
8.025 0 0 0 0 -0.00222544 -0.00223007 -0.00222982 -0.00222923 -0.00406693 -0.00407049 -0.00407201 -0.00407427 -0.00482046 -0.00483102 -0.00484114 -0.00485293
8.045 0 0 0 0 -0.00420389 -0.00421022 -0.00421038 -0.00420777 -0.00789128 -0.00789583 -0.00789721 -0.00789806 -0.00934476 -0.00935444 -0.00936437 -0.00937684
8.065 0 0 0 0 -0.00551196 -0.00551908 -0.00551948 -0.00551587 -0.0107071 -0.0107119 -0.010713 -0.0107131 -0.0131824 -0.0131917 -0.0132017 -0.0132146
8.085 0 0 0 0 -0.00607821 -0.00608525 -0.00608585 -0.00608226 -0.0122632 -0.0122681 -0.0122691 -0.012269 -0.0157118 -0.015721 -0.0157309 -0.0157439
8.105 0 0 0 0 -0.0060098 -0.00601602 -0.00601672 -0.00601401 -0.012527 -0.0125321 -0.0125331 -0.0125327 -0.0163202 -0.0163293 -0.0163392 -0.0163522
8.125 0 0 0 0 -0.0055598 -0.00556564 -0.00556621 -0.00556396 -0.0115451 -0.0115503 -0.0115514 -0.011551 -0.0148628 -0.014872 -0.014882 -0.0148951
8.145 0 0 0 0 -0.00485704 -0.00486368 -0.00486403 -0.00486125 -0.00947078 -0.00947536 -0.00947659 -0.00947725 -0.0117649 -0.0117744 -0.0117844 -0.0117971
8.165 0 0 0 0 -0.00360371 -0.00361038 -0.00361036 -0.00360788 -0.00645003 -0.00645379 -0.00645514 -0.00645702 -0.00758887 -0.00759904 -0.00760914 -0.00762133
8.185 0 0 0 0 -0.00159229 -0.00159629 -0.00159583 -0.00159608 -0.00268526 -0.00268874 -0.00269025 -0.00269277 -0.00288885 -0.00289957 -0.00290968 -0.00292132
8.205 0 0 0 0 0.000735437 0.000734723 0.000735533 0.000733608 0.00136491 0.001362 0.00136065 0.00135797 0.00175335 0.00174199 0.00173177 0.00172067
8.225 0 0 0 0 0.00268684 0.00268772 0.00268795 0.00268481 0.00503017 0.00502883 0.00502748 0.0050234 0.00592327 0.00591116 0.00590106 0.00589079
8.245 0 0 0 0 0.00401346 0.00401548 0.00401538 0.0040117 0.00775248 0.00775212 0.00775086 0.00774614 0.00940453 0.00939198 0.00938197 0.00937224
8.265 0 0 0 0 0.00475482 0.00475766 0.00475734 0.00475303 0.0093507 0.00935025 0.00934905 0.00934462 0.011877 0.0118644 0.0118545 0.0118449
8.285 0 0 0 0 0.00495912 0.00496203 0.0049617 0.00495753 0.00993316 0.00993278 0.00993169 0.00992739 0.0128866 0.012874 0.012864 0.0128544
8.305 0 0 0 0 0.00470697 0.00470913 0.0047088 0.00470526 0.00954522 0.00954529 0.00954416 0.00953931 0.0122024 0.0121897 0.0121798 0.0121703
8.325 0 0 0 0 0.00415393 0.00415588 0.00415578 0.00415216 0.00816092 0.00816067 0.00815952 0.0081548 0.010093 0.0100803 0.0100703 0.0100605
8.345 0 0 0 0 0.00325824 0.00326035 0.00326053 0.00325609 0.00588359 0.00588183 0.00588049 0.0058768 0.00704543 0.00703336 0.00702332 0.00701309
8.365 0 0 0 0 0.00176913 0.00176967 0.00177031 0.00176693 0.00294699 0.00294419 0.00294274 0.00293973 0.00341163 0.00340004 0.00338986 0.00337902
8.385 0 0 0 0 -0.000225657 -0.000227732 -0.00022699 -0.00022797 -0.000361318 -0.000363953 -0.000365354 -0.000368418 -0.000499516 -0.000510754 -0.000520954 -0.000532163
8.405 0 0 0 0 -0.00208769 -0.00209247 -0.00209208 -0.00209131 -0.00365295 -0.0036561 -0.00365755 -0.00366016 -0.00430082 -0.00431151 -0.00432165 -0.00433333
8.425 0 0 0 0 -0.00335741 -0.00336242 -0.0033623 -0.00336096 -0.00644371 -0.00644814 -0.00644952 -0.00645064 -0.00769457 -0.00770455 -0.00771458 -0.00772688
8.445 0 0 0 0 -0.00404759 -0.00405239 -0.00405255 -0.00405143 -0.00827372 -0.00827857 -0.00827979 -0.00828013 -0.0103633 -0.010373 -0.010383 -0.0103956
8.465 0 0 0 0 -0.00429895 -0.004304 -0.00430427 -0.00430297 -0.00899451 -0.00899883 -0.00899997 -0.00900071 -0.0118095 -0.0118193 -0.0118293 -0.0118418
8.485 0 0 0 0 -0.00410463 -0.00410948 -0.00410978 -0.00410878 -0.00868033 -0.00868455 -0.00868573 -0.00868665 -0.011521 -0.0115309 -0.0115409 -0.0115533
8.505 0 0 0 0 -0.00349352 -0.00349765 -0.00349777 -0.00349756 -0.00737007 -0.0073747 -0.00737592 -0.0073766 -0.00946074 -0.00947064 -0.00948071 -0.00949314
8.525 0 0 0 0 -0.00250226 -0.00250618 -0.00250601 -0.00250625 -0.00501939 -0.00502372 -0.0050251 -0.00502645 -0.00608939 -0.00609961 -0.00610969 -0.00612179
8.545 0 0 0 0 -0.000949409 -0.000952219 -0.000951596 -0.000952586 -0.00167632 -0.00167955 -0.00168106 -0.00168379 -0.00187895 -0.00188987 -0.00190003 -0.0019115
8.565 0 0 0 0 0.00117737 0.0011766 0.00117737 0.00117577 0.00226923 0.00226678 0.00226539 0.00226218 0.00278133 0.00276976 0.00275959 0.00274873
8.585 0 0 0 0 0.00338446 0.00338665 0.0033868 0.00338259 0.0061849 0.00618347 0.00618222 0.00617843 0.00742737 0.00741521 0.00740516 0.00739502
8.605 0 0 0 0 0.00512874 0.005133 0.00513269 0.00512706 0.00950261 0.00950213 0.00950106 0.0094968 0.0115506 0.0115379 0.0115278 0.0115182
8.625 0 0 0 0 0.00620974 0.00621464 0.00621393 0.00620807 0.0118794 0.0118799 0.0118788 0.0118739 0.0147151 0.0147021 0.0146922 0.0146831
8.645 0 0 0 0 0.00669546 0.00670037 0.00669957 0.00669404 0.0131198 0.0131207 0.0131198 0.0131146 0.0165173 0.0165041 0.0164941 0.0164852
8.665 0 0 0 0 0.00661307 0.00661774 0.00661692 0.0066116 0.0130651 0.013066 0.013065 0.0130598 0.0165634 0.0165502 0.0165404 0.0165315
8.685 0 0 0 0 0.00592407 0.00592802 0.00592741 0.00592244 0.0116513 0.0116518 0.0116508 0.0116458 0.0146962 0.0146832 0.0146732 0.014664
8.705 0 0 0 0 0.00457015 0.00457269 0.00457245 0.00456817 0.00890241 0.0089021 0.00890092 0.00889624 0.0110798 0.0110672 0.0110572 0.0110476
8.725 0 0 0 0 0.00255265 0.00255287 0.00255317 0.00255021 0.00496673 0.00496518 0.00496383 0.00495979 0.00611556 0.00610352 0.0060934 0.00608306
8.745 0 0 0 0 5.10322e-05 4.91765e-05 5.00112e-05 4.88603e-05 0.000226688 0.000223856 0.000222397 0.000219338 0.000338769 0.000327483 0.000317267 0.000306083
8.765 0 0 0 0 -0.00250764 -0.00251238 -0.00251223 -0.00251154 -0.00469861 -0.0047024 -0.00470389 -0.00470588 -0.00564905 -0.00565948 -0.00566959 -0.0056815
8.785 0 0 0 0 -0.00472723 -0.00473376 -0.00473409 -0.00473126 -0.00916078 -0.00916537 -0.00916659 -0.00916717 -0.0112605 -0.0112701 -0.01128 -0.0112926
8.805 0 0 0 0 -0.0064763 -0.00648421 -0.00648486 -0.00648036 -0.0127362 -0.0127412 -0.0127422 -0.0127419 -0.0159625 -0.0159715 -0.0159815 -0.0159947
8.825 0 0 0 0 -0.00773611 -0.00774515 -0.00774604 -0.00774015 -0.0152492 -0.0152544 -0.0152553 -0.0152545 -0.0192678 -0.0192765 -0.0192864 -0.0192999
8.845 0 0 0 0 -0.00835538 -0.00836483 -0.00836592 -0.00835951 -0.0164824 -0.016488 -0.0164889 -0.0164876 -0.0207284 -0.0207368 -0.0207466 -0.0207603
8.865 0 0 0 0 -0.00811915 -0.00812801 -0.00812907 -0.00812316 -0.0160762 -0.0160821 -0.016083 -0.0160814 -0.0200693 -0.0200777 -0.0200876 -0.0201014
8.885 0 0 0 0 -0.00694538 -0.00695321 -0.00695406 -0.00694955 -0.013814 -0.0138195 -0.0138206 -0.0138196 -0.0172828 -0.0172915 -0.0173014 -0.0173148
8.905 0 0 0 0 -0.00500481 -0.00501127 -0.00501171 -0.00500915 -0.00997501 -0.00997958 -0.00998074 -0.00998132 -0.0126542 -0.0126638 -0.0126738 -0.0126865
8.925 0 0 0 0 -0.00260201 -0.00260662 -0.00260654 -0.00260653 -0.00519811 -0.00520177 -0.00520316 -0.00520528 -0.00669103 -0.00670147 -0.00671157 -0.00672348
8.945 0 0 0 0 -5.36944e-06 -6.86995e-06 -6.16958e-06 -7.96688e-06 -4.8208e-05 -5.12335e-05 -5.2706e-05 -5.5609e-05 -3.84497e-05 -4.96551e-05 -5.98561e-05 -7.1107e-05
8.965 0 0 0 0 0.00255957 0.00256004 0.0025602 0.00255732 0.00509533 0.00509357 0.00509208 0.00508827 0.00657134 0.00655941 0.00654928 0.00653885
8.985 0 0 0 0 0.00497546 0.00497838 0.00497793 0.00497355 0.00984868 0.00984865 0.00984748 0.00984274 0.012459 0.0124463 0.0124365 0.0124271
9.005 0 0 0 0 0.00713913 0.00714489 0.00714405 0.00713778 0.0137682 0.0137693 0.0137685 0.0137633 0.0171366 0.0171232 0.0171133 0.0171044
9.025 0 0 0 0 0.00878287 0.0087914 0.00879019 0.00878175 0.0164998 0.0165013 0.0165005 0.0164952 0.0203101 0.0202964 0.0202867 0.0202783
9.045 0 0 0 0 0.00952903 0.00953864 0.0095372 0.0095279 0.0177821 0.0177839 0.0177831 0.0177776 0.0217757 0.0217618 0.021752 0.0217439
9.065 0 0 0 0 0.00913229 0.00914066 0.00913927 0.00913107 0.0173501 0.0173523 0.0173515 0.0173456 0.0213409 0.0213269 0.0213172 0.021309
9.085 0 0 0 0 0.00777673 0.00778269 0.00778154 0.0077751 0.0151661 0.0151678 0.0151669 0.0151612 0.0189625 0.0189489 0.0189391 0.0189306
9.105 0 0 0 0 0.00588856 0.00589234 0.00589167 0.00588638 0.0115998 0.0115999 0.0115989 0.0115941 0.0147955 0.0147826 0.0147726 0.0147634
9.125 0 0 0 0 0.00368875 0.00369035 0.0036903 0.00368606 0.0071601 0.00715867 0.0071574 0.0071535 0.00913984 0.00912762 0.00911756 0.00910746
9.145 0 0 0 0 0.00118062 0.0011795 0.0011802 0.00117799 0.00216934 0.00216684 0.00216531 0.00216177 0.00252641 0.00251482 0.00250465 0.00249382
9.165 0 0 0 0 -0.00149069 -0.00149362 -0.0014933 -0.00149438 -0.0030985 -0.00310141 -0.00310275 -0.00310554 -0.00422359 -0.00423448 -0.00424466 -0.00425619
9.185 0 0 0 0 -0.00401501 -0.00402006 -0.00402021 -0.00401887 -0.00814431 -0.00814877 -0.00814986 -0.00815052 -0.0103204 -0.0103301 -0.01034 -0.0103524
9.205 0 0 0 0 -0.00614944 -0.00615627 -0.00615678 -0.00615307 -0.0122618 -0.0122672 -0.0122682 -0.0122673 -0.015235 -0.0152441 -0.0152542 -0.0152676
9.225 0 0 0 0 -0.00762169 -0.00763068 -0.00763163 -0.00762573 -0.0149077 -0.0149131 -0.0149142 -0.0149133 -0.0185819 -0.0185905 -0.0186003 -0.0186138
9.245 0 0 0 0 -0.0081243 -0.00813385 -0.00813487 -0.00812829 -0.0158915 -0.0158967 -0.0158976 -0.0158967 -0.0199763 -0.0199849 -0.0199949 -0.0200086
9.265 0 0 0 0 -0.00757765 -0.00758589 -0.0075869 -0.0075818 -0.0151756 -0.0151812 -0.0151822 -0.015181 -0.0191671 -0.0191757 -0.0191855 -0.0191991
9.285 0 0 0 0 -0.00625314 -0.00625968 -0.00626042 -0.00625733 -0.0127895 -0.0127951 -0.0127961 -0.0127952 -0.0162208 -0.0162297 -0.0162397 -0.016253
9.305 0 0 0 0 -0.00444725 -0.00445299 -0.00445332 -0.00445161 -0.00898977 -0.00899429 -0.00899549 -0.00899623 -0.0114718 -0.0114815 -0.0114915 -0.0115041
9.325 0 0 0 0 -0.00227233 -0.00227705 -0.00227684 -0.00227671 -0.00432679 -0.00433012 -0.00433154 -0.0043341 -0.00546588 -0.00547651 -0.00548664 -0.0054984
9.345 0 0 0 0 0.000183169 0.000181425 0.00018211 0.000180981 0.000625914 0.00062317 0.000621772 0.000618851 0.00103661 0.00102533 0.00101512 0.00100394
9.365 0 0 0 0 0.00266491 0.00266531 0.00266546 0.00266274 0.0054551 0.00545335 0.00545189 0.0054482 0.00718832 0.00717635 0.00716623 0.00715581
9.385 0 0 0 0 0.00489645 0.00489913 0.00489872 0.00489453 0.00972641 0.00972628 0.00972502 0.00972023 0.0122966 0.012284 0.0122741 0.0122647
9.405 0 0 0 0 0.00664117 0.00664603 0.00664528 0.00663969 0.0128831 0.0128843 0.0128833 0.0128779 0.0159466 0.0159333 0.0159234 0.0159145
9.425 0 0 0 0 0.00764132 0.00764802 0.00764705 0.00764 0.0145298 0.014531 0.0145301 0.0145248 0.0179256 0.0179122 0.0179024 0.0178938
9.445 0 0 0 0 0.00763109 0.00763783 0.00763683 0.00762965 0.0145262 0.0145272 0.0145264 0.0145213 0.0180379 0.0180245 0.0180147 0.018006
9.465 0 0 0 0 0.0065855 0.00659015 0.00658934 0.00658379 0.0128935 0.0128944 0.0128935 0.0128882 0.0161716 0.0161583 0.0161484 0.0161395
9.485 0 0 0 0 0.00481045 0.00481237 0.00481195 0.00480829 0.00977279 0.00977305 0.00977191 0.00976681 0.0124396 0.0124268 0.0124168 0.0124074
9.505 0 0 0 0 0.00266511 0.00266485 0.00266503 0.00266241 0.00551453 0.00551308 0.00551176 0.0055077 0.00718611 0.00717404 0.00716392 0.00715362
9.525 0 0 0 0 0.000359422 0.000358094 0.000358925 0.00035719 0.000698338 0.000695187 0.000693683 0.000690852 0.000998538 0.000987285 0.000977064 0.00096584
9.545 0 0 0 0 -0.00196859 -0.00197186 -0.00197163 -0.00197237 -0.00410963 -0.0041134 -0.00411491 -0.004117 -0.00533565 -0.00534618 -0.00535626 -0.00536803
9.565 0 0 0 0 -0.00417719 -0.00418251 -0.0041828 -0.00418115 -0.00852383 -0.00852804 -0.00852922 -0.00853012 -0.0110171 -0.0110269 -0.0110368 -0.0110492
9.585 0 0 0 0 -0.00605825 -0.00606526 -0.00606588 -0.0060622 -0.0121412 -0.0121461 -0.0121471 -0.0121468 -0.0153853 -0.0153945 -0.0154045 -0.0154176
9.605 0 0 0 0 -0.0073156 -0.00732385 -0.0073247 -0.00731953 -0.0144554 -0.014461 -0.0144619 -0.0144608 -0.018022 -0.0180306 -0.0180406 -0.0180541
9.625 0 0 0 0 -0.00768637 -0.0076952 -0.00769616 -0.00769037 -0.0150736 -0.0150792 -0.0150801 -0.015079 -0.018737 -0.0187456 -0.0187555 -0.0187691
9.645 0 0 0 0 -0.00703968 -0.00704789 -0.00704872 -0.00704374 -0.0138995 -0.0139048 -0.0139058 -0.0139051 -0.0174471 -0.017456 -0.0174659 -0.0174793
9.665 0 0 0 0 -0.00550255 -0.00550901 -0.00550958 -0.00550681 -0.0111376 -0.0111425 -0.0111436 -0.0111437 -0.0141991 -0.0142084 -0.0142184 -0.0142313
9.685 0 0 0 0 -0.00344435 -0.00344883 -0.00344897 -0.00344872 -0.00718947 -0.00719386 -0.00719512 -0.00719618 -0.00929803 -0.00930804 -0.00931811 -0.00933044
9.705 0 0 0 0 -0.00122489 -0.00122758 -0.00122715 -0.00122881 -0.00256097 -0.00256441 -0.00256592 -0.00256849 -0.00332877 -0.00333959 -0.00334973 -0.00336129
9.725 0 0 0 0 0.000984132 0.000982681 0.000983467 0.000982385 0.00220356 0.00220125 0.00219995 0.00219673 0.00293413 0.00292255 0.00291234 0.00290144
9.745 0 0 0 0 0.00312764 0.00312766 0.00312771 0.0031255 0.00662328 0.00662249 0.00662133 0.00661709 0.00868094 0.00866868 0.00865864 0.00864861
9.765 0 0 0 0 0.00513971 0.00514244 0.00514197 0.00513789 0.0103223 0.0103224 0.0103213 0.0103165 0.0132348 0.013222 0.0132119 0.0132025
9.785 0 0 0 0 0.00674383 0.00674922 0.00674834 0.00674212 0.0129694 0.01297 0.0129689 0.0129639 0.0161816 0.0161685 0.0161587 0.0161497
9.805 0 0 0 0 0.00755227 0.00755905 0.00755814 0.00755094 0.0142295 0.0142307 0.0142298 0.0142245 0.0173951 0.0173816 0.0173717 0.017363
9.825 0 0 0 0 0.0073475 0.00735394 0.00735304 0.00734606 0.0138733 0.0138744 0.0138735 0.0138681 0.0169359 0.0169225 0.0169128 0.0169041
9.845 0 0 0 0 0.00619328 0.00619789 0.00619724 0.00619154 0.01194 0.0119405 0.0119395 0.0119346 0.0148743 0.0148612 0.0148512 0.014842
9.865 0 0 0 0 0.00436983 0.00437176 0.00437148 0.00436753 0.00875527 0.00875469 0.00875351 0.00874911 0.0112626 0.0112501 0.0112402 0.0112305
9.885 0 0 0 0 0.00227671 0.00227599 0.00227628 0.00227402 0.00480022 0.00479853 0.00479719 0.00479332 0.00635419 0.00634224 0.00633209 0.00632163
9.905 0 0 0 0 0.000252883 0.000251293 0.000252129 0.000250619 0.00056143 0.000558557 0.00055706 0.000554004 0.000749771 0.000738469 0.000728273 0.000717126
9.925 0 0 0 0 -0.00157269 -0.00157505 -0.00157468 -0.00157623 -0.0035393 -0.00354312 -0.00354465 -0.00354673 -0.00475115 -0.00476177 -0.00477188 -0.0047836
9.945 0 0 0 0 -0.00322504 -0.0032285 -0.00322863 -0.00322897 -0.007087 -0.0070915 -0.00709271 -0.00709345 -0.0093728 -0.00938273 -0.00939273 -0.00940503
9.965 0 0 0 0 -0.00464483 -0.00464996 -0.00465035 -0.0046488 -0.00968374 -0.00968846 -0.00968951 -0.00968969 -0.0125232 -0.0125328 -0.0125428 -0.0125555
9.985 0 0 0 0 -0.00553138 -0.00553807 -0.00553858 -0.00553533 -0.0110186 -0.0110234 -0.0110245 -0.0110245 -0.0138921 -0.0139015 -0.0139114 -0.0139243
10.005 0 0 0 0 -0.00556417 -0.00557114 -0.00557163 -0.00556811 -0.010893 -0.0108979 -0.010899 -0.010899 -0.0134787 -0.013488 -0.013498 -0.0135109
10.025 0 0 0 0 -0.00467964 -0.00468558 -0.00468589 -0.00468361 -0.00926862 -0.00927344 -0.00927464 -0.00927498 -0.0114876 -0.0114972 -0.0115072 -0.01152
10.045 0 0 0 0 -0.00311898 -0.00312339 -0.00312341 -0.00312311 -0.00639733 -0.00640149 -0.00640281 -0.00640416 -0.00818703 -0.00819716 -0.00820722 -0.00821941
10.065 0 0 0 0 -0.00122125 -0.00122356 -0.00122311 -0.00122497 -0.00276758 -0.00277093 -0.00277239 -0.00277496 -0.00384256 -0.00385339 -0.00386354 -0.00387509
10.085 0 0 0 0 0.000723131 0.000722664 0.000723509 0.000721385 0.00112831 0.00112559 0.00112421 0.00112125 0.00116648 0.00115508 0.00114488 0.00113384
10.105 0 0 0 0 0.00249326 0.00249365 0.00249381 0.00249093 0.00490123 0.00489948 0.00489809 0.0048944 0.0062224 0.00621047 0.00620037 0.00618996
10.125 0 0 0 0 0.00405699 0.00405852 0.00405828 0.00405495 0.00823197 0.00823142 0.00823026 0.00822586 0.0106098 0.0105974 0.0105874 0.0105776
10.145 0 0 0 0 0.0054112 0.00541429 0.00541375 0.00540938 0.0108062 0.0108065 0.0108054 0.0108005 0.0137567 0.0137438 0.0137339 0.0137246
10.165 0 0 0 0 0.00638713 0.00639206 0.00639141 0.00638567 0.012324 0.0123246 0.0123236 0.0123187 0.0153639 0.0153508 0.0153409 0.0153318
10.185 0 0 0 0 0.00665828 0.00666406 0.00666336 0.00665678 0.0125381 0.0125386 0.0125376 0.0125327 0.0153655 0.0153524 0.0153425 0.0153335
10.205 0 0 0 0 0.00598273 0.0059875 0.00598695 0.00598104 0.0113073 0.0113076 0.0113065 0.0113016 0.013827 0.013814 0.013804 0.0137948
10.225 0 0 0 0 0.00444608 0.00444837 0.00444813 0.00444398 0.00870764 0.00870728 0.00870609 0.00870147 0.0108797 0.0108671 0.0108571 0.0108475
10.245 0 0 0 0 0.00236769 0.00236699 0.00236724 0.00236509 0.00503771 0.00503621 0.00503489 0.00503089 0.00665679 0.00664479 0.00663468 0.00662431
10.265 0 0 0 0 8.98668e-05 8.73924e-05 8.81753e-05 8.75398e-05 0.00072788 0.000725124 0.000723636 0.000720494 0.00138091 0.00136962 0.00135942 0.00134827
10.285 0 0 0 0 -0.00207797 -0.00208238 -0.00208208 -0.00208179 -0.0037695 -0.00377287 -0.00377433 -0.00377669 -0.00446622 -0.00447685 -0.004487 -0.00449877
10.305 0 0 0 0 -0.00394714 -0.00395226 -0.00395242 -0.00395092 -0.00795453 -0.00795885 -0.00796005 -0.00796097 -0.0100938 -0.0101036 -0.0101136 -0.010126
10.325 0 0 0 0 -0.00551669 -0.0055226 -0.00552311 -0.00552055 -0.0113773 -0.0113823 -0.0113833 -0.0113831 -0.0146597 -0.014669 -0.014679 -0.0146919
10.345 0 0 0 0 -0.00683296 -0.00684049 -0.00684127 -0.00683691 -0.0137827 -0.0137879 -0.0137889 -0.0137883 -0.0176104 -0.0176193 -0.0176292 -0.0176425
10.365 0 0 0 0 -0.00770625 -0.00771551 -0.00771647 -0.00771028 -0.0150012 -0.0150064 -0.0150074 -0.0150066 -0.0187401 -0.0187487 -0.0187586 -0.0187721
10.385 0 0 0 0 -0.00775881 -0.0077685 -0.0077694 -0.00776276 -0.0148081 -0.0148134 -0.0148144 -0.0148136 -0.0181095 -0.0181182 -0.0181281 -0.0181417
10.405 0 0 0 0 -0.00679097 -0.00679952 -0.00680025 -0.00679504 -0.0130428 -0.0130481 -0.0130492 -0.0130486 -0.0159256 -0.0159345 -0.0159444 -0.0159577
10.425 0 0 0 0 -0.00495976 -0.00496616 -0.00496657 -0.00496401 -0.00983923 -0.0098439 -0.00984506 -0.00984553 -0.0123658 -0.0123754 -0.0123854 -0.0123981
10.445 0 0 0 0 -0.00263412 -0.00263799 -0.00263797 -0.00263855 -0.00563464 -0.0056385 -0.00563983 -0.00564163 -0.00752929 -0.00753964 -0.00754973 -0.00756172
10.465 0 0 0 0 -0.00023776 -0.000238798 -0.000238151 -0.000240705 -0.000981914 -0.000985112 -0.000986659 -0.000989535 -0.00168645 -0.00169756 -0.00170773 -0.00171903
10.485 0 0 0 0 0.00189203 0.00189192 0.00189246 0.00188999 0.0036245 0.00362231 0.00362095 0.00361756 0.00450748 0.00449572 0.00448551 0.00447481
10.505 0 0 0 0 0.00370648 0.00370729 0.00370725 0.00370461 0.00776098 0.0077605 0.0077594 0.00775492 0.0101423 0.01013 0.0101201 0.0101103
10.525 0 0 0 0 0.00531608 0.00531836 0.00531788 0.00531454 0.0110424 0.0110431 0.0110421 0.011037 0.0143715 0.0143585 0.0143485 0.0143391
10.545 0 0 0 0 0.00665287 0.00665749 0.00665663 0.00665126 0.0131657 0.0131666 0.0131656 0.0131604 0.0167081 0.0166949 0.0166851 0.0166762
10.565 0 0 0 0 0.00738727 0.00739389 0.00739295 0.00738575 0.0139249 0.0139257 0.0139248 0.0139197 0.0171179 0.0171045 0.0170946 0.0170858
10.585 0 0 0 0 0.00717209 0.00717894 0.00717811 0.00717055 0.0132067 0.0132074 0.0132063 0.0132013 0.0158905 0.0158772 0.0158673 0.0158585
10.605 0 0 0 0 0.00591151 0.0059164 0.00591587 0.00590969 0.0110232 0.0110233 0.0110222 0.0110174 0.0133439 0.0133309 0.013321 0.0133117
10.625 0 0 0 0 0.00385277 0.0038543 0.00385421 0.00385043 0.00761095 0.0076101 0.00760887 0.00760455 0.00963376 0.00962137 0.00961135 0.00960145
10.645 0 0 0 0 0.00147967 0.00147778 0.00147828 0.00147706 0.00344958 0.00344745 0.00344604 0.00344242 0.00486293 0.00485122 0.00484105 0.00483032
10.665 0 0 0 0 -0.00072878 -0.000731849 -0.0007312 -0.000731415 -0.000910105 -0.000913116 -0.000914524 -0.000917349 -0.000657537 -0.000668593 -0.000678779 -0.00069016
10.685 0 0 0 0 -0.00250625 -0.00251033 -0.00251028 -0.00251013 -0.00500555 -0.00500945 -0.00501088 -0.00501264 -0.0062796 -0.00628994 -0.0063 -0.00631194
10.705 0 0 0 0 -0.00395077 -0.00395498 -0.00395526 -0.00395477 -0.00847489 -0.00847946 -0.00848061 -0.00848113 -0.011149 -0.0111588 -0.0111689 -0.0111814
10.725 0 0 0 0 -0.00520886 -0.00521414 -0.00521473 -0.00521302 -0.0110351 -0.01104 -0.0110411 -0.011041 -0.0144879 -0.0144973 -0.0145072 -0.01452
10.745 0 0 0 0 -0.00615499 -0.00616187 -0.00616252 -0.00615891 -0.0124385 -0.0124435 -0.0124445 -0.0124442 -0.0158699 -0.015879 -0.015889 -0.0159022
10.765 0 0 0 0 -0.00642367 -0.00643168 -0.00643232 -0.00642759 -0.0124425 -0.0124476 -0.0124487 -0.0124484 -0.0153269 -0.015336 -0.0153459 -0.015359
10.785 0 0 0 0 -0.00570473 -0.00571231 -0.00571278 -0.00570868 -0.0108839 -0.0108888 -0.01089 -0.01089 -0.0131751 -0.0131844 -0.0131944 -0.0132074
10.805 0 0 0 0 -0.00401055 -0.00401623 -0.00401642 -0.00401471 -0.00786446 -0.00786891 -0.00787018 -0.00787113 -0.00973202 -0.00974186 -0.00975189 -0.00976434
10.825 0 0 0 0 -0.00170603 -0.00170884 -0.00170858 -0.0017102 -0.00381878 -0.00382245 -0.00382386 -0.00382603 -0.0051923 -0.00520293 -0.00521306 -0.00522481
10.845 0 0 0 0 0.000677767 0.000677846 0.000678722 0.000676138 0.000652183 0.000649302 0.000647858 0.0006448 0.000211748 0.000200375 0.000190185 0.000179125
10.865 0 0 0 0 0.00274976 0.00275103 0.00275112 0.00274739 0.00502542 0.00502366 0.00502231 0.00501856 0.00600219 0.00599019 0.00598005 0.00596966
10.885 0 0 0 0 0.00448843 0.00449069 0.00449029 0.00448627 0.00893548 0.00893505 0.00893394 0.00892956 0.0114174 0.0114048 0.0113948 0.0113852
10.905 0 0 0 0 0.00599149 0.00599498 0.00599424 0.00598967 0.0121033 0.012104 0.012103 0.012098 0.0156169 0.0156039 0.015594 0.0155849
10.925 0 0 0 0 0.00720508 0.00721035 0.00720943 0.00720372 0.0142217 0.014223 0.0142221 0.0142168 0.0180131 0.0179997 0.0179898 0.0179811
10.945 0 0 0 0 0.00786526 0.00787217 0.00787114 0.00786397 0.0149743 0.0149757 0.0149748 0.0149693 0.0184623 0.0184488 0.018439 0.0184305
10.965 0 0 0 0 0.00764394 0.00765124 0.00765031 0.00764252 0.0141738 0.0141747 0.0141737 0.0141686 0.0171685 0.0171551 0.0171452 0.0171365
10.985 0 0 0 0 0.00638066 0.00638626 0.00638561 0.00637884 0.0118588 0.011859 0.0118579 0.0118531 0.0144118 0.0143988 0.0143889 0.0143797
11.005 0 0 0 0 0.00426442 0.00426657 0.00426635 0.00426204 0.00829903 0.00829834 0.00829714 0.00829271 0.0104005 0.010388 0.0103779 0.0103682
11.025 0 0 0 0 0.00175593 0.00175433 0.00175475 0.00175319 0.00391775 0.00391588 0.0039145 0.00391064 0.00531422 0.00530239 0.00529225 0.00528167
11.045 0 0 0 0 -0.000670479 -0.000673478 -0.000672828 -0.000673005 -0.00078693 -0.000789903 -0.000791314 -0.000794184 -0.000523563 -0.000534659 -0.000544868 -0.000556239
11.065 0 0 0 0 -0.00272605 -0.00273053 -0.00273052 -0.00272991 -0.00531618 -0.00532021 -0.00532164 -0.0053233 -0.00653172 -0.00654199 -0.00655203 -0.00656402
11.085 0 0 0 0 -0.00444433 -0.00444939 -0.00444973 -0.00444835 -0.0092346 -0.00923925 -0.0092404 -0.00924078 -0.0119196 -0.0119293 -0.0119394 -0.011952
11.105 0 0 0 0 -0.00591457 -0.00592089 -0.00592162 -0.00591879 -0.0122361 -0.0122411 -0.0122422 -0.0122419 -0.0158944 -0.0159035 -0.0159133 -0.0159263
11.125 0 0 0 0 -0.00702536 -0.00703315 -0.00703396 -0.00702927 -0.0140925 -0.0140977 -0.0140986 -0.0140979 -0.0179449 -0.0179538 -0.0179638 -0.0179772
11.145 0 0 0 0 -0.00748807 -0.00749699 -0.00749788 -0.00749204 -0.0145584 -0.0145639 -0.0145649 -0.014564 -0.0180133 -0.0180219 -0.0180317 -0.0180452
11.165 0 0 0 0 -0.00703779 -0.00704667 -0.0070474 -0.00704171 -0.0134426 -0.0134479 -0.0134489 -0.0134483 -0.0163652 -0.0163741 -0.0163841 -0.0163975
11.185 0 0 0 0 -0.00561768 -0.00562523 -0.00562574 -0.00562185 -0.0108061 -0.0108109 -0.0108121 -0.0108124 -0.0133008 -0.0133101 -0.0133201 -0.0133329
11.205 0 0 0 0 -0.00347024 -0.00347525 -0.00347537 -0.00347458 -0.00702261 -0.00702669 -0.00702798 -0.0070294 -0.00901396 -0.00902406 -0.00903414 -0.00904639
11.225 0 0 0 0 -0.00105628 -0.00105812 -0.00105771 -0.00106021 -0.00260963 -0.00261318 -0.00261467 -0.00261713 -0.00372081 -0.00373163 -0.00374176 -0.0037533
11.245 0 0 0 0 0.00117729 0.00117732 0.00117821 0.00117585 0.00193909 0.00193644 0.00193508 0.0019321 0.00213911 0.00212757 0.00211733 0.00210636
11.265 0 0 0 0 0.00306059 0.00306123 0.0030614 0.00305859 0.00618186 0.00618074 0.00617938 0.0061752 0.00786598 0.00785383 0.00784387 0.0078338
11.285 0 0 0 0 0.00471274 0.00471449 0.00471409 0.00471082 0.00974446 0.00974457 0.00974346 0.00973866 0.0126565 0.0126438 0.0126337 0.0126241
11.305 0 0 0 0 0.00616224 0.00616603 0.00616514 0.00616025 0.0123518 0.0123525 0.0123514 0.0123464 0.0158549 0.0158419 0.0158321 0.0158231
11.325 0 0 0 0 0.00717108 0.00717699 0.00717609 0.0071696 0.0137763 0.0137773 0.0137764 0.0137713 0.0171758 0.0171624 0.0171524 0.0171435
11.345 0 0 0 0 0.0073859 0.0073927 0.00739182 0.00738448 0.0137884 0.0137893 0.0137883 0.0137831 0.0167282 0.0167149 0.0167051 0.0166964
11.365 0 0 0 0 0.00660055 0.00660641 0.00660577 0.006599 0.0122651 0.0122656 0.0122646 0.0122596 0.0148031 0.0147899 0.0147799 0.0147709
11.385 0 0 0 0 0.00490316 0.00490643 0.00490611 0.00490105 0.00936444 0.00936397 0.00936278 0.0093583 0.0116136 0.0116009 0.011591 0.0115814
11.405 0 0 0 0 0.00265752 0.00265734 0.00265752 0.00265489 0.00551569 0.00551411 0.00551279 0.0055089 0.007274 0.00726196 0.00725184 0.00724149
11.425 0 0 0 0 0.000334008 0.000331518 0.000332295 0.000331679 0.00122187 0.00121921 0.00121769 0.00121438 0.00200848 0.00199712 0.00198694 0.00197589
11.445 0 0 0 0 -0.00168975 -0.00169352 -0.00169308 -0.0016933 -0.0030848 -0.00308797 -0.00308939 -0.00309191 -0.00367139 -0.00368216 -0.00369235 -0.00370402
11.465 0 0 0 0 -0.00334915 -0.00335333 -0.00335333 -0.00335294 -0.00700021 -0.00700454 -0.00700578 -0.00700679 -0.00902106 -0.00903099 -0.00904094 -0.00905318
11.485 0 0 0 0 -0.00479961 -0.00480449 -0.00480489 -0.00480347 -0.0101567 -0.0101616 -0.0101626 -0.0101627 -0.0132628 -0.0132723 -0.0132824 -0.0132952
11.505 0 0 0 0 -0.00602878 -0.00603548 -0.00603616 -0.00603283 -0.0122874 -0.0122924 -0.0122935 -0.0122933 -0.0158177 -0.0158269 -0.0158368 -0.0158498
