0.005 -0.00270431 -0.00270431 -0.00270431 -0.00270431 -4.62412e-05 -3.99834e-05 -3.99806e-05 -4.61982e-05 6.81793e-06 4.75198e-06 4.75351e-06 6.80878e-06 -6.68397e-07 -3.95819e-07 -3.95939e-07 -6.67448e-07
0.025 -0.00510227 -0.00510227 -0.00510227 -0.00510227 -0.002138 -0.00213754 -0.00213747 -0.00213804 9.71411e-05 0.000100451 0.000100393 9.71113e-05 2.32656e-05 2.18526e-05 2.18102e-05 2.31325e-05
0.045 -0.00423424 -0.00423424 -0.00423424 -0.00423424 -0.00486836 -0.00487785 -0.00487802 -0.00486883 -0.00104275 -0.00103594 -0.00103595 -0.00104282 0.000229633 0.000227569 0.000227559 0.000229667
0.065 -0.00350372 -0.00350372 -0.00350372 -0.00350372 -0.00494498 -0.00494798 -0.00494785 -0.00494468 -0.00367252 -0.00367517 -0.0036754 -0.00367313 -0.000200964 -0.00020048 -0.000200564 -0.000201457
0.085 -0.00283842 -0.00283842 -0.00283842 -0.00283842 -0.00348064 -0.00347581 -0.00347564 -0.00348023 -0.00509408 -0.00510191 -0.00510226 -0.00509496 -0.00281173 -0.00280923 -0.00280917 -0.0028114
0.105 -0.00223011 -0.00223011 -0.00223011 -0.00223011 -0.0026544 -0.00265418 -0.00265416 -0.00265434 -0.00436313 -0.00436172 -0.00436169 -0.00436288 -0.00691974 -0.0069198 -0.00691966 -0.0069195
0.125 -0.0016768 -0.0016768 -0.0016768 -0.0016768 -0.00242136 -0.00242477 -0.00242483 -0.00242146 -0.00417205 -0.0041651 -0.00416483 -0.00417125 -0.00940521 -0.00940672 -0.0094066 -0.0094048
0.145 -0.00117545 -0.00117545 -0.00117545 -0.00117545 -0.00248126 -0.00247924 -0.00247911 -0.00248088 -0.00592112 -0.00592288 -0.00592288 -0.00592125 -0.00863762 -0.00863669 -0.00863682 -0.00863772
0.165 -0.000723297 -0.000723297 -0.000723297 -0.000723297 -0.00352707 -0.0035266 -0.00352678 -0.00352766 -0.00718702 -0.00719406 -0.0071939 -0.00718673 -0.00640049 -0.00639777 -0.00639784 -0.0064007
0.185 -0.00031749 -0.00031749 -0.00031749 -0.00031749 -0.00470682 -0.00471744 -0.00471759 -0.00470697 -0.00601649 -0.00601642 -0.0060163 -0.00601621 -0.00493064 -0.00492979 -0.00492987 -0.00493081
0.205 4.46152e-05 4.46152e-05 4.46152e-05 4.46152e-05 -0.00352424 -0.00353644 -0.00353638 -0.00352415 -0.00374727 -0.0037426 -0.00374259 -0.00374722 -0.00423055 -0.00423121 -0.00423124 -0.00423059
0.225 0.000365742 0.000365742 0.000365742 0.000365742 3.49185e-05 3.72996e-05 3.7395e-05 3.50876e-05 -0.00181082 -0.00181222 -0.00181225 -0.00181089 -0.00321974 -0.00321921 -0.00321923 -0.00321978
0.245 0.000648226 0.000648226 0.000648226 0.000648226 0.0026907 0.00270192 0.00270203 0.00269239 0.000409927 0.000405119 0.000404959 0.000408864 -0.00140195 -0.00140093 -0.00140093 -0.00140185
0.265 0.000894509 0.000894509 0.000894509 0.000894509 0.00260175 0.00260652 0.00260901 0.00260455 0.00300736 0.00300957 0.00300943 0.00300882 0.00145748 0.00145605 0.00145629 0.00145692
0.285 0.00110689 0.00110689 0.00110689 0.00110689 0.00165938 0.00165637 0.00165692 0.00166121 0.00455866 0.0045629 0.00456285 0.00455829 0.0053191 0.00531712 0.00531628 0.00531809
0.305 0.00128779 0.00128779 0.00128779 0.00128779 0.00200056 0.00199958 0.00199917 0.00200029 0.00491581 0.00491415 0.00491387 0.00491495 0.00880621 0.00880617 0.00880603 0.00880577
0.325 0.00143944 0.00143944 0.00143944 0.00143944 0.00332868 0.00333228 0.00333202 0.00332793 0.0058434 0.00583952 0.00583939 0.00584345 0.00993227 0.00993292 0.00993272 0.00993193
0.345 0.00156386 0.00156386 0.00156386 0.00156386 0.00456799 0.00457102 0.00457085 0.00456771 0.00767566 0.00767774 0.00767762 0.00767538 0.00861951 0.00861833 0.00861859 0.00862004
0.365 0.00166277 0.00166277 0.00166277 0.00166277 0.00541816 0.00542213 0.00542203 0.00541811 0.00833051 0.00833576 0.00833597 0.0083309 0.00695446 0.00695212 0.00695211 0.00695445
0.385 0.00173847 0.00173847 0.00173847 0.00173847 0.00530805 0.00531646 0.0053164 0.00530799 0.00671881 0.00671864 0.00671874 0.00671907 0.00636842 0.0063678 0.00636792 0.00636871
0.405 0.00179288 0.00179288 0.00179288 0.00179288 0.00346667 0.00347211 0.00347217 0.00346674 0.00432309 0.00431983 0.0043199 0.00432325 0.00606513 0.00606569 0.00606565 0.00606501
0.425 0.00182747 0.00182747 0.00182747 0.00182747 0.000892474 0.000887247 0.000887245 0.000892469 0.0025095 0.00251034 0.00251029 0.00250938 0.00467134 0.00467122 0.00467125 0.00467139
0.445 0.00184401 0.00184401 0.00184401 0.00184401 -0.000125987 -0.000134383 -0.000134366 -0.000125939 0.000910294 0.00091306 0.00091303 0.000910233 0.00198761 0.00198712 0.00198705 0.00198746
0.465 0.00184428 0.00184428 0.00184428 0.00184428 0.00077946 0.00077938 0.00077936 0.000779415 -0.000776813 -0.000778327 -0.00077837 -0.000776903 -0.00131082 -0.0013101 -0.00131006 -0.00131074
0.485 0.00183037 0.00183037 0.00183037 0.00183037 0.00147398 0.00147926 0.00147928 0.00147401 -0.0018987 -0.0019018 -0.00190176 -0.00189863 -0.00432906 -0.004328 -0.00432806 -0.00432917
0.505 0.00180415 0.00180415 0.00180415 0.00180415 0.000519791 0.000519739 0.000519719 0.000519749 -0.00245962 -0.00245866 -0.00245867 -0.00245963 -0.00595263 -0.00595254 -0.00595249 -0.00595252
0.525 0.00176914 0.00176914 0.00176914 0.00176914 -0.00109363 -0.00109977 -0.00109975 -0.0010936 -0.00332872 -0.00332656 -0.00332654 -0.00332866 -0.00551009 -0.00551011 -0.00551015 -0.00551018
0.545 0.00173398 0.00173398 0.00173398 0.00173398 -0.00187465 -0.00188043 -0.00188044 -0.00187468 -0.0042368 -0.004239 -0.00423902 -0.00423684 -0.00384875 -0.0038473 -0.00384727 -0.00384868
0.565 0.00128438 0.00128438 0.00128438 0.00128438 -0.00152527 -0.0015283 -0.00152829 -0.00152524 -0.00370063 -0.00370454 -0.00370453 -0.00370061 -0.00262392 -0.00262214 -0.00262217 -0.00262398
0.585 0.00226083 0.00226083 0.00226083 0.00226083 -0.00106313 -0.00108541 -0.00108542 -0.00106315 -0.00144087 -0.00143256 -0.00143257 -0.0014409 -0.00220581 -0.00220696 -0.00220693 -0.00220577
0.605 0.00165532 0.00165532 0.00165532 0.00165532 0.000836457 0.000828999 0.000829007 0.000836474 0.000464212 0.000468884 0.000468893 0.000464231 -0.00129473 -0.00129556 -0.00129557 -0.00129477
0.625 -0.00225812 -0.00225812 -0.00225812 -0.00225812 0.00305969 0.00308065 0.00308065 0.00305968 0.00158469 0.00157649 0.00157649 0.00158468 0.000719447 0.000720987 0.000721004 0.000719484
0.645 0.00482475 0.00482475 0.00482475 0.00482475 0.00185517 0.00183212 0.00183213 0.00185518 0.00319667 0.0032066 0.00320661 0.00319669 0.00321578 0.00321393 0.00321392 0.00321575
0.665 -0.00171793 -0.00171793 -0.00171793 -0.00171793 0.000568525 0.00057828 0.000578274 0.000568511 0.0041676 0.00416732 0.00416732 0.00416759 0.00574159 0.00574044 0.00574046 0.00574163
0.685 -0.00154814 -0.00154814 -0.00154814 -0.00154814 0.000416019 0.000420207 0.000420212 0.000416029 0.00398706 0.00398555 0.00398555 0.00398707 0.00744273 0.00744251 0.00744249 0.0074427
0.705 0.00183414 0.00183414 0.00183414 0.00183414 0.00168052 0.00166441 0.00166441 0.00168051 0.00370061 0.00370399 0.00370399 0.0037006 0.0071192 0.00711892 0.00711893 0.00711922
0.725 -0.000227838 -0.000227838 -0.000227838 -0.000227838 0.00109143 0.00108694 0.00108695 0.00109144 0.00440017 0.00440625 0.00440625 0.00440018 0.00475131 0.00474917 0.00474916 0.00475129
0.745 0.00825407 0.00825407 0.00825407 0.00825407 0.000964198 0.000931228 0.000931225 0.000964192 0.00340744 0.00342383 0.00342383 0.00340744 0.00241675 0.00241346 0.00241347 0.00241676
0.765 -0.0122289 -0.0122289 -0.0122289 -0.0122289 0.00454433 0.00461454 0.00461455 0.00454433 0.000468389 0.000437655 0.000437658 0.000468395 0.000804754 0.000810381 0.000810375 0.000804743
0.785 0.0147919 0.0147919 0.0147919 0.0147919 0.000455401 0.000404569 0.000404568 0.000455398 0.000270311 0.000289645 0.000289643 0.000270307 -0.00117913 -0.00118174 -0.00118174 -0.00117912
0.805 -0.00691588 -0.00691588 -0.00691588 -0.00691588 0.000491358 0.00052442 0.000524422 0.000491362 -0.000774347 -0.000785076 -0.000785074 -0.000774343 -0.00229063 -0.00228954 -0.00228955 -0.00229064
0.825 0.00563409 0.00563409 0.00563409 0.00563409 -0.000485746 -0.000493451 -0.000493452 -0.000485749 -0.00201421 -0.00201331 -0.00201331 -0.00201421 -0.00247939 -0.00247878 -0.00247878 -0.00247939
0.845 -0.00942509 -0.00942509 -0.00942509 -0.00942509 0.00299454 0.00305889 0.0030589 0.00299454 -0.00288632 -0.00291791 -0.0029179 -0.00288632 -0.00253191 -0.00252522 -0.00252522 -0.00253192
0.865 -0.00200628 -0.00200628 -0.00200628 -0.00200628 -0.00640027 -0.00643222 -0.00643222 -0.00640027 0.000374904 0.000401947 0.000401947 0.000374903 -0.0030523 -0.00306051 -0.00306051 -0.00305229
0.885 -0.00820515 -0.00820515 -0.00820515 -0.00820515 -0.00961634 -0.0096323 -0.00963217 -0.0096161 -0.00243488 -0.00242121 -0.00242124 -0.00243492 -0.000982244 -0.000986074 -0.00098608 -0.000982263
0.905 0.00247859 0.00247859 0.00247859 0.00247859 -0.00251004 -0.0025072 -0.00250712 -0.00250995 -0.00889187 -0.00891686 -0.0089169 -0.00889193 0.000399425 0.000408283 0.000408296 0.000399462
0.925 0.00931645 0.00931645 0.00931645 0.00931645 0.00239616 0.00239306 0.00239305 0.00239618 -0.00637263 -0.00638739 -0.00638739 -0.00637265 -0.00460978 -0.0046037 -0.0046037 -0.00460978
0.945 -0.0416883 -0.0416883 -0.0416883 -0.0416883 0.00184602 0.00198758 0.00198771 0.00184629 0.00216887 0.00214039 0.00213984 0.00216754 -0.0110467 -0.0110491 -0.0110485 -0.0110485
0.965 0.0284662 0.0284662 0.0284662 0.0284662 -0.0123582 -0.0125667 -0.0125657 -0.0123554 0.00318528 0.00329825 0.00329692 0.00318253 -0.00857184 -0.00859546 -0.0085966 -0.00857151
0.985 -0.0036247 -0.0036247 -0.0036247 -0.0036247 0.00174195 0.00181553 0.001817 0.00174375 -0.0119456 -0.0120128 -0.0120135 -0.0119462 0.00184731 0.00186643 0.00186671 0.00184733
1.005 0.0350977 0.0350977 0.0350977 0.0350977 0.0134446 0.0134234 0.0134236 0.0134453 -0.0115038 -0.0115563 -0.0115558 -0.0115033 0.00230597 0.00232887 0.00232901 0.0023062
1.025 -0.0160473 -0.0160473 -0.0160473 -0.0160473 0.00632252 0.00637458 0.00637425 0.00632211 0.011408 0.0114282 0.0114286 0.0114088 -0.0072845 -0.00729689 -0.00729686 -0.00728423
1.045 -0.00366162 -0.00366162 -0.00366162 -0.00366162 -0.0039426 -0.00402772 -0.00402895 -0.00394427 0.0202112 0.020312 0.0203133 0.0202125 -0.0039305 -0.00395955 -0.00395993 -0.00393051
1.065 0.0310064 0.0310064 0.0310064 0.0310064 0.00893536 0.00887108 0.0088686 0.00893793 0.00115776 0.00114088 0.00113887 0.00114432 0.015932 0.0159421 0.0159416 0.0159223
1.085 -0.0111392 -0.0111392 -0.0111392 -0.0111392 0.0183561 0.0185481 0.0185481 0.0183501 -0.00381271 -0.00395712 -0.00396033 -0.00381234 0.025055 0.0250905 0.0250866 0.0250525
1.105 -0.050545 -0.050545 -0.050545 -0.050545 -0.00302203 -0.00291068 -0.00290653 -0.00301201 0.0208352 0.0208391 0.0208378 0.0208328 0.0147487 0.0147356 0.014737 0.0147492
1.125 -0.0347946 -0.0347946 -0.0347946 -0.0347946 -0.03792 -0.0381254 -0.0381246 -0.0379163 0.0286183 0.0288174 0.0288174 0.0286168 0.0106028 0.0105422 0.010544 0.0106059
1.145 0.0771524 0.0771524 0.0771524 0.0771524 -0.0273624 -0.0277569 -0.0277599 -0.0273682 -0.0125564 -0.0124504 -0.01245 -0.0125531 0.0215258 0.0215172 0.0215166 0.0215251
1.165 -0.0159382 -0.0159382 -0.0159382 -0.0159382 0.0441635 0.0446573 0.0446547 0.0441809 -0.0438527 -0.0442528 -0.0442534 -0.0438822 0.00984442 0.00995394 0.00995572 0.00985281
1.185 -0.0169479 -0.0169479 -0.0169479 -0.0169479 0.0269348 0.0270715 0.0270649 0.026917 0.0076297 0.00763028 0.00764188 0.00765221 -0.0403341 -0.0403215 -0.0403274 -0.0403172
1.205 0.00981942 0.00981942 0.00981942 0.00981942 -0.0298913 -0.0303267 -0.0303216 -0.0299172 0.0422467 0.0426632 0.0426669 0.0422716 -0.058584 -0.0586987 -0.0586989 -0.0585911
1.225 0.0218626 0.0218626 0.0218626 0.0218626 -0.0133871 -0.0134386 -0.0134378 -0.0133757 -0.022838 -0.0228532 -0.0228489 -0.0228316 -0.00872297 -0.0087197 -0.00872038 -0.00872899
1.245 0.0612675 0.0612675 0.0612675 0.0612675 0.0303514 0.030623 0.0306292 0.0303616 -0.0731959 -0.0736032 -0.0736099 -0.0732071 0.0287983 0.0289209 0.0289168 0.0287884
1.265 -0.0171399 -0.0171399 -0.0171399 -0.0171399 0.0256084 0.0258462 0.0258517 0.0256159 -0.00695435 -0.00708852 -0.00709815 -0.00697033 -0.00533651 -0.00530325 -0.0053013 -0.0053333
1.285 -0.0433968 -0.0433968 -0.0433968 -0.0433968 -0.0202647 -0.0205641 -0.0205653 -0.0202872 0.0761878 0.0766191 0.0766221 0.0761983 -0.0394351 -0.0395682 -0.0395682 -0.0394368
1.305 -0.0994155 -0.0994155 -0.0994155 -0.0994155 -0.0260797 -0.0259954 -0.026 -0.0260954 0.0388753 0.0389933 0.0389969 0.0388828 0.00698255 0.00692918 0.00692961 0.00698385
1.325 0.0969867 0.0969867 0.0969867 0.0969867 -0.0107533 -0.0109357 -0.01093 -0.0107338 -0.0500533 -0.0502368 -0.0502274 -0.0500331 0.0750412 0.0751292 0.0751484 0.0750841
1.345 -0.0192377 -0.0192377 -0.0192377 -0.0192377 0.0131187 0.0134841 0.0134954 0.0131412 -0.0447317 -0.045103 -0.0451121 -0.0447473 0.0582588 0.0583702 0.0583811 0.058275
1.365 -0.0423114 -0.0423114 -0.0423114 -0.0423114 -0.0184524 -0.0186092 -0.0186037 -0.018443 0.0498194 0.0500898 0.0500814 0.0498029 -0.0254633 -0.0255492 -0.025553 -0.0254626
1.385 0.075804 0.075804 0.075804 0.075804 -0.000820866 -0.001382 -0.00138406 -0.000825438 0.0579874 0.0584405 0.0584377 0.0579826 -0.0540853 -0.0542079 -0.0542087 -0.0540926
1.405 0.0237731 0.0237731 0.0237731 0.0237731 0.0861173 0.0866409 0.0866363 0.0861226 -0.0294197 -0.029804 -0.0298013 -0.0294156 -0.00902016 -0.00891763 -0.00892156 -0.00902761
1.425 -0.0854306 -0.0854306 -0.0854306 -0.0854306 0.0419733 0.0426741 0.0426829 0.0419827 -0.0305281 -0.0309467 -0.0309473 -0.0305263 0.0144218 0.0145215 0.0145215 0.0144219
1.445 -0.00256779 -0.00256779 -0.00256779 -0.00256779 -0.101818 -0.102553 -0.10254 -0.101788 0.0354189 0.0359295 0.0359295 0.0354159 0.00632577 0.0061929 0.00619176 0.00632357
1.465 0.0631628 0.0631628 0.0631628 0.0631628 -0.0934335 -0.0942051 -0.0942093 -0.093432 -0.00144255 -0.00107478 -0.00107493 -0.00144322 0.0250668 0.0249887 0.0249916 0.0250728
1.485 0.0392136 0.0392136 0.0392136 0.0392136 0.0585444 0.0590926 0.0590862 0.0585292 -0.078427 -0.0789912 -0.0789885 -0.0784205 0.0295046 0.0296699 0.0296665 0.029497
1.505 -0.0609787 -0.0609787 -0.0609787 -0.0609787 0.106491 0.107321 0.107326 0.106481 -0.0121502 -0.0125594 -0.0125764 -0.0121504 -0.0431249 -0.0430295 -0.0430269 -0.0431212
1.525 -0.0942486 -0.0942486 -0.0942486 -0.0942486 -0.030627 -0.0309646 -0.0309583 -0.0306113 0.107604 0.108252 0.108247 0.107599 -0.0980648 -0.0982603 -0.0982483 -0.0980429
1.545 0.011442 0.011442 0.011442 0.011442 -0.108807 -0.109581 -0.109574 -0.108766 0.0306684 0.0312025 0.0311922 0.0306279 -0.0119164 -0.0120621 -0.0120437 -0.0118884
1.565 0.249528 0.249528 0.249528 0.249528 0.00604234 0.005899 0.00594841 0.00613976 -0.151871 -0.152443 -0.152456 -0.15189 0.103586 0.103807 0.103816 0.103567
1.585 -0.113009 -0.113009 -0.113009 -0.113009 0.124831 0.126381 0.126407 0.124862 -0.0989451 -0.100026 -0.100047 -0.0989695 0.0418507 0.0421273 0.0421084 0.0418502
1.605 -0.165665 -0.165665 -0.165665 -0.165665 -0.0362323 -0.0366213 -0.0366523 -0.0362887 0.162813 0.163674 0.16367 0.162799 -0.115713 -0.116034 -0.116029 -0.115737
1.625 -0.00656207 -0.00656207 -0.00656207 -0.00656207 -0.129776 -0.131189 -0.131211 -0.12983 0.147184 0.148416 0.148392 0.147154 -0.0771588 -0.0775275 -0.077529 -0.0771786
1.645 0.139837 0.139837 0.139837 0.139837 0.0339176 0.0342681 0.0342729 0.0339194 -0.151601 -0.152424 -0.152436 -0.15162 0.114397 0.114691 0.114679 0.114398
1.665 0.0493752 0.0493752 0.0493752 0.0493752 0.112309 0.113622 0.113644 0.112377 -0.183581 -0.184962 -0.184958 -0.183617 0.116799 0.117224 0.117253 0.116797
1.685 -0.0838449 -0.0838449 -0.0838449 -0.0838449 -0.0418488 -0.0423368 -0.0423159 -0.0418208 0.119727 0.120474 0.120477 0.119759 -0.084855 -0.0850751 -0.0850757 -0.0848224
1.705 -0.0430513 -0.0430513 -0.0430513 -0.0430513 -0.0953319 -0.0966532 -0.0966592 -0.0953425 0.20141 0.202852 0.202871 0.20146 -0.137196 -0.137602 -0.137573 -0.137139
1.725 0.0510464 0.0510464 0.0510464 0.0510464 0.0700106 0.0705569 0.0705468 0.0699934 -0.0748896 -0.0754775 -0.0754648 -0.0748809 0.0410325 0.041194 0.0412117 0.0410517
1.745 0.054809 0.054809 0.054809 0.054809 0.114881 0.116159 0.116153 0.114867 -0.186887 -0.188276 -0.188284 -0.1869 0.127974 0.128392 0.128392 0.127988
1.765 -0.00344998 -0.00344998 -0.00344998 -0.00344998 -0.0840624 -0.0847897 -0.0847882 -0.0840599 0.052278 0.0528172 0.0528095 0.0522647 -0.00232573 -0.00247275 -0.00247474 -0.0023343
1.785 0.0775794 0.0775794 0.0775794 0.0775794 -0.129472 -0.131233 -0.131225 -0.129448 0.16438 0.16581 0.165805 0.164362 -0.0824381 -0.0828274 -0.0828296 -0.0824431
1.805 -0.183499 -0.183499 -0.183499 -0.183499 0.112236 0.113758 0.11377 0.112273 -0.0343016 -0.0351143 -0.0351167 -0.0343073 0.0105411 0.01072 0.0107172 0.0105364
1.825 0.0934936 0.0934936 0.0934936 0.0934936 0.116459 0.117259 0.11727 0.116482 -0.105 -0.10587 -0.105871 -0.105004 0.061912 0.062174 0.0621761 0.0619159
1.845 -0.112271 -0.112271 -0.112271 -0.112271 -0.0864787 -0.0867547 -0.0867573 -0.0864969 0.0493367 0.0497252 0.0497276 0.0493455 -0.00532909 -0.00545835 -0.00545963 -0.00533207
1.865 -0.0417132 -0.0417132 -0.0417132 -0.0417132 -0.182516 -0.183795 -0.183808 -0.182556 0.0834672 0.0844768 0.084478 0.0834765 -0.0253474 -0.0256213 -0.0256183 -0.0253417
1.885 0.0636127 0.0636127 0.0636127 0.0636127 -0.0109559 -0.0108815 -0.0108881 -0.0110109 -0.101282 -0.101673 -0.101675 -0.101286 0.0369402 0.0370714 0.037072 0.0369416
1.905 0.177969 0.177969 0.177969 0.177969 0.159307 0.160151 0.160182 0.159378 -0.151693 -0.152697 -0.152722 -0.151744 0.000957667 0.0012748 0.00128184 0.000975749
1.925 -0.0956347 -0.0956347 -0.0956347 -0.0956347 0.104346 0.104932 0.104947 0.104385 0.0640751 0.0641514 0.0641362 0.0640492 -0.147481 -0.147541 -0.147547 -0.147481
1.945 0.0841371 0.0841371 0.0841371 0.0841371 -0.0621306 -0.0636492 -0.0636528 -0.0621402 0.179023 0.180429 0.180451 0.179055 -0.154862 -0.155304 -0.155287 -0.154899
1.965 0.136831 0.136831 0.136831 0.136831 0.0156712 0.0154487 0.0154368 0.0156474 -0.03592 -0.0360648 -0.0360436 -0.0358774 0.0622053 0.0622931 0.0622837 0.0622232
1.985 -0.0417116 -0.0417116 -0.0417116 -0.0417116 0.106407 0.107948 0.107947 0.106341 -0.155785 -0.157252 -0.157214 -0.155691 0.203884 0.204318 0.204323 0.203978
2.005 -0.189907 -0.189907 -0.189907 -0.189907 -0.071437 -0.0714348 -0.0714372 -0.0715119 0.0820999 0.0823453 0.0823887 0.0822297 0.101165 0.101057 0.101065 0.101147
2.025 -0.0763683 -0.0763683 -0.0763683 -0.0763683 -0.203971 -0.205762 -0.205758 -0.203932 0.230457 0.232079 0.232058 0.230379 0.00351573 0.00304574 0.00303377 0.00348986
2.045 0.0720542 0.0720542 0.0720542 0.0720542 0.0224328 0.0224441 0.022492 0.0225314 -0.00478395 -0.0049718 -0.00502905 -0.00489477 0.0755149 0.0755707 0.0755556 0.0754876
2.065 -0.112589 -0.112589 -0.112589 -0.112589 0.218755 0.221215 0.221243 0.218795 -0.163691 -0.165518 -0.165549 -0.163745 0.0870831 0.087556 0.0875578 0.0870822
2.085 -0.0151617 -0.0151617 -0.0151617 -0.0151617 -0.0175943 -0.0179234 -0.0179182 -0.0175815 0.0495953 0.0500129 0.0500188 0.0496025 -0.0808915 -0.0810164 -0.0810176 -0.0808925
2.105 0.0842555 0.0842555 0.0842555 0.0842555 -0.198402 -0.200624 -0.200612 -0.198476 0.136849 0.138568 0.138572 0.136889 -0.153697 -0.15415 -0.154143 -0.153685
2.125 0.120845 0.120845 0.120845 0.120845 0.0299244 0.0301837 0.0302436 0.0300527 -0.142493 -0.14301 -0.143025 -0.142506 -0.0245337 -0.024352 -0.0243461 -0.0245242
2.145 -0.0886522 -0.0886522 -0.0886522 -0.0886522 0.176383 0.178669 0.178773 0.176564 -0.242641 -0.244467 -0.244523 -0.242757 0.0108695 0.0113641 0.0113723 0.010882
2.165 -0.0248446 -0.0248446 -0.0248446 -0.0248446 -0.101786 -0.102589 -0.102533 -0.101675 0.0469994 0.0477691 0.0477163 0.0468977 -0.135982 -0.136198 -0.136187 -0.135956
2.185 0.0709828 0.0709828 0.0709828 0.0709828 -0.200269 -0.202388 -0.20242 -0.200305 0.128035 0.129677 0.129671 0.128011 -0.149551 -0.149984 -0.149976 -0.149531
2.205 -0.0638002 -0.0638002 -0.0638002 -0.0638002 0.0653497 0.0665067 0.0664656 0.0652844 -0.140086 -0.14105 -0.141032 -0.140056 0.0286123 0.0288769 0.0288789 0.0286169
2.225 -0.0927492 -0.0927492 -0.0927492 -0.0927492 0.1111 0.112831 0.112815 0.11105 -0.176277 -0.1777 -0.177687 -0.176243 0.0798366 0.0802309 0.0802365 0.0798484
2.245 0.111791 0.111791 0.111791 0.111791 -0.131093 -0.132694 -0.132691 -0.131087 0.0967965 0.0979182 0.0979281 0.0968179 -0.0450759 -0.0453668 -0.0453745 -0.0450922
2.265 0.0468785 0.0468785 0.0468785 0.0468785 -0.0770311 -0.0782197 -0.0782137 -0.0770142 0.138091 0.139133 0.139129 0.138082 -0.060562 -0.0608509 -0.0608491 -0.0605584
2.285 -0.00866674 -0.00866674 -0.00866674 -0.00866674 0.19999 0.201551 0.201579 0.200112 -0.0554486 -0.0565487 -0.0565572 -0.0554842 0.0598791 0.0601643 0.0601577 0.0598674
2.305 -0.117098 -0.117098 -0.117098 -0.117098 0.140302 0.141789 0.141824 0.140364 -0.0155541 -0.0164615 -0.0164814 -0.0155916 0.087935 0.0881511 0.0881617 0.0879569
2.325 0.231196 0.231196 0.231196 0.231196 -0.134242 -0.13647 -0.136473 -0.134261 0.170845 0.172266 0.172268 0.170852 0.0453996 0.0450471 0.0450421 0.0453892
2.345 0.116313 0.116313 0.116313 0.116313 0.00333819 0.00268524 0.00266964 0.0033049 0.0917483 0.092092 0.0921132 0.0917771 0.10114 0.101068 0.10108 0.101166
2.365 -0.328026 -0.328026 -0.328026 -0.328026 0.221349 0.224108 0.224064 0.221239 -0.0248773 -0.0264507 -0.0264199 -0.0248033 0.151014 0.151369 0.151356 0.150983
2.385 -0.283128 -0.283128 -0.283128 -0.283128 -0.0589153 -0.0586242 -0.058644 -0.0589314 0.121416 0.121655 0.121655 0.121412 0.0764877 0.0763699 0.0763759 0.0765015
2.405 0.289885 0.289885 0.289885 0.289885 -0.316822 -0.320247 -0.320223 -0.316773 0.131282 0.133265 0.133257 0.131264 0.0467098 0.046229 0.0462188 0.0466876
2.425 0.222904 0.222904 0.222904 0.222904 0.059905 0.0602407 0.0602584 0.0599386 -0.18254 -0.183451 -0.183465 -0.182567 0.0905833 0.090893 0.0908964 0.0905898
2.445 0.0506075 0.0506075 0.0506075 0.0506075 0.375735 0.378493 0.378488 0.375768 -0.19538 -0.197501 -0.197525 -0.195557 -0.0601913 -0.0596411 -0.0596409 -0.0601865
2.465 -0.0763063 -0.0763063 -0.0763063 -0.0763063 0.11879 0.118699 0.118687 0.118768 0.20362 0.204615 0.20456 0.203577 -0.32028 -0.320483 -0.320489 -0.320136
2.485 -0.274738 -0.274738 -0.274738 -0.274738 -0.199537 -0.200912 -0.200911 -0.199555 0.252577 0.254488 0.254465 0.25256 -0.229417 -0.229986 -0.229978 -0.229401
2.505 0.126571 0.126571 0.126571 0.126571 -0.218923 -0.219812 -0.219789 -0.219009 -0.224266 -0.224629 -0.224608 -0.224219 0.187294 0.187459 0.187444 0.187247
2.525 0.00134078 0.00134078 0.00134078 0.00134078 -0.0753977 -0.0738718 -0.0738019 -0.0752813 -0.456771 -0.459066 -0.458967 -0.456601 0.321908 0.322647 0.322697 0.321946
2.545 -0.188257 -0.188257 -0.188257 -0.188257 -0.133906 -0.133937 -0.133872 -0.13374 -0.0401604 -0.0399436 -0.039881 -0.0400429 -0.0609757 -0.0610067 -0.0610015 -0.0609585
2.565 0.0910549 0.0910549 0.0910549 0.0910549 -0.116821 -0.119314 -0.119293 -0.116762 0.284253 0.286661 0.286599 0.284006 -0.406519 -0.407309 -0.407311 -0.406568
2.585 -0.0150379 -0.0150379 -0.0150379 -0.0150379 0.264801 0.266256 0.266268 0.26479 -0.0158481 -0.0163573 -0.0164505 -0.0159732 -0.28395 -0.283815 -0.283891 -0.284029
2.605 0.0808564 0.0808564 0.0808564 0.0808564 0.297437 0.299909 0.299955 0.297473 -0.270678 -0.27275 -0.272815 -0.270745 -0.0166865 -0.016088 -0.0160811 -0.016711
2.625 -0.245551 -0.245551 -0.245551 -0.245551 -0.204057 -0.204168 -0.204141 -0.203985 -0.0395488 -0.0393968 -0.0393839 -0.0395511 0.0517224 0.0516516 0.0516524 0.0517235
2.645 0.0802909 0.0802909 0.0802909 0.0802909 -0.550203 -0.554221 -0.554252 -0.550289 0.124307 0.126781 0.12681 0.124374 0.0771694 0.0765536 0.0765618 0.0771953
2.665 0.161282 0.161282 0.161282 0.161282 -0.0683385 -0.0685984 -0.0686255 -0.0683742 -0.154277 -0.154822 -0.154803 -0.154243 0.166735 0.166951 0.166963 0.166758
2.685 0.0104575 0.0104575 0.0104575 0.0104575 0.470898 0.474496 0.474501 0.470909 -0.193503 -0.196102 -0.196103 -0.193502 0.0384476 0.0391425 0.0391453 0.0384542
2.705 0.0935458 0.0935458 0.0935458 0.0935458 0.30341 0.303564 0.30359 0.303333 0.29396 0.294756 0.294756 0.293955 -0.265775 -0.266052 -0.266056 -0.265785
2.725 0.0165451 0.0165451 0.0165451 0.0165451 0.0158332 0.0140674 0.0141437 0.0160254 0.46203 0.464336 0.464327 0.461966 -0.198153 -0.198849 -0.198852 -0.198142
2.745 -0.172152 -0.172152 -0.172152 -0.172152 0.00454168 0.00548091 0.005478 0.0046247 0.0109736 0.0102355 0.0102444 0.0111257 0.309941 0.310132 0.310107 0.309928
2.765 -0.0675337 -0.0675337 -0.0675337 -0.0675337 -0.127165 -0.126298 -0.126331 -0.127287 -0.247622 -0.249373 -0.249279 -0.247393 0.608555 0.609128 0.609226 0.608594
2.785 0.193163 0.193163 0.193163 0.193163 -0.306369 -0.308733 -0.308755 -0.306429 0.035305 0.0361191 0.0360779 0.0352283 0.351121 0.351031 0.351076 0.351265
2.805 0.15005 0.15005 0.15005 0.15005 0.0474056 0.0461415 0.0461419 0.0474162 0.258247 0.259478 0.259403 0.258092 -0.0773802 -0.0777224 -0.0776878 -0.0773024
2.825 -0.134724 -0.134724 -0.134724 -0.134724 0.55987 0.562901 0.562934 0.559844 0.170574 0.169625 0.169577 0.170504 -0.271512 -0.271369 -0.271349 -0.271484
2.845 -0.0980957 -0.0980957 -0.0980957 -0.0980957 0.368986 0.371096 0.371153 0.369111 0.100211 0.0995629 0.0995429 0.100178 -0.202858 -0.202747 -0.202737 -0.202831
2.865 0.0735722 0.0735722 0.0735722 0.0735722 -0.262609 -0.264526 -0.264481 -0.262485 0.0328689 0.0339707 0.0339786 0.0328759 0.0429679 0.0426998 0.0426916 0.0429498
2.885 0.226597 0.226597 0.226597 0.226597 -0.460976 -0.463646 -0.463619 -0.460994 -0.216179 -0.215696 -0.215702 -0.21617 0.290208 0.290202 0.290204 0.290208
2.905 0.0427108 0.0427108 0.0427108 0.0427108 -0.0846076 -0.0838532 -0.0838442 -0.0846032 -0.342418 -0.343951 -0.343964 -0.342439 0.216509 0.216998 0.217001 0.216516
2.925 -0.0326237 -0.0326237 -0.0326237 -0.0326237 0.200091 0.201288 0.201289 0.20012 -0.0136393 -0.0140462 -0.0140527 -0.0136645 -0.22468 -0.224607 -0.22461 -0.224687
2.945 -0.0401033 -0.0401033 -0.0401033 -0.0401033 0.209395 0.209159 0.209167 0.209387 0.313611 0.315286 0.315255 0.313735 -0.525409 -0.525741 -0.525775 -0.525266
2.965 -0.127294 -0.127294 -0.127294 -0.127294 0.1418 0.142389 0.142399 0.141807 0.118418 0.118779 0.11873 0.118315 -0.277644 -0.277788 -0.277784 -0.277678
2.985 -0.198889 -0.198889 -0.198889 -0.198889 -0.11686 -0.115726 -0.115726 -0.11685 -0.256216 -0.257605 -0.257646 -0.256361 0.209115 0.209443 0.20943 0.209057
3.005 -0.137864 -0.137864 -0.137864 -0.137864 -0.520766 -0.52199 -0.521965 -0.520671 -0.278571 -0.278812 -0.278843 -0.278636 0.377816 0.377935 0.377909 0.377784
3.025 0.0862436 0.0862436 0.0862436 0.0862436 -0.505726 -0.508588 -0.508581 -0.505687 -0.103229 -0.102 -0.10199 -0.103211 0.141003 0.140754 0.140754 0.140995
3.045 0.104459 0.104459 0.104459 0.104459 0.130624 0.130997 0.130974 0.130549 -0.0551502 -0.055284 -0.0552504 -0.0550805 -0.223163 -0.223118 -0.223125 -0.223178
3.065 0.122378 0.122378 0.122378 0.122378 0.626196 0.629069 0.629072 0.626271 0.0125228 0.0115482 0.0116528 0.0128069 -0.483652 -0.483385 -0.483369 -0.483608
3.085 0.101689 0.101689 0.101689 0.101689 0.400298 0.401208 0.401197 0.400239 0.18069 0.181042 0.181028 0.180661 -0.453878 -0.454064 -0.454076 -0.453929
3.105 0.023497 0.023497 0.023497 0.023497 -0.12957 -0.130999 -0.131035 -0.129661 0.128562 0.129634 0.12955 0.128395 -0.0302605 -0.0305632 -0.0305582 -0.0302565
3.125 0.039225 0.039225 0.039225 0.039225 -0.369455 -0.370766 -0.370777 -0.369466 -0.163656 -0.163954 -0.163996 -0.163749 0.496204 0.496361 0.49635 0.49619
3.145 0.0359497 0.0359497 0.0359497 0.0359497 -0.230585 -0.230783 -0.230774 -0.230571 -0.212707 -0.213842 -0.213839 -0.212581 0.597774 0.598172 0.598189 0.597834
3.165 -0.275219 -0.275219 -0.275219 -0.275219 0.0239726 0.0246876 0.0246556 0.0238482 0.168857 0.16879 0.16883 0.168881 0.185583 0.185543 0.185562 0.185594
3.185 -0.0420399 -0.0420399 -0.0420399 -0.0420399 0.209426 0.208953 0.209044 0.209516 0.467009 0.468599 0.468582 0.466968 -0.210557 -0.211069 -0.211065 -0.210531
3.205 -0.237377 -0.237377 -0.237377 -0.237377 0.344975 0.34694 0.347026 0.345183 0.25167 0.251503 0.251475 0.25163 -0.15138 -0.151458 -0.151455 -0.151378
3.225 -0.0311657 -0.0311657 -0.0311657 -0.0311657 0.0623063 0.0633347 0.0633788 0.0623936 -0.0968417 -0.0978204 -0.0978327 -0.0968709 0.152566 0.152839 0.15284 0.152568
3.245 0.175782 0.175782 0.175782 0.175782 -0.375566 -0.377467 -0.377476 -0.37559 -0.203917 -0.203758 -0.203758 -0.203921 0.278033 0.278093 0.278092 0.278031
3.265 0.211672 0.211672 0.211672 0.211672 -0.345161 -0.347359 -0.347402 -0.345309 -0.170302 -0.169729 -0.169726 -0.170294 0.102112 0.102052 0.102054 0.102115
3.285 -0.0771755 -0.0771755 -0.0771755 -0.0771755 0.124613 0.125852 0.125786 0.124511 -0.109938 -0.110527 -0.110519 -0.109928 -0.234909 -0.234773 -0.234774 -0.23491
3.305 0.192875 0.192875 0.192875 0.192875 0.370423 0.371453 0.371455 0.370451 0.0184628 0.0183163 0.0182782 0.018339 -0.49651 -0.496508 -0.496505 -0.496503
3.325 0.021861 0.021861 0.021861 0.021861 0.262469 0.263283 0.263319 0.262527 0.0710468 0.071276 0.0712187 0.0709631 -0.442821 -0.442969 -0.442959 -0.442847
3.345 -0.347026 -0.347026 -0.347026 -0.347026 -0.131583 -0.131121 -0.1311 -0.131542 -0.0386289 -0.0385681 -0.0385812 -0.0386319 -0.073923 -0.0739647 -0.0739727 -0.0739124
3.365 -0.0480307 -0.0480307 -0.0480307 -0.0480307 -0.571257 -0.573473 -0.573472 -0.571248 -0.212275 -0.211775 -0.211754 -0.212242 0.313618 0.313573 0.313578 0.313624
3.385 0.511297 0.511297 0.511297 0.511297 -0.401758 -0.404446 -0.40445 -0.401775 -0.322912 -0.322948 -0.322931 -0.322881 0.374257 0.374455 0.37446 0.374266
3.405 0.23881 0.23881 0.23881 0.23881 0.357554 0.359328 0.359322 0.357534 -0.120871 -0.122377 -0.122374 -0.120861 -0.00919143 -0.00875763 -0.00875791 -0.009189
3.425 -0.209186 -0.209186 -0.209186 -0.209186 0.70877 0.71186 0.711891 0.70878 0.419371 0.419283 0.419266 0.419376 -0.474946 -0.475102 -0.475106 -0.474962
3.445 -0.448525 -0.448525 -0.448525 -0.448525 0.285998 0.286669 0.286954 0.286489 0.650501 0.652446 0.652461 0.650538 -0.365364 -0.366092 -0.366083 -0.365334
3.465 0.00344013 0.00344013 0.00344013 0.00344013 -0.326196 -0.328163 -0.328051 -0.325987 0.132587 0.133523 0.133564 0.132604 0.409568 0.40932 0.409289 0.4095
3.485 0.0632438 0.0632438 0.0632438 0.0632438 -0.477014 -0.477386 -0.477485 -0.477226 -0.479692 -0.48167 -0.481286 -0.478955 1.00204 1.0028 1.00291 1.00245
3.505 -0.200561 -0.200561 -0.200561 -0.200561 -0.332509 -0.332257 -0.332349 -0.332698 -0.273078 -0.274386 -0.274294 -0.272807 0.633762 0.634222 0.63425 0.633815
3.525 -0.354307 -0.354307 -0.354307 -0.354307 -0.100125 -0.101182 -0.101217 -0.100206 0.374924 0.37698 0.376893 0.374726 -0.289329 -0.290014 -0.29006 -0.289422
3.545 0.00294469 0.00294469 0.00294469 0.00294469 0.30217 0.30192 0.301942 0.302174 0.361506 0.36332 0.363214 0.361344 -0.73406 -0.734516 -0.734567 -0.734059
3.565 0.124302 0.124302 0.124302 0.124302 0.541057 0.544517 0.5445 0.541099 -0.264179 -0.266392 -0.266261 -0.264229 -0.478077 -0.477573 -0.4776 -0.478201
3.585 -0.0802785 -0.0802785 -0.0802785 -0.0802785 -0.0170347 -0.0149462 -0.0152147 -0.0171373 -0.498839 -0.500603 -0.500389 -0.498377 -0.14744 -0.146953 -0.147003 -0.147551
3.605 -0.25104 -0.25104 -0.25104 -0.25104 -0.899549 -0.903383 -0.90356 -0.900094 -0.26577 -0.263718 -0.263542 -0.265367 -0.0720584 -0.0725458 -0.0726132 -0.0721842
3.625 -0.0428587 -0.0428587 -0.0428587 -0.0428587 -0.908895 -0.913287 -0.913424 -0.909196 -0.341288 -0.339326 -0.339277 -0.341205 -0.0833209 -0.0837399 -0.0837576 -0.0833713
3.645 0.126876 0.126876 0.126876 0.126876 -0.000973045 0.00040874 0.000322096 -0.00115467 -0.62752 -0.62953 -0.629546 -0.627496 -0.235021 -0.23438 -0.234431 -0.235124
3.665 0.203043 0.203043 0.203043 0.203043 0.573901 0.577245 0.577336 0.57408 -0.324117 -0.326065 -0.325825 -0.323782 -0.671744 -0.671209 -0.671242 -0.671764
3.685 0.421992 0.421992 0.421992 0.421992 0.377407 0.37638 0.376514 0.377638 0.300417 0.302596 0.302647 0.300664 -0.916424 -0.917076 -0.916954 -0.916322
3.705 0.461008 0.461008 0.461008 0.461008 0.232727 0.231213 0.231262 0.23284 0.271615 0.273164 0.273077 0.271488 -0.379355 -0.379764 -0.379648 -0.379151
3.725 -0.0352769 -0.0352769 -0.0352769 -0.0352769 0.241352 0.244512 0.244407 0.241728 -0.127557 -0.130138 -0.130194 -0.127743 0.555144 0.555897 0.555938 0.555303
3.745 0.458018 0.458018 0.458018 0.458018 -0.0982433 -0.100602 -0.100084 -0.0980339 0.0864919 0.0860905 0.086206 0.0871499 1.01356 1.01377 1.01373 1.01331
3.765 0.234219 0.234219 0.234219 0.234219 -0.0242264 -0.0269306 -0.0271627 -0.0241349 0.674766 0.676336 0.676537 0.674853 0.892221 0.891771 0.891601 0.892002
3.785 0.0916144 0.0916144 0.0916144 0.0916144 0.627626 0.62846 0.628297 0.627125 0.955386 0.956035 0.955857 0.955278 0.684656 0.684273 0.684201 0.684456
3.805 0.295323 0.295323 0.295323 0.295323 1.10681 1.10984 1.10954 1.1063 0.924892 0.923929 0.923878 0.924783 0.675676 0.67578 0.67577 0.675648
3.825 0.0749395 0.0749395 0.0749395 0.0749395 0.87332 0.87568 0.875652 0.872983 0.909469 0.908804 0.908708 0.909479 0.816541 0.816585 0.816595 0.816561
3.845 -0.428929 -0.428929 -0.428929 -0.428929 0.0585125 0.0584246 0.0585494 0.0588818 0.858829 0.859876 0.859793 0.858803 1.01906 1.01862 1.0187 1.01901
3.865 -0.090572 -0.090572 -0.090572 -0.090572 -0.530875 -0.534226 -0.534128 -0.530643 0.44596 0.447504 0.447451 0.44593 1.16006 1.15969 1.15968 1.16008
3.885 0.0851002 0.0851002 0.0851002 0.0851002 -0.27288 -0.273458 -0.273449 -0.272914 -0.13889 -0.140111 -0.140142 -0.13894 0.88684 0.887267 0.88729 0.886911
3.905 -0.056212 -0.056212 -0.056212 -0.056212 0.229762 0.232207 0.232141 0.2297 -0.229948 -0.231826 -0.231803 -0.22999 -0.0358648 -0.0353722 -0.0353465 -0.0358498
3.925 -0.529943 -0.529943 -0.529943 -0.529943 0.210208 0.212012 0.211868 0.210161 0.0549917 0.0548698 0.0545374 0.0531408 -1.08452 -1.08533 -1.08537 -1.08497
3.945 -1.02245 -1.02245 -1.02245 -1.02245 -0.377712 -0.375325 -0.374782 -0.374655 -0.191792 -0.190209 -0.189993 -0.192222 -1.39123 -1.39185 -1.39201 -1.39113
3.965 -1.10918 -1.10918 -1.10918 -1.10918 -1.2139 -1.21534 -1.2145 -1.21367 -1.17445 -1.1744 -1.17429 -1.1741 -0.930876 -0.930672 -0.930497 -0.930546
3.985 -0.831885 -0.831885 -0.831885 -0.831885 -1.91482 -1.91734 -1.91756 -1.91527 -2.02366 -2.02499 -2.02501 -2.0235 -0.653878 -0.653136 -0.652962 -0.653551
4.005 -0.735408 -0.735408 -0.735408 -0.735408 -1.97679 -1.97956 -1.98028 -1.97654 -2.08801 -2.08839 -2.08836 -2.08828 -1.2732 -1.27271 -1.27291 -1.27316
4.025 -0.511083 -0.511083 -0.511083 -0.511083 -1.25779 -1.25972 -1.2594 -1.25707 -1.715 -1.71413 -1.71354 -1.7155 -2.39953 -2.40012 -2.39954 -2.39928
4.045 0.203746 0.203746 0.203746 0.203746 -0.225916 -0.225458 -0.225301 -0.225692 -1.51523 -1.51422 -1.51423 -1.514 -3.09179 -3.0914 -3.09114 -3.09087
4.065 0.976495 0.976495 0.976495 0.976495 0.414689 0.416439 0.416278 0.414347 -1.46475 -1.46589 -1.46645 -1.46483 -2.84616 -2.84544 -2.8456 -2.84615
4.085 1.269 1.269 1.269 1.269 0.38728 0.387283 0.387099 0.386843 -1.11369 -1.11514 -1.1154 -1.1145 -1.83514 -1.83464 -1.83461 -1.83525
4.105 0.943317 0.943317 0.943317 0.943317 0.0893136 0.0868287 0.0871316 0.0892534 -0.337359 -0.337164 -0.337092 -0.337447 -0.463262 -0.463247 -0.463391 -0.463552
4.125 0.865694 0.865694 0.865694 0.865694 0.202107 0.191695 0.190785 0.198204 0.560104 0.560382 0.559514 0.559888 0.951325 0.951351 0.951605 0.951473
4.145 0.403711 0.403711 0.403711 0.403711 0.923764 0.918761 0.92106 0.923322 1.42617 1.42693 1.42827 1.42998 2.12118 2.12158 2.12157 2.1216
4.165 0.0777101 0.0777101 0.0777101 0.0777101 1.51949 1.52295 1.5219 1.51798 2.40797 2.40776 2.4084 2.40692 2.87671 2.87664 2.8771 2.87735
4.185 0.0306244 0.0306244 0.0306244 0.0306244 1.57229 1.57799 1.57677 1.57395 3.18896 3.18829 3.18768 3.18627 3.39793 3.39716 3.39672 3.39718
4.205 0.168039 0.168039 0.168039 0.168039 1.51106 1.50903 1.51174 1.5114 3.22477 3.22555 3.22406 3.22328 3.88067 3.88014 3.88044 3.88144
4.225 0.169975 0.169975 0.169975 0.169975 1.47781 1.47913 1.47936 1.47923 2.73618 2.7353 2.73498 2.73561 4.03638 4.03628 4.03627 4.03641
4.245 0.0953965 0.0953965 0.0953965 0.0953965 1.18882 1.19088 1.19045 1.18876 2.32379 2.32348 2.3238 2.32456 3.42945 3.42945 3.42967 3.42976
4.265 0.402997 0.402997 0.402997 0.402997 0.780259 0.779011 0.778814 0.779427 1.91545 1.91742 1.9179 1.91637 2.19431 2.19381 2.19387 2.19454
4.285 0.659741 0.659741 0.659741 0.659741 0.770889 0.769464 0.769473 0.769417 1.01869 1.01966 1.01974 1.02013 0.860573 0.860299 0.860367 0.86069
4.305 -0.0749383 -0.0749383 -0.0749383 -0.0749383 0.699549 0.705557 0.70299 0.699349 -0.0769026 -0.0828156 -0.0819145 -0.0787878 -0.353806 -0.352874 -0.352871 -0.35329
4.325 0.134138 0.134138 0.134138 0.134138 -0.264546 -0.280386 -0.279203 -0.258821 -0.842457 -0.840676 -0.841965 -0.843196 -1.42799 -1.42807 -1.42761 -1.42784
4.345 0.116255 0.116255 0.116255 0.116255 -1.2523 -1.27132 -1.27628 -1.25758 -1.64576 -1.64048 -1.64085 -1.64312 -2.15633 -2.1572 -2.15767 -2.15796
4.365 -0.463054 -0.463054 -0.463054 -0.463054 -1.51366 -1.51512 -1.51388 -1.51067 -2.55417 -2.55922 -2.55645 -2.55898 -2.5919 -2.59108 -2.59165 -2.59241
4.385 -0.36078 -0.36078 -0.36078 -0.36078 -1.5606 -1.55715 -1.55371 -1.56023 -2.92557 -2.92829 -2.92864 -2.92557 -3.07339 -3.07293 -3.07312 -3.07415
4.405 0.0634829 0.0634829 0.0634829 0.0634829 -1.5315 -1.53278 -1.53313 -1.53131 -2.66968 -2.66742 -2.66751 -2.6668 -3.53203 -3.53254 -3.53254 -3.53278
4.425 -0.00366382 -0.00366382 -0.00366382 -0.00366382 -1.03975 -1.04183 -1.04204 -1.0394 -2.32238 -2.32164 -2.32106 -2.3218 -3.50032 -3.49981 -3.49965 -3.49951
4.445 -0.538658 -0.538658 -0.538658 -0.538658 -0.582518 -0.580658 -0.580148 -0.581724 -1.93432 -1.93593 -1.93563 -1.93433 -2.78985 -2.78939 -2.78957 -2.79033
4.465 -0.568305 -0.568305 -0.568305 -0.568305 -0.795588 -0.795669 -0.795528 -0.795465 -1.24945 -1.24979 -1.25023 -1.2503 -1.61698 -1.61677 -1.61654 -1.61653
4.485 -0.829792 -0.829792 -0.829792 -0.829792 -1.09874 -1.09909 -1.0994 -1.09722 -0.526969 -0.52578 -0.52581 -0.526492 -0.244772 -0.245114 -0.245134 -0.244858
4.505 -0.738667 -0.738667 -0.738667 -0.738667 -0.834901 -0.83023 -0.829772 -0.83764 0.00236635 0.00244292 0.0015737 0.00412111 0.963846 0.964239 0.964599 0.964299
4.525 -0.796583 -0.796583 -0.796583 -0.796583 -0.0994732 -0.0976122 -0.092993 -0.0955742 0.588739 0.586636 0.585165 0.587714 1.59619 1.59705 1.59695 1.59687
4.545 -0.983021 -0.983021 -0.983021 -0.983021 0.457212 0.460244 0.460762 0.45881 1.38059 1.37893 1.38043 1.37918 1.63069 1.63037 1.63015 1.63035
4.565 -0.771972 -0.771972 -0.771972 -0.771972 0.560716 0.558266 0.558322 0.556538 1.83021 1.83288 1.83299 1.83124 1.57737 1.57643 1.57671 1.5776
4.585 -0.262394 -0.262394 -0.262394 -0.262394 0.496085 0.495409 0.493783 0.493164 1.46638 1.46793 1.46818 1.46771 1.7659 1.76544 1.76524 1.76569
4.605 0.727083 0.727083 0.727083 0.727083 0.509131 0.508879 0.508062 0.508272 0.761686 0.760606 0.761021 0.762176 1.80579 1.80607 1.80596 1.80551
4.625 1.01795 1.01795 1.01795 1.01795 0.720507 0.720973 0.721336 0.720972 0.506583 0.505058 0.505024 0.506487 1.18251 1.18298 1.18294 1.1824
4.645 0.743468 0.743468 0.743468 0.743468 0.941187 0.942143 0.942629 0.941804 0.732817 0.73343 0.733355 0.73298 0.128918 0.128699 0.128607 0.128698
4.665 0.356823 0.356823 0.356823 0.356823 0.904436 0.906361 0.906008 0.905466 0.733679 0.733613 0.733894 0.733 -0.526032 -0.526617 -0.526339 -0.525943
4.685 0.256335 0.256335 0.256335 0.256335 0.451832 0.452474 0.451421 0.450597 0.152641 0.152223 0.151809 0.153148 -0.381126 -0.3811 -0.381184 -0.380904
4.705 0.44197 0.44197 0.44197 0.44197 -0.252607 -0.254977 -0.257041 -0.256426 -0.528818 -0.529403 -0.529602 -0.528821 0.0689554 0.0692038 0.0692362 0.0688095
4.725 0.966808 0.966808 0.966808 0.966808 -0.606772 -0.61222 -0.610482 -0.605943 -0.742306 -0.741984 -0.742042 -0.742653 0.1017 0.10208 0.102126 0.10184
4.745 1.29493 1.29493 1.29493 1.29493 0.0485117 0.047289 0.0488324 0.0526787 -0.486956 -0.48708 -0.486503 -0.486982 -0.415754 -0.415392 -0.415433 -0.415718
4.765 0.151393 0.151393 0.151393 0.151393 1.09824 1.10513 1.10688 1.10233 0.0659778 0.0646883 0.065219 0.0663009 -0.995265 -0.995086 -0.995244 -0.995617
4.785 -0.269597 -0.269597 -0.269597 -0.269597 0.955781 0.960434 0.960538 0.956791 0.648355 0.649492 0.649095 0.648395 -0.931371 -0.931857 -0.93174 -0.931273
4.805 0.0182274 0.0182274 0.0182274 0.0182274 -0.0833706 -0.0874557 -0.0874178 -0.0853377 0.564795 0.566414 0.566139 0.56396 0.130401 0.129702 0.129702 0.130416
4.825 0.104159 0.104159 0.104159 0.104159 -0.639061 -0.642416 -0.643535 -0.640645 -0.122732 -0.123978 -0.123788 -0.123215 1.47349 1.47403 1.47392 1.47365
4.845 -0.495625 -0.495625 -0.495625 -0.495625 -0.495652 -0.494444 -0.494726 -0.496461 -0.215733 -0.218814 -0.218936 -0.215781 1.79095 1.79137 1.79183 1.79063
4.865 -0.956659 -0.956659 -0.956659 -0.956659 -0.280693 -0.279799 -0.279454 -0.28 0.638324 0.639396 0.639393 0.63847 0.850991 0.850614 0.850475 0.851041
4.885 -0.24532 -0.24532 -0.24532 -0.24532 0.0815985 0.0791888 0.079658 0.0829385 1.0634 1.06791 1.06787 1.06361 -0.131469 -0.132811 -0.132897 -0.131573
4.905 0.192751 0.192751 0.192751 0.192751 0.792584 0.795455 0.795778 0.793311 0.276503 0.275331 0.275209 0.275927 -0.281814 -0.281788 -0.281628 -0.281763
4.925 -0.315941 -0.315941 -0.315941 -0.315941 0.700929 0.707412 0.707839 0.701204 -0.448149 -0.452767 -0.453262 -0.448216 -0.122762 -0.121587 -0.121639 -0.122749
4.945 -1.17719 -1.17719 -1.17719 -1.17719 -0.821048 -0.822156 -0.822835 -0.826849 -0.275208 -0.27443 -0.27435 -0.275077 -0.240815 -0.241156 -0.241159 -0.240897
4.965 -0.963694 -0.963694 -0.963694 -0.963694 -2.11538 -2.12414 -2.12696 -2.11854 -0.428542 -0.423579 -0.422766 -0.427787 -0.33946 -0.340772 -0.34083 -0.339474
4.985 -0.419749 -0.419749 -0.419749 -0.419749 -1.58758 -1.58752 -1.58755 -1.58471 -1.55182 -1.55322 -1.55333 -1.55266 -0.41452 -0.413641 -0.413417 -0.413604
5.005 -0.149193 -0.149193 -0.149193 -0.149193 -0.321971 -0.317238 -0.316117 -0.318965 -2.07009 -2.0747 -2.0763 -2.07059 -1.23634 -1.23482 -1.23439 -1.23577
5.025 -0.377344 -0.377344 -0.377344 -0.377344 -0.0647082 -0.0624544 -0.0612562 -0.0627178 -1.12468 -1.12411 -1.12342 -1.127 -2.66942 -2.66921 -2.66883 -2.66868
5.045 -0.434579 -0.434579 -0.434579 -0.434579 -0.546706 -0.54974 -0.549646 -0.546443 -0.472928 -0.466941 -0.466263 -0.47228 -3.12801 -3.12951 -3.1297 -3.12839
5.065 -0.161469 -0.161469 -0.161469 -0.161469 -0.753903 -0.754876 -0.755338 -0.754697 -1.35734 -1.35692 -1.35718 -1.35662 -1.88739 -1.88734 -1.88739 -1.88747
5.085 0.406153 0.406153 0.406153 0.406153 -0.863617 -0.863026 -0.863399 -0.864439 -2.16217 -2.16755 -2.16738 -2.16207 -0.395087 -0.393451 -0.393575 -0.395374
5.105 1.33363 1.33363 1.33363 1.33363 -0.837231 -0.84267 -0.842779 -0.837462 -1.27845 -1.27924 -1.27914 -1.27854 -0.13674 -0.136132 -0.136161 -0.136812
5.125 1.27367 1.27367 1.27367 1.27367 0.356805 0.354122 0.353144 0.36114 0.359325 0.362016 0.361611 0.358155 -0.612884 -0.613537 -0.613584 -0.612871
5.145 0.910333 0.910333 0.910333 0.910333 2.14762 2.16515 2.17038 2.15009 1.38265 1.3792 1.37958 1.38078 -0.435519 -0.43546 -0.435135 -0.434821
5.165 1.01553 1.01553 1.01553 1.01553 2.70446 2.71516 2.71204 2.70213 1.90278 1.90153 1.90092 1.90526 0.865606 0.865309 0.865528 0.865041
5.185 0.885536 0.885536 0.885536 0.885536 1.63414 1.63337 1.62973 1.63173 2.40311 2.40317 2.40268 2.40077 2.76957 2.77023 2.77037 2.77102
5.205 0.106858 0.106858 0.106858 0.106858 0.453922 0.447453 0.447491 0.451598 2.70438 2.70578 2.70559 2.6992 4.4589 4.4565 4.45646 4.45491
5.225 -0.315112 -0.315112 -0.315112 -0.315112 0.340474 0.339557 0.340723 0.342237 2.68351 2.68535 2.68927 2.69019 5.12194 5.12252 5.12141 5.12195
5.245 -0.314896 -0.314896 -0.314896 -0.314896 1.00557 1.01 1.01077 1.00765 2.73416 2.73477 2.73768 2.74326 4.36962 4.36985 4.37031 4.37034
5.265 0.333298 0.333298 0.333298 0.333298 1.71574 1.7187 1.71873 1.71591 2.75342 2.75381 2.75531 2.7557 2.70027 2.69957 2.6999 2.70054
5.285 -0.0359685 -0.0359685 -0.0359685 -0.0359685 1.94964 1.95426 1.95383 1.94862 2.20964 2.20903 2.20815 2.20709 1.15741 1.15696 1.15688 1.15747
5.305 -0.854409 -0.854409 -0.854409 -0.854409 0.916958 0.920655 0.920605 0.915367 1.0322 1.03139 1.02961 1.02951 0.317854 0.317567 0.317521 0.317642
5.325 -1.01883 -1.01883 -1.01883 -1.01883 -1.18329 -1.18781 -1.1895 -1.19587 -0.523779 -0.523869 -0.524712 -0.523098 -0.0657964 -0.0661836 -0.0660733 -0.0654578
5.345 -0.386967 -0.386967 -0.386967 -0.386967 -2.70918 -2.70132 -2.70315 -2.7174 -2.21947 -2.20975 -2.20689 -2.21143 -0.72225 -0.724094 -0.725397 -0.725026
5.365 0.437526 0.437526 0.437526 0.437526 -2.29024 -2.29135 -2.28867 -2.28912 -3.45584 -3.45693 -3.45906 -3.45729 -2.32874 -2.32747 -2.32814 -2.32951
5.385 0.945165 0.945165 0.945165 0.945165 -0.782287 -0.780522 -0.761504 -0.763652 -3.43838 -3.43929 -3.43925 -3.42725 -4.69836 -4.69813 -4.70037 -4.70342
5.405 0.370527 0.370527 0.370527 0.370527 0.270799 0.280328 0.287347 0.295669 -2.71152 -2.71627 -2.71604 -2.7164 -6.35852 -6.35812 -6.3603 -6.36025
5.425 -0.943924 -0.943924 -0.943924 -0.943924 -0.202476 -0.197573 -0.196057 -0.195605 -2.38869 -2.38907 -2.39578 -2.39736 -5.84102 -5.84297 -5.84482 -5.84611
5.445 -1.49666 -1.49666 -1.49666 -1.49666 -2.26011 -2.26554 -2.26732 -2.26758 -2.70963 -2.70883 -2.71238 -2.71618 -3.26785 -3.26836 -3.26909 -3.26876
5.465 0.186122 0.186122 0.186122 0.186122 -3.74028 -3.7541 -3.75681 -3.74618 -3.12102 -3.11923 -3.11851 -3.12125 -0.427229 -0.427381 -0.427412 -0.427477
5.485 0.249257 0.249257 0.249257 0.249257 -2.33822 -2.34345 -2.34414 -2.33949 -2.52087 -2.52273 -2.52245 -2.51736 0.659203 0.662498 0.66348 0.660956
5.505 -0.973391 -0.973391 -0.973391 -0.973391 0.475915 0.479705 0.480893 0.483191 -0.157453 -0.160959 -0.159399 -0.158799 -0.282461 -0.281541 -0.281382 -0.281375
5.525 -1.26163 -1.26163 -1.26163 -1.26163 1.87582 1.90626 1.90833 1.8883 2.49347 2.49343 2.49305 2.48642 -1.09665 -1.09984 -1.09869 -1.09404
5.545 0.0361602 0.0361602 0.0361602 0.0361602 1.74418 1.75069 1.75119 1.74192 2.8917 2.89821 2.89769 2.88969 0.464996 0.462136 0.462753 0.465614
5.565 1.25864 1.25864 1.25864 1.25864 1.20195 1.1961 1.19698 1.19501 1.4237 1.42108 1.41619 1.41402 3.58724 3.59505 3.59382 3.59027
5.585 0.976087 0.976087 0.976087 0.976087 0.621001 0.619327 0.616976 0.619524 1.1167 1.11317 1.11202 1.1157 5.26611 5.26624 5.26632 5.26328
5.605 0.363986 0.363986 0.363986 0.363986 0.404182 0.399516 0.39944 0.405349 2.80485 2.80853 2.81035 2.80814 4.31535 4.31301 4.3111 4.313
5.625 0.621874 0.621874 0.621874 0.621874 1.57244 1.5691 1.57 1.57321 3.87512 3.88202 3.88354 3.87814 2.59862 2.59614 2.59554 2.59762
5.645 0.729967 0.729967 0.729967 0.729967 3.39992 3.40727 3.40662 3.39624 2.9542 2.95245 2.95294 2.95584 1.86592 1.86583 1.8655 1.8646
5.665 -0.573812 -0.573812 -0.573812 -0.573812 2.92215 2.93765 2.9363 2.922 1.87872 1.87171 1.87149 1.87752 1.79592 1.79726 1.79719 1.79603
5.685 -0.845726 -0.845726 -0.845726 -0.845726 -0.507861 -0.510387 -0.510141 -0.505991 1.50796 1.5118 1.51131 1.50682 1.72246 1.72107 1.72109 1.72247
5.705 0.464569 0.464569 0.464569 0.464569 -2.75772 -2.7668 -2.77092 -2.76196 0.061041 0.0691816 0.0695273 0.0617734 1.61863 1.61694 1.61708 1.61876
5.725 1.88557 1.88557 1.88557 1.88557 -1.13241 -1.15477 -1.14995 -1.13565 -2.20783 -2.21872 -2.21594 -2.21206 0.626926 0.630872 0.630812 0.629666
5.745 1.67294 1.67294 1.67294 1.67294 1.57729 1.59309 1.59018 1.58687 -2.33809 -2.35171 -2.35153 -2.33604 -2.25197 -2.24787 -2.24672 -2.25113
5.765 0.525876 0.525876 0.525876 0.525876 1.96364 1.97478 1.97634 1.97004 -0.241273 -0.235296 -0.235327 -0.236518 -5.33215 -5.33282 -5.33267 -5.33124
5.785 0.471839 0.471839 0.471839 0.471839 0.428752 0.423931 0.426327 0.429092 0.234784 0.246253 0.246764 0.234474 -5.19826 -5.20114 -5.20013 -5.19682
5.805 0.512211 0.512211 0.512211 0.512211 -0.913373 -0.914472 -0.915285 -0.914055 -2.18316 -2.1859 -2.1863 -2.18479 -1.64759 -1.64623 -1.64634 -1.6472
5.825 -0.162976 -0.162976 -0.162976 -0.162976 -2.09767 -2.09595 -2.09674 -2.09917 -3.51464 -3.52685 -3.52819 -3.51587 1.35441 1.35929 1.35999 1.35501
5.845 -1.23717 -1.23717 -1.23717 -1.23717 -2.94218 -2.95057 -2.95157 -2.9434 -1.41399 -1.41022 -1.41075 -1.41285 1.12603 1.12762 1.12755 1.12636
5.865 -3.4014 -3.4014 -3.4014 -3.4014 -1.90987 -1.91375 -1.91659 -1.9082 1.06415 1.07194 1.07431 1.06489 -0.567234 -0.570975 -0.571115 -0.567564
5.885 -3.3531 -3.3531 -3.3531 -3.3531 -0.0252582 -0.0169231 -0.0118959 -0.0198792 0.932049 0.934274 0.933545 0.93141 -0.985971 -0.98792 -0.988042 -0.986391
5.905 -1.97307 -1.97307 -1.97307 -1.97307 0.16768 0.179135 0.182633 0.174106 -0.605947 -0.610793 -0.612207 -0.608203 -0.13669 -0.135497 -0.135471 -0.136544
5.925 -1.03653 -1.03653 -1.03653 -1.03653 -1.62834 -1.63183 -1.62878 -1.62386 -1.27754 -1.2792 -1.28029 -1.27935 0.333274 0.334058 0.334544 0.333722
5.945 -0.179728 -0.179728 -0.179728 -0.179728 -2.7811 -2.79542 -2.79534 -2.78165 -1.30196 -1.29713 -1.2976 -1.30193 -0.215582 -0.216333 -0.216324 -0.215397
5.965 -0.630198 -0.630198 -0.630198 -0.630198 -1.3944 -1.39592 -1.39785 -1.39769 -1.68782 -1.69025 -1.68922 -1.68805 -1.37248 -1.37208 -1.3718 -1.37202
5.985 -0.625173 -0.625173 -0.625173 -0.625173 0.307461 0.315261 0.314983 0.305572 -1.75173 -1.75573 -1.75676 -1.75183 -2.73518 -2.73389 -2.73344 -2.73475
6.005 -0.243732 -0.243732 -0.243732 -0.243732 0.187768 0.190726 0.190924 0.188247 -1.15872 -1.15728 -1.15766 -1.15785 -3.55395 -3.55423 -3.55425 -3.55373
6.025 0.383437 0.383437 0.383437 0.383437 -0.832705 -0.837789 -0.837425 -0.831744 -1.149 -1.14497 -1.14439 -1.14869 -2.89942 -2.90042 -2.90036 -2.89935
6.045 0.614498 0.614498 0.614498 0.614498 -1.11495 -1.11778 -1.1175 -1.11443 -1.97165 -1.97326 -1.97315 -1.97155 -1.17814 -1.1774 -1.17746 -1.17837
6.065 1.0427 1.0427 1.0427 1.0427 -0.70648 -0.707391 -0.707188 -0.706783 -1.90062 -1.90509 -1.90571 -1.9011 -0.0640313 -0.0624043 -0.0626671 -0.0640953
6.085 1.68894 1.68894 1.68894 1.68894 0.19328 0.188405 0.184459 0.192689 -0.217964 -0.215667 -0.214726 -0.218896 -0.195445 -0.195765 -0.195915 -0.195707
6.105 2.44286 2.44286 2.44286 2.44286 1.91533 1.92328 1.92174 1.91195 1.59124 1.5983 1.59923 1.59657 -0.324699 -0.32611 -0.326157 -0.324906
6.125 2.04332 2.04332 2.04332 2.04332 3.78188 3.79602 3.79127 3.77348 2.49848 2.49967 2.50326 2.50085 0.772012 0.772548 0.771909 0.771457
6.145 -0.138979 -0.138979 -0.138979 -0.138979 3.35426 3.36144 3.35513 3.33315 3.30707 3.31042 3.31048 3.30878 2.89387 2.89657 2.89608 2.89512
6.165 -1.47978 -1.47978 -1.47978 -1.47978 0.851834 0.836154 0.838565 0.857629 3.88665 3.89667 3.89292 3.86742 5.28151 5.27815 5.27685 5.27827
6.185 -1.80915 -1.80915 -1.80915 -1.80915 -1.31723 -1.31989 -1.30661 -1.28106 3.57122 3.58154 3.571 3.55727 6.89322 6.89046 6.89084 6.89248
6.205 0.12898 0.12898 0.12898 0.12898 -1.12242 -1.12713 -1.11576 -1.10241 2.53123 2.53632 2.53508 2.52633 6.6476 6.64674 6.64623 6.64813
6.225 1.98839 1.98839 1.98839 1.98839 1.78563 1.79009 1.78986 1.78402 1.72444 1.71771 1.72014 1.72713 3.97592 3.97879 3.98021 3.97881
6.245 2.22911 2.22911 2.22911 2.22911 4.48971 4.49991 4.4938 4.47713 2.21549 2.20922 2.21115 2.2225 -0.0805766 -0.0782175 -0.0770653 -0.0783821
6.265 0.312647 0.312647 0.312647 0.312647 4.22933 4.24232 4.23538 4.21976 2.76288 2.76214 2.76552 2.75915 -2.70015 -2.69966 -2.70031 -2.70128
6.285 -0.905363 -0.905363 -0.905363 -0.905363 0.776407 0.785526 0.782022 0.777954 1.20716 1.22211 1.22171 1.20956 -1.88126 -1.88388 -1.88398 -1.88082
6.305 -0.398134 -0.398134 -0.398134 -0.398134 -3.30343 -3.33352 -3.32676 -3.27282 -2.17679 -2.17604 -2.1758 -2.17735 0.861133 0.861165 0.860859 0.861594
6.325 0.790047 0.790047 0.790047 0.790047 -4.68977 -4.70669 -4.68604 -4.66775 -4.58718 -4.59348 -4.59746 -4.59282 1.60595 1.6084 1.60906 1.60609
6.345 0.483083 0.483083 0.483083 0.483083 -2.57499 -2.56462 -2.56598 -2.56609 -3.83354 -3.83303 -3.83512 -3.8407 -1.6295 -1.62683 -1.6262 -1.62703
6.365 0.166729 0.166729 0.166729 0.166729 0.789845 0.7958 0.788365 0.774277 -1.35208 -1.34526 -1.34479 -1.34956 -6.24601 -6.24677 -6.24394 -6.24394
6.385 0.355697 0.355697 0.355697 0.355697 2.6507 2.6543 2.64835 2.63524 -0.465141 -0.455498 -0.45169 -0.455527 -7.70369 -7.70581 -7.70043 -7.69525
6.405 0.703295 0.703295 0.703295 0.703295 1.39476 1.39984 1.39692 1.3896 -1.66187 -1.66846 -1.66574 -1.65867 -4.76537 -4.75849 -4.75432 -4.75594
6.425 0.97812 0.97812 0.97812 0.97812 -1.90578 -1.91067 -1.90909 -1.90262 -2.74418 -2.74785 -2.74825 -2.74224 -0.118554 -0.116555 -0.115934 -0.116571
6.445 0.796482 0.796482 0.796482 0.796482 -3.69782 -3.71558 -3.71331 -3.69437 -1.99176 -1.99013 -1.98801 -1.99919 2.70251 2.69953 2.69879 2.70295
6.465 0.701931 0.701931 0.701931 0.701931 -1.44897 -1.47091 -1.47293 -1.46088 0.101042 0.10243 0.100269 0.103979 2.61365 2.61305 2.61216 2.61219
6.485 0.562449 0.562449 0.562449 0.562449 2.85928 2.86562 2.86171 2.86307 2.57202 2.56523 2.56271 2.57021 1.06504 1.06696 1.06875 1.06765
6.505 -0.110538 -0.110538 -0.110538 -0.110538 5.14267 5.13592 5.15237 5.1394 4.46716 4.46626 4.46544 4.46811 0.541408 0.539934 0.539904 0.540837
6.525 -0.5553 -0.5553 -0.5553 -0.5553 3.5258 3.54866 3.57626 3.5798 4.77548 4.7794 4.77494 4.7704 2.51861 2.51695 2.51807 2.52178
6.545 -0.676695 -0.676695 -0.676695 -0.676695 0.34805 0.361112 0.37153 0.382118 3.34666 3.34705 3.34434 3.33892 5.95942 5.95871 5.96103 5.96318
6.565 -0.983874 -0.983874 -0.983874 -0.983874 -1.88644 -1.89214 -1.89017 -1.8847 1.84717 1.84087 1.83926 1.84659 7.76907 7.77669 7.77364 7.76842
6.585 -1.37676 -1.37676 -1.37676 -1.37676 -1.66603 -1.67758 -1.68497 -1.68427 1.51809 1.51221 1.50892 1.51127 6.00764 6.0117 6.01634 6.01596
6.605 -1.45766 -1.45766 -1.45766 -1.45766 0.321125 0.319788 0.315779 0.313083 1.84653 1.85058 1.85231 1.84909 1.62721 1.62219 1.61925 1.62101
6.625 -0.624458 -0.624458 -0.624458 -0.624458 2.02777 2.04974 2.05477 2.03746 1.20444 1.19543 1.20405 1.1947 -2.43111 -2.434 -2.43177 -2.42931
6.645 0.0316623 0.0316623 0.0316623 0.0316623 1.48874 1.47173 1.50379 1.53815 -0.91364 -0.889258 -0.891184 -0.900155 -4.17037 -4.17253 -4.17807 -4.18033
6.665 0.250475 0.250475 0.250475 0.250475 -1.33444 -1.34816 -1.33722 -1.31863 -3.37996 -3.37671 -3.37276 -3.36941 -3.98729 -3.98599 -3.98786 -3.99121
6.685 -0.124592 -0.124592 -0.124592 -0.124592 -3.2308 -3.21134 -3.18306 -3.20756 -5.00134 -5.00531 -5.00192 -5.00153 -3.60114 -3.60006 -3.59983 -3.59965
6.705 -0.414154 -0.414154 -0.414154 -0.414154 -3.9683 -3.96392 -3.9689 -3.96249 -4.93902 -4.94186 -4.94108 -4.93801 -4.23583 -4.23633 -4.23877 -4.24133
6.725 -1.16496 -1.16496 -1.16496 -1.16496 -3.75986 -3.7825 -3.78004 -3.76772 -4.19379 -4.19367 -4.19933 -4.20339 -5.34933 -5.34872 -5.34655 -5.34513
6.745 -1.03044 -1.03044 -1.03044 -1.03044 -2.26875 -2.27572 -2.27546 -2.27063 -4.0043 -4.00631 -4.00598 -4.00541 -5.72839 -5.72956 -5.73154 -5.73216
6.765 -0.186533 -0.186533 -0.186533 -0.186533 -0.908159 -0.903246 -0.903898 -0.908401 -3.85008 -3.85372 -3.85269 -3.84925 -5.11712 -5.11561 -5.11467 -5.11521
6.785 -0.294814 -0.294814 -0.294814 -0.294814 -0.790112 -0.785592 -0.784445 -0.787938 -2.76365 -2.76461 -2.76342 -2.76094 -3.86984 -3.86887 -3.86923 -3.87055
6.805 -0.949698 -0.949698 -0.949698 -0.949698 -1.45664 -1.45915 -1.4587 -1.45643 -1.22936 -1.22624 -1.226 -1.22796 -2.03112 -2.03169 -2.0314 -2.03042
6.825 -1.16999 -1.16999 -1.16999 -1.16999 -1.58841 -1.58826 -1.58553 -1.58065 -0.314303 -0.306109 -0.305745 -0.305778 0.31899 0.317077 0.316068 0.316
6.845 -0.179922 -0.179922 -0.179922 -0.179922 -0.397295 -0.412526 -0.408211 -0.338474 0.208651 0.229804 0.230929 0.201216 2.3028 2.30019 2.29828 2.30086
6.865 0.849933 0.849933 0.849933 0.849933 1.20341 1.20931 1.21187 1.19431 1.56821 1.56365 1.55402 1.55138 2.98679 2.98798 2.98687 2.98249
6.885 1.23323 1.23323 1.23323 1.23323 2.68046 2.68913 2.68317 2.65237 3.49726 3.49076 3.4824 3.48544 2.81437 2.8174 2.82129 2.82302
6.905 0.573827 0.573827 0.573827 0.573827 3.45663 3.46975 3.44999 3.42979 4.63607 4.6411 4.64594 4.64971 3.16252 3.15879 3.15639 3.15698
6.925 -0.329366 -0.329366 -0.329366 -0.329366 2.92656 2.93773 2.92501 2.91378 4.4306 4.43122 4.43683 4.43589 4.51395 4.51452 4.51709 4.52001
6.945 -0.527043 -0.527043 -0.527043 -0.527043 1.43021 1.43041 1.43985 1.43755 3.60125 3.60109 3.60404 3.60707 5.88299 5.88282 5.88142 5.87923
6.965 -0.0832873 -0.0832873 -0.0832873 -0.0832873 -0.10194 -0.107683 -0.0988126 -0.0883469 2.92444 2.92651 2.92529 2.92353 5.89484 5.89271 5.89047 5.88979
6.985 0.235208 0.235208 0.235208 0.235208 -0.0183061 -0.0221219 -0.021724 -0.0134483 2.2018 2.20177 2.19855 2.19416 4.18187 4.18213 4.18379 4.18562
7.005 0.218825 0.218825 0.218825 0.218825 1.32445 1.32853 1.32975 1.3247 1.33083 1.32841 1.32829 1.32974 1.36308 1.36179 1.35927 1.35783
7.025 0.259371 0.259371 0.259371 0.259371 1.90245 1.92883 1.93834 1.92044 0.511481 0.498439 0.502666 0.494261 -1.43438 -1.43523 -1.43078 -1.42493
7.045 0.423554 0.423554 0.423554 0.423554 0.74408 0.739753 0.755225 0.769917 -0.5598 -0.532463 -0.530618 -0.53456 -3.02864 -3.03349 -3.03402 -3.03225
7.065 0.310462 0.310462 0.310462 0.310462 -0.898726 -0.912821 -0.903664 -0.899337 -2.25948 -2.24938 -2.24454 -2.25238 -3.12536 -3.12225 -3.12204 -3.12271
7.085 0.382307 0.382307 0.382307 0.382307 -2.51382 -2.51677 -2.5261 -2.52366 -3.71688 -3.72217 -3.72503 -3.72581 -2.78141 -2.77808 -2.77481 -2.77495
7.105 0.66071 0.66071 0.66071 0.66071 -3.07549 -3.08285 -3.086 -3.08182 -4.11212 -4.11626 -4.11918 -4.11715 -3.12835 -3.12922 -3.13184 -3.13404
7.125 0.845415 0.845415 0.845415 0.845415 -2.01962 -2.02573 -2.02556 -2.02324 -3.56369 -3.56594 -3.56868 -3.56966 -4.17119 -4.16959 -4.16722 -4.1659
7.145 0.527706 0.527706 0.527706 0.527706 -0.16289 -0.160358 -0.158405 -0.15917 -2.62991 -2.63031 -2.62886 -2.62763 -4.88539 -4.88549 -4.88636 -4.88838
7.165 0.0320756 0.0320756 0.0320756 0.0320756 0.751555 0.758585 0.760337 0.755523 -1.60106 -1.60193 -1.60097 -1.5991 -4.28246 -4.28171 -4.28156 -4.28219
7.185 0.0574391 0.0574391 0.0574391 0.0574391 0.0679267 0.0696298 0.0677107 0.0754634 -0.721967 -0.721234 -0.722079 -0.721661 -2.10332 -2.10316 -2.10262 -2.10192
7.205 0.42284 0.42284 0.42284 0.42284 -0.828041 -0.853858 -0.85208 -0.873075 -0.15684 -0.141982 -0.14288 -0.156712 0.87041 0.868305 0.868215 0.871095
7.225 0.754491 0.754491 0.754491 0.754491 -0.49541 -0.444913 -0.454111 -0.491578 0.525908 0.521405 0.535337 0.556311 3.17316 3.17746 3.17706 3.17175
7.245 0.769127 0.769127 0.769127 0.769127 1.04483 1.05894 1.06497 1.05203 2.09912 2.09033 2.10032 2.12 3.84087 3.83966 3.83649 3.83424
7.265 0.192803 0.192803 0.192803 0.192803 2.82842 2.82848 2.83082 2.83536 4.04255 4.04192 4.04071 4.04106 3.49183 3.48876 3.48717 3.48828
7.285 -0.360355 -0.360355 -0.360355 -0.360355 3.37873 3.38508 3.38377 3.38091 5.10149 5.10826 5.10258 5.09564 3.61007 3.60713 3.60619 3.60709
7.305 -0.223254 -0.223254 -0.223254 -0.223254 2.68764 2.69889 2.70303 2.70627 4.55776 4.56112 4.55753 4.55003 4.77639 4.77482 4.77347 4.77382
7.325 0.180141 0.180141 0.180141 0.180141 1.31632 1.31256 1.31806 1.31791 3.26936 3.26645 3.26351 3.26154 5.87184 5.87436 5.87862 5.88052
7.345 0.371801 0.371801 0.371801 0.371801 0.220017 0.21655 0.217651 0.222345 2.41044 2.41063 2.41242 2.41412 5.39745 5.39563 5.39282 5.39149
7.365 -0.117611 -0.117611 -0.117611 -0.117611 0.301896 0.298807 0.295624 0.297096 1.97855 1.9792 1.9786 1.97726 3.14328 3.14477 3.14808 3.15058
7.385 -0.521558 -0.521558 -0.521558 -0.521558 0.992316 1.00413 1.00134 0.997817 1.25151 1.25332 1.25537 1.25483 0.294224 0.293318 0.291182 0.289961
7.405 -0.734131 -0.734131 -0.734131 -0.734131 0.778346 0.764243 0.745639 0.749571 -0.0855474 -0.0567377 -0.0707322 -0.0983295 -1.90078 -1.90195 -1.89827 -1.89619
7.425 -0.443982 -0.443982 -0.443982 -0.443982 -0.472932 -0.435579 -0.445309 -0.467655 -1.83065 -1.83876 -1.85451 -1.8508 -2.98747 -2.98051 -2.97715 -2.97884
7.445 -0.821281 -0.821281 -0.821281 -0.821281 -2.41585 -2.39973 -2.39262 -2.40753 -3.45062 -3.46097 -3.45746 -3.44386 -3.43788 -3.43756 -3.43716 -3.43788
7.465 -0.652361 -0.652361 -0.652361 -0.652361 -3.91397 -3.92074 -3.91383 -3.90431 -4.54228 -4.54225 -4.53493 -4.52998 -3.9846 -3.98514 -3.9853 -3.9846
7.485 -0.241045 -0.241045 -0.241045 -0.241045 -3.68184 -3.71955 -3.69654 -3.71323 -5.01865 -5.0058 -4.99735 -5.01258 -4.9524 -4.9512 -4.95031 -4.9469
7.505 -0.448295 -0.448295 -0.448295 -0.448295 -2.51233 -2.4781 -2.47644 -2.48658 -4.78878 -4.80149 -4.79303 -4.77503 -6.01229 -6.01209 -6.01712 -6.02578
7.525 -0.851524 -0.851524 -0.851524 -0.851524 -1.23933 -1.21335 -1.21912 -1.23166 -4.22422 -4.24408 -4.24956 -4.23198 -6.41721 -6.41229 -6.40747 -6.40581
7.545 -0.601578 -0.601578 -0.601578 -0.601578 -1.26192 -1.26477 -1.25996 -1.26431 -3.28292 -3.28741 -3.28775 -3.28442 -5.57007 -5.57416 -5.58018 -5.58306
7.565 -0.0460923 -0.0460923 -0.0460923 -0.0460923 -1.85541 -1.86501 -1.86631 -1.86076 -2.54853 -2.54656 -2.5501 -2.55754 -3.40549 -3.40411 -3.40057 -3.39804
7.585 -0.298632 -0.298632 -0.298632 -0.298632 -1.75491 -1.75916 -1.75999 -1.75469 -1.97125 -1.96883 -1.96817 -1.96971 -0.764677 -0.765081 -0.766812 -0.768319
7.605 -0.5074 -0.5074 -0.5074 -0.5074 -0.94067 -0.945153 -0.946434 -0.93101 -0.639052 -0.612414 -0.607847 -0.634009 1.04137 1.04386 1.04738 1.04737
7.625 -0.150595 -0.150595 -0.150595 -0.150595 0.44186 0.506282 0.541331 0.477765 1.46992 1.4615 1.48201 1.49585 1.81721 1.82131 1.81831 1.81186
7.645 0.427832 0.427832 0.427832 0.427832 1.93954 1.97987 1.9941 1.9727 3.25163 3.2428 3.24576 3.26025 2.45485 2.45059 2.44513 2.4438
7.665 0.367917 0.367917 0.367917 0.367917 3.15087 3.15311 3.14986 3.15148 3.9493 3.94001 3.93303 3.9315 3.67874 3.6772 3.67821 3.68067
7.685 0.0458727 0.0458727 0.0458727 0.0458727 2.99634 2.98779 2.98199 2.98005 4.2048 4.20172 4.19566 4.19208 5.1084 5.10768 5.10871 5.10856
7.705 0.334759 0.334759 0.334759 0.334759 1.77946 1.76933 1.75544 1.75739 4.33159 4.33769 4.33426 4.32475 6.02564 6.02463 6.02466 6.02718
7.725 0.291872 0.291872 0.291872 0.291872 0.986355 0.984048 0.972106 0.973399 4.08869 4.09197 4.09381 4.09081 6.00447 6.00563 6.00922 6.01202
7.745 0.4202 0.4202 0.4202 0.4202 1.41371 1.41156 1.41579 1.41537 3.23668 3.2411 3.24571 3.24646 4.94171 4.9403 4.9385 4.93783
7.765 0.736153 0.736153 0.736153 0.736153 2.14103 2.14542 2.14925 2.14765 2.38683 2.38611 2.38656 2.38795 2.90272 2.90365 2.90506 2.90586
7.785 0.75488 0.75488 0.75488 0.75488 2.0537 2.05882 2.06203 2.05935 1.74675 1.74537 1.7445 1.74828 0.588706 0.588394 0.587163 0.586219
7.805 0.352891 0.352891 0.352891 0.352891 0.965721 0.988234 0.989803 0.988383 0.675762 0.662919 0.664508 0.677588 -0.972464 -0.97424 -0.973187 -0.97081
7.825 0.132547 0.132547 0.132547 0.132547 -0.511849 -0.525089 -0.518402 -0.510086 -1.09252 -1.09421 -1.08099 -1.07375 -1.51299 -1.51552 -1.51759 -1.51611
7.845 0.021258 0.021258 0.021258 0.021258 -1.62535 -1.65249 -1.65022 -1.62634 -2.78036 -2.77199 -2.7665 -2.77664 -1.83766 -1.84085 -1.84653 -1.84951
7.865 0.178644 0.178644 0.178644 0.178644 -2.40515 -2.41861 -2.42682 -2.416 -3.3926 -3.38762 -3.39515 -3.39954 -2.85387 -2.85047 -2.84701 -2.84652
7.885 0.0254965 0.0254965 0.0254965 0.0254965 -2.23644 -2.24067 -2.24129 -2.23998 -3.31287 -3.3134 -3.31391 -3.31482 -4.23882 -4.24029 -4.24346 -4.24594
7.905 -0.426413 -0.426413 -0.426413 -0.426413 -1.33161 -1.32688 -1.3255 -1.3313 -3.27483 -3.27955 -3.28075 -3.27978 -5.08808 -5.08592 -5.08359 -5.08192
7.925 -0.393407 -0.393407 -0.393407 -0.393407 -0.876262 -0.871639 -0.870047 -0.87368 -3.21757 -3.21994 -3.21923 -3.21558 -4.88243 -4.88205 -4.88254 -4.88314
7.945 -0.217335 -0.217335 -0.217335 -0.217335 -1.34491 -1.34558 -1.3442 -1.34274 -2.82016 -2.82026 -2.81975 -2.81907 -3.75616 -3.75561 -3.75514 -3.75548
7.965 -0.0649593 -0.0649593 -0.0649593 -0.0649593 -1.88448 -1.89016 -1.89005 -1.8851 -2.18973 -2.18854 -2.1884 -2.18999 -2.13416 -2.13373 -2.1334 -2.13329
7.985 0.0101656 0.0101656 0.0101656 0.0101656 -1.50579 -1.51063 -1.51268 -1.50182 -1.44613 -1.44449 -1.44439 -1.44391 -0.58786 -0.587762 -0.588071 -0.587926
8.005 -0.141172 -0.141172 -0.141172 -0.141172 -0.108555 -0.136931 -0.147995 -0.144914 -0.307117 -0.2992 -0.296158 -0.30624 0.397586 0.397593 0.399197 0.399602
8.025 0.016998 0.016998 0.016998 0.016998 1.21777 1.25491 1.24992 1.23081 1.30162 1.31064 1.31927 1.32189 0.939692 0.938964 0.938974 0.938875
8.045 0.133284 0.133284 0.133284 0.133284 1.82253 1.8263 1.83737 1.82403 2.71332 2.7101 2.72388 2.72764 1.75248 1.75113 1.74376 1.74097
8.065 -0.0451093 -0.0451093 -0.0451093 -0.0451093 1.86252 1.86276 1.85938 1.86015 3.16768 3.16518 3.16508 3.16941 3.22909 3.22846 3.2278 3.22748
8.085 -0.19479 -0.19479 -0.19479 -0.19479 1.43227 1.43117 1.42752 1.42719 3.03843 3.03671 3.03243 3.03325 4.72483 4.7239 4.72349 4.72312
8.105 -0.116305 -0.116305 -0.116305 -0.116305 0.82559 0.823354 0.824505 0.824982 3.04313 3.04281 3.04076 3.0372 5.21528 5.2146 5.21356 5.21297
8.125 0.343638 0.343638 0.343638 0.343638 0.826378 0.82302 0.823466 0.82627 3.05823 3.05996 3.0584 3.05382 4.44967 4.45005 4.45283 4.45503
8.145 0.256676 0.256676 0.256676 0.256676 1.65235 1.65592 1.65744 1.65557 2.63021 2.63141 2.63284 2.63359 2.94552 2.94455 2.94323 2.94313
8.165 -0.0218575 -0.0218575 -0.0218575 -0.0218575 2.07576 2.08245 2.08277 2.07609 1.9136 1.91152 1.91164 1.91368 1.31309 1.31391 1.31549 1.3162
8.185 0.284922 0.284922 0.284922 0.284922 1.14348 1.13337 1.13911 1.13771 1.04587 1.04637 1.04662 1.04767 0.0799848 0.0792215 0.0787316 0.0786673
8.205 0.695337 0.695337 0.695337 0.695337 -0.411193 -0.424632 -0.437203 -0.400583 -0.294405 -0.288016 -0.293047 -0.31069 -0.542983 -0.543334 -0.541022 -0.539171
8.225 0.644754 0.644754 0.644754 0.644754 -0.969114 -0.966729 -0.948347 -0.957334 -1.79859 -1.79659 -1.79961 -1.8076 -1.02645 -1.02408 -1.02095 -1.01908
8.245 0.423793 0.423793 0.423793 0.423793 -1.05558 -1.04352 -1.03403 -1.04277 -2.48534 -2.48477 -2.47918 -2.47984 -2.06253 -2.06161 -2.06275 -2.06221
8.265 0.269316 0.269316 0.269316 0.269316 -1.07206 -1.06761 -1.06849 -1.06433 -2.23281 -2.22882 -2.22479 -2.21869 -3.42835 -3.43001 -3.43214 -3.43459
8.285 0.30522 0.30522 0.30522 0.30522 -0.871185 -0.877802 -0.881472 -0.880892 -2.10047 -2.09974 -2.0981 -2.09771 -4.07712 -4.07657 -4.07584 -4.07504
8.305 0.0884204 0.0884204 0.0884204 0.0884204 -0.60524 -0.607513 -0.608713 -0.611054 -2.44593 -2.44855 -2.44756 -2.44523 -3.52778 -3.52921 -3.53292 -3.53579
8.325 -0.137543 -0.137543 -0.137543 -0.137543 -0.909933 -0.908438 -0.909761 -0.91308 -2.39617 -2.40062 -2.40343 -2.40199 -2.42312 -2.42125 -2.41963 -2.41982
8.345 0.0680407 0.0680407 0.0680407 0.0680407 -1.51694 -1.52095 -1.51972 -1.51474 -1.59161 -1.59017 -1.59035 -1.59236 -1.39404 -1.39504 -1.3963 -1.39688
8.365 0.228805 0.228805 0.228805 0.228805 -1.20968 -1.21353 -1.21169 -1.21152 -0.728056 -0.724867 -0.725433 -0.728327 -0.503612 -0.503418 -0.502545 -0.501816
8.385 -0.0539171 -0.0539171 -0.0539171 -0.0539171 0.374141 0.384012 0.374845 0.3531 -0.0341828 -0.0305252 -0.0300075 -0.0410991 0.263246 0.263972 0.265408 0.266702
8.405 -0.183888 -0.183888 -0.183888 -0.183888 1.41677 1.42902 1.416 1.42129 1.04568 1.04937 1.05161 1.04652 0.8193 0.820688 0.822891 0.82523
8.425 -0.239294 -0.239294 -0.239294 -0.239294 1.26182 1.23796 1.24263 1.23398 2.25716 2.26324 2.26327 2.26973 1.52601 1.5248 1.52459 1.5245
8.445 -0.273591 -0.273591 -0.273591 -0.273591 0.768774 0.760124 0.756752 0.75859 2.55606 2.5556 2.5587 2.5555 2.75797 2.75751 2.75679 2.75778
8.465 -0.525889 -0.525889 -0.525889 -0.525889 0.605803 0.610572 0.60711 0.607149 2.04393 2.03914 2.03773 2.03823 3.94012 3.94096 3.94213 3.94212
8.485 -0.608322 -0.608322 -0.608322 -0.608322 0.456962 0.461266 0.465238 0.463176 1.86599 1.8643 1.86222 1.86376 3.97412 3.97338 3.97202 3.9711
8.505 -0.496051 -0.496051 -0.496051 -0.496051 0.362136 0.360891 0.363513 0.365363 2.11667 2.11874 2.11751 2.11378 2.75499 2.75466 2.75556 2.75711
8.525 -0.81192 -0.81192 -0.81192 -0.81192 0.636359 0.63697 0.638693 0.637837 1.77027 1.77183 1.77279 1.77017 1.26247 1.26133 1.26103 1.26155
8.545 -0.980136 -0.980136 -0.980136 -0.980136 0.623362 0.627992 0.617471 0.639592 0.589572 0.589656 0.592134 0.598973 0.170004 0.170176 0.170112 0.169401
8.565 -0.629358 -0.629358 -0.629358 -0.629358 -0.467194 -0.445573 -0.4409 -0.484584 -0.731491 -0.723994 -0.727528 -0.735881 -0.657485 -0.658109 -0.658285 -0.657059
8.585 -0.235917 -0.235917 -0.235917 -0.235917 -1.48944 -1.47538 -1.47365 -1.48713 -1.77156 -1.7813 -1.79149 -1.7889 -1.56086 -1.55801 -1.55484 -1.55682
8.605 -0.215349 -0.215349 -0.215349 -0.215349 -1.96357 -1.95767 -1.957 -1.94886 -2.59874 -2.60625 -2.61596 -2.6134 -2.6306 -2.62773 -2.62449 -2.62135
8.625 -0.324078 -0.324078 -0.324078 -0.324078 -1.78684 -1.7895 -1.78121 -1.77374 -3.15929 -3.16288 -3.16209 -3.16276 -3.71596 -3.71575 -3.71544 -3.71593
8.645 -0.0663137 -0.0663137 -0.0663137 -0.0663137 -1.47728 -1.48009 -1.47841 -1.47764 -3.34016 -3.33938 -3.3388 -3.33906 -4.52873 -4.52663 -4.52348 -4.52199
8.665 0.187416 0.187416 0.187416 0.187416 -1.31928 -1.32114 -1.32281 -1.3229 -3.22928 -3.22778 -3.22551 -3.22396 -4.6748 -4.67499 -4.67703 -4.67875
8.685 0.419334 0.419334 0.419334 0.419334 -1.25799 -1.25985 -1.26146 -1.26234 -2.94811 -2.94943 -2.94951 -2.949 -4.01325 -4.01244 -4.0118 -4.01187
8.705 0.61536 0.61536 0.61536 0.61536 -1.0838 -1.08654 -1.0867 -1.08588 -2.40769 -2.40913 -2.40921 -2.40823 -2.78025 -2.78041 -2.78153 -2.78273
8.725 0.64811 0.64811 0.64811 0.64811 -0.625799 -0.627886 -0.625878 -0.621769 -1.42462 -1.42606 -1.42648 -1.42721 -1.40117 -1.40083 -1.40082 -1.40131
8.745 0.424677 0.424677 0.424677 0.424677 0.341751 0.297821 0.279908 0.314272 -0.055262 -0.0424297 -0.041904 -0.0432965 -0.0898373 -0.0914103 -0.0911264 -0.0897031
8.765 0.280081 0.280081 0.280081 0.280081 1.18039 1.19594 1.20956 1.19224 1.47178 1.4921 1.50039 1.49354 1.22946 1.23123 1.2309 1.22996
8.785 0.451438 0.451438 0.451438 0.451438 1.65063 1.6673 1.67705 1.66183 2.74304 2.74744 2.7513 2.74612 2.74588 2.74241 2.73999 2.73839
8.805 0.816749 0.816749 0.816749 0.816749 1.99229 1.99881 1.99591 1.99463 3.45953 3.45866 3.45466 3.4542 4.31186 4.31106 4.31054 4.3118
8.825 0.760092 0.760092 0.760092 0.760092 2.33984 2.33689 2.33349 2.33164 3.90599 3.90258 3.90029 3.90127 5.409 5.40921 5.40868 5.40865
8.845 0.257831 0.257831 0.257831 0.257831 2.44137 2.4472 2.44462 2.44391 4.39603 4.39682 4.3974 4.39768 5.63475 5.63319 5.6312 5.63001
8.865 -0.187239 -0.187239 -0.187239 -0.187239 2.22111 2.21858 2.22116 2.22054 4.5833 4.58587 4.58609 4.58232 5.19577 5.19563 5.19747 5.19992
8.885 -0.131238 -0.131238 -0.131238 -0.131238 1.81386 1.81243 1.81541 1.81314 3.90096 3.90327 3.90452 3.90269 4.52136 4.51973 4.51844 4.51873
8.905 0.196026 0.196026 0.196026 0.196026 1.33741 1.3396 1.33837 1.33713 2.51128 2.51051 2.50977 2.50987 3.56383 3.56407 3.56492 3.56558
8.925 0.262055 0.262055 0.262055 0.262055 0.729273 0.730523 0.731959 0.730012 1.12768 1.12774 1.12667 1.12787 2.00179 2.00212 2.00202 2.00173
8.945 0.0290904 0.0290904 0.0290904 0.0290904 -0.100236 -0.0646265 -0.0726679 -0.104547 0.0287013 0.0327301 0.0329771 0.0416682 -0.0823356 -0.083042 -0.083552 -0.08377
8.965 -0.215388 -0.215388 -0.215388 -0.215388 -0.573367 -0.603833 -0.575898 -0.551258 -1.15691 -1.17843 -1.16008 -1.13358 -2.07018 -2.06985 -2.07042 -2.0741
8.985 -0.433148 -0.433148 -0.433148 -0.433148 -1.01074 -1.02949 -1.02275 -0.997902 -2.55173 -2.55344 -2.54389 -2.54321 -3.50119 -3.50519 -3.51238 -3.5164
9.005 -0.644712 -0.644712 -0.644712 -0.644712 -1.9103 -1.91146 -1.91953 -1.91768 -3.64511 -3.64249 -3.65042 -3.6599 -4.42731 -4.42704 -4.42664 -4.42643
9.025 -0.691508 -0.691508 -0.691508 -0.691508 -2.95588 -2.95964 -2.9643 -2.97014 -4.29171 -4.29061 -4.29649 -4.30237 -4.95166 -4.95175 -4.95373 -4.95563
9.045 -0.348537 -0.348537 -0.348537 -0.348537 -3.3299 -3.33461 -3.33455 -3.3329 -4.68817 -4.68977 -4.69069 -4.69182 -5.14111 -5.14034 -5.1401 -5.14043
9.065 -0.220417 -0.220417 -0.220417 -0.220417 -2.68847 -2.69068 -2.68983 -2.68728 -4.71918 -4.72189 -4.72062 -4.71714 -5.13473 -5.13278 -5.1309 -5.13067
9.085 -0.477302 -0.477302 -0.477302 -0.477302 -1.74302 -1.74188 -1.73936 -1.7392 -3.97194 -3.97362 -3.97156 -3.96756 -4.97604 -4.97532 -4.97566 -4.97669
9.105 -0.524088 -0.524088 -0.524088 -0.524088 -1.22945 -1.22912 -1.22803 -1.22795 -2.63531 -2.63524 -2.63528 -2.63572 -4.29216 -4.29151 -4.29081 -4.29065
9.125 -0.130301 -0.130301 -0.130301 -0.130301 -0.960614 -0.963118 -0.963508 -0.961923 -1.50477 -1.50332 -1.50372 -1.50608 -2.62566 -2.62618 -2.62628 -2.62586
9.145 0.024981 0.024981 0.024981 0.024981 -0.467147 -0.442743 -0.443859 -0.461563 -0.73232 -0.733925 -0.729311 -0.726532 -0.297137 -0.297704 -0.298825 -0.29893
9.165 -0.0118404 -0.0118404 -0.0118404 -0.0118404 0.41491 0.388462 0.391527 0.436906 0.483611 0.475354 0.460126 0.477181 1.7066 1.70531 1.70614 1.70619
9.185 -0.0553344 -0.0553344 -0.0553344 -0.0553344 0.913936 0.909999 0.903408 0.909747 2.3182 2.33141 2.31147 2.29367 2.93502 2.92971 2.92767 2.92949
9.205 -0.0408995 -0.0408995 -0.0408995 -0.0408995 1.5979 1.59571 1.591 1.5734 3.74137 3.74747 3.7407 3.72084 3.85964 3.86405 3.87111 3.87586
9.225 -0.0612272 -0.0612272 -0.0612272 -0.0612272 2.41778 2.42714 2.42576 2.41499 4.11697 4.11888 4.12433 4.12565 4.84588 4.84552 4.84383 4.84248
9.245 -0.14197 -0.14197 -0.14197 -0.14197 2.57999 2.58641 2.58655 2.58245 4.10426 4.10244 4.10498 4.11128 5.44528 5.44734 5.4523 5.45537
9.265 -0.113686 -0.113686 -0.113686 -0.113686 1.82933 1.82936 1.83261 1.83409 4.11669 4.11877 4.12157 4.12257 5.29264 5.29072 5.28927 5.28982
9.285 -0.0309715 -0.0309715 -0.0309715 -0.0309715 1.11498 1.11186 1.11336 1.11669 3.59194 3.59456 3.59356 3.58893 4.52322 4.52197 4.52176 4.52276
9.305 0.111015 0.111015 0.111015 0.111015 1.02405 1.02446 1.02411 1.02322 2.26841 2.26798 2.26617 2.26447 3.3065 3.30588 3.30518 3.30491
9.325 0.229092 0.229092 0.229092 0.229092 0.976353 0.989612 0.990456 0.985107 0.900036 0.896039 0.895266 0.897576 1.49752 1.49799 1.49777 1.49706
9.345 0.243697 0.243697 0.243697 0.243697 0.32597 0.292214 0.296629 0.293532 -0.0571894 -0.0812241 -0.08008 -0.065787 -0.675862 -0.673469 -0.671877 -0.672136
9.365 0.214066 0.214066 0.214066 0.214066 -0.390201 -0.420574 -0.402338 -0.377691 -1.14106 -1.12332 -1.11081 -1.12094 -2.45683 -2.46012 -2.46136 -2.45226
9.385 0.279814 0.279814 0.279814 0.279814 -0.952472 -0.945847 -0.946295 -0.936111 -2.58812 -2.56748 -2.55488 -2.55975 -3.42396 -3.42896 -3.43493 -3.43758
9.405 0.197436 0.197436 0.197436 0.197436 -1.64153 -1.63488 -1.63615 -1.6444 -3.63932 -3.63929 -3.63928 -3.63876 -3.95995 -3.95762 -3.9578 -3.96137
9.425 0.282951 0.282951 0.282951 0.282951 -2.30709 -2.31249 -2.31433 -2.31751 -3.87553 -3.88044 -3.88345 -3.88296 -4.40338 -4.40388 -4.40703 -4.40944
9.445 0.405107 0.405107 0.405107 0.405107 -2.27777 -2.28502 -2.28636 -2.28127 -3.68673 -3.68956 -3.69287 -3.69438 -4.60136 -4.60231 -4.60341 -4.60398
9.465 0.414604 0.414604 0.414604 0.414604 -1.41736 -1.41948 -1.41923 -1.41734 -3.35672 -3.35912 -3.36055 -3.36003 -4.30413 -4.30276 -4.30147 -4.30131
9.485 0.350776 0.350776 0.350776 0.350776 -0.533457 -0.531534 -0.529429 -0.530944 -2.56433 -2.56578 -2.56423 -2.56129 -3.51384 -3.51312 -3.5137 -3.51497
9.505 0.153866 0.153866 0.153866 0.153866 -0.21991 -0.218456 -0.216021 -0.217109 -1.23129 -1.23145 -1.23084 -1.22948 -2.23328 -2.23229 -2.23121 -2.23089
9.525 -0.00797372 -0.00797372 -0.00797372 -0.00797372 -0.0601626 -0.0864048 -0.0959152 -0.0725171 0.0588352 0.0709927 0.0775032 0.0738474 -0.371936 -0.374409 -0.374578 -0.372218
9.545 0.0917461 0.0917461 0.0917461 0.0917461 0.353925 0.372206 0.365158 0.370896 1.03899 1.06388 1.06924 1.06889 1.76093 1.75967 1.75676 1.75462
9.565 0.126402 0.126402 0.126402 0.126402 0.910501 0.915493 0.928689 0.908273 2.07648 2.07736 2.07943 2.07142 3.47171 3.46749 3.46353 3.46172
9.585 -0.0319313 -0.0319313 -0.0319313 -0.0319313 1.53575 1.54322 1.5397 1.53498 3.26576 3.25948 3.25288 3.24711 4.35646 4.35646 4.35643 4.35732
9.605 -0.161277 -0.161277 -0.161277 -0.161277 2.08432 2.08523 2.08204 2.08133 4.15968 4.15832 4.15283 4.1512 4.65976 4.6595 4.65974 4.66046
9.625 -0.265818 -0.265818 -0.265818 -0.265818 2.34243 2.34313 2.34491 2.34227 4.28701 4.28774 4.28796 4.28716 4.76932 4.76847 4.76906 4.7704
9.645 -0.275465 -0.275465 -0.275465 -0.275465 2.01937 2.02193 2.02267 2.01931 3.73825 3.73901 3.74106 3.74136 4.68491 4.68548 4.68729 4.68894
9.665 -0.106416 -0.106416 -0.106416 -0.106416 1.18899 1.19056 1.19139 1.19083 2.87864 2.88044 2.88227 2.88253 4.0951 4.09443 4.0938 4.09379
9.685 0.109238 0.109238 0.109238 0.109238 0.456052 0.45434 0.454507 0.456059 1.82185 1.82298 1.82248 1.82078 2.825 2.8248 2.82535 2.82618
9.705 0.257274 0.257274 0.257274 0.257274 0.223437 0.209745 0.215102 0.224409 0.58506 0.58454 0.583652 0.588002 1.00294 1.00279 1.00263 1.00211
9.725 0.267454 0.267454 0.267454 0.267454 0.0752309 0.0801264 0.0686211 0.0657801 -0.625874 -0.608442 -0.612235 -0.653355 -1.05323 -1.05476 -1.05174 -1.04873
9.745 0.188478 0.188478 0.188478 0.188478 -0.0942051 -0.0534011 -0.0661478 -0.0777124 -1.62225 -1.62148 -1.63281 -1.64451 -2.86445 -2.8618 -2.85764 -2.85682
9.765 0.125814 0.125814 0.125814 0.125814 -0.873564 -0.862345 -0.855553 -0.869283 -2.49632 -2.49821 -2.49851 -2.49094 -3.9682 -3.96569 -3.96162 -3.96049
9.785 0.157157 0.157157 0.157157 0.157157 -1.8821 -1.88725 -1.87982 -1.87518 -3.33717 -3.33782 -3.3297 -3.32233 -4.2236 -4.22398 -4.22619 -4.22734
9.805 0.157215 0.157215 0.157215 0.157215 -2.44794 -2.45505 -2.45723 -2.44995 -3.95747 -3.95827 -3.95602 -3.95392 -4.02351 -4.02186 -4.01964 -4.01904
9.825 0.117438 0.117438 0.117438 0.117438 -2.30649 -2.31232 -2.31354 -2.31005 -3.90181 -3.90222 -3.90191 -3.90069 -3.87468 -3.87577 -3.8794 -3.88252
9.845 0.0849232 0.0849232 0.0849232 0.0849232 -1.61879 -1.6212 -1.62193 -1.62265 -3.07768 -3.07981 -3.08281 -3.08452 -3.8391 -3.83792 -3.83699 -3.83704
9.865 -0.0453444 -0.0453444 -0.0453444 -0.0453444 -0.71033 -0.709833 -0.709352 -0.71 -1.97227 -1.97276 -1.97332 -1.97387 -3.3848 -3.38566 -3.38716 -3.3881
9.885 -0.314014 -0.314014 -0.314014 -0.314014 -0.0743214 -0.0712749 -0.0705901 -0.0672985 -0.99676 -0.997623 -0.998399 -0.997455 -2.09942 -2.09891 -2.09823 -2.09794
9.905 -0.439636 -0.439636 -0.439636 -0.439636 0.120956 0.084996 0.0745338 0.108937 -0.114861 -0.106707 -0.102028 -0.102162 -0.173436 -0.175054 -0.175263 -0.174118
9.925 -0.486721 -0.486721 -0.486721 -0.486721 -0.0781219 -0.0699403 -0.0790336 -0.0686711 0.876145 0.902169 0.906427 0.902002 1.76507 1.76233 1.76234 1.76234
9.945 -0.547385 -0.547385 -0.547385 -0.547385 -0.0472611 -0.0416179 -0.0301293 -0.0526047 1.85077 1.85521 1.85364 1.84614 3.19976 3.19572 3.19272 3.19236
9.965 -0.656955 -0.656955 -0.656955 -0.656955 0.668275 0.674262 0.676615 0.669153 2.53417 2.52915 2.52245 2.51774 3.87632 3.87691 3.87686 3.87748
9.985 -0.690952 -0.690952 -0.690952 -0.690952 1.5095 1.51397 1.51211 1.51236 2.99413 2.99043 2.98656 2.98637 3.81221 3.81205 3.81228 3.81219
10.005 -0.634951 -0.634951 -0.634951 -0.634951 1.74395 1.74489 1.7463 1.7447 3.18977 3.19033 3.19051 3.19005 3.32245 3.32196 3.32258 3.32392
10.025 -0.418293 -0.418293 -0.418293 -0.418293 1.29344 1.29342 1.29389 1.29221 2.76236 2.76504 2.76675 2.76551 2.84748 2.84732 2.84848 2.85013
10.045 -0.228857 -0.228857 -0.228857 -0.228857 0.589925 0.590809 0.590651 0.589769 1.65602 1.65736 1.659 1.6592 2.40173 2.4014 2.40119 2.40125
10.065 -0.201132 -0.201132 -0.201132 -0.201132 -0.0705111 -0.0825431 -0.0782581 -0.0748024 0.432453 0.432141 0.431377 0.434364 1.52922 1.52962 1.53005 1.5301
10.085 -0.150848 -0.150848 -0.150848 -0.150848 -0.65118 -0.671906 -0.683585 -0.644311 -0.480175 -0.482072 -0.489063 -0.487227 -0.00817041 -0.00903909 -0.00765457 -0.00688726
10.105 -0.111918 -0.111918 -0.111918 -0.111918 -0.639043 -0.638173 -0.6149 -0.619561 -1.20391 -1.21282 -1.20597 -1.21145 -1.82063 -1.81977 -1.81713 -1.81924
10.125 -0.0937805 -0.0937805 -0.0937805 -0.0937805 -0.582615 -0.569936 -0.559477 -0.564231 -1.98652 -1.98369 -1.9871 -1.98456 -3.26464 -3.26277 -3.26258 -3.26271
10.145 -0.0600875 -0.0600875 -0.0600875 -0.0600875 -0.964484 -0.95758 -0.958573 -0.956116 -2.71433 -2.71508 -2.71557 -2.715 -3.96451 -3.96462 -3.96549 -3.96635
10.165 0.0582944 0.0582944 0.0582944 0.0582944 -1.71199 -1.71864 -1.72188 -1.72232 -3.21621 -3.21828 -3.21872 -3.21985 -3.9808 -3.97986 -3.97835 -3.97782
10.185 0.265347 0.265347 0.265347 0.265347 -2.19189 -2.20045 -2.20224 -2.19951 -3.40498 -3.40509 -3.40485 -3.40435 -3.60402 -3.60397 -3.60515 -3.60634
10.205 0.327771 0.327771 0.327771 0.327771 -1.88165 -1.88543 -1.88612 -1.88355 -3.14895 -3.15012 -3.15035 -3.14941 -3.18702 -3.18586 -3.18524 -3.18567
10.225 0.386806 0.386806 0.386806 0.386806 -0.967489 -0.967925 -0.966787 -0.966015 -2.32161 -2.32267 -2.32217 -2.32097 -2.81944 -2.81919 -2.81963 -2.82038
10.245 0.493434 0.493434 0.493434 0.493434 0.0105771 0.0116638 0.014518 0.0162624 -1.10146 -1.10158 -1.10277 -1.10197 -2.202 -2.2018 -2.20192 -2.2022
10.265 0.573882 0.573882 0.573882 0.573882 0.914936 0.882326 0.875169 0.907264 0.0708977 0.0748887 0.0792283 0.0756136 -0.939258 -0.940661 -0.940498 -0.939268
10.285 0.383673 0.383673 0.383673 0.383673 1.17134 1.18594 1.17419 1.20274 1.16548 1.17685 1.17756 1.17424 0.9208 0.918292 0.920983 0.924944
10.305 0.197338 0.197338 0.197338 0.197338 0.970105 0.957333 0.967855 0.957577 2.15597 2.16361 2.15628 2.15426 2.92954 2.92984 2.92794 2.92405
10.325 0.3827 0.3827 0.3827 0.3827 0.942667 0.941012 0.935433 0.92994 2.94379 2.944 2.94238 2.9363 4.49792 4.49823 4.49862 4.49868
10.345 0.550058 0.550058 0.550058 0.550058 1.61959 1.62166 1.61495 1.61301 3.51135 3.51045 3.51126 3.51075 5.18436 5.18444 5.18362 5.1844
10.365 0.480897 0.480897 0.480897 0.480897 2.58068 2.5839 2.58583 2.58199 4.0154 4.01572 4.01713 4.01949 4.91742 4.91591 4.9147 4.91406
10.385 0.309847 0.309847 0.309847 0.309847 2.95673 2.96033 2.96248 2.95872 4.31766 4.3185 4.31879 4.31808 4.18091 4.18074 4.18168 4.18307
10.405 0.224448 0.224448 0.224448 0.224448 2.43021 2.43341 2.43475 2.43292 3.90017 3.90205 3.90245 3.90047 3.63455 3.63319 3.63222 3.63264
10.425 0.103635 0.103635 0.103635 0.103635 1.35127 1.35246 1.35279 1.35159 2.63261 2.63276 2.63186 2.63055 3.33597 3.33558 3.33589 3.33656
10.445 0.0211257 0.0211257 0.0211257 0.0211257 0.184674 0.183683 0.183565 0.183694 1.12415 1.12307 1.1228 1.12315 2.64602 2.64635 2.64644 2.64622
10.465 0.0917489 0.0917489 0.0917489 0.0917489 -0.669578 -0.661136 -0.66534 -0.653516 -0.038644 -0.0357418 -0.0308996 -0.0280761 1.03166 1.03195 1.03183 1.02992
10.485 0.193372 0.193372 0.193372 0.193372 -0.636922 -0.62509 -0.632346 -0.628517 -0.98569 -0.972735 -0.981909 -0.981765 -1.21936 -1.21828 -1.21664 -1.21465
10.505 0.297023 0.297023 0.297023 0.297023 -0.161478 -0.165601 -0.171167 -0.172025 -1.85968 -1.86269 -1.87773 -1.87132 -3.3107 -3.31288 -3.31523 -3.31769
10.525 0.263822 0.263822 0.263822 0.263822 -0.326385 -0.335553 -0.338677 -0.349484 -2.64142 -2.65423 -2.6573 -2.65587 -4.57882 -4.5757 -4.57245 -4.57073
10.545 0.165499 0.165499 0.165499 0.165499 -1.33592 -1.33788 -1.34092 -1.34015 -3.26823 -3.26983 -3.2662 -3.26375 -4.73719 -4.73749 -4.73922 -4.74045
10.565 0.00915746 0.00915746 0.00915746 0.00915746 -2.43744 -2.43947 -2.4378 -2.43235 -3.71784 -3.71472 -3.71288 -3.71168 -4.08979 -4.08897 -4.08791 -4.08765
10.585 -0.0527551 -0.0527551 -0.0527551 -0.0527551 -2.75495 -2.75969 -2.75656 -2.75149 -3.77383 -3.77293 -3.77133 -3.77069 -3.30087 -3.30039 -3.30091 -3.30189
10.605 0.00553939 0.00553939 0.00553939 0.00553939 -2.05225 -2.05546 -2.05394 -2.05079 -3.13054 -3.13214 -3.13256 -3.13232 -2.8844 -2.88388 -2.88427 -2.88521
10.625 0.0245536 0.0245536 0.0245536 0.0245536 -0.753286 -0.753607 -0.753905 -0.754006 -1.86309 -1.86475 -1.8661 -1.86604 -2.67962 -2.67945 -2.67985 -2.68052
10.645 -0.0350636 -0.0350636 -0.0350636 -0.0350636 0.406518 0.411773 0.413422 0.406313 -0.49551 -0.496576 -0.497654 -0.497857 -2.00028 -2.00025 -1.99978 -1.99933
10.665 -0.103068 -0.103068 -0.103068 -0.103068 1.06861 1.11061 1.10617 1.08006 0.585251 0.588414 0.582709 0.583407 -0.411257 -0.410588 -0.410947 -0.411275
10.685 -0.142919 -0.142919 -0.142919 -0.142919 0.70824 0.688712 0.719104 0.70197 1.43954 1.44247 1.44718 1.43922 1.75547 1.75722 1.75828 1.75637
10.705 -0.163157 -0.163157 -0.163157 -0.163157 0.215785 0.220008 0.218096 0.230125 2.11921 2.11482 2.11808 2.11301 3.74813 3.74856 3.75093 3.7549
10.725 -0.22153 -0.22153 -0.22153 -0.22153 0.490922 0.494285 0.494038 0.500709 2.67221 2.67075 2.66901 2.6701 4.79272 4.79063 4.7886 4.78838
10.745 -0.273024 -0.273024 -0.273024 -0.273024 1.43355 1.43169 1.43277 1.42774 3.23784 3.23636 3.23246 3.23176 4.60385 4.60509 4.60799 4.60955
10.765 -0.341856 -0.341856 -0.341856 -0.341856 2.21556 2.21868 2.21802 2.21201 3.63225 3.63316 3.63411 3.63278 3.67758 3.67615 3.67449 3.67434
10.785 -0.360855 -0.360855 -0.360855 -0.360855 2.16672 2.17071 2.16946 2.16515 3.37667 3.3783 3.37865 3.37689 2.82488 2.82428 2.82504 2.82648
10.805 -0.343999 -0.343999 -0.343999 -0.343999 1.22345 1.22558 1.22617 1.2237 2.26343 2.26456 2.26517 2.26497 2.405 2.40427 2.40385 2.40408
10.825 -0.288498 -0.288498 -0.288498 -0.288498 -0.125409 -0.107938 -0.10992 -0.108508 0.746584 0.745772 0.745283 0.745506 1.93719 1.93722 1.93721 1.93709
10.845 -0.294792 -0.294792 -0.294792 -0.294792 -1.21506 -1.23361 -1.23862 -1.23264 -0.572026 -0.576848 -0.576273 -0.571362 0.746141 0.747567 0.746951 0.746396
10.865 -0.334204 -0.334204 -0.334204 -0.334204 -1.19808 -1.20884 -1.17169 -1.17664 -1.51252 -1.50626 -1.51807 -1.50119 -1.24758 -1.24989 -1.24524 -1.24092
10.885 -0.304278 -0.304278 -0.304278 -0.304278 -0.869668 -0.860272 -0.845336 -0.834747 -2.14477 -2.14993 -2.15183 -2.15617 -3.41092 -3.41189 -3.41172 -3.40959
10.905 -0.199949 -0.199949 -0.199949 -0.199949 -0.871296 -0.863438 -0.86375 -0.857725 -2.81059 -2.81451 -2.81682 -2.82001 -4.82155 -4.82015 -4.82045 -4.82126
10.925 -0.105637 -0.105637 -0.105637 -0.105637 -1.46753 -1.47185 -1.47561 -1.48175 -3.55361 -3.55509 -3.5577 -3.55679 -5.06571 -5.06407 -5.06231 -5.06299
10.945 -0.111725 -0.111725 -0.111725 -0.111725 -2.34686 -2.35333 -2.35685 -2.35829 -4.04969 -4.05012 -4.0486 -4.04647 -4.47729 -4.47732 -4.47893 -4.48033
10.965 -0.103994 -0.103994 -0.103994 -0.103994 -2.80157 -2.8073 -2.80908 -2.80521 -3.95004 -3.95054 -3.94941 -3.9487 -3.73926 -3.73824 -3.73756 -3.73777
10.985 -0.0859698 -0.0859698 -0.0859698 -0.0859698 -2.28913 -2.29346 -2.29196 -2.2875 -3.23306 -3.23259 -3.2317 -3.23124 -3.20982 -3.20998 -3.21079 -3.21163
11.005 -0.0221636 -0.0221636 -0.0221636 -0.0221636 -1.004 -1.00381 -1.00153 -1.00011 -2.09494 -2.09585 -2.09627 -2.09594 -2.74513 -2.74478 -2.74508 -2.74572
11.025 0.0279351 0.0279351 0.0279351 0.0279351 0.265565 0.271071 0.269554 0.277512 -0.772607 -0.774382 -0.774882 -0.776919 -1.91824 -1.91799 -1.9177 -1.91781
11.045 0.0614396 0.0614396 0.0614396 0.0614396 1.09536 1.1162 1.12795 1.08105 0.513626 0.519899 0.51523 0.514017 -0.418724 -0.4184 -0.4184 -0.417538
11.065 0.082087 0.082087 0.082087 0.082087 0.936721 0.926966 0.955494 0.929587 1.63488 1.64899 1.64883 1.64278 1.62454 1.62843 1.62996 1.62644
11.085 0.107421 0.107421 0.107421 0.107421 0.657768 0.669988 0.66446 0.677583 2.42038 2.41799 2.4241 2.41855 3.70888 3.70954 3.71227 3.71608
11.105 0.124075 0.124075 0.124075 0.124075 0.970547 0.973227 0.976091 0.983015 2.97735 2.97423 2.97574 2.97778 5.05579 5.05104 5.04773 5.04702
11.125 0.141393 0.141393 0.141393 0.141393 1.77247 1.76806 1.76968 1.76555 3.62787 3.62553 3.6201 3.62024 5.17693 5.17877 5.18212 5.18443
11.145 0.153757 0.153757 0.153757 0.153757 2.48865 2.49129 2.49033 2.48647 4.17296 4.17425 4.17458 4.17287 4.44829 4.44624 4.44316 4.44197
11.165 0.152979 0.152979 0.152979 0.152979 2.65535 2.65866 2.65686 2.6523 4.03843 4.03967 4.03925 4.03634 3.65758 3.65746 3.65921 3.66114
11.185 0.145709 0.145709 0.145709 0.145709 2.02061 2.02391 2.02478 2.02098 3.04463 3.04561 3.04654 3.04681 3.20437 3.20346 3.2026 3.20263
11.205 0.118006 0.118006 0.118006 0.118006 0.780274 0.781062 0.781846 0.781421 1.67984 1.67946 1.67966 1.68026 2.69326 2.69342 2.69376 2.69399
11.225 0.0945789 0.0945789 0.0945789 0.0945789 -0.39947 -0.418381 -0.411908 -0.398531 0.420441 0.42101 0.420597 0.422662 1.57964 1.57944 1.57933 1.5797
11.245 0.0824511 0.0824511 0.0824511 0.0824511 -0.868309 -0.881359 -0.883314 -0.902658 -0.700372 -0.705334 -0.710744 -0.713702 -0.223089 -0.224864 -0.222609 -0.219448
11.265 0.0813463 0.0813463 0.0813463 0.0813463 -0.465051 -0.455983 -0.47437 -0.46745 -1.65599 -1.64899 -1.64542 -1.65134 -2.29747 -2.29544 -2.29897 -2.30143
11.285 0.0564814 0.0564814 0.0564814 0.0564814 -0.383927 -0.37141 -0.370466 -0.37177 -2.35154 -2.34503 -2.34006 -2.34485 -4.02031 -4.01781 -4.01424 -4.01279
11.305 0.0334393 0.0334393 0.0334393 0.0334393 -1.0463 -1.04344 -1.02893 -1.02788 -2.9206 -2.91681 -2.91446 -2.91208 -4.75891 -4.76164 -4.76572 -4.76802
11.325 0.0151632 0.0151632 0.0151632 0.0151632 -2.01264 -2.01432 -2.01204 -2.00864 -3.53459 -3.53839 -3.54152 -3.54203 -4.45199 -4.44986 -4.44696 -4.44565
11.345 0.00110243 0.00110243 0.00110243 0.00110243 -2.5718 -2.57736 -2.57889 -2.57458 -3.908 -3.91117 -3.91204 -3.91099 -3.66432 -3.66483 -3.66746 -3.66997
11.365 -0.00914718 -0.00914718 -0.00914718 -0.00914718 -2.357 -2.36284 -2.36495 -2.36356 -3.52303 -3.52527 -3.52705 -3.52688 -3.13762 -3.13593 -3.13457 -3.13464
11.385 -0.0159911 -0.0159911 -0.0159911 -0.0159911 -1.41227 -1.41534 -1.41585 -1.41469 -2.40171 -2.40114 -2.40036 -2.40016 -2.91889 -2.91905 -2.91974 -2.92032
11.405 -0.0198306 -0.0198306 -0.0198306 -0.0198306 -0.184723 -0.183752 -0.182084 -0.183192 -1.10831 -1.10758 -1.10733 -1.10665 -2.41149 -2.41124 -2.41071 -2.41034
11.425 -0.0210587 -0.0210587 -0.0210587 -0.0210587 0.810779 0.808674 0.802221 0.813949 -0.0583426 -0.0582448 -0.0534186 -0.0513771 -1.11542 -1.11617 -1.11632 -1.11613
11.445 -0.0200575 -0.0200575 -0.0200575 -0.0200575 0.946778 0.956469 0.943526 0.949554 0.97031 0.956614 0.959717 0.965124 0.797343 0.7958 0.797124 0.800721
11.465 -0.0171946 -0.0171946 -0.0171946 -0.0171946 0.457075 0.459066 0.448874 0.450023 1.91198 1.91427 1.90885 1.90785 2.80211 2.79998 2.79637 2.79323
11.485 -0.012821 -0.012821 -0.012821 -0.012821 0.470241 0.457768 0.461114 0.453865 2.57026 2.57433 2.57228 2.56686 4.29936 4.30042 4.30244 4.30307
11.505 0 0 0 0 1.26994 1.27098 1.27029 1.26989 3.05124 3.05282 3.05615 3.05589 4.81553 4.81375 4.81265 4.81255
